('2014-10-18 09:18:36.189338', 'redis reader connect succeed')
('2014-10-18 09:18:36.189598', 'redis writer connect succeed')
('2014-10-18 09:18:36.221750', 'redis timer connect succeed')
('2014-10-18 09:18:36.244529', 'worker [1] started')
('2014-10-18 09:18:36.244627', 'client 11 initted')
('2014-10-18 09:18:37.012340', 'fd_channel : login[0] 0 login[1] 0 , tb0[0] 0 tb0[1] 0 , tb1[0] 0 tb1[1] 0')
('2014-10-18 09:18:37.240010', 'fd_channel : login[0] 0 login[1] 0 , tb0[0] 0 tb0[1] 0 , tb1[0] 0 tb1[1] 0')
('2014-10-18 09:18:38.010028', 'fd_channel : login[0] 0 login[1] 0 , tb0[0] 0 tb0[1] 0 , tb1[0] 0 tb1[1] 0')
('2014-10-18 09:18:38.241716', 'fd_channel : login[0] 0 login[1] 0 , tb0[0] 0 tb0[1] 0 , tb1[0] 0 tb1[1] 0')
('2014-10-18 09:18:39.010059', 'fd_channel : login[0] 0 login[1] 0 , tb0[0] 0 tb0[1] 0 , tb1[0] 0 tb1[1] 0')
('2014-10-18 09:18:39.243984', 'fd_channel : login[0] 0 login[1] 0 , tb0[0] 0 tb0[1] 0 , tb1[0] 0 tb1[1] 0')
('2014-10-18 09:18:40.009264', 'fd_channel : login[0] 0 login[1] 0 , tb0[0] 0 tb0[1] 0 , tb1[0] 0 tb1[1] 0')
('2014-10-18 09:18:40.245965', 'fd_channel : login[0] 0 login[1] 0 , tb0[0] 0 tb0[1] 0 , tb1[0] 0 tb1[1] 0')
('2014-10-18 09:18:41.010099', 'fd_channel : login[0] 0 login[1] 0 , tb0[0] 0 tb0[1] 0 , tb1[0] 0 tb1[1] 0')
('2014-10-18 09:18:41.247227', 'fd_channel : login[0] 0 login[1] 0 , tb0[0] 0 tb0[1] 0 , tb1[0] 0 tb1[1] 0')
('2014-10-18 09:18:42.009711', 'fd_channel : login[0] 0 login[1] 0 , tb0[0] 0 tb0[1] 0 , tb1[0] 0 tb1[1] 0')
('2014-10-18 10:35:01.730644', 'fd_channel : login[0] 0 login[1] 1 , tb0[0] 49 tb0[1] 50 , tb1[0] 0 tb1[1] 0')
('2014-10-18 10:35:01.732445', 'fd_channel : login[0] 0 login[1] 1 , tb0[0] 49 tb0[1] 49 , tb1[0] 0 tb1[1] 0')
('2014-10-18 10:35:01.733828', 'fd_channel : login[0] 0 login[1] 1 , tb0[0] 48 tb0[1] 49 , tb1[0] 0 tb1[1] 0')
('2014-10-18 10:35:01.734951', 'fd_channel : login[0] 0 login[1] 1 , tb0[0] 48 tb0[1] 48 , tb1[0] 0 tb1[1] 0')
('2014-10-18 10:35:01.736232', 'fd_channel : login[0] 0 login[1] 1 , tb0[0] 47 tb0[1] 48 , tb1[0] 0 tb1[1] 0')
('2014-10-18 10:35:01.738297', 'fd_channel : login[0] 0 login[1] 1 , tb0[0] 47 tb0[1] 47 , tb1[0] 0 tb1[1] 0')
('2014-10-18 10:35:01.740061', 'fd_channel : login[0] 0 login[1] 1 , tb0[0] 46 tb0[1] 47 , tb1[0] 0 tb1[1] 0')
('2014-10-18 10:35:01.744967', 'fd_channel : login[0] 0 login[1] 1 , tb0[0] 46 tb0[1] 46 , tb1[0] 0 tb1[1] 0')
('2014-10-18 10:35:01.749283', 'fd_channel : login[0] 0 login[1] 1 , tb0[0] 45 tb0[1] 46 , tb1[0] 0 tb1[1] 0')
('2014-10-18 10:35:01.751110', 'fd_channel : login[0] 0 login[1] 1 , tb0[0] 45 tb0[1] 45 , tb1[0] 0 tb1[1] 0')
('2014-10-18 10:35:01.752447', 'fd_channel : login[0] 0 login[1] 1 , tb0[0] 44 tb0[1] 45 , tb1[0] 0 tb1[1] 0')
('2014-10-18 10:35:02.180173', 'fd_channel : login[0] 0 login[1] 1 , tb0[0] 45 tb0[1] 45 , tb1[0] 0 tb1[1] 0')
('2014-10-18 10:35:06.756085', 'fd_channel : login[0] 0 login[1] 1 , tb0[0] 46 tb0[1] 47 , tb1[0] 0 tb1[1] 0')
('2014-10-18 10:35:06.757668', 'fd_channel : login[0] 0 login[1] 1 , tb0[0] 46 tb0[1] 46 , tb1[0] 0 tb1[1] 0')
('2014-10-18 10:35:08.214161', 'fd_channel : login[0] 0 login[1] 1 , tb0[0] 46 tb0[1] 47 , tb1[0] 0 tb1[1] 0')
('2014-10-18 10:35:08.215947', 'fd_channel : login[0] 0 login[1] 1 , tb0[0] 46 tb0[1] 46 , tb1[0] 0 tb1[1] 0')
('2014-10-18 10:35:08.253147', 'fd_channel : login[0] 0 login[1] 1 , tb0[0] 45 tb0[1] 46 , tb1[0] 0 tb1[1] 0')
('2014-10-18 10:35:08.254625', 'fd_channel : login[0] 0 login[1] 1 , tb0[0] 45 tb0[1] 45 , tb1[0] 0 tb1[1] 0')
('2014-10-18 10:35:08.727593', 'fd_channel : login[0] 0 login[1] 1 , tb0[0] 44 tb0[1] 45 , tb1[0] 0 tb1[1] 0')
('2014-10-18 10:35:08.728704', 'fd_channel : login[0] 0 login[1] 1 , tb0[0] 44 tb0[1] 44 , tb1[0] 0 tb1[1] 0')
('2014-10-18 10:35:08.775656', 'fd_channel : login[0] 0 login[1] 1 , tb0[0] 43 tb0[1] 44 , tb1[0] 0 tb1[1] 0')
('2014-10-18 10:35:08.776666', 'fd_channel : login[0] 0 login[1] 1 , tb0[0] 43 tb0[1] 43 , tb1[0] 0 tb1[1] 0')
('2014-10-18 10:35:10.131052', 'fd_channel : login[0] 0 login[1] 1 , tb0[0] 43 tb0[1] 44 , tb1[0] 0 tb1[1] 0')
('2014-10-18 10:35:10.132568', 'fd_channel : login[0] 0 login[1] 1 , tb0[0] 43 tb0[1] 43 , tb1[0] 0 tb1[1] 0')
('2014-10-18 10:35:10.256087', 'fd_channel : login[0] 0 login[1] 1 , tb0[0] 42 tb0[1] 43 , tb1[0] 0 tb1[1] 0')
('2014-10-18 10:35:10.256934', 'fd_channel : login[0] 0 login[1] 1 , tb0[0] 42 tb0[1] 42 , tb1[0] 0 tb1[1] 0')
('2014-10-18 10:35:10.265205', 'fd_channel : login[0] 0 login[1] 1 , tb0[0] 41 tb0[1] 42 , tb1[0] 0 tb1[1] 0')
('2014-10-18 10:35:10.266065', 'fd_channel : login[0] 0 login[1] 1 , tb0[0] 41 tb0[1] 41 , tb1[0] 0 tb1[1] 0')
('2014-10-18 10:35:10.273916', 'fd_channel : login[0] 0 login[1] 1 , tb0[0] 40 tb0[1] 41 , tb1[0] 0 tb1[1] 0')
('2014-10-18 10:35:10.274590', 'fd_channel : login[0] 0 login[1] 1 , tb0[0] 40 tb0[1] 40 , tb1[0] 0 tb1[1] 0')
('2014-10-18 10:35:10.281923', 'fd_channel : login[0] 0 login[1] 1 , tb0[0] 39 tb0[1] 40 , tb1[0] 0 tb1[1] 0')
('2014-10-18 10:35:10.282674', 'fd_channel : login[0] 0 login[1] 1 , tb0[0] 39 tb0[1] 39 , tb1[0] 0 tb1[1] 0')
('2014-10-18 10:35:10.291212', 'fd_channel : login[0] 0 login[1] 1 , tb0[0] 38 tb0[1] 39 , tb1[0] 0 tb1[1] 0')
('2014-10-18 10:35:10.292028', 'fd_channel : login[0] 0 login[1] 1 , tb0[0] 38 tb0[1] 38 , tb1[0] 0 tb1[1] 0')
('2014-10-18 10:35:10.299353', 'fd_channel : login[0] 0 login[1] 1 , tb0[0] 37 tb0[1] 38 , tb1[0] 0 tb1[1] 0')
('2014-10-18 10:35:10.303174', 'fd_channel : login[0] 0 login[1] 1 , tb0[0] 37 tb0[1] 37 , tb1[0] 0 tb1[1] 0')
('2014-10-18 10:35:10.730270', 'fd_channel : login[0] 0 login[1] 1 , tb0[0] 36 tb0[1] 37 , tb1[0] 0 tb1[1] 0')
('2014-10-18 10:35:10.731654', 'fd_channel : login[0] 0 login[1] 1 , tb0[0] 36 tb0[1] 36 , tb1[0] 0 tb1[1] 0')
('2014-10-18 10:35:12.267482', 'fd_channel : login[0] 0 login[1] 1 , tb0[0] 36 tb0[1] 37 , tb1[0] 0 tb1[1] 0')
('2014-10-18 10:35:12.268671', 'fd_channel : login[0] 0 login[1] 1 , tb0[0] 36 tb0[1] 36 , tb1[0] 0 tb1[1] 0')
('2014-10-18 10:35:12.277034', 'fd_channel : login[0] 0 login[1] 1 , tb0[0] 35 tb0[1] 36 , tb1[0] 0 tb1[1] 0')
('2014-10-18 10:35:12.278493', 'fd_channel : login[0] 0 login[1] 1 , tb0[0] 35 tb0[1] 35 , tb1[0] 0 tb1[1] 0')
('2014-10-18 10:35:12.284165', 'fd_channel : login[0] 0 login[1] 1 , tb0[0] 34 tb0[1] 35 , tb1[0] 0 tb1[1] 0')
('2014-10-18 10:35:12.285639', 'fd_channel : login[0] 0 login[1] 1 , tb0[0] 34 tb0[1] 34 , tb1[0] 0 tb1[1] 0')
('2014-10-18 10:35:12.293241', 'fd_channel : login[0] 0 login[1] 1 , tb0[0] 33 tb0[1] 34 , tb1[0] 0 tb1[1] 0')
('2014-10-18 10:35:12.294686', 'fd_channel : login[0] 0 login[1] 1 , tb0[0] 33 tb0[1] 33 , tb1[0] 0 tb1[1] 0')
('2014-10-18 10:43:02.964613', 'redis reader connect succeed')
('2014-10-18 10:43:02.964824', 'redis writer connect succeed')
('2014-10-18 10:43:02.990285', 'redis timer connect succeed')
('2014-10-18 10:43:03.010955', 'worker [1] started')
('2014-10-18 10:43:03.011039', 'client 11 initted')
('2014-10-18 10:43:04.011811', 'fd_channel : login[0] 0 login[1] 0 , tb0[0] 0 tb0[1] 0 , tb1[0] 0 tb1[1] 0')
('2014-10-18 10:43:04.505995', 'fd_channel : login[0] 0 login[1] 0 , tb0[0] 0 tb0[1] 0 , tb1[0] 0 tb1[1] 0')
('2014-10-18 10:43:05.009733', 'fd_channel : login[0] 0 login[1] 0 , tb0[0] 0 tb0[1] 0 , tb1[0] 0 tb1[1] 0')
('2014-10-18 10:43:05.507692', 'fd_channel : login[0] 0 login[1] 0 , tb0[0] 0 tb0[1] 0 , tb1[0] 0 tb1[1] 0')
('2014-10-18 10:43:06.010429', 'fd_channel : login[0] 0 login[1] 0 , tb0[0] 0 tb0[1] 0 , tb1[0] 0 tb1[1] 0')
('2014-10-18 10:43:06.509236', 'fd_channel : login[0] 0 login[1] 0 , tb0[0] 0 tb0[1] 0 , tb1[0] 0 tb1[1] 0')
('2014-10-18 10:43:07.009954', 'fd_channel : login[0] 0 login[1] 0 , tb0[0] 0 tb0[1] 0 , tb1[0] 0 tb1[1] 0')
('2014-10-18 10:43:07.012170', 'fd_channel : login[0] 0 login[1] 0 , tb0[0] 0 tb0[1] 0 , tb1[0] 0 tb1[1] 0')
('2014-10-18 10:43:08.009888', 'fd_channel : login[0] 0 login[1] 0 , tb0[0] 0 tb0[1] 0 , tb1[0] 0 tb1[1] 0')
('2014-10-18 10:43:08.013923', 'fd_channel : login[0] 0 login[1] 0 , tb0[0] 0 tb0[1] 0 , tb1[0] 0 tb1[1] 0')
('2014-10-18 10:43:09.009519', 'fd_channel : login[0] 0 login[1] 0 , tb0[0] 0 tb0[1] 0 , tb1[0] 0 tb1[1] 0')
('2014-10-18 10:45:02.886274', 'fd_channel : login[0] 0 login[1] 1 , tb0[0] 50 tb0[1] 51 , tb1[0] 0 tb1[1] 0')
('2014-10-18 10:45:02.887150', 'fd_channel : login[0] 0 login[1] 1 , tb0[0] 50 tb0[1] 50 , tb1[0] 0 tb1[1] 0')
('2014-10-18 10:45:02.887881', 'fd_channel : login[0] 0 login[1] 1 , tb0[0] 49 tb0[1] 50 , tb1[0] 0 tb1[1] 0')
('2014-10-18 10:45:02.888905', 'fd_channel : login[0] 0 login[1] 1 , tb0[0] 49 tb0[1] 49 , tb1[0] 0 tb1[1] 0')
('2014-10-18 10:45:02.890669', 'fd_channel : login[0] 0 login[1] 1 , tb0[0] 48 tb0[1] 49 , tb1[0] 0 tb1[1] 0')
('2014-10-18 10:45:02.891194', 'fd_channel : login[0] 0 login[1] 1 , tb0[0] 48 tb0[1] 48 , tb1[0] 0 tb1[1] 0')
('2014-10-18 10:45:02.891839', 'fd_channel : login[0] 0 login[1] 1 , tb0[0] 47 tb0[1] 48 , tb1[0] 0 tb1[1] 0')
('2014-10-18 10:45:02.892833', 'fd_channel : login[0] 0 login[1] 1 , tb0[0] 47 tb0[1] 47 , tb1[0] 0 tb1[1] 0')
('2014-10-18 10:45:02.893400', 'fd_channel : login[0] 0 login[1] 1 , tb0[0] 46 tb0[1] 47 , tb1[0] 0 tb1[1] 0')
('2014-10-18 10:45:02.894284', 'fd_channel : login[0] 0 login[1] 1 , tb0[0] 46 tb0[1] 46 , tb1[0] 0 tb1[1] 0')
('2014-10-18 10:45:02.898294', 'fd_channel : login[0] 0 login[1] 1 , tb0[0] 45 tb0[1] 46 , tb1[0] 0 tb1[1] 0')
('2014-10-18 10:45:03.251315', 'fd_channel : login[0] 0 login[1] 1 , tb0[0] 45 tb0[1] 45 , tb1[0] 0 tb1[1] 0')
('2014-10-18 10:45:03.330930', 'fd_channel : login[0] 0 login[1] 1 , tb0[0] 44 tb0[1] 45 , tb1[0] 0 tb1[1] 0')
('2014-10-18 10:45:03.621619', 'fd_channel : login[0] 0 login[1] 1 , tb0[0] 44 tb0[1] 44 , tb1[0] 0 tb1[1] 0')
('2014-10-18 10:45:04.286574', 'fd_channel : login[0] 0 login[1] 1 , tb0[0] 44 tb0[1] 45 , tb1[0] 0 tb1[1] 0')
('2014-10-18 10:45:09.398897', 'fd_channel : login[0] 0 login[1] 1 , tb0[0] 45 tb0[1] 47 , tb1[0] 0 tb1[1] 0')
('2014-10-18 10:45:09.399884', 'fd_channel : login[0] 0 login[1] 1 , tb0[0] 45 tb0[1] 46 , tb1[0] 0 tb1[1] 0')
('2014-10-18 10:45:09.745765', 'fd_channel : login[0] 0 login[1] 1 , tb0[0] 44 tb0[1] 46 , tb1[0] 0 tb1[1] 0')
('2014-10-18 10:45:09.746781', 'fd_channel : login[0] 0 login[1] 1 , tb0[0] 44 tb0[1] 45 , tb1[0] 0 tb1[1] 0')
('2014-10-18 10:45:10.223474', 'fd_channel : login[0] 0 login[1] 1 , tb0[0] 44 tb0[1] 46 , tb1[0] 0 tb1[1] 0')
('2014-10-18 10:45:10.224254', 'fd_channel : login[0] 0 login[1] 1 , tb0[0] 44 tb0[1] 45 , tb1[0] 0 tb1[1] 0')
('2014-10-18 10:45:10.603445', 'fd_channel : login[0] 0 login[1] 1 , tb0[0] 43 tb0[1] 45 , tb1[0] 0 tb1[1] 0')
('2014-10-18 10:45:10.604090', 'fd_channel : login[0] 0 login[1] 1 , tb0[0] 43 tb0[1] 44 , tb1[0] 0 tb1[1] 0')
('2014-10-18 10:45:10.895844', 'fd_channel : login[0] 0 login[1] 1 , tb0[0] 42 tb0[1] 44 , tb1[0] 0 tb1[1] 0')
('2014-10-18 10:45:10.896702', 'fd_channel : login[0] 0 login[1] 1 , tb0[0] 42 tb0[1] 43 , tb1[0] 0 tb1[1] 0')
('2014-10-18 10:45:11.562235', 'fd_channel : login[0] 0 login[1] 1 , tb0[0] 41 tb0[1] 43 , tb1[0] 0 tb1[1] 0')
('2014-10-18 10:45:11.563691', 'fd_channel : login[0] 0 login[1] 1 , tb0[0] 41 tb0[1] 42 , tb1[0] 0 tb1[1] 0')
('2014-10-18 10:45:11.617545', 'fd_channel : login[0] 0 login[1] 1 , tb0[0] 40 tb0[1] 42 , tb1[0] 0 tb1[1] 0')
('2014-10-18 10:45:11.619028', 'fd_channel : login[0] 0 login[1] 1 , tb0[0] 40 tb0[1] 41 , tb1[0] 0 tb1[1] 0')
('2014-10-18 10:45:11.621874', 'fd_channel : login[0] 0 login[1] 1 , tb0[0] 39 tb0[1] 41 , tb1[0] 0 tb1[1] 0')
('2014-10-18 10:45:11.623349', 'fd_channel : login[0] 0 login[1] 1 , tb0[0] 39 tb0[1] 40 , tb1[0] 0 tb1[1] 0')
('2014-10-18 10:45:11.626198', 'fd_channel : login[0] 0 login[1] 1 , tb0[0] 38 tb0[1] 40 , tb1[0] 0 tb1[1] 0')
('2014-10-18 10:45:11.640646', 'fd_channel : login[0] 0 login[1] 1 , tb0[0] 38 tb0[1] 39 , tb1[0] 0 tb1[1] 0')
('2014-10-18 10:45:11.641729', 'fd_channel : login[0] 0 login[1] 1 , tb0[0] 37 tb0[1] 39 , tb1[0] 0 tb1[1] 0')
('2014-10-18 10:45:11.643155', 'fd_channel : login[0] 0 login[1] 1 , tb0[0] 37 tb0[1] 38 , tb1[0] 0 tb1[1] 0')
('2014-10-18 10:45:12.605714', 'fd_channel : login[0] 0 login[1] 1 , tb0[0] 37 tb0[1] 39 , tb1[0] 0 tb1[1] 0')
('2014-10-18 10:45:12.607099', 'fd_channel : login[0] 0 login[1] 1 , tb0[0] 37 tb0[1] 38 , tb1[0] 0 tb1[1] 0')
('2014-10-18 10:45:13.620880', 'fd_channel : login[0] 0 login[1] 1 , tb0[0] 36 tb0[1] 38 , tb1[0] 0 tb1[1] 0')
('2014-10-18 10:45:13.622032', 'fd_channel : login[0] 0 login[1] 1 , tb0[0] 36 tb0[1] 37 , tb1[0] 0 tb1[1] 0')
('2014-10-18 10:45:13.625026', 'fd_channel : login[0] 0 login[1] 1 , tb0[0] 35 tb0[1] 37 , tb1[0] 0 tb1[1] 0')
('2014-10-18 10:45:13.626525', 'fd_channel : login[0] 0 login[1] 1 , tb0[0] 35 tb0[1] 36 , tb1[0] 0 tb1[1] 0')
('2014-10-18 10:52:43.685073', 'redis reader connect succeed')
('2014-10-18 10:52:43.685311', 'redis writer connect succeed')
('2014-10-18 10:52:43.712827', 'redis timer connect succeed')
('2014-10-18 10:52:43.731897', 'worker [1] started')
('2014-10-18 10:52:43.731990', 'client 11 initted')
('2014-10-18 10:52:44.011196', 'fd_channel : login[0] 0 login[1] 0 , tb0[0] 0 tb0[1] 0 , tb1[0] 0 tb1[1] 0')
('2014-10-18 10:52:44.227181', 'fd_channel : login[0] 0 login[1] 0 , tb0[0] 0 tb0[1] 0 , tb1[0] 0 tb1[1] 0')
('2014-10-18 10:52:45.010443', 'fd_channel : login[0] 0 login[1] 0 , tb0[0] 0 tb0[1] 0 , tb1[0] 0 tb1[1] 0')
('2014-10-18 10:52:45.229020', 'fd_channel : login[0] 0 login[1] 0 , tb0[0] 0 tb0[1] 0 , tb1[0] 0 tb1[1] 0')
('2014-10-18 10:52:46.012191', 'fd_channel : login[0] 0 login[1] 0 , tb0[0] 0 tb0[1] 0 , tb1[0] 0 tb1[1] 0')
('2014-10-18 10:52:46.230632', 'fd_channel : login[0] 0 login[1] 0 , tb0[0] 0 tb0[1] 0 , tb1[0] 0 tb1[1] 0')
('2014-10-18 10:52:47.010101', 'fd_channel : login[0] 0 login[1] 0 , tb0[0] 0 tb0[1] 0 , tb1[0] 0 tb1[1] 0')
('2014-10-18 10:52:47.232363', 'fd_channel : login[0] 0 login[1] 0 , tb0[0] 0 tb0[1] 0 , tb1[0] 0 tb1[1] 0')
('2014-10-18 10:52:48.008413', 'fd_channel : login[0] 0 login[1] 0 , tb0[0] 0 tb0[1] 0 , tb1[0] 0 tb1[1] 0')
('2014-10-18 10:52:48.234387', 'fd_channel : login[0] 0 login[1] 0 , tb0[0] 0 tb0[1] 0 , tb1[0] 0 tb1[1] 0')
('2014-10-18 10:52:49.009571', 'fd_channel : login[0] 0 login[1] 0 , tb0[0] 0 tb0[1] 0 , tb1[0] 0 tb1[1] 0')
('2014-10-18 10:55:02.806811', 'fd_channel : login[0] 0 login[1] 1 , tb0[0] 50 tb0[1] 51 , tb1[0] 0 tb1[1] 0')
('2014-10-18 10:55:02.808624', 'fd_channel : login[0] 0 login[1] 1 , tb0[0] 50 tb0[1] 50 , tb1[0] 0 tb1[1] 0')
('2014-10-18 10:55:02.810031', 'fd_channel : login[0] 0 login[1] 1 , tb0[0] 49 tb0[1] 50 , tb1[0] 0 tb1[1] 0')
('2014-10-18 10:55:02.811273', 'fd_channel : login[0] 0 login[1] 1 , tb0[0] 49 tb0[1] 49 , tb1[0] 0 tb1[1] 0')
('2014-10-18 10:55:02.813163', 'fd_channel : login[0] 0 login[1] 1 , tb0[0] 48 tb0[1] 49 , tb1[0] 0 tb1[1] 0')
('2014-10-18 10:55:02.814981', 'fd_channel : login[0] 0 login[1] 1 , tb0[0] 48 tb0[1] 48 , tb1[0] 0 tb1[1] 0')
('2014-10-18 10:55:02.820422', 'fd_channel : login[0] 0 login[1] 1 , tb0[0] 47 tb0[1] 48 , tb1[0] 0 tb1[1] 0')
('2014-10-18 10:55:02.821286', 'fd_channel : login[0] 0 login[1] 1 , tb0[0] 47 tb0[1] 47 , tb1[0] 0 tb1[1] 0')
('2014-10-18 10:55:02.822803', 'fd_channel : login[0] 0 login[1] 1 , tb0[0] 46 tb0[1] 47 , tb1[0] 0 tb1[1] 0')
('2014-10-18 10:55:02.839470', 'fd_channel : login[0] 0 login[1] 1 , tb0[0] 46 tb0[1] 46 , tb1[0] 0 tb1[1] 0')
('2014-10-18 10:55:02.853131', 'fd_channel : login[0] 0 login[1] 1 , tb0[0] 45 tb0[1] 46 , tb1[0] 0 tb1[1] 0')
('2014-10-18 10:55:03.218819', 'fd_channel : login[0] 0 login[1] 1 , tb0[0] 45 tb0[1] 45 , tb1[0] 0 tb1[1] 0')
('2014-10-18 10:55:03.226961', 'fd_channel : login[0] 0 login[1] 1 , tb0[0] 44 tb0[1] 45 , tb1[0] 0 tb1[1] 0')
('2014-10-18 10:55:03.435630', 'fd_channel : login[0] 0 login[1] 1 , tb0[0] 44 tb0[1] 44 , tb1[0] 0 tb1[1] 0')
('2014-10-18 10:55:03.443648', 'fd_channel : login[0] 0 login[1] 1 , tb0[0] 43 tb0[1] 44 , tb1[0] 0 tb1[1] 0')
('2014-10-18 10:55:06.523057', 'fd_channel : login[0] 0 login[1] 1 , tb0[0] 44 tb0[1] 46 , tb1[0] 0 tb1[1] 0')
('2014-10-18 10:55:06.524907', 'fd_channel : login[0] 0 login[1] 1 , tb0[0] 44 tb0[1] 45 , tb1[0] 0 tb1[1] 0')
('2014-10-18 10:55:09.595874', 'fd_channel : login[0] 0 login[1] 1 , tb0[0] 44 tb0[1] 46 , tb1[0] 0 tb1[1] 0')
('2014-10-18 10:55:09.596961', 'fd_channel : login[0] 0 login[1] 1 , tb0[0] 44 tb0[1] 45 , tb1[0] 0 tb1[1] 0')
('2014-10-18 10:55:09.600531', 'fd_channel : login[0] 0 login[1] 1 , tb0[0] 43 tb0[1] 45 , tb1[0] 0 tb1[1] 0')
('2014-10-18 10:55:09.601413', 'fd_channel : login[0] 0 login[1] 1 , tb0[0] 43 tb0[1] 44 , tb1[0] 0 tb1[1] 0')
('2014-10-18 10:55:10.293172', 'fd_channel : login[0] 0 login[1] 1 , tb0[0] 43 tb0[1] 45 , tb1[0] 0 tb1[1] 0')
('2014-10-18 10:55:10.296476', 'fd_channel : login[0] 0 login[1] 1 , tb0[0] 43 tb0[1] 44 , tb1[0] 0 tb1[1] 0')
('2014-10-18 10:55:10.703548', 'fd_channel : login[0] 0 login[1] 1 , tb0[0] 42 tb0[1] 44 , tb1[0] 0 tb1[1] 0')
('2014-10-18 10:55:10.704448', 'fd_channel : login[0] 0 login[1] 1 , tb0[0] 42 tb0[1] 43 , tb1[0] 0 tb1[1] 0')
('2014-10-18 10:55:10.928526', 'fd_channel : login[0] 0 login[1] 1 , tb0[0] 41 tb0[1] 43 , tb1[0] 0 tb1[1] 0')
('2014-10-18 10:55:10.929364', 'fd_channel : login[0] 0 login[1] 1 , tb0[0] 41 tb0[1] 42 , tb1[0] 0 tb1[1] 0')
('2014-10-18 10:55:11.081201', 'fd_channel : login[0] 0 login[1] 1 , tb0[0] 40 tb0[1] 42 , tb1[0] 0 tb1[1] 0')
('2014-10-18 10:55:11.082311', 'fd_channel : login[0] 0 login[1] 1 , tb0[0] 40 tb0[1] 41 , tb1[0] 0 tb1[1] 0')
('2014-10-18 10:55:11.283358', 'fd_channel : login[0] 0 login[1] 1 , tb0[0] 39 tb0[1] 41 , tb1[0] 0 tb1[1] 0')
('2014-10-18 10:55:11.284533', 'fd_channel : login[0] 0 login[1] 1 , tb0[0] 39 tb0[1] 40 , tb1[0] 0 tb1[1] 0')
('2014-10-18 10:55:11.602804', 'fd_channel : login[0] 0 login[1] 1 , tb0[0] 38 tb0[1] 40 , tb1[0] 0 tb1[1] 0')
('2014-10-18 10:55:11.604370', 'fd_channel : login[0] 0 login[1] 1 , tb0[0] 38 tb0[1] 39 , tb1[0] 0 tb1[1] 0')
('2014-10-18 10:55:11.943756', 'fd_channel : login[0] 0 login[1] 1 , tb0[0] 37 tb0[1] 39 , tb1[0] 0 tb1[1] 0')
('2014-10-18 10:55:11.945658', 'fd_channel : login[0] 0 login[1] 1 , tb0[0] 37 tb0[1] 38 , tb1[0] 0 tb1[1] 0')
('2014-10-18 10:55:11.951796', 'fd_channel : login[0] 0 login[1] 1 , tb0[0] 36 tb0[1] 38 , tb1[0] 0 tb1[1] 0')
('2014-10-18 10:55:11.960446', 'fd_channel : login[0] 0 login[1] 1 , tb0[0] 36 tb0[1] 37 , tb1[0] 0 tb1[1] 0')
('2014-10-18 10:55:12.298298', 'fd_channel : login[0] 0 login[1] 1 , tb0[0] 36 tb0[1] 38 , tb1[0] 0 tb1[1] 0')
('2014-10-18 10:55:12.299509', 'fd_channel : login[0] 0 login[1] 1 , tb0[0] 36 tb0[1] 37 , tb1[0] 0 tb1[1] 0')
('2014-10-18 10:55:12.954666', 'fd_channel : login[0] 0 login[1] 1 , tb0[0] 35 tb0[1] 37 , tb1[0] 0 tb1[1] 0')
('2014-10-18 10:55:12.956180', 'fd_channel : login[0] 0 login[1] 1 , tb0[0] 35 tb0[1] 36 , tb1[0] 0 tb1[1] 0')
('2014-10-18 10:55:13.947525', 'fd_channel : login[0] 0 login[1] 1 , tb0[0] 34 tb0[1] 36 , tb1[0] 0 tb1[1] 0')
('2014-10-18 10:55:13.948396', 'fd_channel : login[0] 0 login[1] 1 , tb0[0] 34 tb0[1] 35 , tb1[0] 0 tb1[1] 0')
('2014-10-18 10:55:13.961804', 'fd_channel : login[0] 0 login[1] 1 , tb0[0] 33 tb0[1] 35 , tb1[0] 0 tb1[1] 0')
('2014-10-18 10:55:13.962441', 'fd_channel : login[0] 0 login[1] 1 , tb0[0] 33 tb0[1] 34 , tb1[0] 0 tb1[1] 0')
('2014-10-18 10:55:14.958033', 'fd_channel : login[0] 0 login[1] 1 , tb0[0] 33 tb0[1] 35 , tb1[0] 0 tb1[1] 0')
('2014-10-18 10:55:14.959206', 'fd_channel : login[0] 0 login[1] 1 , tb0[0] 33 tb0[1] 34 , tb1[0] 0 tb1[1] 0')
('2014-10-18 11:29:37.529163', 'fd_channel : login[0] 0 login[1] 1 , tb0[0] 41 tb0[1] 42 , tb1[0] 51 tb1[1] 52')
('2014-10-18 11:29:37.530953', 'fd_channel : login[0] 0 login[1] 1 , tb0[0] 41 tb0[1] 42 , tb1[0] 51 tb1[1] 51')
('2014-10-18 11:29:37.532192', 'fd_channel : login[0] 0 login[1] 1 , tb0[0] 41 tb0[1] 42 , tb1[0] 50 tb1[1] 51')
('2014-10-18 11:29:37.534036', 'fd_channel : login[0] 0 login[1] 1 , tb0[0] 41 tb0[1] 42 , tb1[0] 50 tb1[1] 50')
('2014-10-18 11:29:37.534851', 'fd_channel : login[0] 0 login[1] 1 , tb0[0] 41 tb0[1] 42 , tb1[0] 49 tb1[1] 50')
('2014-10-18 11:29:37.536410', 'fd_channel : login[0] 0 login[1] 1 , tb0[0] 41 tb0[1] 42 , tb1[0] 49 tb1[1] 49')
('2014-10-18 11:29:37.537795', 'fd_channel : login[0] 0 login[1] 1 , tb0[0] 41 tb0[1] 42 , tb1[0] 48 tb1[1] 49')
('2014-10-18 11:29:37.540116', 'fd_channel : login[0] 0 login[1] 1 , tb0[0] 41 tb0[1] 42 , tb1[0] 48 tb1[1] 48')
('2014-10-18 11:29:37.541646', 'fd_channel : login[0] 0 login[1] 1 , tb0[0] 41 tb0[1] 42 , tb1[0] 47 tb1[1] 48')
('2014-10-18 11:29:37.543503', 'fd_channel : login[0] 0 login[1] 1 , tb0[0] 41 tb0[1] 42 , tb1[0] 47 tb1[1] 47')
('2014-10-18 11:29:37.545114', 'fd_channel : login[0] 0 login[1] 1 , tb0[0] 41 tb0[1] 42 , tb1[0] 46 tb1[1] 47')
('2014-10-18 11:29:38.565919', 'fd_channel : login[0] 0 login[1] 1 , tb0[0] 41 tb0[1] 42 , tb1[0] 46 tb1[1] 47')
('2014-10-18 11:29:45.549072', 'fd_channel : login[0] 0 login[1] 1 , tb0[0] 41 tb0[1] 42 , tb1[0] 48 tb1[1] 49')
('2014-10-18 11:29:46.381667', 'fd_channel : login[0] 0 login[1] 1 , tb0[0] 41 tb0[1] 42 , tb1[0] 48 tb1[1] 49')
('2014-10-18 11:29:46.502938', 'fd_channel : login[0] 0 login[1] 1 , tb0[0] 41 tb0[1] 42 , tb1[0] 47 tb1[1] 49')
('2014-10-18 11:29:46.504200', 'fd_channel : login[0] 0 login[1] 1 , tb0[0] 41 tb0[1] 42 , tb1[0] 46 tb1[1] 49')
('2014-10-18 11:29:46.505500', 'fd_channel : login[0] 0 login[1] 1 , tb0[0] 41 tb0[1] 42 , tb1[0] 45 tb1[1] 49')
('2014-10-18 11:29:46.507001', 'fd_channel : login[0] 0 login[1] 1 , tb0[0] 41 tb0[1] 42 , tb1[0] 45 tb1[1] 48')
('2014-10-18 11:29:46.509989', 'fd_channel : login[0] 0 login[1] 1 , tb0[0] 41 tb0[1] 42 , tb1[0] 44 tb1[1] 48')
('2014-10-18 11:29:46.511160', 'fd_channel : login[0] 0 login[1] 1 , tb0[0] 41 tb0[1] 42 , tb1[0] 44 tb1[1] 47')
('2014-10-18 11:29:46.512244', 'fd_channel : login[0] 0 login[1] 1 , tb0[0] 41 tb0[1] 42 , tb1[0] 44 tb1[1] 46')
('2014-10-18 11:29:46.515760', 'fd_channel : login[0] 0 login[1] 1 , tb0[0] 41 tb0[1] 42 , tb1[0] 43 tb1[1] 46')
('2014-10-18 11:29:46.516780', 'fd_channel : login[0] 0 login[1] 1 , tb0[0] 41 tb0[1] 42 , tb1[0] 43 tb1[1] 45')
('2014-10-18 11:29:46.912820', 'fd_channel : login[0] 0 login[1] 1 , tb0[0] 41 tb0[1] 42 , tb1[0] 42 tb1[1] 45')
('2014-10-18 11:29:46.913904', 'fd_channel : login[0] 0 login[1] 1 , tb0[0] 41 tb0[1] 42 , tb1[0] 42 tb1[1] 44')
('2014-10-18 11:29:46.917612', 'fd_channel : login[0] 0 login[1] 1 , tb0[0] 41 tb0[1] 42 , tb1[0] 41 tb1[1] 44')
('2014-10-18 11:29:46.919001', 'fd_channel : login[0] 0 login[1] 1 , tb0[0] 41 tb0[1] 42 , tb1[0] 41 tb1[1] 43')
('2014-10-18 11:29:46.921418', 'fd_channel : login[0] 0 login[1] 1 , tb0[0] 41 tb0[1] 42 , tb1[0] 40 tb1[1] 43')
('2014-10-18 11:29:46.923502', 'fd_channel : login[0] 0 login[1] 1 , tb0[0] 41 tb0[1] 42 , tb1[0] 40 tb1[1] 42')
('2014-10-18 11:29:46.925666', 'fd_channel : login[0] 0 login[1] 1 , tb0[0] 41 tb0[1] 42 , tb1[0] 39 tb1[1] 42')
('2014-10-18 11:29:46.928863', 'fd_channel : login[0] 0 login[1] 1 , tb0[0] 41 tb0[1] 42 , tb1[0] 38 tb1[1] 42')
('2014-10-18 11:29:46.931120', 'fd_channel : login[0] 0 login[1] 1 , tb0[0] 41 tb0[1] 42 , tb1[0] 37 tb1[1] 42')
('2014-10-18 11:29:46.933054', 'fd_channel : login[0] 0 login[1] 1 , tb0[0] 41 tb0[1] 42 , tb1[0] 37 tb1[1] 41')
('2014-10-18 11:29:46.936390', 'fd_channel : login[0] 0 login[1] 1 , tb0[0] 41 tb0[1] 42 , tb1[0] 36 tb1[1] 41')
('2014-10-18 11:29:46.938273', 'fd_channel : login[0] 0 login[1] 1 , tb0[0] 41 tb0[1] 42 , tb1[0] 35 tb1[1] 41')
('2014-10-18 11:29:46.940679', 'fd_channel : login[0] 0 login[1] 1 , tb0[0] 41 tb0[1] 42 , tb1[0] 35 tb1[1] 40')
('2014-10-18 11:29:46.941835', 'fd_channel : login[0] 0 login[1] 1 , tb0[0] 41 tb0[1] 42 , tb1[0] 34 tb1[1] 40')
('2014-10-18 11:29:46.945558', 'fd_channel : login[0] 0 login[1] 1 , tb0[0] 41 tb0[1] 42 , tb1[0] 33 tb1[1] 40')
('2014-10-18 11:29:46.946606', 'fd_channel : login[0] 0 login[1] 1 , tb0[0] 41 tb0[1] 42 , tb1[0] 33 tb1[1] 39')
('2014-10-18 11:29:46.950293', 'fd_channel : login[0] 0 login[1] 1 , tb0[0] 41 tb0[1] 42 , tb1[0] 32 tb1[1] 39')
('2014-10-18 11:29:48.510400', 'fd_channel : login[0] 0 login[1] 1 , tb0[0] 41 tb0[1] 42 , tb1[0] 32 tb1[1] 39')
('2014-10-18 11:29:48.511883', 'fd_channel : login[0] 0 login[1] 1 , tb0[0] 41 tb0[1] 42 , tb1[0] 32 tb1[1] 38')
('2014-10-18 11:29:48.514660', 'fd_channel : login[0] 0 login[1] 1 , tb0[0] 41 tb0[1] 42 , tb1[0] 31 tb1[1] 38')
('2014-10-18 11:29:48.516119', 'fd_channel : login[0] 0 login[1] 1 , tb0[0] 41 tb0[1] 42 , tb1[0] 31 tb1[1] 37')
('2014-10-18 11:29:48.518432', 'fd_channel : login[0] 0 login[1] 1 , tb0[0] 41 tb0[1] 42 , tb1[0] 30 tb1[1] 37')
('2014-10-18 11:29:48.519953', 'fd_channel : login[0] 0 login[1] 1 , tb0[0] 41 tb0[1] 42 , tb1[0] 30 tb1[1] 36')
('2014-10-18 11:29:48.725888', 'fd_channel : login[0] 0 login[1] 1 , tb0[0] 41 tb0[1] 42 , tb1[0] 29 tb1[1] 36')
('2014-10-18 11:29:48.728185', 'fd_channel : login[0] 0 login[1] 1 , tb0[0] 41 tb0[1] 42 , tb1[0] 28 tb1[1] 36')
('2014-10-18 11:29:48.915375', 'fd_channel : login[0] 0 login[1] 1 , tb0[0] 41 tb0[1] 42 , tb1[0] 27 tb1[1] 36')
('2014-10-18 11:29:48.916813', 'fd_channel : login[0] 0 login[1] 1 , tb0[0] 41 tb0[1] 42 , tb1[0] 27 tb1[1] 35')
('2014-10-18 11:29:48.920462', 'fd_channel : login[0] 0 login[1] 1 , tb0[0] 41 tb0[1] 42 , tb1[0] 26 tb1[1] 35')
('2014-10-18 11:29:48.921816', 'fd_channel : login[0] 0 login[1] 1 , tb0[0] 41 tb0[1] 42 , tb1[0] 26 tb1[1] 34')
('2014-10-18 11:29:48.927238', 'fd_channel : login[0] 0 login[1] 1 , tb0[0] 41 tb0[1] 42 , tb1[0] 25 tb1[1] 34')
('2014-10-18 11:29:48.928656', 'fd_channel : login[0] 0 login[1] 1 , tb0[0] 41 tb0[1] 42 , tb1[0] 25 tb1[1] 33')
('2014-10-18 11:29:48.938428', 'fd_channel : login[0] 0 login[1] 1 , tb0[0] 41 tb0[1] 42 , tb1[0] 24 tb1[1] 33')
('2014-10-18 11:29:48.939855', 'fd_channel : login[0] 0 login[1] 1 , tb0[0] 41 tb0[1] 42 , tb1[0] 24 tb1[1] 32')
('2014-10-18 11:29:48.942590', 'fd_channel : login[0] 0 login[1] 1 , tb0[0] 41 tb0[1] 42 , tb1[0] 23 tb1[1] 32')
('2014-10-18 11:29:48.944082', 'fd_channel : login[0] 0 login[1] 1 , tb0[0] 41 tb0[1] 42 , tb1[0] 23 tb1[1] 31')
('2014-10-18 11:29:48.948823', 'fd_channel : login[0] 0 login[1] 1 , tb0[0] 41 tb0[1] 42 , tb1[0] 22 tb1[1] 31')
('2014-10-18 11:29:48.949912', 'fd_channel : login[0] 0 login[1] 1 , tb0[0] 41 tb0[1] 42 , tb1[0] 22 tb1[1] 30')
('2014-10-18 11:29:49.123506', 'fd_channel : login[0] 0 login[1] 1 , tb0[0] 41 tb0[1] 42 , tb1[0] 21 tb1[1] 30')
('2014-10-18 11:29:54.041485', 'fd_channel : login[0] 0 login[1] 1 , tb0[0] 41 tb0[1] 42 , tb1[0] 23 tb1[1] 30')
('2014-10-18 11:29:54.043380', 'fd_channel : login[0] 0 login[1] 1 , tb0[0] 41 tb0[1] 42 , tb1[0] 23 tb1[1] 29')
('2014-10-18 11:29:56.044848', 'fd_channel : login[0] 0 login[1] 1 , tb0[0] 41 tb0[1] 42 , tb1[0] 23 tb1[1] 29')
('2014-10-18 11:29:56.046105', 'fd_channel : login[0] 0 login[1] 1 , tb0[0] 41 tb0[1] 42 , tb1[0] 23 tb1[1] 28')
('2014-10-18 11:30:01.550164', 'worker [1] stopping')
