('2014-10-18 09:18:37.026843', 'client 52332109 login 李仁玮 310102199110314417')
('2014-10-18 09:18:37.248772', 'client 52354227 login 禹艳辉 430503198111090022')
('2014-10-18 09:18:38.017743', 'client 52228105 login 杨俊杰 310113198402090034')
('2014-10-18 09:18:38.250351', 'client 52516426 login 朱联达 310102197902094417')
('2014-10-18 09:18:39.018450', 'client 52385588 login 王筱婧 310108198602080542')
('2014-10-18 09:18:39.253388', 'client 52534861 login 蒋朝华 410103197306013756')
('2014-10-18 09:18:40.017262', 'client 52422850 login 林启晨 310110197712101233')
('2014-10-18 09:18:40.253307', 'client 52529088 login 曹宁 310109197309161214')
('2014-10-18 09:18:41.018143', 'client 52414291 login 刘春飞 320823197712235831')
('2014-10-18 09:18:41.257173', 'client 52508734 login 杨军 420106197212064086')
('2014-10-18 09:18:42.017975', 'client 52321651 login 沈周俊 330103196303110011')
('2014-10-18 10:35:06.755261', 'client 52332109 bid 0 image 2D369A6EF09083C57CFC1B0F10660080 451516 ')
('2014-10-18 10:35:06.771381', 'client 52332109 bid 0 price 72600 李仁玮 310102199110314417')
('2014-10-18 10:35:08.213503', 'client 52529088 bid 0 image 8117BE92C14B914FA51C36306E2EBCF4 608463 ')
('2014-10-18 10:35:08.228650', 'client 52529088 bid 0 price 72600 曹宁 310109197309161214')
('2014-10-18 10:35:08.252524', 'client 52321651 bid 0 image FDCFEA1519460E2B3D93BC29F20C477D 192441 ')
('2014-10-18 10:35:08.727076', 'client 52385588 bid 0 image 09D4FA9FCFC51F27739358DBA4B0185E 914212 ')
('2014-10-18 10:35:08.775139', 'client 52508734 bid 0 image EDAA680081A409563073B153F6FA62FF 262816 ')
('2014-10-18 10:35:08.788146', 'client 52508734 bid 0 price 72600 杨军 420106197212064086')
('2014-10-18 10:35:10.130169', 'client 52422850 bid 0 image 63A3708126914057570569DA39FD997D 352626 ')
('2014-10-18 10:35:10.145398', 'client 52422850 bid 0 price 72600 林启晨 310110197712101233')
('2014-10-18 10:35:10.264671', 'client 52228105 bid 0 image 28BBB11D12B3A200019EDB6828D06D6F 211631 ')
('2014-10-18 10:35:10.273570', 'client 52354227 bid 0 image 2F1C0A46400113849C9111EF05D05749 480116 ')
('2014-10-18 10:35:10.281450', 'client 52414291 bid 0 image 5F3FBE60CB7D7D855F51D99D7E5A3178 501261 ')
('2014-10-18 10:35:10.289682', 'client 52516426 bid 0 image FD4A9B52038BCD35F3F5B8F5C45F4C22 191548 ')
('2014-10-18 10:35:10.298269', 'client 52534861 bid 0 image 3EDA36C75BB88FDDCD79EBA3D2A523F8 092626 ')
('2014-10-18 10:35:10.312175', 'client 52534861 bid 0 price 72600 蒋朝华 410103197306013756')
('2014-10-18 10:35:32.257802', 'client 52321651 bid 0 price Failed')
('2014-10-18 10:35:32.258031', 'client 52321651 bid 0 failed. Abort.....')
('2014-10-18 10:35:32.733532', 'client 52385588 bid 0 price Failed')
('2014-10-18 10:35:32.733728', 'client 52385588 bid 0 failed. Abort.....')
('2014-10-18 10:35:34.270175', 'client 52228105 bid 0 price Failed')
('2014-10-18 10:35:34.270403', 'client 52228105 bid 0 failed. Abort.....')
('2014-10-18 10:35:34.279746', 'client 52354227 bid 0 price Failed')
('2014-10-18 10:35:34.279871', 'client 52354227 bid 0 failed. Abort.....')
('2014-10-18 10:35:34.286823', 'client 52414291 bid 0 price Failed')
('2014-10-18 10:35:34.286960', 'client 52414291 bid 0 failed. Abort.....')
('2014-10-18 10:35:34.295893', 'client 52516426 bid 0 price Failed')
('2014-10-18 10:35:34.295998', 'client 52516426 bid 0 failed. Abort.....')
('2014-10-18 10:43:04.029249', 'client 52332109 login 李仁玮 310102199110314417')
('2014-10-18 10:43:04.516566', 'client 52354227 login 禹艳辉 430503198111090022')
('2014-10-18 10:43:05.020498', 'client 52534861 login 蒋朝华 410103197306013756')
('2014-10-18 10:43:05.518443', 'client 52516426 login 朱联达 310102197902094417')
('2014-10-18 10:43:06.021120', 'client 52508734 login 杨军 420106197212064086')
('2014-10-18 10:43:06.519361', 'client 52228105 login 杨俊杰 310113198402090034')
('2014-10-18 10:43:07.019913', 'client 52385588 login 王筱婧 310108198602080542')
('2014-10-18 10:43:07.023410', 'client 52422850 login 林启晨 310110197712101233')
('2014-10-18 10:43:08.020043', 'client 52414291 login 刘春飞 320823197712235831')
('2014-10-18 10:43:08.024172', 'client 52321651 login 沈周俊 330103196303110011')
('2014-10-18 10:43:09.019562', 'client 52529088 login 曹宁 310109197309161214')
('2014-10-18 10:45:04.393283', 'client 52414291 bid 0 image Failed')
('2014-10-18 10:45:04.393331', 'client 52414291 bid 0 failed. Abort.....')
('2014-10-18 10:45:09.398281', 'client 52228105 bid 0 image E9EC32272C94628D2E49BD59F77C8770 454835 ')
('2014-10-18 10:45:09.413456', 'client 52228105 bid 0 price 72600 杨俊杰 310113198402090034')
('2014-10-18 10:45:09.745123', 'client 52321651 bid 0 image 3BE66D1E453749094460DEEB90FF035D 392626 ')
('2014-10-18 10:45:09.758641', 'client 52321651 bid 0 price 72600 沈周俊 330103196303110011')
('2014-10-18 10:45:10.222993', 'client 52354227 bid 0 image 6C857E77D37CB2888DDD553DEC6132BF 354525 ')
('2014-10-18 10:45:10.235426', 'client 52354227 bid 0 price 72600 禹艳辉 430503198111090022')
('2014-10-18 10:45:10.602872', 'client 52332109 bid 0 image EE6C11782D9FDAFB8F8AC3943D99BC61 438151 ')
('2014-10-18 10:45:10.895425', 'client 52516426 bid 0 image A3966C717FF781E63D87A79496FD51CF 360649 ')
('2014-10-18 10:45:10.907849', 'client 52516426 bid 0 price 72600 朱联达 310102197902094417')
('2014-10-18 10:45:11.561558', 'client 52385588 bid 0 image 90F814B8CDBF40FD6A77A92AB32E2D9A 263628 ')
('2014-10-18 10:45:11.578656', 'client 52385588 bid 0 price 72600 王筱婧 310108198602080542')
('2014-10-18 10:45:11.616619', 'client 52422850 bid 0 image AF7EDCB1EE3B76183D60724EBCD3F559 451831 ')
('2014-10-18 10:45:11.621219', 'client 52508734 bid 0 image 7A149ECE04F32895219EEEA6F22E86DB 536114 ')
('2014-10-18 10:45:11.625589', 'client 52529088 bid 0 image 958F204A6B8D5443E23B76C7368FC47F 052835 ')
('2014-10-18 10:45:11.635552', 'client 52534861 bid 0 image 4720E87DDA034A5DBE865B57296BEEAC 616151 ')
('2014-10-18 10:45:13.642537', 'client 52529088 bid 0 price 72600 meet err_112 曹宁 310109197309161214')
('2014-10-18 10:45:13.644231', 'client 52534861 bid 0 price 72600 meet err_112 蒋朝华 410103197306013756')
('2014-10-18 10:45:33.643011', 'client 52529088 bid 0 price Failed')
('2014-10-18 10:45:33.643291', 'client 52529088 bid 0 failed. Abort.....')
('2014-10-18 10:45:33.644590', 'client 52534861 bid 0 price Failed')
('2014-10-18 10:45:33.644761', 'client 52534861 bid 0 failed. Abort.....')
('2014-10-18 10:45:34.608394', 'client 52332109 bid 0 price Failed')
('2014-10-18 10:45:34.608618', 'client 52332109 bid 0 failed. Abort.....')
('2014-10-18 10:45:35.623410', 'client 52422850 bid 0 price Failed')
('2014-10-18 10:45:35.623609', 'client 52422850 bid 0 failed. Abort.....')
('2014-10-18 10:45:35.627969', 'client 52508734 bid 0 price Failed')
('2014-10-18 10:45:35.628115', 'client 52508734 bid 0 failed. Abort.....')
('2014-10-18 10:52:44.027494', 'client 52332109 login 李仁玮 310102199110314417')
('2014-10-18 10:52:44.237931', 'client 52354227 login 禹艳辉 430503198111090022')
('2014-10-18 10:52:45.021175', 'client 52228105 login 杨俊杰 310113198402090034')
('2014-10-18 10:52:45.239425', 'client 52516426 login 朱联达 310102197902094417')
('2014-10-18 10:52:46.022293', 'client 52534861 login 蒋朝华 410103197306013756')
('2014-10-18 10:52:46.242759', 'client 52385588 login 王筱婧 310108198602080542')
('2014-10-18 10:52:47.020001', 'client 52508734 login 杨军 420106197212064086')
('2014-10-18 10:52:47.242711', 'client 52422850 login 林启晨 310110197712101233')
('2014-10-18 10:52:48.017970', 'client 52529088 login 曹宁 310109197309161214')
('2014-10-18 10:52:48.245508', 'client 52321651 login 沈周俊 330103196303110011')
('2014-10-18 10:52:49.018860', 'client 52414291 login 刘春飞 320823197712235831')
('2014-10-18 10:55:06.522117', 'client 52321651 bid 0 image 19B2CECB62EA9DD470D235FA5628F9DD 251808 ')
('2014-10-18 10:55:08.526540', 'client 52321651 bid 0 price 72600 meet err_112 沈周俊 330103196303110011')
('2014-10-18 10:55:09.595246', 'client 52529088 bid 0 image BAB7125736D801F2ACBA5BE799CFA751 548161 ')
('2014-10-18 10:55:09.600199', 'client 52332109 bid 0 image 0195611B992963F89B43B8259AEBB53E 111491 ')
('2014-10-18 10:55:10.292472', 'client 52516426 bid 0 image 5849FB48CADEEAA1F59E6402C6D03398 936161 ')
('2014-10-18 10:55:10.702928', 'client 52385588 bid 0 image 52ACF3DE6F01F9C3996A3D9808FEAC67 252629 ')
('2014-10-18 10:55:10.927978', 'client 52534861 bid 0 image E6C080DD5C2D9A66A5DD92AE6CCDC68D 161649 ')
('2014-10-18 10:55:11.080844', 'client 52422850 bid 0 image 140F95A1EE9DF42238181BD930B2F022 390925 ')
('2014-10-18 10:55:11.282924', 'client 52414291 bid 0 image F13CECAF65F9C41336692C53A2AC9F11 263529 ')
('2014-10-18 10:55:11.295436', 'client 52414291 bid 0 price 72600 刘春飞 320823197712235831')
('2014-10-18 10:55:11.597562', 'client 52529088 bid 0 price 72600 meet err_112 曹宁 310109197309161214')
('2014-10-18 10:55:11.943048', 'client 52228105 bid 0 image B58A162ADE48661428D7E756366377FE 511460 ')
('2014-10-18 10:55:11.947609', 'client 52508734 bid 0 image 461B59663C06972F8672FFD000E2D9AA 362106 ')
('2014-10-18 10:55:12.705154', 'client 52385588 bid 0 price 72600 meet err_112 王筱婧 310108198602080542')
('2014-10-18 10:55:12.930096', 'client 52534861 bid 0 price 72600 meet err_112 蒋朝华 410103197306013756')
('2014-10-18 10:55:12.953626', 'client 52354227 bid 0 image 0C4E3B5F2972165E03E87C14FCFB722F 541461 ')
('2014-10-18 10:55:13.083036', 'client 52422850 bid 0 price 72600 meet err_112 林启晨 310110197712101233')
('2014-10-18 10:55:28.527003', 'client 52321651 bid 0 price Failed')
('2014-10-18 10:55:28.527226', 'client 52321651 bid 0 failed. Abort.....')
('2014-10-18 10:55:31.598024', 'client 52529088 bid 0 price Failed')
('2014-10-18 10:55:31.598256', 'client 52529088 bid 0 failed. Abort.....')
('2014-10-18 10:55:32.705653', 'client 52385588 bid 0 price Failed')
('2014-10-18 10:55:32.705866', 'client 52385588 bid 0 failed. Abort.....')
('2014-10-18 10:55:32.930561', 'client 52534861 bid 0 price Failed')
('2014-10-18 10:55:32.930753', 'client 52534861 bid 0 failed. Abort.....')
('2014-10-18 10:55:33.083344', 'client 52422850 bid 0 price Failed')
('2014-10-18 10:55:33.083472', 'client 52422850 bid 0 failed. Abort.....')
('2014-10-18 10:55:33.606193', 'client 52332109 bid 0 price Failed')
('2014-10-18 10:55:33.606377', 'client 52332109 bid 0 failed. Abort.....')
('2014-10-18 10:55:34.301169', 'client 52516426 bid 0 price Failed')
('2014-10-18 10:55:34.301355', 'client 52516426 bid 0 failed. Abort.....')
('2014-10-18 10:55:35.949400', 'client 52228105 bid 0 price Failed')
('2014-10-18 10:55:35.949628', 'client 52228105 bid 0 failed. Abort.....')
('2014-10-18 10:55:35.963251', 'client 52508734 bid 0 price Failed')
('2014-10-18 10:55:35.963394', 'client 52508734 bid 0 failed. Abort.....')
('2014-10-18 10:55:36.960738', 'client 52354227 bid 0 price Failed')
('2014-10-18 10:55:36.960948', 'client 52354227 bid 0 failed. Abort.....')
('2014-10-18 11:29:45.882084', 'client 52228105 bid 1 image 7B99097E0A35941ECB51406C49AA59DB 253149 ')
('2014-10-18 11:29:45.886536', 'client 52508734 bid 1 image 62EC77B14B50D964BD619306051138ED 094119 ')
('2014-10-18 11:29:45.890675', 'client 52516426 bid 1 image 374BCEC2909C3BDAD87ECA85043F58D6 925194 ')
('2014-10-18 11:29:45.895933', 'client 52529088 bid 1 image 6D9DE12BB85A3DAB0E614264E9E0C14E 092626 ')
('2014-10-18 11:29:46.743374', 'client 52529088 bid 1 price 73900 曹宁 310109197309161214')
('2014-10-18 11:29:46.912040', 'client 52321651 bid 1 image 74ECCE778331429317248ABE46946FEE 314811 ')
('2014-10-18 11:29:46.916859', 'client 52332109 bid 1 image 3539DC62604FE260FE6D795AAFC7CDAE 111615 ')
('2014-10-18 11:29:46.920851', 'client 52385588 bid 1 image 8E1CC391F0F7C1032972FCEAA6B29C95 525260 ')
('2014-10-18 11:29:46.930510', 'client 52414291 bid 1 image 374134F0175871A377A6B741C0FC8C84 915114 ')
('2014-10-18 11:29:46.934001', 'client 52422850 bid 1 image CB1DF43231E69C899396268C05A6F1AA 511054 ')
('2014-10-18 11:29:46.940001', 'client 52534861 bid 1 image D21E9B5A4090097AE975D00EF798F36A 493535 ')
('2014-10-18 11:29:48.788224', 'client 52516426 bid 1 price 73900 朱联达 310102197902094417')
('2014-10-18 11:29:49.063956', 'client 52534861 bid 1 price 73900 蒋朝华 410103197306013756')
('2014-10-18 11:29:54.040752', 'client 52354227 bid 1 image AD097538EA1523CE76BC855548B3456F 380146 ')
('2014-10-18 11:29:56.746718', "client 52529088 bids finished. price : [None, '73900', None] . Quit.....")
('2014-10-18 11:29:58.798508', "client 52516426 bids finished. price : [None, '73900', None] . Quit.....")
('2014-10-18 11:29:59.074206', "client 52534861 bids finished. price : [None, '73900', None] . Quit.....")
('2014-10-18 11:30:10.517310', 'client 52508734 bid 1 price Failed')
('2014-10-18 11:30:10.517601', 'client 52508734 bid 1 failed. Abort.....')
('2014-10-18 11:30:10.521079', 'client 52228105 bid 1 price Failed')
('2014-10-18 11:30:10.521231', 'client 52228105 bid 1 failed. Abort.....')
('2014-10-18 11:30:10.918686', 'client 52321651 bid 1 price Failed')
('2014-10-18 11:30:10.918920', 'client 52321651 bid 1 failed. Abort.....')
('2014-10-18 11:30:10.923158', 'client 52332109 bid 1 price Failed')
('2014-10-18 11:30:10.923283', 'client 52332109 bid 1 failed. Abort.....')
('2014-10-18 11:30:10.929827', 'client 52385588 bid 1 price Failed')
('2014-10-18 11:30:10.929976', 'client 52385588 bid 1 failed. Abort.....')
('2014-10-18 11:30:10.941016', 'client 52414291 bid 1 price Failed')
('2014-10-18 11:30:10.941132', 'client 52414291 bid 1 failed. Abort.....')
('2014-10-18 11:30:10.945197', 'client 52422850 bid 1 price Failed')
('2014-10-18 11:30:10.945326', 'client 52422850 bid 1 failed. Abort.....')
('2014-10-18 11:30:18.047263', 'client 52354227 bid 1 price Failed')
('2014-10-18 11:30:18.047455', 'client 52354227 bid 1 failed. Abort.....')
('2014-10-18 11:30:20.527875', 'client 52228105 bids finished. price : [None, None, None] . Quit.....')
('2014-10-18 11:30:20.528488', 'client 52508734 bids finished. price : [None, None, None] . Quit.....')
('2014-10-18 11:30:20.929116', 'client 52321651 bids finished. price : [None, None, None] . Quit.....')
('2014-10-18 11:30:20.933417', 'client 52332109 bids finished. price : [None, None, None] . Quit.....')
('2014-10-18 11:30:20.937490', 'client 52385588 bids finished. price : [None, None, None] . Quit.....')
('2014-10-18 11:30:20.951266', "client 52414291 bids finished. price : ['72600', None, None] . Quit.....")
('2014-10-18 11:30:20.953491', 'client 52422850 bids finished. price : [None, None, None] . Quit.....')
('2014-10-18 11:30:28.057670', 'client 52354227 bids finished. price : [None, None, None] . Quit.....')
