('2014-10-18 09:18:41.351847', 'redis reader connect succeed')
('2014-10-18 09:18:41.352064', 'redis writer connect succeed')
('2014-10-18 09:18:41.385287', 'redis timer connect succeed')
('2014-10-18 09:18:41.405372', 'worker [3] started')
('2014-10-18 09:18:41.405461', 'client 11 initted')
('2014-10-18 09:18:42.013175', 'fd_channel : login[0] 0 login[1] 1 , tb0[0] 0 tb0[1] 0 , tb1[0] 0 tb1[1] 0')
('2014-10-18 09:18:42.400460', 'fd_channel : login[0] 0 login[1] 0 , tb0[0] 0 tb0[1] 0 , tb1[0] 0 tb1[1] 0')
('2014-10-18 09:18:43.012037', 'fd_channel : login[0] 0 login[1] 1 , tb0[0] 0 tb0[1] 0 , tb1[0] 0 tb1[1] 0')
('2014-10-18 09:18:43.402291', 'fd_channel : login[0] 0 login[1] 0 , tb0[0] 0 tb0[1] 0 , tb1[0] 0 tb1[1] 0')
('2014-10-18 09:18:44.010039', 'fd_channel : login[0] 0 login[1] 1 , tb0[0] 0 tb0[1] 0 , tb1[0] 0 tb1[1] 0')
('2014-10-18 09:18:44.404411', 'fd_channel : login[0] 0 login[1] 0 , tb0[0] 0 tb0[1] 0 , tb1[0] 0 tb1[1] 0')
('2014-10-18 09:18:45.010034', 'fd_channel : login[0] 0 login[1] 1 , tb0[0] 0 tb0[1] 0 , tb1[0] 0 tb1[1] 0')
('2014-10-18 09:18:45.406118', 'fd_channel : login[0] 0 login[1] 0 , tb0[0] 0 tb0[1] 0 , tb1[0] 0 tb1[1] 0')
('2014-10-18 09:18:46.012672', 'fd_channel : login[0] 0 login[1] 1 , tb0[0] 0 tb0[1] 0 , tb1[0] 0 tb1[1] 0')
('2014-10-18 09:18:46.407868', 'fd_channel : login[0] 0 login[1] 0 , tb0[0] 0 tb0[1] 0 , tb1[0] 0 tb1[1] 0')
('2014-10-18 09:18:47.010809', 'fd_channel : login[0] 0 login[1] 1 , tb0[0] 0 tb0[1] 0 , tb1[0] 0 tb1[1] 0')
('2014-10-18 10:35:01.804715', 'fd_channel : login[0] 0 login[1] 1 , tb0[0] 49 tb0[1] 50 , tb1[0] 0 tb1[1] 0')
('2014-10-18 10:35:01.805681', 'fd_channel : login[0] 0 login[1] 1 , tb0[0] 49 tb0[1] 49 , tb1[0] 0 tb1[1] 0')
('2014-10-18 10:35:01.806346', 'fd_channel : login[0] 0 login[1] 1 , tb0[0] 48 tb0[1] 49 , tb1[0] 0 tb1[1] 0')
('2014-10-18 10:35:01.807104', 'fd_channel : login[0] 0 login[1] 1 , tb0[0] 48 tb0[1] 48 , tb1[0] 0 tb1[1] 0')
('2014-10-18 10:35:01.807618', 'fd_channel : login[0] 0 login[1] 1 , tb0[0] 47 tb0[1] 48 , tb1[0] 0 tb1[1] 0')
('2014-10-18 10:35:01.808089', 'fd_channel : login[0] 0 login[1] 1 , tb0[0] 47 tb0[1] 47 , tb1[0] 0 tb1[1] 0')
('2014-10-18 10:35:01.809015', 'fd_channel : login[0] 0 login[1] 1 , tb0[0] 46 tb0[1] 47 , tb1[0] 0 tb1[1] 0')
('2014-10-18 10:35:01.810063', 'fd_channel : login[0] 0 login[1] 1 , tb0[0] 46 tb0[1] 46 , tb1[0] 0 tb1[1] 0')
('2014-10-18 10:35:01.811264', 'fd_channel : login[0] 0 login[1] 1 , tb0[0] 45 tb0[1] 46 , tb1[0] 0 tb1[1] 0')
('2014-10-18 10:35:01.812081', 'fd_channel : login[0] 0 login[1] 1 , tb0[0] 45 tb0[1] 45 , tb1[0] 0 tb1[1] 0')
('2014-10-18 10:35:01.812992', 'fd_channel : login[0] 0 login[1] 1 , tb0[0] 44 tb0[1] 45 , tb1[0] 0 tb1[1] 0')
('2014-10-18 10:35:02.389313', 'fd_channel : login[0] 0 login[1] 1 , tb0[0] 45 tb0[1] 45 , tb1[0] 0 tb1[1] 0')
('2014-10-18 10:35:02.394743', 'fd_channel : login[0] 0 login[1] 1 , tb0[0] 44 tb0[1] 45 , tb1[0] 0 tb1[1] 0')
('2014-10-18 10:35:03.108445', 'fd_channel : login[0] 0 login[1] 1 , tb0[0] 44 tb0[1] 44 , tb1[0] 0 tb1[1] 0')
('2014-10-18 10:35:05.125102', 'fd_channel : login[0] 0 login[1] 1 , tb0[0] 44 tb0[1] 45 , tb1[0] 0 tb1[1] 0')
('2014-10-18 10:35:05.126534', 'fd_channel : login[0] 0 login[1] 1 , tb0[0] 44 tb0[1] 44 , tb1[0] 0 tb1[1] 0')
('2014-10-18 10:35:06.785409', 'fd_channel : login[0] 0 login[1] 1 , tb0[0] 44 tb0[1] 45 , tb1[0] 0 tb1[1] 0')
('2014-10-18 10:35:06.786404', 'fd_channel : login[0] 0 login[1] 1 , tb0[0] 44 tb0[1] 44 , tb1[0] 0 tb1[1] 0')
('2014-10-18 10:35:07.343392', 'fd_channel : login[0] 0 login[1] 1 , tb0[0] 43 tb0[1] 44 , tb1[0] 0 tb1[1] 0')
('2014-10-18 10:35:07.344811', 'fd_channel : login[0] 0 login[1] 1 , tb0[0] 43 tb0[1] 43 , tb1[0] 0 tb1[1] 0')
('2014-10-18 10:35:08.919426', 'fd_channel : login[0] 0 login[1] 1 , tb0[0] 43 tb0[1] 44 , tb1[0] 0 tb1[1] 0')
('2014-10-18 10:35:08.920395', 'fd_channel : login[0] 0 login[1] 1 , tb0[0] 43 tb0[1] 43 , tb1[0] 0 tb1[1] 0')
('2014-10-18 10:35:09.885433', 'fd_channel : login[0] 0 login[1] 1 , tb0[0] 42 tb0[1] 43 , tb1[0] 0 tb1[1] 0')
('2014-10-18 10:35:09.887085', 'fd_channel : login[0] 0 login[1] 1 , tb0[0] 42 tb0[1] 42 , tb1[0] 0 tb1[1] 0')
('2014-10-18 10:35:09.938539', 'fd_channel : login[0] 0 login[1] 1 , tb0[0] 41 tb0[1] 42 , tb1[0] 0 tb1[1] 0')
('2014-10-18 10:35:09.940066', 'fd_channel : login[0] 0 login[1] 1 , tb0[0] 41 tb0[1] 41 , tb1[0] 0 tb1[1] 0')
('2014-10-18 10:35:10.501661', 'fd_channel : login[0] 0 login[1] 1 , tb0[0] 41 tb0[1] 42 , tb1[0] 0 tb1[1] 0')
('2014-10-18 10:35:10.502934', 'fd_channel : login[0] 0 login[1] 1 , tb0[0] 41 tb0[1] 41 , tb1[0] 0 tb1[1] 0')
('2014-10-18 10:35:10.510274', 'fd_channel : login[0] 0 login[1] 1 , tb0[0] 40 tb0[1] 41 , tb1[0] 0 tb1[1] 0')
('2014-10-18 10:35:10.512360', 'fd_channel : login[0] 0 login[1] 1 , tb0[0] 40 tb0[1] 40 , tb1[0] 0 tb1[1] 0')
('2014-10-18 10:35:10.519983', 'fd_channel : login[0] 0 login[1] 1 , tb0[0] 39 tb0[1] 40 , tb1[0] 0 tb1[1] 0')
('2014-10-18 10:35:10.520763', 'fd_channel : login[0] 0 login[1] 1 , tb0[0] 39 tb0[1] 39 , tb1[0] 0 tb1[1] 0')
('2014-10-18 10:35:10.529832', 'fd_channel : login[0] 0 login[1] 1 , tb0[0] 38 tb0[1] 39 , tb1[0] 0 tb1[1] 0')
('2014-10-18 10:35:10.530740', 'fd_channel : login[0] 0 login[1] 1 , tb0[0] 38 tb0[1] 38 , tb1[0] 0 tb1[1] 0')
('2014-10-18 10:35:10.534888', 'fd_channel : login[0] 0 login[1] 1 , tb0[0] 37 tb0[1] 38 , tb1[0] 0 tb1[1] 0')
('2014-10-18 10:35:10.537239', 'fd_channel : login[0] 0 login[1] 1 , tb0[0] 37 tb0[1] 37 , tb1[0] 0 tb1[1] 0')
('2014-10-18 10:35:12.504090', 'fd_channel : login[0] 0 login[1] 1 , tb0[0] 37 tb0[1] 38 , tb1[0] 0 tb1[1] 0')
('2014-10-18 10:35:12.505090', 'fd_channel : login[0] 0 login[1] 1 , tb0[0] 37 tb0[1] 37 , tb1[0] 0 tb1[1] 0')
('2014-10-18 10:35:12.513316', 'fd_channel : login[0] 0 login[1] 1 , tb0[0] 36 tb0[1] 37 , tb1[0] 0 tb1[1] 0')
('2014-10-18 10:35:12.514105', 'fd_channel : login[0] 0 login[1] 1 , tb0[0] 36 tb0[1] 36 , tb1[0] 0 tb1[1] 0')
('2014-10-18 10:35:12.521866', 'fd_channel : login[0] 0 login[1] 1 , tb0[0] 35 tb0[1] 36 , tb1[0] 0 tb1[1] 0')
('2014-10-18 10:35:12.522659', 'fd_channel : login[0] 0 login[1] 1 , tb0[0] 35 tb0[1] 35 , tb1[0] 0 tb1[1] 0')
('2014-10-18 10:35:12.531811', 'fd_channel : login[0] 0 login[1] 1 , tb0[0] 34 tb0[1] 35 , tb1[0] 0 tb1[1] 0')
('2014-10-18 10:35:12.532599', 'fd_channel : login[0] 0 login[1] 1 , tb0[0] 34 tb0[1] 34 , tb1[0] 0 tb1[1] 0')
('2014-10-18 10:43:40.113182', 'redis reader connect succeed')
('2014-10-18 10:43:40.113397', 'redis writer connect succeed')
('2014-10-18 10:43:40.139128', 'redis timer connect succeed')
('2014-10-18 10:43:40.162384', 'worker [3] started')
('2014-10-18 10:43:40.162486', 'client 11 initted')
('2014-10-18 10:43:41.009966', 'fd_channel : login[0] 0 login[1] 1 , tb0[0] 0 tb0[1] 0 , tb1[0] 0 tb1[1] 0')
('2014-10-18 10:43:41.157389', 'fd_channel : login[0] 0 login[1] 0 , tb0[0] 0 tb0[1] 0 , tb1[0] 0 tb1[1] 0')
('2014-10-18 10:43:42.013253', 'fd_channel : login[0] 0 login[1] 0 , tb0[0] 0 tb0[1] 1 , tb1[0] 0 tb1[1] 0')
('2014-10-18 10:43:42.159455', 'fd_channel : login[0] 0 login[1] 0 , tb0[0] 1 tb0[1] 1 , tb1[0] 0 tb1[1] 0')
('2014-10-18 10:43:43.012011', 'fd_channel : login[0] 0 login[1] 1 , tb0[0] 1 tb0[1] 1 , tb1[0] 0 tb1[1] 0')
('2014-10-18 10:43:43.161364', 'fd_channel : login[0] 0 login[1] 0 , tb0[0] 1 tb0[1] 1 , tb1[0] 0 tb1[1] 0')
('2014-10-18 10:43:44.011332', 'fd_channel : login[0] 0 login[1] 1 , tb0[0] 2 tb0[1] 2 , tb1[0] 0 tb1[1] 0')
('2014-10-18 10:43:44.163073', 'fd_channel : login[0] 0 login[1] 0 , tb0[0] 2 tb0[1] 2 , tb1[0] 0 tb1[1] 0')
('2014-10-18 10:43:45.009772', 'fd_channel : login[0] 0 login[1] 1 , tb0[0] 2 tb0[1] 2 , tb1[0] 0 tb1[1] 0')
('2014-10-18 10:43:45.164284', 'fd_channel : login[0] 0 login[1] 0 , tb0[0] 2 tb0[1] 2 , tb1[0] 0 tb1[1] 0')
('2014-10-18 10:43:46.010642', 'fd_channel : login[0] 0 login[1] 1 , tb0[0] 3 tb0[1] 3 , tb1[0] 0 tb1[1] 0')
('2014-10-18 10:45:02.874617', 'fd_channel : login[0] 0 login[1] 1 , tb0[0] 29 tb0[1] 30 , tb1[0] 0 tb1[1] 0')
('2014-10-18 10:45:02.875985', 'fd_channel : login[0] 0 login[1] 1 , tb0[0] 29 tb0[1] 29 , tb1[0] 0 tb1[1] 0')
('2014-10-18 10:45:02.877088', 'fd_channel : login[0] 0 login[1] 1 , tb0[0] 28 tb0[1] 29 , tb1[0] 0 tb1[1] 0')
('2014-10-18 10:45:02.878291', 'fd_channel : login[0] 0 login[1] 1 , tb0[0] 28 tb0[1] 28 , tb1[0] 0 tb1[1] 0')
('2014-10-18 10:45:02.879948', 'fd_channel : login[0] 0 login[1] 1 , tb0[0] 27 tb0[1] 28 , tb1[0] 0 tb1[1] 0')
('2014-10-18 10:45:02.881503', 'fd_channel : login[0] 0 login[1] 1 , tb0[0] 27 tb0[1] 27 , tb1[0] 0 tb1[1] 0')
('2014-10-18 10:45:02.883337', 'fd_channel : login[0] 0 login[1] 1 , tb0[0] 26 tb0[1] 27 , tb1[0] 0 tb1[1] 0')
('2014-10-18 10:45:02.885241', 'fd_channel : login[0] 0 login[1] 1 , tb0[0] 26 tb0[1] 26 , tb1[0] 0 tb1[1] 0')
('2014-10-18 10:45:02.887522', 'fd_channel : login[0] 0 login[1] 1 , tb0[0] 25 tb0[1] 26 , tb1[0] 0 tb1[1] 0')
('2014-10-18 10:45:02.905668', 'fd_channel : login[0] 0 login[1] 1 , tb0[0] 25 tb0[1] 25 , tb1[0] 0 tb1[1] 0')
('2014-10-18 10:45:02.917152', 'fd_channel : login[0] 0 login[1] 1 , tb0[0] 24 tb0[1] 25 , tb1[0] 0 tb1[1] 0')
('2014-10-18 10:45:03.829800', 'fd_channel : login[0] 0 login[1] 1 , tb0[0] 27 tb0[1] 27 , tb1[0] 0 tb1[1] 0')
('2014-10-18 10:45:08.563017', 'fd_channel : login[0] 0 login[1] 1 , tb0[0] 33 tb0[1] 34 , tb1[0] 0 tb1[1] 0')
('2014-10-18 10:45:08.564073', 'fd_channel : login[0] 0 login[1] 1 , tb0[0] 33 tb0[1] 33 , tb1[0] 0 tb1[1] 0')
('2014-10-18 10:45:09.250019', 'fd_channel : login[0] 0 login[1] 1 , tb0[0] 33 tb0[1] 34 , tb1[0] 0 tb1[1] 0')
('2014-10-18 10:45:09.251609', 'fd_channel : login[0] 0 login[1] 1 , tb0[0] 33 tb0[1] 33 , tb1[0] 0 tb1[1] 0')
('2014-10-18 10:45:10.934467', 'fd_channel : login[0] 0 login[1] 1 , tb0[0] 32 tb0[1] 33 , tb1[0] 0 tb1[1] 0')
('2014-10-18 10:45:10.935419', 'fd_channel : login[0] 0 login[1] 1 , tb0[0] 32 tb0[1] 32 , tb1[0] 0 tb1[1] 0')
('2014-10-18 10:45:11.023757', 'fd_channel : login[0] 0 login[1] 1 , tb0[0] 31 tb0[1] 32 , tb1[0] 0 tb1[1] 0')
('2014-10-18 10:45:11.024595', 'fd_channel : login[0] 0 login[1] 1 , tb0[0] 31 tb0[1] 31 , tb1[0] 0 tb1[1] 0')
('2014-10-18 10:45:11.944842', 'fd_channel : login[0] 0 login[1] 1 , tb0[0] 30 tb0[1] 31 , tb1[0] 0 tb1[1] 0')
('2014-10-18 10:45:11.945691', 'fd_channel : login[0] 0 login[1] 1 , tb0[0] 30 tb0[1] 30 , tb1[0] 0 tb1[1] 0')
('2014-10-18 10:45:11.948912', 'fd_channel : login[0] 0 login[1] 1 , tb0[0] 29 tb0[1] 30 , tb1[0] 0 tb1[1] 0')
('2014-10-18 10:45:11.949747', 'fd_channel : login[0] 0 login[1] 1 , tb0[0] 29 tb0[1] 29 , tb1[0] 0 tb1[1] 0')
('2014-10-18 10:45:11.952976', 'fd_channel : login[0] 0 login[1] 1 , tb0[0] 28 tb0[1] 29 , tb1[0] 0 tb1[1] 0')
('2014-10-18 10:45:11.953734', 'fd_channel : login[0] 0 login[1] 1 , tb0[0] 28 tb0[1] 28 , tb1[0] 0 tb1[1] 0')
('2014-10-18 10:45:11.956720', 'fd_channel : login[0] 0 login[1] 1 , tb0[0] 27 tb0[1] 28 , tb1[0] 0 tb1[1] 0')
('2014-10-18 10:45:11.957549', 'fd_channel : login[0] 0 login[1] 1 , tb0[0] 27 tb0[1] 27 , tb1[0] 0 tb1[1] 0')
('2014-10-18 10:45:11.961556', 'fd_channel : login[0] 0 login[1] 1 , tb0[0] 26 tb0[1] 27 , tb1[0] 0 tb1[1] 0')
('2014-10-18 10:45:11.962377', 'fd_channel : login[0] 0 login[1] 1 , tb0[0] 26 tb0[1] 26 , tb1[0] 0 tb1[1] 0')
('2014-10-18 10:45:11.965563', 'fd_channel : login[0] 0 login[1] 1 , tb0[0] 25 tb0[1] 26 , tb1[0] 0 tb1[1] 0')
('2014-10-18 10:45:11.966427', 'fd_channel : login[0] 0 login[1] 1 , tb0[0] 25 tb0[1] 25 , tb1[0] 0 tb1[1] 0')
('2014-10-18 10:45:12.936801', 'fd_channel : login[0] 0 login[1] 1 , tb0[0] 24 tb0[1] 25 , tb1[0] 0 tb1[1] 0')
('2014-10-18 10:45:12.938222', 'fd_channel : login[0] 0 login[1] 1 , tb0[0] 24 tb0[1] 24 , tb1[0] 0 tb1[1] 0')
('2014-10-18 10:45:12.975608', 'fd_channel : login[0] 0 login[1] 1 , tb0[0] 23 tb0[1] 24 , tb1[0] 0 tb1[1] 0')
('2014-10-18 10:45:12.977096', 'fd_channel : login[0] 0 login[1] 1 , tb0[0] 23 tb0[1] 23 , tb1[0] 0 tb1[1] 0')
('2014-10-18 10:45:13.026872', 'fd_channel : login[0] 0 login[1] 1 , tb0[0] 22 tb0[1] 23 , tb1[0] 0 tb1[1] 0')
('2014-10-18 10:45:13.027980', 'fd_channel : login[0] 0 login[1] 1 , tb0[0] 22 tb0[1] 22 , tb1[0] 0 tb1[1] 0')
('2014-10-18 10:45:13.947215', 'fd_channel : login[0] 0 login[1] 1 , tb0[0] 21 tb0[1] 22 , tb1[0] 0 tb1[1] 0')
('2014-10-18 10:45:13.948654', 'fd_channel : login[0] 0 login[1] 1 , tb0[0] 21 tb0[1] 21 , tb1[0] 0 tb1[1] 0')
('2014-10-18 10:45:13.951342', 'fd_channel : login[0] 0 login[1] 1 , tb0[0] 20 tb0[1] 21 , tb1[0] 0 tb1[1] 0')
('2014-10-18 10:45:13.952392', 'fd_channel : login[0] 0 login[1] 1 , tb0[0] 20 tb0[1] 20 , tb1[0] 0 tb1[1] 0')
('2014-10-18 10:45:13.954880', 'fd_channel : login[0] 0 login[1] 1 , tb0[0] 19 tb0[1] 20 , tb1[0] 0 tb1[1] 0')
('2014-10-18 10:45:13.956506', 'fd_channel : login[0] 0 login[1] 1 , tb0[0] 19 tb0[1] 19 , tb1[0] 0 tb1[1] 0')
('2014-10-18 10:45:13.959021', 'fd_channel : login[0] 0 login[1] 1 , tb0[0] 18 tb0[1] 19 , tb1[0] 0 tb1[1] 0')
('2014-10-18 10:45:13.960772', 'fd_channel : login[0] 0 login[1] 1 , tb0[0] 18 tb0[1] 18 , tb1[0] 0 tb1[1] 0')
('2014-10-18 10:45:13.963969', 'fd_channel : login[0] 0 login[1] 1 , tb0[0] 17 tb0[1] 18 , tb1[0] 0 tb1[1] 0')
('2014-10-18 10:45:13.966023', 'fd_channel : login[0] 0 login[1] 1 , tb0[0] 17 tb0[1] 17 , tb1[0] 0 tb1[1] 0')
('2014-10-18 10:45:13.968301', 'fd_channel : login[0] 0 login[1] 1 , tb0[0] 16 tb0[1] 17 , tb1[0] 0 tb1[1] 0')
('2014-10-18 10:45:13.969927', 'fd_channel : login[0] 0 login[1] 1 , tb0[0] 16 tb0[1] 16 , tb1[0] 0 tb1[1] 0')
('2014-10-18 10:45:14.978728', 'fd_channel : login[0] 0 login[1] 1 , tb0[0] 15 tb0[1] 16 , tb1[0] 0 tb1[1] 0')
('2014-10-18 10:45:14.979647', 'fd_channel : login[0] 0 login[1] 1 , tb0[0] 15 tb0[1] 15 , tb1[0] 0 tb1[1] 0')
('2014-10-18 10:53:13.059972', 'redis reader connect succeed')
('2014-10-18 10:53:13.060190', 'redis writer connect succeed')
('2014-10-18 10:53:13.086300', 'redis timer connect succeed')
('2014-10-18 10:53:13.107737', 'worker [3] started')
('2014-10-18 10:53:13.107830', 'client 11 initted')
('2014-10-18 10:53:14.013964', 'fd_channel : login[0] 0 login[1] 1 , tb0[0] 0 tb0[1] 0 , tb1[0] 0 tb1[1] 0')
('2014-10-18 10:53:14.103390', 'fd_channel : login[0] 0 login[1] 0 , tb0[0] 0 tb0[1] 0 , tb1[0] 0 tb1[1] 0')
('2014-10-18 10:53:15.012163', 'fd_channel : login[0] 0 login[1] 1 , tb0[0] 0 tb0[1] 0 , tb1[0] 0 tb1[1] 0')
('2014-10-18 10:53:15.105542', 'fd_channel : login[0] 0 login[1] 0 , tb0[0] 0 tb0[1] 0 , tb1[0] 0 tb1[1] 0')
('2014-10-18 10:53:16.027991', 'fd_channel : login[0] 0 login[1] 1 , tb0[0] 0 tb0[1] 0 , tb1[0] 0 tb1[1] 0')
('2014-10-18 10:53:16.106729', 'fd_channel : login[0] 0 login[1] 0 , tb0[0] 0 tb0[1] 0 , tb1[0] 0 tb1[1] 0')
('2014-10-18 10:53:17.009836', 'fd_channel : login[0] 0 login[1] 1 , tb0[0] 0 tb0[1] 0 , tb1[0] 0 tb1[1] 0')
('2014-10-18 10:53:17.107807', 'fd_channel : login[0] 0 login[1] 0 , tb0[0] 0 tb0[1] 0 , tb1[0] 0 tb1[1] 0')
('2014-10-18 10:53:18.010286', 'fd_channel : login[0] 0 login[1] 1 , tb0[0] 0 tb0[1] 0 , tb1[0] 0 tb1[1] 0')
('2014-10-18 10:53:18.108985', 'fd_channel : login[0] 0 login[1] 0 , tb0[0] 0 tb0[1] 0 , tb1[0] 0 tb1[1] 0')
('2014-10-18 10:53:19.011325', 'fd_channel : login[0] 0 login[1] 1 , tb0[0] 0 tb0[1] 0 , tb1[0] 0 tb1[1] 0')
('2014-10-18 10:55:02.834654', 'fd_channel : login[0] 0 login[1] 1 , tb0[0] 50 tb0[1] 51 , tb1[0] 0 tb1[1] 0')
('2014-10-18 10:55:02.836448', 'fd_channel : login[0] 0 login[1] 1 , tb0[0] 50 tb0[1] 50 , tb1[0] 0 tb1[1] 0')
('2014-10-18 10:55:02.838368', 'fd_channel : login[0] 0 login[1] 1 , tb0[0] 49 tb0[1] 50 , tb1[0] 0 tb1[1] 0')
('2014-10-18 10:55:02.839502', 'fd_channel : login[0] 0 login[1] 1 , tb0[0] 49 tb0[1] 49 , tb1[0] 0 tb1[1] 0')
('2014-10-18 10:55:02.841191', 'fd_channel : login[0] 0 login[1] 1 , tb0[0] 48 tb0[1] 49 , tb1[0] 0 tb1[1] 0')
('2014-10-18 10:55:02.842237', 'fd_channel : login[0] 0 login[1] 1 , tb0[0] 48 tb0[1] 48 , tb1[0] 0 tb1[1] 0')
('2014-10-18 10:55:02.843796', 'fd_channel : login[0] 0 login[1] 1 , tb0[0] 47 tb0[1] 48 , tb1[0] 0 tb1[1] 0')
('2014-10-18 10:55:02.844996', 'fd_channel : login[0] 0 login[1] 1 , tb0[0] 47 tb0[1] 47 , tb1[0] 0 tb1[1] 0')
('2014-10-18 10:55:02.846086', 'fd_channel : login[0] 0 login[1] 1 , tb0[0] 46 tb0[1] 47 , tb1[0] 0 tb1[1] 0')
('2014-10-18 10:55:02.849991', 'fd_channel : login[0] 0 login[1] 1 , tb0[0] 46 tb0[1] 46 , tb1[0] 0 tb1[1] 0')
('2014-10-18 10:55:02.853752', 'fd_channel : login[0] 0 login[1] 1 , tb0[0] 45 tb0[1] 46 , tb1[0] 0 tb1[1] 0')
('2014-10-18 10:55:03.590338', 'fd_channel : login[0] 0 login[1] 1 , tb0[0] 45 tb0[1] 45 , tb1[0] 0 tb1[1] 0')
('2014-10-18 10:55:03.597813', 'fd_channel : login[0] 0 login[1] 1 , tb0[0] 44 tb0[1] 45 , tb1[0] 0 tb1[1] 0')
('2014-10-18 10:55:03.930643', 'fd_channel : login[0] 0 login[1] 1 , tb0[0] 44 tb0[1] 44 , tb1[0] 0 tb1[1] 0')
('2014-10-18 10:55:04.412411', 'fd_channel : login[0] 0 login[1] 1 , tb0[0] 44 tb0[1] 45 , tb1[0] 0 tb1[1] 0')
('2014-10-18 10:55:04.418282', 'fd_channel : login[0] 0 login[1] 1 , tb0[0] 44 tb0[1] 44 , tb1[0] 0 tb1[1] 0')
('2014-10-18 10:55:04.465542', 'fd_channel : login[0] 0 login[1] 1 , tb0[0] 43 tb0[1] 44 , tb1[0] 0 tb1[1] 0')
('2014-10-18 10:55:08.939537', 'fd_channel : login[0] 0 login[1] 1 , tb0[0] 44 tb0[1] 46 , tb1[0] 0 tb1[1] 0')
('2014-10-18 10:55:08.941421', 'fd_channel : login[0] 0 login[1] 1 , tb0[0] 44 tb0[1] 45 , tb1[0] 0 tb1[1] 0')
('2014-10-18 10:55:09.137067', 'fd_channel : login[0] 0 login[1] 1 , tb0[0] 43 tb0[1] 45 , tb1[0] 0 tb1[1] 0')
('2014-10-18 10:55:09.138072', 'fd_channel : login[0] 0 login[1] 1 , tb0[0] 43 tb0[1] 44 , tb1[0] 0 tb1[1] 0')
('2014-10-18 10:55:10.189801', 'fd_channel : login[0] 0 login[1] 1 , tb0[0] 43 tb0[1] 45 , tb1[0] 0 tb1[1] 0')
('2014-10-18 10:55:10.191180', 'fd_channel : login[0] 0 login[1] 1 , tb0[0] 43 tb0[1] 44 , tb1[0] 0 tb1[1] 0')
('2014-10-18 10:55:10.337952', 'fd_channel : login[0] 0 login[1] 1 , tb0[0] 42 tb0[1] 44 , tb1[0] 0 tb1[1] 0')
('2014-10-18 10:55:10.339481', 'fd_channel : login[0] 0 login[1] 1 , tb0[0] 42 tb0[1] 43 , tb1[0] 0 tb1[1] 0')
('2014-10-18 10:55:10.363422', 'fd_channel : login[0] 0 login[1] 1 , tb0[0] 41 tb0[1] 43 , tb1[0] 0 tb1[1] 0')
('2014-10-18 10:55:10.364136', 'fd_channel : login[0] 0 login[1] 1 , tb0[0] 41 tb0[1] 42 , tb1[0] 0 tb1[1] 0')
('2014-10-18 10:55:10.909798', 'fd_channel : login[0] 0 login[1] 1 , tb0[0] 40 tb0[1] 42 , tb1[0] 0 tb1[1] 0')
('2014-10-18 10:55:10.910740', 'fd_channel : login[0] 0 login[1] 1 , tb0[0] 40 tb0[1] 41 , tb1[0] 0 tb1[1] 0')
('2014-10-18 10:55:11.353626', 'fd_channel : login[0] 0 login[1] 1 , tb0[0] 39 tb0[1] 41 , tb1[0] 0 tb1[1] 0')
('2014-10-18 10:55:11.355147', 'fd_channel : login[0] 0 login[1] 1 , tb0[0] 39 tb0[1] 40 , tb1[0] 0 tb1[1] 0')
('2014-10-18 10:55:11.360451', 'fd_channel : login[0] 0 login[1] 1 , tb0[0] 38 tb0[1] 40 , tb1[0] 0 tb1[1] 0')
('2014-10-18 10:55:11.361833', 'fd_channel : login[0] 0 login[1] 1 , tb0[0] 38 tb0[1] 39 , tb1[0] 0 tb1[1] 0')
('2014-10-18 10:55:12.341111', 'fd_channel : login[0] 0 login[1] 1 , tb0[0] 38 tb0[1] 40 , tb1[0] 0 tb1[1] 0')
('2014-10-18 10:55:12.342429', 'fd_channel : login[0] 0 login[1] 1 , tb0[0] 38 tb0[1] 39 , tb1[0] 0 tb1[1] 0')
('2014-10-18 10:55:12.384311', 'fd_channel : login[0] 0 login[1] 1 , tb0[0] 37 tb0[1] 39 , tb1[0] 0 tb1[1] 0')
('2014-10-18 10:55:12.385876', 'fd_channel : login[0] 0 login[1] 1 , tb0[0] 37 tb0[1] 38 , tb1[0] 0 tb1[1] 0')
('2014-10-18 10:55:12.391008', 'fd_channel : login[0] 0 login[1] 1 , tb0[0] 36 tb0[1] 38 , tb1[0] 0 tb1[1] 0')
('2014-10-18 10:55:12.393097', 'fd_channel : login[0] 0 login[1] 1 , tb0[0] 36 tb0[1] 37 , tb1[0] 0 tb1[1] 0')
('2014-10-18 10:55:13.363224', 'fd_channel : login[0] 0 login[1] 1 , tb0[0] 35 tb0[1] 37 , tb1[0] 0 tb1[1] 0')
('2014-10-18 10:55:13.363902', 'fd_channel : login[0] 0 login[1] 1 , tb0[0] 35 tb0[1] 36 , tb1[0] 0 tb1[1] 0')
('2014-10-18 10:55:14.387816', 'fd_channel : login[0] 0 login[1] 1 , tb0[0] 35 tb0[1] 37 , tb1[0] 0 tb1[1] 0')
('2014-10-18 10:55:14.388568', 'fd_channel : login[0] 0 login[1] 1 , tb0[0] 35 tb0[1] 36 , tb1[0] 0 tb1[1] 0')
('2014-10-18 10:55:14.394728', 'fd_channel : login[0] 0 login[1] 1 , tb0[0] 34 tb0[1] 36 , tb1[0] 0 tb1[1] 0')
('2014-10-18 10:55:14.395556', 'fd_channel : login[0] 0 login[1] 1 , tb0[0] 34 tb0[1] 35 , tb1[0] 0 tb1[1] 0')
('2014-10-18 11:29:37.467782', 'fd_channel : login[0] 0 login[1] 1 , tb0[0] 42 tb0[1] 43 , tb1[0] 51 tb1[1] 51')
('2014-10-18 11:29:37.470240', 'fd_channel : login[0] 0 login[1] 1 , tb0[0] 42 tb0[1] 43 , tb1[0] 50 tb1[1] 51')
('2014-10-18 11:29:37.471505', 'fd_channel : login[0] 0 login[1] 1 , tb0[0] 42 tb0[1] 43 , tb1[0] 50 tb1[1] 50')
('2014-10-18 11:29:37.472992', 'fd_channel : login[0] 0 login[1] 1 , tb0[0] 42 tb0[1] 43 , tb1[0] 49 tb1[1] 50')
('2014-10-18 11:29:37.474448', 'fd_channel : login[0] 0 login[1] 1 , tb0[0] 42 tb0[1] 43 , tb1[0] 49 tb1[1] 49')
('2014-10-18 11:29:37.476097', 'fd_channel : login[0] 0 login[1] 1 , tb0[0] 42 tb0[1] 43 , tb1[0] 48 tb1[1] 49')
('2014-10-18 11:29:37.477608', 'fd_channel : login[0] 0 login[1] 1 , tb0[0] 42 tb0[1] 43 , tb1[0] 48 tb1[1] 48')
('2014-10-18 11:29:37.478618', 'fd_channel : login[0] 0 login[1] 1 , tb0[0] 42 tb0[1] 43 , tb1[0] 47 tb1[1] 48')
('2014-10-18 11:29:37.480115', 'fd_channel : login[0] 0 login[1] 1 , tb0[0] 42 tb0[1] 43 , tb1[0] 47 tb1[1] 47')
('2014-10-18 11:29:37.482095', 'fd_channel : login[0] 0 login[1] 1 , tb0[0] 42 tb0[1] 43 , tb1[0] 46 tb1[1] 47')
('2014-10-18 11:29:37.483981', 'fd_channel : login[0] 0 login[1] 1 , tb0[0] 42 tb0[1] 43 , tb1[0] 46 tb1[1] 46')
('2014-10-18 11:29:38.238183', 'fd_channel : login[0] 0 login[1] 1 , tb0[0] 42 tb0[1] 43 , tb1[0] 46 tb1[1] 46')
('2014-10-18 11:29:38.784757', 'fd_channel : login[0] 0 login[1] 1 , tb0[0] 42 tb0[1] 43 , tb1[0] 45 tb1[1] 46')
('2014-10-18 11:29:39.027168', 'fd_channel : login[0] 0 login[1] 1 , tb0[0] 42 tb0[1] 43 , tb1[0] 45 tb1[1] 45')
('2014-10-18 11:29:39.112661', 'fd_channel : login[0] 0 login[1] 1 , tb0[0] 42 tb0[1] 43 , tb1[0] 44 tb1[1] 45')
('2014-10-18 11:29:46.456659', 'fd_channel : login[0] 0 login[1] 1 , tb0[0] 42 tb0[1] 43 , tb1[0] 46 tb1[1] 45')
('2014-10-18 11:29:46.457941', 'fd_channel : login[0] 0 login[1] 1 , tb0[0] 42 tb0[1] 43 , tb1[0] 45 tb1[1] 45')
('2014-10-18 11:29:46.459115', 'fd_channel : login[0] 0 login[1] 1 , tb0[0] 42 tb0[1] 43 , tb1[0] 44 tb1[1] 45')
('2014-10-18 11:29:46.460375', 'fd_channel : login[0] 0 login[1] 1 , tb0[0] 42 tb0[1] 43 , tb1[0] 43 tb1[1] 45')
('2014-10-18 11:29:46.462406', 'fd_channel : login[0] 0 login[1] 1 , tb0[0] 42 tb0[1] 43 , tb1[0] 43 tb1[1] 44')
('2014-10-18 11:29:46.464145', 'fd_channel : login[0] 0 login[1] 1 , tb0[0] 42 tb0[1] 43 , tb1[0] 42 tb1[1] 44')
('2014-10-18 11:29:46.465319', 'fd_channel : login[0] 0 login[1] 1 , tb0[0] 42 tb0[1] 43 , tb1[0] 41 tb1[1] 44')
('2014-10-18 11:29:46.466366', 'fd_channel : login[0] 0 login[1] 1 , tb0[0] 42 tb0[1] 43 , tb1[0] 40 tb1[1] 44')
('2014-10-18 11:29:46.467802', 'fd_channel : login[0] 0 login[1] 1 , tb0[0] 42 tb0[1] 43 , tb1[0] 39 tb1[1] 44')
('2014-10-18 11:29:46.469269', 'fd_channel : login[0] 0 login[1] 1 , tb0[0] 42 tb0[1] 43 , tb1[0] 39 tb1[1] 43')
('2014-10-18 11:29:46.470346', 'fd_channel : login[0] 0 login[1] 1 , tb0[0] 42 tb0[1] 43 , tb1[0] 38 tb1[1] 43')
('2014-10-18 11:29:46.471968', 'fd_channel : login[0] 0 login[1] 1 , tb0[0] 42 tb0[1] 43 , tb1[0] 38 tb1[1] 42')
('2014-10-18 11:29:46.473231', 'fd_channel : login[0] 0 login[1] 1 , tb0[0] 42 tb0[1] 43 , tb1[0] 37 tb1[1] 42')
('2014-10-18 11:29:46.474637', 'fd_channel : login[0] 0 login[1] 1 , tb0[0] 42 tb0[1] 43 , tb1[0] 37 tb1[1] 41')
('2014-10-18 11:29:46.475717', 'fd_channel : login[0] 0 login[1] 1 , tb0[0] 42 tb0[1] 43 , tb1[0] 37 tb1[1] 40')
('2014-10-18 11:29:46.477651', 'fd_channel : login[0] 0 login[1] 1 , tb0[0] 42 tb0[1] 43 , tb1[0] 37 tb1[1] 39')
('2014-10-18 11:29:46.479361', 'fd_channel : login[0] 0 login[1] 1 , tb0[0] 42 tb0[1] 43 , tb1[0] 37 tb1[1] 38')
('2014-10-18 11:29:46.480845', 'fd_channel : login[0] 0 login[1] 1 , tb0[0] 42 tb0[1] 43 , tb1[0] 37 tb1[1] 37')
('2014-10-18 11:29:46.481923', 'fd_channel : login[0] 0 login[1] 1 , tb0[0] 42 tb0[1] 43 , tb1[0] 37 tb1[1] 36')
('2014-10-18 11:29:46.483558', 'fd_channel : login[0] 0 login[1] 1 , tb0[0] 42 tb0[1] 43 , tb1[0] 37 tb1[1] 35')
('2014-10-18 11:29:47.259726', 'fd_channel : login[0] 0 login[1] 1 , tb0[0] 42 tb0[1] 43 , tb1[0] 36 tb1[1] 35')
('2014-10-18 11:29:47.260995', 'fd_channel : login[0] 0 login[1] 1 , tb0[0] 42 tb0[1] 43 , tb1[0] 36 tb1[1] 34')
('2014-10-18 11:29:47.268602', 'fd_channel : login[0] 0 login[1] 1 , tb0[0] 42 tb0[1] 43 , tb1[0] 35 tb1[1] 34')
('2014-10-18 11:29:48.477717', 'fd_channel : login[0] 0 login[1] 1 , tb0[0] 42 tb0[1] 43 , tb1[0] 35 tb1[1] 34')
('2014-10-18 11:29:48.479000', 'fd_channel : login[0] 0 login[1] 1 , tb0[0] 42 tb0[1] 43 , tb1[0] 34 tb1[1] 34')
('2014-10-18 11:29:48.480316', 'fd_channel : login[0] 0 login[1] 1 , tb0[0] 42 tb0[1] 43 , tb1[0] 34 tb1[1] 33')
('2014-10-18 11:29:48.481393', 'fd_channel : login[0] 0 login[1] 1 , tb0[0] 42 tb0[1] 43 , tb1[0] 34 tb1[1] 32')
('2014-10-18 11:29:48.486017', 'fd_channel : login[0] 0 login[1] 1 , tb0[0] 42 tb0[1] 43 , tb1[0] 33 tb1[1] 32')
('2014-10-18 11:29:48.487000', 'fd_channel : login[0] 0 login[1] 1 , tb0[0] 42 tb0[1] 43 , tb1[0] 32 tb1[1] 32')
('2014-10-18 11:29:48.488026', 'fd_channel : login[0] 0 login[1] 1 , tb0[0] 42 tb0[1] 43 , tb1[0] 31 tb1[1] 32')
('2014-10-18 11:29:48.489079', 'fd_channel : login[0] 0 login[1] 1 , tb0[0] 42 tb0[1] 43 , tb1[0] 30 tb1[1] 32')
('2014-10-18 11:29:48.490420', 'fd_channel : login[0] 0 login[1] 1 , tb0[0] 42 tb0[1] 43 , tb1[0] 30 tb1[1] 31')
('2014-10-18 11:29:48.491334', 'fd_channel : login[0] 0 login[1] 1 , tb0[0] 42 tb0[1] 43 , tb1[0] 29 tb1[1] 31')
('2014-10-18 11:29:48.492399', 'fd_channel : login[0] 0 login[1] 1 , tb0[0] 42 tb0[1] 43 , tb1[0] 29 tb1[1] 30')
('2014-10-18 11:29:48.494205', 'fd_channel : login[0] 0 login[1] 1 , tb0[0] 42 tb0[1] 43 , tb1[0] 28 tb1[1] 30')
('2014-10-18 11:29:48.495659', 'fd_channel : login[0] 0 login[1] 1 , tb0[0] 42 tb0[1] 43 , tb1[0] 28 tb1[1] 29')
('2014-10-18 11:29:48.497595', 'fd_channel : login[0] 0 login[1] 1 , tb0[0] 42 tb0[1] 43 , tb1[0] 28 tb1[1] 28')
('2014-10-18 11:29:48.498870', 'fd_channel : login[0] 0 login[1] 1 , tb0[0] 42 tb0[1] 43 , tb1[0] 28 tb1[1] 27')
('2014-10-18 11:29:48.500363', 'fd_channel : login[0] 0 login[1] 1 , tb0[0] 42 tb0[1] 43 , tb1[0] 28 tb1[1] 26')
('2014-10-18 11:29:48.685368', 'fd_channel : login[0] 0 login[1] 1 , tb0[0] 42 tb0[1] 43 , tb1[0] 27 tb1[1] 26')
('2014-10-18 11:29:48.686492', 'fd_channel : login[0] 0 login[1] 1 , tb0[0] 42 tb0[1] 43 , tb1[0] 26 tb1[1] 26')
('2014-10-18 11:29:49.262930', 'fd_channel : login[0] 0 login[1] 1 , tb0[0] 42 tb0[1] 43 , tb1[0] 25 tb1[1] 26')
('2014-10-18 11:29:49.264312', 'fd_channel : login[0] 0 login[1] 1 , tb0[0] 42 tb0[1] 43 , tb1[0] 25 tb1[1] 25')
('2014-10-18 11:30:01.482711', 'worker [3] stopping')
