('2014-10-18 09:18:48.021035', 'client 52351307 login 张宇 310113198610012452')
('2014-10-18 09:18:48.475783', 'client 52453696 login 贾云广 220125197405022810')
('2014-10-18 09:18:49.020646', 'client 52421955 login 刘青 310225197609280018')
('2014-10-18 09:18:49.477288', 'client 52546736 login 王静 362103198005250020')
('2014-10-18 09:18:50.018174', 'client 52414911 login 孙赫 231002198812162025')
('2014-10-18 09:18:50.479581', 'client 52421603 login 吴剑峰 310229197812011214')
('2014-10-18 09:18:51.021690', 'client 52384252 login 朱思程 310109198704164516')
('2014-10-18 09:18:51.481382', 'client 52401211 login 石达祺 230183198005110213')
('2014-10-18 09:18:52.020879', 'client 52452116 login 陶凯林 310105198404300453')
('2014-10-18 09:18:52.484025', 'client 52354010 login 黄卫忠 31023019700713417x')
('2014-10-18 10:35:02.275853', 'client 52401211 bid 0 image 4EDC075CE8EAFF99E468418E060FE17B 506212 ')
('2014-10-18 10:35:02.538861', 'client 52384252 bid 0 image 0178EF7FEB09BC3535202050BC19C4E8 682413 ')
('2014-10-18 10:35:02.728951', 'client 52414911 bid 0 image 8A7F32322DE5E304BDF1A26318A4CC70 462506 ')
('2014-10-18 10:35:02.745554', 'client 52414911 bid 0 price 72600 孙赫 231002198812162025')
('2014-10-18 10:35:02.872531', 'client 52546736 bid 0 image 21DEE5D4CC9FE55534D10608AE49035D 111626 ')
('2014-10-18 10:35:03.213321', 'client 52421603 bid 0 image 43B5658BF5F5477CB45C312596E79199 199262 ')
('2014-10-18 10:35:03.443783', 'client 52351307 bid 0 image 1EC7613ED025489EDC5C592CF794C98D 845112 ')
('2014-10-18 10:35:03.573972', 'client 52421955 bid 0 image EFCB9F8A957F607A671B7767F9BD1856 505461 ')
('2014-10-18 10:35:03.744006', 'client 52452116 bid 0 image A12AF4311419346B10049D6A6ADCBBBC 619111 ')
('2014-10-18 10:35:03.876851', 'client 52453696 bid 0 image 8A7E374FA866188880CFCCCCEDAB1F8A 113145 ')
('2014-10-18 10:35:04.046716', 'client 52354010 bid 0 image 13CDDD33E6993D950538B256986F18AB 390638 ')
('2014-10-18 10:35:04.061096', 'client 52354010 bid 0 price 72600 黄卫忠 31023019700713417x')
('2014-10-18 10:35:26.284516', 'client 52401211 bid 0 price Failed')
('2014-10-18 10:35:26.284740', 'client 52401211 bid 0 failed. Abort.....')
('2014-10-18 10:35:26.545247', 'client 52384252 bid 0 price Failed')
('2014-10-18 10:35:26.545399', 'client 52384252 bid 0 failed. Abort.....')
('2014-10-18 10:35:26.879121', 'client 52546736 bid 0 price Failed')
('2014-10-18 10:35:26.879346', 'client 52546736 bid 0 failed. Abort.....')
('2014-10-18 10:35:27.221132', 'client 52421603 bid 0 price Failed')
('2014-10-18 10:35:27.221319', 'client 52421603 bid 0 failed. Abort.....')
('2014-10-18 10:35:27.451071', 'client 52351307 bid 0 price Failed')
('2014-10-18 10:35:27.451256', 'client 52351307 bid 0 failed. Abort.....')
('2014-10-18 10:35:27.580032', 'client 52421955 bid 0 price Failed')
('2014-10-18 10:35:27.580211', 'client 52421955 bid 0 failed. Abort.....')
('2014-10-18 10:35:27.750138', 'client 52452116 bid 0 price Failed')
('2014-10-18 10:35:27.750312', 'client 52452116 bid 0 failed. Abort.....')
('2014-10-18 10:35:27.882563', 'client 52453696 bid 0 price Failed')
('2014-10-18 10:35:27.882766', 'client 52453696 bid 0 failed. Abort.....')
('2014-10-18 10:44:26.022708', 'client 52351307 login 张宇 310113198610012452')
('2014-10-18 10:44:26.448131', 'client 52453696 login 贾云广 220125197405022810')
('2014-10-18 10:44:27.022459', 'client 52414911 login 孙赫 231002198812162025')
('2014-10-18 10:44:27.449028', 'client 52421955 login 刘青 310225197609280018')
('2014-10-18 10:44:28.024347', 'client 52354010 login 黄卫忠 31023019700713417x')
('2014-10-18 10:44:28.452044', 'client 52421603 login 吴剑峰 310229197812011214')
('2014-10-18 10:44:29.021631', 'client 52401211 login 石达祺 230183198005110213')
('2014-10-18 10:44:29.454414', 'client 52452116 login 陶凯林 310105198404300453')
('2014-10-18 10:44:30.018007', 'client 52546736 login 王静 362103198005250020')
('2014-10-18 10:44:30.457002', 'client 52384252 login 朱思程 310109198704164516')
('2014-10-18 10:45:26.995622', 'client 52421603 bid 0 image Failed')
('2014-10-18 10:45:26.995706', 'client 52421603 bid 0 failed. Abort.....')
('2014-10-18 10:45:26.998315', 'client 52351307 bid 0 image Failed')
('2014-10-18 10:45:26.998395', 'client 52351307 bid 0 failed. Abort.....')
('2014-10-18 10:45:26.999017', 'client 52414911 bid 0 image Failed')
('2014-10-18 10:45:26.999103', 'client 52414911 bid 0 failed. Abort.....')
('2014-10-18 10:45:26.999477', 'client 52546736 bid 0 image Failed')
('2014-10-18 10:45:26.999562', 'client 52546736 bid 0 failed. Abort.....')
('2014-10-18 10:45:26.999867', 'client 52401211 bid 0 image Failed')
('2014-10-18 10:45:26.999970', 'client 52401211 bid 0 failed. Abort.....')
('2014-10-18 10:45:27.000276', 'client 52384252 bid 0 image Failed')
('2014-10-18 10:45:27.000354', 'client 52384252 bid 0 failed. Abort.....')
('2014-10-18 10:45:27.000730', 'client 52452116 bid 0 image Failed')
('2014-10-18 10:45:27.000814', 'client 52452116 bid 0 failed. Abort.....')
('2014-10-18 10:45:27.001119', 'client 52453696 bid 0 image Failed')
('2014-10-18 10:45:27.001199', 'client 52453696 bid 0 failed. Abort.....')
('2014-10-18 10:45:27.001488', 'client 52354010 bid 0 image Failed')
('2014-10-18 10:45:27.001590', 'client 52354010 bid 0 failed. Abort.....')
('2014-10-18 10:45:27.002170', 'client 52421955 bid 0 image Failed')
('2014-10-18 10:45:27.002256', 'client 52421955 bid 0 failed. Abort.....')
('2014-10-18 10:53:47.024629', 'client 52351307 login 张宇 310113198610012452')
('2014-10-18 10:53:47.514652', 'client 52453696 login 贾云广 220125197405022810')
('2014-10-18 10:53:48.017053', 'client 52421603 login 吴剑峰 310229197812011214')
('2014-10-18 10:53:48.020525', 'client 52546736 login 王静 362103198005250020')
('2014-10-18 10:53:49.022215', 'client 52354010 login 黄卫忠 31023019700713417x')
('2014-10-18 10:53:49.024442', 'client 52414911 login 孙赫 231002198812162025')
('2014-10-18 10:53:50.022220', 'client 52401211 login 石达祺 230183198005110213')
('2014-10-18 10:53:50.026261', 'client 52421955 login 刘青 310225197609280018')
('2014-10-18 10:53:51.018303', 'client 52384252 login 朱思程 310109198704164516')
('2014-10-18 10:53:51.022427', 'client 52452116 login 陶凯林 310105198404300453')
('2014-10-18 10:55:03.246894', 'client 52414911 bid 0 image 7A9EB693CD60F916ED73701343B1057E 190808 ')
('2014-10-18 10:55:03.604608', 'client 52452116 bid 0 image 21AFB36D326C6D8321DD1B8EA1017346 516211 ')
('2014-10-18 10:55:03.822554', 'client 52421955 bid 0 image DD68B9437A4058EAF237420C7B3D5323 909192 ')
('2014-10-18 10:55:03.836902', 'client 52421955 bid 0 price 72600 刘青 310225197609280018')
('2014-10-18 10:55:04.221310', 'client 52401211 bid 0 image 480F99929D9465104BEBF78E316B9375 115260 ')
('2014-10-18 10:55:04.787259', 'client 52384252 bid 0 image 1A147ACC0708A3104A3804FF55FD2BF7 254638 ')
('2014-10-18 10:55:04.800647', 'client 52384252 bid 0 price 72600 朱思程 310109198704164516')
('2014-10-18 10:55:05.025501', 'client 52546736 bid 0 image 9671A9DFC66060C4E4803F10E33E2553 461605 ')
('2014-10-18 10:55:05.038676', 'client 52546736 bid 0 price 72600 王静 362103198005250020')
('2014-10-18 10:55:05.196231', 'client 52421603 bid 0 image 3C203833FDD5B02CD30AFF3C1D100EEE 918183 ')
('2014-10-18 10:55:05.417603', 'client 52453696 bid 0 image BD16ACB4D8CB2E10AF22F5A4778F0269 401611 ')
('2014-10-18 10:55:05.620050', 'client 52351307 bid 0 image 94DCB0A0F865B47B377EFAF9B390FCBC 151111 ')
('2014-10-18 10:55:05.756776', 'client 52354010 bid 0 image 87F7941B40564172B381835D3AD2F28C 191906 ')
('2014-10-18 10:55:27.253374', 'client 52414911 bid 0 price Failed')
('2014-10-18 10:55:27.253612', 'client 52414911 bid 0 failed. Abort.....')
('2014-10-18 10:55:27.609612', 'client 52452116 bid 0 price Failed')
('2014-10-18 10:55:27.609833', 'client 52452116 bid 0 failed. Abort.....')
('2014-10-18 10:55:28.227569', 'client 52401211 bid 0 price Failed')
('2014-10-18 10:55:28.227756', 'client 52401211 bid 0 failed. Abort.....')
('2014-10-18 10:55:29.201885', 'client 52421603 bid 0 price Failed')
('2014-10-18 10:55:29.202199', 'client 52421603 bid 0 failed. Abort.....')
('2014-10-18 10:55:29.423966', 'client 52453696 bid 0 price Failed')
('2014-10-18 10:55:29.424164', 'client 52453696 bid 0 failed. Abort.....')
('2014-10-18 10:55:29.627088', 'client 52351307 bid 0 price Failed')
('2014-10-18 10:55:29.627316', 'client 52351307 bid 0 failed. Abort.....')
('2014-10-18 10:55:29.762125', 'client 52354010 bid 0 price Failed')
('2014-10-18 10:55:29.762364', 'client 52354010 bid 0 failed. Abort.....')
('2014-10-18 11:29:37.978478', 'client 52384252 bid 1 image A675BFDB9DA48B85DEDD9C51B7C186E4 153516 ')
('2014-10-18 11:29:38.259390', 'client 52421603 bid 1 image 93EB27EDBE345E9E98129373F08FE52D 809150 ')
('2014-10-18 11:29:38.802943', 'client 52421955 bid 1 image 67A6BCE74ABB6B149F38C8DDCCC658FC 516211 ')
('2014-10-18 11:29:38.999963', 'client 52401211 bid 1 image 2E6E23AF286FD0D0965B36BE0B405760 352105 ')
('2014-10-18 11:29:39.337018', 'client 52351307 bid 1 image 48435C94A69B249B562DC01B71026E10 106163 ')
('2014-10-18 11:29:39.467601', 'client 52414911 bid 1 image 65BDD6BBE23DF8C2D787259BA6B51762 194905 ')
('2014-10-18 11:29:39.549436', 'client 52546736 bid 1 image 2BFFD505EE250C3EAC84965A2381ABDE 809493 ')
('2014-10-18 11:29:39.889686', 'client 52452116 bid 1 image C51A35C8E3854BFD4A2F5D3DDF83D1C7 117631 ')
('2014-10-18 11:29:40.082075', 'client 52354010 bid 1 image F2F8F3E1597CBB1D87BC3936F565FE91 619483 ')
('2014-10-18 11:29:40.884597', 'client 52453696 bid 1 image D3DD80ABC5772025F4C6CF389764A094 451906 ')
('2014-10-18 11:29:41.673188', 'client 52414911 bid 1 price 73800 孙赫 231002198812162025')
('2014-10-18 11:29:43.097590', 'client 52384252 bid 1 price 73800 朱思程 310109198704164516')
('2014-10-18 11:29:43.911719', 'client 52546736 bid 1 price 73800 王静 362103198005250020')
('2014-10-18 11:29:44.527490', 'client 52414911 bid 2 image 7B82D6CF9C1A39908AF5345E7E1812BA 549164 ')
('2014-10-18 11:29:46.491447', 'client 52546736 bid 2 image 9726345326B1A573EF806EC3D4AD7BE0 605021 ')
('2014-10-18 11:29:53.657388', 'client 52384252 bid 2 image 8EA8ED044845184190EF6A1D1CC2F262 627280 ')
('2014-10-18 11:29:54.908502', 'client 52384252 bid 2 price 74000 朱思程 310109198704164516')
('2014-10-18 11:30:04.918858', "client 52384252 bids finished. price : ['72600', '73800', '74000'] . Quit.....")
('2014-10-18 11:30:05.646261', 'client 52351307 bid 1 price Failed')
('2014-10-18 11:30:05.646564', 'client 52351307 bid 1 failed. Abort.....')
('2014-10-18 11:30:05.647348', 'client 52453696 bid 1 price Failed')
('2014-10-18 11:30:05.647483', 'client 52453696 bid 1 failed. Abort.....')
('2014-10-18 11:30:05.653399', 'client 52421955 bid 1 price Failed')
('2014-10-18 11:30:05.653583', 'client 52421955 bid 1 failed. Abort.....')
('2014-10-18 11:30:05.656546', 'client 52421603 bid 1 price Failed')
('2014-10-18 11:30:05.656700', 'client 52421603 bid 1 failed. Abort.....')
('2014-10-18 11:30:05.658599', 'client 52452116 bid 1 price Failed')
('2014-10-18 11:30:05.658792', 'client 52452116 bid 1 failed. Abort.....')
('2014-10-18 11:30:05.663180', 'client 52354010 bid 1 price Failed')
('2014-10-18 11:30:05.663254', 'client 52354010 bid 1 failed. Abort.....')
('2014-10-18 11:30:05.664427', 'client 52401211 bid 1 price Failed')
('2014-10-18 11:30:05.664505', 'client 52401211 bid 1 failed. Abort.....')
('2014-10-18 11:30:13.737555', 'client 52546736 bid 2 price Failed')
('2014-10-18 11:30:13.737802', 'client 52546736 bid 2 failed. Abort.....')
('2014-10-18 11:30:13.740198', 'client 52414911 bid 2 price Failed')
('2014-10-18 11:30:13.740363', 'client 52414911 bid 2 failed. Abort.....')
('2014-10-18 11:30:15.684837', 'client 52351307 bid 2 image Failed')
('2014-10-18 11:30:15.684895', 'client 52351307 bid 2 failed. Abort.....')
('2014-10-18 11:30:15.696690', 'client 52453696 bid 2 image Failed')
('2014-10-18 11:30:15.696771', 'client 52453696 bid 2 failed. Abort.....')
('2014-10-18 11:30:15.699443', 'client 52421955 bid 2 image Failed')
('2014-10-18 11:30:15.699490', 'client 52421955 bid 2 failed. Abort.....')
('2014-10-18 11:30:15.699770', 'client 52401211 bid 2 image Failed')
('2014-10-18 11:30:15.699826', 'client 52401211 bid 2 failed. Abort.....')
('2014-10-18 11:30:23.688107', 'client 52421603 bid 2 image Failed')
('2014-10-18 11:30:23.688207', 'client 52421603 bid 2 failed. Abort.....')
('2014-10-18 11:30:23.689313', 'client 52452116 bid 2 image Failed')
('2014-10-18 11:30:23.689401', 'client 52452116 bid 2 failed. Abort.....')
('2014-10-18 11:30:23.700997', 'client 52354010 bid 2 image Failed')
('2014-10-18 11:30:23.701078', 'client 52354010 bid 2 failed. Abort.....')
('2014-10-18 11:30:23.746889', "client 52546736 bids finished. price : ['72600', '73800', None] . Quit.....")
('2014-10-18 11:30:23.747168', "client 52414911 bids finished. price : [None, '73800', None] . Quit.....")
('2014-10-18 11:30:25.695106', 'client 52351307 bids finished. price : [None, None, None] . Quit.....')
('2014-10-18 11:30:25.706890', 'client 52453696 bids finished. price : [None, None, None] . Quit.....')
('2014-10-18 11:30:25.707105', "client 52421955 bids finished. price : ['72600', None, None] . Quit.....")
('2014-10-18 11:30:25.707253', 'client 52401211 bids finished. price : [None, None, None] . Quit.....')
('2014-10-18 11:30:33.698405', 'client 52421603 bids finished. price : [None, None, None] . Quit.....')
('2014-10-18 11:30:33.698948', 'client 52452116 bids finished. price : [None, None, None] . Quit.....')
('2014-10-18 11:30:33.711248', 'client 52354010 bids finished. price : [None, None, None] . Quit.....')
