('2014-10-18 09:18:31.027331', 'client 52373787 login 周一红 32091119751115252x')
('2014-10-18 09:18:31.426497', 'client 52514679 login 查培莹 310107780128402')
('2014-10-18 09:18:32.020031', 'client 52342148 login 熊张苗 310228198707226422')
('2014-10-18 09:18:32.428831', 'client 52285651 login 闵令超 370826198411266418')
('2014-10-18 09:18:33.020147', 'client 52239544 login 顾叶锋 31022519820706101x')
('2014-10-18 09:18:33.430374', 'client 52439717 login 陈芸 310105198201053667')
('2014-10-18 09:18:34.020940', 'client 52437870 login 侯碧蕴 310103198603107020')
('2014-10-18 09:18:34.431408', 'client 52546471 login 彭建军 310228196407235811')
('2014-10-18 09:18:35.017226', 'client 52519993 login 汪春意 31010719650118286x')
('2014-10-18 09:18:35.432439', 'client 52349401 login 蔡金存 350321197502142659')
('2014-10-18 10:35:02.949512', 'client 52349401 bid 0 image 8AB7B397DA390F23CBFE834A99605FE6 093125 ')
('2014-10-18 10:35:03.158932', 'client 52373787 bid 0 image 096EB2A340DA32128786544D85B50454 212816 ')
('2014-10-18 10:35:03.664096', 'client 52514679 bid 0 image B296634B57CCA2C82A7C07EF7288E267 609180 ')
('2014-10-18 10:35:03.930930', 'client 52239544 bid 0 image CA1F10D0BD4D0AF3034BF7532F9FE34C 806081 ')
('2014-10-18 10:35:03.945900', 'client 52239544 bid 0 price 72600 顾叶锋 31022519820706101x')
('2014-10-18 10:35:04.051165', 'client 52439717 bid 0 image 9D0A645A0C0FB894AB3656DC8C75A984 946091 ')
('2014-10-18 10:35:04.065201', 'client 52439717 bid 0 price 72600 陈芸 310105198201053667')
('2014-10-18 10:35:04.175913', 'client 52285651 bid 0 image 0605278A3CEE781377C2501080D6A3E8 161641 ')
('2014-10-18 10:35:04.704992', 'client 52519993 bid 0 image 761197B8B76AB62C7537D20CE1A0FE97 182916 ')
('2014-10-18 10:35:11.357564', 'client 52546471 bid 0 image Failed')
('2014-10-18 10:35:11.357616', 'client 52546471 bid 0 failed. Abort.....')
('2014-10-18 10:35:11.493787', 'client 52437870 bid 0 image Failed')
('2014-10-18 10:35:11.493879', 'client 52437870 bid 0 failed. Abort.....')
('2014-10-18 10:35:12.557485', 'client 52342148 bid 0 image Failed')
('2014-10-18 10:35:12.557646', 'client 52342148 bid 0 failed. Abort.....')
('2014-10-18 10:35:26.956140', 'client 52349401 bid 0 price Failed')
('2014-10-18 10:35:26.956368', 'client 52349401 bid 0 failed. Abort.....')
('2014-10-18 10:35:27.165059', 'client 52373787 bid 0 price Failed')
('2014-10-18 10:35:27.165184', 'client 52373787 bid 0 failed. Abort.....')
('2014-10-18 10:35:27.671682', 'client 52514679 bid 0 price Failed')
('2014-10-18 10:35:27.671851', 'client 52514679 bid 0 failed. Abort.....')
('2014-10-18 10:35:28.180949', 'client 52285651 bid 0 price Failed')
('2014-10-18 10:35:28.181110', 'client 52285651 bid 0 failed. Abort.....')
('2014-10-18 10:35:28.711402', 'client 52519993 bid 0 price Failed')
('2014-10-18 10:35:28.711537', 'client 52519993 bid 0 failed. Abort.....')
('2014-10-18 10:42:23.021872', 'client 52373787 login 周一红 32091119751115252x')
('2014-10-18 10:42:23.201299', 'client 52514679 login 查培莹 310107780128402')
('2014-10-18 10:42:24.022252', 'client 52342148 login 熊张苗 310228198707226422')
('2014-10-18 10:42:24.204868', 'client 52285651 login 闵令超 370826198411266418')
('2014-10-18 10:42:25.023527', 'client 52239544 login 顾叶锋 31022519820706101x')
('2014-10-18 10:42:25.209167', 'client 52439717 login 陈芸 310105198201053667')
('2014-10-18 10:42:26.021087', 'client 52437870 login 侯碧蕴 310103198603107020')
('2014-10-18 10:42:26.207101', 'client 52349401 login 蔡金存 350321197502142659')
('2014-10-18 10:42:27.020359', 'client 52519993 login 汪春意 31010719650118286x')
('2014-10-18 10:42:27.208943', 'client 52546471 login 彭建军 310228196407235811')
('2014-10-18 10:45:03.269182', 'client 52546471 bid 0 image 5BF630DA3AF7C54506D6BCE427FB46A8 518052 ')
('2014-10-18 10:45:03.285077', 'client 52546471 bid 0 price 72600 彭建军 310228196407235811')
('2014-10-18 10:45:03.426639', 'client 52239544 bid 0 image 0403C71E7261158A6AB9E5BB6D60EDBB 516110 ')
('2014-10-18 10:45:03.955759', 'client 52514679 bid 0 image 7044770B35FB777AAAB10C088528154E 836144 ')
('2014-10-18 10:45:04.141814', 'client 52439717 bid 0 image 14CE35D9E9DF1AC097C9F88787B95A11 801161 ')
('2014-10-18 10:45:04.428194', 'client 52342148 bid 0 image 35CD3FC9776A37A415D7F4138C800B0F 535362 ')
('2014-10-18 10:45:04.443455', 'client 52342148 bid 0 price 72600 熊张苗 310228198707226422')
('2014-10-18 10:45:04.704923', 'client 52437870 bid 0 image 94DCD306CF72D68950F47A879CF12976 492833 ')
('2014-10-18 10:45:04.978923', 'client 52519993 bid 0 image 4AF330A79FA6B82BFED5E5684943C458 193528 ')
('2014-10-18 10:45:05.242980', 'client 52349401 bid 0 image A7D657D58FD54D621B66FCFC6ECF9AA0 935364 ')
('2014-10-18 10:45:05.258949', 'client 52349401 bid 0 price 72600 蔡金存 350321197502142659')
('2014-10-18 10:45:05.417109', 'client 52285651 bid 0 image 7CD8E49203E06B9C883C71C498E58E66 164525 ')
('2014-10-18 10:45:05.636601', 'client 52373787 bid 0 image 0833BE10767515AC040903A15AE219D2 838051 ')
('2014-10-18 10:45:05.665850', 'client 52373787 bid 0 price 72600 周一红 32091119751115252x')
('2014-10-18 10:45:27.433138', 'client 52239544 bid 0 price Failed')
('2014-10-18 10:45:27.433349', 'client 52239544 bid 0 failed. Abort.....')
('2014-10-18 10:45:27.961127', 'client 52514679 bid 0 price Failed')
('2014-10-18 10:45:27.961329', 'client 52514679 bid 0 failed. Abort.....')
('2014-10-18 10:45:28.147290', 'client 52439717 bid 0 price Failed')
('2014-10-18 10:45:28.147434', 'client 52439717 bid 0 failed. Abort.....')
('2014-10-18 10:45:28.711518', 'client 52437870 bid 0 price Failed')
('2014-10-18 10:45:28.711687', 'client 52437870 bid 0 failed. Abort.....')
('2014-10-18 10:45:28.985341', 'client 52519993 bid 0 price Failed')
('2014-10-18 10:45:28.985479', 'client 52519993 bid 0 failed. Abort.....')
('2014-10-18 10:45:29.423613', 'client 52285651 bid 0 price Failed')
('2014-10-18 10:45:29.423747', 'client 52285651 bid 0 failed. Abort.....')
('2014-10-18 10:52:11.023278', 'client 52373787 login 周一红 32091119751115252x')
('2014-10-18 10:52:11.123674', 'client 52514679 login 查培莹 310107780128402')
('2014-10-18 10:52:12.022738', 'client 52342148 login 熊张苗 310228198707226422')
('2014-10-18 10:52:12.126568', 'client 52285651 login 闵令超 370826198411266418')
('2014-10-18 10:52:13.022529', 'client 52239544 login 顾叶锋 31022519820706101x')
('2014-10-18 10:52:13.131017', 'client 52546471 login 彭建军 310228196407235811')
('2014-10-18 10:52:14.019684', 'client 52439717 login 陈芸 310105198201053667')
('2014-10-18 10:52:14.128811', 'client 52519993 login 汪春意 31010719650118286x')
('2014-10-18 10:52:15.022142', 'client 52437870 login 侯碧蕴 310103198603107020')
('2014-10-18 10:52:15.133184', 'client 52349401 login 蔡金存 350321197502142659')
('2014-10-18 10:55:02.503583', 'client 52439717 bid 0 image 591C58B9B94C22C1B6B5E652A2E64DA3 090519 ')
('2014-10-18 10:55:02.689674', 'client 52342148 bid 0 image 899673A75386D5C14D4F87C44F60DDE9 929061 ')
('2014-10-18 10:55:02.897365', 'client 52285651 bid 0 image 3CDC4D9689545F16D0085B47CC12288E 611384 ')
('2014-10-18 10:55:03.280671', 'client 52349401 bid 0 image 2B8F1322F348ED8F0ABFDDF404024EDB 052835 ')
('2014-10-18 10:55:03.608373', 'client 52519993 bid 0 image F157EF2EF0725CBE33A2FEED7745512A 608152 ')
('2014-10-18 10:55:03.623989', 'client 52519993 bid 0 price 72600 汪春意 31010719650118286x')
('2014-10-18 10:55:03.780730', 'client 52239544 bid 0 image 25059624CFB1030941D8C8AEAB5F3EB9 252629 ')
('2014-10-18 10:55:04.207183', 'client 52373787 bid 0 image A9277F349F1DC0EAD22D332505C548B6 061526 ')
('2014-10-18 10:55:04.421134', 'client 52437870 bid 0 image C3880F4176045B4C1EB2EAC21F7FF1EE 414801 ')
('2014-10-18 10:55:04.646956', 'client 52546471 bid 0 image 2268F10C390625AAB819E78DC611390F 616152 ')
('2014-10-18 10:55:04.831647', 'client 52514679 bid 0 image 921CE74627B87590C5E1D75EFE5D8187 845052 ')
('2014-10-18 10:55:05.282668', 'client 52349401 bid 0 price 72600 meet err_112 蔡金存 350321197502142659')
('2014-10-18 10:55:05.783682', 'client 52239544 bid 0 price 72600 meet err_112 顾叶锋 31022519820706101x')
('2014-10-18 10:55:25.283064', 'client 52349401 bid 0 price Failed')
('2014-10-18 10:55:25.283258', 'client 52349401 bid 0 failed. Abort.....')
('2014-10-18 10:55:25.784103', 'client 52239544 bid 0 price Failed')
('2014-10-18 10:55:25.784281', 'client 52239544 bid 0 failed. Abort.....')
('2014-10-18 10:55:26.507671', 'client 52439717 bid 0 price Failed')
('2014-10-18 10:55:26.507887', 'client 52439717 bid 0 failed. Abort.....')
('2014-10-18 10:55:26.694571', 'client 52342148 bid 0 price Failed')
('2014-10-18 10:55:26.694708', 'client 52342148 bid 0 failed. Abort.....')
('2014-10-18 10:55:26.902647', 'client 52285651 bid 0 price Failed')
('2014-10-18 10:55:26.902799', 'client 52285651 bid 0 failed. Abort.....')
('2014-10-18 10:55:28.211154', 'client 52373787 bid 0 price Failed')
('2014-10-18 10:55:28.211332', 'client 52373787 bid 0 failed. Abort.....')
('2014-10-18 10:55:28.424954', 'client 52437870 bid 0 price Failed')
('2014-10-18 10:55:28.425095', 'client 52437870 bid 0 failed. Abort.....')
('2014-10-18 10:55:28.652187', 'client 52546471 bid 0 price Failed')
('2014-10-18 10:55:28.652358', 'client 52546471 bid 0 failed. Abort.....')
('2014-10-18 10:55:28.837210', 'client 52514679 bid 0 price Failed')
('2014-10-18 10:55:28.837345', 'client 52514679 bid 0 failed. Abort.....')
('2014-10-18 11:29:37.718643', 'client 52519993 bid 1 image 720C019406374C37F912429B40E1EE73 648491 ')
('2014-10-18 11:29:38.105584', 'client 52373787 bid 1 image 405A8F65B199548BF98F770D94FAF3DF 911940 ')
('2014-10-18 11:29:38.347200', 'client 52437870 bid 1 image 716718789A2EF8AB51485F806D349A19 141626 ')
('2014-10-18 11:29:38.510553', 'client 52439717 bid 1 image DF0960893D89D5C6C5EF505EB4E915F4 094818 ')
('2014-10-18 11:29:38.676774', 'client 52546471 bid 1 image 5C71A51AE9E1DDF38A1265AD79AA39C7 635061 ')
('2014-10-18 11:29:38.961649', 'client 52514679 bid 1 image 668D977CD3E6ABA3A2379B2148036B09 831211 ')
('2014-10-18 11:29:39.151223', 'client 52342148 bid 1 image CB370FCB3A7AE431DFBF8DF67E6061BD 625360 ')
('2014-10-18 11:29:39.341366', 'client 52239544 bid 1 image 09F51F323F841C87A043DA495DF3EF55 162108 ')
('2014-10-18 11:29:39.598636', 'client 52349401 bid 1 image D90F3C904B669EBB8FC6C26AAD71FED7 462144 ')
('2014-10-18 11:29:41.523079', 'client 52546471 bid 1 price 73800 彭建军 310228196407235811')
('2014-10-18 11:29:42.948597', 'client 52439717 bid 1 price 73800 陈芸 310105198201053667')
('2014-10-18 11:29:44.025123', 'client 52546471 bid 2 image 0B57ADADF162CA17B6D73B3E8BF183BE 380146 ')
('2014-10-18 11:29:44.131319', 'client 52519993 bid 1 price 73800 汪春意 31010719650118286x')
('2014-10-18 11:29:45.845975', 'client 52285651 bid 1 image Failed')
('2014-10-18 11:29:45.846044', 'client 52285651 bid 1 failed. Abort.....')
('2014-10-18 11:29:46.878951', 'client 52519993 bid 2 image 0081A42B5EDA5D3927E07CA279F329FC 511054 ')
('2014-10-18 11:29:53.520096', 'client 52439717 bid 2 image 7CEFBE28FE8ED615D6C50F4BB93799AA 829171 ')
('2014-10-18 11:29:54.779141', 'client 52439717 bid 2 price 74000 陈芸 310105198201053667')
('2014-10-18 11:29:56.657873', 'client 52285651 bid 2 image 6F3F001B07FACEA2126BD89FA08A7420 709083 ')
('2014-10-18 11:30:04.789367', "client 52439717 bids finished. price : [None, '73800', '74000'] . Quit.....")
('2014-10-18 11:30:05.495765', 'client 52437870 bid 1 price Failed')
('2014-10-18 11:30:05.495979', 'client 52437870 bid 1 failed. Abort.....')
('2014-10-18 11:30:05.496331', 'client 52373787 bid 1 price Failed')
('2014-10-18 11:30:05.496426', 'client 52373787 bid 1 failed. Abort.....')
('2014-10-18 11:30:05.501652', 'client 52239544 bid 1 price Failed')
('2014-10-18 11:30:05.501826', 'client 52239544 bid 1 failed. Abort.....')
('2014-10-18 11:30:05.504012', 'client 52514679 bid 1 price Failed')
('2014-10-18 11:30:05.504231', 'client 52514679 bid 1 failed. Abort.....')
('2014-10-18 11:30:05.525457', 'client 52349401 bid 1 price Failed')
('2014-10-18 11:30:05.525629', 'client 52349401 bid 1 failed. Abort.....')
('2014-10-18 11:30:05.525945', 'client 52342148 bid 1 price Failed')
('2014-10-18 11:30:05.526048', 'client 52342148 bid 1 failed. Abort.....')
('2014-10-18 11:30:13.544150', 'client 52519993 bid 2 price Failed')
('2014-10-18 11:30:13.544339', 'client 52519993 bid 2 failed. Abort.....')
('2014-10-18 11:30:13.544836', 'client 52546471 bid 2 price Failed')
('2014-10-18 11:30:13.544959', 'client 52546471 bid 2 failed. Abort.....')
('2014-10-18 11:30:15.529703', 'client 52373787 bid 2 image Failed')
('2014-10-18 11:30:15.529751', 'client 52373787 bid 2 failed. Abort.....')
('2014-10-18 11:30:15.532863', 'client 52239544 bid 2 image Failed')
('2014-10-18 11:30:15.532922', 'client 52239544 bid 2 failed. Abort.....')
('2014-10-18 11:30:15.543045', 'client 52437870 bid 2 image Failed')
('2014-10-18 11:30:15.543104', 'client 52437870 bid 2 failed. Abort.....')
('2014-10-18 11:30:15.556118', 'client 52342148 bid 2 image Failed')
('2014-10-18 11:30:15.556162', 'client 52342148 bid 2 failed. Abort.....')
('2014-10-18 11:30:20.665238', 'client 52285651 bid 2 price Failed')
('2014-10-18 11:30:20.665420', 'client 52285651 bid 2 failed. Abort.....')
('2014-10-18 11:30:23.520317', 'client 52514679 bid 2 image Failed')
('2014-10-18 11:30:23.520398', 'client 52514679 bid 2 failed. Abort.....')
('2014-10-18 11:30:23.554537', "client 52519993 bids finished. price : ['72600', '73800', None] . Quit.....")
('2014-10-18 11:30:23.554764', "client 52546471 bids finished. price : [None, '73800', None] . Quit.....")
('2014-10-18 11:30:25.539893', 'client 52373787 bids finished. price : [None, None, None] . Quit.....')
('2014-10-18 11:30:25.540349', 'client 52239544 bids finished. price : [None, None, None] . Quit.....')
('2014-10-18 11:30:25.553199', 'client 52437870 bids finished. price : [None, None, None] . Quit.....')
('2014-10-18 11:30:25.566252', 'client 52342148 bids finished. price : [None, None, None] . Quit.....')
('2014-10-18 11:30:30.675633', 'client 52285651 bids finished. price : [None, None, None] . Quit.....')
('2014-10-18 11:30:31.538490', 'client 52349401 bid 2 image Failed')
('2014-10-18 11:30:31.538645', 'client 52349401 bid 2 failed. Abort.....')
('2014-10-18 11:30:33.530611', 'client 52514679 bids finished. price : [None, None, None] . Quit.....')
('2014-10-18 11:30:41.548829', 'client 52349401 bids finished. price : [None, None, None] . Quit.....')
