('2014-10-18 09:18:33.109099', 'redis reader connect succeed')
('2014-10-18 09:18:33.109322', 'redis writer connect succeed')
('2014-10-18 09:18:33.142838', 'redis timer connect succeed')
('2014-10-18 09:18:33.166833', 'worker [5] started')
('2014-10-18 09:18:33.166928', 'client 10 initted')
('2014-10-18 09:18:34.013404', 'fd_channel : login[0] 0 login[1] 1 , tb0[0] 0 tb0[1] 0 , tb1[0] 0 tb1[1] 0')
('2014-10-18 09:18:34.162723', 'fd_channel : login[0] 0 login[1] 0 , tb0[0] 0 tb0[1] 0 , tb1[0] 0 tb1[1] 0')
('2014-10-18 09:18:35.012053', 'fd_channel : login[0] 0 login[1] 1 , tb0[0] 0 tb0[1] 0 , tb1[0] 0 tb1[1] 0')
('2014-10-18 09:18:35.165093', 'fd_channel : login[0] 0 login[1] 0 , tb0[0] 0 tb0[1] 0 , tb1[0] 0 tb1[1] 0')
('2014-10-18 09:18:36.012635', 'fd_channel : login[0] 0 login[1] 1 , tb0[0] 0 tb0[1] 0 , tb1[0] 0 tb1[1] 0')
('2014-10-18 09:18:36.167303', 'fd_channel : login[0] 0 login[1] 0 , tb0[0] 0 tb0[1] 0 , tb1[0] 0 tb1[1] 0')
('2014-10-18 09:18:37.012077', 'fd_channel : login[0] 0 login[1] 1 , tb0[0] 0 tb0[1] 0 , tb1[0] 0 tb1[1] 0')
('2014-10-18 09:18:37.169345', 'fd_channel : login[0] 0 login[1] 0 , tb0[0] 0 tb0[1] 0 , tb1[0] 0 tb1[1] 0')
('2014-10-18 09:18:38.011278', 'fd_channel : login[0] 0 login[1] 1 , tb0[0] 0 tb0[1] 0 , tb1[0] 0 tb1[1] 0')
('2014-10-18 09:18:38.171270', 'fd_channel : login[0] 0 login[1] 0 , tb0[0] 0 tb0[1] 0 , tb1[0] 0 tb1[1] 0')
('2014-10-18 10:35:02.312062', 'fd_channel : login[0] 0 login[1] 0 , tb0[0] 50 tb0[1] 50 , tb1[0] 0 tb1[1] 0')
('2014-10-18 10:35:02.314738', 'fd_channel : login[0] 0 login[1] 0 , tb0[0] 49 tb0[1] 50 , tb1[0] 0 tb1[1] 0')
('2014-10-18 10:35:02.316250', 'fd_channel : login[0] 0 login[1] 0 , tb0[0] 49 tb0[1] 49 , tb1[0] 0 tb1[1] 0')
('2014-10-18 10:35:02.317684', 'fd_channel : login[0] 0 login[1] 0 , tb0[0] 48 tb0[1] 49 , tb1[0] 0 tb1[1] 0')
('2014-10-18 10:35:02.318791', 'fd_channel : login[0] 0 login[1] 0 , tb0[0] 48 tb0[1] 48 , tb1[0] 0 tb1[1] 0')
('2014-10-18 10:35:02.320114', 'fd_channel : login[0] 0 login[1] 0 , tb0[0] 47 tb0[1] 48 , tb1[0] 0 tb1[1] 0')
('2014-10-18 10:35:02.322169', 'fd_channel : login[0] 0 login[1] 0 , tb0[0] 47 tb0[1] 47 , tb1[0] 0 tb1[1] 0')
('2014-10-18 10:35:02.323248', 'fd_channel : login[0] 0 login[1] 0 , tb0[0] 46 tb0[1] 47 , tb1[0] 0 tb1[1] 0')
('2014-10-18 10:35:02.326078', 'fd_channel : login[0] 0 login[1] 0 , tb0[0] 46 tb0[1] 46 , tb1[0] 0 tb1[1] 0')
('2014-10-18 10:35:02.336599', 'fd_channel : login[0] 0 login[1] 0 , tb0[0] 45 tb0[1] 46 , tb1[0] 0 tb1[1] 0')
('2014-10-18 10:35:02.525917', 'fd_channel : login[0] 0 login[1] 0 , tb0[0] 44 tb0[1] 46 , tb1[0] 0 tb1[1] 0')
('2014-10-18 10:35:02.527213', 'fd_channel : login[0] 0 login[1] 0 , tb0[0] 44 tb0[1] 45 , tb1[0] 0 tb1[1] 0')
('2014-10-18 10:35:02.684230', 'fd_channel : login[0] 0 login[1] 0 , tb0[0] 43 tb0[1] 45 , tb1[0] 0 tb1[1] 0')
('2014-10-18 10:35:02.685734', 'fd_channel : login[0] 0 login[1] 0 , tb0[0] 43 tb0[1] 44 , tb1[0] 0 tb1[1] 0')
('2014-10-18 10:35:02.967230', 'fd_channel : login[0] 0 login[1] 0 , tb0[0] 42 tb0[1] 44 , tb1[0] 0 tb1[1] 0')
('2014-10-18 10:35:02.968033', 'fd_channel : login[0] 0 login[1] 0 , tb0[0] 42 tb0[1] 43 , tb1[0] 0 tb1[1] 0')
('2014-10-18 10:35:03.222780', 'fd_channel : login[0] 0 login[1] 0 , tb0[0] 42 tb0[1] 42 , tb1[0] 0 tb1[1] 0')
('2014-10-18 10:35:03.384021', 'fd_channel : login[0] 0 login[1] 0 , tb0[0] 41 tb0[1] 42 , tb1[0] 0 tb1[1] 0')
('2014-10-18 10:35:03.385817', 'fd_channel : login[0] 0 login[1] 0 , tb0[0] 41 tb0[1] 41 , tb1[0] 0 tb1[1] 0')
('2014-10-18 10:35:03.568454', 'fd_channel : login[0] 0 login[1] 0 , tb0[0] 40 tb0[1] 41 , tb1[0] 0 tb1[1] 0')
('2014-10-18 10:35:03.570048', 'fd_channel : login[0] 0 login[1] 0 , tb0[0] 40 tb0[1] 40 , tb1[0] 0 tb1[1] 0')
('2014-10-18 10:35:03.748915', 'fd_channel : login[0] 0 login[1] 0 , tb0[0] 39 tb0[1] 40 , tb1[0] 0 tb1[1] 0')
('2014-10-18 10:35:03.750298', 'fd_channel : login[0] 0 login[1] 0 , tb0[0] 39 tb0[1] 39 , tb1[0] 0 tb1[1] 0')
('2014-10-18 10:35:03.889696', 'fd_channel : login[0] 0 login[1] 0 , tb0[0] 38 tb0[1] 39 , tb1[0] 0 tb1[1] 0')
('2014-10-18 10:35:03.891550', 'fd_channel : login[0] 0 login[1] 0 , tb0[0] 38 tb0[1] 38 , tb1[0] 0 tb1[1] 0')
('2014-10-18 10:35:04.044143', 'fd_channel : login[0] 0 login[1] 0 , tb0[0] 38 tb0[1] 39 , tb1[0] 0 tb1[1] 0')
('2014-10-18 10:35:04.196155', 'fd_channel : login[0] 0 login[1] 0 , tb0[0] 37 tb0[1] 39 , tb1[0] 0 tb1[1] 0')
('2014-10-18 10:35:04.197712', 'fd_channel : login[0] 0 login[1] 0 , tb0[0] 37 tb0[1] 38 , tb1[0] 0 tb1[1] 0')
('2014-10-18 10:35:04.306576', 'fd_channel : login[0] 0 login[1] 0 , tb0[0] 36 tb0[1] 38 , tb1[0] 0 tb1[1] 0')
('2014-10-18 10:35:04.308236', 'fd_channel : login[0] 0 login[1] 0 , tb0[0] 36 tb0[1] 37 , tb1[0] 0 tb1[1] 0')
('2014-10-18 10:35:04.511419', 'fd_channel : login[0] 0 login[1] 0 , tb0[0] 35 tb0[1] 37 , tb1[0] 0 tb1[1] 0')
('2014-10-18 10:35:04.512956', 'fd_channel : login[0] 0 login[1] 0 , tb0[0] 35 tb0[1] 36 , tb1[0] 0 tb1[1] 0')
('2014-10-18 10:35:04.529117', 'fd_channel : login[0] 0 login[1] 0 , tb0[0] 34 tb0[1] 36 , tb1[0] 0 tb1[1] 0')
('2014-10-18 10:35:04.530328', 'fd_channel : login[0] 0 login[1] 0 , tb0[0] 34 tb0[1] 35 , tb1[0] 0 tb1[1] 0')
('2014-10-18 10:35:04.687567', 'fd_channel : login[0] 0 login[1] 0 , tb0[0] 33 tb0[1] 35 , tb1[0] 0 tb1[1] 0')
('2014-10-18 10:35:04.689024', 'fd_channel : login[0] 0 login[1] 0 , tb0[0] 33 tb0[1] 34 , tb1[0] 0 tb1[1] 0')
('2014-10-18 10:35:04.969812', 'fd_channel : login[0] 0 login[1] 0 , tb0[0] 32 tb0[1] 34 , tb1[0] 0 tb1[1] 0')
('2014-10-18 10:35:04.971439', 'fd_channel : login[0] 0 login[1] 0 , tb0[0] 32 tb0[1] 33 , tb1[0] 0 tb1[1] 0')
('2014-10-18 10:35:05.571570', 'fd_channel : login[0] 0 login[1] 0 , tb0[0] 31 tb0[1] 33 , tb1[0] 0 tb1[1] 0')
('2014-10-18 10:35:05.572692', 'fd_channel : login[0] 0 login[1] 0 , tb0[0] 31 tb0[1] 32 , tb1[0] 0 tb1[1] 0')
('2014-10-18 10:35:05.752291', 'fd_channel : login[0] 0 login[1] 0 , tb0[0] 30 tb0[1] 32 , tb1[0] 0 tb1[1] 0')
('2014-10-18 10:35:05.753905', 'fd_channel : login[0] 0 login[1] 0 , tb0[0] 30 tb0[1] 31 , tb1[0] 0 tb1[1] 0')
('2014-10-18 10:35:05.893628', 'fd_channel : login[0] 0 login[1] 0 , tb0[0] 29 tb0[1] 31 , tb1[0] 0 tb1[1] 0')
('2014-10-18 10:35:05.894676', 'fd_channel : login[0] 0 login[1] 0 , tb0[0] 29 tb0[1] 30 , tb1[0] 0 tb1[1] 0')
('2014-10-18 10:35:06.199334', 'fd_channel : login[0] 0 login[1] 0 , tb0[0] 29 tb0[1] 31 , tb1[0] 0 tb1[1] 0')
('2014-10-18 10:35:06.200836', 'fd_channel : login[0] 0 login[1] 0 , tb0[0] 29 tb0[1] 30 , tb1[0] 0 tb1[1] 0')
('2014-10-18 10:35:06.310400', 'fd_channel : login[0] 0 login[1] 0 , tb0[0] 28 tb0[1] 30 , tb1[0] 0 tb1[1] 0')
('2014-10-18 10:35:06.311957', 'fd_channel : login[0] 0 login[1] 0 , tb0[0] 28 tb0[1] 29 , tb1[0] 0 tb1[1] 0')
('2014-10-18 10:35:06.514799', 'fd_channel : login[0] 0 login[1] 0 , tb0[0] 27 tb0[1] 29 , tb1[0] 0 tb1[1] 0')
('2014-10-18 10:35:06.519993', 'fd_channel : login[0] 0 login[1] 0 , tb0[0] 27 tb0[1] 28 , tb1[0] 0 tb1[1] 0')
('2014-10-18 10:42:44.478027', 'redis reader connect succeed')
('2014-10-18 10:42:44.478250', 'redis writer connect succeed')
('2014-10-18 10:42:44.505615', 'redis timer connect succeed')
('2014-10-18 10:42:44.527831', 'worker [5] started')
('2014-10-18 10:42:44.527936', 'client 10 initted')
('2014-10-18 10:42:45.012221', 'fd_channel : login[0] 0 login[1] 0 , tb0[0] 0 tb0[1] 0 , tb1[0] 0 tb1[1] 0')
('2014-10-18 10:42:45.025262', 'fd_channel : login[0] 0 login[1] 0 , tb0[0] 0 tb0[1] 0 , tb1[0] 0 tb1[1] 0')
('2014-10-18 10:42:46.012010', 'fd_channel : login[0] 0 login[1] 1 , tb0[0] 0 tb0[1] 0 , tb1[0] 0 tb1[1] 0')
('2014-10-18 10:42:46.027036', 'fd_channel : login[0] 0 login[1] 0 , tb0[0] 0 tb0[1] 0 , tb1[0] 0 tb1[1] 0')
('2014-10-18 10:42:47.012590', 'fd_channel : login[0] 0 login[1] 1 , tb0[0] 0 tb0[1] 0 , tb1[0] 0 tb1[1] 0')
('2014-10-18 10:42:47.028401', 'fd_channel : login[0] 0 login[1] 0 , tb0[0] 0 tb0[1] 0 , tb1[0] 0 tb1[1] 0')
('2014-10-18 10:42:48.011897', 'fd_channel : login[0] 0 login[1] 1 , tb0[0] 0 tb0[1] 0 , tb1[0] 0 tb1[1] 0')
('2014-10-18 10:42:48.030150', 'fd_channel : login[0] 0 login[1] 0 , tb0[0] 0 tb0[1] 0 , tb1[0] 0 tb1[1] 0')
('2014-10-18 10:42:49.010053', 'fd_channel : login[0] 0 login[1] 1 , tb0[0] 0 tb0[1] 0 , tb1[0] 0 tb1[1] 0')
('2014-10-18 10:42:49.031789', 'fd_channel : login[0] 0 login[1] 0 , tb0[0] 0 tb0[1] 0 , tb1[0] 0 tb1[1] 0')
('2014-10-18 10:45:02.481172', 'fd_channel : login[0] 0 login[1] 0 , tb0[0] 50 tb0[1] 51 , tb1[0] 0 tb1[1] 0')
('2014-10-18 10:45:02.485255', 'fd_channel : login[0] 0 login[1] 0 , tb0[0] 50 tb0[1] 50 , tb1[0] 0 tb1[1] 0')
('2014-10-18 10:45:02.486756', 'fd_channel : login[0] 0 login[1] 0 , tb0[0] 49 tb0[1] 50 , tb1[0] 0 tb1[1] 0')
('2014-10-18 10:45:02.487890', 'fd_channel : login[0] 0 login[1] 0 , tb0[0] 49 tb0[1] 49 , tb1[0] 0 tb1[1] 0')
('2014-10-18 10:45:02.488866', 'fd_channel : login[0] 0 login[1] 0 , tb0[0] 48 tb0[1] 49 , tb1[0] 0 tb1[1] 0')
('2014-10-18 10:45:02.490387', 'fd_channel : login[0] 0 login[1] 0 , tb0[0] 48 tb0[1] 48 , tb1[0] 0 tb1[1] 0')
('2014-10-18 10:45:02.491539', 'fd_channel : login[0] 0 login[1] 0 , tb0[0] 47 tb0[1] 48 , tb1[0] 0 tb1[1] 0')
('2014-10-18 10:45:02.492743', 'fd_channel : login[0] 0 login[1] 0 , tb0[0] 47 tb0[1] 47 , tb1[0] 0 tb1[1] 0')
('2014-10-18 10:45:02.494075', 'fd_channel : login[0] 0 login[1] 0 , tb0[0] 46 tb0[1] 47 , tb1[0] 0 tb1[1] 0')
('2014-10-18 10:45:02.510529', 'fd_channel : login[0] 0 login[1] 0 , tb0[0] 46 tb0[1] 46 , tb1[0] 0 tb1[1] 0')
('2014-10-18 10:45:02.725382', 'fd_channel : login[0] 0 login[1] 0 , tb0[0] 45 tb0[1] 46 , tb1[0] 0 tb1[1] 0')
('2014-10-18 10:45:02.727351', 'fd_channel : login[0] 0 login[1] 0 , tb0[0] 45 tb0[1] 45 , tb1[0] 0 tb1[1] 0')
('2014-10-18 10:45:02.878511', 'fd_channel : login[0] 0 login[1] 0 , tb0[0] 44 tb0[1] 45 , tb1[0] 0 tb1[1] 0')
('2014-10-18 10:45:02.879897', 'fd_channel : login[0] 0 login[1] 0 , tb0[0] 44 tb0[1] 44 , tb1[0] 0 tb1[1] 0')
('2014-10-18 10:45:03.080380', 'fd_channel : login[0] 0 login[1] 0 , tb0[0] 43 tb0[1] 44 , tb1[0] 0 tb1[1] 0')
('2014-10-18 10:45:03.082333', 'fd_channel : login[0] 0 login[1] 0 , tb0[0] 43 tb0[1] 43 , tb1[0] 0 tb1[1] 0')
('2014-10-18 10:45:03.274700', 'fd_channel : login[0] 0 login[1] 0 , tb0[0] 42 tb0[1] 43 , tb1[0] 0 tb1[1] 0')
('2014-10-18 10:45:03.275850', 'fd_channel : login[0] 0 login[1] 0 , tb0[0] 42 tb0[1] 42 , tb1[0] 0 tb1[1] 0')
('2014-10-18 10:45:03.430477', 'fd_channel : login[0] 0 login[1] 0 , tb0[0] 41 tb0[1] 42 , tb1[0] 0 tb1[1] 0')
('2014-10-18 10:45:03.432183', 'fd_channel : login[0] 0 login[1] 0 , tb0[0] 41 tb0[1] 41 , tb1[0] 0 tb1[1] 0')
('2014-10-18 10:45:03.586030', 'fd_channel : login[0] 0 login[1] 0 , tb0[0] 40 tb0[1] 41 , tb1[0] 0 tb1[1] 0')
('2014-10-18 10:45:03.587619', 'fd_channel : login[0] 0 login[1] 0 , tb0[0] 40 tb0[1] 40 , tb1[0] 0 tb1[1] 0')
('2014-10-18 10:45:03.719476', 'fd_channel : login[0] 0 login[1] 0 , tb0[0] 39 tb0[1] 40 , tb1[0] 0 tb1[1] 0')
('2014-10-18 10:45:03.721109', 'fd_channel : login[0] 0 login[1] 0 , tb0[0] 39 tb0[1] 39 , tb1[0] 0 tb1[1] 0')
('2014-10-18 10:45:03.970795', 'fd_channel : login[0] 0 login[1] 0 , tb0[0] 38 tb0[1] 39 , tb1[0] 0 tb1[1] 0')
('2014-10-18 10:45:04.136165', 'fd_channel : login[0] 0 login[1] 0 , tb0[0] 38 tb0[1] 40 , tb1[0] 0 tb1[1] 0')
('2014-10-18 10:45:04.137721', 'fd_channel : login[0] 0 login[1] 0 , tb0[0] 38 tb0[1] 39 , tb1[0] 0 tb1[1] 0')
('2014-10-18 10:45:04.308409', 'fd_channel : login[0] 0 login[1] 0 , tb0[0] 37 tb0[1] 39 , tb1[0] 0 tb1[1] 0')
('2014-10-18 10:45:04.310073', 'fd_channel : login[0] 0 login[1] 0 , tb0[0] 37 tb0[1] 38 , tb1[0] 0 tb1[1] 0')
('2014-10-18 10:45:04.456625', 'fd_channel : login[0] 0 login[1] 0 , tb0[0] 36 tb0[1] 38 , tb1[0] 0 tb1[1] 0')
('2014-10-18 10:45:04.458297', 'fd_channel : login[0] 0 login[1] 0 , tb0[0] 36 tb0[1] 37 , tb1[0] 0 tb1[1] 0')
('2014-10-18 10:45:04.729597', 'fd_channel : login[0] 0 login[1] 0 , tb0[0] 35 tb0[1] 37 , tb1[0] 0 tb1[1] 0')
('2014-10-18 10:45:04.731160', 'fd_channel : login[0] 0 login[1] 0 , tb0[0] 35 tb0[1] 36 , tb1[0] 0 tb1[1] 0')
('2014-10-18 10:45:04.882104', 'fd_channel : login[0] 0 login[1] 0 , tb0[0] 34 tb0[1] 36 , tb1[0] 0 tb1[1] 0')
('2014-10-18 10:45:04.883688', 'fd_channel : login[0] 0 login[1] 0 , tb0[0] 34 tb0[1] 35 , tb1[0] 0 tb1[1] 0')
('2014-10-18 10:45:05.278397', 'fd_channel : login[0] 0 login[1] 0 , tb0[0] 33 tb0[1] 35 , tb1[0] 0 tb1[1] 0')
('2014-10-18 10:45:05.280013', 'fd_channel : login[0] 0 login[1] 0 , tb0[0] 33 tb0[1] 34 , tb1[0] 0 tb1[1] 0')
('2014-10-18 10:45:05.433835', 'fd_channel : login[0] 0 login[1] 0 , tb0[0] 32 tb0[1] 34 , tb1[0] 0 tb1[1] 0')
('2014-10-18 10:45:05.435023', 'fd_channel : login[0] 0 login[1] 0 , tb0[0] 32 tb0[1] 33 , tb1[0] 0 tb1[1] 0')
('2014-10-18 10:45:05.589369', 'fd_channel : login[0] 0 login[1] 0 , tb0[0] 31 tb0[1] 33 , tb1[0] 0 tb1[1] 0')
('2014-10-18 10:45:05.590622', 'fd_channel : login[0] 0 login[1] 0 , tb0[0] 31 tb0[1] 32 , tb1[0] 0 tb1[1] 0')
('2014-10-18 10:45:05.723077', 'fd_channel : login[0] 0 login[1] 0 , tb0[0] 30 tb0[1] 32 , tb1[0] 0 tb1[1] 0')
('2014-10-18 10:45:05.724369', 'fd_channel : login[0] 0 login[1] 0 , tb0[0] 30 tb0[1] 31 , tb1[0] 0 tb1[1] 0')
('2014-10-18 10:45:06.139607', 'fd_channel : login[0] 0 login[1] 0 , tb0[0] 30 tb0[1] 32 , tb1[0] 0 tb1[1] 0')
('2014-10-18 10:45:06.141248', 'fd_channel : login[0] 0 login[1] 0 , tb0[0] 30 tb0[1] 31 , tb1[0] 0 tb1[1] 0')
('2014-10-18 10:52:27.758539', 'redis reader connect succeed')
('2014-10-18 10:52:27.758771', 'redis writer connect succeed')
('2014-10-18 10:52:27.785395', 'redis timer connect succeed')
('2014-10-18 10:52:27.807204', 'worker [5] started')
('2014-10-18 10:52:27.807300', 'client 10 initted')
('2014-10-18 10:52:28.011453', 'fd_channel : login[0] 0 login[1] 1 , tb0[0] 0 tb0[1] 0 , tb1[0] 0 tb1[1] 0')
('2014-10-18 10:52:28.302597', 'fd_channel : login[0] 0 login[1] 0 , tb0[0] 0 tb0[1] 0 , tb1[0] 0 tb1[1] 0')
('2014-10-18 10:52:29.012197', 'fd_channel : login[0] 0 login[1] 1 , tb0[0] 0 tb0[1] 0 , tb1[0] 0 tb1[1] 0')
('2014-10-18 10:52:29.304996', 'fd_channel : login[0] 0 login[1] 0 , tb0[0] 0 tb0[1] 0 , tb1[0] 0 tb1[1] 0')
('2014-10-18 10:52:30.012786', 'fd_channel : login[0] 0 login[1] 1 , tb0[0] 0 tb0[1] 0 , tb1[0] 0 tb1[1] 0')
('2014-10-18 10:52:30.307288', 'fd_channel : login[0] 0 login[1] 0 , tb0[0] 0 tb0[1] 0 , tb1[0] 0 tb1[1] 0')
('2014-10-18 10:52:31.009677', 'fd_channel : login[0] 0 login[1] 1 , tb0[0] 0 tb0[1] 0 , tb1[0] 0 tb1[1] 0')
('2014-10-18 10:52:31.309271', 'fd_channel : login[0] 0 login[1] 0 , tb0[0] 0 tb0[1] 0 , tb1[0] 0 tb1[1] 0')
('2014-10-18 10:52:32.012087', 'fd_channel : login[0] 0 login[1] 1 , tb0[0] 0 tb0[1] 0 , tb1[0] 0 tb1[1] 0')
('2014-10-18 10:52:32.311114', 'fd_channel : login[0] 0 login[1] 0 , tb0[0] 0 tb0[1] 0 , tb1[0] 0 tb1[1] 0')
('2014-10-18 10:55:02.852275', 'fd_channel : login[0] 0 login[1] 0 , tb0[0] 50 tb0[1] 51 , tb1[0] 0 tb1[1] 0')
('2014-10-18 10:55:02.854403', 'fd_channel : login[0] 0 login[1] 0 , tb0[0] 50 tb0[1] 50 , tb1[0] 0 tb1[1] 0')
('2014-10-18 10:55:02.855888', 'fd_channel : login[0] 0 login[1] 0 , tb0[0] 49 tb0[1] 50 , tb1[0] 0 tb1[1] 0')
('2014-10-18 10:55:02.857218', 'fd_channel : login[0] 0 login[1] 0 , tb0[0] 49 tb0[1] 49 , tb1[0] 0 tb1[1] 0')
('2014-10-18 10:55:02.858069', 'fd_channel : login[0] 0 login[1] 0 , tb0[0] 48 tb0[1] 49 , tb1[0] 0 tb1[1] 0')
('2014-10-18 10:55:02.859430', 'fd_channel : login[0] 0 login[1] 0 , tb0[0] 48 tb0[1] 48 , tb1[0] 0 tb1[1] 0')
('2014-10-18 10:55:02.861191', 'fd_channel : login[0] 0 login[1] 0 , tb0[0] 47 tb0[1] 48 , tb1[0] 0 tb1[1] 0')
('2014-10-18 10:55:02.866513', 'fd_channel : login[0] 0 login[1] 0 , tb0[0] 47 tb0[1] 47 , tb1[0] 0 tb1[1] 0')
('2014-10-18 10:55:02.867640', 'fd_channel : login[0] 0 login[1] 0 , tb0[0] 46 tb0[1] 47 , tb1[0] 0 tb1[1] 0')
('2014-10-18 10:55:02.876934', 'fd_channel : login[0] 0 login[1] 0 , tb0[0] 46 tb0[1] 46 , tb1[0] 0 tb1[1] 0')
('2014-10-18 10:55:03.099497', 'fd_channel : login[0] 0 login[1] 0 , tb0[0] 45 tb0[1] 46 , tb1[0] 0 tb1[1] 0')
('2014-10-18 10:55:03.101571', 'fd_channel : login[0] 0 login[1] 0 , tb0[0] 45 tb0[1] 45 , tb1[0] 0 tb1[1] 0')
('2014-10-18 10:55:03.264886', 'fd_channel : login[0] 0 login[1] 0 , tb0[0] 44 tb0[1] 45 , tb1[0] 0 tb1[1] 0')
('2014-10-18 10:55:03.266325', 'fd_channel : login[0] 0 login[1] 0 , tb0[0] 44 tb0[1] 44 , tb1[0] 0 tb1[1] 0')
('2014-10-18 10:55:03.444992', 'fd_channel : login[0] 0 login[1] 0 , tb0[0] 43 tb0[1] 44 , tb1[0] 0 tb1[1] 0')
('2014-10-18 10:55:03.445628', 'fd_channel : login[0] 0 login[1] 0 , tb0[0] 43 tb0[1] 43 , tb1[0] 0 tb1[1] 0')
('2014-10-18 10:55:03.840859', 'fd_channel : login[0] 0 login[1] 0 , tb0[0] 42 tb0[1] 43 , tb1[0] 0 tb1[1] 0')
('2014-10-18 10:55:03.842300', 'fd_channel : login[0] 0 login[1] 0 , tb0[0] 42 tb0[1] 42 , tb1[0] 0 tb1[1] 0')
('2014-10-18 10:55:04.033344', 'fd_channel : login[0] 0 login[1] 0 , tb0[0] 42 tb0[1] 43 , tb1[0] 0 tb1[1] 0')
('2014-10-18 10:55:04.169491', 'fd_channel : login[0] 0 login[1] 0 , tb0[0] 41 tb0[1] 43 , tb1[0] 0 tb1[1] 0')
('2014-10-18 10:55:04.170649', 'fd_channel : login[0] 0 login[1] 0 , tb0[0] 41 tb0[1] 42 , tb1[0] 0 tb1[1] 0')
('2014-10-18 10:55:04.448953', 'fd_channel : login[0] 0 login[1] 0 , tb0[0] 40 tb0[1] 42 , tb1[0] 0 tb1[1] 0')
('2014-10-18 10:55:04.449854', 'fd_channel : login[0] 0 login[1] 0 , tb0[0] 40 tb0[1] 41 , tb1[0] 0 tb1[1] 0')
('2014-10-18 10:55:04.698043', 'fd_channel : login[0] 0 login[1] 0 , tb0[0] 39 tb0[1] 41 , tb1[0] 0 tb1[1] 0')
('2014-10-18 10:55:04.699777', 'fd_channel : login[0] 0 login[1] 0 , tb0[0] 39 tb0[1] 40 , tb1[0] 0 tb1[1] 0')
('2014-10-18 10:55:04.795609', 'fd_channel : login[0] 0 login[1] 0 , tb0[0] 38 tb0[1] 40 , tb1[0] 0 tb1[1] 0')
('2014-10-18 10:55:04.797036', 'fd_channel : login[0] 0 login[1] 0 , tb0[0] 38 tb0[1] 39 , tb1[0] 0 tb1[1] 0')
('2014-10-18 10:55:04.981294', 'fd_channel : login[0] 0 login[1] 0 , tb0[0] 37 tb0[1] 39 , tb1[0] 0 tb1[1] 0')
('2014-10-18 10:55:04.982619', 'fd_channel : login[0] 0 login[1] 0 , tb0[0] 37 tb0[1] 38 , tb1[0] 0 tb1[1] 0')
('2014-10-18 10:55:05.103384', 'fd_channel : login[0] 0 login[1] 0 , tb0[0] 36 tb0[1] 38 , tb1[0] 0 tb1[1] 0')
('2014-10-18 10:55:05.104876', 'fd_channel : login[0] 0 login[1] 0 , tb0[0] 36 tb0[1] 37 , tb1[0] 0 tb1[1] 0')
('2014-10-18 10:55:05.171151', 'fd_channel : login[0] 0 login[1] 0 , tb0[0] 36 tb0[1] 36 , tb1[0] 0 tb1[1] 0')
('2014-10-18 10:55:05.268245', 'fd_channel : login[0] 0 login[1] 0 , tb0[0] 35 tb0[1] 36 , tb1[0] 0 tb1[1] 0')
('2014-10-18 10:55:05.269350', 'fd_channel : login[0] 0 login[1] 0 , tb0[0] 35 tb0[1] 35 , tb1[0] 0 tb1[1] 0')
('2014-10-18 10:55:05.389346', 'fd_channel : login[0] 0 login[1] 0 , tb0[0] 34 tb0[1] 35 , tb1[0] 0 tb1[1] 0')
('2014-10-18 10:55:05.390505', 'fd_channel : login[0] 0 login[1] 0 , tb0[0] 34 tb0[1] 34 , tb1[0] 0 tb1[1] 0')
('2014-10-18 10:55:05.447028', 'fd_channel : login[0] 0 login[1] 0 , tb0[0] 33 tb0[1] 34 , tb1[0] 0 tb1[1] 0')
('2014-10-18 10:55:05.448273', 'fd_channel : login[0] 0 login[1] 0 , tb0[0] 33 tb0[1] 33 , tb1[0] 0 tb1[1] 0')
('2014-10-18 10:55:05.844241', 'fd_channel : login[0] 0 login[1] 0 , tb0[0] 32 tb0[1] 33 , tb1[0] 0 tb1[1] 0')
('2014-10-18 10:55:05.845680', 'fd_channel : login[0] 0 login[1] 0 , tb0[0] 32 tb0[1] 32 , tb1[0] 0 tb1[1] 0')
('2014-10-18 10:55:06.172352', 'fd_channel : login[0] 0 login[1] 0 , tb0[0] 32 tb0[1] 33 , tb1[0] 0 tb1[1] 0')
('2014-10-18 10:55:06.173321', 'fd_channel : login[0] 0 login[1] 0 , tb0[0] 32 tb0[1] 32 , tb1[0] 0 tb1[1] 0')
('2014-10-18 10:55:06.451625', 'fd_channel : login[0] 0 login[1] 0 , tb0[0] 31 tb0[1] 32 , tb1[0] 0 tb1[1] 0')
('2014-10-18 10:55:06.453371', 'fd_channel : login[0] 0 login[1] 0 , tb0[0] 31 tb0[1] 31 , tb1[0] 0 tb1[1] 0')
('2014-10-18 10:55:06.701423', 'fd_channel : login[0] 0 login[1] 0 , tb0[0] 30 tb0[1] 31 , tb1[0] 0 tb1[1] 0')
('2014-10-18 10:55:06.702206', 'fd_channel : login[0] 0 login[1] 0 , tb0[0] 30 tb0[1] 30 , tb1[0] 0 tb1[1] 0')
('2014-10-18 10:55:06.984424', 'fd_channel : login[0] 0 login[1] 0 , tb0[0] 29 tb0[1] 30 , tb1[0] 0 tb1[1] 0')
('2014-10-18 10:55:06.986102', 'fd_channel : login[0] 0 login[1] 0 , tb0[0] 29 tb0[1] 29 , tb1[0] 0 tb1[1] 0')
('2014-10-18 10:55:07.392414', 'fd_channel : login[0] 0 login[1] 0 , tb0[0] 28 tb0[1] 29 , tb1[0] 0 tb1[1] 0')
('2014-10-18 10:55:07.393711', 'fd_channel : login[0] 0 login[1] 0 , tb0[0] 28 tb0[1] 28 , tb1[0] 0 tb1[1] 0')
('2014-10-18 11:29:37.625649', 'fd_channel : login[0] 0 login[1] 0 , tb0[0] 40 tb0[1] 40 , tb1[0] 51 tb1[1] 52')
('2014-10-18 11:29:37.627391', 'fd_channel : login[0] 0 login[1] 0 , tb0[0] 40 tb0[1] 40 , tb1[0] 51 tb1[1] 51')
('2014-10-18 11:29:37.628669', 'fd_channel : login[0] 0 login[1] 0 , tb0[0] 40 tb0[1] 40 , tb1[0] 50 tb1[1] 51')
('2014-10-18 11:29:37.630322', 'fd_channel : login[0] 0 login[1] 0 , tb0[0] 40 tb0[1] 40 , tb1[0] 50 tb1[1] 50')
('2014-10-18 11:29:37.632433', 'fd_channel : login[0] 0 login[1] 0 , tb0[0] 40 tb0[1] 40 , tb1[0] 49 tb1[1] 50')
('2014-10-18 11:29:37.633832', 'fd_channel : login[0] 0 login[1] 0 , tb0[0] 40 tb0[1] 40 , tb1[0] 49 tb1[1] 49')
('2014-10-18 11:29:37.635724', 'fd_channel : login[0] 0 login[1] 0 , tb0[0] 40 tb0[1] 40 , tb1[0] 48 tb1[1] 49')
('2014-10-18 11:29:37.637639', 'fd_channel : login[0] 0 login[1] 0 , tb0[0] 40 tb0[1] 40 , tb1[0] 48 tb1[1] 48')
('2014-10-18 11:29:37.641574', 'fd_channel : login[0] 0 login[1] 0 , tb0[0] 40 tb0[1] 40 , tb1[0] 47 tb1[1] 48')
('2014-10-18 11:29:37.648561', 'fd_channel : login[0] 0 login[1] 0 , tb0[0] 40 tb0[1] 40 , tb1[0] 47 tb1[1] 47')
('2014-10-18 11:29:38.531129', 'fd_channel : login[0] 0 login[1] 0 , tb0[0] 40 tb0[1] 40 , tb1[0] 47 tb1[1] 48')
('2014-10-18 11:29:39.963627', 'fd_channel : login[0] 0 login[1] 0 , tb0[0] 40 tb0[1] 40 , tb1[0] 47 tb1[1] 47')
('2014-10-18 11:29:41.636645', 'fd_channel : login[0] 0 login[1] 0 , tb0[0] 40 tb0[1] 40 , tb1[0] 47 tb1[1] 48')
('2014-10-18 11:29:41.639550', 'fd_channel : login[0] 0 login[1] 0 , tb0[0] 40 tb0[1] 40 , tb1[0] 46 tb1[1] 48')
('2014-10-18 11:29:41.640492', 'fd_channel : login[0] 0 login[1] 0 , tb0[0] 40 tb0[1] 40 , tb1[0] 45 tb1[1] 48')
('2014-10-18 11:29:41.642105', 'fd_channel : login[0] 0 login[1] 0 , tb0[0] 40 tb0[1] 40 , tb1[0] 44 tb1[1] 48')
('2014-10-18 11:29:41.643326', 'fd_channel : login[0] 0 login[1] 0 , tb0[0] 40 tb0[1] 40 , tb1[0] 43 tb1[1] 48')
('2014-10-18 11:29:41.645582', 'fd_channel : login[0] 0 login[1] 0 , tb0[0] 40 tb0[1] 40 , tb1[0] 42 tb1[1] 48')
('2014-10-18 11:29:41.647442', 'fd_channel : login[0] 0 login[1] 0 , tb0[0] 40 tb0[1] 40 , tb1[0] 41 tb1[1] 48')
('2014-10-18 11:29:41.649537', 'fd_channel : login[0] 0 login[1] 0 , tb0[0] 40 tb0[1] 40 , tb1[0] 40 tb1[1] 48')
('2014-10-18 11:29:41.652848', 'fd_channel : login[0] 0 login[1] 0 , tb0[0] 40 tb0[1] 40 , tb1[0] 39 tb1[1] 48')
('2014-10-18 11:29:41.654339', 'fd_channel : login[0] 0 login[1] 0 , tb0[0] 40 tb0[1] 40 , tb1[0] 39 tb1[1] 47')
('2014-10-18 11:29:41.655307', 'fd_channel : login[0] 0 login[1] 0 , tb0[0] 40 tb0[1] 40 , tb1[0] 38 tb1[1] 47')
('2014-10-18 11:29:41.656527', 'fd_channel : login[0] 0 login[1] 0 , tb0[0] 40 tb0[1] 40 , tb1[0] 38 tb1[1] 46')
('2014-10-18 11:29:41.659653', 'fd_channel : login[0] 0 login[1] 0 , tb0[0] 40 tb0[1] 40 , tb1[0] 37 tb1[1] 46')
('2014-10-18 11:29:41.662720', 'fd_channel : login[0] 0 login[1] 0 , tb0[0] 40 tb0[1] 40 , tb1[0] 36 tb1[1] 46')
('2014-10-18 11:29:41.663785', 'fd_channel : login[0] 0 login[1] 0 , tb0[0] 40 tb0[1] 40 , tb1[0] 36 tb1[1] 45')
('2014-10-18 11:29:41.665124', 'fd_channel : login[0] 0 login[1] 0 , tb0[0] 40 tb0[1] 40 , tb1[0] 36 tb1[1] 44')
('2014-10-18 11:29:41.668428', 'fd_channel : login[0] 0 login[1] 0 , tb0[0] 40 tb0[1] 40 , tb1[0] 35 tb1[1] 44')
('2014-10-18 11:29:41.670864', 'fd_channel : login[0] 0 login[1] 0 , tb0[0] 40 tb0[1] 40 , tb1[0] 34 tb1[1] 44')
('2014-10-18 11:29:41.672287', 'fd_channel : login[0] 0 login[1] 0 , tb0[0] 40 tb0[1] 40 , tb1[0] 34 tb1[1] 43')
('2014-10-18 11:29:41.673226', 'fd_channel : login[0] 0 login[1] 0 , tb0[0] 40 tb0[1] 40 , tb1[0] 34 tb1[1] 42')
('2014-10-18 11:29:41.677609', 'fd_channel : login[0] 0 login[1] 0 , tb0[0] 40 tb0[1] 40 , tb1[0] 33 tb1[1] 42')
('2014-10-18 11:29:41.679097', 'fd_channel : login[0] 0 login[1] 0 , tb0[0] 40 tb0[1] 40 , tb1[0] 33 tb1[1] 41')
('2014-10-18 11:29:41.682154', 'fd_channel : login[0] 0 login[1] 0 , tb0[0] 40 tb0[1] 40 , tb1[0] 32 tb1[1] 41')
('2014-10-18 11:29:41.685804', 'fd_channel : login[0] 0 login[1] 0 , tb0[0] 40 tb0[1] 40 , tb1[0] 31 tb1[1] 41')
('2014-10-18 11:29:41.687100', 'fd_channel : login[0] 0 login[1] 0 , tb0[0] 40 tb0[1] 40 , tb1[0] 31 tb1[1] 40')
('2014-10-18 11:29:41.688508', 'fd_channel : login[0] 0 login[1] 0 , tb0[0] 40 tb0[1] 40 , tb1[0] 31 tb1[1] 39')
('2014-10-18 11:29:41.690881', 'fd_channel : login[0] 0 login[1] 0 , tb0[0] 40 tb0[1] 40 , tb1[0] 30 tb1[1] 39')
('2014-10-18 11:29:41.691840', 'fd_channel : login[0] 0 login[1] 0 , tb0[0] 40 tb0[1] 40 , tb1[0] 30 tb1[1] 38')
('2014-10-18 11:29:43.672725', 'fd_channel : login[0] 0 login[1] 0 , tb0[0] 40 tb0[1] 40 , tb1[0] 30 tb1[1] 39')
('2014-10-18 11:29:43.674535', 'fd_channel : login[0] 0 login[1] 0 , tb0[0] 40 tb0[1] 40 , tb1[0] 30 tb1[1] 38')
('2014-10-18 11:29:43.676084', 'fd_channel : login[0] 0 login[1] 0 , tb0[0] 40 tb0[1] 40 , tb1[0] 29 tb1[1] 38')
('2014-10-18 11:29:43.678285', 'fd_channel : login[0] 0 login[1] 0 , tb0[0] 40 tb0[1] 40 , tb1[0] 28 tb1[1] 38')
('2014-10-18 11:29:43.679723', 'fd_channel : login[0] 0 login[1] 0 , tb0[0] 40 tb0[1] 40 , tb1[0] 28 tb1[1] 37')
('2014-10-18 11:29:43.681237', 'fd_channel : login[0] 0 login[1] 0 , tb0[0] 40 tb0[1] 40 , tb1[0] 27 tb1[1] 37')
('2014-10-18 11:29:43.682464', 'fd_channel : login[0] 0 login[1] 0 , tb0[0] 40 tb0[1] 40 , tb1[0] 27 tb1[1] 36')
('2014-10-18 11:29:43.684159', 'fd_channel : login[0] 0 login[1] 0 , tb0[0] 40 tb0[1] 40 , tb1[0] 27 tb1[1] 35')
('2014-10-18 11:29:43.688792', 'fd_channel : login[0] 0 login[1] 0 , tb0[0] 40 tb0[1] 40 , tb1[0] 26 tb1[1] 35')
('2014-10-18 11:29:43.690311', 'fd_channel : login[0] 0 login[1] 0 , tb0[0] 40 tb0[1] 40 , tb1[0] 26 tb1[1] 34')
('2014-10-18 11:29:43.692135', 'fd_channel : login[0] 0 login[1] 0 , tb0[0] 40 tb0[1] 40 , tb1[0] 25 tb1[1] 34')
('2014-10-18 11:29:43.693736', 'fd_channel : login[0] 0 login[1] 0 , tb0[0] 40 tb0[1] 40 , tb1[0] 25 tb1[1] 33')
('2014-10-18 11:29:43.696018', 'fd_channel : login[0] 0 login[1] 0 , tb0[0] 40 tb0[1] 40 , tb1[0] 24 tb1[1] 33')
('2014-10-18 11:29:43.697494', 'fd_channel : login[0] 0 login[1] 0 , tb0[0] 40 tb0[1] 40 , tb1[0] 23 tb1[1] 33')
('2014-10-18 11:29:43.698366', 'fd_channel : login[0] 0 login[1] 0 , tb0[0] 40 tb0[1] 40 , tb1[0] 23 tb1[1] 32')
('2014-10-18 11:29:43.700361', 'fd_channel : login[0] 0 login[1] 0 , tb0[0] 40 tb0[1] 40 , tb1[0] 23 tb1[1] 31')
('2014-10-18 11:29:43.912310', 'fd_channel : login[0] 0 login[1] 0 , tb0[0] 40 tb0[1] 40 , tb1[0] 23 tb1[1] 30')
('2014-10-18 11:29:44.396542', 'fd_channel : login[0] 0 login[1] 0 , tb0[0] 40 tb0[1] 40 , tb1[0] 24 tb1[1] 29')
('2014-10-18 11:29:49.635330', 'fd_channel : login[0] 0 login[1] 0 , tb0[0] 40 tb0[1] 40 , tb1[0] 25 tb1[1] 29')
('2014-10-18 11:29:49.636588', 'fd_channel : login[0] 0 login[1] 0 , tb0[0] 40 tb0[1] 40 , tb1[0] 25 tb1[1] 28')
('2014-10-18 11:29:50.820152', 'fd_channel : login[0] 0 login[1] 0 , tb0[0] 40 tb0[1] 40 , tb1[0] 25 tb1[1] 28')
('2014-10-18 11:29:50.821455', 'fd_channel : login[0] 0 login[1] 0 , tb0[0] 40 tb0[1] 40 , tb1[0] 25 tb1[1] 27')
('2014-10-18 11:29:50.826511', 'fd_channel : login[0] 0 login[1] 0 , tb0[0] 40 tb0[1] 40 , tb1[0] 24 tb1[1] 27')
('2014-10-18 11:29:51.638712', 'fd_channel : login[0] 0 login[1] 0 , tb0[0] 40 tb0[1] 40 , tb1[0] 23 tb1[1] 27')
('2014-10-18 11:29:51.640536', 'fd_channel : login[0] 0 login[1] 0 , tb0[0] 40 tb0[1] 40 , tb1[0] 23 tb1[1] 26')
('2014-10-18 11:29:52.823993', 'fd_channel : login[0] 0 login[1] 0 , tb0[0] 40 tb0[1] 40 , tb1[0] 23 tb1[1] 26')
('2014-10-18 11:29:52.825591', 'fd_channel : login[0] 0 login[1] 0 , tb0[0] 40 tb0[1] 40 , tb1[0] 23 tb1[1] 25')
('2014-10-18 11:30:01.633361', 'worker [5] stopping')
('2014-10-18 11:30:07.679120', 'fd_channel : login[0] 0 login[1] 0 , tb0[0] 40 tb0[1] 40 , tb1[0] 24 tb1[1] 25')
('2014-10-18 11:30:07.687503', 'fd_channel : login[0] 0 login[1] 0 , tb0[0] 40 tb0[1] 40 , tb1[0] 24 tb1[1] 24')
('2014-10-18 11:30:07.688913', 'fd_channel : login[0] 0 login[1] 0 , tb0[0] 40 tb0[1] 40 , tb1[0] 23 tb1[1] 24')
('2014-10-18 11:30:07.690769', 'fd_channel : login[0] 0 login[1] 0 , tb0[0] 40 tb0[1] 40 , tb1[0] 23 tb1[1] 23')
('2014-10-18 11:30:07.695356', 'fd_channel : login[0] 0 login[1] 0 , tb0[0] 40 tb0[1] 40 , tb1[0] 22 tb1[1] 23')
('2014-10-18 11:30:07.700978', 'fd_channel : login[0] 0 login[1] 0 , tb0[0] 40 tb0[1] 40 , tb1[0] 22 tb1[1] 22')
('2014-10-18 11:30:07.701958', 'fd_channel : login[0] 0 login[1] 0 , tb0[0] 40 tb0[1] 40 , tb1[0] 21 tb1[1] 22')
('2014-10-18 11:30:07.703278', 'fd_channel : login[0] 0 login[1] 0 , tb0[0] 40 tb0[1] 40 , tb1[0] 21 tb1[1] 21')
('2014-10-18 11:30:07.706573', 'fd_channel : login[0] 0 login[1] 0 , tb0[0] 40 tb0[1] 40 , tb1[0] 20 tb1[1] 21')
('2014-10-18 11:30:07.707881', 'fd_channel : login[0] 0 login[1] 0 , tb0[0] 40 tb0[1] 40 , tb1[0] 20 tb1[1] 20')
('2014-10-18 11:30:07.712864', 'fd_channel : login[0] 0 login[1] 0 , tb0[0] 40 tb0[1] 40 , tb1[0] 19 tb1[1] 20')
('2014-10-18 11:30:07.718324', 'fd_channel : login[0] 0 login[1] 0 , tb0[0] 40 tb0[1] 40 , tb1[0] 19 tb1[1] 19')
('2014-10-18 11:30:07.723357', 'fd_channel : login[0] 0 login[1] 0 , tb0[0] 40 tb0[1] 40 , tb1[0] 18 tb1[1] 19')
('2014-10-18 11:30:07.727468', 'fd_channel : login[0] 0 login[1] 0 , tb0[0] 40 tb0[1] 40 , tb1[0] 18 tb1[1] 18')
('2014-10-18 11:30:14.050825', 'fd_channel : login[0] 0 login[1] 0 , tb0[0] 40 tb0[1] 40 , tb1[0] 18 tb1[1] 18')
('2014-10-18 11:30:14.060560', 'fd_channel : login[0] 0 login[1] 0 , tb0[0] 40 tb0[1] 40 , tb1[0] 17 tb1[1] 18')
('2014-10-18 11:30:15.691003', 'fd_channel : login[0] 0 login[1] 0 , tb0[0] 40 tb0[1] 40 , tb1[0] 17 tb1[1] 18')
('2014-10-18 11:30:15.705639', 'fd_channel : login[0] 0 login[1] 0 , tb0[0] 40 tb0[1] 40 , tb1[0] 17 tb1[1] 17')
('2014-10-18 11:30:15.707558', 'fd_channel : login[0] 0 login[1] 0 , tb0[0] 40 tb0[1] 40 , tb1[0] 16 tb1[1] 17')
('2014-10-18 11:30:15.711853', 'fd_channel : login[0] 0 login[1] 0 , tb0[0] 40 tb0[1] 40 , tb1[0] 16 tb1[1] 16')
('2014-10-18 11:30:15.720205', 'fd_channel : login[0] 0 login[1] 0 , tb0[0] 40 tb0[1] 40 , tb1[0] 15 tb1[1] 16')
('2014-10-18 11:30:15.729357', 'fd_channel : login[0] 0 login[1] 0 , tb0[0] 40 tb0[1] 40 , tb1[0] 15 tb1[1] 15')
('2014-10-18 11:30:17.127759', 'fd_channel : login[0] 0 login[1] 0 , tb0[0] 40 tb0[1] 40 , tb1[0] 15 tb1[1] 15')
('2014-10-18 11:30:17.148991', 'fd_channel : login[0] 0 login[1] 0 , tb0[0] 40 tb0[1] 40 , tb1[0] 14 tb1[1] 15')
