('2014-12-20 10:34:12.233682', '\r\n\r\n\r\n\r\n\r\n\r\n\r\n\r\n\r\n\r\n<XML><ERRORCODE>112</ERRORCODE><ERRORSTRING>首次出价时段不能进行修改出价！</ERRORSTRING><ERRORSTRING_EN>Can not modify the bid amount in bid time!</ERRORSTRING_EN></XML>\r\n')
('2014-12-20 10:34:12.233788', "client 52332272 bid 0 fd_price ack error {'errstring': '首次出价时段不能进行修改出价！', 'errcode': '112'}")
('2014-12-20 10:34:12.963322', '\r\n\r\n\r\n\r\n\r\n\r\n\r\n\r\n\r\n\r\n<XML><ERRORCODE>311</ERRORCODE><ERRORSTRING>图像校验码错误！</ERRORSTRING><ERRORSTRING_EN>Image checksum error！</ERRORSTRING_EN></XML>')
('2014-12-20 10:34:12.963429', "client 52385131 bid 0 fd_price ack error {'errstring': '图像校验码错误！', 'errcode': '311'}")
('2014-12-20 10:34:14.360715', '\r\n\r\n\r\n\r\n\r\n\r\n\r\n\r\n\r\n\r\n<XML><ERRORCODE>311</ERRORCODE><ERRORSTRING>图像校验码错误！</ERRORSTRING><ERRORSTRING_EN>Image checksum error！</ERRORSTRING_EN></XML>')
('2014-12-20 10:34:14.360767', "client 52528674 bid 0 fd_price ack error {'errstring': '图像校验码错误！', 'errcode': '311'}")
('2014-12-20 10:34:15.802111', '\r\n\r\n\r\n\r\n\r\n\r\n\r\n\r\n\r\n\r\n<XML><ERRORCODE>311</ERRORCODE><ERRORSTRING>图像校验码错误！</ERRORSTRING><ERRORSTRING_EN>Image checksum error！</ERRORSTRING_EN></XML>')
('2014-12-20 10:34:15.802217', "client 52431201 bid 0 fd_price ack error {'errstring': '图像校验码错误！', 'errcode': '311'}")
('2014-12-20 10:34:16.619627', '\r\n\r\n\r\n\r\n\r\n\r\n\r\n\r\n\r\n\r\n<XML><ERRORCODE>311</ERRORCODE><ERRORSTRING>图像校验码错误！</ERRORSTRING><ERRORSTRING_EN>Image checksum error！</ERRORSTRING_EN></XML>')
('2014-12-20 10:34:16.619732', "client 52354164 bid 0 fd_price ack error {'errstring': '图像校验码错误！', 'errcode': '311'}")
('2014-12-20 10:34:16.622507', '\r\n\r\n\r\n\r\n\r\n\r\n\r\n\r\n\r\n\r\n<XML><ERRORCODE>311</ERRORCODE><ERRORSTRING>图像校验码错误！</ERRORSTRING><ERRORSTRING_EN>Image checksum error！</ERRORSTRING_EN></XML>')
('2014-12-20 10:34:16.622611', "client 52354164 bid 0 fd_price ack error {'errstring': '图像校验码错误！', 'errcode': '311'}")
('2014-12-20 10:34:17.672676', '\r\n\r\n\r\n\r\n\r\n\r\n\r\n\r\n\r\n\r\n<XML><ERRORCODE>311</ERRORCODE><ERRORSTRING>图像校验码错误！</ERRORSTRING><ERRORSTRING_EN>Image checksum error！</ERRORSTRING_EN></XML>')
('2014-12-20 10:34:17.672782', "client 52499852 bid 0 fd_price ack error {'errstring': '图像校验码错误！', 'errcode': '311'}")
('2014-12-20 10:34:22.068964', '\r\n\r\n\r\n\r\n\r\n\r\n\r\n\r\n\r\n\r\n<XML><ERRORCODE>311</ERRORCODE><ERRORSTRING>图像校验码错误！</ERRORSTRING><ERRORSTRING_EN>Image checksum error！</ERRORSTRING_EN></XML>')
('2014-12-20 10:34:22.069014', "client 52471854 bid 0 fd_price ack error {'errstring': '图像校验码错误！', 'errcode': '311'}")
('2014-12-20 10:34:23.165407', '\r\n\r\n\r\n\r\n\r\n\r\n\r\n\r\n\r\n\r\n<XML><ERRORCODE>311</ERRORCODE><ERRORSTRING>图像校验码错误！</ERRORSTRING><ERRORSTRING_EN>Image checksum error！</ERRORSTRING_EN></XML>')
('2014-12-20 10:34:23.165511', "client 52554641 bid 0 fd_price ack error {'errstring': '图像校验码错误！', 'errcode': '311'}")
('2014-12-20 10:35:20.751404', '\r\n\r\n\r\n\r\n\r\n\r\n\r\n\r\n\r\n\r\n<XML><ERRORCODE>311</ERRORCODE><ERRORSTRING>图像校验码错误！</ERRORSTRING><ERRORSTRING_EN>Image checksum error！</ERRORSTRING_EN></XML>')
('2014-12-20 10:35:20.751452', "client 52354164 bid 0 fd_price ack error {'errstring': '图像校验码错误！', 'errcode': '311'}")
('2014-12-20 11:29:45.010034', 'client 52528674 bid 1 fd_image Timeout')
('2014-12-20 11:29:45.013426', 'client 52499852 bid 1 fd_image Timeout')
('2014-12-20 11:29:45.016379', 'client 52354164 bid 1 fd_image Timeout')
('2014-12-20 11:29:47.021659', 'client 52385131 bid 1 fd_price status 503')
('2014-12-20 11:29:47.025352', 'client 52431201 bid 1 fd_price status 503')
('2014-12-20 11:29:47.028702', 'client 52471854 bid 1 fd_price status 503')
('2014-12-20 11:29:47.029887', 'client 52332272 bid 1 fd_price status 503')
('2014-12-20 11:29:47.030814', 'client 52554641 bid 1 fd_price status 503')
('2014-12-20 11:29:47.032607', 'client 52354164 bid 1 fd_price status 503')
('2014-12-20 11:29:47.035563', 'client 52528674 bid 1 fd_price status 503')
('2014-12-20 11:29:48.840216', '\r\n\r\n\r\n\r\n\r\n\r\n\r\n\r\n\r\n\r\n<XML><ERRORCODE>311</ERRORCODE><ERRORSTRING>图像校验码错误！</ERRORSTRING><ERRORSTRING_EN>Image checksum error！</ERRORSTRING_EN></XML>')
('2014-12-20 11:29:48.840329', "client 52499852 bid 1 fd_price ack error {'errstring': '图像校验码错误！', 'errcode': '311'}")
('2014-12-20 11:29:56.223875', 'client 52471854 bid 2 fd_price status 503')
('2014-12-20 11:29:56.430436', 'client 52471854 bid 2 fd_price status 503')
('2014-12-20 11:29:56.448411', 'client 52431201 bid 2 fd_price status 503')
('2014-12-20 11:29:57.659204', 'client 52385131 bid 2 fd_price status 503')
('2014-12-20 11:29:57.661560', 'client 52354164 bid 2 fd_price status 503')
('2014-12-20 11:29:57.743495', 'client 52499852 bid 2 fd_price status 503')
('2014-12-20 11:29:58.478587', '\r\n\r\n\r\n\r\n\r\n\r\n\r\n\r\n\r\n\r\n<XML><ERRORCODE>311</ERRORCODE><ERRORSTRING>图像校验码错误！</ERRORSTRING><ERRORSTRING_EN>Image checksum error！</ERRORSTRING_EN></XML>')
('2014-12-20 11:29:58.478695', "client 52554641 bid 2 fd_price ack error {'errstring': '图像校验码错误！', 'errcode': '311'}")
('2014-12-20 11:29:59.051624', 'client 52528674 bid 2 fd_image Timeout')
('2014-12-20 11:29:59.071788', '\r\n\r\n\r\n\r\n\r\n\r\n\r\n\r\n\r\n\r\n<XML><ERRORCODE>311</ERRORCODE><ERRORSTRING>图像校验码错误！</ERRORSTRING><ERRORSTRING_EN>Image checksum error！</ERRORSTRING_EN></XML>')
('2014-12-20 11:29:59.071898', "client 52332272 bid 2 fd_price ack error {'errstring': '图像校验码错误！', 'errcode': '311'}")
('2014-12-20 11:30:02.054078', 'client 52528674 bid 2 fd_image Timeout')
('2014-12-20 11:30:05.055796', 'client 52528674 bid 2 fd_image Timeout')
