('2014-12-20 09:48:12.017839', 'client 52324546 login 叶炜智 342601199106220635')
('2014-12-20 09:48:12.066719', 'client 52368932 login 唐? 310104198304180814')
('2014-12-20 09:48:14.016072', 'client 52288693 login 庞巍 310104198602252433')
('2014-12-20 09:48:14.169087', 'client 52477639 login 李海燕 460200198211285345')
('2014-12-20 09:48:16.015584', 'client 52426112 login 尹栋梁 310115198112247614')
('2014-12-20 09:48:16.274218', 'client 52365935 login 范丽丽 310227198110041066')
('2014-12-20 09:48:18.017966', 'client 52542556 login 孙熠汇 310104199004296027')
('2014-12-20 09:48:18.076362', 'client 52473949 login 张雯青 310106197611101627')
('2014-12-20 10:34:10.576472', 'client 52542556 bid 0 image 994E85247DEBF5BA0EDC27AB01A57DC2 261518 ')
('2014-12-20 10:34:10.716563', 'client 52473949 bid 0 image 2932C472E7786C3FFA79DB4CBB4D5506 535494 ')
('2014-12-20 10:34:10.730862', 'client 52473949 bid 0 price 72600 张雯青 310106197611101627')
('2014-12-20 10:34:10.785348', 'client 52542556 bid 0 price 72600 孙熠汇 310104199004296027')
('2014-12-20 10:34:11.762930', 'client 52368932 bid 0 image 5BBEE38E30A956F0F4805E7875D1F444 516163 ')
('2014-12-20 10:34:11.780062', 'client 52368932 bid 0 price 72600 唐? 310104198304180814')
('2014-12-20 10:34:13.126604', 'client 52288693 bid 0 image D75D8F3BB12E4C7D3CC4DD11494ED299 836260 ')
('2014-12-20 10:34:13.143330', 'client 52288693 bid 0 price 72600 庞巍 310104198602252433')
('2014-12-20 10:34:16.229851', 'client 52324546 bid 0 image DE6F16D8AE9670902717A17463E33FC5 626262 ')
('2014-12-20 10:34:16.242543', 'client 52324546 bid 0 price 72600 叶炜智 342601199106220635')
('2014-12-20 10:34:17.050322', 'client 52477639 bid 0 image 76759A8AAC5D50B75E2057888058E2BA 506192 ')
('2014-12-20 10:34:17.064170', 'client 52477639 bid 0 price 72600 李海燕 460200198211285345')
('2014-12-20 10:34:18.017487', 'client 52426112 bid 0 image 0097C61C2069BFC533204B0FC7962ECB 916164 ')
('2014-12-20 10:34:18.028232', 'client 52426112 bid 0 price 72600 尹栋梁 310115198112247614')
('2014-12-20 10:34:29.619929', 'client 52365935 bid 0 image 8CCB0425B5552223FF82B05471E877B6 162816 ')
('2014-12-20 10:34:29.633250', 'client 52365935 bid 0 price 72600 范丽丽 310227198110041066')
('2014-12-20 11:29:41.096580', 'client 52473949 bid 1 image 09FDB39C0BAAFBD46E0AC6D2F7518A61 063809 ')
('2014-12-20 11:29:41.165616', 'client 52542556 bid 1 image C3F9188CAF9A499A0AAAA1BEE1A98F33 090608 ')
('2014-12-20 11:29:41.185800', 'client 52426112 bid 1 image FA3A870E882ECF52D7C3E3078834695B 815360 ')
('2014-12-20 11:29:41.220732', 'client 52368932 bid 1 image 89CFDDD449C9466449357DE25326FE58 451648 ')
('2014-12-20 11:29:41.225356', 'client 52288693 bid 1 image CADE669E0F723E806868AC0243EA0658 835350 ')
('2014-12-20 11:29:41.412602', 'client 52324546 bid 1 image E223E69AD5C1E4407A9BED2BA4BB2742 929382 ')
('2014-12-20 11:29:41.418739', 'client 52365935 bid 1 image 83DA590101B1FCCB2C4F579F224E1CD7 253936 ')
('2014-12-20 11:29:42.533605', 'client 52477639 bid 1 image 88771CA35511774A005F62151745C588 361645 ')
('2014-12-20 11:29:47.017232', 'client 52288693 bid 1 price 73500 庞巍 310104198602252433')
('2014-12-20 11:29:47.286346', 'client 52542556 bid 1 price 73500 孙熠汇 310104199004296027')
('2014-12-20 11:29:48.552990', 'client 52477639 bid 1 price 73500 李海燕 460200198211285345')
('2014-12-20 11:29:48.565822', 'client 52324546 bid 1 price 73500 叶炜智 342601199106220635')
('2014-12-20 11:29:48.634287', 'client 52368932 bid 1 price 73500 唐? 310104198304180814')
('2014-12-20 11:29:52.999282', 'client 52426112 bid 1 price Failed')
('2014-12-20 11:29:52.999404', 'client 52426112 bid 1 failed. Abort.....')
('2014-12-20 11:29:53.000488', 'client 52473949 bid 1 price Failed')
('2014-12-20 11:29:53.000627', 'client 52473949 bid 1 failed. Abort.....')
('2014-12-20 11:29:53.003743', 'client 52365935 bid 1 price Failed')
('2014-12-20 11:29:53.003852', 'client 52365935 bid 1 failed. Abort.....')
('2014-12-20 11:29:53.107356', 'client 52477639 bid 2 image EFBBA9BA13EFDDBA927A5072115B5C5D 626493 ')
('2014-12-20 11:29:53.149465', 'client 52324546 bid 2 image 7C65B7CE9C77857CD541B04E01D3CCFD 649183 ')
('2014-12-20 11:29:53.153058', 'client 52426112 bid 2 image CFA3C7B5030818077C2FB8D33413E12B 835264 ')
('2014-12-20 11:29:53.425544', 'client 52365935 bid 2 image 8B2E0A6D6CAC71BD011C3E1E53A6FAD6 363629 ')
('2014-12-20 11:29:53.769285', 'client 52288693 bid 2 image 0F7ACFB39D2B47C14C74BD47AAB44760 183846 ')
('2014-12-20 11:29:54.068249', 'client 52288693 bid 2 price 73700 庞巍 310104198602252433')
('2014-12-20 11:29:54.567800', 'client 52473949 bid 2 image AC9E5F52DB7213A29A2734A9DF59C81F 628093 ')
('2014-12-20 11:29:55.210932', 'client 52542556 bid 2 image 857DF4F603E5C1E4C9B3976E6E093C38 836460 ')
('2014-12-20 11:29:55.379865', 'client 52368932 bid 2 image DD8A6EA5B5349A8071381A380CCF7009 364846 ')
('2014-12-20 11:29:56.476943', 'client 52426112 bid 2 price 73700 尹栋梁 310115198112247614')
('2014-12-20 11:29:56.844802', 'client 52542556 bid 2 price 73700 孙熠汇 310104199004296027')
('2014-12-20 11:30:04.078455', "client 52288693 bids finished. price : ['72600', '73500', '73700'] . Quit.....")
('2014-12-20 11:30:06.487281', "client 52426112 bids finished. price : ['72600', None, '73700'] . Quit.....")
('2014-12-20 11:30:06.855149', "client 52542556 bids finished. price : ['72600', '73500', '73700'] . Quit.....")
('2014-12-20 11:30:07.540790', 'client 52477639 bid 2 price Failed')
('2014-12-20 11:30:07.541206', 'client 52477639 bid 2 failed. Abort.....')
('2014-12-20 11:30:07.548497', 'client 52365935 bid 2 price Failed')
('2014-12-20 11:30:07.548623', 'client 52365935 bid 2 failed. Abort.....')
('2014-12-20 11:30:07.549012', 'client 52324546 bid 2 price Failed')
('2014-12-20 11:30:07.549171', 'client 52324546 bid 2 failed. Abort.....')
('2014-12-20 11:30:08.578502', 'client 52473949 bid 2 price Failed')
('2014-12-20 11:30:08.578726', 'client 52473949 bid 2 failed. Abort.....')
('2014-12-20 11:30:09.387680', 'client 52368932 bid 2 price Failed')
('2014-12-20 11:30:09.387926', 'client 52368932 bid 2 failed. Abort.....')
('2014-12-20 11:30:17.551450', "client 52365935 bids finished. price : ['72600', None, None] . Quit.....")
('2014-12-20 11:30:17.551896', "client 52324546 bids finished. price : ['72600', '73500', None] . Quit.....")
('2014-12-20 11:30:17.552120', "client 52477639 bids finished. price : ['72600', '73500', None] . Quit.....")
('2014-12-20 11:30:18.589056', "client 52473949 bids finished. price : ['72600', '73500', None] . Quit.....")
('2014-12-20 11:30:19.389217', "client 52368932 bids finished. price : ['72600', '73500', None] . Quit.....")
