('2014-12-20 10:34:10.973513', '\r\n\r\n\r\n\r\n\r\n\r\n\r\n\r\n\r\n\r\n<XML><ERRORCODE>311</ERRORCODE><ERRORSTRING>图像校验码错误！</ERRORSTRING><ERRORSTRING_EN>Image checksum error！</ERRORSTRING_EN></XML>')
('2014-12-20 10:34:10.973617', "client 52451406 bid 0 fd_price ack error {'errstring': '图像校验码错误！', 'errcode': '311'}")
('2014-12-20 10:34:12.191662', '\r\n\r\n\r\n\r\n\r\n\r\n\r\n\r\n\r\n\r\n<XML><ERRORCODE>116</ERRORCODE><ERRORSTRING>系统忙，请稍后再试。</ERRORSTRING><ERRORSTRING_EN>System busy now, please try later!</ERRORSTRING_EN></XML>\r\n')
('2014-12-20 10:34:12.191761', "client 52439743 bid 0 fd_price ack error {'errstring': '系统忙，请稍后再试。', 'errcode': '116'}")
('2014-12-20 10:34:12.872432', '\r\n\r\n\r\n\r\n\r\n\r\n\r\n\r\n\r\n\r\n<XML><ERRORCODE>311</ERRORCODE><ERRORSTRING>图像校验码错误！</ERRORSTRING><ERRORSTRING_EN>Image checksum error！</ERRORSTRING_EN></XML>')
('2014-12-20 10:34:12.872531', "client 52479116 bid 0 fd_price ack error {'errstring': '图像校验码错误！', 'errcode': '311'}")
('2014-12-20 10:34:14.293350', '\r\n\r\n\r\n\r\n\r\n\r\n\r\n\r\n\r\n\r\n<XML><ERRORCODE>311</ERRORCODE><ERRORSTRING>图像校验码错误！</ERRORSTRING><ERRORSTRING_EN>Image checksum error！</ERRORSTRING_EN></XML>')
('2014-12-20 10:34:14.293431', "client 52521008 bid 0 fd_price ack error {'errstring': '图像校验码错误！', 'errcode': '311'}")
('2014-12-20 10:34:14.355593', '\r\n\r\n\r\n\r\n\r\n\r\n\r\n\r\n\r\n\r\n<XML><ERRORCODE>311</ERRORCODE><ERRORSTRING>图像校验码错误！</ERRORSTRING><ERRORSTRING_EN>Image checksum error！</ERRORSTRING_EN></XML>')
('2014-12-20 10:34:14.355640', "client 52536859 bid 0 fd_price ack error {'errstring': '图像校验码错误！', 'errcode': '311'}")
('2014-12-20 10:34:18.029010', '\r\n\r\n\r\n\r\n\r\n\r\n\r\n\r\n\r\n\r\n<XML><ERRORCODE>311</ERRORCODE><ERRORSTRING>图像校验码错误！</ERRORSTRING><ERRORSTRING_EN>Image checksum error！</ERRORSTRING_EN></XML>')
('2014-12-20 10:34:18.029128', "client 52393676 bid 0 fd_price ack error {'errstring': '图像校验码错误！', 'errcode': '311'}")
('2014-12-20 10:34:30.611886', '\r\n\r\n\r\n\r\n\r\n\r\n\r\n\r\n\r\n\r\n<XML><ERRORCODE>311</ERRORCODE><ERRORSTRING>图像校验码错误！</ERRORSTRING><ERRORSTRING_EN>Image checksum error！</ERRORSTRING_EN></XML>')
('2014-12-20 10:34:30.611944', "client 52475316 bid 0 fd_price ack error {'errstring': '图像校验码错误！', 'errcode': '311'}")
('2014-12-20 10:34:30.817944', '\r\n\r\n\r\n\r\n\r\n\r\n\r\n\r\n\r\n\r\n<XML><ERRORCODE>311</ERRORCODE><ERRORSTRING>图像校验码错误！</ERRORSTRING><ERRORSTRING_EN>Image checksum error！</ERRORSTRING_EN></XML>')
('2014-12-20 10:34:30.817996', "client 52547493 bid 0 fd_price ack error {'errstring': '图像校验码错误！', 'errcode': '311'}")
('2014-12-20 11:29:53.699061', 'client 52475316 bid 1 fd_price status 503')
('2014-12-20 11:29:53.757201', 'client 52439743 bid 1 fd_price status 503')
('2014-12-20 11:29:54.516327', 'client 52536859 bid 1 fd_image Timeout')
('2014-12-20 11:29:54.526605', 'client 52547493 bid 1 fd_image Timeout')
('2014-12-20 11:29:54.527940', 'client 52521008 bid 1 fd_image Timeout')
('2014-12-20 11:29:54.530277', 'client 52451406 bid 1 fd_image Timeout')
('2014-12-20 11:29:54.531512', 'client 52479116 bid 1 fd_image Timeout')
('2014-12-20 11:29:54.531827', 'client 52393676 bid 1 fd_image Timeout')
('2014-12-20 11:29:55.183181', 'client 52439743 bid 1 fd_price status 503')
('2014-12-20 11:29:55.222948', 'client 52536859 bid 1 fd_price status 503')
('2014-12-20 11:29:58.528631', 'client 52547493 bid 1 fd_image Timeout')
('2014-12-20 11:29:58.530835', 'client 52521008 bid 1 fd_image Timeout')
('2014-12-20 11:29:58.532132', 'client 52451406 bid 1 fd_image Timeout')
('2014-12-20 11:29:58.533618', 'client 52393676 bid 1 fd_image Timeout')
('2014-12-20 11:29:58.536253', 'client 52479116 bid 1 fd_image Timeout')
('2014-12-20 11:30:01.134311', '\r\n\r\n\r\n\r\n\r\n\r\n\r\n\r\n\r\n\r\n<XML><ERRORCODE>110</ERRORCODE><ERRORSTRING>没有正在举行的拍卖会，请注意拍卖公告！</ERRORSTRING><ERRORSTRING_EN>Auction is not begin!</ERRORSTRING_EN></XML>\r\n')
('2014-12-20 11:30:01.134377', "client 52479116 bid 1 fd_price ack error {'errstring': '没有正在举行的拍卖会，请注意拍卖公告！', 'errcode': '110'}")
('2014-12-20 11:30:02.283043', 'client 52536859 bid 2 fd_image Timeout')
('2014-12-20 11:30:02.530893', 'client 52547493 bid 1 fd_image Timeout')
('2014-12-20 11:30:02.532960', 'client 52521008 bid 1 fd_image Timeout')
('2014-12-20 11:30:02.533947', 'client 52451406 bid 1 fd_image Timeout')
('2014-12-20 11:30:02.536056', 'client 52393676 bid 1 fd_image Timeout')
('2014-12-20 11:30:02.698899', 'client 52475316 bid 2 fd_image Timeout')
('2014-12-20 11:30:02.759737', 'client 52439743 bid 2 fd_image Timeout')
('2014-12-20 11:30:05.285100', 'client 52536859 bid 2 fd_image Timeout')
('2014-12-20 11:30:05.702507', 'client 52475316 bid 2 fd_image Timeout')
('2014-12-20 11:30:05.762769', 'client 52439743 bid 2 fd_image Timeout')
('2014-12-20 11:30:08.287672', 'client 52536859 bid 2 fd_image Timeout')
('2014-12-20 11:30:08.704182', 'client 52475316 bid 2 fd_image Timeout')
('2014-12-20 11:30:08.764682', 'client 52439743 bid 2 fd_image Timeout')
