('2015-02-07 10:34:31.819813', 'client 52518230 bid 0 fd_image Timeout')
('2015-02-07 10:34:31.822673', 'client 52468962 bid 0 fd_image Timeout')
('2015-02-07 10:34:31.824207', 'client 52724457 bid 0 fd_image Timeout')
('2015-02-07 10:34:31.824600', 'client 52790764 bid 0 fd_image Timeout')
('2015-02-07 10:34:31.824970', 'client 52451629 bid 0 fd_image Timeout')
('2015-02-07 10:34:44.891860', '\r\n\r\n\r\n\r\n\r\n\r\n\r\n\r\n\r\n\r\n<XML><ERRORCODE>311</ERRORCODE><ERRORSTRING>图像校验码错误！</ERRORSTRING><ERRORSTRING_EN>Image checksum error！</ERRORSTRING_EN></XML>')
('2015-02-07 10:34:44.891916', "client 52797248 bid 0 fd_price ack error {'errstring': '图像校验码错误！', 'errcode': '311'}")
('2015-02-07 10:34:45.708371', '\r\n\r\n\r\n\r\n\r\n\r\n\r\n\r\n\r\n\r\n<XML><ERRORCODE>311</ERRORCODE><ERRORSTRING>图像校验码错误！</ERRORSTRING><ERRORSTRING_EN>Image checksum error！</ERRORSTRING_EN></XML>')
('2015-02-07 10:34:45.708428', "client 52468962 bid 0 fd_price ack error {'errstring': '图像校验码错误！', 'errcode': '311'}")
('2015-02-07 10:34:46.139992', '\r\n\r\n\r\n\r\n\r\n\r\n\r\n\r\n\r\n\r\n<XML><ERRORCODE>311</ERRORCODE><ERRORSTRING>图像校验码错误！</ERRORSTRING><ERRORSTRING_EN>Image checksum error！</ERRORSTRING_EN></XML>')
('2015-02-07 10:34:46.140069', "client 52514721 bid 0 fd_price ack error {'errstring': '图像校验码错误！', 'errcode': '311'}")
('2015-02-07 10:34:57.012606', '\r\n\r\n\r\n\r\n\r\n\r\n\r\n\r\n\r\n\r\n<XML><ERRORCODE>311</ERRORCODE><ERRORSTRING>图像校验码错误！</ERRORSTRING><ERRORSTRING_EN>Image checksum error！</ERRORSTRING_EN></XML>')
('2015-02-07 10:34:57.012660', "client 52724457 bid 0 fd_price ack error {'errstring': '图像校验码错误！', 'errcode': '311'}")
('2015-02-07 10:34:59.164231', 'client 52514721 bid 0 fd_price info channel error')
('2015-02-07 10:34:59.277566', '\r\n\r\n\r\n\r\n\r\n\r\n\r\n\r\n\r\n\r\n<XML><ERRORCODE>311</ERRORCODE><ERRORSTRING>图像校验码错误！</ERRORSTRING><ERRORSTRING_EN>Image checksum error！</ERRORSTRING_EN></XML>')
('2015-02-07 10:34:59.277622', "client 52514721 bid 0 fd_price ack error {'errstring': '图像校验码错误！', 'errcode': '311'}")
('2015-02-07 10:35:01.821581', 'client 52518230 bid 0 fd_image Timeout')
('2015-02-07 10:35:01.828470', 'client 52451629 bid 0 fd_image Timeout')
('2015-02-07 10:35:31.823494', 'client 52518230 bid 0 fd_image Timeout')
('2015-02-07 10:35:31.829875', 'client 52451629 bid 0 fd_image Timeout')
('2015-02-07 10:35:34.940243', '\r\n\r\n\r\n\r\n\r\n\r\n\r\n\r\n\r\n\r\n<XML><ERRORCODE>311</ERRORCODE><ERRORSTRING>图像校验码错误！</ERRORSTRING><ERRORSTRING_EN>Image checksum error！</ERRORSTRING_EN></XML>')
('2015-02-07 10:35:34.940301', "client 52790764 bid 0 fd_price ack error {'errstring': '图像校验码错误！', 'errcode': '311'}")
('2015-02-07 10:36:01.824997', 'client 52518230 bid 0 fd_image Timeout')
('2015-02-07 10:36:07.740105', '\r\n\r\n\r\n\r\n\r\n\r\n\r\n\r\n\r\n\r\n<XML><ERRORCODE>311</ERRORCODE><ERRORSTRING>图像校验码错误！</ERRORSTRING><ERRORSTRING_EN>Image checksum error！</ERRORSTRING_EN></XML>')
('2015-02-07 10:36:07.740166', "client 52451629 bid 0 fd_price ack error {'errstring': '图像校验码错误！', 'errcode': '311'}")
('2015-02-07 10:36:37.276135', '\r\n\r\n\r\n\r\n\r\n\r\n\r\n\r\n\r\n\r\n<XML><ERRORCODE>311</ERRORCODE><ERRORSTRING>图像校验码错误！</ERRORSTRING><ERRORSTRING_EN>Image checksum error！</ERRORSTRING_EN></XML>')
('2015-02-07 10:36:37.276193', "client 52518230 bid 0 fd_price ack error {'errstring': '图像校验码错误！', 'errcode': '311'}")
('2015-02-07 10:37:12.111773', 'client 52749124 bid 0 fd_price info channel error')
('2015-02-07 10:37:12.234568', '\r\n\r\n\r\n\r\n\r\n\r\n\r\n\r\n\r\n\r\n<XML><ERRORCODE>311</ERRORCODE><ERRORSTRING>图像校验码错误！</ERRORSTRING><ERRORSTRING_EN>Image checksum error！</ERRORSTRING_EN></XML>')
('2015-02-07 10:37:12.234622', "client 52749124 bid 0 fd_price ack error {'errstring': '图像校验码错误！', 'errcode': '311'}")
('2015-02-07 10:37:15.294601', 'client 52514721 bid 0 fd_price info channel error')
('2015-02-07 10:37:15.407245', '\r\n\r\n\r\n\r\n\r\n\r\n\r\n\r\n\r\n\r\n<XML><ERRORCODE>311</ERRORCODE><ERRORSTRING>图像校验码错误！</ERRORSTRING><ERRORSTRING_EN>Image checksum error！</ERRORSTRING_EN></XML>')
('2015-02-07 10:37:15.407298', "client 52514721 bid 0 fd_price ack error {'errstring': '图像校验码错误！', 'errcode': '311'}")
('2015-02-07 10:37:21.413404', 'client 52514721 bid 0 fd_price info channel error')
('2015-02-07 10:37:21.535513', '\r\n\r\n\r\n\r\n\r\n\r\n\r\n\r\n\r\n\r\n<XML><ERRORCODE>311</ERRORCODE><ERRORSTRING>图像校验码错误！</ERRORSTRING><ERRORSTRING_EN>Image checksum error！</ERRORSTRING_EN></XML>')
('2015-02-07 10:37:21.535568', "client 52514721 bid 0 fd_price ack error {'errstring': '图像校验码错误！', 'errcode': '311'}")
('2015-02-07 10:37:27.064260', 'client 52514721 bid 0 fd_price info channel error')
('2015-02-07 10:37:27.181137', '\r\n\r\n\r\n\r\n\r\n\r\n\r\n\r\n\r\n\r\n<XML><ERRORCODE>311</ERRORCODE><ERRORSTRING>图像校验码错误！</ERRORSTRING><ERRORSTRING_EN>Image checksum error！</ERRORSTRING_EN></XML>')
('2015-02-07 10:37:27.181192', "client 52514721 bid 0 fd_price ack error {'errstring': '图像校验码错误！', 'errcode': '311'}")
('2015-02-07 10:37:35.256194', 'client 52724457 bid 0 fd_image info channel error')
('2015-02-07 10:38:04.440469', 'client 52514721 bid 0 fd_price info channel error')
('2015-02-07 10:38:04.560262', '\r\n\r\n\r\n\r\n\r\n\r\n\r\n\r\n\r\n\r\n<XML><ERRORCODE>311</ERRORCODE><ERRORSTRING>图像校验码错误！</ERRORSTRING><ERRORSTRING_EN>Image checksum error！</ERRORSTRING_EN></XML>')
('2015-02-07 10:38:04.560317', "client 52514721 bid 0 fd_price ack error {'errstring': '图像校验码错误！', 'errcode': '311'}")
('2015-02-07 10:38:05.464406', 'client 52518230 bid 0 fd_image info channel error')
('2015-02-07 10:38:10.072007', 'client 52790764 bid 0 fd_price info channel error')
('2015-02-07 10:38:10.186201', '\r\n\r\n\r\n\r\n\r\n\r\n\r\n\r\n\r\n\r\n<XML><ERRORCODE>311</ERRORCODE><ERRORSTRING>图像校验码错误！</ERRORSTRING><ERRORSTRING_EN>Image checksum error！</ERRORSTRING_EN></XML>')
('2015-02-07 10:38:10.186256', "client 52790764 bid 0 fd_price ack error {'errstring': '图像校验码错误！', 'errcode': '311'}")
('2015-02-07 10:38:12.632240', 'client 52468962 bid 0 fd_price info channel error')
('2015-02-07 10:38:12.746164', '\r\n\r\n\r\n\r\n\r\n\r\n\r\n\r\n\r\n\r\n<XML><ERRORCODE>311</ERRORCODE><ERRORSTRING>图像校验码错误！</ERRORSTRING><ERRORSTRING_EN>Image checksum error！</ERRORSTRING_EN></XML>')
('2015-02-07 10:38:12.746221', "client 52468962 bid 0 fd_price ack error {'errstring': '图像校验码错误！', 'errcode': '311'}")
('2015-02-07 10:38:35.160302', 'client 52518230 bid 0 fd_image info channel error')
('2015-02-07 10:38:35.416657', 'client 52451629 bid 0 fd_image info channel error')
('2015-02-07 10:39:05.367972', 'client 52518230 bid 0 fd_image info channel error')
('2015-02-07 10:39:15.096427', 'client 52451629 bid 0 fd_price info channel error')
('2015-02-07 10:39:16.401474', 'client 52451629 bid 0 fd_price get channel Failed')
('2015-02-07 10:39:31.479926', 'client 52451629 bid 0 fd_image info channel error')
('2015-02-07 10:39:35.576689', 'client 52518230 bid 0 fd_image info channel error')
('2015-02-07 10:39:35.577051', 'client 52790764 bid 0 fd_image info channel error')
('2015-02-07 10:39:35.577270', 'client 52468962 bid 0 fd_image info channel error')
('2015-02-07 10:39:48.375526', 'client 52513464 bid 0 fd_price info channel error')
('2015-02-07 10:39:49.678140', 'client 52513464 bid 0 fd_price get channel Failed')
('2015-02-07 10:40:05.783955', 'client 52451629 bid 0 fd_image info channel error')
('2015-02-07 11:30:00.357018', '\r\n\r\n\r\n\r\n\r\n\r\n\r\n\r\n\r\n\r\n<XML><ERRORCODE>110</ERRORCODE><ERRORSTRING>没有正在举行的拍卖会，请注意拍卖公告！</ERRORSTRING><ERRORSTRING_EN>Auction is not begin!</ERRORSTRING_EN></XML>\r\n')
('2015-02-07 11:30:00.357074', "client 52749124 bid 2 fd_price ack error {'errstring': '没有正在举行的拍卖会，请注意拍卖公告！', 'errcode': '110'}")
('2015-02-07 11:30:03.113035', 'client 52790764 bid 2 fd_image Timeout')
('2015-02-07 11:30:08.123687', '\r\n\r\n\r\n\r\n\r\n\r\n\r\n\r\n\r\n\r\n\r\n<XML><ERRORCODE>110</ERRORCODE><ERRORSTRING>没有正在举行的拍卖会，请注意拍卖公告！</ERRORSTRING><ERRORSTRING_EN>Auction is not begin!</ERRORSTRING_EN></XML>')
('2015-02-07 11:30:08.123755', "client 52790764 bid 2 fd_image ack error {'body': '\\r\\n\\r\\n\\r\\n\\r\\n\\r\\n\\r\\n\\r\\n\\r\\n\\r\\n\\r\\n\\r\\n<XML><ERRORCODE>110</ERRORCODE><ERRORSTRING>没有正在举行的拍卖会，请注意拍卖公告！</ERRORSTRING><ERRORSTRING_EN>Auction is not begin!</ERRORSTRING_EN></XML>', 'status': 200, 'head': 'Connection: close\\nDate: Sat, 07 Feb 2015 03:30:08 GMT\\nServer: Microsoft-IIS/6.0\\nSet-Cookie: JSESSIONID=AE7EA8A97699FA6A94BA5FF2B5D9EB46; Path=/car\\nContent-Type: text/html;charset=GBK\\nContent-Length: 178\\n\\n'}")
('2015-02-07 11:30:09.886643', '\r\n\r\n\r\n\r\n\r\n\r\n\r\n\r\n\r\n\r\n<XML><ERRORCODE>110</ERRORCODE><ERRORSTRING>没有正在举行的拍卖会，请注意拍卖公告！</ERRORSTRING><ERRORSTRING_EN>Auction is not begin!</ERRORSTRING_EN></XML>\r\n')
('2015-02-07 11:30:09.886721', "client 52724457 bid 2 fd_price ack error {'errstring': '没有正在举行的拍卖会，请注意拍卖公告！', 'errcode': '110'}")
('2015-02-07 11:30:15.125604', 'client 52790764 bid 2 fd_image Timeout')
