('2015-02-07 10:01:43.545625', 'client 52520859 login 杨振慈 370613198411040512')
('2015-02-07 10:01:43.560944', 'client 52753130 login 程江陵 340822198202136210')
('2015-02-07 10:01:45.039155', 'client 52471992 login 史健韬 430105199210281313')
('2015-02-07 10:01:45.064219', 'client 52591362 login 管锋 310105197802272019')
('2015-02-07 10:01:46.540148', 'client 52387909 login 罗艳宁 610103196210182443')
('2015-02-07 10:01:46.565190', 'client 52456580 login 马轶斌 310107198005061638')
('2015-02-07 10:01:48.041462', 'client 52731807 login 项军民 310226197003214717')
('2015-02-07 10:01:48.068563', 'client 52477581 login 陈福平 310230195602234790')
('2015-02-07 10:01:49.542629', 'client 52595824 login 刘萱 310106196402044035')
('2015-02-07 10:34:10.874751', 'client 52753130 bid 0 image E5F0BC012339F0BC325456015DD7C02B 484616 ')
('2015-02-07 10:34:10.894839', 'client 52753130 bid 0 price 73700 程江陵 340822198202136210')
('2015-02-07 10:34:11.559114', 'client 52731807 bid 0 image 7D6E23FD86C3F584AF1184BDA3BCB1D8 392928 ')
('2015-02-07 10:34:11.577849', 'client 52731807 bid 0 price 73700 项军民 310226197003214717')
('2015-02-07 10:34:12.007438', 'client 52477581 bid 0 image 3EDAAC85C5EDEB92D71FB60174B830A5 060508 ')
('2015-02-07 10:34:12.027959', 'client 52477581 bid 0 price 73700 陈福平 310230195602234790')
('2015-02-07 10:34:13.784700', 'client 52456580 bid 0 image 1A3FBBD3D01D02BB5DFF4E36B90CD308 263626 ')
('2015-02-07 10:34:18.534697', 'client 52471992 bid 0 image F8C1809BDBAAA147FA27FA23068602D6 639151 ')
('2015-02-07 10:34:26.683489', 'client 52456580 bid 0 price 73700 马轶斌 310107198005061638')
('2015-02-07 10:34:26.889628', 'client 52471992 bid 0 price 73700 史健韬 430105199210281313')
('2015-02-07 10:34:42.493378', 'client 52387909 bid 0 image 76640AF0184226FBFB86DDD09A3C68D7 184948 ')
('2015-02-07 10:34:42.517257', 'client 52387909 bid 0 price 73700 罗艳宁 610103196210182443')
('2015-02-07 10:34:44.592707', 'client 52591362 bid 0 image 0F2DE447880E9D0E020A3597FAC981C4 061629 ')
('2015-02-07 10:34:44.615170', 'client 52591362 bid 0 price 73700 管锋 310105197802272019')
('2015-02-07 10:35:31.762493', 'client 52520859 bid 0 image Failed')
('2015-02-07 10:35:31.762568', 'client 52520859 bid 0 failed. Abort.....')
('2015-02-07 10:35:31.763533', 'client 52595824 bid 0 image Failed')
('2015-02-07 10:35:31.763603', 'client 52595824 bid 0 failed. Abort.....')
('2015-02-07 10:35:39.777675', 'client 52595824 bid 0 image CD136EFE3FDA47CE365C393A2498A90B 619050 ')
('2015-02-07 10:35:39.799538', 'client 52595824 bid 0 price 73700 刘萱 310106196402044035')
('2015-02-07 10:35:47.385963', 'client 52520859 bid 0 image 3BF3F24CF5D6CA1CAE4930116794786E 063618 ')
('2015-02-07 10:36:00.538196', 'client 52520859 bid 0 price 73700 杨振慈 370613198411040512')
('2015-02-07 11:29:36.201060', 'client 52520859 bid 1 image 5AF76E6F15717DBCA6944AE83C0FAFDC 183638 ')
('2015-02-07 11:29:36.228673', 'client 52731807 bid 1 image EA7889BF89DE4AB28D8D49BBE764DB3F 053639 ')
('2015-02-07 11:29:36.228945', 'client 52471992 bid 1 image 2D1E319486CC62D06AABA7C76D9FA6FD 284905 ')
('2015-02-07 11:29:37.024751', 'client 52753130 bid 1 image BF74E4867D9B0EF7D8456E407785F32C 354935 ')
('2015-02-07 11:29:37.071742', 'client 52387909 bid 1 image 9E6D8879FE11068233ABE526BDB7EF07 849294 ')
('2015-02-07 11:29:41.906758', 'client 52595824 bid 1 image 76F90A790CB12654C9B850953738361F 482606 ')
('2015-02-07 11:29:42.017513', 'client 52456580 bid 1 image 477830CA0CBF72F98F584FFB4AA2AD85 482606 ')
('2015-02-07 11:29:42.038102', 'client 52477581 bid 1 image 6BE0CE409F34C8EEA59A60D0FAA49868 528091 ')
('2015-02-07 11:29:44.041920', 'client 52591362 bid 1 image 7EB83CBA7808E0CF984C1092F70B7998 452636 ')
('2015-02-07 11:29:56.412188', 'client 52520859 bid 1 cancel')
('2015-02-07 11:29:56.412324', 'client 52520859 bid 1 price Failed')
('2015-02-07 11:29:56.412366', 'client 52520859 bid 1 failed. Abort.....')
('2015-02-07 11:29:56.412822', 'client 52731807 bid 1 cancel')
('2015-02-07 11:29:56.412876', 'client 52731807 bid 1 price Failed')
('2015-02-07 11:29:56.412911', 'client 52731807 bid 1 failed. Abort.....')
('2015-02-07 11:29:56.413692', 'client 52471992 bid 1 cancel')
('2015-02-07 11:29:56.413739', 'client 52471992 bid 1 price Failed')
('2015-02-07 11:29:56.413773', 'client 52471992 bid 1 failed. Abort.....')
('2015-02-07 11:29:56.414094', 'client 52753130 bid 1 cancel')
('2015-02-07 11:29:56.414181', 'client 52753130 bid 1 price Failed')
('2015-02-07 11:29:56.414223', 'client 52753130 bid 1 failed. Abort.....')
('2015-02-07 11:29:56.414529', 'client 52387909 bid 1 cancel')
('2015-02-07 11:29:56.414576', 'client 52387909 bid 1 price Failed')
('2015-02-07 11:29:56.414610', 'client 52387909 bid 1 failed. Abort.....')
('2015-02-07 11:29:56.414940', 'client 52595824 bid 1 cancel')
('2015-02-07 11:29:56.414992', 'client 52595824 bid 1 price Failed')
('2015-02-07 11:29:56.415026', 'client 52595824 bid 1 failed. Abort.....')
('2015-02-07 11:29:56.415809', 'client 52456580 bid 1 cancel')
('2015-02-07 11:29:56.415863', 'client 52456580 bid 1 price Failed')
('2015-02-07 11:29:56.415897', 'client 52456580 bid 1 failed. Abort.....')
('2015-02-07 11:29:56.416210', 'client 52591362 bid 1 cancel')
('2015-02-07 11:29:56.416262', 'client 52591362 bid 1 price Failed')
('2015-02-07 11:29:56.416299', 'client 52591362 bid 1 failed. Abort.....')
('2015-02-07 11:29:56.417030', 'client 52477581 bid 1 cancel')
('2015-02-07 11:29:56.417093', 'client 52477581 bid 1 price Failed')
('2015-02-07 11:29:56.417129', 'client 52477581 bid 1 failed. Abort.....')
('2015-02-07 11:29:56.579448', 'client 52456580 bid 2 image 707C46AC32C8464EABF017A700018463 150618 ')
('2015-02-07 11:29:56.600508', 'client 52731807 bid 2 image 17AF0317EA0C0BE670E5119B553BCAC4 261938 ')
('2015-02-07 11:29:56.776468', 'client 52477581 bid 2 image 17A88B21ABA2D0F5BEE8ED5571BBDFEC 252526 ')
('2015-02-07 11:29:56.778896', 'client 52753130 bid 2 image D5E96AA09213BA420F3E2F4F42FD8D45 526393 ')
('2015-02-07 11:29:56.812581', 'client 52477581 bid 2 price 76700 陈福平 310230195602234790')
('2015-02-07 11:29:57.009334', 'client 52753130 bid 2 price 76700 程江陵 340822198202136210')
('2015-02-07 11:29:57.241908', 'client 52731807 bid 2 price 76700 项军民 310226197003214717')
('2015-02-07 11:29:58.029629', 'client 52520859 bid 2 image C1EB34BDB2DABB87CDD99CEA7352CD1D 461526 ')
('2015-02-07 11:29:58.609970', 'client 52456580 bid 2 price 76700 马轶斌 310107198005061638')
('2015-02-07 11:29:59.671159', 'client 52387909 bid 2 image 3877D00C71DA5EE868C94E8A97F0779C 062625 ')
('2015-02-07 11:30:06.822793', "client 52477581 bids finished. price : ['73700', None, '76700'] . Quit.....")
('2015-02-07 11:30:07.015905', "client 52753130 bids finished. price : ['73700', None, '76700'] . Quit.....")
('2015-02-07 11:30:07.252226', "client 52731807 bids finished. price : ['73700', None, '76700'] . Quit.....")
('2015-02-07 11:30:08.616444', "client 52456580 bids finished. price : ['73700', None, '76700'] . Quit.....")
('2015-02-07 11:30:10.434400', 'client 52591362 bid 2 image Failed')
('2015-02-07 11:30:10.434450', 'client 52591362 bid 2 failed. Abort.....')
('2015-02-07 11:30:11.674130', 'client 52387909 bid 2 price Failed')
('2015-02-07 11:30:11.674289', 'client 52387909 bid 2 failed. Abort.....')
('2015-02-07 11:30:12.035341', 'client 52520859 bid 2 price Failed')
('2015-02-07 11:30:12.035486', 'client 52520859 bid 2 failed. Abort.....')
('2015-02-07 11:30:13.427411', 'client 52471992 bid 2 image Failed')
('2015-02-07 11:30:13.427455', 'client 52471992 bid 2 failed. Abort.....')
('2015-02-07 11:30:17.428184', 'client 52595824 bid 2 image Failed')
('2015-02-07 11:30:17.428227', 'client 52595824 bid 2 failed. Abort.....')
('2015-02-07 11:30:20.437820', "client 52591362 bids finished. price : ['73700', None, None] . Quit.....")
('2015-02-07 11:30:21.684489', "client 52387909 bids finished. price : ['73700', None, None] . Quit.....")
('2015-02-07 11:30:22.045681', "client 52520859 bids finished. price : ['73700', None, None] . Quit.....")
('2015-02-07 11:30:23.437582', "client 52471992 bids finished. price : ['73700', None, None] . Quit.....")
('2015-02-07 11:30:27.438420', "client 52595824 bids finished. price : ['73700', None, None] . Quit.....")
