('2015-04-18 10:07:51.777475', 'worker [2] started')
('2015-04-18 10:07:51.777551', 'client 8 initted')
('2015-04-18 10:07:52.526422', 'put_channel : 2015-04-18 10:07:52.526313 : channel login, group 1')
('2015-04-18 10:07:52.530390', 'get_channel: 2015-04-18 10:07:52.526313 : 1 ')
('2015-04-18 10:07:52.530471', 'fd_channel : login[0] 0 login[1] 0 , tb0[0] 0 tb0[1] 0 , tb1[0] 0 tb1[1] 0')
('2015-04-18 10:07:52.541264', 'close_channel : 2015-04-18 10:07:52.526313')
('2015-04-18 10:07:54.024286', 'put_channel : 2015-04-18 10:07:54.024188 : channel login, group 1')
('2015-04-18 10:07:54.024885', 'get_channel: 2015-04-18 10:07:54.024188 : 1 ')
('2015-04-18 10:07:54.024944', 'fd_channel : login[0] 0 login[1] 0 , tb0[0] 0 tb0[1] 0 , tb1[0] 0 tb1[1] 0')
('2015-04-18 10:07:54.035654', 'close_channel : 2015-04-18 10:07:54.024188')
('2015-04-18 10:07:55.524364', 'put_channel : 2015-04-18 10:07:55.524251 : channel login, group 1')
('2015-04-18 10:07:55.524950', 'get_channel: 2015-04-18 10:07:55.524251 : 1 ')
('2015-04-18 10:07:55.525009', 'fd_channel : login[0] 0 login[1] 0 , tb0[0] 0 tb0[1] 0 , tb1[0] 0 tb1[1] 0')
('2015-04-18 10:07:55.535770', 'close_channel : 2015-04-18 10:07:55.524251')
('2015-04-18 10:07:57.027486', 'put_channel : 2015-04-18 10:07:57.027384 : channel login, group 1')
('2015-04-18 10:07:57.028049', 'get_channel: 2015-04-18 10:07:57.027384 : 1 ')
('2015-04-18 10:07:57.028119', 'fd_channel : login[0] 0 login[1] 0 , tb0[0] 0 tb0[1] 0 , tb1[0] 0 tb1[1] 0')
('2015-04-18 10:07:57.038904', 'close_channel : 2015-04-18 10:07:57.027384')
('2015-04-18 10:07:58.525453', 'put_channel : 2015-04-18 10:07:58.525348 : channel login, group 1')
('2015-04-18 10:07:58.526033', 'get_channel: 2015-04-18 10:07:58.525348 : 1 ')
('2015-04-18 10:07:58.526088', 'fd_channel : login[0] 0 login[1] 0 , tb0[0] 0 tb0[1] 0 , tb1[0] 0 tb1[1] 0')
('2015-04-18 10:07:58.538607', 'close_channel : 2015-04-18 10:07:58.525348')
('2015-04-18 10:08:00.025268', 'put_channel : 2015-04-18 10:08:00.025145 : channel login, group 1')
('2015-04-18 10:08:00.025950', 'get_channel: 2015-04-18 10:08:00.025145 : 1 ')
('2015-04-18 10:08:00.026016', 'fd_channel : login[0] 0 login[1] 0 , tb0[0] 0 tb0[1] 0 , tb1[0] 0 tb1[1] 0')
('2015-04-18 10:08:00.044674', 'close_channel : 2015-04-18 10:08:00.025145')
('2015-04-18 10:08:01.523612', 'put_channel : 2015-04-18 10:08:01.523517 : channel login, group 1')
('2015-04-18 10:08:01.524149', 'get_channel: 2015-04-18 10:08:01.523517 : 1 ')
('2015-04-18 10:08:01.524204', 'fd_channel : login[0] 0 login[1] 0 , tb0[0] 0 tb0[1] 0 , tb1[0] 0 tb1[1] 0')
('2015-04-18 10:08:01.534752', 'close_channel : 2015-04-18 10:08:01.523517')
('2015-04-18 10:08:03.025080', 'put_channel : 2015-04-18 10:08:03.024971 : channel login, group 1')
('2015-04-18 10:08:03.183052', 'get_channel: 2015-04-18 10:08:03.024971 : 1 ')
('2015-04-18 10:08:03.183126', 'fd_channel : login[0] 0 login[1] 0 , tb0[0] 0 tb0[1] 0 , tb1[0] 0 tb1[1] 0')
('2015-04-18 10:08:03.194343', 'close_channel : 2015-04-18 10:08:03.024971')
('2015-04-18 10:32:31.524016', 'put_channel : 2015-04-18 10:32:31.523921 : channel tb0, group 1')
('2015-04-18 10:32:33.024005', 'put_channel : 2015-04-18 10:32:33.023931 : channel tb0, group 1')
('2015-04-18 10:32:34.526248', 'put_channel : 2015-04-18 10:32:34.526158 : channel tb0, group 1')
('2015-04-18 10:32:36.022930', 'put_channel : 2015-04-18 10:32:36.022845 : channel tb0, group 1')
('2015-04-18 10:32:37.523742', 'put_channel : 2015-04-18 10:32:37.523620 : channel tb0, group 1')
('2015-04-18 10:32:39.024371', 'put_channel : 2015-04-18 10:32:39.024272 : channel tb0, group 1')
('2015-04-18 10:32:40.523660', 'put_channel : 2015-04-18 10:32:40.523562 : channel tb0, group 1')
('2015-04-18 10:32:42.023936', 'put_channel : 2015-04-18 10:32:42.023839 : channel tb0, group 1')
('2015-04-18 10:32:43.526078', 'put_channel : 2015-04-18 10:32:43.525951 : channel tb0, group 1')
('2015-04-18 10:32:45.024662', 'put_channel : 2015-04-18 10:32:45.024574 : channel tb0, group 1')
('2015-04-18 10:32:46.524366', 'put_channel : 2015-04-18 10:32:46.524280 : channel tb0, group 1')
('2015-04-18 10:32:48.025725', 'put_channel : 2015-04-18 10:32:48.025608 : channel tb0, group 1')
('2015-04-18 10:32:49.523510', 'put_channel : 2015-04-18 10:32:49.523415 : channel tb0, group 1')
('2015-04-18 10:32:51.024393', 'put_channel : 2015-04-18 10:32:51.024292 : channel tb0, group 1')
('2015-04-18 10:32:52.529588', 'put_channel : 2015-04-18 10:32:52.529497 : channel tb0, group 1')
('2015-04-18 10:32:54.024242', 'put_channel : 2015-04-18 10:32:54.024130 : channel tb0, group 1')
('2015-04-18 10:32:55.524224', 'put_channel : 2015-04-18 10:32:55.524129 : channel tb0, group 1')
('2015-04-18 10:32:57.024328', 'put_channel : 2015-04-18 10:32:57.024208 : channel tb0, group 1')
('2015-04-18 10:32:58.524104', 'put_channel : 2015-04-18 10:32:58.524017 : channel tb0, group 1')
('2015-04-18 10:33:00.024376', 'put_channel : 2015-04-18 10:33:00.024251 : channel tb0, group 1')
('2015-04-18 10:33:01.522844', 'put_channel : 2015-04-18 10:33:01.522733 : channel tb0, group 1')
('2015-04-18 10:33:03.023583', 'put_channel : 2015-04-18 10:33:03.023485 : channel tb0, group 1')
('2015-04-18 10:33:04.523698', 'put_channel : 2015-04-18 10:33:04.523600 : channel tb0, group 1')
('2015-04-18 10:33:06.023825', 'put_channel : 2015-04-18 10:33:06.023724 : channel tb0, group 1')
('2015-04-18 10:33:07.524108', 'put_channel : 2015-04-18 10:33:07.523981 : channel tb0, group 1')
('2015-04-18 10:33:09.025212', 'put_channel : 2015-04-18 10:33:09.025099 : channel tb0, group 1')
('2015-04-18 10:33:10.523837', 'put_channel : 2015-04-18 10:33:10.523724 : channel tb0, group 1')
('2015-04-18 10:33:12.024192', 'put_channel : 2015-04-18 10:33:12.024098 : channel tb0, group 1')
('2015-04-18 10:33:13.525956', 'put_channel : 2015-04-18 10:33:13.525828 : channel tb0, group 1')
('2015-04-18 10:33:15.023964', 'put_channel : 2015-04-18 10:33:15.023874 : channel tb0, group 1')
('2015-04-18 10:33:23.537959', 'put_channel : 2015-04-18 10:33:23.537843 : channel tb0, group 1')
('2015-04-18 10:33:23.979275', 'put_channel : 2015-04-18 10:33:23.979157 : channel tb0, group 1')
('2015-04-18 10:33:25.527408', 'put_channel : 2015-04-18 10:33:25.527293 : channel tb0, group 1')
('2015-04-18 10:33:26.529637', 'put_channel : 2015-04-18 10:33:26.529522 : channel tb0, group 1')
('2015-04-18 10:33:28.036136', 'put_channel : 2015-04-18 10:33:28.036027 : channel tb0, group 1')
('2015-04-18 10:33:31.479988', 'put_channel : 2015-04-18 10:33:31.479877 : channel tb0, group 1')
('2015-04-18 10:33:37.022181', 'put_channel : 2015-04-18 10:33:37.022088 : channel tb0, group 1')
('2015-04-18 10:33:37.524118', 'put_channel : 2015-04-18 10:33:37.524023 : channel tb0, group 1')
('2015-04-18 10:33:37.526027', 'put_channel : 2015-04-18 10:33:37.525985 : channel tb0, group 1')
('2015-04-18 10:33:37.979613', 'put_channel : 2015-04-18 10:33:37.979494 : channel tb0, group 1')
('2015-04-18 10:33:39.023747', 'put_channel : 2015-04-18 10:33:39.023646 : channel tb0, group 1')
('2015-04-18 10:33:39.041815', 'put_channel : 2015-04-18 10:33:39.041728 : channel tb0, group 1')
('2015-04-18 10:33:40.035441', 'put_channel : 2015-04-18 10:33:40.035345 : channel tb0, group 1')
('2015-04-18 10:33:43.021561', 'put_channel : 2015-04-18 10:33:43.021465 : channel tb0, group 1')
('2015-04-18 10:33:46.022136', 'put_channel : 2015-04-18 10:33:46.022044 : channel tb0, group 1')
('2015-04-18 10:33:46.525208', 'put_channel : 2015-04-18 10:33:46.525091 : channel tb0, group 1')
('2015-04-18 10:33:46.647340', 'put_channel : 2015-04-18 10:33:46.647220 : channel tb0, group 1')
('2015-04-18 10:33:47.539941', 'put_channel : 2015-04-18 10:33:47.539818 : channel tb0, group 1')
('2015-04-18 10:33:53.522826', 'put_channel : 2015-04-18 10:33:53.522724 : channel tb0, group 1')
('2015-04-18 10:33:54.023361', 'put_channel : 2015-04-18 10:33:54.023204 : channel tb0, group 1')
('2015-04-18 10:33:54.025790', 'put_channel : 2015-04-18 10:33:54.025746 : channel tb0, group 1')
('2015-04-18 10:33:55.034492', 'put_channel : 2015-04-18 10:33:55.034379 : channel tb0, group 1')
('2015-04-18 10:33:55.523169', 'put_channel : 2015-04-18 10:33:55.523068 : channel tb0, group 1')
('2015-04-18 10:33:56.530414', 'put_channel : 2015-04-18 10:33:56.530314 : channel tb0, group 1')
('2015-04-18 10:33:59.522373', 'put_channel : 2015-04-18 10:33:59.522252 : channel tb0, group 1')
('2015-04-18 10:33:59.587552', 'put_channel : 2015-04-18 10:33:59.587437 : channel tb0, group 1')
('2015-04-18 10:34:02.522169', 'put_channel : 2015-04-18 10:34:02.522074 : channel tb0, group 1')
('2015-04-18 10:34:03.128283', 'get_channel: 2015-04-18 10:32:31.523921 : 1 ')
('2015-04-18 10:34:03.128361', 'fd_channel : login[0] 0 login[1] 0 , tb0[0] 0 tb0[1] 56 , tb1[0] 0 tb1[1] 0')
('2015-04-18 10:34:03.129381', 'get_channel: 2015-04-18 10:32:33.023931 : 1 ')
('2015-04-18 10:34:03.129426', 'fd_channel : login[0] 0 login[1] 0 , tb0[0] 0 tb0[1] 55 , tb1[0] 0 tb1[1] 0')
('2015-04-18 10:34:03.130290', 'get_channel: 2015-04-18 10:32:34.526158 : 1 ')
('2015-04-18 10:34:03.130335', 'fd_channel : login[0] 0 login[1] 0 , tb0[0] 0 tb0[1] 54 , tb1[0] 0 tb1[1] 0')
('2015-04-18 10:34:03.131167', 'get_channel: 2015-04-18 10:32:36.022845 : 1 ')
('2015-04-18 10:34:03.131245', 'fd_channel : login[0] 0 login[1] 0 , tb0[0] 0 tb0[1] 53 , tb1[0] 0 tb1[1] 0')
('2015-04-18 10:34:03.132019', 'get_channel: 2015-04-18 10:32:37.523620 : 1 ')
('2015-04-18 10:34:03.132066', 'fd_channel : login[0] 0 login[1] 0 , tb0[0] 0 tb0[1] 52 , tb1[0] 0 tb1[1] 0')
('2015-04-18 10:34:03.132775', 'get_channel: 2015-04-18 10:32:39.024272 : 1 ')
('2015-04-18 10:34:03.132824', 'fd_channel : login[0] 0 login[1] 0 , tb0[0] 0 tb0[1] 51 , tb1[0] 0 tb1[1] 0')
('2015-04-18 10:34:03.134432', 'get_channel: 2015-04-18 10:32:40.523562 : 1 ')
('2015-04-18 10:34:03.134481', 'fd_channel : login[0] 0 login[1] 0 , tb0[0] 0 tb0[1] 50 , tb1[0] 0 tb1[1] 0')
('2015-04-18 10:34:03.135383', 'get_channel: 2015-04-18 10:32:42.023839 : 1 ')
('2015-04-18 10:34:03.135428', 'fd_channel : login[0] 0 login[1] 0 , tb0[0] 0 tb0[1] 49 , tb1[0] 0 tb1[1] 0')
('2015-04-18 10:34:06.147919', 'put_channel : 2015-04-18 10:34:06.147805 : channel tb0, group 1')
('2015-04-18 10:34:06.205483', 'close_channel : 2015-04-18 10:32:36.022845')
('2015-04-18 10:34:06.264988', 'close_channel : 2015-04-18 10:32:37.523620')
('2015-04-18 10:34:06.266776', 'close_channel : 2015-04-18 10:32:33.023931')
('2015-04-18 10:34:06.267312', 'close_channel : 2015-04-18 10:32:34.526158')
('2015-04-18 10:34:06.267774', 'close_channel : 2015-04-18 10:32:31.523921')
('2015-04-18 10:34:06.270958', 'close_channel : 2015-04-18 10:32:42.023839')
('2015-04-18 10:34:06.271328', 'close_channel : 2015-04-18 10:32:40.523562')
('2015-04-18 10:34:06.276473', 'close_channel : 2015-04-18 10:32:39.024272')
('2015-04-18 10:34:07.022301', 'put_channel : 2015-04-18 10:34:07.022206 : channel tb0, group 1')
('2015-04-18 10:34:07.034079', 'put_channel : 2015-04-18 10:34:07.034020 : channel tb0, group 1')
('2015-04-18 10:34:11.686367', 'get_channel: 2015-04-18 10:32:43.525951 : 1 ')
('2015-04-18 10:34:11.686420', 'fd_channel : login[0] 0 login[1] 0 , tb0[0] 0 tb0[1] 51 , tb1[0] 0 tb1[1] 0')
('2015-04-18 10:34:12.285226', 'get_channel: 2015-04-18 10:32:45.024574 : 1 ')
('2015-04-18 10:34:12.285289', 'fd_channel : login[0] 0 login[1] 0 , tb0[0] 0 tb0[1] 50 , tb1[0] 0 tb1[1] 0')
('2015-04-18 10:34:12.317127', 'get_channel: 2015-04-18 10:32:46.524280 : 1 ')
('2015-04-18 10:34:12.317198', 'fd_channel : login[0] 0 login[1] 0 , tb0[0] 0 tb0[1] 49 , tb1[0] 0 tb1[1] 0')
('2015-04-18 10:34:12.497570', 'get_channel: 2015-04-18 10:32:48.025608 : 1 ')
('2015-04-18 10:34:12.497624', 'fd_channel : login[0] 0 login[1] 0 , tb0[0] 0 tb0[1] 48 , tb1[0] 0 tb1[1] 0')
('2015-04-18 10:34:12.695286', 'get_channel: 2015-04-18 10:32:49.523415 : 1 ')
('2015-04-18 10:34:12.695342', 'fd_channel : login[0] 0 login[1] 0 , tb0[0] 0 tb0[1] 47 , tb1[0] 0 tb1[1] 0')
('2015-04-18 10:34:12.887348', 'get_channel: None ')
('2015-04-18 10:34:12.887440', 'fd_channel : login[0] 0 login[1] 0 , tb0[0] 0 tb0[1] 47 , tb1[0] 0 tb1[1] 0')
('2015-04-18 10:34:13.486834', 'get_channel: None ')
('2015-04-18 10:34:13.486960', 'fd_channel : login[0] 0 login[1] 0 , tb0[0] 0 tb0[1] 47 , tb1[0] 0 tb1[1] 0')
('2015-04-18 10:34:13.518296', 'get_channel: None ')
('2015-04-18 10:34:13.518532', 'fd_channel : login[0] 0 login[1] 0 , tb0[0] 0 tb0[1] 47 , tb1[0] 0 tb1[1] 0')
('2015-04-18 10:34:13.688788', 'get_channel: 2015-04-18 10:32:51.024292 : 1 ')
('2015-04-18 10:34:13.688869', 'fd_channel : login[0] 0 login[1] 0 , tb0[0] 0 tb0[1] 46 , tb1[0] 0 tb1[1] 0')
('2015-04-18 10:34:13.698904', 'get_channel: None ')
('2015-04-18 10:34:13.698959', 'fd_channel : login[0] 0 login[1] 0 , tb0[0] 0 tb0[1] 46 , tb1[0] 0 tb1[1] 0')
('2015-04-18 10:34:13.896793', 'get_channel: None ')
('2015-04-18 10:34:13.896886', 'fd_channel : login[0] 0 login[1] 0 , tb0[0] 0 tb0[1] 46 , tb1[0] 0 tb1[1] 0')
('2015-04-18 10:34:14.267596', 'get_channel: 2015-04-18 10:32:52.529497 : 1 ')
('2015-04-18 10:34:14.267649', 'fd_channel : login[0] 0 login[1] 0 , tb0[0] 0 tb0[1] 45 , tb1[0] 0 tb1[1] 0')
('2015-04-18 10:34:14.286848', 'get_channel: 2015-04-18 10:32:54.024130 : 1 ')
('2015-04-18 10:34:14.286914', 'fd_channel : login[0] 0 login[1] 0 , tb0[0] 0 tb0[1] 44 , tb1[0] 0 tb1[1] 0')
('2015-04-18 10:34:14.319549', 'get_channel: 2015-04-18 10:32:55.524129 : 1 ')
('2015-04-18 10:34:14.319634', 'fd_channel : login[0] 0 login[1] 0 , tb0[0] 0 tb0[1] 43 , tb1[0] 0 tb1[1] 0')
('2015-04-18 10:34:14.500275', 'get_channel: 2015-04-18 10:32:57.024208 : 1 ')
('2015-04-18 10:34:14.500353', 'fd_channel : login[0] 0 login[1] 0 , tb0[0] 0 tb0[1] 42 , tb1[0] 0 tb1[1] 0')
('2015-04-18 10:34:14.697650', 'get_channel: 2015-04-18 10:32:58.524017 : 1 ')
('2015-04-18 10:34:14.697721', 'fd_channel : login[0] 0 login[1] 0 , tb0[0] 0 tb0[1] 41 , tb1[0] 0 tb1[1] 0')
('2015-04-18 10:34:14.889528', 'get_channel: None ')
('2015-04-18 10:34:14.889622', 'fd_channel : login[0] 0 login[1] 0 , tb0[0] 0 tb0[1] 41 , tb1[0] 0 tb1[1] 0')
('2015-04-18 10:34:15.130402', 'close_channel : 2015-04-18 10:32:57.024208')
('2015-04-18 10:34:15.133684', 'close_channel : 2015-04-18 10:32:51.024292')
('2015-04-18 10:34:15.339336', 'close_channel : 2015-04-18 10:32:58.524017')
('2015-04-18 10:34:15.367439', 'close_channel : 2015-04-18 10:32:45.024574')
('2015-04-18 10:34:15.469006', 'get_channel: None ')
('2015-04-18 10:34:15.469088', 'fd_channel : login[0] 0 login[1] 0 , tb0[0] 0 tb0[1] 41 , tb1[0] 0 tb1[1] 0')
('2015-04-18 10:34:15.470599', 'close_channel : 2015-04-18 10:32:46.524280')
('2015-04-18 10:34:15.487867', 'get_channel: None ')
('2015-04-18 10:34:15.487949', 'fd_channel : login[0] 0 login[1] 0 , tb0[0] 0 tb0[1] 41 , tb1[0] 0 tb1[1] 0')
('2015-04-18 10:34:15.520924', 'get_channel: None ')
('2015-04-18 10:34:15.521075', 'fd_channel : login[0] 0 login[1] 0 , tb0[0] 0 tb0[1] 41 , tb1[0] 0 tb1[1] 0')
('2015-04-18 10:34:15.701758', 'get_channel: None ')
('2015-04-18 10:34:15.701884', 'fd_channel : login[0] 0 login[1] 0 , tb0[0] 0 tb0[1] 41 , tb1[0] 0 tb1[1] 0')
('2015-04-18 10:34:15.738939', 'close_channel : 2015-04-18 10:32:52.529497')
('2015-04-18 10:34:15.899075', 'get_channel: None ')
('2015-04-18 10:34:15.899164', 'fd_channel : login[0] 0 login[1] 0 , tb0[0] 0 tb0[1] 41 , tb1[0] 0 tb1[1] 0')
('2015-04-18 10:34:16.022500', 'put_channel : 2015-04-18 10:34:16.022406 : channel tb0, group 1')
('2015-04-18 10:34:16.033340', 'put_channel : 2015-04-18 10:34:16.033279 : channel tb0, group 1')
('2015-04-18 10:34:20.524161', 'put_channel : 2015-04-18 10:34:20.524059 : channel tb0, group 1')
('2015-04-18 10:34:20.530161', 'put_channel : 2015-04-18 10:34:20.530117 : channel tb0, group 1')
('2015-04-18 10:34:23.184559', 'get_channel: 2015-04-18 10:33:00.024251 : 1 ')
('2015-04-18 10:34:23.184617', 'fd_channel : login[0] 0 login[1] 0 , tb0[0] 0 tb0[1] 44 , tb1[0] 0 tb1[1] 0')
('2015-04-18 10:34:24.385945', 'get_channel: None ')
('2015-04-18 10:34:24.386034', 'fd_channel : login[0] 0 login[1] 0 , tb0[0] 0 tb0[1] 44 , tb1[0] 0 tb1[1] 0')
('2015-04-18 10:34:25.132305', 'get_channel: 2015-04-18 10:33:01.522733 : 1 ')
('2015-04-18 10:34:25.132358', 'fd_channel : login[0] 0 login[1] 0 , tb0[0] 0 tb0[1] 43 , tb1[0] 0 tb1[1] 0')
('2015-04-18 10:34:25.186511', 'get_channel: 2015-04-18 10:33:03.023485 : 1 ')
('2015-04-18 10:34:25.186580', 'fd_channel : login[0] 0 login[1] 0 , tb0[0] 0 tb0[1] 42 , tb1[0] 0 tb1[1] 0')
('2015-04-18 10:34:26.334048', 'get_channel: None ')
('2015-04-18 10:34:26.334136', 'fd_channel : login[0] 0 login[1] 0 , tb0[0] 0 tb0[1] 42 , tb1[0] 0 tb1[1] 0')
('2015-04-18 10:34:26.387895', 'get_channel: None ')
('2015-04-18 10:34:26.387978', 'fd_channel : login[0] 0 login[1] 0 , tb0[0] 0 tb0[1] 42 , tb1[0] 0 tb1[1] 0')
('2015-04-18 10:34:27.134588', 'get_channel: 2015-04-18 10:33:04.523600 : 1 ')
('2015-04-18 10:34:27.134666', 'fd_channel : login[0] 0 login[1] 0 , tb0[0] 0 tb0[1] 41 , tb1[0] 0 tb1[1] 0')
('2015-04-18 10:34:28.336248', 'get_channel: None ')
('2015-04-18 10:34:28.336361', 'fd_channel : login[0] 0 login[1] 0 , tb0[0] 0 tb0[1] 41 , tb1[0] 0 tb1[1] 0')
('2015-04-18 10:34:28.599637', 'close_channel : 2015-04-18 10:33:04.523600')
('2015-04-18 10:34:29.523251', 'put_channel : 2015-04-18 10:34:29.523105 : channel tb0, group 1')
('2015-04-18 10:34:29.535171', 'close_channel : 2015-04-18 10:33:00.024251')
('2015-04-18 10:34:29.538652', 'put_channel : 2015-04-18 10:34:29.538586 : channel tb0, group 1')
('2015-04-18 10:34:29.659815', 'put_channel : 2015-04-18 10:34:29.659677 : channel tb0, group 1')
('2015-04-18 10:34:30.023770', 'put_channel : 2015-04-18 10:34:30.023671 : channel tb0, group 1')
('2015-04-18 10:34:30.026512', 'put_channel : 2015-04-18 10:34:30.026460 : channel tb0, group 1')
('2015-04-18 10:34:30.114260', 'put_channel : 2015-04-18 10:34:30.114145 : channel tb0, group 1')
('2015-04-18 10:34:31.033958', 'put_channel : 2015-04-18 10:34:31.033828 : channel tb0, group 1')
('2015-04-18 10:34:31.524219', 'put_channel : 2015-04-18 10:34:31.524065 : channel tb0, group 1')
('2015-04-18 10:34:40.021936', 'put_channel : 2015-04-18 10:34:40.021826 : channel tb0, group 1')
('2015-04-18 10:34:40.033458', 'put_channel : 2015-04-18 10:34:40.033391 : channel tb0, group 1')
('2015-04-18 10:34:40.524309', 'put_channel : 2015-04-18 10:34:40.524185 : channel tb0, group 1')
('2015-04-18 10:34:40.525454', 'put_channel : 2015-04-18 10:34:40.525404 : channel tb0, group 1')
('2015-04-18 10:34:40.546144', 'put_channel : 2015-04-18 10:34:40.546093 : channel tb0, group 1')
('2015-04-18 10:34:55.036159', 'put_channel : 2015-04-18 10:34:55.036028 : channel tb0, group 1')
('2015-04-18 10:34:55.525464', 'put_channel : 2015-04-18 10:34:55.525316 : channel tb0, group 1')
('2015-04-18 10:34:55.526008', 'put_channel : 2015-04-18 10:34:55.525919 : channel tb0, group 1')
('2015-04-18 10:34:56.529765', 'put_channel : 2015-04-18 10:34:56.529646 : channel tb0, group 1')
('2015-04-18 10:34:57.024265', 'put_channel : 2015-04-18 10:34:57.024161 : channel tb0, group 1')
('2015-04-18 10:34:57.058086', 'put_channel : 2015-04-18 10:34:57.058032 : channel tb0, group 1')
('2015-04-18 10:34:57.188786', 'close_channel : 2015-04-18 10:33:06.023724')
('2015-04-18 10:34:57.189557', 'get_channel: 2015-04-18 10:33:07.523981 : 1 ')
('2015-04-18 10:34:57.189610', 'fd_channel : login[0] 0 login[1] 0 , tb0[0] 0 tb0[1] 58 , tb1[0] 0 tb1[1] 0')
('2015-04-18 10:34:57.203011', 'close_channel : 2015-04-18 10:33:07.523981')
('2015-04-18 10:34:58.525070', 'put_channel : 2015-04-18 10:34:58.524986 : channel tb0, group 1')
('2015-04-18 10:34:58.547346', 'put_channel : 2015-04-18 10:34:58.547291 : channel tb0, group 1')
('2015-04-18 10:34:59.136733', 'close_channel : 2015-04-18 10:33:09.025099')
('2015-04-18 10:34:59.137376', 'get_channel: 2015-04-18 10:33:10.523724 : 1 ')
('2015-04-18 10:34:59.137430', 'fd_channel : login[0] 0 login[1] 0 , tb0[0] 0 tb0[1] 58 , tb1[0] 0 tb1[1] 0')
('2015-04-18 10:34:59.149706', 'close_channel : 2015-04-18 10:33:10.523724')
('2015-04-18 10:35:00.026022', 'put_channel : 2015-04-18 10:35:00.025894 : channel tb0, group 1')
('2015-04-18 10:35:00.049812', 'put_channel : 2015-04-18 10:35:00.049740 : channel tb0, group 1')
('2015-04-18 10:35:00.137699', 'put_channel : 2015-04-18 10:35:00.137557 : channel tb0, group 1')
('2015-04-18 10:35:01.426475', 'get_channel: 2015-04-18 10:33:12.024098 : 1 ')
('2015-04-18 10:35:01.426539', 'fd_channel : login[0] 0 login[1] 0 , tb0[0] 0 tb0[1] 60 , tb1[0] 0 tb1[1] 0')
('2015-04-18 10:35:01.441093', 'close_channel : 2015-04-18 10:33:12.024098')
('2015-04-18 10:35:01.523094', 'put_channel : 2015-04-18 10:35:01.522969 : channel tb0, group 1')
('2015-04-18 10:35:01.800053', 'get_channel: 2015-04-18 10:33:13.525828 : 1 ')
('2015-04-18 10:35:01.800144', 'fd_channel : login[0] 0 login[1] 0 , tb0[0] 0 tb0[1] 60 , tb1[0] 0 tb1[1] 0')
('2015-04-18 10:35:02.627575', 'get_channel: None ')
('2015-04-18 10:35:02.627661', 'fd_channel : login[0] 0 login[1] 0 , tb0[0] 0 tb0[1] 60 , tb1[0] 0 tb1[1] 0')
('2015-04-18 10:35:03.001465', 'get_channel: None ')
('2015-04-18 10:35:03.001539', 'fd_channel : login[0] 0 login[1] 0 , tb0[0] 0 tb0[1] 60 , tb1[0] 0 tb1[1] 0')
('2015-04-18 10:35:03.802244', 'get_channel: 2015-04-18 10:33:15.023874 : 1 ')
('2015-04-18 10:35:03.802323', 'fd_channel : login[0] 0 login[1] 0 , tb0[0] 0 tb0[1] 59 , tb1[0] 0 tb1[1] 0')
('2015-04-18 10:35:05.003747', 'get_channel: None ')
('2015-04-18 10:35:05.003834', 'fd_channel : login[0] 0 login[1] 0 , tb0[0] 0 tb0[1] 59 , tb1[0] 0 tb1[1] 0')
('2015-04-18 10:35:25.525505', 'put_channel : 2015-04-18 10:35:25.525360 : channel tb0, group 1')
('2015-04-18 10:35:25.526039', 'put_channel : 2015-04-18 10:35:25.525998 : channel tb0, group 1')
('2015-04-18 10:35:25.553443', 'put_channel : 2015-04-18 10:35:25.553351 : channel tb0, group 1')
('2015-04-18 10:35:26.532024', 'put_channel : 2015-04-18 10:35:26.531923 : channel tb0, group 1')
('2015-04-18 10:35:27.024083', 'put_channel : 2015-04-18 10:35:27.023990 : channel tb0, group 1')
('2015-04-18 10:35:27.043867', 'put_channel : 2015-04-18 10:35:27.043763 : channel tb0, group 1')
('2015-04-18 10:35:27.772848', 'close_channel : 2015-04-18 10:33:13.525828')
('2015-04-18 10:35:28.548139', 'put_channel : 2015-04-18 10:35:28.548034 : channel tb0, group 1')
('2015-04-18 10:35:31.553926', 'put_channel : 2015-04-18 10:35:31.553823 : channel tb0, group 1')
('2015-04-18 10:35:34.083409', 'put_channel : 2015-04-18 10:35:34.083301 : channel tb0, group 1')
('2015-04-18 10:35:35.585708', 'put_channel : 2015-04-18 10:35:35.585609 : channel tb0, group 1')
('2015-04-18 10:35:37.090041', 'put_channel : 2015-04-18 10:35:37.089940 : channel tb0, group 1')
('2015-04-18 10:35:37.633366', 'put_channel : 2015-04-18 10:35:37.633255 : channel tb0, group 1')
('2015-04-18 10:35:38.595716', 'put_channel : 2015-04-18 10:35:38.595618 : channel tb0, group 1')
('2015-04-18 10:35:39.105870', 'put_channel : 2015-04-18 10:35:39.105757 : channel tb0, group 1')
('2015-04-18 10:35:40.067300', 'put_channel : 2015-04-18 10:35:40.067198 : channel tb0, group 1')
('2015-04-18 10:35:49.666081', 'put_channel : 2015-04-18 10:35:49.665957 : channel tb0, group 1')
('2015-04-18 10:35:58.302439', 'close_channel : 2015-04-18 10:32:43.525951')
('2015-04-18 10:36:07.515628', 'put_channel : 2015-04-18 10:36:07.515513 : channel tb0, group 1')
('2015-04-18 11:27:42.023988', 'put_channel : 2015-04-18 11:27:42.023888 : channel tb1, group 1')
('2015-04-18 11:27:43.524388', 'put_channel : 2015-04-18 11:27:43.524271 : channel tb1, group 1')
('2015-04-18 11:27:46.524619', 'put_channel : 2015-04-18 11:27:46.524499 : channel tb1, group 1')
('2015-04-18 11:27:48.024184', 'put_channel : 2015-04-18 11:27:48.024105 : channel tb1, group 1')
('2015-04-18 11:27:49.524272', 'put_channel : 2015-04-18 11:27:49.524158 : channel tb1, group 1')
('2015-04-18 11:27:51.024131', 'put_channel : 2015-04-18 11:27:51.024023 : channel tb1, group 1')
('2015-04-18 11:27:52.036019', 'put_channel : 2015-04-18 11:27:52.035921 : channel tb1, group 1')
('2015-04-18 11:27:54.024716', 'put_channel : 2015-04-18 11:27:54.024599 : channel tb1, group 1')
('2015-04-18 11:27:55.526391', 'put_channel : 2015-04-18 11:27:55.526276 : channel tb1, group 1')
('2015-04-18 11:27:58.526351', 'put_channel : 2015-04-18 11:27:58.526221 : channel tb1, group 1')
('2015-04-18 11:28:00.025916', 'put_channel : 2015-04-18 11:28:00.025793 : channel tb1, group 1')
('2015-04-18 11:28:03.026344', 'put_channel : 2015-04-18 11:28:03.026263 : channel tb1, group 1')
('2015-04-18 11:28:04.526368', 'put_channel : 2015-04-18 11:28:04.526244 : channel tb1, group 1')
('2015-04-18 11:28:06.025667', 'put_channel : 2015-04-18 11:28:06.025573 : channel tb1, group 1')
('2015-04-18 11:28:07.526609', 'put_channel : 2015-04-18 11:28:07.526485 : channel tb1, group 1')
('2015-04-18 11:28:12.026652', 'put_channel : 2015-04-18 11:28:12.026552 : channel tb1, group 1')
('2015-04-18 11:28:13.526128', 'put_channel : 2015-04-18 11:28:13.526013 : channel tb1, group 1')
('2015-04-18 11:28:21.058808', 'put_channel : 2015-04-18 11:28:21.058688 : channel tb1, group 1')
('2015-04-18 11:28:23.538696', 'put_channel : 2015-04-18 11:28:23.538570 : channel tb1, group 1')
('2015-04-18 11:28:27.041659', 'put_channel : 2015-04-18 11:28:27.041551 : channel tb1, group 1')
('2015-04-18 11:28:29.538682', 'put_channel : 2015-04-18 11:28:29.538539 : channel tb1, group 1')
('2015-04-18 11:28:30.050479', 'put_channel : 2015-04-18 11:28:30.050384 : channel tb1, group 1')
('2015-04-18 11:28:31.034231', 'put_channel : 2015-04-18 11:28:31.034108 : channel tb1, group 1')
('2015-04-18 11:28:32.530438', 'put_channel : 2015-04-18 11:28:32.530294 : channel tb1, group 1')
('2015-04-18 11:28:34.530496', 'put_channel : 2015-04-18 11:28:34.530382 : channel tb1, group 1')
('2015-04-18 11:28:36.050489', 'put_channel : 2015-04-18 11:28:36.050385 : channel tb1, group 1')
('2015-04-18 11:28:37.523130', 'put_channel : 2015-04-18 11:28:37.523028 : channel tb1, group 1')
('2015-04-18 11:28:41.522156', 'put_channel : 2015-04-18 11:28:41.522061 : channel tb1, group 1')
('2015-04-18 11:28:42.050451', 'put_channel : 2015-04-18 11:28:42.050341 : channel tb1, group 1')
('2015-04-18 11:28:44.522231', 'put_channel : 2015-04-18 11:28:44.522132 : channel tb1, group 1')
('2015-04-18 11:28:48.052248', 'put_channel : 2015-04-18 11:28:48.052164 : channel tb1, group 1')
('2015-04-18 11:28:49.023312', 'put_channel : 2015-04-18 11:28:49.023222 : channel tb1, group 1')
('2015-04-18 11:28:51.042103', 'put_channel : 2015-04-18 11:28:51.041992 : channel tb1, group 1')
('2015-04-18 11:28:52.022190', 'put_channel : 2015-04-18 11:28:52.022099 : channel tb1, group 1')
('2015-04-18 11:28:52.525054', 'put_channel : 2015-04-18 11:28:52.524837 : channel tb1, group 1')
('2015-04-18 11:28:55.022461', 'put_channel : 2015-04-18 11:28:55.022366 : channel tb1, group 1')
('2015-04-18 11:28:56.522455', 'put_channel : 2015-04-18 11:28:56.522337 : channel tb1, group 1')
('2015-04-18 11:28:59.523817', 'put_channel : 2015-04-18 11:28:59.523710 : channel tb1, group 1')
('2015-04-18 11:29:01.022178', 'put_channel : 2015-04-18 11:29:01.022070 : channel tb1, group 1')
('2015-04-18 11:29:02.522297', 'put_channel : 2015-04-18 11:29:02.522176 : channel tb1, group 1')
('2015-04-18 11:29:04.022580', 'put_channel : 2015-04-18 11:29:04.022489 : channel tb1, group 1')
('2015-04-18 11:29:05.523926', 'put_channel : 2015-04-18 11:29:05.523834 : channel tb1, group 1')
('2015-04-18 11:29:06.023233', 'put_channel : 2015-04-18 11:29:06.023143 : channel tb1, group 1')
('2015-04-18 11:29:08.524154', 'put_channel : 2015-04-18 11:29:08.524060 : channel tb1, group 1')
('2015-04-18 11:29:16.034660', 'put_channel : 2015-04-18 11:29:16.034572 : channel tb1, group 1')
('2015-04-18 11:29:16.524625', 'put_channel : 2015-04-18 11:29:16.524518 : channel tb1, group 1')
('2015-04-18 11:29:25.034373', 'put_channel : 2015-04-18 11:29:25.034276 : channel tb1, group 1')
('2015-04-18 11:29:25.523963', 'put_channel : 2015-04-18 11:29:25.523852 : channel tb1, group 1')
('2015-04-18 11:29:25.554177', 'put_channel : 2015-04-18 11:29:25.554055 : channel tb1, group 1')
('2015-04-18 11:29:27.024680', 'put_channel : 2015-04-18 11:29:27.024557 : channel tb1, group 1')
('2015-04-18 11:29:27.025801', 'put_channel : 2015-04-18 11:29:27.025746 : channel tb1, group 1')
('2015-04-18 11:29:36.337763', 'close_channel : 2015-04-18 11:27:42.023888')
('2015-04-18 11:29:36.338730', 'close_channel : 2015-04-18 11:27:43.524271')
('2015-04-18 11:29:36.339591', 'get_channel: 2015-04-18 11:27:46.524499 : 1 ')
('2015-04-18 11:29:36.339643', 'fd_channel : login[0] 0 login[1] 0 , tb0[0] 0 tb0[1] 76 , tb1[0] 0 tb1[1] 48')
('2015-04-18 11:29:36.341152', 'get_channel: 2015-04-18 11:27:48.024105 : 1 ')
('2015-04-18 11:29:36.341206', 'fd_channel : login[0] 0 login[1] 0 , tb0[0] 0 tb0[1] 76 , tb1[0] 0 tb1[1] 47')
('2015-04-18 11:29:36.342528', 'get_channel: 2015-04-18 11:27:49.524158 : 1 ')
('2015-04-18 11:29:36.342583', 'fd_channel : login[0] 0 login[1] 0 , tb0[0] 0 tb0[1] 76 , tb1[0] 0 tb1[1] 46')
('2015-04-18 11:29:36.343850', 'get_channel: 2015-04-18 11:27:51.024023 : 1 ')
('2015-04-18 11:29:36.343904', 'fd_channel : login[0] 0 login[1] 0 , tb0[0] 0 tb0[1] 76 , tb1[0] 0 tb1[1] 45')
('2015-04-18 11:29:36.345041', 'get_channel: 2015-04-18 11:27:52.035921 : 1 ')
('2015-04-18 11:29:36.345094', 'fd_channel : login[0] 0 login[1] 0 , tb0[0] 0 tb0[1] 76 , tb1[0] 0 tb1[1] 44')
('2015-04-18 11:29:36.345966', 'get_channel: 2015-04-18 11:27:54.024599 : 1 ')
('2015-04-18 11:29:36.346018', 'fd_channel : login[0] 0 login[1] 0 , tb0[0] 0 tb0[1] 76 , tb1[0] 0 tb1[1] 43')
('2015-04-18 11:29:36.346886', 'get_channel: 2015-04-18 11:27:55.526276 : 1 ')
('2015-04-18 11:29:36.346955', 'fd_channel : login[0] 0 login[1] 0 , tb0[0] 0 tb0[1] 76 , tb1[0] 0 tb1[1] 42')
('2015-04-18 11:29:36.347905', 'get_channel: 2015-04-18 11:27:58.526221 : 1 ')
('2015-04-18 11:29:36.347953', 'fd_channel : login[0] 0 login[1] 0 , tb0[0] 0 tb0[1] 76 , tb1[0] 0 tb1[1] 41')
('2015-04-18 11:29:36.559548', 'close_channel : 2015-04-18 11:27:48.024105')
('2015-04-18 11:29:36.560059', 'close_channel : 2015-04-18 11:27:49.524158')
('2015-04-18 11:29:36.978307', 'close_channel : 2015-04-18 11:27:51.024023')
('2015-04-18 11:29:42.699853', 'close_channel : 2015-04-18 11:27:54.024599')
('2015-04-18 11:29:42.818661', 'close_channel : 2015-04-18 11:27:55.526276')
('2015-04-18 11:29:42.819260', 'close_channel : 2015-04-18 11:27:58.526221')
('2015-04-18 11:29:42.822068', 'close_channel : 2015-04-18 11:27:52.035921')
('2015-04-18 11:29:43.349769', 'get_channel: 2015-04-18 11:28:00.025793 : 1 ')
('2015-04-18 11:29:43.349827', 'fd_channel : login[0] 0 login[1] 0 , tb0[0] 0 tb0[1] 76 , tb1[0] 0 tb1[1] 40')
('2015-04-18 11:29:43.572363', 'close_channel : 2015-04-18 11:28:00.025793')
('2015-04-18 11:29:51.018493', 'get_channel: 2015-04-18 11:28:03.026263 : 1 ')
('2015-04-18 11:29:51.018567', 'fd_channel : login[0] 0 login[1] 0 , tb0[0] 0 tb0[1] 76 , tb1[0] 0 tb1[1] 39')
('2015-04-18 11:29:51.019413', 'get_channel: 2015-04-18 11:28:04.526244 : 1 ')
('2015-04-18 11:29:51.019458', 'fd_channel : login[0] 0 login[1] 0 , tb0[0] 0 tb0[1] 76 , tb1[0] 0 tb1[1] 38')
('2015-04-18 11:29:51.020333', 'get_channel: 2015-04-18 11:28:06.025573 : 1 ')
('2015-04-18 11:29:51.020378', 'fd_channel : login[0] 0 login[1] 0 , tb0[0] 0 tb0[1] 76 , tb1[0] 0 tb1[1] 37')
('2015-04-18 11:29:51.022638', 'get_channel: 2015-04-18 11:28:07.526485 : 1 ')
('2015-04-18 11:29:51.022732', 'fd_channel : login[0] 0 login[1] 0 , tb0[0] 0 tb0[1] 76 , tb1[0] 0 tb1[1] 36')
('2015-04-18 11:29:51.023539', 'get_channel: 2015-04-18 11:28:12.026552 : 1 ')
('2015-04-18 11:29:51.023583', 'fd_channel : login[0] 0 login[1] 0 , tb0[0] 0 tb0[1] 76 , tb1[0] 0 tb1[1] 35')
('2015-04-18 11:29:51.025029', 'get_channel: 2015-04-18 11:28:13.526013 : 1 ')
('2015-04-18 11:29:51.025079', 'fd_channel : login[0] 0 login[1] 0 , tb0[0] 0 tb0[1] 76 , tb1[0] 0 tb1[1] 34')
('2015-04-18 11:29:51.026984', 'get_channel: 2015-04-18 11:28:21.058688 : 1 ')
('2015-04-18 11:29:51.027033', 'fd_channel : login[0] 0 login[1] 0 , tb0[0] 0 tb0[1] 76 , tb1[0] 0 tb1[1] 33')
('2015-04-18 11:29:51.027741', 'get_channel: 2015-04-18 11:28:23.538570 : 1 ')
('2015-04-18 11:29:51.027799', 'fd_channel : login[0] 0 login[1] 0 , tb0[0] 0 tb0[1] 76 , tb1[0] 0 tb1[1] 32')
('2015-04-18 11:29:52.216832', 'get_channel: None ')
('2015-04-18 11:29:52.216922', 'fd_channel : login[0] 0 login[1] 0 , tb0[0] 0 tb0[1] 76 , tb1[0] 0 tb1[1] 32')
('2015-04-18 11:29:52.217390', 'get_channel: None ')
('2015-04-18 11:29:52.217483', 'fd_channel : login[0] 0 login[1] 0 , tb0[0] 0 tb0[1] 76 , tb1[0] 0 tb1[1] 32')
('2015-04-18 11:29:52.217816', 'get_channel: None ')
('2015-04-18 11:29:52.217885', 'fd_channel : login[0] 0 login[1] 0 , tb0[0] 0 tb0[1] 76 , tb1[0] 0 tb1[1] 32')
('2015-04-18 11:29:52.218170', 'get_channel: None ')
('2015-04-18 11:29:52.218226', 'fd_channel : login[0] 0 login[1] 0 , tb0[0] 0 tb0[1] 76 , tb1[0] 0 tb1[1] 32')
('2015-04-18 11:29:52.218643', 'get_channel: None ')
('2015-04-18 11:29:52.218693', 'fd_channel : login[0] 0 login[1] 0 , tb0[0] 0 tb0[1] 76 , tb1[0] 0 tb1[1] 32')
('2015-04-18 11:29:52.219001', 'get_channel: None ')
('2015-04-18 11:29:52.219055', 'fd_channel : login[0] 0 login[1] 0 , tb0[0] 0 tb0[1] 76 , tb1[0] 0 tb1[1] 32')
('2015-04-18 11:29:52.221012', 'get_channel: None ')
('2015-04-18 11:29:52.221059', 'fd_channel : login[0] 0 login[1] 0 , tb0[0] 0 tb0[1] 76 , tb1[0] 0 tb1[1] 32')
('2015-04-18 11:29:52.222992', 'get_channel: None ')
('2015-04-18 11:29:52.223039', 'fd_channel : login[0] 0 login[1] 0 , tb0[0] 0 tb0[1] 76 , tb1[0] 0 tb1[1] 32')
('2015-04-18 11:29:53.023613', 'get_channel: 2015-04-18 11:28:27.041551 : 1 ')
('2015-04-18 11:29:53.023691', 'fd_channel : login[0] 0 login[1] 0 , tb0[0] 0 tb0[1] 76 , tb1[0] 0 tb1[1] 31')
('2015-04-18 11:29:53.025598', 'get_channel: 2015-04-18 11:28:29.538539 : 1 ')
('2015-04-18 11:29:53.025645', 'fd_channel : login[0] 0 login[1] 0 , tb0[0] 0 tb0[1] 76 , tb1[0] 0 tb1[1] 30')
('2015-04-18 11:29:53.030278', 'get_channel: 2015-04-18 11:28:30.050384 : 1 ')
('2015-04-18 11:29:53.030325', 'fd_channel : login[0] 0 login[1] 0 , tb0[0] 0 tb0[1] 76 , tb1[0] 0 tb1[1] 29')
('2015-04-18 11:29:53.031116', 'get_channel: 2015-04-18 11:28:31.034108 : 1 ')
('2015-04-18 11:29:53.031162', 'fd_channel : login[0] 0 login[1] 0 , tb0[0] 0 tb0[1] 76 , tb1[0] 0 tb1[1] 28')
('2015-04-18 11:29:53.032319', 'get_channel: 2015-04-18 11:28:32.530294 : 1 ')
('2015-04-18 11:29:53.032363', 'fd_channel : login[0] 0 login[1] 0 , tb0[0] 0 tb0[1] 76 , tb1[0] 0 tb1[1] 27')
('2015-04-18 11:29:53.033532', 'get_channel: 2015-04-18 11:28:34.530382 : 1 ')
('2015-04-18 11:29:53.033581', 'fd_channel : login[0] 0 login[1] 0 , tb0[0] 0 tb0[1] 76 , tb1[0] 0 tb1[1] 26')
('2015-04-18 11:29:53.034195', 'get_channel: 2015-04-18 11:28:36.050385 : 1 ')
('2015-04-18 11:29:53.034243', 'fd_channel : login[0] 0 login[1] 0 , tb0[0] 0 tb0[1] 76 , tb1[0] 0 tb1[1] 25')
('2015-04-18 11:29:53.035172', 'get_channel: 2015-04-18 11:28:37.523028 : 1 ')
('2015-04-18 11:29:53.035219', 'fd_channel : login[0] 0 login[1] 0 , tb0[0] 0 tb0[1] 76 , tb1[0] 0 tb1[1] 24')
('2015-04-18 11:29:53.046518', 'close_channel : 2015-04-18 11:28:29.538539')
('2015-04-18 11:29:54.225140', 'get_channel: None ')
('2015-04-18 11:29:54.225226', 'fd_channel : login[0] 0 login[1] 0 , tb0[0] 0 tb0[1] 76 , tb1[0] 0 tb1[1] 24')
('2015-04-18 11:29:54.226650', 'get_channel: None ')
('2015-04-18 11:29:54.226724', 'fd_channel : login[0] 0 login[1] 0 , tb0[0] 0 tb0[1] 76 , tb1[0] 0 tb1[1] 24')
('2015-04-18 11:29:54.227772', 'get_channel: None ')
('2015-04-18 11:29:54.227840', 'fd_channel : login[0] 0 login[1] 0 , tb0[0] 0 tb0[1] 76 , tb1[0] 0 tb1[1] 24')
('2015-04-18 11:29:54.228920', 'get_channel: None ')
('2015-04-18 11:29:54.228971', 'fd_channel : login[0] 0 login[1] 0 , tb0[0] 0 tb0[1] 76 , tb1[0] 0 tb1[1] 24')
('2015-04-18 11:29:54.229846', 'get_channel: None ')
('2015-04-18 11:29:54.229895', 'fd_channel : login[0] 0 login[1] 0 , tb0[0] 0 tb0[1] 76 , tb1[0] 0 tb1[1] 24')
('2015-04-18 11:29:54.231638', 'get_channel: None ')
('2015-04-18 11:29:54.231686', 'fd_channel : login[0] 0 login[1] 0 , tb0[0] 0 tb0[1] 76 , tb1[0] 0 tb1[1] 24')
('2015-04-18 11:29:54.233097', 'get_channel: None ')
('2015-04-18 11:29:54.233150', 'fd_channel : login[0] 0 login[1] 0 , tb0[0] 0 tb0[1] 76 , tb1[0] 0 tb1[1] 24')
('2015-04-18 11:29:54.233566', 'get_channel: None ')
('2015-04-18 11:29:54.233613', 'fd_channel : login[0] 0 login[1] 0 , tb0[0] 0 tb0[1] 76 , tb1[0] 0 tb1[1] 24')
('2015-04-18 11:29:55.051028', 'get_channel: 2015-04-18 11:28:41.522061 : 1 ')
('2015-04-18 11:29:55.051100', 'fd_channel : login[0] 0 login[1] 0 , tb0[0] 0 tb0[1] 76 , tb1[0] 0 tb1[1] 23')
('2015-04-18 11:29:56.118839', 'close_channel : 2015-04-18 11:28:37.523028')
('2015-04-18 11:29:57.025510', 'get_channel: 2015-04-18 11:28:42.050341 : 1 ')
('2015-04-18 11:29:57.025566', 'fd_channel : login[0] 0 login[1] 0 , tb0[0] 0 tb0[1] 76 , tb1[0] 0 tb1[1] 22')
('2015-04-18 11:29:57.033087', 'get_channel: 2015-04-18 11:28:44.522132 : 1 ')
('2015-04-18 11:29:57.033135', 'fd_channel : login[0] 0 login[1] 0 , tb0[0] 0 tb0[1] 76 , tb1[0] 0 tb1[1] 21')
('2015-04-18 11:29:57.035793', 'get_channel: 2015-04-18 11:28:48.052164 : 1 ')
('2015-04-18 11:29:57.035843', 'fd_channel : login[0] 0 login[1] 0 , tb0[0] 0 tb0[1] 76 , tb1[0] 0 tb1[1] 20')
('2015-04-18 11:29:57.037826', 'get_channel: 2015-04-18 11:28:49.023222 : 1 ')
('2015-04-18 11:29:57.037897', 'fd_channel : login[0] 0 login[1] 0 , tb0[0] 0 tb0[1] 76 , tb1[0] 0 tb1[1] 19')
('2015-04-18 11:29:57.039270', 'get_channel: 2015-04-18 11:28:51.041992 : 1 ')
('2015-04-18 11:29:57.039323', 'fd_channel : login[0] 0 login[1] 0 , tb0[0] 0 tb0[1] 76 , tb1[0] 0 tb1[1] 18')
('2015-04-18 11:29:57.040618', 'get_channel: 2015-04-18 11:28:52.022099 : 1 ')
('2015-04-18 11:29:57.040669', 'fd_channel : login[0] 0 login[1] 0 , tb0[0] 0 tb0[1] 76 , tb1[0] 0 tb1[1] 17')
('2015-04-18 11:29:57.502940', 'close_channel : 2015-04-18 11:28:04.526244')
('2015-04-18 11:29:57.671905', 'close_channel : 2015-04-18 11:28:44.522132')
('2015-04-18 11:29:57.797173', 'get_channel: 2015-04-18 11:28:52.524837 : 1 ')
('2015-04-18 11:29:57.797244', 'fd_channel : login[0] 0 login[1] 0 , tb0[0] 0 tb0[1] 76 , tb1[0] 0 tb1[1] 16')
('2015-04-18 11:29:58.123927', 'get_channel: 2015-04-18 11:28:55.022366 : 1 ')
('2015-04-18 11:29:58.124008', 'fd_channel : login[0] 0 login[1] 0 , tb0[0] 0 tb0[1] 76 , tb1[0] 0 tb1[1] 15')
('2015-04-18 11:29:58.998586', 'get_channel: None ')
('2015-04-18 11:29:58.998672', 'fd_channel : login[0] 0 login[1] 0 , tb0[0] 0 tb0[1] 76 , tb1[0] 0 tb1[1] 15')
('2015-04-18 11:29:59.590801', 'close_channel : 2015-04-18 11:28:55.022366')
('2015-04-18 11:29:59.703823', 'get_channel: 2015-04-18 11:28:56.522337 : 1 ')
('2015-04-18 11:29:59.703890', 'fd_channel : login[0] 0 login[1] 0 , tb0[0] 0 tb0[1] 76 , tb1[0] 0 tb1[1] 14')
('2015-04-18 11:29:59.799272', 'get_channel: 2015-04-18 11:28:59.523710 : 1 ')
('2015-04-18 11:29:59.799343', 'fd_channel : login[0] 0 login[1] 0 , tb0[0] 0 tb0[1] 76 , tb1[0] 0 tb1[1] 13')
('2015-04-18 11:30:00.905036', 'get_channel: None ')
('2015-04-18 11:30:00.905140', 'fd_channel : login[0] 0 login[1] 0 , tb0[0] 0 tb0[1] 76 , tb1[0] 0 tb1[1] 13')
('2015-04-18 11:30:01.000852', 'get_channel: None ')
('2015-04-18 11:30:01.000937', 'fd_channel : login[0] 0 login[1] 0 , tb0[0] 0 tb0[1] 76 , tb1[0] 0 tb1[1] 13')
('2015-04-18 11:30:01.171935', 'close_channel : 2015-04-18 11:28:56.522337')
('2015-04-18 11:30:01.587423', 'worker [2] stopping')
('2015-04-18 11:30:02.052914', 'get_channel: 2015-04-18 11:29:01.022070 : 1 ')
('2015-04-18 11:30:02.052985', 'fd_channel : login[0] 0 login[1] 0 , tb0[0] 0 tb0[1] 76 , tb1[0] 0 tb1[1] 12')
('2015-04-18 11:30:02.327254', 'close_channel : 2015-04-18 11:27:46.524499')
('2015-04-18 11:30:02.688378', 'close_channel : 2015-04-18 11:29:01.022070')
('2015-04-18 11:30:04.027539', 'get_channel: 2015-04-18 11:29:02.522176 : 1 ')
('2015-04-18 11:30:04.027593', 'fd_channel : login[0] 0 login[1] 0 , tb0[0] 0 tb0[1] 76 , tb1[0] 0 tb1[1] 11')
('2015-04-18 11:30:04.036831', 'close_channel : 2015-04-18 11:29:02.522176')
('2015-04-18 11:30:04.040569', 'get_channel: 2015-04-18 11:29:04.022489 : 1 ')
('2015-04-18 11:30:04.040623', 'fd_channel : login[0] 0 login[1] 0 , tb0[0] 0 tb0[1] 76 , tb1[0] 0 tb1[1] 10')
('2015-04-18 11:30:04.042535', 'get_channel: 2015-04-18 11:29:05.523834 : 1 ')
('2015-04-18 11:30:04.042585', 'fd_channel : login[0] 0 login[1] 0 , tb0[0] 0 tb0[1] 76 , tb1[0] 0 tb1[1] 9')
('2015-04-18 11:30:04.043524', 'get_channel: 2015-04-18 11:29:06.023143 : 1 ')
('2015-04-18 11:30:04.043587', 'fd_channel : login[0] 0 login[1] 0 , tb0[0] 0 tb0[1] 76 , tb1[0] 0 tb1[1] 8')
('2015-04-18 11:30:04.045257', 'get_channel: 2015-04-18 11:29:08.524060 : 1 ')
('2015-04-18 11:30:04.045342', 'fd_channel : login[0] 0 login[1] 0 , tb0[0] 0 tb0[1] 76 , tb1[0] 0 tb1[1] 7')
('2015-04-18 11:30:04.170616', 'close_channel : 2015-04-18 11:28:23.538570')
('2015-04-18 11:30:05.057053', 'get_channel: 2015-04-18 11:29:16.034572 : 1 ')
('2015-04-18 11:30:05.057171', 'fd_channel : login[0] 0 login[1] 0 , tb0[0] 0 tb0[1] 76 , tb1[0] 0 tb1[1] 6')
('2015-04-18 11:30:05.068653', 'close_channel : 2015-04-18 11:29:16.034572')
('2015-04-18 11:30:07.031798', 'get_channel: 2015-04-18 11:29:16.524518 : 1 ')
('2015-04-18 11:30:07.031893', 'fd_channel : login[0] 0 login[1] 0 , tb0[0] 0 tb0[1] 76 , tb1[0] 0 tb1[1] 5')
('2015-04-18 11:30:08.530283', 'put_channel : 2015-04-18 11:30:08.530153 : channel tb1, group 1')
('2015-04-18 11:30:11.046228', 'get_channel: 2015-04-18 11:29:25.034276 : 1 ')
('2015-04-18 11:30:11.046292', 'fd_channel : login[0] 0 login[1] 0 , tb0[0] 0 tb0[1] 76 , tb1[0] 0 tb1[1] 5')
('2015-04-18 11:30:11.047136', 'get_channel: 2015-04-18 11:29:25.523852 : 1 ')
('2015-04-18 11:30:11.047182', 'fd_channel : login[0] 0 login[1] 0 , tb0[0] 0 tb0[1] 76 , tb1[0] 0 tb1[1] 4')
('2015-04-18 11:30:11.048671', 'get_channel: 2015-04-18 11:29:25.554055 : 1 ')
('2015-04-18 11:30:11.048721', 'fd_channel : login[0] 0 login[1] 0 , tb0[0] 0 tb0[1] 76 , tb1[0] 0 tb1[1] 3')
('2015-04-18 11:30:11.049833', 'get_channel: 2015-04-18 11:29:27.024557 : 1 ')
('2015-04-18 11:30:11.049888', 'fd_channel : login[0] 0 login[1] 0 , tb0[0] 0 tb0[1] 76 , tb1[0] 0 tb1[1] 2')
('2015-04-18 11:30:11.057988', 'close_channel : 2015-04-18 11:29:25.034276')
('2015-04-18 11:30:11.060176', 'close_channel : 2015-04-18 11:29:25.523852')
('2015-04-18 11:30:11.062053', 'close_channel : 2015-04-18 11:29:25.554055')
('2015-04-18 11:30:11.062728', 'close_channel : 2015-04-18 11:29:27.024557')
('2015-04-18 11:30:19.013736', 'close_channel : 2015-04-18 11:28:27.041551')
('2015-04-18 11:30:19.511271', 'close_channel : 2015-04-18 11:28:30.050384')
('2015-04-18 11:30:19.513153', 'close_channel : 2015-04-18 11:28:36.050385')
('2015-04-18 11:30:19.514734', 'close_channel : 2015-04-18 11:28:32.530294')
('2015-04-18 11:30:19.516108', 'close_channel : 2015-04-18 11:28:31.034108')
('2015-04-18 11:30:19.517570', 'close_channel : 2015-04-18 11:28:34.530382')
('2015-04-18 11:30:29.602376', 'put_channel : 2015-04-18 11:30:29.602238 : channel tb1, group 1')
('2015-04-18 11:30:37.666018', 'put_channel : 2015-04-18 11:30:37.665922 : channel tb1, group 1')
('2015-04-18 11:30:44.183459', 'close_channel : 2015-04-18 11:28:06.025573')
('2015-04-18 11:30:44.185546', 'close_channel : 2015-04-18 11:28:12.026552')
('2015-04-18 11:30:44.187186', 'close_channel : 2015-04-18 11:28:07.526485')
('2015-04-18 11:30:44.188471', 'close_channel : 2015-04-18 11:28:13.526013')
('2015-04-18 11:30:48.215877', 'close_channel : 2015-04-18 11:28:41.522061')
('2015-04-18 11:30:49.175182', 'close_channel : 2015-04-18 11:28:49.023222')
('2015-04-18 11:30:49.942982', 'close_channel : 2015-04-18 11:28:52.524837')
