('2015-04-18 10:07:52.539615', 'client 52747550 login 章诚 31011419830618001x')
('2015-04-18 10:07:54.035675', 'client 52715533 login 范丽丽 310227198110041066')
('2015-04-18 10:07:55.533783', 'client 52527455 login 余瑞华 420621197809124812')
('2015-04-18 10:07:57.036758', 'client 52791783 login 沈伊蓉 310221196811152044')
('2015-04-18 10:07:58.536162', 'client 52475943 login 朱继周 320402197801083418')
('2015-04-18 10:08:00.034941', 'client 52462129 login 张大维 310106197811202430')
('2015-04-18 10:08:01.535288', 'client 52730437 login 李逸颖 310109198308100529')
('2015-04-18 10:08:03.271874', 'client 52782896 login 刘国栋 360203195203063517')
('2015-04-18 10:34:07.879872', 'client 52715533 bid 0 image 6253FF322D4095676B48DC35B3498B44 191619 ')
('2015-04-18 10:34:09.039036', 'client 52475943 bid 0 image 693825E0E5FAD0F6EFD823782142BF95 081609 ')
('2015-04-18 10:34:11.215879', 'client 52527455 bid 0 image 43911E3F003F370488C51D304DEC5610 163606 ')
('2015-04-18 10:34:11.237984', 'client 52730437 bid 0 image C752F10FF1158BC979CD73180088E649 254639 ')
('2015-04-18 10:34:11.248414', 'client 52747550 bid 0 image 07A2E71FE3B0ED2A32DB71AF349449AB 619252 ')
('2015-04-18 10:34:11.327884', 'client 52715533 bid 0 price 75200 范丽丽 310227198110041066')
('2015-04-18 10:34:11.439154', 'client 52527455 bid 0 price 75200 余瑞华 420621197809124812')
('2015-04-18 10:34:11.461143', 'client 52730437 bid 0 price 75200 李逸颖 310109198308100529')
('2015-04-18 10:34:11.467219', 'client 52747550 bid 0 price 75200 章诚 31011419830618001x')
('2015-04-18 10:34:12.256607', 'client 52791783 bid 0 image BE7264D6A75AE9C3F33B08982E720222 063826 ')
('2015-04-18 10:34:13.344167', 'client 52462129 bid 0 image 3EC5BE8DCD970EEC4A6414A0DAA42363 494518 ')
('2015-04-18 10:34:13.634758', 'client 52782896 bid 0 image 73E3EC7523C685915F82D6DEBCDF9647 083948 ')
('2015-04-18 10:34:13.857442', 'client 52782896 bid 0 price 75200 刘国栋 360203195203063517')
('2015-04-18 10:34:13.980343', 'client 52462129 bid 0 price 75200 张大维 310106197811202430')
('2015-04-18 10:34:14.133784', 'client 52475943 bid 0 price 75200 朱继周 320402197801083418')
('2015-04-18 10:34:14.277741', 'client 52791783 bid 0 price 75200 沈伊蓉 310221196811152044')
('2015-04-18 11:29:41.388102', 'client 52527455 bid 1 image 20FF90DFCF3DE10585D5DB6A665F0C17 152636 ')
('2015-04-18 11:29:41.419241', 'client 52747550 bid 1 image 3ED74D08A980847E250314ADDCE67A51 281616 ')
('2015-04-18 11:29:41.504655', 'client 52782896 bid 1 image FEC73043A796F217A69034DDBC1A0436 505083 ')
('2015-04-18 11:29:41.753024', 'client 52527455 bid 1 price 80600 余瑞华 420621197809124812')
('2015-04-18 11:29:42.888887', 'client 52730437 bid 1 image 4E0A47947035C9CF3AB9210F946D181A 294646 ')
('2015-04-18 11:29:42.929539', 'client 52747550 bid 1 price 80600 章诚 31011419830618001x')
('2015-04-18 11:29:42.975289', 'client 52462129 bid 1 image EDCDA280420CBC2D9E4675E64C05855E 180838 ')
('2015-04-18 11:29:43.000409', 'client 52462129 bid 1 price 80600 张大维 310106197811202430')
('2015-04-18 11:29:44.368268', 'client 52730437 bid 1 price 80600 李逸颖 310109198308100529')
('2015-04-18 11:29:47.508031', 'client 52782896 bid 1 price Failed')
('2015-04-18 11:29:47.508142', 'client 52782896 bid 1 failed. Abort.....')
('2015-04-18 11:29:48.689190', 'client 52475943 bid 1 image 967EC6EDA6AB34F275C37EE5114C5293 526162 ')
('2015-04-18 11:29:48.726754', 'client 52791783 bid 1 image A0938DA0786D16A62A0675C3682CDA2F 283545 ')
('2015-04-18 11:29:50.170760', 'client 52475943 bid 1 price 80600 朱继周 320402197801083418')
('2015-04-18 11:29:51.168917', 'client 52782896 bid 2 image 20EB57C823B9BF2350D60764762E7FF4 260625 ')
('2015-04-18 11:29:51.182770', 'client 52747550 bid 2 image B1310F935DD53E5DC561A060A4353FDA 290636 ')
('2015-04-18 11:29:51.755259', 'client 52730437 bid 2 image AD49A53F7CF499EAAC108750FD026B3B 615262 ')
('2015-04-18 11:29:51.779900', 'client 52730437 bid 2 price 80700 李逸颖 310109198308100529')
('2015-04-18 11:29:52.208330', 'client 52791783 bid 1 price 80600 沈伊蓉 310221196811152044')
('2015-04-18 11:30:01.670327', 'client 52715533 bid 1 image Failed')
('2015-04-18 11:30:01.670448', 'client 52715533 bid 1 failed. Abort.....')
('2015-04-18 11:30:01.790023', "client 52730437 bids finished. price : ['75200', '80600', '80700'] . Quit.....")
('2015-04-18 11:30:02.528479', 'client 52475943 bid 2 image Failed')
('2015-04-18 11:30:02.528531', 'client 52475943 bid 2 failed. Abort.....')
('2015-04-18 11:30:04.851131', 'client 52791783 bid 2 image Failed')
('2015-04-18 11:30:04.851188', 'client 52791783 bid 2 failed. Abort.....')
('2015-04-18 11:30:05.171915', 'client 52782896 bid 2 price Failed')
('2015-04-18 11:30:05.172049', 'client 52782896 bid 2 failed. Abort.....')
('2015-04-18 11:30:05.185521', 'client 52747550 bid 2 price Failed')
('2015-04-18 11:30:05.185574', 'client 52747550 bid 2 failed. Abort.....')
('2015-04-18 11:30:11.673399', "client 52715533 bids finished. price : ['75200', None, None] . Quit.....")
('2015-04-18 11:30:12.019256', 'client 52527455 bid 2 image Failed')
('2015-04-18 11:30:12.019318', 'client 52527455 bid 2 failed. Abort.....')
('2015-04-18 11:30:12.020519', 'client 52462129 bid 2 image Failed')
('2015-04-18 11:30:12.020556', 'client 52462129 bid 2 failed. Abort.....')
('2015-04-18 11:30:12.538625', "client 52475943 bids finished. price : ['75200', '80600', None] . Quit.....")
('2015-04-18 11:30:14.861265', "client 52791783 bids finished. price : ['75200', '80600', None] . Quit.....")
('2015-04-18 11:30:15.177628', "client 52782896 bids finished. price : ['75200', None, None] . Quit.....")
('2015-04-18 11:30:15.193897', "client 52747550 bids finished. price : ['75200', '80600', None] . Quit.....")
('2015-04-18 11:30:22.029463', "client 52527455 bids finished. price : ['75200', '80600', None] . Quit.....")
('2015-04-18 11:30:22.030634', "client 52462129 bids finished. price : ['75200', '80600', None] . Quit.....")
