('2015-04-18 10:34:09.081963', 'client 52715533 bid 0 fd_price get channel Failed')
('2015-04-18 10:34:10.240876', 'client 52475943 bid 0 fd_price get channel Failed')
('2015-04-18 10:34:11.083580', 'client 52715533 bid 0 fd_price get channel Failed')
('2015-04-18 10:34:12.242412', 'client 52475943 bid 0 fd_price get channel Failed')
('2015-04-18 10:34:12.417648', 'client 52527455 bid 0 fd_price get channel Failed')
('2015-04-18 10:34:12.439505', 'client 52730437 bid 0 fd_price get channel Failed')
('2015-04-18 10:34:12.449733', 'client 52747550 bid 0 fd_price get channel Failed')
('2015-04-18 10:34:13.458298', 'client 52791783 bid 0 fd_price get channel Failed')
('2015-04-18 10:34:14.545792', 'client 52462129 bid 0 fd_price get channel Failed')
('2015-04-18 10:34:14.836436', 'client 52782896 bid 0 fd_price get channel Failed')
('2015-04-18 10:34:15.460040', 'client 52791783 bid 0 fd_price get channel Failed')
('2015-04-18 10:34:21.932098', '\r\n\r\n\r\n\r\n\r\n\r\n\r\n\r\n\r\n\r\n<XML><ERRORCODE>311</ERRORCODE><ERRORSTRING>图像校验码错误！</ERRORSTRING><ERRORSTRING_EN>Image checksum error！</ERRORSTRING_EN></XML>')
('2015-04-18 10:34:21.932149', "client 52475943 bid 0 fd_price ack error {'errcode': '311', 'errstring': '图像校验码错误！'}")
('2015-04-18 11:29:42.678812', 'client 52747550 bid 1 fd_price get channel Failed')
('2015-04-18 11:29:42.679156', 'client 52527455 bid 1 fd_price get channel Failed')
('2015-04-18 11:29:42.706440', 'client 52782896 bid 1 fd_price get channel Failed')
('2015-04-18 11:29:44.090901', 'client 52730437 bid 1 fd_price get channel Failed')
('2015-04-18 11:29:44.177753', 'client 52462129 bid 1 fd_price get channel Failed')
('2015-04-18 11:29:44.708567', 'client 52782896 bid 1 fd_price get channel Failed')
('2015-04-18 11:29:48.315865', 'client 52715533 bid 1 fd_image Timeout')
('2015-04-18 11:29:48.319366', 'client 52475943 bid 1 fd_image Timeout')
('2015-04-18 11:29:48.319828', 'client 52791783 bid 1 fd_image Timeout')
('2015-04-18 11:29:49.891647', 'client 52475943 bid 1 fd_price get channel Failed')
('2015-04-18 11:29:49.928475', 'client 52791783 bid 1 fd_price get channel Failed')
('2015-04-18 11:29:51.930048', 'client 52791783 bid 1 fd_price get channel Failed')
('2015-04-18 11:29:52.370390', 'client 52782896 bid 2 fd_price get channel Failed')
('2015-04-18 11:29:52.384180', 'client 52747550 bid 2 fd_price get channel Failed')
('2015-04-18 11:29:52.956984', 'client 52730437 bid 2 fd_price get channel Failed')
('2015-04-18 11:29:54.372004', 'client 52782896 bid 2 fd_price get channel Failed')
('2015-04-18 11:29:54.385920', 'client 52747550 bid 2 fd_price get channel Failed')
('2015-04-18 11:29:55.317702', 'client 52715533 bid 1 fd_image Timeout')
('2015-04-18 11:29:56.439024', '\r\n\r\n\r\n\r\n\r\n\r\n\r\n\r\n\r\n\r\n<XML><ERRORCODE>311</ERRORCODE><ERRORSTRING>图像校验码错误！</ERRORSTRING><ERRORSTRING_EN>Image checksum error！</ERRORSTRING_EN></XML>')
('2015-04-18 11:29:56.439074', "client 52782896 bid 1 fd_price ack error {'errcode': '311', 'errstring': '图像校验码错误！'}")
('2015-04-18 11:29:58.016098', 'client 52527455 bid 2 fd_image Timeout')
('2015-04-18 11:29:58.018034', 'client 52462129 bid 2 fd_image Timeout')
('2015-04-18 11:29:59.173894', 'client 52475943 bid 2 fd_image Timeout')
('2015-04-18 11:30:01.211555', 'client 52791783 bid 2 fd_image Timeout')
('2015-04-18 11:30:01.669826', '\r\n\r\n\r\n\r\n\r\n\r\n\r\n\r\n\r\n\r\n\r\n<XML><ERRORCODE>110</ERRORCODE><ERRORSTRING>没有正在举行的拍卖会，请注意拍卖公告！</ERRORSTRING><ERRORSTRING_EN>Auction is not begin!</ERRORSTRING_EN></XML>')
('2015-04-18 11:30:01.669930', "client 52715533 bid 1 fd_image ack error {'body': '\\r\\n\\r\\n\\r\\n\\r\\n\\r\\n\\r\\n\\r\\n\\r\\n\\r\\n\\r\\n\\r\\n<XML><ERRORCODE>110</ERRORCODE><ERRORSTRING>没有正在举行的拍卖会，请注意拍卖公告！</ERRORSTRING><ERRORSTRING_EN>Auction is not begin!</ERRORSTRING_EN></XML>', 'status': 200, 'head': 'Connection: close\\nDate: Sat, 18 Apr 2015 03:30:00 GMT\\nServer: Microsoft-IIS/6.0\\nSet-Cookie: JSESSIONID=317DCE56218C00B582B2322660F591F2; Path=/car\\nContent-Type: text/html;charset=GBK\\nContent-Length: 178\\n\\n'}")
('2015-04-18 11:30:01.861775', '\r\n\r\n\r\n\r\n\r\n\r\n\r\n\r\n\r\n\r\n<XML><ERRORCODE>311</ERRORCODE><ERRORSTRING>图像校验码错误！</ERRORSTRING><ERRORSTRING_EN>Image checksum error！</ERRORSTRING_EN></XML>')
('2015-04-18 11:30:01.861826', "client 52791783 bid 1 fd_price ack error {'errcode': '311', 'errstring': '图像校验码错误！'}")
('2015-04-18 11:30:02.309597', '\r\n\r\n\r\n\r\n\r\n\r\n\r\n\r\n\r\n\r\n\r\n<XML><ERRORCODE>110</ERRORCODE><ERRORSTRING>没有正在举行的拍卖会，请注意拍卖公告！</ERRORSTRING><ERRORSTRING_EN>Auction is not begin!</ERRORSTRING_EN></XML>')
('2015-04-18 11:30:02.309657', "client 52475943 bid 2 fd_image ack error {'body': '\\r\\n\\r\\n\\r\\n\\r\\n\\r\\n\\r\\n\\r\\n\\r\\n\\r\\n\\r\\n\\r\\n<XML><ERRORCODE>110</ERRORCODE><ERRORSTRING>没有正在举行的拍卖会，请注意拍卖公告！</ERRORSTRING><ERRORSTRING_EN>Auction is not begin!</ERRORSTRING_EN></XML>', 'status': 200, 'head': 'Connection: close\\nDate: Sat, 18 Apr 2015 03:30:01 GMT\\nServer: Microsoft-IIS/6.0\\nSet-Cookie: JSESSIONID=AB1C2F2539C15A914DF6D3BB4A696896; Path=/car\\nContent-Type: text/html;charset=GBK\\nContent-Length: 178\\n\\n'}")
('2015-04-18 11:30:02.528207', '\r\n\r\n\r\n\r\n\r\n\r\n\r\n\r\n\r\n\r\n\r\n<XML><ERRORCODE>101</ERRORCODE><ERRORSTRING>您的操作太过频繁，请稍后再试！</ERRORSTRING><ERRORSTRING_EN>Please try again slightly!</ERRORSTRING_EN></XML>')
('2015-04-18 11:30:02.528262', "client 52475943 bid 2 fd_image ack error {'body': '\\r\\n\\r\\n\\r\\n\\r\\n\\r\\n\\r\\n\\r\\n\\r\\n\\r\\n\\r\\n\\r\\n<XML><ERRORCODE>101</ERRORCODE><ERRORSTRING>您的操作太过频繁，请稍后再试！</ERRORSTRING><ERRORSTRING_EN>Please try again slightly!</ERRORSTRING_EN></XML>', 'status': 200, 'head': 'Connection: close\\nDate: Sat, 18 Apr 2015 03:30:02 GMT\\nServer: Microsoft-IIS/6.0\\nSet-Cookie: JSESSIONID=D10F3F6EF8AFB0ABD97421FF3FB6B66E; Path=/car\\nContent-Type: text/html;charset=GBK\\nContent-Length: 175\\n\\n'}")
('2015-04-18 11:30:02.649563', '\r\n\r\n\r\n\r\n\r\n\r\n\r\n\r\n\r\n\r\n\r\n<XML><ERRORCODE>110</ERRORCODE><ERRORSTRING>没有正在举行的拍卖会，请注意拍卖公告！</ERRORSTRING><ERRORSTRING_EN>Auction is not begin!</ERRORSTRING_EN></XML>')
('2015-04-18 11:30:02.649618', "client 52791783 bid 2 fd_image ack error {'body': '\\r\\n\\r\\n\\r\\n\\r\\n\\r\\n\\r\\n\\r\\n\\r\\n\\r\\n\\r\\n\\r\\n<XML><ERRORCODE>110</ERRORCODE><ERRORSTRING>没有正在举行的拍卖会，请注意拍卖公告！</ERRORSTRING><ERRORSTRING_EN>Auction is not begin!</ERRORSTRING_EN></XML>', 'status': 200, 'head': 'Connection: close\\nDate: Sat, 18 Apr 2015 03:30:02 GMT\\nServer: Microsoft-IIS/6.0\\nSet-Cookie: JSESSIONID=97E87AE5B0BAFDA9D158CC87D7AE1AE7; Path=/car\\nContent-Type: text/html;charset=GBK\\nContent-Length: 178\\n\\n'}")
('2015-04-18 11:30:04.308788', '\r\n\r\n\r\n\r\n\r\n\r\n\r\n\r\n\r\n\r\n<XML><ERRORCODE>311</ERRORCODE><ERRORSTRING>图像校验码错误！</ERRORSTRING><ERRORSTRING_EN>Image checksum error！</ERRORSTRING_EN></XML>')
('2015-04-18 11:30:04.308844', "client 52782896 bid 2 fd_price ack error {'errcode': '311', 'errstring': '图像校验码错误！'}")
('2015-04-18 11:30:04.850675', '\r\n\r\n\r\n\r\n\r\n\r\n\r\n\r\n\r\n\r\n\r\n<XML><ERRORCODE>110</ERRORCODE><ERRORSTRING>没有正在举行的拍卖会，请注意拍卖公告！</ERRORSTRING><ERRORSTRING_EN>Auction is not begin!</ERRORSTRING_EN></XML>')
('2015-04-18 11:30:04.850733', "client 52791783 bid 2 fd_image ack error {'body': '\\r\\n\\r\\n\\r\\n\\r\\n\\r\\n\\r\\n\\r\\n\\r\\n\\r\\n\\r\\n\\r\\n<XML><ERRORCODE>110</ERRORCODE><ERRORSTRING>没有正在举行的拍卖会，请注意拍卖公告！</ERRORSTRING><ERRORSTRING_EN>Auction is not begin!</ERRORSTRING_EN></XML>', 'status': 200, 'head': 'Connection: close\\nDate: Sat, 18 Apr 2015 03:30:04 GMT\\nServer: Microsoft-IIS/6.0\\nSet-Cookie: JSESSIONID=F1C9BE4BB3164DF84761C6A13D6B5E8B; Path=/car\\nContent-Type: text/html;charset=GBK\\nContent-Length: 178\\n\\n'}")
('2015-04-18 11:30:05.017570', 'client 52527455 bid 2 fd_image Timeout')
('2015-04-18 11:30:05.019328', 'client 52462129 bid 2 fd_image Timeout')
('2015-04-18 11:30:06.072768', '\r\n\r\n\r\n\r\n\r\n\r\n\r\n\r\n\r\n\r\n<XML><ERRORCODE>110</ERRORCODE><ERRORSTRING>没有正在举行的拍卖会，请注意拍卖公告！</ERRORSTRING><ERRORSTRING_EN>Auction is not begin!</ERRORSTRING_EN></XML>\r\n')
('2015-04-18 11:30:06.072820', "client 52747550 bid 2 fd_price ack error {'errcode': '110', 'errstring': '没有正在举行的拍卖会，请注意拍卖公告！'}")
('2015-04-18 11:30:12.019141', 'client 52527455 bid 2 fd_image Timeout')
('2015-04-18 11:30:12.020448', 'client 52462129 bid 2 fd_image Timeout')
('2015-04-18 11:30:19.140901', '\r\n\r\n\r\n\r\n\r\n\r\n\r\n\r\n\r\n\r\n<XML><ERRORCODE>311</ERRORCODE><ERRORSTRING>图像校验码错误！</ERRORSTRING><ERRORSTRING_EN>Image checksum error！</ERRORSTRING_EN></XML>')
('2015-04-18 11:30:19.140952', "client 52782896 bid 2 fd_price ack error {'errcode': '311', 'errstring': '图像校验码错误！'}")
