('2015-04-18 10:07:52.456619', 'worker [5] started')
('2015-04-18 10:07:52.456678', 'client 8 initted')
('2015-04-18 10:07:52.522025', 'put_channel : 2015-04-18 10:07:52.521981 : channel login, group 1')
('2015-04-18 10:07:52.525287', 'get_channel: 2015-04-18 10:07:52.521981 : 1 ')
('2015-04-18 10:07:52.525357', 'fd_channel : login[0] 0 login[1] 0 , tb0[0] 0 tb0[1] 0 , tb1[0] 0 tb1[1] 0')
('2015-04-18 10:07:52.536020', 'close_channel : 2015-04-18 10:07:52.521981')
('2015-04-18 10:07:54.023601', 'put_channel : 2015-04-18 10:07:54.023532 : channel login, group 1')
('2015-04-18 10:07:54.024020', 'get_channel: 2015-04-18 10:07:54.023532 : 1 ')
('2015-04-18 10:07:54.024070', 'fd_channel : login[0] 0 login[1] 0 , tb0[0] 0 tb0[1] 0 , tb1[0] 0 tb1[1] 0')
('2015-04-18 10:07:54.034643', 'close_channel : 2015-04-18 10:07:54.023532')
('2015-04-18 10:07:55.522004', 'put_channel : 2015-04-18 10:07:55.521910 : channel login, group 1')
('2015-04-18 10:07:55.522393', 'get_channel: 2015-04-18 10:07:55.521910 : 1 ')
('2015-04-18 10:07:55.522446', 'fd_channel : login[0] 0 login[1] 0 , tb0[0] 0 tb0[1] 0 , tb1[0] 0 tb1[1] 0')
('2015-04-18 10:07:55.532756', 'close_channel : 2015-04-18 10:07:55.521910')
('2015-04-18 10:07:57.024380', 'put_channel : 2015-04-18 10:07:57.024287 : channel login, group 1')
('2015-04-18 10:07:57.024889', 'get_channel: 2015-04-18 10:07:57.024287 : 1 ')
('2015-04-18 10:07:57.024943', 'fd_channel : login[0] 0 login[1] 0 , tb0[0] 0 tb0[1] 0 , tb1[0] 0 tb1[1] 0')
('2015-04-18 10:07:57.035780', 'close_channel : 2015-04-18 10:07:57.024287')
('2015-04-18 10:07:58.523862', 'put_channel : 2015-04-18 10:07:58.523778 : channel login, group 1')
('2015-04-18 10:07:58.524349', 'get_channel: 2015-04-18 10:07:58.523778 : 1 ')
('2015-04-18 10:07:58.524403', 'fd_channel : login[0] 0 login[1] 0 , tb0[0] 0 tb0[1] 0 , tb1[0] 0 tb1[1] 0')
('2015-04-18 10:07:58.534973', 'close_channel : 2015-04-18 10:07:58.523778')
('2015-04-18 10:08:00.022623', 'put_channel : 2015-04-18 10:08:00.022530 : channel login, group 1')
('2015-04-18 10:08:00.023064', 'get_channel: 2015-04-18 10:08:00.022530 : 1 ')
('2015-04-18 10:08:00.023138', 'fd_channel : login[0] 0 login[1] 0 , tb0[0] 0 tb0[1] 0 , tb1[0] 0 tb1[1] 0')
('2015-04-18 10:08:00.033864', 'close_channel : 2015-04-18 10:08:00.022530')
('2015-04-18 10:08:01.523091', 'put_channel : 2015-04-18 10:08:01.523013 : channel login, group 1')
('2015-04-18 10:08:01.523724', 'get_channel: 2015-04-18 10:08:01.523013 : 1 ')
('2015-04-18 10:08:01.523787', 'fd_channel : login[0] 0 login[1] 0 , tb0[0] 0 tb0[1] 0 , tb1[0] 0 tb1[1] 0')
('2015-04-18 10:08:01.534008', 'close_channel : 2015-04-18 10:08:01.523013')
('2015-04-18 10:08:03.023666', 'put_channel : 2015-04-18 10:08:03.023588 : channel login, group 1')
('2015-04-18 10:08:03.260658', 'get_channel: 2015-04-18 10:08:03.023588 : 1 ')
('2015-04-18 10:08:03.260720', 'fd_channel : login[0] 0 login[1] 0 , tb0[0] 0 tb0[1] 0 , tb1[0] 0 tb1[1] 0')
('2015-04-18 10:08:03.270793', 'close_channel : 2015-04-18 10:08:03.023588')
('2015-04-18 10:32:31.522633', 'put_channel : 2015-04-18 10:32:31.522554 : channel tb0, group 1')
('2015-04-18 10:32:33.025426', 'put_channel : 2015-04-18 10:32:33.025349 : channel tb0, group 1')
('2015-04-18 10:32:34.522637', 'put_channel : 2015-04-18 10:32:34.522557 : channel tb0, group 1')
('2015-04-18 10:32:36.024636', 'put_channel : 2015-04-18 10:32:36.024565 : channel tb0, group 1')
('2015-04-18 10:32:37.523134', 'put_channel : 2015-04-18 10:32:37.523049 : channel tb0, group 1')
('2015-04-18 10:32:39.023460', 'put_channel : 2015-04-18 10:32:39.023358 : channel tb0, group 1')
('2015-04-18 10:32:40.523511', 'put_channel : 2015-04-18 10:32:40.523437 : channel tb0, group 1')
('2015-04-18 10:32:42.024088', 'put_channel : 2015-04-18 10:32:42.024010 : channel tb0, group 1')
('2015-04-18 10:32:43.522731', 'put_channel : 2015-04-18 10:32:43.522655 : channel tb0, group 1')
('2015-04-18 10:32:45.022944', 'put_channel : 2015-04-18 10:32:45.022854 : channel tb0, group 1')
('2015-04-18 10:32:46.522906', 'put_channel : 2015-04-18 10:32:46.522832 : channel tb0, group 1')
('2015-04-18 10:32:48.023641', 'put_channel : 2015-04-18 10:32:48.023568 : channel tb0, group 1')
('2015-04-18 10:32:49.523143', 'put_channel : 2015-04-18 10:32:49.523066 : channel tb0, group 1')
('2015-04-18 10:32:51.023709', 'put_channel : 2015-04-18 10:32:51.023632 : channel tb0, group 1')
('2015-04-18 10:32:52.529810', 'put_channel : 2015-04-18 10:32:52.529735 : channel tb0, group 1')
('2015-04-18 10:32:54.023789', 'put_channel : 2015-04-18 10:32:54.023704 : channel tb0, group 1')
('2015-04-18 10:32:55.524091', 'put_channel : 2015-04-18 10:32:55.524010 : channel tb0, group 1')
('2015-04-18 10:32:57.022828', 'put_channel : 2015-04-18 10:32:57.022742 : channel tb0, group 1')
('2015-04-18 10:32:58.525349', 'put_channel : 2015-04-18 10:32:58.525269 : channel tb0, group 1')
('2015-04-18 10:33:00.022780', 'put_channel : 2015-04-18 10:33:00.022710 : channel tb0, group 1')
('2015-04-18 10:33:01.523025', 'put_channel : 2015-04-18 10:33:01.522946 : channel tb0, group 1')
('2015-04-18 10:33:03.023014', 'put_channel : 2015-04-18 10:33:03.022934 : channel tb0, group 1')
('2015-04-18 10:33:04.530666', 'put_channel : 2015-04-18 10:33:04.530592 : channel tb0, group 1')
('2015-04-18 10:33:06.024009', 'put_channel : 2015-04-18 10:33:06.023930 : channel tb0, group 1')
('2015-04-18 10:33:07.524867', 'put_channel : 2015-04-18 10:33:07.524780 : channel tb0, group 1')
('2015-04-18 10:33:09.024915', 'put_channel : 2015-04-18 10:33:09.024843 : channel tb0, group 1')
('2015-04-18 10:33:10.523814', 'put_channel : 2015-04-18 10:33:10.523712 : channel tb0, group 1')
('2015-04-18 10:33:12.023090', 'put_channel : 2015-04-18 10:33:12.023005 : channel tb0, group 1')
('2015-04-18 10:33:13.523932', 'put_channel : 2015-04-18 10:33:13.523839 : channel tb0, group 1')
('2015-04-18 10:33:15.023581', 'put_channel : 2015-04-18 10:33:15.023512 : channel tb0, group 1')
('2015-04-18 10:33:23.534689', 'put_channel : 2015-04-18 10:33:23.534605 : channel tb0, group 1')
('2015-04-18 10:33:23.948394', 'put_channel : 2015-04-18 10:33:23.948314 : channel tb0, group 1')
('2015-04-18 10:33:25.525104', 'put_channel : 2015-04-18 10:33:25.525034 : channel tb0, group 1')
('2015-04-18 10:33:26.535000', 'put_channel : 2015-04-18 10:33:26.534923 : channel tb0, group 1')
('2015-04-18 10:33:28.524755', 'put_channel : 2015-04-18 10:33:28.524673 : channel tb0, group 1')
('2015-04-18 10:33:31.453021', 'put_channel : 2015-04-18 10:33:31.452939 : channel tb0, group 1')
('2015-04-18 10:33:31.525370', 'put_channel : 2015-04-18 10:33:31.525327 : channel tb0, group 1')
('2015-04-18 10:33:33.023911', 'put_channel : 2015-04-18 10:33:33.023842 : channel tb0, group 1')
('2015-04-18 10:33:37.022173', 'put_channel : 2015-04-18 10:33:37.022105 : channel tb0, group 1')
('2015-04-18 10:33:37.523174', 'put_channel : 2015-04-18 10:33:37.523108 : channel tb0, group 1')
('2015-04-18 10:33:37.527666', 'put_channel : 2015-04-18 10:33:37.527630 : channel tb0, group 1')
('2015-04-18 10:33:39.024634', 'put_channel : 2015-04-18 10:33:39.024565 : channel tb0, group 1')
('2015-04-18 10:33:41.523523', 'put_channel : 2015-04-18 10:33:41.523447 : channel tb0, group 1')
('2015-04-18 10:33:42.023235', 'put_channel : 2015-04-18 10:33:42.023160 : channel tb0, group 1')
('2015-04-18 10:33:44.523040', 'put_channel : 2015-04-18 10:33:44.522937 : channel tb0, group 1')
('2015-04-18 10:33:45.023354', 'put_channel : 2015-04-18 10:33:45.023289 : channel tb0, group 1')
('2015-04-18 10:33:46.523070', 'put_channel : 2015-04-18 10:33:46.522993 : channel tb0, group 1')
('2015-04-18 10:33:48.022593', 'put_channel : 2015-04-18 10:33:48.022521 : channel tb0, group 1')
('2015-04-18 10:33:49.102734', 'put_channel : 2015-04-18 10:33:49.102658 : channel tb0, group 1')
('2015-04-18 10:33:52.022232', 'put_channel : 2015-04-18 10:33:52.022154 : channel tb0, group 1')
('2015-04-18 10:33:52.078220', 'put_channel : 2015-04-18 10:33:52.078179 : channel tb0, group 1')
('2015-04-18 10:33:55.022415', 'put_channel : 2015-04-18 10:33:55.022346 : channel tb0, group 1')
('2015-04-18 10:33:55.087456', 'put_channel : 2015-04-18 10:33:55.087414 : channel tb0, group 1')
('2015-04-18 10:33:58.022025', 'put_channel : 2015-04-18 10:33:58.021949 : channel tb0, group 1')
('2015-04-18 10:33:58.064000', 'put_channel : 2015-04-18 10:33:58.063960 : channel tb0, group 1')
('2015-04-18 10:34:01.023585', 'put_channel : 2015-04-18 10:34:01.023509 : channel tb0, group 1')
('2015-04-18 10:34:02.932478', 'get_channel: 2015-04-18 10:32:31.522554 : 1 ')
('2015-04-18 10:34:02.932550', 'fd_channel : login[0] 0 login[1] 0 , tb0[0] 0 tb0[1] 55 , tb1[0] 0 tb1[1] 0')
('2015-04-18 10:34:02.933453', 'get_channel: 2015-04-18 10:32:33.025349 : 1 ')
('2015-04-18 10:34:02.933494', 'fd_channel : login[0] 0 login[1] 0 , tb0[0] 0 tb0[1] 54 , tb1[0] 0 tb1[1] 0')
('2015-04-18 10:34:02.934610', 'get_channel: 2015-04-18 10:32:34.522557 : 1 ')
('2015-04-18 10:34:02.934652', 'fd_channel : login[0] 0 login[1] 0 , tb0[0] 0 tb0[1] 53 , tb1[0] 0 tb1[1] 0')
('2015-04-18 10:34:02.935540', 'get_channel: 2015-04-18 10:32:36.024565 : 1 ')
('2015-04-18 10:34:02.935581', 'fd_channel : login[0] 0 login[1] 0 , tb0[0] 0 tb0[1] 52 , tb1[0] 0 tb1[1] 0')
('2015-04-18 10:34:02.936233', 'get_channel: 2015-04-18 10:32:37.523049 : 1 ')
('2015-04-18 10:34:02.936274', 'fd_channel : login[0] 0 login[1] 0 , tb0[0] 0 tb0[1] 51 , tb1[0] 0 tb1[1] 0')
('2015-04-18 10:34:02.936939', 'get_channel: 2015-04-18 10:32:39.023358 : 1 ')
('2015-04-18 10:34:02.936978', 'fd_channel : login[0] 0 login[1] 0 , tb0[0] 0 tb0[1] 50 , tb1[0] 0 tb1[1] 0')
('2015-04-18 10:34:02.937717', 'get_channel: 2015-04-18 10:32:40.523437 : 1 ')
('2015-04-18 10:34:02.937758', 'fd_channel : login[0] 0 login[1] 0 , tb0[0] 0 tb0[1] 49 , tb1[0] 0 tb1[1] 0')
('2015-04-18 10:34:02.938556', 'get_channel: 2015-04-18 10:32:42.024010 : 1 ')
('2015-04-18 10:34:02.938595', 'fd_channel : login[0] 0 login[1] 0 , tb0[0] 0 tb0[1] 48 , tb1[0] 0 tb1[1] 0')
('2015-04-18 10:34:04.368932', 'close_channel : 2015-04-18 10:32:31.522554')
('2015-04-18 10:34:04.374768', 'close_channel : 2015-04-18 10:32:37.523049')
('2015-04-18 10:34:04.375431', 'close_channel : 2015-04-18 10:32:39.023358')
('2015-04-18 10:34:04.376797', 'close_channel : 2015-04-18 10:32:34.522557')
('2015-04-18 10:34:04.378195', 'close_channel : 2015-04-18 10:32:42.024010')
('2015-04-18 10:34:04.379419', 'close_channel : 2015-04-18 10:32:40.523437')
('2015-04-18 10:34:04.379955', 'close_channel : 2015-04-18 10:32:36.024565')
('2015-04-18 10:34:04.398987', 'close_channel : 2015-04-18 10:32:33.025349')
('2015-04-18 10:34:04.523800', 'put_channel : 2015-04-18 10:34:04.523752 : channel tb0, group 1')
('2015-04-18 10:34:04.558250', 'put_channel : 2015-04-18 10:34:04.558208 : channel tb0, group 1')
('2015-04-18 10:34:04.648225', 'put_channel : 2015-04-18 10:34:04.648185 : channel tb0, group 1')
('2015-04-18 10:34:05.534063', 'put_channel : 2015-04-18 10:34:05.533981 : channel tb0, group 1')
('2015-04-18 10:34:07.880971', 'get_channel: 2015-04-18 10:32:43.522655 : 1 ')
('2015-04-18 10:34:07.881062', 'fd_channel : login[0] 0 login[1] 0 , tb0[0] 0 tb0[1] 51 , tb1[0] 0 tb1[1] 0')
('2015-04-18 10:34:09.040029', 'get_channel: 2015-04-18 10:32:45.022854 : 1 ')
('2015-04-18 10:34:09.040089', 'fd_channel : login[0] 0 login[1] 0 , tb0[0] 0 tb0[1] 50 , tb1[0] 0 tb1[1] 0')
('2015-04-18 10:34:09.081872', 'get_channel: None ')
('2015-04-18 10:34:09.081925', 'fd_channel : login[0] 0 login[1] 0 , tb0[0] 0 tb0[1] 50 , tb1[0] 0 tb1[1] 0')
('2015-04-18 10:34:09.882868', 'get_channel: 2015-04-18 10:32:46.522832 : 1 ')
('2015-04-18 10:34:09.882936', 'fd_channel : login[0] 0 login[1] 0 , tb0[0] 0 tb0[1] 49 , tb1[0] 0 tb1[1] 0')
('2015-04-18 10:34:10.240724', 'get_channel: None ')
('2015-04-18 10:34:10.240812', 'fd_channel : login[0] 0 login[1] 0 , tb0[0] 0 tb0[1] 49 , tb1[0] 0 tb1[1] 0')
('2015-04-18 10:34:11.041827', 'get_channel: 2015-04-18 10:32:48.023568 : 1 ')
('2015-04-18 10:34:11.041949', 'fd_channel : login[0] 0 login[1] 0 , tb0[0] 0 tb0[1] 48 , tb1[0] 0 tb1[1] 0')
('2015-04-18 10:34:11.083491', 'get_channel: None ')
('2015-04-18 10:34:11.083542', 'fd_channel : login[0] 0 login[1] 0 , tb0[0] 0 tb0[1] 48 , tb1[0] 0 tb1[1] 0')
('2015-04-18 10:34:11.216955', 'get_channel: 2015-04-18 10:32:49.523066 : 1 ')
('2015-04-18 10:34:11.216996', 'fd_channel : login[0] 0 login[1] 0 , tb0[0] 0 tb0[1] 47 , tb1[0] 0 tb1[1] 0')
('2015-04-18 10:34:11.239081', 'get_channel: 2015-04-18 10:32:51.023632 : 1 ')
('2015-04-18 10:34:11.239122', 'fd_channel : login[0] 0 login[1] 0 , tb0[0] 0 tb0[1] 46 , tb1[0] 0 tb1[1] 0')
('2015-04-18 10:34:11.249305', 'get_channel: 2015-04-18 10:32:52.529735 : 1 ')
('2015-04-18 10:34:11.249346', 'fd_channel : login[0] 0 login[1] 0 , tb0[0] 0 tb0[1] 45 , tb1[0] 0 tb1[1] 0')
('2015-04-18 10:34:11.326684', 'close_channel : 2015-04-18 10:32:46.522832')
('2015-04-18 10:34:11.438146', 'close_channel : 2015-04-18 10:32:49.523066')
('2015-04-18 10:34:11.460009', 'close_channel : 2015-04-18 10:32:51.023632')
('2015-04-18 10:34:11.466113', 'close_channel : 2015-04-18 10:32:52.529735')
('2015-04-18 10:34:12.242310', 'get_channel: None ')
('2015-04-18 10:34:12.242371', 'fd_channel : login[0] 0 login[1] 0 , tb0[0] 0 tb0[1] 45 , tb1[0] 0 tb1[1] 0')
('2015-04-18 10:34:12.257585', 'get_channel: 2015-04-18 10:32:54.023704 : 1 ')
('2015-04-18 10:34:12.257628', 'fd_channel : login[0] 0 login[1] 0 , tb0[0] 0 tb0[1] 44 , tb1[0] 0 tb1[1] 0')
('2015-04-18 10:34:12.417553', 'get_channel: None ')
('2015-04-18 10:34:12.417604', 'fd_channel : login[0] 0 login[1] 0 , tb0[0] 0 tb0[1] 44 , tb1[0] 0 tb1[1] 0')
('2015-04-18 10:34:12.439423', 'get_channel: None ')
('2015-04-18 10:34:12.439471', 'fd_channel : login[0] 0 login[1] 0 , tb0[0] 0 tb0[1] 44 , tb1[0] 0 tb1[1] 0')
('2015-04-18 10:34:12.449647', 'get_channel: None ')
('2015-04-18 10:34:12.449697', 'fd_channel : login[0] 0 login[1] 0 , tb0[0] 0 tb0[1] 44 , tb1[0] 0 tb1[1] 0')
('2015-04-18 10:34:13.345197', 'get_channel: 2015-04-18 10:32:55.524010 : 1 ')
('2015-04-18 10:34:13.345243', 'fd_channel : login[0] 0 login[1] 0 , tb0[0] 0 tb0[1] 43 , tb1[0] 0 tb1[1] 0')
('2015-04-18 10:34:13.458213', 'get_channel: None ')
('2015-04-18 10:34:13.458262', 'fd_channel : login[0] 0 login[1] 0 , tb0[0] 0 tb0[1] 43 , tb1[0] 0 tb1[1] 0')
('2015-04-18 10:34:13.635635', 'get_channel: 2015-04-18 10:32:57.022742 : 1 ')
('2015-04-18 10:34:13.635677', 'fd_channel : login[0] 0 login[1] 0 , tb0[0] 0 tb0[1] 42 , tb1[0] 0 tb1[1] 0')
('2015-04-18 10:34:13.856114', 'close_channel : 2015-04-18 10:32:57.022742')
('2015-04-18 10:34:13.979298', 'close_channel : 2015-04-18 10:32:55.524010')
('2015-04-18 10:34:14.132860', 'close_channel : 2015-04-18 10:32:48.023568')
('2015-04-18 10:34:14.258894', 'get_channel: 2015-04-18 10:32:58.525269 : 1 ')
('2015-04-18 10:34:14.258957', 'fd_channel : login[0] 0 login[1] 0 , tb0[0] 0 tb0[1] 41 , tb1[0] 0 tb1[1] 0')
('2015-04-18 10:34:14.276600', 'close_channel : 2015-04-18 10:32:58.525269')
('2015-04-18 10:34:14.523894', 'put_channel : 2015-04-18 10:34:14.523846 : channel tb0, group 1')
('2015-04-18 10:34:14.537740', 'put_channel : 2015-04-18 10:34:14.537704 : channel tb0, group 1')
('2015-04-18 10:34:14.545701', 'get_channel: None ')
('2015-04-18 10:34:14.545755', 'fd_channel : login[0] 0 login[1] 0 , tb0[0] 0 tb0[1] 43 , tb1[0] 0 tb1[1] 0')
('2015-04-18 10:34:14.836315', 'get_channel: None ')
('2015-04-18 10:34:14.836395', 'fd_channel : login[0] 0 login[1] 0 , tb0[0] 0 tb0[1] 43 , tb1[0] 0 tb1[1] 0')
('2015-04-18 10:34:15.459927', 'get_channel: None ')
('2015-04-18 10:34:15.459999', 'fd_channel : login[0] 0 login[1] 0 , tb0[0] 0 tb0[1] 43 , tb1[0] 0 tb1[1] 0')
('2015-04-18 10:34:18.047973', 'put_channel : 2015-04-18 10:34:18.047898 : channel tb0, group 1')
('2015-04-18 10:34:21.053659', 'put_channel : 2015-04-18 10:34:21.053575 : channel tb0, group 1')
('2015-04-18 10:34:21.930968', 'close_channel : 2015-04-18 10:32:45.022854')
('2015-04-18 10:34:23.598439', 'put_channel : 2015-04-18 10:34:23.598351 : channel tb0, group 1')
('2015-04-18 10:34:24.047976', 'put_channel : 2015-04-18 10:34:24.047907 : channel tb0, group 1')
('2015-04-18 10:34:25.550683', 'put_channel : 2015-04-18 10:34:25.550575 : channel tb0, group 1')
('2015-04-18 10:34:43.086738', 'put_channel : 2015-04-18 10:34:43.086624 : channel tb0, group 1')
('2015-04-18 10:34:58.606541', 'put_channel : 2015-04-18 10:34:58.606468 : channel tb0, group 1')
('2015-04-18 11:27:42.023398', 'put_channel : 2015-04-18 11:27:42.023319 : channel tb1, group 1')
('2015-04-18 11:27:44.524629', 'put_channel : 2015-04-18 11:27:44.524547 : channel tb1, group 1')
('2015-04-18 11:27:46.523012', 'put_channel : 2015-04-18 11:27:46.522941 : channel tb1, group 1')
('2015-04-18 11:27:48.024213', 'put_channel : 2015-04-18 11:27:48.024128 : channel tb1, group 1')
('2015-04-18 11:27:51.023809', 'put_channel : 2015-04-18 11:27:51.023737 : channel tb1, group 1')
('2015-04-18 11:27:52.524486', 'put_channel : 2015-04-18 11:27:52.524398 : channel tb1, group 1')
('2015-04-18 11:27:56.535723', 'put_channel : 2015-04-18 11:27:56.535641 : channel tb1, group 1')
('2015-04-18 11:27:57.027266', 'put_channel : 2015-04-18 11:27:57.027182 : channel tb1, group 1')
('2015-04-18 11:28:00.024617', 'put_channel : 2015-04-18 11:28:00.024525 : channel tb1, group 1')
('2015-04-18 11:28:00.026325', 'put_channel : 2015-04-18 11:28:00.026252 : channel tb1, group 1')
('2015-04-18 11:28:00.046337', 'put_channel : 2015-04-18 11:28:00.046295 : channel tb1, group 1')
('2015-04-18 11:28:01.526948', 'put_channel : 2015-04-18 11:28:01.526860 : channel tb1, group 1')
('2015-04-18 11:28:04.526877', 'put_channel : 2015-04-18 11:28:04.526792 : channel tb1, group 1')
('2015-04-18 11:28:06.026251', 'put_channel : 2015-04-18 11:28:06.026159 : channel tb1, group 1')
('2015-04-18 11:28:10.526986', 'put_channel : 2015-04-18 11:28:10.526898 : channel tb1, group 1')
('2015-04-18 11:28:12.027314', 'put_channel : 2015-04-18 11:28:12.027229 : channel tb1, group 1')
('2015-04-18 11:28:13.527152', 'put_channel : 2015-04-18 11:28:13.527052 : channel tb1, group 1')
('2015-04-18 11:28:15.026441', 'put_channel : 2015-04-18 11:28:15.026345 : channel tb1, group 1')
('2015-04-18 11:28:16.526340', 'put_channel : 2015-04-18 11:28:16.526250 : channel tb1, group 1')
('2015-04-18 11:28:18.026768', 'put_channel : 2015-04-18 11:28:18.026691 : channel tb1, group 1')
('2015-04-18 11:28:25.038878', 'put_channel : 2015-04-18 11:28:25.038783 : channel tb1, group 1')
('2015-04-18 11:28:28.031042', 'put_channel : 2015-04-18 11:28:28.030967 : channel tb1, group 1')
('2015-04-18 11:28:31.038954', 'put_channel : 2015-04-18 11:28:31.038859 : channel tb1, group 1')
('2015-04-18 11:28:31.550823', 'put_channel : 2015-04-18 11:28:31.550739 : channel tb1, group 1')
('2015-04-18 11:28:34.031108', 'put_channel : 2015-04-18 11:28:34.031023 : channel tb1, group 1')
('2015-04-18 11:28:37.038815', 'put_channel : 2015-04-18 11:28:37.038726 : channel tb1, group 1')
('2015-04-18 11:28:37.102592', 'put_channel : 2015-04-18 11:28:37.102515 : channel tb1, group 1')
('2015-04-18 11:28:37.550985', 'put_channel : 2015-04-18 11:28:37.550905 : channel tb1, group 1')
('2015-04-18 11:28:40.030264', 'put_channel : 2015-04-18 11:28:40.030174 : channel tb1, group 1')
('2015-04-18 11:28:43.550920', 'put_channel : 2015-04-18 11:28:43.550835 : channel tb1, group 1')
('2015-04-18 11:28:44.522995', 'put_channel : 2015-04-18 11:28:44.522898 : channel tb1, group 1')
('2015-04-18 11:28:46.033296', 'put_channel : 2015-04-18 11:28:46.033204 : channel tb1, group 1')
('2015-04-18 11:28:49.550400', 'put_channel : 2015-04-18 11:28:49.550325 : channel tb1, group 1')
('2015-04-18 11:28:52.022692', 'put_channel : 2015-04-18 11:28:52.022597 : channel tb1, group 1')
('2015-04-18 11:28:52.030377', 'put_channel : 2015-04-18 11:28:52.030335 : channel tb1, group 1')
('2015-04-18 11:28:55.022659', 'put_channel : 2015-04-18 11:28:55.022575 : channel tb1, group 1')
('2015-04-18 11:28:55.522873', 'put_channel : 2015-04-18 11:28:55.522796 : channel tb1, group 1')
('2015-04-18 11:28:56.590755', 'put_channel : 2015-04-18 11:28:56.590652 : channel tb1, group 1')
('2015-04-18 11:28:58.523885', 'put_channel : 2015-04-18 11:28:58.523784 : channel tb1, group 1')
('2015-04-18 11:29:04.022862', 'put_channel : 2015-04-18 11:29:04.022786 : channel tb1, group 1')
('2015-04-18 11:29:05.523192', 'put_channel : 2015-04-18 11:29:05.523101 : channel tb1, group 1')
('2015-04-18 11:29:08.522553', 'put_channel : 2015-04-18 11:29:08.522463 : channel tb1, group 1')
('2015-04-18 11:29:10.022864', 'put_channel : 2015-04-18 11:29:10.022758 : channel tb1, group 1')
('2015-04-18 11:29:11.522987', 'put_channel : 2015-04-18 11:29:11.522896 : channel tb1, group 1')
('2015-04-18 11:29:12.023640', 'put_channel : 2015-04-18 11:29:12.023570 : channel tb1, group 1')
('2015-04-18 11:29:14.523649', 'put_channel : 2015-04-18 11:29:14.523563 : channel tb1, group 1')
('2015-04-18 11:29:16.025409', 'put_channel : 2015-04-18 11:29:16.025325 : channel tb1, group 1')
('2015-04-18 11:29:16.524072', 'put_channel : 2015-04-18 11:29:16.523996 : channel tb1, group 1')
('2015-04-18 11:29:18.022826', 'put_channel : 2015-04-18 11:29:18.022761 : channel tb1, group 1')
('2015-04-18 11:29:32.534320', 'put_channel : 2015-04-18 11:29:32.534237 : channel tb1, group 1')
('2015-04-18 11:29:36.027208', 'put_channel : 2015-04-18 11:29:36.027127 : channel tb1, group 1')
('2015-04-18 11:29:41.308208', 'close_channel : 2015-04-18 11:27:42.023319')
('2015-04-18 11:29:41.308996', 'close_channel : 2015-04-18 11:27:44.524547')
('2015-04-18 11:29:41.310014', 'close_channel : 2015-04-18 11:27:46.522941')
('2015-04-18 11:29:41.310450', 'close_channel : 2015-04-18 11:27:48.024128')
('2015-04-18 11:29:41.310761', 'close_channel : 2015-04-18 11:27:51.023737')
('2015-04-18 11:29:41.311066', 'get_channel: 2015-04-18 11:27:52.524398 : 1 ')
('2015-04-18 11:29:41.311111', 'fd_channel : login[0] 0 login[1] 0 , tb0[0] 0 tb0[1] 50 , tb1[0] 0 tb1[1] 45')
('2015-04-18 11:29:41.311719', 'get_channel: 2015-04-18 11:27:56.535641 : 1 ')
('2015-04-18 11:29:41.311765', 'fd_channel : login[0] 0 login[1] 0 , tb0[0] 0 tb0[1] 50 , tb1[0] 0 tb1[1] 44')
('2015-04-18 11:29:41.312410', 'get_channel: 2015-04-18 11:27:57.027182 : 1 ')
('2015-04-18 11:29:41.312454', 'fd_channel : login[0] 0 login[1] 0 , tb0[0] 0 tb0[1] 50 , tb1[0] 0 tb1[1] 43')
('2015-04-18 11:29:41.313370', 'get_channel: 2015-04-18 11:28:00.024525 : 1 ')
('2015-04-18 11:29:41.313415', 'fd_channel : login[0] 0 login[1] 0 , tb0[0] 0 tb0[1] 50 , tb1[0] 0 tb1[1] 42')
('2015-04-18 11:29:41.316078', 'get_channel: 2015-04-18 11:28:00.026252 : 1 ')
('2015-04-18 11:29:41.316121', 'fd_channel : login[0] 0 login[1] 0 , tb0[0] 0 tb0[1] 50 , tb1[0] 0 tb1[1] 41')
('2015-04-18 11:29:41.316630', 'get_channel: 2015-04-18 11:28:00.046295 : 1 ')
('2015-04-18 11:29:41.317003', 'fd_channel : login[0] 0 login[1] 0 , tb0[0] 0 tb0[1] 50 , tb1[0] 0 tb1[1] 40')
('2015-04-18 11:29:41.318314', 'get_channel: 2015-04-18 11:28:01.526860 : 1 ')
('2015-04-18 11:29:41.318355', 'fd_channel : login[0] 0 login[1] 0 , tb0[0] 0 tb0[1] 50 , tb1[0] 0 tb1[1] 39')
('2015-04-18 11:29:41.318948', 'get_channel: 2015-04-18 11:28:04.526792 : 1 ')
('2015-04-18 11:29:41.318988', 'fd_channel : login[0] 0 login[1] 0 , tb0[0] 0 tb0[1] 50 , tb1[0] 0 tb1[1] 38')
('2015-04-18 11:29:41.331504', 'close_channel : 2015-04-18 11:28:00.024525')
('2015-04-18 11:29:41.336070', 'close_channel : 2015-04-18 11:28:00.026252')
('2015-04-18 11:29:41.337633', 'close_channel : 2015-04-18 11:28:00.046295')
('2015-04-18 11:29:41.477774', 'get_channel: 2015-04-18 11:28:06.026159 : 1 ')
('2015-04-18 11:29:41.477867', 'fd_channel : login[0] 0 login[1] 0 , tb0[0] 0 tb0[1] 50 , tb1[0] 0 tb1[1] 37')
('2015-04-18 11:29:41.478569', 'get_channel: 2015-04-18 11:28:10.526898 : 1 ')
('2015-04-18 11:29:41.478610', 'fd_channel : login[0] 0 login[1] 0 , tb0[0] 0 tb0[1] 50 , tb1[0] 0 tb1[1] 36')
('2015-04-18 11:29:41.505803', 'get_channel: 2015-04-18 11:28:12.027229 : 1 ')
('2015-04-18 11:29:41.505873', 'fd_channel : login[0] 0 login[1] 0 , tb0[0] 0 tb0[1] 50 , tb1[0] 0 tb1[1] 35')
('2015-04-18 11:29:41.751569', 'close_channel : 2015-04-18 11:28:10.526898')
('2015-04-18 11:29:42.678692', 'get_channel: None ')
('2015-04-18 11:29:42.678770', 'fd_channel : login[0] 0 login[1] 0 , tb0[0] 0 tb0[1] 50 , tb1[0] 0 tb1[1] 35')
('2015-04-18 11:29:42.679082', 'get_channel: None ')
('2015-04-18 11:29:42.679123', 'fd_channel : login[0] 0 login[1] 0 , tb0[0] 0 tb0[1] 50 , tb1[0] 0 tb1[1] 35')
('2015-04-18 11:29:42.706335', 'get_channel: None ')
('2015-04-18 11:29:42.706400', 'fd_channel : login[0] 0 login[1] 0 , tb0[0] 0 tb0[1] 50 , tb1[0] 0 tb1[1] 35')
('2015-04-18 11:29:42.780869', 'close_channel : 2015-04-18 11:27:56.535641')
('2015-04-18 11:29:42.782615', 'close_channel : 2015-04-18 11:27:57.027182')
('2015-04-18 11:29:42.890282', 'get_channel: 2015-04-18 11:28:13.527052 : 1 ')
('2015-04-18 11:29:42.890329', 'fd_channel : login[0] 0 login[1] 0 , tb0[0] 0 tb0[1] 50 , tb1[0] 0 tb1[1] 34')
('2015-04-18 11:29:42.928211', 'close_channel : 2015-04-18 11:28:06.026159')
('2015-04-18 11:29:42.976523', 'get_channel: 2015-04-18 11:28:15.026345 : 1 ')
('2015-04-18 11:29:42.976584', 'fd_channel : login[0] 0 login[1] 0 , tb0[0] 0 tb0[1] 50 , tb1[0] 0 tb1[1] 33')
('2015-04-18 11:29:42.998973', 'close_channel : 2015-04-18 11:28:15.026345')
('2015-04-18 11:29:43.507333', 'get_channel: 2015-04-18 11:28:16.526250 : 1 ')
('2015-04-18 11:29:43.507412', 'fd_channel : login[0] 0 login[1] 0 , tb0[0] 0 tb0[1] 50 , tb1[0] 0 tb1[1] 32')
('2015-04-18 11:29:44.090787', 'get_channel: None ')
('2015-04-18 11:29:44.090860', 'fd_channel : login[0] 0 login[1] 0 , tb0[0] 0 tb0[1] 50 , tb1[0] 0 tb1[1] 32')
('2015-04-18 11:29:44.177636', 'get_channel: None ')
('2015-04-18 11:29:44.177713', 'fd_channel : login[0] 0 login[1] 0 , tb0[0] 0 tb0[1] 50 , tb1[0] 0 tb1[1] 32')
('2015-04-18 11:29:44.366697', 'close_channel : 2015-04-18 11:28:13.527052')
('2015-04-18 11:29:44.708436', 'get_channel: None ')
('2015-04-18 11:29:44.708513', 'fd_channel : login[0] 0 login[1] 0 , tb0[0] 0 tb0[1] 50 , tb1[0] 0 tb1[1] 32')
('2015-04-18 11:29:48.316895', 'get_channel: 2015-04-18 11:28:18.026691 : 1 ')
('2015-04-18 11:29:48.316945', 'fd_channel : login[0] 0 login[1] 0 , tb0[0] 0 tb0[1] 50 , tb1[0] 0 tb1[1] 31')
('2015-04-18 11:29:48.320437', 'get_channel: 2015-04-18 11:28:25.038783 : 1 ')
('2015-04-18 11:29:48.320485', 'fd_channel : login[0] 0 login[1] 0 , tb0[0] 0 tb0[1] 50 , tb1[0] 0 tb1[1] 30')
('2015-04-18 11:29:48.321254', 'get_channel: 2015-04-18 11:28:28.030967 : 1 ')
('2015-04-18 11:29:48.321298', 'fd_channel : login[0] 0 login[1] 0 , tb0[0] 0 tb0[1] 50 , tb1[0] 0 tb1[1] 29')
('2015-04-18 11:29:48.538596', 'close_channel : 2015-04-18 11:28:28.030967')
('2015-04-18 11:29:48.539294', 'close_channel : 2015-04-18 11:28:25.038783')
('2015-04-18 11:29:48.690507', 'get_channel: 2015-04-18 11:28:31.038859 : 1 ')
('2015-04-18 11:29:48.690556', 'fd_channel : login[0] 0 login[1] 0 , tb0[0] 0 tb0[1] 50 , tb1[0] 0 tb1[1] 28')
('2015-04-18 11:29:48.727857', 'get_channel: 2015-04-18 11:28:31.550739 : 1 ')
('2015-04-18 11:29:48.727905', 'fd_channel : login[0] 0 login[1] 0 , tb0[0] 0 tb0[1] 50 , tb1[0] 0 tb1[1] 27')
('2015-04-18 11:29:49.891516', 'get_channel: None ')
('2015-04-18 11:29:49.891603', 'fd_channel : login[0] 0 login[1] 0 , tb0[0] 0 tb0[1] 50 , tb1[0] 0 tb1[1] 27')
('2015-04-18 11:29:49.928338', 'get_channel: None ')
('2015-04-18 11:29:49.928404', 'fd_channel : login[0] 0 login[1] 0 , tb0[0] 0 tb0[1] 50 , tb1[0] 0 tb1[1] 27')
('2015-04-18 11:29:50.168426', 'close_channel : 2015-04-18 11:28:31.038859')
('2015-04-18 11:29:50.729329', 'get_channel: 2015-04-18 11:28:34.031023 : 1 ')
('2015-04-18 11:29:50.729394', 'fd_channel : login[0] 0 login[1] 0 , tb0[0] 0 tb0[1] 50 , tb1[0] 0 tb1[1] 26')
('2015-04-18 11:29:51.013850', 'get_channel: 2015-04-18 11:28:37.038726 : 1 ')
('2015-04-18 11:29:51.013922', 'fd_channel : login[0] 0 login[1] 0 , tb0[0] 0 tb0[1] 50 , tb1[0] 0 tb1[1] 25')
('2015-04-18 11:29:51.015051', 'get_channel: 2015-04-18 11:28:37.102515 : 1 ')
('2015-04-18 11:29:51.015091', 'fd_channel : login[0] 0 login[1] 0 , tb0[0] 0 tb0[1] 50 , tb1[0] 0 tb1[1] 24')
('2015-04-18 11:29:51.015645', 'get_channel: 2015-04-18 11:28:37.550905 : 1 ')
('2015-04-18 11:29:51.015685', 'fd_channel : login[0] 0 login[1] 0 , tb0[0] 0 tb0[1] 50 , tb1[0] 0 tb1[1] 23')
('2015-04-18 11:29:51.016629', 'get_channel: 2015-04-18 11:28:40.030174 : 1 ')
('2015-04-18 11:29:51.016668', 'fd_channel : login[0] 0 login[1] 0 , tb0[0] 0 tb0[1] 50 , tb1[0] 0 tb1[1] 22')
('2015-04-18 11:29:51.017444', 'get_channel: 2015-04-18 11:28:43.550835 : 1 ')
('2015-04-18 11:29:51.017484', 'fd_channel : login[0] 0 login[1] 0 , tb0[0] 0 tb0[1] 50 , tb1[0] 0 tb1[1] 21')
('2015-04-18 11:29:51.033269', 'close_channel : 2015-04-18 11:28:37.550905')
('2015-04-18 11:29:51.033862', 'close_channel : 2015-04-18 11:28:40.030174')
('2015-04-18 11:29:51.169916', 'get_channel: 2015-04-18 11:28:44.522898 : 1 ')
('2015-04-18 11:29:51.169961', 'fd_channel : login[0] 0 login[1] 0 , tb0[0] 0 tb0[1] 50 , tb1[0] 0 tb1[1] 20')
('2015-04-18 11:29:51.183771', 'get_channel: 2015-04-18 11:28:46.033204 : 1 ')
('2015-04-18 11:29:51.183813', 'fd_channel : login[0] 0 login[1] 0 , tb0[0] 0 tb0[1] 50 , tb1[0] 0 tb1[1] 19')
('2015-04-18 11:29:51.640951', 'close_channel : 2015-04-18 11:28:37.102515')
('2015-04-18 11:29:51.756293', 'get_channel: 2015-04-18 11:28:49.550325 : 1 ')
('2015-04-18 11:29:51.756338', 'fd_channel : login[0] 0 login[1] 0 , tb0[0] 0 tb0[1] 50 , tb1[0] 0 tb1[1] 18')
('2015-04-18 11:29:51.778756', 'close_channel : 2015-04-18 11:28:49.550325')
('2015-04-18 11:29:51.929954', 'get_channel: None ')
('2015-04-18 11:29:51.930009', 'fd_channel : login[0] 0 login[1] 0 , tb0[0] 0 tb0[1] 50 , tb1[0] 0 tb1[1] 18')
('2015-04-18 11:29:52.173419', 'get_channel: 2015-04-18 11:28:52.022597 : 1 ')
('2015-04-18 11:29:52.173478', 'fd_channel : login[0] 0 login[1] 0 , tb0[0] 0 tb0[1] 50 , tb1[0] 0 tb1[1] 17')
('2015-04-18 11:29:52.207226', 'close_channel : 2015-04-18 11:28:34.031023')
('2015-04-18 11:29:52.370297', 'get_channel: None ')
('2015-04-18 11:29:52.370353', 'fd_channel : login[0] 0 login[1] 0 , tb0[0] 0 tb0[1] 50 , tb1[0] 0 tb1[1] 17')
('2015-04-18 11:29:52.384094', 'get_channel: None ')
('2015-04-18 11:29:52.384143', 'fd_channel : login[0] 0 login[1] 0 , tb0[0] 0 tb0[1] 50 , tb1[0] 0 tb1[1] 17')
('2015-04-18 11:29:52.956877', 'get_channel: None ')
('2015-04-18 11:29:52.956944', 'fd_channel : login[0] 0 login[1] 0 , tb0[0] 0 tb0[1] 50 , tb1[0] 0 tb1[1] 17')
('2015-04-18 11:29:53.171234', 'get_channel: 2015-04-18 11:28:52.030335 : 1 ')
('2015-04-18 11:29:53.171285', 'fd_channel : login[0] 0 login[1] 0 , tb0[0] 0 tb0[1] 50 , tb1[0] 0 tb1[1] 16')
('2015-04-18 11:29:53.184963', 'get_channel: 2015-04-18 11:28:55.022575 : 1 ')
('2015-04-18 11:29:53.185019', 'fd_channel : login[0] 0 login[1] 0 , tb0[0] 0 tb0[1] 50 , tb1[0] 0 tb1[1] 15')
('2015-04-18 11:29:54.211027', 'get_channel: 2015-04-18 11:28:55.522796 : 1 ')
('2015-04-18 11:29:54.211094', 'fd_channel : login[0] 0 login[1] 0 , tb0[0] 0 tb0[1] 50 , tb1[0] 0 tb1[1] 14')
('2015-04-18 11:29:54.371913', 'get_channel: None ')
('2015-04-18 11:29:54.371965', 'fd_channel : login[0] 0 login[1] 0 , tb0[0] 0 tb0[1] 50 , tb1[0] 0 tb1[1] 14')
('2015-04-18 11:29:54.385813', 'get_channel: None ')
('2015-04-18 11:29:54.385881', 'fd_channel : login[0] 0 login[1] 0 , tb0[0] 0 tb0[1] 50 , tb1[0] 0 tb1[1] 14')
('2015-04-18 11:29:55.318820', 'get_channel: 2015-04-18 11:28:56.590652 : 1 ')
('2015-04-18 11:29:55.318870', 'fd_channel : login[0] 0 login[1] 0 , tb0[0] 0 tb0[1] 50 , tb1[0] 0 tb1[1] 13')
('2015-04-18 11:29:56.437844', 'close_channel : 2015-04-18 11:28:16.526250')
('2015-04-18 11:29:58.017067', 'get_channel: 2015-04-18 11:28:58.523784 : 1 ')
('2015-04-18 11:29:58.017115', 'fd_channel : login[0] 0 login[1] 0 , tb0[0] 0 tb0[1] 50 , tb1[0] 0 tb1[1] 12')
('2015-04-18 11:29:58.018846', 'get_channel: 2015-04-18 11:29:04.022786 : 1 ')
('2015-04-18 11:29:58.018896', 'fd_channel : login[0] 0 login[1] 0 , tb0[0] 0 tb0[1] 50 , tb1[0] 0 tb1[1] 11')
('2015-04-18 11:29:59.174774', 'get_channel: 2015-04-18 11:29:05.523101 : 1 ')
('2015-04-18 11:29:59.174822', 'fd_channel : login[0] 0 login[1] 0 , tb0[0] 0 tb0[1] 50 , tb1[0] 0 tb1[1] 10')
('2015-04-18 11:30:01.120556', 'worker [5] stopping')
('2015-04-18 11:30:01.212584', 'get_channel: 2015-04-18 11:29:08.522463 : 1 ')
('2015-04-18 11:30:01.212634', 'fd_channel : login[0] 0 login[1] 0 , tb0[0] 0 tb0[1] 50 , tb1[0] 0 tb1[1] 9')
('2015-04-18 11:30:01.668428', 'close_channel : 2015-04-18 11:28:56.590652')
('2015-04-18 11:30:01.860620', 'close_channel : 2015-04-18 11:28:31.550739')
('2015-04-18 11:30:02.308438', 'close_channel : 2015-04-18 11:29:05.523101')
('2015-04-18 11:30:02.310734', 'get_channel: 2015-04-18 11:29:10.022758 : 1 ')
('2015-04-18 11:30:02.310788', 'fd_channel : login[0] 0 login[1] 0 , tb0[0] 0 tb0[1] 50 , tb1[0] 0 tb1[1] 8')
('2015-04-18 11:30:02.527004', 'close_channel : 2015-04-18 11:29:10.022758')
('2015-04-18 11:30:02.648706', 'close_channel : 2015-04-18 11:29:08.522463')
('2015-04-18 11:30:04.215162', 'get_channel: 2015-04-18 11:29:11.522896 : 1 ')
('2015-04-18 11:30:04.215228', 'fd_channel : login[0] 0 login[1] 0 , tb0[0] 0 tb0[1] 50 , tb1[0] 0 tb1[1] 7')
('2015-04-18 11:30:04.307662', 'close_channel : 2015-04-18 11:28:44.522898')
('2015-04-18 11:30:04.849360', 'close_channel : 2015-04-18 11:29:11.522896')
('2015-04-18 11:30:05.018630', 'get_channel: 2015-04-18 11:29:12.023570 : 1 ')
('2015-04-18 11:30:05.018679', 'fd_channel : login[0] 0 login[1] 0 , tb0[0] 0 tb0[1] 50 , tb1[0] 0 tb1[1] 6')
('2015-04-18 11:30:05.019925', 'get_channel: 2015-04-18 11:29:14.523563 : 1 ')
('2015-04-18 11:30:05.019968', 'fd_channel : login[0] 0 login[1] 0 , tb0[0] 0 tb0[1] 50 , tb1[0] 0 tb1[1] 5')
('2015-04-18 11:30:06.071648', 'close_channel : 2015-04-18 11:28:55.022575')
('2015-04-18 11:30:07.038853', 'put_channel : 2015-04-18 11:30:07.038765 : channel tb1, group 1')
('2015-04-18 11:30:07.270703', 'close_channel : 2015-04-18 11:27:52.524398')
('2015-04-18 11:30:07.813179', 'close_channel : 2015-04-18 11:28:04.526792')
('2015-04-18 11:30:19.139724', 'close_channel : 2015-04-18 11:28:52.030335')
('2015-04-18 11:30:25.070703', 'put_channel : 2015-04-18 11:30:25.070626 : channel tb1, group 1')
('2015-04-18 11:30:31.012429', 'close_channel : 2015-04-18 11:29:12.023570')
('2015-04-18 11:30:31.664405', 'put_channel : 2015-04-18 11:30:31.664304 : channel tb1, group 1')
('2015-04-18 11:30:34.533686', 'close_channel : 2015-04-18 11:28:01.526860')
('2015-04-18 11:30:44.195662', 'close_channel : 2015-04-18 11:28:37.038726')
('2015-04-18 11:30:44.198689', 'close_channel : 2015-04-18 11:28:43.550835')
('2015-04-18 11:30:45.376590', 'close_channel : 2015-04-18 11:28:52.022597')
('2015-04-18 11:30:50.147664', 'close_channel : 2015-04-18 11:28:58.523784')
('2015-04-18 11:30:54.126235', 'put_channel : 2015-04-18 11:30:54.126139 : channel tb1, group 1')
