('2015-04-18 10:07:54.041829', 'client 52825259 login 鲍道珍 310110198507222022')
('2015-04-18 10:07:55.535752', 'client 52343478 login 王毅 310104198409207219')
('2015-04-18 10:07:57.037332', 'client 52768891 login 李畅 340202198406241719')
('2015-04-18 10:07:58.537378', 'client 52736891 login 金力 310105198103290028')
('2015-04-18 10:08:00.045727', 'client 52852835 login 陈达 310224195303090419')
('2015-04-18 10:08:01.535962', 'client 52714421 login 刘菊明 310108196007060054')
('2015-04-18 10:08:03.037482', 'client 52775524 login 李琳琳 210103198012172724')
('2015-04-18 10:34:07.258040', 'client 52825259 bid 0 image 02FF0CB2B66EB5C8A23E23B77EE6CC41 626292 ')
('2015-04-18 10:34:07.901068', 'client 52825259 bid 0 price 75200 鲍道珍 310110198507222022')
('2015-04-18 10:34:08.207248', 'client 52343478 bid 0 image 0DA08325B0387D54E13A472D6C1ADCEB 353646 ')
('2015-04-18 10:34:08.228399', 'client 52343478 bid 0 price 75200 王毅 310104198409207219')
('2015-04-18 10:34:08.459577', 'client 52852835 bid 0 image 78D9E43F3F07E65E949F7B487F52AA67 261836 ')
('2015-04-18 10:34:08.479080', 'client 52852835 bid 0 price 75200 陈达 310224195303090419')
('2015-04-18 10:34:09.104055', 'client 52768891 bid 0 image 0430A66B0DCBA141C1BAA1BE415C157A 451826 ')
('2015-04-18 10:34:11.129608', 'client 52768891 bid 0 price 75200 李畅 340202198406241719')
('2015-04-18 10:34:12.151788', 'client 52736891 bid 0 image 18C0CB0085321041E40B81EAEE124F61 061636 ')
('2015-04-18 10:34:14.003477', 'client 52714421 bid 0 image C622BEFEEB79F90887CE9B42CC9BE3C1 181606 ')
('2015-04-18 10:34:14.024086', 'client 52714421 bid 0 price 75200 刘菊明 310108196007060054')
('2015-04-18 10:34:14.173736', 'client 52736891 bid 0 price 75200 金力 310105198103290028')
('2015-04-18 10:34:17.418714', 'client 52775524 bid 0 image B00E74D953F63FF02D654B890EE2EC7C 516350 ')
('2015-04-18 10:34:17.648651', 'client 52775524 bid 0 price 75200 李琳琳 210103198012172724')
('2015-04-18 11:29:36.985857', 'client 52343478 bid 1 image 34E1CFBB8E81D8948175EC86C0596A82 629383 ')
('2015-04-18 11:29:37.168987', 'client 52852835 bid 1 image A81B8994C1AFFFF57236E9DB0E09AD17 535482 ')
('2015-04-18 11:29:37.219440', 'client 52768891 bid 1 image D4F1ED45A43D6EEB2E484A26BD2D219F 505164 ')
('2015-04-18 11:29:37.877606', 'client 52768891 bid 1 price 80400 李畅 340202198406241719')
('2015-04-18 11:29:37.983115', 'client 52714421 bid 1 image 4FEBA42CF9F770AC9703CED179527D68 508484 ')
('2015-04-18 11:29:38.013640', 'client 52714421 bid 1 price 80400 刘菊明 310108196007060054')
('2015-04-18 11:29:38.292237', 'client 52825259 bid 1 image E3D506CBD103D0F57C1B9BBDB3439243 949261 ')
('2015-04-18 11:29:38.315986', 'client 52825259 bid 1 price 80400 鲍道珍 310110198507222022')
('2015-04-18 11:29:38.698564', 'client 52852835 bid 1 price 80400 陈达 310224195303090419')
('2015-04-18 11:29:39.219855', 'client 52343478 bid 1 price 80400 王毅 310104198409207219')
('2015-04-18 11:29:43.575714', 'client 52736891 bid 1 image 7ED4988CB44ED963D4B1878F677ED340 546183 ')
('2015-04-18 11:29:43.600547', 'client 52736891 bid 1 price 80600 金力 310105198103290028')
('2015-04-18 11:29:53.584721', 'client 52736891 bid 2 image 66E99308349D2EDBB021A4D46A84DAA1 836380 ')
('2015-04-18 11:29:53.619027', 'client 52736891 bid 2 price 80700 金力 310105198103290028')
('2015-04-18 11:29:54.007591', 'client 52775524 bid 1 image Failed')
('2015-04-18 11:29:54.007632', 'client 52775524 bid 1 failed. Abort.....')
('2015-04-18 11:29:59.169665', 'client 52768891 bid 2 image 044BB53C0E018101CCA0194E8DD729C3 463918 ')
('2015-04-18 11:29:59.402788', 'client 52768891 bid 2 price 80900 李畅 340202198406241719')
('2015-04-18 11:30:03.629155', "client 52736891 bids finished. price : ['75200', '80600', '80700'] . Quit.....")
('2015-04-18 11:30:05.249327', 'client 52775524 bid 2 image Failed')
('2015-04-18 11:30:05.249418', 'client 52775524 bid 2 failed. Abort.....')
('2015-04-18 11:30:06.462694', 'client 52852835 bid 2 image Failed')
('2015-04-18 11:30:06.462745', 'client 52852835 bid 2 failed. Abort.....')
('2015-04-18 11:30:09.412968', "client 52768891 bids finished. price : ['75200', '80400', '80900'] . Quit.....")
('2015-04-18 11:30:11.794098', 'client 52343478 bid 2 image Failed')
('2015-04-18 11:30:11.794141', 'client 52343478 bid 2 failed. Abort.....')
('2015-04-18 11:30:12.025391', 'client 52825259 bid 2 image Failed')
('2015-04-18 11:30:12.025485', 'client 52825259 bid 2 failed. Abort.....')
('2015-04-18 11:30:12.026485', 'client 52714421 bid 2 image Failed')
('2015-04-18 11:30:12.026522', 'client 52714421 bid 2 failed. Abort.....')
('2015-04-18 11:30:15.252105', "client 52775524 bids finished. price : ['75200', None, None] . Quit.....")
('2015-04-18 11:30:16.472850', "client 52852835 bids finished. price : ['75200', '80400', None] . Quit.....")
('2015-04-18 11:30:21.804254', "client 52343478 bids finished. price : ['75200', '80400', None] . Quit.....")
('2015-04-18 11:30:22.034355', "client 52825259 bids finished. price : ['75200', '80400', None] . Quit.....")
('2015-04-18 11:30:22.034661', "client 52714421 bids finished. price : ['75200', '80400', None] . Quit.....")
