('2015-04-18 10:34:10.155818', 'client 52500740 bid 0 fd_price get channel Failed')
('2015-04-18 10:34:11.062305', 'client 52770499 bid 0 fd_price get channel Failed')
('2015-04-18 10:34:11.918570', 'client 52520859 bid 0 fd_price get channel Failed')
('2015-04-18 10:34:11.924404', 'client 52840430 bid 0 fd_price get channel Failed')
('2015-04-18 10:34:12.158007', 'client 52500740 bid 0 fd_price get channel Failed')
('2015-04-18 10:34:12.217818', 'client 52704697 bid 0 fd_price get channel Failed')
('2015-04-18 10:34:12.941539', 'client 52531566 bid 0 fd_price get channel Failed')
('2015-04-18 10:34:13.757039', 'client 52464974 bid 0 fd_price get channel Failed')
('2015-04-18 10:34:14.220023', 'client 52704697 bid 0 fd_price get channel Failed')
('2015-04-18 10:34:14.943557', 'client 52531566 bid 0 fd_price get channel Failed')
('2015-04-18 10:34:21.837450', '\r\n\r\n\r\n\r\n\r\n\r\n\r\n\r\n\r\n\r\n<XML><ERRORCODE>311</ERRORCODE><ERRORSTRING>图像校验码错误！</ERRORSTRING><ERRORSTRING_EN>Image checksum error！</ERRORSTRING_EN></XML>')
('2015-04-18 10:34:21.837500', "client 52500740 bid 0 fd_price ack error {'errcode': '311', 'errstring': '图像校验码错误！'}")
('2015-04-18 11:29:43.158790', 'client 52464974 bid 1 fd_price get channel Failed')
('2015-04-18 11:29:43.240457', 'client 52704697 bid 1 fd_price get channel Failed')
('2015-04-18 11:29:43.913799', 'client 52531566 bid 1 fd_price get channel Failed')
('2015-04-18 11:29:44.420492', 'client 52500740 bid 1 fd_price get channel Failed')
('2015-04-18 11:29:44.806969', 'client 52520859 bid 1 fd_price get channel Failed')
('2015-04-18 11:29:45.160779', 'client 52464974 bid 1 fd_price get channel Failed')
('2015-04-18 11:29:45.242509', 'client 52704697 bid 1 fd_price get channel Failed')
('2015-04-18 11:29:46.422471', 'client 52500740 bid 1 fd_price get channel Failed')
('2015-04-18 11:29:48.378005', 'client 52770499 bid 1 fd_image Timeout')
('2015-04-18 11:29:48.382883', 'client 52840430 bid 1 fd_image Timeout')
('2015-04-18 11:29:55.379059', 'client 52770499 bid 1 fd_image Timeout')
('2015-04-18 11:29:55.384123', 'client 52840430 bid 1 fd_image Timeout')
('2015-04-18 11:29:58.017030', 'client 52464974 bid 2 fd_image Timeout')
('2015-04-18 11:29:58.018023', 'client 52704697 bid 2 fd_image Timeout')
('2015-04-18 11:29:58.018358', 'client 52520859 bid 2 fd_image Timeout')
('2015-04-18 11:29:58.019653', 'client 52531566 bid 2 fd_image Timeout')
('2015-04-18 11:29:58.020234', 'client 52500740 bid 2 fd_image Timeout')
('2015-04-18 11:30:01.062625', 'client 52531566 bid 2 fd_price get channel Failed')
('2015-04-18 11:30:02.380269', 'client 52770499 bid 1 fd_image Timeout')
('2015-04-18 11:30:02.385455', 'client 52840430 bid 1 fd_image Timeout')
('2015-04-18 11:30:04.670641', '\r\n\r\n\r\n\r\n\r\n\r\n\r\n\r\n\r\n\r\n\r\n<XML><ERRORCODE>110</ERRORCODE><ERRORSTRING>没有正在举行的拍卖会，请注意拍卖公告！</ERRORSTRING><ERRORSTRING_EN>Auction is not begin!</ERRORSTRING_EN></XML>')
('2015-04-18 11:30:04.670700', "client 52500740 bid 2 fd_image ack error {'head': 'Connection: close\\nDate: Sat, 18 Apr 2015 03:30:04 GMT\\nServer: Microsoft-IIS/6.0\\nSet-Cookie: JSESSIONID=8B0DA3BE0C50360A25478B7B02CB1456; Path=/car\\nContent-Type: text/html;charset=GBK\\nContent-Length: 178\\n\\n', 'body': '\\r\\n\\r\\n\\r\\n\\r\\n\\r\\n\\r\\n\\r\\n\\r\\n\\r\\n\\r\\n\\r\\n<XML><ERRORCODE>110</ERRORCODE><ERRORSTRING>没有正在举行的拍卖会，请注意拍卖公告！</ERRORSTRING><ERRORSTRING_EN>Auction is not begin!</ERRORSTRING_EN></XML>', 'status': 200}")
('2015-04-18 11:30:04.793644', '\r\n\r\n\r\n\r\n\r\n\r\n\r\n\r\n\r\n\r\n\r\n<XML><ERRORCODE>110</ERRORCODE><ERRORSTRING>没有正在举行的拍卖会，请注意拍卖公告！</ERRORSTRING><ERRORSTRING_EN>Auction is not begin!</ERRORSTRING_EN></XML>')
('2015-04-18 11:30:04.793708', "client 52464974 bid 2 fd_image ack error {'head': 'Connection: close\\nDate: Sat, 18 Apr 2015 03:30:04 GMT\\nServer: Microsoft-IIS/6.0\\nSet-Cookie: JSESSIONID=231F9D7E4E6D42ED5913DB927DF0151E; Path=/car\\nContent-Type: text/html;charset=GBK\\nContent-Length: 178\\n\\n', 'body': '\\r\\n\\r\\n\\r\\n\\r\\n\\r\\n\\r\\n\\r\\n\\r\\n\\r\\n\\r\\n\\r\\n<XML><ERRORCODE>110</ERRORCODE><ERRORSTRING>没有正在举行的拍卖会，请注意拍卖公告！</ERRORSTRING><ERRORSTRING_EN>Auction is not begin!</ERRORSTRING_EN></XML>', 'status': 200}")
('2015-04-18 11:30:05.020321', 'client 52520859 bid 2 fd_image Timeout')
('2015-04-18 11:30:05.021744', 'client 52704697 bid 2 fd_image Timeout')
('2015-04-18 11:30:05.489940', '\r\n\r\n\r\n\r\n\r\n\r\n\r\n\r\n\r\n\r\n\r\n<XML><ERRORCODE>110</ERRORCODE><ERRORSTRING>没有正在举行的拍卖会，请注意拍卖公告！</ERRORSTRING><ERRORSTRING_EN>Auction is not begin!</ERRORSTRING_EN></XML>')
('2015-04-18 11:30:05.489999', "client 52500740 bid 2 fd_image ack error {'head': 'Connection: close\\nDate: Sat, 18 Apr 2015 03:30:04 GMT\\nServer: Microsoft-IIS/6.0\\nSet-Cookie: JSESSIONID=F94601C6FA361164DF5C001FD38C092C; Path=/car\\nContent-Type: text/html;charset=GBK\\nContent-Length: 178\\n\\n', 'body': '\\r\\n\\r\\n\\r\\n\\r\\n\\r\\n\\r\\n\\r\\n\\r\\n\\r\\n\\r\\n\\r\\n<XML><ERRORCODE>110</ERRORCODE><ERRORSTRING>没有正在举行的拍卖会，请注意拍卖公告！</ERRORSTRING><ERRORSTRING_EN>Auction is not begin!</ERRORSTRING_EN></XML>', 'status': 200}")
('2015-04-18 11:30:07.951972', '\r\n\r\n\r\n\r\n\r\n\r\n\r\n\r\n\r\n\r\n<XML><ERRORCODE>110</ERRORCODE><ERRORSTRING>没有正在举行的拍卖会，请注意拍卖公告！</ERRORSTRING><ERRORSTRING_EN>Auction is not begin!</ERRORSTRING_EN></XML>\r\n')
('2015-04-18 11:30:07.952023', "client 52464974 bid 1 fd_price ack error {'errcode': '110', 'errstring': '没有正在举行的拍卖会，请注意拍卖公告！'}")
('2015-04-18 11:30:11.795145', 'client 52464974 bid 2 fd_image Timeout')
('2015-04-18 11:30:12.021785', 'client 52520859 bid 2 fd_image Timeout')
('2015-04-18 11:30:12.022520', 'client 52704697 bid 2 fd_image Timeout')
('2015-04-18 11:30:12.752497', '\r\n\r\n\r\n\r\n\r\n\r\n\r\n\r\n\r\n\r\n<XML><ERRORCODE>110</ERRORCODE><ERRORSTRING>没有正在举行的拍卖会，请注意拍卖公告！</ERRORSTRING><ERRORSTRING_EN>Auction is not begin!</ERRORSTRING_EN></XML>\r\n')
('2015-04-18 11:30:12.752551', "client 52531566 bid 2 fd_price ack error {'errcode': '110', 'errstring': '没有正在举行的拍卖会，请注意拍卖公告！'}")
('2015-04-18 11:30:36.175540', '\r\n\r\n\r\n\r\n\r\n\r\n\r\n\r\n\r\n\r\n<XML><ERRORCODE>110</ERRORCODE><ERRORSTRING>没有正在举行的拍卖会，请注意拍卖公告！</ERRORSTRING><ERRORSTRING_EN>Auction is not begin!</ERRORSTRING_EN></XML>\r\n')
('2015-04-18 11:30:36.175590', "client 52704697 bid 1 fd_price ack error {'errcode': '110', 'errstring': '没有正在举行的拍卖会，请注意拍卖公告！'}")
