('2015-04-18 10:34:12.518232', 'client 52712974 bid 0 fd_price get channel Failed')
('2015-04-18 10:34:12.612308', 'client 52526629 bid 0 fd_price get channel Failed')
('2015-04-18 10:34:14.520396', 'client 52712974 bid 0 fd_price get channel Failed')
('2015-04-18 10:34:14.614282', 'client 52526629 bid 0 fd_price get channel Failed')
('2015-04-18 10:34:15.914209', 'client 52722001 bid 0 fd_price get channel Failed')
('2015-04-18 10:34:17.721913', 'client 52504082 bid 0 fd_price get channel Failed')
('2015-04-18 10:34:17.916724', 'client 52722001 bid 0 fd_price get channel Failed')
('2015-04-18 10:34:19.724479', 'client 52504082 bid 0 fd_price get channel Failed')
('2015-04-18 10:34:34.551214', 'client 52559602 bid 0 fd_price get channel Failed')
('2015-04-18 10:34:35.539876', 'client 52775549 bid 0 fd_price get channel Failed')
('2015-04-18 10:34:36.292021', 'client 52567964 bid 0 fd_price get channel Failed')
('2015-04-18 10:34:36.553258', 'client 52559602 bid 0 fd_price get channel Failed')
('2015-04-18 10:34:37.542154', 'client 52775549 bid 0 fd_price get channel Failed')
('2015-04-18 10:34:37.819399', '\r\n\r\n\r\n\r\n\r\n\r\n\r\n\r\n\r\n\r\n<XML><ERRORCODE>311</ERRORCODE><ERRORSTRING>图像校验码错误！</ERRORSTRING><ERRORSTRING_EN>Image checksum error！</ERRORSTRING_EN></XML>')
('2015-04-18 10:34:37.819457', "client 52712974 bid 0 fd_price ack error {'errstring': '图像校验码错误！', 'errcode': '311'}")
('2015-04-18 10:34:37.880723', '\r\n\r\n\r\n\r\n\r\n\r\n\r\n\r\n\r\n\r\n<XML><ERRORCODE>311</ERRORCODE><ERRORSTRING>图像校验码错误！</ERRORSTRING><ERRORSTRING_EN>Image checksum error！</ERRORSTRING_EN></XML>')
('2015-04-18 10:34:37.880791', "client 52526629 bid 0 fd_price ack error {'errstring': '图像校验码错误！', 'errcode': '311'}")
('2015-04-18 10:34:38.295403', 'client 52567964 bid 0 fd_price get channel Failed')
('2015-04-18 10:34:41.209036', '\r\n\r\n\r\n\r\n\r\n\r\n\r\n\r\n\r\n\r\n<XML><ERRORCODE>311</ERRORCODE><ERRORSTRING>图像校验码错误！</ERRORSTRING><ERRORSTRING_EN>Image checksum error！</ERRORSTRING_EN></XML>')
('2015-04-18 10:34:41.209112', "client 52722001 bid 0 fd_price ack error {'errstring': '图像校验码错误！', 'errcode': '311'}")
('2015-04-18 10:35:11.736973', '\r\n\r\n\r\n\r\n\r\n\r\n\r\n\r\n\r\n\r\n<XML><ERRORCODE>311</ERRORCODE><ERRORSTRING>图像校验码错误！</ERRORSTRING><ERRORSTRING_EN>Image checksum error！</ERRORSTRING_EN></XML>')
('2015-04-18 10:35:11.737027', "client 52504082 bid 0 fd_price ack error {'errstring': '图像校验码错误！', 'errcode': '311'}")
('2015-04-18 11:29:48.282643', 'client 52567964 bid 1 fd_price get channel Failed')
('2015-04-18 11:29:48.872607', 'client 52526629 bid 1 fd_price get channel Failed')
('2015-04-18 11:29:50.285140', 'client 52567964 bid 1 fd_price get channel Failed')
('2015-04-18 11:29:50.874938', 'client 52526629 bid 1 fd_price get channel Failed')
('2015-04-18 11:29:52.994553', 'client 52559602 bid 1 fd_image Timeout')
('2015-04-18 11:29:52.997419', 'client 52712974 bid 1 fd_image Timeout')
('2015-04-18 11:29:52.998919', 'client 52722001 bid 1 fd_image Timeout')
('2015-04-18 11:29:52.999565', 'client 52775549 bid 1 fd_image Timeout')
('2015-04-18 11:29:52.999955', 'client 52504082 bid 1 fd_image Timeout')
('2015-04-18 11:29:55.215505', 'client 52559602 bid 1 fd_price get channel Failed')
('2015-04-18 11:29:56.192383', 'client 52504082 bid 1 fd_price get channel Failed')
('2015-04-18 11:29:56.689580', 'client 52775549 bid 1 fd_price get channel Failed')
('2015-04-18 11:29:57.218101', 'client 52559602 bid 1 fd_price get channel Failed')
('2015-04-18 11:29:58.194290', 'client 52504082 bid 1 fd_price get channel Failed')
('2015-04-18 11:29:58.691993', 'client 52775549 bid 1 fd_price get channel Failed')
('2015-04-18 11:29:59.999583', 'client 52712974 bid 1 fd_image Timeout')
('2015-04-18 11:30:00.002361', 'client 52722001 bid 1 fd_image Timeout')
('2015-04-18 11:30:00.809303', '\r\n\r\n\r\n\r\n\r\n\r\n\r\n\r\n\r\n\r\n<XML><ERRORCODE>311</ERRORCODE><ERRORSTRING>图像校验码错误！</ERRORSTRING><ERRORSTRING_EN>Image checksum error！</ERRORSTRING_EN></XML>')
('2015-04-18 11:30:00.809363', "client 52526629 bid 1 fd_price ack error {'errstring': '图像校验码错误！', 'errcode': '311'}")
('2015-04-18 11:30:01.044704', 'client 52567964 bid 2 fd_image Timeout')
('2015-04-18 11:30:01.045475', 'client 52526629 bid 2 fd_image Timeout')
('2015-04-18 11:30:01.059168', '\r\n\r\n\r\n\r\n\r\n\r\n\r\n\r\n\r\n\r\n\r\n<XML><ERRORCODE>110</ERRORCODE><ERRORSTRING>没有正在举行的拍卖会，请注意拍卖公告！</ERRORSTRING><ERRORSTRING_EN>Auction is not begin!</ERRORSTRING_EN></XML>')
('2015-04-18 11:30:01.059236', "client 52526629 bid 2 fd_image ack error {'status': 200, 'body': '\\r\\n\\r\\n\\r\\n\\r\\n\\r\\n\\r\\n\\r\\n\\r\\n\\r\\n\\r\\n\\r\\n<XML><ERRORCODE>110</ERRORCODE><ERRORSTRING>没有正在举行的拍卖会，请注意拍卖公告！</ERRORSTRING><ERRORSTRING_EN>Auction is not begin!</ERRORSTRING_EN></XML>', 'head': 'Connection: close\\nDate: Sat, 18 Apr 2015 03:30:00 GMT\\nServer: Microsoft-IIS/6.0\\nSet-Cookie: JSESSIONID=D0A88767CB2EB60D61C6FC37A6BD05CC; Path=/car\\nContent-Type: text/html;charset=GBK\\nContent-Length: 178\\n\\n'}")
('2015-04-18 11:30:01.471341', '\r\n\r\n\r\n\r\n\r\n\r\n\r\n\r\n\r\n\r\n\r\n<XML><ERRORCODE>110</ERRORCODE><ERRORSTRING>没有正在举行的拍卖会，请注意拍卖公告！</ERRORSTRING><ERRORSTRING_EN>Auction is not begin!</ERRORSTRING_EN></XML>')
('2015-04-18 11:30:01.471435', "client 52722001 bid 1 fd_image ack error {'status': 200, 'body': '\\r\\n\\r\\n\\r\\n\\r\\n\\r\\n\\r\\n\\r\\n\\r\\n\\r\\n\\r\\n\\r\\n<XML><ERRORCODE>110</ERRORCODE><ERRORSTRING>没有正在举行的拍卖会，请注意拍卖公告！</ERRORSTRING><ERRORSTRING_EN>Auction is not begin!</ERRORSTRING_EN></XML>', 'head': 'Connection: close\\nDate: Sat, 18 Apr 2015 03:30:00 GMT\\nServer: Microsoft-IIS/6.0\\nSet-Cookie: JSESSIONID=963EEFC78D8D6480895CBBC2DFA743CC; Path=/car\\nContent-Type: text/html;charset=GBK\\nContent-Length: 178\\n\\n'}")
('2015-04-18 11:30:02.069230', '\r\n\r\n\r\n\r\n\r\n\r\n\r\n\r\n\r\n\r\n\r\n<XML><ERRORCODE>110</ERRORCODE><ERRORSTRING>没有正在举行的拍卖会，请注意拍卖公告！</ERRORSTRING><ERRORSTRING_EN>Auction is not begin!</ERRORSTRING_EN></XML>')
('2015-04-18 11:30:02.069309', "client 52712974 bid 1 fd_image ack error {'status': 200, 'body': '\\r\\n\\r\\n\\r\\n\\r\\n\\r\\n\\r\\n\\r\\n\\r\\n\\r\\n\\r\\n\\r\\n<XML><ERRORCODE>110</ERRORCODE><ERRORSTRING>没有正在举行的拍卖会，请注意拍卖公告！</ERRORSTRING><ERRORSTRING_EN>Auction is not begin!</ERRORSTRING_EN></XML>', 'head': 'Connection: close\\nDate: Sat, 18 Apr 2015 03:30:01 GMT\\nServer: Microsoft-IIS/6.0\\nSet-Cookie: JSESSIONID=55687CFBC2C14B1594A4AB39C225E74A; Path=/car\\nContent-Type: text/html;charset=GBK\\nContent-Length: 178\\n\\n'}")
('2015-04-18 11:30:04.570189', '\r\n\r\n\r\n\r\n\r\n\r\n\r\n\r\n\r\n\r\n\r\n<XML><ERRORCODE>110</ERRORCODE><ERRORSTRING>没有正在举行的拍卖会，请注意拍卖公告！</ERRORSTRING><ERRORSTRING_EN>Auction is not begin!</ERRORSTRING_EN></XML>')
('2015-04-18 11:30:04.570256', "client 52526629 bid 2 fd_image ack error {'status': 200, 'body': '\\r\\n\\r\\n\\r\\n\\r\\n\\r\\n\\r\\n\\r\\n\\r\\n\\r\\n\\r\\n\\r\\n<XML><ERRORCODE>110</ERRORCODE><ERRORSTRING>没有正在举行的拍卖会，请注意拍卖公告！</ERRORSTRING><ERRORSTRING_EN>Auction is not begin!</ERRORSTRING_EN></XML>', 'head': 'Connection: close\\nDate: Sat, 18 Apr 2015 03:30:04 GMT\\nServer: Microsoft-IIS/6.0\\nSet-Cookie: JSESSIONID=543139CEAE94EF50D0179D79D126AE05; Path=/car\\nContent-Type: text/html;charset=GBK\\nContent-Length: 178\\n\\n'}")
('2015-04-18 11:30:04.783542', '\r\n\r\n\r\n\r\n\r\n\r\n\r\n\r\n\r\n\r\n\r\n<XML><ERRORCODE>110</ERRORCODE><ERRORSTRING>没有正在举行的拍卖会，请注意拍卖公告！</ERRORSTRING><ERRORSTRING_EN>Auction is not begin!</ERRORSTRING_EN></XML>')
('2015-04-18 11:30:04.783640', "client 52567964 bid 2 fd_image ack error {'status': 200, 'body': '\\r\\n\\r\\n\\r\\n\\r\\n\\r\\n\\r\\n\\r\\n\\r\\n\\r\\n\\r\\n\\r\\n<XML><ERRORCODE>110</ERRORCODE><ERRORSTRING>没有正在举行的拍卖会，请注意拍卖公告！</ERRORSTRING><ERRORSTRING_EN>Auction is not begin!</ERRORSTRING_EN></XML>', 'head': 'Connection: close\\nDate: Sat, 18 Apr 2015 03:30:03 GMT\\nServer: Microsoft-IIS/6.0\\nSet-Cookie: JSESSIONID=8D0439569EDF079E1667A9DD1FF86363; Path=/car\\nContent-Type: text/html;charset=GBK\\nContent-Length: 178\\n\\n'}")
('2015-04-18 11:30:05.722211', '\r\n\r\n\r\n\r\n\r\n\r\n\r\n\r\n\r\n\r\n\r\n<XML><ERRORCODE>110</ERRORCODE><ERRORSTRING>没有正在举行的拍卖会，请注意拍卖公告！</ERRORSTRING><ERRORSTRING_EN>Auction is not begin!</ERRORSTRING_EN></XML>')
('2015-04-18 11:30:05.722278', "client 52567964 bid 2 fd_image ack error {'status': 200, 'body': '\\r\\n\\r\\n\\r\\n\\r\\n\\r\\n\\r\\n\\r\\n\\r\\n\\r\\n\\r\\n\\r\\n<XML><ERRORCODE>110</ERRORCODE><ERRORSTRING>没有正在举行的拍卖会，请注意拍卖公告！</ERRORSTRING><ERRORSTRING_EN>Auction is not begin!</ERRORSTRING_EN></XML>', 'head': 'Connection: close\\nDate: Sat, 18 Apr 2015 03:30:05 GMT\\nServer: Microsoft-IIS/6.0\\nSet-Cookie: JSESSIONID=C0DB144464D7430D8311363221E82385; Path=/car\\nContent-Type: text/html;charset=GBK\\nContent-Length: 178\\n\\n'}")
('2015-04-18 11:30:06.648865', 'client 52504082 bid 2 fd_image Timeout')
('2015-04-18 11:30:13.650345', 'client 52504082 bid 2 fd_image Timeout')
('2015-04-18 11:30:20.651553', 'client 52504082 bid 2 fd_image Timeout')
('2015-04-18 11:30:39.227237', '\r\n\r\n\r\n\r\n\r\n\r\n\r\n\r\n\r\n\r\n<XML><ERRORCODE>110</ERRORCODE><ERRORSTRING>没有正在举行的拍卖会，请注意拍卖公告！</ERRORSTRING><ERRORSTRING_EN>Auction is not begin!</ERRORSTRING_EN></XML>\r\n')
('2015-04-18 11:30:39.227296', "client 52567964 bid 1 fd_price ack error {'errstring': '没有正在举行的拍卖会，请注意拍卖公告！', 'errcode': '110'}")
('2015-04-18 11:30:48.185413', '\r\n\r\n\r\n\r\n\r\n\r\n\r\n\r\n\r\n\r\n<XML><ERRORCODE>311</ERRORCODE><ERRORSTRING>图像校验码错误！</ERRORSTRING><ERRORSTRING_EN>Image checksum error！</ERRORSTRING_EN></XML>')
('2015-04-18 11:30:48.185471', "client 52504082 bid 1 fd_price ack error {'errstring': '图像校验码错误！', 'errcode': '311'}")
