('2015-04-18 10:07:54.043872', 'client 52526629 login 向超 360102197904278016')
('2015-04-18 10:07:55.537385', 'client 52775549 login 鲁峰 310108197503122802')
('2015-04-18 10:07:57.042674', 'client 52504082 login 聂启宇 310225197809261815')
('2015-04-18 10:07:58.539045', 'client 52567964 login 宗雪 362502198302160828')
('2015-04-18 10:08:00.046350', 'client 52722001 login 王蕾 310109196901260428')
('2015-04-18 10:08:01.535504', 'client 52712974 login 苗?? 310103198312155073')
('2015-04-18 10:08:03.035950', 'client 52559602 login 朱慧超 420106198209301225')
('2015-04-18 10:34:11.315475', 'client 52712974 bid 0 image 4938FCDB39367E55EC5FC86D7867CB44 260826 ')
('2015-04-18 10:34:11.409241', 'client 52526629 bid 0 image F53FF847D97ED38CC4360D0572EF9582 394919 ')
('2015-04-18 10:34:13.337301', 'client 52712974 bid 0 price 75200 苗?? 310103198312155073')
('2015-04-18 10:34:13.444190', 'client 52526629 bid 0 price 75200 向超 360102197904278016')
('2015-04-18 10:34:14.711601', 'client 52722001 bid 0 image 46695CEFFF6E25A5EDED189188838763 825153 ')
('2015-04-18 10:34:16.519416', 'client 52504082 bid 0 image A8FF4A014F1B80C6DA692D82F406D853 525081 ')
('2015-04-18 10:34:29.423767', 'client 52504082 bid 0 price 75200 聂启宇 310225197809261815')
('2015-04-18 10:34:29.617894', 'client 52722001 bid 0 price 75200 王蕾 310109196901260428')
('2015-04-18 10:34:33.348409', 'client 52559602 bid 0 image 6011AB60577FA5575F3AB4C1D2EEB7A8 083806 ')
('2015-04-18 10:34:34.336878', 'client 52775549 bid 0 image 361B87EF21EEE89F8A24C08DA76C21B1 808461 ')
('2015-04-18 10:34:35.089886', 'client 52567964 bid 0 image 83CEC71BAA0D173F3CCB2CAD38DE0734 483848 ')
('2015-04-18 10:34:37.736189', 'client 52567964 bid 0 price 75200 宗雪 362502198302160828')
('2015-04-18 10:34:37.785892', 'client 52775549 bid 0 price 75200 鲁峰 310108197503122802')
('2015-04-18 10:34:38.490950', 'client 52559602 bid 0 price 75200 朱慧超 420106198209301225')
('2015-04-18 11:29:47.080165', 'client 52567964 bid 1 image 9F380C1661F8A2367D575ECED18EE0E9 183816 ')
('2015-04-18 11:29:47.669689', 'client 52526629 bid 1 image 4D4B03F469DC20EA797C79ACE41C4D2B 463616 ')
('2015-04-18 11:29:50.333092', 'client 52526629 bid 1 price 80600 向超 360102197904278016')
('2015-04-18 11:29:53.084706', 'client 52567964 bid 1 price Failed')
('2015-04-18 11:29:53.084866', 'client 52567964 bid 1 failed. Abort.....')
('2015-04-18 11:29:54.013004', 'client 52559602 bid 1 image 43712A51B22DBE8275C97D6C28E1C519 546093 ')
('2015-04-18 11:29:54.989770', 'client 52504082 bid 1 image 87A3473FFAE413BF050018F7BA3CE295 616264 ')
('2015-04-18 11:29:55.486969', 'client 52775549 bid 1 image 65A4EA109F19E41D7D001B77618DACBB 529462 ')
('2015-04-18 11:29:57.645779', 'client 52504082 bid 1 price 80700 聂启宇 310225197809261815')
('2015-04-18 11:29:58.978396', 'client 52775549 bid 1 price 80700 鲁峰 310108197503122802')
('2015-04-18 11:29:59.160621', 'client 52559602 bid 1 price 80700 朱慧超 420106198209301225')
('2015-04-18 11:30:01.471884', 'client 52722001 bid 1 image Failed')
('2015-04-18 11:30:01.472046', 'client 52722001 bid 1 failed. Abort.....')
('2015-04-18 11:30:02.069612', 'client 52712974 bid 1 image Failed')
('2015-04-18 11:30:02.069731', 'client 52712974 bid 1 failed. Abort.....')
('2015-04-18 11:30:04.570664', 'client 52526629 bid 2 image Failed')
('2015-04-18 11:30:04.570797', 'client 52526629 bid 2 failed. Abort.....')
('2015-04-18 11:30:05.722537', 'client 52567964 bid 2 image Failed')
('2015-04-18 11:30:05.722589', 'client 52567964 bid 2 failed. Abort.....')
('2015-04-18 11:30:10.990637', "client 52775549 bids finished. price : ['75200', '80700', None] . Quit.....")
('2015-04-18 11:30:11.171321', "client 52559602 bids finished. price : ['75200', '80700', None] . Quit.....")
('2015-04-18 11:30:11.476418', "client 52722001 bids finished. price : ['75200', None, None] . Quit.....")
('2015-04-18 11:30:12.079887', "client 52712974 bids finished. price : ['75200', None, None] . Quit.....")
('2015-04-18 11:30:14.580963', "client 52526629 bids finished. price : ['75200', '80600', None] . Quit.....")
('2015-04-18 11:30:15.726637', "client 52567964 bids finished. price : ['75200', None, None] . Quit.....")
('2015-04-18 11:30:20.651700', 'client 52504082 bid 2 image Failed')
('2015-04-18 11:30:20.651758', 'client 52504082 bid 2 failed. Abort.....')
('2015-04-18 11:30:30.658458', "client 52504082 bids finished. price : ['75200', '80700', None] . Quit.....")
