('2015-04-18 10:07:53.474174', 'worker [9] started')
('2015-04-18 10:07:53.474246', 'client 7 initted')
('2015-04-18 10:07:54.025269', 'put_channel : 2015-04-18 10:07:54.025148 : channel login, group 1')
('2015-04-18 10:07:54.029310', 'get_channel: 2015-04-18 10:07:54.025148 : 1 ')
('2015-04-18 10:07:54.029379', 'fd_channel : login[0] 0 login[1] 0 , tb0[0] 0 tb0[1] 0 , tb1[0] 0 tb1[1] 0')
('2015-04-18 10:07:54.039606', 'close_channel : 2015-04-18 10:07:54.025148')
('2015-04-18 10:07:55.524083', 'put_channel : 2015-04-18 10:07:55.523978 : channel login, group 1')
('2015-04-18 10:07:55.524613', 'get_channel: 2015-04-18 10:07:55.523978 : 1 ')
('2015-04-18 10:07:55.524674', 'fd_channel : login[0] 0 login[1] 0 , tb0[0] 0 tb0[1] 0 , tb1[0] 0 tb1[1] 0')
('2015-04-18 10:07:55.536042', 'close_channel : 2015-04-18 10:07:55.523978')
('2015-04-18 10:07:57.030012', 'put_channel : 2015-04-18 10:07:57.029870 : channel login, group 1')
('2015-04-18 10:07:57.030718', 'get_channel: 2015-04-18 10:07:57.029870 : 1 ')
('2015-04-18 10:07:57.030781', 'fd_channel : login[0] 0 login[1] 0 , tb0[0] 0 tb0[1] 0 , tb1[0] 0 tb1[1] 0')
('2015-04-18 10:07:57.041291', 'close_channel : 2015-04-18 10:07:57.029870')
('2015-04-18 10:07:58.525028', 'put_channel : 2015-04-18 10:07:58.524929 : channel login, group 1')
('2015-04-18 10:07:58.525527', 'get_channel: 2015-04-18 10:07:58.524929 : 1 ')
('2015-04-18 10:07:58.525580', 'fd_channel : login[0] 0 login[1] 0 , tb0[0] 0 tb0[1] 0 , tb1[0] 0 tb1[1] 0')
('2015-04-18 10:07:58.537747', 'close_channel : 2015-04-18 10:07:58.524929')
('2015-04-18 10:08:00.024857', 'put_channel : 2015-04-18 10:08:00.024753 : channel login, group 1')
('2015-04-18 10:08:00.025245', 'get_channel: 2015-04-18 10:08:00.024753 : 1 ')
('2015-04-18 10:08:00.025301', 'fd_channel : login[0] 0 login[1] 0 , tb0[0] 0 tb0[1] 0 , tb1[0] 0 tb1[1] 0')
('2015-04-18 10:08:00.044621', 'close_channel : 2015-04-18 10:08:00.024753')
('2015-04-18 10:08:01.523286', 'put_channel : 2015-04-18 10:08:01.523197 : channel login, group 1')
('2015-04-18 10:08:01.523752', 'get_channel: 2015-04-18 10:08:01.523197 : 1 ')
('2015-04-18 10:08:01.523810', 'fd_channel : login[0] 0 login[1] 0 , tb0[0] 0 tb0[1] 0 , tb1[0] 0 tb1[1] 0')
('2015-04-18 10:08:01.534286', 'close_channel : 2015-04-18 10:08:01.523197')
('2015-04-18 10:08:03.023881', 'put_channel : 2015-04-18 10:08:03.023795 : channel login, group 1')
('2015-04-18 10:08:03.024356', 'get_channel: 2015-04-18 10:08:03.023795 : 1 ')
('2015-04-18 10:08:03.024410', 'fd_channel : login[0] 0 login[1] 0 , tb0[0] 0 tb0[1] 0 , tb1[0] 0 tb1[1] 0')
('2015-04-18 10:08:03.034766', 'close_channel : 2015-04-18 10:08:03.023795')
('2015-04-18 10:32:31.524515', 'put_channel : 2015-04-18 10:32:31.524413 : channel tb0, group 1')
('2015-04-18 10:32:33.023928', 'put_channel : 2015-04-18 10:32:33.023808 : channel tb0, group 1')
('2015-04-18 10:32:34.523690', 'put_channel : 2015-04-18 10:32:34.523598 : channel tb0, group 1')
('2015-04-18 10:32:36.024328', 'put_channel : 2015-04-18 10:32:36.024245 : channel tb0, group 1')
('2015-04-18 10:32:37.524631', 'put_channel : 2015-04-18 10:32:37.524541 : channel tb0, group 1')
('2015-04-18 10:32:39.025497', 'put_channel : 2015-04-18 10:32:39.025393 : channel tb0, group 1')
('2015-04-18 10:32:40.524990', 'put_channel : 2015-04-18 10:32:40.524903 : channel tb0, group 1')
('2015-04-18 10:32:42.023929', 'put_channel : 2015-04-18 10:32:42.023837 : channel tb0, group 1')
('2015-04-18 10:32:43.523888', 'put_channel : 2015-04-18 10:32:43.523762 : channel tb0, group 1')
('2015-04-18 10:32:45.026196', 'put_channel : 2015-04-18 10:32:45.026101 : channel tb0, group 1')
('2015-04-18 10:32:46.523702', 'put_channel : 2015-04-18 10:32:46.523614 : channel tb0, group 1')
('2015-04-18 10:32:48.023608', 'put_channel : 2015-04-18 10:32:48.023523 : channel tb0, group 1')
('2015-04-18 10:32:49.525696', 'put_channel : 2015-04-18 10:32:49.525604 : channel tb0, group 1')
('2015-04-18 10:32:51.023367', 'put_channel : 2015-04-18 10:32:51.023277 : channel tb0, group 1')
('2015-04-18 10:32:52.529341', 'put_channel : 2015-04-18 10:32:52.529255 : channel tb0, group 1')
('2015-04-18 10:32:54.024903', 'put_channel : 2015-04-18 10:32:54.024785 : channel tb0, group 1')
('2015-04-18 10:32:55.525512', 'put_channel : 2015-04-18 10:32:55.525426 : channel tb0, group 1')
('2015-04-18 10:32:57.025719', 'put_channel : 2015-04-18 10:32:57.025632 : channel tb0, group 1')
('2015-04-18 10:32:58.523750', 'put_channel : 2015-04-18 10:32:58.523654 : channel tb0, group 1')
('2015-04-18 10:33:00.025525', 'put_channel : 2015-04-18 10:33:00.025439 : channel tb0, group 1')
('2015-04-18 10:33:01.523735', 'put_channel : 2015-04-18 10:33:01.523650 : channel tb0, group 1')
('2015-04-18 10:33:03.023873', 'put_channel : 2015-04-18 10:33:03.023787 : channel tb0, group 1')
('2015-04-18 10:33:04.530492', 'put_channel : 2015-04-18 10:33:04.530391 : channel tb0, group 1')
('2015-04-18 10:33:06.023331', 'put_channel : 2015-04-18 10:33:06.023240 : channel tb0, group 1')
('2015-04-18 10:33:07.523087', 'put_channel : 2015-04-18 10:33:07.522980 : channel tb0, group 1')
('2015-04-18 10:33:09.025229', 'put_channel : 2015-04-18 10:33:09.025128 : channel tb0, group 1')
('2015-04-18 10:33:10.525494', 'put_channel : 2015-04-18 10:33:10.525375 : channel tb0, group 1')
('2015-04-18 10:33:12.023121', 'put_channel : 2015-04-18 10:33:12.023031 : channel tb0, group 1')
('2015-04-18 10:33:13.524147', 'put_channel : 2015-04-18 10:33:13.524021 : channel tb0, group 1')
('2015-04-18 10:33:15.025436', 'put_channel : 2015-04-18 10:33:15.025345 : channel tb0, group 1')
('2015-04-18 10:33:23.538194', 'put_channel : 2015-04-18 10:33:23.538096 : channel tb0, group 1')
('2015-04-18 10:33:23.980701', 'put_channel : 2015-04-18 10:33:23.980579 : channel tb0, group 1')
('2015-04-18 10:33:25.523898', 'put_channel : 2015-04-18 10:33:25.523806 : channel tb0, group 1')
('2015-04-18 10:33:26.531233', 'put_channel : 2015-04-18 10:33:26.531130 : channel tb0, group 1')
('2015-04-18 10:33:28.525884', 'put_channel : 2015-04-18 10:33:28.525790 : channel tb0, group 1')
('2015-04-18 10:33:31.479976', 'put_channel : 2015-04-18 10:33:31.479852 : channel tb0, group 1')
('2015-04-18 10:33:31.525309', 'put_channel : 2015-04-18 10:33:31.525231 : channel tb0, group 1')
('2015-04-18 10:33:33.023685', 'put_channel : 2015-04-18 10:33:33.023593 : channel tb0, group 1')
('2015-04-18 10:33:34.523805', 'put_channel : 2015-04-18 10:33:34.523718 : channel tb0, group 1')
('2015-04-18 10:33:36.026593', 'put_channel : 2015-04-18 10:33:36.026502 : channel tb0, group 1')
('2015-04-18 10:33:38.522345', 'put_channel : 2015-04-18 10:33:38.522252 : channel tb0, group 1')
('2015-04-18 10:33:39.024799', 'put_channel : 2015-04-18 10:33:39.024680 : channel tb0, group 1')
('2015-04-18 10:33:41.524809', 'put_channel : 2015-04-18 10:33:41.524717 : channel tb0, group 1')
('2015-04-18 10:33:42.023979', 'put_channel : 2015-04-18 10:33:42.023891 : channel tb0, group 1')
('2015-04-18 10:33:44.522730', 'put_channel : 2015-04-18 10:33:44.522625 : channel tb0, group 1')
('2015-04-18 10:33:47.523023', 'put_channel : 2015-04-18 10:33:47.522929 : channel tb0, group 1')
('2015-04-18 10:33:48.025285', 'put_channel : 2015-04-18 10:33:48.025142 : channel tb0, group 1')
('2015-04-18 10:33:48.026160', 'put_channel : 2015-04-18 10:33:48.026112 : channel tb0, group 1')
('2015-04-18 10:33:49.091031', 'put_channel : 2015-04-18 10:33:49.090934 : channel tb0, group 1')
('2015-04-18 10:33:52.022327', 'put_channel : 2015-04-18 10:33:52.022235 : channel tb0, group 1')
('2015-04-18 10:33:52.066435', 'put_channel : 2015-04-18 10:33:52.066361 : channel tb0, group 1')
('2015-04-18 10:33:55.023000', 'put_channel : 2015-04-18 10:33:55.022905 : channel tb0, group 1')
('2015-04-18 10:33:55.074358', 'put_channel : 2015-04-18 10:33:55.074260 : channel tb0, group 1')
('2015-04-18 10:33:58.022473', 'put_channel : 2015-04-18 10:33:58.022375 : channel tb0, group 1')
('2015-04-18 10:34:02.379443', 'get_channel: 2015-04-18 10:32:31.524413 : 1 ')
('2015-04-18 10:34:02.379515', 'fd_channel : login[0] 0 login[1] 0 , tb0[0] 0 tb0[1] 53 , tb1[0] 0 tb1[1] 0')
('2015-04-18 10:34:02.380933', 'get_channel: 2015-04-18 10:32:33.023808 : 1 ')
('2015-04-18 10:34:02.380979', 'fd_channel : login[0] 0 login[1] 0 , tb0[0] 0 tb0[1] 52 , tb1[0] 0 tb1[1] 0')
('2015-04-18 10:34:02.382535', 'get_channel: 2015-04-18 10:32:34.523598 : 1 ')
('2015-04-18 10:34:02.382580', 'fd_channel : login[0] 0 login[1] 0 , tb0[0] 0 tb0[1] 51 , tb1[0] 0 tb1[1] 0')
('2015-04-18 10:34:02.679625', 'get_channel: 2015-04-18 10:32:36.024245 : 1 ')
('2015-04-18 10:34:02.679712', 'fd_channel : login[0] 0 login[1] 0 , tb0[0] 0 tb0[1] 50 , tb1[0] 0 tb1[1] 0')
('2015-04-18 10:34:02.682322', 'get_channel: 2015-04-18 10:32:37.524541 : 1 ')
('2015-04-18 10:34:02.682393', 'fd_channel : login[0] 0 login[1] 0 , tb0[0] 0 tb0[1] 49 , tb1[0] 0 tb1[1] 0')
('2015-04-18 10:34:02.981458', 'get_channel: 2015-04-18 10:32:39.025393 : 1 ')
('2015-04-18 10:34:02.981535', 'fd_channel : login[0] 0 login[1] 0 , tb0[0] 0 tb0[1] 48 , tb1[0] 0 tb1[1] 0')
('2015-04-18 10:34:03.284989', 'get_channel: 2015-04-18 10:32:40.524903 : 1 ')
('2015-04-18 10:34:03.285092', 'fd_channel : login[0] 0 login[1] 0 , tb0[0] 0 tb0[1] 47 , tb1[0] 0 tb1[1] 0')
('2015-04-18 10:34:05.757173', 'close_channel : 2015-04-18 10:32:37.524541')
('2015-04-18 10:34:05.814184', 'close_channel : 2015-04-18 10:32:36.024245')
('2015-04-18 10:34:06.023777', 'put_channel : 2015-04-18 10:34:06.023678 : channel tb0, group 1')
('2015-04-18 10:34:06.026496', 'put_channel : 2015-04-18 10:34:06.026448 : channel tb0, group 1')
('2015-04-18 10:34:06.059322', 'close_channel : 2015-04-18 10:32:39.025393')
('2015-04-18 10:34:06.422132', 'close_channel : 2015-04-18 10:32:40.524903')
('2015-04-18 10:34:07.034311', 'put_channel : 2015-04-18 10:34:07.034215 : channel tb0, group 1')
('2015-04-18 10:34:07.526103', 'put_channel : 2015-04-18 10:34:07.525997 : channel tb0, group 1')
('2015-04-18 10:34:07.526568', 'put_channel : 2015-04-18 10:34:07.526526 : channel tb0, group 1')
('2015-04-18 10:34:07.554145', 'put_channel : 2015-04-18 10:34:07.554096 : channel tb0, group 1')
('2015-04-18 10:34:11.316697', 'get_channel: 2015-04-18 10:32:42.023837 : 1 ')
('2015-04-18 10:34:11.316749', 'fd_channel : login[0] 0 login[1] 0 , tb0[0] 0 tb0[1] 52 , tb1[0] 0 tb1[1] 0')
('2015-04-18 10:34:11.410933', 'get_channel: 2015-04-18 10:32:43.523762 : 1 ')
('2015-04-18 10:34:11.410995', 'fd_channel : login[0] 0 login[1] 0 , tb0[0] 0 tb0[1] 51 , tb1[0] 0 tb1[1] 0')
('2015-04-18 10:34:12.518095', 'get_channel: None ')
('2015-04-18 10:34:12.518178', 'fd_channel : login[0] 0 login[1] 0 , tb0[0] 0 tb0[1] 51 , tb1[0] 0 tb1[1] 0')
('2015-04-18 10:34:12.612176', 'get_channel: None ')
('2015-04-18 10:34:12.612262', 'fd_channel : login[0] 0 login[1] 0 , tb0[0] 0 tb0[1] 51 , tb1[0] 0 tb1[1] 0')
('2015-04-18 10:34:13.022585', 'put_channel : 2015-04-18 10:34:13.022507 : channel tb0, group 1')
('2015-04-18 10:34:13.318869', 'get_channel: 2015-04-18 10:32:45.026101 : 1 ')
('2015-04-18 10:34:13.318941', 'fd_channel : login[0] 0 login[1] 0 , tb0[0] 0 tb0[1] 51 , tb1[0] 0 tb1[1] 0')
('2015-04-18 10:34:13.335546', 'close_channel : 2015-04-18 10:32:45.026101')
('2015-04-18 10:34:13.412845', 'get_channel: 2015-04-18 10:32:46.523614 : 1 ')
('2015-04-18 10:34:13.412929', 'fd_channel : login[0] 0 login[1] 0 , tb0[0] 0 tb0[1] 50 , tb1[0] 0 tb1[1] 0')
('2015-04-18 10:34:13.442409', 'close_channel : 2015-04-18 10:32:46.523614')
('2015-04-18 10:34:14.520249', 'get_channel: None ')
('2015-04-18 10:34:14.520346', 'fd_channel : login[0] 0 login[1] 0 , tb0[0] 0 tb0[1] 50 , tb1[0] 0 tb1[1] 0')
('2015-04-18 10:34:14.614140', 'get_channel: None ')
('2015-04-18 10:34:14.614235', 'fd_channel : login[0] 0 login[1] 0 , tb0[0] 0 tb0[1] 50 , tb1[0] 0 tb1[1] 0')
('2015-04-18 10:34:14.713002', 'get_channel: 2015-04-18 10:32:48.023523 : 1 ')
('2015-04-18 10:34:14.713056', 'fd_channel : login[0] 0 login[1] 0 , tb0[0] 0 tb0[1] 49 , tb1[0] 0 tb1[1] 0')
('2015-04-18 10:34:15.914075', 'get_channel: None ')
('2015-04-18 10:34:15.914161', 'fd_channel : login[0] 0 login[1] 0 , tb0[0] 0 tb0[1] 49 , tb1[0] 0 tb1[1] 0')
('2015-04-18 10:34:16.520772', 'get_channel: 2015-04-18 10:32:49.525604 : 1 ')
('2015-04-18 10:34:16.520828', 'fd_channel : login[0] 0 login[1] 0 , tb0[0] 0 tb0[1] 48 , tb1[0] 0 tb1[1] 0')
('2015-04-18 10:34:16.715472', 'get_channel: 2015-04-18 10:32:51.023277 : 1 ')
('2015-04-18 10:34:16.715556', 'fd_channel : login[0] 0 login[1] 0 , tb0[0] 0 tb0[1] 47 , tb1[0] 0 tb1[1] 0')
('2015-04-18 10:34:17.721767', 'get_channel: None ')
('2015-04-18 10:34:17.721865', 'fd_channel : login[0] 0 login[1] 0 , tb0[0] 0 tb0[1] 47 , tb1[0] 0 tb1[1] 0')
('2015-04-18 10:34:17.916547', 'get_channel: None ')
('2015-04-18 10:34:17.916674', 'fd_channel : login[0] 0 login[1] 0 , tb0[0] 0 tb0[1] 47 , tb1[0] 0 tb1[1] 0')
('2015-04-18 10:34:18.522907', 'get_channel: 2015-04-18 10:32:52.529255 : 1 ')
('2015-04-18 10:34:18.523037', 'fd_channel : login[0] 0 login[1] 0 , tb0[0] 0 tb0[1] 46 , tb1[0] 0 tb1[1] 0')
('2015-04-18 10:34:19.724335', 'get_channel: None ')
('2015-04-18 10:34:19.724430', 'fd_channel : login[0] 0 login[1] 0 , tb0[0] 0 tb0[1] 46 , tb1[0] 0 tb1[1] 0')
('2015-04-18 10:34:28.022543', 'put_channel : 2015-04-18 10:34:28.022446 : channel tb0, group 1')
('2015-04-18 10:34:28.034122', 'put_channel : 2015-04-18 10:34:28.034072 : channel tb0, group 1')
('2015-04-18 10:34:28.345796', 'close_channel : 2015-04-18 10:32:34.523598')
('2015-04-18 10:34:28.346612', 'close_channel : 2015-04-18 10:32:33.023808')
('2015-04-18 10:34:28.523958', 'put_channel : 2015-04-18 10:34:28.523837 : channel tb0, group 1')
('2015-04-18 10:34:28.527552', 'put_channel : 2015-04-18 10:34:28.527507 : channel tb0, group 1')
('2015-04-18 10:34:28.546961', 'put_channel : 2015-04-18 10:34:28.546811 : channel tb0, group 1')
('2015-04-18 10:34:28.859246', 'close_channel : 2015-04-18 10:32:31.524413')
('2015-04-18 10:34:29.403874', 'put_channel : 2015-04-18 10:34:29.403775 : channel tb0, group 1')
('2015-04-18 10:34:29.422292', 'close_channel : 2015-04-18 10:32:49.525604')
('2015-04-18 10:34:29.540682', 'put_channel : 2015-04-18 10:34:29.540585 : channel tb0, group 1')
('2015-04-18 10:34:29.570729', 'put_channel : 2015-04-18 10:34:29.570614 : channel tb0, group 1')
('2015-04-18 10:34:29.616236', 'close_channel : 2015-04-18 10:32:51.023277')
('2015-04-18 10:34:30.023802', 'put_channel : 2015-04-18 10:34:30.023707 : channel tb0, group 1')
('2015-04-18 10:34:30.052027', 'put_channel : 2015-04-18 10:34:30.051945 : channel tb0, group 1')
('2015-04-18 10:34:30.146572', 'put_channel : 2015-04-18 10:34:30.146481 : channel tb0, group 1')
('2015-04-18 10:34:33.349776', 'get_channel: 2015-04-18 10:32:54.024785 : 1 ')
('2015-04-18 10:34:33.349830', 'fd_channel : login[0] 0 login[1] 0 , tb0[0] 0 tb0[1] 56 , tb1[0] 0 tb1[1] 0')
('2015-04-18 10:34:34.338579', 'get_channel: 2015-04-18 10:32:55.525426 : 1 ')
('2015-04-18 10:34:34.338635', 'fd_channel : login[0] 0 login[1] 0 , tb0[0] 0 tb0[1] 55 , tb1[0] 0 tb1[1] 0')
('2015-04-18 10:34:34.551083', 'get_channel: None ')
('2015-04-18 10:34:34.551168', 'fd_channel : login[0] 0 login[1] 0 , tb0[0] 0 tb0[1] 55 , tb1[0] 0 tb1[1] 0')
('2015-04-18 10:34:35.091249', 'get_channel: 2015-04-18 10:32:57.025632 : 1 ')
('2015-04-18 10:34:35.091299', 'fd_channel : login[0] 0 login[1] 0 , tb0[0] 0 tb0[1] 54 , tb1[0] 0 tb1[1] 0')
('2015-04-18 10:34:35.351857', 'get_channel: 2015-04-18 10:32:58.523654 : 1 ')
('2015-04-18 10:34:35.351944', 'fd_channel : login[0] 0 login[1] 0 , tb0[0] 0 tb0[1] 53 , tb1[0] 0 tb1[1] 0')
('2015-04-18 10:34:35.539748', 'get_channel: None ')
('2015-04-18 10:34:35.539830', 'fd_channel : login[0] 0 login[1] 0 , tb0[0] 0 tb0[1] 53 , tb1[0] 0 tb1[1] 0')
('2015-04-18 10:34:36.291897', 'get_channel: None ')
('2015-04-18 10:34:36.291975', 'fd_channel : login[0] 0 login[1] 0 , tb0[0] 0 tb0[1] 53 , tb1[0] 0 tb1[1] 0')
('2015-04-18 10:34:36.340610', 'get_channel: 2015-04-18 10:33:00.025439 : 1 ')
('2015-04-18 10:34:36.340684', 'fd_channel : login[0] 0 login[1] 0 , tb0[0] 0 tb0[1] 52 , tb1[0] 0 tb1[1] 0')
('2015-04-18 10:34:36.553086', 'get_channel: None ')
('2015-04-18 10:34:36.553205', 'fd_channel : login[0] 0 login[1] 0 , tb0[0] 0 tb0[1] 52 , tb1[0] 0 tb1[1] 0')
('2015-04-18 10:34:37.093975', 'get_channel: 2015-04-18 10:33:01.523650 : 1 ')
('2015-04-18 10:34:37.094045', 'fd_channel : login[0] 0 login[1] 0 , tb0[0] 0 tb0[1] 51 , tb1[0] 0 tb1[1] 0')
('2015-04-18 10:34:37.542006', 'get_channel: None ')
('2015-04-18 10:34:37.542106', 'fd_channel : login[0] 0 login[1] 0 , tb0[0] 0 tb0[1] 51 , tb1[0] 0 tb1[1] 0')
('2015-04-18 10:34:37.734047', 'close_channel : 2015-04-18 10:33:01.523650')
('2015-04-18 10:34:37.783615', 'close_channel : 2015-04-18 10:33:00.025439')
('2015-04-18 10:34:37.817941', 'close_channel : 2015-04-18 10:32:42.023837')
('2015-04-18 10:34:37.879532', 'close_channel : 2015-04-18 10:32:43.523762')
('2015-04-18 10:34:38.295272', 'get_channel: None ')
('2015-04-18 10:34:38.295357', 'fd_channel : login[0] 0 login[1] 0 , tb0[0] 0 tb0[1] 51 , tb1[0] 0 tb1[1] 0')
('2015-04-18 10:34:38.489448', 'close_channel : 2015-04-18 10:32:58.523654')
('2015-04-18 10:34:38.524158', 'put_channel : 2015-04-18 10:34:38.524074 : channel tb0, group 1')
('2015-04-18 10:34:38.529823', 'put_channel : 2015-04-18 10:34:38.529763 : channel tb0, group 1')
('2015-04-18 10:34:39.026873', 'put_channel : 2015-04-18 10:34:39.026771 : channel tb0, group 1')
('2015-04-18 10:34:39.042420', 'put_channel : 2015-04-18 10:34:39.042363 : channel tb0, group 1')
('2015-04-18 10:34:40.034303', 'put_channel : 2015-04-18 10:34:40.034192 : channel tb0, group 1')
('2015-04-18 10:34:40.066148', 'put_channel : 2015-04-18 10:34:40.066089 : channel tb0, group 1')
('2015-04-18 10:34:41.207597', 'close_channel : 2015-04-18 10:32:48.023523')
('2015-04-18 10:34:41.541390', 'put_channel : 2015-04-18 10:34:41.541246 : channel tb0, group 1')
('2015-04-18 10:34:58.626318', 'put_channel : 2015-04-18 10:34:58.626210 : channel tb0, group 1')
('2015-04-18 10:35:04.642686', 'put_channel : 2015-04-18 10:35:04.642529 : channel tb0, group 1')
('2015-04-18 10:35:11.735650', 'close_channel : 2015-04-18 10:32:52.529255')
('2015-04-18 10:35:13.666769', 'put_channel : 2015-04-18 10:35:13.666652 : channel tb0, group 1')
('2015-04-18 10:35:21.156226', 'put_channel : 2015-04-18 10:35:21.156108 : channel tb0, group 1')
('2015-04-18 10:35:22.628030', 'put_channel : 2015-04-18 10:35:22.627909 : channel tb0, group 1')
('2015-04-18 11:27:42.023330', 'put_channel : 2015-04-18 11:27:42.023254 : channel tb1, group 1')
('2015-04-18 11:27:43.523537', 'put_channel : 2015-04-18 11:27:43.523420 : channel tb1, group 1')
('2015-04-18 11:27:46.524509', 'put_channel : 2015-04-18 11:27:46.524427 : channel tb1, group 1')
('2015-04-18 11:27:49.523778', 'put_channel : 2015-04-18 11:27:49.523686 : channel tb1, group 1')
('2015-04-18 11:27:51.024969', 'put_channel : 2015-04-18 11:27:51.024852 : channel tb1, group 1')
('2015-04-18 11:27:52.036211', 'put_channel : 2015-04-18 11:27:52.036122 : channel tb1, group 1')
('2015-04-18 11:27:52.525604', 'put_channel : 2015-04-18 11:27:52.525485 : channel tb1, group 1')
('2015-04-18 11:27:54.024895', 'put_channel : 2015-04-18 11:27:54.024814 : channel tb1, group 1')
('2015-04-18 11:27:55.035720', 'put_channel : 2015-04-18 11:27:55.035630 : channel tb1, group 1')
('2015-04-18 11:27:57.027194', 'put_channel : 2015-04-18 11:27:57.027086 : channel tb1, group 1')
('2015-04-18 11:27:58.526019', 'put_channel : 2015-04-18 11:27:58.525921 : channel tb1, group 1')
('2015-04-18 11:28:01.526655', 'put_channel : 2015-04-18 11:28:01.526537 : channel tb1, group 1')
('2015-04-18 11:28:03.027287', 'put_channel : 2015-04-18 11:28:03.027195 : channel tb1, group 1')
('2015-04-18 11:28:04.526368', 'put_channel : 2015-04-18 11:28:04.526271 : channel tb1, group 1')
('2015-04-18 11:28:06.026281', 'put_channel : 2015-04-18 11:28:06.026202 : channel tb1, group 1')
('2015-04-18 11:28:07.525874', 'put_channel : 2015-04-18 11:28:07.525784 : channel tb1, group 1')
('2015-04-18 11:28:09.025954', 'put_channel : 2015-04-18 11:28:09.025868 : channel tb1, group 1')
('2015-04-18 11:28:10.526596', 'put_channel : 2015-04-18 11:28:10.526481 : channel tb1, group 1')
('2015-04-18 11:28:12.026954', 'put_channel : 2015-04-18 11:28:12.026877 : channel tb1, group 1')
('2015-04-18 11:28:27.042566', 'put_channel : 2015-04-18 11:28:27.042465 : channel tb1, group 1')
('2015-04-18 11:28:29.538144', 'put_channel : 2015-04-18 11:28:29.538027 : channel tb1, group 1')
('2015-04-18 11:28:30.050606', 'put_channel : 2015-04-18 11:28:30.050495 : channel tb1, group 1')
('2015-04-18 11:28:32.531016', 'put_channel : 2015-04-18 11:28:32.530913 : channel tb1, group 1')
('2015-04-18 11:28:33.058794', 'put_channel : 2015-04-18 11:28:33.058697 : channel tb1, group 1')
('2015-04-18 11:28:36.050755', 'put_channel : 2015-04-18 11:28:36.050619 : channel tb1, group 1')
('2015-04-18 11:28:38.532688', 'put_channel : 2015-04-18 11:28:38.532593 : channel tb1, group 1')
('2015-04-18 11:28:39.043264', 'put_channel : 2015-04-18 11:28:39.043172 : channel tb1, group 1')
('2015-04-18 11:28:41.522984', 'put_channel : 2015-04-18 11:28:41.522859 : channel tb1, group 1')
('2015-04-18 11:28:42.050514', 'put_channel : 2015-04-18 11:28:42.050395 : channel tb1, group 1')
('2015-04-18 11:28:44.524297', 'put_channel : 2015-04-18 11:28:44.524194 : channel tb1, group 1')
('2015-04-18 11:28:44.530477', 'put_channel : 2015-04-18 11:28:44.530400 : channel tb1, group 1')
('2015-04-18 11:28:47.590221', 'put_channel : 2015-04-18 11:28:47.590097 : channel tb1, group 1')
('2015-04-18 11:28:48.050087', 'put_channel : 2015-04-18 11:28:48.049970 : channel tb1, group 1')
('2015-04-18 11:28:50.563966', 'put_channel : 2015-04-18 11:28:50.563847 : channel tb1, group 1')
('2015-04-18 11:28:52.022278', 'put_channel : 2015-04-18 11:28:52.022178 : channel tb1, group 1')
('2015-04-18 11:28:55.022804', 'put_channel : 2015-04-18 11:28:55.022680 : channel tb1, group 1')
('2015-04-18 11:28:55.523643', 'put_channel : 2015-04-18 11:28:55.523558 : channel tb1, group 1')
('2015-04-18 11:28:59.522421', 'put_channel : 2015-04-18 11:28:59.522323 : channel tb1, group 1')
('2015-04-18 11:29:02.522355', 'put_channel : 2015-04-18 11:29:02.522244 : channel tb1, group 1')
('2015-04-18 11:29:04.022191', 'put_channel : 2015-04-18 11:29:04.022094 : channel tb1, group 1')
('2015-04-18 11:29:05.522976', 'put_channel : 2015-04-18 11:29:05.522833 : channel tb1, group 1')
('2015-04-18 11:29:05.603881', 'put_channel : 2015-04-18 11:29:05.603785 : channel tb1, group 1')
('2015-04-18 11:29:07.024187', 'put_channel : 2015-04-18 11:29:07.024066 : channel tb1, group 1')
('2015-04-18 11:29:08.524721', 'put_channel : 2015-04-18 11:29:08.524620 : channel tb1, group 1')
('2015-04-18 11:29:10.022368', 'put_channel : 2015-04-18 11:29:10.022273 : channel tb1, group 1')
('2015-04-18 11:29:10.082387', 'put_channel : 2015-04-18 11:29:10.082307 : channel tb1, group 1')
('2015-04-18 11:29:13.668294', 'put_channel : 2015-04-18 11:29:13.668184 : channel tb1, group 1')
('2015-04-18 11:29:15.023876', 'put_channel : 2015-04-18 11:29:15.023792 : channel tb1, group 1')
('2015-04-18 11:29:15.043550', 'put_channel : 2015-04-18 11:29:15.043491 : channel tb1, group 1')
('2015-04-18 11:29:18.023725', 'put_channel : 2015-04-18 11:29:18.023642 : channel tb1, group 1')
('2015-04-18 11:29:22.524659', 'put_channel : 2015-04-18 11:29:22.524522 : channel tb1, group 1')
('2015-04-18 11:29:23.586467', 'put_channel : 2015-04-18 11:29:23.586368 : channel tb1, group 1')
('2015-04-18 11:29:37.527240', 'put_channel : 2015-04-18 11:29:37.527141 : channel tb1, group 1')
('2015-04-18 11:29:40.551187', 'put_channel : 2015-04-18 11:29:40.551083 : channel tb1, group 1')
('2015-04-18 11:29:42.026567', 'put_channel : 2015-04-18 11:29:42.026478 : channel tb1, group 1')
('2015-04-18 11:29:45.992402', 'close_channel : 2015-04-18 11:27:42.023254')
('2015-04-18 11:29:45.994270', 'close_channel : 2015-04-18 11:27:43.523420')
('2015-04-18 11:29:45.995546', 'close_channel : 2015-04-18 11:27:46.524427')
('2015-04-18 11:29:45.996494', 'close_channel : 2015-04-18 11:27:49.523686')
('2015-04-18 11:29:45.997634', 'close_channel : 2015-04-18 11:27:51.024852')
('2015-04-18 11:29:45.998703', 'close_channel : 2015-04-18 11:27:52.036122')
('2015-04-18 11:29:46.292269', 'close_channel : 2015-04-18 11:27:52.525485')
('2015-04-18 11:29:46.293555', 'close_channel : 2015-04-18 11:27:54.024814')
('2015-04-18 11:29:46.296059', 'close_channel : 2015-04-18 11:27:55.035630')
('2015-04-18 11:29:46.296969', 'get_channel: 2015-04-18 11:27:57.027086 : 1 ')
('2015-04-18 11:29:46.297020', 'fd_channel : login[0] 0 login[1] 0 , tb0[0] 0 tb0[1] 63 , tb1[0] 0 tb1[1] 45')
('2015-04-18 11:29:46.298614', 'get_channel: 2015-04-18 11:27:58.525921 : 1 ')
('2015-04-18 11:29:46.298683', 'fd_channel : login[0] 0 login[1] 0 , tb0[0] 0 tb0[1] 63 , tb1[0] 0 tb1[1] 44')
('2015-04-18 11:29:46.547497', 'put_channel : 2015-04-18 11:29:46.547397 : channel tb1, group 1')
('2015-04-18 11:29:46.593462', 'get_channel: 2015-04-18 11:28:01.526537 : 1 ')
('2015-04-18 11:29:46.593533', 'fd_channel : login[0] 0 login[1] 0 , tb0[0] 0 tb0[1] 63 , tb1[0] 0 tb1[1] 44')
('2015-04-18 11:29:46.596874', 'get_channel: 2015-04-18 11:28:03.027195 : 1 ')
('2015-04-18 11:29:46.596927', 'fd_channel : login[0] 0 login[1] 0 , tb0[0] 0 tb0[1] 63 , tb1[0] 0 tb1[1] 43')
('2015-04-18 11:29:46.599965', 'get_channel: 2015-04-18 11:28:04.526271 : 1 ')
('2015-04-18 11:29:46.600042', 'fd_channel : login[0] 0 login[1] 0 , tb0[0] 0 tb0[1] 63 , tb1[0] 0 tb1[1] 42')
('2015-04-18 11:29:46.818189', 'close_channel : 2015-04-18 11:28:03.027195')
('2015-04-18 11:29:46.898907', 'get_channel: 2015-04-18 11:28:06.026202 : 1 ')
('2015-04-18 11:29:46.898990', 'fd_channel : login[0] 0 login[1] 0 , tb0[0] 0 tb0[1] 63 , tb1[0] 0 tb1[1] 41')
('2015-04-18 11:29:47.081640', 'get_channel: 2015-04-18 11:28:07.525784 : 1 ')
('2015-04-18 11:29:47.081704', 'fd_channel : login[0] 0 login[1] 0 , tb0[0] 0 tb0[1] 63 , tb1[0] 0 tb1[1] 40')
('2015-04-18 11:29:47.495701', 'get_channel: 2015-04-18 11:28:09.025868 : 1 ')
('2015-04-18 11:29:47.495773', 'fd_channel : login[0] 0 login[1] 0 , tb0[0] 0 tb0[1] 63 , tb1[0] 0 tb1[1] 39')
('2015-04-18 11:29:47.553477', 'close_channel : 2015-04-18 11:28:09.025868')
('2015-04-18 11:29:47.671131', 'get_channel: 2015-04-18 11:28:10.526481 : 1 ')
('2015-04-18 11:29:47.671199', 'fd_channel : login[0] 0 login[1] 0 , tb0[0] 0 tb0[1] 63 , tb1[0] 0 tb1[1] 38')
('2015-04-18 11:29:48.282493', 'get_channel: None ')
('2015-04-18 11:29:48.282582', 'fd_channel : login[0] 0 login[1] 0 , tb0[0] 0 tb0[1] 63 , tb1[0] 0 tb1[1] 38')
('2015-04-18 11:29:48.872482', 'get_channel: None ')
('2015-04-18 11:29:48.872562', 'fd_channel : login[0] 0 login[1] 0 , tb0[0] 0 tb0[1] 63 , tb1[0] 0 tb1[1] 38')
('2015-04-18 11:29:49.083816', 'get_channel: 2015-04-18 11:28:12.026877 : 1 ')
('2015-04-18 11:29:49.083887', 'fd_channel : login[0] 0 login[1] 0 , tb0[0] 0 tb0[1] 63 , tb1[0] 0 tb1[1] 37')
('2015-04-18 11:29:49.673455', 'get_channel: 2015-04-18 11:28:27.042465 : 1 ')
('2015-04-18 11:29:49.673538', 'fd_channel : login[0] 0 login[1] 0 , tb0[0] 0 tb0[1] 63 , tb1[0] 0 tb1[1] 36')
('2015-04-18 11:29:50.285013', 'get_channel: None ')
('2015-04-18 11:29:50.285093', 'fd_channel : login[0] 0 login[1] 0 , tb0[0] 0 tb0[1] 63 , tb1[0] 0 tb1[1] 36')
('2015-04-18 11:29:50.330944', 'close_channel : 2015-04-18 11:28:27.042465')
('2015-04-18 11:29:50.530472', 'put_channel : 2015-04-18 11:29:50.530392 : channel tb1, group 1')
('2015-04-18 11:29:50.874783', 'get_channel: None ')
('2015-04-18 11:29:50.874887', 'fd_channel : login[0] 0 login[1] 0 , tb0[0] 0 tb0[1] 63 , tb1[0] 0 tb1[1] 37')
('2015-04-18 11:29:52.998458', 'get_channel: 2015-04-18 11:28:29.538027 : 1 ')
('2015-04-18 11:29:52.998524', 'fd_channel : login[0] 0 login[1] 0 , tb0[0] 0 tb0[1] 63 , tb1[0] 0 tb1[1] 36')
('2015-04-18 11:29:53.001243', 'get_channel: 2015-04-18 11:28:30.050495 : 1 ')
('2015-04-18 11:29:53.001294', 'fd_channel : login[0] 0 login[1] 0 , tb0[0] 0 tb0[1] 63 , tb1[0] 0 tb1[1] 35')
('2015-04-18 11:29:53.296287', 'get_channel: 2015-04-18 11:28:32.530913 : 1 ')
('2015-04-18 11:29:53.296358', 'fd_channel : login[0] 0 login[1] 0 , tb0[0] 0 tb0[1] 63 , tb1[0] 0 tb1[1] 34')
('2015-04-18 11:29:53.302652', 'get_channel: 2015-04-18 11:28:33.058697 : 1 ')
('2015-04-18 11:29:53.302726', 'fd_channel : login[0] 0 login[1] 0 , tb0[0] 0 tb0[1] 63 , tb1[0] 0 tb1[1] 33')
('2015-04-18 11:29:53.902277', 'get_channel: 2015-04-18 11:28:36.050619 : 1 ')
('2015-04-18 11:29:53.902366', 'fd_channel : login[0] 0 login[1] 0 , tb0[0] 0 tb0[1] 63 , tb1[0] 0 tb1[1] 32')
('2015-04-18 11:29:53.935696', 'close_channel : 2015-04-18 11:28:32.530913')
('2015-04-18 11:29:54.014362', 'get_channel: 2015-04-18 11:28:38.532593 : 1 ')
('2015-04-18 11:29:54.014414', 'fd_channel : login[0] 0 login[1] 0 , tb0[0] 0 tb0[1] 63 , tb1[0] 0 tb1[1] 31')
('2015-04-18 11:29:54.044920', 'get_channel: 2015-04-18 11:28:39.043172 : 1 ')
('2015-04-18 11:29:54.044993', 'fd_channel : login[0] 0 login[1] 0 , tb0[0] 0 tb0[1] 63 , tb1[0] 0 tb1[1] 30')
('2015-04-18 11:29:54.645224', 'get_channel: 2015-04-18 11:28:41.522859 : 1 ')
('2015-04-18 11:29:54.645296', 'fd_channel : login[0] 0 login[1] 0 , tb0[0] 0 tb0[1] 63 , tb1[0] 0 tb1[1] 29')
('2015-04-18 11:29:54.833792', 'close_channel : 2015-04-18 11:28:33.058697')
('2015-04-18 11:29:54.991071', 'get_channel: 2015-04-18 11:28:42.050395 : 1 ')
('2015-04-18 11:29:54.991127', 'fd_channel : login[0] 0 login[1] 0 , tb0[0] 0 tb0[1] 63 , tb1[0] 0 tb1[1] 28')
('2015-04-18 11:29:55.215382', 'get_channel: None ')
('2015-04-18 11:29:55.215458', 'fd_channel : login[0] 0 login[1] 0 , tb0[0] 0 tb0[1] 63 , tb1[0] 0 tb1[1] 28')
('2015-04-18 11:29:55.377321', 'close_channel : 2015-04-18 11:28:36.050619')
('2015-04-18 11:29:55.488255', 'get_channel: 2015-04-18 11:28:44.524194 : 1 ')
('2015-04-18 11:29:55.488305', 'fd_channel : login[0] 0 login[1] 0 , tb0[0] 0 tb0[1] 63 , tb1[0] 0 tb1[1] 27')
('2015-04-18 11:29:56.016423', 'get_channel: 2015-04-18 11:28:44.530400 : 1 ')
('2015-04-18 11:29:56.016502', 'fd_channel : login[0] 0 login[1] 0 , tb0[0] 0 tb0[1] 63 , tb1[0] 0 tb1[1] 26')
('2015-04-18 11:29:56.192257', 'get_channel: None ')
('2015-04-18 11:29:56.192337', 'fd_channel : login[0] 0 login[1] 0 , tb0[0] 0 tb0[1] 63 , tb1[0] 0 tb1[1] 26')
('2015-04-18 11:29:56.689445', 'get_channel: None ')
('2015-04-18 11:29:56.689534', 'fd_channel : login[0] 0 login[1] 0 , tb0[0] 0 tb0[1] 63 , tb1[0] 0 tb1[1] 26')
('2015-04-18 11:29:56.992850', 'get_channel: 2015-04-18 11:28:47.590097 : 1 ')
('2015-04-18 11:29:56.992919', 'fd_channel : login[0] 0 login[1] 0 , tb0[0] 0 tb0[1] 63 , tb1[0] 0 tb1[1] 25')
('2015-04-18 11:29:57.217967', 'get_channel: None ')
('2015-04-18 11:29:57.218054', 'fd_channel : login[0] 0 login[1] 0 , tb0[0] 0 tb0[1] 63 , tb1[0] 0 tb1[1] 25')
('2015-04-18 11:29:57.490243', 'get_channel: 2015-04-18 11:28:48.049970 : 1 ')
('2015-04-18 11:29:57.490320', 'fd_channel : login[0] 0 login[1] 0 , tb0[0] 0 tb0[1] 63 , tb1[0] 0 tb1[1] 24')
('2015-04-18 11:29:57.643990', 'close_channel : 2015-04-18 11:28:47.590097')
('2015-04-18 11:29:58.194159', 'get_channel: None ')
('2015-04-18 11:29:58.194242', 'fd_channel : login[0] 0 login[1] 0 , tb0[0] 0 tb0[1] 63 , tb1[0] 0 tb1[1] 24')
('2015-04-18 11:29:58.691839', 'get_channel: None ')
('2015-04-18 11:29:58.691942', 'fd_channel : login[0] 0 login[1] 0 , tb0[0] 0 tb0[1] 63 , tb1[0] 0 tb1[1] 24')
('2015-04-18 11:29:58.976585', 'close_channel : 2015-04-18 11:28:48.049970')
('2015-04-18 11:29:59.158966', 'close_channel : 2015-04-18 11:28:44.530400')
('2015-04-18 11:29:59.949339', 'get_channel: 2015-04-18 11:28:50.563847 : 1 ')
('2015-04-18 11:29:59.949425', 'fd_channel : login[0] 0 login[1] 0 , tb0[0] 0 tb0[1] 63 , tb1[0] 0 tb1[1] 23')
('2015-04-18 11:30:00.003998', 'get_channel: 2015-04-18 11:28:52.022178 : 1 ')
('2015-04-18 11:30:00.004070', 'fd_channel : login[0] 0 login[1] 0 , tb0[0] 0 tb0[1] 63 , tb1[0] 0 tb1[1] 22')
('2015-04-18 11:30:00.601921', 'get_channel: 2015-04-18 11:28:55.022680 : 1 ')
('2015-04-18 11:30:00.601990', 'fd_channel : login[0] 0 login[1] 0 , tb0[0] 0 tb0[1] 63 , tb1[0] 0 tb1[1] 21')
('2015-04-18 11:30:00.807717', 'close_channel : 2015-04-18 11:28:10.526481')
('2015-04-18 11:30:00.853296', 'worker [9] stopping')
('2015-04-18 11:30:01.046985', 'get_channel: 2015-04-18 11:28:55.523558 : 1 ')
('2015-04-18 11:30:01.047043', 'fd_channel : login[0] 0 login[1] 0 , tb0[0] 0 tb0[1] 63 , tb1[0] 0 tb1[1] 20')
('2015-04-18 11:30:01.057737', 'close_channel : 2015-04-18 11:28:55.523558')
('2015-04-18 11:30:01.470037', 'close_channel : 2015-04-18 11:28:52.022178')
('2015-04-18 11:30:01.647699', 'get_channel: 2015-04-18 11:28:59.522323 : 1 ')
('2015-04-18 11:30:01.647785', 'fd_channel : login[0] 0 login[1] 0 , tb0[0] 0 tb0[1] 63 , tb1[0] 0 tb1[1] 19')
('2015-04-18 11:30:02.067528', 'close_channel : 2015-04-18 11:28:55.022680')
('2015-04-18 11:30:04.098825', 'put_channel : 2015-04-18 11:30:04.098743 : channel tb1, group 1')
('2015-04-18 11:30:04.351536', 'get_channel: 2015-04-18 11:29:02.522244 : 1 ')
('2015-04-18 11:30:04.351623', 'fd_channel : login[0] 0 login[1] 0 , tb0[0] 0 tb0[1] 63 , tb1[0] 0 tb1[1] 19')
('2015-04-18 11:30:04.568540', 'close_channel : 2015-04-18 11:29:02.522244')
('2015-04-18 11:30:04.782257', 'close_channel : 2015-04-18 11:28:59.522323')
('2015-04-18 11:30:05.085450', 'get_channel: 2015-04-18 11:29:04.022094 : 1 ')
('2015-04-18 11:30:05.085546', 'fd_channel : login[0] 0 login[1] 0 , tb0[0] 0 tb0[1] 63 , tb1[0] 0 tb1[1] 18')
('2015-04-18 11:30:05.720713', 'close_channel : 2015-04-18 11:29:04.022094')
('2015-04-18 11:30:05.881358', 'close_channel : 2015-04-18 11:28:29.538027')
('2015-04-18 11:30:06.950769', 'get_channel: 2015-04-18 11:29:05.522833 : 1 ')
('2015-04-18 11:30:06.950856', 'fd_channel : login[0] 0 login[1] 0 , tb0[0] 0 tb0[1] 63 , tb1[0] 0 tb1[1] 17')
('2015-04-18 11:30:12.050878', 'put_channel : 2015-04-18 11:30:12.050775 : channel tb1, group 1')
('2015-04-18 11:30:12.280173', 'close_channel : 2015-04-18 11:27:58.525921')
('2015-04-18 11:30:13.079858', 'close_channel : 2015-04-18 11:28:01.526537')
('2015-04-18 11:30:13.080444', 'close_channel : 2015-04-18 11:28:04.526271')
('2015-04-18 11:30:13.952161', 'get_channel: 2015-04-18 11:29:05.603785 : 1 ')
('2015-04-18 11:30:13.952235', 'fd_channel : login[0] 0 login[1] 0 , tb0[0] 0 tb0[1] 63 , tb1[0] 0 tb1[1] 17')
('2015-04-18 11:30:15.042519', 'put_channel : 2015-04-18 11:30:15.042410 : channel tb1, group 1')
('2015-04-18 11:30:15.171698', 'put_channel : 2015-04-18 11:30:15.171602 : channel tb1, group 1')
('2015-04-18 11:30:19.481383', 'close_channel : 2015-04-18 11:28:30.050495')
('2015-04-18 11:30:19.650402', 'put_channel : 2015-04-18 11:30:19.650303 : channel tb1, group 1')
('2015-04-18 11:30:21.111408', 'close_channel : 2015-04-18 11:28:41.522859')
('2015-04-18 11:30:24.131215', 'put_channel : 2015-04-18 11:30:24.131109 : channel tb1, group 1')
('2015-04-18 11:30:25.091372', 'put_channel : 2015-04-18 11:30:25.091224 : channel tb1, group 1')
('2015-04-18 11:30:31.682610', 'put_channel : 2015-04-18 11:30:31.682508 : channel tb1, group 1')
('2015-04-18 11:30:33.431932', 'close_channel : 2015-04-18 11:29:05.522833')
('2015-04-18 11:30:39.225792', 'close_channel : 2015-04-18 11:28:07.525784')
('2015-04-18 11:30:47.226011', 'close_channel : 2015-04-18 11:28:39.043172')
('2015-04-18 11:30:48.184008', 'close_channel : 2015-04-18 11:28:42.050395')
('2015-04-18 11:30:52.674754', 'put_channel : 2015-04-18 11:30:52.674651 : channel tb1, group 1')
('2015-04-18 11:30:54.146893', 'put_channel : 2015-04-18 11:30:54.146755 : channel tb1, group 1')
