('2015-04-18 10:34:07.164878', 'client 52767414 bid 0 fd_price get channel Failed')
('2015-04-18 10:34:07.295979', 'client 52501448 bid 0 fd_price get channel Failed')
('2015-04-18 10:34:07.393291', 'client 52274941 bid 0 fd_price get channel Failed')
('2015-04-18 10:34:08.927363', 'client 52761254 bid 0 fd_price get channel Failed')
('2015-04-18 10:34:09.485692', 'client 52853672 bid 0 fd_price get channel Failed')
('2015-04-18 10:34:10.929700', 'client 52761254 bid 0 fd_price get channel Failed')
('2015-04-18 10:34:11.487760', 'client 52853672 bid 0 fd_price get channel Failed')
('2015-04-18 10:34:13.613276', 'client 52786596 bid 0 fd_price get channel Failed')
('2015-04-18 10:34:15.140658', '\r\n\r\n\r\n\r\n\r\n\r\n\r\n\r\n\r\n\r\n<XML><ERRORCODE>311</ERRORCODE><ERRORSTRING>图像校验码错误！</ERRORSTRING><ERRORSTRING_EN>Image checksum error！</ERRORSTRING_EN></XML>')
('2015-04-18 10:34:15.140776', "client 52853672 bid 0 fd_price ack error {'errstring': '图像校验码错误！', 'errcode': '311'}")
('2015-04-18 10:34:15.615216', 'client 52786596 bid 0 fd_price get channel Failed')
('2015-04-18 10:34:16.420973', 'client 52709946 bid 0 fd_price get channel Failed')
('2015-04-18 10:34:48.107400', 'client 52853672 bid 0 fd_price get channel Failed')
('2015-04-18 10:34:50.110056', 'client 52853672 bid 0 fd_price get channel Failed')
('2015-04-18 10:35:05.955650', '\r\n\r\n\r\n\r\n\r\n\r\n\r\n\r\n\r\n\r\n<XML><ERRORCODE>311</ERRORCODE><ERRORSTRING>图像校验码错误！</ERRORSTRING><ERRORSTRING_EN>Image checksum error！</ERRORSTRING_EN></XML>')
('2015-04-18 10:35:05.955710', "client 52761254 bid 0 fd_price ack error {'errstring': '图像校验码错误！', 'errcode': '311'}")
('2015-04-18 10:35:06.533359', '\r\n\r\n\r\n\r\n\r\n\r\n\r\n\r\n\r\n\r\n<XML><ERRORCODE>311</ERRORCODE><ERRORSTRING>图像校验码错误！</ERRORSTRING><ERRORSTRING_EN>Image checksum error！</ERRORSTRING_EN></XML>')
('2015-04-18 10:35:06.533437', "client 52853672 bid 0 fd_price ack error {'errstring': '图像校验码错误！', 'errcode': '311'}")
('2015-04-18 11:29:44.048247', 'client 52501448 bid 1 fd_image Timeout')
('2015-04-18 11:29:44.052526', 'client 52761254 bid 1 fd_image Timeout')
('2015-04-18 11:29:44.054049', 'client 52853672 bid 1 fd_image Timeout')
('2015-04-18 11:29:44.054396', 'client 52709946 bid 1 fd_image Timeout')
('2015-04-18 11:29:51.054990', 'client 52761254 bid 1 fd_image Timeout')
('2015-04-18 11:29:51.631348', 'client 52274941 bid 1 fd_price get channel Failed')
('2015-04-18 11:29:51.631960', 'client 52709946 bid 1 fd_price get channel Failed')
('2015-04-18 11:29:51.633291', 'client 52786596 bid 1 fd_price get channel Failed')
('2015-04-18 11:29:51.633614', 'client 52853672 bid 1 fd_price get channel Failed')
('2015-04-18 11:29:51.633954', 'client 52767414 bid 1 fd_price get channel Failed')
('2015-04-18 11:29:51.636033', 'client 52501448 bid 1 fd_price get channel Failed')
('2015-04-18 11:29:53.638346', 'client 52274941 bid 1 fd_price get channel Failed')
('2015-04-18 11:29:53.639634', 'client 52709946 bid 1 fd_price get channel Failed')
('2015-04-18 11:29:53.641259', 'client 52767414 bid 1 fd_price get channel Failed')
('2015-04-18 11:29:53.642729', 'client 52786596 bid 1 fd_price get channel Failed')
('2015-04-18 11:29:54.060419', 'client 52761254 bid 1 fd_price get channel Failed')
('2015-04-18 11:29:56.062806', 'client 52761254 bid 1 fd_price get channel Failed')
('2015-04-18 11:30:03.439337', 'client 52274941 bid 2 fd_image Timeout')
('2015-04-18 11:30:03.442131', 'client 52709946 bid 2 fd_image Timeout')
('2015-04-18 11:30:03.444379', 'client 52786596 bid 2 fd_image Timeout')
('2015-04-18 11:30:03.684256', '\r\n\r\n\r\n\r\n\r\n\r\n\r\n\r\n\r\n\r\n\r\n<XML><ERRORCODE>110</ERRORCODE><ERRORSTRING>没有正在举行的拍卖会，请注意拍卖公告！</ERRORSTRING><ERRORSTRING_EN>Auction is not begin!</ERRORSTRING_EN></XML>')
('2015-04-18 11:30:03.684332', "client 52274941 bid 2 fd_image ack error {'head': 'Connection: close\\nDate: Sat, 18 Apr 2015 03:30:03 GMT\\nServer: Microsoft-IIS/6.0\\nSet-Cookie: JSESSIONID=FA356922E34985CB2F03A38D674FF824; Path=/car\\nContent-Type: text/html;charset=GBK\\nContent-Length: 178\\n\\n', 'status': 200, 'body': '\\r\\n\\r\\n\\r\\n\\r\\n\\r\\n\\r\\n\\r\\n\\r\\n\\r\\n\\r\\n\\r\\n<XML><ERRORCODE>110</ERRORCODE><ERRORSTRING>没有正在举行的拍卖会，请注意拍卖公告！</ERRORSTRING><ERRORSTRING_EN>Auction is not begin!</ERRORSTRING_EN></XML>'}")
('2015-04-18 11:30:04.727506', 'client 52761254 bid 2 fd_image Timeout')
('2015-04-18 11:30:04.752592', '\r\n\r\n\r\n\r\n\r\n\r\n\r\n\r\n\r\n\r\n\r\n<XML><ERRORCODE>110</ERRORCODE><ERRORSTRING>没有正在举行的拍卖会，请注意拍卖公告！</ERRORSTRING><ERRORSTRING_EN>Auction is not begin!</ERRORSTRING_EN></XML>')
('2015-04-18 11:30:04.752655', "client 52761254 bid 2 fd_image ack error {'head': 'Connection: close\\nDate: Sat, 18 Apr 2015 03:30:04 GMT\\nServer: Microsoft-IIS/6.0\\nSet-Cookie: JSESSIONID=DD7D13643790BA673A41AB47FD9D39D5; Path=/car\\nContent-Type: text/html;charset=GBK\\nContent-Length: 178\\n\\n', 'status': 200, 'body': '\\r\\n\\r\\n\\r\\n\\r\\n\\r\\n\\r\\n\\r\\n\\r\\n\\r\\n\\r\\n\\r\\n<XML><ERRORCODE>110</ERRORCODE><ERRORSTRING>没有正在举行的拍卖会，请注意拍卖公告！</ERRORSTRING><ERRORSTRING_EN>Auction is not begin!</ERRORSTRING_EN></XML>'}")
('2015-04-18 11:30:05.841856', '\r\n\r\n\r\n\r\n\r\n\r\n\r\n\r\n\r\n\r\n<XML><ERRORCODE>110</ERRORCODE><ERRORSTRING>没有正在举行的拍卖会，请注意拍卖公告！</ERRORSTRING><ERRORSTRING_EN>Auction is not begin!</ERRORSTRING_EN></XML>\r\n')
('2015-04-18 11:30:05.841913', "client 52274941 bid 1 fd_price ack error {'errstring': '没有正在举行的拍卖会，请注意拍卖公告！', 'errcode': '110'}")
('2015-04-18 11:30:07.100254', '\r\n\r\n\r\n\r\n\r\n\r\n\r\n\r\n\r\n\r\n\r\n<XML><ERRORCODE>110</ERRORCODE><ERRORSTRING>没有正在举行的拍卖会，请注意拍卖公告！</ERRORSTRING><ERRORSTRING_EN>Auction is not begin!</ERRORSTRING_EN></XML>')
('2015-04-18 11:30:07.100324', "client 52274941 bid 2 fd_image ack error {'head': 'Connection: close\\nDate: Sat, 18 Apr 2015 03:30:06 GMT\\nServer: Microsoft-IIS/6.0\\nSet-Cookie: JSESSIONID=0F2B3930BE28BDD8C06C8CBA2CE87563; Path=/car\\nContent-Type: text/html;charset=GBK\\nContent-Length: 178\\n\\n', 'status': 200, 'body': '\\r\\n\\r\\n\\r\\n\\r\\n\\r\\n\\r\\n\\r\\n\\r\\n\\r\\n\\r\\n\\r\\n<XML><ERRORCODE>110</ERRORCODE><ERRORSTRING>没有正在举行的拍卖会，请注意拍卖公告！</ERRORSTRING><ERRORSTRING_EN>Auction is not begin!</ERRORSTRING_EN></XML>'}")
('2015-04-18 11:30:10.443511', 'client 52709946 bid 2 fd_image Timeout')
('2015-04-18 11:30:10.445581', 'client 52786596 bid 2 fd_image Timeout')
('2015-04-18 11:30:14.734144', 'client 52761254 bid 2 fd_image Timeout')
('2015-04-18 11:30:17.445309', 'client 52709946 bid 2 fd_image Timeout')
('2015-04-18 11:30:17.447183', 'client 52786596 bid 2 fd_image Timeout')
('2015-04-18 11:30:17.958492', '\r\n\r\n\r\n\r\n\r\n\r\n\r\n\r\n\r\n\r\n<XML><ERRORCODE>110</ERRORCODE><ERRORSTRING>没有正在举行的拍卖会，请注意拍卖公告！</ERRORSTRING><ERRORSTRING_EN>Auction is not begin!</ERRORSTRING_EN></XML>\r\n')
('2015-04-18 11:30:17.958549', "client 52709946 bid 1 fd_price ack error {'errstring': '没有正在举行的拍卖会，请注意拍卖公告！', 'errcode': '110'}")
('2015-04-18 11:30:20.382127', '\r\n\r\n\r\n\r\n\r\n\r\n\r\n\r\n\r\n\r\n<XML><ERRORCODE>311</ERRORCODE><ERRORSTRING>图像校验码错误！</ERRORSTRING><ERRORSTRING_EN>Image checksum error！</ERRORSTRING_EN></XML>')
('2015-04-18 11:30:20.382183', "client 52761254 bid 1 fd_price ack error {'errstring': '图像校验码错误！', 'errcode': '311'}")
