('2015-04-18 10:34:12.741593', 'client 52470921 bid 0 fd_price get channel Failed')
('2015-04-18 10:34:13.512294', 'client 52547074 bid 0 fd_price get channel Failed')
('2015-04-18 10:34:14.742914', 'client 52470921 bid 0 fd_price get channel Failed')
('2015-04-18 10:34:14.754686', 'client 52523150 bid 0 fd_price get channel Failed')
('2015-04-18 10:34:15.514347', 'client 52547074 bid 0 fd_price get channel Failed')
('2015-04-18 10:34:16.757191', 'client 52523150 bid 0 fd_price get channel Failed')
('2015-04-18 10:34:17.732153', 'client 52485129 bid 0 fd_price get channel Failed')
('2015-04-18 10:34:18.565290', 'client 52496980 bid 0 fd_price get channel Failed')
('2015-04-18 10:34:19.551608', 'client 52706082 bid 0 fd_price get channel Failed')
('2015-04-18 10:34:19.733883', 'client 52485129 bid 0 fd_price get channel Failed')
('2015-04-18 10:34:20.567282', 'client 52496980 bid 0 fd_price get channel Failed')
('2015-04-18 10:34:21.114434', 'client 52711370 bid 0 fd_price get channel Failed')
('2015-04-18 10:34:21.553538', 'client 52706082 bid 0 fd_price get channel Failed')
('2015-04-18 10:35:08.536186', '\r\n\r\n\r\n\r\n\r\n\r\n\r\n\r\n\r\n\r\n<XML><ERRORCODE>311</ERRORCODE><ERRORSTRING>图像校验码错误！</ERRORSTRING><ERRORSTRING_EN>Image checksum error！</ERRORSTRING_EN></XML>')
('2015-04-18 10:35:08.536237', "client 52547074 bid 0 fd_price ack error {'errcode': '311', 'errstring': '图像校验码错误！'}")
('2015-04-18 10:35:12.761116', '\r\n\r\n\r\n\r\n\r\n\r\n\r\n\r\n\r\n\r\n<XML><ERRORCODE>311</ERRORCODE><ERRORSTRING>图像校验码错误！</ERRORSTRING><ERRORSTRING_EN>Image checksum error！</ERRORSTRING_EN></XML>')
('2015-04-18 10:35:12.761166', "client 52485129 bid 0 fd_price ack error {'errcode': '311', 'errstring': '图像校验码错误！'}")
('2015-04-18 10:35:17.868414', '\r\n\r\n\r\n\r\n\r\n\r\n\r\n\r\n\r\n\r\n<XML><ERRORCODE>112</ERRORCODE><ERRORSTRING>首次出价时段不能进行修改出价！</ERRORSTRING><ERRORSTRING_EN>Can not modify the bid amount in bid time!</ERRORSTRING_EN></XML>\r\n')
('2015-04-18 10:35:17.868465', "client 52470921 bid 0 fd_price ack error {'errcode': '112', 'errstring': '首次出价时段不能进行修改出价！'}")
('2015-04-18 10:35:19.028419', 'client 52470921 bid 0 fd_price get channel Failed')
('2015-04-18 11:29:43.511982', 'client 52523150 bid 1 fd_image Timeout')
('2015-04-18 11:29:50.513964', 'client 52523150 bid 1 fd_image Timeout')
('2015-04-18 11:29:55.749105', 'client 52711370 bid 1 fd_price get channel Failed')
('2015-04-18 11:29:55.749480', 'client 52496980 bid 1 fd_price get channel Failed')
('2015-04-18 11:29:55.749941', 'client 52470921 bid 1 fd_price get channel Failed')
('2015-04-18 11:29:55.750236', 'client 52706082 bid 1 fd_price get channel Failed')
('2015-04-18 11:29:55.750633', 'client 52547074 bid 1 fd_price get channel Failed')
('2015-04-18 11:29:55.750916', 'client 52485129 bid 1 fd_price get channel Failed')
('2015-04-18 11:29:57.515439', 'client 52523150 bid 1 fd_image Timeout')
('2015-04-18 11:29:57.754032', 'client 52496980 bid 1 fd_price get channel Failed')
('2015-04-18 11:29:57.755335', 'client 52470921 bid 1 fd_price get channel Failed')
('2015-04-18 11:29:57.757475', 'client 52711370 bid 1 fd_price get channel Failed')
('2015-04-18 11:29:57.758207', 'client 52485129 bid 1 fd_price get channel Failed')
('2015-04-18 11:29:57.758606', 'client 52547074 bid 1 fd_price get channel Failed')
('2015-04-18 11:29:59.160772', 'client 52706082 bid 2 fd_price get channel Failed')
('2015-04-18 11:30:00.807489', '\r\n\r\n\r\n\r\n\r\n\r\n\r\n\r\n\r\n\r\n\r\n<XML><ERRORCODE>110</ERRORCODE><ERRORSTRING>没有正在举行的拍卖会，请注意拍卖公告！</ERRORSTRING><ERRORSTRING_EN>Auction is not begin!</ERRORSTRING_EN></XML>')
('2015-04-18 11:30:00.807600', "client 52485129 bid 2 fd_image ack error {'status': 200, 'body': '\\r\\n\\r\\n\\r\\n\\r\\n\\r\\n\\r\\n\\r\\n\\r\\n\\r\\n\\r\\n\\r\\n<XML><ERRORCODE>110</ERRORCODE><ERRORSTRING>没有正在举行的拍卖会，请注意拍卖公告！</ERRORSTRING><ERRORSTRING_EN>Auction is not begin!</ERRORSTRING_EN></XML>', 'head': 'Connection: close\\nDate: Sat, 18 Apr 2015 03:30:00 GMT\\nServer: Microsoft-IIS/6.0\\nSet-Cookie: JSESSIONID=7596BDD14E297F91AB291C38480B2339; Path=/car\\nContent-Type: text/html;charset=GBK\\nContent-Length: 178\\n\\n'}")
('2015-04-18 11:30:00.808801', '\r\n\r\n\r\n\r\n\r\n\r\n\r\n\r\n\r\n\r\n\r\n<XML><ERRORCODE>110</ERRORCODE><ERRORSTRING>没有正在举行的拍卖会，请注意拍卖公告！</ERRORSTRING><ERRORSTRING_EN>Auction is not begin!</ERRORSTRING_EN></XML>')
('2015-04-18 11:30:00.808854', "client 52711370 bid 2 fd_image ack error {'status': 200, 'body': '\\r\\n\\r\\n\\r\\n\\r\\n\\r\\n\\r\\n\\r\\n\\r\\n\\r\\n\\r\\n\\r\\n<XML><ERRORCODE>110</ERRORCODE><ERRORSTRING>没有正在举行的拍卖会，请注意拍卖公告！</ERRORSTRING><ERRORSTRING_EN>Auction is not begin!</ERRORSTRING_EN></XML>', 'head': 'Connection: close\\nDate: Sat, 18 Apr 2015 03:29:59 GMT\\nServer: Microsoft-IIS/6.0\\nSet-Cookie: JSESSIONID=ECB62AE41E8D9E787ED583F451CE9527; Path=/car\\nContent-Type: text/html;charset=GBK\\nContent-Length: 178\\n\\n'}")
('2015-04-18 11:30:01.162797', 'client 52706082 bid 2 fd_price get channel Failed')
('2015-04-18 11:30:02.151551', '\r\n\r\n\r\n\r\n\r\n\r\n\r\n\r\n\r\n\r\n\r\n<XML><ERRORCODE>110</ERRORCODE><ERRORSTRING>没有正在举行的拍卖会，请注意拍卖公告！</ERRORSTRING><ERRORSTRING_EN>Auction is not begin!</ERRORSTRING_EN></XML>')
('2015-04-18 11:30:02.151633', "client 52496980 bid 2 fd_image ack error {'status': 200, 'body': '\\r\\n\\r\\n\\r\\n\\r\\n\\r\\n\\r\\n\\r\\n\\r\\n\\r\\n\\r\\n\\r\\n<XML><ERRORCODE>110</ERRORCODE><ERRORSTRING>没有正在举行的拍卖会，请注意拍卖公告！</ERRORSTRING><ERRORSTRING_EN>Auction is not begin!</ERRORSTRING_EN></XML>', 'head': 'Connection: close\\nDate: Sat, 18 Apr 2015 03:30:01 GMT\\nServer: Microsoft-IIS/6.0\\nSet-Cookie: JSESSIONID=DFAD1C230BF3CC1A6F21233D4DC92158; Path=/car\\nContent-Type: text/html;charset=GBK\\nContent-Length: 178\\n\\n'}")
('2015-04-18 11:30:04.517015', 'client 52523150 bid 2 fd_image Timeout')
('2015-04-18 11:30:04.767401', '\r\n\r\n\r\n\r\n\r\n\r\n\r\n\r\n\r\n\r\n\r\n<XML><ERRORCODE>101</ERRORCODE><ERRORSTRING>您的操作太过频繁，请稍后再试！</ERRORSTRING><ERRORSTRING_EN>Please try again slightly!</ERRORSTRING_EN></XML>')
('2015-04-18 11:30:04.767460', "client 52523150 bid 2 fd_image ack error {'status': 200, 'body': '\\r\\n\\r\\n\\r\\n\\r\\n\\r\\n\\r\\n\\r\\n\\r\\n\\r\\n\\r\\n\\r\\n<XML><ERRORCODE>101</ERRORCODE><ERRORSTRING>您的操作太过频繁，请稍后再试！</ERRORSTRING><ERRORSTRING_EN>Please try again slightly!</ERRORSTRING_EN></XML>', 'head': 'Connection: close\\nDate: Sat, 18 Apr 2015 03:30:03 GMT\\nServer: Microsoft-IIS/6.0\\nSet-Cookie: JSESSIONID=AE1B3BE441333FC4A4378595F550FF4B; Path=/car\\nContent-Type: text/html;charset=GBK\\nContent-Length: 175\\n\\n'}")
('2015-04-18 11:30:05.124951', '\r\n\r\n\r\n\r\n\r\n\r\n\r\n\r\n\r\n\r\n\r\n<XML><ERRORCODE>110</ERRORCODE><ERRORSTRING>没有正在举行的拍卖会，请注意拍卖公告！</ERRORSTRING><ERRORSTRING_EN>Auction is not begin!</ERRORSTRING_EN></XML>')
('2015-04-18 11:30:05.125009', "client 52711370 bid 2 fd_image ack error {'status': 200, 'body': '\\r\\n\\r\\n\\r\\n\\r\\n\\r\\n\\r\\n\\r\\n\\r\\n\\r\\n\\r\\n\\r\\n<XML><ERRORCODE>110</ERRORCODE><ERRORSTRING>没有正在举行的拍卖会，请注意拍卖公告！</ERRORSTRING><ERRORSTRING_EN>Auction is not begin!</ERRORSTRING_EN></XML>', 'head': 'Connection: close\\nDate: Sat, 18 Apr 2015 03:30:04 GMT\\nServer: Microsoft-IIS/6.0\\nSet-Cookie: JSESSIONID=98E3DC3B529D0AB9D8DE621436DE5124; Path=/car\\nContent-Type: text/html;charset=GBK\\nContent-Length: 178\\n\\n'}")
('2015-04-18 11:30:06.950614', '\r\n\r\n\r\n\r\n\r\n\r\n\r\n\r\n\r\n\r\n\r\n<XML><ERRORCODE>110</ERRORCODE><ERRORSTRING>没有正在举行的拍卖会，请注意拍卖公告！</ERRORSTRING><ERRORSTRING_EN>Auction is not begin!</ERRORSTRING_EN></XML>')
('2015-04-18 11:30:06.950674', "client 52496980 bid 2 fd_image ack error {'status': 200, 'body': '\\r\\n\\r\\n\\r\\n\\r\\n\\r\\n\\r\\n\\r\\n\\r\\n\\r\\n\\r\\n\\r\\n<XML><ERRORCODE>110</ERRORCODE><ERRORSTRING>没有正在举行的拍卖会，请注意拍卖公告！</ERRORSTRING><ERRORSTRING_EN>Auction is not begin!</ERRORSTRING_EN></XML>', 'head': 'Connection: close\\nDate: Sat, 18 Apr 2015 03:30:06 GMT\\nServer: Microsoft-IIS/6.0\\nSet-Cookie: JSESSIONID=3A32AE9682C9B262FFD08791858BE63F; Path=/car\\nContent-Type: text/html;charset=GBK\\nContent-Length: 178\\n\\n'}")
('2015-04-18 11:30:07.551865', '\r\n\r\n\r\n\r\n\r\n\r\n\r\n\r\n\r\n\r\n\r\n<XML><ERRORCODE>110</ERRORCODE><ERRORSTRING>没有正在举行的拍卖会，请注意拍卖公告！</ERRORSTRING><ERRORSTRING_EN>Auction is not begin!</ERRORSTRING_EN></XML>')
('2015-04-18 11:30:07.551921', "client 52547074 bid 2 fd_image ack error {'status': 200, 'body': '\\r\\n\\r\\n\\r\\n\\r\\n\\r\\n\\r\\n\\r\\n\\r\\n\\r\\n\\r\\n\\r\\n<XML><ERRORCODE>110</ERRORCODE><ERRORSTRING>没有正在举行的拍卖会，请注意拍卖公告！</ERRORSTRING><ERRORSTRING_EN>Auction is not begin!</ERRORSTRING_EN></XML>', 'head': 'Connection: close\\nDate: Sat, 18 Apr 2015 03:30:07 GMT\\nServer: Microsoft-IIS/6.0\\nSet-Cookie: JSESSIONID=B9B558BA75F5B8014628A2A2857740FE; Path=/car\\nContent-Type: text/html;charset=GBK\\nContent-Length: 178\\n\\n'}")
('2015-04-18 11:30:07.556866', 'client 52470921 bid 2 fd_image Timeout')
('2015-04-18 11:30:07.795373', '\r\n\r\n\r\n\r\n\r\n\r\n\r\n\r\n\r\n\r\n\r\n<XML><ERRORCODE>101</ERRORCODE><ERRORSTRING>您的操作太过频繁，请稍后再试！</ERRORSTRING><ERRORSTRING_EN>Please try again slightly!</ERRORSTRING_EN></XML>')
('2015-04-18 11:30:07.795434', "client 52547074 bid 2 fd_image ack error {'status': 200, 'body': '\\r\\n\\r\\n\\r\\n\\r\\n\\r\\n\\r\\n\\r\\n\\r\\n\\r\\n\\r\\n\\r\\n<XML><ERRORCODE>101</ERRORCODE><ERRORSTRING>您的操作太过频繁，请稍后再试！</ERRORSTRING><ERRORSTRING_EN>Please try again slightly!</ERRORSTRING_EN></XML>', 'head': 'Connection: close\\nDate: Sat, 18 Apr 2015 03:30:07 GMT\\nServer: Microsoft-IIS/6.0\\nSet-Cookie: JSESSIONID=737C477F3D873C83FDDFD086ECFF4AA8; Path=/car\\nContent-Type: text/html;charset=GBK\\nContent-Length: 175\\n\\n'}")
('2015-04-18 11:30:10.566052', 'client 52485129 bid 2 fd_image Timeout')
('2015-04-18 11:30:10.885166', '\r\n\r\n\r\n\r\n\r\n\r\n\r\n\r\n\r\n\r\n\r\n<XML><ERRORCODE>110</ERRORCODE><ERRORSTRING>没有正在举行的拍卖会，请注意拍卖公告！</ERRORSTRING><ERRORSTRING_EN>Auction is not begin!</ERRORSTRING_EN></XML>')
('2015-04-18 11:30:10.885227', "client 52470921 bid 2 fd_image ack error {'status': 200, 'body': '\\r\\n\\r\\n\\r\\n\\r\\n\\r\\n\\r\\n\\r\\n\\r\\n\\r\\n\\r\\n\\r\\n<XML><ERRORCODE>110</ERRORCODE><ERRORSTRING>没有正在举行的拍卖会，请注意拍卖公告！</ERRORSTRING><ERRORSTRING_EN>Auction is not begin!</ERRORSTRING_EN></XML>', 'head': 'Connection: close\\nDate: Sat, 18 Apr 2015 03:30:09 GMT\\nServer: Microsoft-IIS/6.0\\nSet-Cookie: JSESSIONID=4653A54722AF21A59C784E96652754A3; Path=/car\\nContent-Type: text/html;charset=GBK\\nContent-Length: 178\\n\\n'}")
('2015-04-18 11:30:13.565265', 'client 52711370 bid 2 fd_image Timeout')
('2015-04-18 11:30:13.885204', '\r\n\r\n\r\n\r\n\r\n\r\n\r\n\r\n\r\n\r\n\r\n<XML><ERRORCODE>110</ERRORCODE><ERRORSTRING>没有正在举行的拍卖会，请注意拍卖公告！</ERRORSTRING><ERRORSTRING_EN>Auction is not begin!</ERRORSTRING_EN></XML>')
('2015-04-18 11:30:13.885263', "client 52547074 bid 2 fd_image ack error {'status': 200, 'body': '\\r\\n\\r\\n\\r\\n\\r\\n\\r\\n\\r\\n\\r\\n\\r\\n\\r\\n\\r\\n\\r\\n<XML><ERRORCODE>110</ERRORCODE><ERRORSTRING>没有正在举行的拍卖会，请注意拍卖公告！</ERRORSTRING><ERRORSTRING_EN>Auction is not begin!</ERRORSTRING_EN></XML>', 'head': 'Connection: close\\nDate: Sat, 18 Apr 2015 03:30:13 GMT\\nServer: Microsoft-IIS/6.0\\nSet-Cookie: JSESSIONID=C46B1B0A972B017B2689C39029C09E3B; Path=/car\\nContent-Type: text/html;charset=GBK\\nContent-Length: 178\\n\\n'}")
('2015-04-18 11:30:13.952580', 'client 52496980 bid 2 fd_image Timeout')
('2015-04-18 11:30:14.520720', 'client 52523150 bid 2 fd_image Timeout')
('2015-04-18 11:30:17.418520', '\r\n\r\n\r\n\r\n\r\n\r\n\r\n\r\n\r\n\r\n\r\n<XML><ERRORCODE>110</ERRORCODE><ERRORSTRING>没有正在举行的拍卖会，请注意拍卖公告！</ERRORSTRING><ERRORSTRING_EN>Auction is not begin!</ERRORSTRING_EN></XML>')
('2015-04-18 11:30:17.418579', "client 52485129 bid 2 fd_image ack error {'status': 200, 'body': '\\r\\n\\r\\n\\r\\n\\r\\n\\r\\n\\r\\n\\r\\n\\r\\n\\r\\n\\r\\n\\r\\n<XML><ERRORCODE>110</ERRORCODE><ERRORSTRING>没有正在举行的拍卖会，请注意拍卖公告！</ERRORSTRING><ERRORSTRING_EN>Auction is not begin!</ERRORSTRING_EN></XML>', 'head': 'Connection: close\\nDate: Sat, 18 Apr 2015 03:30:16 GMT\\nServer: Microsoft-IIS/6.0\\nSet-Cookie: JSESSIONID=FB3295A81DEAD90691DC359F1670293C; Path=/car\\nContent-Type: text/html;charset=GBK\\nContent-Length: 178\\n\\n'}")
('2015-04-18 11:30:17.886658', 'client 52470921 bid 2 fd_image Timeout')
('2015-04-18 11:30:23.103544', '\r\n\r\n\r\n\r\n\r\n\r\n\r\n\r\n\r\n\r\n<XML><ERRORCODE>110</ERRORCODE><ERRORSTRING>没有正在举行的拍卖会，请注意拍卖公告！</ERRORSTRING><ERRORSTRING_EN>Auction is not begin!</ERRORSTRING_EN></XML>\r\n')
('2015-04-18 11:30:23.103596', "client 52470921 bid 1 fd_price ack error {'errcode': '110', 'errstring': '没有正在举行的拍卖会，请注意拍卖公告！'}")
('2015-04-18 11:30:23.105135', '\r\n\r\n\r\n\r\n\r\n\r\n\r\n\r\n\r\n\r\n<XML><ERRORCODE>110</ERRORCODE><ERRORSTRING>没有正在举行的拍卖会，请注意拍卖公告！</ERRORSTRING><ERRORSTRING_EN>Auction is not begin!</ERRORSTRING_EN></XML>\r\n')
('2015-04-18 11:30:23.105181', "client 52485129 bid 1 fd_price ack error {'errcode': '110', 'errstring': '没有正在举行的拍卖会，请注意拍卖公告！'}")
('2015-04-18 11:30:50.810905', '\r\n\r\n\r\n\r\n\r\n\r\n\r\n\r\n\r\n\r\n<XML><ERRORCODE>110</ERRORCODE><ERRORSTRING>没有正在举行的拍卖会，请注意拍卖公告！</ERRORSTRING><ERRORSTRING_EN>Auction is not begin!</ERRORSTRING_EN></XML>\r\n')
('2015-04-18 11:30:50.810954', "client 52547074 bid 1 fd_price ack error {'errcode': '110', 'errstring': '没有正在举行的拍卖会，请注意拍卖公告！'}")
('2015-04-18 11:30:57.218513', '\r\n\r\n\r\n\r\n\r\n\r\n\r\n\r\n\r\n\r\n<XML><ERRORCODE>110</ERRORCODE><ERRORSTRING>没有正在举行的拍卖会，请注意拍卖公告！</ERRORSTRING><ERRORSTRING_EN>Auction is not begin!</ERRORSTRING_EN></XML>\r\n')
('2015-04-18 11:30:57.218561', "client 52706082 bid 2 fd_price ack error {'errcode': '110', 'errstring': '没有正在举行的拍卖会，请注意拍卖公告！'}")
