('2015-04-18 10:34:33.049938', 'client 52537527 bid 0 fd_image Timeout')
('2015-04-18 10:34:33.053452', 'client 52598000 bid 0 fd_image Timeout')
('2015-04-18 10:34:33.055853', 'client 52460263 bid 0 fd_image Timeout')
('2015-04-18 10:34:33.058174', 'client 52277672 bid 0 fd_image Timeout')
('2015-04-18 10:34:33.060663', 'client 52584703 bid 0 fd_image Timeout')
('2015-04-18 10:34:33.062415', 'client 52843663 bid 0 fd_image Timeout')
('2015-04-18 10:34:33.064960', 'client 52776790 bid 0 fd_image Timeout')
('2015-04-18 10:34:39.965441', 'client 52584703 bid 0 fd_price get channel Failed')
('2015-04-18 10:34:42.070852', 'client 52598000 bid 0 fd_price get channel Failed')
('2015-04-18 10:34:42.463014', 'client 52537527 bid 0 fd_price get channel Failed')
('2015-04-18 10:34:42.711601', 'client 52277672 bid 0 fd_price get channel Failed')
('2015-04-18 10:34:42.804995', 'client 52460263 bid 0 fd_price get channel Failed')
('2015-04-18 10:34:44.074830', 'client 52598000 bid 0 fd_price get channel Failed')
('2015-04-18 10:34:44.466938', 'client 52537527 bid 0 fd_price get channel Failed')
('2015-04-18 10:34:44.715531', 'client 52277672 bid 0 fd_price get channel Failed')
('2015-04-18 10:34:44.809414', 'client 52460263 bid 0 fd_price get channel Failed')
('2015-04-18 10:34:44.889498', 'client 52843663 bid 0 fd_price get channel Failed')
('2015-04-18 10:34:45.890315', 'client 52776790 bid 0 fd_price get channel Failed')
('2015-04-18 10:34:46.893743', 'client 52843663 bid 0 fd_price get channel Failed')
('2015-04-18 10:34:47.894649', 'client 52776790 bid 0 fd_price get channel Failed')
('2015-04-18 10:34:55.175155', '\r\n\r\n\r\n\r\n\r\n\r\n\r\n\r\n\r\n\r\n<XML><ERRORCODE>311</ERRORCODE><ERRORSTRING>图像校验码错误！</ERRORSTRING><ERRORSTRING_EN>Image checksum error！</ERRORSTRING_EN></XML>')
('2015-04-18 10:34:55.175249', "client 52537527 bid 0 fd_price ack error {'errstring': '图像校验码错误！', 'errcode': '311'}")
('2015-04-18 10:34:55.433437', '\r\n\r\n\r\n\r\n\r\n\r\n\r\n\r\n\r\n\r\n<XML><ERRORCODE>311</ERRORCODE><ERRORSTRING>图像校验码错误！</ERRORSTRING><ERRORSTRING_EN>Image checksum error！</ERRORSTRING_EN></XML>')
('2015-04-18 10:34:55.433536', "client 52277672 bid 0 fd_price ack error {'errstring': '图像校验码错误！', 'errcode': '311'}")
('2015-04-18 11:29:37.663269', 'client 52277672 bid 1 fd_price get channel Failed')
('2015-04-18 11:29:37.855648', 'client 52537527 bid 1 fd_price get channel Failed')
('2015-04-18 11:29:37.861228', 'client 52776790 bid 1 fd_price get channel Failed')
('2015-04-18 11:29:37.889645', 'client 52584703 bid 1 fd_price get channel Failed')
('2015-04-18 11:29:38.506190', 'client 52843663 bid 1 fd_price get channel Failed')
('2015-04-18 11:29:39.666644', 'client 52277672 bid 1 fd_price get channel Failed')
('2015-04-18 11:29:39.865306', 'client 52776790 bid 1 fd_price get channel Failed')
('2015-04-18 11:29:39.893549', 'client 52584703 bid 1 fd_price get channel Failed')
('2015-04-18 11:29:41.049703', 'client 52460263 bid 1 fd_price get channel Failed')
('2015-04-18 11:29:43.330022', 'client 52598000 bid 1 fd_image Timeout')
('2015-04-18 11:29:50.334559', 'client 52598000 bid 1 fd_image Timeout')
('2015-04-18 11:29:51.829979', 'client 52598000 bid 1 fd_price get channel Failed')
('2015-04-18 11:29:52.827817', 'client 52277672 bid 2 fd_price get channel Failed')
('2015-04-18 11:29:53.833157', 'client 52598000 bid 1 fd_price get channel Failed')
('2015-04-18 11:29:58.357106', 'client 52460263 bid 2 fd_image Timeout')
('2015-04-18 11:29:58.359439', 'client 52537527 bid 2 fd_image Timeout')
('2015-04-18 11:29:58.360364', 'client 52843663 bid 2 fd_image Timeout')
('2015-04-18 11:29:58.360966', 'client 52584703 bid 2 fd_image Timeout')
('2015-04-18 11:29:58.365110', 'client 52776790 bid 2 fd_image Timeout')
('2015-04-18 11:30:01.695234', '\r\n\r\n\r\n\r\n\r\n\r\n\r\n\r\n\r\n\r\n\r\n<XML><ERRORCODE>110</ERRORCODE><ERRORSTRING>没有正在举行的拍卖会，请注意拍卖公告！</ERRORSTRING><ERRORSTRING_EN>Auction is not begin!</ERRORSTRING_EN></XML>')
('2015-04-18 11:30:01.695336', "client 52843663 bid 2 fd_image ack error {'head': 'Connection: close\\nDate: Sat, 18 Apr 2015 03:30:01 GMT\\nServer: Microsoft-IIS/6.0\\nSet-Cookie: JSESSIONID=8E07209281474447287CD991C427BFDA; Path=/car\\nContent-Type: text/html;charset=GBK\\nContent-Length: 178\\n\\n', 'status': 200, 'body': '\\r\\n\\r\\n\\r\\n\\r\\n\\r\\n\\r\\n\\r\\n\\r\\n\\r\\n\\r\\n\\r\\n<XML><ERRORCODE>110</ERRORCODE><ERRORSTRING>没有正在举行的拍卖会，请注意拍卖公告！</ERRORSTRING><ERRORSTRING_EN>Auction is not begin!</ERRORSTRING_EN></XML>'}")
('2015-04-18 11:30:01.731485', '\r\n\r\n\r\n\r\n\r\n\r\n\r\n\r\n\r\n\r\n\r\n<XML><ERRORCODE>110</ERRORCODE><ERRORSTRING>没有正在举行的拍卖会，请注意拍卖公告！</ERRORSTRING><ERRORSTRING_EN>Auction is not begin!</ERRORSTRING_EN></XML>')
('2015-04-18 11:30:01.731586', "client 52843663 bid 2 fd_image ack error {'head': 'Connection: close\\nDate: Sat, 18 Apr 2015 03:30:00 GMT\\nServer: Microsoft-IIS/6.0\\nSet-Cookie: JSESSIONID=A58166DAEFA28802EB6602D56D66694E; Path=/car\\nContent-Type: text/html;charset=GBK\\nContent-Length: 178\\n\\n', 'status': 200, 'body': '\\r\\n\\r\\n\\r\\n\\r\\n\\r\\n\\r\\n\\r\\n\\r\\n\\r\\n\\r\\n\\r\\n<XML><ERRORCODE>110</ERRORCODE><ERRORSTRING>没有正在举行的拍卖会，请注意拍卖公告！</ERRORSTRING><ERRORSTRING_EN>Auction is not begin!</ERRORSTRING_EN></XML>'}")
('2015-04-18 11:30:03.636287', 'client 52598000 bid 2 fd_image Timeout')
('2015-04-18 11:30:03.668306', '\r\n\r\n\r\n\r\n\r\n\r\n\r\n\r\n\r\n\r\n\r\n<XML><ERRORCODE>110</ERRORCODE><ERRORSTRING>没有正在举行的拍卖会，请注意拍卖公告！</ERRORSTRING><ERRORSTRING_EN>Auction is not begin!</ERRORSTRING_EN></XML>')
('2015-04-18 11:30:03.668432', "client 52598000 bid 2 fd_image ack error {'head': 'Connection: close\\nDate: Sat, 18 Apr 2015 03:30:03 GMT\\nServer: Microsoft-IIS/6.0\\nSet-Cookie: JSESSIONID=DE418FAAE51D33BB6329138674737F19; Path=/car\\nContent-Type: text/html;charset=GBK\\nContent-Length: 178\\n\\n', 'status': 200, 'body': '\\r\\n\\r\\n\\r\\n\\r\\n\\r\\n\\r\\n\\r\\n\\r\\n\\r\\n\\r\\n\\r\\n<XML><ERRORCODE>110</ERRORCODE><ERRORSTRING>没有正在举行的拍卖会，请注意拍卖公告！</ERRORSTRING><ERRORSTRING_EN>Auction is not begin!</ERRORSTRING_EN></XML>'}")
('2015-04-18 11:30:05.215214', '\r\n\r\n\r\n\r\n\r\n\r\n\r\n\r\n\r\n\r\n\r\n<XML><ERRORCODE>110</ERRORCODE><ERRORSTRING>没有正在举行的拍卖会，请注意拍卖公告！</ERRORSTRING><ERRORSTRING_EN>Auction is not begin!</ERRORSTRING_EN></XML>')
('2015-04-18 11:30:05.215338', "client 52460263 bid 2 fd_image ack error {'head': 'Connection: close\\nDate: Sat, 18 Apr 2015 03:30:04 GMT\\nServer: Microsoft-IIS/6.0\\nSet-Cookie: JSESSIONID=8B338805584F42BD6DE6BFF9936971C5; Path=/car\\nContent-Type: text/html;charset=GBK\\nContent-Length: 178\\n\\n', 'status': 200, 'body': '\\r\\n\\r\\n\\r\\n\\r\\n\\r\\n\\r\\n\\r\\n\\r\\n\\r\\n\\r\\n\\r\\n<XML><ERRORCODE>110</ERRORCODE><ERRORSTRING>没有正在举行的拍卖会，请注意拍卖公告！</ERRORSTRING><ERRORSTRING_EN>Auction is not begin!</ERRORSTRING_EN></XML>'}")
('2015-04-18 11:30:05.366107', 'client 52537527 bid 2 fd_image Timeout')
('2015-04-18 11:30:05.367034', 'client 52584703 bid 2 fd_image Timeout')
('2015-04-18 11:30:05.370867', 'client 52776790 bid 2 fd_image Timeout')
('2015-04-18 11:30:05.620413', '\r\n\r\n\r\n\r\n\r\n\r\n\r\n\r\n\r\n\r\n\r\n<XML><ERRORCODE>110</ERRORCODE><ERRORSTRING>没有正在举行的拍卖会，请注意拍卖公告！</ERRORSTRING><ERRORSTRING_EN>Auction is not begin!</ERRORSTRING_EN></XML>')
('2015-04-18 11:30:05.620718', "client 52537527 bid 2 fd_image ack error {'head': 'Connection: close\\nDate: Sat, 18 Apr 2015 03:30:05 GMT\\nServer: Microsoft-IIS/6.0\\nSet-Cookie: JSESSIONID=6D785F9837ADFEA594A66C06872972A6; Path=/car\\nContent-Type: text/html;charset=GBK\\nContent-Length: 178\\n\\n', 'status': 200, 'body': '\\r\\n\\r\\n\\r\\n\\r\\n\\r\\n\\r\\n\\r\\n\\r\\n\\r\\n\\r\\n\\r\\n<XML><ERRORCODE>110</ERRORCODE><ERRORSTRING>没有正在举行的拍卖会，请注意拍卖公告！</ERRORSTRING><ERRORSTRING_EN>Auction is not begin!</ERRORSTRING_EN></XML>'}")
('2015-04-18 11:30:08.611500', '\r\n\r\n\r\n\r\n\r\n\r\n\r\n\r\n\r\n\r\n\r\n<XML><ERRORCODE>110</ERRORCODE><ERRORSTRING>没有正在举行的拍卖会，请注意拍卖公告！</ERRORSTRING><ERRORSTRING_EN>Auction is not begin!</ERRORSTRING_EN></XML>')
('2015-04-18 11:30:08.611709', "client 52460263 bid 2 fd_image ack error {'head': 'Connection: close\\nDate: Sat, 18 Apr 2015 03:30:08 GMT\\nServer: Microsoft-IIS/6.0\\nSet-Cookie: JSESSIONID=DD4AC093191DAE5338188D7614EDED46; Path=/car\\nContent-Type: text/html;charset=GBK\\nContent-Length: 178\\n\\n', 'status': 200, 'body': '\\r\\n\\r\\n\\r\\n\\r\\n\\r\\n\\r\\n\\r\\n\\r\\n\\r\\n\\r\\n\\r\\n<XML><ERRORCODE>110</ERRORCODE><ERRORSTRING>没有正在举行的拍卖会，请注意拍卖公告！</ERRORSTRING><ERRORSTRING_EN>Auction is not begin!</ERRORSTRING_EN></XML>'}")
('2015-04-18 11:30:12.369476', 'client 52584703 bid 2 fd_image Timeout')
('2015-04-18 11:30:12.373191', 'client 52776790 bid 2 fd_image Timeout')
('2015-04-18 11:30:13.645468', 'client 52598000 bid 2 fd_image Timeout')
