('2015-04-18 10:19:30.125165', 'client 52537527 login 王南平 310109195009043612')
('2015-04-18 10:19:31.594497', 'client 52776790 login 沈忠华 310223195804150217')
('2015-04-18 10:19:33.093513', 'client 52843663 login 刘晓峰 430921198205051328')
('2015-04-18 10:19:34.611652', 'client 52460263 login 胡琪蓉 310110198012020066')
('2015-04-18 10:19:36.094845', 'client 52277672 login 沈爱伟 310227198910084013')
('2015-04-18 10:19:37.594346', 'client 52584703 login 唐佳 310115199011290423')
('2015-04-18 10:19:39.104726', 'client 52598000 login 秦玮 310107198203253016')
('2015-04-18 10:34:38.759511', 'client 52584703 bid 0 image 03AD94B9D8D30C4C88FAF617E6928225 606252 ')
('2015-04-18 10:34:38.802975', 'client 52584703 bid 0 price 75200 唐佳 310115199011290423')
('2015-04-18 10:34:40.867242', 'client 52598000 bid 0 image 30EDEC919FEE9BACBE49305060AE105F 060508 ')
('2015-04-18 10:34:41.259129', 'client 52537527 bid 0 image 8BA507BC3802029D35266AC73AF2B4E7 184805 ')
('2015-04-18 10:34:41.507677', 'client 52277672 bid 0 image 6F4C141B9EF72880A1B4AF1167CD27CB 151605 ')
('2015-04-18 10:34:41.601724', 'client 52460263 bid 0 image 44E5BCFCFFF64E61EA727AF9C31F8C0C 935360 ')
('2015-04-18 10:34:43.685911', 'client 52843663 bid 0 image 7E38E101928F5F454F11B734F57F5032 819382 ')
('2015-04-18 10:34:44.685983', 'client 52776790 bid 0 image C289D214145EA25FC0240EB244020289 462945 ')
('2015-04-18 10:34:49.035754', 'client 52843663 bid 0 price 75200 刘晓峰 430921198205051328')
('2015-04-18 10:34:49.740828', 'client 52598000 bid 0 price 75200 秦玮 310107198203253016')
('2015-04-18 10:34:50.031561', 'client 52776790 bid 0 price 75200 沈忠华 310223195804150217')
('2015-04-18 10:34:50.130728', 'client 52537527 bid 0 price 75200 王南平 310109195009043612')
('2015-04-18 10:34:50.380863', 'client 52277672 bid 0 price 75200 沈爱伟 310227198910084013')
('2015-04-18 10:34:50.656871', 'client 52460263 bid 0 price 75200 胡琪蓉 310110198012020066')
('2015-04-18 11:29:36.459473', 'client 52277672 bid 1 image B8A36672550480D6EFC3360DFFFCDE9A 050616 ')
('2015-04-18 11:29:36.651633', 'client 52537527 bid 1 image C0FA4662625CA3641526557C6E3BE560 908080 ')
('2015-04-18 11:29:36.657808', 'client 52776790 bid 1 image 0D68E524CF8C08D9DCDA0EFD424557AE 463536 ')
('2015-04-18 11:29:36.686110', 'client 52584703 bid 1 image 0F9FE69DBD932EBAD51127CD6FAC43E5 545290 ')
('2015-04-18 11:29:36.722227', 'client 52537527 bid 1 price 80400 王南平 310109195009043612')
('2015-04-18 11:29:37.302828', 'client 52843663 bid 1 image 4D12048FED8235CA1F306912876A71D0 949260 ')
('2015-04-18 11:29:37.351366', 'client 52843663 bid 1 price 80400 刘晓峰 430921198205051328')
('2015-04-18 11:29:38.504506', 'client 52277672 bid 1 price 80400 沈爱伟 310227198910084013')
('2015-04-18 11:29:39.846004', 'client 52460263 bid 1 image FA651A9D488AFB0478891D71F81D1180 181815 ')
('2015-04-18 11:29:41.482433', 'client 52460263 bid 1 price 80400 胡琪蓉 310110198012020066')
('2015-04-18 11:29:42.664689', 'client 52776790 bid 1 price Failed')
('2015-04-18 11:29:42.664867', 'client 52776790 bid 1 failed. Abort.....')
('2015-04-18 11:29:42.693001', 'client 52584703 bid 1 price Failed')
('2015-04-18 11:29:42.693264', 'client 52584703 bid 1 failed. Abort.....')
('2015-04-18 11:29:50.625992', 'client 52598000 bid 1 image 180457E93ABC5404253F912E89D0B2F9 064608 ')
('2015-04-18 11:29:51.623910', 'client 52277672 bid 2 image 685A5FD685427B31D9FCE9998A81A08D 835061 ')
('2015-04-18 11:29:51.669736', 'client 52277672 bid 2 price 80700 沈爱伟 310227198910084013')
('2015-04-18 11:29:56.632771', 'client 52598000 bid 1 price Failed')
('2015-04-18 11:29:56.632946', 'client 52598000 bid 1 failed. Abort.....')
('2015-04-18 11:30:01.679986', "client 52277672 bids finished. price : ['75200', '80400', '80700'] . Quit.....")
('2015-04-18 11:30:01.732213', 'client 52843663 bid 2 image Failed')
('2015-04-18 11:30:01.732326', 'client 52843663 bid 2 failed. Abort.....')
('2015-04-18 11:30:05.621589', 'client 52537527 bid 2 image Failed')
('2015-04-18 11:30:05.621775', 'client 52537527 bid 2 failed. Abort.....')
('2015-04-18 11:30:08.613236', 'client 52460263 bid 2 image Failed')
('2015-04-18 11:30:08.613401', 'client 52460263 bid 2 failed. Abort.....')
('2015-04-18 11:30:11.734650', "client 52843663 bids finished. price : ['75200', '80400', None] . Quit.....")
('2015-04-18 11:30:12.369669', 'client 52584703 bid 2 image Failed')
('2015-04-18 11:30:12.369746', 'client 52584703 bid 2 failed. Abort.....')
('2015-04-18 11:30:12.373334', 'client 52776790 bid 2 image Failed')
('2015-04-18 11:30:12.373408', 'client 52776790 bid 2 failed. Abort.....')
('2015-04-18 11:30:13.645650', 'client 52598000 bid 2 image Failed')
('2015-04-18 11:30:13.645755', 'client 52598000 bid 2 failed. Abort.....')
('2015-04-18 11:30:15.632063', "client 52537527 bids finished. price : ['75200', '80400', None] . Quit.....")
('2015-04-18 11:30:18.621160', "client 52460263 bids finished. price : ['75200', '80400', None] . Quit.....")
('2015-04-18 11:30:22.379796', "client 52776790 bids finished. price : ['75200', None, None] . Quit.....")
('2015-04-18 11:30:22.380434', "client 52584703 bids finished. price : ['75200', '80400', None] . Quit.....")
('2015-04-18 11:30:23.656022', "client 52598000 bids finished. price : ['75200', '80700', None] . Quit.....")
