('2015-04-18 10:19:29.558172', 'worker [6] started')
('2015-04-18 10:19:29.558254', 'client 7 initted')
('2015-04-18 10:19:30.061995', 'put_channel : 2015-04-18 10:19:30.061892 : channel login, group 1')
('2015-04-18 10:19:30.065713', 'get_channel: 2015-04-18 10:19:30.061892 : 1 ')
('2015-04-18 10:19:30.065775', 'fd_channel : login[0] 0 login[1] 0 , tb0[0] 0 tb0[1] 0 , tb1[0] 0 tb1[1] 0')
('2015-04-18 10:19:30.088720', 'close_channel : 2015-04-18 10:19:30.061892')
('2015-04-18 10:19:31.564419', 'put_channel : 2015-04-18 10:19:31.564314 : channel login, group 1')
('2015-04-18 10:19:31.564963', 'get_channel: 2015-04-18 10:19:31.564314 : 1 ')
('2015-04-18 10:19:31.565014', 'fd_channel : login[0] 0 login[1] 0 , tb0[0] 0 tb0[1] 0 , tb1[0] 0 tb1[1] 0')
('2015-04-18 10:19:31.588519', 'close_channel : 2015-04-18 10:19:31.564314')
('2015-04-18 10:19:33.061868', 'put_channel : 2015-04-18 10:19:33.061787 : channel login, group 1')
('2015-04-18 10:19:33.062252', 'get_channel: 2015-04-18 10:19:33.061787 : 1 ')
('2015-04-18 10:19:33.062299', 'fd_channel : login[0] 0 login[1] 0 , tb0[0] 0 tb0[1] 0 , tb1[0] 0 tb1[1] 0')
('2015-04-18 10:19:33.085712', 'close_channel : 2015-04-18 10:19:33.061787')
('2015-04-18 10:19:34.563692', 'put_channel : 2015-04-18 10:19:34.563591 : channel login, group 1')
('2015-04-18 10:19:34.564190', 'get_channel: 2015-04-18 10:19:34.563591 : 1 ')
('2015-04-18 10:19:34.564243', 'fd_channel : login[0] 0 login[1] 0 , tb0[0] 0 tb0[1] 0 , tb1[0] 0 tb1[1] 0')
('2015-04-18 10:19:34.588632', 'close_channel : 2015-04-18 10:19:34.563591')
('2015-04-18 10:19:36.063564', 'put_channel : 2015-04-18 10:19:36.063484 : channel login, group 1')
('2015-04-18 10:19:36.063934', 'get_channel: 2015-04-18 10:19:36.063484 : 1 ')
('2015-04-18 10:19:36.063981', 'fd_channel : login[0] 0 login[1] 0 , tb0[0] 0 tb0[1] 0 , tb1[0] 0 tb1[1] 0')
('2015-04-18 10:19:36.087384', 'close_channel : 2015-04-18 10:19:36.063484')
('2015-04-18 10:19:37.563183', 'put_channel : 2015-04-18 10:19:37.563110 : channel login, group 1')
('2015-04-18 10:19:37.563606', 'get_channel: 2015-04-18 10:19:37.563110 : 1 ')
('2015-04-18 10:19:37.563655', 'fd_channel : login[0] 0 login[1] 0 , tb0[0] 0 tb0[1] 0 , tb1[0] 0 tb1[1] 0')
('2015-04-18 10:19:37.587105', 'close_channel : 2015-04-18 10:19:37.563110')
('2015-04-18 10:19:39.063652', 'put_channel : 2015-04-18 10:19:39.063563 : channel login, group 1')
('2015-04-18 10:19:39.064151', 'get_channel: 2015-04-18 10:19:39.063563 : 1 ')
('2015-04-18 10:19:39.064204', 'fd_channel : login[0] 0 login[1] 0 , tb0[0] 0 tb0[1] 0 , tb1[0] 0 tb1[1] 0')
('2015-04-18 10:19:39.087567', 'close_channel : 2015-04-18 10:19:39.063563')
('2015-04-18 10:32:31.566478', 'put_channel : 2015-04-18 10:32:31.566396 : channel tb0, group 1')
('2015-04-18 10:32:33.077257', 'put_channel : 2015-04-18 10:32:33.077175 : channel tb0, group 1')
('2015-04-18 10:32:34.564120', 'put_channel : 2015-04-18 10:32:34.564018 : channel tb0, group 1')
('2015-04-18 10:32:36.061707', 'put_channel : 2015-04-18 10:32:36.061632 : channel tb0, group 1')
('2015-04-18 10:32:37.564105', 'put_channel : 2015-04-18 10:32:37.564026 : channel tb0, group 1')
('2015-04-18 10:32:39.078437', 'put_channel : 2015-04-18 10:32:39.078360 : channel tb0, group 1')
('2015-04-18 10:32:40.564557', 'put_channel : 2015-04-18 10:32:40.564473 : channel tb0, group 1')
('2015-04-18 10:32:42.061173', 'put_channel : 2015-04-18 10:32:42.061088 : channel tb0, group 1')
('2015-04-18 10:32:43.565505', 'put_channel : 2015-04-18 10:32:43.565396 : channel tb0, group 1')
('2015-04-18 10:32:45.063046', 'put_channel : 2015-04-18 10:32:45.062977 : channel tb0, group 1')
('2015-04-18 10:32:46.565010', 'put_channel : 2015-04-18 10:32:46.564933 : channel tb0, group 1')
('2015-04-18 10:32:48.062081', 'put_channel : 2015-04-18 10:32:48.061999 : channel tb0, group 1')
('2015-04-18 10:32:49.562453', 'put_channel : 2015-04-18 10:32:49.562380 : channel tb0, group 1')
('2015-04-18 10:32:51.063149', 'put_channel : 2015-04-18 10:32:51.063061 : channel tb0, group 1')
('2015-04-18 10:32:52.562096', 'put_channel : 2015-04-18 10:32:52.562027 : channel tb0, group 1')
('2015-04-18 10:32:54.062387', 'put_channel : 2015-04-18 10:32:54.062299 : channel tb0, group 1')
('2015-04-18 10:32:55.563732', 'put_channel : 2015-04-18 10:32:55.563649 : channel tb0, group 1')
('2015-04-18 10:32:57.061486', 'put_channel : 2015-04-18 10:32:57.061389 : channel tb0, group 1')
('2015-04-18 10:32:58.577851', 'put_channel : 2015-04-18 10:32:58.577771 : channel tb0, group 1')
('2015-04-18 10:33:00.077667', 'put_channel : 2015-04-18 10:33:00.077583 : channel tb0, group 1')
('2015-04-18 10:33:01.562820', 'put_channel : 2015-04-18 10:33:01.562724 : channel tb0, group 1')
('2015-04-18 10:33:03.063198', 'put_channel : 2015-04-18 10:33:03.063096 : channel tb0, group 1')
('2015-04-18 10:33:04.562062', 'put_channel : 2015-04-18 10:33:04.561995 : channel tb0, group 1')
('2015-04-18 10:33:06.076524', 'put_channel : 2015-04-18 10:33:06.076442 : channel tb0, group 1')
('2015-04-18 10:33:07.565496', 'put_channel : 2015-04-18 10:33:07.565389 : channel tb0, group 1')
('2015-04-18 10:33:09.064288', 'put_channel : 2015-04-18 10:33:09.064207 : channel tb0, group 1')
('2015-04-18 10:33:10.562332', 'put_channel : 2015-04-18 10:33:10.562222 : channel tb0, group 1')
('2015-04-18 10:33:12.062564', 'put_channel : 2015-04-18 10:33:12.062487 : channel tb0, group 1')
('2015-04-18 10:33:13.562663', 'put_channel : 2015-04-18 10:33:13.562586 : channel tb0, group 1')
('2015-04-18 10:33:15.076654', 'put_channel : 2015-04-18 10:33:15.076583 : channel tb0, group 1')
('2015-04-18 10:33:23.564088', 'put_channel : 2015-04-18 10:33:23.564006 : channel tb0, group 1')
('2015-04-18 10:33:23.590115', 'put_channel : 2015-04-18 10:33:23.590063 : channel tb0, group 1')
('2015-04-18 10:33:25.562724', 'put_channel : 2015-04-18 10:33:25.562618 : channel tb0, group 1')
('2015-04-18 10:33:26.569470', 'put_channel : 2015-04-18 10:33:26.569381 : channel tb0, group 1')
('2015-04-18 10:33:28.564037', 'put_channel : 2015-04-18 10:33:28.563934 : channel tb0, group 1')
('2015-04-18 10:33:31.564606', 'put_channel : 2015-04-18 10:33:31.564519 : channel tb0, group 1')
('2015-04-18 10:33:31.601579', 'put_channel : 2015-04-18 10:33:31.601537 : channel tb0, group 1')
('2015-04-18 10:33:34.564312', 'put_channel : 2015-04-18 10:33:34.564229 : channel tb0, group 1')
('2015-04-18 10:33:34.601239', 'put_channel : 2015-04-18 10:33:34.601198 : channel tb0, group 1')
('2015-04-18 10:33:38.575868', 'put_channel : 2015-04-18 10:33:38.575777 : channel tb0, group 1')
('2015-04-18 10:33:41.560152', 'put_channel : 2015-04-18 10:33:41.560046 : channel tb0, group 1')
('2015-04-18 10:33:44.560657', 'put_channel : 2015-04-18 10:33:44.560571 : channel tb0, group 1')
('2015-04-18 10:33:45.064440', 'put_channel : 2015-04-18 10:33:45.064356 : channel tb0, group 1')
('2015-04-18 10:33:45.366014', 'put_channel : 2015-04-18 10:33:45.365896 : channel tb0, group 1')
('2015-04-18 10:33:45.890203', 'put_channel : 2015-04-18 10:33:45.890093 : channel tb0, group 1')
('2015-04-18 10:33:52.061797', 'put_channel : 2015-04-18 10:33:52.061714 : channel tb0, group 1')
('2015-04-18 10:33:52.121324', 'put_channel : 2015-04-18 10:33:52.121279 : channel tb0, group 1')
('2015-04-18 10:33:52.565572', 'put_channel : 2015-04-18 10:33:52.565495 : channel tb0, group 1')
('2015-04-18 10:33:52.580836', 'put_channel : 2015-04-18 10:33:52.580794 : channel tb0, group 1')
('2015-04-18 10:33:53.576865', 'put_channel : 2015-04-18 10:33:53.576786 : channel tb0, group 1')
('2015-04-18 10:33:54.061376', 'put_channel : 2015-04-18 10:33:54.061272 : channel tb0, group 1')
('2015-04-18 10:33:55.073299', 'put_channel : 2015-04-18 10:33:55.073221 : channel tb0, group 1')
('2015-04-18 10:33:57.078145', 'put_channel : 2015-04-18 10:33:57.078050 : channel tb0, group 1')
('2015-04-18 10:33:58.139331', 'put_channel : 2015-04-18 10:33:58.139255 : channel tb0, group 1')
('2015-04-18 10:34:01.061428', 'put_channel : 2015-04-18 10:34:01.061315 : channel tb0, group 1')
('2015-04-18 10:34:03.418615', 'get_channel: 2015-04-18 10:32:31.566396 : 1 ')
('2015-04-18 10:34:03.418683', 'fd_channel : login[0] 0 login[1] 0 , tb0[0] 0 tb0[1] 54 , tb1[0] 0 tb1[1] 0')
('2015-04-18 10:34:03.419651', 'get_channel: 2015-04-18 10:32:33.077175 : 1 ')
('2015-04-18 10:34:03.419699', 'fd_channel : login[0] 0 login[1] 0 , tb0[0] 0 tb0[1] 53 , tb1[0] 0 tb1[1] 0')
('2015-04-18 10:34:03.420491', 'get_channel: 2015-04-18 10:32:34.564018 : 1 ')
('2015-04-18 10:34:03.420530', 'fd_channel : login[0] 0 login[1] 0 , tb0[0] 0 tb0[1] 52 , tb1[0] 0 tb1[1] 0')
('2015-04-18 10:34:03.421279', 'get_channel: 2015-04-18 10:32:36.061632 : 1 ')
('2015-04-18 10:34:03.421322', 'fd_channel : login[0] 0 login[1] 0 , tb0[0] 0 tb0[1] 51 , tb1[0] 0 tb1[1] 0')
('2015-04-18 10:34:03.423042', 'get_channel: 2015-04-18 10:32:37.564026 : 1 ')
('2015-04-18 10:34:03.423082', 'fd_channel : login[0] 0 login[1] 0 , tb0[0] 0 tb0[1] 50 , tb1[0] 0 tb1[1] 0')
('2015-04-18 10:34:03.423733', 'get_channel: 2015-04-18 10:32:39.078360 : 1 ')
('2015-04-18 10:34:03.423775', 'fd_channel : login[0] 0 login[1] 0 , tb0[0] 0 tb0[1] 49 , tb1[0] 0 tb1[1] 0')
('2015-04-18 10:34:03.424433', 'get_channel: 2015-04-18 10:32:40.564473 : 1 ')
('2015-04-18 10:34:03.424482', 'fd_channel : login[0] 0 login[1] 0 , tb0[0] 0 tb0[1] 48 , tb1[0] 0 tb1[1] 0')
('2015-04-18 10:34:04.563841', 'put_channel : 2015-04-18 10:34:04.563762 : channel tb0, group 1')
('2015-04-18 10:34:04.938377', 'put_channel : 2015-04-18 10:34:04.938283 : channel tb0, group 1')
('2015-04-18 10:34:04.958884', 'close_channel : 2015-04-18 10:32:36.061632')
('2015-04-18 10:34:04.985831', 'close_channel : 2015-04-18 10:32:34.564018')
('2015-04-18 10:34:04.987121', 'close_channel : 2015-04-18 10:32:31.566396')
('2015-04-18 10:34:04.988596', 'close_channel : 2015-04-18 10:32:40.564473')
('2015-04-18 10:34:04.989920', 'close_channel : 2015-04-18 10:32:37.564026')
('2015-04-18 10:34:05.017870', 'close_channel : 2015-04-18 10:32:33.077175')
('2015-04-18 10:34:05.020270', 'close_channel : 2015-04-18 10:32:39.078360')
('2015-04-18 10:34:05.591890', 'put_channel : 2015-04-18 10:34:05.591808 : channel tb0, group 1')
('2015-04-18 10:34:10.199523', 'get_channel: 2015-04-18 10:32:42.061088 : 1 ')
('2015-04-18 10:34:10.199570', 'fd_channel : login[0] 0 login[1] 0 , tb0[0] 0 tb0[1] 50 , tb1[0] 0 tb1[1] 0')
('2015-04-18 10:34:11.400633', 'get_channel: None ')
('2015-04-18 10:34:11.400712', 'fd_channel : login[0] 0 login[1] 0 , tb0[0] 0 tb0[1] 50 , tb1[0] 0 tb1[1] 0')
('2015-04-18 10:34:11.851994', 'get_channel: 2015-04-18 10:32:43.565396 : 1 ')
('2015-04-18 10:34:11.852040', 'fd_channel : login[0] 0 login[1] 0 , tb0[0] 0 tb0[1] 49 , tb1[0] 0 tb1[1] 0')
('2015-04-18 10:34:12.201512', 'get_channel: 2015-04-18 10:32:45.062977 : 1 ')
('2015-04-18 10:34:12.201574', 'fd_channel : login[0] 0 login[1] 0 , tb0[0] 0 tb0[1] 48 , tb1[0] 0 tb1[1] 0')
('2015-04-18 10:34:12.435380', 'get_channel: 2015-04-18 10:32:46.564933 : 1 ')
('2015-04-18 10:34:12.435426', 'fd_channel : login[0] 0 login[1] 0 , tb0[0] 0 tb0[1] 47 , tb1[0] 0 tb1[1] 0')
('2015-04-18 10:34:12.472806', 'get_channel: 2015-04-18 10:32:48.061999 : 1 ')
('2015-04-18 10:34:12.472850', 'fd_channel : login[0] 0 login[1] 0 , tb0[0] 0 tb0[1] 46 , tb1[0] 0 tb1[1] 0')
('2015-04-18 10:34:12.489803', 'get_channel: 2015-04-18 10:32:49.562380 : 1 ')
('2015-04-18 10:34:12.489842', 'fd_channel : login[0] 0 login[1] 0 , tb0[0] 0 tb0[1] 45 , tb1[0] 0 tb1[1] 0')
('2015-04-18 10:34:13.052822', 'get_channel: None ')
('2015-04-18 10:34:13.052915', 'fd_channel : login[0] 0 login[1] 0 , tb0[0] 0 tb0[1] 45 , tb1[0] 0 tb1[1] 0')
('2015-04-18 10:34:13.401998', 'get_channel: None ')
('2015-04-18 10:34:13.402071', 'fd_channel : login[0] 0 login[1] 0 , tb0[0] 0 tb0[1] 45 , tb1[0] 0 tb1[1] 0')
('2015-04-18 10:34:13.636197', 'get_channel: None ')
('2015-04-18 10:34:13.636263', 'fd_channel : login[0] 0 login[1] 0 , tb0[0] 0 tb0[1] 45 , tb1[0] 0 tb1[1] 0')
('2015-04-18 10:34:13.673426', 'get_channel: None ')
('2015-04-18 10:34:13.673481', 'fd_channel : login[0] 0 login[1] 0 , tb0[0] 0 tb0[1] 45 , tb1[0] 0 tb1[1] 0')
('2015-04-18 10:34:13.690294', 'get_channel: None ')
('2015-04-18 10:34:13.690344', 'fd_channel : login[0] 0 login[1] 0 , tb0[0] 0 tb0[1] 45 , tb1[0] 0 tb1[1] 0')
('2015-04-18 10:34:13.853598', 'get_channel: 2015-04-18 10:32:51.063061 : 1 ')
('2015-04-18 10:34:13.853660', 'fd_channel : login[0] 0 login[1] 0 , tb0[0] 0 tb0[1] 44 , tb1[0] 0 tb1[1] 0')
('2015-04-18 10:34:14.437019', 'get_channel: 2015-04-18 10:32:52.562027 : 1 ')
('2015-04-18 10:34:14.437084', 'fd_channel : login[0] 0 login[1] 0 , tb0[0] 0 tb0[1] 43 , tb1[0] 0 tb1[1] 0')
('2015-04-18 10:34:14.470805', 'close_channel : 2015-04-18 10:32:52.562027')
('2015-04-18 10:34:14.474191', 'get_channel: 2015-04-18 10:32:54.062299 : 1 ')
('2015-04-18 10:34:14.474247', 'fd_channel : login[0] 0 login[1] 0 , tb0[0] 0 tb0[1] 42 , tb1[0] 0 tb1[1] 0')
('2015-04-18 10:34:14.491175', 'get_channel: 2015-04-18 10:32:55.563649 : 1 ')
('2015-04-18 10:34:14.491222', 'fd_channel : login[0] 0 login[1] 0 , tb0[0] 0 tb0[1] 41 , tb1[0] 0 tb1[1] 0')
('2015-04-18 10:34:14.511420', 'close_channel : 2015-04-18 10:32:54.062299')
('2015-04-18 10:34:14.524965', 'close_channel : 2015-04-18 10:32:55.563649')
('2015-04-18 10:34:14.543931', 'close_channel : 2015-04-18 10:32:51.063061')
('2015-04-18 10:34:14.568260', 'put_channel : 2015-04-18 10:34:14.568222 : channel tb0, group 1')
('2015-04-18 10:34:14.575776', 'put_channel : 2015-04-18 10:34:14.575736 : channel tb0, group 1')
('2015-04-18 10:34:15.054549', 'get_channel: None ')
('2015-04-18 10:34:15.054619', 'fd_channel : login[0] 0 login[1] 0 , tb0[0] 0 tb0[1] 43 , tb1[0] 0 tb1[1] 0')
('2015-04-18 10:34:15.638193', 'get_channel: None ')
('2015-04-18 10:34:15.638267', 'fd_channel : login[0] 0 login[1] 0 , tb0[0] 0 tb0[1] 43 , tb1[0] 0 tb1[1] 0')
('2015-04-18 10:34:15.674961', 'get_channel: None ')
('2015-04-18 10:34:15.675032', 'fd_channel : login[0] 0 login[1] 0 , tb0[0] 0 tb0[1] 43 , tb1[0] 0 tb1[1] 0')
('2015-04-18 10:34:15.691703', 'get_channel: None ')
('2015-04-18 10:34:15.691762', 'fd_channel : login[0] 0 login[1] 0 , tb0[0] 0 tb0[1] 43 , tb1[0] 0 tb1[1] 0')
('2015-04-18 10:34:16.094840', 'get_channel: 2015-04-18 10:32:57.061389 : 1 ')
('2015-04-18 10:34:16.094884', 'fd_channel : login[0] 0 login[1] 0 , tb0[0] 0 tb0[1] 42 , tb1[0] 0 tb1[1] 0')
('2015-04-18 10:34:16.582394', 'get_channel: 2015-04-18 10:32:58.577771 : 1 ')
('2015-04-18 10:34:16.582442', 'fd_channel : login[0] 0 login[1] 0 , tb0[0] 0 tb0[1] 41 , tb1[0] 0 tb1[1] 0')
('2015-04-18 10:34:17.295900', 'get_channel: None ')
('2015-04-18 10:34:17.295979', 'fd_channel : login[0] 0 login[1] 0 , tb0[0] 0 tb0[1] 41 , tb1[0] 0 tb1[1] 0')
('2015-04-18 10:34:17.635386', 'close_channel : 2015-04-18 10:32:57.061389')
('2015-04-18 10:34:17.783359', 'get_channel: None ')
('2015-04-18 10:34:17.783432', 'fd_channel : login[0] 0 login[1] 0 , tb0[0] 0 tb0[1] 41 , tb1[0] 0 tb1[1] 0')
('2015-04-18 10:34:18.584064', 'get_channel: 2015-04-18 10:33:00.077583 : 1 ')
('2015-04-18 10:34:18.584128', 'fd_channel : login[0] 0 login[1] 0 , tb0[0] 0 tb0[1] 40 , tb1[0] 0 tb1[1] 0')
('2015-04-18 10:34:19.785155', 'get_channel: None ')
('2015-04-18 10:34:19.785237', 'fd_channel : login[0] 0 login[1] 0 , tb0[0] 0 tb0[1] 40 , tb1[0] 0 tb1[1] 0')
('2015-04-18 10:34:24.067496', 'put_channel : 2015-04-18 10:34:24.067420 : channel tb0, group 1')
('2015-04-18 10:34:24.077065', 'put_channel : 2015-04-18 10:34:24.077024 : channel tb0, group 1')
('2015-04-18 10:34:24.103687', 'put_channel : 2015-04-18 10:34:24.103594 : channel tb0, group 1')
('2015-04-18 10:34:24.126044', 'close_channel : 2015-04-18 10:32:42.061088')
('2015-04-18 10:34:24.897674', 'put_channel : 2015-04-18 10:34:24.897559 : channel tb0, group 1')
('2015-04-18 10:34:25.030862', 'put_channel : 2015-04-18 10:34:25.030746 : channel tb0, group 1')
('2015-04-18 10:34:25.567689', 'close_channel : 2015-04-18 10:33:00.077583')
('2015-04-18 10:34:34.054021', 'put_channel : 2015-04-18 10:34:34.053907 : channel tb0, group 1')
('2015-04-18 10:34:34.118563', 'put_channel : 2015-04-18 10:34:34.118469 : channel tb0, group 1')
('2015-04-18 10:34:34.584608', 'put_channel : 2015-04-18 10:34:34.584523 : channel tb0, group 1')
('2015-04-18 10:34:39.441802', 'put_channel : 2015-04-18 10:34:39.441714 : channel tb0, group 1')
('2015-04-18 10:34:39.442268', 'put_channel : 2015-04-18 10:34:39.442232 : channel tb0, group 1')
('2015-04-18 10:34:39.893713', 'close_channel : 2015-04-18 10:32:43.565396')
('2015-04-18 10:34:40.001630', 'close_channel : 2015-04-18 10:32:48.061999')
('2015-04-18 10:34:40.213366', 'close_channel : 2015-04-18 10:32:45.062977')
('2015-04-18 10:34:40.468995', 'close_channel : 2015-04-18 10:32:46.564933')
('2015-04-18 10:34:40.532538', 'close_channel : 2015-04-18 10:32:49.562380')
('2015-04-18 10:34:41.626553', 'put_channel : 2015-04-18 10:34:41.626461 : channel tb0, group 1')
('2015-04-18 10:34:43.129281', 'put_channel : 2015-04-18 10:34:43.129195 : channel tb0, group 1')
('2015-04-18 10:34:45.113378', 'close_channel : 2015-04-18 10:32:58.577771')
('2015-04-18 10:34:47.610101', 'put_channel : 2015-04-18 10:34:47.610022 : channel tb0, group 1')
('2015-04-18 10:34:58.697459', 'put_channel : 2015-04-18 10:34:58.697310 : channel tb0, group 1')
('2015-04-18 10:35:26.737260', 'put_channel : 2015-04-18 10:35:26.737214 : channel tb0, group 1')
('2015-04-18 11:27:45.066078', 'put_channel : 2015-04-18 11:27:45.065989 : channel tb1, group 1')
('2015-04-18 11:27:46.580408', 'put_channel : 2015-04-18 11:27:46.580305 : channel tb1, group 1')
('2015-04-18 11:27:48.080031', 'put_channel : 2015-04-18 11:27:48.079949 : channel tb1, group 1')
('2015-04-18 11:27:49.565389', 'put_channel : 2015-04-18 11:27:49.565269 : channel tb1, group 1')
('2015-04-18 11:27:51.065995', 'put_channel : 2015-04-18 11:27:51.065904 : channel tb1, group 1')
('2015-04-18 11:27:52.566554', 'put_channel : 2015-04-18 11:27:52.566484 : channel tb1, group 1')
('2015-04-18 11:27:54.081355', 'put_channel : 2015-04-18 11:27:54.081240 : channel tb1, group 1')
('2015-04-18 11:27:55.578291', 'put_channel : 2015-04-18 11:27:55.578221 : channel tb1, group 1')
('2015-04-18 11:27:57.066831', 'put_channel : 2015-04-18 11:27:57.066721 : channel tb1, group 1')
('2015-04-18 11:27:58.578858', 'put_channel : 2015-04-18 11:27:58.578788 : channel tb1, group 1')
('2015-04-18 11:28:00.081924', 'put_channel : 2015-04-18 11:28:00.081821 : channel tb1, group 1')
('2015-04-18 11:28:03.068194', 'put_channel : 2015-04-18 11:28:03.068116 : channel tb1, group 1')
('2015-04-18 11:28:04.059161', 'put_channel : 2015-04-18 11:28:04.059074 : channel tb1, group 1')
('2015-04-18 11:28:04.571265', 'put_channel : 2015-04-18 11:28:04.571167 : channel tb1, group 1')
('2015-04-18 11:28:05.591109', 'put_channel : 2015-04-18 11:28:05.591023 : channel tb1, group 1')
('2015-04-18 11:28:09.066606', 'put_channel : 2015-04-18 11:28:09.066533 : channel tb1, group 1')
('2015-04-18 11:28:11.576953', 'put_channel : 2015-04-18 11:28:11.576870 : channel tb1, group 1')
('2015-04-18 11:28:17.579213', 'put_channel : 2015-04-18 11:28:17.579099 : channel tb1, group 1')
('2015-04-18 11:28:24.102514', 'put_channel : 2015-04-18 11:28:24.102426 : channel tb1, group 1')
('2015-04-18 11:28:26.571069', 'put_channel : 2015-04-18 11:28:26.570957 : channel tb1, group 1')
('2015-04-18 11:28:28.063642', 'put_channel : 2015-04-18 11:28:28.063547 : channel tb1, group 1')
('2015-04-18 11:28:30.090252', 'put_channel : 2015-04-18 11:28:30.090172 : channel tb1, group 1')
('2015-04-18 11:28:31.062421', 'put_channel : 2015-04-18 11:28:31.062340 : channel tb1, group 1')
('2015-04-18 11:28:32.558348', 'put_channel : 2015-04-18 11:28:32.558270 : channel tb1, group 1')
('2015-04-18 11:28:32.587104', 'put_channel : 2015-04-18 11:28:32.587064 : channel tb1, group 1')
('2015-04-18 11:28:33.081604', 'put_channel : 2015-04-18 11:28:33.081508 : channel tb1, group 1')
('2015-04-18 11:28:34.060778', 'put_channel : 2015-04-18 11:28:34.060670 : channel tb1, group 1')
('2015-04-18 11:28:35.559757', 'put_channel : 2015-04-18 11:28:35.559666 : channel tb1, group 1')
('2015-04-18 11:28:36.091812', 'put_channel : 2015-04-18 11:28:36.091716 : channel tb1, group 1')
('2015-04-18 11:28:37.061363', 'put_channel : 2015-04-18 11:28:37.061256 : channel tb1, group 1')
('2015-04-18 11:28:41.563220', 'put_channel : 2015-04-18 11:28:41.563119 : channel tb1, group 1')
('2015-04-18 11:28:42.062503', 'put_channel : 2015-04-18 11:28:42.062399 : channel tb1, group 1')
('2015-04-18 11:28:43.595557', 'put_channel : 2015-04-18 11:28:43.595482 : channel tb1, group 1')
('2015-04-18 11:28:44.559844', 'put_channel : 2015-04-18 11:28:44.559766 : channel tb1, group 1')
('2015-04-18 11:28:47.562513', 'put_channel : 2015-04-18 11:28:47.562438 : channel tb1, group 1')
('2015-04-18 11:28:49.079323', 'put_channel : 2015-04-18 11:28:49.079215 : channel tb1, group 1')
('2015-04-18 11:28:52.062510', 'put_channel : 2015-04-18 11:28:52.062403 : channel tb1, group 1')
('2015-04-18 11:28:52.575362', 'put_channel : 2015-04-18 11:28:52.575291 : channel tb1, group 1')
('2015-04-18 11:28:54.076667', 'put_channel : 2015-04-18 11:28:54.076590 : channel tb1, group 1')
('2015-04-18 11:28:56.561285', 'put_channel : 2015-04-18 11:28:56.561205 : channel tb1, group 1')
('2015-04-18 11:28:58.062318', 'put_channel : 2015-04-18 11:28:58.062244 : channel tb1, group 1')
('2015-04-18 11:28:59.576417', 'put_channel : 2015-04-18 11:28:59.576317 : channel tb1, group 1')
('2015-04-18 11:29:01.064122', 'put_channel : 2015-04-18 11:29:01.064036 : channel tb1, group 1')
('2015-04-18 11:29:01.561524', 'put_channel : 2015-04-18 11:29:01.561416 : channel tb1, group 1')
('2015-04-18 11:29:04.563026', 'put_channel : 2015-04-18 11:29:04.562915 : channel tb1, group 1')
('2015-04-18 11:29:06.061474', 'put_channel : 2015-04-18 11:29:06.061385 : channel tb1, group 1')
('2015-04-18 11:29:07.561211', 'put_channel : 2015-04-18 11:29:07.561134 : channel tb1, group 1')
('2015-04-18 11:29:09.064123', 'put_channel : 2015-04-18 11:29:09.064017 : channel tb1, group 1')
('2015-04-18 11:29:16.682616', 'put_channel : 2015-04-18 11:29:16.682511 : channel tb1, group 1')
('2015-04-18 11:29:18.063860', 'put_channel : 2015-04-18 11:29:18.063759 : channel tb1, group 1')
('2015-04-18 11:29:28.566796', 'put_channel : 2015-04-18 11:29:28.566726 : channel tb1, group 1')
('2015-04-18 11:29:30.064127', 'put_channel : 2015-04-18 11:29:30.064048 : channel tb1, group 1')
('2015-04-18 11:29:31.578347', 'put_channel : 2015-04-18 11:29:31.578245 : channel tb1, group 1')
('2015-04-18 11:29:33.066547', 'put_channel : 2015-04-18 11:29:33.066472 : channel tb1, group 1')
('2015-04-18 11:29:34.567984', 'put_channel : 2015-04-18 11:29:34.567894 : channel tb1, group 1')
('2015-04-18 11:29:44.645598', 'put_channel : 2015-04-18 11:29:44.645504 : channel tb1, group 1')
('2015-04-18 11:29:46.833001', 'close_channel : 2015-04-18 11:27:45.065989')
('2015-04-18 11:29:46.833456', 'close_channel : 2015-04-18 11:27:46.580305')
('2015-04-18 11:29:46.834214', 'close_channel : 2015-04-18 11:27:48.079949')
('2015-04-18 11:29:46.834908', 'close_channel : 2015-04-18 11:27:49.565269')
('2015-04-18 11:29:46.835432', 'close_channel : 2015-04-18 11:27:51.065904')
('2015-04-18 11:29:46.835968', 'close_channel : 2015-04-18 11:27:52.566484')
('2015-04-18 11:29:46.836296', 'close_channel : 2015-04-18 11:27:54.081240')
('2015-04-18 11:29:46.836611', 'close_channel : 2015-04-18 11:27:55.578221')
('2015-04-18 11:29:46.836903', 'get_channel: 2015-04-18 11:27:57.066721 : 1 ')
('2015-04-18 11:29:46.836947', 'fd_channel : login[0] 0 login[1] 0 , tb0[0] 0 tb0[1] 55 , tb1[0] 0 tb1[1] 47')
('2015-04-18 11:29:46.837717', 'get_channel: 2015-04-18 11:27:58.578788 : 1 ')
('2015-04-18 11:29:46.837761', 'fd_channel : login[0] 0 login[1] 0 , tb0[0] 0 tb0[1] 55 , tb1[0] 0 tb1[1] 46')
('2015-04-18 11:29:46.838615', 'get_channel: 2015-04-18 11:28:00.081821 : 1 ')
('2015-04-18 11:29:46.838659', 'fd_channel : login[0] 0 login[1] 0 , tb0[0] 0 tb0[1] 55 , tb1[0] 0 tb1[1] 45')
('2015-04-18 11:29:46.839171', 'get_channel: 2015-04-18 11:28:03.068116 : 1 ')
('2015-04-18 11:29:46.839215', 'fd_channel : login[0] 0 login[1] 0 , tb0[0] 0 tb0[1] 55 , tb1[0] 0 tb1[1] 44')
('2015-04-18 11:29:46.839950', 'get_channel: 2015-04-18 11:28:04.059074 : 1 ')
('2015-04-18 11:29:46.840022', 'fd_channel : login[0] 0 login[1] 0 , tb0[0] 0 tb0[1] 55 , tb1[0] 0 tb1[1] 43')
('2015-04-18 11:29:46.841119', 'get_channel: 2015-04-18 11:28:04.571167 : 1 ')
('2015-04-18 11:29:46.841160', 'fd_channel : login[0] 0 login[1] 0 , tb0[0] 0 tb0[1] 55 , tb1[0] 0 tb1[1] 42')
('2015-04-18 11:29:46.841951', 'get_channel: 2015-04-18 11:28:05.591023 : 1 ')
('2015-04-18 11:29:46.841990', 'fd_channel : login[0] 0 login[1] 0 , tb0[0] 0 tb0[1] 55 , tb1[0] 0 tb1[1] 41')
('2015-04-18 11:29:46.863517', 'close_channel : 2015-04-18 11:27:57.066721')
('2015-04-18 11:29:46.868461', 'close_channel : 2015-04-18 11:27:58.578788')
('2015-04-18 11:29:46.869967', 'close_channel : 2015-04-18 11:28:00.081821')
('2015-04-18 11:29:47.015242', 'get_channel: 2015-04-18 11:28:09.066533 : 1 ')
('2015-04-18 11:29:47.015291', 'fd_channel : login[0] 0 login[1] 0 , tb0[0] 0 tb0[1] 55 , tb1[0] 0 tb1[1] 40')
('2015-04-18 11:29:47.047379', 'get_channel: 2015-04-18 11:28:11.576870 : 1 ')
('2015-04-18 11:29:47.047421', 'fd_channel : login[0] 0 login[1] 0 , tb0[0] 0 tb0[1] 55 , tb1[0] 0 tb1[1] 39')
('2015-04-18 11:29:47.083074', 'close_channel : 2015-04-18 11:28:04.059074')
('2015-04-18 11:29:47.086260', 'close_channel : 2015-04-18 11:28:03.068116')
('2015-04-18 11:29:47.108720', 'get_channel: 2015-04-18 11:28:17.579099 : 1 ')
('2015-04-18 11:29:47.108763', 'fd_channel : login[0] 0 login[1] 0 , tb0[0] 0 tb0[1] 55 , tb1[0] 0 tb1[1] 38')
('2015-04-18 11:29:47.166205', 'get_channel: 2015-04-18 11:28:24.102426 : 1 ')
('2015-04-18 11:29:47.166248', 'fd_channel : login[0] 0 login[1] 0 , tb0[0] 0 tb0[1] 55 , tb1[0] 0 tb1[1] 37')
('2015-04-18 11:29:47.202524', 'close_channel : 2015-04-18 11:28:24.102426')
('2015-04-18 11:29:47.287475', 'get_channel: 2015-04-18 11:28:26.570957 : 1 ')
('2015-04-18 11:29:47.287534', 'fd_channel : login[0] 0 login[1] 0 , tb0[0] 0 tb0[1] 55 , tb1[0] 0 tb1[1] 36')
('2015-04-18 11:29:48.216033', 'get_channel: None ')
('2015-04-18 11:29:48.216111', 'fd_channel : login[0] 0 login[1] 0 , tb0[0] 0 tb0[1] 55 , tb1[0] 0 tb1[1] 36')
('2015-04-18 11:29:48.247873', 'get_channel: None ')
('2015-04-18 11:29:48.247923', 'fd_channel : login[0] 0 login[1] 0 , tb0[0] 0 tb0[1] 55 , tb1[0] 0 tb1[1] 36')
('2015-04-18 11:29:48.309785', 'get_channel: None ')
('2015-04-18 11:29:48.309855', 'fd_channel : login[0] 0 login[1] 0 , tb0[0] 0 tb0[1] 55 , tb1[0] 0 tb1[1] 36')
('2015-04-18 11:29:48.367226', 'get_channel: None ')
('2015-04-18 11:29:48.367296', 'fd_channel : login[0] 0 login[1] 0 , tb0[0] 0 tb0[1] 55 , tb1[0] 0 tb1[1] 36')
('2015-04-18 11:29:48.488700', 'get_channel: None ')
('2015-04-18 11:29:48.488791', 'fd_channel : login[0] 0 login[1] 0 , tb0[0] 0 tb0[1] 55 , tb1[0] 0 tb1[1] 36')
('2015-04-18 11:29:49.016823', 'get_channel: 2015-04-18 11:28:28.063547 : 1 ')
('2015-04-18 11:29:49.016881', 'fd_channel : login[0] 0 login[1] 0 , tb0[0] 0 tb0[1] 55 , tb1[0] 0 tb1[1] 35')
('2015-04-18 11:29:49.048654', 'get_channel: 2015-04-18 11:28:30.090172 : 1 ')
('2015-04-18 11:29:49.048709', 'fd_channel : login[0] 0 login[1] 0 , tb0[0] 0 tb0[1] 55 , tb1[0] 0 tb1[1] 34')
('2015-04-18 11:29:49.110463', 'get_channel: 2015-04-18 11:28:31.062340 : 1 ')
('2015-04-18 11:29:49.110514', 'fd_channel : login[0] 0 login[1] 0 , tb0[0] 0 tb0[1] 55 , tb1[0] 0 tb1[1] 33')
('2015-04-18 11:29:49.289432', 'get_channel: 2015-04-18 11:28:32.558270 : 1 ')
('2015-04-18 11:29:49.289493', 'fd_channel : login[0] 0 login[1] 0 , tb0[0] 0 tb0[1] 55 , tb1[0] 0 tb1[1] 32')
('2015-04-18 11:29:49.320493', 'close_channel : 2015-04-18 11:28:32.558270')
('2015-04-18 11:29:49.789796', 'close_channel : 2015-04-18 11:28:31.062340')
('2015-04-18 11:29:50.217348', 'get_channel: None ')
('2015-04-18 11:29:50.217420', 'fd_channel : login[0] 0 login[1] 0 , tb0[0] 0 tb0[1] 55 , tb1[0] 0 tb1[1] 32')
('2015-04-18 11:29:50.249219', 'get_channel: None ')
('2015-04-18 11:29:50.249266', 'fd_channel : login[0] 0 login[1] 0 , tb0[0] 0 tb0[1] 55 , tb1[0] 0 tb1[1] 32')
('2015-04-18 11:29:50.311046', 'get_channel: None ')
('2015-04-18 11:29:50.311095', 'fd_channel : login[0] 0 login[1] 0 , tb0[0] 0 tb0[1] 55 , tb1[0] 0 tb1[1] 32')
('2015-04-18 11:29:50.490234', 'get_channel: None ')
('2015-04-18 11:29:50.490295', 'fd_channel : login[0] 0 login[1] 0 , tb0[0] 0 tb0[1] 55 , tb1[0] 0 tb1[1] 32')
('2015-04-18 11:29:52.576520', 'put_channel : 2015-04-18 11:29:52.576438 : channel tb1, group 1')
('2015-04-18 11:29:53.836108', 'get_channel: 2015-04-18 11:28:32.587064 : 1 ')
('2015-04-18 11:29:53.836156', 'fd_channel : login[0] 0 login[1] 0 , tb0[0] 0 tb0[1] 55 , tb1[0] 0 tb1[1] 32')
('2015-04-18 11:29:53.843248', 'get_channel: 2015-04-18 11:28:33.081508 : 1 ')
('2015-04-18 11:29:53.843292', 'fd_channel : login[0] 0 login[1] 0 , tb0[0] 0 tb0[1] 55 , tb1[0] 0 tb1[1] 31')
('2015-04-18 11:29:53.883369', 'close_channel : 2015-04-18 11:28:32.587064')
('2015-04-18 11:29:54.185211', 'get_channel: 2015-04-18 11:28:34.060670 : 1 ')
('2015-04-18 11:29:54.185267', 'fd_channel : login[0] 0 login[1] 0 , tb0[0] 0 tb0[1] 55 , tb1[0] 0 tb1[1] 30')
('2015-04-18 11:29:54.960246', 'get_channel: 2015-04-18 11:28:35.559666 : 1 ')
('2015-04-18 11:29:54.960307', 'fd_channel : login[0] 0 login[1] 0 , tb0[0] 0 tb0[1] 55 , tb1[0] 0 tb1[1] 29')
('2015-04-18 11:29:54.961539', 'get_channel: 2015-04-18 11:28:36.091716 : 1 ')
('2015-04-18 11:29:54.961579', 'fd_channel : login[0] 0 login[1] 0 , tb0[0] 0 tb0[1] 55 , tb1[0] 0 tb1[1] 28')
('2015-04-18 11:29:54.962180', 'get_channel: 2015-04-18 11:28:37.061256 : 1 ')
('2015-04-18 11:29:54.962226', 'fd_channel : login[0] 0 login[1] 0 , tb0[0] 0 tb0[1] 55 , tb1[0] 0 tb1[1] 27')
('2015-04-18 11:29:54.963080', 'get_channel: 2015-04-18 11:28:41.563119 : 1 ')
('2015-04-18 11:29:54.963120', 'fd_channel : login[0] 0 login[1] 0 , tb0[0] 0 tb0[1] 55 , tb1[0] 0 tb1[1] 26')
('2015-04-18 11:29:54.963806', 'get_channel: 2015-04-18 11:28:42.062399 : 1 ')
('2015-04-18 11:29:54.963848', 'fd_channel : login[0] 0 login[1] 0 , tb0[0] 0 tb0[1] 55 , tb1[0] 0 tb1[1] 25')
('2015-04-18 11:29:55.386079', 'get_channel: None ')
('2015-04-18 11:29:55.386140', 'fd_channel : login[0] 0 login[1] 0 , tb0[0] 0 tb0[1] 55 , tb1[0] 0 tb1[1] 25')
('2015-04-18 11:29:55.654194', 'close_channel : 2015-04-18 11:28:36.091716')
('2015-04-18 11:29:55.777583', 'get_channel: 2015-04-18 11:28:43.595482 : 1 ')
('2015-04-18 11:29:55.777627', 'fd_channel : login[0] 0 login[1] 0 , tb0[0] 0 tb0[1] 55 , tb1[0] 0 tb1[1] 24')
('2015-04-18 11:29:56.039257', 'close_channel : 2015-04-18 11:28:43.595482')
('2015-04-18 11:29:56.186741', 'get_channel: 2015-04-18 11:28:44.559766 : 1 ')
('2015-04-18 11:29:56.186804', 'fd_channel : login[0] 0 login[1] 0 , tb0[0] 0 tb0[1] 55 , tb1[0] 0 tb1[1] 23')
('2015-04-18 11:29:56.978416', 'get_channel: None ')
('2015-04-18 11:29:56.978492', 'fd_channel : login[0] 0 login[1] 0 , tb0[0] 0 tb0[1] 55 , tb1[0] 0 tb1[1] 23')
('2015-04-18 11:29:57.387609', 'get_channel: None ')
('2015-04-18 11:29:57.387676', 'fd_channel : login[0] 0 login[1] 0 , tb0[0] 0 tb0[1] 55 , tb1[0] 0 tb1[1] 23')
('2015-04-18 11:30:00.188759', 'get_channel: 2015-04-18 11:28:47.562438 : 1 ')
('2015-04-18 11:30:00.188806', 'fd_channel : login[0] 0 login[1] 0 , tb0[0] 0 tb0[1] 55 , tb1[0] 0 tb1[1] 22')
('2015-04-18 11:30:00.844964', 'get_channel: 2015-04-18 11:28:49.079215 : 1 ')
('2015-04-18 11:30:00.845015', 'fd_channel : login[0] 0 login[1] 0 , tb0[0] 0 tb0[1] 55 , tb1[0] 0 tb1[1] 21')
('2015-04-18 11:30:00.968273', 'worker [6] stopping')
('2015-04-18 11:30:01.012516', 'close_channel : 2015-04-18 11:28:17.579099')
('2015-04-18 11:30:01.017380', 'close_channel : 2015-04-18 11:28:05.591023')
('2015-04-18 11:30:01.813007', 'close_channel : 2015-04-18 11:28:35.559666')
('2015-04-18 11:30:01.814802', 'close_channel : 2015-04-18 11:28:42.062399')
('2015-04-18 11:30:01.815768', 'get_channel: 2015-04-18 11:28:52.062403 : 1 ')
('2015-04-18 11:30:01.815815', 'fd_channel : login[0] 0 login[1] 0 , tb0[0] 0 tb0[1] 55 , tb1[0] 0 tb1[1] 20')
('2015-04-18 11:30:01.818154', 'get_channel: 2015-04-18 11:28:52.575291 : 1 ')
('2015-04-18 11:30:01.818199', 'fd_channel : login[0] 0 login[1] 0 , tb0[0] 0 tb0[1] 55 , tb1[0] 0 tb1[1] 19')
('2015-04-18 11:30:01.964597', 'get_channel: 2015-04-18 11:28:54.076590 : 1 ')
('2015-04-18 11:30:01.964644', 'fd_channel : login[0] 0 login[1] 0 , tb0[0] 0 tb0[1] 55 , tb1[0] 0 tb1[1] 18')
('2015-04-18 11:30:01.965825', 'get_channel: 2015-04-18 11:28:56.561205 : 1 ')
('2015-04-18 11:30:01.965865', 'fd_channel : login[0] 0 login[1] 0 , tb0[0] 0 tb0[1] 55 , tb1[0] 0 tb1[1] 17')
('2015-04-18 11:30:03.557083', 'close_channel : 2015-04-18 11:28:54.076590')
('2015-04-18 11:30:04.091196', 'put_channel : 2015-04-18 11:30:04.091110 : channel tb1, group 1')
('2015-04-18 11:30:04.967085', 'get_channel: 2015-04-18 11:28:58.062244 : 1 ')
('2015-04-18 11:30:04.967155', 'fd_channel : login[0] 0 login[1] 0 , tb0[0] 0 tb0[1] 55 , tb1[0] 0 tb1[1] 17')
('2015-04-18 11:30:07.144230', 'put_channel : 2015-04-18 11:30:07.144136 : channel tb1, group 1')
('2015-04-18 11:30:07.190282', 'get_channel: 2015-04-18 11:28:59.576317 : 1 ')
('2015-04-18 11:30:07.190334', 'fd_channel : login[0] 0 login[1] 0 , tb0[0] 0 tb0[1] 55 , tb1[0] 0 tb1[1] 17')
('2015-04-18 11:30:08.818313', 'get_channel: 2015-04-18 11:29:01.064036 : 1 ')
('2015-04-18 11:30:08.818358', 'fd_channel : login[0] 0 login[1] 0 , tb0[0] 0 tb0[1] 55 , tb1[0] 0 tb1[1] 16')
('2015-04-18 11:30:08.819686', 'get_channel: 2015-04-18 11:29:01.561416 : 1 ')
('2015-04-18 11:30:08.819728', 'fd_channel : login[0] 0 login[1] 0 , tb0[0] 0 tb0[1] 55 , tb1[0] 0 tb1[1] 15')
('2015-04-18 11:30:08.844645', 'close_channel : 2015-04-18 11:29:01.561416')
('2015-04-18 11:30:08.846463', 'close_channel : 2015-04-18 11:29:01.064036')
('2015-04-18 11:30:08.967126', 'get_channel: 2015-04-18 11:29:04.562915 : 1 ')
('2015-04-18 11:30:08.967172', 'fd_channel : login[0] 0 login[1] 0 , tb0[0] 0 tb0[1] 55 , tb1[0] 0 tb1[1] 14')
('2015-04-18 11:30:12.292183', 'close_channel : 2015-04-18 11:29:04.562915')
('2015-04-18 11:30:13.704345', 'put_channel : 2015-04-18 11:30:13.704264 : channel tb1, group 1')
('2015-04-18 11:30:14.170514', 'close_channel : 2015-04-18 11:28:59.576317')
('2015-04-18 11:30:14.172606', 'get_channel: 2015-04-18 11:29:06.061385 : 1 ')
('2015-04-18 11:30:14.172656', 'fd_channel : login[0] 0 login[1] 0 , tb0[0] 0 tb0[1] 55 , tb1[0] 0 tb1[1] 14')
('2015-04-18 11:30:15.018317', 'close_channel : 2015-04-18 11:28:49.079215')
('2015-04-18 11:30:15.703067', 'close_channel : 2015-04-18 11:29:06.061385')
('2015-04-18 11:30:15.733141', 'close_channel : 2015-04-18 11:28:52.062403')
('2015-04-18 11:30:17.048456', 'close_channel : 2015-04-18 11:28:28.063547')
('2015-04-18 11:30:17.079947', 'close_channel : 2015-04-18 11:28:30.090172')
('2015-04-18 11:30:20.600511', 'put_channel : 2015-04-18 11:30:20.600413 : channel tb1, group 1')
('2015-04-18 11:30:21.847224', 'close_channel : 2015-04-18 11:28:33.081508')
('2015-04-18 11:30:51.220321', 'close_channel : 2015-04-18 11:28:37.061256')
('2015-04-18 11:30:51.222407', 'close_channel : 2015-04-18 11:28:41.563119')
('2015-04-18 11:30:57.222675', 'put_channel : 2015-04-18 11:30:57.222584 : channel tb1, group 1')
