('2015-04-18 10:19:31.618296', 'client 52760920 login 陈国忠 350321197307074873')
('2015-04-18 10:19:33.109941', 'client 52275742 login 赵炯 310102197406074417')
('2015-04-18 10:19:34.594218', 'client 52756228 login 史轶群 350402197610160017')
('2015-04-18 10:19:36.094678', 'client 52757059 login 徐晨 310104198806266845')
('2015-04-18 10:19:37.611775', 'client 52578664 login 方涛 310106198904011611')
('2015-04-18 10:19:39.097684', 'client 52749902 login 邵子轩 310107198509140049')
('2015-04-18 10:34:10.481766', 'client 52760920 bid 0 image 176AF0D41068F4686EF377F972DF0653 925063 ')
('2015-04-18 10:34:10.519441', 'client 52760920 bid 0 price 75200 陈国忠 350321197307074873')
('2015-04-18 10:34:12.028368', 'client 52756228 bid 0 image 4E7222C75338EBC4EB5E7F4A802DACD1 362526 ')
('2015-04-18 10:34:12.063804', 'client 52756228 bid 0 price 75200 史轶群 350402197610160017')
('2015-04-18 10:34:12.082210', 'client 52749902 bid 0 image D7B1E7AA41F7811A695220F8C917D9E8 460618 ')
('2015-04-18 10:34:12.118935', 'client 52749902 bid 0 price 75200 邵子轩 310107198509140049')
('2015-04-18 10:34:14.795120', 'client 52757059 bid 0 image A464912C5B0E3D721786CDF7E331A8DF 263526 ')
('2015-04-18 10:34:14.834318', 'client 52757059 bid 0 price 75200 徐晨 310104198806266845')
('2015-04-18 10:34:18.192077', 'client 52578664 bid 0 image D16A9BED6C4BBF867369A8FB93C53C3C 283915 ')
('2015-04-18 10:34:18.230179', 'client 52578664 bid 0 price 75200 方涛 310106198904011611')
('2015-04-18 10:34:20.699047', 'client 52275742 bid 0 image 59B2F42941ABB9A408216B70EB1F90B5 491936 ')
('2015-04-18 10:34:20.733490', 'client 52275742 bid 0 price 75200 赵炯 310102197406074417')
('2015-04-18 11:29:37.294599', 'client 52760920 bid 1 image 427B0032315E8F5844EC126EBD515C4A 284905 ')
('2015-04-18 11:29:37.563744', 'client 52757059 bid 1 image CB9BCB0C6A1075F893ECE5476B2DF2A4 163919 ')
('2015-04-18 11:29:37.703312', 'client 52756228 bid 1 image 5B47C6FA881A3B8687CD1508D5651CFC 253626 ')
('2015-04-18 11:29:37.887950', 'client 52275742 bid 1 image 3B527CFBF8CA0E01A7A742B471EAD8BE 354846 ')
('2015-04-18 11:29:38.145404', 'client 52749902 bid 1 image F45725ECDAAB69495A1B19A0FF7BC174 382625 ')
('2015-04-18 11:29:44.486162', 'client 52578664 bid 1 image A5EC525CC123223650F205EF31277DB6 946263 ')
('2015-04-18 11:29:50.696500', 'client 52275742 bid 1 price 80700 赵炯 310102197406074417')
('2015-04-18 11:29:50.706450', 'client 52760920 bid 1 price 80700 陈国忠 350321197307074873')
('2015-04-18 11:29:52.697483', 'client 52275742 bid 2 price as same as bid 1 , cancel ')
('2015-04-18 11:29:52.697637', 'client 52275742 bid 2 image Failed')
('2015-04-18 11:29:52.697680', 'client 52275742 bid 2 failed. Abort.....')
('2015-04-18 11:29:52.708581', 'client 52760920 bid 2 price as same as bid 1 , cancel ')
('2015-04-18 11:29:52.708656', 'client 52760920 bid 2 image Failed')
('2015-04-18 11:29:52.708695', 'client 52760920 bid 2 failed. Abort.....')
('2015-04-18 11:29:56.446056', 'client 52757059 bid 1 price Failed')
('2015-04-18 11:29:56.446235', 'client 52757059 bid 1 failed. Abort.....')
('2015-04-18 11:29:56.450006', 'client 52756228 bid 1 price Failed')
('2015-04-18 11:29:56.450087', 'client 52756228 bid 1 failed. Abort.....')
('2015-04-18 11:29:56.450510', 'client 52749902 bid 1 price Failed')
('2015-04-18 11:29:56.450560', 'client 52749902 bid 1 failed. Abort.....')
('2015-04-18 11:29:56.452098', 'client 52578664 bid 1 price Failed')
('2015-04-18 11:29:56.452150', 'client 52578664 bid 1 failed. Abort.....')
('2015-04-18 11:30:02.707841', "client 52275742 bids finished. price : ['75200', '80700', None] . Quit.....")
('2015-04-18 11:30:02.711542', "client 52760920 bids finished. price : ['75200', '80700', None] . Quit.....")
('2015-04-18 11:30:13.453356', 'client 52757059 bid 2 image Failed')
('2015-04-18 11:30:13.453409', 'client 52757059 bid 2 failed. Abort.....')
('2015-04-18 11:30:13.459500', 'client 52578664 bid 2 image Failed')
('2015-04-18 11:30:13.459568', 'client 52578664 bid 2 failed. Abort.....')
('2015-04-18 11:30:14.213237', 'client 52749902 bid 2 image Failed')
('2015-04-18 11:30:14.213288', 'client 52749902 bid 2 failed. Abort.....')
('2015-04-18 11:30:17.457172', 'client 52756228 bid 2 image Failed')
('2015-04-18 11:30:17.457218', 'client 52756228 bid 2 failed. Abort.....')
('2015-04-18 11:30:23.459336', "client 52757059 bids finished. price : ['75200', None, None] . Quit.....")
('2015-04-18 11:30:23.469682', "client 52578664 bids finished. price : ['75200', None, None] . Quit.....")
('2015-04-18 11:30:24.223443', "client 52749902 bids finished. price : ['75200', None, None] . Quit.....")
('2015-04-18 11:30:27.467370', "client 52756228 bids finished. price : ['75200', '80700', None] . Quit.....")
