('2015-04-18 10:19:31.613791', 'client 52528710 login 施俊 310106197301081229')
('2015-04-18 10:19:33.108265', 'client 52774746 login 陈蔚 31022619810624004x')
('2015-04-18 10:19:34.608259', 'client 52513427 login 聂凯 362203197705180626')
('2015-04-18 10:19:36.109317', 'client 52710166 login 王明 142402197910212117')
('2015-04-18 10:19:37.607888', 'client 52480995 login 黄云峰 310230197010073558')
('2015-04-18 10:19:39.109513', 'client 52780247 login 杨博斓 310101197609260010')
('2015-04-18 10:19:40.589563', 'client 52534659 login 徐超 310112198307142418')
('2015-04-18 10:34:07.407704', 'client 52534659 bid 0 image C9ECC97A5EEDFCDF75E7C082F88E1197 060539 ')
('2015-04-18 10:34:07.633492', 'client 52774746 bid 0 image 68F74F059AF62F9F6D35F496C06DDEAB 946184 ')
('2015-04-18 10:34:07.891631', 'client 52774746 bid 0 price 75200 陈蔚 31022619810624004x')
('2015-04-18 10:34:08.005483', 'client 52528710 bid 0 image 31077986C6C16D49C3F0F055C9D2DD21 080926 ')
('2015-04-18 10:34:08.044653', 'client 52528710 bid 0 price 75200 施俊 310106197301081229')
('2015-04-18 10:34:08.118264', 'client 52534659 bid 0 price 75200 徐超 310112198307142418')
('2015-04-18 10:34:10.597045', 'client 52513427 bid 0 image D10A2F218DE9D48DB774A8E44670BB53 260645 ')
('2015-04-18 10:34:10.779137', 'client 52710166 bid 0 image 330E274BFAD3F7804F701B57CAD07FEC 535463 ')
('2015-04-18 10:34:13.373520', 'client 52780247 bid 0 image 0B615DE8B9A6B62B85942C152B398B62 282908 ')
('2015-04-18 10:34:14.441803', 'client 52710166 bid 0 price 75200 王明 142402197910212117')
('2015-04-18 10:34:14.983539', 'client 52780247 bid 0 price 75200 杨博斓 310101197609260010')
('2015-04-18 10:34:19.339002', 'client 52513427 bid 0 price 75200 聂凯 362203197705180626')
('2015-04-18 10:34:32.991727', 'client 52480995 bid 0 image 7968B47859F1E6780E15672464AB4298 635153 ')
('2015-04-18 10:34:36.326646', 'client 52480995 bid 0 price 75200 黄云峰 310230197010073558')
('2015-04-18 11:29:36.323630', 'client 52774746 bid 1 image 1FA0C086EFD236359DA773CD94CD3067 390609 ')
('2015-04-18 11:29:36.625740', 'client 52513427 bid 1 image CD457C6F6187BCF0DFE86B5E0FB9BC55 062806 ')
('2015-04-18 11:29:36.903835', 'client 52710166 bid 1 image F9AFBDA6C07E0A13DC9DB4DAF5EE458C 548152 ')
('2015-04-18 11:29:37.029576', 'client 52780247 bid 1 image 0E1EE5423CF934E140B82B726E1617AC 815360 ')
('2015-04-18 11:29:37.183528', 'client 52534659 bid 1 image B3B2A785843F6C8D93A528B164B16AC4 606281 ')
('2015-04-18 11:29:37.542080', 'client 52528710 bid 1 image 459366C0D9796323163E22477C998E1F 825391 ')
('2015-04-18 11:29:37.733901', 'client 52480995 bid 1 image 19ADD47233C417B497C109EE3C4A8973 364846 ')
('2015-04-18 11:29:50.816642', 'client 52513427 bid 1 price 80700 聂凯 362203197705180626')
('2015-04-18 11:29:56.108953', 'client 52780247 bid 1 price Failed')
('2015-04-18 11:29:56.109100', 'client 52780247 bid 1 failed. Abort.....')
('2015-04-18 11:29:56.113497', 'client 52710166 bid 1 price Failed')
('2015-04-18 11:29:56.113557', 'client 52710166 bid 1 failed. Abort.....')
('2015-04-18 11:29:56.115149', 'client 52480995 bid 1 price Failed')
('2015-04-18 11:29:56.115200', 'client 52480995 bid 1 failed. Abort.....')
('2015-04-18 11:29:56.115659', 'client 52774746 bid 1 price Failed')
('2015-04-18 11:29:56.115732', 'client 52774746 bid 1 failed. Abort.....')
('2015-04-18 11:29:56.116513', 'client 52534659 bid 1 price Failed')
('2015-04-18 11:29:56.116563', 'client 52534659 bid 1 failed. Abort.....')
('2015-04-18 11:29:56.118109', 'client 52528710 bid 1 price Failed')
('2015-04-18 11:29:56.118159', 'client 52528710 bid 1 failed. Abort.....')
('2015-04-18 11:29:56.982152', 'client 52534659 bid 2 image 011B692332261B9FE4E069329C6AAD47 919361 ')
('2015-04-18 11:30:08.019221', 'client 52710166 bid 2 image Failed')
('2015-04-18 11:30:08.019274', 'client 52710166 bid 2 failed. Abort.....')
('2015-04-18 11:30:10.986797', 'client 52534659 bid 2 price Failed')
('2015-04-18 11:30:10.986980', 'client 52534659 bid 2 failed. Abort.....')
('2015-04-18 11:30:13.423798', 'client 52528710 bid 2 image Failed')
('2015-04-18 11:30:13.423844', 'client 52528710 bid 2 failed. Abort.....')
('2015-04-18 11:30:14.022627', 'client 52480995 bid 2 image Failed')
('2015-04-18 11:30:14.022702', 'client 52480995 bid 2 failed. Abort.....')
('2015-04-18 11:30:15.096273', 'client 52513427 bid 2 image Failed')
('2015-04-18 11:30:15.096320', 'client 52513427 bid 2 failed. Abort.....')
('2015-04-18 11:30:17.111397', 'client 52774746 bid 2 image Failed')
('2015-04-18 11:30:17.111491', 'client 52774746 bid 2 failed. Abort.....')
('2015-04-18 11:30:17.113173', 'client 52780247 bid 2 image Failed')
('2015-04-18 11:30:17.113215', 'client 52780247 bid 2 failed. Abort.....')
('2015-04-18 11:30:18.029214', "client 52710166 bids finished. price : ['75200', None, None] . Quit.....")
('2015-04-18 11:30:20.997140', "client 52534659 bids finished. price : ['75200', None, None] . Quit.....")
('2015-04-18 11:30:23.434027', "client 52528710 bids finished. price : ['75200', None, None] . Quit.....")
('2015-04-18 11:30:24.028650', "client 52480995 bids finished. price : ['75200', None, None] . Quit.....")
('2015-04-18 11:30:25.106487', "client 52513427 bids finished. price : ['75200', '80700', None] . Quit.....")
('2015-04-18 11:30:27.118989', "client 52780247 bids finished. price : ['75200', None, None] . Quit.....")
('2015-04-18 11:30:27.121579', "client 52774746 bids finished. price : ['75200', None, None] . Quit.....")
