('2015-04-18 10:19:30.414050', 'worker [8] started')
('2015-04-18 10:19:30.414139', 'client 7 initted')
('2015-04-18 10:19:31.576629', 'put_channel : 2015-04-18 10:19:31.576513 : channel login, group 1')
('2015-04-18 10:19:31.580737', 'get_channel: 2015-04-18 10:19:31.576513 : 1 ')
('2015-04-18 10:19:31.580799', 'fd_channel : login[0] 0 login[1] 0 , tb0[0] 0 tb0[1] 0 , tb1[0] 0 tb1[1] 0')
('2015-04-18 10:19:31.608497', 'close_channel : 2015-04-18 10:19:31.576513')
('2015-04-18 10:19:33.078075', 'put_channel : 2015-04-18 10:19:33.077963 : channel login, group 1')
('2015-04-18 10:19:33.078664', 'get_channel: 2015-04-18 10:19:33.077963 : 1 ')
('2015-04-18 10:19:33.078722', 'fd_channel : login[0] 0 login[1] 0 , tb0[0] 0 tb0[1] 0 , tb1[0] 0 tb1[1] 0')
('2015-04-18 10:19:33.107158', 'close_channel : 2015-04-18 10:19:33.077963')
('2015-04-18 10:19:34.577628', 'put_channel : 2015-04-18 10:19:34.577526 : channel login, group 1')
('2015-04-18 10:19:34.578122', 'get_channel: 2015-04-18 10:19:34.577526 : 1 ')
('2015-04-18 10:19:34.578175', 'fd_channel : login[0] 0 login[1] 0 , tb0[0] 0 tb0[1] 0 , tb1[0] 0 tb1[1] 0')
('2015-04-18 10:19:34.606721', 'close_channel : 2015-04-18 10:19:34.577526')
('2015-04-18 10:19:36.078237', 'put_channel : 2015-04-18 10:19:36.078115 : channel login, group 1')
('2015-04-18 10:19:36.078890', 'get_channel: 2015-04-18 10:19:36.078115 : 1 ')
('2015-04-18 10:19:36.078966', 'fd_channel : login[0] 0 login[1] 0 , tb0[0] 0 tb0[1] 0 , tb1[0] 0 tb1[1] 0')
('2015-04-18 10:19:36.108120', 'close_channel : 2015-04-18 10:19:36.078115')
('2015-04-18 10:19:37.577606', 'put_channel : 2015-04-18 10:19:37.577503 : channel login, group 1')
('2015-04-18 10:19:37.578329', 'get_channel: 2015-04-18 10:19:37.577503 : 1 ')
('2015-04-18 10:19:37.578394', 'fd_channel : login[0] 0 login[1] 0 , tb0[0] 0 tb0[1] 0 , tb1[0] 0 tb1[1] 0')
('2015-04-18 10:19:37.606400', 'close_channel : 2015-04-18 10:19:37.577503')
('2015-04-18 10:19:39.078946', 'put_channel : 2015-04-18 10:19:39.078824 : channel login, group 1')
('2015-04-18 10:19:39.079332', 'get_channel: 2015-04-18 10:19:39.078824 : 1 ')
('2015-04-18 10:19:39.079384', 'fd_channel : login[0] 0 login[1] 0 , tb0[0] 0 tb0[1] 0 , tb1[0] 0 tb1[1] 0')
('2015-04-18 10:19:39.108262', 'close_channel : 2015-04-18 10:19:39.078824')
('2015-04-18 10:19:40.564333', 'put_channel : 2015-04-18 10:19:40.564250 : channel login, group 1')
('2015-04-18 10:19:40.564864', 'get_channel: 2015-04-18 10:19:40.564250 : 1 ')
('2015-04-18 10:19:40.564918', 'fd_channel : login[0] 0 login[1] 0 , tb0[0] 0 tb0[1] 0 , tb1[0] 0 tb1[1] 0')
('2015-04-18 10:19:40.588493', 'close_channel : 2015-04-18 10:19:40.564250')
('2015-04-18 10:32:33.065155', 'put_channel : 2015-04-18 10:32:33.065034 : channel tb0, group 1')
('2015-04-18 10:32:34.575917', 'put_channel : 2015-04-18 10:32:34.575816 : channel tb0, group 1')
('2015-04-18 10:32:36.077364', 'put_channel : 2015-04-18 10:32:36.077246 : channel tb0, group 1')
('2015-04-18 10:32:37.576624', 'put_channel : 2015-04-18 10:32:37.576498 : channel tb0, group 1')
('2015-04-18 10:32:39.075688', 'put_channel : 2015-04-18 10:32:39.075539 : channel tb0, group 1')
('2015-04-18 10:32:40.578885', 'put_channel : 2015-04-18 10:32:40.578764 : channel tb0, group 1')
('2015-04-18 10:32:42.063775', 'put_channel : 2015-04-18 10:32:42.063622 : channel tb0, group 1')
('2015-04-18 10:32:43.578815', 'put_channel : 2015-04-18 10:32:43.578695 : channel tb0, group 1')
('2015-04-18 10:32:45.078935', 'put_channel : 2015-04-18 10:32:45.078813 : channel tb0, group 1')
('2015-04-18 10:32:46.576390', 'put_channel : 2015-04-18 10:32:46.576294 : channel tb0, group 1')
('2015-04-18 10:32:48.075281', 'put_channel : 2015-04-18 10:32:48.075162 : channel tb0, group 1')
('2015-04-18 10:32:49.575092', 'put_channel : 2015-04-18 10:32:49.574971 : channel tb0, group 1')
('2015-04-18 10:32:51.064479', 'put_channel : 2015-04-18 10:32:51.064364 : channel tb0, group 1')
('2015-04-18 10:32:52.585665', 'put_channel : 2015-04-18 10:32:52.585551 : channel tb0, group 1')
('2015-04-18 10:32:54.079083', 'put_channel : 2015-04-18 10:32:54.078980 : channel tb0, group 1')
('2015-04-18 10:32:55.565518', 'put_channel : 2015-04-18 10:32:55.565407 : channel tb0, group 1')
('2015-04-18 10:32:57.078220', 'put_channel : 2015-04-18 10:32:57.078096 : channel tb0, group 1')
('2015-04-18 10:32:58.577456', 'put_channel : 2015-04-18 10:32:58.577341 : channel tb0, group 1')
('2015-04-18 10:33:00.077075', 'put_channel : 2015-04-18 10:33:00.076949 : channel tb0, group 1')
('2015-04-18 10:33:01.577129', 'put_channel : 2015-04-18 10:33:01.577025 : channel tb0, group 1')
('2015-04-18 10:33:03.068828', 'put_channel : 2015-04-18 10:33:03.068716 : channel tb0, group 1')
('2015-04-18 10:33:04.563187', 'put_channel : 2015-04-18 10:33:04.563073 : channel tb0, group 1')
('2015-04-18 10:33:06.081418', 'put_channel : 2015-04-18 10:33:06.081312 : channel tb0, group 1')
('2015-04-18 10:33:07.578220', 'put_channel : 2015-04-18 10:33:07.578098 : channel tb0, group 1')
('2015-04-18 10:33:09.080214', 'put_channel : 2015-04-18 10:33:09.080107 : channel tb0, group 1')
('2015-04-18 10:33:10.576483', 'put_channel : 2015-04-18 10:33:10.576361 : channel tb0, group 1')
('2015-04-18 10:33:12.077681', 'put_channel : 2015-04-18 10:33:12.077562 : channel tb0, group 1')
('2015-04-18 10:33:13.578323', 'put_channel : 2015-04-18 10:33:13.578237 : channel tb0, group 1')
('2015-04-18 10:33:15.082625', 'put_channel : 2015-04-18 10:33:15.082499 : channel tb0, group 1')
('2015-04-18 10:33:16.579012', 'put_channel : 2015-04-18 10:33:16.578896 : channel tb0, group 1')
('2015-04-18 10:33:23.573871', 'put_channel : 2015-04-18 10:33:23.573748 : channel tb0, group 1')
('2015-04-18 10:33:25.563087', 'put_channel : 2015-04-18 10:33:25.562981 : channel tb0, group 1')
('2015-04-18 10:33:26.585575', 'put_channel : 2015-04-18 10:33:26.585463 : channel tb0, group 1')
('2015-04-18 10:33:28.578330', 'put_channel : 2015-04-18 10:33:28.578222 : channel tb0, group 1')
('2015-04-18 10:33:31.563484', 'put_channel : 2015-04-18 10:33:31.563369 : channel tb0, group 1')
('2015-04-18 10:33:34.577867', 'put_channel : 2015-04-18 10:33:34.577740 : channel tb0, group 1')
('2015-04-18 10:33:34.601603', 'put_channel : 2015-04-18 10:33:34.601495 : channel tb0, group 1')
('2015-04-18 10:33:37.645646', 'put_channel : 2015-04-18 10:33:37.645527 : channel tb0, group 1')
('2015-04-18 10:33:38.575610', 'put_channel : 2015-04-18 10:33:38.575491 : channel tb0, group 1')
('2015-04-18 10:33:41.574551', 'put_channel : 2015-04-18 10:33:41.574456 : channel tb0, group 1')
('2015-04-18 10:33:42.078177', 'put_channel : 2015-04-18 10:33:42.078059 : channel tb0, group 1')
('2015-04-18 10:33:42.441831', 'put_channel : 2015-04-18 10:33:42.441711 : channel tb0, group 1')
('2015-04-18 10:33:43.578911', 'put_channel : 2015-04-18 10:33:43.578787 : channel tb0, group 1')
('2015-04-18 10:33:47.572182', 'put_channel : 2015-04-18 10:33:47.572078 : channel tb0, group 1')
('2015-04-18 10:33:48.080232', 'put_channel : 2015-04-18 10:33:48.080119 : channel tb0, group 1')
('2015-04-18 10:33:48.369367', 'put_channel : 2015-04-18 10:33:48.369243 : channel tb0, group 1')
('2015-04-18 10:33:49.140657', 'put_channel : 2015-04-18 10:33:49.140552 : channel tb0, group 1')
('2015-04-18 10:33:52.073683', 'put_channel : 2015-04-18 10:33:52.073572 : channel tb0, group 1')
('2015-04-18 10:33:52.113925', 'put_channel : 2015-04-18 10:33:52.113814 : channel tb0, group 1')
('2015-04-18 10:33:55.109946', 'put_channel : 2015-04-18 10:33:55.109826 : channel tb0, group 1')
('2015-04-18 10:33:58.073644', 'put_channel : 2015-04-18 10:33:58.073524 : channel tb0, group 1')
('2015-04-18 10:33:58.564463', 'put_channel : 2015-04-18 10:33:58.564342 : channel tb0, group 1')
('2015-04-18 10:33:58.937634', 'put_channel : 2015-04-18 10:33:58.937528 : channel tb0, group 1')
('2015-04-18 10:33:59.584655', 'put_channel : 2015-04-18 10:33:59.584558 : channel tb0, group 1')
('2015-04-18 10:34:02.893855', 'get_channel: 2015-04-18 10:32:33.065034 : 1 ')
('2015-04-18 10:34:02.893933', 'fd_channel : login[0] 0 login[1] 0 , tb0[0] 0 tb0[1] 53 , tb1[0] 0 tb1[1] 0')
('2015-04-18 10:34:02.895266', 'get_channel: 2015-04-18 10:32:34.575816 : 1 ')
('2015-04-18 10:34:02.895314', 'fd_channel : login[0] 0 login[1] 0 , tb0[0] 0 tb0[1] 52 , tb1[0] 0 tb1[1] 0')
('2015-04-18 10:34:02.896838', 'get_channel: 2015-04-18 10:32:36.077246 : 1 ')
('2015-04-18 10:34:02.896884', 'fd_channel : login[0] 0 login[1] 0 , tb0[0] 0 tb0[1] 51 , tb1[0] 0 tb1[1] 0')
('2015-04-18 10:34:02.941769', 'close_channel : 2015-04-18 10:32:33.065034')
('2015-04-18 10:34:02.946102', 'close_channel : 2015-04-18 10:32:34.575816')
('2015-04-18 10:34:02.948264', 'close_channel : 2015-04-18 10:32:36.077246')
('2015-04-18 10:34:03.078189', 'put_channel : 2015-04-18 10:34:03.078087 : channel tb0, group 1')
('2015-04-18 10:34:03.078740', 'put_channel : 2015-04-18 10:34:03.078697 : channel tb0, group 1')
('2015-04-18 10:34:03.193909', 'get_channel: 2015-04-18 10:32:37.576498 : 1 ')
('2015-04-18 10:34:03.193977', 'fd_channel : login[0] 0 login[1] 0 , tb0[0] 0 tb0[1] 52 , tb1[0] 0 tb1[1] 0')
('2015-04-18 10:34:03.196411', 'get_channel: 2015-04-18 10:32:39.075539 : 1 ')
('2015-04-18 10:34:03.196473', 'fd_channel : login[0] 0 login[1] 0 , tb0[0] 0 tb0[1] 51 , tb1[0] 0 tb1[1] 0')
('2015-04-18 10:34:03.224017', 'close_channel : 2015-04-18 10:32:37.576498')
('2015-04-18 10:34:03.225952', 'close_channel : 2015-04-18 10:32:39.075539')
('2015-04-18 10:34:03.496615', 'get_channel: 2015-04-18 10:32:40.578764 : 1 ')
('2015-04-18 10:34:03.496686', 'fd_channel : login[0] 0 login[1] 0 , tb0[0] 0 tb0[1] 50 , tb1[0] 0 tb1[1] 0')
('2015-04-18 10:34:03.527173', 'close_channel : 2015-04-18 10:32:40.578764')
('2015-04-18 10:34:03.798673', 'get_channel: 2015-04-18 10:32:42.063622 : 1 ')
('2015-04-18 10:34:03.798744', 'fd_channel : login[0] 0 login[1] 0 , tb0[0] 0 tb0[1] 49 , tb1[0] 0 tb1[1] 0')
('2015-04-18 10:34:03.825671', 'close_channel : 2015-04-18 10:32:42.063622')
('2015-04-18 10:34:07.408929', 'get_channel: 2015-04-18 10:32:43.578695 : 1 ')
('2015-04-18 10:34:07.408980', 'fd_channel : login[0] 0 login[1] 0 , tb0[0] 0 tb0[1] 48 , tb1[0] 0 tb1[1] 0')
('2015-04-18 10:34:07.635113', 'get_channel: 2015-04-18 10:32:45.078813 : 1 ')
('2015-04-18 10:34:07.635181', 'fd_channel : login[0] 0 login[1] 0 , tb0[0] 0 tb0[1] 47 , tb1[0] 0 tb1[1] 0')
('2015-04-18 10:34:07.889996', 'close_channel : 2015-04-18 10:32:45.078813')
('2015-04-18 10:34:07.937996', 'put_channel : 2015-04-18 10:34:07.937946 : channel tb0, group 1')
('2015-04-18 10:34:08.006619', 'get_channel: 2015-04-18 10:32:46.576294 : 1 ')
('2015-04-18 10:34:08.006671', 'fd_channel : login[0] 0 login[1] 0 , tb0[0] 0 tb0[1] 47 , tb1[0] 0 tb1[1] 0')
('2015-04-18 10:34:08.042811', 'close_channel : 2015-04-18 10:32:46.576294')
('2015-04-18 10:34:08.116519', 'close_channel : 2015-04-18 10:32:43.578695')
('2015-04-18 10:34:08.575214', 'put_channel : 2015-04-18 10:34:08.575098 : channel tb0, group 1')
('2015-04-18 10:34:08.583827', 'put_channel : 2015-04-18 10:34:08.583750 : channel tb0, group 1')
('2015-04-18 10:34:08.609828', 'get_channel: None ')
('2015-04-18 10:34:08.609941', 'fd_channel : login[0] 0 login[1] 0 , tb0[0] 0 tb0[1] 49 , tb1[0] 0 tb1[1] 0')
('2015-04-18 10:34:08.836358', 'get_channel: None ')
('2015-04-18 10:34:08.836443', 'fd_channel : login[0] 0 login[1] 0 , tb0[0] 0 tb0[1] 49 , tb1[0] 0 tb1[1] 0')
('2015-04-18 10:34:09.207918', 'get_channel: None ')
('2015-04-18 10:34:09.208022', 'fd_channel : login[0] 0 login[1] 0 , tb0[0] 0 tb0[1] 49 , tb1[0] 0 tb1[1] 0')
('2015-04-18 10:34:10.598303', 'get_channel: 2015-04-18 10:32:48.075162 : 1 ')
('2015-04-18 10:34:10.598358', 'fd_channel : login[0] 0 login[1] 0 , tb0[0] 0 tb0[1] 48 , tb1[0] 0 tb1[1] 0')
('2015-04-18 10:34:10.780426', 'get_channel: 2015-04-18 10:32:49.574971 : 1 ')
('2015-04-18 10:34:10.780479', 'fd_channel : login[0] 0 login[1] 0 , tb0[0] 0 tb0[1] 47 , tb1[0] 0 tb1[1] 0')
('2015-04-18 10:34:11.799615', 'get_channel: None ')
('2015-04-18 10:34:11.799767', 'fd_channel : login[0] 0 login[1] 0 , tb0[0] 0 tb0[1] 47 , tb1[0] 0 tb1[1] 0')
('2015-04-18 10:34:11.981838', 'get_channel: None ')
('2015-04-18 10:34:11.981959', 'fd_channel : login[0] 0 login[1] 0 , tb0[0] 0 tb0[1] 47 , tb1[0] 0 tb1[1] 0')
('2015-04-18 10:34:12.600331', 'get_channel: 2015-04-18 10:32:51.064364 : 1 ')
('2015-04-18 10:34:12.600406', 'fd_channel : login[0] 0 login[1] 0 , tb0[0] 0 tb0[1] 46 , tb1[0] 0 tb1[1] 0')
('2015-04-18 10:34:12.782479', 'get_channel: 2015-04-18 10:32:52.585551 : 1 ')
('2015-04-18 10:34:12.782577', 'fd_channel : login[0] 0 login[1] 0 , tb0[0] 0 tb0[1] 45 , tb1[0] 0 tb1[1] 0')
('2015-04-18 10:34:13.374869', 'get_channel: 2015-04-18 10:32:54.078980 : 1 ')
('2015-04-18 10:34:13.374923', 'fd_channel : login[0] 0 login[1] 0 , tb0[0] 0 tb0[1] 44 , tb1[0] 0 tb1[1] 0')
('2015-04-18 10:34:13.802359', 'get_channel: None ')
('2015-04-18 10:34:13.802446', 'fd_channel : login[0] 0 login[1] 0 , tb0[0] 0 tb0[1] 44 , tb1[0] 0 tb1[1] 0')
('2015-04-18 10:34:13.983596', 'get_channel: None ')
('2015-04-18 10:34:13.983737', 'fd_channel : login[0] 0 login[1] 0 , tb0[0] 0 tb0[1] 44 , tb1[0] 0 tb1[1] 0')
('2015-04-18 10:34:14.440181', 'close_channel : 2015-04-18 10:32:52.585551')
('2015-04-18 10:34:14.559846', 'put_channel : 2015-04-18 10:34:14.559731 : channel tb0, group 1')
('2015-04-18 10:34:14.576052', 'get_channel: None ')
('2015-04-18 10:34:14.576126', 'fd_channel : login[0] 0 login[1] 0 , tb0[0] 0 tb0[1] 45 , tb1[0] 0 tb1[1] 0')
('2015-04-18 10:34:14.981823', 'close_channel : 2015-04-18 10:32:54.078980')
('2015-04-18 10:34:18.065075', 'put_channel : 2015-04-18 10:34:18.064950 : channel tb0, group 1')
('2015-04-18 10:34:18.076185', 'put_channel : 2015-04-18 10:34:18.076138 : channel tb0, group 1')
('2015-04-18 10:34:19.337261', 'close_channel : 2015-04-18 10:32:51.064364')
('2015-04-18 10:34:26.577108', 'put_channel : 2015-04-18 10:34:26.576990 : channel tb0, group 1')
('2015-04-18 10:34:26.584797', 'put_channel : 2015-04-18 10:34:26.584702 : channel tb0, group 1')
('2015-04-18 10:34:27.075266', 'put_channel : 2015-04-18 10:34:27.075148 : channel tb0, group 1')
('2015-04-18 10:34:27.076112', 'put_channel : 2015-04-18 10:34:27.076057 : channel tb0, group 1')
('2015-04-18 10:34:27.105029', 'put_channel : 2015-04-18 10:34:27.104907 : channel tb0, group 1')
('2015-04-18 10:34:28.081698', 'put_channel : 2015-04-18 10:34:28.081574 : channel tb0, group 1')
('2015-04-18 10:34:32.993227', 'get_channel: 2015-04-18 10:32:55.565407 : 1 ')
('2015-04-18 10:34:32.993298', 'fd_channel : login[0] 0 login[1] 0 , tb0[0] 0 tb0[1] 52 , tb1[0] 0 tb1[1] 0')
('2015-04-18 10:34:34.194656', 'get_channel: None ')
('2015-04-18 10:34:34.194762', 'fd_channel : login[0] 0 login[1] 0 , tb0[0] 0 tb0[1] 52 , tb1[0] 0 tb1[1] 0')
('2015-04-18 10:34:34.995673', 'get_channel: 2015-04-18 10:32:57.078096 : 1 ')
('2015-04-18 10:34:34.995787', 'fd_channel : login[0] 0 login[1] 0 , tb0[0] 0 tb0[1] 51 , tb1[0] 0 tb1[1] 0')
('2015-04-18 10:34:36.064569', 'put_channel : 2015-04-18 10:34:36.064459 : channel tb0, group 1')
('2015-04-18 10:34:36.079094', 'put_channel : 2015-04-18 10:34:36.079050 : channel tb0, group 1')
('2015-04-18 10:34:36.196852', 'get_channel: None ')
('2015-04-18 10:34:36.196933', 'fd_channel : login[0] 0 login[1] 0 , tb0[0] 0 tb0[1] 53 , tb1[0] 0 tb1[1] 0')
('2015-04-18 10:34:36.325239', 'close_channel : 2015-04-18 10:32:55.565407')
('2015-04-18 10:34:37.092748', 'put_channel : 2015-04-18 10:34:37.092635 : channel tb0, group 1')
('2015-04-18 10:34:37.139292', 'put_channel : 2015-04-18 10:34:37.139199 : channel tb0, group 1')
('2015-04-18 10:34:37.576052', 'put_channel : 2015-04-18 10:34:37.575945 : channel tb0, group 1')
('2015-04-18 10:34:37.601571', 'put_channel : 2015-04-18 10:34:37.601482 : channel tb0, group 1')
('2015-04-18 10:34:38.572313', 'put_channel : 2015-04-18 10:34:38.572215 : channel tb0, group 1')
('2015-04-18 10:34:39.138623', 'close_channel : 2015-04-18 10:32:48.075162')
('2015-04-18 10:34:39.298439', 'close_channel : 2015-04-18 10:32:49.574971')
('2015-04-18 10:34:40.113294', 'put_channel : 2015-04-18 10:34:40.113170 : channel tb0, group 1')
('2015-04-18 10:34:41.651994', 'put_channel : 2015-04-18 10:34:41.651869 : channel tb0, group 1')
('2015-04-18 10:34:43.601684', 'put_channel : 2015-04-18 10:34:43.601569 : channel tb0, group 1')
('2015-04-18 10:34:47.636814', 'put_channel : 2015-04-18 10:34:47.636706 : channel tb0, group 1')
('2015-04-18 10:34:52.659030', 'put_channel : 2015-04-18 10:34:52.658917 : channel tb0, group 1')
('2015-04-18 10:34:57.200895', 'put_channel : 2015-04-18 10:34:57.200763 : channel tb0, group 1')
('2015-04-18 10:35:03.259570', 'put_channel : 2015-04-18 10:35:03.259427 : channel tb0, group 1')
('2015-04-18 11:27:43.576726', 'put_channel : 2015-04-18 11:27:43.576635 : channel tb1, group 1')
('2015-04-18 11:27:46.579931', 'put_channel : 2015-04-18 11:27:46.579842 : channel tb1, group 1')
('2015-04-18 11:27:48.068156', 'put_channel : 2015-04-18 11:27:48.068043 : channel tb1, group 1')
('2015-04-18 11:27:48.075330', 'put_channel : 2015-04-18 11:27:48.075208 : channel tb1, group 1')
('2015-04-18 11:27:55.579907', 'put_channel : 2015-04-18 11:27:55.579797 : channel tb1, group 1')
('2015-04-18 11:27:57.078008', 'put_channel : 2015-04-18 11:27:57.077902 : channel tb1, group 1')
('2015-04-18 11:27:58.081985', 'put_channel : 2015-04-18 11:27:58.081867 : channel tb1, group 1')
('2015-04-18 11:28:00.082344', 'put_channel : 2015-04-18 11:28:00.082247 : channel tb1, group 1')
('2015-04-18 11:28:01.090117', 'put_channel : 2015-04-18 11:28:01.090015 : channel tb1, group 1')
('2015-04-18 11:28:04.073792', 'put_channel : 2015-04-18 11:28:04.073675 : channel tb1, group 1')
('2015-04-18 11:28:13.090623', 'put_channel : 2015-04-18 11:28:13.090517 : channel tb1, group 1')
('2015-04-18 11:28:13.588285', 'put_channel : 2015-04-18 11:28:13.588188 : channel tb1, group 1')
('2015-04-18 11:28:16.081534', 'put_channel : 2015-04-18 11:28:16.081413 : channel tb1, group 1')
('2015-04-18 11:28:16.593167', 'put_channel : 2015-04-18 11:28:16.593041 : channel tb1, group 1')
('2015-04-18 11:28:22.070073', 'put_channel : 2015-04-18 11:28:22.069966 : channel tb1, group 1')
('2015-04-18 11:28:23.572215', 'put_channel : 2015-04-18 11:28:23.572115 : channel tb1, group 1')
('2015-04-18 11:28:23.634619', 'put_channel : 2015-04-18 11:28:23.634504 : channel tb1, group 1')
('2015-04-18 11:28:27.106614', 'put_channel : 2015-04-18 11:28:27.106523 : channel tb1, group 1')
('2015-04-18 11:28:28.063869', 'put_channel : 2015-04-18 11:28:28.063752 : channel tb1, group 1')
('2015-04-18 11:28:28.080091', 'put_channel : 2015-04-18 11:28:28.080026 : channel tb1, group 1')
('2015-04-18 11:28:31.073970', 'put_channel : 2015-04-18 11:28:31.073847 : channel tb1, group 1')
('2015-04-18 11:28:31.602882', 'put_channel : 2015-04-18 11:28:31.602763 : channel tb1, group 1')
('2015-04-18 11:28:33.105525', 'put_channel : 2015-04-18 11:28:33.105417 : channel tb1, group 1')
('2015-04-18 11:28:34.073910', 'put_channel : 2015-04-18 11:28:34.073820 : channel tb1, group 1')
('2015-04-18 11:28:35.573925', 'put_channel : 2015-04-18 11:28:35.573802 : channel tb1, group 1')
('2015-04-18 11:28:35.635940', 'put_channel : 2015-04-18 11:28:35.635821 : channel tb1, group 1')
('2015-04-18 11:28:38.572174', 'put_channel : 2015-04-18 11:28:38.572059 : channel tb1, group 1')
('2015-04-18 11:28:40.072922', 'put_channel : 2015-04-18 11:28:40.072798 : channel tb1, group 1')
('2015-04-18 11:28:40.594724', 'put_channel : 2015-04-18 11:28:40.594603 : channel tb1, group 1')
('2015-04-18 11:28:41.573904', 'put_channel : 2015-04-18 11:28:41.573794 : channel tb1, group 1')
('2015-04-18 11:28:42.074418', 'put_channel : 2015-04-18 11:28:42.074301 : channel tb1, group 1')
('2015-04-18 11:28:44.577094', 'put_channel : 2015-04-18 11:28:44.576990 : channel tb1, group 1')
('2015-04-18 11:28:46.061861', 'put_channel : 2015-04-18 11:28:46.061747 : channel tb1, group 1')
('2015-04-18 11:28:48.075499', 'put_channel : 2015-04-18 11:28:48.075373 : channel tb1, group 1')
('2015-04-18 11:28:50.574748', 'put_channel : 2015-04-18 11:28:50.574634 : channel tb1, group 1')
('2015-04-18 11:28:53.575573', 'put_channel : 2015-04-18 11:28:53.575459 : channel tb1, group 1')
('2015-04-18 11:28:53.586751', 'put_channel : 2015-04-18 11:28:53.586664 : channel tb1, group 1')
('2015-04-18 11:29:02.571221', 'put_channel : 2015-04-18 11:29:02.571037 : channel tb1, group 1')
('2015-04-18 11:29:04.562837', 'put_channel : 2015-04-18 11:29:04.562718 : channel tb1, group 1')
('2015-04-18 11:29:04.575711', 'put_channel : 2015-04-18 11:29:04.575616 : channel tb1, group 1')
('2015-04-18 11:29:05.588548', 'put_channel : 2015-04-18 11:29:05.588448 : channel tb1, group 1')
('2015-04-18 11:29:07.564020', 'put_channel : 2015-04-18 11:29:07.563921 : channel tb1, group 1')
('2015-04-18 11:29:09.077660', 'put_channel : 2015-04-18 11:29:09.077545 : channel tb1, group 1')
('2015-04-18 11:29:09.105626', 'put_channel : 2015-04-18 11:29:09.105529 : channel tb1, group 1')
('2015-04-18 11:29:13.576136', 'put_channel : 2015-04-18 11:29:13.575962 : channel tb1, group 1')
('2015-04-18 11:29:15.109041', 'put_channel : 2015-04-18 11:29:15.108942 : channel tb1, group 1')
('2015-04-18 11:29:16.576289', 'put_channel : 2015-04-18 11:29:16.576165 : channel tb1, group 1')
('2015-04-18 11:29:30.078372', 'put_channel : 2015-04-18 11:29:30.078249 : channel tb1, group 1')
('2015-04-18 11:29:31.089490', 'put_channel : 2015-04-18 11:29:31.089363 : channel tb1, group 1')
('2015-04-18 11:29:36.080709', 'put_channel : 2015-04-18 11:29:36.080584 : channel tb1, group 1')
('2015-04-18 11:29:36.100787', 'close_channel : 2015-04-18 11:27:43.576635')
('2015-04-18 11:29:36.102085', 'get_channel: 2015-04-18 11:27:46.579842 : 1 ')
('2015-04-18 11:29:36.102137', 'fd_channel : login[0] 0 login[1] 0 , tb0[0] 0 tb0[1] 65 , tb1[0] 0 tb1[1] 48')
('2015-04-18 11:29:36.103382', 'get_channel: 2015-04-18 11:27:48.068043 : 1 ')
('2015-04-18 11:29:36.103434', 'fd_channel : login[0] 0 login[1] 0 , tb0[0] 0 tb0[1] 65 , tb1[0] 0 tb1[1] 47')
('2015-04-18 11:29:36.104544', 'get_channel: 2015-04-18 11:27:48.075208 : 1 ')
('2015-04-18 11:29:36.104589', 'fd_channel : login[0] 0 login[1] 0 , tb0[0] 0 tb0[1] 65 , tb1[0] 0 tb1[1] 46')
('2015-04-18 11:29:36.135168', 'close_channel : 2015-04-18 11:27:48.068043')
('2015-04-18 11:29:36.358390', 'close_channel : 2015-04-18 11:27:46.579842')
('2015-04-18 11:29:36.402111', 'get_channel: 2015-04-18 11:27:55.579797 : 1 ')
('2015-04-18 11:29:36.402180', 'fd_channel : login[0] 0 login[1] 0 , tb0[0] 0 tb0[1] 65 , tb1[0] 0 tb1[1] 45')
('2015-04-18 11:29:36.404573', 'get_channel: 2015-04-18 11:27:57.077902 : 1 ')
('2015-04-18 11:29:36.404635', 'fd_channel : login[0] 0 login[1] 0 , tb0[0] 0 tb0[1] 65 , tb1[0] 0 tb1[1] 44')
('2015-04-18 11:29:36.703763', 'get_channel: 2015-04-18 11:27:58.081867 : 1 ')
('2015-04-18 11:29:36.703827', 'fd_channel : login[0] 0 login[1] 0 , tb0[0] 0 tb0[1] 65 , tb1[0] 0 tb1[1] 43')
('2015-04-18 11:29:36.713169', 'close_channel : 2015-04-18 11:27:55.579797')
('2015-04-18 11:29:36.807469', 'close_channel : 2015-04-18 11:27:48.075208')
('2015-04-18 11:29:37.108635', 'close_channel : 2015-04-18 11:27:57.077902')
('2015-04-18 11:29:37.139815', 'put_channel : 2015-04-18 11:29:37.139716 : channel tb1, group 1')
('2015-04-18 11:29:37.302516', 'get_channel: 2015-04-18 11:28:00.082247 : 1 ')
('2015-04-18 11:29:37.302624', 'fd_channel : login[0] 0 login[1] 0 , tb0[0] 0 tb0[1] 65 , tb1[0] 0 tb1[1] 43')
('2015-04-18 11:29:37.408078', 'close_channel : 2015-04-18 11:27:58.081867')
('2015-04-18 11:29:37.556720', 'close_channel : 2015-04-18 11:28:00.082247')
('2015-04-18 11:29:50.102792', 'get_channel: 2015-04-18 11:28:01.090015 : 1 ')
('2015-04-18 11:29:50.102868', 'fd_channel : login[0] 0 login[1] 0 , tb0[0] 0 tb0[1] 65 , tb1[0] 0 tb1[1] 42')
('2015-04-18 11:29:50.103625', 'get_channel: 2015-04-18 11:28:04.073675 : 1 ')
('2015-04-18 11:29:50.103694', 'fd_channel : login[0] 0 login[1] 0 , tb0[0] 0 tb0[1] 65 , tb1[0] 0 tb1[1] 41')
('2015-04-18 11:29:50.104429', 'get_channel: 2015-04-18 11:28:13.090517 : 1 ')
('2015-04-18 11:29:50.104475', 'fd_channel : login[0] 0 login[1] 0 , tb0[0] 0 tb0[1] 65 , tb1[0] 0 tb1[1] 40')
('2015-04-18 11:29:50.105156', 'get_channel: 2015-04-18 11:28:13.588188 : 1 ')
('2015-04-18 11:29:50.105201', 'fd_channel : login[0] 0 login[1] 0 , tb0[0] 0 tb0[1] 65 , tb1[0] 0 tb1[1] 39')
('2015-04-18 11:29:50.106624', 'get_channel: 2015-04-18 11:28:16.081413 : 1 ')
('2015-04-18 11:29:50.106671', 'fd_channel : login[0] 0 login[1] 0 , tb0[0] 0 tb0[1] 65 , tb1[0] 0 tb1[1] 38')
('2015-04-18 11:29:50.107462', 'get_channel: 2015-04-18 11:28:16.593041 : 1 ')
('2015-04-18 11:29:50.107507', 'fd_channel : login[0] 0 login[1] 0 , tb0[0] 0 tb0[1] 65 , tb1[0] 0 tb1[1] 37')
('2015-04-18 11:29:50.108555', 'get_channel: 2015-04-18 11:28:22.069966 : 1 ')
('2015-04-18 11:29:50.108605', 'fd_channel : login[0] 0 login[1] 0 , tb0[0] 0 tb0[1] 65 , tb1[0] 0 tb1[1] 36')
('2015-04-18 11:29:50.814888', 'close_channel : 2015-04-18 11:28:13.090517')
('2015-04-18 11:29:51.301781', 'get_channel: None ')
('2015-04-18 11:29:51.301866', 'fd_channel : login[0] 0 login[1] 0 , tb0[0] 0 tb0[1] 65 , tb1[0] 0 tb1[1] 36')
('2015-04-18 11:29:51.302425', 'get_channel: None ')
('2015-04-18 11:29:51.302495', 'fd_channel : login[0] 0 login[1] 0 , tb0[0] 0 tb0[1] 65 , tb1[0] 0 tb1[1] 36')
('2015-04-18 11:29:51.302935', 'get_channel: None ')
('2015-04-18 11:29:51.302986', 'fd_channel : login[0] 0 login[1] 0 , tb0[0] 0 tb0[1] 65 , tb1[0] 0 tb1[1] 36')
('2015-04-18 11:29:51.303333', 'get_channel: None ')
('2015-04-18 11:29:51.303379', 'fd_channel : login[0] 0 login[1] 0 , tb0[0] 0 tb0[1] 65 , tb1[0] 0 tb1[1] 36')
('2015-04-18 11:29:51.303782', 'get_channel: None ')
('2015-04-18 11:29:51.303831', 'fd_channel : login[0] 0 login[1] 0 , tb0[0] 0 tb0[1] 65 , tb1[0] 0 tb1[1] 36')
('2015-04-18 11:29:51.304120', 'get_channel: None ')
('2015-04-18 11:29:51.304203', 'fd_channel : login[0] 0 login[1] 0 , tb0[0] 0 tb0[1] 65 , tb1[0] 0 tb1[1] 36')
('2015-04-18 11:29:51.304561', 'get_channel: None ')
('2015-04-18 11:29:51.304607', 'fd_channel : login[0] 0 login[1] 0 , tb0[0] 0 tb0[1] 65 , tb1[0] 0 tb1[1] 36')
('2015-04-18 11:29:52.108153', 'get_channel: 2015-04-18 11:28:23.572115 : 1 ')
('2015-04-18 11:29:52.108230', 'fd_channel : login[0] 0 login[1] 0 , tb0[0] 0 tb0[1] 65 , tb1[0] 0 tb1[1] 35')
('2015-04-18 11:29:52.111415', 'get_channel: 2015-04-18 11:28:23.634504 : 1 ')
('2015-04-18 11:29:52.111463', 'fd_channel : login[0] 0 login[1] 0 , tb0[0] 0 tb0[1] 65 , tb1[0] 0 tb1[1] 34')
('2015-04-18 11:29:52.113699', 'get_channel: 2015-04-18 11:28:27.106523 : 1 ')
('2015-04-18 11:29:52.113757', 'fd_channel : login[0] 0 login[1] 0 , tb0[0] 0 tb0[1] 65 , tb1[0] 0 tb1[1] 33')
('2015-04-18 11:29:52.114518', 'get_channel: 2015-04-18 11:28:28.063752 : 1 ')
('2015-04-18 11:29:52.114571', 'fd_channel : login[0] 0 login[1] 0 , tb0[0] 0 tb0[1] 65 , tb1[0] 0 tb1[1] 32')
('2015-04-18 11:29:52.115688', 'get_channel: 2015-04-18 11:28:28.080026 : 1 ')
('2015-04-18 11:29:52.115740', 'fd_channel : login[0] 0 login[1] 0 , tb0[0] 0 tb0[1] 65 , tb1[0] 0 tb1[1] 31')
('2015-04-18 11:29:52.116602', 'get_channel: 2015-04-18 11:28:31.073847 : 1 ')
('2015-04-18 11:29:52.116653', 'fd_channel : login[0] 0 login[1] 0 , tb0[0] 0 tb0[1] 65 , tb1[0] 0 tb1[1] 30')
('2015-04-18 11:29:53.309353', 'get_channel: None ')
('2015-04-18 11:29:53.309460', 'fd_channel : login[0] 0 login[1] 0 , tb0[0] 0 tb0[1] 65 , tb1[0] 0 tb1[1] 30')
('2015-04-18 11:29:53.311690', 'get_channel: None ')
('2015-04-18 11:29:53.311760', 'fd_channel : login[0] 0 login[1] 0 , tb0[0] 0 tb0[1] 65 , tb1[0] 0 tb1[1] 30')
('2015-04-18 11:29:53.312082', 'get_channel: None ')
('2015-04-18 11:29:53.312130', 'fd_channel : login[0] 0 login[1] 0 , tb0[0] 0 tb0[1] 65 , tb1[0] 0 tb1[1] 30')
('2015-04-18 11:29:53.312385', 'get_channel: None ')
('2015-04-18 11:29:53.312446', 'fd_channel : login[0] 0 login[1] 0 , tb0[0] 0 tb0[1] 65 , tb1[0] 0 tb1[1] 30')
('2015-04-18 11:29:53.312906', 'get_channel: None ')
('2015-04-18 11:29:53.312983', 'fd_channel : login[0] 0 login[1] 0 , tb0[0] 0 tb0[1] 65 , tb1[0] 0 tb1[1] 30')
('2015-04-18 11:29:53.313605', 'get_channel: None ')
('2015-04-18 11:29:53.313661', 'fd_channel : login[0] 0 login[1] 0 , tb0[0] 0 tb0[1] 65 , tb1[0] 0 tb1[1] 30')
('2015-04-18 11:29:54.393242', 'get_channel: 2015-04-18 11:28:31.602763 : 1 ')
('2015-04-18 11:29:54.393329', 'fd_channel : login[0] 0 login[1] 0 , tb0[0] 0 tb0[1] 65 , tb1[0] 0 tb1[1] 29')
('2015-04-18 11:29:56.114199', 'get_channel: 2015-04-18 11:28:33.105417 : 1 ')
('2015-04-18 11:29:56.114253', 'fd_channel : login[0] 0 login[1] 0 , tb0[0] 0 tb0[1] 65 , tb1[0] 0 tb1[1] 28')
('2015-04-18 11:29:56.117221', 'get_channel: 2015-04-18 11:28:34.073820 : 1 ')
('2015-04-18 11:29:56.117267', 'fd_channel : login[0] 0 login[1] 0 , tb0[0] 0 tb0[1] 65 , tb1[0] 0 tb1[1] 27')
('2015-04-18 11:29:56.119038', 'get_channel: 2015-04-18 11:28:35.573802 : 1 ')
('2015-04-18 11:29:56.119084', 'fd_channel : login[0] 0 login[1] 0 , tb0[0] 0 tb0[1] 65 , tb1[0] 0 tb1[1] 26')
('2015-04-18 11:29:56.417475', 'get_channel: 2015-04-18 11:28:35.635821 : 1 ')
('2015-04-18 11:29:56.417548', 'fd_channel : login[0] 0 login[1] 0 , tb0[0] 0 tb0[1] 65 , tb1[0] 0 tb1[1] 25')
('2015-04-18 11:29:56.710911', 'get_channel: 2015-04-18 11:28:38.572059 : 1 ')
('2015-04-18 11:29:56.710983', 'fd_channel : login[0] 0 login[1] 0 , tb0[0] 0 tb0[1] 65 , tb1[0] 0 tb1[1] 24')
('2015-04-18 11:29:56.818592', 'close_channel : 2015-04-18 11:28:35.573802')
('2015-04-18 11:29:56.983472', 'get_channel: 2015-04-18 11:28:40.072798 : 1 ')
('2015-04-18 11:29:56.983535', 'fd_channel : login[0] 0 login[1] 0 , tb0[0] 0 tb0[1] 65 , tb1[0] 0 tb1[1] 23')
('2015-04-18 11:29:57.020337', 'get_channel: 2015-04-18 11:28:40.594603 : 1 ')
('2015-04-18 11:29:57.020397', 'fd_channel : login[0] 0 login[1] 0 , tb0[0] 0 tb0[1] 65 , tb1[0] 0 tb1[1] 22')
('2015-04-18 11:29:58.184864', 'get_channel: None ')
('2015-04-18 11:29:58.184953', 'fd_channel : login[0] 0 login[1] 0 , tb0[0] 0 tb0[1] 65 , tb1[0] 0 tb1[1] 22')
('2015-04-18 11:29:58.985835', 'get_channel: 2015-04-18 11:28:41.573794 : 1 ')
('2015-04-18 11:29:58.985906', 'fd_channel : login[0] 0 login[1] 0 , tb0[0] 0 tb0[1] 65 , tb1[0] 0 tb1[1] 21')
('2015-04-18 11:30:00.187299', 'get_channel: None ')
('2015-04-18 11:30:00.187402', 'fd_channel : login[0] 0 login[1] 0 , tb0[0] 0 tb0[1] 65 , tb1[0] 0 tb1[1] 21')
('2015-04-18 11:30:01.107310', 'worker [8] stopping')
('2015-04-18 11:30:01.395111', 'get_channel: 2015-04-18 11:28:42.074301 : 1 ')
('2015-04-18 11:30:01.395217', 'fd_channel : login[0] 0 login[1] 0 , tb0[0] 0 tb0[1] 65 , tb1[0] 0 tb1[1] 20')
('2015-04-18 11:30:03.115515', 'get_channel: 2015-04-18 11:28:44.576990 : 1 ')
('2015-04-18 11:30:03.115575', 'fd_channel : login[0] 0 login[1] 0 , tb0[0] 0 tb0[1] 65 , tb1[0] 0 tb1[1] 19')
('2015-04-18 11:30:03.118833', 'get_channel: 2015-04-18 11:28:46.061747 : 1 ')
('2015-04-18 11:30:03.118880', 'fd_channel : login[0] 0 login[1] 0 , tb0[0] 0 tb0[1] 65 , tb1[0] 0 tb1[1] 18')
('2015-04-18 11:30:03.411610', 'get_channel: 2015-04-18 11:28:48.075373 : 1 ')
('2015-04-18 11:30:03.411715', 'fd_channel : login[0] 0 login[1] 0 , tb0[0] 0 tb0[1] 65 , tb1[0] 0 tb1[1] 17')
('2015-04-18 11:30:03.420933', 'get_channel: 2015-04-18 11:28:50.574634 : 1 ')
('2015-04-18 11:30:03.421002', 'fd_channel : login[0] 0 login[1] 0 , tb0[0] 0 tb0[1] 65 , tb1[0] 0 tb1[1] 16')
('2015-04-18 11:30:03.817320', 'close_channel : 2015-04-18 11:28:44.576990')
('2015-04-18 11:30:04.018653', 'get_channel: 2015-04-18 11:28:53.575459 : 1 ')
('2015-04-18 11:30:04.018721', 'fd_channel : login[0] 0 login[1] 0 , tb0[0] 0 tb0[1] 65 , tb1[0] 0 tb1[1] 15')
('2015-04-18 11:30:04.718700', 'close_channel : 2015-04-18 11:28:53.575459')
('2015-04-18 11:30:05.016325', 'close_channel : 2015-04-18 11:28:50.574634')
('2015-04-18 11:30:06.419751', 'get_channel: 2015-04-18 11:28:53.586664 : 1 ')
('2015-04-18 11:30:06.419837', 'fd_channel : login[0] 0 login[1] 0 , tb0[0] 0 tb0[1] 65 , tb1[0] 0 tb1[1] 14')
('2015-04-18 11:30:06.723973', 'get_channel: 2015-04-18 11:29:02.571037 : 1 ')
('2015-04-18 11:30:06.724059', 'fd_channel : login[0] 0 login[1] 0 , tb0[0] 0 tb0[1] 65 , tb1[0] 0 tb1[1] 13')
('2015-04-18 11:30:07.322693', 'get_channel: 2015-04-18 11:29:04.562718 : 1 ')
('2015-04-18 11:30:07.322773', 'fd_channel : login[0] 0 login[1] 0 , tb0[0] 0 tb0[1] 65 , tb1[0] 0 tb1[1] 12')
('2015-04-18 11:30:08.017425', 'close_channel : 2015-04-18 11:28:53.586664')
('2015-04-18 11:30:08.396365', 'get_channel: 2015-04-18 11:29:04.575616 : 1 ')
('2015-04-18 11:30:08.396452', 'fd_channel : login[0] 0 login[1] 0 , tb0[0] 0 tb0[1] 65 , tb1[0] 0 tb1[1] 11')
('2015-04-18 11:30:10.120583', 'get_channel: 2015-04-18 11:29:05.588448 : 1 ')
('2015-04-18 11:30:10.120639', 'fd_channel : login[0] 0 login[1] 0 , tb0[0] 0 tb0[1] 65 , tb1[0] 0 tb1[1] 10')
('2015-04-18 11:30:10.714088', 'get_channel: 2015-04-18 11:29:07.563921 : 1 ')
('2015-04-18 11:30:10.714174', 'fd_channel : login[0] 0 login[1] 0 , tb0[0] 0 tb0[1] 65 , tb1[0] 0 tb1[1] 9')
('2015-04-18 11:30:11.187368', 'close_channel : 2015-04-18 11:28:40.594603')
('2015-04-18 11:30:13.603953', 'put_channel : 2015-04-18 11:30:13.603828 : channel tb1, group 1')
('2015-04-18 11:30:17.109410', 'close_channel : 2015-04-18 11:29:05.588448')
('2015-04-18 11:30:20.130451', 'close_channel : 2015-04-18 11:28:28.063752')
