('2015-04-18 10:19:31.619728', 'client 52540397 login 唐宇 320981198505010713')
('2015-04-18 10:19:33.109499', 'client 52773847 login 刘鹏 210803197801161511')
('2015-04-18 10:19:34.613602', 'client 52511568 login 袁源 511002198312130323')
('2015-04-18 10:19:36.121830', 'client 52743322 login 栗巍 310102198003100013')
('2015-04-18 10:19:37.612150', 'client 52722660 login 张? 612322197308242113')
('2015-04-18 10:19:39.114296', 'client 52498756 login 冯璐 370125198509250022')
('2015-04-18 10:34:10.065621', 'client 52540397 bid 0 image C1F0205D073FE314FD19112736D2D37D 484616 ')
('2015-04-18 10:34:11.211732', 'client 52722660 bid 0 image C7FE3A5F99865D96D92F63AB71F4C604 083616 ')
('2015-04-18 10:34:15.565924', 'client 52511568 bid 0 image 75AE27D967D42418CB2D139A97B05263 549384 ')
('2015-04-18 10:34:15.925455', 'client 52773847 bid 0 image 416EBA26C9691A901C40D70497C2A675 393928 ')
('2015-04-18 10:34:16.571224', 'client 52743322 bid 0 image 5D07F677E88F44B7D2A9C686F003A9BB 639252 ')
('2015-04-18 10:34:16.935770', 'client 52540397 bid 0 price 75200 唐宇 320981198505010713')
('2015-04-18 10:34:17.172234', 'client 52511568 bid 0 price 75200 袁源 511002198312130323')
('2015-04-18 10:34:17.266526', 'client 52743322 bid 0 price 75200 栗巍 310102198003100013')
('2015-04-18 10:34:17.533933', 'client 52773847 bid 0 price 75200 刘鹏 210803197801161511')
('2015-04-18 10:34:18.758762', 'client 52498756 bid 0 image E2B4FD3958822CF622453C8F486AF3B3 505463 ')
('2015-04-18 10:34:33.433025', 'client 52498756 bid 0 price 75200 冯璐 370125198509250022')
('2015-04-18 10:34:45.216926', 'client 52722660 bid 0 price Failed')
('2015-04-18 10:34:45.217060', 'client 52722660 bid 0 failed. Abort.....')
('2015-04-18 10:34:54.937927', 'client 52722660 bid 0 image 9FC49916A78BEF916ADAFC661E9BB9CE 090846 ')
('2015-04-18 10:35:28.942848', 'client 52722660 bid 0 price Failed')
('2015-04-18 10:35:28.942989', 'client 52722660 bid 0 failed. Abort.....')
('2015-04-18 10:35:50.645184', 'client 52722660 bid 0 image B78A21A5323CF1C04113CACEA17D5468 183539 ')
('2015-04-18 10:35:50.685519', 'client 52722660 bid 0 price 75200 张? 612322197308242113')
('2015-04-18 11:29:37.274611', 'client 52511568 bid 1 image F094BF18D77A9A37EEA39D243C8109D4 548152 ')
('2015-04-18 11:29:37.601142', 'client 52722660 bid 1 image 9FCA31DA8B72000D6D7033F5829D9E68 452646 ')
('2015-04-18 11:29:37.824030', 'client 52743322 bid 1 image 20B718550C9436C2A33CAA027D114BAE 819353 ')
('2015-04-18 11:29:37.956890', 'client 52773847 bid 1 image E54083ED6981A492061726CB7969FC3A 809353 ')
('2015-04-18 11:29:38.402863', 'client 52540397 bid 1 image BEE2E3F5927CD36DA42F56504D486790 505081 ')
('2015-04-18 11:29:44.531228', 'client 52498756 bid 1 image A7601B2B24B6CB4DE48D4F0786A7FDE2 082509 ')
('2015-04-18 11:29:59.546468', 'client 52498756 bid 1 price 80900 冯璐 370125198509250022')
('2015-04-18 11:30:03.295538', 'client 52511568 bid 1 price Failed')
('2015-04-18 11:30:03.295681', 'client 52511568 bid 1 failed. Abort.....')
('2015-04-18 11:30:03.301796', 'client 52722660 bid 1 price Failed')
('2015-04-18 11:30:03.301896', 'client 52722660 bid 1 failed. Abort.....')
('2015-04-18 11:30:03.303079', 'client 52540397 bid 1 price Failed')
('2015-04-18 11:30:03.303205', 'client 52540397 bid 1 failed. Abort.....')
('2015-04-18 11:30:03.303351', 'client 52743322 bid 1 price Failed')
('2015-04-18 11:30:03.303411', 'client 52743322 bid 1 failed. Abort.....')
('2015-04-18 11:30:03.304409', 'client 52773847 bid 1 price Failed')
('2015-04-18 11:30:03.304519', 'client 52773847 bid 1 failed. Abort.....')
('2015-04-18 11:30:11.558708', "client 52498756 bids finished. price : ['75200', '80900', None] . Quit.....")
('2015-04-18 11:30:13.305856', "client 52511568 bids finished. price : ['75200', None, None] . Quit.....")
('2015-04-18 11:30:13.306245', "client 52722660 bids finished. price : ['75200', None, None] . Quit.....")
('2015-04-18 11:30:13.306420', "client 52743322 bids finished. price : ['75200', None, None] . Quit.....")
('2015-04-18 11:30:13.306850', "client 52540397 bids finished. price : ['75200', None, None] . Quit.....")
('2015-04-18 11:30:13.312430', "client 52773847 bids finished. price : ['75200', None, None] . Quit.....")
