('2015-04-18 10:34:12.797007', '\r\n\r\n\r\n\r\n\r\n\r\n\r\n\r\n\r\n\r\n<XML><ERRORCODE>311</ERRORCODE><ERRORSTRING>图像校验码错误！</ERRORSTRING><ERRORSTRING_EN>Image checksum error！</ERRORSTRING_EN></XML>')
('2015-04-18 10:34:12.797190', "client 52269413 bid 0 fd_price ack error {'errstring': '图像校验码错误！', 'errcode': '311'}")
('2015-04-18 10:34:12.812762', '\r\n\r\n\r\n\r\n\r\n\r\n\r\n\r\n\r\n\r\n<XML><ERRORCODE>311</ERRORCODE><ERRORSTRING>图像校验码错误！</ERRORSTRING><ERRORSTRING_EN>Image checksum error！</ERRORSTRING_EN></XML>')
('2015-04-18 10:34:12.812872', "client 52784852 bid 0 fd_price ack error {'errstring': '图像校验码错误！', 'errcode': '311'}")
('2015-04-18 10:34:20.111947', '\r\n\r\n\r\n\r\n\r\n\r\n\r\n\r\n\r\n\r\n<XML><ERRORCODE>311</ERRORCODE><ERRORSTRING>图像校验码错误！</ERRORSTRING><ERRORSTRING_EN>Image checksum error！</ERRORSTRING_EN></XML>')
('2015-04-18 10:34:20.112061', "client 52709421 bid 0 fd_price ack error {'errstring': '图像校验码错误！', 'errcode': '311'}")
('2015-04-18 10:34:20.320769', '\r\n\r\n\r\n\r\n\r\n\r\n\r\n\r\n\r\n\r\n<XML><ERRORCODE>311</ERRORCODE><ERRORSTRING>图像校验码错误！</ERRORSTRING><ERRORSTRING_EN>Image checksum error！</ERRORSTRING_EN></XML>')
('2015-04-18 10:34:20.321016', "client 52797026 bid 0 fd_price ack error {'errstring': '图像校验码错误！', 'errcode': '311'}")
('2015-04-18 10:34:21.047954', '\r\n\r\n\r\n\r\n\r\n\r\n\r\n\r\n\r\n\r\n<XML><ERRORCODE>311</ERRORCODE><ERRORSTRING>图像校验码错误！</ERRORSTRING><ERRORSTRING_EN>Image checksum error！</ERRORSTRING_EN></XML>')
('2015-04-18 10:34:21.048085', "client 52488408 bid 0 fd_price ack error {'errstring': '图像校验码错误！', 'errcode': '311'}")
('2015-04-18 10:34:23.024409', '\r\n\r\n\r\n\r\n\r\n\r\n\r\n\r\n\r\n\r\n<XML><ERRORCODE>311</ERRORCODE><ERRORSTRING>图像校验码错误！</ERRORSTRING><ERRORSTRING_EN>Image checksum error！</ERRORSTRING_EN></XML>')
('2015-04-18 10:34:23.024523', "client 52866635 bid 0 fd_price ack error {'errstring': '图像校验码错误！', 'errcode': '311'}")
('2015-04-18 10:34:23.247695', '\r\n\r\n\r\n\r\n\r\n\r\n\r\n\r\n\r\n\r\n<XML><ERRORCODE>311</ERRORCODE><ERRORSTRING>图像校验码错误！</ERRORSTRING><ERRORSTRING_EN>Image checksum error！</ERRORSTRING_EN></XML>')
('2015-04-18 10:34:23.247806', "client 52781514 bid 0 fd_price ack error {'errstring': '图像校验码错误！', 'errcode': '311'}")
('2015-04-18 10:34:33.952852', '\r\n\r\n\r\n\r\n\r\n\r\n\r\n\r\n\r\n\r\n<XML><ERRORCODE>311</ERRORCODE><ERRORSTRING>图像校验码错误！</ERRORSTRING><ERRORSTRING_EN>Image checksum error！</ERRORSTRING_EN></XML>')
('2015-04-18 10:34:33.953026', "client 52452414 bid 0 fd_price ack error {'errstring': '图像校验码错误！', 'errcode': '311'}")
('2015-04-18 11:29:42.873393', 'client 52866635 bid 1 fd_image Timeout')
('2015-04-18 11:29:42.880700', 'client 52784852 bid 1 fd_image Timeout')
('2015-04-18 11:29:42.887496', 'client 52488408 bid 1 fd_image Timeout')
('2015-04-18 11:29:44.423794', '\r\n\r\n\r\n\r\n\r\n\r\n\r\n\r\n\r\n\r\n<XML><ERRORCODE>311</ERRORCODE><ERRORSTRING>图像校验码错误！</ERRORSTRING><ERRORSTRING_EN>Image checksum error！</ERRORSTRING_EN></XML>')
('2015-04-18 11:29:44.423905', "client 52784852 bid 1 fd_price ack error {'errstring': '图像校验码错误！', 'errcode': '311'}")
('2015-04-18 11:29:45.219704', '\r\n\r\n\r\n\r\n\r\n\r\n\r\n\r\n\r\n\r\n<XML><ERRORCODE>311</ERRORCODE><ERRORSTRING>图像校验码错误！</ERRORSTRING><ERRORSTRING_EN>Image checksum error！</ERRORSTRING_EN></XML>')
('2015-04-18 11:29:45.219818', "client 52866635 bid 1 fd_price ack error {'errstring': '图像校验码错误！', 'errcode': '311'}")
('2015-04-18 11:29:47.224521', '\r\n\r\n\r\n\r\n\r\n\r\n\r\n\r\n\r\n\r\n<XML><ERRORCODE>311</ERRORCODE><ERRORSTRING>图像校验码错误！</ERRORSTRING><ERRORSTRING_EN>Image checksum error！</ERRORSTRING_EN></XML>')
('2015-04-18 11:29:47.224636', "client 52709421 bid 1 fd_price ack error {'errstring': '图像校验码错误！', 'errcode': '311'}")
('2015-04-18 11:29:57.892318', 'client 52866635 bid 2 fd_image Timeout')
('2015-04-18 11:29:57.895206', 'client 52709421 bid 2 fd_image Timeout')
('2015-04-18 11:29:57.898211', 'client 52781514 bid 2 fd_image Timeout')
('2015-04-18 11:29:57.899097', 'client 52488408 bid 2 fd_image Timeout')
('2015-04-18 11:29:57.901578', 'client 52797026 bid 2 fd_image Timeout')
('2015-04-18 11:29:57.902707', 'client 52784852 bid 2 fd_image Timeout')
('2015-04-18 11:29:57.903412', 'client 52452414 bid 2 fd_image Timeout')
('2015-04-18 11:29:59.897866', '\r\n\r\n\r\n\r\n\r\n\r\n\r\n\r\n\r\n\r\n<XML><ERRORCODE>311</ERRORCODE><ERRORSTRING>图像校验码错误！</ERRORSTRING><ERRORSTRING_EN>Image checksum error！</ERRORSTRING_EN></XML>')
('2015-04-18 11:29:59.897990', "client 52488408 bid 2 fd_price ack error {'errstring': '图像校验码错误！', 'errcode': '311'}")
('2015-04-18 11:30:04.116333', '\r\n\r\n\r\n\r\n\r\n\r\n\r\n\r\n\r\n\r\n<XML><ERRORCODE>110</ERRORCODE><ERRORSTRING>没有正在举行的拍卖会，请注意拍卖公告！</ERRORSTRING><ERRORSTRING_EN>Auction is not begin!</ERRORSTRING_EN></XML>\r\n')
('2015-04-18 11:30:04.116450', "client 52269413 bid 2 fd_price ack error {'errstring': '没有正在举行的拍卖会，请注意拍卖公告！', 'errcode': '110'}")
('2015-04-18 11:30:04.909365', 'client 52452414 bid 2 fd_image Timeout')
('2015-04-18 11:30:04.911891', 'client 52781514 bid 2 fd_image Timeout')
('2015-04-18 11:30:04.914744', 'client 52797026 bid 2 fd_image Timeout')
('2015-04-18 11:30:04.915419', 'client 52784852 bid 2 fd_image Timeout')
('2015-04-18 11:30:04.921484', '\r\n\r\n\r\n\r\n\r\n\r\n\r\n\r\n\r\n\r\n\r\n<XML><ERRORCODE>110</ERRORCODE><ERRORSTRING>没有正在举行的拍卖会，请注意拍卖公告！</ERRORSTRING><ERRORSTRING_EN>Auction is not begin!</ERRORSTRING_EN></XML>')
('2015-04-18 11:30:04.921610', "client 52452414 bid 2 fd_image ack error {'head': 'Connection: close\\nDate: Sat, 18 Apr 2015 03:30:04 GMT\\nServer: Microsoft-IIS/6.0\\nSet-Cookie: JSESSIONID=28938308313BC8C72A2DD0CEB4CD9F98; Path=/car\\nContent-Type: text/html;charset=GBK\\nContent-Length: 178\\n\\n', 'status': 200, 'body': '\\r\\n\\r\\n\\r\\n\\r\\n\\r\\n\\r\\n\\r\\n\\r\\n\\r\\n\\r\\n\\r\\n<XML><ERRORCODE>110</ERRORCODE><ERRORSTRING>没有正在举行的拍卖会，请注意拍卖公告！</ERRORSTRING><ERRORSTRING_EN>Auction is not begin!</ERRORSTRING_EN></XML>'}")
('2015-04-18 11:30:04.926564', '\r\n\r\n\r\n\r\n\r\n\r\n\r\n\r\n\r\n\r\n\r\n<XML><ERRORCODE>110</ERRORCODE><ERRORSTRING>没有正在举行的拍卖会，请注意拍卖公告！</ERRORSTRING><ERRORSTRING_EN>Auction is not begin!</ERRORSTRING_EN></XML>')
('2015-04-18 11:30:04.926689', "client 52781514 bid 2 fd_image ack error {'head': 'Connection: close\\nDate: Sat, 18 Apr 2015 03:30:04 GMT\\nServer: Microsoft-IIS/6.0\\nSet-Cookie: JSESSIONID=506C4202FDFBDA7B575151FF5C207194; Path=/car\\nContent-Type: text/html;charset=GBK\\nContent-Length: 178\\n\\n', 'status': 200, 'body': '\\r\\n\\r\\n\\r\\n\\r\\n\\r\\n\\r\\n\\r\\n\\r\\n\\r\\n\\r\\n\\r\\n<XML><ERRORCODE>110</ERRORCODE><ERRORSTRING>没有正在举行的拍卖会，请注意拍卖公告！</ERRORSTRING><ERRORSTRING_EN>Auction is not begin!</ERRORSTRING_EN></XML>'}")
('2015-04-18 11:30:04.930303', '\r\n\r\n\r\n\r\n\r\n\r\n\r\n\r\n\r\n\r\n\r\n<XML><ERRORCODE>110</ERRORCODE><ERRORSTRING>没有正在举行的拍卖会，请注意拍卖公告！</ERRORSTRING><ERRORSTRING_EN>Auction is not begin!</ERRORSTRING_EN></XML>')
('2015-04-18 11:30:04.930427', "client 52784852 bid 2 fd_image ack error {'head': 'Connection: close\\nDate: Sat, 18 Apr 2015 03:30:04 GMT\\nServer: Microsoft-IIS/6.0\\nSet-Cookie: JSESSIONID=15CCADDD7201F25C77EF2D83E9F439E4; Path=/car\\nContent-Type: text/html;charset=GBK\\nContent-Length: 178\\n\\n', 'status': 200, 'body': '\\r\\n\\r\\n\\r\\n\\r\\n\\r\\n\\r\\n\\r\\n\\r\\n\\r\\n\\r\\n\\r\\n<XML><ERRORCODE>110</ERRORCODE><ERRORSTRING>没有正在举行的拍卖会，请注意拍卖公告！</ERRORSTRING><ERRORSTRING_EN>Auction is not begin!</ERRORSTRING_EN></XML>'}")
('2015-04-18 11:30:11.928702', 'client 52797026 bid 2 fd_image Timeout')
('2015-04-18 11:30:12.608187', '\r\n\r\n\r\n\r\n\r\n\r\n\r\n\r\n\r\n\r\n<XML><ERRORCODE>311</ERRORCODE><ERRORSTRING>图像校验码错误！</ERRORSTRING><ERRORSTRING_EN>Image checksum error！</ERRORSTRING_EN></XML>')
('2015-04-18 11:30:12.608301', "client 52709421 bid 2 fd_price ack error {'errstring': '图像校验码错误！', 'errcode': '311'}")
('2015-04-18 11:30:19.184183', '\r\n\r\n\r\n\r\n\r\n\r\n\r\n\r\n\r\n\r\n<XML><ERRORCODE>311</ERRORCODE><ERRORSTRING>图像校验码错误！</ERRORSTRING><ERRORSTRING_EN>Image checksum error！</ERRORSTRING_EN></XML>')
('2015-04-18 11:30:19.184298', "client 52269413 bid 2 fd_price ack error {'errstring': '图像校验码错误！', 'errcode': '311'}")
('2015-04-18 11:30:45.360334', '\r\n\r\n\r\n\r\n\r\n\r\n\r\n\r\n\r\n\r\n<XML><ERRORCODE>311</ERRORCODE><ERRORSTRING>图像校验码错误！</ERRORSTRING><ERRORSTRING_EN>Image checksum error！</ERRORSTRING_EN></XML>')
('2015-04-18 11:30:45.360447', "client 52269413 bid 2 fd_price ack error {'errstring': '图像校验码错误！', 'errcode': '311'}")
