('2015-04-18 10:18:47.282364', 'worker [1] started')
('2015-04-18 10:18:47.282445', 'client 8 initted')
('2015-04-18 10:18:48.009060', 'put_channel : 2015-04-18 10:18:48.008964 : channel login, group 0')
('2015-04-18 10:18:48.009314', 'put_channel : 2015-04-18 10:18:48.009235 : channel login, group 1')
('2015-04-18 10:18:48.013518', 'get_channel: 2015-04-18 10:18:48.008964 : 0 ')
('2015-04-18 10:18:48.013588', 'fd_channel : login[0] 0 login[1] 1 , tb0[0] 0 tb0[1] 0 , tb1[0] 0 tb1[1] 0')
('2015-04-18 10:18:48.014178', 'get_channel: 2015-04-18 10:18:48.009235 : 1 ')
('2015-04-18 10:18:48.014235', 'fd_channel : login[0] 0 login[1] 0 , tb0[0] 0 tb0[1] 0 , tb1[0] 0 tb1[1] 0')
('2015-04-18 10:18:48.019473', 'close_channel : 2015-04-18 10:18:48.009235')
('2015-04-18 10:18:48.020143', 'close_channel : 2015-04-18 10:18:48.008964')
('2015-04-18 10:18:49.510562', 'put_channel : 2015-04-18 10:18:49.510420 : channel login, group 1')
('2015-04-18 10:18:49.511542', 'get_channel: 2015-04-18 10:18:49.510420 : 1 ')
('2015-04-18 10:18:49.511714', 'fd_channel : login[0] 0 login[1] 0 , tb0[0] 0 tb0[1] 0 , tb1[0] 0 tb1[1] 0')
('2015-04-18 10:18:49.513195', 'put_channel : 2015-04-18 10:18:49.513109 : channel login, group 0')
('2015-04-18 10:18:49.513729', 'get_channel: 2015-04-18 10:18:49.513109 : 0 ')
('2015-04-18 10:18:49.513881', 'fd_channel : login[0] 0 login[1] 0 , tb0[0] 0 tb0[1] 0 , tb1[0] 0 tb1[1] 0')
('2015-04-18 10:18:49.517798', 'close_channel : 2015-04-18 10:18:49.510420')
('2015-04-18 10:18:49.521127', 'close_channel : 2015-04-18 10:18:49.513109')
('2015-04-18 10:18:51.007386', 'put_channel : 2015-04-18 10:18:51.007296 : channel login, group 1')
('2015-04-18 10:18:51.007959', 'get_channel: 2015-04-18 10:18:51.007296 : 1 ')
('2015-04-18 10:18:51.008052', 'fd_channel : login[0] 0 login[1] 0 , tb0[0] 0 tb0[1] 0 , tb1[0] 0 tb1[1] 0')
('2015-04-18 10:18:51.009960', 'put_channel : 2015-04-18 10:18:51.009910 : channel login, group 0')
('2015-04-18 10:18:51.010248', 'get_channel: 2015-04-18 10:18:51.009910 : 0 ')
('2015-04-18 10:18:51.010305', 'fd_channel : login[0] 0 login[1] 0 , tb0[0] 0 tb0[1] 0 , tb1[0] 0 tb1[1] 0')
('2015-04-18 10:18:51.012690', 'close_channel : 2015-04-18 10:18:51.007296')
('2015-04-18 10:18:51.016279', 'close_channel : 2015-04-18 10:18:51.009910')
('2015-04-18 10:18:52.509307', 'put_channel : 2015-04-18 10:18:52.509167 : channel login, group 1')
('2015-04-18 10:18:52.510101', 'get_channel: 2015-04-18 10:18:52.509167 : 1 ')
('2015-04-18 10:18:52.510210', 'fd_channel : login[0] 0 login[1] 0 , tb0[0] 0 tb0[1] 0 , tb1[0] 0 tb1[1] 0')
('2015-04-18 10:18:52.511520', 'put_channel : 2015-04-18 10:18:52.511427 : channel login, group 0')
('2015-04-18 10:18:52.512125', 'get_channel: 2015-04-18 10:18:52.511427 : 0 ')
('2015-04-18 10:18:52.512228', 'fd_channel : login[0] 0 login[1] 0 , tb0[0] 0 tb0[1] 0 , tb1[0] 0 tb1[1] 0')
('2015-04-18 10:18:52.515604', 'close_channel : 2015-04-18 10:18:52.509167')
('2015-04-18 10:18:52.518683', 'close_channel : 2015-04-18 10:18:52.511427')
('2015-04-18 10:32:31.510416', 'put_channel : 2015-04-18 10:32:31.510188 : channel tb0, group 1')
('2015-04-18 10:32:31.511123', 'put_channel : 2015-04-18 10:32:31.511034 : channel tb0, group 0')
('2015-04-18 10:32:33.009172', 'put_channel : 2015-04-18 10:32:33.008964 : channel tb0, group 1')
('2015-04-18 10:32:33.009711', 'put_channel : 2015-04-18 10:32:33.009622 : channel tb0, group 0')
('2015-04-18 10:32:34.508287', 'put_channel : 2015-04-18 10:32:34.508153 : channel tb0, group 1')
('2015-04-18 10:32:34.510166', 'put_channel : 2015-04-18 10:32:34.510081 : channel tb0, group 0')
('2015-04-18 10:32:36.008604', 'put_channel : 2015-04-18 10:32:36.008467 : channel tb0, group 1')
('2015-04-18 10:32:36.010054', 'put_channel : 2015-04-18 10:32:36.009960 : channel tb0, group 0')
('2015-04-18 10:32:37.508834', 'put_channel : 2015-04-18 10:32:37.508725 : channel tb0, group 1')
('2015-04-18 10:32:37.509339', 'put_channel : 2015-04-18 10:32:37.509281 : channel tb0, group 0')
('2015-04-18 10:32:39.008517', 'put_channel : 2015-04-18 10:32:39.008381 : channel tb0, group 1')
('2015-04-18 10:32:39.010164', 'put_channel : 2015-04-18 10:32:39.010074 : channel tb0, group 0')
('2015-04-18 10:32:40.510484', 'put_channel : 2015-04-18 10:32:40.510346 : channel tb0, group 0')
('2015-04-18 10:32:40.511127', 'put_channel : 2015-04-18 10:32:40.511006 : channel tb0, group 1')
('2015-04-18 10:32:42.007815', 'put_channel : 2015-04-18 10:32:42.007680 : channel tb0, group 1')
('2015-04-18 10:32:42.012016', 'put_channel : 2015-04-18 10:32:42.011926 : channel tb0, group 0')
('2015-04-18 10:32:43.508797', 'put_channel : 2015-04-18 10:32:43.508631 : channel tb0, group 1')
('2015-04-18 10:32:43.511963', 'put_channel : 2015-04-18 10:32:43.511859 : channel tb0, group 0')
('2015-04-18 10:32:45.008625', 'put_channel : 2015-04-18 10:32:45.008464 : channel tb0, group 1')
('2015-04-18 10:32:45.011756', 'put_channel : 2015-04-18 10:32:45.011664 : channel tb0, group 0')
('2015-04-18 10:32:46.508739', 'put_channel : 2015-04-18 10:32:46.508602 : channel tb0, group 1')
('2015-04-18 10:32:46.510241', 'put_channel : 2015-04-18 10:32:46.510156 : channel tb0, group 0')
('2015-04-18 10:32:48.008671', 'put_channel : 2015-04-18 10:32:48.008534 : channel tb0, group 1')
('2015-04-18 10:32:48.010199', 'put_channel : 2015-04-18 10:32:48.010108 : channel tb0, group 0')
('2015-04-18 10:32:49.510460', 'put_channel : 2015-04-18 10:32:49.510325 : channel tb0, group 0')
('2015-04-18 10:32:49.511029', 'put_channel : 2015-04-18 10:32:49.510939 : channel tb0, group 1')
('2015-04-18 10:32:51.009246', 'put_channel : 2015-04-18 10:32:51.009123 : channel tb0, group 1')
('2015-04-18 10:32:51.011679', 'put_channel : 2015-04-18 10:32:51.011594 : channel tb0, group 0')
('2015-04-18 10:32:52.510241', 'put_channel : 2015-04-18 10:32:52.510103 : channel tb0, group 1')
('2015-04-18 10:32:52.510594', 'put_channel : 2015-04-18 10:32:52.510501 : channel tb0, group 0')
('2015-04-18 10:32:54.008741', 'put_channel : 2015-04-18 10:32:54.008604 : channel tb0, group 1')
('2015-04-18 10:32:54.010046', 'put_channel : 2015-04-18 10:32:54.009895 : channel tb0, group 0')
('2015-04-18 10:32:55.508128', 'put_channel : 2015-04-18 10:32:55.507993 : channel tb0, group 1')
('2015-04-18 10:32:55.510075', 'put_channel : 2015-04-18 10:32:55.509984 : channel tb0, group 0')
('2015-04-18 10:32:57.008080', 'put_channel : 2015-04-18 10:32:57.007912 : channel tb0, group 1')
('2015-04-18 10:32:57.010144', 'put_channel : 2015-04-18 10:32:57.010051 : channel tb0, group 0')
('2015-04-18 10:32:58.509756', 'put_channel : 2015-04-18 10:32:58.509565 : channel tb0, group 0')
('2015-04-18 10:32:58.510136', 'put_channel : 2015-04-18 10:32:58.510018 : channel tb0, group 1')
('2015-04-18 10:33:00.008690', 'put_channel : 2015-04-18 10:33:00.008495 : channel tb0, group 1')
('2015-04-18 10:33:00.012155', 'put_channel : 2015-04-18 10:33:00.012063 : channel tb0, group 0')
('2015-04-18 10:33:01.509048', 'put_channel : 2015-04-18 10:33:01.508920 : channel tb0, group 1')
('2015-04-18 10:33:01.509745', 'put_channel : 2015-04-18 10:33:01.509664 : channel tb0, group 0')
('2015-04-18 10:33:03.010215', 'put_channel : 2015-04-18 10:33:03.010078 : channel tb0, group 1')
('2015-04-18 10:33:03.010786', 'put_channel : 2015-04-18 10:33:03.010696 : channel tb0, group 0')
('2015-04-18 10:33:04.509702', 'put_channel : 2015-04-18 10:33:04.509574 : channel tb0, group 1')
('2015-04-18 10:33:04.510363', 'put_channel : 2015-04-18 10:33:04.510281 : channel tb0, group 0')
('2015-04-18 10:33:06.008284', 'put_channel : 2015-04-18 10:33:06.008148 : channel tb0, group 1')
('2015-04-18 10:33:06.009686', 'put_channel : 2015-04-18 10:33:06.009599 : channel tb0, group 0')
('2015-04-18 10:33:07.509349', 'put_channel : 2015-04-18 10:33:07.509186 : channel tb0, group 1')
('2015-04-18 10:33:07.511856', 'put_channel : 2015-04-18 10:33:07.511764 : channel tb0, group 0')
('2015-04-18 10:33:09.008210', 'put_channel : 2015-04-18 10:33:09.008074 : channel tb0, group 1')
('2015-04-18 10:33:09.009856', 'put_channel : 2015-04-18 10:33:09.009764 : channel tb0, group 0')
('2015-04-18 10:33:10.510547', 'put_channel : 2015-04-18 10:33:10.510413 : channel tb0, group 1')
('2015-04-18 10:33:10.511126', 'put_channel : 2015-04-18 10:33:10.511035 : channel tb0, group 0')
('2015-04-18 10:33:12.010107', 'put_channel : 2015-04-18 10:33:12.009971 : channel tb0, group 0')
('2015-04-18 10:33:12.010787', 'put_channel : 2015-04-18 10:33:12.010706 : channel tb0, group 1')
('2015-04-18 10:33:13.508481', 'put_channel : 2015-04-18 10:33:13.508347 : channel tb0, group 1')
('2015-04-18 10:33:13.509877', 'put_channel : 2015-04-18 10:33:13.509787 : channel tb0, group 0')
('2015-04-18 10:33:15.008738', 'put_channel : 2015-04-18 10:33:15.008600 : channel tb0, group 1')
('2015-04-18 10:33:15.010203', 'put_channel : 2015-04-18 10:33:15.010112 : channel tb0, group 0')
('2015-04-18 10:33:23.506834', 'put_channel : 2015-04-18 10:33:23.506690 : channel tb0, group 0')
('2015-04-18 10:33:23.517282', 'put_channel : 2015-04-18 10:33:23.517147 : channel tb0, group 1')
('2015-04-18 10:33:23.520966', 'put_channel : 2015-04-18 10:33:23.520808 : channel tb0, group 0')
('2015-04-18 10:33:23.936154', 'put_channel : 2015-04-18 10:33:23.936013 : channel tb0, group 1')
('2015-04-18 10:33:25.509799', 'put_channel : 2015-04-18 10:33:25.509665 : channel tb0, group 1')
('2015-04-18 10:33:26.508639', 'put_channel : 2015-04-18 10:33:26.508477 : channel tb0, group 0')
('2015-04-18 10:33:26.517101', 'put_channel : 2015-04-18 10:33:26.516951 : channel tb0, group 1')
('2015-04-18 10:33:26.520871', 'put_channel : 2015-04-18 10:33:26.520784 : channel tb0, group 0')
('2015-04-18 10:33:28.005580', 'put_channel : 2015-04-18 10:33:28.005438 : channel tb0, group 1')
('2015-04-18 10:33:29.507211', 'put_channel : 2015-04-18 10:33:29.507070 : channel tb0, group 0')
('2015-04-18 10:33:29.507983', 'put_channel : 2015-04-18 10:33:29.507892 : channel tb0, group 1')
('2015-04-18 10:33:31.508092', 'put_channel : 2015-04-18 10:33:31.507957 : channel tb0, group 1')
('2015-04-18 10:33:32.506789', 'put_channel : 2015-04-18 10:33:32.506647 : channel tb0, group 0')
('2015-04-18 10:33:33.010916', 'put_channel : 2015-04-18 10:33:33.010783 : channel tb0, group 0')
('2015-04-18 10:33:34.436296', 'put_channel : 2015-04-18 10:33:34.436161 : channel tb0, group 1')
('2015-04-18 10:33:34.508212', 'put_channel : 2015-04-18 10:33:34.508119 : channel tb0, group 1')
('2015-04-18 10:33:35.508529', 'put_channel : 2015-04-18 10:33:35.508382 : channel tb0, group 0')
('2015-04-18 10:33:36.009022', 'put_channel : 2015-04-18 10:33:36.008785 : channel tb0, group 1')
('2015-04-18 10:33:36.009877', 'put_channel : 2015-04-18 10:33:36.009785 : channel tb0, group 0')
('2015-04-18 10:33:38.505228', 'put_channel : 2015-04-18 10:33:38.505086 : channel tb0, group 1')
('2015-04-18 10:33:38.506820', 'put_channel : 2015-04-18 10:33:38.506728 : channel tb0, group 0')
('2015-04-18 10:33:39.009887', 'put_channel : 2015-04-18 10:33:39.009752 : channel tb0, group 1')
('2015-04-18 10:33:39.010448', 'put_channel : 2015-04-18 10:33:39.010367 : channel tb0, group 0')
('2015-04-18 10:33:42.011029', 'put_channel : 2015-04-18 10:33:42.010894 : channel tb0, group 0')
('2015-04-18 10:33:42.030976', 'put_channel : 2015-04-18 10:33:42.030884 : channel tb0, group 0')
('2015-04-18 10:33:42.891511', 'put_channel : 2015-04-18 10:33:42.891340 : channel tb0, group 0')
('2015-04-18 10:33:46.005515', 'put_channel : 2015-04-18 10:33:46.005350 : channel tb0, group 1')
('2015-04-18 10:33:46.509049', 'put_channel : 2015-04-18 10:33:46.508858 : channel tb0, group 1')
('2015-04-18 10:33:46.510892', 'put_channel : 2015-04-18 10:33:46.510809 : channel tb0, group 1')
('2015-04-18 10:33:47.518533', 'put_channel : 2015-04-18 10:33:47.518392 : channel tb0, group 1')
('2015-04-18 10:33:48.008580', 'put_channel : 2015-04-18 10:33:48.008432 : channel tb0, group 1')
('2015-04-18 10:33:49.021236', 'put_channel : 2015-04-18 10:33:49.021087 : channel tb0, group 1')
('2015-04-18 10:33:49.068957', 'put_channel : 2015-04-18 10:33:49.068822 : channel tb0, group 1')
('2015-04-18 10:33:52.005297', 'put_channel : 2015-04-18 10:33:52.005157 : channel tb0, group 1')
('2015-04-18 10:33:52.045067', 'put_channel : 2015-04-18 10:33:52.044939 : channel tb0, group 1')
('2015-04-18 10:33:53.506991', 'put_channel : 2015-04-18 10:33:53.506846 : channel tb0, group 0')
('2015-04-18 10:33:53.521670', 'put_channel : 2015-04-18 10:33:53.521580 : channel tb0, group 0')
('2015-04-18 10:33:54.010799', 'put_channel : 2015-04-18 10:33:54.010708 : channel tb0, group 0')
('2015-04-18 10:33:54.012774', 'put_channel : 2015-04-18 10:33:54.012680 : channel tb0, group 0')
('2015-04-18 10:33:55.005340', 'put_channel : 2015-04-18 10:33:55.005199 : channel tb0, group 1')
('2015-04-18 10:33:55.024617', 'put_channel : 2015-04-18 10:33:55.024522 : channel tb0, group 0')
('2015-04-18 10:33:55.054956', 'put_channel : 2015-04-18 10:33:55.054866 : channel tb0, group 1')
('2015-04-18 10:33:55.055691', 'put_channel : 2015-04-18 10:33:55.055605 : channel tb0, group 0')
('2015-04-18 10:33:55.510941', 'put_channel : 2015-04-18 10:33:55.510743 : channel tb0, group 0')
('2015-04-18 10:33:55.536741', 'put_channel : 2015-04-18 10:33:55.536647 : channel tb0, group 0')
('2015-04-18 10:33:56.519294', 'put_channel : 2015-04-18 10:33:56.519148 : channel tb0, group 0')
('2015-04-18 10:33:57.009410', 'put_channel : 2015-04-18 10:33:57.009318 : channel tb0, group 0')
('2015-04-18 10:33:58.006880', 'put_channel : 2015-04-18 10:33:58.006740 : channel tb0, group 1')
('2015-04-18 10:33:58.508525', 'put_channel : 2015-04-18 10:33:58.508392 : channel tb0, group 1')
('2015-04-18 10:33:58.509332', 'put_channel : 2015-04-18 10:33:58.509179 : channel tb0, group 0')
('2015-04-18 10:34:01.006678', 'put_channel : 2015-04-18 10:34:01.006547 : channel tb0, group 1')
('2015-04-18 10:34:01.069132', 'put_channel : 2015-04-18 10:34:01.069043 : channel tb0, group 1')
('2015-04-18 10:34:02.312202', 'get_channel: 2015-04-18 10:32:31.510188 : 1 ')
('2015-04-18 10:34:02.312359', 'fd_channel : login[0] 0 login[1] 0 , tb0[0] 55 tb0[1] 56 , tb1[0] 0 tb1[1] 0')
('2015-04-18 10:34:02.314582', 'get_channel: 2015-04-18 10:32:33.008964 : 1 ')
('2015-04-18 10:34:02.314681', 'fd_channel : login[0] 0 login[1] 0 , tb0[0] 55 tb0[1] 55 , tb1[0] 0 tb1[1] 0')
('2015-04-18 10:34:02.316309', 'get_channel: 2015-04-18 10:32:34.508153 : 1 ')
('2015-04-18 10:34:02.316407', 'fd_channel : login[0] 0 login[1] 0 , tb0[0] 55 tb0[1] 54 , tb1[0] 0 tb1[1] 0')
('2015-04-18 10:34:02.318380', 'get_channel: 2015-04-18 10:32:36.008467 : 1 ')
('2015-04-18 10:34:02.318481', 'fd_channel : login[0] 0 login[1] 0 , tb0[0] 55 tb0[1] 53 , tb1[0] 0 tb1[1] 0')
('2015-04-18 10:34:02.320282', 'get_channel: 2015-04-18 10:32:37.508725 : 1 ')
('2015-04-18 10:34:02.320410', 'fd_channel : login[0] 0 login[1] 0 , tb0[0] 55 tb0[1] 52 , tb1[0] 0 tb1[1] 0')
('2015-04-18 10:34:02.322393', 'get_channel: 2015-04-18 10:32:39.008381 : 1 ')
('2015-04-18 10:34:02.322493', 'fd_channel : login[0] 0 login[1] 0 , tb0[0] 55 tb0[1] 51 , tb1[0] 0 tb1[1] 0')
('2015-04-18 10:34:02.325006', 'get_channel: 2015-04-18 10:32:40.511006 : 1 ')
('2015-04-18 10:34:02.325111', 'fd_channel : login[0] 0 login[1] 0 , tb0[0] 55 tb0[1] 50 , tb1[0] 0 tb1[1] 0')
('2015-04-18 10:34:02.326562', 'get_channel: 2015-04-18 10:32:42.007680 : 1 ')
('2015-04-18 10:34:02.326660', 'fd_channel : login[0] 0 login[1] 0 , tb0[0] 55 tb0[1] 49 , tb1[0] 0 tb1[1] 0')
('2015-04-18 10:34:02.512942', 'put_channel : 2015-04-18 10:34:02.512791 : channel tb0, group 0')
('2015-04-18 10:34:03.009714', 'put_channel : 2015-04-18 10:34:03.009584 : channel tb0, group 0')
('2015-04-18 10:34:03.012175', 'put_channel : 2015-04-18 10:34:03.012089 : channel tb0, group 0')
('2015-04-18 10:34:03.750639', 'close_channel : 2015-04-18 10:32:33.008964')
('2015-04-18 10:34:03.752442', 'close_channel : 2015-04-18 10:32:34.508153')
('2015-04-18 10:34:03.753227', 'close_channel : 2015-04-18 10:32:31.510188')
('2015-04-18 10:34:03.754047', 'close_channel : 2015-04-18 10:32:36.008467')
('2015-04-18 10:34:03.760822', 'close_channel : 2015-04-18 10:32:40.511006')
('2015-04-18 10:34:03.768151', 'close_channel : 2015-04-18 10:32:42.007680')
('2015-04-18 10:34:03.771838', 'close_channel : 2015-04-18 10:32:39.008381')
('2015-04-18 10:34:03.782796', 'close_channel : 2015-04-18 10:32:37.508725')
('2015-04-18 10:34:04.005381', 'put_channel : 2015-04-18 10:34:04.005278 : channel tb0, group 1')
('2015-04-18 10:34:04.509770', 'put_channel : 2015-04-18 10:34:04.509637 : channel tb0, group 0')
('2015-04-18 10:34:06.010592', 'put_channel : 2015-04-18 10:34:06.010456 : channel tb0, group 0')
('2015-04-18 10:34:07.572212', 'put_channel : 2015-04-18 10:34:07.572075 : channel tb0, group 1')
('2015-04-18 10:34:08.505404', 'put_channel : 2015-04-18 10:34:08.505262 : channel tb0, group 1')
('2015-04-18 10:34:09.367103', 'get_channel: 2015-04-18 10:32:31.511034 : 0 ')
('2015-04-18 10:34:09.367208', 'fd_channel : login[0] 0 login[1] 0 , tb0[0] 59 tb0[1] 52 , tb1[0] 0 tb1[1] 0')
('2015-04-18 10:34:09.372258', 'get_channel: 2015-04-18 10:32:43.508631 : 1 ')
('2015-04-18 10:34:09.372358', 'fd_channel : login[0] 0 login[1] 0 , tb0[0] 59 tb0[1] 51 , tb1[0] 0 tb1[1] 0')
('2015-04-18 10:34:10.141160', 'get_channel: 2015-04-18 10:32:33.009622 : 0 ')
('2015-04-18 10:34:10.141269', 'fd_channel : login[0] 0 login[1] 0 , tb0[0] 58 tb0[1] 51 , tb1[0] 0 tb1[1] 0')
('2015-04-18 10:34:10.143146', 'get_channel: 2015-04-18 10:32:45.008464 : 1 ')
('2015-04-18 10:34:10.143246', 'fd_channel : login[0] 0 login[1] 0 , tb0[0] 58 tb0[1] 50 , tb1[0] 0 tb1[1] 0')
('2015-04-18 10:34:10.355932', 'close_channel : 2015-04-18 10:32:45.008464')
('2015-04-18 10:34:10.361197', 'get_channel: 2015-04-18 10:32:34.510081 : 0 ')
('2015-04-18 10:34:10.361298', 'fd_channel : login[0] 0 login[1] 0 , tb0[0] 57 tb0[1] 50 , tb1[0] 0 tb1[1] 0')
('2015-04-18 10:34:10.363198', 'get_channel: 2015-04-18 10:32:46.508602 : 1 ')
('2015-04-18 10:34:10.363296', 'fd_channel : login[0] 0 login[1] 0 , tb0[0] 57 tb0[1] 49 , tb1[0] 0 tb1[1] 0')
('2015-04-18 10:34:10.374742', 'close_channel : 2015-04-18 10:32:46.508602')
('2015-04-18 10:34:11.375505', 'get_channel: 2015-04-18 10:32:36.009960 : 0 ')
('2015-04-18 10:34:11.375688', 'fd_channel : login[0] 0 login[1] 0 , tb0[0] 56 tb0[1] 49 , tb1[0] 0 tb1[1] 0')
('2015-04-18 10:34:11.377762', 'get_channel: 2015-04-18 10:32:48.008534 : 1 ')
('2015-04-18 10:34:11.377862', 'fd_channel : login[0] 0 login[1] 0 , tb0[0] 56 tb0[1] 48 , tb1[0] 0 tb1[1] 0')
('2015-04-18 10:34:12.439928', 'close_channel : 2015-04-18 10:32:31.511034')
('2015-04-18 10:34:12.582903', 'get_channel: 2015-04-18 10:32:37.509281 : 0 ')
('2015-04-18 10:34:12.583010', 'fd_channel : login[0] 0 login[1] 0 , tb0[0] 55 tb0[1] 48 , tb1[0] 0 tb1[1] 0')
('2015-04-18 10:34:12.585580', 'get_channel: 2015-04-18 10:32:49.510939 : 1 ')
('2015-04-18 10:34:12.585680', 'fd_channel : login[0] 0 login[1] 0 , tb0[0] 55 tb0[1] 47 , tb1[0] 0 tb1[1] 0')
('2015-04-18 10:34:12.593363', 'close_channel : 2015-04-18 10:32:37.509281')
('2015-04-18 10:34:12.794286', 'close_channel : 2015-04-18 10:32:49.510939')
('2015-04-18 10:34:12.810751', 'close_channel : 2015-04-18 10:32:48.008534')
('2015-04-18 10:34:13.010948', 'put_channel : 2015-04-18 10:34:13.010815 : channel tb0, group 1')
('2015-04-18 10:34:13.765579', 'get_channel: 2015-04-18 10:32:39.010074 : 0 ')
('2015-04-18 10:34:13.765684', 'fd_channel : login[0] 0 login[1] 0 , tb0[0] 54 tb0[1] 48 , tb1[0] 0 tb1[1] 0')
('2015-04-18 10:34:13.767629', 'get_channel: 2015-04-18 10:32:51.009123 : 1 ')
('2015-04-18 10:34:13.767745', 'fd_channel : login[0] 0 login[1] 0 , tb0[0] 54 tb0[1] 47 , tb1[0] 0 tb1[1] 0')
('2015-04-18 10:34:13.974820', 'get_channel: 2015-04-18 10:32:40.510346 : 0 ')
('2015-04-18 10:34:13.974920', 'fd_channel : login[0] 0 login[1] 0 , tb0[0] 53 tb0[1] 47 , tb1[0] 0 tb1[1] 0')
('2015-04-18 10:34:13.976560', 'get_channel: 2015-04-18 10:32:52.510103 : 1 ')
('2015-04-18 10:34:13.976657', 'fd_channel : login[0] 0 login[1] 0 , tb0[0] 53 tb0[1] 46 , tb1[0] 0 tb1[1] 0')
('2015-04-18 10:34:14.707492', 'get_channel: 2015-04-18 10:32:42.011926 : 0 ')
('2015-04-18 10:34:14.707598', 'fd_channel : login[0] 0 login[1] 0 , tb0[0] 52 tb0[1] 46 , tb1[0] 0 tb1[1] 0')
('2015-04-18 10:34:14.709791', 'get_channel: 2015-04-18 10:32:54.008604 : 1 ')
('2015-04-18 10:34:14.709892', 'fd_channel : login[0] 0 login[1] 0 , tb0[0] 52 tb0[1] 45 , tb1[0] 0 tb1[1] 0')
('2015-04-18 10:34:15.770345', 'get_channel: 2015-04-18 10:32:43.511859 : 0 ')
('2015-04-18 10:34:15.770489', 'fd_channel : login[0] 0 login[1] 0 , tb0[0] 51 tb0[1] 45 , tb1[0] 0 tb1[1] 0')
('2015-04-18 10:34:15.772463', 'get_channel: 2015-04-18 10:32:55.507993 : 1 ')
('2015-04-18 10:34:15.772563', 'fd_channel : login[0] 0 login[1] 0 , tb0[0] 51 tb0[1] 44 , tb1[0] 0 tb1[1] 0')
('2015-04-18 10:34:15.785902', 'close_channel : 2015-04-18 10:32:55.507993')
('2015-04-18 10:34:15.979200', 'get_channel: 2015-04-18 10:32:45.011664 : 0 ')
('2015-04-18 10:34:15.979327', 'fd_channel : login[0] 0 login[1] 0 , tb0[0] 50 tb0[1] 44 , tb1[0] 0 tb1[1] 0')
('2015-04-18 10:34:15.980830', 'get_channel: 2015-04-18 10:32:57.007912 : 1 ')
('2015-04-18 10:34:15.980983', 'fd_channel : login[0] 0 login[1] 0 , tb0[0] 50 tb0[1] 43 , tb1[0] 0 tb1[1] 0')
('2015-04-18 10:34:16.005493', 'put_channel : 2015-04-18 10:34:16.005403 : channel tb0, group 1')
('2015-04-18 10:34:16.012354', 'close_channel : 2015-04-18 10:32:57.007912')
('2015-04-18 10:34:16.015213', 'put_channel : 2015-04-18 10:34:16.015134 : channel tb0, group 1')
('2015-04-18 10:34:16.147878', 'close_channel : 2015-04-18 10:32:54.008604')
('2015-04-18 10:34:20.109412', 'close_channel : 2015-04-18 10:32:39.010074')
('2015-04-18 10:34:20.317638', 'close_channel : 2015-04-18 10:32:40.510346')
('2015-04-18 10:34:20.506544', 'put_channel : 2015-04-18 10:34:20.506453 : channel tb0, group 0')
('2015-04-18 10:34:20.520427', 'put_channel : 2015-04-18 10:34:20.520339 : channel tb0, group 0')
('2015-04-18 10:34:21.011030', 'put_channel : 2015-04-18 10:34:21.010847 : channel tb0, group 0')
('2015-04-18 10:34:21.012140', 'put_channel : 2015-04-18 10:34:21.012054 : channel tb0, group 0')
('2015-04-18 10:34:21.045864', 'close_channel : 2015-04-18 10:32:42.011926')
('2015-04-18 10:34:21.067750', 'get_channel: 2015-04-18 10:32:46.510156 : 0 ')
('2015-04-18 10:34:21.067856', 'fd_channel : login[0] 0 login[1] 0 , tb0[0] 53 tb0[1] 45 , tb1[0] 0 tb1[1] 0')
('2015-04-18 10:34:21.069769', 'get_channel: 2015-04-18 10:32:58.510018 : 1 ')
('2015-04-18 10:34:21.069869', 'fd_channel : login[0] 0 login[1] 0 , tb0[0] 53 tb0[1] 44 , tb1[0] 0 tb1[1] 0')
('2015-04-18 10:34:21.078575', 'close_channel : 2015-04-18 10:32:46.510156')
('2015-04-18 10:34:21.168222', 'put_channel : 2015-04-18 10:34:21.168133 : channel tb0, group 0')
('2015-04-18 10:34:22.015336', 'put_channel : 2015-04-18 10:34:22.015187 : channel tb0, group 0')
('2015-04-18 10:34:22.545142', 'put_channel : 2015-04-18 10:34:22.544990 : channel tb0, group 0')
('2015-04-18 10:34:23.022152', 'close_channel : 2015-04-18 10:32:33.009622')
('2015-04-18 10:34:23.245518', 'close_channel : 2015-04-18 10:32:34.510081')
('2015-04-18 10:34:23.521048', 'put_channel : 2015-04-18 10:34:23.520870 : channel tb0, group 0')
('2015-04-18 10:34:28.013298', 'put_channel : 2015-04-18 10:34:28.013157 : channel tb0, group 1')
('2015-04-18 10:34:28.525381', 'put_channel : 2015-04-18 10:34:28.525228 : channel tb0, group 1')
('2015-04-18 10:34:31.533298', 'put_channel : 2015-04-18 10:34:31.533152 : channel tb0, group 1')
('2015-04-18 10:34:32.558851', 'put_channel : 2015-04-18 10:34:32.558704 : channel tb0, group 1')
('2015-04-18 10:34:33.037119', 'put_channel : 2015-04-18 10:34:33.036982 : channel tb0, group 1')
('2015-04-18 10:34:33.950583', 'close_channel : 2015-04-18 10:32:58.510018')
('2015-04-18 10:34:34.542979', 'put_channel : 2015-04-18 10:34:34.542841 : channel tb0, group 1')
('2015-04-18 10:34:37.069198', 'put_channel : 2015-04-18 10:34:37.069056 : channel tb0, group 1')
('2015-04-18 10:34:40.048744', 'put_channel : 2015-04-18 10:34:40.048598 : channel tb0, group 0')
('2015-04-18 10:34:41.583250', 'put_channel : 2015-04-18 10:34:41.583110 : channel tb0, group 1')
('2015-04-18 10:34:41.583926', 'put_channel : 2015-04-18 10:34:41.583842 : channel tb0, group 0')
('2015-04-18 10:34:43.054871', 'put_channel : 2015-04-18 10:34:43.054724 : channel tb0, group 0')
('2015-04-18 10:34:46.641478', 'put_channel : 2015-04-18 10:34:46.641286 : channel tb0, group 0')
('2015-04-18 10:34:48.111185', 'put_channel : 2015-04-18 10:34:48.111039 : channel tb0, group 0')
('2015-04-18 10:34:52.653252', 'put_channel : 2015-04-18 10:34:52.653103 : channel tb0, group 1')
('2015-04-18 10:34:55.597204', 'put_channel : 2015-04-18 10:34:55.597062 : channel tb0, group 1')
('2015-04-18 10:34:58.670732', 'put_channel : 2015-04-18 10:34:58.670587 : channel tb0, group 1')
('2015-04-18 11:27:42.012312', 'put_channel : 2015-04-18 11:27:42.012023 : channel tb1, group 0')
('2015-04-18 11:27:43.011078', 'put_channel : 2015-04-18 11:27:43.010931 : channel tb1, group 1')
('2015-04-18 11:27:43.510198', 'put_channel : 2015-04-18 11:27:43.510062 : channel tb1, group 0')
('2015-04-18 11:27:44.504596', 'put_channel : 2015-04-18 11:27:44.504488 : channel tb1, group 1')
('2015-04-18 11:27:45.010866', 'put_channel : 2015-04-18 11:27:45.010724 : channel tb1, group 0')
('2015-04-18 11:27:46.005320', 'put_channel : 2015-04-18 11:27:46.005176 : channel tb1, group 1')
('2015-04-18 11:27:47.505240', 'put_channel : 2015-04-18 11:27:47.505097 : channel tb1, group 1')
('2015-04-18 11:27:49.005325', 'put_channel : 2015-04-18 11:27:49.005152 : channel tb1, group 1')
('2015-04-18 11:27:49.509990', 'put_channel : 2015-04-18 11:27:49.509857 : channel tb1, group 1')
('2015-04-18 11:27:49.559809', 'put_channel : 2015-04-18 11:27:49.559700 : channel tb1, group 0')
('2015-04-18 11:27:50.507337', 'put_channel : 2015-04-18 11:27:50.507193 : channel tb1, group 0')
('2015-04-18 11:27:51.013729', 'put_channel : 2015-04-18 11:27:51.013636 : channel tb1, group 0')
('2015-04-18 11:27:52.009348', 'put_channel : 2015-04-18 11:27:52.009209 : channel tb1, group 1')
('2015-04-18 11:27:53.505725', 'put_channel : 2015-04-18 11:27:53.505581 : channel tb1, group 1')
('2015-04-18 11:27:54.012708', 'put_channel : 2015-04-18 11:27:54.012604 : channel tb1, group 0')
('2015-04-18 11:27:55.512490', 'put_channel : 2015-04-18 11:27:55.512341 : channel tb1, group 0')
('2015-04-18 11:27:56.506870', 'put_channel : 2015-04-18 11:27:56.506722 : channel tb1, group 1')
('2015-04-18 11:27:56.508314', 'put_channel : 2015-04-18 11:27:56.508230 : channel tb1, group 0')
('2015-04-18 11:27:57.009302', 'put_channel : 2015-04-18 11:27:57.009204 : channel tb1, group 1')
('2015-04-18 11:27:57.010621', 'put_channel : 2015-04-18 11:27:57.010528 : channel tb1, group 1')
('2015-04-18 11:27:57.011225', 'put_channel : 2015-04-18 11:27:57.011137 : channel tb1, group 0')
('2015-04-18 11:27:57.012105', 'put_channel : 2015-04-18 11:27:57.012020 : channel tb1, group 0')
('2015-04-18 11:28:01.509183', 'put_channel : 2015-04-18 11:28:01.508768 : channel tb1, group 1')
('2015-04-18 11:28:04.508828', 'put_channel : 2015-04-18 11:28:04.508672 : channel tb1, group 1')
('2015-04-18 11:28:05.507216', 'put_channel : 2015-04-18 11:28:05.507073 : channel tb1, group 0')
('2015-04-18 11:28:05.517036', 'put_channel : 2015-04-18 11:28:05.516946 : channel tb1, group 1')
('2015-04-18 11:28:05.518873', 'put_channel : 2015-04-18 11:28:05.518742 : channel tb1, group 0')
('2015-04-18 11:28:07.023490', 'put_channel : 2015-04-18 11:28:07.023346 : channel tb1, group 0')
('2015-04-18 11:28:11.508598', 'put_channel : 2015-04-18 11:28:11.508466 : channel tb1, group 0')
('2015-04-18 11:28:13.006961', 'put_channel : 2015-04-18 11:28:13.006817 : channel tb1, group 0')
('2015-04-18 11:28:14.518520', 'put_channel : 2015-04-18 11:28:14.518412 : channel tb1, group 1')
('2015-04-18 11:28:15.038763', 'put_channel : 2015-04-18 11:28:15.038628 : channel tb1, group 1')
('2015-04-18 11:28:16.015122', 'put_channel : 2015-04-18 11:28:16.014978 : channel tb1, group 0')
('2015-04-18 11:28:17.507003', 'put_channel : 2015-04-18 11:28:17.506860 : channel tb1, group 0')
('2015-04-18 11:28:17.518662', 'put_channel : 2015-04-18 11:28:17.518569 : channel tb1, group 1')
('2015-04-18 11:28:18.029065', 'put_channel : 2015-04-18 11:28:18.028930 : channel tb1, group 1')
('2015-04-18 11:28:20.509272', 'put_channel : 2015-04-18 11:28:20.509127 : channel tb1, group 1')
('2015-04-18 11:28:20.518704', 'put_channel : 2015-04-18 11:28:20.518610 : channel tb1, group 0')
('2015-04-18 11:28:21.008770', 'put_channel : 2015-04-18 11:28:21.008598 : channel tb1, group 1')
('2015-04-18 11:28:21.010673', 'put_channel : 2015-04-18 11:28:21.010585 : channel tb1, group 1')
('2015-04-18 11:28:22.006610', 'put_channel : 2015-04-18 11:28:22.006465 : channel tb1, group 0')
('2015-04-18 11:28:22.015678', 'put_channel : 2015-04-18 11:28:22.015582 : channel tb1, group 0')
('2015-04-18 11:28:22.508804', 'put_channel : 2015-04-18 11:28:22.508667 : channel tb1, group 1')
('2015-04-18 11:28:22.516563', 'put_channel : 2015-04-18 11:28:22.516470 : channel tb1, group 0')
('2015-04-18 11:28:23.507399', 'put_channel : 2015-04-18 11:28:23.507257 : channel tb1, group 0')
('2015-04-18 11:28:24.010391', 'put_channel : 2015-04-18 11:28:24.010259 : channel tb1, group 1')
('2015-04-18 11:28:24.030770', 'put_channel : 2015-04-18 11:28:24.030680 : channel tb1, group 1')
('2015-04-18 11:28:25.508567', 'put_channel : 2015-04-18 11:28:25.508429 : channel tb1, group 1')
('2015-04-18 11:28:27.010722', 'put_channel : 2015-04-18 11:28:27.010585 : channel tb1, group 1')
('2015-04-18 11:28:28.008496', 'put_channel : 2015-04-18 11:28:28.008353 : channel tb1, group 0')
('2015-04-18 11:28:29.509043', 'put_channel : 2015-04-18 11:28:29.508861 : channel tb1, group 0')
('2015-04-18 11:28:30.030723', 'put_channel : 2015-04-18 11:28:30.030627 : channel tb1, group 1')
('2015-04-18 11:28:31.510837', 'put_channel : 2015-04-18 11:28:31.510700 : channel tb1, group 1')
('2015-04-18 11:28:34.006928', 'put_channel : 2015-04-18 11:28:34.006781 : channel tb1, group 0')
('2015-04-18 11:28:34.510877', 'put_channel : 2015-04-18 11:28:34.510745 : channel tb1, group 1')
('2015-04-18 11:28:35.508822', 'put_channel : 2015-04-18 11:28:35.508677 : channel tb1, group 0')
('2015-04-18 11:28:37.009100', 'put_channel : 2015-04-18 11:28:37.008877 : channel tb1, group 0')
('2015-04-18 11:28:37.021519', 'put_channel : 2015-04-18 11:28:37.021416 : channel tb1, group 1')
('2015-04-18 11:28:37.070929', 'put_channel : 2015-04-18 11:28:37.070840 : channel tb1, group 0')
('2015-04-18 11:28:38.506861', 'put_channel : 2015-04-18 11:28:38.506716 : channel tb1, group 0')
('2015-04-18 11:28:38.518909', 'put_channel : 2015-04-18 11:28:38.518819 : channel tb1, group 0')
('2015-04-18 11:28:39.040699', 'put_channel : 2015-04-18 11:28:39.040562 : channel tb1, group 0')
('2015-04-18 11:28:40.007198', 'put_channel : 2015-04-18 11:28:40.007056 : channel tb1, group 0')
('2015-04-18 11:28:40.526628', 'put_channel : 2015-04-18 11:28:40.526509 : channel tb1, group 0')
('2015-04-18 11:28:41.507084', 'put_channel : 2015-04-18 11:28:41.506951 : channel tb1, group 0')
('2015-04-18 11:28:43.006915', 'put_channel : 2015-04-18 11:28:43.006771 : channel tb1, group 0')
('2015-04-18 11:28:43.021180', 'put_channel : 2015-04-18 11:28:43.021086 : channel tb1, group 1')
('2015-04-18 11:28:43.052858', 'put_channel : 2015-04-18 11:28:43.052767 : channel tb1, group 1')
('2015-04-18 11:28:43.533250', 'put_channel : 2015-04-18 11:28:43.533130 : channel tb1, group 1')
('2015-04-18 11:28:44.506980', 'put_channel : 2015-04-18 11:28:44.506826 : channel tb1, group 0')
('2015-04-18 11:28:46.007034', 'put_channel : 2015-04-18 11:28:46.006889 : channel tb1, group 0')
('2015-04-18 11:28:49.021518', 'put_channel : 2015-04-18 11:28:49.021324 : channel tb1, group 1')
('2015-04-18 11:28:52.013508', 'put_channel : 2015-04-18 11:28:52.013363 : channel tb1, group 1')
('2015-04-18 11:28:55.511283', 'put_channel : 2015-04-18 11:28:55.511083 : channel tb1, group 0')
('2015-04-18 11:28:55.512925', 'put_channel : 2015-04-18 11:28:55.512847 : channel tb1, group 0')
('2015-04-18 11:28:57.008596', 'put_channel : 2015-04-18 11:28:57.008459 : channel tb1, group 0')
('2015-04-18 11:28:58.513460', 'put_channel : 2015-04-18 11:28:58.513321 : channel tb1, group 1')
('2015-04-18 11:29:01.071176', 'put_channel : 2015-04-18 11:29:01.071051 : channel tb1, group 0')
('2015-04-18 11:29:01.509476', 'put_channel : 2015-04-18 11:29:01.509338 : channel tb1, group 0')
('2015-04-18 11:29:01.532778', 'put_channel : 2015-04-18 11:29:01.532684 : channel tb1, group 1')
('2015-04-18 11:29:03.010190', 'put_channel : 2015-04-18 11:29:03.010052 : channel tb1, group 0')
('2015-04-18 11:29:03.038494', 'put_channel : 2015-04-18 11:29:03.038401 : channel tb1, group 0')
('2015-04-18 11:29:04.014993', 'put_channel : 2015-04-18 11:29:04.014848 : channel tb1, group 1')
('2015-04-18 11:29:04.509562', 'put_channel : 2015-04-18 11:29:04.509418 : channel tb1, group 0')
('2015-04-18 11:29:06.031103', 'put_channel : 2015-04-18 11:29:06.030964 : channel tb1, group 0')
('2015-04-18 11:29:07.533624', 'put_channel : 2015-04-18 11:29:07.533459 : channel tb1, group 1')
('2015-04-18 11:29:09.010203', 'put_channel : 2015-04-18 11:29:09.010067 : channel tb1, group 0')
('2015-04-18 11:29:11.567449', 'put_channel : 2015-04-18 11:29:11.567302 : channel tb1, group 1')
('2015-04-18 11:29:14.505398', 'put_channel : 2015-04-18 11:29:14.505253 : channel tb1, group 1')
('2015-04-18 11:29:14.520538', 'put_channel : 2015-04-18 11:29:14.520449 : channel tb1, group 0')
('2015-04-18 11:29:14.524983', 'put_channel : 2015-04-18 11:29:14.524807 : channel tb1, group 1')
('2015-04-18 11:29:15.011174', 'put_channel : 2015-04-18 11:29:15.011038 : channel tb1, group 0')
('2015-04-18 11:29:15.011846', 'put_channel : 2015-04-18 11:29:15.011753 : channel tb1, group 0')
('2015-04-18 11:29:15.040432', 'put_channel : 2015-04-18 11:29:15.040341 : channel tb1, group 0')
('2015-04-18 11:29:16.510098', 'put_channel : 2015-04-18 11:29:16.509962 : channel tb1, group 0')
('2015-04-18 11:29:16.525324', 'put_channel : 2015-04-18 11:29:16.525231 : channel tb1, group 1')
('2015-04-18 11:29:17.505616', 'put_channel : 2015-04-18 11:29:17.505475 : channel tb1, group 1')
('2015-04-18 11:29:19.510173', 'put_channel : 2015-04-18 11:29:19.510037 : channel tb1, group 0')
('2015-04-18 11:29:21.011130', 'put_channel : 2015-04-18 11:29:21.010992 : channel tb1, group 0')
('2015-04-18 11:29:25.005476', 'put_channel : 2015-04-18 11:29:25.005290 : channel tb1, group 1')
('2015-04-18 11:29:25.510618', 'put_channel : 2015-04-18 11:29:25.510482 : channel tb1, group 0')
('2015-04-18 11:29:26.507040', 'put_channel : 2015-04-18 11:29:26.506900 : channel tb1, group 1')
('2015-04-18 11:29:28.512315', 'put_channel : 2015-04-18 11:29:28.512214 : channel tb1, group 0')
('2015-04-18 11:29:29.507298', 'put_channel : 2015-04-18 11:29:29.507154 : channel tb1, group 1')
('2015-04-18 11:29:29.582667', 'put_channel : 2015-04-18 11:29:29.582576 : channel tb1, group 0')
('2015-04-18 11:29:32.506968', 'put_channel : 2015-04-18 11:29:32.506823 : channel tb1, group 1')
('2015-04-18 11:29:33.012238', 'put_channel : 2015-04-18 11:29:33.012145 : channel tb1, group 0')
('2015-04-18 11:29:34.509621', 'put_channel : 2015-04-18 11:29:34.509476 : channel tb1, group 0')
('2015-04-18 11:29:35.868947', 'close_channel : 2015-04-18 11:27:43.010931')
('2015-04-18 11:29:35.871172', 'close_channel : 2015-04-18 11:27:44.504488')
('2015-04-18 11:29:35.874195', 'get_channel: 2015-04-18 11:27:46.005176 : 1 ')
('2015-04-18 11:29:35.874303', 'fd_channel : login[0] 0 login[1] 0 , tb0[0] 62 tb0[1] 55 , tb1[0] 60 tb1[1] 45')
('2015-04-18 11:29:35.876677', 'get_channel: 2015-04-18 11:27:47.505097 : 1 ')
('2015-04-18 11:29:35.876777', 'fd_channel : login[0] 0 login[1] 0 , tb0[0] 62 tb0[1] 55 , tb1[0] 60 tb1[1] 44')
('2015-04-18 11:29:35.878432', 'get_channel: 2015-04-18 11:27:49.005152 : 1 ')
('2015-04-18 11:29:35.878532', 'fd_channel : login[0] 0 login[1] 0 , tb0[0] 62 tb0[1] 55 , tb1[0] 60 tb1[1] 43')
('2015-04-18 11:29:35.879865', 'get_channel: 2015-04-18 11:27:49.509857 : 1 ')
('2015-04-18 11:29:35.879964', 'fd_channel : login[0] 0 login[1] 0 , tb0[0] 62 tb0[1] 55 , tb1[0] 60 tb1[1] 42')
('2015-04-18 11:29:35.882146', 'get_channel: 2015-04-18 11:27:52.009209 : 1 ')
('2015-04-18 11:29:35.882245', 'fd_channel : login[0] 0 login[1] 0 , tb0[0] 62 tb0[1] 55 , tb1[0] 60 tb1[1] 41')
('2015-04-18 11:29:35.884446', 'get_channel: 2015-04-18 11:27:53.505581 : 1 ')
('2015-04-18 11:29:35.884545', 'fd_channel : login[0] 0 login[1] 0 , tb0[0] 62 tb0[1] 55 , tb1[0] 60 tb1[1] 40')
('2015-04-18 11:29:35.886133', 'get_channel: 2015-04-18 11:27:56.506722 : 1 ')
('2015-04-18 11:29:35.886231', 'fd_channel : login[0] 0 login[1] 0 , tb0[0] 62 tb0[1] 55 , tb1[0] 60 tb1[1] 39')
('2015-04-18 11:29:35.888547', 'get_channel: 2015-04-18 11:27:57.009204 : 1 ')
('2015-04-18 11:29:35.888653', 'fd_channel : login[0] 0 login[1] 0 , tb0[0] 62 tb0[1] 55 , tb1[0] 60 tb1[1] 38')
('2015-04-18 11:29:35.891801', 'close_channel : 2015-04-18 11:27:49.509857')
('2015-04-18 11:29:35.896432', 'close_channel : 2015-04-18 11:27:53.505581')
('2015-04-18 11:29:35.897759', 'close_channel : 2015-04-18 11:27:52.009209')
('2015-04-18 11:29:36.011566', 'put_channel : 2015-04-18 11:29:36.011470 : channel tb1, group 0')
('2015-04-18 11:29:36.100432', 'close_channel : 2015-04-18 11:27:57.009204')
('2015-04-18 11:29:37.070856', 'put_channel : 2015-04-18 11:29:37.070711 : channel tb1, group 0')
('2015-04-18 11:29:37.328735', 'close_channel : 2015-04-18 11:27:56.506722')
('2015-04-18 11:29:40.870820', 'close_channel : 2015-04-18 11:27:42.012023')
('2015-04-18 11:29:40.873007', 'close_channel : 2015-04-18 11:27:43.510062')
('2015-04-18 11:29:40.874858', 'close_channel : 2015-04-18 11:27:45.010724')
('2015-04-18 11:29:40.875646', 'close_channel : 2015-04-18 11:27:49.559700')
('2015-04-18 11:29:40.876392', 'close_channel : 2015-04-18 11:27:50.507193')
('2015-04-18 11:29:40.877261', 'get_channel: 2015-04-18 11:27:51.013636 : 0 ')
('2015-04-18 11:29:40.877367', 'fd_channel : login[0] 0 login[1] 0 , tb0[0] 62 tb0[1] 55 , tb1[0] 56 tb1[1] 38')
('2015-04-18 11:29:40.879260', 'get_channel: 2015-04-18 11:27:54.012604 : 0 ')
('2015-04-18 11:29:40.879360', 'fd_channel : login[0] 0 login[1] 0 , tb0[0] 62 tb0[1] 55 , tb1[0] 55 tb1[1] 38')
('2015-04-18 11:29:40.880731', 'get_channel: 2015-04-18 11:27:55.512341 : 0 ')
('2015-04-18 11:29:40.880831', 'fd_channel : login[0] 0 login[1] 0 , tb0[0] 62 tb0[1] 55 , tb1[0] 54 tb1[1] 38')
('2015-04-18 11:29:40.883065', 'get_channel: 2015-04-18 11:27:57.010528 : 1 ')
('2015-04-18 11:29:40.883168', 'fd_channel : login[0] 0 login[1] 0 , tb0[0] 62 tb0[1] 55 , tb1[0] 54 tb1[1] 37')
('2015-04-18 11:29:40.884464', 'get_channel: 2015-04-18 11:28:01.508768 : 1 ')
('2015-04-18 11:29:40.884564', 'fd_channel : login[0] 0 login[1] 0 , tb0[0] 62 tb0[1] 55 , tb1[0] 54 tb1[1] 36')
('2015-04-18 11:29:40.886209', 'get_channel: 2015-04-18 11:27:56.508230 : 0 ')
('2015-04-18 11:29:40.886310', 'fd_channel : login[0] 0 login[1] 0 , tb0[0] 62 tb0[1] 55 , tb1[0] 53 tb1[1] 36')
('2015-04-18 11:29:40.889176', 'get_channel: 2015-04-18 11:27:57.011137 : 0 ')
('2015-04-18 11:29:40.889276', 'fd_channel : login[0] 0 login[1] 0 , tb0[0] 62 tb0[1] 55 , tb1[0] 52 tb1[1] 36')
('2015-04-18 11:29:40.891322', 'get_channel: 2015-04-18 11:28:04.508672 : 1 ')
('2015-04-18 11:29:40.891424', 'fd_channel : login[0] 0 login[1] 0 , tb0[0] 62 tb0[1] 55 , tb1[0] 52 tb1[1] 35')
('2015-04-18 11:29:40.893821', 'get_channel: 2015-04-18 11:28:05.516946 : 1 ')
('2015-04-18 11:29:40.893932', 'fd_channel : login[0] 0 login[1] 0 , tb0[0] 62 tb0[1] 55 , tb1[0] 52 tb1[1] 34')
('2015-04-18 11:29:40.896553', 'get_channel: 2015-04-18 11:28:14.518412 : 1 ')
('2015-04-18 11:29:40.896655', 'fd_channel : login[0] 0 login[1] 0 , tb0[0] 62 tb0[1] 55 , tb1[0] 52 tb1[1] 33')
('2015-04-18 11:29:40.908587', 'close_channel : 2015-04-18 11:28:04.508672')
('2015-04-18 11:29:41.515130', 'close_channel : 2015-04-18 11:27:57.010528')
('2015-04-18 11:29:42.029420', 'put_channel : 2015-04-18 11:29:42.029292 : channel tb1, group 0')
('2015-04-18 11:29:42.329118', 'close_channel : 2015-04-18 11:28:01.508768')
('2015-04-18 11:29:42.336510', 'close_channel : 2015-04-18 11:27:57.011137')
('2015-04-18 11:29:42.874957', 'get_channel: 2015-04-18 11:28:15.038628 : 1 ')
('2015-04-18 11:29:42.875089', 'fd_channel : login[0] 0 login[1] 0 , tb0[0] 62 tb0[1] 55 , tb1[0] 53 tb1[1] 32')
('2015-04-18 11:29:42.882396', 'get_channel: 2015-04-18 11:28:17.518569 : 1 ')
('2015-04-18 11:29:42.882496', 'fd_channel : login[0] 0 login[1] 0 , tb0[0] 62 tb0[1] 55 , tb1[0] 53 tb1[1] 31')
('2015-04-18 11:29:42.889378', 'get_channel: 2015-04-18 11:28:18.028930 : 1 ')
('2015-04-18 11:29:42.889480', 'fd_channel : login[0] 0 login[1] 0 , tb0[0] 62 tb0[1] 55 , tb1[0] 53 tb1[1] 30')
('2015-04-18 11:29:42.892430', 'close_channel : 2015-04-18 11:28:17.518569')
('2015-04-18 11:29:42.899373', 'get_channel: 2015-04-18 11:27:57.012020 : 0 ')
('2015-04-18 11:29:42.899478', 'fd_channel : login[0] 0 login[1] 0 , tb0[0] 62 tb0[1] 55 , tb1[0] 52 tb1[1] 30')
('2015-04-18 11:29:42.901486', 'get_channel: 2015-04-18 11:28:20.509127 : 1 ')
('2015-04-18 11:29:42.901589', 'fd_channel : login[0] 0 login[1] 0 , tb0[0] 62 tb0[1] 55 , tb1[0] 52 tb1[1] 29')
('2015-04-18 11:29:42.992148', 'get_channel: 2015-04-18 11:28:05.507073 : 0 ')
('2015-04-18 11:29:42.992250', 'fd_channel : login[0] 0 login[1] 0 , tb0[0] 62 tb0[1] 55 , tb1[0] 51 tb1[1] 29')
('2015-04-18 11:29:42.994055', 'get_channel: 2015-04-18 11:28:21.008598 : 1 ')
('2015-04-18 11:29:42.994156', 'fd_channel : login[0] 0 login[1] 0 , tb0[0] 62 tb0[1] 55 , tb1[0] 51 tb1[1] 28')
('2015-04-18 11:29:43.101901', 'close_channel : 2015-04-18 11:28:18.028930')
('2015-04-18 11:29:43.255239', 'get_channel: 2015-04-18 11:28:05.518742 : 0 ')
('2015-04-18 11:29:43.255345', 'fd_channel : login[0] 0 login[1] 0 , tb0[0] 62 tb0[1] 55 , tb1[0] 50 tb1[1] 28')
('2015-04-18 11:29:43.257378', 'get_channel: 2015-04-18 11:28:21.010585 : 1 ')
('2015-04-18 11:29:43.257482', 'fd_channel : login[0] 0 login[1] 0 , tb0[0] 62 tb0[1] 55 , tb1[0] 50 tb1[1] 27')
('2015-04-18 11:29:43.480970', 'close_channel : 2015-04-18 11:28:05.518742')
('2015-04-18 11:29:43.497564', 'close_channel : 2015-04-18 11:28:15.038628')
('2015-04-18 11:29:43.541810', 'close_channel : 2015-04-18 11:28:20.509127')
('2015-04-18 11:29:43.623797', 'close_channel : 2015-04-18 11:28:21.008598')
('2015-04-18 11:29:43.784557', 'get_channel: 2015-04-18 11:28:07.023346 : 0 ')
('2015-04-18 11:29:43.784664', 'fd_channel : login[0] 0 login[1] 0 , tb0[0] 62 tb0[1] 55 , tb1[0] 49 tb1[1] 27')
('2015-04-18 11:29:43.786687', 'get_channel: 2015-04-18 11:28:22.508667 : 1 ')
('2015-04-18 11:29:43.786788', 'fd_channel : login[0] 0 login[1] 0 , tb0[0] 62 tb0[1] 55 , tb1[0] 49 tb1[1] 26')
('2015-04-18 11:29:44.410965', 'close_channel : 2015-04-18 11:28:07.023346')
('2015-04-18 11:29:44.421445', 'close_channel : 2015-04-18 11:28:05.507073')
('2015-04-18 11:29:45.008651', 'put_channel : 2015-04-18 11:29:45.008515 : channel tb1, group 1')
('2015-04-18 11:29:45.036987', 'put_channel : 2015-04-18 11:29:45.036852 : channel tb1, group 1')
('2015-04-18 11:29:45.217556', 'close_channel : 2015-04-18 11:28:22.508667')
('2015-04-18 11:29:46.508111', 'put_channel : 2015-04-18 11:29:46.507973 : channel tb1, group 1')
('2015-04-18 11:29:46.514982', 'put_channel : 2015-04-18 11:29:46.514888 : channel tb1, group 0')
('2015-04-18 11:29:46.542907', 'put_channel : 2015-04-18 11:29:46.542816 : channel tb1, group 0')
('2015-04-18 11:29:47.222292', 'close_channel : 2015-04-18 11:27:51.013636')
('2015-04-18 11:29:49.508125', 'put_channel : 2015-04-18 11:29:49.507953 : channel tb1, group 1')
('2015-04-18 11:29:49.614785', 'put_channel : 2015-04-18 11:29:49.614693 : channel tb1, group 0')
('2015-04-18 11:29:50.881322', 'get_channel: 2015-04-18 11:28:24.010259 : 1 ')
('2015-04-18 11:29:50.881478', 'fd_channel : login[0] 0 login[1] 0 , tb0[0] 62 tb0[1] 55 , tb1[0] 52 tb1[1] 29')
('2015-04-18 11:29:50.883553', 'get_channel: 2015-04-18 11:28:24.030680 : 1 ')
('2015-04-18 11:29:50.883653', 'fd_channel : login[0] 0 login[1] 0 , tb0[0] 62 tb0[1] 55 , tb1[0] 52 tb1[1] 28')
('2015-04-18 11:29:50.887422', 'get_channel: 2015-04-18 11:28:25.508429 : 1 ')
('2015-04-18 11:29:50.887523', 'fd_channel : login[0] 0 login[1] 0 , tb0[0] 62 tb0[1] 55 , tb1[0] 52 tb1[1] 27')
('2015-04-18 11:29:50.890008', 'get_channel: 2015-04-18 11:28:27.010585 : 1 ')
('2015-04-18 11:29:50.890138', 'fd_channel : login[0] 0 login[1] 0 , tb0[0] 62 tb0[1] 55 , tb1[0] 52 tb1[1] 26')
('2015-04-18 11:29:50.893628', 'get_channel: 2015-04-18 11:28:30.030627 : 1 ')
('2015-04-18 11:29:50.893729', 'fd_channel : login[0] 0 login[1] 0 , tb0[0] 62 tb0[1] 55 , tb1[0] 52 tb1[1] 25')
('2015-04-18 11:29:50.895069', 'get_channel: 2015-04-18 11:28:31.510700 : 1 ')
('2015-04-18 11:29:50.895169', 'fd_channel : login[0] 0 login[1] 0 , tb0[0] 62 tb0[1] 55 , tb1[0] 52 tb1[1] 24')
('2015-04-18 11:29:50.897384', 'get_channel: 2015-04-18 11:28:34.510745 : 1 ')
('2015-04-18 11:29:50.897489', 'fd_channel : login[0] 0 login[1] 0 , tb0[0] 62 tb0[1] 55 , tb1[0] 52 tb1[1] 23')
('2015-04-18 11:29:50.900549', 'get_channel: 2015-04-18 11:28:37.021416 : 1 ')
('2015-04-18 11:29:50.900648', 'fd_channel : login[0] 0 login[1] 0 , tb0[0] 62 tb0[1] 55 , tb1[0] 52 tb1[1] 22')
('2015-04-18 11:29:51.114303', 'close_channel : 2015-04-18 11:28:37.021416')
('2015-04-18 11:29:51.223696', 'get_channel: 2015-04-18 11:28:11.508466 : 0 ')
('2015-04-18 11:29:51.223798', 'fd_channel : login[0] 0 login[1] 0 , tb0[0] 62 tb0[1] 55 , tb1[0] 51 tb1[1] 22')
('2015-04-18 11:29:51.225466', 'get_channel: 2015-04-18 11:28:43.021086 : 1 ')
('2015-04-18 11:29:51.225574', 'fd_channel : login[0] 0 login[1] 0 , tb0[0] 62 tb0[1] 55 , tb1[0] 51 tb1[1] 21')
('2015-04-18 11:29:53.228434', 'get_channel: 2015-04-18 11:28:13.006817 : 0 ')
('2015-04-18 11:29:53.228575', 'fd_channel : login[0] 0 login[1] 0 , tb0[0] 62 tb0[1] 55 , tb1[0] 50 tb1[1] 21')
('2015-04-18 11:29:53.230480', 'get_channel: 2015-04-18 11:28:43.052767 : 1 ')
('2015-04-18 11:29:53.230582', 'fd_channel : login[0] 0 login[1] 0 , tb0[0] 62 tb0[1] 55 , tb1[0] 50 tb1[1] 20')
('2015-04-18 11:29:55.022856', 'put_channel : 2015-04-18 11:29:55.022706 : channel tb1, group 0')
('2015-04-18 11:29:57.894083', 'get_channel: 2015-04-18 11:28:43.533130 : 1 ')
('2015-04-18 11:29:57.894193', 'fd_channel : login[0] 0 login[1] 0 , tb0[0] 62 tb0[1] 55 , tb1[0] 51 tb1[1] 19')
('2015-04-18 11:29:57.897401', 'get_channel: 2015-04-18 11:28:49.021324 : 1 ')
('2015-04-18 11:29:57.897502', 'fd_channel : login[0] 0 login[1] 0 , tb0[0] 62 tb0[1] 55 , tb1[0] 51 tb1[1] 18')
('2015-04-18 11:29:57.900540', 'get_channel: 2015-04-18 11:28:52.013363 : 1 ')
('2015-04-18 11:29:57.900642', 'fd_channel : login[0] 0 login[1] 0 , tb0[0] 62 tb0[1] 55 , tb1[0] 51 tb1[1] 17')
('2015-04-18 11:29:57.904788', 'get_channel: 2015-04-18 11:28:58.513321 : 1 ')
('2015-04-18 11:29:57.904967', 'fd_channel : login[0] 0 login[1] 0 , tb0[0] 62 tb0[1] 55 , tb1[0] 51 tb1[1] 16')
('2015-04-18 11:29:57.906794', 'get_channel: 2015-04-18 11:29:01.532684 : 1 ')
('2015-04-18 11:29:57.906894', 'fd_channel : login[0] 0 login[1] 0 , tb0[0] 62 tb0[1] 55 , tb1[0] 51 tb1[1] 15')
('2015-04-18 11:29:57.908605', 'close_channel : 2015-04-18 11:28:43.533130')
('2015-04-18 11:29:57.909949', 'get_channel: 2015-04-18 11:29:04.014848 : 1 ')
('2015-04-18 11:29:57.910052', 'fd_channel : login[0] 0 login[1] 0 , tb0[0] 62 tb0[1] 55 , tb1[0] 51 tb1[1] 14')
('2015-04-18 11:29:57.912329', 'get_channel: 2015-04-18 11:29:07.533459 : 1 ')
('2015-04-18 11:29:57.912433', 'fd_channel : login[0] 0 login[1] 0 , tb0[0] 62 tb0[1] 55 , tb1[0] 51 tb1[1] 13')
('2015-04-18 11:29:58.114969', 'close_channel : 2015-04-18 11:28:52.013363')
('2015-04-18 11:29:58.182112', 'get_channel: 2015-04-18 11:28:16.014978 : 0 ')
('2015-04-18 11:29:58.182214', 'fd_channel : login[0] 0 login[1] 0 , tb0[0] 62 tb0[1] 55 , tb1[0] 50 tb1[1] 13')
('2015-04-18 11:29:58.183935', 'get_channel: 2015-04-18 11:29:11.567302 : 1 ')
('2015-04-18 11:29:58.184036', 'fd_channel : login[0] 0 login[1] 0 , tb0[0] 62 tb0[1] 55 , tb1[0] 50 tb1[1] 12')
('2015-04-18 11:29:58.463768', 'get_channel: 2015-04-18 11:28:17.506860 : 0 ')
('2015-04-18 11:29:58.463878', 'fd_channel : login[0] 0 login[1] 0 , tb0[0] 62 tb0[1] 55 , tb1[0] 49 tb1[1] 12')
('2015-04-18 11:29:58.465476', 'get_channel: 2015-04-18 11:29:14.505253 : 1 ')
('2015-04-18 11:29:58.465575', 'fd_channel : login[0] 0 login[1] 0 , tb0[0] 62 tb0[1] 55 , tb1[0] 49 tb1[1] 11')
('2015-04-18 11:29:58.480439', 'close_channel : 2015-04-18 11:29:14.505253')
('2015-04-18 11:29:59.334051', 'close_channel : 2015-04-18 11:28:49.021324')
('2015-04-18 11:29:59.639000', 'close_channel : 2015-04-18 11:28:16.014978')
('2015-04-18 11:29:59.719338', 'get_channel: 2015-04-18 11:28:20.518610 : 0 ')
('2015-04-18 11:29:59.719445', 'fd_channel : login[0] 0 login[1] 0 , tb0[0] 62 tb0[1] 55 , tb1[0] 48 tb1[1] 11')
('2015-04-18 11:29:59.721400', 'get_channel: 2015-04-18 11:29:14.524807 : 1 ')
('2015-04-18 11:29:59.721503', 'fd_channel : login[0] 0 login[1] 0 , tb0[0] 62 tb0[1] 55 , tb1[0] 48 tb1[1] 10')
('2015-04-18 11:29:59.778512', 'close_channel : 2015-04-18 11:29:14.524807')
('2015-04-18 11:29:59.895453', 'close_channel : 2015-04-18 11:28:17.506860')
('2015-04-18 11:30:00.012572', 'put_channel : 2015-04-18 11:30:00.012440 : channel tb1, group 0')
('2015-04-18 11:30:00.891207', 'worker [1] stopping')
('2015-04-18 11:30:01.509858', 'put_channel : 2015-04-18 11:30:01.509709 : channel tb1, group 1')
('2015-04-18 11:30:01.535049', 'put_channel : 2015-04-18 11:30:01.534958 : channel tb1, group 0')
('2015-04-18 11:30:03.009283', 'put_channel : 2015-04-18 11:30:03.009137 : channel tb1, group 1')
('2015-04-18 11:30:04.113977', 'close_channel : 2015-04-18 11:28:43.021086')
('2015-04-18 11:30:04.650161', 'put_channel : 2015-04-18 11:30:04.650018 : channel tb1, group 0')
('2015-04-18 11:30:04.910961', 'get_channel: 2015-04-18 11:29:16.525231 : 1 ')
('2015-04-18 11:30:04.911065', 'fd_channel : login[0] 0 login[1] 0 , tb0[0] 62 tb0[1] 55 , tb1[0] 51 tb1[1] 11')
('2015-04-18 11:30:04.913846', 'get_channel: 2015-04-18 11:29:17.505475 : 1 ')
('2015-04-18 11:30:04.913961', 'fd_channel : login[0] 0 login[1] 0 , tb0[0] 62 tb0[1] 55 , tb1[0] 51 tb1[1] 10')
('2015-04-18 11:30:04.916740', 'get_channel: 2015-04-18 11:29:25.005290 : 1 ')
('2015-04-18 11:30:04.916839', 'fd_channel : login[0] 0 login[1] 0 , tb0[0] 62 tb0[1] 55 , tb1[0] 51 tb1[1] 9')
('2015-04-18 11:30:04.918677', 'close_channel : 2015-04-18 11:29:16.525231')
('2015-04-18 11:30:04.922518', 'close_channel : 2015-04-18 11:29:17.505475')
('2015-04-18 11:30:04.923963', 'get_channel: 2015-04-18 11:29:26.506900 : 1 ')
('2015-04-18 11:30:04.924063', 'fd_channel : login[0] 0 login[1] 0 , tb0[0] 62 tb0[1] 55 , tb1[0] 51 tb1[1] 8')
('2015-04-18 11:30:04.927860', 'close_channel : 2015-04-18 11:29:25.005290')
('2015-04-18 11:30:06.031327', 'put_channel : 2015-04-18 11:30:06.031183 : channel tb1, group 0')
('2015-04-18 11:30:12.605897', 'close_channel : 2015-04-18 11:28:20.518610')
('2015-04-18 11:30:14.574044', 'put_channel : 2015-04-18 11:30:14.573897 : channel tb1, group 1')
('2015-04-18 11:30:19.181942', 'close_channel : 2015-04-18 11:28:43.052767')
('2015-04-18 11:30:28.013663', 'close_channel : 2015-04-18 11:27:46.005176')
('2015-04-18 11:30:28.014827', 'close_channel : 2015-04-18 11:27:49.005152')
('2015-04-18 11:30:28.027853', 'close_channel : 2015-04-18 11:27:47.505097')
('2015-04-18 11:30:43.629336', 'put_channel : 2015-04-18 11:30:43.629183 : channel tb1, group 1')
('2015-04-18 11:30:45.358247', 'close_channel : 2015-04-18 11:28:13.006817')
('2015-04-18 11:30:58.671522', 'put_channel : 2015-04-18 11:30:58.671422 : channel tb1, group 0')
('2015-04-18 11:31:00.143292', 'put_channel : 2015-04-18 11:31:00.143145 : channel tb1, group 0')
