('2015-04-18 10:18:48.034011', 'client 52790764 login 陈琰 370902198611290628')
('2015-04-18 10:18:48.034735', 'client 52537899 login 倪海霞 310225198509091820')
('2015-04-18 10:18:49.516820', 'client 52867194 login 张静 310109196403133266')
('2015-04-18 10:18:49.520302', 'client 52739178 login 袁超 340502197906060414')
('2015-04-18 10:18:51.017980', 'client 52706069 login 周晨 310106198508010836')
('2015-04-18 10:18:51.021729', 'client 52796508 login 万恒 420921198609084618')
('2015-04-18 10:18:52.516359', 'client 52758080 login 徐东浩 650102196102046517')
('2015-04-18 10:18:52.525840', 'client 52796124 login 刘学军 310103196810290017')
('2015-04-18 10:34:05.564034', 'client 52758080 bid 0 image 8DE123C29CDA1E6D15B224DA1B75A483 450649 ')
('2015-04-18 10:34:06.197887', 'client 52758080 bid 0 price 75200 徐东浩 650102196102046517')
('2015-04-18 10:34:06.928000', 'client 52706069 bid 0 image 90C2E75FAAAAA6F24F66F211019D681F 064826 ')
('2015-04-18 10:34:06.949238', 'client 52706069 bid 0 price 75200 周晨 310106198508010836')
('2015-04-18 10:34:08.409010', 'client 52796124 bid 0 image E802725D3F533AE5CFDE0DDFB9B023E1 849364 ')
('2015-04-18 10:34:09.588509', 'client 52790764 bid 0 image DB2E95CC5748DF72E5ADCB55E4572F93 191516 ')
('2015-04-18 10:34:09.605015', 'client 52790764 bid 0 price 75200 陈琰 370902198611290628')
('2015-04-18 10:34:09.852468', 'client 52796124 bid 0 price 75200 刘学军 310103196810290017')
('2015-04-18 10:34:10.111485', 'client 52796508 bid 0 image 25CCB4A1C5D29E5D5726C8A8CA2025F6 461516 ')
('2015-04-18 10:34:10.128088', 'client 52796508 bid 0 price 75200 万恒 420921198609084618')
('2015-04-18 10:34:10.581296', 'client 52537899 bid 0 image 5B1019DF268FDDC2EE7B9FE158F8B44A 915063 ')
('2015-04-18 10:34:12.428074', 'client 52867194 bid 0 image B855D12AC04F010414A05F94E7810022 615452 ')
('2015-04-18 10:34:15.067760', 'client 52867194 bid 0 price 75200 张静 310109196403133266')
('2015-04-18 10:34:15.667810', 'client 52537899 bid 0 price 75200 倪海霞 310225198509091820')
('2015-04-18 10:34:16.182381', 'client 52739178 bid 0 image CDAF4CCF9FFC0E2EED62E750EC98B18D 153915 ')
('2015-04-18 10:34:16.202329', 'client 52739178 bid 0 price 75200 袁超 340502197906060414')
('2015-04-18 11:29:36.700434', 'client 52796124 bid 1 image 32CFCB50BEB64603F76AE2928DF1FE7D 846493 ')
('2015-04-18 11:29:37.034303', 'client 52867194 bid 1 image 0112BF5544DBC181A70237931796C30E 053626 ')
('2015-04-18 11:29:37.084875', 'client 52796508 bid 1 image FA0FE542B5031E08628AAFFA0F420DD9 548152 ')
('2015-04-18 11:29:37.126859', 'client 52790764 bid 1 image 90ABEDCE2BA316C5CD2F5D33E9C2A1CF 926360 ')
('2015-04-18 11:29:37.823609', 'client 52537899 bid 1 image 66C28E5E23C8004C6C333E76EA2BBD29 060926 ')
('2015-04-18 11:29:38.055726', 'client 52706069 bid 1 image 39287A98F1428E8D5D8475F6D785A61D 262949 ')
('2015-04-18 11:29:39.616701', 'client 52739178 bid 1 image 6861F93BBEC6157C9BC5F4F874B63A5F 546163 ')
('2015-04-18 11:29:44.929347', 'client 52758080 bid 1 image 445A5E35E4DB6F7B14761C8536DC8770 150618 ')
('2015-04-18 11:29:50.302730', 'client 52537899 bid 1 price 80700 倪海霞 310225198509091820')
('2015-04-18 11:29:50.310455', 'client 52796124 bid 1 price 80700 刘学军 310103196810290017')
('2015-04-18 11:29:50.918327', 'client 52790764 bid 1 price 80700 陈琰 370902198611290628')
('2015-04-18 11:29:52.549510', 'client 52758080 bid 1 price 80700 徐东浩 650102196102046517')
('2015-04-18 11:29:52.934085', 'client 52796508 bid 1 price 80700 万恒 420921198609084618')
('2015-04-18 11:29:54.623119', 'client 52796124 bid 2 image 01314FF624D2D3E1F0A990ABA04A72B8 484515 ')
('2015-04-18 11:29:54.850918', 'client 52537899 bid 2 image D2FD232EAB15024293F3282842816CC7 815361 ')
('2015-04-18 11:29:55.224144', 'client 52537899 bid 2 price 80800 倪海霞 310225198509091820')
('2015-04-18 11:29:55.400275', 'client 52867194 bid 1 price 80700 张静 310109196403133266')
('2015-04-18 11:29:56.307144', 'client 52739178 bid 1 price Failed')
('2015-04-18 11:29:56.307358', 'client 52739178 bid 1 failed. Abort.....')
('2015-04-18 11:29:56.308543', 'client 52706069 bid 1 price Failed')
('2015-04-18 11:29:56.308675', 'client 52706069 bid 1 failed. Abort.....')
('2015-04-18 11:29:56.653047', 'client 52796124 bid 2 price 80800 刘学军 310103196810290017')
('2015-04-18 11:30:05.234412', "client 52537899 bids finished. price : ['75200', '80700', '80800'] . Quit.....")
('2015-04-18 11:30:06.535670', 'client 52706069 bid 2 image Failed')
('2015-04-18 11:30:06.535777', 'client 52706069 bid 2 failed. Abort.....')
('2015-04-18 11:30:06.663278', "client 52796124 bids finished. price : ['75200', '80700', '80800'] . Quit.....")
('2015-04-18 11:30:07.645631', 'client 52790764 bid 2 image Failed')
('2015-04-18 11:30:07.645737', 'client 52790764 bid 2 failed. Abort.....')
('2015-04-18 11:30:15.560269', 'client 52758080 bid 2 image Failed')
('2015-04-18 11:30:15.560355', 'client 52758080 bid 2 failed. Abort.....')
('2015-04-18 11:30:15.944862', 'client 52796508 bid 2 image Failed')
('2015-04-18 11:30:15.944945', 'client 52796508 bid 2 failed. Abort.....')
('2015-04-18 11:30:16.545983', "client 52706069 bids finished. price : ['75200', None, None] . Quit.....")
('2015-04-18 11:30:17.321663', 'client 52739178 bid 2 image Failed')
('2015-04-18 11:30:17.321712', 'client 52739178 bid 2 failed. Abort.....')
('2015-04-18 11:30:17.655941', "client 52790764 bids finished. price : ['75200', '80700', None] . Quit.....")
('2015-04-18 11:30:18.411174', 'client 52867194 bid 2 image Failed')
('2015-04-18 11:30:18.411263', 'client 52867194 bid 2 failed. Abort.....')
('2015-04-18 11:30:25.570539', "client 52758080 bids finished. price : ['75200', '80700', None] . Quit.....")
('2015-04-18 11:30:25.955112', "client 52796508 bids finished. price : ['75200', '80700', None] . Quit.....")
('2015-04-18 11:30:27.331915', "client 52739178 bids finished. price : ['75200', None, None] . Quit.....")
('2015-04-18 11:30:28.421479', "client 52867194 bids finished. price : ['75200', '80700', None] . Quit.....")
