('2015-04-18 10:18:48.411107', 'worker [3] started')
('2015-04-18 10:18:48.411242', 'client 8 initted')
('2015-04-18 10:18:49.510013', 'put_channel : 2015-04-18 10:18:49.509886 : channel login, group 0')
('2015-04-18 10:18:49.517018', 'put_channel : 2015-04-18 10:18:49.516925 : channel login, group 1')
('2015-04-18 10:18:49.518735', 'get_channel: 2015-04-18 10:18:49.516925 : 1 ')
('2015-04-18 10:18:49.518848', 'fd_channel : login[0] 0 login[1] 0 , tb0[0] 0 tb0[1] 0 , tb1[0] 0 tb1[1] 0')
('2015-04-18 10:18:49.519902', 'get_channel: 2015-04-18 10:18:49.509886 : 0 ')
('2015-04-18 10:18:49.520013', 'fd_channel : login[0] 0 login[1] 0 , tb0[0] 0 tb0[1] 0 , tb1[0] 0 tb1[1] 0')
('2015-04-18 10:18:49.525114', 'close_channel : 2015-04-18 10:18:49.509886')
('2015-04-18 10:18:49.526076', 'close_channel : 2015-04-18 10:18:49.516925')
('2015-04-18 10:18:51.010333', 'put_channel : 2015-04-18 10:18:51.010197 : channel login, group 0')
('2015-04-18 10:18:51.011329', 'get_channel: 2015-04-18 10:18:51.010197 : 0 ')
('2015-04-18 10:18:51.011443', 'fd_channel : login[0] 0 login[1] 0 , tb0[0] 0 tb0[1] 0 , tb1[0] 0 tb1[1] 0')
('2015-04-18 10:18:51.012922', 'put_channel : 2015-04-18 10:18:51.012833 : channel login, group 1')
('2015-04-18 10:18:51.013528', 'get_channel: 2015-04-18 10:18:51.012833 : 1 ')
('2015-04-18 10:18:51.013634', 'fd_channel : login[0] 0 login[1] 0 , tb0[0] 0 tb0[1] 0 , tb1[0] 0 tb1[1] 0')
('2015-04-18 10:18:51.017292', 'close_channel : 2015-04-18 10:18:51.010197')
('2015-04-18 10:18:51.021145', 'close_channel : 2015-04-18 10:18:51.012833')
('2015-04-18 10:18:52.509250', 'put_channel : 2015-04-18 10:18:52.509115 : channel login, group 0')
('2015-04-18 10:18:52.510325', 'get_channel: 2015-04-18 10:18:52.509115 : 0 ')
('2015-04-18 10:18:52.510439', 'fd_channel : login[0] 0 login[1] 0 , tb0[0] 0 tb0[1] 0 , tb1[0] 0 tb1[1] 0')
('2015-04-18 10:18:52.511935', 'put_channel : 2015-04-18 10:18:52.511842 : channel login, group 1')
('2015-04-18 10:18:52.512426', 'get_channel: 2015-04-18 10:18:52.511842 : 1 ')
('2015-04-18 10:18:52.512528', 'fd_channel : login[0] 0 login[1] 0 , tb0[0] 0 tb0[1] 0 , tb1[0] 0 tb1[1] 0')
('2015-04-18 10:18:52.515873', 'close_channel : 2015-04-18 10:18:52.509115')
('2015-04-18 10:18:52.519471', 'close_channel : 2015-04-18 10:18:52.511842')
('2015-04-18 10:18:54.008789', 'put_channel : 2015-04-18 10:18:54.008655 : channel login, group 0')
('2015-04-18 10:18:54.009597', 'get_channel: 2015-04-18 10:18:54.008655 : 0 ')
('2015-04-18 10:18:54.009713', 'fd_channel : login[0] 0 login[1] 0 , tb0[0] 0 tb0[1] 0 , tb1[0] 0 tb1[1] 0')
('2015-04-18 10:18:54.011257', 'put_channel : 2015-04-18 10:18:54.011166 : channel login, group 1')
('2015-04-18 10:18:54.011875', 'get_channel: 2015-04-18 10:18:54.011166 : 1 ')
('2015-04-18 10:18:54.011987', 'fd_channel : login[0] 0 login[1] 0 , tb0[0] 0 tb0[1] 0 , tb1[0] 0 tb1[1] 0')
('2015-04-18 10:18:54.015147', 'close_channel : 2015-04-18 10:18:54.008655')
('2015-04-18 10:18:54.018472', 'close_channel : 2015-04-18 10:18:54.011166')
('2015-04-18 10:32:33.010724', 'put_channel : 2015-04-18 10:32:33.010506 : channel tb0, group 0')
('2015-04-18 10:32:33.011508', 'put_channel : 2015-04-18 10:32:33.011418 : channel tb0, group 1')
('2015-04-18 10:32:34.511205', 'put_channel : 2015-04-18 10:32:34.511045 : channel tb0, group 0')
('2015-04-18 10:32:34.511628', 'put_channel : 2015-04-18 10:32:34.511486 : channel tb0, group 1')
('2015-04-18 10:32:36.006123', 'put_channel : 2015-04-18 10:32:36.006037 : channel tb0, group 0')
('2015-04-18 10:32:36.010052', 'put_channel : 2015-04-18 10:32:36.009998 : channel tb0, group 1')
('2015-04-18 10:32:37.508075', 'put_channel : 2015-04-18 10:32:37.507942 : channel tb0, group 0')
('2015-04-18 10:32:37.512381', 'put_channel : 2015-04-18 10:32:37.512287 : channel tb0, group 1')
('2015-04-18 10:32:39.008665', 'put_channel : 2015-04-18 10:32:39.008531 : channel tb0, group 0')
('2015-04-18 10:32:39.012464', 'put_channel : 2015-04-18 10:32:39.012376 : channel tb0, group 1')
('2015-04-18 10:32:40.510466', 'put_channel : 2015-04-18 10:32:40.510363 : channel tb0, group 0')
('2015-04-18 10:32:40.510847', 'put_channel : 2015-04-18 10:32:40.510795 : channel tb0, group 1')
('2015-04-18 10:32:42.008510', 'put_channel : 2015-04-18 10:32:42.008360 : channel tb0, group 0')
('2015-04-18 10:32:42.012045', 'put_channel : 2015-04-18 10:32:42.011952 : channel tb0, group 1')
('2015-04-18 10:32:43.509841', 'put_channel : 2015-04-18 10:32:43.509701 : channel tb0, group 0')
('2015-04-18 10:32:43.510422', 'put_channel : 2015-04-18 10:32:43.510323 : channel tb0, group 1')
('2015-04-18 10:32:45.006613', 'put_channel : 2015-04-18 10:32:45.006518 : channel tb0, group 0')
('2015-04-18 10:32:45.008208', 'put_channel : 2015-04-18 10:32:45.008158 : channel tb0, group 1')
('2015-04-18 10:32:46.506557', 'put_channel : 2015-04-18 10:32:46.506433 : channel tb0, group 0')
('2015-04-18 10:32:46.509508', 'put_channel : 2015-04-18 10:32:46.509454 : channel tb0, group 1')
('2015-04-18 10:32:48.006710', 'put_channel : 2015-04-18 10:32:48.006614 : channel tb0, group 0')
('2015-04-18 10:32:48.008431', 'put_channel : 2015-04-18 10:32:48.008381 : channel tb0, group 1')
('2015-04-18 10:32:49.507078', 'put_channel : 2015-04-18 10:32:49.506981 : channel tb0, group 0')
('2015-04-18 10:32:49.510361', 'put_channel : 2015-04-18 10:32:49.510312 : channel tb0, group 1')
('2015-04-18 10:32:51.006719', 'put_channel : 2015-04-18 10:32:51.006611 : channel tb0, group 0')
('2015-04-18 10:32:51.009891', 'put_channel : 2015-04-18 10:32:51.009838 : channel tb0, group 1')
('2015-04-18 10:32:52.506733', 'put_channel : 2015-04-18 10:32:52.506636 : channel tb0, group 0')
('2015-04-18 10:32:52.516636', 'put_channel : 2015-04-18 10:32:52.516587 : channel tb0, group 1')
('2015-04-18 10:32:54.008350', 'put_channel : 2015-04-18 10:32:54.008254 : channel tb0, group 0')
('2015-04-18 10:32:54.010302', 'put_channel : 2015-04-18 10:32:54.010254 : channel tb0, group 1')
('2015-04-18 10:32:55.509126', 'put_channel : 2015-04-18 10:32:55.509030 : channel tb0, group 1')
('2015-04-18 10:32:55.509544', 'put_channel : 2015-04-18 10:32:55.509497 : channel tb0, group 0')
('2015-04-18 10:32:57.007489', 'put_channel : 2015-04-18 10:32:57.007393 : channel tb0, group 0')
('2015-04-18 10:32:57.008971', 'put_channel : 2015-04-18 10:32:57.008917 : channel tb0, group 1')
('2015-04-18 10:32:58.508184', 'put_channel : 2015-04-18 10:32:58.508091 : channel tb0, group 0')
('2015-04-18 10:32:58.509057', 'put_channel : 2015-04-18 10:32:58.509009 : channel tb0, group 1')
('2015-04-18 10:33:00.007168', 'put_channel : 2015-04-18 10:33:00.007071 : channel tb0, group 0')
('2015-04-18 10:33:00.010598', 'put_channel : 2015-04-18 10:33:00.010544 : channel tb0, group 1')
('2015-04-18 10:33:01.508758', 'put_channel : 2015-04-18 10:33:01.508679 : channel tb0, group 0')
('2015-04-18 10:33:01.510520', 'put_channel : 2015-04-18 10:33:01.510463 : channel tb0, group 1')
('2015-04-18 10:33:03.007085', 'put_channel : 2015-04-18 10:33:03.006990 : channel tb0, group 0')
('2015-04-18 10:33:03.010788', 'put_channel : 2015-04-18 10:33:03.010734 : channel tb0, group 1')
('2015-04-18 10:33:04.507139', 'put_channel : 2015-04-18 10:33:04.507043 : channel tb0, group 0')
('2015-04-18 10:33:04.510586', 'put_channel : 2015-04-18 10:33:04.510533 : channel tb0, group 1')
('2015-04-18 10:33:06.008014', 'put_channel : 2015-04-18 10:33:06.007928 : channel tb0, group 0')
('2015-04-18 10:33:06.009851', 'put_channel : 2015-04-18 10:33:06.009797 : channel tb0, group 1')
('2015-04-18 10:33:07.506515', 'put_channel : 2015-04-18 10:33:07.506420 : channel tb0, group 0')
('2015-04-18 10:33:07.508251', 'put_channel : 2015-04-18 10:33:07.508199 : channel tb0, group 1')
('2015-04-18 10:33:09.008974', 'put_channel : 2015-04-18 10:33:09.008859 : channel tb0, group 0')
('2015-04-18 10:33:09.009358', 'put_channel : 2015-04-18 10:33:09.009313 : channel tb0, group 1')
('2015-04-18 10:33:10.508374', 'put_channel : 2015-04-18 10:33:10.508279 : channel tb0, group 0')
('2015-04-18 10:33:10.508768', 'put_channel : 2015-04-18 10:33:10.508723 : channel tb0, group 1')
('2015-04-18 10:33:12.006228', 'put_channel : 2015-04-18 10:33:12.006135 : channel tb0, group 0')
('2015-04-18 10:33:12.007901', 'put_channel : 2015-04-18 10:33:12.007855 : channel tb0, group 1')
('2015-04-18 10:33:13.506299', 'put_channel : 2015-04-18 10:33:13.506212 : channel tb0, group 0')
('2015-04-18 10:33:13.509995', 'put_channel : 2015-04-18 10:33:13.509944 : channel tb0, group 1')
('2015-04-18 10:33:15.007147', 'put_channel : 2015-04-18 10:33:15.007054 : channel tb0, group 0')
('2015-04-18 10:33:15.008361', 'put_channel : 2015-04-18 10:33:15.008310 : channel tb0, group 1')
('2015-04-18 10:33:16.508650', 'put_channel : 2015-04-18 10:33:16.508557 : channel tb0, group 0')
('2015-04-18 10:33:16.510119', 'put_channel : 2015-04-18 10:33:16.510073 : channel tb0, group 1')
('2015-04-18 10:33:23.505689', 'put_channel : 2015-04-18 10:33:23.505575 : channel tb0, group 1')
('2015-04-18 10:33:25.010122', 'put_channel : 2015-04-18 10:33:25.009979 : channel tb0, group 0')
('2015-04-18 10:33:25.021928', 'put_channel : 2015-04-18 10:33:25.021839 : channel tb0, group 0')
('2015-04-18 10:33:25.512951', 'put_channel : 2015-04-18 10:33:25.512823 : channel tb0, group 1')
('2015-04-18 10:33:26.518765', 'put_channel : 2015-04-18 10:33:26.518622 : channel tb0, group 1')
('2015-04-18 10:33:28.008356', 'put_channel : 2015-04-18 10:33:28.008214 : channel tb0, group 0')
('2015-04-18 10:33:28.012685', 'put_channel : 2015-04-18 10:33:28.012596 : channel tb0, group 0')
('2015-04-18 10:33:28.511161', 'put_channel : 2015-04-18 10:33:28.511008 : channel tb0, group 1')
('2015-04-18 10:33:31.008326', 'put_channel : 2015-04-18 10:33:31.008184 : channel tb0, group 0')
('2015-04-18 10:33:31.512431', 'put_channel : 2015-04-18 10:33:31.512300 : channel tb0, group 1')
('2015-04-18 10:33:33.011082', 'put_channel : 2015-04-18 10:33:33.010949 : channel tb0, group 1')
('2015-04-18 10:33:34.511398', 'put_channel : 2015-04-18 10:33:34.511264 : channel tb0, group 1')
('2015-04-18 10:33:34.512028', 'put_channel : 2015-04-18 10:33:34.511939 : channel tb0, group 0')
('2015-04-18 10:33:34.524189', 'put_channel : 2015-04-18 10:33:34.524072 : channel tb0, group 0')
('2015-04-18 10:33:34.569873', 'put_channel : 2015-04-18 10:33:34.569785 : channel tb0, group 0')
('2015-04-18 10:33:35.516467', 'put_channel : 2015-04-18 10:33:35.516322 : channel tb0, group 0')
('2015-04-18 10:33:36.008422', 'put_channel : 2015-04-18 10:33:36.008329 : channel tb0, group 1')
('2015-04-18 10:33:38.509048', 'put_channel : 2015-04-18 10:33:38.508915 : channel tb0, group 0')
('2015-04-18 10:33:38.510478', 'put_channel : 2015-04-18 10:33:38.510392 : channel tb0, group 1')
('2015-04-18 10:33:39.012309', 'put_channel : 2015-04-18 10:33:39.012180 : channel tb0, group 1')
('2015-04-18 10:33:41.508402', 'put_channel : 2015-04-18 10:33:41.508262 : channel tb0, group 0')
('2015-04-18 10:33:41.509831', 'put_channel : 2015-04-18 10:33:41.509740 : channel tb0, group 1')
('2015-04-18 10:33:42.011363', 'put_channel : 2015-04-18 10:33:42.011232 : channel tb0, group 1')
('2015-04-18 10:33:44.510511', 'put_channel : 2015-04-18 10:33:44.510367 : channel tb0, group 1')
('2015-04-18 10:33:45.009701', 'put_channel : 2015-04-18 10:33:45.009552 : channel tb0, group 0')
('2015-04-18 10:33:45.011238', 'put_channel : 2015-04-18 10:33:45.011148 : channel tb0, group 1')
('2015-04-18 10:33:45.072072', 'put_channel : 2015-04-18 10:33:45.071983 : channel tb0, group 0')
('2015-04-18 10:33:46.014130', 'put_channel : 2015-04-18 10:33:46.014000 : channel tb0, group 0')
('2015-04-18 10:33:46.509890', 'put_channel : 2015-04-18 10:33:46.509762 : channel tb0, group 0')
('2015-04-18 10:33:46.512225', 'put_channel : 2015-04-18 10:33:46.512140 : channel tb0, group 1')
('2015-04-18 10:33:48.010584', 'put_channel : 2015-04-18 10:33:48.010451 : channel tb0, group 1')
('2015-04-18 10:33:49.087902', 'put_channel : 2015-04-18 10:33:49.087760 : channel tb0, group 1')
('2015-04-18 10:33:49.506856', 'put_channel : 2015-04-18 10:33:49.506764 : channel tb0, group 0')
('2015-04-18 10:33:50.526529', 'put_channel : 2015-04-18 10:33:50.526387 : channel tb0, group 0')
('2015-04-18 10:33:52.010915', 'put_channel : 2015-04-18 10:33:52.010775 : channel tb0, group 1')
('2015-04-18 10:33:52.063667', 'put_channel : 2015-04-18 10:33:52.063536 : channel tb0, group 1')
('2015-04-18 10:33:55.070472', 'put_channel : 2015-04-18 10:33:55.070331 : channel tb0, group 1')
('2015-04-18 10:33:56.510390', 'put_channel : 2015-04-18 10:33:56.510246 : channel tb0, group 0')
('2015-04-18 10:33:56.573988', 'put_channel : 2015-04-18 10:33:56.573899 : channel tb0, group 0')
('2015-04-18 10:33:57.010898', 'put_channel : 2015-04-18 10:33:57.010776 : channel tb0, group 0')
('2015-04-18 10:33:57.012087', 'put_channel : 2015-04-18 10:33:57.011994 : channel tb0, group 0')
('2015-04-18 10:33:57.339211', 'put_channel : 2015-04-18 10:33:57.339117 : channel tb0, group 0')
('2015-04-18 10:33:58.006166', 'put_channel : 2015-04-18 10:33:58.006032 : channel tb0, group 1')
('2015-04-18 10:33:58.080162', 'put_channel : 2015-04-18 10:33:58.080018 : channel tb0, group 1')
('2015-04-18 10:33:58.509187', 'put_channel : 2015-04-18 10:33:58.509068 : channel tb0, group 0')
('2015-04-18 10:33:59.516552', 'put_channel : 2015-04-18 10:33:59.516409 : channel tb0, group 0')
('2015-04-18 10:34:01.010485', 'put_channel : 2015-04-18 10:34:01.010328 : channel tb0, group 1')
('2015-04-18 10:34:01.021780', 'put_channel : 2015-04-18 10:34:01.021692 : channel tb0, group 1')
('2015-04-18 10:34:03.024498', 'get_channel: 2015-04-18 10:32:33.011418 : 1 ')
('2015-04-18 10:34:03.024596', 'fd_channel : login[0] 0 login[1] 0 , tb0[0] 54 tb0[1] 53 , tb1[0] 0 tb1[1] 0')
('2015-04-18 10:34:03.025806', 'get_channel: 2015-04-18 10:32:34.511486 : 1 ')
('2015-04-18 10:34:03.025862', 'fd_channel : login[0] 0 login[1] 0 , tb0[0] 54 tb0[1] 52 , tb1[0] 0 tb1[1] 0')
('2015-04-18 10:34:03.026782', 'get_channel: 2015-04-18 10:32:36.009998 : 1 ')
('2015-04-18 10:34:03.026840', 'fd_channel : login[0] 0 login[1] 0 , tb0[0] 54 tb0[1] 51 , tb1[0] 0 tb1[1] 0')
('2015-04-18 10:34:03.028151', 'get_channel: 2015-04-18 10:32:37.512287 : 1 ')
('2015-04-18 10:34:03.028208', 'fd_channel : login[0] 0 login[1] 0 , tb0[0] 54 tb0[1] 50 , tb1[0] 0 tb1[1] 0')
('2015-04-18 10:34:03.029087', 'get_channel: 2015-04-18 10:32:39.012376 : 1 ')
('2015-04-18 10:34:03.029145', 'fd_channel : login[0] 0 login[1] 0 , tb0[0] 54 tb0[1] 49 , tb1[0] 0 tb1[1] 0')
('2015-04-18 10:34:03.030223', 'get_channel: 2015-04-18 10:32:40.510795 : 1 ')
('2015-04-18 10:34:03.030280', 'fd_channel : login[0] 0 login[1] 0 , tb0[0] 54 tb0[1] 48 , tb1[0] 0 tb1[1] 0')
('2015-04-18 10:34:03.031093', 'get_channel: 2015-04-18 10:32:42.011952 : 1 ')
('2015-04-18 10:34:03.031150', 'fd_channel : login[0] 0 login[1] 0 , tb0[0] 54 tb0[1] 47 , tb1[0] 0 tb1[1] 0')
('2015-04-18 10:34:03.032346', 'get_channel: 2015-04-18 10:32:43.510323 : 1 ')
('2015-04-18 10:34:03.032403', 'fd_channel : login[0] 0 login[1] 0 , tb0[0] 54 tb0[1] 46 , tb1[0] 0 tb1[1] 0')
('2015-04-18 10:34:04.005015', 'put_channel : 2015-04-18 10:34:04.004873 : channel tb0, group 0')
('2015-04-18 10:34:04.061702', 'put_channel : 2015-04-18 10:34:04.061614 : channel tb0, group 0')
('2015-04-18 10:34:04.513013', 'put_channel : 2015-04-18 10:34:04.512880 : channel tb0, group 1')
('2015-04-18 10:34:04.514143', 'put_channel : 2015-04-18 10:34:04.514060 : channel tb0, group 1')
('2015-04-18 10:34:08.394176', 'put_channel : 2015-04-18 10:34:08.394004 : channel tb0, group 1')
('2015-04-18 10:34:08.510167', 'put_channel : 2015-04-18 10:34:08.510071 : channel tb0, group 1')
('2015-04-18 10:34:10.510409', 'put_channel : 2015-04-18 10:34:10.509508 : channel tb0, group 0')
('2015-04-18 10:34:10.512657', 'put_channel : 2015-04-18 10:34:10.512569 : channel tb0, group 0')
('2015-04-18 10:34:10.841588', 'put_channel : 2015-04-18 10:34:10.841441 : channel tb0, group 0')
('2015-04-18 10:34:14.510585', 'put_channel : 2015-04-18 10:34:14.510443 : channel tb0, group 1')
('2015-04-18 10:34:15.011801', 'put_channel : 2015-04-18 10:34:15.011671 : channel tb0, group 1')
('2015-04-18 10:34:18.011748', 'put_channel : 2015-04-18 10:34:18.011444 : channel tb0, group 1')
('2015-04-18 10:34:18.019780', 'put_channel : 2015-04-18 10:34:18.019691 : channel tb0, group 1')
('2015-04-18 10:34:19.010169', 'put_channel : 2015-04-18 10:34:19.010028 : channel tb0, group 0')
('2015-04-18 10:34:19.021633', 'put_channel : 2015-04-18 10:34:19.021546 : channel tb0, group 0')
('2015-04-18 10:34:19.069657', 'put_channel : 2015-04-18 10:34:19.069569 : channel tb0, group 0')
('2015-04-18 10:34:19.508607', 'put_channel : 2015-04-18 10:34:19.508479 : channel tb0, group 0')
('2015-04-18 10:34:24.008838', 'put_channel : 2015-04-18 10:34:24.008741 : channel tb0, group 1')
('2015-04-18 10:34:24.013386', 'put_channel : 2015-04-18 10:34:24.013333 : channel tb0, group 1')
('2015-04-18 10:34:24.030701', 'put_channel : 2015-04-18 10:34:24.030652 : channel tb0, group 1')
('2015-04-18 10:34:25.508454', 'put_channel : 2015-04-18 10:34:25.508361 : channel tb0, group 1')
('2015-04-18 10:34:25.512637', 'put_channel : 2015-04-18 10:34:25.512589 : channel tb0, group 1')
('2015-04-18 10:34:26.504384', 'put_channel : 2015-04-18 10:34:26.504265 : channel tb0, group 0')
('2015-04-18 10:34:27.007472', 'put_channel : 2015-04-18 10:34:27.007384 : channel tb0, group 0')
('2015-04-18 10:34:27.007959', 'put_channel : 2015-04-18 10:34:27.007912 : channel tb0, group 0')
('2015-04-18 10:34:28.011937', 'put_channel : 2015-04-18 10:34:28.011832 : channel tb0, group 0')
('2015-04-18 10:34:28.506731', 'put_channel : 2015-04-18 10:34:28.506643 : channel tb0, group 0')
('2015-04-18 10:34:28.539369', 'put_channel : 2015-04-18 10:34:28.539314 : channel tb0, group 0')
('2015-04-18 10:34:29.515944', 'put_channel : 2015-04-18 10:34:29.515836 : channel tb0, group 0')
('2015-04-18 10:34:33.029953', 'get_channel: 2015-04-18 10:32:45.008158 : 1 ')
('2015-04-18 10:34:33.030019', 'fd_channel : login[0] 0 login[1] 0 , tb0[0] 70 tb0[1] 58 , tb1[0] 0 tb1[1] 0')
('2015-04-18 10:34:33.032134', 'get_channel: 2015-04-18 10:32:46.509454 : 1 ')
('2015-04-18 10:34:33.032191', 'fd_channel : login[0] 0 login[1] 0 , tb0[0] 70 tb0[1] 57 , tb1[0] 0 tb1[1] 0')
('2015-04-18 10:34:33.034255', 'get_channel: 2015-04-18 10:32:48.008381 : 1 ')
('2015-04-18 10:34:33.034311', 'fd_channel : login[0] 0 login[1] 0 , tb0[0] 70 tb0[1] 56 , tb1[0] 0 tb1[1] 0')
('2015-04-18 10:34:33.035537', 'get_channel: 2015-04-18 10:32:49.510312 : 1 ')
('2015-04-18 10:34:33.035632', 'fd_channel : login[0] 0 login[1] 0 , tb0[0] 70 tb0[1] 55 , tb1[0] 0 tb1[1] 0')
('2015-04-18 10:34:33.037320', 'get_channel: 2015-04-18 10:32:51.009838 : 1 ')
('2015-04-18 10:34:33.037376', 'fd_channel : login[0] 0 login[1] 0 , tb0[0] 70 tb0[1] 54 , tb1[0] 0 tb1[1] 0')
('2015-04-18 10:34:33.038260', 'get_channel: 2015-04-18 10:32:52.516587 : 1 ')
('2015-04-18 10:34:33.038316', 'fd_channel : login[0] 0 login[1] 0 , tb0[0] 70 tb0[1] 53 , tb1[0] 0 tb1[1] 0')
('2015-04-18 10:34:33.039337', 'get_channel: 2015-04-18 10:32:54.010254 : 1 ')
('2015-04-18 10:34:33.039394', 'fd_channel : login[0] 0 login[1] 0 , tb0[0] 70 tb0[1] 52 , tb1[0] 0 tb1[1] 0')
('2015-04-18 10:34:33.040325', 'get_channel: 2015-04-18 10:32:55.509030 : 1 ')
('2015-04-18 10:34:33.040380', 'fd_channel : login[0] 0 login[1] 0 , tb0[0] 70 tb0[1] 51 , tb1[0] 0 tb1[1] 0')
('2015-04-18 10:34:34.007428', 'put_channel : 2015-04-18 10:34:34.007324 : channel tb0, group 1')
('2015-04-18 10:34:34.013056', 'put_channel : 2015-04-18 10:34:34.013001 : channel tb0, group 1')
('2015-04-18 10:34:34.077304', 'put_channel : 2015-04-18 10:34:34.077252 : channel tb0, group 1')
('2015-04-18 10:34:34.463435', 'close_channel : 2015-04-18 10:32:45.008158')
('2015-04-18 10:34:34.466851', 'close_channel : 2015-04-18 10:32:48.008381')
('2015-04-18 10:34:34.468851', 'close_channel : 2015-04-18 10:32:46.509454')
('2015-04-18 10:34:34.470898', 'close_channel : 2015-04-18 10:32:52.516587')
('2015-04-18 10:34:34.471358', 'close_channel : 2015-04-18 10:32:51.009838')
('2015-04-18 10:34:34.474481', 'close_channel : 2015-04-18 10:32:49.510312')
('2015-04-18 10:34:34.476394', 'close_channel : 2015-04-18 10:32:55.509030')
('2015-04-18 10:34:34.478165', 'close_channel : 2015-04-18 10:32:54.010254')
('2015-04-18 10:34:34.509471', 'put_channel : 2015-04-18 10:34:34.509397 : channel tb0, group 1')
('2015-04-18 10:34:34.510240', 'put_channel : 2015-04-18 10:34:34.510192 : channel tb0, group 1')
('2015-04-18 10:34:34.542553', 'put_channel : 2015-04-18 10:34:34.542497 : channel tb0, group 1')
('2015-04-18 10:34:35.517621', 'put_channel : 2015-04-18 10:34:35.517519 : channel tb0, group 1')
('2015-04-18 10:34:37.955347', 'close_channel : 2015-04-18 10:32:33.010506')
('2015-04-18 10:34:37.956242', 'close_channel : 2015-04-18 10:32:34.511045')
('2015-04-18 10:34:37.956809', 'get_channel: 2015-04-18 10:32:57.008917 : 1 ')
('2015-04-18 10:34:37.956870', 'fd_channel : login[0] 0 login[1] 0 , tb0[0] 68 tb0[1] 57 , tb1[0] 0 tb1[1] 0')
('2015-04-18 10:34:37.958070', 'close_channel : 2015-04-18 10:32:36.006037')
('2015-04-18 10:34:37.958790', 'close_channel : 2015-04-18 10:32:37.507942')
('2015-04-18 10:34:37.959215', 'close_channel : 2015-04-18 10:32:39.008531')
('2015-04-18 10:34:37.959702', 'close_channel : 2015-04-18 10:32:40.510363')
('2015-04-18 10:34:37.960292', 'close_channel : 2015-04-18 10:32:42.008360')
('2015-04-18 10:34:37.960870', 'close_channel : 2015-04-18 10:32:43.509701')
('2015-04-18 10:34:37.961474', 'close_channel : 2015-04-18 10:32:45.006518')
('2015-04-18 10:34:37.962054', 'close_channel : 2015-04-18 10:32:46.506433')
('2015-04-18 10:34:37.962552', 'get_channel: 2015-04-18 10:32:48.006614 : 0 ')
('2015-04-18 10:34:37.962608', 'fd_channel : login[0] 0 login[1] 0 , tb0[0] 59 tb0[1] 57 , tb1[0] 0 tb1[1] 0')
('2015-04-18 10:34:39.032720', 'get_channel: 2015-04-18 10:32:49.506981 : 0 ')
('2015-04-18 10:34:39.032782', 'fd_channel : login[0] 0 login[1] 0 , tb0[0] 58 tb0[1] 57 , tb1[0] 0 tb1[1] 0')
('2015-04-18 10:34:39.034076', 'get_channel: 2015-04-18 10:32:58.509009 : 1 ')
('2015-04-18 10:34:39.034133', 'fd_channel : login[0] 0 login[1] 0 , tb0[0] 58 tb0[1] 56 , tb1[0] 0 tb1[1] 0')
('2015-04-18 10:34:39.492430', 'get_channel: 2015-04-18 10:32:51.006611 : 0 ')
('2015-04-18 10:34:39.492494', 'fd_channel : login[0] 0 login[1] 0 , tb0[0] 57 tb0[1] 56 , tb1[0] 0 tb1[1] 0')
('2015-04-18 10:34:39.493653', 'get_channel: 2015-04-18 10:33:00.010544 : 1 ')
('2015-04-18 10:34:39.493710', 'fd_channel : login[0] 0 login[1] 0 , tb0[0] 57 tb0[1] 55 , tb1[0] 0 tb1[1] 0')
('2015-04-18 10:34:39.746242', 'get_channel: 2015-04-18 10:32:52.506636 : 0 ')
('2015-04-18 10:34:39.746304', 'fd_channel : login[0] 0 login[1] 0 , tb0[0] 56 tb0[1] 55 , tb1[0] 0 tb1[1] 0')
('2015-04-18 10:34:39.747638', 'get_channel: 2015-04-18 10:33:01.510463 : 1 ')
('2015-04-18 10:34:39.747697', 'fd_channel : login[0] 0 login[1] 0 , tb0[0] 56 tb0[1] 54 , tb1[0] 0 tb1[1] 0')
('2015-04-18 10:34:39.958919', 'get_channel: 2015-04-18 10:32:54.008254 : 0 ')
('2015-04-18 10:34:39.959000', 'fd_channel : login[0] 0 login[1] 0 , tb0[0] 55 tb0[1] 54 , tb1[0] 0 tb1[1] 0')
('2015-04-18 10:34:39.960181', 'get_channel: 2015-04-18 10:33:03.010734 : 1 ')
('2015-04-18 10:34:39.960238', 'fd_channel : login[0] 0 login[1] 0 , tb0[0] 55 tb0[1] 53 , tb1[0] 0 tb1[1] 0')
('2015-04-18 10:34:39.992720', 'get_channel: 2015-04-18 10:32:55.509497 : 0 ')
('2015-04-18 10:34:39.992783', 'fd_channel : login[0] 0 login[1] 0 , tb0[0] 54 tb0[1] 53 , tb1[0] 0 tb1[1] 0')
('2015-04-18 10:34:39.994024', 'get_channel: 2015-04-18 10:33:04.510533 : 1 ')
('2015-04-18 10:34:39.994083', 'fd_channel : login[0] 0 login[1] 0 , tb0[0] 54 tb0[1] 52 , tb1[0] 0 tb1[1] 0')
('2015-04-18 10:34:40.278796', 'get_channel: 2015-04-18 10:32:57.007393 : 0 ')
('2015-04-18 10:34:40.278900', 'fd_channel : login[0] 0 login[1] 0 , tb0[0] 53 tb0[1] 52 , tb1[0] 0 tb1[1] 0')
('2015-04-18 10:34:40.280226', 'get_channel: 2015-04-18 10:33:06.009797 : 1 ')
('2015-04-18 10:34:40.280282', 'fd_channel : login[0] 0 login[1] 0 , tb0[0] 53 tb0[1] 51 , tb1[0] 0 tb1[1] 0')
('2015-04-18 10:34:41.036041', 'get_channel: 2015-04-18 10:32:58.508091 : 0 ')
('2015-04-18 10:34:41.036129', 'fd_channel : login[0] 0 login[1] 0 , tb0[0] 52 tb0[1] 51 , tb1[0] 0 tb1[1] 0')
('2015-04-18 10:34:41.037311', 'get_channel: 2015-04-18 10:33:07.508199 : 1 ')
('2015-04-18 10:34:41.037369', 'fd_channel : login[0] 0 login[1] 0 , tb0[0] 52 tb0[1] 50 , tb1[0] 0 tb1[1] 0')
('2015-04-18 10:34:41.393596', 'get_channel: 2015-04-18 10:33:00.007071 : 0 ')
('2015-04-18 10:34:41.393658', 'fd_channel : login[0] 0 login[1] 0 , tb0[0] 51 tb0[1] 50 , tb1[0] 0 tb1[1] 0')
('2015-04-18 10:34:41.394844', 'get_channel: 2015-04-18 10:33:09.009313 : 1 ')
('2015-04-18 10:34:41.394900', 'fd_channel : login[0] 0 login[1] 0 , tb0[0] 51 tb0[1] 49 , tb1[0] 0 tb1[1] 0')
('2015-04-18 10:34:41.495113', 'get_channel: 2015-04-18 10:33:01.508679 : 0 ')
('2015-04-18 10:34:41.495188', 'fd_channel : login[0] 0 login[1] 0 , tb0[0] 50 tb0[1] 49 , tb1[0] 0 tb1[1] 0')
('2015-04-18 10:34:41.496352', 'get_channel: 2015-04-18 10:33:10.508723 : 1 ')
('2015-04-18 10:34:41.496410', 'fd_channel : login[0] 0 login[1] 0 , tb0[0] 50 tb0[1] 48 , tb1[0] 0 tb1[1] 0')
('2015-04-18 10:34:41.749334', 'get_channel: 2015-04-18 10:33:03.006990 : 0 ')
('2015-04-18 10:34:41.749420', 'fd_channel : login[0] 0 login[1] 0 , tb0[0] 49 tb0[1] 48 , tb1[0] 0 tb1[1] 0')
('2015-04-18 10:34:41.750667', 'get_channel: 2015-04-18 10:33:12.007855 : 1 ')
('2015-04-18 10:34:41.750722', 'fd_channel : login[0] 0 login[1] 0 , tb0[0] 49 tb0[1] 47 , tb1[0] 0 tb1[1] 0')
('2015-04-18 10:34:41.995885', 'get_channel: 2015-04-18 10:33:04.507043 : 0 ')
('2015-04-18 10:34:41.995969', 'fd_channel : login[0] 0 login[1] 0 , tb0[0] 48 tb0[1] 47 , tb1[0] 0 tb1[1] 0')
('2015-04-18 10:34:41.997387', 'get_channel: 2015-04-18 10:33:13.509944 : 1 ')
('2015-04-18 10:34:41.997477', 'fd_channel : login[0] 0 login[1] 0 , tb0[0] 48 tb0[1] 46 , tb1[0] 0 tb1[1] 0')
('2015-04-18 10:34:42.281829', 'get_channel: 2015-04-18 10:33:06.007928 : 0 ')
('2015-04-18 10:34:42.281912', 'fd_channel : login[0] 0 login[1] 0 , tb0[0] 47 tb0[1] 46 , tb1[0] 0 tb1[1] 0')
('2015-04-18 10:34:42.282845', 'get_channel: 2015-04-18 10:33:15.008310 : 1 ')
('2015-04-18 10:34:42.282901', 'fd_channel : login[0] 0 login[1] 0 , tb0[0] 47 tb0[1] 45 , tb1[0] 0 tb1[1] 0')
('2015-04-18 10:34:43.396717', 'get_channel: 2015-04-18 10:33:07.506420 : 0 ')
('2015-04-18 10:34:43.396807', 'fd_channel : login[0] 0 login[1] 0 , tb0[0] 46 tb0[1] 45 , tb1[0] 0 tb1[1] 0')
('2015-04-18 10:34:43.397888', 'get_channel: 2015-04-18 10:33:16.510073 : 1 ')
('2015-04-18 10:34:43.397944', 'fd_channel : login[0] 0 login[1] 0 , tb0[0] 46 tb0[1] 44 , tb1[0] 0 tb1[1] 0')
('2015-04-18 10:34:44.027685', 'close_channel : 2015-04-18 10:33:16.510073')
('2015-04-18 10:34:44.111901', 'close_channel : 2015-04-18 10:33:07.508199')
('2015-04-18 10:34:44.308853', 'close_channel : 2015-04-18 10:32:57.008917')
('2015-04-18 10:34:44.474089', 'get_channel: 2015-04-18 10:33:09.008859 : 0 ')
('2015-04-18 10:34:44.474154', 'fd_channel : login[0] 0 login[1] 0 , tb0[0] 45 tb0[1] 44 , tb1[0] 0 tb1[1] 0')
('2015-04-18 10:34:44.475334', 'get_channel: 2015-04-18 10:33:23.505575 : 1 ')
('2015-04-18 10:34:44.475392', 'fd_channel : login[0] 0 login[1] 0 , tb0[0] 45 tb0[1] 43 , tb1[0] 0 tb1[1] 0')
('2015-04-18 10:34:44.492552', 'close_channel : 2015-04-18 10:33:23.505575')
('2015-04-18 10:34:44.506714', 'put_channel : 2015-04-18 10:34:44.506664 : channel tb0, group 1')
('2015-04-18 10:34:44.517382', 'put_channel : 2015-04-18 10:34:44.517333 : channel tb0, group 1')
('2015-04-18 10:34:44.572441', 'close_channel : 2015-04-18 10:33:10.508723')
('2015-04-18 10:34:44.822367', 'close_channel : 2015-04-18 10:33:12.007855')
('2015-04-18 10:34:45.008235', 'put_channel : 2015-04-18 10:34:45.008167 : channel tb0, group 1')
('2015-04-18 10:34:45.010561', 'put_channel : 2015-04-18 10:34:45.010509 : channel tb0, group 1')
('2015-04-18 10:34:45.036938', 'put_channel : 2015-04-18 10:34:45.036888 : channel tb0, group 1')
('2015-04-18 10:34:45.080047', 'close_channel : 2015-04-18 10:33:13.509944')
('2015-04-18 10:34:45.354649', 'close_channel : 2015-04-18 10:33:15.008310')
('2015-04-18 10:34:46.013160', 'put_channel : 2015-04-18 10:34:46.013069 : channel tb0, group 1')
('2015-04-18 10:34:47.517641', 'put_channel : 2015-04-18 10:34:47.517534 : channel tb0, group 1')
('2015-04-18 10:34:50.515779', 'put_channel : 2015-04-18 10:34:50.515670 : channel tb0, group 0')
('2015-04-18 10:34:50.812334', 'close_channel : 2015-04-18 10:33:09.008859')
('2015-04-18 10:34:50.843772', 'close_channel : 2015-04-18 10:32:48.006614')
('2015-04-18 10:34:51.035749', 'put_channel : 2015-04-18 10:34:51.035664 : channel tb0, group 0')
('2015-04-18 10:34:51.915003', 'close_channel : 2015-04-18 10:32:49.506981')
('2015-04-18 10:34:52.011439', 'put_channel : 2015-04-18 10:34:52.011380 : channel tb0, group 0')
('2015-04-18 10:34:52.378980', 'close_channel : 2015-04-18 10:32:51.006611')
('2015-04-18 10:34:52.540966', 'put_channel : 2015-04-18 10:34:52.540900 : channel tb0, group 0')
('2015-04-18 10:34:52.635235', 'close_channel : 2015-04-18 10:32:52.506636')
('2015-04-18 10:34:52.875381', 'close_channel : 2015-04-18 10:32:55.509497')
('2015-04-18 10:34:53.163409', 'close_channel : 2015-04-18 10:32:57.007393')
('2015-04-18 10:34:54.027690', 'put_channel : 2015-04-18 10:34:54.027588 : channel tb0, group 0')
('2015-04-18 10:34:54.267582', 'close_channel : 2015-04-18 10:33:00.007071')
('2015-04-18 10:34:55.531702', 'put_channel : 2015-04-18 10:34:55.531596 : channel tb0, group 0')
('2015-04-18 10:34:57.037337', 'put_channel : 2015-04-18 10:34:57.037235 : channel tb0, group 0')
('2015-04-18 10:35:01.083699', 'put_channel : 2015-04-18 10:35:01.083593 : channel tb0, group 0')
('2015-04-18 10:35:02.555811', 'put_channel : 2015-04-18 10:35:02.555705 : channel tb0, group 0')
('2015-04-18 10:35:03.131691', 'put_channel : 2015-04-18 10:35:03.131587 : channel tb0, group 0')
('2015-04-18 10:35:04.060614', 'put_channel : 2015-04-18 10:35:04.060472 : channel tb0, group 0')
('2015-04-18 10:35:04.604612', 'put_channel : 2015-04-18 10:35:04.604465 : channel tb0, group 0')
('2015-04-18 10:35:05.564598', 'put_channel : 2015-04-18 10:35:05.564446 : channel tb0, group 0')
('2015-04-18 10:35:07.070674', 'put_channel : 2015-04-18 10:35:07.070533 : channel tb0, group 1')
('2015-04-18 10:35:09.149323', 'put_channel : 2015-04-18 10:35:09.149182 : channel tb0, group 0')
('2015-04-18 10:35:09.150243', 'put_channel : 2015-04-18 10:35:09.150160 : channel tb0, group 1')
('2015-04-18 10:35:12.155314', 'put_channel : 2015-04-18 10:35:12.155168 : channel tb0, group 0')
('2015-04-18 10:35:12.156479', 'put_channel : 2015-04-18 10:35:12.156342 : channel tb0, group 0')
('2015-04-18 10:35:13.631878', 'put_channel : 2015-04-18 10:35:13.631735 : channel tb0, group 1')
('2015-04-18 10:35:14.586151', 'put_channel : 2015-04-18 10:35:14.585959 : channel tb0, group 1')
('2015-04-18 10:35:18.174313', 'put_channel : 2015-04-18 10:35:18.174153 : channel tb0, group 0')
('2015-04-18 10:35:19.646645', 'put_channel : 2015-04-18 10:35:19.646469 : channel tb0, group 1')
('2015-04-18 10:35:19.647455', 'put_channel : 2015-04-18 10:35:19.647372 : channel tb0, group 0')
('2015-04-18 10:35:47.491033', 'close_channel : 2015-04-18 10:32:33.011418')
('2015-04-18 10:35:47.494509', 'close_channel : 2015-04-18 10:32:34.511486')
('2015-04-18 10:35:47.497149', 'close_channel : 2015-04-18 10:32:36.009998')
('2015-04-18 10:35:47.617700', 'close_channel : 2015-04-18 10:32:43.510323')
('2015-04-18 10:35:47.618660', 'close_channel : 2015-04-18 10:32:42.011952')
('2015-04-18 10:35:47.621110', 'close_channel : 2015-04-18 10:32:40.510795')
('2015-04-18 10:35:47.621958', 'close_channel : 2015-04-18 10:32:37.512287')
('2015-04-18 10:35:47.626391', 'close_channel : 2015-04-18 10:32:39.012376')
('2015-04-18 11:27:42.009567', 'put_channel : 2015-04-18 11:27:42.009396 : channel tb1, group 0')
('2015-04-18 11:27:43.009533', 'put_channel : 2015-04-18 11:27:43.009414 : channel tb1, group 1')
('2015-04-18 11:27:43.510186', 'put_channel : 2015-04-18 11:27:43.510092 : channel tb1, group 1')
('2015-04-18 11:27:44.505722', 'put_channel : 2015-04-18 11:27:44.505605 : channel tb1, group 0')
('2015-04-18 11:27:45.008981', 'put_channel : 2015-04-18 11:27:45.008870 : channel tb1, group 0')
('2015-04-18 11:27:45.010855', 'put_channel : 2015-04-18 11:27:45.010800 : channel tb1, group 1')
('2015-04-18 11:27:46.508966', 'put_channel : 2015-04-18 11:27:46.508869 : channel tb1, group 1')
('2015-04-18 11:27:47.505643', 'put_channel : 2015-04-18 11:27:47.505535 : channel tb1, group 0')
('2015-04-18 11:27:48.006734', 'put_channel : 2015-04-18 11:27:48.006609 : channel tb1, group 0')
('2015-04-18 11:27:48.009610', 'put_channel : 2015-04-18 11:27:48.009553 : channel tb1, group 1')
('2015-04-18 11:27:49.510890', 'put_channel : 2015-04-18 11:27:49.510792 : channel tb1, group 1')
('2015-04-18 11:27:49.549285', 'put_channel : 2015-04-18 11:27:49.549220 : channel tb1, group 0')
('2015-04-18 11:27:52.003939', 'put_channel : 2015-04-18 11:27:52.003832 : channel tb1, group 0')
('2015-04-18 11:27:52.506909', 'put_channel : 2015-04-18 11:27:52.506811 : channel tb1, group 0')
('2015-04-18 11:27:55.005615', 'put_channel : 2015-04-18 11:27:55.005489 : channel tb1, group 0')
('2015-04-18 11:27:55.509147', 'put_channel : 2015-04-18 11:27:55.509050 : channel tb1, group 1')
('2015-04-18 11:27:55.510553', 'put_channel : 2015-04-18 11:27:55.510489 : channel tb1, group 1')
('2015-04-18 11:27:56.506377', 'put_channel : 2015-04-18 11:27:56.506183 : channel tb1, group 0')
('2015-04-18 11:27:57.010385', 'put_channel : 2015-04-18 11:27:57.010277 : channel tb1, group 1')
('2015-04-18 11:27:57.010907', 'put_channel : 2015-04-18 11:27:57.010857 : channel tb1, group 1')
('2015-04-18 11:27:58.509184', 'put_channel : 2015-04-18 11:27:58.509086 : channel tb1, group 1')
('2015-04-18 11:28:00.008748', 'put_channel : 2015-04-18 11:28:00.008650 : channel tb1, group 1')
('2015-04-18 11:28:01.509063', 'put_channel : 2015-04-18 11:28:01.508985 : channel tb1, group 1')
('2015-04-18 11:28:03.008608', 'put_channel : 2015-04-18 11:28:03.008512 : channel tb1, group 1')
('2015-04-18 11:28:04.509029', 'put_channel : 2015-04-18 11:28:04.508932 : channel tb1, group 1')
('2015-04-18 11:28:05.503948', 'put_channel : 2015-04-18 11:28:05.503841 : channel tb1, group 0')
('2015-04-18 11:28:05.515550', 'put_channel : 2015-04-18 11:28:05.515497 : channel tb1, group 0')
('2015-04-18 11:28:06.008292', 'put_channel : 2015-04-18 11:28:06.008207 : channel tb1, group 1')
('2015-04-18 11:28:06.031081', 'put_channel : 2015-04-18 11:28:06.031031 : channel tb1, group 1')
('2015-04-18 11:28:07.510848', 'put_channel : 2015-04-18 11:28:07.510750 : channel tb1, group 1')
('2015-04-18 11:28:08.503849', 'put_channel : 2015-04-18 11:28:08.503743 : channel tb1, group 0')
('2015-04-18 11:28:09.009759', 'put_channel : 2015-04-18 11:28:09.009663 : channel tb1, group 1')
('2015-04-18 11:28:10.005475', 'put_channel : 2015-04-18 11:28:10.005366 : channel tb1, group 0')
('2015-04-18 11:28:10.011218', 'put_channel : 2015-04-18 11:28:10.011161 : channel tb1, group 0')
('2015-04-18 11:28:11.504286', 'put_channel : 2015-04-18 11:28:11.504182 : channel tb1, group 0')
('2015-04-18 11:28:13.006512', 'put_channel : 2015-04-18 11:28:13.006338 : channel tb1, group 0')
('2015-04-18 11:28:16.513257', 'put_channel : 2015-04-18 11:28:16.513121 : channel tb1, group 1')
('2015-04-18 11:28:17.510188', 'put_channel : 2015-04-18 11:28:17.510043 : channel tb1, group 0')
('2015-04-18 11:28:18.014073', 'put_channel : 2015-04-18 11:28:18.013937 : channel tb1, group 0')
('2015-04-18 11:28:19.024312', 'put_channel : 2015-04-18 11:28:19.024172 : channel tb1, group 1')
('2015-04-18 11:28:20.525279', 'put_channel : 2015-04-18 11:28:20.525094 : channel tb1, group 0')
('2015-04-18 11:28:21.013891', 'put_channel : 2015-04-18 11:28:21.013660 : channel tb1, group 1')
('2015-04-18 11:28:22.022583', 'put_channel : 2015-04-18 11:28:22.022435 : channel tb1, group 1')
('2015-04-18 11:28:22.510903', 'put_channel : 2015-04-18 11:28:22.510766 : channel tb1, group 1')
('2015-04-18 11:28:22.513983', 'put_channel : 2015-04-18 11:28:22.513887 : channel tb1, group 1')
('2015-04-18 11:28:25.022796', 'put_channel : 2015-04-18 11:28:25.022557 : channel tb1, group 1')
('2015-04-18 11:28:26.524819', 'put_channel : 2015-04-18 11:28:26.524672 : channel tb1, group 0')
('2015-04-18 11:28:27.008222', 'put_channel : 2015-04-18 11:28:27.008087 : channel tb1, group 0')
('2015-04-18 11:28:27.013316', 'put_channel : 2015-04-18 11:28:27.013182 : channel tb1, group 1')
('2015-04-18 11:28:27.014184', 'put_channel : 2015-04-18 11:28:27.014074 : channel tb1, group 1')
('2015-04-18 11:28:28.514067', 'put_channel : 2015-04-18 11:28:28.513927 : channel tb1, group 1')
('2015-04-18 11:28:28.541697', 'put_channel : 2015-04-18 11:28:28.541603 : channel tb1, group 1')
('2015-04-18 11:28:29.518250', 'put_channel : 2015-04-18 11:28:29.518104 : channel tb1, group 0')
('2015-04-18 11:28:31.068504', 'put_channel : 2015-04-18 11:28:31.068358 : channel tb1, group 0')
('2015-04-18 11:28:31.508482', 'put_channel : 2015-04-18 11:28:31.508346 : channel tb1, group 0')
('2015-04-18 11:28:32.524523', 'put_channel : 2015-04-18 11:28:32.524376 : channel tb1, group 0')
('2015-04-18 11:28:33.036567', 'put_channel : 2015-04-18 11:28:33.036435 : channel tb1, group 0')
('2015-04-18 11:28:34.006502', 'put_channel : 2015-04-18 11:28:34.006345 : channel tb1, group 0')
('2015-04-18 11:28:34.515815', 'put_channel : 2015-04-18 11:28:34.515678 : channel tb1, group 1')
('2015-04-18 11:28:35.508706', 'put_channel : 2015-04-18 11:28:35.508559 : channel tb1, group 0')
('2015-04-18 11:28:36.013481', 'put_channel : 2015-04-18 11:28:36.013393 : channel tb1, group 1')
('2015-04-18 11:28:37.513924', 'put_channel : 2015-04-18 11:28:37.513785 : channel tb1, group 1')
('2015-04-18 11:28:39.009220', 'put_channel : 2015-04-18 11:28:39.009090 : channel tb1, group 0')
('2015-04-18 11:28:39.009897', 'put_channel : 2015-04-18 11:28:39.009811 : channel tb1, group 0')
('2015-04-18 11:28:39.036069', 'put_channel : 2015-04-18 11:28:39.035977 : channel tb1, group 0')
('2015-04-18 11:28:40.509829', 'put_channel : 2015-04-18 11:28:40.509693 : channel tb1, group 0')
('2015-04-18 11:28:42.016180', 'put_channel : 2015-04-18 11:28:42.016044 : channel tb1, group 1')
('2015-04-18 11:28:43.515828', 'put_channel : 2015-04-18 11:28:43.515690 : channel tb1, group 1')
('2015-04-18 11:28:43.535215', 'put_channel : 2015-04-18 11:28:43.535124 : channel tb1, group 1')
('2015-04-18 11:28:44.526155', 'put_channel : 2015-04-18 11:28:44.526008 : channel tb1, group 0')
('2015-04-18 11:28:44.691805', 'put_channel : 2015-04-18 11:28:44.691681 : channel tb1, group 0')
('2015-04-18 11:28:45.038363', 'put_channel : 2015-04-18 11:28:45.038224 : channel tb1, group 0')
('2015-04-18 11:28:46.008477', 'put_channel : 2015-04-18 11:28:46.008342 : channel tb1, group 0')
('2015-04-18 11:28:46.510817', 'put_channel : 2015-04-18 11:28:46.510681 : channel tb1, group 0')
('2015-04-18 11:28:46.515810', 'put_channel : 2015-04-18 11:28:46.515719 : channel tb1, group 1')
('2015-04-18 11:28:48.008272', 'put_channel : 2015-04-18 11:28:48.008110 : channel tb1, group 0')
('2015-04-18 11:28:48.014462', 'put_channel : 2015-04-18 11:28:48.014366 : channel tb1, group 1')
('2015-04-18 11:28:49.511328', 'put_channel : 2015-04-18 11:28:49.511091 : channel tb1, group 0')
('2015-04-18 11:28:49.514705', 'put_channel : 2015-04-18 11:28:49.514527 : channel tb1, group 1')
('2015-04-18 11:28:51.014588', 'put_channel : 2015-04-18 11:28:51.014449 : channel tb1, group 1')
('2015-04-18 11:28:56.508625', 'put_channel : 2015-04-18 11:28:56.508456 : channel tb1, group 0')
('2015-04-18 11:28:57.011724', 'put_channel : 2015-04-18 11:28:57.011538 : channel tb1, group 0')
('2015-04-18 11:28:59.508550', 'put_channel : 2015-04-18 11:28:59.508403 : channel tb1, group 0')
('2015-04-18 11:29:01.086538', 'put_channel : 2015-04-18 11:29:01.086392 : channel tb1, group 1')
('2015-04-18 11:29:02.526649', 'put_channel : 2015-04-18 11:29:02.526499 : channel tb1, group 1')
('2015-04-18 11:29:05.508648', 'put_channel : 2015-04-18 11:29:05.508501 : channel tb1, group 0')
('2015-04-18 11:29:06.007178', 'put_channel : 2015-04-18 11:29:06.007089 : channel tb1, group 0')
('2015-04-18 11:29:06.045539', 'put_channel : 2015-04-18 11:29:06.045471 : channel tb1, group 1')
('2015-04-18 11:29:07.509207', 'put_channel : 2015-04-18 11:29:07.509045 : channel tb1, group 0')
('2015-04-18 11:29:08.527851', 'put_channel : 2015-04-18 11:29:08.527703 : channel tb1, group 1')
('2015-04-18 11:29:09.008312', 'put_channel : 2015-04-18 11:29:09.008180 : channel tb1, group 0')
('2015-04-18 11:29:10.511419', 'put_channel : 2015-04-18 11:29:10.511281 : channel tb1, group 0')
('2015-04-18 11:29:11.518660', 'put_channel : 2015-04-18 11:29:11.518512 : channel tb1, group 1')
('2015-04-18 11:29:14.507182', 'put_channel : 2015-04-18 11:29:14.507075 : channel tb1, group 1')
('2015-04-18 11:29:14.527056', 'put_channel : 2015-04-18 11:29:14.527004 : channel tb1, group 1')
('2015-04-18 11:29:16.539724', 'put_channel : 2015-04-18 11:29:16.539610 : channel tb1, group 0')
('2015-04-18 11:29:17.517724', 'put_channel : 2015-04-18 11:29:17.517616 : channel tb1, group 1')
('2015-04-18 11:29:18.009496', 'put_channel : 2015-04-18 11:29:18.009399 : channel tb1, group 0')
('2015-04-18 11:29:19.019814', 'put_channel : 2015-04-18 11:29:19.019708 : channel tb1, group 0')
('2015-04-18 11:29:25.509175', 'put_channel : 2015-04-18 11:29:25.509061 : channel tb1, group 0')
('2015-04-18 11:29:27.211550', 'put_channel : 2015-04-18 11:29:27.211447 : channel tb1, group 0')
('2015-04-18 11:29:28.539454', 'put_channel : 2015-04-18 11:29:28.539359 : channel tb1, group 0')
('2015-04-18 11:29:30.011782', 'put_channel : 2015-04-18 11:29:30.011679 : channel tb1, group 0')
('2015-04-18 11:29:31.531318', 'put_channel : 2015-04-18 11:29:31.531220 : channel tb1, group 0')
('2015-04-18 11:29:31.611370', 'put_channel : 2015-04-18 11:29:31.611319 : channel tb1, group 0')
('2015-04-18 11:29:34.511037', 'put_channel : 2015-04-18 11:29:34.510931 : channel tb1, group 1')
('2015-04-18 11:29:36.355100', 'close_channel : 2015-04-18 11:27:43.009414')
('2015-04-18 11:29:36.356109', 'close_channel : 2015-04-18 11:27:43.510092')
('2015-04-18 11:29:36.357118', 'close_channel : 2015-04-18 11:27:45.010800')
('2015-04-18 11:29:36.358831', 'get_channel: 2015-04-18 11:27:46.508869 : 1 ')
('2015-04-18 11:29:36.358904', 'fd_channel : login[0] 0 login[1] 0 , tb0[0] 63 tb0[1] 55 , tb1[0] 57 tb1[1] 45')
('2015-04-18 11:29:36.360925', 'get_channel: 2015-04-18 11:27:48.009553 : 1 ')
('2015-04-18 11:29:36.360981', 'fd_channel : login[0] 0 login[1] 0 , tb0[0] 63 tb0[1] 55 , tb1[0] 57 tb1[1] 44')
('2015-04-18 11:29:36.361747', 'get_channel: 2015-04-18 11:27:49.510792 : 1 ')
('2015-04-18 11:29:36.361812', 'fd_channel : login[0] 0 login[1] 0 , tb0[0] 63 tb0[1] 55 , tb1[0] 57 tb1[1] 43')
('2015-04-18 11:29:36.363041', 'get_channel: 2015-04-18 11:27:55.509050 : 1 ')
('2015-04-18 11:29:36.363097', 'fd_channel : login[0] 0 login[1] 0 , tb0[0] 63 tb0[1] 55 , tb1[0] 57 tb1[1] 42')
('2015-04-18 11:29:36.364669', 'get_channel: 2015-04-18 11:27:55.510489 : 1 ')
('2015-04-18 11:29:36.364736', 'fd_channel : login[0] 0 login[1] 0 , tb0[0] 63 tb0[1] 55 , tb1[0] 57 tb1[1] 41')
('2015-04-18 11:29:36.365566', 'get_channel: 2015-04-18 11:27:57.010277 : 1 ')
('2015-04-18 11:29:36.365620', 'fd_channel : login[0] 0 login[1] 0 , tb0[0] 63 tb0[1] 55 , tb1[0] 57 tb1[1] 40')
('2015-04-18 11:29:36.366440', 'get_channel: 2015-04-18 11:27:57.010857 : 1 ')
('2015-04-18 11:29:36.366495', 'fd_channel : login[0] 0 login[1] 0 , tb0[0] 63 tb0[1] 55 , tb1[0] 57 tb1[1] 39')
('2015-04-18 11:29:36.367713', 'get_channel: 2015-04-18 11:27:58.509086 : 1 ')
('2015-04-18 11:29:36.367771', 'fd_channel : login[0] 0 login[1] 0 , tb0[0] 63 tb0[1] 55 , tb1[0] 57 tb1[1] 38')
('2015-04-18 11:29:36.374887', 'close_channel : 2015-04-18 11:27:49.510792')
('2015-04-18 11:29:36.574929', 'close_channel : 2015-04-18 11:27:48.009553')
('2015-04-18 11:29:36.577068', 'close_channel : 2015-04-18 11:27:55.509050')
('2015-04-18 11:29:36.987242', 'close_channel : 2015-04-18 11:27:57.010277')
('2015-04-18 11:29:37.796147', 'close_channel : 2015-04-18 11:27:46.508869')
('2015-04-18 11:29:39.009699', 'put_channel : 2015-04-18 11:29:39.009594 : channel tb1, group 1')
('2015-04-18 11:29:39.009924', 'put_channel : 2015-04-18 11:29:39.009869 : channel tb1, group 1')
('2015-04-18 11:29:40.011926', 'put_channel : 2015-04-18 11:29:40.011816 : channel tb1, group 0')
('2015-04-18 11:29:40.509732', 'put_channel : 2015-04-18 11:29:40.509632 : channel tb1, group 1')
('2015-04-18 11:29:40.510099', 'put_channel : 2015-04-18 11:29:40.510042 : channel tb1, group 0')
('2015-04-18 11:29:42.009444', 'put_channel : 2015-04-18 11:29:42.009391 : channel tb1, group 1')
('2015-04-18 11:29:42.029582', 'put_channel : 2015-04-18 11:29:42.029526 : channel tb1, group 1')
('2015-04-18 11:29:42.714408', 'close_channel : 2015-04-18 11:27:58.509086')
('2015-04-18 11:29:43.003949', 'put_channel : 2015-04-18 11:29:43.003891 : channel tb1, group 0')
('2015-04-18 11:29:43.069514', 'put_channel : 2015-04-18 11:29:43.069454 : channel tb1, group 1')
('2015-04-18 11:29:43.367350', 'get_channel: 2015-04-18 11:28:00.008650 : 1 ')
('2015-04-18 11:29:43.367416', 'fd_channel : login[0] 0 login[1] 0 , tb0[0] 63 tb0[1] 55 , tb1[0] 60 tb1[1] 43')
('2015-04-18 11:29:43.369093', 'get_channel: 2015-04-18 11:28:01.508985 : 1 ')
('2015-04-18 11:29:43.369153', 'fd_channel : login[0] 0 login[1] 0 , tb0[0] 63 tb0[1] 55 , tb1[0] 60 tb1[1] 42')
('2015-04-18 11:29:43.531764', 'put_channel : 2015-04-18 11:29:43.531683 : channel tb1, group 0')
('2015-04-18 11:29:45.117073', 'put_channel : 2015-04-18 11:29:45.116970 : channel tb1, group 0')
('2015-04-18 11:29:46.510134', 'put_channel : 2015-04-18 11:29:46.510034 : channel tb1, group 1')
('2015-04-18 11:29:47.549725', 'put_channel : 2015-04-18 11:29:47.549614 : channel tb1, group 1')
('2015-04-18 11:29:50.369678', 'get_channel: 2015-04-18 11:28:03.008512 : 1 ')
('2015-04-18 11:29:50.369743', 'fd_channel : login[0] 0 login[1] 0 , tb0[0] 63 tb0[1] 55 , tb1[0] 62 tb1[1] 43')
('2015-04-18 11:29:50.371489', 'get_channel: 2015-04-18 11:28:04.508932 : 1 ')
('2015-04-18 11:29:50.371547', 'fd_channel : login[0] 0 login[1] 0 , tb0[0] 63 tb0[1] 55 , tb1[0] 62 tb1[1] 42')
('2015-04-18 11:29:51.011442', 'put_channel : 2015-04-18 11:29:51.011346 : channel tb1, group 1')
('2015-04-18 11:29:51.011871', 'put_channel : 2015-04-18 11:29:51.011821 : channel tb1, group 1')
('2015-04-18 11:29:52.510786', 'put_channel : 2015-04-18 11:29:52.510648 : channel tb1, group 1')
('2015-04-18 11:29:54.011354', 'put_channel : 2015-04-18 11:29:54.011222 : channel tb1, group 1')
('2015-04-18 11:29:54.364287', 'close_channel : 2015-04-18 11:27:42.009396')
('2015-04-18 11:29:54.366078', 'close_channel : 2015-04-18 11:27:44.505605')
('2015-04-18 11:29:54.368821', 'close_channel : 2015-04-18 11:27:45.008870')
('2015-04-18 11:29:54.370884', 'close_channel : 2015-04-18 11:27:47.505535')
('2015-04-18 11:29:54.371801', 'close_channel : 2015-04-18 11:27:48.006609')
('2015-04-18 11:29:54.372943', 'get_channel: 2015-04-18 11:28:06.008207 : 1 ')
('2015-04-18 11:29:54.373052', 'fd_channel : login[0] 0 login[1] 0 , tb0[0] 63 tb0[1] 55 , tb1[0] 57 tb1[1] 45')
('2015-04-18 11:29:54.374355', 'close_channel : 2015-04-18 11:27:49.549220')
('2015-04-18 11:29:54.375253', 'close_channel : 2015-04-18 11:27:52.003832')
('2015-04-18 11:29:54.376432', 'close_channel : 2015-04-18 11:27:52.506811')
('2015-04-18 11:29:54.377370', 'close_channel : 2015-04-18 11:27:55.005489')
('2015-04-18 11:29:54.378639', 'close_channel : 2015-04-18 11:27:56.506183')
('2015-04-18 11:29:54.379428', 'get_channel: 2015-04-18 11:28:05.503841 : 0 ')
('2015-04-18 11:29:54.379529', 'fd_channel : login[0] 0 login[1] 0 , tb0[0] 63 tb0[1] 55 , tb1[0] 51 tb1[1] 45')
('2015-04-18 11:29:54.380975', 'get_channel: 2015-04-18 11:28:05.515497 : 0 ')
('2015-04-18 11:29:54.381096', 'fd_channel : login[0] 0 login[1] 0 , tb0[0] 63 tb0[1] 55 , tb1[0] 50 tb1[1] 45')
('2015-04-18 11:29:54.382607', 'get_channel: 2015-04-18 11:28:08.503743 : 0 ')
('2015-04-18 11:29:54.382714', 'fd_channel : login[0] 0 login[1] 0 , tb0[0] 63 tb0[1] 55 , tb1[0] 49 tb1[1] 45')
('2015-04-18 11:29:54.384551', 'get_channel: 2015-04-18 11:28:10.005366 : 0 ')
('2015-04-18 11:29:54.384654', 'fd_channel : login[0] 0 login[1] 0 , tb0[0] 63 tb0[1] 55 , tb1[0] 48 tb1[1] 45')
('2015-04-18 11:29:54.387031', 'get_channel: 2015-04-18 11:28:06.031031 : 1 ')
('2015-04-18 11:29:54.387137', 'fd_channel : login[0] 0 login[1] 0 , tb0[0] 63 tb0[1] 55 , tb1[0] 48 tb1[1] 44')
('2015-04-18 11:29:54.389058', 'get_channel: 2015-04-18 11:28:10.011161 : 0 ')
('2015-04-18 11:29:54.389161', 'fd_channel : login[0] 0 login[1] 0 , tb0[0] 63 tb0[1] 55 , tb1[0] 47 tb1[1] 44')
('2015-04-18 11:29:54.390641', 'get_channel: 2015-04-18 11:28:07.510750 : 1 ')
('2015-04-18 11:29:54.390750', 'fd_channel : login[0] 0 login[1] 0 , tb0[0] 63 tb0[1] 55 , tb1[0] 47 tb1[1] 43')
('2015-04-18 11:29:54.392814', 'get_channel: 2015-04-18 11:28:09.009663 : 1 ')
('2015-04-18 11:29:54.392918', 'fd_channel : login[0] 0 login[1] 0 , tb0[0] 63 tb0[1] 55 , tb1[0] 47 tb1[1] 42')
('2015-04-18 11:29:54.394597', 'get_channel: 2015-04-18 11:28:16.513121 : 1 ')
('2015-04-18 11:29:54.394702', 'fd_channel : login[0] 0 login[1] 0 , tb0[0] 63 tb0[1] 55 , tb1[0] 47 tb1[1] 41')
('2015-04-18 11:29:54.397699', 'get_channel: 2015-04-18 11:28:11.504182 : 0 ')
('2015-04-18 11:29:54.397812', 'fd_channel : login[0] 0 login[1] 0 , tb0[0] 63 tb0[1] 55 , tb1[0] 46 tb1[1] 41')
('2015-04-18 11:29:54.399291', 'get_channel: 2015-04-18 11:28:19.024172 : 1 ')
('2015-04-18 11:29:54.399394', 'fd_channel : login[0] 0 login[1] 0 , tb0[0] 63 tb0[1] 55 , tb1[0] 46 tb1[1] 40')
('2015-04-18 11:29:54.441152', 'close_channel : 2015-04-18 11:28:11.504182')
('2015-04-18 11:29:56.388069', 'get_channel: 2015-04-18 11:28:13.006338 : 0 ')
('2015-04-18 11:29:56.388220', 'fd_channel : login[0] 0 login[1] 0 , tb0[0] 63 tb0[1] 55 , tb1[0] 45 tb1[1] 40')
('2015-04-18 11:29:56.390103', 'get_channel: 2015-04-18 11:28:21.013660 : 1 ')
('2015-04-18 11:29:56.390209', 'fd_channel : login[0] 0 login[1] 0 , tb0[0] 63 tb0[1] 55 , tb1[0] 45 tb1[1] 39')
('2015-04-18 11:29:56.393651', 'get_channel: 2015-04-18 11:28:17.510043 : 0 ')
('2015-04-18 11:29:56.393756', 'fd_channel : login[0] 0 login[1] 0 , tb0[0] 63 tb0[1] 55 , tb1[0] 44 tb1[1] 39')
('2015-04-18 11:29:56.395956', 'get_channel: 2015-04-18 11:28:22.022435 : 1 ')
('2015-04-18 11:29:56.396068', 'fd_channel : login[0] 0 login[1] 0 , tb0[0] 63 tb0[1] 55 , tb1[0] 44 tb1[1] 38')
('2015-04-18 11:29:56.398376', 'get_channel: 2015-04-18 11:28:18.013937 : 0 ')
('2015-04-18 11:29:56.398479', 'fd_channel : login[0] 0 login[1] 0 , tb0[0] 63 tb0[1] 55 , tb1[0] 43 tb1[1] 38')
('2015-04-18 11:29:56.402961', 'get_channel: 2015-04-18 11:28:20.525094 : 0 ')
('2015-04-18 11:29:56.403065', 'fd_channel : login[0] 0 login[1] 0 , tb0[0] 63 tb0[1] 55 , tb1[0] 42 tb1[1] 38')
('2015-04-18 11:29:56.404478', 'get_channel: 2015-04-18 11:28:26.524672 : 0 ')
('2015-04-18 11:29:56.404582', 'fd_channel : login[0] 0 login[1] 0 , tb0[0] 63 tb0[1] 55 , tb1[0] 41 tb1[1] 38')
('2015-04-18 11:29:56.406259', 'get_channel: 2015-04-18 11:28:22.510766 : 1 ')
('2015-04-18 11:29:56.406397', 'fd_channel : login[0] 0 login[1] 0 , tb0[0] 63 tb0[1] 55 , tb1[0] 41 tb1[1] 37')
('2015-04-18 11:29:56.408945', 'get_channel: 2015-04-18 11:28:22.513887 : 1 ')
('2015-04-18 11:29:56.409051', 'fd_channel : login[0] 0 login[1] 0 , tb0[0] 63 tb0[1] 55 , tb1[0] 41 tb1[1] 36')
('2015-04-18 11:29:56.410958', 'get_channel: 2015-04-18 11:28:25.022557 : 1 ')
('2015-04-18 11:29:56.411063', 'fd_channel : login[0] 0 login[1] 0 , tb0[0] 63 tb0[1] 55 , tb1[0] 41 tb1[1] 35')
('2015-04-18 11:29:56.447430', 'get_channel: 2015-04-18 11:28:27.013182 : 1 ')
('2015-04-18 11:29:56.447614', 'fd_channel : login[0] 0 login[1] 0 , tb0[0] 63 tb0[1] 55 , tb1[0] 41 tb1[1] 34')
('2015-04-18 11:29:57.011204', 'put_channel : 2015-04-18 11:29:57.011070 : channel tb1, group 0')
('2015-04-18 11:29:57.012388', 'put_channel : 2015-04-18 11:29:57.012293 : channel tb1, group 0')
('2015-04-18 11:29:57.013163', 'put_channel : 2015-04-18 11:29:57.013075 : channel tb1, group 1')
('2015-04-18 11:29:57.372664', 'get_channel: 2015-04-18 11:28:27.014074 : 1 ')
('2015-04-18 11:29:57.372774', 'fd_channel : login[0] 0 login[1] 0 , tb0[0] 63 tb0[1] 55 , tb1[0] 43 tb1[1] 34')
('2015-04-18 11:29:57.375175', 'get_channel: 2015-04-18 11:28:28.513927 : 1 ')
('2015-04-18 11:29:57.375278', 'fd_channel : login[0] 0 login[1] 0 , tb0[0] 63 tb0[1] 55 , tb1[0] 43 tb1[1] 33')
('2015-04-18 11:30:00.394028', 'get_channel: 2015-04-18 11:28:28.541603 : 1 ')
('2015-04-18 11:30:00.394139', 'fd_channel : login[0] 0 login[1] 0 , tb0[0] 63 tb0[1] 55 , tb1[0] 43 tb1[1] 32')
('2015-04-18 11:30:00.407537', 'get_channel: 2015-04-18 11:28:34.515678 : 1 ')
('2015-04-18 11:30:00.407704', 'fd_channel : login[0] 0 login[1] 0 , tb0[0] 63 tb0[1] 55 , tb1[0] 43 tb1[1] 31')
('2015-04-18 11:30:00.410333', 'get_channel: 2015-04-18 11:28:36.013393 : 1 ')
('2015-04-18 11:30:00.410435', 'fd_channel : login[0] 0 login[1] 0 , tb0[0] 63 tb0[1] 55 , tb1[0] 43 tb1[1] 30')
('2015-04-18 11:30:00.417827', 'get_channel: 2015-04-18 11:28:37.513785 : 1 ')
('2015-04-18 11:30:00.419949', 'get_channel: 2015-04-18 11:28:42.016044 : 1 ')
('2015-04-18 11:30:00.420053', 'fd_channel : login[0] 0 login[1] 0 , tb0[0] 63 tb0[1] 55 , tb1[0] 43 tb1[1] 28')
('2015-04-18 11:30:00.421281', 'fd_channel : login[0] 0 login[1] 0 , tb0[0] 63 tb0[1] 55 , tb1[0] 43 tb1[1] 28')
('2015-04-18 11:30:00.730992', 'close_channel : 2015-04-18 11:28:10.005366')
('2015-04-18 11:30:00.741446', 'close_channel : 2015-04-18 11:28:19.024172')
('2015-04-18 11:30:01.418865', 'worker [3] stopping')
('2015-04-18 11:30:01.844496', 'close_channel : 2015-04-18 11:28:34.515678')
('2015-04-18 11:30:03.411168', 'get_channel: 2015-04-18 11:28:43.515690 : 1 ')
('2015-04-18 11:30:03.411322', 'fd_channel : login[0] 0 login[1] 0 , tb0[0] 63 tb0[1] 55 , tb1[0] 43 tb1[1] 27')
('2015-04-18 11:30:03.450252', 'get_channel: 2015-04-18 11:28:43.535124 : 1 ')
('2015-04-18 11:30:03.450357', 'fd_channel : login[0] 0 login[1] 0 , tb0[0] 63 tb0[1] 55 , tb1[0] 43 tb1[1] 26')
('2015-04-18 11:30:03.621818', 'close_channel : 2015-04-18 11:28:43.515690')
('2015-04-18 11:30:04.376144', 'get_channel: 2015-04-18 11:28:46.515719 : 1 ')
('2015-04-18 11:30:04.376260', 'fd_channel : login[0] 0 login[1] 0 , tb0[0] 63 tb0[1] 55 , tb1[0] 43 tb1[1] 25')
('2015-04-18 11:30:04.378843', 'get_channel: 2015-04-18 11:28:48.014366 : 1 ')
('2015-04-18 11:30:04.378946', 'fd_channel : login[0] 0 login[1] 0 , tb0[0] 63 tb0[1] 55 , tb1[0] 43 tb1[1] 24')
('2015-04-18 11:30:04.586414', 'close_channel : 2015-04-18 11:28:46.515719')
('2015-04-18 11:30:04.883500', 'close_channel : 2015-04-18 11:28:43.535124')
('2015-04-18 11:30:06.107924', 'put_channel : 2015-04-18 11:30:06.107812 : channel tb1, group 0')
('2015-04-18 11:30:06.416070', 'get_channel: 2015-04-18 11:28:49.514527 : 1 ')
('2015-04-18 11:30:06.416219', 'fd_channel : login[0] 0 login[1] 0 , tb0[0] 63 tb0[1] 55 , tb1[0] 44 tb1[1] 23')
('2015-04-18 11:30:06.453581', 'get_channel: 2015-04-18 11:28:51.014449 : 1 ')
('2015-04-18 11:30:06.453717', 'fd_channel : login[0] 0 login[1] 0 , tb0[0] 63 tb0[1] 55 , tb1[0] 44 tb1[1] 22')
('2015-04-18 11:30:06.774525', 'close_channel : 2015-04-18 11:28:42.016044')
('2015-04-18 11:30:06.779898', 'get_channel: 2015-04-18 11:29:01.086392 : 1 ')
('2015-04-18 11:30:06.780066', 'fd_channel : login[0] 0 login[1] 0 , tb0[0] 63 tb0[1] 55 , tb1[0] 44 tb1[1] 21')
('2015-04-18 11:30:07.380965', 'get_channel: 2015-04-18 11:29:02.526499 : 1 ')
('2015-04-18 11:30:07.381121', 'fd_channel : login[0] 0 login[1] 0 , tb0[0] 63 tb0[1] 55 , tb1[0] 44 tb1[1] 20')
('2015-04-18 11:30:07.396517', 'get_channel: 2015-04-18 11:29:06.045471 : 1 ')
('2015-04-18 11:30:07.396622', 'fd_channel : login[0] 0 login[1] 0 , tb0[0] 63 tb0[1] 55 , tb1[0] 44 tb1[1] 19')
('2015-04-18 11:30:07.414394', 'get_channel: 2015-04-18 11:29:08.527703 : 1 ')
('2015-04-18 11:30:07.414499', 'fd_channel : login[0] 0 login[1] 0 , tb0[0] 63 tb0[1] 55 , tb1[0] 44 tb1[1] 18')
('2015-04-18 11:30:07.420280', 'get_channel: 2015-04-18 11:29:11.518512 : 1 ')
('2015-04-18 11:30:07.420383', 'fd_channel : login[0] 0 login[1] 0 , tb0[0] 63 tb0[1] 55 , tb1[0] 44 tb1[1] 17')
('2015-04-18 11:30:07.422195', 'close_channel : 2015-04-18 11:29:08.527703')
('2015-04-18 11:30:09.343412', 'close_channel : 2015-04-18 11:28:27.013182')
('2015-04-18 11:30:10.419353', 'get_channel: 2015-04-18 11:29:14.507075 : 1 ')
('2015-04-18 11:30:10.419505', 'fd_channel : login[0] 0 login[1] 0 , tb0[0] 63 tb0[1] 55 , tb1[0] 44 tb1[1] 16')
('2015-04-18 11:30:11.382139', 'get_channel: 2015-04-18 11:29:14.527004 : 1 ')
('2015-04-18 11:30:11.382303', 'fd_channel : login[0] 0 login[1] 0 , tb0[0] 63 tb0[1] 55 , tb1[0] 44 tb1[1] 15')
('2015-04-18 11:30:11.864876', 'close_channel : 2015-04-18 11:29:14.507075')
('2015-04-18 11:30:12.815315', 'close_channel : 2015-04-18 11:29:14.527004')
('2015-04-18 11:30:13.536105', 'put_channel : 2015-04-18 11:30:13.536000 : channel tb1, group 1')
('2015-04-18 11:30:13.782720', 'get_channel: 2015-04-18 11:29:17.517616 : 1 ')
('2015-04-18 11:30:13.782852', 'fd_channel : login[0] 0 login[1] 0 , tb0[0] 63 tb0[1] 55 , tb1[0] 44 tb1[1] 15')
('2015-04-18 11:30:14.399536', 'get_channel: 2015-04-18 11:29:34.510931 : 1 ')
('2015-04-18 11:30:14.399751', 'fd_channel : login[0] 0 login[1] 0 , tb0[0] 63 tb0[1] 55 , tb1[0] 44 tb1[1] 14')
('2015-04-18 11:30:14.406365', 'close_channel : 2015-04-18 11:29:34.510931')
('2015-04-18 11:30:14.422855', 'get_channel: 2015-04-18 11:29:39.009594 : 1 ')
('2015-04-18 11:30:14.422963', 'fd_channel : login[0] 0 login[1] 0 , tb0[0] 63 tb0[1] 55 , tb1[0] 44 tb1[1] 13')
('2015-04-18 11:30:20.356677', 'close_channel : 2015-04-18 11:28:05.503841')
('2015-04-18 11:30:20.357880', 'close_channel : 2015-04-18 11:28:05.515497')
('2015-04-18 11:30:20.358786', 'close_channel : 2015-04-18 11:28:08.503743')
('2015-04-18 11:30:31.648368', 'put_channel : 2015-04-18 11:30:31.648257 : channel tb1, group 1')
('2015-04-18 11:30:46.557703', 'close_channel : 2015-04-18 11:28:16.513121')
('2015-04-18 11:30:46.561127', 'close_channel : 2015-04-18 11:28:07.510750')
('2015-04-18 11:30:46.564146', 'close_channel : 2015-04-18 11:28:09.009663')
('2015-04-18 11:30:46.566827', 'close_channel : 2015-04-18 11:28:06.031031')
('2015-04-18 11:30:48.539552', 'close_channel : 2015-04-18 11:28:20.525094')
('2015-04-18 11:30:48.541019', 'close_channel : 2015-04-18 11:28:26.524672')
