('2015-04-18 10:18:49.535367', 'client 52480531 login 王亮 420606198608246515')
('2015-04-18 10:18:49.536054', 'client 52728275 login 张晶 310112198010161220')
('2015-04-18 10:18:51.013130', 'client 52571436 login 杨烨 620102197511096223')
('2015-04-18 10:18:51.015014', 'client 52813681 login 江艳 342622198310010122')
('2015-04-18 10:18:52.517726', 'client 52747256 login 邵文骏 310104198304102816')
('2015-04-18 10:18:52.522574', 'client 52712367 login 常潇文 522101198008272425')
('2015-04-18 10:18:54.018824', 'client 52700450 login 戴意 310110198302092041')
('2015-04-18 10:18:54.021436', 'client 52708004 login 朱嘉宁 230102197802061319')
('2015-04-18 10:34:09.288402', 'client 52480531 bid 0 image 21730A3F73097C226B9CF1DE22A94AEB 351826 ')
('2015-04-18 10:34:09.339562', 'client 52813681 bid 0 image AD1D94A2EE1C49C69BE448EEB810DAB3 190905 ')
('2015-04-18 10:34:09.435794', 'client 52708004 bid 0 image 8BB5CC17BDB80D60D85106C5AE3ECC24 494518 ')
('2015-04-18 10:34:10.350017', 'client 52571436 bid 0 image 9F7D30AA8CA5D7455E48007CF6FD8385 615294 ')
('2015-04-18 10:34:10.370318', 'client 52571436 bid 0 price 75200 杨烨 620102197511096223')
('2015-04-18 10:34:11.067720', 'client 52700450 bid 0 image 96AAACEADF44E177C8ACA474CC31BCE7 464806 ')
('2015-04-18 10:34:12.239785', 'client 52747256 bid 0 image 1948F199C8A8D7A85EF8C196EF292D52 529450 ')
('2015-04-18 10:34:12.757910', 'client 52480531 bid 0 price 75200 王亮 420606198608246515')
('2015-04-18 10:34:12.785979', 'client 52813681 bid 0 price 75200 江艳 342622198310010122')
('2015-04-18 10:34:12.865716', 'client 52747256 bid 0 price 75200 邵文骏 310104198304102816')
('2015-04-18 10:34:12.885784', 'client 52708004 bid 0 price 75200 朱嘉宁 230102197802061319')
('2015-04-18 10:34:13.517054', 'client 52712367 bid 0 image 0A5C2DAD2DE4C48FD3C496902F005A7E 646393 ')
('2015-04-18 10:34:14.282531', 'client 52728275 bid 0 image 5435B5599C92B253D222F7434DC470BE 635151 ')
('2015-04-18 10:34:15.730664', 'client 52728275 bid 0 price 75200 张晶 310112198010161220')
('2015-04-18 10:34:15.742583', 'client 52712367 bid 0 price 75200 常潇文 522101198008272425')
('2015-04-18 10:34:16.157365', 'client 52700450 bid 0 price 75200 戴意 310110198302092041')
('2015-04-18 11:29:36.897657', 'client 52571436 bid 1 image 48BF64E50A78E7CF272218BA29675586 946453 ')
('2015-04-18 11:29:36.940645', 'client 52747256 bid 1 image 3839DD32ED2D7D7A29F19F2FD4E3F790 616264 ')
('2015-04-18 11:29:37.058403', 'client 52813681 bid 1 image 3F6876D617E15B0A7209C2F462700F45 646363 ')
('2015-04-18 11:29:37.281449', 'client 52813681 bid 1 price 80400 江艳 342622198310010122')
('2015-04-18 11:29:37.534085', 'client 52571436 bid 1 price 80400 杨烨 620102197511096223')
('2015-04-18 11:29:38.209345', 'client 52712367 bid 1 image F9122EF4A2F02087FF0F1F36A07713A5 929063 ')
('2015-04-18 11:29:38.230118', 'client 52712367 bid 1 price 80400 常潇文 522101198008272425')
('2015-04-18 11:29:38.269686', 'client 52728275 bid 1 image 66CAC2AB4F1B9559D836CFDB540AD06F 183535 ')
('2015-04-18 11:29:38.968950', 'client 52747256 bid 1 price 80400 邵文骏 310104198304102816')
('2015-04-18 11:29:40.505305', 'client 52728275 bid 1 price 80400 张晶 310112198010161220')
('2015-04-18 11:29:43.086879', 'client 52708004 bid 1 image 6121C10982BB175743C6A6B0E5AB0BD3 362636 ')
('2015-04-18 11:29:43.178531', 'client 52700450 bid 1 image 1E586CCA121AFCF6F6570A3B11562F34 829062 ')
('2015-04-18 11:29:44.625963', 'client 52700450 bid 1 price 80400 戴意 310110198302092041')
('2015-04-18 11:29:45.734916', 'client 52708004 bid 1 price 80400 朱嘉宁 230102197802061319')
('2015-04-18 11:29:51.563200', 'client 52480531 bid 1 image FF33B8A465924FED67DEB52C0B482524 490836 ')
('2015-04-18 11:29:51.786393', 'client 52480531 bid 1 price 80700 王亮 420606198608246515')
('2015-04-18 11:29:51.972685', 'client 52708004 bid 2 image 584D9DA81027DC0558E06A6C210EE9E1 351529 ')
('2015-04-18 11:29:52.660566', 'client 52571436 bid 2 image EC78393E1AA9C7D987BB7CE81387FEB7 050616 ')
('2015-04-18 11:29:52.685005', 'client 52571436 bid 2 price 80700 杨烨 620102197511096223')
('2015-04-18 11:29:52.713226', 'client 52700450 bid 2 image D8706C557F19BEB8E6C5EA2F08EA8D78 616251 ')
('2015-04-18 11:29:53.788742', 'client 52480531 bid 2 price as same as bid 1 , cancel ')
('2015-04-18 11:29:53.788943', 'client 52480531 bid 2 image Failed')
('2015-04-18 11:29:53.788993', 'client 52480531 bid 2 failed. Abort.....')
('2015-04-18 11:29:54.089995', 'client 52708004 bid 2 price 80700 朱嘉宁 230102197802061319')
('2015-04-18 11:29:55.137040', 'client 52700450 bid 2 price 80700 戴意 310110198302092041')
('2015-04-18 11:30:02.695215', "client 52571436 bids finished. price : ['75200', '80400', '80700'] . Quit.....")
('2015-04-18 11:30:03.799221', "client 52480531 bids finished. price : ['75200', '80700', None] . Quit.....")
('2015-04-18 11:30:04.100206', "client 52708004 bids finished. price : ['75200', '80400', '80700'] . Quit.....")
('2015-04-18 11:30:05.147329', "client 52700450 bids finished. price : ['75200', '80400', '80700'] . Quit.....")
('2015-04-18 11:30:12.024286', 'client 52728275 bid 2 image Failed')
('2015-04-18 11:30:12.024343', 'client 52728275 bid 2 failed. Abort.....')
('2015-04-18 11:30:12.033637', 'client 52747256 bid 2 image Failed')
('2015-04-18 11:30:12.033687', 'client 52747256 bid 2 failed. Abort.....')
('2015-04-18 11:30:12.034007', 'client 52813681 bid 2 image Failed')
('2015-04-18 11:30:12.034052', 'client 52813681 bid 2 failed. Abort.....')
('2015-04-18 11:30:12.034177', 'client 52712367 bid 2 image Failed')
('2015-04-18 11:30:12.034260', 'client 52712367 bid 2 failed. Abort.....')
('2015-04-18 11:30:22.034490', "client 52728275 bids finished. price : ['75200', '80400', None] . Quit.....")
('2015-04-18 11:30:22.043807', "client 52747256 bids finished. price : ['75200', '80400', None] . Quit.....")
('2015-04-18 11:30:22.043978', "client 52813681 bids finished. price : ['75200', '80400', None] . Quit.....")
('2015-04-18 11:30:22.044276', "client 52712367 bids finished. price : ['75200', '80400', None] . Quit.....")
