('2015-04-18 10:18:49.529676', 'worker [5] started')
('2015-04-18 10:18:49.529814', 'client 8 initted')
('2015-04-18 10:18:51.008471', 'put_channel : 2015-04-18 10:18:51.008348 : channel login, group 0')
('2015-04-18 10:18:51.015514', 'put_channel : 2015-04-18 10:18:51.015421 : channel login, group 1')
('2015-04-18 10:18:51.016677', 'get_channel: 2015-04-18 10:18:51.008348 : 0 ')
('2015-04-18 10:18:51.016795', 'fd_channel : login[0] 0 login[1] 1 , tb0[0] 0 tb0[1] 0 , tb1[0] 0 tb1[1] 0')
('2015-04-18 10:18:51.018428', 'get_channel: 2015-04-18 10:18:51.015421 : 1 ')
('2015-04-18 10:18:51.018544', 'fd_channel : login[0] 0 login[1] 0 , tb0[0] 0 tb0[1] 0 , tb1[0] 0 tb1[1] 0')
('2015-04-18 10:18:51.022182', 'close_channel : 2015-04-18 10:18:51.008348')
('2015-04-18 10:18:51.025143', 'close_channel : 2015-04-18 10:18:51.015421')
('2015-04-18 10:18:52.508308', 'put_channel : 2015-04-18 10:18:52.508178 : channel login, group 0')
('2015-04-18 10:18:52.509183', 'get_channel: 2015-04-18 10:18:52.508178 : 0 ')
('2015-04-18 10:18:52.509435', 'fd_channel : login[0] 0 login[1] 0 , tb0[0] 0 tb0[1] 0 , tb1[0] 0 tb1[1] 0')
('2015-04-18 10:18:52.510854', 'put_channel : 2015-04-18 10:18:52.510769 : channel login, group 1')
('2015-04-18 10:18:52.511473', 'get_channel: 2015-04-18 10:18:52.510769 : 1 ')
('2015-04-18 10:18:52.511578', 'fd_channel : login[0] 0 login[1] 0 , tb0[0] 0 tb0[1] 0 , tb1[0] 0 tb1[1] 0')
('2015-04-18 10:18:52.515210', 'close_channel : 2015-04-18 10:18:52.508178')
('2015-04-18 10:18:52.519041', 'close_channel : 2015-04-18 10:18:52.510769')
('2015-04-18 10:18:54.007892', 'put_channel : 2015-04-18 10:18:54.007762 : channel login, group 0')
('2015-04-18 10:18:54.008843', 'get_channel: 2015-04-18 10:18:54.007762 : 0 ')
('2015-04-18 10:18:54.008956', 'fd_channel : login[0] 0 login[1] 0 , tb0[0] 0 tb0[1] 0 , tb1[0] 0 tb1[1] 0')
('2015-04-18 10:18:54.010378', 'put_channel : 2015-04-18 10:18:54.010296 : channel login, group 1')
('2015-04-18 10:18:54.011195', 'get_channel: 2015-04-18 10:18:54.010296 : 1 ')
('2015-04-18 10:18:54.011299', 'fd_channel : login[0] 0 login[1] 0 , tb0[0] 0 tb0[1] 0 , tb1[0] 0 tb1[1] 0')
('2015-04-18 10:18:54.014279', 'close_channel : 2015-04-18 10:18:54.007762')
('2015-04-18 10:18:54.017528', 'close_channel : 2015-04-18 10:18:54.010296')
('2015-04-18 10:18:55.508039', 'put_channel : 2015-04-18 10:18:55.507913 : channel login, group 0')
('2015-04-18 10:18:55.508800', 'get_channel: 2015-04-18 10:18:55.507913 : 0 ')
('2015-04-18 10:18:55.508909', 'fd_channel : login[0] 0 login[1] 0 , tb0[0] 0 tb0[1] 0 , tb1[0] 0 tb1[1] 0')
('2015-04-18 10:18:55.512138', 'put_channel : 2015-04-18 10:18:55.512045 : channel login, group 1')
('2015-04-18 10:18:55.512880', 'get_channel: 2015-04-18 10:18:55.512045 : 1 ')
('2015-04-18 10:18:55.512985', 'fd_channel : login[0] 0 login[1] 0 , tb0[0] 0 tb0[1] 0 , tb1[0] 0 tb1[1] 0')
('2015-04-18 10:18:55.514704', 'close_channel : 2015-04-18 10:18:55.507913')
('2015-04-18 10:18:55.519096', 'close_channel : 2015-04-18 10:18:55.512045')
('2015-04-18 10:32:33.011391', 'put_channel : 2015-04-18 10:32:33.011202 : channel tb0, group 0')
('2015-04-18 10:32:33.012992', 'put_channel : 2015-04-18 10:32:33.012907 : channel tb0, group 1')
('2015-04-18 10:32:34.509906', 'put_channel : 2015-04-18 10:32:34.509732 : channel tb0, group 0')
('2015-04-18 10:32:34.510819', 'put_channel : 2015-04-18 10:32:34.510726 : channel tb0, group 1')
('2015-04-18 10:32:36.008346', 'put_channel : 2015-04-18 10:32:36.008224 : channel tb0, group 0')
('2015-04-18 10:32:36.010111', 'put_channel : 2015-04-18 10:32:36.010025 : channel tb0, group 1')
('2015-04-18 10:32:37.508083', 'put_channel : 2015-04-18 10:32:37.507915 : channel tb0, group 0')
('2015-04-18 10:32:37.510220', 'put_channel : 2015-04-18 10:32:37.510129 : channel tb0, group 1')
('2015-04-18 10:32:39.008281', 'put_channel : 2015-04-18 10:32:39.008151 : channel tb0, group 0')
('2015-04-18 10:32:39.012115', 'put_channel : 2015-04-18 10:32:39.012023 : channel tb0, group 1')
('2015-04-18 10:32:40.508401', 'put_channel : 2015-04-18 10:32:40.508294 : channel tb0, group 0')
('2015-04-18 10:32:40.508789', 'put_channel : 2015-04-18 10:32:40.508736 : channel tb0, group 1')
('2015-04-18 10:32:42.007848', 'put_channel : 2015-04-18 10:32:42.007711 : channel tb0, group 0')
('2015-04-18 10:32:42.012025', 'put_channel : 2015-04-18 10:32:42.011936 : channel tb0, group 1')
('2015-04-18 10:32:43.508492', 'put_channel : 2015-04-18 10:32:43.508373 : channel tb0, group 0')
('2015-04-18 10:32:43.512808', 'put_channel : 2015-04-18 10:32:43.512720 : channel tb0, group 1')
('2015-04-18 10:32:45.008181', 'put_channel : 2015-04-18 10:32:45.008054 : channel tb0, group 0')
('2015-04-18 10:32:45.009719', 'put_channel : 2015-04-18 10:32:45.009635 : channel tb0, group 1')
('2015-04-18 10:32:46.508298', 'put_channel : 2015-04-18 10:32:46.508174 : channel tb0, group 0')
('2015-04-18 10:32:46.509666', 'put_channel : 2015-04-18 10:32:46.509574 : channel tb0, group 1')
('2015-04-18 10:32:48.008539', 'put_channel : 2015-04-18 10:32:48.008408 : channel tb0, group 0')
('2015-04-18 10:32:48.012571', 'put_channel : 2015-04-18 10:32:48.012478 : channel tb0, group 1')
('2015-04-18 10:32:49.508461', 'put_channel : 2015-04-18 10:32:49.508333 : channel tb0, group 0')
('2015-04-18 10:32:49.511048', 'put_channel : 2015-04-18 10:32:49.510962 : channel tb0, group 1')
('2015-04-18 10:32:51.010049', 'put_channel : 2015-04-18 10:32:51.009921 : channel tb0, group 0')
('2015-04-18 10:32:51.012067', 'put_channel : 2015-04-18 10:32:51.011982 : channel tb0, group 1')
('2015-04-18 10:32:52.508697', 'put_channel : 2015-04-18 10:32:52.508564 : channel tb0, group 0')
('2015-04-18 10:32:52.510554', 'put_channel : 2015-04-18 10:32:52.510468 : channel tb0, group 1')
('2015-04-18 10:32:54.008492', 'put_channel : 2015-04-18 10:32:54.008360 : channel tb0, group 0')
('2015-04-18 10:32:54.010759', 'put_channel : 2015-04-18 10:32:54.010675 : channel tb0, group 1')
('2015-04-18 10:32:55.508318', 'put_channel : 2015-04-18 10:32:55.508189 : channel tb0, group 0')
('2015-04-18 10:32:55.511108', 'put_channel : 2015-04-18 10:32:55.511016 : channel tb0, group 1')
('2015-04-18 10:32:57.007682', 'put_channel : 2015-04-18 10:32:57.007552 : channel tb0, group 0')
('2015-04-18 10:32:57.010015', 'put_channel : 2015-04-18 10:32:57.009923 : channel tb0, group 1')
('2015-04-18 10:32:58.509176', 'put_channel : 2015-04-18 10:32:58.509046 : channel tb0, group 0')
('2015-04-18 10:32:58.511554', 'put_channel : 2015-04-18 10:32:58.511470 : channel tb0, group 1')
('2015-04-18 10:33:00.009723', 'put_channel : 2015-04-18 10:33:00.009580 : channel tb0, group 0')
('2015-04-18 10:33:00.010407', 'put_channel : 2015-04-18 10:33:00.010316 : channel tb0, group 1')
('2015-04-18 10:33:01.508754', 'put_channel : 2015-04-18 10:33:01.508641 : channel tb0, group 0')
('2015-04-18 10:33:01.511293', 'put_channel : 2015-04-18 10:33:01.511207 : channel tb0, group 1')
('2015-04-18 10:33:03.008059', 'put_channel : 2015-04-18 10:33:03.007940 : channel tb0, group 0')
('2015-04-18 10:33:03.011169', 'put_channel : 2015-04-18 10:33:03.011077 : channel tb0, group 1')
('2015-04-18 10:33:04.509511', 'put_channel : 2015-04-18 10:33:04.509386 : channel tb0, group 0')
('2015-04-18 10:33:04.511191', 'put_channel : 2015-04-18 10:33:04.511107 : channel tb0, group 1')
('2015-04-18 10:33:06.007743', 'put_channel : 2015-04-18 10:33:06.007620 : channel tb0, group 0')
('2015-04-18 10:33:06.009872', 'put_channel : 2015-04-18 10:33:06.009781 : channel tb0, group 1')
('2015-04-18 10:33:07.507740', 'put_channel : 2015-04-18 10:33:07.507614 : channel tb0, group 0')
('2015-04-18 10:33:07.510928', 'put_channel : 2015-04-18 10:33:07.510836 : channel tb0, group 1')
('2015-04-18 10:33:09.010094', 'put_channel : 2015-04-18 10:33:09.009961 : channel tb0, group 1')
('2015-04-18 10:33:09.010778', 'put_channel : 2015-04-18 10:33:09.010695 : channel tb0, group 0')
('2015-04-18 10:33:10.508847', 'put_channel : 2015-04-18 10:33:10.508714 : channel tb0, group 0')
('2015-04-18 10:33:10.511404', 'put_channel : 2015-04-18 10:33:10.511318 : channel tb0, group 1')
('2015-04-18 10:33:12.010375', 'put_channel : 2015-04-18 10:33:12.010195 : channel tb0, group 0')
('2015-04-18 10:33:12.011043', 'put_channel : 2015-04-18 10:33:12.010961 : channel tb0, group 1')
('2015-04-18 10:33:13.508219', 'put_channel : 2015-04-18 10:33:13.508083 : channel tb0, group 0')
('2015-04-18 10:33:13.511173', 'put_channel : 2015-04-18 10:33:13.511080 : channel tb0, group 1')
('2015-04-18 10:33:15.008510', 'put_channel : 2015-04-18 10:33:15.008380 : channel tb0, group 0')
('2015-04-18 10:33:15.013136', 'put_channel : 2015-04-18 10:33:15.013047 : channel tb0, group 1')
('2015-04-18 10:33:16.508173', 'put_channel : 2015-04-18 10:33:16.508041 : channel tb0, group 0')
('2015-04-18 10:33:16.509993', 'put_channel : 2015-04-18 10:33:16.509906 : channel tb0, group 1')
('2015-04-18 10:33:23.507415', 'put_channel : 2015-04-18 10:33:23.507272 : channel tb0, group 1')
('2015-04-18 10:33:25.005571', 'put_channel : 2015-04-18 10:33:25.005429 : channel tb0, group 0')
('2015-04-18 10:33:25.021112', 'put_channel : 2015-04-18 10:33:25.021022 : channel tb0, group 0')
('2015-04-18 10:33:25.511308', 'put_channel : 2015-04-18 10:33:25.511204 : channel tb0, group 1')
('2015-04-18 10:33:26.519297', 'put_channel : 2015-04-18 10:33:26.519169 : channel tb0, group 1')
('2015-04-18 10:33:28.005787', 'put_channel : 2015-04-18 10:33:28.005662 : channel tb0, group 0')
('2015-04-18 10:33:28.007293', 'put_channel : 2015-04-18 10:33:28.007207 : channel tb0, group 1')
('2015-04-18 10:33:28.014990', 'put_channel : 2015-04-18 10:33:28.014897 : channel tb0, group 0')
('2015-04-18 10:33:29.507990', 'put_channel : 2015-04-18 10:33:29.507863 : channel tb0, group 1')
('2015-04-18 10:33:31.006967', 'put_channel : 2015-04-18 10:33:31.006838 : channel tb0, group 0')
('2015-04-18 10:33:31.509428', 'put_channel : 2015-04-18 10:33:31.509333 : channel tb0, group 1')
('2015-04-18 10:33:34.007274', 'put_channel : 2015-04-18 10:33:34.007139 : channel tb0, group 0')
('2015-04-18 10:33:34.437553', 'put_channel : 2015-04-18 10:33:34.437462 : channel tb0, group 1')
('2015-04-18 10:33:34.508370', 'put_channel : 2015-04-18 10:33:34.508276 : channel tb0, group 0')
('2015-04-18 10:33:34.509841', 'put_channel : 2015-04-18 10:33:34.509753 : channel tb0, group 1')
('2015-04-18 10:33:36.011444', 'put_channel : 2015-04-18 10:33:36.011323 : channel tb0, group 1')
('2015-04-18 10:33:37.005462', 'put_channel : 2015-04-18 10:33:37.005350 : channel tb0, group 0')
('2015-04-18 10:33:37.507592', 'put_channel : 2015-04-18 10:33:37.507499 : channel tb0, group 0')
('2015-04-18 10:33:38.507557', 'put_channel : 2015-04-18 10:33:38.507437 : channel tb0, group 1')
('2015-04-18 10:33:39.009053', 'put_channel : 2015-04-18 10:33:39.008962 : channel tb0, group 1')
('2015-04-18 10:33:40.509352', 'put_channel : 2015-04-18 10:33:40.509149 : channel tb0, group 0')
('2015-04-18 10:33:40.541406', 'put_channel : 2015-04-18 10:33:40.541317 : channel tb0, group 0')
('2015-04-18 10:33:41.507114', 'put_channel : 2015-04-18 10:33:41.506983 : channel tb0, group 1')
('2015-04-18 10:33:42.011260', 'put_channel : 2015-04-18 10:33:42.011160 : channel tb0, group 1')
('2015-04-18 10:33:43.512620', 'put_channel : 2015-04-18 10:33:43.512500 : channel tb0, group 1')
('2015-04-18 10:33:45.008517', 'put_channel : 2015-04-18 10:33:45.008343 : channel tb0, group 0')
('2015-04-18 10:33:45.010538', 'put_channel : 2015-04-18 10:33:45.010453 : channel tb0, group 1')
('2015-04-18 10:33:45.071065', 'put_channel : 2015-04-18 10:33:45.070969 : channel tb0, group 0')
('2015-04-18 10:33:46.013375', 'put_channel : 2015-04-18 10:33:46.013209 : channel tb0, group 0')
('2015-04-18 10:33:47.507503', 'put_channel : 2015-04-18 10:33:47.507369 : channel tb0, group 1')
('2015-04-18 10:33:48.010086', 'put_channel : 2015-04-18 10:33:48.009967 : channel tb0, group 1')
('2015-04-18 10:33:49.087214', 'put_channel : 2015-04-18 10:33:49.087073 : channel tb0, group 1')
('2015-04-18 10:33:49.507537', 'put_channel : 2015-04-18 10:33:49.507443 : channel tb0, group 0')
('2015-04-18 10:33:49.570828', 'put_channel : 2015-04-18 10:33:49.570740 : channel tb0, group 0')
('2015-04-18 10:33:50.517411', 'put_channel : 2015-04-18 10:33:50.517279 : channel tb0, group 0')
('2015-04-18 10:33:50.559198', 'put_channel : 2015-04-18 10:33:50.559106 : channel tb0, group 0')
('2015-04-18 10:33:52.007254', 'put_channel : 2015-04-18 10:33:52.007115 : channel tb0, group 1')
('2015-04-18 10:33:52.063058', 'put_channel : 2015-04-18 10:33:52.062967 : channel tb0, group 1')
('2015-04-18 10:33:56.505632', 'put_channel : 2015-04-18 10:33:56.505495 : channel tb0, group 0')
('2015-04-18 10:33:57.007869', 'put_channel : 2015-04-18 10:33:57.007780 : channel tb0, group 0')
('2015-04-18 10:33:57.009716', 'put_channel : 2015-04-18 10:33:57.009630 : channel tb0, group 0')
('2015-04-18 10:33:57.010510', 'put_channel : 2015-04-18 10:33:57.010416 : channel tb0, group 1')
('2015-04-18 10:33:57.011376', 'put_channel : 2015-04-18 10:33:57.011278 : channel tb0, group 1')
('2015-04-18 10:33:57.468381', 'put_channel : 2015-04-18 10:33:57.468274 : channel tb0, group 0')
('2015-04-18 10:33:58.013455', 'put_channel : 2015-04-18 10:33:58.013346 : channel tb0, group 0')
('2015-04-18 10:33:58.508271', 'put_channel : 2015-04-18 10:33:58.508176 : channel tb0, group 0')
('2015-04-18 10:33:58.510292', 'put_channel : 2015-04-18 10:33:58.510203 : channel tb0, group 1')
('2015-04-18 10:33:58.513504', 'put_channel : 2015-04-18 10:33:58.513419 : channel tb0, group 1')
('2015-04-18 10:33:59.517764', 'put_channel : 2015-04-18 10:33:59.517639 : channel tb0, group 0')
('2015-04-18 10:33:59.521713', 'put_channel : 2015-04-18 10:33:59.521625 : channel tb0, group 1')
('2015-04-18 10:34:02.507104', 'put_channel : 2015-04-18 10:34:02.506962 : channel tb0, group 1')
('2015-04-18 10:34:02.943728', 'get_channel: 2015-04-18 10:32:33.012907 : 1 ')
('2015-04-18 10:34:02.943886', 'fd_channel : login[0] 0 login[1] 0 , tb0[0] 55 tb0[1] 55 , tb1[0] 0 tb1[1] 0')
('2015-04-18 10:34:02.946683', 'get_channel: 2015-04-18 10:32:34.510726 : 1 ')
('2015-04-18 10:34:02.946786', 'fd_channel : login[0] 0 login[1] 0 , tb0[0] 55 tb0[1] 54 , tb1[0] 0 tb1[1] 0')
('2015-04-18 10:34:02.948817', 'get_channel: 2015-04-18 10:32:36.010025 : 1 ')
('2015-04-18 10:34:02.948920', 'fd_channel : login[0] 0 login[1] 0 , tb0[0] 55 tb0[1] 53 , tb1[0] 0 tb1[1] 0')
('2015-04-18 10:34:02.950294', 'get_channel: 2015-04-18 10:32:37.510129 : 1 ')
('2015-04-18 10:34:02.950398', 'fd_channel : login[0] 0 login[1] 0 , tb0[0] 55 tb0[1] 52 , tb1[0] 0 tb1[1] 0')
('2015-04-18 10:34:02.952141', 'get_channel: 2015-04-18 10:32:39.012023 : 1 ')
('2015-04-18 10:34:02.952242', 'fd_channel : login[0] 0 login[1] 0 , tb0[0] 55 tb0[1] 51 , tb1[0] 0 tb1[1] 0')
('2015-04-18 10:34:02.954871', 'get_channel: 2015-04-18 10:32:40.508736 : 1 ')
('2015-04-18 10:34:02.954974', 'fd_channel : login[0] 0 login[1] 0 , tb0[0] 55 tb0[1] 50 , tb1[0] 0 tb1[1] 0')
('2015-04-18 10:34:02.957133', 'close_channel : 2015-04-18 10:32:33.012907')
('2015-04-18 10:34:02.958866', 'get_channel: 2015-04-18 10:32:42.011936 : 1 ')
('2015-04-18 10:34:02.958967', 'fd_channel : login[0] 0 login[1] 0 , tb0[0] 55 tb0[1] 49 , tb1[0] 0 tb1[1] 0')
('2015-04-18 10:34:02.960104', 'close_channel : 2015-04-18 10:32:34.510726')
('2015-04-18 10:34:02.961158', 'get_channel: 2015-04-18 10:32:43.512720 : 1 ')
('2015-04-18 10:34:02.961434', 'fd_channel : login[0] 0 login[1] 0 , tb0[0] 55 tb0[1] 48 , tb1[0] 0 tb1[1] 0')
('2015-04-18 10:34:02.963089', 'close_channel : 2015-04-18 10:32:37.510129')
('2015-04-18 10:34:02.966345', 'close_channel : 2015-04-18 10:32:39.012023')
('2015-04-18 10:34:02.974816', 'close_channel : 2015-04-18 10:32:43.512720')
('2015-04-18 10:34:02.977354', 'close_channel : 2015-04-18 10:32:42.011936')
('2015-04-18 10:34:02.982634', 'close_channel : 2015-04-18 10:32:36.010025')
('2015-04-18 10:34:02.987758', 'close_channel : 2015-04-18 10:32:40.508736')
('2015-04-18 10:34:03.009630', 'put_channel : 2015-04-18 10:34:03.009513 : channel tb0, group 0')
('2015-04-18 10:34:03.011214', 'put_channel : 2015-04-18 10:34:03.011127 : channel tb0, group 0')
('2015-04-18 10:34:06.073694', 'put_channel : 2015-04-18 10:34:06.073560 : channel tb0, group 1')
('2015-04-18 10:34:06.605793', 'get_channel: 2015-04-18 10:32:33.011202 : 0 ')
('2015-04-18 10:34:06.605899', 'fd_channel : login[0] 0 login[1] 0 , tb0[0] 56 tb0[1] 49 , tb1[0] 0 tb1[1] 0')
('2015-04-18 10:34:06.608150', 'get_channel: 2015-04-18 10:32:45.009635 : 1 ')
('2015-04-18 10:34:06.608251', 'fd_channel : login[0] 0 login[1] 0 , tb0[0] 56 tb0[1] 48 , tb1[0] 0 tb1[1] 0')
('2015-04-18 10:34:06.624582', 'close_channel : 2015-04-18 10:32:45.009635')
('2015-04-18 10:34:07.006988', 'put_channel : 2015-04-18 10:34:07.006890 : channel tb0, group 1')
('2015-04-18 10:34:07.024532', 'put_channel : 2015-04-18 10:34:07.024443 : channel tb0, group 1')
('2015-04-18 10:34:07.293545', 'get_channel: 2015-04-18 10:32:34.509732 : 0 ')
('2015-04-18 10:34:07.293652', 'fd_channel : login[0] 0 login[1] 0 , tb0[0] 55 tb0[1] 50 , tb1[0] 0 tb1[1] 0')
('2015-04-18 10:34:07.295449', 'get_channel: 2015-04-18 10:32:46.509574 : 1 ')
('2015-04-18 10:34:07.295552', 'fd_channel : login[0] 0 login[1] 0 , tb0[0] 55 tb0[1] 49 , tb1[0] 0 tb1[1] 0')
('2015-04-18 10:34:07.309281', 'close_channel : 2015-04-18 10:32:46.509574')
('2015-04-18 10:34:07.667015', 'get_channel: 2015-04-18 10:32:36.008224 : 0 ')
('2015-04-18 10:34:07.667117', 'fd_channel : login[0] 0 login[1] 0 , tb0[0] 54 tb0[1] 49 , tb1[0] 0 tb1[1] 0')
('2015-04-18 10:34:07.668869', 'get_channel: 2015-04-18 10:32:48.012478 : 1 ')
('2015-04-18 10:34:07.668972', 'fd_channel : login[0] 0 login[1] 0 , tb0[0] 54 tb0[1] 48 , tb1[0] 0 tb1[1] 0')
('2015-04-18 10:34:08.695679', 'get_channel: 2015-04-18 10:32:37.507915 : 0 ')
('2015-04-18 10:34:08.695786', 'fd_channel : login[0] 0 login[1] 0 , tb0[0] 53 tb0[1] 48 , tb1[0] 0 tb1[1] 0')
('2015-04-18 10:34:08.697823', 'get_channel: 2015-04-18 10:32:49.510962 : 1 ')
('2015-04-18 10:34:08.697926', 'fd_channel : login[0] 0 login[1] 0 , tb0[0] 53 tb0[1] 47 , tb1[0] 0 tb1[1] 0')
('2015-04-18 10:34:08.711743', 'get_channel: 2015-04-18 10:32:39.008151 : 0 ')
('2015-04-18 10:34:08.711847', 'fd_channel : login[0] 0 login[1] 0 , tb0[0] 52 tb0[1] 47 , tb1[0] 0 tb1[1] 0')
('2015-04-18 10:34:08.713876', 'get_channel: 2015-04-18 10:32:51.011982 : 1 ')
('2015-04-18 10:34:08.713980', 'fd_channel : login[0] 0 login[1] 0 , tb0[0] 52 tb0[1] 46 , tb1[0] 0 tb1[1] 0')
('2015-04-18 10:34:09.105456', 'close_channel : 2015-04-18 10:32:36.008224')
('2015-04-18 10:34:09.316986', 'close_channel : 2015-04-18 10:32:37.507915')
('2015-04-18 10:34:09.333821', 'close_channel : 2015-04-18 10:32:39.008151')
('2015-04-18 10:34:09.673787', 'close_channel : 2015-04-18 10:32:33.011202')
('2015-04-18 10:34:09.813115', 'get_channel: 2015-04-18 10:32:40.508294 : 0 ')
('2015-04-18 10:34:09.813221', 'fd_channel : login[0] 0 login[1] 0 , tb0[0] 51 tb0[1] 46 , tb1[0] 0 tb1[1] 0')
('2015-04-18 10:34:09.815158', 'get_channel: 2015-04-18 10:32:52.510468 : 1 ')
('2015-04-18 10:34:09.815259', 'fd_channel : login[0] 0 login[1] 0 , tb0[0] 51 tb0[1] 45 , tb1[0] 0 tb1[1] 0')
('2015-04-18 10:34:09.826137', 'close_channel : 2015-04-18 10:32:40.508294')
('2015-04-18 10:34:10.006974', 'put_channel : 2015-04-18 10:34:10.006883 : channel tb0, group 0')
('2015-04-18 10:34:10.362667', 'close_channel : 2015-04-18 10:32:34.509732')
('2015-04-18 10:34:10.392295', 'get_channel: 2015-04-18 10:32:42.007711 : 0 ')
('2015-04-18 10:34:10.392398', 'fd_channel : login[0] 0 login[1] 0 , tb0[0] 51 tb0[1] 45 , tb1[0] 0 tb1[1] 0')
('2015-04-18 10:34:10.394282', 'get_channel: 2015-04-18 10:32:54.010675 : 1 ')
('2015-04-18 10:34:10.394383', 'fd_channel : login[0] 0 login[1] 0 , tb0[0] 51 tb0[1] 44 , tb1[0] 0 tb1[1] 0')
('2015-04-18 10:34:10.403964', 'close_channel : 2015-04-18 10:32:42.007711')
('2015-04-18 10:34:10.507572', 'put_channel : 2015-04-18 10:34:10.507482 : channel tb0, group 0')
('2015-04-18 10:34:10.510243', 'put_channel : 2015-04-18 10:34:10.510154 : channel tb0, group 0')
('2015-04-18 10:34:12.817463', 'get_channel: 2015-04-18 10:32:43.508373 : 0 ')
('2015-04-18 10:34:12.817574', 'fd_channel : login[0] 0 login[1] 0 , tb0[0] 52 tb0[1] 44 , tb1[0] 0 tb1[1] 0')
('2015-04-18 10:34:12.819458', 'get_channel: 2015-04-18 10:32:55.511016 : 1 ')
('2015-04-18 10:34:12.819574', 'fd_channel : login[0] 0 login[1] 0 , tb0[0] 52 tb0[1] 43 , tb1[0] 0 tb1[1] 0')
('2015-04-18 10:34:14.822522', 'get_channel: 2015-04-18 10:32:45.008054 : 0 ')
('2015-04-18 10:34:14.822721', 'fd_channel : login[0] 0 login[1] 0 , tb0[0] 51 tb0[1] 43 , tb1[0] 0 tb1[1] 0')
('2015-04-18 10:34:14.824538', 'get_channel: 2015-04-18 10:32:57.009923 : 1 ')
('2015-04-18 10:34:14.824642', 'fd_channel : login[0] 0 login[1] 0 , tb0[0] 51 tb0[1] 42 , tb1[0] 0 tb1[1] 0')
('2015-04-18 10:34:15.041483', 'close_channel : 2015-04-18 10:32:49.510962')
('2015-04-18 10:34:15.048646', 'close_channel : 2015-04-18 10:32:57.009923')
('2015-04-18 10:34:15.055426', 'close_channel : 2015-04-18 10:32:51.011982')
('2015-04-18 10:34:16.009639', 'put_channel : 2015-04-18 10:34:16.009501 : channel tb0, group 1')
('2015-04-18 10:34:16.015685', 'put_channel : 2015-04-18 10:34:16.015594 : channel tb0, group 1')
('2015-04-18 10:34:16.158542', 'close_channel : 2015-04-18 10:32:52.510468')
('2015-04-18 10:34:17.889481', 'close_channel : 2015-04-18 10:32:45.008054')
('2015-04-18 10:34:18.009318', 'put_channel : 2015-04-18 10:34:18.009179 : channel tb0, group 0')
('2015-04-18 10:34:19.021618', 'put_channel : 2015-04-18 10:34:19.021498 : channel tb0, group 0')
('2015-04-18 10:34:19.069491', 'put_channel : 2015-04-18 10:34:19.069401 : channel tb0, group 0')
('2015-04-18 10:34:19.533328', 'put_channel : 2015-04-18 10:34:19.533189 : channel tb0, group 0')
('2015-04-18 10:34:20.382840', 'put_channel : 2015-04-18 10:34:20.382599 : channel tb0, group 1')
('2015-04-18 10:34:20.519049', 'put_channel : 2015-04-18 10:34:20.518959 : channel tb0, group 1')
('2015-04-18 10:34:20.559142', 'close_channel : 2015-04-18 10:32:48.012478')
('2015-04-18 10:34:20.574879', 'put_channel : 2015-04-18 10:34:20.574789 : channel tb0, group 1')
('2015-04-18 10:34:23.278596', 'close_channel : 2015-04-18 10:32:54.010675')
('2015-04-18 10:34:25.534976', 'put_channel : 2015-04-18 10:34:25.534833 : channel tb0, group 1')
('2015-04-18 10:34:27.039590', 'put_channel : 2015-04-18 10:34:27.039451 : channel tb0, group 1')
('2015-04-18 10:34:27.104902', 'put_channel : 2015-04-18 10:34:27.104811 : channel tb0, group 1')
('2015-04-18 10:34:28.550176', 'put_channel : 2015-04-18 10:34:28.550039 : channel tb0, group 0')
('2015-04-18 10:34:31.645611', 'put_channel : 2015-04-18 10:34:31.645470 : channel tb0, group 0')
('2015-04-18 10:34:32.575059', 'put_channel : 2015-04-18 10:34:32.574939 : channel tb0, group 0')
('2015-04-18 10:34:33.119762', 'put_channel : 2015-04-18 10:34:33.119664 : channel tb0, group 1')
('2015-04-18 10:34:35.551126', 'put_channel : 2015-04-18 10:34:35.550986 : channel tb0, group 1')
('2015-04-18 10:34:37.086999', 'put_channel : 2015-04-18 10:34:37.086866 : channel tb0, group 0')
('2015-04-18 11:27:43.510940', 'put_channel : 2015-04-18 11:27:43.510744 : channel tb1, group 1')
('2015-04-18 11:27:44.505584', 'put_channel : 2015-04-18 11:27:44.505454 : channel tb1, group 0')
('2015-04-18 11:27:45.008597', 'put_channel : 2015-04-18 11:27:45.008457 : channel tb1, group 0')
('2015-04-18 11:27:45.009689', 'put_channel : 2015-04-18 11:27:45.009602 : channel tb1, group 1')
('2015-04-18 11:27:46.507973', 'put_channel : 2015-04-18 11:27:46.507852 : channel tb1, group 0')
('2015-04-18 11:27:46.509951', 'put_channel : 2015-04-18 11:27:46.509860 : channel tb1, group 1')
('2015-04-18 11:27:48.010316', 'put_channel : 2015-04-18 11:27:48.010166 : channel tb1, group 1')
('2015-04-18 11:27:49.005558', 'put_channel : 2015-04-18 11:27:49.005437 : channel tb1, group 0')
('2015-04-18 11:27:50.506221', 'put_channel : 2015-04-18 11:27:50.506085 : channel tb1, group 0')
('2015-04-18 11:27:51.009608', 'put_channel : 2015-04-18 11:27:51.009518 : channel tb1, group 1')
('2015-04-18 11:27:52.005538', 'put_channel : 2015-04-18 11:27:52.005419 : channel tb1, group 0')
('2015-04-18 11:27:52.509709', 'put_channel : 2015-04-18 11:27:52.509612 : channel tb1, group 1')
('2015-04-18 11:27:52.510376', 'put_channel : 2015-04-18 11:27:52.510293 : channel tb1, group 0')
('2015-04-18 11:27:54.009484', 'put_channel : 2015-04-18 11:27:54.009362 : channel tb1, group 0')
('2015-04-18 11:27:54.010268', 'put_channel : 2015-04-18 11:27:54.010175 : channel tb1, group 1')
('2015-04-18 11:27:55.512303', 'put_channel : 2015-04-18 11:27:55.512173 : channel tb1, group 1')
('2015-04-18 11:27:56.505478', 'put_channel : 2015-04-18 11:27:56.505354 : channel tb1, group 0')
('2015-04-18 11:27:56.520515', 'put_channel : 2015-04-18 11:27:56.520426 : channel tb1, group 1')
('2015-04-18 11:27:57.008205', 'put_channel : 2015-04-18 11:27:57.008109 : channel tb1, group 0')
('2015-04-18 11:27:57.011854', 'put_channel : 2015-04-18 11:27:57.011764 : channel tb1, group 1')
('2015-04-18 11:27:58.510321', 'put_channel : 2015-04-18 11:27:58.510193 : channel tb1, group 1')
('2015-04-18 11:27:59.505527', 'put_channel : 2015-04-18 11:27:59.505413 : channel tb1, group 0')
('2015-04-18 11:28:00.009198', 'put_channel : 2015-04-18 11:28:00.009101 : channel tb1, group 1')
('2015-04-18 11:28:01.005910', 'put_channel : 2015-04-18 11:28:01.005780 : channel tb1, group 0')
('2015-04-18 11:28:01.508188', 'put_channel : 2015-04-18 11:28:01.508063 : channel tb1, group 0')
('2015-04-18 11:28:01.511701', 'put_channel : 2015-04-18 11:28:01.511600 : channel tb1, group 1')
('2015-04-18 11:28:03.009831', 'put_channel : 2015-04-18 11:28:03.009712 : channel tb1, group 1')
('2015-04-18 11:28:04.510589', 'put_channel : 2015-04-18 11:28:04.510461 : channel tb1, group 1')
('2015-04-18 11:28:05.507133', 'put_channel : 2015-04-18 11:28:05.507025 : channel tb1, group 0')
('2015-04-18 11:28:06.009598', 'put_channel : 2015-04-18 11:28:06.009506 : channel tb1, group 0')
('2015-04-18 11:28:06.010183', 'put_channel : 2015-04-18 11:28:06.010095 : channel tb1, group 0')
('2015-04-18 11:28:06.012184', 'put_channel : 2015-04-18 11:28:06.012082 : channel tb1, group 1')
('2015-04-18 11:28:07.511792', 'put_channel : 2015-04-18 11:28:07.511666 : channel tb1, group 1')
('2015-04-18 11:28:08.507054', 'put_channel : 2015-04-18 11:28:08.506927 : channel tb1, group 0')
('2015-04-18 11:28:10.005498', 'put_channel : 2015-04-18 11:28:10.005360 : channel tb1, group 0')
('2015-04-18 11:28:10.507565', 'put_channel : 2015-04-18 11:28:10.507449 : channel tb1, group 0')
('2015-04-18 11:28:13.007391', 'put_channel : 2015-04-18 11:28:13.007259 : channel tb1, group 0')
('2015-04-18 11:28:15.011175', 'put_channel : 2015-04-18 11:28:15.011038 : channel tb1, group 1')
('2015-04-18 11:28:16.005595', 'put_channel : 2015-04-18 11:28:16.005475 : channel tb1, group 0')
('2015-04-18 11:28:19.005623', 'put_channel : 2015-04-18 11:28:19.005478 : channel tb1, group 0')
('2015-04-18 11:28:20.506655', 'put_channel : 2015-04-18 11:28:20.506547 : channel tb1, group 0')
('2015-04-18 11:28:21.007568', 'put_channel : 2015-04-18 11:28:21.007459 : channel tb1, group 0')
('2015-04-18 11:28:22.015841', 'put_channel : 2015-04-18 11:28:22.015629 : channel tb1, group 1')
('2015-04-18 11:28:23.505566', 'put_channel : 2015-04-18 11:28:23.505438 : channel tb1, group 0')
('2015-04-18 11:28:23.517381', 'put_channel : 2015-04-18 11:28:23.517287 : channel tb1, group 0')
('2015-04-18 11:28:25.007254', 'put_channel : 2015-04-18 11:28:25.007091 : channel tb1, group 0')
('2015-04-18 11:28:25.023202', 'put_channel : 2015-04-18 11:28:25.023108 : channel tb1, group 1')
('2015-04-18 11:28:25.535536', 'put_channel : 2015-04-18 11:28:25.535425 : channel tb1, group 1')
('2015-04-18 11:28:26.508153', 'put_channel : 2015-04-18 11:28:26.508025 : channel tb1, group 0')
('2015-04-18 11:28:26.508810', 'put_channel : 2015-04-18 11:28:26.508728 : channel tb1, group 1')
('2015-04-18 11:28:27.008946', 'put_channel : 2015-04-18 11:28:27.008853 : channel tb1, group 0')
('2015-04-18 11:28:28.007331', 'put_channel : 2015-04-18 11:28:28.007217 : channel tb1, group 1')
('2015-04-18 11:28:28.015197', 'put_channel : 2015-04-18 11:28:28.015108 : channel tb1, group 1')
('2015-04-18 11:28:28.508731', 'put_channel : 2015-04-18 11:28:28.508619 : channel tb1, group 0')
('2015-04-18 11:28:28.543575', 'put_channel : 2015-04-18 11:28:28.543485 : channel tb1, group 1')
('2015-04-18 11:28:31.009147', 'put_channel : 2015-04-18 11:28:31.009009 : channel tb1, group 1')
('2015-04-18 11:28:31.024436', 'put_channel : 2015-04-18 11:28:31.024340 : channel tb1, group 1')
('2015-04-18 11:28:35.507550', 'put_channel : 2015-04-18 11:28:35.507413 : channel tb1, group 0')
('2015-04-18 11:28:37.537599', 'put_channel : 2015-04-18 11:28:37.537465 : channel tb1, group 1')
('2015-04-18 11:28:40.008530', 'put_channel : 2015-04-18 11:28:40.008391 : channel tb1, group 0')
('2015-04-18 11:28:40.009490', 'put_channel : 2015-04-18 11:28:40.009402 : channel tb1, group 1')
('2015-04-18 11:28:40.015539', 'put_channel : 2015-04-18 11:28:40.015421 : channel tb1, group 1')
('2015-04-18 11:28:40.509958', 'put_channel : 2015-04-18 11:28:40.509832 : channel tb1, group 0')
('2015-04-18 11:28:40.510750', 'put_channel : 2015-04-18 11:28:40.510658 : channel tb1, group 0')
('2015-04-18 11:28:41.507419', 'put_channel : 2015-04-18 11:28:41.507291 : channel tb1, group 1')
('2015-04-18 11:28:42.008606', 'put_channel : 2015-04-18 11:28:42.008499 : channel tb1, group 0')
('2015-04-18 11:28:43.007782', 'put_channel : 2015-04-18 11:28:43.007658 : channel tb1, group 1')
('2015-04-18 11:28:43.535530', 'put_channel : 2015-04-18 11:28:43.535430 : channel tb1, group 1')
('2015-04-18 11:28:43.629855', 'put_channel : 2015-04-18 11:28:43.629760 : channel tb1, group 0')
('2015-04-18 11:28:45.008835', 'put_channel : 2015-04-18 11:28:45.008706 : channel tb1, group 0')
('2015-04-18 11:28:45.037481', 'put_channel : 2015-04-18 11:28:45.037388 : channel tb1, group 0')
('2015-04-18 11:28:47.509196', 'put_channel : 2015-04-18 11:28:47.509055 : channel tb1, group 1')
('2015-04-18 11:28:49.007533', 'put_channel : 2015-04-18 11:28:49.007392 : channel tb1, group 1')
('2015-04-18 11:28:49.535656', 'put_channel : 2015-04-18 11:28:49.535560 : channel tb1, group 1')
('2015-04-18 11:28:51.010076', 'put_channel : 2015-04-18 11:28:51.009948 : channel tb1, group 0')
('2015-04-18 11:28:51.037056', 'put_channel : 2015-04-18 11:28:51.036967 : channel tb1, group 0')
('2015-04-18 11:28:52.511048', 'put_channel : 2015-04-18 11:28:52.510917 : channel tb1, group 0')
('2015-04-18 11:28:53.519057', 'put_channel : 2015-04-18 11:28:53.518935 : channel tb1, group 0')
('2015-04-18 11:28:54.008052', 'put_channel : 2015-04-18 11:28:54.007956 : channel tb1, group 0')
('2015-04-18 11:28:58.512044', 'put_channel : 2015-04-18 11:28:58.511912 : channel tb1, group 1')
('2015-04-18 11:28:58.530041', 'put_channel : 2015-04-18 11:28:58.529948 : channel tb1, group 1')
('2015-04-18 11:29:01.007384', 'put_channel : 2015-04-18 11:29:01.007244 : channel tb1, group 1')
('2015-04-18 11:29:02.507489', 'put_channel : 2015-04-18 11:29:02.507355 : channel tb1, group 1')
('2015-04-18 11:29:02.508174', 'put_channel : 2015-04-18 11:29:02.508090 : channel tb1, group 0')
('2015-04-18 11:29:03.009356', 'put_channel : 2015-04-18 11:29:03.009221 : channel tb1, group 0')
('2015-04-18 11:29:04.061648', 'put_channel : 2015-04-18 11:29:04.061525 : channel tb1, group 0')
('2015-04-18 11:29:04.509978', 'put_channel : 2015-04-18 11:29:04.509874 : channel tb1, group 0')
('2015-04-18 11:29:05.508900', 'put_channel : 2015-04-18 11:29:05.508785 : channel tb1, group 1')
('2015-04-18 11:29:07.007596', 'put_channel : 2015-04-18 11:29:07.007461 : channel tb1, group 1')
('2015-04-18 11:29:08.507295', 'put_channel : 2015-04-18 11:29:08.507157 : channel tb1, group 1')
('2015-04-18 11:29:09.009448', 'put_channel : 2015-04-18 11:29:09.009339 : channel tb1, group 0')
('2015-04-18 11:29:10.007578', 'put_channel : 2015-04-18 11:29:10.007454 : channel tb1, group 1')
('2015-04-18 11:29:10.527474', 'put_channel : 2015-04-18 11:29:10.527359 : channel tb1, group 1')
('2015-04-18 11:29:13.511562', 'put_channel : 2015-04-18 11:29:13.511432 : channel tb1, group 1')
('2015-04-18 11:29:13.512148', 'put_channel : 2015-04-18 11:29:13.512029 : channel tb1, group 1')
('2015-04-18 11:29:14.505936', 'put_channel : 2015-04-18 11:29:14.505799 : channel tb1, group 0')
('2015-04-18 11:29:16.008669', 'put_channel : 2015-04-18 11:29:16.008539 : channel tb1, group 1')
('2015-04-18 11:29:16.507994', 'put_channel : 2015-04-18 11:29:16.507897 : channel tb1, group 0')
('2015-04-18 11:29:16.510731', 'put_channel : 2015-04-18 11:29:16.510644 : channel tb1, group 1')
('2015-04-18 11:29:18.011005', 'put_channel : 2015-04-18 11:29:18.010872 : channel tb1, group 0')
('2015-04-18 11:29:18.030890', 'put_channel : 2015-04-18 11:29:18.030797 : channel tb1, group 0')
('2015-04-18 11:29:19.021416', 'put_channel : 2015-04-18 11:29:19.021294 : channel tb1, group 0')
('2015-04-18 11:29:25.533676', 'put_channel : 2015-04-18 11:29:25.533529 : channel tb1, group 0')
('2015-04-18 11:29:27.010435', 'put_channel : 2015-04-18 11:29:27.010335 : channel tb1, group 1')
('2015-04-18 11:29:27.038865', 'put_channel : 2015-04-18 11:29:27.038774 : channel tb1, group 1')
('2015-04-18 11:29:28.013397', 'put_channel : 2015-04-18 11:29:28.013284 : channel tb1, group 0')
('2015-04-18 11:29:28.061208', 'put_channel : 2015-04-18 11:29:28.061117 : channel tb1, group 0')
('2015-04-18 11:29:29.566529', 'put_channel : 2015-04-18 11:29:29.566438 : channel tb1, group 0')
('2015-04-18 11:29:30.011194', 'put_channel : 2015-04-18 11:29:30.011103 : channel tb1, group 1')
('2015-04-18 11:29:34.028703', 'put_channel : 2015-04-18 11:29:34.028565 : channel tb1, group 0')
('2015-04-18 11:29:34.508376', 'put_channel : 2015-04-18 11:29:34.508257 : channel tb1, group 0')
('2015-04-18 11:29:34.509689', 'put_channel : 2015-04-18 11:29:34.509588 : channel tb1, group 0')
('2015-04-18 11:29:34.512480', 'put_channel : 2015-04-18 11:29:34.512391 : channel tb1, group 1')
('2015-04-18 11:29:34.622931', 'put_channel : 2015-04-18 11:29:34.622840 : channel tb1, group 0')
('2015-04-18 11:29:36.011121', 'put_channel : 2015-04-18 11:29:36.011028 : channel tb1, group 1')
('2015-04-18 11:29:37.510965', 'put_channel : 2015-04-18 11:29:37.510835 : channel tb1, group 1')
('2015-04-18 11:29:39.010507', 'put_channel : 2015-04-18 11:29:39.010372 : channel tb1, group 0')
('2015-04-18 11:29:39.011208', 'put_channel : 2015-04-18 11:29:39.011112 : channel tb1, group 1')
('2015-04-18 11:29:40.013729', 'put_channel : 2015-04-18 11:29:40.013592 : channel tb1, group 0')
('2015-04-18 11:29:41.158000', 'close_channel : 2015-04-18 11:27:43.510744')
('2015-04-18 11:29:41.159709', 'close_channel : 2015-04-18 11:27:45.009602')
('2015-04-18 11:29:41.160672', 'close_channel : 2015-04-18 11:27:46.509860')
('2015-04-18 11:29:41.161752', 'close_channel : 2015-04-18 11:27:48.010166')
('2015-04-18 11:29:41.162495', 'close_channel : 2015-04-18 11:27:51.009518')
('2015-04-18 11:29:41.163299', 'get_channel: 2015-04-18 11:27:52.509612 : 1 ')
('2015-04-18 11:29:41.163457', 'fd_channel : login[0] 0 login[1] 0 , tb0[0] 59 tb0[1] 52 , tb1[0] 63 tb1[1] 50')
('2015-04-18 11:29:41.166029', 'get_channel: 2015-04-18 11:27:54.010175 : 1 ')
('2015-04-18 11:29:41.166131', 'fd_channel : login[0] 0 login[1] 0 , tb0[0] 59 tb0[1] 52 , tb1[0] 63 tb1[1] 49')
('2015-04-18 11:29:41.168702', 'get_channel: 2015-04-18 11:27:55.512173 : 1 ')
('2015-04-18 11:29:41.168803', 'fd_channel : login[0] 0 login[1] 0 , tb0[0] 59 tb0[1] 52 , tb1[0] 63 tb1[1] 48')
('2015-04-18 11:29:41.170056', 'get_channel: 2015-04-18 11:27:56.520426 : 1 ')
('2015-04-18 11:29:41.170158', 'fd_channel : login[0] 0 login[1] 0 , tb0[0] 59 tb0[1] 52 , tb1[0] 63 tb1[1] 47')
('2015-04-18 11:29:41.172146', 'get_channel: 2015-04-18 11:27:57.011764 : 1 ')
('2015-04-18 11:29:41.172246', 'fd_channel : login[0] 0 login[1] 0 , tb0[0] 59 tb0[1] 52 , tb1[0] 63 tb1[1] 46')
('2015-04-18 11:29:41.174015', 'get_channel: 2015-04-18 11:27:58.510193 : 1 ')
('2015-04-18 11:29:41.174117', 'fd_channel : login[0] 0 login[1] 0 , tb0[0] 59 tb0[1] 52 , tb1[0] 63 tb1[1] 45')
('2015-04-18 11:29:41.175554', 'get_channel: 2015-04-18 11:28:00.009101 : 1 ')
('2015-04-18 11:29:41.175656', 'fd_channel : login[0] 0 login[1] 0 , tb0[0] 59 tb0[1] 52 , tb1[0] 63 tb1[1] 44')
('2015-04-18 11:29:41.177149', 'get_channel: 2015-04-18 11:28:01.511600 : 1 ')
('2015-04-18 11:29:41.177340', 'fd_channel : login[0] 0 login[1] 0 , tb0[0] 59 tb0[1] 52 , tb1[0] 63 tb1[1] 43')
('2015-04-18 11:29:41.186868', 'close_channel : 2015-04-18 11:27:58.510193')
('2015-04-18 11:29:41.379534', 'close_channel : 2015-04-18 11:27:52.509612')
('2015-04-18 11:29:41.392724', 'close_channel : 2015-04-18 11:28:00.009101')
('2015-04-18 11:29:41.548628', 'close_channel : 2015-04-18 11:27:44.505454')
('2015-04-18 11:29:41.550072', 'close_channel : 2015-04-18 11:27:45.008457')
('2015-04-18 11:29:41.550783', 'close_channel : 2015-04-18 11:27:46.507852')
('2015-04-18 11:29:41.551472', 'close_channel : 2015-04-18 11:27:49.005437')
('2015-04-18 11:29:41.552270', 'close_channel : 2015-04-18 11:27:50.506085')
('2015-04-18 11:29:41.553000', 'get_channel: 2015-04-18 11:27:52.005419 : 0 ')
('2015-04-18 11:29:41.553102', 'fd_channel : login[0] 0 login[1] 0 , tb0[0] 59 tb0[1] 52 , tb1[0] 57 tb1[1] 43')
('2015-04-18 11:29:41.554855', 'get_channel: 2015-04-18 11:28:03.009712 : 1 ')
('2015-04-18 11:29:41.554957', 'fd_channel : login[0] 0 login[1] 0 , tb0[0] 59 tb0[1] 52 , tb1[0] 57 tb1[1] 42')
('2015-04-18 11:29:41.635155', 'get_channel: 2015-04-18 11:27:52.510293 : 0 ')
('2015-04-18 11:29:41.635256', 'fd_channel : login[0] 0 login[1] 0 , tb0[0] 59 tb0[1] 52 , tb1[0] 56 tb1[1] 42')
('2015-04-18 11:29:41.637292', 'get_channel: 2015-04-18 11:28:04.510461 : 1 ')
('2015-04-18 11:29:41.637411', 'fd_channel : login[0] 0 login[1] 0 , tb0[0] 59 tb0[1] 52 , tb1[0] 56 tb1[1] 41')
('2015-04-18 11:29:41.657851', 'get_channel: 2015-04-18 11:27:54.009362 : 0 ')
('2015-04-18 11:29:41.657988', 'fd_channel : login[0] 0 login[1] 0 , tb0[0] 59 tb0[1] 52 , tb1[0] 55 tb1[1] 41')
('2015-04-18 11:29:41.659908', 'get_channel: 2015-04-18 11:28:06.012082 : 1 ')
('2015-04-18 11:29:41.660011', 'fd_channel : login[0] 0 login[1] 0 , tb0[0] 59 tb0[1] 52 , tb1[0] 55 tb1[1] 40')
('2015-04-18 11:29:41.819482', 'close_channel : 2015-04-18 11:27:52.005419')
('2015-04-18 11:29:42.171249', 'close_channel : 2015-04-18 11:28:03.009712')
('2015-04-18 11:29:42.623712', 'close_channel : 2015-04-18 11:28:01.511600')
('2015-04-18 11:29:42.637160', 'close_channel : 2015-04-18 11:27:56.520426')
('2015-04-18 11:29:42.810415', 'get_channel: 2015-04-18 11:27:56.505354 : 0 ')
('2015-04-18 11:29:42.810519', 'fd_channel : login[0] 0 login[1] 0 , tb0[0] 59 tb0[1] 52 , tb1[0] 54 tb1[1] 40')
('2015-04-18 11:29:42.812392', 'get_channel: 2015-04-18 11:28:07.511666 : 1 ')
('2015-04-18 11:29:42.812493', 'fd_channel : login[0] 0 login[1] 0 , tb0[0] 59 tb0[1] 52 , tb1[0] 54 tb1[1] 39')
('2015-04-18 11:29:42.980142', 'get_channel: 2015-04-18 11:27:57.008109 : 0 ')
('2015-04-18 11:29:42.980244', 'fd_channel : login[0] 0 login[1] 0 , tb0[0] 59 tb0[1] 52 , tb1[0] 53 tb1[1] 39')
('2015-04-18 11:29:42.982096', 'get_channel: 2015-04-18 11:28:15.011038 : 1 ')
('2015-04-18 11:29:42.982198', 'fd_channel : login[0] 0 login[1] 0 , tb0[0] 59 tb0[1] 52 , tb1[0] 53 tb1[1] 38')
('2015-04-18 11:29:42.996834', 'close_channel : 2015-04-18 11:27:57.008109')
('2015-04-18 11:29:43.086463', 'close_channel : 2015-04-18 11:28:04.510461')
('2015-04-18 11:29:43.104676', 'close_channel : 2015-04-18 11:28:06.012082')
('2015-04-18 11:29:43.191600', 'close_channel : 2015-04-18 11:28:15.011038')
('2015-04-18 11:29:43.457917', 'close_channel : 2015-04-18 11:28:07.511666')
('2015-04-18 11:29:43.511221', 'put_channel : 2015-04-18 11:29:43.511129 : channel tb1, group 1')
('2015-04-18 11:29:44.505603', 'put_channel : 2015-04-18 11:29:44.505480 : channel tb1, group 0')
('2015-04-18 11:29:45.011989', 'put_channel : 2015-04-18 11:29:45.011897 : channel tb1, group 1')
('2015-04-18 11:29:46.013518', 'put_channel : 2015-04-18 11:29:46.013402 : channel tb1, group 0')
('2015-04-18 11:29:46.512590', 'put_channel : 2015-04-18 11:29:46.512497 : channel tb1, group 1')
('2015-04-18 11:29:48.011274', 'put_channel : 2015-04-18 11:29:48.011138 : channel tb1, group 1')
('2015-04-18 11:29:48.172737', 'get_channel: 2015-04-18 11:28:22.015629 : 1 ')
('2015-04-18 11:29:48.172848', 'fd_channel : login[0] 0 login[1] 0 , tb0[0] 59 tb0[1] 52 , tb1[0] 55 tb1[1] 41')
('2015-04-18 11:29:48.175505', 'get_channel: 2015-04-18 11:28:25.023108 : 1 ')
('2015-04-18 11:29:48.175604', 'fd_channel : login[0] 0 login[1] 0 , tb0[0] 59 tb0[1] 52 , tb1[0] 55 tb1[1] 40')
('2015-04-18 11:29:48.180109', 'get_channel: 2015-04-18 11:28:25.535425 : 1 ')
('2015-04-18 11:29:48.180212', 'fd_channel : login[0] 0 login[1] 0 , tb0[0] 59 tb0[1] 52 , tb1[0] 55 tb1[1] 39')
('2015-04-18 11:29:48.185731', 'close_channel : 2015-04-18 11:28:25.023108')
('2015-04-18 11:29:48.560499', 'get_channel: 2015-04-18 11:27:59.505413 : 0 ')
('2015-04-18 11:29:48.560604', 'fd_channel : login[0] 0 login[1] 0 , tb0[0] 59 tb0[1] 52 , tb1[0] 54 tb1[1] 39')
('2015-04-18 11:29:48.562978', 'get_channel: 2015-04-18 11:28:26.508728 : 1 ')
('2015-04-18 11:29:48.563078', 'fd_channel : login[0] 0 login[1] 0 , tb0[0] 59 tb0[1] 52 , tb1[0] 54 tb1[1] 38')
('2015-04-18 11:29:48.796048', 'close_channel : 2015-04-18 11:28:22.015629')
('2015-04-18 11:29:49.094944', 'get_channel: 2015-04-18 11:28:01.005780 : 0 ')
('2015-04-18 11:29:49.095047', 'fd_channel : login[0] 0 login[1] 0 , tb0[0] 59 tb0[1] 52 , tb1[0] 53 tb1[1] 38')
('2015-04-18 11:29:49.096959', 'get_channel: 2015-04-18 11:28:28.007217 : 1 ')
('2015-04-18 11:29:49.097064', 'fd_channel : login[0] 0 login[1] 0 , tb0[0] 59 tb0[1] 52 , tb1[0] 53 tb1[1] 37')
('2015-04-18 11:29:50.009167', 'close_channel : 2015-04-18 11:27:59.505413')
('2015-04-18 11:29:51.021458', 'get_channel: 2015-04-18 11:28:28.015108 : 1 ')
('2015-04-18 11:29:51.021602', 'fd_channel : login[0] 0 login[1] 0 , tb0[0] 59 tb0[1] 52 , tb1[0] 53 tb1[1] 36')
('2015-04-18 11:29:51.023949', 'get_channel: 2015-04-18 11:28:28.543485 : 1 ')
('2015-04-18 11:29:51.024055', 'fd_channel : login[0] 0 login[1] 0 , tb0[0] 59 tb0[1] 52 , tb1[0] 53 tb1[1] 35')
('2015-04-18 11:29:51.026781', 'get_channel: 2015-04-18 11:28:31.009009 : 1 ')
('2015-04-18 11:29:51.026888', 'fd_channel : login[0] 0 login[1] 0 , tb0[0] 59 tb0[1] 52 , tb1[0] 53 tb1[1] 34')
('2015-04-18 11:29:51.029345', 'get_channel: 2015-04-18 11:28:31.024340 : 1 ')
('2015-04-18 11:29:51.029452', 'fd_channel : login[0] 0 login[1] 0 , tb0[0] 59 tb0[1] 52 , tb1[0] 53 tb1[1] 33')
('2015-04-18 11:29:51.031714', 'get_channel: 2015-04-18 11:28:37.537465 : 1 ')
('2015-04-18 11:29:51.031819', 'fd_channel : login[0] 0 login[1] 0 , tb0[0] 59 tb0[1] 52 , tb1[0] 53 tb1[1] 32')
('2015-04-18 11:29:51.099459', 'get_channel: 2015-04-18 11:28:01.508063 : 0 ')
('2015-04-18 11:29:51.099588', 'fd_channel : login[0] 0 login[1] 0 , tb0[0] 59 tb0[1] 52 , tb1[0] 52 tb1[1] 32')
('2015-04-18 11:29:51.101694', 'get_channel: 2015-04-18 11:28:40.009402 : 1 ')
('2015-04-18 11:29:51.101797', 'fd_channel : login[0] 0 login[1] 0 , tb0[0] 59 tb0[1] 52 , tb1[0] 52 tb1[1] 31')
('2015-04-18 11:29:51.116118', 'close_channel : 2015-04-18 11:28:01.508063')
('2015-04-18 11:29:51.647940', 'close_channel : 2015-04-18 11:28:31.009009')
('2015-04-18 11:29:51.956214', 'get_channel: 2015-04-18 11:28:05.507025 : 0 ')
('2015-04-18 11:29:51.956318', 'fd_channel : login[0] 0 login[1] 0 , tb0[0] 59 tb0[1] 52 , tb1[0] 51 tb1[1] 31')
('2015-04-18 11:29:51.957840', 'get_channel: 2015-04-18 11:28:40.015421 : 1 ')
('2015-04-18 11:29:51.957940', 'fd_channel : login[0] 0 login[1] 0 , tb0[0] 59 tb0[1] 52 , tb1[0] 51 tb1[1] 30')
('2015-04-18 11:29:52.013661', 'put_channel : 2015-04-18 11:29:52.013571 : channel tb1, group 0')
('2015-04-18 11:29:52.015716', 'get_channel: 2015-04-18 11:28:41.507291 : 1 ')
('2015-04-18 11:29:52.015844', 'fd_channel : login[0] 0 login[1] 0 , tb0[0] 59 tb0[1] 52 , tb1[0] 52 tb1[1] 29')
('2015-04-18 11:29:52.510768', 'put_channel : 2015-04-18 11:29:52.510670 : channel tb1, group 1')
('2015-04-18 11:29:53.122274', 'get_channel: 2015-04-18 11:28:43.007658 : 1 ')
('2015-04-18 11:29:53.122405', 'fd_channel : login[0] 0 login[1] 0 , tb0[0] 59 tb0[1] 52 , tb1[0] 52 tb1[1] 29')
('2015-04-18 11:29:53.960865', 'get_channel: 2015-04-18 11:28:06.009506 : 0 ')
('2015-04-18 11:29:53.960996', 'fd_channel : login[0] 0 login[1] 0 , tb0[0] 59 tb0[1] 52 , tb1[0] 51 tb1[1] 29')
('2015-04-18 11:29:53.962813', 'get_channel: 2015-04-18 11:28:43.535430 : 1 ')
('2015-04-18 11:29:53.962915', 'fd_channel : login[0] 0 login[1] 0 , tb0[0] 59 tb0[1] 52 , tb1[0] 51 tb1[1] 28')
('2015-04-18 11:29:54.171110', 'close_channel : 2015-04-18 11:28:28.015108')
('2015-04-18 11:29:54.539637', 'get_channel: 2015-04-18 11:28:06.010095 : 0 ')
('2015-04-18 11:29:54.539740', 'fd_channel : login[0] 0 login[1] 0 , tb0[0] 59 tb0[1] 52 , tb1[0] 50 tb1[1] 28')
('2015-04-18 11:29:54.541713', 'get_channel: 2015-04-18 11:28:47.509055 : 1 ')
('2015-04-18 11:29:54.541814', 'fd_channel : login[0] 0 login[1] 0 , tb0[0] 59 tb0[1] 52 , tb1[0] 50 tb1[1] 27')
('2015-04-18 11:29:55.021477', 'put_channel : 2015-04-18 11:29:55.021368 : channel tb1, group 0')
('2015-04-18 11:29:55.090188', 'close_channel : 2015-04-18 11:28:41.507291')
('2015-04-18 11:29:55.182957', 'get_channel: 2015-04-18 11:28:49.007392 : 1 ')
('2015-04-18 11:29:55.183059', 'fd_channel : login[0] 0 login[1] 0 , tb0[0] 59 tb0[1] 52 , tb1[0] 51 tb1[1] 26')
('2015-04-18 11:29:55.241004', 'close_channel : 2015-04-18 11:28:26.508728')
('2015-04-18 11:29:55.260523', 'get_channel: 2015-04-18 11:28:08.506927 : 0 ')
('2015-04-18 11:29:55.260625', 'fd_channel : login[0] 0 login[1] 0 , tb0[0] 59 tb0[1] 52 , tb1[0] 50 tb1[1] 26')
('2015-04-18 11:29:55.262489', 'get_channel: 2015-04-18 11:28:49.535560 : 1 ')
('2015-04-18 11:29:55.262592', 'fd_channel : login[0] 0 login[1] 0 , tb0[0] 59 tb0[1] 52 , tb1[0] 50 tb1[1] 25')
('2015-04-18 11:29:55.731848', 'close_channel : 2015-04-18 11:27:56.505354')
('2015-04-18 11:29:55.816471', 'put_channel : 2015-04-18 11:29:55.816376 : channel tb1, group 0')
('2015-04-18 11:29:56.517673', 'put_channel : 2015-04-18 11:29:56.517554 : channel tb1, group 0')
('2015-04-18 11:29:56.544061', 'get_channel: 2015-04-18 11:28:10.005360 : 0 ')
('2015-04-18 11:29:56.544195', 'fd_channel : login[0] 0 login[1] 0 , tb0[0] 59 tb0[1] 52 , tb1[0] 51 tb1[1] 25')
('2015-04-18 11:29:56.546142', 'get_channel: 2015-04-18 11:28:58.511912 : 1 ')
('2015-04-18 11:29:56.546244', 'fd_channel : login[0] 0 login[1] 0 , tb0[0] 59 tb0[1] 52 , tb1[0] 51 tb1[1] 24')
('2015-04-18 11:29:57.265625', 'get_channel: 2015-04-18 11:28:10.507449 : 0 ')
('2015-04-18 11:29:57.265758', 'fd_channel : login[0] 0 login[1] 0 , tb0[0] 59 tb0[1] 52 , tb1[0] 50 tb1[1] 24')
('2015-04-18 11:29:57.267422', 'get_channel: 2015-04-18 11:28:58.529948 : 1 ')
('2015-04-18 11:29:57.267524', 'fd_channel : login[0] 0 login[1] 0 , tb0[0] 59 tb0[1] 52 , tb1[0] 50 tb1[1] 23')
('2015-04-18 11:29:57.621721', 'close_channel : 2015-04-18 11:28:06.010095')
('2015-04-18 11:29:58.032425', 'get_channel: 2015-04-18 11:29:01.007244 : 1 ')
('2015-04-18 11:29:58.032531', 'fd_channel : login[0] 0 login[1] 0 , tb0[0] 59 tb0[1] 52 , tb1[0] 50 tb1[1] 22')
('2015-04-18 11:29:58.035208', 'get_channel: 2015-04-18 11:29:02.507355 : 1 ')
('2015-04-18 11:29:58.035310', 'fd_channel : login[0] 0 login[1] 0 , tb0[0] 59 tb0[1] 52 , tb1[0] 50 tb1[1] 21')
('2015-04-18 11:29:58.037433', 'get_channel: 2015-04-18 11:29:05.508785 : 1 ')
('2015-04-18 11:29:58.037539', 'fd_channel : login[0] 0 login[1] 0 , tb0[0] 59 tb0[1] 52 , tb1[0] 50 tb1[1] 20')
('2015-04-18 11:29:58.277591', 'close_channel : 2015-04-18 11:29:02.507355')
('2015-04-18 11:29:58.681114', 'get_channel: 2015-04-18 11:28:13.007259 : 0 ')
('2015-04-18 11:29:58.681216', 'fd_channel : login[0] 0 login[1] 0 , tb0[0] 59 tb0[1] 52 , tb1[0] 49 tb1[1] 20')
('2015-04-18 11:29:58.683008', 'get_channel: 2015-04-18 11:29:07.007461 : 1 ')
('2015-04-18 11:29:58.683111', 'fd_channel : login[0] 0 login[1] 0 , tb0[0] 59 tb0[1] 52 , tb1[0] 49 tb1[1] 19')
('2015-04-18 11:29:59.464984', 'close_channel : 2015-04-18 11:28:43.007658')
('2015-04-18 11:29:59.465801', 'close_channel : 2015-04-18 11:29:01.007244')
('2015-04-18 11:29:59.745708', 'get_channel: 2015-04-18 11:28:16.005475 : 0 ')
('2015-04-18 11:29:59.745813', 'fd_channel : login[0] 0 login[1] 0 , tb0[0] 59 tb0[1] 52 , tb1[0] 48 tb1[1] 19')
('2015-04-18 11:29:59.747826', 'get_channel: 2015-04-18 11:29:08.507157 : 1 ')
('2015-04-18 11:29:59.747930', 'fd_channel : login[0] 0 login[1] 0 , tb0[0] 59 tb0[1] 52 , tb1[0] 48 tb1[1] 18')
('2015-04-18 11:29:59.753002', 'get_channel: 2015-04-18 11:28:19.005478 : 0 ')
('2015-04-18 11:29:59.753103', 'fd_channel : login[0] 0 login[1] 0 , tb0[0] 59 tb0[1] 52 , tb1[0] 47 tb1[1] 18')
('2015-04-18 11:29:59.755021', 'get_channel: 2015-04-18 11:29:10.007454 : 1 ')
('2015-04-18 11:29:59.755122', 'fd_channel : login[0] 0 login[1] 0 , tb0[0] 59 tb0[1] 52 , tb1[0] 47 tb1[1] 17')
('2015-04-18 11:29:59.804186', 'close_channel : 2015-04-18 11:29:10.007454')
('2015-04-18 11:30:00.685457', 'get_channel: 2015-04-18 11:28:20.506547 : 0 ')
('2015-04-18 11:30:00.685545', 'fd_channel : login[0] 0 login[1] 0 , tb0[0] 59 tb0[1] 52 , tb1[0] 46 tb1[1] 17')
('2015-04-18 11:30:00.686991', 'get_channel: 2015-04-18 11:29:10.527359 : 1 ')
('2015-04-18 11:30:00.687047', 'fd_channel : login[0] 0 login[1] 0 , tb0[0] 59 tb0[1] 52 , tb1[0] 46 tb1[1] 16')
('2015-04-18 11:30:01.005612', 'put_channel : 2015-04-18 11:30:01.005520 : channel tb1, group 0')
('2015-04-18 11:30:01.022882', 'put_channel : 2015-04-18 11:30:01.022790 : channel tb1, group 1')
('2015-04-18 11:30:01.170249', 'worker [5] stopping')
('2015-04-18 11:30:01.304924', 'close_channel : 2015-04-18 11:29:10.527359')
('2015-04-18 11:30:01.984196', 'close_channel : 2015-04-18 11:28:28.007217')
('2015-04-18 11:30:03.605781', 'close_channel : 2015-04-18 11:28:10.507449')
('2015-04-18 11:30:03.904118', 'close_channel : 2015-04-18 11:28:28.543485')
('2015-04-18 11:30:05.040193', 'get_channel: 2015-04-18 11:29:13.511432 : 1 ')
('2015-04-18 11:30:05.040302', 'fd_channel : login[0] 0 login[1] 0 , tb0[0] 59 tb0[1] 52 , tb1[0] 47 tb1[1] 16')
('2015-04-18 11:30:06.085897', 'close_channel : 2015-04-18 11:28:16.005475')
('2015-04-18 11:30:07.135148', 'close_channel : 2015-04-18 11:27:54.010175')
('2015-04-18 11:30:11.375015', 'close_channel : 2015-04-18 11:29:13.511432')
('2015-04-18 11:30:12.637878', 'close_channel : 2015-04-18 11:28:19.005478')
('2015-04-18 11:30:13.535780', 'put_channel : 2015-04-18 11:30:13.535655 : channel tb1, group 1')
('2015-04-18 11:30:19.944252', 'close_channel : 2015-04-18 11:28:43.535430')
('2015-04-18 11:30:21.214893', 'close_channel : 2015-04-18 11:28:49.535560')
('2015-04-18 11:30:28.064587', 'put_channel : 2015-04-18 11:30:28.064438 : channel tb1, group 1')
('2015-04-18 11:30:40.288955', 'close_channel : 2015-04-18 11:28:25.535425')
('2015-04-18 11:30:40.669489', 'put_channel : 2015-04-18 11:30:40.669387 : channel tb1, group 0')
('2015-04-18 11:30:48.668998', 'close_channel : 2015-04-18 11:28:10.005360')
('2015-04-18 11:30:49.631224', 'put_channel : 2015-04-18 11:30:49.631106 : channel tb1, group 1')
('2015-04-18 11:30:58.591476', 'put_channel : 2015-04-18 11:30:58.591380 : channel tb1, group 1')
