('2014-10-18 10:35:02.945667', 'client 52220626 bid 0 proc_image decode 000000')
('2014-10-18 10:35:02.953493', '\r\n\r\n\r\n\r\n\r\n\r\n\r\n\r\n\r\n\r\n\r\n<XML><ERRORCODE>101</ERRORCODE><ERRORSTRING>您的操作太过频繁，请稍后再试！</ERRORSTRING><ERRORSTRING_EN>Please try again slightly!</ERRORSTRING_EN></XML>')
('2014-10-18 10:35:02.953625', "client 52220626 bid 0 fd_image ack error {'status': 200, 'body': '\\r\\n\\r\\n\\r\\n\\r\\n\\r\\n\\r\\n\\r\\n\\r\\n\\r\\n\\r\\n\\r\\n<XML><ERRORCODE>101</ERRORCODE><ERRORSTRING>您的操作太过频繁，请稍后再试！</ERRORSTRING><ERRORSTRING_EN>Please try again slightly!</ERRORSTRING_EN></XML>', 'head': 'Connection: close\\nDate: Sat, 18 Oct 2014 02:35:01 GMT\\nServer: Microsoft-IIS/6.0\\nSet-Cookie: JSESSIONID=0B2D68AC0BEEC03E3FE7BB86E53CE80D; Path=/car\\nContent-Type: text/html;charset=GBK\\nContent-Length: 175\\n\\n'}")
('2014-10-18 10:35:03.228010', 'client 52332228 bid 0 proc_image decode 000000')
('2014-10-18 10:35:03.233650', '\r\n\r\n\r\n\r\n\r\n\r\n\r\n\r\n\r\n\r\n\r\n<XML><ERRORCODE>101</ERRORCODE><ERRORSTRING>您的操作太过频繁，请稍后再试！</ERRORSTRING><ERRORSTRING_EN>Please try again slightly!</ERRORSTRING_EN></XML>')
('2014-10-18 10:35:03.233700', "client 52332228 bid 0 fd_image ack error {'status': 200, 'body': '\\r\\n\\r\\n\\r\\n\\r\\n\\r\\n\\r\\n\\r\\n\\r\\n\\r\\n\\r\\n\\r\\n<XML><ERRORCODE>101</ERRORCODE><ERRORSTRING>您的操作太过频繁，请稍后再试！</ERRORSTRING><ERRORSTRING_EN>Please try again slightly!</ERRORSTRING_EN></XML>', 'head': 'Connection: close\\nDate: Sat, 18 Oct 2014 02:35:03 GMT\\nServer: Microsoft-IIS/6.0\\nSet-Cookie: JSESSIONID=C7240243D17172D6E4753386A9C282BD; Path=/car\\nContent-Type: text/html;charset=GBK\\nContent-Length: 175\\n\\n'}")
('2014-10-18 10:35:10.457401', '\r\n\r\n\r\n\r\n\r\n\r\n\r\n\r\n\r\n\r\n<XML><ERRORCODE>311</ERRORCODE><ERRORSTRING>图像校验码错误！</ERRORSTRING><ERRORSTRING_EN>Image checksum error！</ERRORSTRING_EN></XML>')
('2014-10-18 10:35:10.457444', "client 52449659 bid 0 fd_price ack error {'errcode': '311', 'errstring': '图像校验码错误！'}")
('2014-10-18 10:35:10.955154', 'client 52220626 bid 0 fd_image Timeout')
('2014-10-18 10:35:11.234482', 'client 52332228 bid 0 fd_image Timeout')
('2014-10-18 10:35:11.470596', '\r\n\r\n\r\n\r\n\r\n\r\n\r\n\r\n\r\n\r\n<XML><ERRORCODE>311</ERRORCODE><ERRORSTRING>图像校验码错误！</ERRORSTRING><ERRORSTRING_EN>Image checksum error！</ERRORSTRING_EN></XML>')
('2014-10-18 10:35:11.470689', "client 52117335 bid 0 fd_price ack error {'errcode': '311', 'errstring': '图像校验码错误！'}")
('2014-10-18 10:35:11.471904', '\r\n\r\n\r\n\r\n\r\n\r\n\r\n\r\n\r\n\r\n<XML><ERRORCODE>311</ERRORCODE><ERRORSTRING>图像校验码错误！</ERRORSTRING><ERRORSTRING_EN>Image checksum error！</ERRORSTRING_EN></XML>')
('2014-10-18 10:35:11.471945', "client 52117335 bid 0 fd_price ack error {'errcode': '311', 'errstring': '图像校验码错误！'}")
('2014-10-18 10:35:11.474194', '\r\n\r\n\r\n\r\n\r\n\r\n\r\n\r\n\r\n\r\n<XML><ERRORCODE>311</ERRORCODE><ERRORSTRING>图像校验码错误！</ERRORSTRING><ERRORSTRING_EN>Image checksum error！</ERRORSTRING_EN></XML>')
('2014-10-18 10:35:11.474237', "client 52231933 bid 0 fd_price ack error {'errcode': '311', 'errstring': '图像校验码错误！'}")
('2014-10-18 10:35:11.475366', '\r\n\r\n\r\n\r\n\r\n\r\n\r\n\r\n\r\n\r\n<XML><ERRORCODE>311</ERRORCODE><ERRORSTRING>图像校验码错误！</ERRORSTRING><ERRORSTRING_EN>Image checksum error！</ERRORSTRING_EN></XML>')
('2014-10-18 10:35:11.475407', "client 52265187 bid 0 fd_price ack error {'errcode': '311', 'errstring': '图像校验码错误！'}")
('2014-10-18 10:35:11.478430', '\r\n\r\n\r\n\r\n\r\n\r\n\r\n\r\n\r\n\r\n<XML><ERRORCODE>311</ERRORCODE><ERRORSTRING>图像校验码错误！</ERRORSTRING><ERRORSTRING_EN>Image checksum error！</ERRORSTRING_EN></XML>')
('2014-10-18 10:35:11.478470', "client 52231933 bid 0 fd_price ack error {'errcode': '311', 'errstring': '图像校验码错误！'}")
('2014-10-18 10:35:11.480512', '\r\n\r\n\r\n\r\n\r\n\r\n\r\n\r\n\r\n\r\n<XML><ERRORCODE>311</ERRORCODE><ERRORSTRING>图像校验码错误！</ERRORSTRING><ERRORSTRING_EN>Image checksum error！</ERRORSTRING_EN></XML>')
('2014-10-18 10:35:11.480554', "client 52265187 bid 0 fd_price ack error {'errcode': '311', 'errstring': '图像校验码错误！'}")
('2014-10-18 10:35:11.483602', '\r\n\r\n\r\n\r\n\r\n\r\n\r\n\r\n\r\n\r\n<XML><ERRORCODE>311</ERRORCODE><ERRORSTRING>图像校验码错误！</ERRORSTRING><ERRORSTRING_EN>Image checksum error！</ERRORSTRING_EN></XML>')
('2014-10-18 10:35:11.483669', "client 52412034 bid 0 fd_price ack error {'errcode': '311', 'errstring': '图像校验码错误！'}")
('2014-10-18 10:35:11.484777', '\r\n\r\n\r\n\r\n\r\n\r\n\r\n\r\n\r\n\r\n<XML><ERRORCODE>311</ERRORCODE><ERRORSTRING>图像校验码错误！</ERRORSTRING><ERRORSTRING_EN>Image checksum error！</ERRORSTRING_EN></XML>')
('2014-10-18 10:35:11.484819', "client 52365390 bid 0 fd_price ack error {'errcode': '311', 'errstring': '图像校验码错误！'}")
('2014-10-18 10:35:11.487436', '\r\n\r\n\r\n\r\n\r\n\r\n\r\n\r\n\r\n\r\n<XML><ERRORCODE>311</ERRORCODE><ERRORSTRING>图像校验码错误！</ERRORSTRING><ERRORSTRING_EN>Image checksum error！</ERRORSTRING_EN></XML>')
('2014-10-18 10:35:11.487484', "client 52412034 bid 0 fd_price ack error {'errcode': '311', 'errstring': '图像校验码错误！'}")
('2014-10-18 10:35:11.488204', '\r\n\r\n\r\n\r\n\r\n\r\n\r\n\r\n\r\n\r\n<XML><ERRORCODE>311</ERRORCODE><ERRORSTRING>图像校验码错误！</ERRORSTRING><ERRORSTRING_EN>Image checksum error！</ERRORSTRING_EN></XML>')
('2014-10-18 10:35:11.488243', "client 52470079 bid 0 fd_price ack error {'errcode': '311', 'errstring': '图像校验码错误！'}")
('2014-10-18 10:35:11.489789', '\r\n\r\n\r\n\r\n\r\n\r\n\r\n\r\n\r\n\r\n<XML><ERRORCODE>311</ERRORCODE><ERRORSTRING>图像校验码错误！</ERRORSTRING><ERRORSTRING_EN>Image checksum error！</ERRORSTRING_EN></XML>')
('2014-10-18 10:35:11.489830', "client 52365390 bid 0 fd_price ack error {'errcode': '311', 'errstring': '图像校验码错误！'}")
('2014-10-18 10:35:11.490643', '\r\n\r\n\r\n\r\n\r\n\r\n\r\n\r\n\r\n\r\n<XML><ERRORCODE>311</ERRORCODE><ERRORSTRING>图像校验码错误！</ERRORSTRING><ERRORSTRING_EN>Image checksum error！</ERRORSTRING_EN></XML>')
('2014-10-18 10:35:11.490693', "client 52470079 bid 0 fd_price ack error {'errcode': '311', 'errstring': '图像校验码错误！'}")
('2014-10-18 10:35:11.517305', '\r\n\r\n\r\n\r\n\r\n\r\n\r\n\r\n\r\n\r\n<XML><ERRORCODE>116</ERRORCODE><ERRORSTRING>系统忙，请稍后再试。</ERRORSTRING><ERRORSTRING_EN>System busy now, please try later!</ERRORSTRING_EN></XML>\r\n')
('2014-10-18 10:35:11.517348', "client 52359836 bid 0 fd_price ack error {'errcode': '116', 'errstring': '系统忙，请稍后再试。'}")
('2014-10-18 10:35:11.881239', '\r\n\r\n\r\n\r\n\r\n\r\n\r\n\r\n\r\n\r\n<XML><ERRORCODE>311</ERRORCODE><ERRORSTRING>图像校验码错误！</ERRORSTRING><ERRORSTRING_EN>Image checksum error！</ERRORSTRING_EN></XML>')
('2014-10-18 10:35:11.881285', "client 52449659 bid 0 fd_price ack error {'errcode': '311', 'errstring': '图像校验码错误！'}")
('2014-10-18 10:35:12.285101', '\r\n\r\n\r\n\r\n\r\n\r\n\r\n\r\n\r\n\r\n<XML><ERRORCODE>311</ERRORCODE><ERRORSTRING>图像校验码错误！</ERRORSTRING><ERRORSTRING_EN>Image checksum error！</ERRORSTRING_EN></XML>')
('2014-10-18 10:35:12.285149', "client 52490533 bid 0 fd_price ack error {'errcode': '311', 'errstring': '图像校验码错误！'}")
('2014-10-18 10:35:56.581096', '\r\n\r\n\r\n\r\n\r\n\r\n\r\n\r\n\r\n\r\n<XML><ERRORCODE>311</ERRORCODE><ERRORSTRING>图像校验码错误！</ERRORSTRING><ERRORSTRING_EN>Image checksum error！</ERRORSTRING_EN></XML>')
('2014-10-18 10:35:56.581149', "client 52257063 bid 0 fd_price ack error {'errcode': '311', 'errstring': '图像校验码错误！'}")
('2014-10-18 10:50:03.194849', 'client 52449659 bid 0 proc_image decode 000000')
('2014-10-18 10:50:03.290307', 'client 52365390 bid 0 proc_image decode 000000')
('2014-10-18 10:50:03.295471', '\r\n\r\n\r\n\r\n\r\n\r\n\r\n\r\n\r\n\r\n\r\n<XML><ERRORCODE>101</ERRORCODE><ERRORSTRING>您的操作太过频繁，请稍后再试！</ERRORSTRING><ERRORSTRING_EN>Please try again slightly!</ERRORSTRING_EN></XML>')
('2014-10-18 10:50:03.295522', "client 52365390 bid 0 fd_image ack error {'body': '\\r\\n\\r\\n\\r\\n\\r\\n\\r\\n\\r\\n\\r\\n\\r\\n\\r\\n\\r\\n\\r\\n<XML><ERRORCODE>101</ERRORCODE><ERRORSTRING>您的操作太过频繁，请稍后再试！</ERRORSTRING><ERRORSTRING_EN>Please try again slightly!</ERRORSTRING_EN></XML>', 'status': 200, 'head': 'Connection: close\\nDate: Sat, 18 Oct 2014 02:50:03 GMT\\nServer: Microsoft-IIS/6.0\\nSet-Cookie: JSESSIONID=FDBBCEE5DAFF197761ACB8E45C377B13; Path=/car\\nContent-Type: text/html;charset=GBK\\nContent-Length: 175\\n\\n'}")
('2014-10-18 10:50:03.456346', 'client 52359836 bid 0 proc_image decode 000000')
('2014-10-18 10:50:03.542962', 'client 52359836 bid 0 proc_image decode 000000')
('2014-10-18 10:50:09.598127', '\r\n\r\n\r\n\r\n\r\n\r\n\r\n\r\n\r\n\r\n<XML><ERRORCODE>311</ERRORCODE><ERRORSTRING>图像校验码错误！</ERRORSTRING><ERRORSTRING_EN>Image checksum error！</ERRORSTRING_EN></XML>')
('2014-10-18 10:50:09.598169', "client 52231933 bid 0 fd_price ack error {'errstring': '图像校验码错误！', 'errcode': '311'}")
('2014-10-18 10:50:10.923191', '\r\n\r\n\r\n\r\n\r\n\r\n\r\n\r\n\r\n\r\n<XML><ERRORCODE>311</ERRORCODE><ERRORSTRING>图像校验码错误！</ERRORSTRING><ERRORSTRING_EN>Image checksum error！</ERRORSTRING_EN></XML>')
('2014-10-18 10:50:10.923268', "client 52117335 bid 0 fd_price ack error {'errstring': '图像校验码错误！', 'errcode': '311'}")
('2014-10-18 10:50:10.925375', '\r\n\r\n\r\n\r\n\r\n\r\n\r\n\r\n\r\n\r\n<XML><ERRORCODE>311</ERRORCODE><ERRORSTRING>图像校验码错误！</ERRORSTRING><ERRORSTRING_EN>Image checksum error！</ERRORSTRING_EN></XML>')
('2014-10-18 10:50:10.925417', "client 52117335 bid 0 fd_price ack error {'errstring': '图像校验码错误！', 'errcode': '311'}")
('2014-10-18 10:50:10.930809', '\r\n\r\n\r\n\r\n\r\n\r\n\r\n\r\n\r\n\r\n<XML><ERRORCODE>311</ERRORCODE><ERRORSTRING>图像校验码错误！</ERRORSTRING><ERRORSTRING_EN>Image checksum error！</ERRORSTRING_EN></XML>')
('2014-10-18 10:50:10.930850', "client 52257063 bid 0 fd_price ack error {'errstring': '图像校验码错误！', 'errcode': '311'}")
('2014-10-18 10:50:10.933514', '\r\n\r\n\r\n\r\n\r\n\r\n\r\n\r\n\r\n\r\n<XML><ERRORCODE>311</ERRORCODE><ERRORSTRING>图像校验码错误！</ERRORSTRING><ERRORSTRING_EN>Image checksum error！</ERRORSTRING_EN></XML>')
('2014-10-18 10:50:10.933556', "client 52257063 bid 0 fd_price ack error {'errstring': '图像校验码错误！', 'errcode': '311'}")
('2014-10-18 10:50:10.934599', '\r\n\r\n\r\n\r\n\r\n\r\n\r\n\r\n\r\n\r\n<XML><ERRORCODE>311</ERRORCODE><ERRORSTRING>图像校验码错误！</ERRORSTRING><ERRORSTRING_EN>Image checksum error！</ERRORSTRING_EN></XML>')
('2014-10-18 10:50:10.934640', "client 52332228 bid 0 fd_price ack error {'errstring': '图像校验码错误！', 'errcode': '311'}")
('2014-10-18 10:50:10.935894', '\r\n\r\n\r\n\r\n\r\n\r\n\r\n\r\n\r\n\r\n<XML><ERRORCODE>311</ERRORCODE><ERRORSTRING>图像校验码错误！</ERRORSTRING><ERRORSTRING_EN>Image checksum error！</ERRORSTRING_EN></XML>')
('2014-10-18 10:50:10.935934', "client 52220626 bid 0 fd_price ack error {'errstring': '图像校验码错误！', 'errcode': '311'}")
('2014-10-18 10:50:10.937676', '\r\n\r\n\r\n\r\n\r\n\r\n\r\n\r\n\r\n\r\n<XML><ERRORCODE>311</ERRORCODE><ERRORSTRING>图像校验码错误！</ERRORSTRING><ERRORSTRING_EN>Image checksum error！</ERRORSTRING_EN></XML>')
('2014-10-18 10:50:10.937731', "client 52332228 bid 0 fd_price ack error {'errstring': '图像校验码错误！', 'errcode': '311'}")
('2014-10-18 10:50:10.945821', '\r\n\r\n\r\n\r\n\r\n\r\n\r\n\r\n\r\n\r\n<XML><ERRORCODE>311</ERRORCODE><ERRORSTRING>图像校验码错误！</ERRORSTRING><ERRORSTRING_EN>Image checksum error！</ERRORSTRING_EN></XML>')
('2014-10-18 10:50:10.945861', "client 52265187 bid 0 fd_price ack error {'errstring': '图像校验码错误！', 'errcode': '311'}")
('2014-10-18 10:50:10.947404', '\r\n\r\n\r\n\r\n\r\n\r\n\r\n\r\n\r\n\r\n<XML><ERRORCODE>311</ERRORCODE><ERRORSTRING>图像校验码错误！</ERRORSTRING><ERRORSTRING_EN>Image checksum error！</ERRORSTRING_EN></XML>')
('2014-10-18 10:50:10.947447', "client 52359836 bid 0 fd_price ack error {'errstring': '图像校验码错误！', 'errcode': '311'}")
('2014-10-18 10:50:10.949782', '\r\n\r\n\r\n\r\n\r\n\r\n\r\n\r\n\r\n\r\n<XML><ERRORCODE>311</ERRORCODE><ERRORSTRING>图像校验码错误！</ERRORSTRING><ERRORSTRING_EN>Image checksum error！</ERRORSTRING_EN></XML>')
('2014-10-18 10:50:10.949826', "client 52449659 bid 0 fd_price ack error {'errstring': '图像校验码错误！', 'errcode': '311'}")
('2014-10-18 10:50:10.950548', '\r\n\r\n\r\n\r\n\r\n\r\n\r\n\r\n\r\n\r\n<XML><ERRORCODE>311</ERRORCODE><ERRORSTRING>图像校验码错误！</ERRORSTRING><ERRORSTRING_EN>Image checksum error！</ERRORSTRING_EN></XML>')
('2014-10-18 10:50:10.950589', "client 52412034 bid 0 fd_price ack error {'errstring': '图像校验码错误！', 'errcode': '311'}")
('2014-10-18 10:50:10.951629', '\r\n\r\n\r\n\r\n\r\n\r\n\r\n\r\n\r\n\r\n<XML><ERRORCODE>311</ERRORCODE><ERRORSTRING>图像校验码错误！</ERRORSTRING><ERRORSTRING_EN>Image checksum error！</ERRORSTRING_EN></XML>')
('2014-10-18 10:50:10.951669', "client 52359836 bid 0 fd_price ack error {'errstring': '图像校验码错误！', 'errcode': '311'}")
('2014-10-18 10:50:10.952744', '\r\n\r\n\r\n\r\n\r\n\r\n\r\n\r\n\r\n\r\n<XML><ERRORCODE>311</ERRORCODE><ERRORSTRING>图像校验码错误！</ERRORSTRING><ERRORSTRING_EN>Image checksum error！</ERRORSTRING_EN></XML>')
('2014-10-18 10:50:10.952785', "client 52265187 bid 0 fd_price ack error {'errstring': '图像校验码错误！', 'errcode': '311'}")
('2014-10-18 10:50:10.954844', '\r\n\r\n\r\n\r\n\r\n\r\n\r\n\r\n\r\n\r\n<XML><ERRORCODE>311</ERRORCODE><ERRORSTRING>图像校验码错误！</ERRORSTRING><ERRORSTRING_EN>Image checksum error！</ERRORSTRING_EN></XML>')
('2014-10-18 10:50:10.954884', "client 52365390 bid 0 fd_price ack error {'errstring': '图像校验码错误！', 'errcode': '311'}")
('2014-10-18 10:50:10.955936', '\r\n\r\n\r\n\r\n\r\n\r\n\r\n\r\n\r\n\r\n<XML><ERRORCODE>311</ERRORCODE><ERRORSTRING>图像校验码错误！</ERRORSTRING><ERRORSTRING_EN>Image checksum error！</ERRORSTRING_EN></XML>')
('2014-10-18 10:50:10.955977', "client 52490533 bid 0 fd_price ack error {'errstring': '图像校验码错误！', 'errcode': '311'}")
('2014-10-18 10:50:10.956722', '\r\n\r\n\r\n\r\n\r\n\r\n\r\n\r\n\r\n\r\n<XML><ERRORCODE>311</ERRORCODE><ERRORSTRING>图像校验码错误！</ERRORSTRING><ERRORSTRING_EN>Image checksum error！</ERRORSTRING_EN></XML>')
('2014-10-18 10:50:10.956762', "client 52490533 bid 0 fd_price ack error {'errstring': '图像校验码错误！', 'errcode': '311'}")
('2014-10-18 10:50:10.958521', '\r\n\r\n\r\n\r\n\r\n\r\n\r\n\r\n\r\n\r\n<XML><ERRORCODE>311</ERRORCODE><ERRORSTRING>图像校验码错误！</ERRORSTRING><ERRORSTRING_EN>Image checksum error！</ERRORSTRING_EN></XML>')
('2014-10-18 10:50:10.958562', "client 52449659 bid 0 fd_price ack error {'errstring': '图像校验码错误！', 'errcode': '311'}")
('2014-10-18 10:50:10.959449', '\r\n\r\n\r\n\r\n\r\n\r\n\r\n\r\n\r\n\r\n<XML><ERRORCODE>311</ERRORCODE><ERRORSTRING>图像校验码错误！</ERRORSTRING><ERRORSTRING_EN>Image checksum error！</ERRORSTRING_EN></XML>')
('2014-10-18 10:50:10.959489', "client 52470079 bid 0 fd_price ack error {'errstring': '图像校验码错误！', 'errcode': '311'}")
('2014-10-18 10:50:10.960667', '\r\n\r\n\r\n\r\n\r\n\r\n\r\n\r\n\r\n\r\n<XML><ERRORCODE>311</ERRORCODE><ERRORSTRING>图像校验码错误！</ERRORSTRING><ERRORSTRING_EN>Image checksum error！</ERRORSTRING_EN></XML>')
('2014-10-18 10:50:10.960709', "client 52470079 bid 0 fd_price ack error {'errstring': '图像校验码错误！', 'errcode': '311'}")
('2014-10-18 10:50:10.961489', '\r\n\r\n\r\n\r\n\r\n\r\n\r\n\r\n\r\n\r\n<XML><ERRORCODE>311</ERRORCODE><ERRORSTRING>图像校验码错误！</ERRORSTRING><ERRORSTRING_EN>Image checksum error！</ERRORSTRING_EN></XML>')
('2014-10-18 10:50:10.961544', "client 52412034 bid 0 fd_price ack error {'errstring': '图像校验码错误！', 'errcode': '311'}")
('2014-10-18 11:29:37.908498', 'client 52231933 bid 1 proc_image decode 000000')
('2014-10-18 11:29:46.428834', '\r\n\r\n\r\n\r\n\r\n\r\n\r\n\r\n\r\n\r\n<XML><ERRORCODE>311</ERRORCODE><ERRORSTRING>图像校验码错误！</ERRORSTRING><ERRORSTRING_EN>Image checksum error！</ERRORSTRING_EN></XML>')
('2014-10-18 11:29:46.428877', "client 52265187 bid 1 fd_price ack error {'errstring': '图像校验码错误！', 'errcode': '311'}")
('2014-10-18 11:29:46.635884', '\r\n\r\n\r\n\r\n\r\n\r\n\r\n\r\n\r\n\r\n<XML><ERRORCODE>311</ERRORCODE><ERRORSTRING>图像校验码错误！</ERRORSTRING><ERRORSTRING_EN>Image checksum error！</ERRORSTRING_EN></XML>')
('2014-10-18 11:29:46.635929', "client 52359836 bid 1 fd_price ack error {'errstring': '图像校验码错误！', 'errcode': '311'}")
('2014-10-18 11:29:47.574747', '\r\n\r\n\r\n\r\n\r\n\r\n\r\n\r\n\r\n\r\n<XML><ERRORCODE>311</ERRORCODE><ERRORSTRING>图像校验码错误！</ERRORSTRING><ERRORSTRING_EN>Image checksum error！</ERRORSTRING_EN></XML>')
('2014-10-18 11:29:47.574793', "client 52265187 bid 1 fd_price ack error {'errstring': '图像校验码错误！', 'errcode': '311'}")
('2014-10-18 11:29:47.581123', '\r\n\r\n\r\n\r\n\r\n\r\n\r\n\r\n\r\n\r\n<XML><ERRORCODE>311</ERRORCODE><ERRORSTRING>图像校验码错误！</ERRORSTRING><ERRORSTRING_EN>Image checksum error！</ERRORSTRING_EN></XML>')
('2014-10-18 11:29:47.581165', "client 52449659 bid 1 fd_price ack error {'errstring': '图像校验码错误！', 'errcode': '311'}")
('2014-10-18 11:29:47.583350', '\r\n\r\n\r\n\r\n\r\n\r\n\r\n\r\n\r\n\r\n<XML><ERRORCODE>311</ERRORCODE><ERRORSTRING>图像校验码错误！</ERRORSTRING><ERRORSTRING_EN>Image checksum error！</ERRORSTRING_EN></XML>')
('2014-10-18 11:29:47.583392', "client 52365390 bid 1 fd_price ack error {'errstring': '图像校验码错误！', 'errcode': '311'}")
('2014-10-18 11:29:47.589264', '\r\n\r\n\r\n\r\n\r\n\r\n\r\n\r\n\r\n\r\n<XML><ERRORCODE>311</ERRORCODE><ERRORSTRING>图像校验码错误！</ERRORSTRING><ERRORSTRING_EN>Image checksum error！</ERRORSTRING_EN></XML>')
('2014-10-18 11:29:47.589306', "client 52257063 bid 1 fd_price ack error {'errstring': '图像校验码错误！', 'errcode': '311'}")
('2014-10-18 11:29:47.590880', '\r\n\r\n\r\n\r\n\r\n\r\n\r\n\r\n\r\n\r\n<XML><ERRORCODE>311</ERRORCODE><ERRORSTRING>图像校验码错误！</ERRORSTRING><ERRORSTRING_EN>Image checksum error！</ERRORSTRING_EN></XML>')
('2014-10-18 11:29:47.590922', "client 52490533 bid 1 fd_price ack error {'errstring': '图像校验码错误！', 'errcode': '311'}")
('2014-10-18 11:29:47.597835', '\r\n\r\n\r\n\r\n\r\n\r\n\r\n\r\n\r\n\r\n<XML><ERRORCODE>311</ERRORCODE><ERRORSTRING>图像校验码错误！</ERRORSTRING><ERRORSTRING_EN>Image checksum error！</ERRORSTRING_EN></XML>')
('2014-10-18 11:29:47.597877', "client 52332228 bid 1 fd_price ack error {'errstring': '图像校验码错误！', 'errcode': '311'}")
('2014-10-18 11:29:47.599024', '\r\n\r\n\r\n\r\n\r\n\r\n\r\n\r\n\r\n\r\n<XML><ERRORCODE>311</ERRORCODE><ERRORSTRING>图像校验码错误！</ERRORSTRING><ERRORSTRING_EN>Image checksum error！</ERRORSTRING_EN></XML>')
('2014-10-18 11:29:47.599067', "client 52117335 bid 1 fd_price ack error {'errstring': '图像校验码错误！', 'errcode': '311'}")
('2014-10-18 11:29:47.936374', '\r\n\r\n\r\n\r\n\r\n\r\n\r\n\r\n\r\n\r\n<XML><ERRORCODE>311</ERRORCODE><ERRORSTRING>图像校验码错误！</ERRORSTRING><ERRORSTRING_EN>Image checksum error！</ERRORSTRING_EN></XML>')
('2014-10-18 11:29:47.936427', "client 52220626 bid 1 fd_price ack error {'errstring': '图像校验码错误！', 'errcode': '311'}")
('2014-10-18 11:29:47.943193', '\r\n\r\n\r\n\r\n\r\n\r\n\r\n\r\n\r\n\r\n<XML><ERRORCODE>311</ERRORCODE><ERRORSTRING>图像校验码错误！</ERRORSTRING><ERRORSTRING_EN>Image checksum error！</ERRORSTRING_EN></XML>')
('2014-10-18 11:29:47.943302', "client 52412034 bid 1 fd_price ack error {'errstring': '图像校验码错误！', 'errcode': '311'}")
('2014-10-18 11:29:47.955566', '\r\n\r\n\r\n\r\n\r\n\r\n\r\n\r\n\r\n\r\n<XML><ERRORCODE>311</ERRORCODE><ERRORSTRING>图像校验码错误！</ERRORSTRING><ERRORSTRING_EN>Image checksum error！</ERRORSTRING_EN></XML>')
('2014-10-18 11:29:47.955607', "client 52470079 bid 1 fd_price ack error {'errstring': '图像校验码错误！', 'errcode': '311'}")
('2014-10-18 11:29:47.956929', '\r\n\r\n\r\n\r\n\r\n\r\n\r\n\r\n\r\n\r\n<XML><ERRORCODE>311</ERRORCODE><ERRORSTRING>图像校验码错误！</ERRORSTRING><ERRORSTRING_EN>Image checksum error！</ERRORSTRING_EN></XML>')
('2014-10-18 11:29:47.956986', "client 52359836 bid 1 fd_price ack error {'errstring': '图像校验码错误！', 'errcode': '311'}")
('2014-10-18 11:29:48.436480', '\r\n\r\n\r\n\r\n\r\n\r\n\r\n\r\n\r\n\r\n<XML><ERRORCODE>311</ERRORCODE><ERRORSTRING>图像校验码错误！</ERRORSTRING><ERRORSTRING_EN>Image checksum error！</ERRORSTRING_EN></XML>')
('2014-10-18 11:29:48.436523', "client 52220626 bid 1 fd_price ack error {'errstring': '图像校验码错误！', 'errcode': '311'}")
('2014-10-18 11:29:49.866150', '\r\n\r\n\r\n\r\n\r\n\r\n\r\n\r\n\r\n\r\n<XML><ERRORCODE>311</ERRORCODE><ERRORSTRING>图像校验码错误！</ERRORSTRING><ERRORSTRING_EN>Image checksum error！</ERRORSTRING_EN></XML>')
('2014-10-18 11:29:49.866198', "client 52332228 bid 1 fd_price ack error {'errstring': '图像校验码错误！', 'errcode': '311'}")
('2014-10-18 11:29:49.867093', '\r\n\r\n\r\n\r\n\r\n\r\n\r\n\r\n\r\n\r\n<XML><ERRORCODE>311</ERRORCODE><ERRORSTRING>图像校验码错误！</ERRORSTRING><ERRORSTRING_EN>Image checksum error！</ERRORSTRING_EN></XML>')
('2014-10-18 11:29:49.867135', "client 52117335 bid 1 fd_price ack error {'errstring': '图像校验码错误！', 'errcode': '311'}")
('2014-10-18 11:29:52.766856', '\r\n\r\n\r\n\r\n\r\n\r\n\r\n\r\n\r\n\r\n<XML><ERRORCODE>311</ERRORCODE><ERRORSTRING>图像校验码错误！</ERRORSTRING><ERRORSTRING_EN>Image checksum error！</ERRORSTRING_EN></XML>')
('2014-10-18 11:29:52.766901', "client 52412034 bid 1 fd_price ack error {'errstring': '图像校验码错误！', 'errcode': '311'}")
('2014-10-18 11:29:52.768199', '\r\n\r\n\r\n\r\n\r\n\r\n\r\n\r\n\r\n\r\n<XML><ERRORCODE>311</ERRORCODE><ERRORSTRING>图像校验码错误！</ERRORSTRING><ERRORSTRING_EN>Image checksum error！</ERRORSTRING_EN></XML>')
('2014-10-18 11:29:52.768243', "client 52490533 bid 1 fd_price ack error {'errstring': '图像校验码错误！', 'errcode': '311'}")
('2014-10-18 11:29:54.769497', '\r\n\r\n\r\n\r\n\r\n\r\n\r\n\r\n\r\n\r\n<XML><ERRORCODE>311</ERRORCODE><ERRORSTRING>图像校验码错误！</ERRORSTRING><ERRORSTRING_EN>Image checksum error！</ERRORSTRING_EN></XML>')
('2014-10-18 11:29:54.769543', "client 52449659 bid 1 fd_price ack error {'errstring': '图像校验码错误！', 'errcode': '311'}")
