('2014-10-18 09:18:57.018832', 'client 52332228 login 刘婉萄 310230198106087721')
('2014-10-18 09:18:57.121351', 'client 52117335 login 张文国 37232319950105091x')
('2014-10-18 09:18:58.012874', 'client 52490533 login 夏海峰 310109197611175211')
('2014-10-18 09:18:58.119185', 'client 52365390 login 翁晓隽 31010719760310121x')
('2014-10-18 09:18:59.013450', 'client 52470079 login 毕超 310110198402025110')
('2014-10-18 09:18:59.120927', 'client 52265187 login 叶捷 150105197704170019')
('2014-10-18 09:19:00.014057', 'client 52257063 login 葛志佳 310115198702070433')
('2014-10-18 09:19:00.121139', 'client 52449659 login 毛天时 310226197612260014')
('2014-10-18 09:19:01.013822', 'client 52220626 login 潘玉龙 310114198204300615')
('2014-10-18 09:19:01.122299', 'client 52359836 login 王佳煜 320602197809100017')
('2014-10-18 09:19:02.013789', 'client 52231933 login 周海燕 310109197711010422')
('2014-10-18 09:19:02.123201', 'client 52412034 login 郑博玮 330124198605282231')
('2014-10-18 10:35:04.418809', 'client 52257063 bid 0 image 31A37916500D39452FF1CD4BD5AA7670 506490 ')
('2014-10-18 10:35:04.433591', 'client 52257063 bid 0 price 72600 葛志佳 310115198702070433')
('2014-10-18 10:35:09.218366', 'client 52490533 bid 0 image 6C8F13FECC0CF7691473FAD555365447 549261 ')
('2014-10-18 10:35:09.232908', 'client 52490533 bid 0 price 72600 夏海峰 310109197611175211')
('2014-10-18 10:35:10.449456', 'client 52449659 bid 0 image F936622A982388C92D92C24C245833C8 181929 ')
('2014-10-18 10:35:10.955311', 'client 52220626 bid 0 image Failed')
('2014-10-18 10:35:10.955363', 'client 52220626 bid 0 failed. Abort.....')
('2014-10-18 10:35:11.234619', 'client 52332228 bid 0 image Failed')
('2014-10-18 10:35:11.234658', 'client 52332228 bid 0 failed. Abort.....')
('2014-10-18 10:35:11.463048', 'client 52117335 bid 0 image AAE6E2C36CC01C35F666D67ED4309F90 111629 ')
('2014-10-18 10:35:11.465092', 'client 52231933 bid 0 image 79ED4495D86F1F41084A47F7348842F4 311516 ')
('2014-10-18 10:35:11.466864', 'client 52265187 bid 0 image EA255A731C5ADFFB1909BDA2B4FDEF47 645362 ')
('2014-10-18 10:35:11.468758', 'client 52359836 bid 0 image 7F56CDDFB8BA779C79EE9B5F1757A530 838051 ')
('2014-10-18 10:35:11.475998', 'client 52412034 bid 0 image FDCD3226A50AE520850E8CDE4AA6D467 290131 ')
('2014-10-18 10:35:11.476631', 'client 52365390 bid 0 image BD2E07F1E91BEC79C868B59EA92BDC1E 080526 ')
('2014-10-18 10:35:11.476961', 'client 52470079 bid 0 image 9146B0DA65DE1D122F57295848BC84ED 114948 ')
('2014-10-18 10:35:11.491930', 'client 52359836 bid 0 price 72600 王佳煜 320602197809100017')
('2014-10-18 10:35:34.452830', 'client 52449659 bid 0 price Failed')
('2014-10-18 10:35:34.453030', 'client 52449659 bid 0 failed. Abort.....')
('2014-10-18 10:35:35.466451', 'client 52117335 bid 0 price Failed')
('2014-10-18 10:35:35.466575', 'client 52117335 bid 0 failed. Abort.....')
('2014-10-18 10:35:35.467921', 'client 52231933 bid 0 price Failed')
('2014-10-18 10:35:35.467981', 'client 52231933 bid 0 failed. Abort.....')
('2014-10-18 10:35:35.470131', 'client 52265187 bid 0 price Failed')
('2014-10-18 10:35:35.470188', 'client 52265187 bid 0 failed. Abort.....')
('2014-10-18 10:35:35.481595', 'client 52412034 bid 0 price Failed')
('2014-10-18 10:35:35.481653', 'client 52412034 bid 0 failed. Abort.....')
('2014-10-18 10:35:35.485457', 'client 52470079 bid 0 price Failed')
('2014-10-18 10:35:35.485506', 'client 52470079 bid 0 failed. Abort.....')
('2014-10-18 10:35:35.486440', 'client 52365390 bid 0 price Failed')
('2014-10-18 10:35:35.486494', 'client 52365390 bid 0 failed. Abort.....')
('2014-10-18 10:45:25.016452', 'client 52332228 login 刘婉萄 310230198106087721')
('2014-10-18 10:45:25.424417', 'client 52117335 login 张文国 37232319950105091x')
('2014-10-18 10:45:26.017444', 'client 52490533 login 夏海峰 310109197611175211')
('2014-10-18 10:45:26.423881', 'client 52365390 login 翁晓隽 31010719760310121x')
('2014-10-18 10:45:27.015043', 'client 52470079 login 毕超 310110198402025110')
('2014-10-18 10:45:27.426242', 'client 52265187 login 叶捷 150105197704170019')
('2014-10-18 10:45:28.016514', 'client 52412034 login 郑博玮 330124198605282231')
('2014-10-18 10:45:28.428486', 'client 52257063 login 葛志佳 310115198702070433')
('2014-10-18 10:45:29.014265', 'client 52449659 login 毛天时 310226197612260014')
('2014-10-18 10:45:29.427696', 'client 52220626 login 潘玉龙 310114198204300615')
('2014-10-18 10:45:30.015396', 'client 52231933 login 周海燕 310109197711010422')
('2014-10-18 10:45:30.428544', 'client 52359836 login 王佳煜 320602197809100017')
('2014-10-18 10:50:09.590510', 'client 52231933 bid 0 image 7CFC2B6AFD3FD086895AE9994A446381 362639 ')
('2014-10-18 10:50:09.615186', 'client 52231933 bid 0 price 72600 周海燕 310109197711010422')
('2014-10-18 10:50:10.915741', 'client 52117335 bid 0 image F3DCD55ADA65C755834E4C9C0A121E0C 351506 ')
('2014-10-18 10:50:10.918158', 'client 52220626 bid 0 image 81F39103E4D782C53B34159DFAE9B152 250539 ')
('2014-10-18 10:50:10.921173', 'client 52257063 bid 0 image 69DA5E4FF87318AD126253E81BEDBE08 491921 ')
('2014-10-18 10:50:10.924430', 'client 52265187 bid 0 image 87CEC9DF73CA3C1BCFC840636CEFAD0A 290119 ')
('2014-10-18 10:50:10.926197', 'client 52332228 bid 0 image 6BB87F50746790240C8384BC5D2E9828 180829 ')
('2014-10-18 10:50:10.927862', 'client 52359836 bid 0 image E77E43B2F98B6BE27A23ABE8380C6855 438151 ')
('2014-10-18 10:50:10.934744', 'client 52365390 bid 0 image 7510926922FF21E0ABEB2623614B22C6 826454 ')
('2014-10-18 10:50:10.936381', 'client 52220626 bid 0 price 72600 潘玉龙 310114198204300615')
('2014-10-18 10:50:10.937862', 'client 52412034 bid 0 image 070CE2B3642D3CC7D556A67487B7923E 141611 ')
('2014-10-18 10:50:10.939809', 'client 52449659 bid 0 image 4C29E20DF49502B6C5380A72620C1BBB 151125 ')
('2014-10-18 10:50:10.940775', 'client 52470079 bid 0 image 3A32939764F6C2419E987A620DB06263 313549 ')
('2014-10-18 10:50:10.941530', 'client 52490533 bid 0 image 5B140A1A41560A80AC7FD3CDEFEF2FAF 615262 ')
('2014-10-18 10:50:10.957521', 'client 52365390 bid 0 price 72600 翁晓隽 31010719760310121x')
('2014-10-18 10:50:34.920404', 'client 52117335 bid 0 price Failed')
('2014-10-18 10:50:34.920524', 'client 52117335 bid 0 failed. Abort.....')
('2014-10-18 10:50:34.928254', 'client 52257063 bid 0 price Failed')
('2014-10-18 10:50:34.928309', 'client 52257063 bid 0 failed. Abort.....')
('2014-10-18 10:50:34.931525', 'client 52332228 bid 0 price Failed')
('2014-10-18 10:50:34.931604', 'client 52332228 bid 0 failed. Abort.....')
('2014-10-18 10:50:34.941812', 'client 52265187 bid 0 price Failed')
('2014-10-18 10:50:34.941869', 'client 52265187 bid 0 failed. Abort.....')
('2014-10-18 10:50:34.942534', 'client 52359836 bid 0 price Failed')
('2014-10-18 10:50:34.942579', 'client 52359836 bid 0 failed. Abort.....')
('2014-10-18 10:50:34.946213', 'client 52490533 bid 0 price Failed')
('2014-10-18 10:50:34.946274', 'client 52490533 bid 0 failed. Abort.....')
('2014-10-18 10:50:34.951234', 'client 52470079 bid 0 price Failed')
('2014-10-18 10:50:34.951290', 'client 52470079 bid 0 failed. Abort.....')
('2014-10-18 10:50:34.951362', 'client 52412034 bid 0 price Failed')
('2014-10-18 10:50:34.951405', 'client 52412034 bid 0 failed. Abort.....')
('2014-10-18 10:50:34.951685', 'client 52449659 bid 0 price Failed')
('2014-10-18 10:50:34.951726', 'client 52449659 bid 0 failed. Abort.....')
('2014-10-18 11:29:44.893516', 'client 52117335 bid 1 image E295E4183B3752CF98D30E145B5B87BD 845004 ')
('2014-10-18 11:29:44.895849', 'client 52220626 bid 1 image 9FFA8731D826E3B88C19450BEABD2393 160126 ')
('2014-10-18 11:29:44.898116', 'client 52257063 bid 1 image 8D7F4BEF6026FC4E8F7942B0FD3A42C9 809281 ')
('2014-10-18 11:29:44.900002', 'client 52265187 bid 1 image 5E43CF1F3AA65AC5EECF3AC006A96267 254816 ')
('2014-10-18 11:29:44.901848', 'client 52332228 bid 1 image 2C71D1AADF31C89D759A20D779F735CC 414614 ')
('2014-10-18 11:29:44.903561', 'client 52359836 bid 1 image F7C3BB6BA0692A7241B2CCD56A8A28FA 605021 ')
('2014-10-18 11:29:44.905253', 'client 52365390 bid 1 image 60B8710CB8F687A704004E7213E3F542 182615 ')
('2014-10-18 11:29:44.907525', 'client 52412034 bid 1 image C28F970DD916C44D1ABE524847018325 292125 ')
('2014-10-18 11:29:44.909968', 'client 52449659 bid 1 image 75F76EBE659BEB00ADFC8769C8CE31CA 818110 ')
('2014-10-18 11:29:44.913121', 'client 52470079 bid 1 image 41C92E5E150B6DAE29259C0C4C44FB78 825081 ')
('2014-10-18 11:29:44.915907', 'client 52490533 bid 1 image 2F9F6F20BB8783AF58D8F414C6F4D082 451819 ')
('2014-10-18 11:29:45.921681', 'client 52231933 bid 1 image 5F2D30C195B43C2E0B96A7174B811D20 083905 ')
('2014-10-18 11:29:46.441403', 'client 52365390 bid 1 price 73900 翁晓隽 31010719760310121x')
('2014-10-18 11:29:47.616847', 'client 52231933 bid 1 price 73900 周海燕 310109197711010422')
('2014-10-18 11:29:56.451540', "client 52365390 bids finished. price : ['72600', '73900', None] . Quit.....")
('2014-10-18 11:29:57.627059', "client 52231933 bids finished. price : ['72600', '73900', None] . Quit.....")
('2014-10-18 11:30:10.422152', 'client 52265187 bid 1 price Failed')
('2014-10-18 11:30:10.422411', 'client 52265187 bid 1 failed. Abort.....')
('2014-10-18 11:30:10.424734', 'client 52449659 bid 1 price Failed')
('2014-10-18 11:30:10.424795', 'client 52449659 bid 1 failed. Abort.....')
('2014-10-18 11:30:10.430258', 'client 52220626 bid 1 price Failed')
('2014-10-18 11:30:10.430321', 'client 52220626 bid 1 failed. Abort.....')
('2014-10-18 11:30:10.430921', 'client 52257063 bid 1 price Failed')
('2014-10-18 11:30:10.430994', 'client 52257063 bid 1 failed. Abort.....')
('2014-10-18 11:30:10.431406', 'client 52470079 bid 1 price Failed')
('2014-10-18 11:30:10.431475', 'client 52470079 bid 1 failed. Abort.....')
('2014-10-18 11:30:10.431753', 'client 52490533 bid 1 price Failed')
('2014-10-18 11:30:10.431820', 'client 52490533 bid 1 failed. Abort.....')
('2014-10-18 11:30:10.432692', 'client 52412034 bid 1 price Failed')
('2014-10-18 11:30:10.432756', 'client 52412034 bid 1 failed. Abort.....')
('2014-10-18 11:30:10.433039', 'client 52332228 bid 1 price Failed')
('2014-10-18 11:30:10.433083', 'client 52332228 bid 1 failed. Abort.....')
('2014-10-18 11:30:10.433831', 'client 52117335 bid 1 price Failed')
('2014-10-18 11:30:10.433873', 'client 52117335 bid 1 failed. Abort.....')
('2014-10-18 11:30:10.434644', 'client 52359836 bid 1 price Failed')
('2014-10-18 11:30:10.434684', 'client 52359836 bid 1 failed. Abort.....')
('2014-10-18 11:30:20.432574', "client 52220626 bids finished. price : ['72600', None, None] . Quit.....")
('2014-10-18 11:30:20.433040', 'client 52265187 bids finished. price : [None, None, None] . Quit.....')
('2014-10-18 11:30:20.434870', 'client 52449659 bids finished. price : [None, None, None] . Quit.....')
('2014-10-18 11:30:20.439273', 'client 52257063 bids finished. price : [None, None, None] . Quit.....')
('2014-10-18 11:30:20.439389', 'client 52470079 bids finished. price : [None, None, None] . Quit.....')
('2014-10-18 11:30:20.439498', 'client 52490533 bids finished. price : [None, None, None] . Quit.....')
('2014-10-18 11:30:20.439753', 'client 52412034 bids finished. price : [None, None, None] . Quit.....')
('2014-10-18 11:30:20.443173', 'client 52359836 bids finished. price : [None, None, None] . Quit.....')
('2014-10-18 11:30:20.443297', 'client 52117335 bids finished. price : [None, None, None] . Quit.....')
('2014-10-18 11:30:20.443389', 'client 52332228 bids finished. price : [None, None, None] . Quit.....')
