('2014-10-18 10:35:01.896342', '\r\n\r\n\r\n\r\n\r\n\r\n\r\n\r\n\r\n\r\n<XML><ERRORCODE>311</ERRORCODE><ERRORSTRING>图像校验码错误！</ERRORSTRING><ERRORSTRING_EN>Image checksum error！</ERRORSTRING_EN></XML>')
('2014-10-18 10:35:01.896406', "client 52374340 bid 0 fd_price ack error {'errstring': '图像校验码错误！', 'errcode': '311'}")
('2014-10-18 10:35:02.035502', 'client 52439306 bid 0 proc_image decode 000000')
('2014-10-18 10:35:02.201589', '\r\n\r\n\r\n\r\n\r\n\r\n\r\n\r\n\r\n\r\n<XML><ERRORCODE>311</ERRORCODE><ERRORSTRING>图像校验码错误！</ERRORSTRING><ERRORSTRING_EN>Image checksum error！</ERRORSTRING_EN></XML>')
('2014-10-18 10:35:02.201638', "client 52467747 bid 0 fd_price ack error {'errstring': '图像校验码错误！', 'errcode': '311'}")
('2014-10-18 10:35:02.338046', '\r\n\r\n\r\n\r\n\r\n\r\n\r\n\r\n\r\n\r\n<XML><ERRORCODE>311</ERRORCODE><ERRORSTRING>图像校验码错误！</ERRORSTRING><ERRORSTRING_EN>Image checksum error！</ERRORSTRING_EN></XML>')
('2014-10-18 10:35:02.338094', "client 52231566 bid 0 fd_price ack error {'errstring': '图像校验码错误！', 'errcode': '311'}")
('2014-10-18 10:35:02.499210', 'client 52316932 bid 0 proc_image decode 000000')
('2014-10-18 10:35:02.504091', '\r\n\r\n\r\n\r\n\r\n\r\n\r\n\r\n\r\n\r\n\r\n<XML><ERRORCODE>101</ERRORCODE><ERRORSTRING>您的操作太过频繁，请稍后再试！</ERRORSTRING><ERRORSTRING_EN>Please try again slightly!</ERRORSTRING_EN></XML>')
('2014-10-18 10:35:02.504151', "client 52316932 bid 0 fd_image ack error {'body': '\\r\\n\\r\\n\\r\\n\\r\\n\\r\\n\\r\\n\\r\\n\\r\\n\\r\\n\\r\\n\\r\\n<XML><ERRORCODE>101</ERRORCODE><ERRORSTRING>您的操作太过频繁，请稍后再试！</ERRORSTRING><ERRORSTRING_EN>Please try again slightly!</ERRORSTRING_EN></XML>', 'status': 200, 'head': 'Connection: close\\nDate: Sat, 18 Oct 2014 02:35:00 GMT\\nServer: Microsoft-IIS/6.0\\nSet-Cookie: JSESSIONID=4FF7451AFDE03DE9AEA4D70660428B0C; Path=/car\\nContent-Type: text/html;charset=GBK\\nContent-Length: 175\\n\\n'}")
('2014-10-18 10:35:02.641061', '\r\n\r\n\r\n\r\n\r\n\r\n\r\n\r\n\r\n\r\n<XML><ERRORCODE>311</ERRORCODE><ERRORSTRING>图像校验码错误！</ERRORSTRING><ERRORSTRING_EN>Image checksum error！</ERRORSTRING_EN></XML>')
('2014-10-18 10:35:02.641148', "client 52397622 bid 0 fd_price ack error {'errstring': '图像校验码错误！', 'errcode': '311'}")
('2014-10-18 10:35:02.643123', '\r\n\r\n\r\n\r\n\r\n\r\n\r\n\r\n\r\n\r\n<XML><ERRORCODE>311</ERRORCODE><ERRORSTRING>图像校验码错误！</ERRORSTRING><ERRORSTRING_EN>Image checksum error！</ERRORSTRING_EN></XML>')
('2014-10-18 10:35:02.643214', "client 52397622 bid 0 fd_price ack error {'errstring': '图像校验码错误！', 'errcode': '311'}")
('2014-10-18 10:35:02.816131', '\r\n\r\n\r\n\r\n\r\n\r\n\r\n\r\n\r\n\r\n<XML><ERRORCODE>311</ERRORCODE><ERRORSTRING>图像校验码错误！</ERRORSTRING><ERRORSTRING_EN>Image checksum error！</ERRORSTRING_EN></XML>')
('2014-10-18 10:35:02.816179', "client 52467800 bid 0 fd_price ack error {'errstring': '图像校验码错误！', 'errcode': '311'}")
('2014-10-18 10:35:02.817349', '\r\n\r\n\r\n\r\n\r\n\r\n\r\n\r\n\r\n\r\n<XML><ERRORCODE>311</ERRORCODE><ERRORSTRING>图像校验码错误！</ERRORSTRING><ERRORSTRING_EN>Image checksum error！</ERRORSTRING_EN></XML>')
('2014-10-18 10:35:02.817395', "client 52467800 bid 0 fd_price ack error {'errstring': '图像校验码错误！', 'errcode': '311'}")
('2014-10-18 10:35:02.989498', '\r\n\r\n\r\n\r\n\r\n\r\n\r\n\r\n\r\n\r\n<XML><ERRORCODE>311</ERRORCODE><ERRORSTRING>图像校验码错误！</ERRORSTRING><ERRORSTRING_EN>Image checksum error！</ERRORSTRING_EN></XML>')
('2014-10-18 10:35:02.989547', "client 52518651 bid 0 fd_price ack error {'errstring': '图像校验码错误！', 'errcode': '311'}")
('2014-10-18 10:35:02.990514', '\r\n\r\n\r\n\r\n\r\n\r\n\r\n\r\n\r\n\r\n<XML><ERRORCODE>311</ERRORCODE><ERRORSTRING>图像校验码错误！</ERRORSTRING><ERRORSTRING_EN>Image checksum error！</ERRORSTRING_EN></XML>')
('2014-10-18 10:35:02.990562', "client 52518651 bid 0 fd_price ack error {'errstring': '图像校验码错误！', 'errcode': '311'}")
('2014-10-18 10:35:03.133967', '\r\n\r\n\r\n\r\n\r\n\r\n\r\n\r\n\r\n\r\n<XML><ERRORCODE>311</ERRORCODE><ERRORSTRING>图像校验码错误！</ERRORSTRING><ERRORSTRING_EN>Image checksum error！</ERRORSTRING_EN></XML>')
('2014-10-18 10:35:03.134015', "client 52330238 bid 0 fd_price ack error {'errstring': '图像校验码错误！', 'errcode': '311'}")
('2014-10-18 10:35:03.135237', '\r\n\r\n\r\n\r\n\r\n\r\n\r\n\r\n\r\n\r\n<XML><ERRORCODE>311</ERRORCODE><ERRORSTRING>图像校验码错误！</ERRORSTRING><ERRORSTRING_EN>Image checksum error！</ERRORSTRING_EN></XML>')
('2014-10-18 10:35:03.135284', "client 52330238 bid 0 fd_price ack error {'errstring': '图像校验码错误！', 'errcode': '311'}")
('2014-10-18 10:35:03.267484', '\r\n\r\n\r\n\r\n\r\n\r\n\r\n\r\n\r\n\r\n<XML><ERRORCODE>311</ERRORCODE><ERRORSTRING>图像校验码错误！</ERRORSTRING><ERRORSTRING_EN>Image checksum error！</ERRORSTRING_EN></XML>')
('2014-10-18 10:35:03.267532', "client 52426247 bid 0 fd_price ack error {'errstring': '图像校验码错误！', 'errcode': '311'}")
('2014-10-18 10:35:03.412458', '\r\n\r\n\r\n\r\n\r\n\r\n\r\n\r\n\r\n\r\n<XML><ERRORCODE>311</ERRORCODE><ERRORSTRING>图像校验码错误！</ERRORSTRING><ERRORSTRING_EN>Image checksum error！</ERRORSTRING_EN></XML>')
('2014-10-18 10:35:03.412507', "client 52439306 bid 0 fd_price ack error {'errstring': '图像校验码错误！', 'errcode': '311'}")
('2014-10-18 10:35:03.413396', '\r\n\r\n\r\n\r\n\r\n\r\n\r\n\r\n\r\n\r\n<XML><ERRORCODE>311</ERRORCODE><ERRORSTRING>图像校验码错误！</ERRORSTRING><ERRORSTRING_EN>Image checksum error！</ERRORSTRING_EN></XML>')
('2014-10-18 10:35:03.413442', "client 52439306 bid 0 fd_price ack error {'errstring': '图像校验码错误！', 'errcode': '311'}")
('2014-10-18 10:35:03.529309', '\r\n\r\n\r\n\r\n\r\n\r\n\r\n\r\n\r\n\r\n<XML><ERRORCODE>311</ERRORCODE><ERRORSTRING>图像校验码错误！</ERRORSTRING><ERRORSTRING_EN>Image checksum error！</ERRORSTRING_EN></XML>')
('2014-10-18 10:35:03.529357', "client 52316932 bid 0 fd_price ack error {'errstring': '图像校验码错误！', 'errcode': '311'}")
('2014-10-18 10:35:03.532977', '\r\n\r\n\r\n\r\n\r\n\r\n\r\n\r\n\r\n\r\n<XML><ERRORCODE>311</ERRORCODE><ERRORSTRING>图像校验码错误！</ERRORSTRING><ERRORSTRING_EN>Image checksum error！</ERRORSTRING_EN></XML>')
('2014-10-18 10:35:03.533025', "client 52316932 bid 0 fd_price ack error {'errstring': '图像校验码错误！', 'errcode': '311'}")
('2014-10-18 10:50:02.707336', 'client 52316932 bid 0 proc_image decode 000000')
('2014-10-18 10:50:02.821072', '\r\n\r\n\r\n\r\n\r\n\r\n\r\n\r\n\r\n\r\n<XML><ERRORCODE>311</ERRORCODE><ERRORSTRING>图像校验码错误！</ERRORSTRING><ERRORSTRING_EN>Image checksum error！</ERRORSTRING_EN></XML>')
('2014-10-18 10:50:02.821122', "client 52439306 bid 0 fd_price ack error {'errcode': '311', 'errstring': '图像校验码错误！'}")
('2014-10-18 10:50:02.822299', '\r\n\r\n\r\n\r\n\r\n\r\n\r\n\r\n\r\n\r\n<XML><ERRORCODE>311</ERRORCODE><ERRORSTRING>图像校验码错误！</ERRORSTRING><ERRORSTRING_EN>Image checksum error！</ERRORSTRING_EN></XML>')
('2014-10-18 10:50:02.822344', "client 52439306 bid 0 fd_price ack error {'errcode': '311', 'errstring': '图像校验码错误！'}")
('2014-10-18 10:50:02.989182', '\r\n\r\n\r\n\r\n\r\n\r\n\r\n\r\n\r\n\r\n<XML><ERRORCODE>311</ERRORCODE><ERRORSTRING>图像校验码错误！</ERRORSTRING><ERRORSTRING_EN>Image checksum error！</ERRORSTRING_EN></XML>')
('2014-10-18 10:50:02.989231', "client 52397622 bid 0 fd_price ack error {'errcode': '311', 'errstring': '图像校验码错误！'}")
('2014-10-18 10:50:02.990285', '\r\n\r\n\r\n\r\n\r\n\r\n\r\n\r\n\r\n\r\n<XML><ERRORCODE>311</ERRORCODE><ERRORSTRING>图像校验码错误！</ERRORSTRING><ERRORSTRING_EN>Image checksum error！</ERRORSTRING_EN></XML>')
('2014-10-18 10:50:02.990331', "client 52397622 bid 0 fd_price ack error {'errcode': '311', 'errstring': '图像校验码错误！'}")
('2014-10-18 10:50:03.079560', '\r\n\r\n\r\n\r\n\r\n\r\n\r\n\r\n\r\n\r\n<XML><ERRORCODE>311</ERRORCODE><ERRORSTRING>图像校验码错误！</ERRORSTRING><ERRORSTRING_EN>Image checksum error！</ERRORSTRING_EN></XML>')
('2014-10-18 10:50:03.079608', "client 52518651 bid 0 fd_price ack error {'errcode': '311', 'errstring': '图像校验码错误！'}")
('2014-10-18 10:50:03.219020', '\r\n\r\n\r\n\r\n\r\n\r\n\r\n\r\n\r\n\r\n<XML><ERRORCODE>311</ERRORCODE><ERRORSTRING>图像校验码错误！</ERRORSTRING><ERRORSTRING_EN>Image checksum error！</ERRORSTRING_EN></XML>')
('2014-10-18 10:50:03.219069', "client 52330238 bid 0 fd_price ack error {'errcode': '311', 'errstring': '图像校验码错误！'}")
('2014-10-18 10:50:03.220160', '\r\n\r\n\r\n\r\n\r\n\r\n\r\n\r\n\r\n\r\n<XML><ERRORCODE>311</ERRORCODE><ERRORSTRING>图像校验码错误！</ERRORSTRING><ERRORSTRING_EN>Image checksum error！</ERRORSTRING_EN></XML>')
('2014-10-18 10:50:03.220207', "client 52330238 bid 0 fd_price ack error {'errcode': '311', 'errstring': '图像校验码错误！'}")
('2014-10-18 10:50:03.351849', '\r\n\r\n\r\n\r\n\r\n\r\n\r\n\r\n\r\n\r\n<XML><ERRORCODE>311</ERRORCODE><ERRORSTRING>图像校验码错误！</ERRORSTRING><ERRORSTRING_EN>Image checksum error！</ERRORSTRING_EN></XML>')
('2014-10-18 10:50:03.351896', "client 52467800 bid 0 fd_price ack error {'errcode': '311', 'errstring': '图像校验码错误！'}")
('2014-10-18 10:50:03.521311', '\r\n\r\n\r\n\r\n\r\n\r\n\r\n\r\n\r\n\r\n<XML><ERRORCODE>311</ERRORCODE><ERRORSTRING>图像校验码错误！</ERRORSTRING><ERRORSTRING_EN>Image checksum error！</ERRORSTRING_EN></XML>')
('2014-10-18 10:50:03.521413', "client 52374340 bid 0 fd_price ack error {'errcode': '311', 'errstring': '图像校验码错误！'}")
('2014-10-18 10:50:03.523857', '\r\n\r\n\r\n\r\n\r\n\r\n\r\n\r\n\r\n\r\n<XML><ERRORCODE>311</ERRORCODE><ERRORSTRING>图像校验码错误！</ERRORSTRING><ERRORSTRING_EN>Image checksum error！</ERRORSTRING_EN></XML>')
('2014-10-18 10:50:03.523902', "client 52374340 bid 0 fd_price ack error {'errcode': '311', 'errstring': '图像校验码错误！'}")
('2014-10-18 10:50:03.619420', '\r\n\r\n\r\n\r\n\r\n\r\n\r\n\r\n\r\n\r\n<XML><ERRORCODE>311</ERRORCODE><ERRORSTRING>图像校验码错误！</ERRORSTRING><ERRORSTRING_EN>Image checksum error！</ERRORSTRING_EN></XML>')
('2014-10-18 10:50:03.619522', "client 52467747 bid 0 fd_price ack error {'errcode': '311', 'errstring': '图像校验码错误！'}")
('2014-10-18 10:50:03.622589', '\r\n\r\n\r\n\r\n\r\n\r\n\r\n\r\n\r\n\r\n<XML><ERRORCODE>311</ERRORCODE><ERRORSTRING>图像校验码错误！</ERRORSTRING><ERRORSTRING_EN>Image checksum error！</ERRORSTRING_EN></XML>')
('2014-10-18 10:50:03.622778', "client 52467747 bid 0 fd_price ack error {'errcode': '311', 'errstring': '图像校验码错误！'}")
('2014-10-18 10:50:03.718256', '\r\n\r\n\r\n\r\n\r\n\r\n\r\n\r\n\r\n\r\n<XML><ERRORCODE>311</ERRORCODE><ERRORSTRING>图像校验码错误！</ERRORSTRING><ERRORSTRING_EN>Image checksum error！</ERRORSTRING_EN></XML>')
('2014-10-18 10:50:03.718303', "client 52426247 bid 0 fd_price ack error {'errcode': '311', 'errstring': '图像校验码错误！'}")
('2014-10-18 10:50:03.719504', '\r\n\r\n\r\n\r\n\r\n\r\n\r\n\r\n\r\n\r\n<XML><ERRORCODE>311</ERRORCODE><ERRORSTRING>图像校验码错误！</ERRORSTRING><ERRORSTRING_EN>Image checksum error！</ERRORSTRING_EN></XML>')
('2014-10-18 10:50:03.719550', "client 52426247 bid 0 fd_price ack error {'errcode': '311', 'errstring': '图像校验码错误！'}")
('2014-10-18 10:50:03.816020', '\r\n\r\n\r\n\r\n\r\n\r\n\r\n\r\n\r\n\r\n<XML><ERRORCODE>311</ERRORCODE><ERRORSTRING>图像校验码错误！</ERRORSTRING><ERRORSTRING_EN>Image checksum error！</ERRORSTRING_EN></XML>')
('2014-10-18 10:50:03.816069', "client 52231566 bid 0 fd_price ack error {'errcode': '311', 'errstring': '图像校验码错误！'}")
('2014-10-18 10:50:03.820753', '\r\n\r\n\r\n\r\n\r\n\r\n\r\n\r\n\r\n\r\n<XML><ERRORCODE>112</ERRORCODE><ERRORSTRING>首次出价时段不能进行修改出价！</ERRORSTRING><ERRORSTRING_EN>Can not modify the bid amount in bid time!</ERRORSTRING_EN></XML>\r\n')
('2014-10-18 10:50:03.820799', "client 52231566 bid 0 fd_price ack error {'errcode': '112', 'errstring': '首次出价时段不能进行修改出价！'}")
('2014-10-18 10:50:03.903176', '\r\n\r\n\r\n\r\n\r\n\r\n\r\n\r\n\r\n\r\n<XML><ERRORCODE>311</ERRORCODE><ERRORSTRING>图像校验码错误！</ERRORSTRING><ERRORSTRING_EN>Image checksum error！</ERRORSTRING_EN></XML>')
('2014-10-18 10:50:03.903280', "client 52316932 bid 0 fd_price ack error {'errcode': '311', 'errstring': '图像校验码错误！'}")
('2014-10-18 11:29:37.675106', 'client 52439306 bid 1 proc_image decode 000000')
('2014-10-18 11:29:38.425274', 'client 52316932 bid 1 proc_image decode 000000')
('2014-10-18 11:29:41.486477', 'client 52330238 bid 1 fd_price status 503')
('2014-10-18 11:29:41.492614', 'client 52467800 bid 1 fd_price status 503')
('2014-10-18 11:29:41.495754', '\r\n\r\n\r\n\r\n\r\n\r\n\r\n\r\n\r\n\r\n<XML><ERRORCODE>311</ERRORCODE><ERRORSTRING>图像校验码错误！</ERRORSTRING><ERRORSTRING_EN>Image checksum error！</ERRORSTRING_EN></XML>')
('2014-10-18 11:29:41.495805', "client 52231566 bid 1 fd_price ack error {'errcode': '311', 'errstring': '图像校验码错误！'}")
('2014-10-18 11:29:41.497137', 'client 52467747 bid 1 fd_price status 503')
('2014-10-18 11:29:41.498360', 'client 52374340 bid 1 fd_price status 503')
('2014-10-18 11:29:41.499309', 'client 52518651 bid 1 fd_price status 503')
('2014-10-18 11:29:41.501015', '\r\n\r\n\r\n\r\n\r\n\r\n\r\n\r\n\r\n\r\n<XML><ERRORCODE>311</ERRORCODE><ERRORSTRING>图像校验码错误！</ERRORSTRING><ERRORSTRING_EN>Image checksum error！</ERRORSTRING_EN></XML>')
('2014-10-18 11:29:41.501061', "client 52467747 bid 1 fd_price ack error {'errcode': '311', 'errstring': '图像校验码错误！'}")
('2014-10-18 11:29:41.501781', 'client 52231566 bid 1 fd_price status 503')
('2014-10-18 11:29:41.503570', '\r\n\r\n\r\n\r\n\r\n\r\n\r\n\r\n\r\n\r\n<XML><ERRORCODE>311</ERRORCODE><ERRORSTRING>图像校验码错误！</ERRORSTRING><ERRORSTRING_EN>Image checksum error！</ERRORSTRING_EN></XML>')
('2014-10-18 11:29:41.503616', "client 52374340 bid 1 fd_price ack error {'errcode': '311', 'errstring': '图像校验码错误！'}")
('2014-10-18 11:29:42.928457', '\r\n\r\n\r\n\r\n\r\n\r\n\r\n\r\n\r\n\r\n<XML><ERRORCODE>113</ERRORCODE><ERRORSTRING>修改出价时段不能进行首次出价！</ERRORSTRING><ERRORSTRING_EN>Can not bid in the modify time!</ERRORSTRING_EN></XML>\r\n')
('2014-10-18 11:29:42.928510', "client 52397622 bid 1 fd_price ack error {'errcode': '113', 'errstring': '修改出价时段不能进行首次出价！'}")
('2014-10-18 11:29:42.929594', '\r\n\r\n\r\n\r\n\r\n\r\n\r\n\r\n\r\n\r\n<XML><ERRORCODE>311</ERRORCODE><ERRORSTRING>图像校验码错误！</ERRORSTRING><ERRORSTRING_EN>Image checksum error！</ERRORSTRING_EN></XML>')
('2014-10-18 11:29:42.929640', "client 52397622 bid 1 fd_price ack error {'errcode': '311', 'errstring': '图像校验码错误！'}")
('2014-10-18 11:29:42.931436', '\r\n\r\n\r\n\r\n\r\n\r\n\r\n\r\n\r\n\r\n<XML><ERRORCODE>311</ERRORCODE><ERRORSTRING>图像校验码错误！</ERRORSTRING><ERRORSTRING_EN>Image checksum error！</ERRORSTRING_EN></XML>')
('2014-10-18 11:29:42.931482', "client 52426247 bid 1 fd_price ack error {'errcode': '311', 'errstring': '图像校验码错误！'}")
('2014-10-18 11:29:42.933214', '\r\n\r\n\r\n\r\n\r\n\r\n\r\n\r\n\r\n\r\n<XML><ERRORCODE>311</ERRORCODE><ERRORSTRING>图像校验码错误！</ERRORSTRING><ERRORSTRING_EN>Image checksum error！</ERRORSTRING_EN></XML>')
('2014-10-18 11:29:42.933261', "client 52439306 bid 1 fd_price ack error {'errcode': '311', 'errstring': '图像校验码错误！'}")
('2014-10-18 11:29:44.122687', '\r\n\r\n\r\n\r\n\r\n\r\n\r\n\r\n\r\n\r\n<XML><ERRORCODE>311</ERRORCODE><ERRORSTRING>图像校验码错误！</ERRORSTRING><ERRORSTRING_EN>Image checksum error！</ERRORSTRING_EN></XML>')
('2014-10-18 11:29:44.122804', "client 52330238 bid 1 fd_price ack error {'errcode': '311', 'errstring': '图像校验码错误！'}")
('2014-10-18 11:29:47.843568', '\r\n\r\n\r\n\r\n\r\n\r\n\r\n\r\n\r\n\r\n<XML><ERRORCODE>311</ERRORCODE><ERRORSTRING>图像校验码错误！</ERRORSTRING><ERRORSTRING_EN>Image checksum error！</ERRORSTRING_EN></XML>')
('2014-10-18 11:29:47.843676', "client 52426247 bid 1 fd_price ack error {'errcode': '311', 'errstring': '图像校验码错误！'}")
('2014-10-18 11:29:47.845972', '\r\n\r\n\r\n\r\n\r\n\r\n\r\n\r\n\r\n\r\n<XML><ERRORCODE>311</ERRORCODE><ERRORSTRING>图像校验码错误！</ERRORSTRING><ERRORSTRING_EN>Image checksum error！</ERRORSTRING_EN></XML>')
('2014-10-18 11:29:47.846075', "client 52518651 bid 1 fd_price ack error {'errcode': '311', 'errstring': '图像校验码错误！'}")
('2014-10-18 11:29:49.843243', '\r\n\r\n\r\n\r\n\r\n\r\n\r\n\r\n\r\n\r\n<XML><ERRORCODE>311</ERRORCODE><ERRORSTRING>图像校验码错误！</ERRORSTRING><ERRORSTRING_EN>Image checksum error！</ERRORSTRING_EN></XML>')
('2014-10-18 11:29:49.843295', "client 52467800 bid 1 fd_price ack error {'errcode': '311', 'errstring': '图像校验码错误！'}")
('2014-10-18 11:29:49.844183', '\r\n\r\n\r\n\r\n\r\n\r\n\r\n\r\n\r\n\r\n<XML><ERRORCODE>311</ERRORCODE><ERRORSTRING>图像校验码错误！</ERRORSTRING><ERRORSTRING_EN>Image checksum error！</ERRORSTRING_EN></XML>')
('2014-10-18 11:29:49.844229', "client 52397622 bid 1 fd_price ack error {'errcode': '311', 'errstring': '图像校验码错误！'}")
('2014-10-18 11:29:52.960138', 'client 52316932 bid 2 fd_image Timeout')
('2014-10-18 11:30:07.508802', '\r\n\r\n\r\n\r\n\r\n\r\n\r\n\r\n\r\n\r\n\r\n<XML><ERRORCODE>110</ERRORCODE><ERRORSTRING>没有正在举行的拍卖会，请注意拍卖公告！</ERRORSTRING><ERRORSTRING_EN>Auction is not begin!</ERRORSTRING_EN></XML>')
('2014-10-18 11:30:07.508860', "client 52231566 bid 2 fd_image ack error {'status': 200, 'head': 'Connection: close\\nDate: Sat, 18 Oct 2014 03:30:07 GMT\\nServer: Microsoft-IIS/6.0\\nSet-Cookie: JSESSIONID=E9EE3FD1B39C708F47C82F08855F4E4B; Path=/car\\nContent-Type: text/html;charset=GBK\\nContent-Length: 178\\n\\n', 'body': '\\r\\n\\r\\n\\r\\n\\r\\n\\r\\n\\r\\n\\r\\n\\r\\n\\r\\n\\r\\n\\r\\n<XML><ERRORCODE>110</ERRORCODE><ERRORSTRING>没有正在举行的拍卖会，请注意拍卖公告！</ERRORSTRING><ERRORSTRING_EN>Auction is not begin!</ERRORSTRING_EN></XML>'}")
('2014-10-18 11:30:07.512063', '\r\n\r\n\r\n\r\n\r\n\r\n\r\n\r\n\r\n\r\n\r\n<XML><ERRORCODE>110</ERRORCODE><ERRORSTRING>没有正在举行的拍卖会，请注意拍卖公告！</ERRORSTRING><ERRORSTRING_EN>Auction is not begin!</ERRORSTRING_EN></XML>')
('2014-10-18 11:30:07.512119', "client 52467800 bid 2 fd_image ack error {'status': 200, 'head': 'Connection: close\\nDate: Sat, 18 Oct 2014 03:30:07 GMT\\nServer: Microsoft-IIS/6.0\\nSet-Cookie: JSESSIONID=5A6C38277BF1D66B784822E492CA85D4; Path=/car\\nContent-Type: text/html;charset=GBK\\nContent-Length: 178\\n\\n', 'body': '\\r\\n\\r\\n\\r\\n\\r\\n\\r\\n\\r\\n\\r\\n\\r\\n\\r\\n\\r\\n\\r\\n<XML><ERRORCODE>110</ERRORCODE><ERRORSTRING>没有正在举行的拍卖会，请注意拍卖公告！</ERRORSTRING><ERRORSTRING_EN>Auction is not begin!</ERRORSTRING_EN></XML>'}")
('2014-10-18 11:30:07.515201', '\r\n\r\n\r\n\r\n\r\n\r\n\r\n\r\n\r\n\r\n\r\n<XML><ERRORCODE>110</ERRORCODE><ERRORSTRING>没有正在举行的拍卖会，请注意拍卖公告！</ERRORSTRING><ERRORSTRING_EN>Auction is not begin!</ERRORSTRING_EN></XML>')
('2014-10-18 11:30:07.515256', "client 52467747 bid 2 fd_image ack error {'status': 200, 'head': 'Connection: close\\nDate: Sat, 18 Oct 2014 03:30:07 GMT\\nServer: Microsoft-IIS/6.0\\nSet-Cookie: JSESSIONID=ADA19CD782B5D7029904E7796F99CE80; Path=/car\\nContent-Type: text/html;charset=GBK\\nContent-Length: 178\\n\\n', 'body': '\\r\\n\\r\\n\\r\\n\\r\\n\\r\\n\\r\\n\\r\\n\\r\\n\\r\\n\\r\\n\\r\\n<XML><ERRORCODE>110</ERRORCODE><ERRORSTRING>没有正在举行的拍卖会，请注意拍卖公告！</ERRORSTRING><ERRORSTRING_EN>Auction is not begin!</ERRORSTRING_EN></XML>'}")
('2014-10-18 11:30:07.518530', '\r\n\r\n\r\n\r\n\r\n\r\n\r\n\r\n\r\n\r\n\r\n<XML><ERRORCODE>110</ERRORCODE><ERRORSTRING>没有正在举行的拍卖会，请注意拍卖公告！</ERRORSTRING><ERRORSTRING_EN>Auction is not begin!</ERRORSTRING_EN></XML>')
('2014-10-18 11:30:07.518584', "client 52231566 bid 2 fd_image ack error {'status': 200, 'head': 'Connection: close\\nDate: Sat, 18 Oct 2014 03:30:05 GMT\\nServer: Microsoft-IIS/6.0\\nSet-Cookie: JSESSIONID=10A532A718E4313AF06771A2CF7D56C9; Path=/car\\nContent-Type: text/html;charset=GBK\\nContent-Length: 178\\n\\n', 'body': '\\r\\n\\r\\n\\r\\n\\r\\n\\r\\n\\r\\n\\r\\n\\r\\n\\r\\n\\r\\n\\r\\n<XML><ERRORCODE>110</ERRORCODE><ERRORSTRING>没有正在举行的拍卖会，请注意拍卖公告！</ERRORSTRING><ERRORSTRING_EN>Auction is not begin!</ERRORSTRING_EN></XML>'}")
('2014-10-18 11:30:07.520478', '\r\n\r\n\r\n\r\n\r\n\r\n\r\n\r\n\r\n\r\n\r\n<XML><ERRORCODE>101</ERRORCODE><ERRORSTRING>您的操作太过频繁，请稍后再试！</ERRORSTRING><ERRORSTRING_EN>Please try again slightly!</ERRORSTRING_EN></XML>')
('2014-10-18 11:30:07.520533', "client 52467800 bid 2 fd_image ack error {'status': 200, 'head': 'Connection: close\\nDate: Sat, 18 Oct 2014 03:30:07 GMT\\nServer: Microsoft-IIS/6.0\\nSet-Cookie: JSESSIONID=C5E07837D4C2C02D97B180C2BD98ACA6; Path=/car\\nContent-Type: text/html;charset=GBK\\nContent-Length: 175\\n\\n', 'body': '\\r\\n\\r\\n\\r\\n\\r\\n\\r\\n\\r\\n\\r\\n\\r\\n\\r\\n\\r\\n\\r\\n<XML><ERRORCODE>101</ERRORCODE><ERRORSTRING>您的操作太过频繁，请稍后再试！</ERRORSTRING><ERRORSTRING_EN>Please try again slightly!</ERRORSTRING_EN></XML>'}")
('2014-10-18 11:30:07.523482', '\r\n\r\n\r\n\r\n\r\n\r\n\r\n\r\n\r\n\r\n\r\n<XML><ERRORCODE>101</ERRORCODE><ERRORSTRING>您的操作太过频繁，请稍后再试！</ERRORSTRING><ERRORSTRING_EN>Please try again slightly!</ERRORSTRING_EN></XML>')
('2014-10-18 11:30:07.523537', "client 52467747 bid 2 fd_image ack error {'status': 200, 'head': 'Connection: close\\nDate: Sat, 18 Oct 2014 03:30:07 GMT\\nServer: Microsoft-IIS/6.0\\nSet-Cookie: JSESSIONID=C16838DBBB36ED9D73794677C93D2771; Path=/car\\nContent-Type: text/html;charset=GBK\\nContent-Length: 175\\n\\n', 'body': '\\r\\n\\r\\n\\r\\n\\r\\n\\r\\n\\r\\n\\r\\n\\r\\n\\r\\n\\r\\n\\r\\n<XML><ERRORCODE>101</ERRORCODE><ERRORSTRING>您的操作太过频繁，请稍后再试！</ERRORSTRING><ERRORSTRING_EN>Please try again slightly!</ERRORSTRING_EN></XML>'}")
('2014-10-18 11:30:07.525030', '\r\n\r\n\r\n\r\n\r\n\r\n\r\n\r\n\r\n\r\n\r\n<XML><ERRORCODE>110</ERRORCODE><ERRORSTRING>没有正在举行的拍卖会，请注意拍卖公告！</ERRORSTRING><ERRORSTRING_EN>Auction is not begin!</ERRORSTRING_EN></XML>')
('2014-10-18 11:30:07.525084', "client 52374340 bid 2 fd_image ack error {'status': 200, 'head': 'Connection: close\\nDate: Sat, 18 Oct 2014 03:30:05 GMT\\nServer: Microsoft-IIS/6.0\\nSet-Cookie: JSESSIONID=CD85EB209289266A702BC6C04C6273A1; Path=/car\\nContent-Type: text/html;charset=GBK\\nContent-Length: 178\\n\\n', 'body': '\\r\\n\\r\\n\\r\\n\\r\\n\\r\\n\\r\\n\\r\\n\\r\\n\\r\\n\\r\\n\\r\\n<XML><ERRORCODE>110</ERRORCODE><ERRORSTRING>没有正在举行的拍卖会，请注意拍卖公告！</ERRORSTRING><ERRORSTRING_EN>Auction is not begin!</ERRORSTRING_EN></XML>'}")
('2014-10-18 11:30:07.534243', '\r\n\r\n\r\n\r\n\r\n\r\n\r\n\r\n\r\n\r\n\r\n<XML><ERRORCODE>110</ERRORCODE><ERRORSTRING>没有正在举行的拍卖会，请注意拍卖公告！</ERRORSTRING><ERRORSTRING_EN>Auction is not begin!</ERRORSTRING_EN></XML>')
('2014-10-18 11:30:07.534299', "client 52374340 bid 2 fd_image ack error {'status': 200, 'head': 'Connection: close\\nDate: Sat, 18 Oct 2014 03:30:07 GMT\\nServer: Microsoft-IIS/6.0\\nSet-Cookie: JSESSIONID=05D9B778C5B6763A5D3C7FABE628EBED; Path=/car\\nContent-Type: text/html;charset=GBK\\nContent-Length: 178\\n\\n', 'body': '\\r\\n\\r\\n\\r\\n\\r\\n\\r\\n\\r\\n\\r\\n\\r\\n\\r\\n\\r\\n\\r\\n<XML><ERRORCODE>110</ERRORCODE><ERRORSTRING>没有正在举行的拍卖会，请注意拍卖公告！</ERRORSTRING><ERRORSTRING_EN>Auction is not begin!</ERRORSTRING_EN></XML>'}")
('2014-10-18 11:30:15.505984', 'client 52397622 bid 2 fd_image Timeout')
('2014-10-18 11:30:15.507907', 'client 52330238 bid 2 fd_image Timeout')
('2014-10-18 11:30:15.510724', 'client 52439306 bid 2 fd_image Timeout')
('2014-10-18 11:30:15.516009', '\r\n\r\n\r\n\r\n\r\n\r\n\r\n\r\n\r\n\r\n\r\n<XML><ERRORCODE>110</ERRORCODE><ERRORSTRING>没有正在举行的拍卖会，请注意拍卖公告！</ERRORSTRING><ERRORSTRING_EN>Auction is not begin!</ERRORSTRING_EN></XML>')
('2014-10-18 11:30:15.516186', "client 52397622 bid 2 fd_image ack error {'status': 200, 'head': 'Connection: close\\nDate: Sat, 18 Oct 2014 03:30:15 GMT\\nServer: Microsoft-IIS/6.0\\nSet-Cookie: JSESSIONID=710240EA285344F7D67BCCC823290441; Path=/car\\nContent-Type: text/html;charset=GBK\\nContent-Length: 178\\n\\n', 'body': '\\r\\n\\r\\n\\r\\n\\r\\n\\r\\n\\r\\n\\r\\n\\r\\n\\r\\n\\r\\n\\r\\n<XML><ERRORCODE>110</ERRORCODE><ERRORSTRING>没有正在举行的拍卖会，请注意拍卖公告！</ERRORSTRING><ERRORSTRING_EN>Auction is not begin!</ERRORSTRING_EN></XML>'}")
('2014-10-18 11:30:15.517865', 'client 52518651 bid 2 fd_image Timeout')
('2014-10-18 11:30:15.518373', 'client 52426247 bid 2 fd_image Timeout')
('2014-10-18 11:30:15.521134', 'client 52231566 bid 2 fd_image Timeout')
('2014-10-18 11:30:15.521737', 'client 52467800 bid 2 fd_image Timeout')
('2014-10-18 11:30:15.525795', '\r\n\r\n\r\n\r\n\r\n\r\n\r\n\r\n\r\n\r\n\r\n<XML><ERRORCODE>110</ERRORCODE><ERRORSTRING>没有正在举行的拍卖会，请注意拍卖公告！</ERRORSTRING><ERRORSTRING_EN>Auction is not begin!</ERRORSTRING_EN></XML>')
('2014-10-18 11:30:15.525849', "client 52439306 bid 2 fd_image ack error {'status': 200, 'head': 'Connection: close\\nDate: Sat, 18 Oct 2014 03:30:15 GMT\\nServer: Microsoft-IIS/6.0\\nSet-Cookie: JSESSIONID=AF014DBC6ADC40CB398C24306F04F1BB; Path=/car\\nContent-Type: text/html;charset=GBK\\nContent-Length: 178\\n\\n', 'body': '\\r\\n\\r\\n\\r\\n\\r\\n\\r\\n\\r\\n\\r\\n\\r\\n\\r\\n\\r\\n\\r\\n<XML><ERRORCODE>110</ERRORCODE><ERRORSTRING>没有正在举行的拍卖会，请注意拍卖公告！</ERRORSTRING><ERRORSTRING_EN>Auction is not begin!</ERRORSTRING_EN></XML>'}")
('2014-10-18 11:30:15.526068', 'client 52467747 bid 2 fd_image Timeout')
('2014-10-18 11:30:15.530722', '\r\n\r\n\r\n\r\n\r\n\r\n\r\n\r\n\r\n\r\n\r\n<XML><ERRORCODE>110</ERRORCODE><ERRORSTRING>没有正在举行的拍卖会，请注意拍卖公告！</ERRORSTRING><ERRORSTRING_EN>Auction is not begin!</ERRORSTRING_EN></XML>')
('2014-10-18 11:30:15.530815', "client 52426247 bid 2 fd_image ack error {'status': 200, 'head': 'Connection: close\\nDate: Sat, 18 Oct 2014 03:30:13 GMT\\nServer: Microsoft-IIS/6.0\\nSet-Cookie: JSESSIONID=073DB5DA52B072D6044A4D4E19ED197D; Path=/car\\nContent-Type: text/html;charset=GBK\\nContent-Length: 178\\n\\n', 'body': '\\r\\n\\r\\n\\r\\n\\r\\n\\r\\n\\r\\n\\r\\n\\r\\n\\r\\n\\r\\n\\r\\n<XML><ERRORCODE>110</ERRORCODE><ERRORSTRING>没有正在举行的拍卖会，请注意拍卖公告！</ERRORSTRING><ERRORSTRING_EN>Auction is not begin!</ERRORSTRING_EN></XML>'}")
('2014-10-18 11:30:15.535430', 'client 52374340 bid 2 fd_image Timeout')
('2014-10-18 11:30:15.537039', '\r\n\r\n\r\n\r\n\r\n\r\n\r\n\r\n\r\n\r\n\r\n<XML><ERRORCODE>110</ERRORCODE><ERRORSTRING>没有正在举行的拍卖会，请注意拍卖公告！</ERRORSTRING><ERRORSTRING_EN>Auction is not begin!</ERRORSTRING_EN></XML>')
('2014-10-18 11:30:15.537104', "client 52439306 bid 2 fd_image ack error {'status': 200, 'head': 'Connection: close\\nDate: Sat, 18 Oct 2014 03:30:13 GMT\\nServer: Microsoft-IIS/6.0\\nSet-Cookie: JSESSIONID=B7FDC4C2A900A7FA651B42DD590BCFE4; Path=/car\\nContent-Type: text/html;charset=GBK\\nContent-Length: 178\\n\\n', 'body': '\\r\\n\\r\\n\\r\\n\\r\\n\\r\\n\\r\\n\\r\\n\\r\\n\\r\\n\\r\\n\\r\\n<XML><ERRORCODE>110</ERRORCODE><ERRORSTRING>没有正在举行的拍卖会，请注意拍卖公告！</ERRORSTRING><ERRORSTRING_EN>Auction is not begin!</ERRORSTRING_EN></XML>'}")
('2014-10-18 11:30:23.509779', 'client 52330238 bid 2 fd_image Timeout')
('2014-10-18 11:30:23.518450', 'client 52397622 bid 2 fd_image Timeout')
('2014-10-18 11:30:23.523128', 'client 52518651 bid 2 fd_image Timeout')
('2014-10-18 11:30:23.531913', 'client 52426247 bid 2 fd_image Timeout')
('2014-10-18 11:30:23.547931', '\r\n\r\n\r\n\r\n\r\n\r\n\r\n\r\n\r\n\r\n\r\n<XML><ERRORCODE>110</ERRORCODE><ERRORSTRING>没有正在举行的拍卖会，请注意拍卖公告！</ERRORSTRING><ERRORSTRING_EN>Auction is not begin!</ERRORSTRING_EN></XML>')
('2014-10-18 11:30:23.547989', "client 52330238 bid 2 fd_image ack error {'status': 200, 'head': 'Connection: close\\nDate: Sat, 18 Oct 2014 03:30:21 GMT\\nServer: Microsoft-IIS/6.0\\nSet-Cookie: JSESSIONID=C6DFE1DD2CCCF2D340FFE0555D2F9236; Path=/car\\nContent-Type: text/html;charset=GBK\\nContent-Length: 178\\n\\n', 'body': '\\r\\n\\r\\n\\r\\n\\r\\n\\r\\n\\r\\n\\r\\n\\r\\n\\r\\n\\r\\n\\r\\n<XML><ERRORCODE>110</ERRORCODE><ERRORSTRING>没有正在举行的拍卖会，请注意拍卖公告！</ERRORSTRING><ERRORSTRING_EN>Auction is not begin!</ERRORSTRING_EN></XML>'}")
('2014-10-18 11:30:31.524118', 'client 52518651 bid 2 fd_image Timeout')
