('2014-10-18 09:19:04.627145', 'redis reader connect succeed')
('2014-10-18 09:19:04.627317', 'redis writer connect succeed')
('2014-10-18 09:19:04.654910', 'redis timer connect succeed')
('2014-10-18 09:19:04.671491', 'worker [5] started')
('2014-10-18 09:19:04.671589', 'client 10 initted')
('2014-10-18 09:19:05.009806', 'fd_channel : login[0] 0 login[1] 1 , tb0[0] 0 tb0[1] 0 , tb1[0] 0 tb1[1] 0')
('2014-10-18 09:19:05.167341', 'fd_channel : login[0] 0 login[1] 0 , tb0[0] 0 tb0[1] 0 , tb1[0] 0 tb1[1] 0')
('2014-10-18 09:19:06.054442', 'fd_channel : login[0] 0 login[1] 1 , tb0[0] 0 tb0[1] 0 , tb1[0] 0 tb1[1] 0')
('2014-10-18 09:19:06.169002', 'fd_channel : login[0] 0 login[1] 0 , tb0[0] 0 tb0[1] 0 , tb1[0] 0 tb1[1] 0')
('2014-10-18 09:19:07.009985', 'fd_channel : login[0] 0 login[1] 1 , tb0[0] 0 tb0[1] 0 , tb1[0] 0 tb1[1] 0')
('2014-10-18 09:19:07.171401', 'fd_channel : login[0] 0 login[1] 0 , tb0[0] 0 tb0[1] 0 , tb1[0] 0 tb1[1] 0')
('2014-10-18 09:19:08.011073', 'fd_channel : login[0] 0 login[1] 1 , tb0[0] 0 tb0[1] 0 , tb1[0] 0 tb1[1] 0')
('2014-10-18 09:19:08.173187', 'fd_channel : login[0] 0 login[1] 0 , tb0[0] 0 tb0[1] 0 , tb1[0] 0 tb1[1] 0')
('2014-10-18 09:19:09.009666', 'fd_channel : login[0] 0 login[1] 1 , tb0[0] 0 tb0[1] 0 , tb1[0] 0 tb1[1] 0')
('2014-10-18 09:19:09.175407', 'fd_channel : login[0] 0 login[1] 0 , tb0[0] 0 tb0[1] 0 , tb1[0] 0 tb1[1] 0')
('2014-10-18 10:35:02.709512', 'fd_channel : login[0] 0 login[1] 0 , tb0[0] 37 tb0[1] 50 , tb1[0] 0 tb1[1] 0')
('2014-10-18 10:35:02.710505', 'fd_channel : login[0] 0 login[1] 0 , tb0[0] 37 tb0[1] 49 , tb1[0] 0 tb1[1] 0')
('2014-10-18 10:35:02.711385', 'fd_channel : login[0] 0 login[1] 0 , tb0[0] 37 tb0[1] 48 , tb1[0] 0 tb1[1] 0')
('2014-10-18 10:35:02.712091', 'fd_channel : login[0] 0 login[1] 0 , tb0[0] 37 tb0[1] 47 , tb1[0] 0 tb1[1] 0')
('2014-10-18 10:35:02.712641', 'fd_channel : login[0] 0 login[1] 0 , tb0[0] 37 tb0[1] 46 , tb1[0] 0 tb1[1] 0')
('2014-10-18 10:35:02.713193', 'fd_channel : login[0] 0 login[1] 0 , tb0[0] 37 tb0[1] 45 , tb1[0] 0 tb1[1] 0')
('2014-10-18 10:35:02.713871', 'fd_channel : login[0] 0 login[1] 0 , tb0[0] 37 tb0[1] 44 , tb1[0] 0 tb1[1] 0')
('2014-10-18 10:35:02.714517', 'fd_channel : login[0] 0 login[1] 0 , tb0[0] 37 tb0[1] 43 , tb1[0] 0 tb1[1] 0')
('2014-10-18 10:35:02.715513', 'fd_channel : login[0] 0 login[1] 0 , tb0[0] 37 tb0[1] 42 , tb1[0] 0 tb1[1] 0')
('2014-10-18 10:35:02.716143', 'fd_channel : login[0] 0 login[1] 0 , tb0[0] 37 tb0[1] 41 , tb1[0] 0 tb1[1] 0')
('2014-10-18 10:35:02.806482', 'fd_channel : login[0] 0 login[1] 0 , tb0[0] 37 tb0[1] 40 , tb1[0] 0 tb1[1] 0')
('2014-10-18 10:35:02.812642', 'fd_channel : login[0] 0 login[1] 0 , tb0[0] 37 tb0[1] 39 , tb1[0] 0 tb1[1] 0')
('2014-10-18 10:35:02.917795', 'fd_channel : login[0] 0 login[1] 0 , tb0[0] 36 tb0[1] 39 , tb1[0] 0 tb1[1] 0')
('2014-10-18 10:35:02.919020', 'fd_channel : login[0] 0 login[1] 0 , tb0[0] 36 tb0[1] 38 , tb1[0] 0 tb1[1] 0')
('2014-10-18 10:35:03.084096', 'fd_channel : login[0] 0 login[1] 0 , tb0[0] 35 tb0[1] 38 , tb1[0] 0 tb1[1] 0')
('2014-10-18 10:35:03.084927', 'fd_channel : login[0] 0 login[1] 0 , tb0[0] 35 tb0[1] 37 , tb1[0] 0 tb1[1] 0')
('2014-10-18 10:35:03.293772', 'fd_channel : login[0] 0 login[1] 0 , tb0[0] 34 tb0[1] 37 , tb1[0] 0 tb1[1] 0')
('2014-10-18 10:35:03.294322', 'fd_channel : login[0] 0 login[1] 0 , tb0[0] 34 tb0[1] 36 , tb1[0] 0 tb1[1] 0')
('2014-10-18 10:35:03.386401', 'fd_channel : login[0] 0 login[1] 0 , tb0[0] 34 tb0[1] 35 , tb1[0] 0 tb1[1] 0')
('2014-10-18 10:35:03.391654', 'fd_channel : login[0] 0 login[1] 0 , tb0[0] 34 tb0[1] 34 , tb1[0] 0 tb1[1] 0')
('2014-10-18 10:35:03.463936', 'fd_channel : login[0] 0 login[1] 0 , tb0[0] 33 tb0[1] 34 , tb1[0] 0 tb1[1] 0')
('2014-10-18 10:35:03.465316', 'fd_channel : login[0] 0 login[1] 0 , tb0[0] 33 tb0[1] 33 , tb1[0] 0 tb1[1] 0')
('2014-10-18 10:35:03.593734', 'fd_channel : login[0] 0 login[1] 0 , tb0[0] 32 tb0[1] 33 , tb1[0] 0 tb1[1] 0')
('2014-10-18 10:35:03.595104', 'fd_channel : login[0] 0 login[1] 0 , tb0[0] 32 tb0[1] 32 , tb1[0] 0 tb1[1] 0')
('2014-10-18 10:35:03.684490', 'fd_channel : login[0] 0 login[1] 0 , tb0[0] 31 tb0[1] 32 , tb1[0] 0 tb1[1] 0')
('2014-10-18 10:35:03.685225', 'fd_channel : login[0] 0 login[1] 0 , tb0[0] 31 tb0[1] 31 , tb1[0] 0 tb1[1] 0')
('2014-10-18 10:35:03.803685', 'fd_channel : login[0] 0 login[1] 0 , tb0[0] 30 tb0[1] 31 , tb1[0] 0 tb1[1] 0')
('2014-10-18 10:35:03.914298', 'fd_channel : login[0] 0 login[1] 0 , tb0[0] 29 tb0[1] 31 , tb1[0] 0 tb1[1] 0')
('2014-10-18 10:35:03.915726', 'fd_channel : login[0] 0 login[1] 0 , tb0[0] 29 tb0[1] 30 , tb1[0] 0 tb1[1] 0')
('2014-10-18 10:35:04.920824', 'fd_channel : login[0] 0 login[1] 0 , tb0[0] 28 tb0[1] 31 , tb1[0] 0 tb1[1] 0')
('2014-10-18 10:35:04.922191', 'fd_channel : login[0] 0 login[1] 0 , tb0[0] 28 tb0[1] 30 , tb1[0] 0 tb1[1] 0')
('2014-10-18 10:35:05.086222', 'fd_channel : login[0] 0 login[1] 0 , tb0[0] 27 tb0[1] 30 , tb1[0] 0 tb1[1] 0')
('2014-10-18 10:35:05.087879', 'fd_channel : login[0] 0 login[1] 0 , tb0[0] 27 tb0[1] 29 , tb1[0] 0 tb1[1] 0')
('2014-10-18 10:35:05.466650', 'fd_channel : login[0] 0 login[1] 0 , tb0[0] 26 tb0[1] 29 , tb1[0] 0 tb1[1] 0')
('2014-10-18 10:35:05.467846', 'fd_channel : login[0] 0 login[1] 0 , tb0[0] 26 tb0[1] 28 , tb1[0] 0 tb1[1] 0')
('2014-10-18 10:35:05.597009', 'fd_channel : login[0] 0 login[1] 0 , tb0[0] 25 tb0[1] 28 , tb1[0] 0 tb1[1] 0')
('2014-10-18 10:35:05.598717', 'fd_channel : login[0] 0 login[1] 0 , tb0[0] 25 tb0[1] 27 , tb1[0] 0 tb1[1] 0')
('2014-10-18 10:35:11.804902', 'fd_channel : login[0] 0 login[1] 0 , tb0[0] 25 tb0[1] 29 , tb1[0] 0 tb1[1] 0')
('2014-10-18 10:35:11.984897', 'fd_channel : login[0] 0 login[1] 0 , tb0[0] 24 tb0[1] 29 , tb1[0] 0 tb1[1] 0')
('2014-10-18 10:35:11.985977', 'fd_channel : login[0] 0 login[1] 0 , tb0[0] 24 tb0[1] 28 , tb1[0] 0 tb1[1] 0')
('2014-10-18 10:35:13.987571', 'fd_channel : login[0] 0 login[1] 0 , tb0[0] 23 tb0[1] 29 , tb1[0] 0 tb1[1] 0')
('2014-10-18 10:35:13.988542', 'fd_channel : login[0] 0 login[1] 0 , tb0[0] 23 tb0[1] 28 , tb1[0] 0 tb1[1] 0')
('2014-10-18 10:46:25.640365', 'redis reader connect succeed')
('2014-10-18 10:46:25.640536', 'redis writer connect succeed')
('2014-10-18 10:46:25.660878', 'redis timer connect succeed')
('2014-10-18 10:46:25.679189', 'worker [5] started')
('2014-10-18 10:46:25.679265', 'client 10 initted')
('2014-10-18 10:46:26.020461', 'fd_channel : login[0] 0 login[1] 1 , tb0[0] 0 tb0[1] 0 , tb1[0] 0 tb1[1] 0')
('2014-10-18 10:46:26.174940', 'fd_channel : login[0] 0 login[1] 0 , tb0[0] 0 tb0[1] 0 , tb1[0] 0 tb1[1] 0')
('2014-10-18 10:46:27.010801', 'fd_channel : login[0] 0 login[1] 1 , tb0[0] 0 tb0[1] 0 , tb1[0] 0 tb1[1] 0')
('2014-10-18 10:46:27.177040', 'fd_channel : login[0] 0 login[1] 0 , tb0[0] 0 tb0[1] 0 , tb1[0] 0 tb1[1] 0')
('2014-10-18 10:46:28.010316', 'fd_channel : login[0] 0 login[1] 1 , tb0[0] 0 tb0[1] 0 , tb1[0] 0 tb1[1] 0')
('2014-10-18 10:46:28.178974', 'fd_channel : login[0] 0 login[1] 0 , tb0[0] 0 tb0[1] 0 , tb1[0] 0 tb1[1] 0')
('2014-10-18 10:46:29.010056', 'fd_channel : login[0] 0 login[1] 1 , tb0[0] 0 tb0[1] 0 , tb1[0] 0 tb1[1] 0')
('2014-10-18 10:46:29.179963', 'fd_channel : login[0] 0 login[1] 0 , tb0[0] 0 tb0[1] 0 , tb1[0] 0 tb1[1] 0')
('2014-10-18 10:46:30.009770', 'fd_channel : login[0] 0 login[1] 1 , tb0[0] 0 tb0[1] 0 , tb1[0] 0 tb1[1] 0')
('2014-10-18 10:46:30.181252', 'fd_channel : login[0] 0 login[1] 0 , tb0[0] 0 tb0[1] 0 , tb1[0] 0 tb1[1] 0')
('2014-10-18 10:50:02.786849', 'fd_channel : login[0] 0 login[1] 0 , tb0[0] 50 tb0[1] 51 , tb1[0] 0 tb1[1] 0')
('2014-10-18 10:50:02.788583', 'fd_channel : login[0] 0 login[1] 0 , tb0[0] 50 tb0[1] 50 , tb1[0] 0 tb1[1] 0')
('2014-10-18 10:50:02.789294', 'fd_channel : login[0] 0 login[1] 0 , tb0[0] 49 tb0[1] 50 , tb1[0] 0 tb1[1] 0')
('2014-10-18 10:50:02.789959', 'fd_channel : login[0] 0 login[1] 0 , tb0[0] 49 tb0[1] 49 , tb1[0] 0 tb1[1] 0')
('2014-10-18 10:50:02.790459', 'fd_channel : login[0] 0 login[1] 0 , tb0[0] 48 tb0[1] 49 , tb1[0] 0 tb1[1] 0')
('2014-10-18 10:50:02.792327', 'fd_channel : login[0] 0 login[1] 0 , tb0[0] 48 tb0[1] 48 , tb1[0] 0 tb1[1] 0')
('2014-10-18 10:50:02.794028', 'fd_channel : login[0] 0 login[1] 0 , tb0[0] 47 tb0[1] 48 , tb1[0] 0 tb1[1] 0')
('2014-10-18 10:50:02.795748', 'fd_channel : login[0] 0 login[1] 0 , tb0[0] 47 tb0[1] 47 , tb1[0] 0 tb1[1] 0')
('2014-10-18 10:50:02.801652', 'fd_channel : login[0] 0 login[1] 0 , tb0[0] 46 tb0[1] 47 , tb1[0] 0 tb1[1] 0')
('2014-10-18 10:50:02.804947', 'fd_channel : login[0] 0 login[1] 0 , tb0[0] 46 tb0[1] 46 , tb1[0] 0 tb1[1] 0')
('2014-10-18 10:50:02.941626', 'fd_channel : login[0] 0 login[1] 0 , tb0[0] 45 tb0[1] 46 , tb1[0] 0 tb1[1] 0')
('2014-10-18 10:50:02.942192', 'fd_channel : login[0] 0 login[1] 0 , tb0[0] 45 tb0[1] 45 , tb1[0] 0 tb1[1] 0')
('2014-10-18 10:50:03.094743', 'fd_channel : login[0] 0 login[1] 0 , tb0[0] 44 tb0[1] 45 , tb1[0] 0 tb1[1] 0')
('2014-10-18 10:50:03.095501', 'fd_channel : login[0] 0 login[1] 0 , tb0[0] 44 tb0[1] 44 , tb1[0] 0 tb1[1] 0')
('2014-10-18 10:50:03.250987', 'fd_channel : login[0] 0 login[1] 0 , tb0[0] 43 tb0[1] 44 , tb1[0] 0 tb1[1] 0')
('2014-10-18 10:50:03.251541', 'fd_channel : login[0] 0 login[1] 0 , tb0[0] 43 tb0[1] 43 , tb1[0] 0 tb1[1] 0')
('2014-10-18 10:50:03.452954', 'fd_channel : login[0] 0 login[1] 0 , tb0[0] 42 tb0[1] 43 , tb1[0] 0 tb1[1] 0')
('2014-10-18 10:50:03.454346', 'fd_channel : login[0] 0 login[1] 0 , tb0[0] 42 tb0[1] 42 , tb1[0] 0 tb1[1] 0')
('2014-10-18 10:50:03.550893', 'fd_channel : login[0] 0 login[1] 0 , tb0[0] 41 tb0[1] 42 , tb1[0] 0 tb1[1] 0')
('2014-10-18 10:50:03.551588', 'fd_channel : login[0] 0 login[1] 0 , tb0[0] 41 tb0[1] 41 , tb1[0] 0 tb1[1] 0')
('2014-10-18 10:50:03.671632', 'fd_channel : login[0] 0 login[1] 0 , tb0[0] 40 tb0[1] 41 , tb1[0] 0 tb1[1] 0')
('2014-10-18 10:50:03.672336', 'fd_channel : login[0] 0 login[1] 0 , tb0[0] 40 tb0[1] 40 , tb1[0] 0 tb1[1] 0')
('2014-10-18 10:50:03.827912', 'fd_channel : login[0] 0 login[1] 0 , tb0[0] 39 tb0[1] 40 , tb1[0] 0 tb1[1] 0')
('2014-10-18 10:50:03.829674', 'fd_channel : login[0] 0 login[1] 0 , tb0[0] 39 tb0[1] 39 , tb1[0] 0 tb1[1] 0')
('2014-10-18 10:50:03.944091', 'fd_channel : login[0] 0 login[1] 0 , tb0[0] 38 tb0[1] 39 , tb1[0] 0 tb1[1] 0')
('2014-10-18 10:50:03.951128', 'fd_channel : login[0] 0 login[1] 0 , tb0[0] 38 tb0[1] 38 , tb1[0] 0 tb1[1] 0')
('2014-10-18 10:50:04.051843', 'fd_channel : login[0] 0 login[1] 0 , tb0[0] 38 tb0[1] 39 , tb1[0] 0 tb1[1] 0')
('2014-10-18 10:50:04.052388', 'fd_channel : login[0] 0 login[1] 0 , tb0[0] 38 tb0[1] 38 , tb1[0] 0 tb1[1] 0')
('2014-10-18 10:50:04.131435', 'fd_channel : login[0] 0 login[1] 0 , tb0[0] 37 tb0[1] 38 , tb1[0] 0 tb1[1] 0')
('2014-10-18 10:50:04.132086', 'fd_channel : login[0] 0 login[1] 0 , tb0[0] 37 tb0[1] 37 , tb1[0] 0 tb1[1] 0')
('2014-10-18 10:50:04.266825', 'fd_channel : login[0] 0 login[1] 0 , tb0[0] 36 tb0[1] 37 , tb1[0] 0 tb1[1] 0')
('2014-10-18 10:50:04.267497', 'fd_channel : login[0] 0 login[1] 0 , tb0[0] 36 tb0[1] 36 , tb1[0] 0 tb1[1] 0')
('2014-10-18 10:50:04.943741', 'fd_channel : login[0] 0 login[1] 0 , tb0[0] 35 tb0[1] 36 , tb1[0] 0 tb1[1] 0')
('2014-10-18 10:50:04.945476', 'fd_channel : login[0] 0 login[1] 0 , tb0[0] 35 tb0[1] 35 , tb1[0] 0 tb1[1] 0')
('2014-10-18 10:50:05.096852', 'fd_channel : login[0] 0 login[1] 0 , tb0[0] 34 tb0[1] 35 , tb1[0] 0 tb1[1] 0')
('2014-10-18 10:50:05.098444', 'fd_channel : login[0] 0 login[1] 0 , tb0[0] 34 tb0[1] 34 , tb1[0] 0 tb1[1] 0')
('2014-10-18 10:50:05.253171', 'fd_channel : login[0] 0 login[1] 0 , tb0[0] 33 tb0[1] 34 , tb1[0] 0 tb1[1] 0')
('2014-10-18 10:50:05.254765', 'fd_channel : login[0] 0 login[1] 0 , tb0[0] 33 tb0[1] 33 , tb1[0] 0 tb1[1] 0')
('2014-10-18 10:50:05.455617', 'fd_channel : login[0] 0 login[1] 0 , tb0[0] 32 tb0[1] 33 , tb1[0] 0 tb1[1] 0')
('2014-10-18 10:50:05.456369', 'fd_channel : login[0] 0 login[1] 0 , tb0[0] 32 tb0[1] 32 , tb1[0] 0 tb1[1] 0')
('2014-10-18 10:50:05.552588', 'fd_channel : login[0] 0 login[1] 0 , tb0[0] 31 tb0[1] 32 , tb1[0] 0 tb1[1] 0')
('2014-10-18 10:50:05.553413', 'fd_channel : login[0] 0 login[1] 0 , tb0[0] 31 tb0[1] 31 , tb1[0] 0 tb1[1] 0')
('2014-10-18 10:50:05.673543', 'fd_channel : login[0] 0 login[1] 0 , tb0[0] 30 tb0[1] 31 , tb1[0] 0 tb1[1] 0')
('2014-10-18 10:50:05.674299', 'fd_channel : login[0] 0 login[1] 0 , tb0[0] 30 tb0[1] 30 , tb1[0] 0 tb1[1] 0')
('2014-10-18 10:50:06.053452', 'fd_channel : login[0] 0 login[1] 0 , tb0[0] 30 tb0[1] 31 , tb1[0] 0 tb1[1] 0')
('2014-10-18 10:50:06.054152', 'fd_channel : login[0] 0 login[1] 0 , tb0[0] 30 tb0[1] 30 , tb1[0] 0 tb1[1] 0')
('2014-10-18 10:50:06.133159', 'fd_channel : login[0] 0 login[1] 0 , tb0[0] 29 tb0[1] 30 , tb1[0] 0 tb1[1] 0')
('2014-10-18 10:50:06.134021', 'fd_channel : login[0] 0 login[1] 0 , tb0[0] 29 tb0[1] 29 , tb1[0] 0 tb1[1] 0')
('2014-10-18 10:50:06.268510', 'fd_channel : login[0] 0 login[1] 0 , tb0[0] 28 tb0[1] 29 , tb1[0] 0 tb1[1] 0')
('2014-10-18 10:50:06.270593', 'fd_channel : login[0] 0 login[1] 0 , tb0[0] 28 tb0[1] 28 , tb1[0] 0 tb1[1] 0')
('2014-10-18 11:29:37.393158', 'fd_channel : login[0] 0 login[1] 0 , tb0[0] 40 tb0[1] 40 , tb1[0] 51 tb1[1] 41')
('2014-10-18 11:29:37.394029', 'fd_channel : login[0] 0 login[1] 0 , tb0[0] 40 tb0[1] 40 , tb1[0] 50 tb1[1] 41')
('2014-10-18 11:29:37.394627', 'fd_channel : login[0] 0 login[1] 0 , tb0[0] 40 tb0[1] 40 , tb1[0] 49 tb1[1] 41')
('2014-10-18 11:29:37.395092', 'fd_channel : login[0] 0 login[1] 0 , tb0[0] 40 tb0[1] 40 , tb1[0] 48 tb1[1] 41')
('2014-10-18 11:29:37.395931', 'fd_channel : login[0] 0 login[1] 0 , tb0[0] 40 tb0[1] 40 , tb1[0] 47 tb1[1] 41')
('2014-10-18 11:29:37.396467', 'fd_channel : login[0] 0 login[1] 0 , tb0[0] 40 tb0[1] 40 , tb1[0] 46 tb1[1] 41')
('2014-10-18 11:29:37.396837', 'fd_channel : login[0] 0 login[1] 0 , tb0[0] 40 tb0[1] 40 , tb1[0] 45 tb1[1] 41')
('2014-10-18 11:29:37.397483', 'fd_channel : login[0] 0 login[1] 0 , tb0[0] 40 tb0[1] 40 , tb1[0] 44 tb1[1] 41')
('2014-10-18 11:29:37.398182', 'fd_channel : login[0] 0 login[1] 0 , tb0[0] 40 tb0[1] 40 , tb1[0] 43 tb1[1] 41')
('2014-10-18 11:29:37.398901', 'fd_channel : login[0] 0 login[1] 0 , tb0[0] 40 tb0[1] 40 , tb1[0] 42 tb1[1] 41')
('2014-10-18 11:29:38.250616', 'fd_channel : login[0] 0 login[1] 0 , tb0[0] 40 tb0[1] 40 , tb1[0] 42 tb1[1] 41')
('2014-10-18 11:29:38.256059', 'fd_channel : login[0] 0 login[1] 0 , tb0[0] 40 tb0[1] 40 , tb1[0] 41 tb1[1] 41')
('2014-10-18 11:29:38.431588', 'fd_channel : login[0] 0 login[1] 0 , tb0[0] 40 tb0[1] 40 , tb1[0] 40 tb1[1] 41')
('2014-10-18 11:29:38.442506', 'fd_channel : login[0] 0 login[1] 0 , tb0[0] 40 tb0[1] 40 , tb1[0] 40 tb1[1] 40')
('2014-10-18 11:29:38.508959', 'fd_channel : login[0] 0 login[1] 0 , tb0[0] 40 tb0[1] 40 , tb1[0] 39 tb1[1] 40')
('2014-10-18 11:29:38.606733', 'fd_channel : login[0] 0 login[1] 0 , tb0[0] 40 tb0[1] 40 , tb1[0] 39 tb1[1] 39')
('2014-10-18 11:29:41.382201', 'fd_channel : login[0] 0 login[1] 0 , tb0[0] 40 tb0[1] 40 , tb1[0] 39 tb1[1] 39')
('2014-10-18 11:29:41.382660', 'fd_channel : login[0] 0 login[1] 0 , tb0[0] 40 tb0[1] 40 , tb1[0] 38 tb1[1] 39')
('2014-10-18 11:29:41.383110', 'fd_channel : login[0] 0 login[1] 0 , tb0[0] 40 tb0[1] 40 , tb1[0] 37 tb1[1] 39')
('2014-10-18 11:29:41.384000', 'fd_channel : login[0] 0 login[1] 0 , tb0[0] 40 tb0[1] 40 , tb1[0] 36 tb1[1] 39')
('2014-10-18 11:29:41.384827', 'fd_channel : login[0] 0 login[1] 0 , tb0[0] 40 tb0[1] 40 , tb1[0] 35 tb1[1] 39')
('2014-10-18 11:29:41.385338', 'fd_channel : login[0] 0 login[1] 0 , tb0[0] 40 tb0[1] 40 , tb1[0] 34 tb1[1] 39')
('2014-10-18 11:29:41.386001', 'fd_channel : login[0] 0 login[1] 0 , tb0[0] 40 tb0[1] 40 , tb1[0] 34 tb1[1] 38')
('2014-10-18 11:29:41.386544', 'fd_channel : login[0] 0 login[1] 0 , tb0[0] 40 tb0[1] 40 , tb1[0] 34 tb1[1] 37')
('2014-10-18 11:29:41.387313', 'fd_channel : login[0] 0 login[1] 0 , tb0[0] 40 tb0[1] 40 , tb1[0] 33 tb1[1] 37')
('2014-10-18 11:29:41.387765', 'fd_channel : login[0] 0 login[1] 0 , tb0[0] 40 tb0[1] 40 , tb1[0] 33 tb1[1] 36')
('2014-10-18 11:29:41.388259', 'fd_channel : login[0] 0 login[1] 0 , tb0[0] 40 tb0[1] 40 , tb1[0] 32 tb1[1] 36')
('2014-10-18 11:29:41.389771', 'fd_channel : login[0] 0 login[1] 0 , tb0[0] 40 tb0[1] 40 , tb1[0] 31 tb1[1] 36')
('2014-10-18 11:29:41.391061', 'fd_channel : login[0] 0 login[1] 0 , tb0[0] 40 tb0[1] 40 , tb1[0] 30 tb1[1] 36')
('2014-10-18 11:29:41.391468', 'fd_channel : login[0] 0 login[1] 0 , tb0[0] 40 tb0[1] 40 , tb1[0] 30 tb1[1] 35')
('2014-10-18 11:29:41.392434', 'fd_channel : login[0] 0 login[1] 0 , tb0[0] 40 tb0[1] 40 , tb1[0] 29 tb1[1] 35')
('2014-10-18 11:29:41.393498', 'fd_channel : login[0] 0 login[1] 0 , tb0[0] 40 tb0[1] 40 , tb1[0] 28 tb1[1] 35')
('2014-10-18 11:29:41.394012', 'fd_channel : login[0] 0 login[1] 0 , tb0[0] 40 tb0[1] 40 , tb1[0] 28 tb1[1] 34')
('2014-10-18 11:29:41.395160', 'fd_channel : login[0] 0 login[1] 0 , tb0[0] 40 tb0[1] 40 , tb1[0] 27 tb1[1] 34')
('2014-10-18 11:29:41.396349', 'fd_channel : login[0] 0 login[1] 0 , tb0[0] 40 tb0[1] 40 , tb1[0] 26 tb1[1] 34')
('2014-10-18 11:29:41.396805', 'fd_channel : login[0] 0 login[1] 0 , tb0[0] 40 tb0[1] 40 , tb1[0] 26 tb1[1] 33')
('2014-10-18 11:29:41.397912', 'fd_channel : login[0] 0 login[1] 0 , tb0[0] 40 tb0[1] 40 , tb1[0] 25 tb1[1] 33')
('2014-10-18 11:29:41.398463', 'fd_channel : login[0] 0 login[1] 0 , tb0[0] 40 tb0[1] 40 , tb1[0] 25 tb1[1] 32')
('2014-10-18 11:29:41.398982', 'fd_channel : login[0] 0 login[1] 0 , tb0[0] 40 tb0[1] 40 , tb1[0] 25 tb1[1] 31')
('2014-10-18 11:29:41.400138', 'fd_channel : login[0] 0 login[1] 0 , tb0[0] 40 tb0[1] 40 , tb1[0] 24 tb1[1] 31')
('2014-10-18 11:29:43.392368', 'fd_channel : login[0] 0 login[1] 0 , tb0[0] 40 tb0[1] 40 , tb1[0] 24 tb1[1] 33')
('2014-10-18 11:29:43.393106', 'fd_channel : login[0] 0 login[1] 0 , tb0[0] 40 tb0[1] 40 , tb1[0] 24 tb1[1] 32')
('2014-10-18 11:29:43.394285', 'fd_channel : login[0] 0 login[1] 0 , tb0[0] 40 tb0[1] 40 , tb1[0] 23 tb1[1] 32')
('2014-10-18 11:29:43.394678', 'fd_channel : login[0] 0 login[1] 0 , tb0[0] 40 tb0[1] 40 , tb1[0] 23 tb1[1] 31')
('2014-10-18 11:29:43.395450', 'fd_channel : login[0] 0 login[1] 0 , tb0[0] 40 tb0[1] 40 , tb1[0] 22 tb1[1] 31')
('2014-10-18 11:29:43.396301', 'fd_channel : login[0] 0 login[1] 0 , tb0[0] 40 tb0[1] 40 , tb1[0] 22 tb1[1] 30')
('2014-10-18 11:29:43.397387', 'fd_channel : login[0] 0 login[1] 0 , tb0[0] 40 tb0[1] 40 , tb1[0] 21 tb1[1] 30')
('2014-10-18 11:29:43.397900', 'fd_channel : login[0] 0 login[1] 0 , tb0[0] 40 tb0[1] 40 , tb1[0] 21 tb1[1] 29')
('2014-10-18 11:29:43.399119', 'fd_channel : login[0] 0 login[1] 0 , tb0[0] 40 tb0[1] 40 , tb1[0] 20 tb1[1] 29')
('2014-10-18 11:29:43.399688', 'fd_channel : login[0] 0 login[1] 0 , tb0[0] 40 tb0[1] 40 , tb1[0] 20 tb1[1] 28')
('2014-10-18 11:29:43.400917', 'fd_channel : login[0] 0 login[1] 0 , tb0[0] 40 tb0[1] 40 , tb1[0] 19 tb1[1] 28')
('2014-10-18 11:29:43.401402', 'fd_channel : login[0] 0 login[1] 0 , tb0[0] 40 tb0[1] 40 , tb1[0] 18 tb1[1] 28')
('2014-10-18 11:29:43.402275', 'fd_channel : login[0] 0 login[1] 0 , tb0[0] 40 tb0[1] 40 , tb1[0] 18 tb1[1] 27')
('2014-10-18 11:29:43.402685', 'fd_channel : login[0] 0 login[1] 0 , tb0[0] 40 tb0[1] 40 , tb1[0] 18 tb1[1] 26')
('2014-10-18 11:29:43.403123', 'fd_channel : login[0] 0 login[1] 0 , tb0[0] 40 tb0[1] 40 , tb1[0] 17 tb1[1] 26')
('2014-10-18 11:29:43.403720', 'fd_channel : login[0] 0 login[1] 0 , tb0[0] 40 tb0[1] 40 , tb1[0] 17 tb1[1] 25')
('2014-10-18 11:29:46.607690', 'fd_channel : login[0] 0 login[1] 0 , tb0[0] 40 tb0[1] 40 , tb1[0] 19 tb1[1] 25')
('2014-10-18 11:29:48.259152', 'fd_channel : login[0] 0 login[1] 0 , tb0[0] 40 tb0[1] 40 , tb1[0] 20 tb1[1] 24')
('2014-10-18 11:29:49.846872', 'fd_channel : login[0] 0 login[1] 0 , tb0[0] 40 tb0[1] 40 , tb1[0] 19 tb1[1] 24')
('2014-10-18 11:29:49.847503', 'fd_channel : login[0] 0 login[1] 0 , tb0[0] 40 tb0[1] 40 , tb1[0] 19 tb1[1] 23')
('2014-10-18 11:29:49.852361', 'fd_channel : login[0] 0 login[1] 0 , tb0[0] 40 tb0[1] 40 , tb1[0] 18 tb1[1] 23')
('2014-10-18 11:29:51.848539', 'fd_channel : login[0] 0 login[1] 0 , tb0[0] 40 tb0[1] 40 , tb1[0] 18 tb1[1] 23')
('2014-10-18 11:29:51.849085', 'fd_channel : login[0] 0 login[1] 0 , tb0[0] 40 tb0[1] 40 , tb1[0] 18 tb1[1] 22')
('2014-10-18 11:29:53.003296', 'fd_channel : login[0] 0 login[1] 0 , tb0[0] 40 tb0[1] 40 , tb1[0] 18 tb1[1] 22')
('2014-10-18 11:29:53.003984', 'fd_channel : login[0] 0 login[1] 0 , tb0[0] 40 tb0[1] 40 , tb1[0] 18 tb1[1] 21')
('2014-10-18 11:29:55.005020', 'fd_channel : login[0] 0 login[1] 0 , tb0[0] 40 tb0[1] 40 , tb1[0] 18 tb1[1] 21')
('2014-10-18 11:29:55.005902', 'fd_channel : login[0] 0 login[1] 0 , tb0[0] 40 tb0[1] 40 , tb1[0] 18 tb1[1] 20')
('2014-10-18 11:30:01.459547', 'worker [5] stopping')
('2014-10-18 11:30:07.396388', 'fd_channel : login[0] 0 login[1] 0 , tb0[0] 40 tb0[1] 40 , tb1[0] 19 tb1[1] 19')
('2014-10-18 11:30:07.397063', 'fd_channel : login[0] 0 login[1] 0 , tb0[0] 40 tb0[1] 40 , tb1[0] 18 tb1[1] 19')
('2014-10-18 11:30:07.399249', 'fd_channel : login[0] 0 login[1] 0 , tb0[0] 40 tb0[1] 40 , tb1[0] 18 tb1[1] 18')
('2014-10-18 11:30:07.399772', 'fd_channel : login[0] 0 login[1] 0 , tb0[0] 40 tb0[1] 40 , tb1[0] 17 tb1[1] 18')
('2014-10-18 11:30:07.402510', 'fd_channel : login[0] 0 login[1] 0 , tb0[0] 40 tb0[1] 40 , tb1[0] 17 tb1[1] 17')
('2014-10-18 11:30:07.404505', 'fd_channel : login[0] 0 login[1] 0 , tb0[0] 40 tb0[1] 40 , tb1[0] 16 tb1[1] 17')
('2014-10-18 11:30:07.407652', 'fd_channel : login[0] 0 login[1] 0 , tb0[0] 40 tb0[1] 40 , tb1[0] 16 tb1[1] 16')
('2014-10-18 11:30:07.408100', 'fd_channel : login[0] 0 login[1] 0 , tb0[0] 40 tb0[1] 40 , tb1[0] 15 tb1[1] 16')
('2014-10-18 11:30:07.408863', 'fd_channel : login[0] 0 login[1] 0 , tb0[0] 40 tb0[1] 40 , tb1[0] 15 tb1[1] 15')
('2014-10-18 11:30:07.409429', 'fd_channel : login[0] 0 login[1] 0 , tb0[0] 40 tb0[1] 40 , tb1[0] 14 tb1[1] 15')
('2014-10-18 11:30:07.411396', 'fd_channel : login[0] 0 login[1] 0 , tb0[0] 40 tb0[1] 40 , tb1[0] 14 tb1[1] 14')
('2014-10-18 11:30:07.413579', 'fd_channel : login[0] 0 login[1] 0 , tb0[0] 40 tb0[1] 40 , tb1[0] 13 tb1[1] 14')
('2014-10-18 11:30:07.416857', 'fd_channel : login[0] 0 login[1] 0 , tb0[0] 40 tb0[1] 40 , tb1[0] 13 tb1[1] 13')
('2014-10-18 11:30:15.397578', 'fd_channel : login[0] 0 login[1] 0 , tb0[0] 40 tb0[1] 40 , tb1[0] 12 tb1[1] 13')
('2014-10-18 11:30:15.400085', 'fd_channel : login[0] 0 login[1] 0 , tb0[0] 40 tb0[1] 40 , tb1[0] 12 tb1[1] 12')
('2014-10-18 11:30:15.403232', 'fd_channel : login[0] 0 login[1] 0 , tb0[0] 40 tb0[1] 40 , tb1[0] 11 tb1[1] 12')
('2014-10-18 11:30:15.405622', 'fd_channel : login[0] 0 login[1] 0 , tb0[0] 40 tb0[1] 40 , tb1[0] 11 tb1[1] 11')
('2014-10-18 11:30:15.409608', 'fd_channel : login[0] 0 login[1] 0 , tb0[0] 40 tb0[1] 40 , tb1[0] 10 tb1[1] 11')
('2014-10-18 11:30:15.410121', 'fd_channel : login[0] 0 login[1] 0 , tb0[0] 40 tb0[1] 40 , tb1[0] 10 tb1[1] 10')
('2014-10-18 11:30:15.412586', 'fd_channel : login[0] 0 login[1] 0 , tb0[0] 40 tb0[1] 40 , tb1[0] 9 tb1[1] 10')
('2014-10-18 11:30:15.412980', 'fd_channel : login[0] 0 login[1] 0 , tb0[0] 40 tb0[1] 40 , tb1[0] 9 tb1[1] 9')
('2014-10-18 11:30:15.416522', 'fd_channel : login[0] 0 login[1] 0 , tb0[0] 40 tb0[1] 40 , tb1[0] 8 tb1[1] 9')
('2014-10-18 11:30:15.417597', 'fd_channel : login[0] 0 login[1] 0 , tb0[0] 40 tb0[1] 40 , tb1[0] 8 tb1[1] 8')
('2014-10-18 11:30:19.009366', 'fd_channel : login[0] 0 login[1] 0 , tb0[0] 40 tb0[1] 40 , tb1[0] 7 tb1[1] 8')
('2014-10-18 11:30:19.016698', 'fd_channel : login[0] 0 login[1] 0 , tb0[0] 40 tb0[1] 40 , tb1[0] 7 tb1[1] 7')
('2014-10-18 11:30:23.401151', 'fd_channel : login[0] 0 login[1] 0 , tb0[0] 40 tb0[1] 40 , tb1[0] 6 tb1[1] 7')
('2014-10-18 11:30:27.017659', 'fd_channel : login[0] 0 login[1] 0 , tb0[0] 40 tb0[1] 40 , tb1[0] 6 tb1[1] 6')
