('2014-10-18 09:19:05.019446', 'client 52388540 login 王磊 340102198106284017')
('2014-10-18 09:19:05.173765', 'client 52513636 login 胡敏 520102197511120824')
('2014-10-18 09:19:06.073848', 'client 52500364 login 印瑛 310104198512134046')
('2014-10-18 09:19:06.177766', 'client 52331593 login 魏保建 372930198208267054')
('2014-10-18 09:19:07.017098', 'client 52496736 login 钱曙光 310106196002241216')
('2014-10-18 09:19:07.178567', 'client 52344829 login 邱利利 510781198310175280')
('2014-10-18 09:19:08.019755', 'client 52426666 login 钱敏 330522197905243722')
('2014-10-18 09:19:08.182127', 'client 52295537 login 贺君昕 310102198806261611')
('2014-10-18 09:19:09.026578', 'client 52392248 login 陈梦? 310107198107042518')
('2014-10-18 09:19:09.184176', 'client 52460041 login 陈磊 310113198603042426')
('2014-10-18 10:35:02.917135', 'client 52295537 bid 0 image FA2C6E9373CD160A9CC53AF7E5A73875 115310 ')
('2014-10-18 10:35:03.083750', 'client 52388540 bid 0 image 89B68A48749975FB9410E58140C57B6C 646160 ')
('2014-10-18 10:35:03.293272', 'client 52344829 bid 0 image 2BD52C1A266AAAE13EFB176C7397CF65 164836 ')
('2014-10-18 10:35:03.309393', 'client 52344829 bid 0 price 72600 邱利利 510781198310175280')
('2014-10-18 10:35:03.463251', 'client 52496736 bid 0 image 6AF6FD40B64737DE8708853F22237FA2 464611 ')
('2014-10-18 10:35:03.593080', 'client 52513636 bid 0 image 6DCFF4F59C14CF0D46474BCA1001B5D2 611192 ')
('2014-10-18 10:35:03.684083', 'client 52331593 bid 0 image B8BA4C5EEB1A0D780BE15AB2ADB5450F 380905 ')
('2014-10-18 10:35:03.699417', 'client 52331593 bid 0 price 72600 魏保建 372930198208267054')
('2014-10-18 10:35:03.913709', 'client 52392248 bid 0 image AE8D4DA893F859CA41D0CB7F3D0D7363 518261 ')
('2014-10-18 10:35:03.929528', 'client 52392248 bid 0 price 72600 陈梦? 310107198107042518')
('2014-10-18 10:35:10.813388', 'client 52500364 bid 0 image Failed')
('2014-10-18 10:35:10.813441', 'client 52500364 bid 0 failed. Abort.....')
('2014-10-18 10:35:11.392572', 'client 52460041 bid 0 image Failed')
('2014-10-18 10:35:11.392669', 'client 52460041 bid 0 failed. Abort.....')
('2014-10-18 10:35:11.983800', 'client 52426666 bid 0 image 1428BFA808BCED4D79E299B7E94465A4 510141 ')
('2014-10-18 10:35:26.923704', 'client 52295537 bid 0 price Failed')
('2014-10-18 10:35:26.923845', 'client 52295537 bid 0 failed. Abort.....')
('2014-10-18 10:35:27.089050', 'client 52388540 bid 0 price Failed')
('2014-10-18 10:35:27.089232', 'client 52388540 bid 0 failed. Abort.....')
('2014-10-18 10:35:27.469114', 'client 52496736 bid 0 price Failed')
('2014-10-18 10:35:27.469246', 'client 52496736 bid 0 failed. Abort.....')
('2014-10-18 10:35:27.599882', 'client 52513636 bid 0 price Failed')
('2014-10-18 10:35:27.600015', 'client 52513636 bid 0 failed. Abort.....')
('2014-10-18 10:35:35.989345', 'client 52426666 bid 0 price Failed')
('2014-10-18 10:35:35.989588', 'client 52426666 bid 0 failed. Abort.....')
('2014-10-18 10:46:26.031674', 'client 52388540 login 王磊 340102198106284017')
('2014-10-18 10:46:26.186023', 'client 52513636 login 胡敏 520102197511120824')
('2014-10-18 10:46:27.021284', 'client 52500364 login 印瑛 310104198512134046')
('2014-10-18 10:46:27.186697', 'client 52331593 login 魏保建 372930198208267054')
('2014-10-18 10:46:28.021129', 'client 52344829 login 邱利利 510781198310175280')
('2014-10-18 10:46:28.188446', 'client 52496736 login 钱曙光 310106196002241216')
('2014-10-18 10:46:29.018604', 'client 52426666 login 钱敏 330522197905243722')
('2014-10-18 10:46:29.189575', 'client 52392248 login 陈梦? 310107198107042518')
('2014-10-18 10:46:30.019792', 'client 52295537 login 贺君昕 310102198806261611')
('2014-10-18 10:46:30.191228', 'client 52460041 login 陈磊 310113198603042426')
('2014-10-18 10:50:02.941153', 'client 52496736 bid 0 image 6D8E7F9C503483E401DE287334FDB875 011841 ')
('2014-10-18 10:50:03.094269', 'client 52500364 bid 0 image F70ED3883E03B45CAC87A7A36D442CE8 292826 ')
('2014-10-18 10:50:03.250491', 'client 52513636 bid 0 image CB16734E90B8E893DCE2F79C280D84C6 826113 ')
('2014-10-18 10:50:03.451933', 'client 52392248 bid 0 image BC6596A619F00D0F47222498EE1B26E7 145714 ')
('2014-10-18 10:50:03.550496', 'client 52295537 bid 0 image A695FBCCFAFEDCE3E671300691F16F76 150916 ')
('2014-10-18 10:50:03.671136', 'client 52426666 bid 0 image 84DA8AD03A6C12DF9538C1928F2D8BA2 681111 ')
('2014-10-18 10:50:03.827200', 'client 52331593 bid 0 image 93456A7DFB4AE86DF570CFF2B66870AA 291819 ')
('2014-10-18 10:50:04.051469', 'client 52344829 bid 0 image 2CB384322574E2F09821D1066048C6D8 182619 ')
('2014-10-18 10:50:04.131058', 'client 52460041 bid 0 image AFCDC03AD1E169CB36764345D60AE2BF 214649 ')
('2014-10-18 10:50:04.266359', 'client 52388540 bid 0 image E28AFCEA5141658C6DC93541CDC15CBA 050016 ')
('2014-10-18 10:50:05.830546', 'client 52331593 bid 0 price 72600 meet err_112 魏保建 372930198208267054')
('2014-10-18 10:50:25.830892', 'client 52331593 bid 0 price Failed')
('2014-10-18 10:50:25.831027', 'client 52331593 bid 0 failed. Abort.....')
('2014-10-18 10:50:26.946956', 'client 52496736 bid 0 price Failed')
('2014-10-18 10:50:26.947081', 'client 52496736 bid 0 failed. Abort.....')
('2014-10-18 10:50:27.099456', 'client 52500364 bid 0 price Failed')
('2014-10-18 10:50:27.099563', 'client 52500364 bid 0 failed. Abort.....')
('2014-10-18 10:50:27.255882', 'client 52513636 bid 0 price Failed')
('2014-10-18 10:50:27.256014', 'client 52513636 bid 0 failed. Abort.....')
('2014-10-18 10:50:27.457490', 'client 52392248 bid 0 price Failed')
('2014-10-18 10:50:27.457652', 'client 52392248 bid 0 failed. Abort.....')
('2014-10-18 10:50:27.554330', 'client 52295537 bid 0 price Failed')
('2014-10-18 10:50:27.554507', 'client 52295537 bid 0 failed. Abort.....')
('2014-10-18 10:50:27.675373', 'client 52426666 bid 0 price Failed')
('2014-10-18 10:50:27.675580', 'client 52426666 bid 0 failed. Abort.....')
('2014-10-18 10:50:28.054792', 'client 52344829 bid 0 price Failed')
('2014-10-18 10:50:28.054903', 'client 52344829 bid 0 failed. Abort.....')
('2014-10-18 10:50:28.134678', 'client 52460041 bid 0 price Failed')
('2014-10-18 10:50:28.134785', 'client 52460041 bid 0 failed. Abort.....')
('2014-10-18 10:50:28.271503', 'client 52388540 bid 0 price Failed')
('2014-10-18 10:50:28.271659', 'client 52388540 bid 0 failed. Abort.....')
('2014-10-18 11:29:37.510727', 'client 52295537 bid 1 image 6A909BA2371CCB70C72D03F4FE873CBF 816164 ')
('2014-10-18 11:29:37.685579', 'client 52496736 bid 1 image 609970477CF80EA3FDE0056C30FE6069 261881 ')
('2014-10-18 11:29:37.908474', 'client 52460041 bid 1 image D4AB5C51BF8C38EA884C23078181106E 601182 ')
('2014-10-18 11:29:38.021422', 'client 52388540 bid 1 image 2041E86FF5FEEE10540C233C3ECE33B5 911160 ')
('2014-10-18 11:29:38.114719', 'client 52513636 bid 1 image F5C877E63F39CD1B25172BD8416D8C3B 061526 ')
('2014-10-18 11:29:38.779335', 'client 52392248 bid 1 image EADAD764D8EEE3B5EE669403F04A1B8A 011845 ')
('2014-10-18 11:29:38.938268', 'client 52344829 bid 1 image 622058E8FE0697A533C6D6691C5FEC8A 526061 ')
('2014-10-18 11:29:39.043913', 'client 52331593 bid 1 image D418ED89246E89CFBBDEF18131777EF9 611263 ')
('2014-10-18 11:29:46.256731', 'client 52426666 bid 1 image Failed')
('2014-10-18 11:29:46.256769', 'client 52426666 bid 1 failed. Abort.....')
('2014-10-18 11:29:49.846468', 'client 52426666 bid 2 image 7FC45DA7307CB66B539C4C868BAD6D0F 841180 ')
('2014-10-18 11:29:53.002900', 'client 52500364 bid 1 image D5632A36647983EB9ADB9DC68E16C768 181738 ')
('2014-10-18 11:30:05.393680', 'client 52460041 bid 1 price Failed')
('2014-10-18 11:30:05.393813', 'client 52460041 bid 1 failed. Abort.....')
('2014-10-18 11:30:05.395443', 'client 52344829 bid 1 price Failed')
('2014-10-18 11:30:05.395493', 'client 52344829 bid 1 failed. Abort.....')
('2014-10-18 11:30:05.396764', 'client 52331593 bid 1 price Failed')
('2014-10-18 11:30:05.396812', 'client 52331593 bid 1 failed. Abort.....')
('2014-10-18 11:30:05.398421', 'client 52392248 bid 1 price Failed')
('2014-10-18 11:30:05.398470', 'client 52392248 bid 1 failed. Abort.....')
('2014-10-18 11:30:05.400135', 'client 52513636 bid 1 price Failed')
('2014-10-18 11:30:05.400227', 'client 52513636 bid 1 failed. Abort.....')
('2014-10-18 11:30:05.403264', 'client 52295537 bid 1 price Failed')
('2014-10-18 11:30:05.403326', 'client 52295537 bid 1 failed. Abort.....')
('2014-10-18 11:30:05.403630', 'client 52388540 bid 1 price Failed')
('2014-10-18 11:30:05.403674', 'client 52388540 bid 1 failed. Abort.....')
('2014-10-18 11:30:05.404363', 'client 52496736 bid 1 price Failed')
('2014-10-18 11:30:05.404403', 'client 52496736 bid 1 failed. Abort.....')
('2014-10-18 11:30:13.849895', 'client 52426666 bid 2 price Failed')
('2014-10-18 11:30:13.850011', 'client 52426666 bid 2 failed. Abort.....')
('2014-10-18 11:30:15.414012', 'client 52344829 bid 2 image Failed')
('2014-10-18 11:30:15.414068', 'client 52344829 bid 2 failed. Abort.....')
('2014-10-18 11:30:15.419730', 'client 52388540 bid 2 image Failed')
('2014-10-18 11:30:15.419769', 'client 52388540 bid 2 failed. Abort.....')
('2014-10-18 11:30:15.424060', 'client 52496736 bid 2 image Failed')
('2014-10-18 11:30:15.424101', 'client 52496736 bid 2 failed. Abort.....')
('2014-10-18 11:30:17.006854', 'client 52500364 bid 1 price Failed')
('2014-10-18 11:30:17.006962', 'client 52500364 bid 1 failed. Abort.....')
('2014-10-18 11:30:23.406079', 'client 52460041 bid 2 image Failed')
('2014-10-18 11:30:23.406113', 'client 52460041 bid 2 failed. Abort.....')
('2014-10-18 11:30:23.408575', 'client 52392248 bid 2 image Failed')
('2014-10-18 11:30:23.408612', 'client 52392248 bid 2 failed. Abort.....')
('2014-10-18 11:30:23.410910', 'client 52331593 bid 2 image Failed')
('2014-10-18 11:30:23.410945', 'client 52331593 bid 2 failed. Abort.....')
('2014-10-18 11:30:23.413581', 'client 52513636 bid 2 image Failed')
('2014-10-18 11:30:23.413611', 'client 52513636 bid 2 failed. Abort.....')
('2014-10-18 11:30:23.418040', 'client 52295537 bid 2 image Failed')
('2014-10-18 11:30:23.418076', 'client 52295537 bid 2 failed. Abort.....')
('2014-10-18 11:30:23.860228', 'client 52426666 bids finished. price : [None, None, None] . Quit.....')
('2014-10-18 11:30:25.424260', 'client 52344829 bids finished. price : [None, None, None] . Quit.....')
('2014-10-18 11:30:25.424492', 'client 52388540 bids finished. price : [None, None, None] . Quit.....')
('2014-10-18 11:30:25.424630', 'client 52496736 bids finished. price : [None, None, None] . Quit.....')
('2014-10-18 11:30:33.416255', 'client 52460041 bids finished. price : [None, None, None] . Quit.....')
('2014-10-18 11:30:33.418686', 'client 52392248 bids finished. price : [None, None, None] . Quit.....')
('2014-10-18 11:30:33.418825', 'client 52331593 bids finished. price : [None, None, None] . Quit.....')
('2014-10-18 11:30:33.418948', 'client 52513636 bids finished. price : [None, None, None] . Quit.....')
('2014-10-18 11:30:33.424257', 'client 52295537 bids finished. price : [None, None, None] . Quit.....')
('2014-10-18 11:30:35.018247', 'client 52500364 bid 2 image Failed')
('2014-10-18 11:30:35.018284', 'client 52500364 bid 2 failed. Abort.....')
('2014-10-18 11:30:45.028397', 'client 52500364 bids finished. price : [None, None, None] . Quit.....')
