('2015-04-18 10:04:57.812463', 'worker [5] started')
('2015-04-18 10:04:57.812537', 'client 8 initted')
('2015-04-18 10:04:58.506941', 'put_channel : 2015-04-18 10:04:58.506861 : channel login, group 1')
('2015-04-18 10:04:58.510371', 'get_channel: 2015-04-18 10:04:58.506861 : 1 ')
('2015-04-18 10:04:58.510442', 'fd_channel : login[0] 0 login[1] 0 , tb0[0] 0 tb0[1] 0 , tb1[0] 0 tb1[1] 0')
('2015-04-18 10:04:58.510853', 'put_channel : 2015-04-18 10:04:58.510798 : channel login, group 0')
('2015-04-18 10:04:58.511086', 'get_channel: 2015-04-18 10:04:58.510798 : 0 ')
('2015-04-18 10:04:58.511130', 'fd_channel : login[0] 0 login[1] 0 , tb0[0] 0 tb0[1] 0 , tb1[0] 0 tb1[1] 0')
('2015-04-18 10:04:58.515051', 'close_channel : 2015-04-18 10:04:58.506861')
('2015-04-18 10:04:58.519291', 'close_channel : 2015-04-18 10:04:58.510798')
('2015-04-18 10:05:00.007072', 'put_channel : 2015-04-18 10:05:00.006989 : channel login, group 1')
('2015-04-18 10:05:00.007597', 'get_channel: 2015-04-18 10:05:00.006989 : 1 ')
('2015-04-18 10:05:00.007649', 'fd_channel : login[0] 0 login[1] 0 , tb0[0] 0 tb0[1] 0 , tb1[0] 0 tb1[1] 0')
('2015-04-18 10:05:00.009070', 'put_channel : 2015-04-18 10:05:00.009022 : channel login, group 0')
('2015-04-18 10:05:00.009367', 'get_channel: 2015-04-18 10:05:00.009022 : 0 ')
('2015-04-18 10:05:00.009413', 'fd_channel : login[0] 0 login[1] 0 , tb0[0] 0 tb0[1] 0 , tb1[0] 0 tb1[1] 0')
('2015-04-18 10:05:00.012143', 'close_channel : 2015-04-18 10:05:00.006989')
('2015-04-18 10:05:00.014398', 'close_channel : 2015-04-18 10:05:00.009022')
('2015-04-18 10:05:01.506412', 'put_channel : 2015-04-18 10:05:01.506339 : channel login, group 1')
('2015-04-18 10:05:01.506904', 'get_channel: 2015-04-18 10:05:01.506339 : 1 ')
('2015-04-18 10:05:01.506956', 'fd_channel : login[0] 0 login[1] 0 , tb0[0] 0 tb0[1] 0 , tb1[0] 0 tb1[1] 0')
('2015-04-18 10:05:01.508538', 'put_channel : 2015-04-18 10:05:01.508492 : channel login, group 0')
('2015-04-18 10:05:01.508830', 'get_channel: 2015-04-18 10:05:01.508492 : 0 ')
('2015-04-18 10:05:01.508879', 'fd_channel : login[0] 0 login[1] 0 , tb0[0] 0 tb0[1] 0 , tb1[0] 0 tb1[1] 0')
('2015-04-18 10:05:01.510985', 'close_channel : 2015-04-18 10:05:01.506339')
('2015-04-18 10:05:01.513747', 'close_channel : 2015-04-18 10:05:01.508492')
('2015-04-18 10:05:03.009183', 'put_channel : 2015-04-18 10:05:03.009101 : channel login, group 1')
('2015-04-18 10:05:03.009740', 'get_channel: 2015-04-18 10:05:03.009101 : 1 ')
('2015-04-18 10:05:03.009794', 'fd_channel : login[0] 0 login[1] 0 , tb0[0] 0 tb0[1] 0 , tb1[0] 0 tb1[1] 0')
('2015-04-18 10:05:03.010438', 'put_channel : 2015-04-18 10:05:03.010397 : channel login, group 0')
('2015-04-18 10:05:03.010697', 'get_channel: 2015-04-18 10:05:03.010397 : 0 ')
('2015-04-18 10:05:03.010742', 'fd_channel : login[0] 0 login[1] 0 , tb0[0] 0 tb0[1] 0 , tb1[0] 0 tb1[1] 0')
('2015-04-18 10:05:03.014995', 'close_channel : 2015-04-18 10:05:03.009101')
('2015-04-18 10:05:03.016558', 'close_channel : 2015-04-18 10:05:03.010397')
('2015-04-18 10:32:31.507115', 'put_channel : 2015-04-18 10:32:31.507016 : channel tb0, group 1')
('2015-04-18 10:32:31.510823', 'put_channel : 2015-04-18 10:32:31.510779 : channel tb0, group 0')
('2015-04-18 10:32:33.010988', 'put_channel : 2015-04-18 10:32:33.010857 : channel tb0, group 0')
('2015-04-18 10:32:33.011637', 'put_channel : 2015-04-18 10:32:33.011524 : channel tb0, group 1')
('2015-04-18 10:32:34.509409', 'put_channel : 2015-04-18 10:32:34.509316 : channel tb0, group 1')
('2015-04-18 10:32:34.509875', 'put_channel : 2015-04-18 10:32:34.509838 : channel tb0, group 0')
('2015-04-18 10:32:36.007279', 'put_channel : 2015-04-18 10:32:36.007207 : channel tb0, group 1')
('2015-04-18 10:32:36.008751', 'put_channel : 2015-04-18 10:32:36.008685 : channel tb0, group 0')
('2015-04-18 10:32:37.509634', 'put_channel : 2015-04-18 10:32:37.509561 : channel tb0, group 1')
('2015-04-18 10:32:37.510981', 'put_channel : 2015-04-18 10:32:37.510912 : channel tb0, group 0')
('2015-04-18 10:32:39.006981', 'put_channel : 2015-04-18 10:32:39.006908 : channel tb0, group 1')
('2015-04-18 10:32:40.508529', 'put_channel : 2015-04-18 10:32:40.508315 : channel tb0, group 1')
('2015-04-18 10:32:42.007663', 'put_channel : 2015-04-18 10:32:42.007524 : channel tb0, group 1')
('2015-04-18 10:32:43.508658', 'put_channel : 2015-04-18 10:32:43.508537 : channel tb0, group 1')
('2015-04-18 10:32:44.506609', 'put_channel : 2015-04-18 10:32:44.506517 : channel tb0, group 0')
('2015-04-18 10:32:45.009028', 'put_channel : 2015-04-18 10:32:45.008906 : channel tb0, group 1')
('2015-04-18 10:32:45.010547', 'put_channel : 2015-04-18 10:32:45.010506 : channel tb0, group 0')
('2015-04-18 10:32:45.014660', 'put_channel : 2015-04-18 10:32:45.014586 : channel tb0, group 0')
('2015-04-18 10:32:46.019177', 'put_channel : 2015-04-18 10:32:46.019096 : channel tb0, group 0')
('2015-04-18 10:32:46.507027', 'put_channel : 2015-04-18 10:32:46.506956 : channel tb0, group 1')
('2015-04-18 10:32:46.510498', 'put_channel : 2015-04-18 10:32:46.510456 : channel tb0, group 0')
('2015-04-18 10:32:47.524812', 'put_channel : 2015-04-18 10:32:47.524660 : channel tb0, group 0')
('2015-04-18 10:32:48.010107', 'put_channel : 2015-04-18 10:32:48.009979 : channel tb0, group 0')
('2015-04-18 10:32:48.010492', 'put_channel : 2015-04-18 10:32:48.010393 : channel tb0, group 1')
('2015-04-18 10:32:49.509068', 'put_channel : 2015-04-18 10:32:49.508993 : channel tb0, group 1')
('2015-04-18 10:32:49.509409', 'put_channel : 2015-04-18 10:32:49.509342 : channel tb0, group 0')
('2015-04-18 10:32:51.009432', 'put_channel : 2015-04-18 10:32:51.009324 : channel tb0, group 1')
('2015-04-18 10:32:51.009745', 'put_channel : 2015-04-18 10:32:51.009709 : channel tb0, group 0')
('2015-04-18 10:32:52.507293', 'put_channel : 2015-04-18 10:32:52.507216 : channel tb0, group 1')
('2015-04-18 10:32:52.511090', 'put_channel : 2015-04-18 10:32:52.510988 : channel tb0, group 0')
('2015-04-18 10:32:54.008112', 'put_channel : 2015-04-18 10:32:54.007989 : channel tb0, group 1')
('2015-04-18 10:32:55.507475', 'put_channel : 2015-04-18 10:32:55.507395 : channel tb0, group 1')
('2015-04-18 10:32:57.009341', 'put_channel : 2015-04-18 10:32:57.009183 : channel tb0, group 1')
('2015-04-18 10:32:57.009817', 'put_channel : 2015-04-18 10:32:57.009762 : channel tb0, group 0')
('2015-04-18 10:32:57.010548', 'put_channel : 2015-04-18 10:32:57.010499 : channel tb0, group 0')
('2015-04-18 10:32:58.509476', 'put_channel : 2015-04-18 10:32:58.509367 : channel tb0, group 1')
('2015-04-18 10:32:58.510501', 'put_channel : 2015-04-18 10:32:58.510442 : channel tb0, group 0')
('2015-04-18 10:32:58.511116', 'put_channel : 2015-04-18 10:32:58.511016 : channel tb0, group 0')
('2015-04-18 10:33:00.009106', 'put_channel : 2015-04-18 10:33:00.009031 : channel tb0, group 1')
('2015-04-18 10:33:00.009449', 'put_channel : 2015-04-18 10:33:00.009386 : channel tb0, group 0')
('2015-04-18 10:33:01.508007', 'put_channel : 2015-04-18 10:33:01.507868 : channel tb0, group 1')
('2015-04-18 10:33:01.510039', 'put_channel : 2015-04-18 10:33:01.509974 : channel tb0, group 0')
('2015-04-18 10:33:03.007590', 'put_channel : 2015-04-18 10:33:03.007493 : channel tb0, group 1')
('2015-04-18 10:33:03.010793', 'put_channel : 2015-04-18 10:33:03.010699 : channel tb0, group 0')
('2015-04-18 10:33:04.508810', 'put_channel : 2015-04-18 10:33:04.508685 : channel tb0, group 1')
('2015-04-18 10:33:04.510530', 'put_channel : 2015-04-18 10:33:04.510443 : channel tb0, group 0')
('2015-04-18 10:33:06.007240', 'put_channel : 2015-04-18 10:33:06.007114 : channel tb0, group 1')
('2015-04-18 10:33:06.008936', 'put_channel : 2015-04-18 10:33:06.008889 : channel tb0, group 0')
('2015-04-18 10:33:07.507772', 'put_channel : 2015-04-18 10:33:07.507700 : channel tb0, group 1')
('2015-04-18 10:33:07.510584', 'put_channel : 2015-04-18 10:33:07.510499 : channel tb0, group 0')
('2015-04-18 10:33:09.008573', 'put_channel : 2015-04-18 10:33:09.008500 : channel tb0, group 1')
('2015-04-18 10:33:14.504757', 'put_channel : 2015-04-18 10:33:14.504660 : channel tb0, group 1')
('2015-04-18 10:33:15.008279', 'put_channel : 2015-04-18 10:33:15.008213 : channel tb0, group 1')
('2015-04-18 10:33:15.008758', 'put_channel : 2015-04-18 10:33:15.008719 : channel tb0, group 1')
('2015-04-18 10:33:16.506341', 'put_channel : 2015-04-18 10:33:16.506272 : channel tb0, group 1')
('2015-04-18 10:33:18.009296', 'put_channel : 2015-04-18 10:33:18.009221 : channel tb0, group 0')
('2015-04-18 10:33:18.012322', 'put_channel : 2015-04-18 10:33:18.012275 : channel tb0, group 0')
('2015-04-18 10:33:19.018600', 'put_channel : 2015-04-18 10:33:19.018516 : channel tb0, group 0')
('2015-04-18 10:33:19.507671', 'put_channel : 2015-04-18 10:33:19.507598 : channel tb0, group 0')
('2015-04-18 10:33:19.510304', 'put_channel : 2015-04-18 10:33:19.510247 : channel tb0, group 0')
('2015-04-18 10:33:22.004953', 'put_channel : 2015-04-18 10:33:22.004873 : channel tb0, group 1')
('2015-04-18 10:33:22.512515', 'put_channel : 2015-04-18 10:33:22.512359 : channel tb0, group 0')
('2015-04-18 10:33:23.504913', 'put_channel : 2015-04-18 10:33:23.504832 : channel tb0, group 1')
('2015-04-18 10:33:25.507552', 'put_channel : 2015-04-18 10:33:25.507464 : channel tb0, group 1')
('2015-04-18 10:33:26.507620', 'put_channel : 2015-04-18 10:33:26.507441 : channel tb0, group 0')
('2015-04-18 10:33:27.009658', 'put_channel : 2015-04-18 10:33:27.009582 : channel tb0, group 0')
('2015-04-18 10:33:27.074223', 'put_channel : 2015-04-18 10:33:27.074063 : channel tb0, group 0')
('2015-04-18 10:33:28.020789', 'put_channel : 2015-04-18 10:33:28.020710 : channel tb0, group 0')
('2015-04-18 10:33:28.434484', 'put_channel : 2015-04-18 10:33:28.434372 : channel tb0, group 1')
('2015-04-18 10:33:28.507585', 'put_channel : 2015-04-18 10:33:28.507511 : channel tb0, group 1')
('2015-04-18 10:33:37.005359', 'put_channel : 2015-04-18 10:33:37.005268 : channel tb0, group 1')
('2015-04-18 10:33:37.016622', 'put_channel : 2015-04-18 10:33:37.016527 : channel tb0, group 1')
('2015-04-18 10:33:37.510352', 'put_channel : 2015-04-18 10:33:37.510213 : channel tb0, group 1')
('2015-04-18 10:33:37.510993', 'put_channel : 2015-04-18 10:33:37.510909 : channel tb0, group 1')
('2015-04-18 10:33:38.514340', 'put_channel : 2015-04-18 10:33:38.514232 : channel tb0, group 1')
('2015-04-18 10:33:39.008121', 'put_channel : 2015-04-18 10:33:39.007983 : channel tb0, group 1')
('2015-04-18 10:33:39.042281', 'put_channel : 2015-04-18 10:33:39.042228 : channel tb0, group 1')
('2015-04-18 10:33:40.016433', 'put_channel : 2015-04-18 10:33:40.016328 : channel tb0, group 1')
('2015-04-18 10:33:41.506592', 'put_channel : 2015-04-18 10:33:41.506511 : channel tb0, group 0')
('2015-04-18 10:33:41.522360', 'put_channel : 2015-04-18 10:33:41.522305 : channel tb0, group 0')
('2015-04-18 10:33:41.572725', 'put_channel : 2015-04-18 10:33:41.572643 : channel tb0, group 0')
('2015-04-18 10:33:42.009647', 'put_channel : 2015-04-18 10:33:42.009524 : channel tb0, group 0')
('2015-04-18 10:33:42.010737', 'put_channel : 2015-04-18 10:33:42.010687 : channel tb0, group 0')
('2015-04-18 10:33:43.006407', 'put_channel : 2015-04-18 10:33:43.006323 : channel tb0, group 1')
('2015-04-18 10:33:43.018500', 'put_channel : 2015-04-18 10:33:43.018454 : channel tb0, group 0')
('2015-04-18 10:33:43.509521', 'put_channel : 2015-04-18 10:33:43.509393 : channel tb0, group 0')
('2015-04-18 10:33:43.540162', 'put_channel : 2015-04-18 10:33:43.540082 : channel tb0, group 0')
('2015-04-18 10:33:44.514759', 'put_channel : 2015-04-18 10:33:44.514604 : channel tb0, group 0')
('2015-04-18 10:33:44.578870', 'put_channel : 2015-04-18 10:33:44.578787 : channel tb0, group 0')
('2015-04-18 10:33:46.006670', 'put_channel : 2015-04-18 10:33:46.006566 : channel tb0, group 1')
('2015-04-18 10:33:46.507290', 'put_channel : 2015-04-18 10:33:46.507215 : channel tb0, group 1')
('2015-04-18 10:33:46.571714', 'put_channel : 2015-04-18 10:33:46.571614 : channel tb0, group 1')
('2015-04-18 10:33:47.521078', 'put_channel : 2015-04-18 10:33:47.520932 : channel tb0, group 1')
('2015-04-18 10:33:48.010653', 'put_channel : 2015-04-18 10:33:48.010531 : channel tb0, group 0')
('2015-04-18 10:33:48.012060', 'put_channel : 2015-04-18 10:33:48.012014 : channel tb0, group 0')
('2015-04-18 10:33:50.505297', 'put_channel : 2015-04-18 10:33:50.505145 : channel tb0, group 1')
('2015-04-18 10:33:50.562285', 'put_channel : 2015-04-18 10:33:50.562214 : channel tb0, group 1')
('2015-04-18 10:33:54.008138', 'put_channel : 2015-04-18 10:33:54.007996 : channel tb0, group 1')
('2015-04-18 10:33:54.008937', 'put_channel : 2015-04-18 10:33:54.008852 : channel tb0, group 1')
('2015-04-18 10:33:55.016709', 'put_channel : 2015-04-18 10:33:55.016626 : channel tb0, group 1')
('2015-04-18 10:33:58.509202', 'put_channel : 2015-04-18 10:33:58.509054 : channel tb0, group 1')
('2015-04-18 10:33:58.509918', 'put_channel : 2015-04-18 10:33:58.509834 : channel tb0, group 1')
('2015-04-18 10:33:59.520648', 'put_channel : 2015-04-18 10:33:59.520568 : channel tb0, group 1')
('2015-04-18 10:34:01.006390', 'put_channel : 2015-04-18 10:34:01.006319 : channel tb0, group 0')
('2015-04-18 10:34:01.018376', 'put_channel : 2015-04-18 10:34:01.018321 : channel tb0, group 0')
('2015-04-18 10:34:01.058308', 'put_channel : 2015-04-18 10:34:01.058242 : channel tb0, group 0')
('2015-04-18 10:34:01.510812', 'put_channel : 2015-04-18 10:34:01.510660 : channel tb0, group 0')
('2015-04-18 10:34:01.515221', 'put_channel : 2015-04-18 10:34:01.515180 : channel tb0, group 0')
('2015-04-18 10:34:01.539091', 'put_channel : 2015-04-18 10:34:01.539030 : channel tb0, group 0')
('2015-04-18 10:34:02.497965', 'get_channel: 2015-04-18 10:32:31.507016 : 1 ')
('2015-04-18 10:34:02.498093', 'fd_channel : login[0] 0 login[1] 0 , tb0[0] 53 tb0[1] 55 , tb1[0] 0 tb1[1] 0')
('2015-04-18 10:34:02.498900', 'get_channel: 2015-04-18 10:32:33.011524 : 1 ')
('2015-04-18 10:34:02.498946', 'fd_channel : login[0] 0 login[1] 0 , tb0[0] 53 tb0[1] 54 , tb1[0] 0 tb1[1] 0')
('2015-04-18 10:34:02.499710', 'get_channel: 2015-04-18 10:32:34.509316 : 1 ')
('2015-04-18 10:34:02.499753', 'fd_channel : login[0] 0 login[1] 0 , tb0[0] 53 tb0[1] 53 , tb1[0] 0 tb1[1] 0')
('2015-04-18 10:34:02.501275', 'get_channel: 2015-04-18 10:32:36.007207 : 1 ')
('2015-04-18 10:34:02.501321', 'fd_channel : login[0] 0 login[1] 0 , tb0[0] 53 tb0[1] 52 , tb1[0] 0 tb1[1] 0')
('2015-04-18 10:34:02.502955', 'get_channel: 2015-04-18 10:32:37.509561 : 1 ')
('2015-04-18 10:34:02.503025', 'fd_channel : login[0] 0 login[1] 0 , tb0[0] 53 tb0[1] 51 , tb1[0] 0 tb1[1] 0')
('2015-04-18 10:34:02.504039', 'get_channel: 2015-04-18 10:32:39.006908 : 1 ')
('2015-04-18 10:34:02.504128', 'fd_channel : login[0] 0 login[1] 0 , tb0[0] 53 tb0[1] 50 , tb1[0] 0 tb1[1] 0')
('2015-04-18 10:34:02.505618', 'get_channel: 2015-04-18 10:32:40.508315 : 1 ')
('2015-04-18 10:34:02.505704', 'fd_channel : login[0] 0 login[1] 0 , tb0[0] 53 tb0[1] 49 , tb1[0] 0 tb1[1] 0')
('2015-04-18 10:34:02.507006', 'get_channel: 2015-04-18 10:32:42.007524 : 1 ')
('2015-04-18 10:34:02.507079', 'fd_channel : login[0] 0 login[1] 0 , tb0[0] 53 tb0[1] 48 , tb1[0] 0 tb1[1] 0')
('2015-04-18 10:34:02.514531', 'put_channel : 2015-04-18 10:34:02.514477 : channel tb0, group 0')
('2015-04-18 10:34:02.562473', 'put_channel : 2015-04-18 10:34:02.562405 : channel tb0, group 0')
('2015-04-18 10:34:02.707609', 'close_channel : 2015-04-18 10:32:33.011524')
('2015-04-18 10:34:02.709497', 'close_channel : 2015-04-18 10:32:34.509316')
('2015-04-18 10:34:02.709957', 'close_channel : 2015-04-18 10:32:31.507016')
('2015-04-18 10:34:02.713142', 'close_channel : 2015-04-18 10:32:37.509561')
('2015-04-18 10:34:02.716067', 'close_channel : 2015-04-18 10:32:39.006908')
('2015-04-18 10:34:02.718042', 'close_channel : 2015-04-18 10:32:40.508315')
('2015-04-18 10:34:02.718336', 'close_channel : 2015-04-18 10:32:42.007524')
('2015-04-18 10:34:02.718786', 'close_channel : 2015-04-18 10:32:36.007207')
('2015-04-18 10:34:05.761756', 'get_channel: 2015-04-18 10:32:31.510779 : 0 ')
('2015-04-18 10:34:05.761860', 'fd_channel : login[0] 0 login[1] 0 , tb0[0] 54 tb0[1] 48 , tb1[0] 0 tb1[1] 0')
('2015-04-18 10:34:05.762868', 'get_channel: 2015-04-18 10:32:43.508537 : 1 ')
('2015-04-18 10:34:05.762914', 'fd_channel : login[0] 0 login[1] 0 , tb0[0] 54 tb0[1] 47 , tb1[0] 0 tb1[1] 0')
('2015-04-18 10:34:06.384699', 'close_channel : 2015-04-18 10:32:43.508537')
('2015-04-18 10:34:07.005363', 'put_channel : 2015-04-18 10:34:07.005187 : channel tb0, group 1')
('2015-04-18 10:34:07.016902', 'put_channel : 2015-04-18 10:34:07.016853 : channel tb0, group 1')
('2015-04-18 10:34:07.506626', 'put_channel : 2015-04-18 10:34:07.506550 : channel tb0, group 1')
('2015-04-18 10:34:07.512896', 'put_channel : 2015-04-18 10:34:07.512845 : channel tb0, group 1')
('2015-04-18 10:34:08.245487', 'get_channel: 2015-04-18 10:32:33.010857 : 0 ')
('2015-04-18 10:34:08.245564', 'fd_channel : login[0] 0 login[1] 0 , tb0[0] 53 tb0[1] 51 , tb1[0] 0 tb1[1] 0')
('2015-04-18 10:34:08.247498', 'get_channel: 2015-04-18 10:32:45.008906 : 1 ')
('2015-04-18 10:34:08.247596', 'fd_channel : login[0] 0 login[1] 0 , tb0[0] 53 tb0[1] 50 , tb1[0] 0 tb1[1] 0')
('2015-04-18 10:34:08.261268', 'close_channel : 2015-04-18 10:32:45.008906')
('2015-04-18 10:34:08.263457', 'get_channel: 2015-04-18 10:32:34.509838 : 0 ')
('2015-04-18 10:34:08.263563', 'fd_channel : login[0] 0 login[1] 0 , tb0[0] 52 tb0[1] 50 , tb1[0] 0 tb1[1] 0')
('2015-04-18 10:34:08.267012', 'get_channel: 2015-04-18 10:32:46.506956 : 1 ')
('2015-04-18 10:34:08.267056', 'fd_channel : login[0] 0 login[1] 0 , tb0[0] 52 tb0[1] 49 , tb1[0] 0 tb1[1] 0')
('2015-04-18 10:34:08.279693', 'close_channel : 2015-04-18 10:32:46.506956')
('2015-04-18 10:34:08.363439', 'get_channel: 2015-04-18 10:32:36.008685 : 0 ')
('2015-04-18 10:34:08.363546', 'fd_channel : login[0] 0 login[1] 0 , tb0[0] 51 tb0[1] 49 , tb1[0] 0 tb1[1] 0')
('2015-04-18 10:34:08.364861', 'get_channel: 2015-04-18 10:32:48.010393 : 1 ')
('2015-04-18 10:34:08.364905', 'fd_channel : login[0] 0 login[1] 0 , tb0[0] 51 tb0[1] 48 , tb1[0] 0 tb1[1] 0')
('2015-04-18 10:34:08.377716', 'close_channel : 2015-04-18 10:32:48.010393')
('2015-04-18 10:34:09.206728', 'get_channel: 2015-04-18 10:32:37.510912 : 0 ')
('2015-04-18 10:34:09.206776', 'fd_channel : login[0] 0 login[1] 0 , tb0[0] 50 tb0[1] 48 , tb1[0] 0 tb1[1] 0')
('2015-04-18 10:34:09.207737', 'get_channel: 2015-04-18 10:32:49.508993 : 1 ')
('2015-04-18 10:34:09.207779', 'fd_channel : login[0] 0 login[1] 0 , tb0[0] 50 tb0[1] 47 , tb1[0] 0 tb1[1] 0')
('2015-04-18 10:34:10.414784', 'get_channel: 2015-04-18 10:32:44.506517 : 0 ')
('2015-04-18 10:34:10.414917', 'fd_channel : login[0] 0 login[1] 0 , tb0[0] 49 tb0[1] 47 , tb1[0] 0 tb1[1] 0')
('2015-04-18 10:34:10.416101', 'get_channel: 2015-04-18 10:32:51.009324 : 1 ')
('2015-04-18 10:34:10.416148', 'fd_channel : login[0] 0 login[1] 0 , tb0[0] 49 tb0[1] 46 , tb1[0] 0 tb1[1] 0')
('2015-04-18 10:34:11.209118', 'get_channel: 2015-04-18 10:32:45.010506 : 0 ')
('2015-04-18 10:34:11.209196', 'fd_channel : login[0] 0 login[1] 0 , tb0[0] 48 tb0[1] 46 , tb1[0] 0 tb1[1] 0')
('2015-04-18 10:34:11.209971', 'get_channel: 2015-04-18 10:32:52.507216 : 1 ')
('2015-04-18 10:34:11.210016', 'fd_channel : login[0] 0 login[1] 0 , tb0[0] 48 tb0[1] 45 , tb1[0] 0 tb1[1] 0')
('2015-04-18 10:34:11.365759', 'get_channel: 2015-04-18 10:32:45.014586 : 0 ')
('2015-04-18 10:34:11.365884', 'fd_channel : login[0] 0 login[1] 0 , tb0[0] 47 tb0[1] 45 , tb1[0] 0 tb1[1] 0')
('2015-04-18 10:34:11.367862', 'get_channel: 2015-04-18 10:32:54.007989 : 1 ')
('2015-04-18 10:34:11.367920', 'fd_channel : login[0] 0 login[1] 0 , tb0[0] 47 tb0[1] 44 , tb1[0] 0 tb1[1] 0')
('2015-04-18 10:34:11.705686', 'get_channel: 2015-04-18 10:32:46.019096 : 0 ')
('2015-04-18 10:34:11.705772', 'fd_channel : login[0] 0 login[1] 0 , tb0[0] 46 tb0[1] 44 , tb1[0] 0 tb1[1] 0')
('2015-04-18 10:34:11.706970', 'get_channel: 2015-04-18 10:32:55.507395 : 1 ')
('2015-04-18 10:34:11.707022', 'fd_channel : login[0] 0 login[1] 0 , tb0[0] 46 tb0[1] 43 , tb1[0] 0 tb1[1] 0')
('2015-04-18 10:34:12.418317', 'get_channel: 2015-04-18 10:32:46.510456 : 0 ')
('2015-04-18 10:34:12.418476', 'fd_channel : login[0] 0 login[1] 0 , tb0[0] 45 tb0[1] 43 , tb1[0] 0 tb1[1] 0')
('2015-04-18 10:34:12.419708', 'get_channel: 2015-04-18 10:32:57.009183 : 1 ')
('2015-04-18 10:34:12.419754', 'fd_channel : login[0] 0 login[1] 0 , tb0[0] 45 tb0[1] 42 , tb1[0] 0 tb1[1] 0')
('2015-04-18 10:34:13.004957', 'put_channel : 2015-04-18 10:34:13.004811 : channel tb0, group 1')
('2015-04-18 10:34:13.040819', 'close_channel : 2015-04-18 10:32:57.009183')
('2015-04-18 10:34:13.143593', 'close_channel : 2015-04-18 10:32:55.507395')
('2015-04-18 10:34:13.370631', 'get_channel: 2015-04-18 10:32:47.524660 : 0 ')
('2015-04-18 10:34:13.370786', 'fd_channel : login[0] 0 login[1] 0 , tb0[0] 44 tb0[1] 43 , tb1[0] 0 tb1[1] 0')
('2015-04-18 10:34:13.372111', 'get_channel: 2015-04-18 10:32:58.509367 : 1 ')
('2015-04-18 10:34:13.372222', 'fd_channel : login[0] 0 login[1] 0 , tb0[0] 44 tb0[1] 42 , tb1[0] 0 tb1[1] 0')
('2015-04-18 10:34:13.385612', 'close_channel : 2015-04-18 10:32:58.509367')
('2015-04-18 10:34:14.433825', 'close_channel : 2015-04-18 10:32:45.014586')
('2015-04-18 10:34:16.508997', 'put_channel : 2015-04-18 10:34:16.508906 : channel tb0, group 1')
('2015-04-18 10:34:16.509227', 'put_channel : 2015-04-18 10:34:16.509155 : channel tb0, group 1')
('2015-04-18 10:34:21.010144', 'put_channel : 2015-04-18 10:34:21.010007 : channel tb0, group 1')
('2015-04-18 10:34:21.010912', 'put_channel : 2015-04-18 10:34:21.010797 : channel tb0, group 1')
('2015-04-18 10:34:21.120817', 'close_channel : 2015-04-18 10:32:33.010857')
('2015-04-18 10:34:21.152828', 'close_channel : 2015-04-18 10:32:34.509838')
('2015-04-18 10:34:21.249053', 'close_channel : 2015-04-18 10:32:36.008685')
('2015-04-18 10:34:21.890559', 'put_channel : 2015-04-18 10:34:21.890411 : channel tb0, group 0')
('2015-04-18 10:34:22.006802', 'put_channel : 2015-04-18 10:34:22.006717 : channel tb0, group 0')
('2015-04-18 10:34:22.018613', 'put_channel : 2015-04-18 10:34:22.018565 : channel tb0, group 0')
('2015-04-18 10:34:22.051195', 'put_channel : 2015-04-18 10:34:22.051126 : channel tb0, group 0')
('2015-04-18 10:34:22.087917', 'close_channel : 2015-04-18 10:32:37.510912')
('2015-04-18 10:34:22.510619', 'put_channel : 2015-04-18 10:34:22.510532 : channel tb0, group 0')
('2015-04-18 10:34:22.530752', 'put_channel : 2015-04-18 10:34:22.530690 : channel tb0, group 0')
('2015-04-18 10:34:23.297560', 'close_channel : 2015-04-18 10:32:44.506517')
('2015-04-18 10:34:23.524437', 'put_channel : 2015-04-18 10:34:23.524333 : channel tb0, group 0')
('2015-04-18 10:34:24.593469', 'close_channel : 2015-04-18 10:32:46.019096')
('2015-04-18 10:34:25.018575', 'put_channel : 2015-04-18 10:34:25.018501 : channel tb0, group 0')
('2015-04-18 10:34:25.540312', 'put_channel : 2015-04-18 10:34:25.540228 : channel tb0, group 0')
('2015-04-18 10:34:26.258580', 'close_channel : 2015-04-18 10:32:47.524660')
('2015-04-18 10:34:32.544781', 'put_channel : 2015-04-18 10:34:32.544692 : channel tb0, group 1')
('2015-04-18 10:34:34.080850', 'put_channel : 2015-04-18 10:34:34.080754 : channel tb0, group 1')
('2015-04-18 10:34:34.528920', 'put_channel : 2015-04-18 10:34:34.528841 : channel tb0, group 1')
('2015-04-18 10:34:35.169854', 'close_channel : 2015-04-18 10:32:49.508993')
('2015-04-18 10:34:37.344820', 'close_channel : 2015-04-18 10:32:54.007989')
('2015-04-18 10:34:40.066047', 'put_channel : 2015-04-18 10:34:40.065962 : channel tb0, group 1')
('2015-04-18 10:34:41.570557', 'put_channel : 2015-04-18 10:34:41.570474 : channel tb0, group 1')
('2015-04-18 10:34:44.579502', 'put_channel : 2015-04-18 10:34:44.579376 : channel tb0, group 0')
('2015-04-18 10:34:46.048275', 'put_channel : 2015-04-18 10:34:46.048192 : channel tb0, group 1')
('2015-04-18 10:34:52.642548', 'put_channel : 2015-04-18 10:34:52.642466 : channel tb0, group 0')
('2015-04-18 10:34:55.651486', 'put_channel : 2015-04-18 10:34:55.651337 : channel tb0, group 0')
('2015-04-18 10:34:57.890829', 'close_channel : 2015-04-18 10:32:31.510779')
('2015-04-18 10:35:00.128519', 'put_channel : 2015-04-18 10:35:00.128434 : channel tb0, group 1')
('2015-04-18 10:35:00.130371', 'put_channel : 2015-04-18 10:35:00.130306 : channel tb0, group 0')
('2015-04-18 10:35:06.146721', 'put_channel : 2015-04-18 10:35:06.146637 : channel tb0, group 0')
('2015-04-18 10:35:07.620390', 'put_channel : 2015-04-18 10:35:07.620254 : channel tb0, group 0')
('2015-04-18 10:35:09.155239', 'put_channel : 2015-04-18 10:35:09.155155 : channel tb0, group 0')
('2015-04-18 10:35:15.171099', 'put_channel : 2015-04-18 10:35:15.170973 : channel tb0, group 0')
('2015-04-18 11:27:42.013388', 'put_channel : 2015-04-18 11:27:42.013222 : channel tb1, group 0')
('2015-04-18 11:27:43.011268', 'put_channel : 2015-04-18 11:27:43.011183 : channel tb1, group 1')
('2015-04-18 11:27:43.508292', 'put_channel : 2015-04-18 11:27:43.508218 : channel tb1, group 0')
('2015-04-18 11:27:43.508647', 'put_channel : 2015-04-18 11:27:43.508594 : channel tb1, group 1')
('2015-04-18 11:27:45.011894', 'put_channel : 2015-04-18 11:27:45.011825 : channel tb1, group 0')
('2015-04-18 11:27:46.006971', 'put_channel : 2015-04-18 11:27:46.006893 : channel tb1, group 1')
('2015-04-18 11:27:46.509890', 'put_channel : 2015-04-18 11:27:46.509807 : channel tb1, group 0')
('2015-04-18 11:27:47.505022', 'put_channel : 2015-04-18 11:27:47.504941 : channel tb1, group 1')
('2015-04-18 11:27:48.009657', 'put_channel : 2015-04-18 11:27:48.009504 : channel tb1, group 0')
('2015-04-18 11:27:49.006838', 'put_channel : 2015-04-18 11:27:49.006715 : channel tb1, group 1')
('2015-04-18 11:27:49.507373', 'put_channel : 2015-04-18 11:27:49.507289 : channel tb1, group 1')
('2015-04-18 11:27:52.004504', 'put_channel : 2015-04-18 11:27:52.004422 : channel tb1, group 1')
('2015-04-18 11:27:53.505321', 'put_channel : 2015-04-18 11:27:53.505181 : channel tb1, group 1')
('2015-04-18 11:27:55.005523', 'put_channel : 2015-04-18 11:27:55.005449 : channel tb1, group 1')
('2015-04-18 11:27:59.522920', 'put_channel : 2015-04-18 11:27:59.522776 : channel tb1, group 0')
('2015-04-18 11:28:01.006138', 'put_channel : 2015-04-18 11:28:01.006057 : channel tb1, group 1')
('2015-04-18 11:28:01.512148', 'put_channel : 2015-04-18 11:28:01.512072 : channel tb1, group 0')
('2015-04-18 11:28:02.507738', 'put_channel : 2015-04-18 11:28:02.507619 : channel tb1, group 1')
('2015-04-18 11:28:03.006791', 'put_channel : 2015-04-18 11:28:03.006713 : channel tb1, group 1')
('2015-04-18 11:28:04.016840', 'put_channel : 2015-04-18 11:28:04.016763 : channel tb1, group 1')
('2015-04-18 11:28:04.507975', 'put_channel : 2015-04-18 11:28:04.507892 : channel tb1, group 1')
('2015-04-18 11:28:05.508649', 'put_channel : 2015-04-18 11:28:05.508569 : channel tb1, group 0')
('2015-04-18 11:28:06.013033', 'put_channel : 2015-04-18 11:28:06.012950 : channel tb1, group 0')
('2015-04-18 11:28:06.034574', 'put_channel : 2015-04-18 11:28:06.034487 : channel tb1, group 0')
('2015-04-18 11:28:13.507226', 'put_channel : 2015-04-18 11:28:13.507155 : channel tb1, group 1')
('2015-04-18 11:28:13.538355', 'put_channel : 2015-04-18 11:28:13.538219 : channel tb1, group 1')
('2015-04-18 11:28:15.007400', 'put_channel : 2015-04-18 11:28:15.007334 : channel tb1, group 1')
('2015-04-18 11:28:20.506899', 'put_channel : 2015-04-18 11:28:20.506647 : channel tb1, group 0')
('2015-04-18 11:28:20.516807', 'put_channel : 2015-04-18 11:28:20.516694 : channel tb1, group 0')
('2015-04-18 11:28:22.508867', 'put_channel : 2015-04-18 11:28:22.508699 : channel tb1, group 1')
('2015-04-18 11:28:22.528556', 'put_channel : 2015-04-18 11:28:22.528490 : channel tb1, group 1')
('2015-04-18 11:28:23.520834', 'put_channel : 2015-04-18 11:28:23.520741 : channel tb1, group 1')
('2015-04-18 11:28:23.524629', 'put_channel : 2015-04-18 11:28:23.524585 : channel tb1, group 0')
('2015-04-18 11:28:24.011242', 'put_channel : 2015-04-18 11:28:24.011118 : channel tb1, group 1')
('2015-04-18 11:28:24.012215', 'put_channel : 2015-04-18 11:28:24.012062 : channel tb1, group 1')
('2015-04-18 11:28:24.034966', 'put_channel : 2015-04-18 11:28:24.034848 : channel tb1, group 0')
('2015-04-18 11:28:25.539078', 'put_channel : 2015-04-18 11:28:25.539001 : channel tb1, group 0')
('2015-04-18 11:28:26.522952', 'put_channel : 2015-04-18 11:28:26.522731 : channel tb1, group 1')
('2015-04-18 11:28:26.561188', 'put_channel : 2015-04-18 11:28:26.561089 : channel tb1, group 1')
('2015-04-18 11:28:27.042380', 'put_channel : 2015-04-18 11:28:27.042298 : channel tb1, group 1')
('2015-04-18 11:28:28.007670', 'put_channel : 2015-04-18 11:28:28.007539 : channel tb1, group 0')
('2015-04-18 11:28:28.020295', 'put_channel : 2015-04-18 11:28:28.020171 : channel tb1, group 0')
('2015-04-18 11:28:28.066609', 'put_channel : 2015-04-18 11:28:28.066518 : channel tb1, group 0')
('2015-04-18 11:28:28.508764', 'put_channel : 2015-04-18 11:28:28.508688 : channel tb1, group 1')
('2015-04-18 11:28:30.008834', 'put_channel : 2015-04-18 11:28:30.008701 : channel tb1, group 0')
('2015-04-18 11:28:30.010579', 'put_channel : 2015-04-18 11:28:30.010521 : channel tb1, group 1')
('2015-04-18 11:28:43.685864', 'put_channel : 2015-04-18 11:28:43.685784 : channel tb1, group 0')
('2015-04-18 11:28:44.513287', 'put_channel : 2015-04-18 11:28:44.513148 : channel tb1, group 1')
('2015-04-18 11:28:46.006678', 'put_channel : 2015-04-18 11:28:46.006596 : channel tb1, group 0')
('2015-04-18 11:28:46.511081', 'put_channel : 2015-04-18 11:28:46.511007 : channel tb1, group 0')
('2015-04-18 11:28:47.521307', 'put_channel : 2015-04-18 11:28:47.521226 : channel tb1, group 1')
('2015-04-18 11:28:48.033308', 'put_channel : 2015-04-18 11:28:48.033231 : channel tb1, group 1')
('2015-04-18 11:28:49.007069', 'put_channel : 2015-04-18 11:28:49.006985 : channel tb1, group 0')
('2015-04-18 11:28:49.059632', 'put_channel : 2015-04-18 11:28:49.059504 : channel tb1, group 0')
('2015-04-18 11:28:49.510595', 'put_channel : 2015-04-18 11:28:49.510519 : channel tb1, group 0')
('2015-04-18 11:28:49.538818', 'put_channel : 2015-04-18 11:28:49.538743 : channel tb1, group 0')
('2015-04-18 11:28:51.040632', 'put_channel : 2015-04-18 11:28:51.040552 : channel tb1, group 1')
('2015-04-18 11:28:54.032589', 'put_channel : 2015-04-18 11:28:54.032511 : channel tb1, group 1')
('2015-04-18 11:28:55.007401', 'put_channel : 2015-04-18 11:28:55.007328 : channel tb1, group 0')
('2015-04-18 11:28:55.508582', 'put_channel : 2015-04-18 11:28:55.508494 : channel tb1, group 0')
('2015-04-18 11:28:55.540580', 'put_channel : 2015-04-18 11:28:55.540491 : channel tb1, group 0')
('2015-04-18 11:28:56.548589', 'put_channel : 2015-04-18 11:28:56.548504 : channel tb1, group 0')
('2015-04-18 11:28:57.011464', 'put_channel : 2015-04-18 11:28:57.011336 : channel tb1, group 0')
('2015-04-18 11:28:57.028971', 'put_channel : 2015-04-18 11:28:57.028897 : channel tb1, group 0')
('2015-04-18 11:28:58.019730', 'put_channel : 2015-04-18 11:28:58.019582 : channel tb1, group 0')
('2015-04-18 11:28:59.556551', 'put_channel : 2015-04-18 11:28:59.556467 : channel tb1, group 0')
('2015-04-18 11:29:00.009195', 'put_channel : 2015-04-18 11:29:00.009120 : channel tb1, group 0')
('2015-04-18 11:29:06.032517', 'put_channel : 2015-04-18 11:29:06.032438 : channel tb1, group 1')
('2015-04-18 11:29:08.513528', 'put_channel : 2015-04-18 11:29:08.513443 : channel tb1, group 1')
('2015-04-18 11:29:09.154749', 'put_channel : 2015-04-18 11:29:09.154669 : channel tb1, group 1')
('2015-04-18 11:29:10.005844', 'put_channel : 2015-04-18 11:29:10.005738 : channel tb1, group 1')
('2015-04-18 11:29:11.505339', 'put_channel : 2015-04-18 11:29:11.505220 : channel tb1, group 1')
('2015-04-18 11:29:12.034840', 'put_channel : 2015-04-18 11:29:12.034752 : channel tb1, group 1')
('2015-04-18 11:29:13.007379', 'put_channel : 2015-04-18 11:29:13.007237 : channel tb1, group 1')
('2015-04-18 11:29:13.537280', 'put_channel : 2015-04-18 11:29:13.537174 : channel tb1, group 1')
('2015-04-18 11:29:13.635028', 'put_channel : 2015-04-18 11:29:13.634946 : channel tb1, group 1')
('2015-04-18 11:29:14.507430', 'put_channel : 2015-04-18 11:29:14.507288 : channel tb1, group 1')
('2015-04-18 11:29:16.020733', 'put_channel : 2015-04-18 11:29:16.020650 : channel tb1, group 0')
('2015-04-18 11:29:16.531211', 'put_channel : 2015-04-18 11:29:16.531080 : channel tb1, group 0')
('2015-04-18 11:29:18.009503', 'put_channel : 2015-04-18 11:29:18.009416 : channel tb1, group 0')
('2015-04-18 11:29:18.012244', 'put_channel : 2015-04-18 11:29:18.012201 : channel tb1, group 0')
('2015-04-18 11:29:19.509177', 'put_channel : 2015-04-18 11:29:19.509092 : channel tb1, group 0')
('2015-04-18 11:29:19.510323', 'put_channel : 2015-04-18 11:29:19.510274 : channel tb1, group 0')
('2015-04-18 11:29:22.509811', 'put_channel : 2015-04-18 11:29:22.509682 : channel tb1, group 0')
('2015-04-18 11:29:22.532439', 'put_channel : 2015-04-18 11:29:22.532299 : channel tb1, group 0')
('2015-04-18 11:29:24.009565', 'put_channel : 2015-04-18 11:29:24.009439 : channel tb1, group 0')
('2015-04-18 11:29:24.011573', 'put_channel : 2015-04-18 11:29:24.011486 : channel tb1, group 0')
('2015-04-18 11:29:25.512097', 'put_channel : 2015-04-18 11:29:25.511953 : channel tb1, group 0')
('2015-04-18 11:29:26.504707', 'put_channel : 2015-04-18 11:29:26.504616 : channel tb1, group 1')
('2015-04-18 11:29:27.209244', 'put_channel : 2015-04-18 11:29:27.209159 : channel tb1, group 0')
('2015-04-18 11:29:28.511464', 'put_channel : 2015-04-18 11:29:28.511243 : channel tb1, group 0')
('2015-04-18 11:29:32.504512', 'put_channel : 2015-04-18 11:29:32.504309 : channel tb1, group 1')
('2015-04-18 11:29:38.515187', 'put_channel : 2015-04-18 11:29:38.515078 : channel tb1, group 0')
('2015-04-18 11:29:40.017867', 'put_channel : 2015-04-18 11:29:40.017717 : channel tb1, group 1')
('2015-04-18 11:29:41.156161', 'close_channel : 2015-04-18 11:27:43.011183')
('2015-04-18 11:29:41.157963', 'close_channel : 2015-04-18 11:27:43.508594')
('2015-04-18 11:29:41.158743', 'close_channel : 2015-04-18 11:27:46.006893')
('2015-04-18 11:29:41.159259', 'close_channel : 2015-04-18 11:27:47.504941')
('2015-04-18 11:29:41.159603', 'close_channel : 2015-04-18 11:27:49.006715')
('2015-04-18 11:29:41.159926', 'close_channel : 2015-04-18 11:27:49.507289')
('2015-04-18 11:29:41.160271', 'get_channel: 2015-04-18 11:27:52.004422 : 1 ')
('2015-04-18 11:29:41.160336', 'fd_channel : login[0] 0 login[1] 0 , tb0[0] 61 tb0[1] 53 , tb1[0] 49 tb1[1] 38')
('2015-04-18 11:29:41.161454', 'get_channel: 2015-04-18 11:27:53.505181 : 1 ')
('2015-04-18 11:29:41.161525', 'fd_channel : login[0] 0 login[1] 0 , tb0[0] 61 tb0[1] 53 , tb1[0] 49 tb1[1] 37')
('2015-04-18 11:29:41.162687', 'get_channel: 2015-04-18 11:27:55.005449 : 1 ')
('2015-04-18 11:29:41.162753', 'fd_channel : login[0] 0 login[1] 0 , tb0[0] 61 tb0[1] 53 , tb1[0] 49 tb1[1] 36')
('2015-04-18 11:29:41.164786', 'get_channel: 2015-04-18 11:28:01.006057 : 1 ')
('2015-04-18 11:29:41.164830', 'fd_channel : login[0] 0 login[1] 0 , tb0[0] 61 tb0[1] 53 , tb1[0] 49 tb1[1] 35')
('2015-04-18 11:29:41.165382', 'get_channel: 2015-04-18 11:28:02.507619 : 1 ')
('2015-04-18 11:29:41.165424', 'fd_channel : login[0] 0 login[1] 0 , tb0[0] 61 tb0[1] 53 , tb1[0] 49 tb1[1] 34')
('2015-04-18 11:29:41.166018', 'get_channel: 2015-04-18 11:28:03.006713 : 1 ')
('2015-04-18 11:29:41.166061', 'fd_channel : login[0] 0 login[1] 0 , tb0[0] 61 tb0[1] 53 , tb1[0] 49 tb1[1] 33')
('2015-04-18 11:29:41.166798', 'get_channel: 2015-04-18 11:28:04.016763 : 1 ')
('2015-04-18 11:29:41.166841', 'fd_channel : login[0] 0 login[1] 0 , tb0[0] 61 tb0[1] 53 , tb1[0] 49 tb1[1] 32')
('2015-04-18 11:29:41.167658', 'get_channel: 2015-04-18 11:28:04.507892 : 1 ')
('2015-04-18 11:29:41.167702', 'fd_channel : login[0] 0 login[1] 0 , tb0[0] 61 tb0[1] 53 , tb1[0] 49 tb1[1] 31')
('2015-04-18 11:29:41.173875', 'close_channel : 2015-04-18 11:27:53.505181')
('2015-04-18 11:29:41.342175', 'close_channel : 2015-04-18 11:27:42.013222')
('2015-04-18 11:29:41.343279', 'close_channel : 2015-04-18 11:27:43.508218')
('2015-04-18 11:29:41.344084', 'close_channel : 2015-04-18 11:27:45.011825')
('2015-04-18 11:29:41.344506', 'close_channel : 2015-04-18 11:27:46.509807')
('2015-04-18 11:29:41.345112', 'get_channel: 2015-04-18 11:28:13.507155 : 1 ')
('2015-04-18 11:29:41.345170', 'fd_channel : login[0] 0 login[1] 0 , tb0[0] 61 tb0[1] 53 , tb1[0] 45 tb1[1] 30')
('2015-04-18 11:29:41.346443', 'close_channel : 2015-04-18 11:27:48.009504')
('2015-04-18 11:29:41.347001', 'get_channel: 2015-04-18 11:27:59.522776 : 0 ')
('2015-04-18 11:29:41.347045', 'fd_channel : login[0] 0 login[1] 0 , tb0[0] 61 tb0[1] 53 , tb1[0] 43 tb1[1] 30')
('2015-04-18 11:29:41.364662', 'close_channel : 2015-04-18 11:27:59.522776')
('2015-04-18 11:29:41.794004', 'close_channel : 2015-04-18 11:27:55.005449')
('2015-04-18 11:29:41.798586', 'close_channel : 2015-04-18 11:27:52.004422')
('2015-04-18 11:29:41.926980', 'get_channel: 2015-04-18 11:28:01.512072 : 0 ')
('2015-04-18 11:29:41.927089', 'fd_channel : login[0] 0 login[1] 0 , tb0[0] 61 tb0[1] 53 , tb1[0] 42 tb1[1] 30')
('2015-04-18 11:29:41.929022', 'get_channel: 2015-04-18 11:28:13.538219 : 1 ')
('2015-04-18 11:29:41.929136', 'fd_channel : login[0] 0 login[1] 0 , tb0[0] 61 tb0[1] 53 , tb1[0] 42 tb1[1] 29')
('2015-04-18 11:29:42.024885', 'get_channel: 2015-04-18 11:28:05.508569 : 0 ')
('2015-04-18 11:29:42.024933', 'fd_channel : login[0] 0 login[1] 0 , tb0[0] 61 tb0[1] 53 , tb1[0] 41 tb1[1] 29')
('2015-04-18 11:29:42.026861', 'get_channel: 2015-04-18 11:28:15.007334 : 1 ')
('2015-04-18 11:29:42.026941', 'fd_channel : login[0] 0 login[1] 0 , tb0[0] 61 tb0[1] 53 , tb1[0] 41 tb1[1] 28')
('2015-04-18 11:29:42.579617', 'close_channel : 2015-04-18 11:28:01.512072')
('2015-04-18 11:29:42.609051', 'close_channel : 2015-04-18 11:28:04.016763')
('2015-04-18 11:29:42.609521', 'close_channel : 2015-04-18 11:28:01.006057')
('2015-04-18 11:29:42.614263', 'close_channel : 2015-04-18 11:28:03.006713')
('2015-04-18 11:29:42.628862', 'close_channel : 2015-04-18 11:28:04.507892')
('2015-04-18 11:29:42.643396', 'close_channel : 2015-04-18 11:28:02.507619')
('2015-04-18 11:29:42.669289', 'close_channel : 2015-04-18 11:28:05.508569')
('2015-04-18 11:29:42.735031', 'get_channel: 2015-04-18 11:28:06.012950 : 0 ')
('2015-04-18 11:29:42.735139', 'fd_channel : login[0] 0 login[1] 0 , tb0[0] 61 tb0[1] 53 , tb1[0] 40 tb1[1] 28')
('2015-04-18 11:29:42.736477', 'get_channel: 2015-04-18 11:28:22.508699 : 1 ')
('2015-04-18 11:29:42.736575', 'fd_channel : login[0] 0 login[1] 0 , tb0[0] 61 tb0[1] 53 , tb1[0] 40 tb1[1] 27')
('2015-04-18 11:29:42.743370', 'get_channel: 2015-04-18 11:28:06.034487 : 0 ')
('2015-04-18 11:29:42.743486', 'fd_channel : login[0] 0 login[1] 0 , tb0[0] 61 tb0[1] 53 , tb1[0] 39 tb1[1] 27')
('2015-04-18 11:29:42.744455', 'get_channel: 2015-04-18 11:28:22.528490 : 1 ')
('2015-04-18 11:29:42.744500', 'fd_channel : login[0] 0 login[1] 0 , tb0[0] 61 tb0[1] 53 , tb1[0] 39 tb1[1] 26')
('2015-04-18 11:29:42.754195', 'get_channel: 2015-04-18 11:28:20.506647 : 0 ')
('2015-04-18 11:29:42.754293', 'fd_channel : login[0] 0 login[1] 0 , tb0[0] 61 tb0[1] 53 , tb1[0] 38 tb1[1] 26')
('2015-04-18 11:29:42.755910', 'get_channel: 2015-04-18 11:28:23.520741 : 1 ')
('2015-04-18 11:29:42.755990', 'fd_channel : login[0] 0 login[1] 0 , tb0[0] 61 tb0[1] 53 , tb1[0] 38 tb1[1] 25')
('2015-04-18 11:29:42.767549', 'close_channel : 2015-04-18 11:28:06.012950')
('2015-04-18 11:29:42.778229', 'close_channel : 2015-04-18 11:28:13.507155')
('2015-04-18 11:29:42.780138', 'get_channel: 2015-04-18 11:28:20.516694 : 0 ')
('2015-04-18 11:29:42.780184', 'fd_channel : login[0] 0 login[1] 0 , tb0[0] 61 tb0[1] 53 , tb1[0] 37 tb1[1] 25')
('2015-04-18 11:29:42.781650', 'get_channel: 2015-04-18 11:28:24.011118 : 1 ')
('2015-04-18 11:29:42.781745', 'fd_channel : login[0] 0 login[1] 0 , tb0[0] 61 tb0[1] 53 , tb1[0] 37 tb1[1] 24')
('2015-04-18 11:29:42.788102', 'get_channel: 2015-04-18 11:28:23.524585 : 0 ')
('2015-04-18 11:29:42.788147', 'fd_channel : login[0] 0 login[1] 0 , tb0[0] 61 tb0[1] 53 , tb1[0] 36 tb1[1] 24')
('2015-04-18 11:29:42.789088', 'get_channel: 2015-04-18 11:28:24.012062 : 1 ')
('2015-04-18 11:29:42.789131', 'fd_channel : login[0] 0 login[1] 0 , tb0[0] 61 tb0[1] 53 , tb1[0] 36 tb1[1] 23')
('2015-04-18 11:29:42.801098', 'close_channel : 2015-04-18 11:28:24.011118')
('2015-04-18 11:29:43.018046', 'put_channel : 2015-04-18 11:29:43.017963 : channel tb1, group 1')
('2015-04-18 11:29:43.460446', 'close_channel : 2015-04-18 11:28:15.007334')
('2015-04-18 11:29:44.185687', 'close_channel : 2015-04-18 11:28:22.528490')
('2015-04-18 11:29:44.757625', 'get_channel: 2015-04-18 11:28:24.034848 : 0 ')
('2015-04-18 11:29:44.757697', 'fd_channel : login[0] 0 login[1] 0 , tb0[0] 61 tb0[1] 53 , tb1[0] 35 tb1[1] 24')
('2015-04-18 11:29:44.758801', 'get_channel: 2015-04-18 11:28:26.522731 : 1 ')
('2015-04-18 11:29:44.758850', 'fd_channel : login[0] 0 login[1] 0 , tb0[0] 61 tb0[1] 53 , tb1[0] 35 tb1[1] 23')
('2015-04-18 11:29:44.783123', 'close_channel : 2015-04-18 11:28:24.034848')
('2015-04-18 11:29:44.790402', 'get_channel: 2015-04-18 11:28:25.539001 : 0 ')
('2015-04-18 11:29:44.790493', 'fd_channel : login[0] 0 login[1] 0 , tb0[0] 61 tb0[1] 53 , tb1[0] 34 tb1[1] 23')
('2015-04-18 11:29:44.791914', 'get_channel: 2015-04-18 11:28:26.561089 : 1 ')
('2015-04-18 11:29:44.791957', 'fd_channel : login[0] 0 login[1] 0 , tb0[0] 61 tb0[1] 53 , tb1[0] 34 tb1[1] 22')
('2015-04-18 11:29:44.821672', 'close_channel : 2015-04-18 11:28:26.561089')
('2015-04-18 11:29:45.007590', 'put_channel : 2015-04-18 11:29:45.007524 : channel tb1, group 1')
('2015-04-18 11:29:46.221783', 'close_channel : 2015-04-18 11:28:25.539001')
('2015-04-18 11:29:46.510326', 'put_channel : 2015-04-18 11:29:46.510216 : channel tb1, group 0')
('2015-04-18 11:29:46.593400', 'put_channel : 2015-04-18 11:29:46.593277 : channel tb1, group 0')
('2015-04-18 11:29:47.522484', 'put_channel : 2015-04-18 11:29:47.522383 : channel tb1, group 0')
('2015-04-18 11:29:50.089335', 'close_channel : 2015-04-18 11:28:06.034487')
('2015-04-18 11:29:51.001300', 'get_channel: 2015-04-18 11:28:27.042298 : 1 ')
('2015-04-18 11:29:51.001369', 'fd_channel : login[0] 0 login[1] 0 , tb0[0] 61 tb0[1] 53 , tb1[0] 37 tb1[1] 22')
('2015-04-18 11:29:51.002053', 'get_channel: 2015-04-18 11:28:28.508688 : 1 ')
('2015-04-18 11:29:51.002145', 'fd_channel : login[0] 0 login[1] 0 , tb0[0] 61 tb0[1] 53 , tb1[0] 37 tb1[1] 21')
('2015-04-18 11:29:51.003959', 'get_channel: 2015-04-18 11:28:30.010521 : 1 ')
('2015-04-18 11:29:51.004005', 'fd_channel : login[0] 0 login[1] 0 , tb0[0] 61 tb0[1] 53 , tb1[0] 37 tb1[1] 20')
('2015-04-18 11:29:51.006555', 'get_channel: 2015-04-18 11:28:44.513148 : 1 ')
('2015-04-18 11:29:51.006600', 'fd_channel : login[0] 0 login[1] 0 , tb0[0] 61 tb0[1] 53 , tb1[0] 37 tb1[1] 19')
('2015-04-18 11:29:51.007992', 'get_channel: 2015-04-18 11:28:47.521226 : 1 ')
('2015-04-18 11:29:51.008090', 'fd_channel : login[0] 0 login[1] 0 , tb0[0] 61 tb0[1] 53 , tb1[0] 37 tb1[1] 18')
('2015-04-18 11:29:51.010033', 'get_channel: 2015-04-18 11:28:48.033231 : 1 ')
('2015-04-18 11:29:51.010078', 'fd_channel : login[0] 0 login[1] 0 , tb0[0] 61 tb0[1] 53 , tb1[0] 37 tb1[1] 17')
('2015-04-18 11:29:51.011075', 'get_channel: 2015-04-18 11:28:51.040552 : 1 ')
('2015-04-18 11:29:51.011121', 'fd_channel : login[0] 0 login[1] 0 , tb0[0] 61 tb0[1] 53 , tb1[0] 37 tb1[1] 16')
('2015-04-18 11:29:51.012642', 'get_channel: 2015-04-18 11:28:54.032511 : 1 ')
('2015-04-18 11:29:51.012688', 'fd_channel : login[0] 0 login[1] 0 , tb0[0] 61 tb0[1] 53 , tb1[0] 37 tb1[1] 15')
('2015-04-18 11:29:51.014356', 'close_channel : 2015-04-18 11:28:28.508688')
('2015-04-18 11:29:51.022290', 'close_channel : 2015-04-18 11:28:54.032511')
('2015-04-18 11:29:51.240204', 'get_channel: 2015-04-18 11:28:28.007539 : 0 ')
('2015-04-18 11:29:51.240275', 'fd_channel : login[0] 0 login[1] 0 , tb0[0] 61 tb0[1] 53 , tb1[0] 36 tb1[1] 15')
('2015-04-18 11:29:51.243098', 'get_channel: 2015-04-18 11:29:06.032438 : 1 ')
('2015-04-18 11:29:51.243144', 'fd_channel : login[0] 0 login[1] 0 , tb0[0] 61 tb0[1] 53 , tb1[0] 36 tb1[1] 14')
('2015-04-18 11:29:51.244096', 'get_channel: 2015-04-18 11:28:28.020171 : 0 ')
('2015-04-18 11:29:51.244153', 'fd_channel : login[0] 0 login[1] 0 , tb0[0] 61 tb0[1] 53 , tb1[0] 35 tb1[1] 14')
('2015-04-18 11:29:51.245502', 'get_channel: 2015-04-18 11:29:08.513443 : 1 ')
('2015-04-18 11:29:51.245566', 'fd_channel : login[0] 0 login[1] 0 , tb0[0] 61 tb0[1] 53 , tb1[0] 35 tb1[1] 13')
('2015-04-18 11:29:51.264995', 'close_channel : 2015-04-18 11:29:06.032438')
('2015-04-18 11:29:51.267726', 'close_channel : 2015-04-18 11:29:08.513443')
('2015-04-18 11:29:54.008765', 'put_channel : 2015-04-18 11:29:54.008691 : channel tb1, group 1')
('2015-04-18 11:29:55.509357', 'put_channel : 2015-04-18 11:29:55.509272 : channel tb1, group 1')
('2015-04-18 11:29:55.735532', 'close_channel : 2015-04-18 11:28:23.524585')
('2015-04-18 11:29:58.008275', 'get_channel: 2015-04-18 11:29:09.154669 : 1 ')
('2015-04-18 11:29:58.008382', 'fd_channel : login[0] 0 login[1] 0 , tb0[0] 61 tb0[1] 53 , tb1[0] 35 tb1[1] 14')
('2015-04-18 11:29:58.010375', 'get_channel: 2015-04-18 11:29:10.005738 : 1 ')
('2015-04-18 11:29:58.010471', 'fd_channel : login[0] 0 login[1] 0 , tb0[0] 61 tb0[1] 53 , tb1[0] 35 tb1[1] 13')
('2015-04-18 11:29:58.013518', 'get_channel: 2015-04-18 11:29:11.505220 : 1 ')
('2015-04-18 11:29:58.013593', 'fd_channel : login[0] 0 login[1] 0 , tb0[0] 61 tb0[1] 53 , tb1[0] 35 tb1[1] 12')
('2015-04-18 11:29:58.014375', 'get_channel: 2015-04-18 11:29:12.034752 : 1 ')
('2015-04-18 11:29:58.014419', 'fd_channel : login[0] 0 login[1] 0 , tb0[0] 61 tb0[1] 53 , tb1[0] 35 tb1[1] 11')
('2015-04-18 11:29:58.015925', 'get_channel: 2015-04-18 11:29:13.007237 : 1 ')
('2015-04-18 11:29:58.015969', 'fd_channel : login[0] 0 login[1] 0 , tb0[0] 61 tb0[1] 53 , tb1[0] 35 tb1[1] 10')
('2015-04-18 11:29:58.016940', 'get_channel: 2015-04-18 11:29:13.537174 : 1 ')
('2015-04-18 11:29:58.016984', 'fd_channel : login[0] 0 login[1] 0 , tb0[0] 61 tb0[1] 53 , tb1[0] 35 tb1[1] 9')
('2015-04-18 11:29:58.018857', 'close_channel : 2015-04-18 11:29:09.154669')
('2015-04-18 11:29:58.025158', 'close_channel : 2015-04-18 11:29:12.034752')
('2015-04-18 11:29:58.025849', 'close_channel : 2015-04-18 11:29:13.007237')
('2015-04-18 11:29:58.132854', 'get_channel: 2015-04-18 11:28:28.066518 : 0 ')
('2015-04-18 11:29:58.132905', 'fd_channel : login[0] 0 login[1] 0 , tb0[0] 61 tb0[1] 53 , tb1[0] 34 tb1[1] 9')
('2015-04-18 11:29:58.134054', 'get_channel: 2015-04-18 11:29:13.634946 : 1 ')
('2015-04-18 11:29:58.134135', 'fd_channel : login[0] 0 login[1] 0 , tb0[0] 61 tb0[1] 53 , tb1[0] 34 tb1[1] 8')
('2015-04-18 11:29:58.155483', 'close_channel : 2015-04-18 11:29:13.634946')
('2015-04-18 11:29:58.192133', 'get_channel: 2015-04-18 11:28:30.008701 : 0 ')
('2015-04-18 11:29:58.192189', 'fd_channel : login[0] 0 login[1] 0 , tb0[0] 61 tb0[1] 53 , tb1[0] 33 tb1[1] 8')
('2015-04-18 11:29:58.193150', 'get_channel: 2015-04-18 11:29:14.507288 : 1 ')
('2015-04-18 11:29:58.193194', 'fd_channel : login[0] 0 login[1] 0 , tb0[0] 61 tb0[1] 53 , tb1[0] 33 tb1[1] 7')
('2015-04-18 11:29:58.213605', 'close_channel : 2015-04-18 11:29:14.507288')
('2015-04-18 11:29:58.224552', 'get_channel: 2015-04-18 11:28:43.685784 : 0 ')
('2015-04-18 11:29:58.224665', 'fd_channel : login[0] 0 login[1] 0 , tb0[0] 61 tb0[1] 53 , tb1[0] 32 tb1[1] 7')
('2015-04-18 11:29:58.226048', 'get_channel: 2015-04-18 11:29:26.504616 : 1 ')
('2015-04-18 11:29:58.226131', 'fd_channel : login[0] 0 login[1] 0 , tb0[0] 61 tb0[1] 53 , tb1[0] 32 tb1[1] 6')
('2015-04-18 11:30:00.228616', 'get_channel: 2015-04-18 11:28:46.006596 : 0 ')
('2015-04-18 11:30:00.228718', 'fd_channel : login[0] 0 login[1] 0 , tb0[0] 61 tb0[1] 53 , tb1[0] 31 tb1[1] 6')
('2015-04-18 11:30:00.229963', 'get_channel: 2015-04-18 11:29:32.504309 : 1 ')
('2015-04-18 11:30:00.230042', 'fd_channel : login[0] 0 login[1] 0 , tb0[0] 61 tb0[1] 53 , tb1[0] 31 tb1[1] 5')
('2015-04-18 11:30:01.209622', 'worker [5] stopping')
('2015-04-18 11:30:01.510472', 'put_channel : 2015-04-18 11:30:01.510377 : channel tb1, group 1')
('2015-04-18 11:30:01.635826', 'put_channel : 2015-04-18 11:30:01.635620 : channel tb1, group 0')
('2015-04-18 11:30:01.738778', 'close_channel : 2015-04-18 11:28:43.685784')
('2015-04-18 11:30:03.893608', 'close_channel : 2015-04-18 11:28:30.010521')
('2015-04-18 11:30:03.894442', 'close_channel : 2015-04-18 11:28:27.042298')
('2015-04-18 11:30:04.473200', 'close_channel : 2015-04-18 11:28:28.066518')
('2015-04-18 11:30:04.640943', 'close_channel : 2015-04-18 11:28:30.008701')
('2015-04-18 11:30:05.012426', 'get_channel: 2015-04-18 11:29:40.017717 : 1 ')
('2015-04-18 11:30:05.012481', 'fd_channel : login[0] 0 login[1] 0 , tb0[0] 61 tb0[1] 53 , tb1[0] 32 tb1[1] 5')
('2015-04-18 11:30:05.015071', 'get_channel: 2015-04-18 11:29:43.017963 : 1 ')
('2015-04-18 11:30:05.015138', 'fd_channel : login[0] 0 login[1] 0 , tb0[0] 61 tb0[1] 53 , tb1[0] 32 tb1[1] 4')
('2015-04-18 11:30:05.018596', 'get_channel: 2015-04-18 11:29:45.007524 : 1 ')
('2015-04-18 11:30:05.018639', 'fd_channel : login[0] 0 login[1] 0 , tb0[0] 61 tb0[1] 53 , tb1[0] 32 tb1[1] 3')
('2015-04-18 11:30:05.022330', 'close_channel : 2015-04-18 11:29:43.017963')
('2015-04-18 11:30:06.050783', 'put_channel : 2015-04-18 11:30:06.050667 : channel tb1, group 1')
('2015-04-18 11:30:06.115762', 'put_channel : 2015-04-18 11:30:06.115649 : channel tb1, group 0')
('2015-04-18 11:30:08.772890', 'close_channel : 2015-04-18 11:28:24.012062')
('2015-04-18 11:30:10.082397', 'put_channel : 2015-04-18 11:30:10.082311 : channel tb1, group 1')
('2015-04-18 11:30:11.105483', 'close_channel : 2015-04-18 11:29:26.504616')
('2015-04-18 11:30:11.355157', 'close_channel : 2015-04-18 11:29:40.017717')
('2015-04-18 11:30:11.361512', 'close_channel : 2015-04-18 11:29:45.007524')
('2015-04-18 11:30:24.097067', 'put_channel : 2015-04-18 11:30:24.096946 : channel tb1, group 1')
('2015-04-18 11:30:26.398630', 'close_channel : 2015-04-18 11:29:32.504309')
('2015-04-18 11:30:26.500779', 'get_channel: 2015-04-18 11:29:54.008691 : 1 ')
('2015-04-18 11:30:26.500937', 'fd_channel : login[0] 0 login[1] 0 , tb0[0] 61 tb0[1] 53 , tb1[0] 33 tb1[1] 5')
('2015-04-18 11:30:26.506984', 'close_channel : 2015-04-18 11:29:54.008691')
('2015-04-18 11:30:34.914642', 'close_channel : 2015-04-18 11:28:23.520741')
('2015-04-18 11:30:45.089544', 'put_channel : 2015-04-18 11:30:45.089403 : channel tb1, group 1')
('2015-04-18 11:30:50.146132', 'close_channel : 2015-04-18 11:29:10.005738')
('2015-04-18 11:30:50.147968', 'close_channel : 2015-04-18 11:29:11.505220')
('2015-04-18 11:30:50.149258', 'close_channel : 2015-04-18 11:29:13.537174')
('2015-04-18 11:31:00.129511', 'put_channel : 2015-04-18 11:31:00.129426 : channel tb1, group 1')
