('2015-04-18 10:05:00.026700', 'client 52588425 login 熊焰 410305196911054539')
('2015-04-18 10:05:00.027029', 'client 52768374 login 沈阳 320421197808238012')
('2015-04-18 10:05:01.518438', 'client 52711085 login 曹思音 310102197610031641')
('2015-04-18 10:05:01.521640', 'client 52759653 login 石向斌 23210119840604121x')
('2015-04-18 10:05:03.017044', 'client 52579919 login 李宁 372301198308090044')
('2015-04-18 10:05:03.022368', 'client 52783948 login 郭啸笑 331081198805150041')
('2015-04-18 10:05:04.519456', 'client 52848586 login 陆文轩 340322198502010014')
('2015-04-18 10:34:07.582131', 'client 52783948 bid 0 image 91B74AE122DDBB1A26032ADFBDC153E0 161628 ')
('2015-04-18 10:34:08.570595', 'client 52759653 bid 0 image D13F72FD1A116811EB20405EE88716A7 946184 ')
('2015-04-18 10:34:08.635356', 'client 52579919 bid 0 image 1EF89CA26D817BC4C2C22D28615BA6BC 928484 ')
('2015-04-18 10:34:11.204289', 'client 52759653 bid 0 price 75200 石向斌 23210119840604121x')
('2015-04-18 10:34:11.262465', 'client 52579919 bid 0 price 75200 李宁 372301198308090044')
('2015-04-18 10:34:12.662306', 'client 52783948 bid 0 price 75200 郭啸笑 331081198805150041')
('2015-04-18 10:34:16.326984', 'client 52588425 bid 0 image 0D0F8B2796394096C9D5291652B78B5F 906251 ')
('2015-04-18 10:34:16.344549', 'client 52588425 bid 0 price 75200 熊焰 410305196911054539')
('2015-04-18 10:34:19.736375', 'client 52711085 bid 0 image 19A7EA201C1D4A321EF9AEEBEE234817 926062 ')
('2015-04-18 10:34:19.751318', 'client 52711085 bid 0 price 75200 曹思音 310102197610031641')
('2015-04-18 10:34:21.132641', 'client 52768374 bid 0 image CD8AA3717CD143DE707262F21496A966 281829 ')
('2015-04-18 10:34:22.318241', 'client 52848586 bid 0 image 3DA83F032A78C06F074E8659BA22009E 608393 ')
('2015-04-18 10:34:22.537919', 'client 52848586 bid 0 price 75200 陆文轩 340322198502010014')
('2015-04-18 10:34:22.576802', 'client 52768374 bid 0 price 75200 沈阳 320421197808238012')
('2015-04-18 11:29:46.506035', 'client 52848586 bid 1 image F429F42992735E7AB4AFF41DD3BF38B7 648481 ')
('2015-04-18 11:29:46.506788', 'client 52783948 bid 1 image 18A4EBD6FDEE161FE644971649FE6480 845061 ')
('2015-04-18 11:29:46.728221', 'client 52588425 bid 1 image B262BCD9F43F0C8F947217E30B173C9A 290626 ')
('2015-04-18 11:29:46.750593', 'client 52579919 bid 1 image 9F15AA7F1D89833F274F85597BE2E587 626461 ')
('2015-04-18 11:29:46.776454', 'client 52579919 bid 1 price 80600 李宁 372301198308090044')
('2015-04-18 11:29:47.171082', 'client 52783948 bid 1 price 80600 郭啸笑 331081198805150041')
('2015-04-18 11:29:47.942678', 'client 52759653 bid 1 image F4C31F78F7713A6AD8409E907C9FB007 084805 ')
('2015-04-18 11:29:48.173351', 'client 52588425 bid 1 price 80600 熊焰 410305196911054539')
('2015-04-18 11:29:51.641623', 'client 52848586 bid 1 price 80600 陆文轩 340322198502010014')
('2015-04-18 11:29:53.948194', 'client 52759653 bid 1 price Failed')
('2015-04-18 11:29:53.948353', 'client 52759653 bid 1 failed. Abort.....')
('2015-04-18 11:29:54.937984', 'client 52768374 bid 1 image 179FC25F54D196378BE82E1295079A34 382648 ')
('2015-04-18 11:29:54.973271', 'client 52768374 bid 1 price 80700 沈阳 320421197808238012')
('2015-04-18 11:29:55.867307', 'client 52783948 bid 2 image 783BA2D7F211DC7193889C0308434321 506463 ')
('2015-04-18 11:29:55.882947', 'client 52848586 bid 2 image 0A347399C9C9FE04F8A14944E8F2A18D 526294 ')
('2015-04-18 11:29:56.576083', 'client 52848586 bid 2 price 80800 陆文轩 340322198502010014')
('2015-04-18 11:29:58.503588', 'client 52783948 bid 2 price 80800 郭啸笑 331081198805150041')
('2015-04-18 11:30:04.349551', 'client 52588425 bid 2 image Failed')
('2015-04-18 11:30:04.349613', 'client 52588425 bid 2 failed. Abort.....')
('2015-04-18 11:30:05.780959', 'client 52579919 bid 2 image Failed')
('2015-04-18 11:30:05.781046', 'client 52579919 bid 2 failed. Abort.....')
('2015-04-18 11:30:06.586310', "client 52848586 bids finished. price : ['75200', '80600', '80800'] . Quit.....")
('2015-04-18 11:30:07.356692', 'client 52711085 bid 1 image Failed')
('2015-04-18 11:30:07.356734', 'client 52711085 bid 1 failed. Abort.....')
('2015-04-18 11:30:08.513789', "client 52783948 bids finished. price : ['75200', '80600', '80800'] . Quit.....")
('2015-04-18 11:30:09.112969', 'client 52759653 bid 2 image Failed')
('2015-04-18 11:30:09.113018', 'client 52759653 bid 2 failed. Abort.....')
('2015-04-18 11:30:14.359768', "client 52588425 bids finished. price : ['75200', '80600', None] . Quit.....")
('2015-04-18 11:30:15.791259', "client 52579919 bids finished. price : ['75200', '80600', None] . Quit.....")
('2015-04-18 11:30:17.366880', "client 52711085 bids finished. price : ['75200', None, None] . Quit.....")
('2015-04-18 11:30:17.981215', 'client 52768374 bid 2 image Failed')
('2015-04-18 11:30:17.981259', 'client 52768374 bid 2 failed. Abort.....')
('2015-04-18 11:30:19.123219', "client 52759653 bids finished. price : ['75200', '80600', None] . Quit.....")
('2015-04-18 11:30:27.991419', "client 52768374 bids finished. price : ['75200', '80700', None] . Quit.....")
