('2015-01-17 09:36:40.524813', 'client 52452825 login 吴舒骏 310102197806201219')
('2015-01-17 09:36:40.728851', 'client 52553719 login 范小焱 211322197707120046')
('2015-01-17 09:36:42.012558', 'client 52587761 login 陆昀 310107199102285726')
('2015-01-17 09:36:42.234662', 'client 52253629 login 张君扬 350428198008080012')
('2015-01-17 09:36:43.512965', 'client 52475863 login 梁? 310108198011105269')
('2015-01-17 09:36:43.732597', 'client 52586778 login 马朱林 310104197612035630')
('2015-01-17 09:36:45.012094', 'client 52542411 login 陆晓明 310112197610140023')
('2015-01-17 09:36:45.236888', 'client 52261663 login 蔡晓东 310104197210184510')
('2015-01-17 09:36:46.515986', 'client 52493393 login 姚尧 320683198912196873')
('2015-01-17 10:34:35.480840', 'client 52587761 bid 0 image 3364E6FCC8C158ED093408FE88542B4A 935260 ')
('2015-01-17 10:34:37.362410', 'client 52553719 bid 0 image 4CF71A3AF81C52B639B8ACBB3B825135 383635 ')
('2015-01-17 10:34:39.285633', 'client 52493393 bid 0 image E5E47277140DDAA31903F9D418751328 535190 ')
('2015-01-17 10:34:41.476719', 'client 52452825 bid 0 image D98CC9B5A09F1829324131BEF06BDE4C 618463 ')
('2015-01-17 10:34:45.877531', 'client 52542411 bid 0 image FFBB16A30063D943242C1CF99C7C5EE5 925160 ')
('2015-01-17 10:34:47.021094', 'client 52261663 bid 0 image 6A44A4F360E3370E1C2476776FF67933 392928 ')
('2015-01-17 10:34:49.143505', 'client 52253629 bid 0 image Failed')
('2015-01-17 10:34:49.143548', 'client 52253629 bid 0 failed. Abort.....')
('2015-01-17 10:34:49.151085', 'client 52586778 bid 0 image Failed')
('2015-01-17 10:34:49.151123', 'client 52586778 bid 0 failed. Abort.....')
('2015-01-17 10:34:49.151495', 'client 52475863 bid 0 image Failed')
('2015-01-17 10:34:49.151531', 'client 52475863 bid 0 failed. Abort.....')
('2015-01-17 10:35:00.792516', 'client 52542411 bid 0 price 73700 陆晓明 310112197610140023')
('2015-01-17 10:35:01.453204', 'client 52587761 bid 0 price 73700 陆昀 310107199102285726')
('2015-01-17 10:35:01.926345', 'client 52261663 bid 0 price 73700 蔡晓东 310104197210184510')
('2015-01-17 10:35:03.347075', 'client 52553719 bid 0 price 73700 范小焱 211322197707120046')
('2015-01-17 10:35:05.269913', 'client 52493393 bid 0 price 73700 姚尧 320683198912196873')
('2015-01-17 10:35:07.473170', 'client 52452825 bid 0 price 73700 吴舒骏 310102197806201219')
('2015-01-17 10:35:09.744933', 'client 52586778 bid 0 image 493D596FB80BCFCC7F5614B62CF31FAA 461605 ')
('2015-01-17 10:35:09.760369', 'client 52586778 bid 0 price 73700 马朱林 310104197612035630')
('2015-01-17 10:35:10.906261', 'client 52253629 bid 0 image D2D49F6BAAB52884487737B9C3AC2C6F 515053 ')
('2015-01-17 10:35:10.919714', 'client 52253629 bid 0 price 73700 张君扬 350428198008080012')
('2015-01-17 10:35:24.293726', 'client 52475863 bid 0 image 9D46A8D4FEE20E41E490374CB27DF2B4 915190 ')
('2015-01-17 10:35:58.297722', 'client 52475863 bid 0 price Failed')
('2015-01-17 10:35:58.297954', 'client 52475863 bid 0 failed. Abort.....')
('2015-01-17 10:36:31.156749', 'client 52475863 bid 0 image 14954620E9B30619AFE154FE2D70AF59 928080 ')
('2015-01-17 10:37:05.160534', 'client 52475863 bid 0 price Failed')
('2015-01-17 10:37:05.160675', 'client 52475863 bid 0 failed. Abort.....')
('2015-01-17 10:37:38.325341', 'client 52475863 bid 0 image 4EA5F8DC62916AE5AE49136D148A123F 283915 ')
('2015-01-17 10:38:12.329662', 'client 52475863 bid 0 price Failed')
('2015-01-17 10:38:12.329789', 'client 52475863 bid 0 failed. Abort.....')
('2015-01-17 10:38:26.851224', 'client 52475863 bid 0 image 1C8B7CC07F294B6EA594BB53DDAEF0C1 925481 ')
('2015-01-17 10:39:00.855157', 'client 52475863 bid 0 price Failed')
('2015-01-17 10:39:00.855396', 'client 52475863 bid 0 failed. Abort.....')
('2015-01-17 10:39:35.494329', 'client 52475863 bid 0 image E48600AC842DC6F82BBACFCA2099C42F 454625 ')
('2015-01-17 10:40:09.498497', 'client 52475863 bid 0 price Failed')
('2015-01-17 10:40:09.498628', 'client 52475863 bid 0 failed. Abort.....')
('2015-01-17 10:41:09.503959', 'client 52475863 bid 0 image Failed')
('2015-01-17 10:41:09.504048', 'client 52475863 bid 0 failed. Abort.....')
('2015-01-17 10:41:21.699140', 'client 52475863 bid 0 image D7244D8DF4203796C590CBFAA39C75D9 252818 ')
('2015-01-17 10:41:55.703620', 'client 52475863 bid 0 price Failed')
('2015-01-17 10:41:55.703748', 'client 52475863 bid 0 failed. Abort.....')
('2015-01-17 10:42:39.829136', 'client 52475863 bid 0 image F81AABA3FE3BA7885CD0A87DD1A1F178 526050 ')
('2015-01-17 10:43:13.833175', 'client 52475863 bid 0 price Failed')
('2015-01-17 10:43:13.833303', 'client 52475863 bid 0 failed. Abort.....')
('2015-01-17 10:43:43.201548', 'client 52475863 bid 0 image 544FB9A13BE8A1B1907ED5D0051EEDA3 629462 ')
('2015-01-17 10:44:17.206533', 'client 52475863 bid 0 price Failed')
('2015-01-17 10:44:17.206666', 'client 52475863 bid 0 failed. Abort.....')
('2015-01-17 10:45:03.279615', 'client 52475863 bid 0 image 2EEC7D4BF8E26095F52585CAF7777584 826333 ')
('2015-01-17 10:45:37.283000', 'client 52475863 bid 0 price Failed')
('2015-01-17 10:45:37.283133', 'client 52475863 bid 0 failed. Abort.....')
('2015-01-17 10:46:02.429055', 'client 52475863 bid 0 image 891A800B6D5BC981E14739E5D14346CC 646160 ')
('2015-01-17 10:46:36.432672', 'client 52475863 bid 0 price Failed')
('2015-01-17 10:46:36.432796', 'client 52475863 bid 0 failed. Abort.....')
('2015-01-17 10:46:42.205355', 'client 52475863 bid 0 image 3C8B6AD49D2471EFFBCC5CF94B6E5737 639192 ')
('2015-01-17 10:47:16.209433', 'client 52475863 bid 0 price Failed')
('2015-01-17 10:47:16.209644', 'client 52475863 bid 0 failed. Abort.....')
('2015-01-17 10:47:31.137543', 'client 52475863 bid 0 image 40AC49F2D3F10FEA88028F0C8E7B294C 925163 ')
('2015-01-17 10:48:05.141337', 'client 52475863 bid 0 price Failed')
('2015-01-17 10:48:05.141554', 'client 52475863 bid 0 failed. Abort.....')
('2015-01-17 10:48:39.721304', 'client 52475863 bid 0 image 1B2660D2AF0866A8BD1C7EE46C5700CB 163936 ')
('2015-01-17 10:48:39.722708', 'client 52475863 bid 0 price 73700 梁? 310108198011105269')
('2015-01-17 11:29:39.486672', 'client 52493393 bid 1 image D85DC9F65E34AADFAB0B8AC728F971A5 084836 ')
('2015-01-17 11:29:41.089827', 'client 52261663 bid 1 image FCBF2567B75BAAE4CF273D30D31BC9BE 849092 ')
('2015-01-17 11:29:41.145525', 'client 52553719 bid 1 image 1E715714723EAA3536A007F2DCED22F7 392809 ')
('2015-01-17 11:29:41.194316', 'client 52253629 bid 1 image 22DEABD373BF3718FF721D74B0E30392 835260 ')
('2015-01-17 11:29:42.175659', 'client 52586778 bid 1 image B962AC7953D938C003C6A8E249863E15 905064 ')
('2015-01-17 11:29:45.424861', 'client 52587761 bid 1 image EFE3928166389968F3E8E5A419CD14DE 546150 ')
('2015-01-17 11:29:45.962387', 'client 52475863 bid 1 image D5A88D4B7384FF8C3B8C68D77EF9DE68 946263 ')
('2015-01-17 11:29:52.515195', 'client 52452825 bid 1 image A24A69A01877541551C3872D6E7D4B08 462938 ')
('2015-01-17 11:29:52.565656', 'client 52542411 bid 1 image 628EEFF1D161867852CF25B1FFD20A5C 606064 ')
('2015-01-17 11:29:56.700022', 'client 52452825 bid 1 cancel')
('2015-01-17 11:29:56.700128', 'client 52452825 bid 1 price Failed')
('2015-01-17 11:29:56.700169', 'client 52452825 bid 1 failed. Abort.....')
('2015-01-17 11:29:56.700618', 'client 52493393 bid 1 cancel')
('2015-01-17 11:29:56.700678', 'client 52493393 bid 1 price Failed')
('2015-01-17 11:29:56.700723', 'client 52493393 bid 1 failed. Abort.....')
('2015-01-17 11:29:56.700992', 'client 52261663 bid 1 cancel')
('2015-01-17 11:29:56.701037', 'client 52261663 bid 1 price Failed')
('2015-01-17 11:29:56.701070', 'client 52261663 bid 1 failed. Abort.....')
('2015-01-17 11:29:56.701438', 'client 52553719 bid 1 cancel')
('2015-01-17 11:29:56.701483', 'client 52553719 bid 1 price Failed')
('2015-01-17 11:29:56.701515', 'client 52553719 bid 1 failed. Abort.....')
('2015-01-17 11:29:56.702474', 'client 52586778 bid 1 cancel')
('2015-01-17 11:29:56.702517', 'client 52586778 bid 1 price Failed')
('2015-01-17 11:29:56.702550', 'client 52586778 bid 1 failed. Abort.....')
('2015-01-17 11:29:56.702838', 'client 52587761 bid 1 cancel')
('2015-01-17 11:29:56.702883', 'client 52587761 bid 1 price Failed')
('2015-01-17 11:29:56.702916', 'client 52587761 bid 1 failed. Abort.....')
('2015-01-17 11:29:56.703850', 'client 52542411 bid 1 cancel')
('2015-01-17 11:29:56.703921', 'client 52542411 bid 1 price Failed')
('2015-01-17 11:29:56.703956', 'client 52542411 bid 1 failed. Abort.....')
('2015-01-17 11:29:56.704787', 'client 52253629 bid 1 cancel')
('2015-01-17 11:29:56.704829', 'client 52253629 bid 1 price Failed')
('2015-01-17 11:29:56.704861', 'client 52253629 bid 1 failed. Abort.....')
('2015-01-17 11:29:56.707332', 'client 52475863 bid 1 cancel')
('2015-01-17 11:29:56.707390', 'client 52475863 bid 1 price Failed')
('2015-01-17 11:29:56.707448', 'client 52475863 bid 1 failed. Abort.....')
('2015-01-17 11:29:59.363554', 'client 52587761 bid 2 image 01B66C60BBB906501F33313FC647E519 916261 ')
('2015-01-17 11:29:59.392620', 'client 52493393 bid 2 image 63887B8ABBDBCD1A80C573CEFFDF8D2C 052618 ')
('2015-01-17 11:29:59.527913', 'client 52542411 bid 2 image 8A68B3D755AB5A966BEABDDA986FE097 481938 ')
('2015-01-17 11:29:59.596552', 'client 52253629 bid 2 image A816FFE3B3935D9CFFAB411363F7D7D6 606351 ')
('2015-01-17 11:29:59.972371', 'client 52493393 bid 2 price 74300 姚尧 320683198912196873')
('2015-01-17 11:30:04.146385', 'client 52586778 bid 2 image Failed')
('2015-01-17 11:30:04.146444', 'client 52586778 bid 2 failed. Abort.....')
('2015-01-17 11:30:06.264149', 'client 52261663 bid 2 image Failed')
('2015-01-17 11:30:06.264198', 'client 52261663 bid 2 failed. Abort.....')
('2015-01-17 11:30:06.677994', 'client 52452825 bid 2 image Failed')
('2015-01-17 11:30:06.678171', 'client 52452825 bid 2 failed. Abort.....')
('2015-01-17 11:30:06.681224', 'client 52475863 bid 2 image Failed')
('2015-01-17 11:30:06.681352', 'client 52475863 bid 2 failed. Abort.....')
('2015-01-17 11:30:07.004481', 'client 52587761 bid 2 price 74300 陆昀 310107199102285726')
('2015-01-17 11:30:09.638482', 'client 52553719 bid 2 image Failed')
('2015-01-17 11:30:09.638529', 'client 52553719 bid 2 failed. Abort.....')
('2015-01-17 11:30:09.982531', "client 52493393 bids finished. price : ['73700', None, '74300'] . Quit.....")
('2015-01-17 11:30:13.533171', 'client 52542411 bid 2 price Failed')
('2015-01-17 11:30:13.533311', 'client 52542411 bid 2 failed. Abort.....')
('2015-01-17 11:30:13.601002', 'client 52253629 bid 2 price Failed')
('2015-01-17 11:30:13.601113', 'client 52253629 bid 2 failed. Abort.....')
('2015-01-17 11:30:14.156613', "client 52586778 bids finished. price : ['73700', None, None] . Quit.....")
('2015-01-17 11:30:16.274362', "client 52261663 bids finished. price : ['73700', None, None] . Quit.....")
('2015-01-17 11:30:16.688388', "client 52452825 bids finished. price : ['73700', None, None] . Quit.....")
('2015-01-17 11:30:16.688751', "client 52475863 bids finished. price : ['73700', None, None] . Quit.....")
('2015-01-17 11:30:17.014706', "client 52587761 bids finished. price : ['73700', None, '74300'] . Quit.....")
('2015-01-17 11:30:19.648701', "client 52553719 bids finished. price : ['73700', None, None] . Quit.....")
('2015-01-17 11:30:23.539592', "client 52542411 bids finished. price : ['73700', None, None] . Quit.....")
('2015-01-17 11:30:23.611263', "client 52253629 bids finished. price : ['73700', None, None] . Quit.....")
