('2015-01-17 10:34:23.080798', 'client 52503710 bid 0 fd_image Timeout')
('2015-01-17 10:34:23.082155', 'client 52507170 bid 0 fd_image Timeout')
('2015-01-17 10:34:23.083418', 'client 52549486 bid 0 fd_image Timeout')
('2015-01-17 10:34:23.083811', 'client 52374324 bid 0 fd_image Timeout')
('2015-01-17 10:34:23.084090', 'client 52549621 bid 0 fd_image Timeout')
('2015-01-17 10:34:23.084388', 'client 52563457 bid 0 fd_image Timeout')
('2015-01-17 10:34:23.084778', 'client 52570065 bid 0 fd_image Timeout')
('2015-01-17 10:34:23.085692', 'client 52433607 bid 0 fd_image Timeout')
('2015-01-17 10:34:23.085950', 'client 52581125 bid 0 fd_image Timeout')
('2015-01-17 10:34:39.710561', 'client 52549486 bid 0 fd_price get channel Failed')
('2015-01-17 10:34:45.200922', 'client 52549621 bid 0 fd_price get channel Failed')
('2015-01-17 10:34:47.202870', 'client 52549621 bid 0 fd_price get channel Failed')
('2015-01-17 10:34:56.599283', '\r\n\r\n\r\n\r\n\r\n\r\n\r\n\r\n\r\n\r\n<XML><ERRORCODE>311</ERRORCODE><ERRORSTRING>图像校验码错误！</ERRORSTRING><ERRORSTRING_EN>Image checksum error！</ERRORSTRING_EN></XML>')
('2015-01-17 10:34:56.599331', "client 52570065 bid 0 fd_price ack error {'errcode': '311', 'errstring': '图像校验码错误！'}")
('2015-01-17 10:34:56.731591', '\r\n\r\n\r\n\r\n\r\n\r\n\r\n\r\n\r\n\r\n<XML><ERRORCODE>311</ERRORCODE><ERRORSTRING>图像校验码错误！</ERRORSTRING><ERRORSTRING_EN>Image checksum error！</ERRORSTRING_EN></XML>')
('2015-01-17 10:34:56.731638', "client 52507170 bid 0 fd_price ack error {'errcode': '311', 'errstring': '图像校验码错误！'}")
('2015-01-17 10:34:56.887426', '\r\n\r\n\r\n\r\n\r\n\r\n\r\n\r\n\r\n\r\n<XML><ERRORCODE>311</ERRORCODE><ERRORSTRING>图像校验码错误！</ERRORSTRING><ERRORSTRING_EN>Image checksum error！</ERRORSTRING_EN></XML>')
('2015-01-17 10:34:56.887475', "client 52549621 bid 0 fd_price ack error {'errcode': '311', 'errstring': '图像校验码错误！'}")
('2015-01-17 10:34:57.621893', '\r\n\r\n\r\n\r\n\r\n\r\n\r\n\r\n\r\n\r\n<XML><ERRORCODE>311</ERRORCODE><ERRORSTRING>图像校验码错误！</ERRORSTRING><ERRORSTRING_EN>Image checksum error！</ERRORSTRING_EN></XML>')
('2015-01-17 10:34:57.621941', "client 52433607 bid 0 fd_price ack error {'errcode': '311', 'errstring': '图像校验码错误！'}")
('2015-01-17 10:34:57.943922', '\r\n\r\n\r\n\r\n\r\n\r\n\r\n\r\n\r\n\r\n<XML><ERRORCODE>311</ERRORCODE><ERRORSTRING>图像校验码错误！</ERRORSTRING><ERRORSTRING_EN>Image checksum error！</ERRORSTRING_EN></XML>')
('2015-01-17 10:34:57.943968', "client 52503710 bid 0 fd_price ack error {'errcode': '311', 'errstring': '图像校验码错误！'}")
('2015-01-17 10:34:57.945007', '\r\n\r\n\r\n\r\n\r\n\r\n\r\n\r\n\r\n\r\n<XML><ERRORCODE>311</ERRORCODE><ERRORSTRING>图像校验码错误！</ERRORSTRING><ERRORSTRING_EN>Image checksum error！</ERRORSTRING_EN></XML>')
('2015-01-17 10:34:57.945081', "client 52374324 bid 0 fd_price ack error {'errcode': '311', 'errstring': '图像校验码错误！'}")
('2015-01-17 10:35:00.949108', '\r\n\r\n\r\n\r\n\r\n\r\n\r\n\r\n\r\n\r\n<XML><ERRORCODE>311</ERRORCODE><ERRORSTRING>图像校验码错误！</ERRORSTRING><ERRORSTRING_EN>Image checksum error！</ERRORSTRING_EN></XML>')
('2015-01-17 10:35:00.949158', "client 52581125 bid 0 fd_price ack error {'errcode': '311', 'errstring': '图像校验码错误！'}")
('2015-01-17 10:35:01.403232', '\r\n\r\n\r\n\r\n\r\n\r\n\r\n\r\n\r\n\r\n<XML><ERRORCODE>311</ERRORCODE><ERRORSTRING>图像校验码错误！</ERRORSTRING><ERRORSTRING_EN>Image checksum error！</ERRORSTRING_EN></XML>')
('2015-01-17 10:35:01.403280', "client 52563457 bid 0 fd_price ack error {'errcode': '311', 'errstring': '图像校验码错误！'}")
('2015-01-17 10:35:02.486135', '\r\n\r\n\r\n\r\n\r\n\r\n\r\n\r\n\r\n\r\n<XML><ERRORCODE>311</ERRORCODE><ERRORSTRING>图像校验码错误！</ERRORSTRING><ERRORSTRING_EN>Image checksum error！</ERRORSTRING_EN></XML>')
('2015-01-17 10:35:02.486183', "client 52549486 bid 0 fd_price ack error {'errcode': '311', 'errstring': '图像校验码错误！'}")
('2015-01-17 10:35:24.614749', 'client 52570065 bid 0 fd_image Timeout')
('2015-01-17 10:35:24.766037', 'client 52507170 bid 0 fd_image Timeout')
('2015-01-17 10:35:25.667571', 'client 52433607 bid 0 fd_image Timeout')
('2015-01-17 10:35:25.975831', 'client 52503710 bid 0 fd_image Timeout')
('2015-01-17 10:35:25.982022', 'client 52374324 bid 0 fd_image Timeout')
('2015-01-17 10:35:28.971651', 'client 52581125 bid 0 fd_image Timeout')
('2015-01-17 10:35:29.447200', 'client 52563457 bid 0 fd_image Timeout')
('2015-01-17 10:35:30.511828', 'client 52549486 bid 0 fd_image Timeout')
('2015-01-17 10:35:35.315995', '\r\n\r\n\r\n\r\n\r\n\r\n\r\n\r\n\r\n\r\n\r\n<XML><ERRORCODE>101</ERRORCODE><ERRORSTRING>您的操作太过频繁，请稍后再试！</ERRORSTRING><ERRORSTRING_EN>Please try again slightly!</ERRORSTRING_EN></XML>')
('2015-01-17 10:35:35.316058', "client 52581125 bid 0 fd_image ack error {'head': 'Connection: close\\nDate: Sat, 17 Jan 2015 02:35:35 GMT\\nServer: Microsoft-IIS/6.0\\nSet-Cookie: JSESSIONID=A8BFAEF0EB2A5919C65A5DED1C8AA4F5; Path=/car\\nContent-Type: text/html;charset=GBK\\nContent-Length: 175\\n\\n', 'body': '\\r\\n\\r\\n\\r\\n\\r\\n\\r\\n\\r\\n\\r\\n\\r\\n\\r\\n\\r\\n\\r\\n<XML><ERRORCODE>101</ERRORCODE><ERRORSTRING>您的操作太过频繁，请稍后再试！</ERRORSTRING><ERRORSTRING_EN>Please try again slightly!</ERRORSTRING_EN></XML>', 'status': 200}")
('2015-01-17 10:35:35.787427', '\r\n\r\n\r\n\r\n\r\n\r\n\r\n\r\n\r\n\r\n\r\n<XML><ERRORCODE>101</ERRORCODE><ERRORSTRING>您的操作太过频繁，请稍后再试！</ERRORSTRING><ERRORSTRING_EN>Please try again slightly!</ERRORSTRING_EN></XML>')
('2015-01-17 10:35:35.787480', "client 52563457 bid 0 fd_image ack error {'head': 'Connection: close\\nDate: Sat, 17 Jan 2015 02:35:35 GMT\\nServer: Microsoft-IIS/6.0\\nSet-Cookie: JSESSIONID=2ED0B71C62D9CA62FD04E29362AB983D; Path=/car\\nContent-Type: text/html;charset=GBK\\nContent-Length: 175\\n\\n', 'body': '\\r\\n\\r\\n\\r\\n\\r\\n\\r\\n\\r\\n\\r\\n\\r\\n\\r\\n\\r\\n\\r\\n<XML><ERRORCODE>101</ERRORCODE><ERRORSTRING>您的操作太过频繁，请稍后再试！</ERRORSTRING><ERRORSTRING_EN>Please try again slightly!</ERRORSTRING_EN></XML>', 'status': 200}")
('2015-01-17 10:35:38.003229', 'client 52549621 bid 0 fd_image Timeout')
('2015-01-17 10:35:45.989119', 'client 52549486 bid 0 fd_price get channel Failed')
('2015-01-17 10:35:46.476005', 'client 52570065 bid 0 fd_price get channel Failed')
('2015-01-17 10:35:47.044017', 'client 52507170 bid 0 fd_price get channel Failed')
('2015-01-17 10:35:47.516439', 'client 52549621 bid 0 fd_price get channel Failed')
('2015-01-17 10:35:47.991197', 'client 52549486 bid 0 fd_price get channel Failed')
('2015-01-17 10:35:48.477617', 'client 52570065 bid 0 fd_price get channel Failed')
('2015-01-17 10:35:49.037612', 'client 52503710 bid 0 fd_price get channel Failed')
('2015-01-17 10:35:49.044857', 'client 52507170 bid 0 fd_price get channel Failed')
('2015-01-17 10:35:49.518583', 'client 52549621 bid 0 fd_price get channel Failed')
('2015-01-17 10:35:51.039403', 'client 52503710 bid 0 fd_price get channel Failed')
('2015-01-17 10:35:55.254531', 'client 52433607 bid 0 fd_price get channel Failed')
('2015-01-17 10:35:55.317667', 'client 52581125 bid 0 fd_image Timeout')
('2015-01-17 10:35:55.789136', 'client 52563457 bid 0 fd_image Timeout')
('2015-01-17 10:35:56.540097', 'client 52374324 bid 0 fd_price get channel Failed')
('2015-01-17 10:35:57.256685', 'client 52433607 bid 0 fd_price get channel Failed')
('2015-01-17 10:35:58.541331', 'client 52374324 bid 0 fd_price get channel Failed')
('2015-01-17 10:36:12.308906', '\r\n\r\n\r\n\r\n\r\n\r\n\r\n\r\n\r\n\r\n<XML><ERRORCODE>311</ERRORCODE><ERRORSTRING>图像校验码错误！</ERRORSTRING><ERRORSTRING_EN>Image checksum error！</ERRORSTRING_EN></XML>')
('2015-01-17 10:36:12.308954', "client 52549621 bid 0 fd_price ack error {'errcode': '311', 'errstring': '图像校验码错误！'}")
('2015-01-17 10:36:15.319071', 'client 52581125 bid 0 fd_image Timeout')
('2015-01-17 10:36:15.790794', 'client 52563457 bid 0 fd_image Timeout')
('2015-01-17 10:36:23.032854', 'client 52581125 bid 0 fd_price get channel Failed')
('2015-01-17 10:36:25.035028', 'client 52581125 bid 0 fd_price get channel Failed')
('2015-01-17 10:36:29.740526', 'client 52563457 bid 0 fd_price get channel Failed')
('2015-01-17 10:36:31.742546', 'client 52563457 bid 0 fd_price get channel Failed')
('2015-01-17 10:36:40.319218', 'client 52549621 bid 0 fd_image Timeout')
('2015-01-17 10:36:46.660072', '\r\n\r\n\r\n\r\n\r\n\r\n\r\n\r\n\r\n\r\n\r\n<XML><ERRORCODE>101</ERRORCODE><ERRORSTRING>您的操作太过频繁，请稍后再试！</ERRORSTRING><ERRORSTRING_EN>Please try again slightly!</ERRORSTRING_EN></XML>')
('2015-01-17 10:36:46.660126', "client 52549621 bid 0 fd_image ack error {'head': 'Connection: close\\nDate: Sat, 17 Jan 2015 02:36:46 GMT\\nServer: Microsoft-IIS/6.0\\nSet-Cookie: JSESSIONID=D430FD1C68505F20340E1F9AB7BF0833; Path=/car\\nContent-Type: text/html;charset=GBK\\nContent-Length: 175\\n\\n', 'body': '\\r\\n\\r\\n\\r\\n\\r\\n\\r\\n\\r\\n\\r\\n\\r\\n\\r\\n\\r\\n\\r\\n<XML><ERRORCODE>101</ERRORCODE><ERRORSTRING>您的操作太过频繁，请稍后再试！</ERRORSTRING><ERRORSTRING_EN>Please try again slightly!</ERRORSTRING_EN></XML>', 'status': 200}")
('2015-01-17 10:36:47.509572', '\r\n\r\n\r\n\r\n\r\n\r\n\r\n\r\n\r\n\r\n<XML><ERRORCODE>311</ERRORCODE><ERRORSTRING>图像校验码错误！</ERRORSTRING><ERRORSTRING_EN>Image checksum error！</ERRORSTRING_EN></XML>')
('2015-01-17 10:36:47.509620', "client 52374324 bid 0 fd_price ack error {'errcode': '311', 'errstring': '图像校验码错误！'}")
('2015-01-17 10:36:47.800093', '\r\n\r\n\r\n\r\n\r\n\r\n\r\n\r\n\r\n\r\n<XML><ERRORCODE>311</ERRORCODE><ERRORSTRING>图像校验码错误！</ERRORSTRING><ERRORSTRING_EN>Image checksum error！</ERRORSTRING_EN></XML>')
('2015-01-17 10:36:47.800142', "client 52581125 bid 0 fd_price ack error {'errcode': '311', 'errstring': '图像校验码错误！'}")
('2015-01-17 10:36:48.057462', 'client 52433607 bid 0 fd_image Timeout')
('2015-01-17 10:36:57.949993', 'client 52433607 bid 0 fd_price get channel Failed')
('2015-01-17 10:37:03.503478', 'client 52507170 bid 0 fd_price info channel error')
('2015-01-17 10:37:04.806167', 'client 52507170 bid 0 fd_price get channel Failed')
('2015-01-17 10:37:06.661447', 'client 52549621 bid 0 fd_image Timeout')
('2015-01-17 10:37:08.565870', 'client 52374324 bid 0 fd_image info channel error')
('2015-01-17 10:37:08.582111', 'client 52503710 bid 0 fd_image info channel error')
('2015-01-17 10:37:08.675996', 'client 52570065 bid 0 fd_price info channel error')
('2015-01-17 10:37:09.609811', 'client 52433607 bid 0 fd_price info channel error')
('2015-01-17 10:37:09.978671', 'client 52570065 bid 0 fd_price get channel Failed')
('2015-01-17 10:37:10.911970', 'client 52433607 bid 0 fd_price get channel Failed')
('2015-01-17 10:37:11.619526', 'client 52374324 bid 0 fd_price info channel error')
('2015-01-17 10:37:12.551426', 'client 52570065 bid 0 fd_price info channel error')
('2015-01-17 10:37:12.921662', 'client 52374324 bid 0 fd_price get channel Failed')
('2015-01-17 10:37:13.736882', 'client 52503710 bid 0 fd_price info channel error')
('2015-01-17 10:37:13.767619', 'client 52374324 bid 0 fd_price info channel error')
('2015-01-17 10:37:13.806429', 'client 52581125 bid 0 fd_price info channel error')
('2015-01-17 10:37:13.853694', 'client 52570065 bid 0 fd_price get channel Failed')
('2015-01-17 10:37:15.039456', 'client 52503710 bid 0 fd_price get channel Failed')
('2015-01-17 10:37:15.069604', 'client 52374324 bid 0 fd_price get channel Failed')
('2015-01-17 10:37:15.108400', 'client 52581125 bid 0 fd_price get channel Failed')
('2015-01-17 10:37:15.835399', 'client 52581125 bid 0 fd_image Timeout')
('2015-01-17 10:37:20.661555', '\r\n\r\n\r\n\r\n\r\n\r\n\r\n\r\n\r\n\r\n<XML><ERRORCODE>311</ERRORCODE><ERRORSTRING>图像校验码错误！</ERRORSTRING><ERRORSTRING_EN>Image checksum error！</ERRORSTRING_EN></XML>')
('2015-01-17 10:37:20.661601', "client 52563457 bid 0 fd_price ack error {'errcode': '311', 'errstring': '图像校验码错误！'}")
('2015-01-17 10:37:22.179456', '\r\n\r\n\r\n\r\n\r\n\r\n\r\n\r\n\r\n\r\n\r\n<XML><ERRORCODE>101</ERRORCODE><ERRORSTRING>您的操作太过频繁，请稍后再试！</ERRORSTRING><ERRORSTRING_EN>Please try again slightly!</ERRORSTRING_EN></XML>')
('2015-01-17 10:37:22.179508', "client 52581125 bid 0 fd_image ack error {'head': 'Connection: close\\nDate: Sat, 17 Jan 2015 02:37:22 GMT\\nServer: Microsoft-IIS/6.0\\nSet-Cookie: JSESSIONID=9EF2F515A37FF09FDC01D2F61A96F50E; Path=/car\\nContent-Type: text/html;charset=GBK\\nContent-Length: 175\\n\\n', 'body': '\\r\\n\\r\\n\\r\\n\\r\\n\\r\\n\\r\\n\\r\\n\\r\\n\\r\\n\\r\\n\\r\\n<XML><ERRORCODE>101</ERRORCODE><ERRORSTRING>您的操作太过频繁，请稍后再试！</ERRORSTRING><ERRORSTRING_EN>Please try again slightly!</ERRORSTRING_EN></XML>', 'status': 200}")
('2015-01-17 10:37:22.543419', 'client 52563457 bid 0 fd_image Timeout')
('2015-01-17 10:37:22.710011', '\r\n\r\n\r\n\r\n\r\n\r\n\r\n\r\n\r\n\r\n<XML><ERRORCODE>311</ERRORCODE><ERRORSTRING>图像校验码错误！</ERRORSTRING><ERRORSTRING_EN>Image checksum error！</ERRORSTRING_EN></XML>')
('2015-01-17 10:37:22.710058', "client 52433607 bid 0 fd_price ack error {'errcode': '311', 'errstring': '图像校验码错误！'}")
('2015-01-17 10:37:26.368484', '\r\n\r\n\r\n\r\n\r\n\r\n\r\n\r\n\r\n\r\n<XML><ERRORCODE>311</ERRORCODE><ERRORSTRING>图像校验码错误！</ERRORSTRING><ERRORSTRING_EN>Image checksum error！</ERRORSTRING_EN></XML>')
('2015-01-17 10:37:26.368535', "client 52549621 bid 0 fd_price ack error {'errcode': '311', 'errstring': '图像校验码错误！'}")
('2015-01-17 10:37:27.561712', 'client 52549621 bid 0 fd_price get channel Failed')
('2015-01-17 10:37:29.564617', 'client 52549621 bid 0 fd_price get channel Failed')
('2015-01-17 10:37:31.853871', 'client 52433607 bid 0 fd_image info channel error')
('2015-01-17 10:37:36.412021', 'client 52563457 bid 0 fd_price get channel Failed')
('2015-01-17 10:37:38.414577', 'client 52563457 bid 0 fd_price get channel Failed')
('2015-01-17 10:37:42.180762', 'client 52581125 bid 0 fd_image Timeout')
('2015-01-17 10:38:02.182235', 'client 52581125 bid 0 fd_image Timeout')
('2015-01-17 10:38:10.097920', 'client 52549621 bid 0 fd_price get channel Failed')
('2015-01-17 10:38:12.099666', 'client 52549621 bid 0 fd_price get channel Failed')
('2015-01-17 10:38:25.614942', 'client 52581125 bid 0 fd_price get channel Failed')
('2015-01-17 10:38:27.616580', 'client 52581125 bid 0 fd_price get channel Failed')
('2015-01-17 10:39:12.789216', '\r\n\r\n\r\n\r\n\r\n\r\n\r\n\r\n\r\n\r\n<XML><ERRORCODE>311</ERRORCODE><ERRORSTRING>图像校验码错误！</ERRORSTRING><ERRORSTRING_EN>Image checksum error！</ERRORSTRING_EN></XML>')
('2015-01-17 10:39:12.789283', "client 52549621 bid 0 fd_price ack error {'errcode': '311', 'errstring': '图像校验码错误！'}")
('2015-01-17 10:39:21.749554', '\r\n\r\n\r\n\r\n\r\n\r\n\r\n\r\n\r\n\r\n<XML><ERRORCODE>311</ERRORCODE><ERRORSTRING>图像校验码错误！</ERRORSTRING><ERRORSTRING_EN>Image checksum error！</ERRORSTRING_EN></XML>')
('2015-01-17 10:39:21.749601', "client 52563457 bid 0 fd_price ack error {'errcode': '311', 'errstring': '图像校验码错误！'}")
('2015-01-17 10:39:52.981583', '\r\n\r\n\r\n\r\n\r\n\r\n\r\n\r\n\r\n\r\n<XML><ERRORCODE>311</ERRORCODE><ERRORSTRING>图像校验码错误！</ERRORSTRING><ERRORSTRING_EN>Image checksum error！</ERRORSTRING_EN></XML>')
('2015-01-17 10:39:52.981631', "client 52581125 bid 0 fd_price ack error {'errcode': '311', 'errstring': '图像校验码错误！'}")
('2015-01-17 10:40:01.209545', 'client 52433607 bid 0 fd_price info channel error')
('2015-01-17 10:40:01.334513', '\r\n\r\n\r\n\r\n\r\n\r\n\r\n\r\n\r\n\r\n<XML><ERRORCODE>311</ERRORCODE><ERRORSTRING>图像校验码错误！</ERRORSTRING><ERRORSTRING_EN>Image checksum error！</ERRORSTRING_EN></XML>')
('2015-01-17 10:40:01.334561', "client 52433607 bid 0 fd_price ack error {'errcode': '311', 'errstring': '图像校验码错误！'}")
('2015-01-17 10:40:05.778322', 'client 52549486 bid 0 fd_price info channel error')
('2015-01-17 10:40:05.888011', '\r\n\r\n\r\n\r\n\r\n\r\n\r\n\r\n\r\n\r\n<XML><ERRORCODE>311</ERRORCODE><ERRORSTRING>图像校验码错误！</ERRORSTRING><ERRORSTRING_EN>Image checksum error！</ERRORSTRING_EN></XML>')
('2015-01-17 10:40:05.888065', "client 52549486 bid 0 fd_price ack error {'errcode': '311', 'errstring': '图像校验码错误！'}")
('2015-01-17 10:40:12.447758', 'client 52507170 bid 0 fd_price info channel error')
('2015-01-17 10:40:12.564312', '\r\n\r\n\r\n\r\n\r\n\r\n\r\n\r\n\r\n\r\n<XML><ERRORCODE>311</ERRORCODE><ERRORSTRING>图像校验码错误！</ERRORSTRING><ERRORSTRING_EN>Image checksum error！</ERRORSTRING_EN></XML>')
('2015-01-17 10:40:12.564358', "client 52507170 bid 0 fd_price ack error {'errcode': '311', 'errstring': '图像校验码错误！'}")
('2015-01-17 10:40:12.946177', 'client 52563457 bid 0 fd_price info channel error')
('2015-01-17 10:40:13.054000', '\r\n\r\n\r\n\r\n\r\n\r\n\r\n\r\n\r\n\r\n<XML><ERRORCODE>311</ERRORCODE><ERRORSTRING>图像校验码错误！</ERRORSTRING><ERRORSTRING_EN>Image checksum error！</ERRORSTRING_EN></XML>')
('2015-01-17 10:40:13.054047', "client 52563457 bid 0 fd_price ack error {'errcode': '311', 'errstring': '图像校验码错误！'}")
('2015-01-17 10:40:13.474515', 'client 52503710 bid 0 fd_price info channel error')
('2015-01-17 10:40:13.598126', '\r\n\r\n\r\n\r\n\r\n\r\n\r\n\r\n\r\n\r\n<XML><ERRORCODE>311</ERRORCODE><ERRORSTRING>图像校验码错误！</ERRORSTRING><ERRORSTRING_EN>Image checksum error！</ERRORSTRING_EN></XML>')
('2015-01-17 10:40:13.598172', "client 52503710 bid 0 fd_price ack error {'errcode': '311', 'errstring': '图像校验码错误！'}")
('2015-01-17 10:40:18.581985', 'client 52563457 bid 0 fd_price info channel error')
('2015-01-17 10:40:18.689570', '\r\n\r\n\r\n\r\n\r\n\r\n\r\n\r\n\r\n\r\n<XML><ERRORCODE>311</ERRORCODE><ERRORSTRING>图像校验码错误！</ERRORSTRING><ERRORSTRING_EN>Image checksum error！</ERRORSTRING_EN></XML>')
('2015-01-17 10:40:18.689646', "client 52563457 bid 0 fd_price ack error {'errcode': '311', 'errstring': '图像校验码错误！'}")
('2015-01-17 10:40:31.889420', 'client 52563457 bid 0 fd_image info channel error')
('2015-01-17 10:42:06.624043', 'client 52581125 bid 0 fd_price info channel error')
('2015-01-17 10:42:07.928605', 'client 52581125 bid 0 fd_price get channel Failed')
('2015-01-17 11:29:43.017987', 'client 52503710 bid 1 fd_image Timeout')
('2015-01-17 11:29:43.018474', 'client 52563457 bid 1 fd_image Timeout')
('2015-01-17 11:29:56.474878', 'client 52549486 bid 2 fd_image status 503')
('2015-01-17 11:29:56.476309', 'client 52563457 bid 2 fd_image status 503')
('2015-01-17 11:29:57.695670', 'client 52507170 bid 2 fd_image status 503')
('2015-01-17 11:29:57.696834', 'client 52374324 bid 2 fd_image status 503')
('2015-01-17 11:29:59.320739', '\r\n\r\n\r\n\r\n\r\n\r\n\r\n\r\n\r\n\r\n<XML><ERRORCODE>311</ERRORCODE><ERRORSTRING>图像校验码错误！</ERRORSTRING><ERRORSTRING_EN>Image checksum error！</ERRORSTRING_EN></XML>')
('2015-01-17 11:29:59.320794', "client 52570065 bid 2 fd_price ack error {'errcode': '311', 'errstring': '图像校验码错误！'}")
('2015-01-17 11:29:59.623977', '\r\n\r\n\r\n\r\n\r\n\r\n\r\n\r\n\r\n\r\n<XML><ERRORCODE>311</ERRORCODE><ERRORSTRING>图像校验码错误！</ERRORSTRING><ERRORSTRING_EN>Image checksum error！</ERRORSTRING_EN></XML>')
('2015-01-17 11:29:59.624097', "client 52581125 bid 2 fd_price ack error {'errcode': '311', 'errstring': '图像校验码错误！'}")
('2015-01-17 11:29:59.882132', 'client 52507170 bid 2 fd_image status 503')
('2015-01-17 11:30:00.023980', '\r\n\r\n\r\n\r\n\r\n\r\n\r\n\r\n\r\n\r\n<XML><ERRORCODE>311</ERRORCODE><ERRORSTRING>图像校验码错误！</ERRORSTRING><ERRORSTRING_EN>Image checksum error！</ERRORSTRING_EN></XML>')
('2015-01-17 11:30:00.024034', "client 52433607 bid 2 fd_price ack error {'errcode': '311', 'errstring': '图像校验码错误！'}")
('2015-01-17 11:30:00.050841', '\r\n\r\n\r\n\r\n\r\n\r\n\r\n\r\n\r\n\r\n<XML><ERRORCODE>110</ERRORCODE><ERRORSTRING>没有正在举行的拍卖会，请注意拍卖公告！</ERRORSTRING><ERRORSTRING_EN>Auction is not begin!</ERRORSTRING_EN></XML>\r\n')
('2015-01-17 11:30:00.050896', "client 52433607 bid 2 fd_price ack error {'errcode': '110', 'errstring': '没有正在举行的拍卖会，请注意拍卖公告！'}")
('2015-01-17 11:30:00.311148', '\r\n\r\n\r\n\r\n\r\n\r\n\r\n\r\n\r\n\r\n<XML><ERRORCODE>311</ERRORCODE><ERRORSTRING>图像校验码错误！</ERRORSTRING><ERRORSTRING_EN>Image checksum error！</ERRORSTRING_EN></XML>')
('2015-01-17 11:30:00.311202', "client 52503710 bid 2 fd_price ack error {'errcode': '311', 'errstring': '图像校验码错误！'}")
('2015-01-17 11:30:00.380565', '\r\n\r\n\r\n\r\n\r\n\r\n\r\n\r\n\r\n\r\n<XML><ERRORCODE>311</ERRORCODE><ERRORSTRING>图像校验码错误！</ERRORSTRING><ERRORSTRING_EN>Image checksum error！</ERRORSTRING_EN></XML>')
('2015-01-17 11:30:00.380621', "client 52549621 bid 2 fd_price ack error {'errcode': '311', 'errstring': '图像校验码错误！'}")
('2015-01-17 11:30:00.709003', '\r\n\r\n\r\n\r\n\r\n\r\n\r\n\r\n\r\n\r\n\r\n<XML><ERRORCODE>110</ERRORCODE><ERRORSTRING>没有正在举行的拍卖会，请注意拍卖公告！</ERRORSTRING><ERRORSTRING_EN>Auction is not begin!</ERRORSTRING_EN></XML>')
('2015-01-17 11:30:00.709148', "client 52563457 bid 2 fd_image ack error {'head': 'Connection: close\\nDate: Sat, 17 Jan 2015 03:30:00 GMT\\nServer: Microsoft-IIS/6.0\\nSet-Cookie: JSESSIONID=5B70CCAFCAF8669A0CECDA3397EB7120; Path=/car\\nContent-Type: text/html;charset=GBK\\nContent-Length: 178\\n\\n', 'body': '\\r\\n\\r\\n\\r\\n\\r\\n\\r\\n\\r\\n\\r\\n\\r\\n\\r\\n\\r\\n\\r\\n<XML><ERRORCODE>110</ERRORCODE><ERRORSTRING>没有正在举行的拍卖会，请注意拍卖公告！</ERRORSTRING><ERRORSTRING_EN>Auction is not begin!</ERRORSTRING_EN></XML>', 'status': 200}")
('2015-01-17 11:30:00.711098', '\r\n\r\n\r\n\r\n\r\n\r\n\r\n\r\n\r\n\r\n\r\n<XML><ERRORCODE>110</ERRORCODE><ERRORSTRING>没有正在举行的拍卖会，请注意拍卖公告！</ERRORSTRING><ERRORSTRING_EN>Auction is not begin!</ERRORSTRING_EN></XML>')
('2015-01-17 11:30:00.711227', "client 52549486 bid 2 fd_image ack error {'head': 'Connection: close\\nDate: Sat, 17 Jan 2015 03:30:00 GMT\\nServer: Microsoft-IIS/6.0\\nSet-Cookie: JSESSIONID=54D8C645CAEE050CDAAADCF6E41A83A3; Path=/car\\nContent-Type: text/html;charset=GBK\\nContent-Length: 178\\n\\n', 'body': '\\r\\n\\r\\n\\r\\n\\r\\n\\r\\n\\r\\n\\r\\n\\r\\n\\r\\n\\r\\n\\r\\n<XML><ERRORCODE>110</ERRORCODE><ERRORSTRING>没有正在举行的拍卖会，请注意拍卖公告！</ERRORSTRING><ERRORSTRING_EN>Auction is not begin!</ERRORSTRING_EN></XML>', 'status': 200}")
('2015-01-17 11:30:02.485991', '\r\n\r\n\r\n\r\n\r\n\r\n\r\n\r\n\r\n\r\n\r\n<XML><ERRORCODE>101</ERRORCODE><ERRORSTRING>您的操作太过频繁，请稍后再试！</ERRORSTRING><ERRORSTRING_EN>Please try again slightly!</ERRORSTRING_EN></XML>')
('2015-01-17 11:30:02.486146', "client 52549486 bid 2 fd_image ack error {'head': 'Connection: close\\nDate: Sat, 17 Jan 2015 03:30:02 GMT\\nServer: Microsoft-IIS/6.0\\nSet-Cookie: JSESSIONID=C5E0F072358A932BA1AC2C3F66D74DC7; Path=/car\\nContent-Type: text/html;charset=GBK\\nContent-Length: 175\\n\\n', 'body': '\\r\\n\\r\\n\\r\\n\\r\\n\\r\\n\\r\\n\\r\\n\\r\\n\\r\\n\\r\\n\\r\\n<XML><ERRORCODE>101</ERRORCODE><ERRORSTRING>您的操作太过频繁，请稍后再试！</ERRORSTRING><ERRORSTRING_EN>Please try again slightly!</ERRORSTRING_EN></XML>', 'status': 200}")
('2015-01-17 11:30:02.489340', '\r\n\r\n\r\n\r\n\r\n\r\n\r\n\r\n\r\n\r\n\r\n<XML><ERRORCODE>110</ERRORCODE><ERRORSTRING>没有正在举行的拍卖会，请注意拍卖公告！</ERRORSTRING><ERRORSTRING_EN>Auction is not begin!</ERRORSTRING_EN></XML>')
('2015-01-17 11:30:02.489467', "client 52563457 bid 2 fd_image ack error {'head': 'Connection: close\\nDate: Sat, 17 Jan 2015 03:30:02 GMT\\nServer: Microsoft-IIS/6.0\\nSet-Cookie: JSESSIONID=F49458CCCD4D9331EB783EFB08FF7F04; Path=/car\\nContent-Type: text/html;charset=GBK\\nContent-Length: 178\\n\\n', 'body': '\\r\\n\\r\\n\\r\\n\\r\\n\\r\\n\\r\\n\\r\\n\\r\\n\\r\\n\\r\\n\\r\\n<XML><ERRORCODE>110</ERRORCODE><ERRORSTRING>没有正在举行的拍卖会，请注意拍卖公告！</ERRORSTRING><ERRORSTRING_EN>Auction is not begin!</ERRORSTRING_EN></XML>', 'status': 200}")
('2015-01-17 11:30:05.606925', '\r\n\r\n\r\n\r\n\r\n\r\n\r\n\r\n\r\n\r\n\r\n<XML><ERRORCODE>110</ERRORCODE><ERRORSTRING>没有正在举行的拍卖会，请注意拍卖公告！</ERRORSTRING><ERRORSTRING_EN>Auction is not begin!</ERRORSTRING_EN></XML>')
('2015-01-17 11:30:05.607010', "client 52374324 bid 2 fd_image ack error {'head': 'Connection: close\\nDate: Sat, 17 Jan 2015 03:30:05 GMT\\nServer: Microsoft-IIS/6.0\\nSet-Cookie: JSESSIONID=14D565830254A511A55A7778038A79EF; Path=/car\\nContent-Type: text/html;charset=GBK\\nContent-Length: 178\\n\\n', 'body': '\\r\\n\\r\\n\\r\\n\\r\\n\\r\\n\\r\\n\\r\\n\\r\\n\\r\\n\\r\\n\\r\\n<XML><ERRORCODE>110</ERRORCODE><ERRORSTRING>没有正在举行的拍卖会，请注意拍卖公告！</ERRORSTRING><ERRORSTRING_EN>Auction is not begin!</ERRORSTRING_EN></XML>', 'status': 200}")
('2015-01-17 11:30:05.815838', '\r\n\r\n\r\n\r\n\r\n\r\n\r\n\r\n\r\n\r\n\r\n<XML><ERRORCODE>101</ERRORCODE><ERRORSTRING>您的操作太过频繁，请稍后再试！</ERRORSTRING><ERRORSTRING_EN>Please try again slightly!</ERRORSTRING_EN></XML>')
('2015-01-17 11:30:05.815904', "client 52374324 bid 2 fd_image ack error {'head': 'Connection: close\\nDate: Sat, 17 Jan 2015 03:30:05 GMT\\nServer: Microsoft-IIS/6.0\\nSet-Cookie: JSESSIONID=FCC6DD65F749F42BA5A333C83C7F5EFE; Path=/car\\nContent-Type: text/html;charset=GBK\\nContent-Length: 175\\n\\n', 'body': '\\r\\n\\r\\n\\r\\n\\r\\n\\r\\n\\r\\n\\r\\n\\r\\n\\r\\n\\r\\n\\r\\n<XML><ERRORCODE>101</ERRORCODE><ERRORSTRING>您的操作太过频繁，请稍后再试！</ERRORSTRING><ERRORSTRING_EN>Please try again slightly!</ERRORSTRING_EN></XML>', 'status': 200}")
('2015-01-17 11:30:09.274050', 'client 52507170 bid 2 fd_image Timeout')
