('2015-01-17 09:36:42.035338', 'client 52539395 login 张世根 362323198011260731')
('2015-01-17 09:36:42.036035', 'client 52547530 login 丁一 310109198209231048')
('2015-01-17 09:36:43.521782', 'client 52449582 login 高慧莉 310110198501202741')
('2015-01-17 09:36:43.530203', 'client 52517324 login 忻雅萍 310103197706070844')
('2015-01-17 09:36:45.019067', 'client 52473901 login 蔡景琦 220204198211290014')
('2015-01-17 09:36:45.032579', 'client 52557234 login 钱振亭 310104198401010075')
('2015-01-17 09:36:46.520207', 'client 52417837 login 单梅卿 310109198204061529')
('2015-01-17 09:36:46.534444', 'client 52464974 login 邱实 410105198202091618')
('2015-01-17 09:36:48.017891', 'client 52715887 login 万亿 310109198705263065')
('2015-01-17 09:36:48.038319', 'client 52556242 login 张宇 310113198610012452')
('2015-01-17 10:34:33.353175', 'client 52449582 bid 0 image D1C7AD4D41DC517EBB0CACC6457E1E58 606163 ')
('2015-01-17 10:34:33.789360', 'client 52547530 bid 0 image 2930BA22C1C53039A305088FC58AE2D8 062939 ')
('2015-01-17 10:34:34.898151', 'client 52715887 bid 0 image 7FBEF8884855F9F9C5083FAC77757F08 250826 ')
('2015-01-17 10:34:34.961503', 'client 52539395 bid 0 image 698E21248446DAC6EBC9EC310FB6C7F2 619460 ')
('2015-01-17 10:34:35.990987', 'client 52517324 bid 0 image 2B18B7A4C85C976AB8CD07B7AD72A4F0 906251 ')
('2015-01-17 10:34:35.995350', 'client 52464974 bid 0 image 2F2EE5741CBB9571A370B76482BE0171 194916 ')
('2015-01-17 10:34:36.176602', 'client 52417837 bid 0 image C7BEA8169FD73289F368D5D52E360335 626152 ')
('2015-01-17 10:34:41.386220', 'client 52473901 bid 0 image 001F290FA6070D15F1DA44DF85A25B88 682926 ')
('2015-01-17 10:34:41.692932', 'client 52556242 bid 0 image 96220C92D0D54E05D95D18E4CFD13D90 164639 ')
('2015-01-17 10:34:44.296403', 'client 52557234 bid 0 image B8A8436D6753FD9A9E9491FDD6564A36 648253 ')
('2015-01-17 10:34:59.200631', 'client 52557234 bid 0 price 73700 钱振亭 310104198401010075')
('2015-01-17 10:34:59.342438', 'client 52449582 bid 0 price 73700 高慧莉 310110198501202741')
('2015-01-17 10:34:59.810807', 'client 52547530 bid 0 price 73700 丁一 310109198209231048')
('2015-01-17 10:35:00.872265', 'client 52715887 bid 0 price 73700 万亿 310109198705263065')
('2015-01-17 10:35:00.944267', 'client 52539395 bid 0 price 73700 张世根 362323198011260731')
('2015-01-17 10:35:01.978749', 'client 52464974 bid 0 price 73700 邱实 410105198202091618')
('2015-01-17 10:35:01.981485', 'client 52517324 bid 0 price 73700 忻雅萍 310103197706070844')
('2015-01-17 10:35:02.158925', 'client 52417837 bid 0 price 73700 单梅卿 310109198204061529')
('2015-01-17 10:35:07.665109', 'client 52556242 bid 0 price 73700 张宇 310113198610012452')
('2015-01-17 10:35:15.392510', 'client 52473901 bid 0 price Failed')
('2015-01-17 10:35:15.392638', 'client 52473901 bid 0 failed. Abort.....')
('2015-01-17 10:35:51.416579', 'client 52473901 bid 0 image 5EDFF65154C6C0D9B56C07775458E013 616282 ')
('2015-01-17 10:36:17.433006', 'client 52473901 bid 0 price 73700 蔡景琦 220204198211290014')
('2015-01-17 11:29:38.200196', 'client 52715887 bid 1 image A26C84DF87F45DA6D39B98BBE130EC65 461616 ')
('2015-01-17 11:29:38.336439', 'client 52556242 bid 1 image 269ABD02046BD0AD8C046DD718E5979F 906281 ')
('2015-01-17 11:29:39.355733', 'client 52517324 bid 1 image E7CEA4408074093015CD69B9BD5FDCAA 454528 ')
('2015-01-17 11:29:39.486705', 'client 52464974 bid 1 image 690C68D2880913D11E4B228A50EDEAF8 392649 ')
('2015-01-17 11:29:39.542823', 'client 52547530 bid 1 image 43185E6CCDDF95D03161A4ADE3B6592B 606064 ')
('2015-01-17 11:29:41.043470', 'client 52557234 bid 1 image 41C095CCACB26981C958BBC11F3C28BB 293545 ')
('2015-01-17 11:29:49.372223', 'client 52449582 bid 1 image Failed')
('2015-01-17 11:29:49.372281', 'client 52449582 bid 1 failed. Abort.....')
('2015-01-17 11:29:49.373474', 'client 52473901 bid 1 image Failed')
('2015-01-17 11:29:49.373519', 'client 52473901 bid 1 failed. Abort.....')
('2015-01-17 11:29:51.930737', 'client 52539395 bid 1 image EE16F19FF74D691C7901AD48D51CAFB5 616462 ')
('2015-01-17 11:29:51.989767', 'client 52417837 bid 1 image A2EE2EDBB26E709409B34E13775BD725 625152 ')
('2015-01-17 11:29:56.216748', 'client 52715887 bid 1 cancel')
('2015-01-17 11:29:56.216862', 'client 52715887 bid 1 price Failed')
('2015-01-17 11:29:56.216902', 'client 52715887 bid 1 failed. Abort.....')
('2015-01-17 11:29:56.217297', 'client 52556242 bid 1 cancel')
('2015-01-17 11:29:56.217352', 'client 52556242 bid 1 price Failed')
('2015-01-17 11:29:56.217387', 'client 52556242 bid 1 failed. Abort.....')
('2015-01-17 11:29:56.219129', 'client 52417837 bid 1 cancel')
('2015-01-17 11:29:56.219181', 'client 52417837 bid 1 price Failed')
('2015-01-17 11:29:56.219216', 'client 52417837 bid 1 failed. Abort.....')
('2015-01-17 11:29:56.219531', 'client 52557234 bid 1 cancel')
('2015-01-17 11:29:56.219597', 'client 52557234 bid 1 price Failed')
('2015-01-17 11:29:56.219631', 'client 52557234 bid 1 failed. Abort.....')
('2015-01-17 11:29:56.220970', 'client 52464974 bid 1 cancel')
('2015-01-17 11:29:56.221037', 'client 52464974 bid 1 price Failed')
('2015-01-17 11:29:56.221082', 'client 52464974 bid 1 failed. Abort.....')
('2015-01-17 11:29:56.223518', 'client 52547530 bid 1 cancel')
('2015-01-17 11:29:56.223568', 'client 52547530 bid 1 price Failed')
('2015-01-17 11:29:56.223618', 'client 52547530 bid 1 failed. Abort.....')
('2015-01-17 11:29:56.224710', 'client 52517324 bid 1 cancel')
('2015-01-17 11:29:56.224757', 'client 52517324 bid 1 price Failed')
('2015-01-17 11:29:56.224790', 'client 52517324 bid 1 failed. Abort.....')
('2015-01-17 11:29:56.227990', 'client 52539395 bid 1 cancel')
('2015-01-17 11:29:56.228034', 'client 52539395 bid 1 price Failed')
('2015-01-17 11:29:56.228067', 'client 52539395 bid 1 failed. Abort.....')
('2015-01-17 11:29:58.825113', 'client 52417837 bid 2 image A64D2BD89C59A5E05AE03589F7DC2AC6 606281 ')
('2015-01-17 11:29:58.869316', 'client 52547530 bid 2 image 7F8B5FFC889959FFEEC1549301AE88EF 616251 ')
('2015-01-17 11:29:58.896803', 'client 52539395 bid 2 image 1DFD2518D63C01525AF2139F36C9F39C 260625 ')
('2015-01-17 11:29:59.145432', 'client 52417837 bid 2 price 74300 单梅卿 310109198204061529')
('2015-01-17 11:30:00.266512', 'client 52715887 bid 2 image 0560F056C92F584D18E181258894E2AC 529051 ')
('2015-01-17 11:30:00.306864', 'client 52517324 bid 2 image 9A3D8A663A276D21206A356A8A789B8E 353526 ')
('2015-01-17 11:30:00.343628', 'client 52539395 bid 2 price 74300 张世根 362323198011260731')
('2015-01-17 11:30:02.436806', 'client 52473901 bid 2 image Failed')
('2015-01-17 11:30:02.436852', 'client 52473901 bid 2 failed. Abort.....')
('2015-01-17 11:30:02.854252', 'client 52464974 bid 2 image Failed')
('2015-01-17 11:30:02.854317', 'client 52464974 bid 2 failed. Abort.....')
('2015-01-17 11:30:02.855437', 'client 52556242 bid 2 image Failed')
('2015-01-17 11:30:02.855485', 'client 52556242 bid 2 failed. Abort.....')
('2015-01-17 11:30:09.155750', "client 52417837 bids finished. price : ['73700', None, '74300'] . Quit.....")
('2015-01-17 11:30:09.230955', 'client 52449582 bid 2 image Failed')
('2015-01-17 11:30:09.230999', 'client 52449582 bid 2 failed. Abort.....')
('2015-01-17 11:30:09.235517', 'client 52557234 bid 2 image Failed')
('2015-01-17 11:30:09.235559', 'client 52557234 bid 2 failed. Abort.....')
('2015-01-17 11:30:10.353846', "client 52539395 bids finished. price : ['73700', None, '74300'] . Quit.....")
('2015-01-17 11:30:12.271556', 'client 52715887 bid 2 price Failed')
('2015-01-17 11:30:12.271689', 'client 52715887 bid 2 failed. Abort.....')
('2015-01-17 11:30:12.309428', 'client 52517324 bid 2 price Failed')
('2015-01-17 11:30:12.309555', 'client 52517324 bid 2 failed. Abort.....')
('2015-01-17 11:30:12.447017', "client 52473901 bids finished. price : ['73700', None, None] . Quit.....")
('2015-01-17 11:30:12.864507', "client 52464974 bids finished. price : ['73700', None, None] . Quit.....")
('2015-01-17 11:30:12.864844', "client 52556242 bids finished. price : ['73700', None, None] . Quit.....")
('2015-01-17 11:30:12.877434', 'client 52547530 bid 2 price Failed')
('2015-01-17 11:30:12.877538', 'client 52547530 bid 2 failed. Abort.....')
('2015-01-17 11:30:19.241162', "client 52449582 bids finished. price : ['73700', None, None] . Quit.....")
('2015-01-17 11:30:19.242161', "client 52557234 bids finished. price : ['73700', None, None] . Quit.....")
('2015-01-17 11:30:22.281867', "client 52715887 bids finished. price : ['73700', None, None] . Quit.....")
('2015-01-17 11:30:22.319732', "client 52517324 bids finished. price : ['73700', None, None] . Quit.....")
('2015-01-17 11:30:22.887727', "client 52547530 bids finished. price : ['73700', None, None] . Quit.....")
