('2015-01-17 09:36:42.545026', 'worker [6] started')
('2015-01-17 09:36:42.545084', 'client 10 initted')
('2015-01-17 09:36:43.506237', 'put_channel : channel login, group 1, time 2015-01-17 09:36:43.506179')
('2015-01-17 09:36:43.509016', 'fd_channel : login[0] 0 login[1] 0 , tb0[0] 0 tb0[1] 0 , tb1[0] 0 tb1[1] 0')
('2015-01-17 09:36:43.509530', 'put_channel : channel login, group 0, time 2015-01-17 09:36:43.509499')
('2015-01-17 09:36:43.742493', 'fd_channel : login[0] 0 login[1] 0 , tb0[0] 0 tb0[1] 0 , tb1[0] 0 tb1[1] 0')
('2015-01-17 09:36:45.005914', 'put_channel : channel login, group 1, time 2015-01-17 09:36:45.005853')
('2015-01-17 09:36:45.006476', 'fd_channel : login[0] 0 login[1] 0 , tb0[0] 0 tb0[1] 0 , tb1[0] 0 tb1[1] 0')
('2015-01-17 09:36:45.008656', 'put_channel : channel login, group 0, time 2015-01-17 09:36:45.008620')
('2015-01-17 09:36:45.244644', 'fd_channel : login[0] 0 login[1] 0 , tb0[0] 0 tb0[1] 0 , tb1[0] 0 tb1[1] 0')
('2015-01-17 09:36:46.507082', 'put_channel : channel login, group 1, time 2015-01-17 09:36:46.507018')
('2015-01-17 09:36:46.507376', 'fd_channel : login[0] 0 login[1] 0 , tb0[0] 0 tb0[1] 0 , tb1[0] 0 tb1[1] 0')
('2015-01-17 09:36:46.511249', 'put_channel : channel login, group 0, time 2015-01-17 09:36:46.511215')
('2015-01-17 09:36:46.746241', 'fd_channel : login[0] 0 login[1] 0 , tb0[0] 0 tb0[1] 0 , tb1[0] 0 tb1[1] 0')
('2015-01-17 09:36:48.006450', 'put_channel : channel login, group 1, time 2015-01-17 09:36:48.006393')
('2015-01-17 09:36:48.006804', 'fd_channel : login[0] 0 login[1] 0 , tb0[0] 0 tb0[1] 0 , tb1[0] 0 tb1[1] 0')
('2015-01-17 09:36:48.009012', 'put_channel : channel login, group 0, time 2015-01-17 09:36:48.008978')
('2015-01-17 09:36:48.247731', 'fd_channel : login[0] 0 login[1] 0 , tb0[0] 0 tb0[1] 0 , tb1[0] 0 tb1[1] 0')
('2015-01-17 09:36:49.509424', 'put_channel : channel login, group 1, time 2015-01-17 09:36:49.509289')
('2015-01-17 09:36:49.510346', 'fd_channel : login[0] 0 login[1] 0 , tb0[0] 0 tb0[1] 0 , tb1[0] 0 tb1[1] 0')
('2015-01-17 09:36:49.512517', 'put_channel : channel login, group 0, time 2015-01-17 09:36:49.512422')
('2015-01-17 09:36:49.749343', 'fd_channel : login[0] 0 login[1] 0 , tb0[0] 0 tb0[1] 0 , tb1[0] 0 tb1[1] 0')
('2015-01-17 10:32:31.506451', 'put_channel : channel tb0, group 1, time 2015-01-17 10:32:31.506350')
('2015-01-17 10:32:31.711105', 'put_channel : channel tb0, group 0, time 2015-01-17 10:32:31.711010')
('2015-01-17 10:32:33.008531', 'put_channel : channel tb0, group 1, time 2015-01-17 10:32:33.008470')
('2015-01-17 10:32:34.506500', 'put_channel : channel tb0, group 1, time 2015-01-17 10:32:34.506428')
('2015-01-17 10:32:34.711631', 'put_channel : channel tb0, group 0, time 2015-01-17 10:32:34.711543')
('2015-01-17 10:32:36.006295', 'put_channel : channel tb0, group 1, time 2015-01-17 10:32:36.006231')
('2015-01-17 10:32:36.235327', 'put_channel : channel tb0, group 0, time 2015-01-17 10:32:36.235191')
('2015-01-17 10:32:37.511702', 'put_channel : channel tb0, group 0, time 2015-01-17 10:32:37.511580')
('2015-01-17 10:32:38.505591', 'put_channel : channel tb0, group 1, time 2015-01-17 10:32:38.505528')
('2015-01-17 10:32:39.008312', 'put_channel : channel tb0, group 1, time 2015-01-17 10:32:39.008248')
('2015-01-17 10:32:40.506642', 'put_channel : channel tb0, group 1, time 2015-01-17 10:32:40.506579')
('2015-01-17 10:32:40.509270', 'put_channel : channel tb0, group 0, time 2015-01-17 10:32:40.509235')
('2015-01-17 10:32:42.006728', 'put_channel : channel tb0, group 1, time 2015-01-17 10:32:42.006665')
('2015-01-17 10:32:42.047220', 'put_channel : channel tb0, group 0, time 2015-01-17 10:32:42.047180')
('2015-01-17 10:32:43.064140', 'put_channel : channel tb0, group 0, time 2015-01-17 10:32:43.064060')
('2015-01-17 10:32:43.507426', 'put_channel : channel tb0, group 1, time 2015-01-17 10:32:43.507362')
('2015-01-17 10:32:43.510150', 'put_channel : channel tb0, group 0, time 2015-01-17 10:32:43.510112')
('2015-01-17 10:32:45.006424', 'put_channel : channel tb0, group 1, time 2015-01-17 10:32:45.006359')
('2015-01-17 10:32:46.506163', 'put_channel : channel tb0, group 1, time 2015-01-17 10:32:46.506102')
('2015-01-17 10:32:46.510604', 'put_channel : channel tb0, group 0, time 2015-01-17 10:32:46.510570')
('2015-01-17 10:32:48.006431', 'put_channel : channel tb0, group 1, time 2015-01-17 10:32:48.006340')
('2015-01-17 10:32:49.508874', 'put_channel : channel tb0, group 1, time 2015-01-17 10:32:49.508750')
('2015-01-17 10:32:49.512863', 'put_channel : channel tb0, group 0, time 2015-01-17 10:32:49.512766')
('2015-01-17 10:32:51.010660', 'put_channel : channel tb0, group 1, time 2015-01-17 10:32:51.010543')
('2015-01-17 10:32:52.508354', 'put_channel : channel tb0, group 1, time 2015-01-17 10:32:52.508292')
('2015-01-17 10:32:52.509214', 'put_channel : channel tb0, group 0, time 2015-01-17 10:32:52.509167')
('2015-01-17 10:32:53.060058', 'put_channel : channel tb0, group 0, time 2015-01-17 10:32:53.059989')
('2015-01-17 10:32:54.007836', 'put_channel : channel tb0, group 1, time 2015-01-17 10:32:54.007771')
('2015-01-17 10:32:54.047034', 'put_channel : channel tb0, group 0, time 2015-01-17 10:32:54.046993')
('2015-01-17 10:32:55.508355', 'put_channel : channel tb0, group 1, time 2015-01-17 10:32:55.508291')
('2015-01-17 10:32:57.006242', 'put_channel : channel tb0, group 1, time 2015-01-17 10:32:57.006182')
('2015-01-17 10:32:58.508082', 'put_channel : channel tb0, group 1, time 2015-01-17 10:32:58.508014')
('2015-01-17 10:33:00.006687', 'put_channel : channel tb0, group 1, time 2015-01-17 10:33:00.006624')
('2015-01-17 10:33:00.129629', 'put_channel : channel tb0, group 0, time 2015-01-17 10:33:00.129470')
('2015-01-17 10:33:01.508153', 'put_channel : channel tb0, group 1, time 2015-01-17 10:33:01.508089')
('2015-01-17 10:33:03.006594', 'put_channel : channel tb0, group 1, time 2015-01-17 10:33:03.006530')
('2015-01-17 10:33:04.507771', 'put_channel : channel tb0, group 1, time 2015-01-17 10:33:04.507706')
('2015-01-17 10:33:06.006560', 'put_channel : channel tb0, group 1, time 2015-01-17 10:33:06.006488')
('2015-01-17 10:33:07.506481', 'put_channel : channel tb0, group 1, time 2015-01-17 10:33:07.506422')
('2015-01-17 10:33:09.006950', 'put_channel : channel tb0, group 1, time 2015-01-17 10:33:09.006885')
('2015-01-17 10:33:10.509692', 'put_channel : channel tb0, group 1, time 2015-01-17 10:33:10.509561')
('2015-01-17 10:33:12.009152', 'put_channel : channel tb0, group 1, time 2015-01-17 10:33:12.009006')
('2015-01-17 10:33:13.505944', 'put_channel : channel tb0, group 1, time 2015-01-17 10:33:13.505880')
('2015-01-17 10:33:15.006977', 'put_channel : channel tb0, group 1, time 2015-01-17 10:33:15.006917')
('2015-01-17 10:33:46.529520', 'put_channel : channel tb0, group 1, time 2015-01-17 10:33:46.529449')
('2015-01-17 10:33:47.507336', 'put_channel : channel tb0, group 1, time 2015-01-17 10:33:47.507265')
('2015-01-17 10:33:47.522163', 'put_channel : channel tb0, group 1, time 2015-01-17 10:33:47.522123')
('2015-01-17 10:33:47.569765', 'put_channel : channel tb0, group 1, time 2015-01-17 10:33:47.569601')
('2015-01-17 10:33:48.009121', 'put_channel : channel tb0, group 1, time 2015-01-17 10:33:48.009002')
('2015-01-17 10:33:48.012094', 'put_channel : channel tb0, group 1, time 2015-01-17 10:33:48.011996')
('2015-01-17 10:33:48.033285', 'put_channel : channel tb0, group 1, time 2015-01-17 10:33:48.033247')
('2015-01-17 10:33:49.019131', 'put_channel : channel tb0, group 1, time 2015-01-17 10:33:49.019063')
('2015-01-17 10:33:49.076065', 'put_channel : channel tb0, group 1, time 2015-01-17 10:33:49.075968')
('2015-01-17 10:33:49.507767', 'put_channel : channel tb0, group 1, time 2015-01-17 10:33:49.507696')
('2015-01-17 10:33:49.539123', 'put_channel : channel tb0, group 1, time 2015-01-17 10:33:49.539084')
('2015-01-17 10:33:50.516218', 'put_channel : channel tb0, group 1, time 2015-01-17 10:33:50.516087')
('2015-01-17 10:33:50.545099', 'put_channel : channel tb0, group 1, time 2015-01-17 10:33:50.545058')
('2015-01-17 10:33:51.006488', 'put_channel : channel tb0, group 1, time 2015-01-17 10:33:51.006427')
('2015-01-17 10:33:51.025533', 'put_channel : channel tb0, group 1, time 2015-01-17 10:33:51.025493')
('2015-01-17 10:33:52.081234', 'put_channel : channel tb0, group 1, time 2015-01-17 10:33:52.081169')
('2015-01-17 10:33:52.506651', 'put_channel : channel tb0, group 1, time 2015-01-17 10:33:52.506589')
('2015-01-17 10:34:02.384779', 'fd_channel : login[0] 0 login[1] 0 , tb0[0] 14 tb0[1] 46 , tb1[0] 0 tb1[1] 0')
('2015-01-17 10:34:02.385783', 'fd_channel : login[0] 0 login[1] 0 , tb0[0] 14 tb0[1] 45 , tb1[0] 0 tb1[1] 0')
('2015-01-17 10:34:02.386673', 'fd_channel : login[0] 0 login[1] 0 , tb0[0] 14 tb0[1] 44 , tb1[0] 0 tb1[1] 0')
('2015-01-17 10:34:02.387321', 'fd_channel : login[0] 0 login[1] 0 , tb0[0] 14 tb0[1] 43 , tb1[0] 0 tb1[1] 0')
('2015-01-17 10:34:02.387854', 'fd_channel : login[0] 0 login[1] 0 , tb0[0] 14 tb0[1] 42 , tb1[0] 0 tb1[1] 0')
('2015-01-17 10:34:02.388626', 'fd_channel : login[0] 0 login[1] 0 , tb0[0] 14 tb0[1] 41 , tb1[0] 0 tb1[1] 0')
('2015-01-17 10:34:02.389582', 'fd_channel : login[0] 0 login[1] 0 , tb0[0] 14 tb0[1] 40 , tb1[0] 0 tb1[1] 0')
('2015-01-17 10:34:02.390409', 'fd_channel : login[0] 0 login[1] 0 , tb0[0] 14 tb0[1] 39 , tb1[0] 0 tb1[1] 0')
('2015-01-17 10:34:02.391334', 'fd_channel : login[0] 0 login[1] 0 , tb0[0] 14 tb0[1] 38 , tb1[0] 0 tb1[1] 0')
('2015-01-17 10:34:02.391922', 'fd_channel : login[0] 0 login[1] 0 , tb0[0] 14 tb0[1] 37 , tb1[0] 0 tb1[1] 0')
('2015-01-17 10:34:22.387274', 'fd_channel : login[0] 0 login[1] 0 , tb0[0] 14 tb0[1] 36 , tb1[0] 0 tb1[1] 0')
('2015-01-17 10:34:22.389953', 'fd_channel : login[0] 0 login[1] 0 , tb0[0] 14 tb0[1] 35 , tb1[0] 0 tb1[1] 0')
('2015-01-17 10:34:22.390713', 'fd_channel : login[0] 0 login[1] 0 , tb0[0] 14 tb0[1] 34 , tb1[0] 0 tb1[1] 0')
('2015-01-17 10:34:22.391823', 'fd_channel : login[0] 0 login[1] 0 , tb0[0] 14 tb0[1] 33 , tb1[0] 0 tb1[1] 0')
('2015-01-17 10:34:22.393393', 'fd_channel : login[0] 0 login[1] 0 , tb0[0] 14 tb0[1] 32 , tb1[0] 0 tb1[1] 0')
('2015-01-17 10:34:22.393917', 'fd_channel : login[0] 0 login[1] 0 , tb0[0] 14 tb0[1] 31 , tb1[0] 0 tb1[1] 0')
('2015-01-17 10:34:22.394668', 'fd_channel : login[0] 0 login[1] 0 , tb0[0] 14 tb0[1] 30 , tb1[0] 0 tb1[1] 0')
('2015-01-17 10:34:22.395177', 'fd_channel : login[0] 0 login[1] 0 , tb0[0] 14 tb0[1] 29 , tb1[0] 0 tb1[1] 0')
('2015-01-17 10:34:22.396335', 'fd_channel : login[0] 0 login[1] 0 , tb0[0] 14 tb0[1] 28 , tb1[0] 0 tb1[1] 0')
('2015-01-17 10:34:22.397130', 'fd_channel : login[0] 0 login[1] 0 , tb0[0] 14 tb0[1] 27 , tb1[0] 0 tb1[1] 0')
('2015-01-17 10:34:28.138755', 'fd_channel : login[0] 0 login[1] 0 , tb0[0] 13 tb0[1] 26 , tb1[0] 0 tb1[1] 0')
('2015-01-17 10:34:28.139378', 'fd_channel : login[0] 0 login[1] 0 , tb0[0] 12 tb0[1] 26 , tb1[0] 0 tb1[1] 0')
('2015-01-17 10:34:29.295878', 'fd_channel : login[0] 0 login[1] 0 , tb0[0] 11 tb0[1] 26 , tb1[0] 0 tb1[1] 0')
('2015-01-17 10:34:29.296546', 'fd_channel : login[0] 0 login[1] 0 , tb0[0] 11 tb0[1] 25 , tb1[0] 0 tb1[1] 0')
('2015-01-17 10:34:30.139916', 'fd_channel : login[0] 0 login[1] 0 , tb0[0] 10 tb0[1] 25 , tb1[0] 0 tb1[1] 0')
('2015-01-17 10:34:30.140754', 'fd_channel : login[0] 0 login[1] 0 , tb0[0] 10 tb0[1] 24 , tb1[0] 0 tb1[1] 0')
('2015-01-17 10:34:30.367328', 'fd_channel : login[0] 0 login[1] 0 , tb0[0] 9 tb0[1] 24 , tb1[0] 0 tb1[1] 0')
('2015-01-17 10:34:30.368220', 'fd_channel : login[0] 0 login[1] 0 , tb0[0] 9 tb0[1] 23 , tb1[0] 0 tb1[1] 0')
('2015-01-17 10:34:30.481792', 'fd_channel : login[0] 0 login[1] 0 , tb0[0] 8 tb0[1] 23 , tb1[0] 0 tb1[1] 0')
('2015-01-17 10:34:30.482653', 'fd_channel : login[0] 0 login[1] 0 , tb0[0] 8 tb0[1] 22 , tb1[0] 0 tb1[1] 0')
('2015-01-17 10:34:31.256406', 'fd_channel : login[0] 0 login[1] 0 , tb0[0] 7 tb0[1] 22 , tb1[0] 0 tb1[1] 0')
('2015-01-17 10:34:31.257442', 'fd_channel : login[0] 0 login[1] 0 , tb0[0] 7 tb0[1] 21 , tb1[0] 0 tb1[1] 0')
('2015-01-17 10:34:31.297729', 'fd_channel : login[0] 0 login[1] 0 , tb0[0] 6 tb0[1] 21 , tb1[0] 0 tb1[1] 0')
('2015-01-17 10:34:31.298500', 'fd_channel : login[0] 0 login[1] 0 , tb0[0] 6 tb0[1] 20 , tb1[0] 0 tb1[1] 0')
('2015-01-17 10:34:32.369342', 'fd_channel : login[0] 0 login[1] 0 , tb0[0] 5 tb0[1] 20 , tb1[0] 0 tb1[1] 0')
('2015-01-17 10:34:32.370288', 'fd_channel : login[0] 0 login[1] 0 , tb0[0] 5 tb0[1] 19 , tb1[0] 0 tb1[1] 0')
('2015-01-17 10:34:32.425921', 'fd_channel : login[0] 0 login[1] 0 , tb0[0] 4 tb0[1] 19 , tb1[0] 0 tb1[1] 0')
('2015-01-17 10:34:32.426608', 'fd_channel : login[0] 0 login[1] 0 , tb0[0] 4 tb0[1] 18 , tb1[0] 0 tb1[1] 0')
('2015-01-17 10:34:32.484522', 'fd_channel : login[0] 0 login[1] 0 , tb0[0] 3 tb0[1] 18 , tb1[0] 0 tb1[1] 0')
('2015-01-17 10:34:32.486402', 'fd_channel : login[0] 0 login[1] 0 , tb0[0] 3 tb0[1] 17 , tb1[0] 0 tb1[1] 0')
('2015-01-17 10:34:33.258755', 'fd_channel : login[0] 0 login[1] 0 , tb0[0] 2 tb0[1] 17 , tb1[0] 0 tb1[1] 0')
('2015-01-17 10:34:33.259563', 'fd_channel : login[0] 0 login[1] 0 , tb0[0] 2 tb0[1] 16 , tb1[0] 0 tb1[1] 0')
('2015-01-17 10:34:33.999731', 'fd_channel : login[0] 0 login[1] 0 , tb0[0] 1 tb0[1] 16 , tb1[0] 0 tb1[1] 0')
('2015-01-17 10:34:34.000564', 'fd_channel : login[0] 0 login[1] 0 , tb0[0] 1 tb0[1] 15 , tb1[0] 0 tb1[1] 0')
('2015-01-17 10:34:34.427838', 'fd_channel : login[0] 0 login[1] 0 , tb0[0] 0 tb0[1] 15 , tb1[0] 0 tb1[1] 0')
('2015-01-17 10:34:34.428453', 'fd_channel : login[0] 0 login[1] 0 , tb0[0] 0 tb0[1] 14 , tb1[0] 0 tb1[1] 0')
('2015-01-17 10:34:35.470486', 'fd_channel : login[0] 0 login[1] 0 , tb0[0] 0 tb0[1] 13 , tb1[0] 0 tb1[1] 0')
('2015-01-17 10:34:35.488232', 'fd_channel : login[0] 0 login[1] 0 , tb0[0] 0 tb0[1] 12 , tb1[0] 0 tb1[1] 0')
('2015-01-17 10:34:36.002221', 'fd_channel : login[0] 0 login[1] 0 , tb0[0] 0 tb0[1] 11 , tb1[0] 0 tb1[1] 0')
('2015-01-17 10:34:36.671562', 'fd_channel : login[0] 0 login[1] 0 , tb0[0] 0 tb0[1] 11 , tb1[0] 0 tb1[1] 0')
('2015-01-17 10:34:36.688673', 'fd_channel : login[0] 0 login[1] 0 , tb0[0] 0 tb0[1] 11 , tb1[0] 0 tb1[1] 0')
('2015-01-17 10:34:36.970864', 'fd_channel : login[0] 0 login[1] 0 , tb0[0] 0 tb0[1] 10 , tb1[0] 0 tb1[1] 0')
('2015-01-17 10:34:37.203010', 'fd_channel : login[0] 0 login[1] 0 , tb0[0] 0 tb0[1] 10 , tb1[0] 0 tb1[1] 0')
('2015-01-17 10:34:37.473200', 'fd_channel : login[0] 0 login[1] 0 , tb0[0] 0 tb0[1] 9 , tb1[0] 0 tb1[1] 0')
('2015-01-17 10:34:37.491278', 'fd_channel : login[0] 0 login[1] 0 , tb0[0] 0 tb0[1] 8 , tb1[0] 0 tb1[1] 0')
('2015-01-17 10:34:38.171739', 'fd_channel : login[0] 0 login[1] 0 , tb0[0] 0 tb0[1] 8 , tb1[0] 0 tb1[1] 0')
('2015-01-17 10:34:38.673899', 'fd_channel : login[0] 0 login[1] 0 , tb0[0] 0 tb0[1] 8 , tb1[0] 0 tb1[1] 0')
('2015-01-17 10:34:38.691960', 'fd_channel : login[0] 0 login[1] 0 , tb0[0] 0 tb0[1] 8 , tb1[0] 0 tb1[1] 0')
('2015-01-17 10:34:38.972303', 'fd_channel : login[0] 0 login[1] 0 , tb0[0] 0 tb0[1] 7 , tb1[0] 0 tb1[1] 0')
('2015-01-17 10:34:40.173290', 'fd_channel : login[0] 0 login[1] 0 , tb0[0] 0 tb0[1] 7 , tb1[0] 0 tb1[1] 0')
('2015-01-17 10:34:53.585788', 'put_channel : channel tb0, group 1, time 2015-01-17 10:34:53.585701')
('2015-01-17 10:34:55.057629', 'put_channel : channel tb0, group 1, time 2015-01-17 10:34:55.057562')
('2015-01-17 10:34:55.506475', 'put_channel : channel tb0, group 1, time 2015-01-17 10:34:55.506407')
('2015-01-17 10:34:56.562735', 'put_channel : channel tb0, group 1, time 2015-01-17 10:34:56.562616')
('2015-01-17 10:34:57.011428', 'put_channel : channel tb0, group 1, time 2015-01-17 10:34:57.011284')
('2015-01-17 10:34:57.171425', 'put_channel : channel tb0, group 1, time 2015-01-17 10:34:57.171372')
('2015-01-17 10:34:58.066788', 'put_channel : channel tb0, group 1, time 2015-01-17 10:34:58.066660')
('2015-01-17 10:34:58.506453', 'put_channel : channel tb0, group 1, time 2015-01-17 10:34:58.506382')
('2015-01-17 10:34:58.641434', 'put_channel : channel tb0, group 1, time 2015-01-17 10:34:58.641384')
('2015-01-17 10:34:59.570703', 'put_channel : channel tb0, group 1, time 2015-01-17 10:34:59.570555')
('2015-01-17 10:35:00.006517', 'put_channel : channel tb0, group 1, time 2015-01-17 10:35:00.006478')
('2015-01-17 10:35:00.114050', 'put_channel : channel tb0, group 1, time 2015-01-17 10:35:00.113973')
('2015-01-17 10:35:01.073820', 'put_channel : channel tb0, group 1, time 2015-01-17 10:35:01.073635')
('2015-01-17 10:35:01.506172', 'put_channel : channel tb0, group 1, time 2015-01-17 10:35:01.506101')
('2015-01-17 10:35:01.651510', 'put_channel : channel tb0, group 1, time 2015-01-17 10:35:01.651442')
('2015-01-17 10:35:02.142404', 'fd_channel : login[0] 0 login[1] 0 , tb0[0] 0 tb0[1] 21 , tb1[0] 0 tb1[1] 0')
('2015-01-17 10:35:02.547393', 'put_channel : channel tb0, group 1, time 2015-01-17 10:35:02.547327')
('2015-01-17 10:35:03.007005', 'put_channel : channel tb0, group 1, time 2015-01-17 10:35:03.006959')
('2015-01-17 10:35:03.123215', 'put_channel : channel tb0, group 1, time 2015-01-17 10:35:03.123163')
('2015-01-17 10:35:03.300895', 'fd_channel : login[0] 0 login[1] 0 , tb0[0] 0 tb0[1] 23 , tb1[0] 0 tb1[1] 0')
('2015-01-17 10:35:04.372390', 'fd_channel : login[0] 0 login[1] 0 , tb0[0] 0 tb0[1] 22 , tb1[0] 0 tb1[1] 0')
('2015-01-17 10:35:04.488597', 'fd_channel : login[0] 0 login[1] 0 , tb0[0] 0 tb0[1] 21 , tb1[0] 0 tb1[1] 0')
('2015-01-17 10:35:04.505406', 'put_channel : channel tb0, group 1, time 2015-01-17 10:35:04.505369')
('2015-01-17 10:35:04.593383', 'put_channel : channel tb0, group 1, time 2015-01-17 10:35:04.593336')
('2015-01-17 10:35:05.261092', 'fd_channel : login[0] 0 login[1] 0 , tb0[0] 0 tb0[1] 22 , tb1[0] 0 tb1[1] 0')
('2015-01-17 10:35:06.006147', 'put_channel : channel tb0, group 1, time 2015-01-17 10:35:06.006086')
('2015-01-17 10:35:06.129451', 'put_channel : channel tb0, group 1, time 2015-01-17 10:35:06.129394')
('2015-01-17 10:35:06.429977', 'fd_channel : login[0] 0 login[1] 0 , tb0[0] 0 tb0[1] 23 , tb1[0] 0 tb1[1] 0')
('2015-01-17 10:35:07.506676', 'put_channel : channel tb0, group 1, time 2015-01-17 10:35:07.506619')
('2015-01-17 10:35:07.666929', 'put_channel : channel tb0, group 1, time 2015-01-17 10:35:07.666872')
('2015-01-17 10:35:08.003570', 'fd_channel : login[0] 0 login[1] 0 , tb0[0] 0 tb0[1] 24 , tb1[0] 0 tb1[1] 0')
('2015-01-17 10:35:09.006784', 'put_channel : channel tb0, group 1, time 2015-01-17 10:35:09.006723')
('2015-01-17 10:35:09.137475', 'put_channel : channel tb0, group 1, time 2015-01-17 10:35:09.137429')
('2015-01-17 10:35:09.475107', 'fd_channel : login[0] 0 login[1] 0 , tb0[0] 0 tb0[1] 25 , tb1[0] 0 tb1[1] 0')
('2015-01-17 10:35:09.492910', 'fd_channel : login[0] 0 login[1] 0 , tb0[0] 0 tb0[1] 24 , tb1[0] 0 tb1[1] 0')
('2015-01-17 10:35:10.508247', 'put_channel : channel tb0, group 1, time 2015-01-17 10:35:10.508188')
('2015-01-17 10:35:10.611642', 'put_channel : channel tb0, group 1, time 2015-01-17 10:35:10.611597')
('2015-01-17 10:35:10.974984', 'fd_channel : login[0] 0 login[1] 0 , tb0[0] 0 tb0[1] 25 , tb1[0] 0 tb1[1] 0')
('2015-01-17 10:35:12.008622', 'put_channel : channel tb0, group 1, time 2015-01-17 10:35:12.008538')
('2015-01-17 10:35:12.147300', 'put_channel : channel tb0, group 1, time 2015-01-17 10:35:12.147257')
('2015-01-17 10:35:13.492186', 'fd_channel : login[0] 0 login[1] 0 , tb0[0] 0 tb0[1] 26 , tb1[0] 0 tb1[1] 0')
('2015-01-17 10:35:14.112251', 'fd_channel : login[0] 0 login[1] 0 , tb0[0] 0 tb0[1] 25 , tb1[0] 0 tb1[1] 0')
('2015-01-17 10:35:14.379031', 'fd_channel : login[0] 0 login[1] 0 , tb0[0] 0 tb0[1] 24 , tb1[0] 0 tb1[1] 0')
('2015-01-17 10:35:14.508366', 'fd_channel : login[0] 0 login[1] 0 , tb0[0] 0 tb0[1] 23 , tb1[0] 0 tb1[1] 0')
('2015-01-17 10:35:14.691966', 'fd_channel : login[0] 0 login[1] 0 , tb0[0] 0 tb0[1] 23 , tb1[0] 0 tb1[1] 0')
('2015-01-17 10:35:15.313090', 'fd_channel : login[0] 0 login[1] 0 , tb0[0] 0 tb0[1] 23 , tb1[0] 0 tb1[1] 0')
('2015-01-17 10:35:15.579809', 'fd_channel : login[0] 0 login[1] 0 , tb0[0] 0 tb0[1] 23 , tb1[0] 0 tb1[1] 0')
('2015-01-17 10:35:15.709302', 'fd_channel : login[0] 0 login[1] 0 , tb0[0] 0 tb0[1] 23 , tb1[0] 0 tb1[1] 0')
('2015-01-17 10:35:16.113661', 'fd_channel : login[0] 0 login[1] 0 , tb0[0] 0 tb0[1] 22 , tb1[0] 0 tb1[1] 0')
('2015-01-17 10:35:16.381557', 'fd_channel : login[0] 0 login[1] 0 , tb0[0] 0 tb0[1] 21 , tb1[0] 0 tb1[1] 0')
('2015-01-17 10:35:16.509585', 'fd_channel : login[0] 0 login[1] 0 , tb0[0] 0 tb0[1] 20 , tb1[0] 0 tb1[1] 0')
('2015-01-17 10:35:16.903524', 'fd_channel : login[0] 0 login[1] 0 , tb0[0] 0 tb0[1] 19 , tb1[0] 0 tb1[1] 0')
('2015-01-17 10:35:17.200274', 'fd_channel : login[0] 0 login[1] 0 , tb0[0] 0 tb0[1] 18 , tb1[0] 0 tb1[1] 0')
('2015-01-17 10:35:17.314532', 'fd_channel : login[0] 0 login[1] 0 , tb0[0] 0 tb0[1] 18 , tb1[0] 0 tb1[1] 0')
('2015-01-17 10:35:17.581892', 'fd_channel : login[0] 0 login[1] 0 , tb0[0] 0 tb0[1] 18 , tb1[0] 0 tb1[1] 0')
('2015-01-17 10:35:17.710660', 'fd_channel : login[0] 0 login[1] 0 , tb0[0] 0 tb0[1] 18 , tb1[0] 0 tb1[1] 0')
('2015-01-17 10:35:17.988517', 'fd_channel : login[0] 0 login[1] 0 , tb0[0] 0 tb0[1] 17 , tb1[0] 0 tb1[1] 0')
('2015-01-17 10:35:18.104616', 'fd_channel : login[0] 0 login[1] 0 , tb0[0] 0 tb0[1] 17 , tb1[0] 0 tb1[1] 0')
('2015-01-17 10:35:18.399944', 'fd_channel : login[0] 0 login[1] 0 , tb0[0] 0 tb0[1] 17 , tb1[0] 0 tb1[1] 0')
('2015-01-17 10:35:18.904953', 'fd_channel : login[0] 0 login[1] 0 , tb0[0] 0 tb0[1] 16 , tb1[0] 0 tb1[1] 0')
('2015-01-17 10:35:19.189182', 'fd_channel : login[0] 0 login[1] 0 , tb0[0] 0 tb0[1] 16 , tb1[0] 0 tb1[1] 0')
('2015-01-17 10:35:19.201959', 'fd_channel : login[0] 0 login[1] 0 , tb0[0] 0 tb0[1] 15 , tb1[0] 0 tb1[1] 0')
('2015-01-17 10:35:19.528326', 'fd_channel : login[0] 0 login[1] 0 , tb0[0] 0 tb0[1] 14 , tb1[0] 0 tb1[1] 0')
('2015-01-17 10:35:19.989996', 'fd_channel : login[0] 0 login[1] 0 , tb0[0] 0 tb0[1] 13 , tb1[0] 0 tb1[1] 0')
('2015-01-17 10:35:20.105532', 'fd_channel : login[0] 0 login[1] 0 , tb0[0] 0 tb0[1] 13 , tb1[0] 0 tb1[1] 0')
('2015-01-17 10:35:20.402878', 'fd_channel : login[0] 0 login[1] 0 , tb0[0] 0 tb0[1] 13 , tb1[0] 0 tb1[1] 0')
('2015-01-17 10:35:20.729291', 'fd_channel : login[0] 0 login[1] 0 , tb0[0] 0 tb0[1] 13 , tb1[0] 0 tb1[1] 0')
('2015-01-17 10:35:21.191095', 'fd_channel : login[0] 0 login[1] 0 , tb0[0] 0 tb0[1] 13 , tb1[0] 0 tb1[1] 0')
('2015-01-17 10:35:21.529676', 'fd_channel : login[0] 0 login[1] 0 , tb0[0] 0 tb0[1] 12 , tb1[0] 0 tb1[1] 0')
('2015-01-17 10:35:22.730873', 'fd_channel : login[0] 0 login[1] 0 , tb0[0] 0 tb0[1] 12 , tb1[0] 0 tb1[1] 0')
('2015-01-17 10:35:23.128148', 'fd_channel : login[0] 0 login[1] 0 , tb0[0] 0 tb0[1] 11 , tb1[0] 0 tb1[1] 0')
('2015-01-17 10:35:24.329436', 'fd_channel : login[0] 0 login[1] 0 , tb0[0] 0 tb0[1] 11 , tb1[0] 0 tb1[1] 0')
('2015-01-17 10:35:25.129664', 'fd_channel : login[0] 0 login[1] 0 , tb0[0] 0 tb0[1] 10 , tb1[0] 0 tb1[1] 0')
('2015-01-17 10:35:26.330807', 'fd_channel : login[0] 0 login[1] 0 , tb0[0] 0 tb0[1] 10 , tb1[0] 0 tb1[1] 0')
('2015-01-17 10:35:37.513887', 'fd_channel : login[0] 0 login[1] 0 , tb0[0] 0 tb0[1] 9 , tb1[0] 0 tb1[1] 0')
('2015-01-17 10:35:38.714820', 'fd_channel : login[0] 0 login[1] 0 , tb0[0] 0 tb0[1] 9 , tb1[0] 0 tb1[1] 0')
('2015-01-17 10:35:39.515325', 'fd_channel : login[0] 0 login[1] 0 , tb0[0] 0 tb0[1] 8 , tb1[0] 0 tb1[1] 0')
('2015-01-17 10:35:40.716590', 'fd_channel : login[0] 0 login[1] 0 , tb0[0] 0 tb0[1] 8 , tb1[0] 0 tb1[1] 0')
('2015-01-17 10:35:48.115036', 'fd_channel : login[0] 0 login[1] 0 , tb0[0] 0 tb0[1] 7 , tb1[0] 0 tb1[1] 0')
('2015-01-17 10:35:48.384456', 'fd_channel : login[0] 0 login[1] 0 , tb0[0] 0 tb0[1] 6 , tb1[0] 0 tb1[1] 0')
('2015-01-17 10:35:48.511055', 'fd_channel : login[0] 0 login[1] 0 , tb0[0] 0 tb0[1] 5 , tb1[0] 0 tb1[1] 0')
('2015-01-17 10:35:50.906414', 'fd_channel : login[0] 0 login[1] 0 , tb0[0] 0 tb0[1] 4 , tb1[0] 0 tb1[1] 0')
('2015-01-17 10:35:51.203266', 'fd_channel : login[0] 0 login[1] 0 , tb0[0] 0 tb0[1] 3 , tb1[0] 0 tb1[1] 0')
('2015-01-17 10:35:51.991535', 'fd_channel : login[0] 0 login[1] 0 , tb0[0] 0 tb0[1] 2 , tb1[0] 0 tb1[1] 0')
('2015-01-17 10:35:53.532355', 'fd_channel : login[0] 0 login[1] 0 , tb0[0] 0 tb0[1] 1 , tb1[0] 0 tb1[1] 0')
('2015-01-17 10:35:57.131073', 'fd_channel : login[0] 0 login[1] 0 , tb0[0] 0 tb0[1] 0 , tb1[0] 0 tb1[1] 0')
('2015-01-17 10:36:10.217883', 'fd_channel : login[0] 0 login[1] 0 , tb0[0] 0 tb0[1] 0 , tb1[0] 0 tb1[1] 0')
('2015-01-17 10:36:10.488087', 'fd_channel : login[0] 0 login[1] 0 , tb0[0] 0 tb0[1] 0 , tb1[0] 0 tb1[1] 0')
('2015-01-17 10:36:10.614026', 'fd_channel : login[0] 0 login[1] 0 , tb0[0] 0 tb0[1] 0 , tb1[0] 0 tb1[1] 0')
('2015-01-17 10:36:12.419780', 'fd_channel : login[0] 0 login[1] 0 , tb0[0] 0 tb0[1] 0 , tb1[0] 0 tb1[1] 0')
('2015-01-17 10:36:12.690546', 'fd_channel : login[0] 0 login[1] 0 , tb0[0] 0 tb0[1] 0 , tb1[0] 0 tb1[1] 0')
('2015-01-17 10:36:12.816902', 'fd_channel : login[0] 0 login[1] 0 , tb0[0] 0 tb0[1] 0 , tb1[0] 0 tb1[1] 0')
('2015-01-17 10:36:13.008946', 'fd_channel : login[0] 0 login[1] 0 , tb0[0] 0 tb0[1] 0 , tb1[0] 0 tb1[1] 0')
('2015-01-17 10:36:13.305884', 'fd_channel : login[0] 0 login[1] 0 , tb0[0] 0 tb0[1] 0 , tb1[0] 0 tb1[1] 0')
('2015-01-17 10:36:13.618023', 'fd_channel : login[0] 0 login[1] 0 , tb0[0] 0 tb0[1] 0 , tb1[0] 0 tb1[1] 0')
('2015-01-17 10:36:14.094348', 'fd_channel : login[0] 0 login[1] 0 , tb0[0] 0 tb0[1] 0 , tb1[0] 0 tb1[1] 0')
('2015-01-17 10:36:14.621624', 'fd_channel : login[0] 0 login[1] 0 , tb0[0] 0 tb0[1] 0 , tb1[0] 0 tb1[1] 0')
('2015-01-17 10:36:14.892810', 'fd_channel : login[0] 0 login[1] 0 , tb0[0] 0 tb0[1] 0 , tb1[0] 0 tb1[1] 0')
('2015-01-17 10:36:15.009928', 'put_channel : channel tb0, group 1, time 2015-01-17 10:36:15.009880')
('2015-01-17 10:36:15.010301', 'fd_channel : login[0] 0 login[1] 0 , tb0[0] 0 tb0[1] 0 , tb1[0] 0 tb1[1] 0')
('2015-01-17 10:36:15.010680', 'put_channel : channel tb0, group 1, time 2015-01-17 10:36:15.010652')
('2015-01-17 10:36:15.011025', 'fd_channel : login[0] 0 login[1] 0 , tb0[0] 0 tb0[1] 0 , tb1[0] 0 tb1[1] 0')
('2015-01-17 10:36:15.025288', 'put_channel : channel tb0, group 1, time 2015-01-17 10:36:15.025252')
('2015-01-17 10:36:15.025584', 'fd_channel : login[0] 0 login[1] 0 , tb0[0] 0 tb0[1] 0 , tb1[0] 0 tb1[1] 0')
('2015-01-17 10:36:15.211177', 'fd_channel : login[0] 0 login[1] 0 , tb0[0] 0 tb0[1] 0 , tb1[0] 0 tb1[1] 0')
('2015-01-17 10:36:15.508156', 'fd_channel : login[0] 0 login[1] 0 , tb0[0] 0 tb0[1] 0 , tb1[0] 0 tb1[1] 0')
('2015-01-17 10:36:15.819890', 'fd_channel : login[0] 0 login[1] 0 , tb0[0] 0 tb0[1] 0 , tb1[0] 0 tb1[1] 0')
('2015-01-17 10:36:16.017607', 'put_channel : channel tb0, group 1, time 2015-01-17 10:36:16.017567')
('2015-01-17 10:36:16.017952', 'fd_channel : login[0] 0 login[1] 0 , tb0[0] 0 tb0[1] 0 , tb1[0] 0 tb1[1] 0')
('2015-01-17 10:36:16.081614', 'put_channel : channel tb0, group 1, time 2015-01-17 10:36:16.081578')
('2015-01-17 10:36:16.081940', 'fd_channel : login[0] 0 login[1] 0 , tb0[0] 0 tb0[1] 0 , tb1[0] 0 tb1[1] 0')
('2015-01-17 10:36:16.297082', 'fd_channel : login[0] 0 login[1] 0 , tb0[0] 0 tb0[1] 0 , tb1[0] 0 tb1[1] 0')
('2015-01-17 10:36:16.505452', 'put_channel : channel tb0, group 1, time 2015-01-17 10:36:16.505403')
('2015-01-17 10:36:16.505790', 'fd_channel : login[0] 0 login[1] 0 , tb0[0] 0 tb0[1] 0 , tb1[0] 0 tb1[1] 0')
('2015-01-17 10:36:16.657399', 'put_channel : channel tb0, group 1, time 2015-01-17 10:36:16.657348')
('2015-01-17 10:36:16.657687', 'fd_channel : login[0] 0 login[1] 0 , tb0[0] 0 tb0[1] 0 , tb1[0] 0 tb1[1] 0')
('2015-01-17 10:36:17.553585', 'put_channel : channel tb0, group 1, time 2015-01-17 10:36:17.553527')
('2015-01-17 10:36:17.553914', 'fd_channel : login[0] 0 login[1] 0 , tb0[0] 0 tb0[1] 0 , tb1[0] 0 tb1[1] 0')
('2015-01-17 10:36:18.006753', 'put_channel : channel tb0, group 1, time 2015-01-17 10:36:18.006711')
('2015-01-17 10:36:18.007090', 'fd_channel : login[0] 0 login[1] 0 , tb0[0] 0 tb0[1] 0 , tb1[0] 0 tb1[1] 0')
('2015-01-17 10:36:18.033226', 'put_channel : channel tb0, group 1, time 2015-01-17 10:36:18.033193')
('2015-01-17 10:36:18.129653', 'put_channel : channel tb0, group 1, time 2015-01-17 10:36:18.129604')
('2015-01-17 10:36:19.057384', 'put_channel : channel tb0, group 1, time 2015-01-17 10:36:19.057317')
('2015-01-17 10:36:19.506804', 'put_channel : channel tb0, group 1, time 2015-01-17 10:36:19.506733')
('2015-01-17 10:36:19.601452', 'put_channel : channel tb0, group 1, time 2015-01-17 10:36:19.601400')
('2015-01-17 10:36:20.720192', 'fd_channel : login[0] 0 login[1] 0 , tb0[0] 0 tb0[1] 4 , tb1[0] 0 tb1[1] 0')
('2015-01-17 10:36:21.006783', 'put_channel : channel tb0, group 1, time 2015-01-17 10:36:21.006725')
('2015-01-17 10:36:21.041539', 'put_channel : channel tb0, group 1, time 2015-01-17 10:36:21.041501')
('2015-01-17 10:36:21.137854', 'put_channel : channel tb0, group 1, time 2015-01-17 10:36:21.137802')
('2015-01-17 10:36:21.920285', 'fd_channel : login[0] 0 login[1] 0 , tb0[0] 0 tb0[1] 7 , tb1[0] 0 tb1[1] 0')
('2015-01-17 10:36:22.066482', 'put_channel : channel tb0, group 1, time 2015-01-17 10:36:22.066372')
('2015-01-17 10:36:22.506362', 'put_channel : channel tb0, group 1, time 2015-01-17 10:36:22.506307')
('2015-01-17 10:36:22.611175', 'put_channel : channel tb0, group 1, time 2015-01-17 10:36:22.611130')
('2015-01-17 10:36:22.818515', 'fd_channel : login[0] 0 login[1] 0 , tb0[0] 0 tb0[1] 9 , tb1[0] 0 tb1[1] 0')
('2015-01-17 10:36:23.915526', 'fd_channel : login[0] 0 login[1] 0 , tb0[0] 0 tb0[1] 8 , tb1[0] 0 tb1[1] 0')
('2015-01-17 10:36:24.006502', 'put_channel : channel tb0, group 1, time 2015-01-17 10:36:24.006462')
('2015-01-17 10:36:24.019450', 'fd_channel : login[0] 0 login[1] 0 , tb0[0] 0 tb0[1] 9 , tb1[0] 0 tb1[1] 0')
('2015-01-17 10:36:24.145491', 'put_channel : channel tb0, group 1, time 2015-01-17 10:36:24.145446')
('2015-01-17 10:36:24.886239', 'fd_channel : login[0] 0 login[1] 0 , tb0[0] 0 tb0[1] 9 , tb1[0] 0 tb1[1] 0')
('2015-01-17 10:36:25.073492', 'put_channel : channel tb0, group 1, time 2015-01-17 10:36:25.073440')
('2015-01-17 10:36:25.116293', 'fd_channel : login[0] 0 login[1] 0 , tb0[0] 0 tb0[1] 10 , tb1[0] 0 tb1[1] 0')
('2015-01-17 10:36:25.507281', 'put_channel : channel tb0, group 1, time 2015-01-17 10:36:25.507240')
('2015-01-17 10:36:25.617145', 'put_channel : channel tb0, group 1, time 2015-01-17 10:36:25.617103')
('2015-01-17 10:36:26.087026', 'fd_channel : login[0] 0 login[1] 0 , tb0[0] 0 tb0[1] 12 , tb1[0] 0 tb1[1] 0')
('2015-01-17 10:36:27.005936', 'put_channel : channel tb0, group 1, time 2015-01-17 10:36:27.005876')
('2015-01-17 10:36:27.111102', 'fd_channel : login[0] 0 login[1] 0 , tb0[0] 0 tb0[1] 12 , tb1[0] 0 tb1[1] 0')
('2015-01-17 10:36:27.153516', 'put_channel : channel tb0, group 1, time 2015-01-17 10:36:27.153474')
('2015-01-17 10:36:27.547525', 'fd_channel : login[0] 0 login[1] 0 , tb0[0] 0 tb0[1] 12 , tb1[0] 0 tb1[1] 0')
('2015-01-17 10:36:28.049959', 'put_channel : channel tb0, group 1, time 2015-01-17 10:36:28.049918')
('2015-01-17 10:36:28.311838', 'fd_channel : login[0] 0 login[1] 0 , tb0[0] 0 tb0[1] 13 , tb1[0] 0 tb1[1] 0')
('2015-01-17 10:36:28.505456', 'put_channel : channel tb0, group 1, time 2015-01-17 10:36:28.505416')
('2015-01-17 10:36:28.625736', 'put_channel : channel tb0, group 1, time 2015-01-17 10:36:28.625662')
('2015-01-17 10:36:28.748331', 'fd_channel : login[0] 0 login[1] 0 , tb0[0] 0 tb0[1] 15 , tb1[0] 0 tb1[1] 0')
('2015-01-17 10:36:29.112526', 'fd_channel : login[0] 0 login[1] 0 , tb0[0] 0 tb0[1] 14 , tb1[0] 0 tb1[1] 0')
('2015-01-17 10:36:30.313676', 'fd_channel : login[0] 0 login[1] 0 , tb0[0] 0 tb0[1] 14 , tb1[0] 0 tb1[1] 0')
('2015-01-17 10:36:31.493557', 'fd_channel : login[0] 0 login[1] 0 , tb0[0] 0 tb0[1] 13 , tb1[0] 0 tb1[1] 0')
('2015-01-17 10:36:32.694705', 'fd_channel : login[0] 0 login[1] 0 , tb0[0] 0 tb0[1] 13 , tb1[0] 0 tb1[1] 0')
('2015-01-17 10:36:33.496418', 'fd_channel : login[0] 0 login[1] 0 , tb0[0] 0 tb0[1] 12 , tb1[0] 0 tb1[1] 0')
('2015-01-17 10:36:34.123101', 'fd_channel : login[0] 0 login[1] 0 , tb0[0] 0 tb0[1] 11 , tb1[0] 0 tb1[1] 0')
('2015-01-17 10:36:34.696860', 'fd_channel : login[0] 0 login[1] 0 , tb0[0] 0 tb0[1] 11 , tb1[0] 0 tb1[1] 0')
('2015-01-17 10:36:35.323657', 'fd_channel : login[0] 0 login[1] 0 , tb0[0] 0 tb0[1] 11 , tb1[0] 0 tb1[1] 0')
('2015-01-17 10:36:46.500101', 'fd_channel : login[0] 0 login[1] 0 , tb0[0] 0 tb0[1] 10 , tb1[0] 0 tb1[1] 0')
('2015-01-17 10:36:47.700372', 'fd_channel : login[0] 0 login[1] 0 , tb0[0] 0 tb0[1] 10 , tb1[0] 0 tb1[1] 0')
('2015-01-17 10:36:48.502155', 'fd_channel : login[0] 0 login[1] 0 , tb0[0] 0 tb0[1] 9 , tb1[0] 0 tb1[1] 0')
('2015-01-17 10:36:49.703667', 'fd_channel : login[0] 0 login[1] 0 , tb0[0] 0 tb0[1] 9 , tb1[0] 0 tb1[1] 0')
('2015-01-17 10:37:01.114030', 'fd_channel : login[0] 0 login[1] 0 , tb0[0] 0 tb0[1] 8 , tb1[0] 0 tb1[1] 0')
('2015-01-17 10:37:05.498306', 'fd_channel : login[0] 0 login[1] 0 , tb0[0] 0 tb0[1] 7 , tb1[0] 0 tb1[1] 0')
('2015-01-17 10:37:06.633324', 'fd_channel : login[0] 0 login[1] 0 , tb0[0] 0 tb0[1] 7 , tb1[0] 0 tb1[1] 0')
('2015-01-17 10:37:06.820406', 'fd_channel : login[0] 0 login[1] 0 , tb0[0] 0 tb0[1] 7 , tb1[0] 0 tb1[1] 0')
('2015-01-17 10:37:09.970552', 'fd_channel : login[0] 0 login[1] 0 , tb0[0] 0 tb0[1] 7 , tb1[0] 0 tb1[1] 0')
('2015-01-17 10:37:10.903646', 'fd_channel : login[0] 0 login[1] 0 , tb0[0] 0 tb0[1] 7 , tb1[0] 0 tb1[1] 0')
('2015-01-17 10:37:14.634741', 'fd_channel : login[0] 0 login[1] 0 , tb0[0] 0 tb0[1] 7 , tb1[0] 0 tb1[1] 0')
('2015-01-17 10:37:14.719484', 'fd_channel : login[0] 0 login[1] 0 , tb0[0] 0 tb0[1] 7 , tb1[0] 0 tb1[1] 0')
('2015-01-17 10:37:15.020716', 'fd_channel : login[0] 0 login[1] 0 , tb0[0] 0 tb0[1] 7 , tb1[0] 0 tb1[1] 0')
('2015-01-17 10:37:15.704516', 'fd_channel : login[0] 0 login[1] 0 , tb0[0] 0 tb0[1] 7 , tb1[0] 0 tb1[1] 0')
('2015-01-17 10:37:20.504634', 'fd_channel : login[0] 0 login[1] 0 , tb0[0] 0 tb0[1] 6 , tb1[0] 0 tb1[1] 0')
('2015-01-17 10:37:21.115216', 'fd_channel : login[0] 0 login[1] 0 , tb0[0] 0 tb0[1] 5 , tb1[0] 0 tb1[1] 0')
('2015-01-17 10:37:25.499547', 'fd_channel : login[0] 0 login[1] 0 , tb0[0] 0 tb0[1] 4 , tb1[0] 0 tb1[1] 0')
('2015-01-17 10:37:31.507876', 'put_channel : channel tb0, group 1, time 2015-01-17 10:37:31.507839')
('2015-01-17 10:37:31.509796', 'put_channel : channel tb0, group 1, time 2015-01-17 10:37:31.509762')
('2015-01-17 10:37:31.537524', 'put_channel : channel tb0, group 1, time 2015-01-17 10:37:31.537484')
('2015-01-17 10:37:31.842035', 'fd_channel : login[0] 0 login[1] 0 , tb0[0] 0 tb0[1] 6 , tb1[0] 0 tb1[1] 0')
('2015-01-17 10:37:32.513465', 'put_channel : channel tb0, group 1, time 2015-01-17 10:37:32.513396')
('2015-01-17 10:37:33.005550', 'put_channel : channel tb0, group 1, time 2015-01-17 10:37:33.005497')
('2015-01-17 10:37:33.138396', 'put_channel : channel tb0, group 1, time 2015-01-17 10:37:33.138292')
('2015-01-17 10:37:34.506030', 'put_channel : channel tb0, group 1, time 2015-01-17 10:37:34.505965')
('2015-01-17 10:37:34.529515', 'put_channel : channel tb0, group 1, time 2015-01-17 10:37:34.529476')
('2015-01-17 10:37:34.609639', 'put_channel : channel tb0, group 1, time 2015-01-17 10:37:34.609600')
('2015-01-17 10:37:35.571054', 'put_channel : channel tb0, group 1, time 2015-01-17 10:37:35.570986')
('2015-01-17 10:37:36.006562', 'put_channel : channel tb0, group 1, time 2015-01-17 10:37:36.006507')
('2015-01-17 10:37:36.145462', 'put_channel : channel tb0, group 1, time 2015-01-17 10:37:36.145420')
('2015-01-17 10:37:37.506215', 'put_channel : channel tb0, group 1, time 2015-01-17 10:37:37.506158')
('2015-01-17 10:37:37.537586', 'put_channel : channel tb0, group 1, time 2015-01-17 10:37:37.537550')
('2015-01-17 10:37:37.619084', 'put_channel : channel tb0, group 1, time 2015-01-17 10:37:37.619047')
('2015-01-17 10:37:38.578662', 'put_channel : channel tb0, group 1, time 2015-01-17 10:37:38.578534')
('2015-01-17 10:37:39.006281', 'put_channel : channel tb0, group 1, time 2015-01-17 10:37:39.006222')
('2015-01-17 10:37:39.050686', 'fd_channel : login[0] 0 login[1] 0 , tb0[0] 0 tb0[1] 19 , tb1[0] 0 tb1[1] 0')
('2015-01-17 10:37:39.091222', 'put_channel : channel tb0, group 1, time 2015-01-17 10:37:39.091186')
('2015-01-17 10:37:40.251643', 'fd_channel : login[0] 0 login[1] 0 , tb0[0] 0 tb0[1] 20 , tb1[0] 0 tb1[1] 0')
('2015-01-17 10:37:40.506129', 'put_channel : channel tb0, group 1, time 2015-01-17 10:37:40.506073')
('2015-01-17 10:37:40.625560', 'put_channel : channel tb0, group 1, time 2015-01-17 10:37:40.625514')
('2015-01-17 10:37:41.052177', 'fd_channel : login[0] 0 login[1] 0 , tb0[0] 0 tb0[1] 21 , tb1[0] 0 tb1[1] 0')
('2015-01-17 10:37:41.076988', 'fd_channel : login[0] 0 login[1] 0 , tb0[0] 0 tb0[1] 20 , tb1[0] 0 tb1[1] 0')
('2015-01-17 10:37:41.585761', 'put_channel : channel tb0, group 1, time 2015-01-17 10:37:41.585683')
('2015-01-17 10:37:42.006410', 'put_channel : channel tb0, group 1, time 2015-01-17 10:37:42.006358')
('2015-01-17 10:37:42.161682', 'put_channel : channel tb0, group 1, time 2015-01-17 10:37:42.161636')
('2015-01-17 10:37:42.253287', 'fd_channel : login[0] 0 login[1] 0 , tb0[0] 0 tb0[1] 23 , tb1[0] 0 tb1[1] 0')
('2015-01-17 10:37:42.277173', 'fd_channel : login[0] 0 login[1] 0 , tb0[0] 0 tb0[1] 23 , tb1[0] 0 tb1[1] 0')
('2015-01-17 10:37:43.506128', 'put_channel : channel tb0, group 1, time 2015-01-17 10:37:43.506077')
('2015-01-17 10:37:43.633168', 'put_channel : channel tb0, group 1, time 2015-01-17 10:37:43.633115')
('2015-01-17 10:37:44.563372', 'put_channel : channel tb0, group 1, time 2015-01-17 10:37:44.563303')
('2015-01-17 10:37:45.008049', 'put_channel : channel tb0, group 1, time 2015-01-17 10:37:45.007987')
('2015-01-17 10:37:45.106952', 'put_channel : channel tb0, group 1, time 2015-01-17 10:37:45.106907')
('2015-01-17 10:37:46.506322', 'put_channel : channel tb0, group 1, time 2015-01-17 10:37:46.506264')
('2015-01-17 10:37:46.641612', 'put_channel : channel tb0, group 1, time 2015-01-17 10:37:46.641552')
('2015-01-17 10:37:51.843518', 'fd_channel : login[0] 0 login[1] 0 , tb0[0] 0 tb0[1] 29 , tb1[0] 0 tb1[1] 0')
('2015-01-17 10:38:11.846058', 'fd_channel : login[0] 0 login[1] 0 , tb0[0] 0 tb0[1] 28 , tb1[0] 0 tb1[1] 0')
('2015-01-17 10:38:13.053788', 'fd_channel : login[0] 0 login[1] 0 , tb0[0] 0 tb0[1] 27 , tb1[0] 0 tb1[1] 0')
('2015-01-17 10:38:31.847806', 'fd_channel : login[0] 0 login[1] 0 , tb0[0] 0 tb0[1] 26 , tb1[0] 0 tb1[1] 0')
('2015-01-17 10:38:33.054944', 'fd_channel : login[0] 0 login[1] 0 , tb0[0] 0 tb0[1] 25 , tb1[0] 0 tb1[1] 0')
('2015-01-17 10:38:48.179530', 'fd_channel : login[0] 0 login[1] 0 , tb0[0] 0 tb0[1] 24 , tb1[0] 0 tb1[1] 0')
('2015-01-17 10:38:48.435947', 'fd_channel : login[0] 0 login[1] 0 , tb0[0] 0 tb0[1] 23 , tb1[0] 0 tb1[1] 0')
('2015-01-17 10:38:48.948163', 'fd_channel : login[0] 0 login[1] 0 , tb0[0] 0 tb0[1] 22 , tb1[0] 0 tb1[1] 0')
('2015-01-17 10:38:49.006550', 'put_channel : channel tb0, group 1, time 2015-01-17 10:38:49.006450')
('2015-01-17 10:38:49.020103', 'put_channel : channel tb0, group 1, time 2015-01-17 10:38:49.020011')
('2015-01-17 10:38:49.075245', 'put_channel : channel tb0, group 1, time 2015-01-17 10:38:49.075205')
('2015-01-17 10:38:49.242678', 'fd_channel : login[0] 0 login[1] 0 , tb0[0] 0 tb0[1] 24 , tb1[0] 0 tb1[1] 0')
('2015-01-17 10:38:49.249687', 'fd_channel : login[0] 0 login[1] 0 , tb0[0] 0 tb0[1] 23 , tb1[0] 0 tb1[1] 0')
('2015-01-17 10:38:49.306300', 'fd_channel : login[0] 0 login[1] 0 , tb0[0] 0 tb0[1] 22 , tb1[0] 0 tb1[1] 0')
('2015-01-17 10:38:49.460673', 'fd_channel : login[0] 0 login[1] 0 , tb0[0] 0 tb0[1] 21 , tb1[0] 0 tb1[1] 0')
('2015-01-17 10:38:49.506231', 'put_channel : channel tb0, group 1, time 2015-01-17 10:38:49.506178')
('2015-01-17 10:38:50.038977', 'fd_channel : login[0] 0 login[1] 0 , tb0[0] 0 tb0[1] 21 , tb1[0] 0 tb1[1] 0')
('2015-01-17 10:38:50.577519', 'put_channel : channel tb0, group 1, time 2015-01-17 10:38:50.577456')
('2015-01-17 10:38:51.007762', 'put_channel : channel tb0, group 1, time 2015-01-17 10:38:51.007705')
('2015-01-17 10:38:51.026786', 'put_channel : channel tb0, group 1, time 2015-01-17 10:38:51.026746')
('2015-01-17 10:38:51.153613', 'put_channel : channel tb0, group 1, time 2015-01-17 10:38:51.153562')
('2015-01-17 10:38:51.849158', 'fd_channel : login[0] 0 login[1] 0 , tb0[0] 0 tb0[1] 24 , tb1[0] 0 tb1[1] 0')
('2015-01-17 10:38:52.019331', 'put_channel : channel tb0, group 1, time 2015-01-17 10:38:52.019274')
('2015-01-17 10:38:52.507406', 'put_channel : channel tb0, group 1, time 2015-01-17 10:38:52.507343')
('2015-01-17 10:38:52.625807', 'put_channel : channel tb0, group 1, time 2015-01-17 10:38:52.625745')
('2015-01-17 10:38:53.058357', 'fd_channel : login[0] 0 login[1] 0 , tb0[0] 0 tb0[1] 26 , tb1[0] 0 tb1[1] 0')
('2015-01-17 10:38:54.008197', 'put_channel : channel tb0, group 1, time 2015-01-17 10:38:54.008127')
('2015-01-17 10:38:54.035967', 'put_channel : channel tb0, group 1, time 2015-01-17 10:38:54.035867')
('2015-01-17 10:38:54.098898', 'put_channel : channel tb0, group 1, time 2015-01-17 10:38:54.098857')
('2015-01-17 10:38:54.952114', 'fd_channel : login[0] 0 login[1] 0 , tb0[0] 0 tb0[1] 28 , tb1[0] 0 tb1[1] 0')
('2015-01-17 10:38:55.059395', 'put_channel : channel tb0, group 1, time 2015-01-17 10:38:55.059354')
('2015-01-17 10:38:55.138304', 'fd_channel : login[0] 0 login[1] 0 , tb0[0] 0 tb0[1] 28 , tb1[0] 0 tb1[1] 0')
('2015-01-17 10:38:55.420994', 'fd_channel : login[0] 0 login[1] 0 , tb0[0] 0 tb0[1] 27 , tb1[0] 0 tb1[1] 0')
('2015-01-17 10:38:55.421629', 'fd_channel : login[0] 0 login[1] 0 , tb0[0] 0 tb0[1] 26 , tb1[0] 0 tb1[1] 0')
('2015-01-17 10:38:55.506363', 'put_channel : channel tb0, group 1, time 2015-01-17 10:38:55.506321')
('2015-01-17 10:38:59.016541', 'fd_channel : login[0] 0 login[1] 0 , tb0[0] 0 tb0[1] 26 , tb1[0] 0 tb1[1] 0')
('2015-01-17 10:39:00.217835', 'fd_channel : login[0] 0 login[1] 0 , tb0[0] 0 tb0[1] 26 , tb1[0] 0 tb1[1] 0')
('2015-01-17 10:39:01.018001', 'fd_channel : login[0] 0 login[1] 0 , tb0[0] 0 tb0[1] 25 , tb1[0] 0 tb1[1] 0')
('2015-01-17 10:39:02.218873', 'fd_channel : login[0] 0 login[1] 0 , tb0[0] 0 tb0[1] 25 , tb1[0] 0 tb1[1] 0')
('2015-01-17 10:39:14.423666', 'fd_channel : login[0] 0 login[1] 0 , tb0[0] 0 tb0[1] 24 , tb1[0] 0 tb1[1] 0')
('2015-01-17 10:39:14.441983', 'fd_channel : login[0] 0 login[1] 0 , tb0[0] 0 tb0[1] 23 , tb1[0] 0 tb1[1] 0')
('2015-01-17 10:39:16.230276', 'fd_channel : login[0] 0 login[1] 0 , tb0[0] 0 tb0[1] 22 , tb1[0] 0 tb1[1] 0')
('2015-01-17 10:39:17.431377', 'fd_channel : login[0] 0 login[1] 0 , tb0[0] 0 tb0[1] 22 , tb1[0] 0 tb1[1] 0')
('2015-01-17 10:39:18.231755', 'fd_channel : login[0] 0 login[1] 0 , tb0[0] 0 tb0[1] 21 , tb1[0] 0 tb1[1] 0')
('2015-01-17 10:39:19.432713', 'fd_channel : login[0] 0 login[1] 0 , tb0[0] 0 tb0[1] 21 , tb1[0] 0 tb1[1] 0')
('2015-01-17 10:39:27.007277', 'put_channel : channel tb0, group 1, time 2015-01-17 10:39:27.007216')
('2015-01-17 10:39:27.027281', 'put_channel : channel tb0, group 1, time 2015-01-17 10:39:27.027245')
('2015-01-17 10:39:28.017503', 'put_channel : channel tb0, group 1, time 2015-01-17 10:39:28.017444')
('2015-01-17 10:39:28.081408', 'put_channel : channel tb0, group 1, time 2015-01-17 10:39:28.081368')
('2015-01-17 10:39:28.506320', 'put_channel : channel tb0, group 1, time 2015-01-17 10:39:28.506259')
('2015-01-17 10:39:28.529285', 'put_channel : channel tb0, group 1, time 2015-01-17 10:39:28.529245')
('2015-01-17 10:39:29.553631', 'put_channel : channel tb0, group 1, time 2015-01-17 10:39:29.553565')
('2015-01-17 10:39:30.007922', 'put_channel : channel tb0, group 1, time 2015-01-17 10:39:30.007855')
('2015-01-17 10:39:30.035040', 'put_channel : channel tb0, group 1, time 2015-01-17 10:39:30.035000')
('2015-01-17 10:39:30.129904', 'put_channel : channel tb0, group 1, time 2015-01-17 10:39:30.129858')
('2015-01-17 10:39:31.057445', 'put_channel : channel tb0, group 1, time 2015-01-17 10:39:31.057379')
('2015-01-17 10:39:31.506367', 'put_channel : channel tb0, group 1, time 2015-01-17 10:39:31.506307')
('2015-01-17 10:39:32.561498', 'put_channel : channel tb0, group 1, time 2015-01-17 10:39:32.561431')
('2015-01-17 10:39:33.006512', 'put_channel : channel tb0, group 1, time 2015-01-17 10:39:33.006449')
('2015-01-17 10:39:50.235006', 'fd_channel : login[0] 0 login[1] 0 , tb0[0] 0 tb0[1] 29 , tb1[0] 0 tb1[1] 0')
('2015-01-17 10:40:04.005595', 'put_channel : channel tb0, group 1, time 2015-01-17 10:40:04.005528')
('2015-01-17 10:40:04.017472', 'put_channel : channel tb0, group 1, time 2015-01-17 10:40:04.017431')
('2015-01-17 10:40:04.509637', 'put_channel : channel tb0, group 1, time 2015-01-17 10:40:04.509545')
('2015-01-17 10:40:04.512685', 'put_channel : channel tb0, group 1, time 2015-01-17 10:40:04.512631')
('2015-01-17 10:40:05.587429', 'put_channel : channel tb0, group 1, time 2015-01-17 10:40:05.587367')
('2015-01-17 10:40:06.006788', 'put_channel : channel tb0, group 1, time 2015-01-17 10:40:06.006725')
('2015-01-17 10:40:06.032963', 'put_channel : channel tb0, group 1, time 2015-01-17 10:40:06.032923')
('2015-01-17 10:40:06.163604', 'put_channel : channel tb0, group 1, time 2015-01-17 10:40:06.163541')
('2015-01-17 10:40:07.019200', 'put_channel : channel tb0, group 1, time 2015-01-17 10:40:07.019132')
('2015-01-17 10:40:07.057674', 'put_channel : channel tb0, group 1, time 2015-01-17 10:40:07.057628')
('2015-01-17 10:40:07.506744', 'put_channel : channel tb0, group 1, time 2015-01-17 10:40:07.506680')
('2015-01-17 10:40:07.662082', 'put_channel : channel tb0, group 1, time 2015-01-17 10:40:07.661950')
('2015-01-17 10:40:08.562104', 'put_channel : channel tb0, group 1, time 2015-01-17 10:40:08.562031')
('2015-01-17 10:40:09.008215', 'put_channel : channel tb0, group 1, time 2015-01-17 10:40:09.008151')
('2015-01-17 10:40:09.043281', 'put_channel : channel tb0, group 1, time 2015-01-17 10:40:09.043239')
('2015-01-17 10:40:09.105809', 'put_channel : channel tb0, group 1, time 2015-01-17 10:40:09.105745')
('2015-01-17 10:40:10.235574', 'fd_channel : login[0] 0 login[1] 0 , tb0[0] 0 tb0[1] 44 , tb1[0] 0 tb1[1] 0')
('2015-01-17 10:40:30.237224', 'fd_channel : login[0] 0 login[1] 0 , tb0[0] 0 tb0[1] 43 , tb1[0] 0 tb1[1] 0')
('2015-01-17 10:40:40.506362', 'put_channel : channel tb0, group 1, time 2015-01-17 10:40:40.506299')
('2015-01-17 10:40:40.509278', 'put_channel : channel tb0, group 1, time 2015-01-17 10:40:40.509236')
('2015-01-17 10:40:40.530124', 'put_channel : channel tb0, group 1, time 2015-01-17 10:40:40.530085')
('2015-01-17 10:40:41.521644', 'put_channel : channel tb0, group 1, time 2015-01-17 10:40:41.521571')
('2015-01-17 10:40:41.555455', 'put_channel : channel tb0, group 1, time 2015-01-17 10:40:41.555416')
('2015-01-17 10:40:42.008084', 'put_channel : channel tb0, group 1, time 2015-01-17 10:40:42.008025')
('2015-01-17 10:40:42.011152', 'put_channel : channel tb0, group 1, time 2015-01-17 10:40:42.011117')
('2015-01-17 10:40:42.033220', 'put_channel : channel tb0, group 1, time 2015-01-17 10:40:42.033181')
('2015-01-17 10:40:42.050444', 'fd_channel : login[0] 0 login[1] 0 , tb0[0] 0 tb0[1] 50 , tb1[0] 0 tb1[1] 0')
('2015-01-17 10:40:42.131530', 'put_channel : channel tb0, group 1, time 2015-01-17 10:40:42.131422')
('2015-01-17 10:40:43.018655', 'put_channel : channel tb0, group 1, time 2015-01-17 10:40:43.018586')
('2015-01-17 10:40:43.057412', 'put_channel : channel tb0, group 1, time 2015-01-17 10:40:43.057372')
('2015-01-17 10:40:43.506477', 'put_channel : channel tb0, group 1, time 2015-01-17 10:40:43.506426')
('2015-01-17 10:40:43.540935', 'put_channel : channel tb0, group 1, time 2015-01-17 10:40:43.540840')
('2015-01-17 10:40:43.667274', 'put_channel : channel tb0, group 1, time 2015-01-17 10:40:43.667221')
('2015-01-17 10:40:44.831489', 'fd_channel : login[0] 0 login[1] 0 , tb0[0] 0 tb0[1] 54 , tb1[0] 0 tb1[1] 0')
('2015-01-17 10:41:02.060235', 'fd_channel : login[0] 0 login[1] 0 , tb0[0] 0 tb0[1] 43 , tb1[0] 0 tb1[1] 0')
('2015-01-17 10:41:03.258785', 'fd_channel : login[0] 0 login[1] 0 , tb0[0] 0 tb0[1] 43 , tb1[0] 0 tb1[1] 0')
('2015-01-17 10:41:04.058813', 'fd_channel : login[0] 0 login[1] 0 , tb0[0] 0 tb0[1] 42 , tb1[0] 0 tb1[1] 0')
('2015-01-17 10:41:05.259729', 'fd_channel : login[0] 0 login[1] 0 , tb0[0] 0 tb0[1] 42 , tb1[0] 0 tb1[1] 0')
('2015-01-17 10:41:16.049659', 'put_channel : channel tb0, group 1, time 2015-01-17 10:41:16.049587')
('2015-01-17 10:41:16.512802', 'put_channel : channel tb0, group 1, time 2015-01-17 10:41:16.512662')
('2015-01-17 10:41:16.530681', 'put_channel : channel tb0, group 1, time 2015-01-17 10:41:16.530580')
('2015-01-17 10:41:16.625993', 'put_channel : channel tb0, group 1, time 2015-01-17 10:41:16.625936')
('2015-01-17 10:41:17.521747', 'put_channel : channel tb0, group 1, time 2015-01-17 10:41:17.521656')
('2015-01-17 10:41:17.585637', 'put_channel : channel tb0, group 1, time 2015-01-17 10:41:17.585600')
('2015-01-17 10:41:18.099643', 'put_channel : channel tb0, group 1, time 2015-01-17 10:41:18.099584')
('2015-01-17 10:41:19.058780', 'put_channel : channel tb0, group 1, time 2015-01-17 10:41:19.058649')
('2015-01-17 10:41:19.539701', 'put_channel : channel tb0, group 1, time 2015-01-17 10:41:19.539634')
('2015-01-17 10:41:19.633746', 'put_channel : channel tb0, group 1, time 2015-01-17 10:41:19.633683')
('2015-01-17 10:41:20.561865', 'put_channel : channel tb0, group 1, time 2015-01-17 10:41:20.561797')
('2015-01-17 10:41:21.171237', 'put_channel : channel tb0, group 1, time 2015-01-17 10:41:21.171162')
('2015-01-17 10:41:22.065958', 'put_channel : channel tb0, group 1, time 2015-01-17 10:41:22.065886')
('2015-01-17 10:41:22.530570', 'put_channel : channel tb0, group 1, time 2015-01-17 10:41:22.530443')
('2015-01-17 10:41:22.641628', 'put_channel : channel tb0, group 1, time 2015-01-17 10:41:22.641582')
('2015-01-17 10:41:23.571374', 'put_channel : channel tb0, group 1, time 2015-01-17 10:41:23.571223')
('2015-01-17 10:41:46.645993', 'put_channel : channel tb0, group 0, time 2015-01-17 10:41:46.645918')
('2015-01-17 10:41:48.116332', 'put_channel : channel tb0, group 0, time 2015-01-17 10:41:48.116271')
('2015-01-17 10:41:49.661334', 'put_channel : channel tb0, group 0, time 2015-01-17 10:41:49.661259')
('2015-01-17 10:41:51.125512', 'put_channel : channel tb0, group 0, time 2015-01-17 10:41:51.125450')
('2015-01-17 10:41:52.662351', 'put_channel : channel tb0, group 0, time 2015-01-17 10:41:52.662268')
('2015-01-17 10:41:54.134651', 'put_channel : channel tb0, group 0, time 2015-01-17 10:41:54.134578')
('2015-01-17 10:41:55.630695', 'put_channel : channel tb0, group 0, time 2015-01-17 10:41:55.630627')
('2015-01-17 10:41:57.139411', 'put_channel : channel tb0, group 1, time 2015-01-17 10:41:57.139333')
('2015-01-17 10:41:57.140268', 'put_channel : channel tb0, group 0, time 2015-01-17 10:41:57.140228')
('2015-01-17 10:41:58.417853', 'fd_channel : login[0] 0 login[1] 0 , tb0[0] 7 tb0[1] 59 , tb1[0] 0 tb1[1] 0')
('2015-01-17 10:41:58.609337', 'put_channel : channel tb0, group 1, time 2015-01-17 10:41:58.609293')
('2015-01-17 10:41:58.645393', 'put_channel : channel tb0, group 0, time 2015-01-17 10:41:58.645297')
('2015-01-17 10:41:59.426664', 'fd_channel : login[0] 0 login[1] 0 , tb0[0] 7 tb0[1] 60 , tb1[0] 0 tb1[1] 0')
('2015-01-17 10:42:00.145863', 'put_channel : channel tb0, group 1, time 2015-01-17 10:42:00.145783')
('2015-01-17 10:42:00.149843', 'put_channel : channel tb0, group 0, time 2015-01-17 10:42:00.149803')
('2015-01-17 10:42:00.949339', 'fd_channel : login[0] 0 login[1] 0 , tb0[0] 7 tb0[1] 61 , tb1[0] 0 tb1[1] 0')
('2015-01-17 10:42:01.617886', 'put_channel : channel tb0, group 1, time 2015-01-17 10:42:01.617832')
('2015-01-17 10:42:01.651558', 'put_channel : channel tb0, group 0, time 2015-01-17 10:42:01.651462')
('2015-01-17 10:42:04.665258', 'put_channel : channel tb0, group 0, time 2015-01-17 10:42:04.665191')
('2015-01-17 10:42:07.661048', 'put_channel : channel tb0, group 0, time 2015-01-17 10:42:07.660978')
('2015-01-17 10:42:09.266332', 'fd_channel : login[0] 0 login[1] 0 , tb0[0] 10 tb0[1] 33 , tb1[0] 0 tb1[1] 0')
('2015-01-17 10:42:10.644534', 'put_channel : channel tb0, group 0, time 2015-01-17 10:42:10.644465')
('2015-01-17 10:42:12.213274', 'fd_channel : login[0] 0 login[1] 0 , tb0[0] 10 tb0[1] 33 , tb1[0] 0 tb1[1] 0')
('2015-01-17 10:42:13.684255', 'put_channel : channel tb0, group 0, time 2015-01-17 10:42:13.684187')
('2015-01-17 10:43:44.373497', 'fd_channel : login[0] 0 login[1] 0 , tb0[0] 10 tb0[1] 33 , tb1[0] 0 tb1[1] 0')
('2015-01-17 11:27:46.507585', 'put_channel : channel tb1, group 1, time 2015-01-17 11:27:46.507494')
('2015-01-17 11:27:46.508887', 'put_channel : channel tb1, group 0, time 2015-01-17 11:27:46.508853')
('2015-01-17 11:27:48.007459', 'put_channel : channel tb1, group 1, time 2015-01-17 11:27:48.007398')
('2015-01-17 11:27:48.008827', 'put_channel : channel tb1, group 0, time 2015-01-17 11:27:48.008788')
('2015-01-17 11:27:49.506609', 'put_channel : channel tb1, group 1, time 2015-01-17 11:27:49.506541')
('2015-01-17 11:27:49.509960', 'put_channel : channel tb1, group 0, time 2015-01-17 11:27:49.509924')
('2015-01-17 11:27:51.008499', 'put_channel : channel tb1, group 1, time 2015-01-17 11:27:51.008417')
('2015-01-17 11:27:51.009334', 'put_channel : channel tb1, group 0, time 2015-01-17 11:27:51.009300')
('2015-01-17 11:27:52.506998', 'put_channel : channel tb1, group 1, time 2015-01-17 11:27:52.506931')
('2015-01-17 11:27:52.509652', 'put_channel : channel tb1, group 0, time 2015-01-17 11:27:52.509611')
('2015-01-17 11:27:54.006882', 'put_channel : channel tb1, group 1, time 2015-01-17 11:27:54.006817')
('2015-01-17 11:27:54.010483', 'put_channel : channel tb1, group 0, time 2015-01-17 11:27:54.010442')
('2015-01-17 11:27:55.509081', 'put_channel : channel tb1, group 1, time 2015-01-17 11:27:55.508929')
('2015-01-17 11:27:55.514025', 'put_channel : channel tb1, group 0, time 2015-01-17 11:27:55.513889')
('2015-01-17 11:27:57.009594', 'put_channel : channel tb1, group 1, time 2015-01-17 11:27:57.009461')
('2015-01-17 11:27:57.012125', 'put_channel : channel tb1, group 0, time 2015-01-17 11:27:57.012024')
('2015-01-17 11:27:58.507965', 'put_channel : channel tb1, group 1, time 2015-01-17 11:27:58.507901')
('2015-01-17 11:27:58.509129', 'put_channel : channel tb1, group 0, time 2015-01-17 11:27:58.509089')
('2015-01-17 11:28:00.008354', 'put_channel : channel tb1, group 1, time 2015-01-17 11:28:00.008287')
('2015-01-17 11:28:00.009262', 'put_channel : channel tb1, group 0, time 2015-01-17 11:28:00.009224')
('2015-01-17 11:28:01.508154', 'put_channel : channel tb1, group 1, time 2015-01-17 11:28:01.508086')
('2015-01-17 11:28:01.510080', 'put_channel : channel tb1, group 0, time 2015-01-17 11:28:01.510040')
('2015-01-17 11:28:03.008449', 'put_channel : channel tb1, group 1, time 2015-01-17 11:28:03.008383')
('2015-01-17 11:28:03.012026', 'put_channel : channel tb1, group 0, time 2015-01-17 11:28:03.011990')
('2015-01-17 11:28:04.508128', 'put_channel : channel tb1, group 1, time 2015-01-17 11:28:04.508061')
('2015-01-17 11:28:04.513446', 'put_channel : channel tb1, group 0, time 2015-01-17 11:28:04.513346')
('2015-01-17 11:28:06.010487', 'put_channel : channel tb1, group 1, time 2015-01-17 11:28:06.009575')
('2015-01-17 11:28:06.013803', 'put_channel : channel tb1, group 0, time 2015-01-17 11:28:06.013644')
('2015-01-17 11:28:07.506813', 'put_channel : channel tb1, group 1, time 2015-01-17 11:28:07.506748')
('2015-01-17 11:28:07.509216', 'put_channel : channel tb1, group 0, time 2015-01-17 11:28:07.509182')
('2015-01-17 11:28:09.008079', 'put_channel : channel tb1, group 1, time 2015-01-17 11:28:09.008013')
('2015-01-17 11:28:09.011761', 'put_channel : channel tb1, group 0, time 2015-01-17 11:28:09.011721')
('2015-01-17 11:28:10.506325', 'put_channel : channel tb1, group 1, time 2015-01-17 11:28:10.506259')
('2015-01-17 11:28:10.510906', 'put_channel : channel tb1, group 0, time 2015-01-17 11:28:10.510871')
('2015-01-17 11:28:12.008339', 'put_channel : channel tb1, group 1, time 2015-01-17 11:28:12.008272')
('2015-01-17 11:28:12.009752', 'put_channel : channel tb1, group 0, time 2015-01-17 11:28:12.009686')
('2015-01-17 11:28:13.506586', 'put_channel : channel tb1, group 1, time 2015-01-17 11:28:13.506509')
('2015-01-17 11:28:13.508870', 'put_channel : channel tb1, group 0, time 2015-01-17 11:28:13.508825')
('2015-01-17 11:28:15.006437', 'put_channel : channel tb1, group 1, time 2015-01-17 11:28:15.006370')
('2015-01-17 11:28:15.011073', 'put_channel : channel tb1, group 0, time 2015-01-17 11:28:15.011037')
('2015-01-17 11:28:16.508984', 'put_channel : channel tb1, group 1, time 2015-01-17 11:28:16.508856')
('2015-01-17 11:28:16.512704', 'put_channel : channel tb1, group 0, time 2015-01-17 11:28:16.512606')
('2015-01-17 11:28:18.009341', 'put_channel : channel tb1, group 1, time 2015-01-17 11:28:18.009156')
('2015-01-17 11:28:18.011703', 'put_channel : channel tb1, group 0, time 2015-01-17 11:28:18.011606')
('2015-01-17 11:28:19.507077', 'put_channel : channel tb1, group 1, time 2015-01-17 11:28:19.507010')
('2015-01-17 11:28:19.509918', 'put_channel : channel tb1, group 0, time 2015-01-17 11:28:19.509878')
('2015-01-17 11:28:21.006286', 'put_channel : channel tb1, group 1, time 2015-01-17 11:28:21.006219')
('2015-01-17 11:28:21.009416', 'put_channel : channel tb1, group 0, time 2015-01-17 11:28:21.009370')
('2015-01-17 11:28:22.506302', 'put_channel : channel tb1, group 1, time 2015-01-17 11:28:22.506240')
('2015-01-17 11:28:22.509159', 'put_channel : channel tb1, group 0, time 2015-01-17 11:28:22.509123')
('2015-01-17 11:28:24.007026', 'put_channel : channel tb1, group 1, time 2015-01-17 11:28:24.006960')
('2015-01-17 11:28:24.008913', 'put_channel : channel tb1, group 0, time 2015-01-17 11:28:24.008879')
('2015-01-17 11:28:25.508540', 'put_channel : channel tb1, group 1, time 2015-01-17 11:28:25.508474')
('2015-01-17 11:28:25.508964', 'put_channel : channel tb1, group 0, time 2015-01-17 11:28:25.508929')
('2015-01-17 11:28:27.008548', 'put_channel : channel tb1, group 1, time 2015-01-17 11:28:27.008483')
('2015-01-17 11:28:27.009371', 'put_channel : channel tb1, group 0, time 2015-01-17 11:28:27.009336')
('2015-01-17 11:28:28.511265', 'put_channel : channel tb1, group 1, time 2015-01-17 11:28:28.511128')
('2015-01-17 11:28:28.513390', 'put_channel : channel tb1, group 0, time 2015-01-17 11:28:28.513290')
('2015-01-17 11:28:30.008844', 'put_channel : channel tb1, group 1, time 2015-01-17 11:28:30.008778')
('2015-01-17 11:28:30.013272', 'put_channel : channel tb1, group 0, time 2015-01-17 11:28:30.013169')
('2015-01-17 11:28:31.508610', 'put_channel : channel tb1, group 0, time 2015-01-17 11:28:31.508549')
('2015-01-17 11:28:33.011613', 'put_channel : channel tb1, group 0, time 2015-01-17 11:28:33.011538')
('2015-01-17 11:28:34.510576', 'put_channel : channel tb1, group 0, time 2015-01-17 11:28:34.510502')
('2015-01-17 11:28:36.009291', 'put_channel : channel tb1, group 0, time 2015-01-17 11:28:36.009229')
('2015-01-17 11:28:37.511486', 'put_channel : channel tb1, group 0, time 2015-01-17 11:28:37.511420')
('2015-01-17 11:28:39.009518', 'put_channel : channel tb1, group 0, time 2015-01-17 11:28:39.009446')
('2015-01-17 11:28:40.515379', 'put_channel : channel tb1, group 0, time 2015-01-17 11:28:40.515249')
('2015-01-17 11:28:42.009023', 'put_channel : channel tb1, group 0, time 2015-01-17 11:28:42.008958')
('2015-01-17 11:28:43.007621', 'put_channel : channel tb1, group 1, time 2015-01-17 11:28:43.007548')
('2015-01-17 11:28:43.017272', 'put_channel : channel tb1, group 1, time 2015-01-17 11:28:43.017231')
('2015-01-17 11:28:43.509187', 'put_channel : channel tb1, group 1, time 2015-01-17 11:28:43.509058')
('2015-01-17 11:28:43.511827', 'put_channel : channel tb1, group 0, time 2015-01-17 11:28:43.511742')
('2015-01-17 11:28:43.514491', 'put_channel : channel tb1, group 1, time 2015-01-17 11:28:43.514391')
('2015-01-17 11:28:44.513793', 'put_channel : channel tb1, group 1, time 2015-01-17 11:28:44.513683')
('2015-01-17 11:28:45.007800', 'put_channel : channel tb1, group 1, time 2015-01-17 11:28:45.007735')
('2015-01-17 11:28:45.011471', 'put_channel : channel tb1, group 0, time 2015-01-17 11:28:45.011430')
('2015-01-17 11:28:46.017838', 'put_channel : channel tb1, group 1, time 2015-01-17 11:28:46.017766')
('2015-01-17 11:28:46.509270', 'put_channel : channel tb1, group 0, time 2015-01-17 11:28:46.509196')
('2015-01-17 11:28:48.012156', 'put_channel : channel tb1, group 0, time 2015-01-17 11:28:48.012021')
('2015-01-17 11:28:49.511474', 'put_channel : channel tb1, group 0, time 2015-01-17 11:28:49.511304')
('2015-01-17 11:28:51.010929', 'put_channel : channel tb1, group 0, time 2015-01-17 11:28:51.010863')
('2015-01-17 11:28:52.509201', 'put_channel : channel tb1, group 0, time 2015-01-17 11:28:52.509127')
('2015-01-17 11:28:53.507310', 'put_channel : channel tb1, group 1, time 2015-01-17 11:28:53.507239')
('2015-01-17 11:28:53.522853', 'put_channel : channel tb1, group 1, time 2015-01-17 11:28:53.522812')
('2015-01-17 11:28:54.008683', 'put_channel : channel tb1, group 1, time 2015-01-17 11:28:54.008611')
('2015-01-17 11:28:54.009009', 'put_channel : channel tb1, group 0, time 2015-01-17 11:28:54.008976')
('2015-01-17 11:28:54.011317', 'put_channel : channel tb1, group 1, time 2015-01-17 11:28:54.011276')
('2015-01-17 11:28:55.019650', 'put_channel : channel tb1, group 1, time 2015-01-17 11:28:55.019562')
('2015-01-17 11:28:55.508156', 'put_channel : channel tb1, group 1, time 2015-01-17 11:28:55.508083')
('2015-01-17 11:28:55.509260', 'put_channel : channel tb1, group 0, time 2015-01-17 11:28:55.509218')
('2015-01-17 11:28:56.515293', 'put_channel : channel tb1, group 1, time 2015-01-17 11:28:56.515222')
('2015-01-17 11:28:57.009227', 'put_channel : channel tb1, group 0, time 2015-01-17 11:28:57.009160')
('2015-01-17 11:28:58.511508', 'put_channel : channel tb1, group 0, time 2015-01-17 11:28:58.511442')
('2015-01-17 11:28:59.506941', 'put_channel : channel tb1, group 1, time 2015-01-17 11:28:59.506870')
('2015-01-17 11:29:00.013592', 'put_channel : channel tb1, group 0, time 2015-01-17 11:29:00.013422')
('2015-01-17 11:29:01.437818', 'put_channel : channel tb1, group 1, time 2015-01-17 11:29:01.437740')
('2015-01-17 11:29:01.506927', 'put_channel : channel tb1, group 1, time 2015-01-17 11:29:01.506886')
('2015-01-17 11:29:01.510673', 'put_channel : channel tb1, group 0, time 2015-01-17 11:29:01.510639')
('2015-01-17 11:29:02.547290', 'put_channel : channel tb1, group 1, time 2015-01-17 11:29:02.547215')
('2015-01-17 11:29:03.012529', 'put_channel : channel tb1, group 0, time 2015-01-17 11:29:03.012465')
('2015-01-17 11:29:04.007324', 'put_channel : channel tb1, group 1, time 2015-01-17 11:29:04.007252')
('2015-01-17 11:29:04.512051', 'put_channel : channel tb1, group 0, time 2015-01-17 11:29:04.511986')
('2015-01-17 11:29:05.505324', 'put_channel : channel tb1, group 1, time 2015-01-17 11:29:05.505260')
('2015-01-17 11:29:06.012781', 'put_channel : channel tb1, group 0, time 2015-01-17 11:29:06.012717')
('2015-01-17 11:29:07.007462', 'put_channel : channel tb1, group 1, time 2015-01-17 11:29:07.007383')
('2015-01-17 11:29:07.510181', 'put_channel : channel tb1, group 0, time 2015-01-17 11:29:07.510119')
('2015-01-17 11:29:08.505798', 'put_channel : channel tb1, group 1, time 2015-01-17 11:29:08.505706')
('2015-01-17 11:29:09.012656', 'put_channel : channel tb1, group 0, time 2015-01-17 11:29:09.012527')
('2015-01-17 11:29:10.007336', 'put_channel : channel tb1, group 1, time 2015-01-17 11:29:10.007257')
('2015-01-17 11:29:10.513345', 'put_channel : channel tb1, group 0, time 2015-01-17 11:29:10.513278')
('2015-01-17 11:29:12.012383', 'put_channel : channel tb1, group 0, time 2015-01-17 11:29:12.012318')
('2015-01-17 11:29:13.534075', 'put_channel : channel tb1, group 0, time 2015-01-17 11:29:13.534009')
('2015-01-17 11:29:14.508512', 'put_channel : channel tb1, group 1, time 2015-01-17 11:29:14.508380')
('2015-01-17 11:29:15.006266', 'put_channel : channel tb1, group 1, time 2015-01-17 11:29:15.006200')
('2015-01-17 11:29:15.009486', 'put_channel : channel tb1, group 1, time 2015-01-17 11:29:15.009446')
('2015-01-17 11:29:15.014672', 'put_channel : channel tb1, group 0, time 2015-01-17 11:29:15.014627')
('2015-01-17 11:29:16.507777', 'put_channel : channel tb1, group 1, time 2015-01-17 11:29:16.507714')
('2015-01-17 11:29:16.541009', 'put_channel : channel tb1, group 0, time 2015-01-17 11:29:16.540969')
('2015-01-17 11:29:17.523094', 'put_channel : channel tb1, group 1, time 2015-01-17 11:29:17.523027')
('2015-01-17 11:29:18.012348', 'put_channel : channel tb1, group 0, time 2015-01-17 11:29:18.012290')
('2015-01-17 11:29:19.007393', 'put_channel : channel tb1, group 1, time 2015-01-17 11:29:19.007289')
('2015-01-17 11:29:19.540838', 'put_channel : channel tb1, group 0, time 2015-01-17 11:29:19.540772')
('2015-01-17 11:29:20.507206', 'put_channel : channel tb1, group 1, time 2015-01-17 11:29:20.507136')
('2015-01-17 11:29:21.010768', 'put_channel : channel tb1, group 0, time 2015-01-17 11:29:21.010707')
('2015-01-17 11:29:22.539782', 'put_channel : channel tb1, group 0, time 2015-01-17 11:29:22.539717')
('2015-01-17 11:29:24.012619', 'put_channel : channel tb1, group 0, time 2015-01-17 11:29:24.012555')
('2015-01-17 11:29:25.536670', 'put_channel : channel tb1, group 0, time 2015-01-17 11:29:25.536597')
('2015-01-17 11:29:27.035093', 'put_channel : channel tb1, group 0, time 2015-01-17 11:29:27.035028')
('2015-01-17 11:29:29.537643', 'put_channel : channel tb1, group 0, time 2015-01-17 11:29:29.537570')
('2015-01-17 11:29:30.013156', 'put_channel : channel tb1, group 0, time 2015-01-17 11:29:30.013091')
('2015-01-17 11:29:32.539919', 'put_channel : channel tb1, group 0, time 2015-01-17 11:29:32.539787')
('2015-01-17 11:29:33.012107', 'put_channel : channel tb1, group 0, time 2015-01-17 11:29:33.012035')
('2015-01-17 11:29:34.527277', 'put_channel : channel tb1, group 0, time 2015-01-17 11:29:34.527223')
('2015-01-17 11:29:36.008432', 'fd_channel : login[0] 0 login[1] 0 , tb0[0] 10 tb0[1] 33 , tb1[0] 73 tb1[1] 59')
('2015-01-17 11:29:36.009329', 'fd_channel : login[0] 0 login[1] 0 , tb0[0] 10 tb0[1] 33 , tb1[0] 73 tb1[1] 58')
('2015-01-17 11:29:36.010137', 'fd_channel : login[0] 0 login[1] 0 , tb0[0] 10 tb0[1] 33 , tb1[0] 73 tb1[1] 57')
('2015-01-17 11:29:36.010885', 'fd_channel : login[0] 0 login[1] 0 , tb0[0] 10 tb0[1] 33 , tb1[0] 73 tb1[1] 56')
('2015-01-17 11:29:36.011843', 'fd_channel : login[0] 0 login[1] 0 , tb0[0] 10 tb0[1] 33 , tb1[0] 73 tb1[1] 55')
('2015-01-17 11:29:36.012823', 'fd_channel : login[0] 0 login[1] 0 , tb0[0] 10 tb0[1] 33 , tb1[0] 73 tb1[1] 54')
('2015-01-17 11:29:36.013404', 'fd_channel : login[0] 0 login[1] 0 , tb0[0] 10 tb0[1] 33 , tb1[0] 73 tb1[1] 53')
('2015-01-17 11:29:36.014188', 'fd_channel : login[0] 0 login[1] 0 , tb0[0] 10 tb0[1] 33 , tb1[0] 73 tb1[1] 52')
('2015-01-17 11:29:36.015252', 'put_channel : channel tb1, group 0, time 2015-01-17 11:29:36.015211')
('2015-01-17 11:29:36.015808', 'fd_channel : login[0] 0 login[1] 0 , tb0[0] 10 tb0[1] 33 , tb1[0] 74 tb1[1] 51')
('2015-01-17 11:29:36.016628', 'fd_channel : login[0] 0 login[1] 0 , tb0[0] 10 tb0[1] 33 , tb1[0] 74 tb1[1] 50')
('2015-01-17 11:29:37.531716', 'put_channel : channel tb1, group 0, time 2015-01-17 11:29:37.531652')
('2015-01-17 11:29:39.018180', 'put_channel : channel tb1, group 0, time 2015-01-17 11:29:39.018107')
('2015-01-17 11:29:40.018522', 'put_channel : channel tb1, group 1, time 2015-01-17 11:29:40.018385')
('2015-01-17 11:29:40.529749', 'put_channel : channel tb1, group 1, time 2015-01-17 11:29:40.529647')
('2015-01-17 11:29:41.542445', 'put_channel : channel tb1, group 0, time 2015-01-17 11:29:41.542370')
('2015-01-17 11:29:42.026339', 'put_channel : channel tb1, group 0, time 2015-01-17 11:29:42.026267')
('2015-01-17 11:29:43.018194', 'fd_channel : login[0] 0 login[1] 0 , tb0[0] 10 tb0[1] 33 , tb1[0] 78 tb1[1] 51')
('2015-01-17 11:29:43.019361', 'fd_channel : login[0] 0 login[1] 0 , tb0[0] 10 tb0[1] 33 , tb1[0] 78 tb1[1] 50')
('2015-01-17 11:29:43.020066', 'fd_channel : login[0] 0 login[1] 0 , tb0[0] 10 tb0[1] 33 , tb1[0] 78 tb1[1] 49')
('2015-01-17 11:29:43.540940', 'put_channel : channel tb1, group 0, time 2015-01-17 11:29:43.540875')
('2015-01-17 11:29:45.015137', 'put_channel : channel tb1, group 0, time 2015-01-17 11:29:45.014991')
('2015-01-17 11:29:46.540325', 'put_channel : channel tb1, group 0, time 2015-01-17 11:29:46.540250')
('2015-01-17 11:29:48.017484', 'put_channel : channel tb1, group 0, time 2015-01-17 11:29:48.017417')
('2015-01-17 11:29:49.018362', 'put_channel : channel tb1, group 1, time 2015-01-17 11:29:49.018304')
('2015-01-17 11:29:49.509665', 'put_channel : channel tb1, group 1, time 2015-01-17 11:29:49.509603')
('2015-01-17 11:29:50.021598', 'fd_channel : login[0] 0 login[1] 0 , tb0[0] 10 tb0[1] 33 , tb1[0] 82 tb1[1] 50')
('2015-01-17 11:29:50.023802', 'fd_channel : login[0] 0 login[1] 0 , tb0[0] 10 tb0[1] 33 , tb1[0] 82 tb1[1] 49')
('2015-01-17 11:29:50.026894', 'fd_channel : login[0] 0 login[1] 0 , tb0[0] 10 tb0[1] 33 , tb1[0] 82 tb1[1] 48')
('2015-01-17 11:29:51.009476', 'put_channel : channel tb1, group 1, time 2015-01-17 11:29:51.009414')
('2015-01-17 11:29:51.011889', 'put_channel : channel tb1, group 1, time 2015-01-17 11:29:51.011855')
('2015-01-17 11:29:51.039975', 'put_channel : channel tb1, group 0, time 2015-01-17 11:29:51.039932')
('2015-01-17 11:29:52.531832', 'put_channel : channel tb1, group 1, time 2015-01-17 11:29:52.531796')
('2015-01-17 11:29:52.539523', 'put_channel : channel tb1, group 0, time 2015-01-17 11:29:52.539484')
('2015-01-17 11:29:52.570291', 'put_channel : channel tb1, group 0, time 2015-01-17 11:29:52.570252')
('2015-01-17 11:29:54.038292', 'put_channel : channel tb1, group 0, time 2015-01-17 11:29:54.038137')
('2015-01-17 11:29:56.077419', 'fd_channel : login[0] 0 login[1] 0 , tb0[0] 10 tb0[1] 33 , tb1[0] 86 tb1[1] 50')
('2015-01-17 11:29:56.080521', 'fd_channel : login[0] 0 login[1] 0 , tb0[0] 10 tb0[1] 33 , tb1[0] 86 tb1[1] 49')
('2015-01-17 11:29:56.081945', 'fd_channel : login[0] 0 login[1] 0 , tb0[0] 10 tb0[1] 33 , tb1[0] 86 tb1[1] 48')
('2015-01-17 11:29:56.082864', 'fd_channel : login[0] 0 login[1] 0 , tb0[0] 10 tb0[1] 33 , tb1[0] 86 tb1[1] 47')
('2015-01-17 11:29:56.083448', 'fd_channel : login[0] 0 login[1] 0 , tb0[0] 10 tb0[1] 33 , tb1[0] 86 tb1[1] 46')
('2015-01-17 11:29:56.084723', 'fd_channel : login[0] 0 login[1] 0 , tb0[0] 10 tb0[1] 33 , tb1[0] 86 tb1[1] 45')
('2015-01-17 11:29:56.085331', 'fd_channel : login[0] 0 login[1] 0 , tb0[0] 10 tb0[1] 33 , tb1[0] 86 tb1[1] 44')
('2015-01-17 11:29:56.085988', 'fd_channel : login[0] 0 login[1] 0 , tb0[0] 10 tb0[1] 33 , tb1[0] 86 tb1[1] 43')
('2015-01-17 11:29:56.086634', 'fd_channel : login[0] 0 login[1] 0 , tb0[0] 10 tb0[1] 33 , tb1[0] 86 tb1[1] 42')
('2015-01-17 11:29:56.087401', 'fd_channel : login[0] 0 login[1] 0 , tb0[0] 10 tb0[1] 33 , tb1[0] 86 tb1[1] 41')
('2015-01-17 11:29:56.513756', 'put_channel : channel tb1, group 1, time 2015-01-17 11:29:56.513680')
('2015-01-17 11:29:56.545761', 'put_channel : channel tb1, group 0, time 2015-01-17 11:29:56.545691')
('2015-01-17 11:29:57.035588', 'put_channel : channel tb1, group 0, time 2015-01-17 11:29:57.035525')
('2015-01-17 11:29:58.545047', 'put_channel : channel tb1, group 0, time 2015-01-17 11:29:58.544920')
('2015-01-17 11:29:58.806313', 'fd_channel : login[0] 0 login[1] 0 , tb0[0] 10 tb0[1] 33 , tb1[0] 75 tb1[1] 42')
('2015-01-17 11:29:58.806954', 'fd_channel : login[0] 0 login[1] 0 , tb0[0] 10 tb0[1] 33 , tb1[0] 75 tb1[1] 41')
('2015-01-17 11:29:58.910291', 'fd_channel : login[0] 0 login[1] 0 , tb0[0] 10 tb0[1] 33 , tb1[0] 74 tb1[1] 41')
('2015-01-17 11:29:58.911035', 'fd_channel : login[0] 0 login[1] 0 , tb0[0] 10 tb0[1] 33 , tb1[0] 74 tb1[1] 40')
('2015-01-17 11:29:59.081220', 'fd_channel : login[0] 0 login[1] 0 , tb0[0] 10 tb0[1] 33 , tb1[0] 74 tb1[1] 39')
('2015-01-17 11:29:59.087029', 'fd_channel : login[0] 0 login[1] 0 , tb0[0] 10 tb0[1] 33 , tb1[0] 74 tb1[1] 38')
('2015-01-17 11:29:59.087847', 'fd_channel : login[0] 0 login[1] 0 , tb0[0] 10 tb0[1] 33 , tb1[0] 74 tb1[1] 37')
('2015-01-17 11:29:59.088450', 'fd_channel : login[0] 0 login[1] 0 , tb0[0] 10 tb0[1] 33 , tb1[0] 74 tb1[1] 36')
('2015-01-17 11:29:59.089017', 'fd_channel : login[0] 0 login[1] 0 , tb0[0] 10 tb0[1] 33 , tb1[0] 74 tb1[1] 35')
('2015-01-17 11:29:59.090264', 'fd_channel : login[0] 0 login[1] 0 , tb0[0] 10 tb0[1] 33 , tb1[0] 74 tb1[1] 34')
('2015-01-17 11:29:59.091096', 'fd_channel : login[0] 0 login[1] 0 , tb0[0] 10 tb0[1] 33 , tb1[0] 74 tb1[1] 33')
('2015-01-17 11:29:59.523484', 'put_channel : channel tb1, group 1, time 2015-01-17 11:29:59.523375')
('2015-01-17 11:30:00.107678', 'fd_channel : login[0] 0 login[1] 0 , tb0[0] 10 tb0[1] 33 , tb1[0] 73 tb1[1] 34')
('2015-01-17 11:30:00.108447', 'fd_channel : login[0] 0 login[1] 0 , tb0[0] 10 tb0[1] 33 , tb1[0] 73 tb1[1] 33')
('2015-01-17 11:30:01.129502', 'worker [6] stopping')
('2015-01-17 11:30:02.085189', 'fd_channel : login[0] 0 login[1] 0 , tb0[0] 10 tb0[1] 33 , tb1[0] 73 tb1[1] 32')
('2015-01-17 11:30:02.090054', 'fd_channel : login[0] 0 login[1] 0 , tb0[0] 10 tb0[1] 33 , tb1[0] 73 tb1[1] 31')
('2015-01-17 11:30:02.091301', 'fd_channel : login[0] 0 login[1] 0 , tb0[0] 10 tb0[1] 33 , tb1[0] 73 tb1[1] 30')
('2015-01-17 11:30:02.092997', 'fd_channel : login[0] 0 login[1] 0 , tb0[0] 10 tb0[1] 33 , tb1[0] 73 tb1[1] 29')
('2015-01-17 11:30:02.093610', 'fd_channel : login[0] 0 login[1] 0 , tb0[0] 10 tb0[1] 33 , tb1[0] 73 tb1[1] 28')
('2015-01-17 11:30:02.094281', 'fd_channel : login[0] 0 login[1] 0 , tb0[0] 10 tb0[1] 33 , tb1[0] 73 tb1[1] 27')
('2015-01-17 11:30:02.095344', 'fd_channel : login[0] 0 login[1] 0 , tb0[0] 10 tb0[1] 33 , tb1[0] 73 tb1[1] 26')
('2015-01-17 11:30:02.513973', 'put_channel : channel tb1, group 1, time 2015-01-17 11:30:02.513915')
('2015-01-17 11:30:03.064705', 'put_channel : channel tb1, group 0, time 2015-01-17 11:30:03.064624')
('2015-01-17 11:30:05.586031', 'put_channel : channel tb1, group 1, time 2015-01-17 11:30:05.585956')
('2015-01-17 11:30:10.065596', 'put_channel : channel tb1, group 1, time 2015-01-17 11:30:10.065516')
('2015-01-17 11:30:14.545653', 'put_channel : channel tb1, group 1, time 2015-01-17 11:30:14.545587')
('2015-01-17 11:30:24.145877', 'put_channel : channel tb1, group 1, time 2015-01-17 11:30:24.145797')
('2015-01-17 11:30:25.617441', 'put_channel : channel tb1, group 1, time 2015-01-17 11:30:25.617368')
('2015-01-17 11:30:31.633855', 'put_channel : channel tb1, group 1, time 2015-01-17 11:30:31.633788')
