('2015-04-18 10:07:44.611095', 'client 52791548 login 沈佳妮 310227198806011842')
('2015-04-18 10:07:45.037800', 'client 52488047 login 何嘉 362531198308040052')
('2015-04-18 10:07:46.077684', 'client 52559481 login 王先雨 35012219840720441x')
('2015-04-18 10:07:46.537903', 'client 52857140 login 王黛莲 310107195608264705')
('2015-04-18 10:07:47.612481', 'client 52589714 login 曾凤焕 352229198212121018')
('2015-04-18 10:07:48.044758', 'client 52883719 login 郑道宏 34242319791129271x')
('2015-04-18 10:07:49.085542', 'client 52717181 login 王从信 340202197507081019')
('2015-04-18 10:07:49.692940', 'client 52592221 login 郭峰 330602197909031532')
('2015-04-18 10:34:11.013029', 'client 52791548 bid 0 image 73827BD9C9E021F6BB1C730A5A16C310 260635 ')
('2015-04-18 10:34:11.646171', 'client 52488047 bid 0 image BE84D0E53A7954104C1843A0E70320B1 648064 ')
('2015-04-18 10:34:11.897469', 'client 52589714 bid 0 image 5C9C27559F81D7239E3BAB3B3F075FE8 364506 ')
('2015-04-18 10:34:14.100285', 'client 52791548 bid 0 price 75200 沈佳妮 310227198806011842')
('2015-04-18 10:34:14.132415', 'client 52589714 bid 0 price 75200 曾凤焕 352229198212121018')
('2015-04-18 10:34:14.282566', 'client 52488047 bid 0 price 75200 何嘉 362531198308040052')
('2015-04-18 10:34:14.529148', 'client 52717181 bid 0 image 584DE110DA4CCDDA81261C95283D0711 806190 ')
('2015-04-18 10:34:15.487799', 'client 52857140 bid 0 image 7AD8DFC970F368F8E5E8FB23BE946B8E 464525 ')
('2015-04-18 10:34:15.591639', 'client 52592221 bid 0 image D957D8027665743AF733D5680A7D79D7 361526 ')
('2015-04-18 10:34:16.594599', 'client 52559481 bid 0 image A073807DBD0CC674760671CFEED67B8D 454546 ')
('2015-04-18 10:34:16.937580', 'client 52857140 bid 0 price 75200 王黛莲 310107195608264705')
('2015-04-18 10:34:17.064941', 'client 52592221 bid 0 price 75200 郭峰 330602197909031532')
('2015-04-18 10:34:17.163343', 'client 52717181 bid 0 price 75200 王从信 340202197507081019')
('2015-04-18 10:34:17.226884', 'client 52559481 bid 0 price 75200 王先雨 35012219840720441x')
('2015-04-18 10:34:21.153405', 'client 52883719 bid 0 image CA3A41B2D9E576190C12AEBDD1516A40 616064 ')
('2015-04-18 10:34:23.380721', 'client 52883719 bid 0 price 75200 郑道宏 34242319791129271x')
('2015-04-18 11:29:36.126005', 'client 52589714 bid 1 image 98163D81AE515DBE6261C7A0D3F42B90 508262 ')
('2015-04-18 11:29:36.150262', 'client 52559481 bid 1 image DD7EEDC82AEED56CD73DC3D57EDA8F40 054606 ')
('2015-04-18 11:29:36.151526', 'client 52883719 bid 1 image 9FE363200A98303C4155A24374624D86 506060 ')
('2015-04-18 11:29:36.705276', 'client 52592221 bid 1 image 573264D84E51FEB4D8699B7FD9689DE9 946364 ')
('2015-04-18 11:29:37.561316', 'client 52791548 bid 1 image 7785B8F90800EE8608DF6B5E78B78F47 505253 ')
('2015-04-18 11:29:41.417194', 'client 52592221 bid 1 price 80600 郭峰 330602197909031532')
('2015-04-18 11:29:41.976648', 'client 52883719 bid 1 price 80600 郑道宏 34242319791129271x')
('2015-04-18 11:29:42.792634', 'client 52589714 bid 1 price 80600 曾凤焕 352229198212121018')
('2015-04-18 11:29:43.067331', 'client 52717181 bid 1 image 1E61A3A4F17D5E7A87B09C06AFB75C32 352825 ')
('2015-04-18 11:29:43.302356', 'client 52717181 bid 1 price 80600 王从信 340202197507081019')
('2015-04-18 11:29:43.588160', 'client 52791548 bid 1 price 80600 沈佳妮 310227198806011842')
('2015-04-18 11:29:44.554926', 'client 52857140 bid 1 image 6C36FBDF051C886612D22D65A2C4A32E 918350 ')
('2015-04-18 11:29:47.349207', 'client 52559481 bid 1 price Failed')
('2015-04-18 11:29:47.349348', 'client 52559481 bid 1 failed. Abort.....')
('2015-04-18 11:29:50.559566', 'client 52857140 bid 1 price Failed')
('2015-04-18 11:29:50.559692', 'client 52857140 bid 1 failed. Abort.....')
('2015-04-18 11:29:56.961594', 'client 52488047 bid 1 image Failed')
('2015-04-18 11:29:56.961638', 'client 52488047 bid 1 failed. Abort.....')
('2015-04-18 11:29:57.717191', 'client 52488047 bid 2 image 407438AD71A330BB266D76FE56FA87C7 461616 ')
('2015-04-18 11:29:58.228121', 'client 52559481 bid 2 image 2DB4C15B002C3C138F5FA3EAA9D76F20 164835 ')
('2015-04-18 11:29:58.233520', 'client 52592221 bid 2 image A9B663D24B6E5BE49D9A0EC3936177DF 482648 ')
('2015-04-18 11:29:58.235706', 'client 52791548 bid 2 image 6EABD199B6B6C6A8402E7490F4D4DD50 160828 ')
('2015-04-18 11:29:58.258856', 'client 52559481 bid 2 price 80900 王先雨 35012219840720441x')
('2015-04-18 11:29:58.261693', 'client 52592221 bid 2 price 80900 郭峰 330602197909031532')
('2015-04-18 11:29:58.267664', 'client 52589714 bid 2 image FF8E03A49DF0CDCF6187155E58522357 505164 ')
('2015-04-18 11:29:58.296800', 'client 52589714 bid 2 price 80900 曾凤焕 352229198212121018')
('2015-04-18 11:29:58.828566', 'client 52717181 bid 2 image F57C9F1458DCA997F4D31DCC29F147E7 351529 ')
('2015-04-18 11:29:58.956108', 'client 52717181 bid 2 price 80900 王从信 340202197507081019')
('2015-04-18 11:29:59.787056', 'client 52488047 bid 2 price 80900 何嘉 362531198308040052')
('2015-04-18 11:30:00.263322', 'client 52791548 bid 2 price 80900 沈佳妮 310227198806011842')
('2015-04-18 11:30:05.037038', 'client 52857140 bid 2 image Failed')
('2015-04-18 11:30:05.037103', 'client 52857140 bid 2 failed. Abort.....')
('2015-04-18 11:30:05.039022', 'client 52883719 bid 2 image Failed')
('2015-04-18 11:30:05.039075', 'client 52883719 bid 2 failed. Abort.....')
('2015-04-18 11:30:08.266615', "client 52559481 bids finished. price : ['75200', None, '80900'] . Quit.....")
('2015-04-18 11:30:08.271498', "client 52592221 bids finished. price : ['75200', '80600', '80900'] . Quit.....")
('2015-04-18 11:30:08.307024', "client 52589714 bids finished. price : ['75200', '80600', '80900'] . Quit.....")
('2015-04-18 11:30:08.966396', "client 52717181 bids finished. price : ['75200', '80600', '80900'] . Quit.....")
('2015-04-18 11:30:09.797234', "client 52488047 bids finished. price : ['75200', None, '80900'] . Quit.....")
('2015-04-18 11:30:10.273482', "client 52791548 bids finished. price : ['75200', '80600', '80900'] . Quit.....")
('2015-04-18 11:30:15.047254', "client 52857140 bids finished. price : ['75200', None, None] . Quit.....")
('2015-04-18 11:30:15.047608', "client 52883719 bids finished. price : ['75200', '80600', None] . Quit.....")
