('2015-04-18 10:07:13.053265', 'worker [1] started')
('2015-04-18 10:07:13.053363', 'client 8 initted')
('2015-04-18 10:07:44.591158', 'put_channel : 2015-04-18 10:07:44.591026 : channel login, group 1')
('2015-04-18 10:07:44.595611', 'get_channel: 2015-04-18 10:07:44.591026 : 1 ')
('2015-04-18 10:07:44.595689', 'fd_channel : login[0] 0 login[1] 0 , tb0[0] 0 tb0[1] 0 , tb1[0] 0 tb1[1] 0')
('2015-04-18 10:07:44.606441', 'close_channel : 2015-04-18 10:07:44.591026')
('2015-04-18 10:07:45.022946', 'put_channel : 2015-04-18 10:07:45.022826 : channel login, group 1')
('2015-04-18 10:07:45.023321', 'get_channel: 2015-04-18 10:07:45.022826 : 1 ')
('2015-04-18 10:07:45.023376', 'fd_channel : login[0] 0 login[1] 0 , tb0[0] 0 tb0[1] 0 , tb1[0] 0 tb1[1] 0')
('2015-04-18 10:07:45.036323', 'close_channel : 2015-04-18 10:07:45.022826')
('2015-04-18 10:07:46.064223', 'put_channel : 2015-04-18 10:07:46.064094 : channel login, group 1')
('2015-04-18 10:07:46.064884', 'get_channel: 2015-04-18 10:07:46.064094 : 1 ')
('2015-04-18 10:07:46.064946', 'fd_channel : login[0] 0 login[1] 0 , tb0[0] 0 tb0[1] 0 , tb1[0] 0 tb1[1] 0')
('2015-04-18 10:07:46.075520', 'close_channel : 2015-04-18 10:07:46.064094')
('2015-04-18 10:07:46.524889', 'put_channel : 2015-04-18 10:07:46.524763 : channel login, group 1')
('2015-04-18 10:07:46.525271', 'get_channel: 2015-04-18 10:07:46.524763 : 1 ')
('2015-04-18 10:07:46.525326', 'fd_channel : login[0] 0 login[1] 0 , tb0[0] 0 tb0[1] 0 , tb1[0] 0 tb1[1] 0')
('2015-04-18 10:07:46.536365', 'close_channel : 2015-04-18 10:07:46.524763')
('2015-04-18 10:07:47.600129', 'put_channel : 2015-04-18 10:07:47.600002 : channel login, group 1')
('2015-04-18 10:07:47.600606', 'get_channel: 2015-04-18 10:07:47.600002 : 1 ')
('2015-04-18 10:07:47.600664', 'fd_channel : login[0] 0 login[1] 0 , tb0[0] 0 tb0[1] 0 , tb1[0] 0 tb1[1] 0')
('2015-04-18 10:07:47.611046', 'close_channel : 2015-04-18 10:07:47.600002')
('2015-04-18 10:07:48.031332', 'put_channel : 2015-04-18 10:07:48.031204 : channel login, group 1')
('2015-04-18 10:07:48.032141', 'get_channel: 2015-04-18 10:07:48.031204 : 1 ')
('2015-04-18 10:07:48.032241', 'fd_channel : login[0] 0 login[1] 0 , tb0[0] 0 tb0[1] 0 , tb1[0] 0 tb1[1] 0')
('2015-04-18 10:07:48.043526', 'close_channel : 2015-04-18 10:07:48.031204')
('2015-04-18 10:07:49.072432', 'put_channel : 2015-04-18 10:07:49.072303 : channel login, group 1')
('2015-04-18 10:07:49.073112', 'get_channel: 2015-04-18 10:07:49.072303 : 1 ')
('2015-04-18 10:07:49.073173', 'fd_channel : login[0] 0 login[1] 0 , tb0[0] 0 tb0[1] 0 , tb1[0] 0 tb1[1] 0')
('2015-04-18 10:07:49.084059', 'close_channel : 2015-04-18 10:07:49.072303')
('2015-04-18 10:07:49.523299', 'put_channel : 2015-04-18 10:07:49.523191 : channel login, group 1')
('2015-04-18 10:07:49.681206', 'get_channel: 2015-04-18 10:07:49.523191 : 1 ')
('2015-04-18 10:07:49.681291', 'fd_channel : login[0] 0 login[1] 0 , tb0[0] 0 tb0[1] 0 , tb1[0] 0 tb1[1] 0')
('2015-04-18 10:07:49.691465', 'close_channel : 2015-04-18 10:07:49.523191')
('2015-04-18 10:07:50.575824', 'put_channel : 2015-04-18 10:07:50.575700 : channel login, group 1')
('2015-04-18 10:07:52.085201', 'put_channel : 2015-04-18 10:07:52.085041 : channel login, group 1')
('2015-04-18 10:07:53.583801', 'put_channel : 2015-04-18 10:07:53.583682 : channel login, group 1')
('2015-04-18 10:07:55.087983', 'put_channel : 2015-04-18 10:07:55.087861 : channel login, group 1')
('2015-04-18 10:07:56.601825', 'put_channel : 2015-04-18 10:07:56.601707 : channel login, group 1')
('2015-04-18 10:07:58.096281', 'put_channel : 2015-04-18 10:07:58.096131 : channel login, group 1')
('2015-04-18 10:32:33.025077', 'put_channel : 2015-04-18 10:32:33.024989 : channel tb0, group 1')
('2015-04-18 10:32:34.524818', 'put_channel : 2015-04-18 10:32:34.524694 : channel tb0, group 1')
('2015-04-18 10:32:36.023304', 'put_channel : 2015-04-18 10:32:36.023189 : channel tb0, group 1')
('2015-04-18 10:32:37.523249', 'put_channel : 2015-04-18 10:32:37.523122 : channel tb0, group 1')
('2015-04-18 10:32:39.023980', 'put_channel : 2015-04-18 10:32:39.023891 : channel tb0, group 1')
('2015-04-18 10:32:40.525473', 'put_channel : 2015-04-18 10:32:40.525361 : channel tb0, group 1')
('2015-04-18 10:32:42.023806', 'put_channel : 2015-04-18 10:32:42.023685 : channel tb0, group 1')
('2015-04-18 10:32:43.523394', 'put_channel : 2015-04-18 10:32:43.523260 : channel tb0, group 1')
('2015-04-18 10:32:45.023771', 'put_channel : 2015-04-18 10:32:45.023644 : channel tb0, group 1')
('2015-04-18 10:32:46.524843', 'put_channel : 2015-04-18 10:32:46.524702 : channel tb0, group 1')
('2015-04-18 10:32:48.025465', 'put_channel : 2015-04-18 10:32:48.025352 : channel tb0, group 1')
('2015-04-18 10:32:49.524810', 'put_channel : 2015-04-18 10:32:49.524685 : channel tb0, group 1')
('2015-04-18 10:32:51.025708', 'put_channel : 2015-04-18 10:32:51.025608 : channel tb0, group 1')
('2015-04-18 10:32:52.529698', 'put_channel : 2015-04-18 10:32:52.529558 : channel tb0, group 1')
('2015-04-18 10:32:54.023475', 'put_channel : 2015-04-18 10:32:54.023376 : channel tb0, group 1')
('2015-04-18 10:32:55.522850', 'put_channel : 2015-04-18 10:32:55.522750 : channel tb0, group 1')
('2015-04-18 10:32:57.023227', 'put_channel : 2015-04-18 10:32:57.023121 : channel tb0, group 1')
('2015-04-18 10:32:58.524644', 'put_channel : 2015-04-18 10:32:58.524538 : channel tb0, group 1')
('2015-04-18 10:33:01.524419', 'put_channel : 2015-04-18 10:33:01.524273 : channel tb0, group 1')
('2015-04-18 10:33:03.025482', 'put_channel : 2015-04-18 10:33:03.025339 : channel tb0, group 1')
('2015-04-18 10:33:03.029155', 'put_channel : 2015-04-18 10:33:03.029086 : channel tb0, group 1')
('2015-04-18 10:33:04.524663', 'put_channel : 2015-04-18 10:33:04.524572 : channel tb0, group 1')
('2015-04-18 10:33:06.025464', 'put_channel : 2015-04-18 10:33:06.025358 : channel tb0, group 1')
('2015-04-18 10:33:07.523820', 'put_channel : 2015-04-18 10:33:07.523660 : channel tb0, group 1')
('2015-04-18 10:33:09.024867', 'put_channel : 2015-04-18 10:33:09.024779 : channel tb0, group 1')
('2015-04-18 10:33:10.524484', 'put_channel : 2015-04-18 10:33:10.524374 : channel tb0, group 1')
('2015-04-18 10:33:12.023439', 'put_channel : 2015-04-18 10:33:12.023326 : channel tb0, group 1')
('2015-04-18 10:33:13.524225', 'put_channel : 2015-04-18 10:33:13.524098 : channel tb0, group 1')
('2015-04-18 10:33:15.024563', 'put_channel : 2015-04-18 10:33:15.024434 : channel tb0, group 1')
('2015-04-18 10:33:16.523886', 'put_channel : 2015-04-18 10:33:16.523766 : channel tb0, group 1')
('2015-04-18 10:33:23.524765', 'put_channel : 2015-04-18 10:33:23.524657 : channel tb0, group 1')
('2015-04-18 10:33:25.523816', 'put_channel : 2015-04-18 10:33:25.523714 : channel tb0, group 1')
('2015-04-18 10:33:26.535445', 'put_channel : 2015-04-18 10:33:26.535323 : channel tb0, group 1')
('2015-04-18 10:33:28.525431', 'put_channel : 2015-04-18 10:33:28.525322 : channel tb0, group 1')
('2015-04-18 10:33:31.448435', 'put_channel : 2015-04-18 10:33:31.448302 : channel tb0, group 1')
('2015-04-18 10:33:31.524687', 'put_channel : 2015-04-18 10:33:31.524595 : channel tb0, group 1')
('2015-04-18 10:33:33.023237', 'put_channel : 2015-04-18 10:33:33.023122 : channel tb0, group 1')
('2015-04-18 10:33:34.526425', 'put_channel : 2015-04-18 10:33:34.526282 : channel tb0, group 1')
('2015-04-18 10:33:36.027045', 'put_channel : 2015-04-18 10:33:36.026919 : channel tb0, group 1')
('2015-04-18 10:33:38.527332', 'put_channel : 2015-04-18 10:33:38.527236 : channel tb0, group 1')
('2015-04-18 10:33:39.025053', 'put_channel : 2015-04-18 10:33:39.024893 : channel tb0, group 1')
('2015-04-18 10:33:41.523680', 'put_channel : 2015-04-18 10:33:41.523577 : channel tb0, group 1')
('2015-04-18 10:33:42.025159', 'put_channel : 2015-04-18 10:33:42.025034 : channel tb0, group 1')
('2015-04-18 10:33:44.523280', 'put_channel : 2015-04-18 10:33:44.523160 : channel tb0, group 1')
('2015-04-18 10:33:45.023541', 'put_channel : 2015-04-18 10:33:45.023444 : channel tb0, group 1')
('2015-04-18 10:33:46.524279', 'put_channel : 2015-04-18 10:33:46.524170 : channel tb0, group 1')
('2015-04-18 10:33:50.523348', 'put_channel : 2015-04-18 10:33:50.523232 : channel tb0, group 1')
('2015-04-18 10:33:53.524084', 'put_channel : 2015-04-18 10:33:53.523957 : channel tb0, group 1')
('2015-04-18 10:33:54.023306', 'put_channel : 2015-04-18 10:33:54.023216 : channel tb0, group 1')
('2015-04-18 10:33:54.150230', 'put_channel : 2015-04-18 10:33:54.150081 : channel tb0, group 1')
('2015-04-18 10:33:55.039534', 'put_channel : 2015-04-18 10:33:55.039392 : channel tb0, group 1')
('2015-04-18 10:33:55.087247', 'put_channel : 2015-04-18 10:33:55.087144 : channel tb0, group 1')
('2015-04-18 10:33:58.024029', 'put_channel : 2015-04-18 10:33:58.023905 : channel tb0, group 1')
('2015-04-18 10:33:58.097637', 'put_channel : 2015-04-18 10:33:58.097523 : channel tb0, group 1')
('2015-04-18 10:34:01.025076', 'put_channel : 2015-04-18 10:34:01.024952 : channel tb0, group 1')
('2015-04-18 10:34:02.567205', 'get_channel: 2015-04-18 10:32:33.024989 : 1 ')
('2015-04-18 10:34:02.567320', 'fd_channel : login[0] 0 login[1] 6 , tb0[0] 0 tb0[1] 54 , tb1[0] 0 tb1[1] 0')
('2015-04-18 10:34:02.568851', 'get_channel: 2015-04-18 10:32:34.524694 : 1 ')
('2015-04-18 10:34:02.568963', 'fd_channel : login[0] 0 login[1] 6 , tb0[0] 0 tb0[1] 53 , tb1[0] 0 tb1[1] 0')
('2015-04-18 10:34:02.570027', 'get_channel: 2015-04-18 10:32:36.023189 : 1 ')
('2015-04-18 10:34:02.570077', 'fd_channel : login[0] 0 login[1] 6 , tb0[0] 0 tb0[1] 52 , tb1[0] 0 tb1[1] 0')
('2015-04-18 10:34:02.571095', 'get_channel: 2015-04-18 10:32:37.523122 : 1 ')
('2015-04-18 10:34:02.571153', 'fd_channel : login[0] 0 login[1] 6 , tb0[0] 0 tb0[1] 51 , tb1[0] 0 tb1[1] 0')
('2015-04-18 10:34:02.571844', 'get_channel: 2015-04-18 10:32:39.023891 : 1 ')
('2015-04-18 10:34:02.571892', 'fd_channel : login[0] 0 login[1] 6 , tb0[0] 0 tb0[1] 50 , tb1[0] 0 tb1[1] 0')
('2015-04-18 10:34:02.573336', 'get_channel: 2015-04-18 10:32:40.525361 : 1 ')
('2015-04-18 10:34:02.573414', 'fd_channel : login[0] 0 login[1] 6 , tb0[0] 0 tb0[1] 49 , tb1[0] 0 tb1[1] 0')
('2015-04-18 10:34:02.574569', 'get_channel: 2015-04-18 10:32:42.023685 : 1 ')
('2015-04-18 10:34:02.574614', 'fd_channel : login[0] 0 login[1] 6 , tb0[0] 0 tb0[1] 48 , tb1[0] 0 tb1[1] 0')
('2015-04-18 10:34:02.575261', 'get_channel: 2015-04-18 10:32:43.523260 : 1 ')
('2015-04-18 10:34:02.575306', 'fd_channel : login[0] 0 login[1] 6 , tb0[0] 0 tb0[1] 47 , tb1[0] 0 tb1[1] 0')
('2015-04-18 10:34:04.525219', 'put_channel : 2015-04-18 10:34:04.525127 : channel tb0, group 1')
('2015-04-18 10:34:04.584750', 'put_channel : 2015-04-18 10:34:04.584650 : channel tb0, group 1')
('2015-04-18 10:34:05.536650', 'put_channel : 2015-04-18 10:34:05.536527 : channel tb0, group 1')
('2015-04-18 10:34:05.643326', 'close_channel : 2015-04-18 10:32:34.524694')
('2015-04-18 10:34:05.647336', 'close_channel : 2015-04-18 10:32:37.523122')
('2015-04-18 10:34:05.649006', 'close_channel : 2015-04-18 10:32:39.023891')
('2015-04-18 10:34:05.649309', 'close_channel : 2015-04-18 10:32:36.023189')
('2015-04-18 10:34:05.649683', 'close_channel : 2015-04-18 10:32:40.525361')
('2015-04-18 10:34:05.652646', 'close_channel : 2015-04-18 10:32:43.523260')
('2015-04-18 10:34:05.655975', 'close_channel : 2015-04-18 10:32:42.023685')
('2015-04-18 10:34:05.703851', 'close_channel : 2015-04-18 10:32:33.024989')
('2015-04-18 10:34:11.014698', 'get_channel: 2015-04-18 10:32:45.023644 : 1 ')
('2015-04-18 10:34:11.014758', 'fd_channel : login[0] 0 login[1] 6 , tb0[0] 0 tb0[1] 49 , tb1[0] 0 tb1[1] 0')
('2015-04-18 10:34:11.647494', 'get_channel: 2015-04-18 10:32:46.524702 : 1 ')
('2015-04-18 10:34:11.647552', 'fd_channel : login[0] 0 login[1] 6 , tb0[0] 0 tb0[1] 48 , tb1[0] 0 tb1[1] 0')
('2015-04-18 10:34:11.899103', 'get_channel: 2015-04-18 10:32:48.025352 : 1 ')
('2015-04-18 10:34:11.899159', 'fd_channel : login[0] 0 login[1] 6 , tb0[0] 0 tb0[1] 47 , tb1[0] 0 tb1[1] 0')
('2015-04-18 10:34:12.215756', 'get_channel: None ')
('2015-04-18 10:34:12.215853', 'fd_channel : login[0] 0 login[1] 6 , tb0[0] 0 tb0[1] 47 , tb1[0] 0 tb1[1] 0')
('2015-04-18 10:34:12.848733', 'get_channel: None ')
('2015-04-18 10:34:12.848813', 'fd_channel : login[0] 0 login[1] 6 , tb0[0] 0 tb0[1] 47 , tb1[0] 0 tb1[1] 0')
('2015-04-18 10:34:13.016995', 'get_channel: 2015-04-18 10:32:49.524685 : 1 ')
('2015-04-18 10:34:13.017063', 'fd_channel : login[0] 0 login[1] 6 , tb0[0] 0 tb0[1] 46 , tb1[0] 0 tb1[1] 0')
('2015-04-18 10:34:13.100281', 'get_channel: None ')
('2015-04-18 10:34:13.100368', 'fd_channel : login[0] 0 login[1] 6 , tb0[0] 0 tb0[1] 46 , tb1[0] 0 tb1[1] 0')
('2015-04-18 10:34:13.649943', 'get_channel: 2015-04-18 10:32:51.025608 : 1 ')
('2015-04-18 10:34:13.650039', 'fd_channel : login[0] 0 login[1] 6 , tb0[0] 0 tb0[1] 45 , tb1[0] 0 tb1[1] 0')
('2015-04-18 10:34:13.901187', 'get_channel: 2015-04-18 10:32:52.529558 : 1 ')
('2015-04-18 10:34:13.901268', 'fd_channel : login[0] 0 login[1] 6 , tb0[0] 0 tb0[1] 44 , tb1[0] 0 tb1[1] 0')
('2015-04-18 10:34:14.097663', 'close_channel : 2015-04-18 10:32:45.023644')
('2015-04-18 10:34:14.130682', 'close_channel : 2015-04-18 10:32:52.529558')
('2015-04-18 10:34:14.218306', 'get_channel: None ')
('2015-04-18 10:34:14.218418', 'fd_channel : login[0] 0 login[1] 6 , tb0[0] 0 tb0[1] 44 , tb1[0] 0 tb1[1] 0')
('2015-04-18 10:34:14.280962', 'close_channel : 2015-04-18 10:32:51.025608')
('2015-04-18 10:34:14.530624', 'get_channel: 2015-04-18 10:32:54.023376 : 1 ')
('2015-04-18 10:34:14.530680', 'fd_channel : login[0] 0 login[1] 6 , tb0[0] 0 tb0[1] 43 , tb1[0] 0 tb1[1] 0')
('2015-04-18 10:34:14.851594', 'get_channel: None ')
('2015-04-18 10:34:14.851723', 'fd_channel : login[0] 0 login[1] 6 , tb0[0] 0 tb0[1] 43 , tb1[0] 0 tb1[1] 0')
('2015-04-18 10:34:15.102791', 'get_channel: None ')
('2015-04-18 10:34:15.102888', 'fd_channel : login[0] 0 login[1] 6 , tb0[0] 0 tb0[1] 43 , tb1[0] 0 tb1[1] 0')
('2015-04-18 10:34:15.489194', 'get_channel: 2015-04-18 10:32:55.522750 : 1 ')
('2015-04-18 10:34:15.489249', 'fd_channel : login[0] 0 login[1] 6 , tb0[0] 0 tb0[1] 42 , tb1[0] 0 tb1[1] 0')
('2015-04-18 10:34:15.592916', 'get_channel: 2015-04-18 10:32:57.023121 : 1 ')
('2015-04-18 10:34:15.593019', 'fd_channel : login[0] 0 login[1] 6 , tb0[0] 0 tb0[1] 41 , tb1[0] 0 tb1[1] 0')
('2015-04-18 10:34:15.731935', 'get_channel: None ')
('2015-04-18 10:34:15.732060', 'fd_channel : login[0] 0 login[1] 6 , tb0[0] 0 tb0[1] 41 , tb1[0] 0 tb1[1] 0')
('2015-04-18 10:34:16.532747', 'get_channel: 2015-04-18 10:32:58.524538 : 1 ')
('2015-04-18 10:34:16.532828', 'fd_channel : login[0] 0 login[1] 6 , tb0[0] 0 tb0[1] 40 , tb1[0] 0 tb1[1] 0')
('2015-04-18 10:34:16.596270', 'get_channel: 2015-04-18 10:33:01.524273 : 1 ')
('2015-04-18 10:34:16.596326', 'fd_channel : login[0] 0 login[1] 6 , tb0[0] 0 tb0[1] 39 , tb1[0] 0 tb1[1] 0')
('2015-04-18 10:34:16.690845', 'get_channel: None ')
('2015-04-18 10:34:16.690936', 'fd_channel : login[0] 0 login[1] 6 , tb0[0] 0 tb0[1] 39 , tb1[0] 0 tb1[1] 0')
('2015-04-18 10:34:16.794330', 'get_channel: None ')
('2015-04-18 10:34:16.794450', 'fd_channel : login[0] 0 login[1] 6 , tb0[0] 0 tb0[1] 39 , tb1[0] 0 tb1[1] 0')
('2015-04-18 10:34:16.935788', 'close_channel : 2015-04-18 10:32:55.522750')
('2015-04-18 10:34:17.063406', 'close_channel : 2015-04-18 10:32:57.023121')
('2015-04-18 10:34:17.161602', 'close_channel : 2015-04-18 10:32:58.524538')
('2015-04-18 10:34:17.224621', 'close_channel : 2015-04-18 10:33:01.524273')
('2015-04-18 10:34:17.524033', 'put_channel : 2015-04-18 10:34:17.523938 : channel tb0, group 1')
('2015-04-18 10:34:17.535292', 'put_channel : 2015-04-18 10:34:17.535194 : channel tb0, group 1')
('2015-04-18 10:34:17.645938', 'put_channel : 2015-04-18 10:34:17.645844 : channel tb0, group 1')
('2015-04-18 10:34:17.734243', 'get_channel: None ')
('2015-04-18 10:34:17.734331', 'fd_channel : login[0] 0 login[1] 6 , tb0[0] 0 tb0[1] 42 , tb1[0] 0 tb1[1] 0')
('2015-04-18 10:34:17.797492', 'get_channel: None ')
('2015-04-18 10:34:17.797585', 'fd_channel : login[0] 0 login[1] 6 , tb0[0] 0 tb0[1] 42 , tb1[0] 0 tb1[1] 0')
('2015-04-18 10:34:21.154936', 'get_channel: 2015-04-18 10:33:03.025339 : 1 ')
('2015-04-18 10:34:21.155001', 'fd_channel : login[0] 0 login[1] 6 , tb0[0] 0 tb0[1] 41 , tb1[0] 0 tb1[1] 0')
('2015-04-18 10:34:22.356224', 'get_channel: None ')
('2015-04-18 10:34:22.356312', 'fd_channel : login[0] 0 login[1] 6 , tb0[0] 0 tb0[1] 41 , tb1[0] 0 tb1[1] 0')
('2015-04-18 10:34:23.157520', 'get_channel: 2015-04-18 10:33:03.029086 : 1 ')
('2015-04-18 10:34:23.157605', 'fd_channel : login[0] 0 login[1] 6 , tb0[0] 0 tb0[1] 40 , tb1[0] 0 tb1[1] 0')
('2015-04-18 10:34:23.378892', 'close_channel : 2015-04-18 10:33:03.029086')
('2015-04-18 10:34:23.524376', 'put_channel : 2015-04-18 10:34:23.524280 : channel tb0, group 1')
('2015-04-18 10:34:24.029042', 'put_channel : 2015-04-18 10:34:24.028918 : channel tb0, group 1')
('2015-04-18 10:34:24.145611', 'put_channel : 2015-04-18 10:34:24.145508 : channel tb0, group 1')
('2015-04-18 10:34:24.359047', 'get_channel: None ')
('2015-04-18 10:34:24.359200', 'fd_channel : login[0] 0 login[1] 6 , tb0[0] 0 tb0[1] 43 , tb1[0] 0 tb1[1] 0')
('2015-04-18 10:34:24.789044', 'close_channel : 2015-04-18 10:32:48.025352')
('2015-04-18 10:34:25.040226', 'put_channel : 2015-04-18 10:34:25.040104 : channel tb0, group 1')
('2015-04-18 10:34:26.535696', 'put_channel : 2015-04-18 10:34:26.535582 : channel tb0, group 1')
('2015-04-18 10:34:26.575418', 'put_channel : 2015-04-18 10:34:26.575315 : channel tb0, group 1')
('2015-04-18 10:34:34.984809', 'put_channel : 2015-04-18 10:34:34.984689 : channel tb0, group 1')
('2015-04-18 10:34:37.071900', 'put_channel : 2015-04-18 10:34:37.071777 : channel tb0, group 1')
('2015-04-18 10:34:38.577424', 'put_channel : 2015-04-18 10:34:38.577294 : channel tb0, group 1')
('2015-04-18 10:34:43.088568', 'put_channel : 2015-04-18 10:34:43.088425 : channel tb0, group 1')
('2015-04-18 10:34:46.095012', 'put_channel : 2015-04-18 10:34:46.094914 : channel tb0, group 1')
('2015-04-18 10:34:51.073795', 'put_channel : 2015-04-18 10:34:51.073639 : channel tb0, group 1')
('2015-04-18 11:27:42.023100', 'put_channel : 2015-04-18 11:27:42.022995 : channel tb1, group 1')
('2015-04-18 11:27:43.523665', 'put_channel : 2015-04-18 11:27:43.523565 : channel tb1, group 1')
('2015-04-18 11:27:46.023643', 'put_channel : 2015-04-18 11:27:46.023525 : channel tb1, group 1')
('2015-04-18 11:27:46.525967', 'put_channel : 2015-04-18 11:27:46.525863 : channel tb1, group 1')
('2015-04-18 11:27:49.023168', 'put_channel : 2015-04-18 11:27:49.023065 : channel tb1, group 1')
('2015-04-18 11:27:49.525322', 'put_channel : 2015-04-18 11:27:49.524028 : channel tb1, group 1')
('2015-04-18 11:27:51.037952', 'put_channel : 2015-04-18 11:27:51.037842 : channel tb1, group 1')
('2015-04-18 11:27:54.023995', 'put_channel : 2015-04-18 11:27:54.023869 : channel tb1, group 1')
('2015-04-18 11:27:55.526594', 'put_channel : 2015-04-18 11:27:55.526475 : channel tb1, group 1')
('2015-04-18 11:27:57.025328', 'put_channel : 2015-04-18 11:27:57.025227 : channel tb1, group 1')
('2015-04-18 11:27:58.523952', 'put_channel : 2015-04-18 11:27:58.523856 : channel tb1, group 1')
('2015-04-18 11:27:59.535321', 'put_channel : 2015-04-18 11:27:59.535217 : channel tb1, group 1')
('2015-04-18 11:28:00.025093', 'put_channel : 2015-04-18 11:28:00.024972 : channel tb1, group 1')
('2015-04-18 11:28:01.526094', 'put_channel : 2015-04-18 11:28:01.525978 : channel tb1, group 1')
('2015-04-18 11:28:18.027593', 'put_channel : 2015-04-18 11:28:18.027496 : channel tb1, group 1')
('2015-04-18 11:28:18.047530', 'put_channel : 2015-04-18 11:28:18.047440 : channel tb1, group 1')
('2015-04-18 11:28:20.529647', 'put_channel : 2015-04-18 11:28:20.529524 : channel tb1, group 1')
('2015-04-18 11:28:21.026890', 'put_channel : 2015-04-18 11:28:21.026771 : channel tb1, group 1')
('2015-04-18 11:28:22.527438', 'put_channel : 2015-04-18 11:28:22.527336 : channel tb1, group 1')
('2015-04-18 11:28:24.029591', 'put_channel : 2015-04-18 11:28:24.029489 : channel tb1, group 1')
('2015-04-18 11:28:24.048529', 'put_channel : 2015-04-18 11:28:24.048444 : channel tb1, group 1')
('2015-04-18 11:28:25.527533', 'put_channel : 2015-04-18 11:28:25.527418 : channel tb1, group 1')
('2015-04-18 11:28:25.552709', 'put_channel : 2015-04-18 11:28:25.552602 : channel tb1, group 1')
('2015-04-18 11:28:30.028750', 'put_channel : 2015-04-18 11:28:30.028646 : channel tb1, group 1')
('2015-04-18 11:28:31.039106', 'put_channel : 2015-04-18 11:28:31.038998 : channel tb1, group 1')
('2015-04-18 11:28:35.599794', 'put_channel : 2015-04-18 11:28:35.599671 : channel tb1, group 1')
('2015-04-18 11:28:37.039568', 'put_channel : 2015-04-18 11:28:37.039455 : channel tb1, group 1')
('2015-04-18 11:28:37.071207', 'put_channel : 2015-04-18 11:28:37.071093 : channel tb1, group 1')
('2015-04-18 11:28:40.560106', 'put_channel : 2015-04-18 11:28:40.559987 : channel tb1, group 1')
('2015-04-18 11:28:43.040580', 'put_channel : 2015-04-18 11:28:43.040460 : channel tb1, group 1')
('2015-04-18 11:28:43.551411', 'put_channel : 2015-04-18 11:28:43.551293 : channel tb1, group 1')
('2015-04-18 11:28:46.532416', 'put_channel : 2015-04-18 11:28:46.532315 : channel tb1, group 1')
('2015-04-18 11:28:52.032543', 'put_channel : 2015-04-18 11:28:52.032424 : channel tb1, group 1')
('2015-04-18 11:29:01.551164', 'put_channel : 2015-04-18 11:29:01.551055 : channel tb1, group 1')
('2015-04-18 11:29:04.032149', 'put_channel : 2015-04-18 11:29:04.032003 : channel tb1, group 1')
('2015-04-18 11:29:07.024608', 'put_channel : 2015-04-18 11:29:07.024500 : channel tb1, group 1')
('2015-04-18 11:29:10.543648', 'put_channel : 2015-04-18 11:29:10.543542 : channel tb1, group 1')
('2015-04-18 11:29:11.523689', 'put_channel : 2015-04-18 11:29:11.523587 : channel tb1, group 1')
('2015-04-18 11:29:13.023724', 'put_channel : 2015-04-18 11:29:13.023606 : channel tb1, group 1')
('2015-04-18 11:29:13.104604', 'put_channel : 2015-04-18 11:29:13.104475 : channel tb1, group 1')
('2015-04-18 11:29:13.523796', 'put_channel : 2015-04-18 11:29:13.523686 : channel tb1, group 1')
('2015-04-18 11:29:16.024347', 'put_channel : 2015-04-18 11:29:16.024213 : channel tb1, group 1')
('2015-04-18 11:29:17.525659', 'put_channel : 2015-04-18 11:29:17.525552 : channel tb1, group 1')
('2015-04-18 11:29:18.023188', 'put_channel : 2015-04-18 11:29:18.023093 : channel tb1, group 1')
('2015-04-18 11:29:19.524060', 'put_channel : 2015-04-18 11:29:19.523918 : channel tb1, group 1')
('2015-04-18 11:29:21.024287', 'put_channel : 2015-04-18 11:29:21.024169 : channel tb1, group 1')
('2015-04-18 11:29:22.064476', 'put_channel : 2015-04-18 11:29:22.064371 : channel tb1, group 1')
('2015-04-18 11:29:22.544449', 'put_channel : 2015-04-18 11:29:22.544347 : channel tb1, group 1')
('2015-04-18 11:29:35.950257', 'close_channel : 2015-04-18 11:27:42.022995')
('2015-04-18 11:29:35.951170', 'close_channel : 2015-04-18 11:27:43.523565')
('2015-04-18 11:29:35.951892', 'get_channel: 2015-04-18 11:27:46.023525 : 1 ')
('2015-04-18 11:29:35.951945', 'fd_channel : login[0] 0 login[1] 6 , tb0[0] 0 tb0[1] 52 , tb1[0] 0 tb1[1] 45')
('2015-04-18 11:29:35.953994', 'get_channel: 2015-04-18 11:27:46.525863 : 1 ')
('2015-04-18 11:29:35.954041', 'fd_channel : login[0] 0 login[1] 6 , tb0[0] 0 tb0[1] 52 , tb1[0] 0 tb1[1] 44')
('2015-04-18 11:29:35.954646', 'get_channel: 2015-04-18 11:27:49.023065 : 1 ')
('2015-04-18 11:29:35.954696', 'fd_channel : login[0] 0 login[1] 6 , tb0[0] 0 tb0[1] 52 , tb1[0] 0 tb1[1] 43')
('2015-04-18 11:29:35.955336', 'get_channel: 2015-04-18 11:27:49.524028 : 1 ')
('2015-04-18 11:29:35.955383', 'fd_channel : login[0] 0 login[1] 6 , tb0[0] 0 tb0[1] 52 , tb1[0] 0 tb1[1] 42')
('2015-04-18 11:29:35.956109', 'get_channel: 2015-04-18 11:27:51.037842 : 1 ')
('2015-04-18 11:29:35.956155', 'fd_channel : login[0] 0 login[1] 6 , tb0[0] 0 tb0[1] 52 , tb1[0] 0 tb1[1] 41')
('2015-04-18 11:29:35.956751', 'get_channel: 2015-04-18 11:27:54.023869 : 1 ')
('2015-04-18 11:29:35.956796', 'fd_channel : login[0] 0 login[1] 6 , tb0[0] 0 tb0[1] 52 , tb1[0] 0 tb1[1] 40')
('2015-04-18 11:29:35.957810', 'get_channel: 2015-04-18 11:27:55.526475 : 1 ')
('2015-04-18 11:29:35.957856', 'fd_channel : login[0] 0 login[1] 6 , tb0[0] 0 tb0[1] 52 , tb1[0] 0 tb1[1] 39')
('2015-04-18 11:29:35.959061', 'get_channel: 2015-04-18 11:27:57.025227 : 1 ')
('2015-04-18 11:29:35.959120', 'fd_channel : login[0] 0 login[1] 6 , tb0[0] 0 tb0[1] 52 , tb1[0] 0 tb1[1] 38')
('2015-04-18 11:29:35.970606', 'close_channel : 2015-04-18 11:27:49.524028')
('2015-04-18 11:29:35.974299', 'close_channel : 2015-04-18 11:27:49.023065')
('2015-04-18 11:29:35.976698', 'close_channel : 2015-04-18 11:27:46.525863')
('2015-04-18 11:29:36.593038', 'close_channel : 2015-04-18 11:27:46.023525')
('2015-04-18 11:29:37.411996', 'close_channel : 2015-04-18 11:27:57.025227')
('2015-04-18 11:29:40.692184', 'put_channel : 2015-04-18 11:29:40.692086 : channel tb1, group 1')
('2015-04-18 11:29:41.339376', 'get_channel: 2015-04-18 11:27:58.523856 : 1 ')
('2015-04-18 11:29:41.339451', 'fd_channel : login[0] 0 login[1] 6 , tb0[0] 0 tb0[1] 52 , tb1[0] 0 tb1[1] 38')
('2015-04-18 11:29:41.340192', 'get_channel: 2015-04-18 11:27:59.535217 : 1 ')
('2015-04-18 11:29:41.340240', 'fd_channel : login[0] 0 login[1] 6 , tb0[0] 0 tb0[1] 52 , tb1[0] 0 tb1[1] 37')
('2015-04-18 11:29:41.342309', 'get_channel: 2015-04-18 11:28:00.024972 : 1 ')
('2015-04-18 11:29:41.342364', 'fd_channel : login[0] 0 login[1] 6 , tb0[0] 0 tb0[1] 52 , tb1[0] 0 tb1[1] 36')
('2015-04-18 11:29:41.343826', 'get_channel: 2015-04-18 11:28:01.525978 : 1 ')
('2015-04-18 11:29:41.343905', 'fd_channel : login[0] 0 login[1] 6 , tb0[0] 0 tb0[1] 52 , tb1[0] 0 tb1[1] 35')
('2015-04-18 11:29:41.345460', 'get_channel: 2015-04-18 11:28:18.027496 : 1 ')
('2015-04-18 11:29:41.345511', 'fd_channel : login[0] 0 login[1] 6 , tb0[0] 0 tb0[1] 52 , tb1[0] 0 tb1[1] 34')
('2015-04-18 11:29:41.415348', 'close_channel : 2015-04-18 11:28:18.027496')
('2015-04-18 11:29:41.974942', 'close_channel : 2015-04-18 11:28:00.024972')
('2015-04-18 11:29:42.539103', 'get_channel: None ')
('2015-04-18 11:29:42.539190', 'fd_channel : login[0] 0 login[1] 6 , tb0[0] 0 tb0[1] 52 , tb1[0] 0 tb1[1] 34')
('2015-04-18 11:29:42.539550', 'get_channel: None ')
('2015-04-18 11:29:42.539615', 'fd_channel : login[0] 0 login[1] 6 , tb0[0] 0 tb0[1] 52 , tb1[0] 0 tb1[1] 34')
('2015-04-18 11:29:42.540043', 'get_channel: None ')
('2015-04-18 11:29:42.540146', 'fd_channel : login[0] 0 login[1] 6 , tb0[0] 0 tb0[1] 52 , tb1[0] 0 tb1[1] 34')
('2015-04-18 11:29:42.540518', 'get_channel: None ')
('2015-04-18 11:29:42.540610', 'fd_channel : login[0] 0 login[1] 6 , tb0[0] 0 tb0[1] 52 , tb1[0] 0 tb1[1] 34')
('2015-04-18 11:29:42.542021', 'get_channel: None ')
('2015-04-18 11:29:42.542074', 'fd_channel : login[0] 0 login[1] 6 , tb0[0] 0 tb0[1] 52 , tb1[0] 0 tb1[1] 34')
('2015-04-18 11:29:42.790782', 'close_channel : 2015-04-18 11:27:58.523856')
('2015-04-18 11:29:42.954551', 'get_channel: 2015-04-18 11:28:18.047440 : 1 ')
('2015-04-18 11:29:42.954632', 'fd_channel : login[0] 0 login[1] 6 , tb0[0] 0 tb0[1] 52 , tb1[0] 0 tb1[1] 33')
('2015-04-18 11:29:42.958371', 'get_channel: 2015-04-18 11:28:20.529524 : 1 ')
('2015-04-18 11:29:42.958449', 'fd_channel : login[0] 0 login[1] 6 , tb0[0] 0 tb0[1] 52 , tb1[0] 0 tb1[1] 32')
('2015-04-18 11:29:42.959724', 'get_channel: 2015-04-18 11:28:21.026771 : 1 ')
('2015-04-18 11:29:42.959771', 'fd_channel : login[0] 0 login[1] 6 , tb0[0] 0 tb0[1] 52 , tb1[0] 0 tb1[1] 31')
('2015-04-18 11:29:42.968339', 'close_channel : 2015-04-18 11:28:18.047440')
('2015-04-18 11:29:43.068964', 'get_channel: 2015-04-18 11:28:22.527336 : 1 ')
('2015-04-18 11:29:43.069019', 'fd_channel : login[0] 0 login[1] 6 , tb0[0] 0 tb0[1] 52 , tb1[0] 0 tb1[1] 30')
('2015-04-18 11:29:43.300574', 'close_channel : 2015-04-18 11:28:22.527336')
('2015-04-18 11:29:43.347340', 'get_channel: 2015-04-18 11:28:24.029489 : 1 ')
('2015-04-18 11:29:43.347442', 'fd_channel : login[0] 0 login[1] 6 , tb0[0] 0 tb0[1] 52 , tb1[0] 0 tb1[1] 29')
('2015-04-18 11:29:43.348309', 'get_channel: 2015-04-18 11:28:24.048444 : 1 ')
('2015-04-18 11:29:43.348434', 'fd_channel : login[0] 0 login[1] 6 , tb0[0] 0 tb0[1] 52 , tb1[0] 0 tb1[1] 28')
('2015-04-18 11:29:43.586253', 'close_channel : 2015-04-18 11:28:24.048444')
('2015-04-18 11:29:44.269979', 'get_channel: None ')
('2015-04-18 11:29:44.270081', 'fd_channel : login[0] 0 login[1] 6 , tb0[0] 0 tb0[1] 52 , tb1[0] 0 tb1[1] 28')
('2015-04-18 11:29:44.402121', 'close_channel : 2015-04-18 11:28:21.026771')
('2015-04-18 11:29:44.548452', 'get_channel: None ')
('2015-04-18 11:29:44.548549', 'fd_channel : login[0] 0 login[1] 6 , tb0[0] 0 tb0[1] 52 , tb1[0] 0 tb1[1] 28')
('2015-04-18 11:29:44.549192', 'get_channel: None ')
('2015-04-18 11:29:44.549257', 'fd_channel : login[0] 0 login[1] 6 , tb0[0] 0 tb0[1] 52 , tb1[0] 0 tb1[1] 28')
('2015-04-18 11:29:44.556439', 'get_channel: 2015-04-18 11:28:25.527418 : 1 ')
('2015-04-18 11:29:44.556491', 'fd_channel : login[0] 0 login[1] 6 , tb0[0] 0 tb0[1] 52 , tb1[0] 0 tb1[1] 27')
('2015-04-18 11:29:45.757718', 'get_channel: None ')
('2015-04-18 11:29:45.757821', 'fd_channel : login[0] 0 login[1] 6 , tb0[0] 0 tb0[1] 52 , tb1[0] 0 tb1[1] 27')
('2015-04-18 11:29:46.558711', 'get_channel: 2015-04-18 11:28:25.552602 : 1 ')
('2015-04-18 11:29:46.558792', 'fd_channel : login[0] 0 login[1] 6 , tb0[0] 0 tb0[1] 52 , tb1[0] 0 tb1[1] 26')
('2015-04-18 11:29:47.760017', 'get_channel: None ')
('2015-04-18 11:29:47.760113', 'fd_channel : login[0] 0 login[1] 6 , tb0[0] 0 tb0[1] 52 , tb1[0] 0 tb1[1] 26')
('2015-04-18 11:29:49.960415', 'get_channel: 2015-04-18 11:28:30.028646 : 1 ')
('2015-04-18 11:29:49.960502', 'fd_channel : login[0] 0 login[1] 6 , tb0[0] 0 tb0[1] 52 , tb1[0] 0 tb1[1] 25')
('2015-04-18 11:29:51.014240', 'get_channel: 2015-04-18 11:28:31.038998 : 1 ')
('2015-04-18 11:29:51.014308', 'fd_channel : login[0] 0 login[1] 6 , tb0[0] 0 tb0[1] 52 , tb1[0] 0 tb1[1] 24')
('2015-04-18 11:29:51.015510', 'get_channel: 2015-04-18 11:28:35.599671 : 1 ')
('2015-04-18 11:29:51.015589', 'fd_channel : login[0] 0 login[1] 6 , tb0[0] 0 tb0[1] 52 , tb1[0] 0 tb1[1] 23')
('2015-04-18 11:29:51.016858', 'get_channel: 2015-04-18 11:28:37.039455 : 1 ')
('2015-04-18 11:29:51.016908', 'fd_channel : login[0] 0 login[1] 6 , tb0[0] 0 tb0[1] 52 , tb1[0] 0 tb1[1] 22')
('2015-04-18 11:29:51.017918', 'get_channel: 2015-04-18 11:28:37.071093 : 1 ')
('2015-04-18 11:29:51.017964', 'fd_channel : login[0] 0 login[1] 6 , tb0[0] 0 tb0[1] 52 , tb1[0] 0 tb1[1] 21')
('2015-04-18 11:29:51.019226', 'get_channel: 2015-04-18 11:28:40.559987 : 1 ')
('2015-04-18 11:29:51.019343', 'fd_channel : login[0] 0 login[1] 6 , tb0[0] 0 tb0[1] 52 , tb1[0] 0 tb1[1] 20')
('2015-04-18 11:29:51.020532', 'get_channel: 2015-04-18 11:28:43.040460 : 1 ')
('2015-04-18 11:29:51.020581', 'fd_channel : login[0] 0 login[1] 6 , tb0[0] 0 tb0[1] 52 , tb1[0] 0 tb1[1] 19')
('2015-04-18 11:29:51.021225', 'get_channel: 2015-04-18 11:28:43.551293 : 1 ')
('2015-04-18 11:29:51.021271', 'fd_channel : login[0] 0 login[1] 6 , tb0[0] 0 tb0[1] 52 , tb1[0] 0 tb1[1] 18')
('2015-04-18 11:29:56.962975', 'get_channel: 2015-04-18 11:28:46.532315 : 1 ')
('2015-04-18 11:29:56.963081', 'fd_channel : login[0] 0 login[1] 6 , tb0[0] 0 tb0[1] 52 , tb1[0] 0 tb1[1] 17')
('2015-04-18 11:29:57.601438', 'close_channel : 2015-04-18 11:28:46.532315')
('2015-04-18 11:29:57.718702', 'get_channel: 2015-04-18 11:28:52.032424 : 1 ')
('2015-04-18 11:29:57.718773', 'fd_channel : login[0] 0 login[1] 6 , tb0[0] 0 tb0[1] 52 , tb1[0] 0 tb1[1] 16')
('2015-04-18 11:29:58.020142', 'get_channel: 2015-04-18 11:29:01.551055 : 1 ')
('2015-04-18 11:29:58.020236', 'fd_channel : login[0] 0 login[1] 6 , tb0[0] 0 tb0[1] 52 , tb1[0] 0 tb1[1] 15')
('2015-04-18 11:29:58.021981', 'get_channel: 2015-04-18 11:29:04.032003 : 1 ')
('2015-04-18 11:29:58.022037', 'fd_channel : login[0] 0 login[1] 6 , tb0[0] 0 tb0[1] 52 , tb1[0] 0 tb1[1] 14')
('2015-04-18 11:29:58.023239', 'get_channel: 2015-04-18 11:29:07.024500 : 1 ')
('2015-04-18 11:29:58.023300', 'fd_channel : login[0] 0 login[1] 6 , tb0[0] 0 tb0[1] 52 , tb1[0] 0 tb1[1] 13')
('2015-04-18 11:29:58.026283', 'get_channel: 2015-04-18 11:29:10.543542 : 1 ')
('2015-04-18 11:29:58.026356', 'fd_channel : login[0] 0 login[1] 6 , tb0[0] 0 tb0[1] 52 , tb1[0] 0 tb1[1] 12')
('2015-04-18 11:29:58.027031', 'get_channel: 2015-04-18 11:29:11.523587 : 1 ')
('2015-04-18 11:29:58.027076', 'fd_channel : login[0] 0 login[1] 6 , tb0[0] 0 tb0[1] 52 , tb1[0] 0 tb1[1] 11')
('2015-04-18 11:29:58.028232', 'get_channel: 2015-04-18 11:29:13.023606 : 1 ')
('2015-04-18 11:29:58.028279', 'fd_channel : login[0] 0 login[1] 6 , tb0[0] 0 tb0[1] 52 , tb1[0] 0 tb1[1] 10')
('2015-04-18 11:29:58.029333', 'get_channel: 2015-04-18 11:29:13.104475 : 1 ')
('2015-04-18 11:29:58.029389', 'fd_channel : login[0] 0 login[1] 6 , tb0[0] 0 tb0[1] 52 , tb1[0] 0 tb1[1] 9')
('2015-04-18 11:29:58.041495', 'close_channel : 2015-04-18 11:29:10.543542')
('2015-04-18 11:29:58.042160', 'close_channel : 2015-04-18 11:29:11.523587')
('2015-04-18 11:29:58.044205', 'close_channel : 2015-04-18 11:29:13.023606')
('2015-04-18 11:29:58.044930', 'close_channel : 2015-04-18 11:29:13.104475')
('2015-04-18 11:29:58.229713', 'get_channel: 2015-04-18 11:29:13.523686 : 1 ')
('2015-04-18 11:29:58.229765', 'fd_channel : login[0] 0 login[1] 6 , tb0[0] 0 tb0[1] 52 , tb1[0] 0 tb1[1] 8')
('2015-04-18 11:29:58.234759', 'get_channel: 2015-04-18 11:29:16.024213 : 1 ')
('2015-04-18 11:29:58.234807', 'fd_channel : login[0] 0 login[1] 6 , tb0[0] 0 tb0[1] 52 , tb1[0] 0 tb1[1] 7')
('2015-04-18 11:29:58.236994', 'get_channel: 2015-04-18 11:29:17.525552 : 1 ')
('2015-04-18 11:29:58.237040', 'fd_channel : login[0] 0 login[1] 6 , tb0[0] 0 tb0[1] 52 , tb1[0] 0 tb1[1] 6')
('2015-04-18 11:29:58.257017', 'close_channel : 2015-04-18 11:29:13.523686')
('2015-04-18 11:29:58.260396', 'close_channel : 2015-04-18 11:29:16.024213')
('2015-04-18 11:29:58.268920', 'get_channel: 2015-04-18 11:29:18.023093 : 1 ')
('2015-04-18 11:29:58.268972', 'fd_channel : login[0] 0 login[1] 6 , tb0[0] 0 tb0[1] 52 , tb1[0] 0 tb1[1] 5')
('2015-04-18 11:29:58.294914', 'close_channel : 2015-04-18 11:29:18.023093')
('2015-04-18 11:29:58.527442', 'put_channel : 2015-04-18 11:29:58.527328 : channel tb1, group 1')
('2015-04-18 11:29:58.661400', 'close_channel : 2015-04-18 11:29:07.024500')
('2015-04-18 11:29:58.830540', 'get_channel: 2015-04-18 11:29:19.523918 : 1 ')
('2015-04-18 11:29:58.830608', 'fd_channel : login[0] 0 login[1] 6 , tb0[0] 0 tb0[1] 52 , tb1[0] 0 tb1[1] 5')
('2015-04-18 11:29:58.921003', 'get_channel: None ')
('2015-04-18 11:29:58.921089', 'fd_channel : login[0] 0 login[1] 6 , tb0[0] 0 tb0[1] 52 , tb1[0] 0 tb1[1] 5')
('2015-04-18 11:29:58.954543', 'close_channel : 2015-04-18 11:29:19.523918')
('2015-04-18 11:29:59.430763', 'get_channel: None ')
('2015-04-18 11:29:59.430846', 'fd_channel : login[0] 0 login[1] 6 , tb0[0] 0 tb0[1] 52 , tb1[0] 0 tb1[1] 5')
('2015-04-18 11:29:59.435424', 'get_channel: None ')
('2015-04-18 11:29:59.435503', 'fd_channel : login[0] 0 login[1] 6 , tb0[0] 0 tb0[1] 52 , tb1[0] 0 tb1[1] 5')
('2015-04-18 11:29:59.437651', 'get_channel: None ')
('2015-04-18 11:29:59.437720', 'fd_channel : login[0] 0 login[1] 6 , tb0[0] 0 tb0[1] 52 , tb1[0] 0 tb1[1] 5')
('2015-04-18 11:29:59.470101', 'get_channel: None ')
('2015-04-18 11:29:59.470183', 'fd_channel : login[0] 0 login[1] 6 , tb0[0] 0 tb0[1] 52 , tb1[0] 0 tb1[1] 5')
('2015-04-18 11:29:59.721046', 'get_channel: 2015-04-18 11:29:21.024169 : 1 ')
('2015-04-18 11:29:59.721120', 'fd_channel : login[0] 0 login[1] 6 , tb0[0] 0 tb0[1] 52 , tb1[0] 0 tb1[1] 4')
('2015-04-18 11:29:59.785132', 'close_channel : 2015-04-18 11:29:21.024169')
('2015-04-18 11:30:00.031123', 'get_channel: None ')
('2015-04-18 11:30:00.031226', 'fd_channel : login[0] 0 login[1] 6 , tb0[0] 0 tb0[1] 52 , tb1[0] 0 tb1[1] 4')
('2015-04-18 11:30:00.239030', 'get_channel: 2015-04-18 11:29:22.064371 : 1 ')
('2015-04-18 11:30:00.239144', 'fd_channel : login[0] 0 login[1] 6 , tb0[0] 0 tb0[1] 52 , tb1[0] 0 tb1[1] 3')
('2015-04-18 11:30:00.261420', 'close_channel : 2015-04-18 11:29:22.064371')
('2015-04-18 11:30:00.922490', 'get_channel: None ')
('2015-04-18 11:30:00.922593', 'fd_channel : login[0] 0 login[1] 6 , tb0[0] 0 tb0[1] 52 , tb1[0] 0 tb1[1] 3')
('2015-04-18 11:30:01.364826', 'worker [1] stopping')
('2015-04-18 11:30:01.440513', 'get_channel: None ')
('2015-04-18 11:30:01.440617', 'fd_channel : login[0] 0 login[1] 6 , tb0[0] 0 tb0[1] 52 , tb1[0] 0 tb1[1] 3')
('2015-04-18 11:30:01.680319', 'put_channel : 2015-04-18 11:30:01.680187 : channel tb1, group 1')
('2015-04-18 11:30:05.022446', 'get_channel: 2015-04-18 11:29:22.544347 : 1 ')
('2015-04-18 11:30:05.022517', 'fd_channel : login[0] 0 login[1] 6 , tb0[0] 0 tb0[1] 52 , tb1[0] 0 tb1[1] 3')
('2015-04-18 11:30:05.024684', 'get_channel: 2015-04-18 11:29:40.692086 : 1 ')
('2015-04-18 11:30:05.024731', 'fd_channel : login[0] 0 login[1] 6 , tb0[0] 0 tb0[1] 52 , tb1[0] 0 tb1[1] 2')
('2015-04-18 11:30:05.035606', 'close_channel : 2015-04-18 11:29:22.544347')
('2015-04-18 11:30:05.037459', 'close_channel : 2015-04-18 11:29:40.692086')
('2015-04-18 11:30:07.039541', 'put_channel : 2015-04-18 11:30:07.039410 : channel tb1, group 1')
('2015-04-18 11:30:09.828912', 'close_channel : 2015-04-18 11:28:24.029489')
('2015-04-18 11:30:17.509908', 'close_channel : 2015-04-18 11:28:37.039455')
('2015-04-18 11:30:17.512114', 'close_channel : 2015-04-18 11:28:43.040460')
('2015-04-18 11:30:17.512671', 'close_channel : 2015-04-18 11:28:35.599671')
('2015-04-18 11:30:17.529321', 'close_channel : 2015-04-18 11:28:43.551293')
('2015-04-18 11:30:17.529831', 'close_channel : 2015-04-18 11:28:40.559987')
('2015-04-18 11:30:28.101170', 'close_channel : 2015-04-18 11:27:54.023869')
('2015-04-18 11:30:29.582974', 'put_channel : 2015-04-18 11:30:29.582858 : channel tb1, group 1')
('2015-04-18 11:30:39.182937', 'put_channel : 2015-04-18 11:30:39.182832 : channel tb1, group 1')
('2015-04-18 11:30:50.886069', 'close_channel : 2015-04-18 11:28:52.032424')
('2015-04-18 11:30:51.205571', 'close_channel : 2015-04-18 11:29:04.032003')
