('2015-04-18 10:07:15.049334', 'client 52706862 login 高杰 310113199309141938')
('2015-04-18 10:07:16.537351', 'client 52460821 login 彭海鲸 51030419710417101x')
('2015-04-18 10:07:18.036920', 'client 52815996 login 饶骏 320124197901171417')
('2015-04-18 10:07:19.558174', 'client 52756077 login 张渊斌 310104198503124057')
('2015-04-18 10:07:21.037501', 'client 52741812 login 顾小叶 310228198403103415')
('2015-04-18 10:07:22.535750', 'client 52783690 login 郑宇 321282198911190034')
('2015-04-18 10:07:24.037177', 'client 52720956 login 罗美丽 432326197812146763')
('2015-04-18 10:07:25.723251', 'client 52775962 login 佟爱力 654124198108043318')
('2015-04-18 10:34:08.804324', 'client 52460821 bid 0 image C38D89AC11E4D764D630D81DB2E39E7C 928082 ')
('2015-04-18 10:34:09.035728', 'client 52460821 bid 0 price 75200 彭海鲸 51030419710417101x')
('2015-04-18 10:34:09.381997', 'client 52783690 bid 0 image 4069F4CA3B624BEBD6A4B47478C96763 194916 ')
('2015-04-18 10:34:09.673780', 'client 52706862 bid 0 image 9C5DB0C7553E6FAC57D72AFB2D5E338A 284508 ')
('2015-04-18 10:34:09.695068', 'client 52706862 bid 0 price 75200 高杰 310113199309141938')
('2015-04-18 10:34:09.846485', 'client 52815996 bid 0 image 7827AEBAF30ADE00A116FF3D7262ECA8 926451 ')
('2015-04-18 10:34:09.867167', 'client 52815996 bid 0 price 75200 饶骏 320124197901171417')
('2015-04-18 10:34:09.951410', 'client 52775962 bid 0 image 451FBFAA611C61757179721FE87233CF 818350 ')
('2015-04-18 10:34:09.978293', 'client 52775962 bid 0 price 75200 佟爱力 654124198108043318')
('2015-04-18 10:34:11.384245', 'client 52783690 bid 0 price 75200 meet err_112 郑宇 321282198911190034')
('2015-04-18 10:34:12.126966', 'client 52756077 bid 0 image 8672F9B819334234725568ABA12C6552 151626 ')
('2015-04-18 10:34:13.072965', 'client 52741812 bid 0 image 39689926EA1882B5538E2DF5E5834A00 161619 ')
('2015-04-18 10:34:15.270663', 'client 52756077 bid 0 price 75200 张渊斌 310104198503124057')
('2015-04-18 10:34:16.456720', 'client 52720956 bid 0 image AACC2B4E12CB015A6CFD6B25DE3BA428 091849 ')
('2015-04-18 10:34:16.478125', 'client 52720956 bid 0 price 75200 罗美丽 432326197812146763')
('2015-04-18 10:34:41.384617', 'client 52783690 bid 0 price Failed')
('2015-04-18 10:34:41.384774', 'client 52783690 bid 0 failed. Abort.....')
('2015-04-18 10:34:47.078109', 'client 52741812 bid 0 price Failed')
('2015-04-18 10:34:47.078249', 'client 52741812 bid 0 failed. Abort.....')
('2015-04-18 10:35:05.603068', 'client 52741812 bid 0 image D839F6779CA17AE0D1B7B0986C61D6EB 516350 ')
('2015-04-18 10:35:31.611606', 'client 52741812 bid 0 price 75200 顾小叶 310228198403103415')
('2015-04-18 11:29:36.124675', 'client 52460821 bid 1 image 26A63C19F1D6BF4F574FC44E8CB1BCFB 945460 ')
('2015-04-18 11:29:36.249386', 'client 52756077 bid 1 image 8E8210B8E1E6E6B57DDAD9DCBDB266D0 926360 ')
('2015-04-18 11:29:36.804295', 'client 52775962 bid 1 image 84D7AF1BD5C117F890DC112298CF4FA9 464905 ')
('2015-04-18 11:29:37.681201', 'client 52815996 bid 1 image 4ED4A568D64119F65B69811E4EE3B703 835061 ')
('2015-04-18 11:29:42.636923', 'client 52706862 bid 1 image 824C13DFDE36C1E200F6E1D9C07DDCCF 090938 ')
('2015-04-18 11:29:42.690745', 'client 52783690 bid 1 image 5C0041E0C50169ACFFD1B9CCA701C7F5 262535 ')
('2015-04-18 11:29:42.700880', 'client 52720956 bid 1 image 6A222C348450B849C79B19463494C10E 638460 ')
('2015-04-18 11:29:42.739948', 'client 52741812 bid 1 image 587231DB67A2A4BC95267ABDD5C6016F 253936 ')
('2015-04-18 11:29:54.608808', 'client 52756077 bid 1 price 80800 张渊斌 310104198503124057')
('2015-04-18 11:29:55.871539', 'client 52741812 bid 1 price 80800 顾小叶 310228198403103415')
('2015-04-18 11:29:56.586835', 'client 52720956 bid 1 price 80800 罗美丽 432326197812146763')
('2015-04-18 11:29:56.995132', 'client 52706862 bid 1 price 80800 高杰 310113199309141938')
('2015-04-18 11:29:56.997383', 'client 52460821 bid 1 price 80800 彭海鲸 51030419710417101x')
('2015-04-18 11:29:59.605109', 'client 52741812 bid 2 image 21CDB42CB00B2B28EEA5178C047FFE07 363629 ')
('2015-04-18 11:30:00.343956', 'client 52775962 bid 1 price Failed')
('2015-04-18 11:30:00.344116', 'client 52775962 bid 1 failed. Abort.....')
('2015-04-18 11:30:00.350326', 'client 52815996 bid 1 price Failed')
('2015-04-18 11:30:00.350405', 'client 52815996 bid 1 failed. Abort.....')
('2015-04-18 11:30:00.350827', 'client 52783690 bid 1 price Failed')
('2015-04-18 11:30:00.350877', 'client 52783690 bid 1 failed. Abort.....')
('2015-04-18 11:30:10.473100', 'client 52706862 bid 2 image Failed')
('2015-04-18 11:30:10.473173', 'client 52706862 bid 2 failed. Abort.....')
('2015-04-18 11:30:11.607506', 'client 52741812 bid 2 price Failed')
('2015-04-18 11:30:11.607665', 'client 52741812 bid 2 failed. Abort.....')
('2015-04-18 11:30:12.052115', 'client 52756077 bid 2 image Failed')
('2015-04-18 11:30:12.052306', 'client 52756077 bid 2 failed. Abort.....')
('2015-04-18 11:30:13.358988', 'client 52815996 bid 2 image Failed')
('2015-04-18 11:30:13.359037', 'client 52815996 bid 2 failed. Abort.....')
('2015-04-18 11:30:13.485603', 'client 52775962 bid 2 image Failed')
('2015-04-18 11:30:13.485667', 'client 52775962 bid 2 failed. Abort.....')
('2015-04-18 11:30:14.473380', 'client 52460821 bid 2 image Failed')
('2015-04-18 11:30:14.473429', 'client 52460821 bid 2 failed. Abort.....')
('2015-04-18 11:30:15.068005', 'client 52720956 bid 2 image Failed')
('2015-04-18 11:30:15.068055', 'client 52720956 bid 2 failed. Abort.....')
('2015-04-18 11:30:20.479099', "client 52706862 bids finished. price : ['75200', '80800', None] . Quit.....")
('2015-04-18 11:30:21.356152', 'client 52783690 bid 2 image Failed')
('2015-04-18 11:30:21.356226', 'client 52783690 bid 2 failed. Abort.....')
('2015-04-18 11:30:21.617825', "client 52741812 bids finished. price : ['75200', '80800', None] . Quit.....")
('2015-04-18 11:30:22.062480', "client 52756077 bids finished. price : ['75200', '80800', None] . Quit.....")
('2015-04-18 11:30:23.368724', "client 52815996 bids finished. price : ['75200', None, None] . Quit.....")
('2015-04-18 11:30:23.495816', "client 52775962 bids finished. price : ['75200', None, None] . Quit.....")
('2015-04-18 11:30:24.483575', "client 52460821 bids finished. price : ['75200', '80800', None] . Quit.....")
('2015-04-18 11:30:25.078199', "client 52720956 bids finished. price : ['75200', '80800', None] . Quit.....")
('2015-04-18 11:30:31.366368', 'client 52783690 bids finished. price : [None, None, None] . Quit.....')
