('2015-04-18 10:07:14.122851', 'worker [4] started')
('2015-04-18 10:07:14.122982', 'client 8 initted')
('2015-04-18 10:07:15.026076', 'put_channel : 2015-04-18 10:07:15.025922 : channel login, group 1')
('2015-04-18 10:07:15.033211', 'get_channel: 2015-04-18 10:07:15.025922 : 1 ')
('2015-04-18 10:07:15.033365', 'fd_channel : login[0] 0 login[1] 0 , tb0[0] 0 tb0[1] 0 , tb1[0] 0 tb1[1] 0')
('2015-04-18 10:07:15.043992', 'close_channel : 2015-04-18 10:07:15.025922')
('2015-04-18 10:07:16.526683', 'put_channel : 2015-04-18 10:07:16.526524 : channel login, group 1')
('2015-04-18 10:07:16.527596', 'get_channel: 2015-04-18 10:07:16.526524 : 1 ')
('2015-04-18 10:07:16.527692', 'fd_channel : login[0] 0 login[1] 0 , tb0[0] 0 tb0[1] 0 , tb1[0] 0 tb1[1] 0')
('2015-04-18 10:07:16.539183', 'close_channel : 2015-04-18 10:07:16.526524')
('2015-04-18 10:07:18.027059', 'put_channel : 2015-04-18 10:07:18.026923 : channel login, group 1')
('2015-04-18 10:07:18.027513', 'get_channel: 2015-04-18 10:07:18.026923 : 1 ')
('2015-04-18 10:07:18.027568', 'fd_channel : login[0] 0 login[1] 0 , tb0[0] 0 tb0[1] 0 , tb1[0] 0 tb1[1] 0')
('2015-04-18 10:07:18.038440', 'close_channel : 2015-04-18 10:07:18.026923')
('2015-04-18 10:07:19.525607', 'put_channel : 2015-04-18 10:07:19.525294 : channel login, group 1')
('2015-04-18 10:07:19.526359', 'get_channel: 2015-04-18 10:07:19.525294 : 1 ')
('2015-04-18 10:07:19.526482', 'fd_channel : login[0] 0 login[1] 0 , tb0[0] 0 tb0[1] 0 , tb1[0] 0 tb1[1] 0')
('2015-04-18 10:07:19.537751', 'close_channel : 2015-04-18 10:07:19.525294')
('2015-04-18 10:07:21.025156', 'put_channel : 2015-04-18 10:07:21.025020 : channel login, group 1')
('2015-04-18 10:07:21.025731', 'get_channel: 2015-04-18 10:07:21.025020 : 1 ')
('2015-04-18 10:07:21.025785', 'fd_channel : login[0] 0 login[1] 0 , tb0[0] 0 tb0[1] 0 , tb1[0] 0 tb1[1] 0')
('2015-04-18 10:07:21.036759', 'close_channel : 2015-04-18 10:07:21.025020')
('2015-04-18 10:07:22.524792', 'put_channel : 2015-04-18 10:07:22.524649 : channel login, group 1')
('2015-04-18 10:07:22.525622', 'get_channel: 2015-04-18 10:07:22.524649 : 1 ')
('2015-04-18 10:07:22.525728', 'fd_channel : login[0] 0 login[1] 0 , tb0[0] 0 tb0[1] 0 , tb1[0] 0 tb1[1] 0')
('2015-04-18 10:07:22.536639', 'close_channel : 2015-04-18 10:07:22.524649')
('2015-04-18 10:07:24.026591', 'put_channel : 2015-04-18 10:07:24.026445 : channel login, group 1')
('2015-04-18 10:07:24.027051', 'get_channel: 2015-04-18 10:07:24.026445 : 1 ')
('2015-04-18 10:07:24.027158', 'fd_channel : login[0] 0 login[1] 0 , tb0[0] 0 tb0[1] 0 , tb1[0] 0 tb1[1] 0')
('2015-04-18 10:07:24.038336', 'close_channel : 2015-04-18 10:07:24.026445')
('2015-04-18 10:07:25.523977', 'put_channel : 2015-04-18 10:07:25.523839 : channel login, group 1')
('2015-04-18 10:07:25.524705', 'get_channel: 2015-04-18 10:07:25.523839 : 1 ')
('2015-04-18 10:07:25.524767', 'fd_channel : login[0] 0 login[1] 0 , tb0[0] 0 tb0[1] 0 , tb1[0] 0 tb1[1] 0')
('2015-04-18 10:07:25.535556', 'close_channel : 2015-04-18 10:07:25.523839')
('2015-04-18 10:32:31.526974', 'put_channel : 2015-04-18 10:32:31.526794 : channel tb0, group 1')
('2015-04-18 10:32:33.024318', 'put_channel : 2015-04-18 10:32:33.024188 : channel tb0, group 1')
('2015-04-18 10:32:34.524825', 'put_channel : 2015-04-18 10:32:34.524682 : channel tb0, group 1')
('2015-04-18 10:32:36.026794', 'put_channel : 2015-04-18 10:32:36.026634 : channel tb0, group 1')
('2015-04-18 10:32:37.525458', 'put_channel : 2015-04-18 10:32:37.525311 : channel tb0, group 1')
('2015-04-18 10:32:39.024723', 'put_channel : 2015-04-18 10:32:39.024570 : channel tb0, group 1')
('2015-04-18 10:32:40.525669', 'put_channel : 2015-04-18 10:32:40.525523 : channel tb0, group 1')
('2015-04-18 10:32:42.024302', 'put_channel : 2015-04-18 10:32:42.024136 : channel tb0, group 1')
('2015-04-18 10:32:43.525099', 'put_channel : 2015-04-18 10:32:43.524938 : channel tb0, group 1')
('2015-04-18 10:32:45.024952', 'put_channel : 2015-04-18 10:32:45.024798 : channel tb0, group 1')
('2015-04-18 10:32:46.524596', 'put_channel : 2015-04-18 10:32:46.524465 : channel tb0, group 1')
('2015-04-18 10:32:48.027475', 'put_channel : 2015-04-18 10:32:48.027314 : channel tb0, group 1')
('2015-04-18 10:32:49.526384', 'put_channel : 2015-04-18 10:32:49.526243 : channel tb0, group 1')
('2015-04-18 10:32:51.025075', 'put_channel : 2015-04-18 10:32:51.024921 : channel tb0, group 1')
('2015-04-18 10:32:52.530254', 'put_channel : 2015-04-18 10:32:52.530117 : channel tb0, group 1')
('2015-04-18 10:32:54.025049', 'put_channel : 2015-04-18 10:32:54.024892 : channel tb0, group 1')
('2015-04-18 10:32:55.525461', 'put_channel : 2015-04-18 10:32:55.525298 : channel tb0, group 1')
('2015-04-18 10:32:57.025213', 'put_channel : 2015-04-18 10:32:57.025076 : channel tb0, group 1')
('2015-04-18 10:32:58.526394', 'put_channel : 2015-04-18 10:32:58.526249 : channel tb0, group 1')
('2015-04-18 10:33:00.025738', 'put_channel : 2015-04-18 10:33:00.025592 : channel tb0, group 1')
('2015-04-18 10:33:01.526300', 'put_channel : 2015-04-18 10:33:01.526167 : channel tb0, group 1')
('2015-04-18 10:33:03.024459', 'put_channel : 2015-04-18 10:33:03.024221 : channel tb0, group 1')
('2015-04-18 10:33:04.525035', 'put_channel : 2015-04-18 10:33:04.524891 : channel tb0, group 1')
('2015-04-18 10:33:06.025783', 'put_channel : 2015-04-18 10:33:06.025644 : channel tb0, group 1')
('2015-04-18 10:33:07.526116', 'put_channel : 2015-04-18 10:33:07.525866 : channel tb0, group 1')
('2015-04-18 10:33:09.024820', 'put_channel : 2015-04-18 10:33:09.024674 : channel tb0, group 1')
('2015-04-18 10:33:10.524326', 'put_channel : 2015-04-18 10:33:10.524177 : channel tb0, group 1')
('2015-04-18 10:33:12.025273', 'put_channel : 2015-04-18 10:33:12.025116 : channel tb0, group 1')
('2015-04-18 10:33:13.526016', 'put_channel : 2015-04-18 10:33:13.525855 : channel tb0, group 1')
('2015-04-18 10:33:15.025457', 'put_channel : 2015-04-18 10:33:15.025301 : channel tb0, group 1')
('2015-04-18 10:33:22.025381', 'put_channel : 2015-04-18 10:33:22.025239 : channel tb0, group 1')
('2015-04-18 10:33:23.524655', 'put_channel : 2015-04-18 10:33:23.524523 : channel tb0, group 1')
('2015-04-18 10:33:26.478895', 'put_channel : 2015-04-18 10:33:26.478722 : channel tb0, group 1')
('2015-04-18 10:33:27.978931', 'put_channel : 2015-04-18 10:33:27.978776 : channel tb0, group 1')
('2015-04-18 10:33:28.025012', 'put_channel : 2015-04-18 10:33:28.024760 : channel tb0, group 1')
('2015-04-18 10:33:30.024992', 'put_channel : 2015-04-18 10:33:30.024842 : channel tb0, group 1')
('2015-04-18 10:33:33.049429', 'put_channel : 2015-04-18 10:33:33.049272 : channel tb0, group 1')
('2015-04-18 10:33:34.025050', 'put_channel : 2015-04-18 10:33:34.024890 : channel tb0, group 1')
('2015-04-18 10:33:37.024366', 'put_channel : 2015-04-18 10:33:37.024209 : channel tb0, group 1')
('2015-04-18 10:33:40.024803', 'put_channel : 2015-04-18 10:33:40.024655 : channel tb0, group 1')
('2015-04-18 10:33:40.526112', 'put_channel : 2015-04-18 10:33:40.525956 : channel tb0, group 1')
('2015-04-18 10:33:40.528770', 'put_channel : 2015-04-18 10:33:40.528659 : channel tb0, group 1')
('2015-04-18 10:33:41.529462', 'put_channel : 2015-04-18 10:33:41.529303 : channel tb0, group 1')
('2015-04-18 10:33:44.401678', 'put_channel : 2015-04-18 10:33:44.401540 : channel tb0, group 1')
('2015-04-18 10:33:44.524427', 'put_channel : 2015-04-18 10:33:44.524303 : channel tb0, group 1')
('2015-04-18 10:33:47.524151', 'put_channel : 2015-04-18 10:33:47.524040 : channel tb0, group 1')
('2015-04-18 10:33:47.608139', 'put_channel : 2015-04-18 10:33:47.608016 : channel tb0, group 1')
('2015-04-18 10:33:50.526844', 'put_channel : 2015-04-18 10:33:50.526708 : channel tb0, group 1')
('2015-04-18 10:33:50.585329', 'put_channel : 2015-04-18 10:33:50.585162 : channel tb0, group 1')
('2015-04-18 10:33:56.524343', 'put_channel : 2015-04-18 10:33:56.524232 : channel tb0, group 1')
('2015-04-18 10:33:57.024217', 'put_channel : 2015-04-18 10:33:57.024074 : channel tb0, group 1')
('2015-04-18 10:33:57.025007', 'put_channel : 2015-04-18 10:33:57.024852 : channel tb0, group 1')
('2015-04-18 10:33:57.050640', 'put_channel : 2015-04-18 10:33:57.050477 : channel tb0, group 1')
('2015-04-18 10:33:58.041751', 'put_channel : 2015-04-18 10:33:58.041638 : channel tb0, group 1')
('2015-04-18 10:33:58.161739', 'put_channel : 2015-04-18 10:33:58.161580 : channel tb0, group 1')
('2015-04-18 10:34:01.024267', 'put_channel : 2015-04-18 10:34:01.024115 : channel tb0, group 1')
('2015-04-18 10:34:02.319638', 'get_channel: 2015-04-18 10:32:31.526794 : 1 ')
('2015-04-18 10:34:02.319727', 'fd_channel : login[0] 0 login[1] 0 , tb0[0] 0 tb0[1] 55 , tb1[0] 0 tb1[1] 0')
('2015-04-18 10:34:02.320786', 'get_channel: 2015-04-18 10:32:33.024188 : 1 ')
('2015-04-18 10:34:02.320836', 'fd_channel : login[0] 0 login[1] 0 , tb0[0] 0 tb0[1] 54 , tb1[0] 0 tb1[1] 0')
('2015-04-18 10:34:02.321619', 'get_channel: 2015-04-18 10:32:34.524682 : 1 ')
('2015-04-18 10:34:02.321666', 'fd_channel : login[0] 0 login[1] 0 , tb0[0] 0 tb0[1] 53 , tb1[0] 0 tb1[1] 0')
('2015-04-18 10:34:02.322517', 'get_channel: 2015-04-18 10:32:36.026634 : 1 ')
('2015-04-18 10:34:02.322575', 'fd_channel : login[0] 0 login[1] 0 , tb0[0] 0 tb0[1] 52 , tb1[0] 0 tb1[1] 0')
('2015-04-18 10:34:02.323320', 'get_channel: 2015-04-18 10:32:37.525311 : 1 ')
('2015-04-18 10:34:02.323391', 'fd_channel : login[0] 0 login[1] 0 , tb0[0] 0 tb0[1] 51 , tb1[0] 0 tb1[1] 0')
('2015-04-18 10:34:02.324772', 'get_channel: 2015-04-18 10:32:39.024570 : 1 ')
('2015-04-18 10:34:02.324856', 'fd_channel : login[0] 0 login[1] 0 , tb0[0] 0 tb0[1] 50 , tb1[0] 0 tb1[1] 0')
('2015-04-18 10:34:02.326326', 'get_channel: 2015-04-18 10:32:40.525523 : 1 ')
('2015-04-18 10:34:02.326407', 'fd_channel : login[0] 0 login[1] 0 , tb0[0] 0 tb0[1] 49 , tb1[0] 0 tb1[1] 0')
('2015-04-18 10:34:02.327804', 'get_channel: 2015-04-18 10:32:42.024136 : 1 ')
('2015-04-18 10:34:02.327893', 'fd_channel : login[0] 0 login[1] 0 , tb0[0] 0 tb0[1] 48 , tb1[0] 0 tb1[1] 0')
('2015-04-18 10:34:04.527127', 'put_channel : 2015-04-18 10:34:04.526936 : channel tb0, group 1')
('2015-04-18 10:34:04.585271', 'put_channel : 2015-04-18 10:34:04.585138 : channel tb0, group 1')
('2015-04-18 10:34:05.396193', 'close_channel : 2015-04-18 10:32:34.524682')
('2015-04-18 10:34:05.396938', 'close_channel : 2015-04-18 10:32:33.024188')
('2015-04-18 10:34:05.397320', 'close_channel : 2015-04-18 10:32:31.526794')
('2015-04-18 10:34:05.397854', 'close_channel : 2015-04-18 10:32:36.026634')
('2015-04-18 10:34:05.403657', 'close_channel : 2015-04-18 10:32:39.024570')
('2015-04-18 10:34:05.404073', 'close_channel : 2015-04-18 10:32:37.525311')
('2015-04-18 10:34:05.464456', 'close_channel : 2015-04-18 10:32:42.024136')
('2015-04-18 10:34:05.465606', 'close_channel : 2015-04-18 10:32:40.525523')
('2015-04-18 10:34:05.538232', 'put_channel : 2015-04-18 10:34:05.538087 : channel tb0, group 1')
('2015-04-18 10:34:09.085937', 'put_channel : 2015-04-18 10:34:09.085821 : channel tb0, group 1')
('2015-04-18 10:34:10.136723', 'get_channel: 2015-04-18 10:32:43.524938 : 1 ')
('2015-04-18 10:34:10.136778', 'fd_channel : login[0] 0 login[1] 0 , tb0[0] 0 tb0[1] 51 , tb1[0] 0 tb1[1] 0')
('2015-04-18 10:34:10.467156', 'get_channel: 2015-04-18 10:32:45.024798 : 1 ')
('2015-04-18 10:34:10.467245', 'fd_channel : login[0] 0 login[1] 0 , tb0[0] 0 tb0[1] 50 , tb1[0] 0 tb1[1] 0')
('2015-04-18 10:34:11.138802', 'get_channel: 2015-04-18 10:32:46.524465 : 1 ')
('2015-04-18 10:34:11.138890', 'fd_channel : login[0] 0 login[1] 0 , tb0[0] 0 tb0[1] 49 , tb1[0] 0 tb1[1] 0')
('2015-04-18 10:34:11.174841', 'get_channel: 2015-04-18 10:32:48.027314 : 1 ')
('2015-04-18 10:34:11.174951', 'fd_channel : login[0] 0 login[1] 0 , tb0[0] 0 tb0[1] 48 , tb1[0] 0 tb1[1] 0')
('2015-04-18 10:34:11.338253', 'get_channel: None ')
('2015-04-18 10:34:11.338357', 'fd_channel : login[0] 0 login[1] 0 , tb0[0] 0 tb0[1] 48 , tb1[0] 0 tb1[1] 0')
('2015-04-18 10:34:11.668831', 'get_channel: None ')
('2015-04-18 10:34:11.668986', 'fd_channel : login[0] 0 login[1] 0 , tb0[0] 0 tb0[1] 48 , tb1[0] 0 tb1[1] 0')
('2015-04-18 10:34:12.139594', 'get_channel: 2015-04-18 10:32:49.526243 : 1 ')
('2015-04-18 10:34:12.139676', 'fd_channel : login[0] 0 login[1] 0 , tb0[0] 0 tb0[1] 47 , tb1[0] 0 tb1[1] 0')
('2015-04-18 10:34:12.340572', 'get_channel: None ')
('2015-04-18 10:34:12.340708', 'fd_channel : login[0] 0 login[1] 0 , tb0[0] 0 tb0[1] 47 , tb1[0] 0 tb1[1] 0')
('2015-04-18 10:34:12.363820', 'get_channel: 2015-04-18 10:32:51.024921 : 1 ')
('2015-04-18 10:34:12.363890', 'fd_channel : login[0] 0 login[1] 0 , tb0[0] 0 tb0[1] 46 , tb1[0] 0 tb1[1] 0')
('2015-04-18 10:34:12.376537', 'get_channel: None ')
('2015-04-18 10:34:12.376616', 'fd_channel : login[0] 0 login[1] 0 , tb0[0] 0 tb0[1] 46 , tb1[0] 0 tb1[1] 0')
('2015-04-18 10:34:12.470282', 'get_channel: 2015-04-18 10:32:52.530117 : 1 ')
('2015-04-18 10:34:12.470413', 'fd_channel : login[0] 0 login[1] 0 , tb0[0] 0 tb0[1] 45 , tb1[0] 0 tb1[1] 0')
('2015-04-18 10:34:13.141902', 'get_channel: 2015-04-18 10:32:54.024892 : 1 ')
('2015-04-18 10:34:13.142028', 'fd_channel : login[0] 0 login[1] 0 , tb0[0] 0 tb0[1] 44 , tb1[0] 0 tb1[1] 0')
('2015-04-18 10:34:13.177322', 'get_channel: 2015-04-18 10:32:55.525298 : 1 ')
('2015-04-18 10:34:13.177401', 'fd_channel : login[0] 0 login[1] 0 , tb0[0] 0 tb0[1] 43 , tb1[0] 0 tb1[1] 0')
('2015-04-18 10:34:13.341527', 'get_channel: None ')
('2015-04-18 10:34:13.341670', 'fd_channel : login[0] 0 login[1] 0 , tb0[0] 0 tb0[1] 43 , tb1[0] 0 tb1[1] 0')
('2015-04-18 10:34:13.565773', 'get_channel: None ')
('2015-04-18 10:34:13.565953', 'fd_channel : login[0] 0 login[1] 0 , tb0[0] 0 tb0[1] 43 , tb1[0] 0 tb1[1] 0')
('2015-04-18 10:34:13.671941', 'get_channel: None ')
('2015-04-18 10:34:13.672077', 'fd_channel : login[0] 0 login[1] 0 , tb0[0] 0 tb0[1] 43 , tb1[0] 0 tb1[1] 0')
('2015-04-18 10:34:14.343697', 'get_channel: None ')
('2015-04-18 10:34:14.343793', 'fd_channel : login[0] 0 login[1] 0 , tb0[0] 0 tb0[1] 43 , tb1[0] 0 tb1[1] 0')
('2015-04-18 10:34:14.366589', 'get_channel: 2015-04-18 10:32:57.025076 : 1 ')
('2015-04-18 10:34:14.366684', 'fd_channel : login[0] 0 login[1] 0 , tb0[0] 0 tb0[1] 42 , tb1[0] 0 tb1[1] 0')
('2015-04-18 10:34:14.379245', 'get_channel: None ')
('2015-04-18 10:34:14.379343', 'fd_channel : login[0] 0 login[1] 0 , tb0[0] 0 tb0[1] 42 , tb1[0] 0 tb1[1] 0')
('2015-04-18 10:34:15.028121', 'put_channel : 2015-04-18 10:34:15.027955 : channel tb0, group 1')
('2015-04-18 10:34:15.222786', 'close_channel : 2015-04-18 10:32:49.526243')
('2015-04-18 10:34:15.462128', 'close_channel : 2015-04-18 10:32:51.024921')
('2015-04-18 10:34:15.550119', 'close_channel : 2015-04-18 10:32:52.530117')
('2015-04-18 10:34:15.568406', 'get_channel: None ')
('2015-04-18 10:34:15.568553', 'fd_channel : login[0] 0 login[1] 0 , tb0[0] 0 tb0[1] 43 , tb1[0] 0 tb1[1] 0')
('2015-04-18 10:34:15.577374', 'get_channel: 2015-04-18 10:32:58.526249 : 1 ')
('2015-04-18 10:34:15.577454', 'fd_channel : login[0] 0 login[1] 0 , tb0[0] 0 tb0[1] 42 , tb1[0] 0 tb1[1] 0')
('2015-04-18 10:34:15.594942', 'close_channel : 2015-04-18 10:32:58.526249')
('2015-04-18 10:34:16.024586', 'put_channel : 2015-04-18 10:34:16.024456 : channel tb0, group 1')
('2015-04-18 10:34:16.041028', 'put_channel : 2015-04-18 10:34:16.040896 : channel tb0, group 1')
('2015-04-18 10:34:16.255380', 'close_channel : 2015-04-18 10:32:55.525298')
('2015-04-18 10:34:16.281305', 'close_channel : 2015-04-18 10:32:54.024892')
('2015-04-18 10:34:16.779060', 'get_channel: None ')
('2015-04-18 10:34:16.779221', 'fd_channel : login[0] 0 login[1] 0 , tb0[0] 0 tb0[1] 44 , tb1[0] 0 tb1[1] 0')
('2015-04-18 10:34:20.528099', 'put_channel : 2015-04-18 10:34:20.527964 : channel tb0, group 1')
('2015-04-18 10:34:20.536281', 'put_channel : 2015-04-18 10:34:20.536136 : channel tb0, group 1')
('2015-04-18 10:34:21.052342', 'get_channel: 2015-04-18 10:33:00.025592 : 1 ')
('2015-04-18 10:34:21.052413', 'fd_channel : login[0] 0 login[1] 0 , tb0[0] 0 tb0[1] 45 , tb1[0] 0 tb1[1] 0')
('2015-04-18 10:34:22.254368', 'get_channel: None ')
('2015-04-18 10:34:22.254525', 'fd_channel : login[0] 0 login[1] 0 , tb0[0] 0 tb0[1] 45 , tb1[0] 0 tb1[1] 0')
('2015-04-18 10:34:23.055388', 'get_channel: 2015-04-18 10:33:01.526167 : 1 ')
('2015-04-18 10:34:23.055462', 'fd_channel : login[0] 0 login[1] 0 , tb0[0] 0 tb0[1] 44 , tb1[0] 0 tb1[1] 0')
('2015-04-18 10:34:24.257417', 'get_channel: None ')
('2015-04-18 10:34:24.257549', 'fd_channel : login[0] 0 login[1] 0 , tb0[0] 0 tb0[1] 44 , tb1[0] 0 tb1[1] 0')
('2015-04-18 10:34:29.411509', 'close_channel : 2015-04-18 10:33:01.526167')
('2015-04-18 10:34:29.525909', 'put_channel : 2015-04-18 10:34:29.525751 : channel tb0, group 1')
('2015-04-18 10:34:29.528587', 'put_channel : 2015-04-18 10:34:29.528485 : channel tb0, group 1')
('2015-04-18 10:34:30.024350', 'put_channel : 2015-04-18 10:34:30.024191 : channel tb0, group 1')
('2015-04-18 10:34:30.029597', 'put_channel : 2015-04-18 10:34:30.029450 : channel tb0, group 1')
('2015-04-18 10:34:31.033067', 'put_channel : 2015-04-18 10:34:31.032907 : channel tb0, group 1')
('2015-04-18 10:34:31.525467', 'put_channel : 2015-04-18 10:34:31.525330 : channel tb0, group 1')
('2015-04-18 10:34:31.544525', 'put_channel : 2015-04-18 10:34:31.544368 : channel tb0, group 1')
('2015-04-18 10:34:31.640776', 'put_channel : 2015-04-18 10:34:31.640624 : channel tb0, group 1')
('2015-04-18 10:34:35.023265', 'get_channel: 2015-04-18 10:33:03.024221 : 1 ')
('2015-04-18 10:34:35.023363', 'fd_channel : login[0] 0 login[1] 0 , tb0[0] 0 tb0[1] 51 , tb1[0] 0 tb1[1] 0')
('2015-04-18 10:34:36.224446', 'get_channel: None ')
('2015-04-18 10:34:36.224539', 'fd_channel : login[0] 0 login[1] 0 , tb0[0] 0 tb0[1] 51 , tb1[0] 0 tb1[1] 0')
('2015-04-18 10:34:37.026022', 'get_channel: 2015-04-18 10:33:04.524891 : 1 ')
('2015-04-18 10:34:37.026111', 'fd_channel : login[0] 0 login[1] 0 , tb0[0] 0 tb0[1] 50 , tb1[0] 0 tb1[1] 0')
('2015-04-18 10:34:38.228050', 'get_channel: None ')
('2015-04-18 10:34:38.228144', 'fd_channel : login[0] 0 login[1] 0 , tb0[0] 0 tb0[1] 50 , tb1[0] 0 tb1[1] 0')
('2015-04-18 10:34:40.021402', 'put_channel : 2015-04-18 10:34:40.021254 : channel tb0, group 1')
('2015-04-18 10:34:40.034780', 'put_channel : 2015-04-18 10:34:40.034623 : channel tb0, group 1')
('2015-04-18 10:34:40.104233', 'close_channel : 2015-04-18 10:33:04.524891')
('2015-04-18 10:34:40.524747', 'put_channel : 2015-04-18 10:34:40.524607 : channel tb0, group 1')
('2015-04-18 10:34:40.527981', 'put_channel : 2015-04-18 10:34:40.527913 : channel tb0, group 1')
('2015-04-18 10:34:40.553356', 'put_channel : 2015-04-18 10:34:40.553198 : channel tb0, group 1')
('2015-04-18 10:34:41.537622', 'put_channel : 2015-04-18 10:34:41.537346 : channel tb0, group 1')
('2015-04-18 10:34:55.640228', 'put_channel : 2015-04-18 10:34:55.640045 : channel tb0, group 1')
('2015-04-18 10:34:57.049771', 'put_channel : 2015-04-18 10:34:57.049606 : channel tb0, group 1')
('2015-04-18 10:34:58.559513', 'put_channel : 2015-04-18 10:34:58.559365 : channel tb0, group 1')
('2015-04-18 10:35:00.058273', 'put_channel : 2015-04-18 10:35:00.058111 : channel tb0, group 1')
('2015-04-18 10:35:02.605669', 'close_channel : 2015-04-18 10:32:45.024798')
('2015-04-18 10:35:03.309458', 'close_channel : 2015-04-18 10:32:46.524465')
('2015-04-18 10:35:03.311853', 'close_channel : 2015-04-18 10:32:48.027314')
('2015-04-18 10:35:06.137011', 'put_channel : 2015-04-18 10:35:06.136814 : channel tb0, group 1')
('2015-04-18 10:35:07.101200', 'put_channel : 2015-04-18 10:35:07.101071 : channel tb0, group 1')
('2015-04-18 10:35:10.680311', 'put_channel : 2015-04-18 10:35:10.680057 : channel tb0, group 1')
('2015-04-18 10:35:13.169828', 'put_channel : 2015-04-18 10:35:13.169673 : channel tb0, group 1')
('2015-04-18 10:35:13.229868', 'close_channel : 2015-04-18 10:33:00.025592')
('2015-04-18 10:35:13.624461', 'put_channel : 2015-04-18 10:35:13.624341 : channel tb0, group 1')
('2015-04-18 10:35:21.175921', 'put_channel : 2015-04-18 10:35:21.175755 : channel tb0, group 1')
('2015-04-18 11:27:42.024170', 'put_channel : 2015-04-18 11:27:42.024045 : channel tb1, group 1')
('2015-04-18 11:27:43.525245', 'put_channel : 2015-04-18 11:27:43.525023 : channel tb1, group 1')
('2015-04-18 11:27:46.024932', 'put_channel : 2015-04-18 11:27:46.024780 : channel tb1, group 1')
('2015-04-18 11:27:46.525577', 'put_channel : 2015-04-18 11:27:46.525412 : channel tb1, group 1')
('2015-04-18 11:27:51.025828', 'put_channel : 2015-04-18 11:27:51.025686 : channel tb1, group 1')
('2015-04-18 11:27:52.525155', 'put_channel : 2015-04-18 11:27:52.525025 : channel tb1, group 1')
('2015-04-18 11:27:56.537716', 'put_channel : 2015-04-18 11:27:56.537552 : channel tb1, group 1')
('2015-04-18 11:27:57.028221', 'put_channel : 2015-04-18 11:27:57.027911 : channel tb1, group 1')
('2015-04-18 11:27:57.028514', 'put_channel : 2015-04-18 11:27:57.028459 : channel tb1, group 1')
('2015-04-18 11:27:59.534723', 'put_channel : 2015-04-18 11:27:59.534593 : channel tb1, group 1')
('2015-04-18 11:28:02.537272', 'put_channel : 2015-04-18 11:28:02.537116 : channel tb1, group 1')
('2015-04-18 11:28:03.053138', 'put_channel : 2015-04-18 11:28:03.052989 : channel tb1, group 1')
('2015-04-18 11:28:06.028998', 'put_channel : 2015-04-18 11:28:06.028812 : channel tb1, group 1')
('2015-04-18 11:28:08.538025', 'put_channel : 2015-04-18 11:28:08.537861 : channel tb1, group 1')
('2015-04-18 11:28:15.048437', 'put_channel : 2015-04-18 11:28:15.048285 : channel tb1, group 1')
('2015-04-18 11:28:18.028589', 'put_channel : 2015-04-18 11:28:18.028425 : channel tb1, group 1')
('2015-04-18 11:28:19.528532', 'put_channel : 2015-04-18 11:28:19.528370 : channel tb1, group 1')
('2015-04-18 11:28:21.028864', 'put_channel : 2015-04-18 11:28:21.028715 : channel tb1, group 1')
('2015-04-18 11:28:22.524026', 'put_channel : 2015-04-18 11:28:22.523898 : channel tb1, group 1')
('2015-04-18 11:28:22.528582', 'put_channel : 2015-04-18 11:28:22.528458 : channel tb1, group 1')
('2015-04-18 11:28:25.030365', 'put_channel : 2015-04-18 11:28:25.030207 : channel tb1, group 1')
('2015-04-18 11:28:25.561755', 'put_channel : 2015-04-18 11:28:25.561613 : channel tb1, group 1')
('2015-04-18 11:28:28.040784', 'put_channel : 2015-04-18 11:28:28.040637 : channel tb1, group 1')
('2015-04-18 11:28:28.531310', 'put_channel : 2015-04-18 11:28:28.531173 : channel tb1, group 1')
('2015-04-18 11:28:29.520981', 'put_channel : 2015-04-18 11:28:29.520840 : channel tb1, group 1')
('2015-04-18 11:28:34.040564', 'put_channel : 2015-04-18 11:28:34.040432 : channel tb1, group 1')
('2015-04-18 11:28:34.073226', 'put_channel : 2015-04-18 11:28:34.073066 : channel tb1, group 1')
('2015-04-18 11:28:35.523055', 'put_channel : 2015-04-18 11:28:35.522906 : channel tb1, group 1')
('2015-04-18 11:28:37.032536', 'put_channel : 2015-04-18 11:28:37.032405 : channel tb1, group 1')
('2015-04-18 11:28:37.523413', 'put_channel : 2015-04-18 11:28:37.523288 : channel tb1, group 1')
('2015-04-18 11:28:40.039954', 'put_channel : 2015-04-18 11:28:40.039824 : channel tb1, group 1')
('2015-04-18 11:28:43.034860', 'put_channel : 2015-04-18 11:28:43.034719 : channel tb1, group 1')
('2015-04-18 11:28:46.553907', 'put_channel : 2015-04-18 11:28:46.553748 : channel tb1, group 1')
('2015-04-18 11:28:49.033147', 'put_channel : 2015-04-18 11:28:49.033014 : channel tb1, group 1')
('2015-04-18 11:28:54.025952', 'put_channel : 2015-04-18 11:28:54.025825 : channel tb1, group 1')
('2015-04-18 11:28:55.033261', 'put_channel : 2015-04-18 11:28:55.033130 : channel tb1, group 1')
('2015-04-18 11:28:55.524621', 'put_channel : 2015-04-18 11:28:55.524482 : channel tb1, group 1')
('2015-04-18 11:28:55.533038', 'put_channel : 2015-04-18 11:28:55.532918 : channel tb1, group 1')
('2015-04-18 11:28:55.544611', 'put_channel : 2015-04-18 11:28:55.544470 : channel tb1, group 1')
('2015-04-18 11:28:58.551958', 'put_channel : 2015-04-18 11:28:58.551819 : channel tb1, group 1')
('2015-04-18 11:29:03.023613', 'put_channel : 2015-04-18 11:29:03.023518 : channel tb1, group 1')
('2015-04-18 11:29:04.523752', 'put_channel : 2015-04-18 11:29:04.523629 : channel tb1, group 1')
('2015-04-18 11:29:04.524616', 'put_channel : 2015-04-18 11:29:04.524572 : channel tb1, group 1')
('2015-04-18 11:29:04.553085', 'put_channel : 2015-04-18 11:29:04.552963 : channel tb1, group 1')
('2015-04-18 11:29:06.024013', 'put_channel : 2015-04-18 11:29:06.023916 : channel tb1, group 1')
('2015-04-18 11:29:10.104252', 'put_channel : 2015-04-18 11:29:10.104110 : channel tb1, group 1')
('2015-04-18 11:29:10.524656', 'put_channel : 2015-04-18 11:29:10.524489 : channel tb1, group 1')
('2015-04-18 11:29:13.025069', 'put_channel : 2015-04-18 11:29:13.024948 : channel tb1, group 1')
('2015-04-18 11:29:13.524649', 'put_channel : 2015-04-18 11:29:13.524531 : channel tb1, group 1')
('2015-04-18 11:29:13.544843', 'put_channel : 2015-04-18 11:29:13.544761 : channel tb1, group 1')
('2015-04-18 11:29:16.025209', 'put_channel : 2015-04-18 11:29:16.025073 : channel tb1, group 1')
('2015-04-18 11:29:18.025797', 'put_channel : 2015-04-18 11:29:18.025647 : channel tb1, group 1')
('2015-04-18 11:29:19.524536', 'put_channel : 2015-04-18 11:29:19.524392 : channel tb1, group 1')
('2015-04-18 11:29:21.025513', 'put_channel : 2015-04-18 11:29:21.025361 : channel tb1, group 1')
('2015-04-18 11:29:29.537015', 'put_channel : 2015-04-18 11:29:29.536869 : channel tb1, group 1')
('2015-04-18 11:29:31.098359', 'put_channel : 2015-04-18 11:29:31.098219 : channel tb1, group 1')
('2015-04-18 11:29:32.537514', 'put_channel : 2015-04-18 11:29:32.537373 : channel tb1, group 1')
('2015-04-18 11:29:35.537053', 'put_channel : 2015-04-18 11:29:35.536947 : channel tb1, group 1')
('2015-04-18 11:29:35.899751', 'close_channel : 2015-04-18 11:27:42.024045')
('2015-04-18 11:29:35.900850', 'close_channel : 2015-04-18 11:27:43.525023')
('2015-04-18 11:29:35.901710', 'get_channel: 2015-04-18 11:27:46.024780 : 1 ')
('2015-04-18 11:29:35.901763', 'fd_channel : login[0] 0 login[1] 0 , tb0[0] 0 tb0[1] 66 , tb1[0] 0 tb1[1] 55')
('2015-04-18 11:29:35.902547', 'get_channel: 2015-04-18 11:27:46.525412 : 1 ')
('2015-04-18 11:29:35.902601', 'fd_channel : login[0] 0 login[1] 0 , tb0[0] 0 tb0[1] 66 , tb1[0] 0 tb1[1] 54')
('2015-04-18 11:29:35.903708', 'get_channel: 2015-04-18 11:27:51.025686 : 1 ')
('2015-04-18 11:29:35.903758', 'fd_channel : login[0] 0 login[1] 0 , tb0[0] 0 tb0[1] 66 , tb1[0] 0 tb1[1] 53')
('2015-04-18 11:29:35.904601', 'get_channel: 2015-04-18 11:27:52.525025 : 1 ')
('2015-04-18 11:29:35.904647', 'fd_channel : login[0] 0 login[1] 0 , tb0[0] 0 tb0[1] 66 , tb1[0] 0 tb1[1] 52')
('2015-04-18 11:29:35.905450', 'get_channel: 2015-04-18 11:27:56.537552 : 1 ')
('2015-04-18 11:29:35.905541', 'fd_channel : login[0] 0 login[1] 0 , tb0[0] 0 tb0[1] 66 , tb1[0] 0 tb1[1] 51')
('2015-04-18 11:29:35.906368', 'get_channel: 2015-04-18 11:27:57.027911 : 1 ')
('2015-04-18 11:29:35.906427', 'fd_channel : login[0] 0 login[1] 0 , tb0[0] 0 tb0[1] 66 , tb1[0] 0 tb1[1] 50')
('2015-04-18 11:29:35.907727', 'get_channel: 2015-04-18 11:27:57.028459 : 1 ')
('2015-04-18 11:29:35.907788', 'fd_channel : login[0] 0 login[1] 0 , tb0[0] 0 tb0[1] 66 , tb1[0] 0 tb1[1] 49')
('2015-04-18 11:29:35.909379', 'get_channel: 2015-04-18 11:27:59.534593 : 1 ')
('2015-04-18 11:29:35.909431', 'fd_channel : login[0] 0 login[1] 0 , tb0[0] 0 tb0[1] 66 , tb1[0] 0 tb1[1] 48')
('2015-04-18 11:29:35.922076', 'close_channel : 2015-04-18 11:27:52.525025')
('2015-04-18 11:29:35.923832', 'close_channel : 2015-04-18 11:27:56.537552')
('2015-04-18 11:29:35.926800', 'close_channel : 2015-04-18 11:27:57.027911')
('2015-04-18 11:29:36.082911', 'get_channel: 2015-04-18 11:28:02.537116 : 1 ')
('2015-04-18 11:29:36.082974', 'fd_channel : login[0] 0 login[1] 0 , tb0[0] 0 tb0[1] 66 , tb1[0] 0 tb1[1] 47')
('2015-04-18 11:29:36.128821', 'close_channel : 2015-04-18 11:27:57.028459')
('2015-04-18 11:29:36.134323', 'close_channel : 2015-04-18 11:27:59.534593')
('2015-04-18 11:29:36.149399', 'get_channel: 2015-04-18 11:28:03.052989 : 1 ')
('2015-04-18 11:29:36.149456', 'fd_channel : login[0] 0 login[1] 0 , tb0[0] 0 tb0[1] 66 , tb1[0] 0 tb1[1] 46')
('2015-04-18 11:29:36.249440', 'get_channel: 2015-04-18 11:28:06.028812 : 1 ')
('2015-04-18 11:29:36.249512', 'fd_channel : login[0] 0 login[1] 0 , tb0[0] 0 tb0[1] 66 , tb1[0] 0 tb1[1] 45')
('2015-04-18 11:29:36.299396', 'get_channel: 2015-04-18 11:28:08.537861 : 1 ')
('2015-04-18 11:29:36.299458', 'fd_channel : login[0] 0 login[1] 0 , tb0[0] 0 tb0[1] 66 , tb1[0] 0 tb1[1] 44')
('2015-04-18 11:29:36.339361', 'get_channel: 2015-04-18 11:28:15.048285 : 1 ')
('2015-04-18 11:29:36.339412', 'fd_channel : login[0] 0 login[1] 0 , tb0[0] 0 tb0[1] 66 , tb1[0] 0 tb1[1] 43')
('2015-04-18 11:29:36.380151', 'close_channel : 2015-04-18 11:28:03.052989')
('2015-04-18 11:29:36.479031', 'close_channel : 2015-04-18 11:28:06.028812')
('2015-04-18 11:29:36.531349', 'close_channel : 2015-04-18 11:27:46.525412')
('2015-04-18 11:29:36.533735', 'close_channel : 2015-04-18 11:27:51.025686')
('2015-04-18 11:29:36.705797', 'get_channel: 2015-04-18 11:28:18.028425 : 1 ')
('2015-04-18 11:29:36.705853', 'fd_channel : login[0] 0 login[1] 0 , tb0[0] 0 tb0[1] 66 , tb1[0] 0 tb1[1] 42')
('2015-04-18 11:29:36.737181', 'close_channel : 2015-04-18 11:28:02.537116')
('2015-04-18 11:29:36.739275', 'close_channel : 2015-04-18 11:28:18.028425')
('2015-04-18 11:29:36.762233', 'get_channel: 2015-04-18 11:28:19.528370 : 1 ')
('2015-04-18 11:29:36.762314', 'fd_channel : login[0] 0 login[1] 0 , tb0[0] 0 tb0[1] 66 , tb1[0] 0 tb1[1] 41')
('2015-04-18 11:29:37.283864', 'get_channel: None ')
('2015-04-18 11:29:37.283956', 'fd_channel : login[0] 0 login[1] 0 , tb0[0] 0 tb0[1] 66 , tb1[0] 0 tb1[1] 41')
('2015-04-18 11:29:37.350531', 'get_channel: None ')
('2015-04-18 11:29:37.350636', 'fd_channel : login[0] 0 login[1] 0 , tb0[0] 0 tb0[1] 66 , tb1[0] 0 tb1[1] 41')
('2015-04-18 11:29:37.369910', 'close_channel : 2015-04-18 11:27:46.024780')
('2015-04-18 11:29:37.450775', 'get_channel: None ')
('2015-04-18 11:29:37.450869', 'fd_channel : login[0] 0 login[1] 0 , tb0[0] 0 tb0[1] 66 , tb1[0] 0 tb1[1] 41')
('2015-04-18 11:29:37.500841', 'get_channel: None ')
('2015-04-18 11:29:37.500929', 'fd_channel : login[0] 0 login[1] 0 , tb0[0] 0 tb0[1] 66 , tb1[0] 0 tb1[1] 41')
('2015-04-18 11:29:37.540839', 'get_channel: None ')
('2015-04-18 11:29:37.540935', 'fd_channel : login[0] 0 login[1] 0 , tb0[0] 0 tb0[1] 66 , tb1[0] 0 tb1[1] 41')
('2015-04-18 11:29:37.667954', 'get_channel: 2015-04-18 11:28:21.028715 : 1 ')
('2015-04-18 11:29:37.668027', 'fd_channel : login[0] 0 login[1] 0 , tb0[0] 0 tb0[1] 66 , tb1[0] 0 tb1[1] 40')
('2015-04-18 11:29:37.782987', 'close_channel : 2015-04-18 11:28:08.537861')
('2015-04-18 11:29:37.823284', 'close_channel : 2015-04-18 11:28:15.048285')
('2015-04-18 11:29:37.903390', 'close_channel : 2015-04-18 11:28:21.028715')
('2015-04-18 11:29:37.907270', 'get_channel: None ')
('2015-04-18 11:29:37.907365', 'fd_channel : login[0] 0 login[1] 0 , tb0[0] 0 tb0[1] 66 , tb1[0] 0 tb1[1] 40')
('2015-04-18 11:29:37.963403', 'get_channel: None ')
('2015-04-18 11:29:37.963495', 'fd_channel : login[0] 0 login[1] 0 , tb0[0] 0 tb0[1] 66 , tb1[0] 0 tb1[1] 40')
('2015-04-18 11:29:38.764174', 'get_channel: 2015-04-18 11:28:22.523898 : 1 ')
('2015-04-18 11:29:38.764254', 'fd_channel : login[0] 0 login[1] 0 , tb0[0] 0 tb0[1] 66 , tb1[0] 0 tb1[1] 39')
('2015-04-18 11:29:38.869388', 'get_channel: None ')
('2015-04-18 11:29:38.869520', 'fd_channel : login[0] 0 login[1] 0 , tb0[0] 0 tb0[1] 66 , tb1[0] 0 tb1[1] 39')
('2015-04-18 11:29:38.992628', 'close_channel : 2015-04-18 11:28:22.523898')
('2015-04-18 11:29:39.965721', 'get_channel: None ')
('2015-04-18 11:29:39.965809', 'fd_channel : login[0] 0 login[1] 0 , tb0[0] 0 tb0[1] 66 , tb1[0] 0 tb1[1] 39')
('2015-04-18 11:29:45.049666', 'put_channel : 2015-04-18 11:29:45.049528 : channel tb1, group 1')
('2015-04-18 11:29:49.529000', 'put_channel : 2015-04-18 11:29:49.528827 : channel tb1, group 1')
('2015-04-18 11:29:50.912265', 'get_channel: 2015-04-18 11:28:22.528458 : 1 ')
('2015-04-18 11:29:50.912367', 'fd_channel : login[0] 0 login[1] 0 , tb0[0] 0 tb0[1] 66 , tb1[0] 0 tb1[1] 40')
('2015-04-18 11:29:50.913366', 'get_channel: 2015-04-18 11:28:25.030207 : 1 ')
('2015-04-18 11:29:50.913422', 'fd_channel : login[0] 0 login[1] 0 , tb0[0] 0 tb0[1] 66 , tb1[0] 0 tb1[1] 39')
('2015-04-18 11:29:50.914399', 'get_channel: 2015-04-18 11:28:25.561613 : 1 ')
('2015-04-18 11:29:50.914486', 'fd_channel : login[0] 0 login[1] 0 , tb0[0] 0 tb0[1] 66 , tb1[0] 0 tb1[1] 38')
('2015-04-18 11:29:50.915553', 'get_channel: 2015-04-18 11:28:28.040637 : 1 ')
('2015-04-18 11:29:50.915604', 'fd_channel : login[0] 0 login[1] 0 , tb0[0] 0 tb0[1] 66 , tb1[0] 0 tb1[1] 37')
('2015-04-18 11:29:50.916424', 'get_channel: 2015-04-18 11:28:28.531173 : 1 ')
('2015-04-18 11:29:50.916483', 'fd_channel : login[0] 0 login[1] 0 , tb0[0] 0 tb0[1] 66 , tb1[0] 0 tb1[1] 36')
('2015-04-18 11:29:50.917408', 'get_channel: 2015-04-18 11:28:29.520840 : 1 ')
('2015-04-18 11:29:50.917457', 'fd_channel : login[0] 0 login[1] 0 , tb0[0] 0 tb0[1] 66 , tb1[0] 0 tb1[1] 35')
('2015-04-18 11:29:50.918188', 'get_channel: 2015-04-18 11:28:34.040432 : 1 ')
('2015-04-18 11:29:50.918238', 'fd_channel : login[0] 0 login[1] 0 , tb0[0] 0 tb0[1] 66 , tb1[0] 0 tb1[1] 34')
('2015-04-18 11:29:50.919442', 'get_channel: 2015-04-18 11:28:34.073066 : 1 ')
('2015-04-18 11:29:50.919492', 'fd_channel : login[0] 0 login[1] 0 , tb0[0] 0 tb0[1] 66 , tb1[0] 0 tb1[1] 33')
('2015-04-18 11:29:50.932517', 'close_channel : 2015-04-18 11:28:29.520840')
('2015-04-18 11:29:50.933280', 'close_channel : 2015-04-18 11:28:34.040432')
('2015-04-18 11:29:51.050276', 'put_channel : 2015-04-18 11:29:51.050115 : channel tb1, group 1')
('2015-04-18 11:29:51.089364', 'get_channel: 2015-04-18 11:28:35.522906 : 1 ')
('2015-04-18 11:29:51.089419', 'fd_channel : login[0] 0 login[1] 0 , tb0[0] 0 tb0[1] 66 , tb1[0] 0 tb1[1] 33')
('2015-04-18 11:29:51.105383', 'get_channel: 2015-04-18 11:28:37.032405 : 1 ')
('2015-04-18 11:29:51.105499', 'fd_channel : login[0] 0 login[1] 0 , tb0[0] 0 tb0[1] 66 , tb1[0] 0 tb1[1] 32')
('2015-04-18 11:29:51.752671', 'close_channel : 2015-04-18 11:28:37.032405')
('2015-04-18 11:29:52.290832', 'get_channel: None ')
('2015-04-18 11:29:52.290941', 'fd_channel : login[0] 0 login[1] 0 , tb0[0] 0 tb0[1] 66 , tb1[0] 0 tb1[1] 32')
('2015-04-18 11:29:52.307007', 'get_channel: None ')
('2015-04-18 11:29:52.307187', 'fd_channel : login[0] 0 login[1] 0 , tb0[0] 0 tb0[1] 66 , tb1[0] 0 tb1[1] 32')
('2015-04-18 11:29:53.091985', 'get_channel: 2015-04-18 11:28:37.523288 : 1 ')
('2015-04-18 11:29:53.092077', 'fd_channel : login[0] 0 login[1] 0 , tb0[0] 0 tb0[1] 66 , tb1[0] 0 tb1[1] 31')
('2015-04-18 11:29:54.293724', 'get_channel: None ')
('2015-04-18 11:29:54.293854', 'fd_channel : login[0] 0 login[1] 0 , tb0[0] 0 tb0[1] 66 , tb1[0] 0 tb1[1] 31')
('2015-04-18 11:29:57.918717', 'get_channel: 2015-04-18 11:28:40.039824 : 1 ')
('2015-04-18 11:29:57.918889', 'fd_channel : login[0] 0 login[1] 0 , tb0[0] 0 tb0[1] 66 , tb1[0] 0 tb1[1] 30')
('2015-04-18 11:29:57.923764', 'get_channel: 2015-04-18 11:28:43.034719 : 1 ')
('2015-04-18 11:29:57.923848', 'fd_channel : login[0] 0 login[1] 0 , tb0[0] 0 tb0[1] 66 , tb1[0] 0 tb1[1] 29')
('2015-04-18 11:29:57.925125', 'get_channel: 2015-04-18 11:28:46.553748 : 1 ')
('2015-04-18 11:29:57.925181', 'fd_channel : login[0] 0 login[1] 0 , tb0[0] 0 tb0[1] 66 , tb1[0] 0 tb1[1] 28')
('2015-04-18 11:29:57.926618', 'get_channel: 2015-04-18 11:28:49.033014 : 1 ')
('2015-04-18 11:29:57.926692', 'fd_channel : login[0] 0 login[1] 0 , tb0[0] 0 tb0[1] 66 , tb1[0] 0 tb1[1] 27')
('2015-04-18 11:29:57.928057', 'get_channel: 2015-04-18 11:28:54.025825 : 1 ')
('2015-04-18 11:29:57.928130', 'fd_channel : login[0] 0 login[1] 0 , tb0[0] 0 tb0[1] 66 , tb1[0] 0 tb1[1] 26')
('2015-04-18 11:29:57.929545', 'get_channel: 2015-04-18 11:28:55.033130 : 1 ')
('2015-04-18 11:29:57.929620', 'fd_channel : login[0] 0 login[1] 0 , tb0[0] 0 tb0[1] 66 , tb1[0] 0 tb1[1] 25')
('2015-04-18 11:29:57.944501', 'close_channel : 2015-04-18 11:28:49.033014')
('2015-04-18 11:29:58.129004', 'get_channel: 2015-04-18 11:28:55.524482 : 1 ')
('2015-04-18 11:29:58.129057', 'fd_channel : login[0] 0 login[1] 0 , tb0[0] 0 tb0[1] 66 , tb1[0] 0 tb1[1] 24')
('2015-04-18 11:29:59.330883', 'get_channel: None ')
('2015-04-18 11:29:59.331031', 'fd_channel : login[0] 0 login[1] 0 , tb0[0] 0 tb0[1] 66 , tb1[0] 0 tb1[1] 24')
('2015-04-18 11:29:59.393358', 'close_channel : 2015-04-18 11:28:43.034719')
('2015-04-18 11:29:59.498705', 'get_channel: 2015-04-18 11:28:55.532918 : 1 ')
('2015-04-18 11:29:59.498763', 'fd_channel : login[0] 0 login[1] 0 , tb0[0] 0 tb0[1] 66 , tb1[0] 0 tb1[1] 23')
('2015-04-18 11:30:00.131728', 'get_channel: 2015-04-18 11:28:55.544470 : 1 ')
('2015-04-18 11:30:00.131811', 'fd_channel : login[0] 0 login[1] 0 , tb0[0] 0 tb0[1] 66 , tb1[0] 0 tb1[1] 22')
('2015-04-18 11:30:00.700865', 'get_channel: None ')
('2015-04-18 11:30:00.701003', 'fd_channel : login[0] 0 login[1] 0 , tb0[0] 0 tb0[1] 66 , tb1[0] 0 tb1[1] 22')
('2015-04-18 11:30:00.766179', 'worker [4] stopping')
('2015-04-18 11:30:01.333574', 'get_channel: None ')
('2015-04-18 11:30:01.333707', 'fd_channel : login[0] 0 login[1] 0 , tb0[0] 0 tb0[1] 66 , tb1[0] 0 tb1[1] 22')
('2015-04-18 11:30:04.922713', 'get_channel: 2015-04-18 11:28:58.551819 : 1 ')
('2015-04-18 11:30:04.922802', 'fd_channel : login[0] 0 login[1] 0 , tb0[0] 0 tb0[1] 66 , tb1[0] 0 tb1[1] 21')
('2015-04-18 11:30:04.927049', 'get_channel: 2015-04-18 11:29:03.023518 : 1 ')
('2015-04-18 11:30:04.927151', 'fd_channel : login[0] 0 login[1] 0 , tb0[0] 0 tb0[1] 66 , tb1[0] 0 tb1[1] 20')
('2015-04-18 11:30:04.931623', 'get_channel: 2015-04-18 11:29:04.523629 : 1 ')
('2015-04-18 11:30:04.931714', 'fd_channel : login[0] 0 login[1] 0 , tb0[0] 0 tb0[1] 66 , tb1[0] 0 tb1[1] 19')
('2015-04-18 11:30:04.933462', 'get_channel: 2015-04-18 11:29:04.524572 : 1 ')
('2015-04-18 11:30:04.933512', 'fd_channel : login[0] 0 login[1] 0 , tb0[0] 0 tb0[1] 66 , tb1[0] 0 tb1[1] 18')
('2015-04-18 11:30:05.150152', 'close_channel : 2015-04-18 11:29:04.524572')
('2015-04-18 11:30:11.072926', 'close_channel : 2015-04-18 11:28:55.033130')
('2015-04-18 11:30:11.277006', 'close_channel : 2015-04-18 11:28:58.551819')
('2015-04-18 11:30:17.422796', 'close_channel : 2015-04-18 11:28:34.073066')
('2015-04-18 11:30:17.424839', 'close_channel : 2015-04-18 11:28:28.040637')
('2015-04-18 11:30:17.820448', 'close_channel : 2015-04-18 11:29:03.023518')
('2015-04-18 11:30:17.822658', 'close_channel : 2015-04-18 11:29:04.523629')
('2015-04-18 11:30:30.105196', 'put_channel : 2015-04-18 11:30:30.105043 : channel tb1, group 1')
('2015-04-18 11:30:37.657708', 'put_channel : 2015-04-18 11:30:37.657574 : channel tb1, group 1')
('2015-04-18 11:30:44.046202', 'close_channel : 2015-04-18 11:28:22.528458')
('2015-04-18 11:30:52.688524', 'close_channel : 2015-04-18 11:28:55.532918')
('2015-04-18 11:30:53.328886', 'close_channel : 2015-04-18 11:28:55.544470')
