('2015-04-18 10:34:11.338406', 'client 52578026 bid 0 fd_price get channel Failed')
('2015-04-18 10:34:11.669079', 'client 52518201 bid 0 fd_price get channel Failed')
('2015-04-18 10:34:12.340778', 'client 52730391 bid 0 fd_price get channel Failed')
('2015-04-18 10:34:12.376661', 'client 52512843 bid 0 fd_price get channel Failed')
('2015-04-18 10:34:13.341750', 'client 52578026 bid 0 fd_price get channel Failed')
('2015-04-18 10:34:13.566050', 'client 52780518 bid 0 fd_price get channel Failed')
('2015-04-18 10:34:13.672153', 'client 52518201 bid 0 fd_price get channel Failed')
('2015-04-18 10:34:14.343839', 'client 52730391 bid 0 fd_price get channel Failed')
('2015-04-18 10:34:14.379399', 'client 52512843 bid 0 fd_price get channel Failed')
('2015-04-18 10:34:15.551581', '\r\n\r\n\r\n\r\n\r\n\r\n\r\n\r\n\r\n\r\n<XML><ERRORCODE>112</ERRORCODE><ERRORSTRING>首次出价时段不能进行修改出价！</ERRORSTRING><ERRORSTRING_EN>Can not modify the bid amount in bid time!</ERRORSTRING_EN></XML>\r\n')
('2015-04-18 10:34:15.551657', "client 52518201 bid 0 fd_price ack error {'errcode': '112', 'errstring': '首次出价时段不能进行修改出价！'}")
('2015-04-18 10:34:15.568631', 'client 52780518 bid 0 fd_price get channel Failed')
('2015-04-18 10:34:16.256858', '\r\n\r\n\r\n\r\n\r\n\r\n\r\n\r\n\r\n\r\n<XML><ERRORCODE>112</ERRORCODE><ERRORSTRING>首次出价时段不能进行修改出价！</ERRORSTRING><ERRORSTRING_EN>Can not modify the bid amount in bid time!</ERRORSTRING_EN></XML>\r\n')
('2015-04-18 10:34:16.256925', "client 52512843 bid 0 fd_price ack error {'errcode': '112', 'errstring': '首次出价时段不能进行修改出价！'}")
('2015-04-18 10:34:16.779300', 'client 52504578 bid 0 fd_price get channel Failed')
('2015-04-18 10:34:22.254611', 'client 52717602 bid 0 fd_price get channel Failed')
('2015-04-18 10:34:24.257606', 'client 52717602 bid 0 fd_price get channel Failed')
('2015-04-18 10:34:36.224588', 'client 52520542 bid 0 fd_price get channel Failed')
('2015-04-18 10:34:38.228193', 'client 52520542 bid 0 fd_price get channel Failed')
('2015-04-18 10:35:02.607623', '\r\n\r\n\r\n\r\n\r\n\r\n\r\n\r\n\r\n\r\n<XML><ERRORCODE>311</ERRORCODE><ERRORSTRING>图像校验码错误！</ERRORSTRING><ERRORSTRING_EN>Image checksum error！</ERRORSTRING_EN></XML>')
('2015-04-18 10:35:02.607684', "client 52518201 bid 0 fd_price ack error {'errcode': '311', 'errstring': '图像校验码错误！'}")
('2015-04-18 10:35:03.310921', '\r\n\r\n\r\n\r\n\r\n\r\n\r\n\r\n\r\n\r\n<XML><ERRORCODE>311</ERRORCODE><ERRORSTRING>图像校验码错误！</ERRORSTRING><ERRORSTRING_EN>Image checksum error！</ERRORSTRING_EN></XML>')
('2015-04-18 10:35:03.310984', "client 52730391 bid 0 fd_price ack error {'errcode': '311', 'errstring': '图像校验码错误！'}")
('2015-04-18 10:35:03.314202', '\r\n\r\n\r\n\r\n\r\n\r\n\r\n\r\n\r\n\r\n<XML><ERRORCODE>311</ERRORCODE><ERRORSTRING>图像校验码错误！</ERRORSTRING><ERRORSTRING_EN>Image checksum error！</ERRORSTRING_EN></XML>')
('2015-04-18 10:35:03.314300', "client 52512843 bid 0 fd_price ack error {'errcode': '311', 'errstring': '图像校验码错误！'}")
('2015-04-18 10:35:13.231223', '\r\n\r\n\r\n\r\n\r\n\r\n\r\n\r\n\r\n\r\n<XML><ERRORCODE>311</ERRORCODE><ERRORSTRING>图像校验码错误！</ERRORSTRING><ERRORSTRING_EN>Image checksum error！</ERRORSTRING_EN></XML>')
('2015-04-18 10:35:13.231286', "client 52717602 bid 0 fd_price ack error {'errcode': '311', 'errstring': '图像校验码错误！'}")
('2015-04-18 11:29:37.284004', 'client 52504578 bid 1 fd_price get channel Failed')
('2015-04-18 11:29:37.350712', 'client 52512843 bid 1 fd_price get channel Failed')
('2015-04-18 11:29:37.450917', 'client 52518201 bid 1 fd_price get channel Failed')
('2015-04-18 11:29:37.501028', 'client 52520542 bid 1 fd_price get channel Failed')
('2015-04-18 11:29:37.540990', 'client 52780518 bid 1 fd_price get channel Failed')
('2015-04-18 11:29:37.907437', 'client 52730391 bid 1 fd_price get channel Failed')
('2015-04-18 11:29:37.963541', 'client 52578026 bid 1 fd_price get channel Failed')
('2015-04-18 11:29:38.869580', 'client 52717602 bid 1 fd_price get channel Failed')
('2015-04-18 11:29:39.965873', 'client 52578026 bid 1 fd_price get channel Failed')
('2015-04-18 11:29:52.290994', 'client 52730391 bid 2 fd_price get channel Failed')
('2015-04-18 11:29:52.307260', 'client 52780518 bid 2 fd_price get channel Failed')
('2015-04-18 11:29:54.293908', 'client 52730391 bid 2 fd_price get channel Failed')
('2015-04-18 11:29:57.917094', 'client 52717602 bid 2 fd_image Timeout')
('2015-04-18 11:29:57.920171', 'client 52518201 bid 2 fd_image Timeout')
('2015-04-18 11:29:57.920985', 'client 52512843 bid 2 fd_image Timeout')
('2015-04-18 11:29:57.921530', 'client 52520542 bid 2 fd_image Timeout')
('2015-04-18 11:29:57.921926', 'client 52504578 bid 2 fd_image Timeout')
('2015-04-18 11:29:57.922282', 'client 52578026 bid 2 fd_image Timeout')
('2015-04-18 11:29:59.331149', 'client 52504578 bid 2 fd_price get channel Failed')
('2015-04-18 11:30:00.701085', 'client 52520542 bid 2 fd_price get channel Failed')
('2015-04-18 11:30:01.333782', 'client 52504578 bid 2 fd_price get channel Failed')
('2015-04-18 11:30:04.921023', 'client 52717602 bid 2 fd_image Timeout')
('2015-04-18 11:30:04.925985', 'client 52512843 bid 2 fd_image Timeout')
('2015-04-18 11:30:04.930190', 'client 52518201 bid 2 fd_image Timeout')
('2015-04-18 11:30:04.932284', 'client 52578026 bid 2 fd_image Timeout')
('2015-04-18 11:30:05.151812', '\r\n\r\n\r\n\r\n\r\n\r\n\r\n\r\n\r\n\r\n\r\n<XML><ERRORCODE>110</ERRORCODE><ERRORSTRING>没有正在举行的拍卖会，请注意拍卖公告！</ERRORSTRING><ERRORSTRING_EN>Auction is not begin!</ERRORSTRING_EN></XML>')
('2015-04-18 11:30:05.151878', "client 52578026 bid 2 fd_image ack error {'status': 200, 'head': 'Connection: close\\nDate: Sat, 18 Apr 2015 03:30:04 GMT\\nServer: Microsoft-IIS/6.0\\nSet-Cookie: JSESSIONID=84D5CA1D83D34F3FE4E3B2E347DAE817; Path=/car\\nContent-Type: text/html;charset=GBK\\nContent-Length: 178\\n\\n', 'body': '\\r\\n\\r\\n\\r\\n\\r\\n\\r\\n\\r\\n\\r\\n\\r\\n\\r\\n\\r\\n\\r\\n<XML><ERRORCODE>110</ERRORCODE><ERRORSTRING>没有正在举行的拍卖会，请注意拍卖公告！</ERRORSTRING><ERRORSTRING_EN>Auction is not begin!</ERRORSTRING_EN></XML>'}")
('2015-04-18 11:30:11.278312', '\r\n\r\n\r\n\r\n\r\n\r\n\r\n\r\n\r\n\r\n\r\n<XML><ERRORCODE>110</ERRORCODE><ERRORSTRING>没有正在举行的拍卖会，请注意拍卖公告！</ERRORSTRING><ERRORSTRING_EN>Auction is not begin!</ERRORSTRING_EN></XML>')
('2015-04-18 11:30:11.278392', "client 52717602 bid 2 fd_image ack error {'status': 200, 'head': 'Connection: close\\nDate: Sat, 18 Apr 2015 03:30:10 GMT\\nServer: Microsoft-IIS/6.0\\nSet-Cookie: JSESSIONID=D8D13D0E71AFA600F10737EA984178C6; Path=/car\\nContent-Type: text/html;charset=GBK\\nContent-Length: 178\\n\\n', 'body': '\\r\\n\\r\\n\\r\\n\\r\\n\\r\\n\\r\\n\\r\\n\\r\\n\\r\\n\\r\\n\\r\\n<XML><ERRORCODE>110</ERRORCODE><ERRORSTRING>没有正在举行的拍卖会，请注意拍卖公告！</ERRORSTRING><ERRORSTRING_EN>Auction is not begin!</ERRORSTRING_EN></XML>'}")
('2015-04-18 11:30:11.928065', 'client 52512843 bid 2 fd_image Timeout')
('2015-04-18 11:30:11.932768', 'client 52518201 bid 2 fd_image Timeout')
('2015-04-18 11:30:52.690153', '\r\n\r\n\r\n\r\n\r\n\r\n\r\n\r\n\r\n\r\n<XML><ERRORCODE>110</ERRORCODE><ERRORSTRING>没有正在举行的拍卖会，请注意拍卖公告！</ERRORSTRING><ERRORSTRING_EN>Auction is not begin!</ERRORSTRING_EN></XML>\r\n')
('2015-04-18 11:30:52.690217', "client 52520542 bid 2 fd_price ack error {'errcode': '110', 'errstring': '没有正在举行的拍卖会，请注意拍卖公告！'}")
('2015-04-18 11:30:53.330590', '\r\n\r\n\r\n\r\n\r\n\r\n\r\n\r\n\r\n\r\n<XML><ERRORCODE>110</ERRORCODE><ERRORSTRING>没有正在举行的拍卖会，请注意拍卖公告！</ERRORSTRING><ERRORSTRING_EN>Auction is not begin!</ERRORSTRING_EN></XML>\r\n')
('2015-04-18 11:30:53.330652', "client 52504578 bid 2 fd_price ack error {'errcode': '110', 'errstring': '没有正在举行的拍卖会，请注意拍卖公告！'}")
