('2015-04-18 10:34:09.672747', 'client 52490266 bid 0 fd_price get channel Failed')
('2015-04-18 10:34:11.663693', 'client 52484890 bid 0 fd_price get channel Failed')
('2015-04-18 10:34:12.709294', 'client 52783335 bid 0 fd_price get channel Failed')
('2015-04-18 10:34:12.813643', 'client 52278722 bid 0 fd_price get channel Failed')
('2015-04-18 10:34:14.813951', 'client 52480495 bid 0 fd_price get channel Failed')
('2015-04-18 10:34:14.815053', 'client 52278722 bid 0 fd_price get channel Failed')
('2015-04-18 10:34:15.050721', 'client 52489320 bid 0 fd_price get channel Failed')
('2015-04-18 10:34:16.563169', 'client 52577827 bid 0 fd_price get channel Failed')
('2015-04-18 10:34:16.815474', 'client 52480495 bid 0 fd_price get channel Failed')
('2015-04-18 10:34:16.854700', 'client 52886334 bid 0 fd_price get channel Failed')
('2015-04-18 10:34:17.052663', 'client 52489320 bid 0 fd_price get channel Failed')
('2015-04-18 10:34:39.579450', '\r\n\r\n\r\n\r\n\r\n\r\n\r\n\r\n\r\n\r\n<XML><ERRORCODE>311</ERRORCODE><ERRORSTRING>图像校验码错误！</ERRORSTRING><ERRORSTRING_EN>Image checksum error！</ERRORSTRING_EN></XML>')
('2015-04-18 10:34:39.579501', "client 52480495 bid 0 fd_price ack error {'errcode': '311', 'errstring': '图像校验码错误！'}")
('2015-04-18 10:35:04.795318', '\r\n\r\n\r\n\r\n\r\n\r\n\r\n\r\n\r\n\r\n<XML><ERRORCODE>311</ERRORCODE><ERRORSTRING>图像校验码错误！</ERRORSTRING><ERRORSTRING_EN>Image checksum error！</ERRORSTRING_EN></XML>')
('2015-04-18 10:35:04.795375', "client 52278722 bid 0 fd_price ack error {'errcode': '311', 'errstring': '图像校验码错误！'}")
('2015-04-18 11:29:42.466189', 'client 52577827 bid 1 fd_price get channel Failed')
('2015-04-18 11:29:42.469345', 'client 52489320 bid 1 fd_price get channel Failed')
('2015-04-18 11:29:42.590607', 'client 52484890 bid 1 fd_price get channel Failed')
('2015-04-18 11:29:42.614963', 'client 52783335 bid 1 fd_price get channel Failed')
('2015-04-18 11:29:42.629001', 'client 52278722 bid 1 fd_price get channel Failed')
('2015-04-18 11:29:43.817994', 'client 52480495 bid 1 fd_price get channel Failed')
('2015-04-18 11:29:43.868858', 'client 52490266 bid 1 fd_price get channel Failed')
('2015-04-18 11:29:44.617165', 'client 52783335 bid 1 fd_price get channel Failed')
('2015-04-18 11:29:45.820232', 'client 52480495 bid 1 fd_price get channel Failed')
('2015-04-18 11:29:48.049453', 'client 52886334 bid 1 fd_image Timeout')
('2015-04-18 11:29:49.638292', 'client 52886334 bid 1 fd_price get channel Failed')
('2015-04-18 11:29:51.639734', 'client 52886334 bid 1 fd_price get channel Failed')
('2015-04-18 11:29:52.526327', 'client 52783335 bid 2 fd_price get channel Failed')
('2015-04-18 11:29:54.528496', 'client 52783335 bid 2 fd_price get channel Failed')
('2015-04-18 11:29:55.964712', 'client 52886334 bid 2 fd_price get channel Failed')
('2015-04-18 11:29:57.966364', 'client 52886334 bid 2 fd_price get channel Failed')
('2015-04-18 11:29:58.017173', 'client 52490266 bid 2 fd_image Timeout')
('2015-04-18 11:29:58.018415', 'client 52484890 bid 2 fd_image Timeout')
('2015-04-18 11:29:58.020358', 'client 52480495 bid 2 fd_image Timeout')
('2015-04-18 11:29:58.020703', 'client 52577827 bid 2 fd_image Timeout')
('2015-04-18 11:29:58.021807', 'client 52278722 bid 2 fd_image Timeout')
('2015-04-18 11:29:58.022754', 'client 52489320 bid 2 fd_image Timeout')
('2015-04-18 11:29:59.570673', 'client 52577827 bid 2 fd_price get channel Failed')
('2015-04-18 11:30:00.088573', 'client 52484890 bid 2 fd_price get channel Failed')
('2015-04-18 11:30:00.802130', 'client 52278722 bid 2 fd_price get channel Failed')
('2015-04-18 11:30:00.906216', '\r\n\r\n\r\n\r\n\r\n\r\n\r\n\r\n\r\n\r\n<XML><ERRORCODE>110</ERRORCODE><ERRORSTRING>没有正在举行的拍卖会，请注意拍卖公告！</ERRORSTRING><ERRORSTRING_EN>Auction is not begin!</ERRORSTRING_EN></XML>\r\n')
('2015-04-18 11:30:00.906263', "client 52484890 bid 2 fd_price ack error {'errcode': '110', 'errstring': '没有正在举行的拍卖会，请注意拍卖公告！'}")
('2015-04-18 11:30:01.099344', '\r\n\r\n\r\n\r\n\r\n\r\n\r\n\r\n\r\n\r\n\r\n<XML><ERRORCODE>110</ERRORCODE><ERRORSTRING>没有正在举行的拍卖会，请注意拍卖公告！</ERRORSTRING><ERRORSTRING_EN>Auction is not begin!</ERRORSTRING_EN></XML>')
('2015-04-18 11:30:01.099400', "client 52489320 bid 2 fd_image ack error {'head': 'Connection: close\\nDate: Sat, 18 Apr 2015 03:30:00 GMT\\nServer: Microsoft-IIS/6.0\\nSet-Cookie: JSESSIONID=F311C35432EE8987AFA54B8D7EF7C249; Path=/car\\nContent-Type: text/html;charset=GBK\\nContent-Length: 178\\n\\n', 'body': '\\r\\n\\r\\n\\r\\n\\r\\n\\r\\n\\r\\n\\r\\n\\r\\n\\r\\n\\r\\n\\r\\n<XML><ERRORCODE>110</ERRORCODE><ERRORSTRING>没有正在举行的拍卖会，请注意拍卖公告！</ERRORSTRING><ERRORSTRING_EN>Auction is not begin!</ERRORSTRING_EN></XML>', 'status': 200}")
('2015-04-18 11:30:01.112952', '\r\n\r\n\r\n\r\n\r\n\r\n\r\n\r\n\r\n\r\n\r\n<XML><ERRORCODE>101</ERRORCODE><ERRORSTRING>您的操作太过频繁，请稍后再试！</ERRORSTRING><ERRORSTRING_EN>Please try again slightly!</ERRORSTRING_EN></XML>')
('2015-04-18 11:30:01.113010', "client 52489320 bid 2 fd_image ack error {'head': 'Connection: close\\nDate: Sat, 18 Apr 2015 03:30:00 GMT\\nServer: Microsoft-IIS/6.0\\nSet-Cookie: JSESSIONID=CDE6612E7EB251D7A876038B68A5E890; Path=/car\\nContent-Type: text/html;charset=GBK\\nContent-Length: 175\\n\\n', 'body': '\\r\\n\\r\\n\\r\\n\\r\\n\\r\\n\\r\\n\\r\\n\\r\\n\\r\\n\\r\\n\\r\\n<XML><ERRORCODE>101</ERRORCODE><ERRORSTRING>您的操作太过频繁，请稍后再试！</ERRORSTRING><ERRORSTRING_EN>Please try again slightly!</ERRORSTRING_EN></XML>', 'status': 200}")
('2015-04-18 11:30:01.580478', '\r\n\r\n\r\n\r\n\r\n\r\n\r\n\r\n\r\n\r\n<XML><ERRORCODE>311</ERRORCODE><ERRORSTRING>图像校验码错误！</ERRORSTRING><ERRORSTRING_EN>Image checksum error！</ERRORSTRING_EN></XML>')
('2015-04-18 11:30:01.580530', "client 52886334 bid 1 fd_price ack error {'errcode': '311', 'errstring': '图像校验码错误！'}")
('2015-04-18 11:30:02.090726', 'client 52484890 bid 2 fd_price get channel Failed')
('2015-04-18 11:30:05.019627', 'client 52490266 bid 2 fd_image Timeout')
('2015-04-18 11:30:05.024093', 'client 52480495 bid 2 fd_image Timeout')
('2015-04-18 11:30:12.021297', 'client 52490266 bid 2 fd_image Timeout')
('2015-04-18 11:30:12.025401', 'client 52480495 bid 2 fd_image Timeout')
('2015-04-18 11:30:16.411104', '\r\n\r\n\r\n\r\n\r\n\r\n\r\n\r\n\r\n\r\n<XML><ERRORCODE>311</ERRORCODE><ERRORSTRING>图像校验码错误！</ERRORSTRING><ERRORSTRING_EN>Image checksum error！</ERRORSTRING_EN></XML>')
('2015-04-18 11:30:16.411158', "client 52886334 bid 1 fd_price ack error {'errcode': '311', 'errstring': '图像校验码错误！'}")
('2015-04-18 11:30:35.803232', '\r\n\r\n\r\n\r\n\r\n\r\n\r\n\r\n\r\n\r\n<XML><ERRORCODE>311</ERRORCODE><ERRORSTRING>图像校验码错误！</ERRORSTRING><ERRORSTRING_EN>Image checksum error！</ERRORSTRING_EN></XML>')
('2015-04-18 11:30:35.803284', "client 52480495 bid 1 fd_price ack error {'errcode': '311', 'errstring': '图像校验码错误！'}")
