('2015-04-18 10:07:15.043492', 'client 52727226 login 陈福生 33072219730321591x')
('2015-04-18 10:07:15.044602', 'client 52510837 login 倪圣洁 310102198905134466')
('2015-04-18 10:07:16.535005', 'client 52709078 login 叶百新 310107197706161215')
('2015-04-18 10:07:16.536826', 'client 52712600 login 徐敏迪 330225198810032161')
('2015-04-18 10:07:18.037699', 'client 52254622 login 刘启磊 411524198405080013')
('2015-04-18 10:07:18.039847', 'client 52841904 login 冷?? 310109198010212026')
('2015-04-18 10:07:19.537357', 'client 52483854 login 周志峰 320421197709076011')
('2015-04-18 10:07:19.538788', 'client 52845986 login 陈洁 310109198905250517')
('2015-04-18 10:34:06.536466', 'client 52841904 bid 0 image CC91632D4036B7F9A879FD03C2527D45 648264 ')
('2015-04-18 10:34:06.760692', 'client 52841904 bid 0 price 75200 冷?? 310109198010212026')
('2015-04-18 10:34:08.334225', 'client 52510837 bid 0 image 126F15FC7F1B4D12959D65524FFD6E0D 354906 ')
('2015-04-18 10:34:08.353515', 'client 52510837 bid 0 price 75200 倪圣洁 310102198905134466')
('2015-04-18 10:34:10.032515', 'client 52483854 bid 0 image 59178D3F6350E77AD5C0019CF92113CC 835362 ')
('2015-04-18 10:34:10.121869', 'client 52727226 bid 0 image DBDE7AD350413B97EF4072D634A85B42 390506 ')
('2015-04-18 10:34:10.932895', 'client 52712600 bid 0 image 98E057C3E1381D5763CA04B6CDB10C1C 808683 ')
('2015-04-18 10:34:11.240543', 'client 52254622 bid 0 image BFD7D59020D054040EBCB458F1745843 164619 ')
('2015-04-18 10:34:11.263392', 'client 52254622 bid 0 price 75200 刘启磊 411524198405080013')
('2015-04-18 10:34:11.508846', 'client 52483854 bid 0 price 75200 周志峰 320421197709076011')
('2015-04-18 10:34:11.778141', 'client 52845986 bid 0 image 258141D22CF2400B64CDA20812C81A63 525493 ')
('2015-04-18 10:34:12.012075', 'client 52845986 bid 0 price 75200 陈洁 310109198905250517')
('2015-04-18 10:34:12.186214', 'client 52709078 bid 0 image 7743CD7BE4EDC984DDEABA035CADE7E8 391926 ')
('2015-04-18 10:34:13.571926', 'client 52727226 bid 0 price 75200 陈福生 33072219730321591x')
('2015-04-18 10:34:13.662535', 'client 52709078 bid 0 price 75200 叶百新 310107197706161215')
('2015-04-18 10:34:44.938687', 'client 52712600 bid 0 price Failed')
('2015-04-18 10:34:44.938829', 'client 52712600 bid 0 failed. Abort.....')
('2015-04-18 10:34:49.470756', 'client 52712600 bid 0 image E800D8A9CAD019591C2E62516166DB61 354848 ')
('2015-04-18 10:35:02.368092', 'client 52712600 bid 0 price 75200 徐敏迪 330225198810032161')
('2015-04-18 11:29:46.219936', 'client 52845986 bid 1 image D8837A97910D8158573B3D511C9048BE 906294 ')
('2015-04-18 11:29:46.308801', 'client 52510837 bid 1 image 3F44B2B5B19E694942DF3BC9D90C7021 606351 ')
('2015-04-18 11:29:46.330165', 'client 52510837 bid 1 price 80600 倪圣洁 310102198905134466')
('2015-04-18 11:29:46.535117', 'client 52727226 bid 1 image B4816174723B1B5E3E1D4FACD1485AE5 461526 ')
('2015-04-18 11:29:47.164511', 'client 52727226 bid 1 price 80600 陈福生 33072219730321591x')
('2015-04-18 11:29:52.225248', 'client 52845986 bid 1 price Failed')
('2015-04-18 11:29:52.225393', 'client 52845986 bid 1 failed. Abort.....')
('2015-04-18 11:29:54.311683', 'client 52727226 bid 2 image 043E23F8DA06CE6E1095735EA9F7BE8D 264946 ')
('2015-04-18 11:29:56.401694', 'client 52483854 bid 1 image 819497BC9CF6C45157CB6F8468E86A55 536482 ')
('2015-04-18 11:29:56.407449', 'client 52712600 bid 1 image B519FEFB2098E48BE31250D658392390 548152 ')
('2015-04-18 11:29:57.913843', 'client 52483854 bid 1 price 80700 周志峰 320421197709076011')
('2015-04-18 11:29:59.835751', 'client 52709078 bid 1 image ECC9F89095AF174E86AF210DFDBDA90D 648250 ')
('2015-04-18 11:30:00.098139', 'client 52483854 bid 2 image 5DA6ADF18B9A08A8E3D9A02CDB9790B3 826394 ')
('2015-04-18 11:30:01.582996', 'client 52841904 bid 1 image Failed')
('2015-04-18 11:30:01.583042', 'client 52841904 bid 1 failed. Abort.....')
('2015-04-18 11:30:02.413028', 'client 52712600 bid 1 price Failed')
('2015-04-18 11:30:02.413179', 'client 52712600 bid 1 failed. Abort.....')
('2015-04-18 11:30:03.838209', 'client 52709078 bid 1 price Failed')
('2015-04-18 11:30:03.838364', 'client 52709078 bid 1 failed. Abort.....')
('2015-04-18 11:30:07.110367', 'client 52254622 bid 1 image Failed')
('2015-04-18 11:30:07.110409', 'client 52254622 bid 1 failed. Abort.....')
('2015-04-18 11:30:08.312805', 'client 52510837 bid 2 image Failed')
('2015-04-18 11:30:08.312859', 'client 52510837 bid 2 failed. Abort.....')
('2015-04-18 11:30:08.341117', 'client 52727226 bid 2 price Failed')
('2015-04-18 11:30:08.341257', 'client 52727226 bid 2 failed. Abort.....')
('2015-04-18 11:30:09.530790', 'client 52845986 bid 2 image Failed')
('2015-04-18 11:30:09.530834', 'client 52845986 bid 2 failed. Abort.....')
('2015-04-18 11:30:11.592577', "client 52841904 bids finished. price : ['75200', None, None] . Quit.....")
('2015-04-18 11:30:12.101306', 'client 52483854 bid 2 price Failed')
('2015-04-18 11:30:12.101492', 'client 52483854 bid 2 failed. Abort.....')
('2015-04-18 11:30:12.423355', "client 52712600 bids finished. price : ['75200', None, None] . Quit.....")
('2015-04-18 11:30:13.848524', "client 52709078 bids finished. price : ['75200', None, None] . Quit.....")
('2015-04-18 11:30:17.120577', "client 52254622 bids finished. price : ['75200', None, None] . Quit.....")
('2015-04-18 11:30:18.322994', "client 52510837 bids finished. price : ['75200', '80600', None] . Quit.....")
('2015-04-18 11:30:18.351387', "client 52727226 bids finished. price : ['75200', '80600', None] . Quit.....")
('2015-04-18 11:30:19.539833', "client 52845986 bids finished. price : ['75200', None, None] . Quit.....")
('2015-04-18 11:30:22.107044', "client 52483854 bids finished. price : ['75200', '80700', None] . Quit.....")
