('2015-04-18 10:34:11.080184', 'client 52750713 bid 0 fd_price get channel Failed')
('2015-04-18 10:34:14.464516', 'client 52890393 bid 0 fd_price get channel Failed')
('2015-04-18 10:34:16.467080', 'client 52890393 bid 0 fd_price get channel Failed')
('2015-04-18 10:34:16.793085', 'client 52536160 bid 0 fd_price get channel Failed')
('2015-04-18 10:34:24.294179', 'client 52462734 bid 0 fd_price get channel Failed')
('2015-04-18 10:34:26.296653', 'client 52462734 bid 0 fd_price get channel Failed')
('2015-04-18 10:34:32.457834', 'client 52763164 bid 0 fd_image Timeout')
('2015-04-18 10:34:32.459264', 'client 52450155 bid 0 fd_image Timeout')
('2015-04-18 10:34:32.459589', 'client 52465810 bid 0 fd_image Timeout')
('2015-04-18 10:34:40.445527', 'client 52450155 bid 0 fd_price get channel Failed')
('2015-04-18 10:35:03.238231', 'client 52763164 bid 0 fd_price get channel Failed')
('2015-04-18 10:35:05.181614', 'client 52465810 bid 0 fd_price get channel Failed')
('2015-04-18 10:35:05.240095', 'client 52763164 bid 0 fd_price get channel Failed')
('2015-04-18 10:35:07.183822', 'client 52465810 bid 0 fd_price get channel Failed')
('2015-04-18 11:29:42.956331', 'client 52450155 bid 1 fd_image Timeout')
('2015-04-18 11:29:49.957726', 'client 52450155 bid 1 fd_image Timeout')
('2015-04-18 11:29:55.354538', 'client 52890393 bid 1 fd_price get channel Failed')
('2015-04-18 11:29:55.355340', 'client 52462734 bid 1 fd_price get channel Failed')
('2015-04-18 11:29:55.355806', 'client 52763164 bid 1 fd_price get channel Failed')
('2015-04-18 11:29:55.356127', 'client 52750713 bid 1 fd_price get channel Failed')
('2015-04-18 11:29:55.357636', 'client 52536160 bid 1 fd_price get channel Failed')
('2015-04-18 11:29:55.360272', 'client 52465810 bid 1 fd_price get channel Failed')
('2015-04-18 11:29:56.958917', 'client 52450155 bid 1 fd_image Timeout')
('2015-04-18 11:29:57.359522', 'client 52890393 bid 1 fd_price get channel Failed')
('2015-04-18 11:29:57.362303', 'client 52763164 bid 1 fd_price get channel Failed')
('2015-04-18 11:29:57.362890', 'client 52465810 bid 1 fd_price get channel Failed')
('2015-04-18 11:29:58.960730', 'client 52536160 bid 2 fd_price get channel Failed')
('2015-04-18 11:30:00.378339', '\r\n\r\n\r\n\r\n\r\n\r\n\r\n\r\n\r\n\r\n\r\n<XML><ERRORCODE>110</ERRORCODE><ERRORSTRING>没有正在举行的拍卖会，请注意拍卖公告！</ERRORSTRING><ERRORSTRING_EN>Auction is not begin!</ERRORSTRING_EN></XML>')
('2015-04-18 11:30:00.378404', "client 52763164 bid 2 fd_image ack error {'status': 200, 'head': 'Connection: close\\nDate: Sat, 18 Apr 2015 03:29:59 GMT\\nServer: Microsoft-IIS/6.0\\nSet-Cookie: JSESSIONID=2814E029108C03902CEA0B879AB2F5F9; Path=/car\\nContent-Type: text/html;charset=GBK\\nContent-Length: 178\\n\\n', 'body': '\\r\\n\\r\\n\\r\\n\\r\\n\\r\\n\\r\\n\\r\\n\\r\\n\\r\\n\\r\\n\\r\\n<XML><ERRORCODE>110</ERRORCODE><ERRORSTRING>没有正在举行的拍卖会，请注意拍卖公告！</ERRORSTRING><ERRORSTRING_EN>Auction is not begin!</ERRORSTRING_EN></XML>'}")
('2015-04-18 11:30:00.963351', 'client 52536160 bid 2 fd_price get channel Failed')
('2015-04-18 11:30:03.332646', 'client 52462734 bid 2 fd_image Timeout')
('2015-04-18 11:30:03.960844', 'client 52450155 bid 2 fd_image Timeout')
('2015-04-18 11:30:04.187491', 'client 52750713 bid 2 fd_image Timeout')
('2015-04-18 11:30:04.777017', '\r\n\r\n\r\n\r\n\r\n\r\n\r\n\r\n\r\n\r\n\r\n<XML><ERRORCODE>110</ERRORCODE><ERRORSTRING>没有正在举行的拍卖会，请注意拍卖公告！</ERRORSTRING><ERRORSTRING_EN>Auction is not begin!</ERRORSTRING_EN></XML>')
('2015-04-18 11:30:04.777081', "client 52462734 bid 2 fd_image ack error {'status': 200, 'head': 'Connection: close\\nDate: Sat, 18 Apr 2015 03:30:03 GMT\\nServer: Microsoft-IIS/6.0\\nSet-Cookie: JSESSIONID=25F84E7B0277E785C26206A04ACAC031; Path=/car\\nContent-Type: text/html;charset=GBK\\nContent-Length: 178\\n\\n', 'body': '\\r\\n\\r\\n\\r\\n\\r\\n\\r\\n\\r\\n\\r\\n\\r\\n\\r\\n\\r\\n\\r\\n<XML><ERRORCODE>110</ERRORCODE><ERRORSTRING>没有正在举行的拍卖会，请注意拍卖公告！</ERRORSTRING><ERRORSTRING_EN>Auction is not begin!</ERRORSTRING_EN></XML>'}")
('2015-04-18 11:30:05.592262', '\r\n\r\n\r\n\r\n\r\n\r\n\r\n\r\n\r\n\r\n\r\n<XML><ERRORCODE>110</ERRORCODE><ERRORSTRING>没有正在举行的拍卖会，请注意拍卖公告！</ERRORSTRING><ERRORSTRING_EN>Auction is not begin!</ERRORSTRING_EN></XML>')
('2015-04-18 11:30:05.592326', "client 52465810 bid 2 fd_image ack error {'status': 200, 'head': 'Connection: close\\nDate: Sat, 18 Apr 2015 03:30:04 GMT\\nServer: Microsoft-IIS/6.0\\nSet-Cookie: JSESSIONID=524A889C58C2C21C71B24D99A472E8B2; Path=/car\\nContent-Type: text/html;charset=GBK\\nContent-Length: 178\\n\\n', 'body': '\\r\\n\\r\\n\\r\\n\\r\\n\\r\\n\\r\\n\\r\\n\\r\\n\\r\\n\\r\\n\\r\\n<XML><ERRORCODE>110</ERRORCODE><ERRORSTRING>没有正在举行的拍卖会，请注意拍卖公告！</ERRORSTRING><ERRORSTRING_EN>Auction is not begin!</ERRORSTRING_EN></XML>'}")
('2015-04-18 11:30:07.113525', '\r\n\r\n\r\n\r\n\r\n\r\n\r\n\r\n\r\n\r\n\r\n<XML><ERRORCODE>110</ERRORCODE><ERRORSTRING>没有正在举行的拍卖会，请注意拍卖公告！</ERRORSTRING><ERRORSTRING_EN>Auction is not begin!</ERRORSTRING_EN></XML>')
('2015-04-18 11:30:07.113591', "client 52890393 bid 2 fd_image ack error {'status': 200, 'head': 'Connection: close\\nDate: Sat, 18 Apr 2015 03:30:06 GMT\\nServer: Microsoft-IIS/6.0\\nSet-Cookie: JSESSIONID=7FBE328E8FE3F94E79BD0A96222B216D; Path=/car\\nContent-Type: text/html;charset=GBK\\nContent-Length: 178\\n\\n', 'body': '\\r\\n\\r\\n\\r\\n\\r\\n\\r\\n\\r\\n\\r\\n\\r\\n\\r\\n\\r\\n\\r\\n<XML><ERRORCODE>110</ERRORCODE><ERRORSTRING>没有正在举行的拍卖会，请注意拍卖公告！</ERRORSTRING><ERRORSTRING_EN>Auction is not begin!</ERRORSTRING_EN></XML>'}")
('2015-04-18 11:30:07.748094', '\r\n\r\n\r\n\r\n\r\n\r\n\r\n\r\n\r\n\r\n\r\n<XML><ERRORCODE>110</ERRORCODE><ERRORSTRING>没有正在举行的拍卖会，请注意拍卖公告！</ERRORSTRING><ERRORSTRING_EN>Auction is not begin!</ERRORSTRING_EN></XML>')
('2015-04-18 11:30:07.748161', "client 52462734 bid 2 fd_image ack error {'status': 200, 'head': 'Connection: close\\nDate: Sat, 18 Apr 2015 03:30:06 GMT\\nServer: Microsoft-IIS/6.0\\nSet-Cookie: JSESSIONID=771CBA4149CE35D4F3CA7333A86F6747; Path=/car\\nContent-Type: text/html;charset=GBK\\nContent-Length: 178\\n\\n', 'body': '\\r\\n\\r\\n\\r\\n\\r\\n\\r\\n\\r\\n\\r\\n\\r\\n\\r\\n\\r\\n\\r\\n<XML><ERRORCODE>110</ERRORCODE><ERRORSTRING>没有正在举行的拍卖会，请注意拍卖公告！</ERRORSTRING><ERRORSTRING_EN>Auction is not begin!</ERRORSTRING_EN></XML>'}")
('2015-04-18 11:30:08.051109', '\r\n\r\n\r\n\r\n\r\n\r\n\r\n\r\n\r\n\r\n\r\n<XML><ERRORCODE>101</ERRORCODE><ERRORSTRING>您的操作太过频繁，请稍后再试！</ERRORSTRING><ERRORSTRING_EN>Please try again slightly!</ERRORSTRING_EN></XML>')
('2015-04-18 11:30:08.051176', "client 52890393 bid 2 fd_image ack error {'status': 200, 'head': 'Connection: close\\nDate: Sat, 18 Apr 2015 03:30:07 GMT\\nServer: Microsoft-IIS/6.0\\nSet-Cookie: JSESSIONID=442463DB632D428D51F118F06DF79AFC; Path=/car\\nContent-Type: text/html;charset=GBK\\nContent-Length: 175\\n\\n', 'body': '\\r\\n\\r\\n\\r\\n\\r\\n\\r\\n\\r\\n\\r\\n\\r\\n\\r\\n\\r\\n\\r\\n<XML><ERRORCODE>101</ERRORCODE><ERRORSTRING>您的操作太过频繁，请稍后再试！</ERRORSTRING><ERRORSTRING_EN>Please try again slightly!</ERRORSTRING_EN></XML>'}")
('2015-04-18 11:30:09.032379', '\r\n\r\n\r\n\r\n\r\n\r\n\r\n\r\n\r\n\r\n\r\n<XML><ERRORCODE>110</ERRORCODE><ERRORSTRING>没有正在举行的拍卖会，请注意拍卖公告！</ERRORSTRING><ERRORSTRING_EN>Auction is not begin!</ERRORSTRING_EN></XML>')
('2015-04-18 11:30:09.032444', "client 52465810 bid 2 fd_image ack error {'status': 200, 'head': 'Connection: close\\nDate: Sat, 18 Apr 2015 03:30:08 GMT\\nServer: Microsoft-IIS/6.0\\nSet-Cookie: JSESSIONID=1A0FBC005DC73595D599BD2C5D9A1E42; Path=/car\\nContent-Type: text/html;charset=GBK\\nContent-Length: 178\\n\\n', 'body': '\\r\\n\\r\\n\\r\\n\\r\\n\\r\\n\\r\\n\\r\\n\\r\\n\\r\\n\\r\\n\\r\\n<XML><ERRORCODE>110</ERRORCODE><ERRORSTRING>没有正在举行的拍卖会，请注意拍卖公告！</ERRORSTRING><ERRORSTRING_EN>Auction is not begin!</ERRORSTRING_EN></XML>'}")
('2015-04-18 11:30:10.167371', 'client 52763164 bid 2 fd_image Timeout')
('2015-04-18 11:30:10.962120', 'client 52450155 bid 2 fd_image Timeout')
('2015-04-18 11:30:11.190001', 'client 52750713 bid 2 fd_image Timeout')
('2015-04-18 11:30:11.390386', '\r\n\r\n\r\n\r\n\r\n\r\n\r\n\r\n\r\n\r\n\r\n<XML><ERRORCODE>110</ERRORCODE><ERRORSTRING>没有正在举行的拍卖会，请注意拍卖公告！</ERRORSTRING><ERRORSTRING_EN>Auction is not begin!</ERRORSTRING_EN></XML>')
('2015-04-18 11:30:11.390490', "client 52763164 bid 2 fd_image ack error {'status': 200, 'head': 'Connection: close\\nDate: Sat, 18 Apr 2015 03:30:10 GMT\\nServer: Microsoft-IIS/6.0\\nSet-Cookie: JSESSIONID=A37127A10B7BB7C6AAB1AFAD7C28C3E7; Path=/car\\nContent-Type: text/html;charset=GBK\\nContent-Length: 178\\n\\n', 'body': '\\r\\n\\r\\n\\r\\n\\r\\n\\r\\n\\r\\n\\r\\n\\r\\n\\r\\n\\r\\n\\r\\n<XML><ERRORCODE>110</ERRORCODE><ERRORSTRING>没有正在举行的拍卖会，请注意拍卖公告！</ERRORSTRING><ERRORSTRING_EN>Auction is not begin!</ERRORSTRING_EN></XML>'}")
('2015-04-18 11:30:11.782708', '\r\n\r\n\r\n\r\n\r\n\r\n\r\n\r\n\r\n\r\n\r\n<XML><ERRORCODE>110</ERRORCODE><ERRORSTRING>没有正在举行的拍卖会，请注意拍卖公告！</ERRORSTRING><ERRORSTRING_EN>Auction is not begin!</ERRORSTRING_EN></XML>')
('2015-04-18 11:30:11.782826', "client 52450155 bid 2 fd_image ack error {'status': 200, 'head': 'Connection: close\\nDate: Sat, 18 Apr 2015 03:30:10 GMT\\nServer: Microsoft-IIS/6.0\\nSet-Cookie: JSESSIONID=29359B728A934F0DEA9CA708211E3538; Path=/car\\nContent-Type: text/html;charset=GBK\\nContent-Length: 178\\n\\n', 'body': '\\r\\n\\r\\n\\r\\n\\r\\n\\r\\n\\r\\n\\r\\n\\r\\n\\r\\n\\r\\n\\r\\n<XML><ERRORCODE>110</ERRORCODE><ERRORSTRING>没有正在举行的拍卖会，请注意拍卖公告！</ERRORSTRING><ERRORSTRING_EN>Auction is not begin!</ERRORSTRING_EN></XML>'}")
('2015-04-18 11:30:12.632179', '\r\n\r\n\r\n\r\n\r\n\r\n\r\n\r\n\r\n\r\n\r\n<XML><ERRORCODE>110</ERRORCODE><ERRORSTRING>没有正在举行的拍卖会，请注意拍卖公告！</ERRORSTRING><ERRORSTRING_EN>Auction is not begin!</ERRORSTRING_EN></XML>')
('2015-04-18 11:30:12.632245', "client 52750713 bid 2 fd_image ack error {'status': 200, 'head': 'Connection: close\\nDate: Sat, 18 Apr 2015 03:30:11 GMT\\nServer: Microsoft-IIS/6.0\\nSet-Cookie: JSESSIONID=25B3EFD9609CB14B9C99CCE21411D77E; Path=/car\\nContent-Type: text/html;charset=GBK\\nContent-Length: 178\\n\\n', 'body': '\\r\\n\\r\\n\\r\\n\\r\\n\\r\\n\\r\\n\\r\\n\\r\\n\\r\\n\\r\\n\\r\\n<XML><ERRORCODE>110</ERRORCODE><ERRORSTRING>没有正在举行的拍卖会，请注意拍卖公告！</ERRORSTRING><ERRORSTRING_EN>Auction is not begin!</ERRORSTRING_EN></XML>'}")
('2015-04-18 11:30:16.033519', 'client 52465810 bid 2 fd_image Timeout')
('2015-04-18 11:30:17.419972', 'client 52890393 bid 2 fd_image Timeout')
('2015-04-18 11:30:47.370692', '\r\n\r\n\r\n\r\n\r\n\r\n\r\n\r\n\r\n\r\n<XML><ERRORCODE>110</ERRORCODE><ERRORSTRING>没有正在举行的拍卖会，请注意拍卖公告！</ERRORSTRING><ERRORSTRING_EN>Auction is not begin!</ERRORSTRING_EN></XML>\r\n')
('2015-04-18 11:30:47.370749', "client 52763164 bid 1 fd_price ack error {'errcode': '110', 'errstring': '没有正在举行的拍卖会，请注意拍卖公告！'}")
('2015-04-18 11:30:47.372024', '\r\n\r\n\r\n\r\n\r\n\r\n\r\n\r\n\r\n\r\n<XML><ERRORCODE>110</ERRORCODE><ERRORSTRING>没有正在举行的拍卖会，请注意拍卖公告！</ERRORSTRING><ERRORSTRING_EN>Auction is not begin!</ERRORSTRING_EN></XML>\r\n')
('2015-04-18 11:30:47.372078', "client 52890393 bid 1 fd_price ack error {'errcode': '110', 'errstring': '没有正在举行的拍卖会，请注意拍卖公告！'}")
