('2015-02-07 10:01:36.016860', 'client 52558776 login 傅琪琦 330224197802060049')
('2015-02-07 10:01:36.073464', 'client 52520123 login 魏东娅 342423198007240027')
('2015-02-07 10:01:37.514251', 'client 52515150 login 陈倩倩 360425198510206146')
('2015-02-07 10:01:37.574732', 'client 52793476 login 赵旭东 330204198312011059')
('2015-02-07 10:01:39.011952', 'client 52563288 login 翁晓隽 31010719760310121x')
('2015-02-07 10:01:39.076922', 'client 52773672 login 杨天娇 310104197009192869')
('2015-02-07 10:01:40.514450', 'client 52717559 login 叶海蓉 310105199203304065')
('2015-02-07 10:01:40.578565', 'client 52475943 login 朱继周 320402197801083418')
('2015-02-07 10:01:42.012555', 'client 52538590 login 范文钦 352202198202150050')
('2015-02-07 10:34:12.156973', 'client 52773672 bid 0 image ED58F242C9D58E50A6E3E0F86D3734C6 506062 ')
('2015-02-07 10:34:12.191276', 'client 52773672 bid 0 price 73700 杨天娇 310104197009192869')
('2015-02-07 10:34:12.770869', 'client 52558776 bid 0 image 565B1E5FE1DDECC7677937A4E70A29E1 638480 ')
('2015-02-07 10:34:12.785813', 'client 52558776 bid 0 price 73700 傅琪琦 330224197802060049')
('2015-02-07 10:34:16.354295', 'client 52563288 bid 0 image 8EB142C2788CDC16807B604518AFA5DE 281829 ')
('2015-02-07 10:34:16.369194', 'client 52563288 bid 0 price 73700 翁晓隽 31010719760310121x')
('2015-02-07 10:34:16.593441', 'client 52793476 bid 0 image 099A4C6FC398437153EB1FC53DA32E76 845451 ')
('2015-02-07 10:34:50.598170', 'client 52793476 bid 0 price Failed')
('2015-02-07 10:34:50.598295', 'client 52793476 bid 0 failed. Abort.....')
('2015-02-07 10:35:12.580713', 'client 52520123 bid 0 image DB248E735E537E4210B8AD7BA45B8F22 806481 ')
('2015-02-07 10:35:12.777081', 'client 52538590 bid 0 image 0EA60A8862429E278C39272FF72441CB 638284 ')
('2015-02-07 10:35:13.740652', 'client 52475943 bid 0 image B9D785D457B918643AFD141859D08DE9 361526 ')
('2015-02-07 10:35:14.378512', 'client 52793476 bid 0 image 0AE7F5E26BA91259A156268E1929D68B 616454 ')
('2015-02-07 10:35:21.127538', 'client 52538590 bid 0 price 73700 范文钦 352202198202150050')
('2015-02-07 10:35:32.467739', 'client 52717559 bid 0 image Failed')
('2015-02-07 10:35:32.467777', 'client 52717559 bid 0 failed. Abort.....')
('2015-02-07 10:35:32.468167', 'client 52515150 bid 0 image Failed')
('2015-02-07 10:35:32.468198', 'client 52515150 bid 0 failed. Abort.....')
('2015-02-07 10:35:41.702862', 'client 52475943 bid 0 price 73700 朱继周 320402197801083418')
('2015-02-07 10:35:42.344541', 'client 52793476 bid 0 price 73700 赵旭东 330204198312011059')
('2015-02-07 10:35:42.815135', 'client 52717559 bid 0 image B5870B73BD8C9EF77589552CBB922FBB 645484 ')
('2015-02-07 10:35:42.831053', 'client 52717559 bid 0 price 73700 叶海蓉 310105199203304065')
('2015-02-07 10:35:46.584633', 'client 52520123 bid 0 price Failed')
('2015-02-07 10:35:46.584730', 'client 52520123 bid 0 failed. Abort.....')
('2015-02-07 10:36:02.452592', 'client 52515150 bid 0 image B612598E1167BCF7F49FE0003DA73BC2 350919 ')
('2015-02-07 10:36:02.471813', 'client 52515150 bid 0 price 73700 陈倩倩 360425198510206146')
('2015-02-07 10:36:07.291862', 'client 52520123 bid 0 image 6F2F70A2C2470D3D254CEC415D5613FC 161921 ')
('2015-02-07 10:36:41.295755', 'client 52520123 bid 0 price Failed')
('2015-02-07 10:36:41.295876', 'client 52520123 bid 0 failed. Abort.....')
('2015-02-07 10:37:10.500720', 'client 52520123 bid 0 image 64356131E937E74643102B2D916FF56D 164839 ')
('2015-02-07 10:37:44.505977', 'client 52520123 bid 0 price Failed')
('2015-02-07 10:37:44.506088', 'client 52520123 bid 0 failed. Abort.....')
('2015-02-07 10:37:53.580635', 'client 52520123 bid 0 image 4F39FE6A0946495603CC045289F1DA81 464605 ')
('2015-02-07 10:37:53.595828', 'client 52520123 bid 0 price 73700 魏东娅 342423198007240027')
('2015-02-07 11:29:36.028410', 'client 52520123 bid 1 image 4C9452095B34BAB6C1FBA2CEB5624AE5 451918 ')
('2015-02-07 11:29:36.070843', 'client 52563288 bid 1 image 80AEA6BB4BC343D264BAF39F8046E670 282636 ')
('2015-02-07 11:29:36.171908', 'client 52558776 bid 1 image E7B8869309ADC700CBD2E664E90ED40D 152636 ')
('2015-02-07 11:29:36.220829', 'client 52538590 bid 1 image C482303F688C1D1B7C2AF79728D685C4 161935 ')
('2015-02-07 11:29:36.263515', 'client 52793476 bid 1 image 307DA7B86524EACA8D8661097E0584EA 505164 ')
('2015-02-07 11:29:37.495643', 'client 52515150 bid 1 image 7D036F26B7FA08C9E2542B66557CD042 826451 ')
('2015-02-07 11:29:44.499305', 'client 52717559 bid 1 image 21E7F25C7A5FF74FE1D011B81D92765B 815360 ')
('2015-02-07 11:29:44.571521', 'client 52475943 bid 1 image B237B454A598CA7C3867D06C379D25F2 462526 ')
('2015-02-07 11:29:44.574406', 'client 52773672 bid 1 image 2FAE167326811794A181AE4B4F0F4351 261809 ')
('2015-02-07 11:29:56.002308', 'client 52558776 bid 1 cancel')
('2015-02-07 11:29:56.002409', 'client 52558776 bid 1 price Failed')
('2015-02-07 11:29:56.002445', 'client 52558776 bid 1 failed. Abort.....')
('2015-02-07 11:29:56.002796', 'client 52520123 bid 1 cancel')
('2015-02-07 11:29:56.002846', 'client 52520123 bid 1 price Failed')
('2015-02-07 11:29:56.002880', 'client 52520123 bid 1 failed. Abort.....')
('2015-02-07 11:29:56.003130', 'client 52538590 bid 1 cancel')
('2015-02-07 11:29:56.003170', 'client 52538590 bid 1 price Failed')
('2015-02-07 11:29:56.003199', 'client 52538590 bid 1 failed. Abort.....')
('2015-02-07 11:29:56.003463', 'client 52793476 bid 1 cancel')
('2015-02-07 11:29:56.003509', 'client 52793476 bid 1 price Failed')
('2015-02-07 11:29:56.003538', 'client 52793476 bid 1 failed. Abort.....')
('2015-02-07 11:29:56.004363', 'client 52773672 bid 1 cancel')
('2015-02-07 11:29:56.004402', 'client 52773672 bid 1 price Failed')
('2015-02-07 11:29:56.004430', 'client 52773672 bid 1 failed. Abort.....')
('2015-02-07 11:29:56.005191', 'client 52717559 bid 1 cancel')
('2015-02-07 11:29:56.005251', 'client 52717559 bid 1 price Failed')
('2015-02-07 11:29:56.005288', 'client 52717559 bid 1 failed. Abort.....')
('2015-02-07 11:29:56.006738', 'client 52475943 bid 1 cancel')
('2015-02-07 11:29:56.006778', 'client 52475943 bid 1 price Failed')
('2015-02-07 11:29:56.006807', 'client 52475943 bid 1 failed. Abort.....')
('2015-02-07 11:29:56.007690', 'client 52515150 bid 1 cancel')
('2015-02-07 11:29:56.007730', 'client 52515150 bid 1 price Failed')
('2015-02-07 11:29:56.007758', 'client 52515150 bid 1 failed. Abort.....')
('2015-02-07 11:29:56.008807', 'client 52563288 bid 1 cancel')
('2015-02-07 11:29:56.008847', 'client 52563288 bid 1 price Failed')
('2015-02-07 11:29:56.008875', 'client 52563288 bid 1 failed. Abort.....')
('2015-02-07 11:29:56.083382', 'client 52773672 bid 2 image 9948D34AA5430AA9EE7F53E32AB1253E 452516 ')
('2015-02-07 11:29:56.128829', 'client 52793476 bid 2 image 796C995F58649F06A5A383F02482D6D7 646290 ')
('2015-02-07 11:29:56.223953', 'client 52717559 bid 2 image 7E5980A92B67CCA06D2344E62B83F83D 635060 ')
('2015-02-07 11:29:56.279742', 'client 52773672 bid 2 price 76700 杨天娇 310104197009192869')
('2015-02-07 11:29:56.461280', 'client 52717559 bid 2 price 76700 叶海蓉 310105199203304065')
('2015-02-07 11:29:57.533690', 'client 52520123 bid 2 image 6D4D41B4E57918866D78ADE85F03D648 060638 ')
('2015-02-07 11:29:57.556189', 'client 52520123 bid 2 price 76700 魏东娅 342423198007240027')
('2015-02-07 11:29:57.573672', 'client 52558776 bid 2 image 7153FA5AED7EB736ECED035233099A55 546280 ')
('2015-02-07 11:29:57.613034', 'client 52558776 bid 2 price 76700 傅琪琦 330224197802060049')
('2015-02-07 11:29:57.680414', 'client 52538590 bid 2 image 3BF4F673A3E3A49923114777C65A03F6 918384 ')
('2015-02-07 11:29:57.906662', 'client 52538590 bid 2 price 76700 范文钦 352202198202150050')
('2015-02-07 11:30:06.289915', "client 52773672 bids finished. price : ['73700', None, '76700'] . Quit.....")
('2015-02-07 11:30:06.471561', "client 52717559 bids finished. price : ['73700', None, '76700'] . Quit.....")
('2015-02-07 11:30:07.566359', "client 52520123 bids finished. price : ['73700', None, '76700'] . Quit.....")
('2015-02-07 11:30:07.623204', "client 52558776 bids finished. price : ['73700', None, '76700'] . Quit.....")
('2015-02-07 11:30:07.916847', "client 52538590 bids finished. price : ['73700', None, '76700'] . Quit.....")
('2015-02-07 11:30:09.361680', 'client 52475943 bid 2 image Failed')
('2015-02-07 11:30:09.361717', 'client 52475943 bid 2 failed. Abort.....')
('2015-02-07 11:30:10.184334', 'client 52793476 bid 2 price Failed')
('2015-02-07 11:30:10.184435', 'client 52793476 bid 2 failed. Abort.....')
('2015-02-07 11:30:12.359069', 'client 52515150 bid 2 image Failed')
('2015-02-07 11:30:12.359104', 'client 52515150 bid 2 failed. Abort.....')
('2015-02-07 11:30:12.360645', 'client 52563288 bid 2 image Failed')
('2015-02-07 11:30:12.360677', 'client 52563288 bid 2 failed. Abort.....')
('2015-02-07 11:30:19.371870', "client 52475943 bids finished. price : ['73700', None, None] . Quit.....")
('2015-02-07 11:30:20.194565', "client 52793476 bids finished. price : ['73700', None, None] . Quit.....")
('2015-02-07 11:30:22.369261', "client 52515150 bids finished. price : ['73700', None, None] . Quit.....")
('2015-02-07 11:30:22.369527', "client 52563288 bids finished. price : ['73700', None, None] . Quit.....")
