('2015-02-07 10:01:37.529336', 'client 52533628 login 袁凌 310110198403043281')
('2015-02-07 10:01:37.748339', 'client 52489320 login 黄星辉 310107198907013416')
('2015-02-07 10:01:39.016372', 'client 52463414 login 吴军 310104197310282054')
('2015-02-07 10:01:39.250800', 'client 52516780 login 顾治宇 310102198412133617')
('2015-02-07 10:01:40.516066', 'client 52584946 login 刘丽萍 310115198607220448')
('2015-02-07 10:01:40.754998', 'client 52495222 login 陈云昊 310104196609090474')
('2015-02-07 10:01:42.015363', 'client 52493651 login 赵婕 310108198411163329')
('2015-02-07 10:01:42.255684', 'client 52472272 login 徐霖翔 310110198702091013')
('2015-02-07 10:01:43.516450', 'client 52311228 login 冯益 310104198608230825')
('2015-02-07 10:34:36.399727', 'client 52584946 bid 0 image F5BAC06415D7BD16818F44400F11356A 619492 ')
('2015-02-07 10:34:36.847279', 'client 52493651 bid 0 image CECF961800B9CA229996053A7B7BC0EE 945364 ')
('2015-02-07 10:34:39.031069', 'client 52584946 bid 0 price 73700 刘丽萍 310115198607220448')
('2015-02-07 10:34:39.070661', 'client 52493651 bid 0 price 73700 赵婕 310108198411163329')
('2015-02-07 10:34:43.180488', 'client 52533628 bid 0 image 616DDF1FE48FFE5EB1C9AEB848B0DF54 606062 ')
('2015-02-07 10:34:45.203883', 'client 52533628 bid 0 price 73700 袁凌 310110198403043281')
('2015-02-07 10:34:47.283412', 'client 52489320 bid 0 image A74B0EF43B3D29C02EE052A6EADDC248 051916 ')
('2015-02-07 10:34:47.296834', 'client 52489320 bid 0 price 73700 黄星辉 310107198907013416')
('2015-02-07 10:35:06.143515', 'client 52472272 bid 0 image BDCFCE459AECF87C6724AA046A82D50D 294846 ')
('2015-02-07 10:35:11.238671', 'client 52472272 bid 0 price 73700 徐霖翔 310110198702091013')
('2015-02-07 10:35:11.625938', 'client 52495222 bid 0 image A692CAD1C7B331998CF5D1B1D87BC2B7 936062 ')
('2015-02-07 10:35:11.647515', 'client 52495222 bid 0 price 73700 陈云昊 310104196609090474')
('2015-02-07 10:35:12.400174', 'client 52516780 bid 0 image 9F0AA70C03BB4CC4391EE657393AEC44 383635 ')
('2015-02-07 10:35:12.417224', 'client 52516780 bid 0 price 73700 顾治宇 310102198412133617')
('2015-02-07 10:35:12.952990', 'client 52463414 bid 0 image 3CBFEF8C9A67272EF1E90694DFC6B6FE 352949 ')
('2015-02-07 10:35:12.967140', 'client 52463414 bid 0 price 73700 吴军 310104197310282054')
('2015-02-07 10:35:27.733777', 'client 52311228 bid 0 image 98EDC0CDFF8B7AE11C4E0F50113A8DAE 483626 ')
('2015-02-07 10:35:27.752837', 'client 52311228 bid 0 price 73700 冯益 310104198608230825')
('2015-02-07 11:29:35.835351', 'client 52493651 bid 1 image BDE30ECA91E4B3BCA12BB06340736C8D 926284 ')
('2015-02-07 11:29:36.107336', 'client 52463414 bid 1 image 62B360C9AC1C00C54950C6B625D77542 462526 ')
('2015-02-07 11:29:36.435888', 'client 52472272 bid 1 image 5F2A98DB0A2E86290F72801E24A94757 946490 ')
('2015-02-07 11:29:36.438470', 'client 52489320 bid 1 image BFDC08A4EA7727103920B8E77D4F2B44 452646 ')
('2015-02-07 11:29:36.443281', 'client 52533628 bid 1 image 03B71D232A0CEBD3E31CBFB16F804867 351529 ')
('2015-02-07 11:29:36.452757', 'client 52311228 bid 1 image 90F9A51529C37F943824FA8AD8BBAA68 364645 ')
('2015-02-07 11:29:37.238589', 'client 52584946 bid 1 image 7C18909274D7FCA51BB8885CD330F5E8 154526 ')
('2015-02-07 11:29:37.363406', 'client 52516780 bid 1 image 510CF85CC3DDE1A8519CD2CBA92FB388 635060 ')
('2015-02-07 11:29:44.369600', 'client 52495222 bid 1 image 71B31C1A41457F149E878D8DAFDA2B04 635060 ')
('2015-02-07 11:29:55.699509', 'client 52493651 bid 1 cancel')
('2015-02-07 11:29:55.699617', 'client 52493651 bid 1 price Failed')
('2015-02-07 11:29:55.699658', 'client 52493651 bid 1 failed. Abort.....')
('2015-02-07 11:29:55.700084', 'client 52463414 bid 1 cancel')
('2015-02-07 11:29:55.700133', 'client 52463414 bid 1 price Failed')
('2015-02-07 11:29:55.700168', 'client 52463414 bid 1 failed. Abort.....')
('2015-02-07 11:29:55.700460', 'client 52472272 bid 1 cancel')
('2015-02-07 11:29:55.700508', 'client 52472272 bid 1 price Failed')
('2015-02-07 11:29:55.700542', 'client 52472272 bid 1 failed. Abort.....')
('2015-02-07 11:29:55.701669', 'client 52489320 bid 1 cancel')
('2015-02-07 11:29:55.701735', 'client 52489320 bid 1 price Failed')
('2015-02-07 11:29:55.701778', 'client 52489320 bid 1 failed. Abort.....')
('2015-02-07 11:29:55.702098', 'client 52533628 bid 1 cancel')
('2015-02-07 11:29:55.702148', 'client 52533628 bid 1 price Failed')
('2015-02-07 11:29:55.702182', 'client 52533628 bid 1 failed. Abort.....')
('2015-02-07 11:29:55.703091', 'client 52516780 bid 1 cancel')
('2015-02-07 11:29:55.703154', 'client 52516780 bid 1 price Failed')
('2015-02-07 11:29:55.703189', 'client 52516780 bid 1 failed. Abort.....')
('2015-02-07 11:29:55.704699', 'client 52584946 bid 1 cancel')
('2015-02-07 11:29:55.704787', 'client 52584946 bid 1 price Failed')
('2015-02-07 11:29:55.704824', 'client 52584946 bid 1 failed. Abort.....')
('2015-02-07 11:29:55.705908', 'client 52311228 bid 1 cancel')
('2015-02-07 11:29:55.705980', 'client 52311228 bid 1 price Failed')
('2015-02-07 11:29:55.706018', 'client 52311228 bid 1 failed. Abort.....')
('2015-02-07 11:29:55.708466', 'client 52495222 bid 1 cancel')
('2015-02-07 11:29:55.708532', 'client 52495222 bid 1 price Failed')
('2015-02-07 11:29:55.708567', 'client 52495222 bid 1 failed. Abort.....')
('2015-02-07 11:29:55.881191', 'client 52495222 bid 2 image 0D5E9314399D2944BDF569EC7DF8701C 153645 ')
('2015-02-07 11:29:55.900459', 'client 52533628 bid 2 image 1BE7332F7EF69011FCACBF404B081B95 849092 ')
('2015-02-07 11:29:56.322004', 'client 52495222 bid 2 price 76700 陈云昊 310104196609090474')
('2015-02-07 11:29:57.468552', 'client 52533628 bid 2 price 76700 袁凌 310110198403043281')
('2015-02-07 11:30:05.719932', 'client 52463414 bid 2 image Failed')
('2015-02-07 11:30:05.719980', 'client 52463414 bid 2 failed. Abort.....')
('2015-02-07 11:30:05.721603', 'client 52311228 bid 2 image Failed')
('2015-02-07 11:30:05.721650', 'client 52311228 bid 2 failed. Abort.....')
('2015-02-07 11:30:06.332225', "client 52495222 bids finished. price : ['73700', None, '76700'] . Quit.....")
('2015-02-07 11:30:07.478871', "client 52533628 bids finished. price : ['73700', None, '76700'] . Quit.....")
('2015-02-07 11:30:07.597527', 'client 52584946 bid 2 image Failed')
('2015-02-07 11:30:07.597589', 'client 52584946 bid 2 failed. Abort.....')
('2015-02-07 11:30:09.919824', 'client 52472272 bid 2 image Failed')
('2015-02-07 11:30:09.919872', 'client 52472272 bid 2 failed. Abort.....')
('2015-02-07 11:30:10.331378', 'client 52516780 bid 2 image Failed')
('2015-02-07 11:30:10.331425', 'client 52516780 bid 2 failed. Abort.....')
('2015-02-07 11:30:12.055599', 'client 52493651 bid 2 image Failed')
('2015-02-07 11:30:12.055698', 'client 52493651 bid 2 failed. Abort.....')
('2015-02-07 11:30:12.121503', 'client 52489320 bid 2 image Failed')
('2015-02-07 11:30:12.121625', 'client 52489320 bid 2 failed. Abort.....')
('2015-02-07 11:30:15.730130', "client 52463414 bids finished. price : ['73700', None, None] . Quit.....")
('2015-02-07 11:30:15.730442', "client 52311228 bids finished. price : ['73700', None, None] . Quit.....")
('2015-02-07 11:30:17.607750', "client 52584946 bids finished. price : ['73700', None, None] . Quit.....")
('2015-02-07 11:30:19.930082', "client 52472272 bids finished. price : ['73700', None, None] . Quit.....")
('2015-02-07 11:30:20.341591', "client 52516780 bids finished. price : ['73700', None, None] . Quit.....")
('2015-02-07 11:30:22.064891', "client 52493651 bids finished. price : ['73700', None, None] . Quit.....")
('2015-02-07 11:30:22.131843', "client 52489320 bids finished. price : ['73700', None, None] . Quit.....")
