('2015-02-07 10:34:16.135546', '\r\n\r\n\r\n\r\n\r\n\r\n\r\n\r\n\r\n\r\n<XML><ERRORCODE>311</ERRORCODE><ERRORSTRING>图像校验码错误！</ERRORSTRING><ERRORSTRING_EN>Image checksum error！</ERRORSTRING_EN></XML>')
('2015-02-07 10:34:16.135598', "client 52726096 bid 0 fd_price ack error {'errstring': '图像校验码错误！', 'errcode': '311'}")
('2015-02-07 10:34:16.209496', '\r\n\r\n\r\n\r\n\r\n\r\n\r\n\r\n\r\n\r\n<XML><ERRORCODE>311</ERRORCODE><ERRORSTRING>图像校验码错误！</ERRORSTRING><ERRORSTRING_EN>Image checksum error！</ERRORSTRING_EN></XML>')
('2015-02-07 10:34:16.209578', "client 52537272 bid 0 fd_price ack error {'errstring': '图像校验码错误！', 'errcode': '311'}")
('2015-02-07 10:34:29.583233', '\r\n\r\n\r\n\r\n\r\n\r\n\r\n\r\n\r\n\r\n<XML><ERRORCODE>311</ERRORCODE><ERRORSTRING>图像校验码错误！</ERRORSTRING><ERRORSTRING_EN>Image checksum error！</ERRORSTRING_EN></XML>')
('2015-02-07 10:34:29.583284', "client 52458609 bid 0 fd_price ack error {'errstring': '图像校验码错误！', 'errcode': '311'}")
('2015-02-07 10:34:31.833510', 'client 52490401 bid 0 fd_image Timeout')
('2015-02-07 10:34:31.836772', 'client 52733050 bid 0 fd_image Timeout')
('2015-02-07 10:34:31.838390', 'client 52770696 bid 0 fd_image Timeout')
('2015-02-07 10:35:00.895443', '\r\n\r\n\r\n\r\n\r\n\r\n\r\n\r\n\r\n\r\n<XML><ERRORCODE>311</ERRORCODE><ERRORSTRING>图像校验码错误！</ERRORSTRING><ERRORSTRING_EN>Image checksum error！</ERRORSTRING_EN></XML>')
('2015-02-07 10:35:00.895507', "client 52765322 bid 0 fd_price ack error {'errstring': '图像校验码错误！', 'errcode': '311'}")
('2015-02-07 10:35:01.136525', '\r\n\r\n\r\n\r\n\r\n\r\n\r\n\r\n\r\n\r\n<XML><ERRORCODE>311</ERRORCODE><ERRORSTRING>图像校验码错误！</ERRORSTRING><ERRORSTRING_EN>Image checksum error！</ERRORSTRING_EN></XML>')
('2015-02-07 10:35:01.136593', "client 52733050 bid 0 fd_price ack error {'errstring': '图像校验码错误！', 'errcode': '311'}")
('2015-02-07 10:35:01.840336', 'client 52770696 bid 0 fd_image Timeout')
('2015-02-07 10:35:03.007457', '\r\n\r\n\r\n\r\n\r\n\r\n\r\n\r\n\r\n\r\n<XML><ERRORCODE>311</ERRORCODE><ERRORSTRING>图像校验码错误！</ERRORSTRING><ERRORSTRING_EN>Image checksum error！</ERRORSTRING_EN></XML>')
('2015-02-07 10:35:03.007511', "client 52433607 bid 0 fd_price ack error {'errstring': '图像校验码错误！', 'errcode': '311'}")
('2015-02-07 10:35:03.466574', '\r\n\r\n\r\n\r\n\r\n\r\n\r\n\r\n\r\n\r\n<XML><ERRORCODE>311</ERRORCODE><ERRORSTRING>图像校验码错误！</ERRORSTRING><ERRORSTRING_EN>Image checksum error！</ERRORSTRING_EN></XML>')
('2015-02-07 10:35:03.466625', "client 52468115 bid 0 fd_price ack error {'errstring': '图像校验码错误！', 'errcode': '311'}")
('2015-02-07 10:35:12.770002', 'client 52765322 bid 0 fd_image Timeout')
('2015-02-07 10:35:31.842309', 'client 52770696 bid 0 fd_image Timeout')
('2015-02-07 10:35:42.771311', 'client 52765322 bid 0 fd_image Timeout')
('2015-02-07 10:36:01.734406', '\r\n\r\n\r\n\r\n\r\n\r\n\r\n\r\n\r\n\r\n<XML><ERRORCODE>311</ERRORCODE><ERRORSTRING>图像校验码错误！</ERRORSTRING><ERRORSTRING_EN>Image checksum error！</ERRORSTRING_EN></XML>')
('2015-02-07 10:36:01.734454', "client 52770696 bid 0 fd_price ack error {'errstring': '图像校验码错误！', 'errcode': '311'}")
('2015-02-07 10:36:12.773970', 'client 52765322 bid 0 fd_image Timeout')
('2015-02-07 10:36:39.387549', 'client 52490401 bid 0 fd_price info channel error')
('2015-02-07 10:36:39.513849', '\r\n\r\n\r\n\r\n\r\n\r\n\r\n\r\n\r\n\r\n<XML><ERRORCODE>311</ERRORCODE><ERRORSTRING>图像校验码错误！</ERRORSTRING><ERRORSTRING_EN>Image checksum error！</ERRORSTRING_EN></XML>')
('2015-02-07 10:36:39.513953', "client 52490401 bid 0 fd_price ack error {'errstring': '图像校验码错误！', 'errcode': '311'}")
('2015-02-07 10:37:01.729284', '\r\n\r\n\r\n\r\n\r\n\r\n\r\n\r\n\r\n\r\n<XML><ERRORCODE>311</ERRORCODE><ERRORSTRING>图像校验码错误！</ERRORSTRING><ERRORSTRING_EN>Image checksum error！</ERRORSTRING_EN></XML>')
('2015-02-07 10:37:01.729358', "client 52765322 bid 0 fd_price ack error {'errstring': '图像校验码错误！', 'errcode': '311'}")
('2015-02-07 10:37:01.730689', '\r\n\r\n\r\n\r\n\r\n\r\n\r\n\r\n\r\n\r\n<XML><ERRORCODE>112</ERRORCODE><ERRORSTRING>首次出价时段不能进行修改出价！</ERRORSTRING><ERRORSTRING_EN>Can not modify the bid amount in bid time!</ERRORSTRING_EN></XML>\r\n')
('2015-02-07 10:37:01.730739', "client 52765322 bid 0 fd_price ack error {'errstring': '首次出价时段不能进行修改出价！', 'errcode': '112'}")
('2015-02-07 10:37:21.406503', 'client 52765322 bid 0 fd_image info channel error')
('2015-02-07 10:37:38.267757', 'client 52765322 bid 0 fd_price info channel error')
('2015-02-07 10:37:38.387779', '\r\n\r\n\r\n\r\n\r\n\r\n\r\n\r\n\r\n\r\n<XML><ERRORCODE>311</ERRORCODE><ERRORSTRING>图像校验码错误！</ERRORSTRING><ERRORSTRING_EN>Image checksum error！</ERRORSTRING_EN></XML>')
('2015-02-07 10:37:38.387827', "client 52765322 bid 0 fd_price ack error {'errstring': '图像校验码错误！', 'errcode': '311'}")
('2015-02-07 10:38:01.307851', 'client 52770696 bid 0 fd_image info channel error')
('2015-02-07 10:38:12.059660', 'client 52765322 bid 0 fd_image info channel error')
('2015-02-07 10:38:22.043673', 'client 52490401 bid 0 fd_price info channel error')
('2015-02-07 10:38:22.161131', '\r\n\r\n\r\n\r\n\r\n\r\n\r\n\r\n\r\n\r\n<XML><ERRORCODE>311</ERRORCODE><ERRORSTRING>图像校验码错误！</ERRORSTRING><ERRORSTRING_EN>Image checksum error！</ERRORSTRING_EN></XML>')
('2015-02-07 10:38:22.161260', "client 52490401 bid 0 fd_price ack error {'errstring': '图像校验码错误！', 'errcode': '311'}")
('2015-02-07 10:38:31.260471', 'client 52770696 bid 0 fd_image info channel error')
('2015-02-07 10:39:31.420588', 'client 52490401 bid 0 fd_image info channel error')
('2015-02-07 10:39:31.420660', 'client 52770696 bid 0 fd_image info channel error')
('2015-02-07 10:39:31.420718', 'client 52733050 bid 0 fd_image info channel error')
('2015-02-07 11:29:42.836867', 'client 52733050 bid 1 fd_image Timeout')
('2015-02-07 11:29:42.839805', 'client 52458609 bid 1 fd_image Timeout')
('2015-02-07 11:29:59.645465', '\r\n\r\n\r\n\r\n\r\n\r\n\r\n\r\n\r\n\r\n<XML><ERRORCODE>110</ERRORCODE><ERRORSTRING>没有正在举行的拍卖会，请注意拍卖公告！</ERRORSTRING><ERRORSTRING_EN>Auction is not begin!</ERRORSTRING_EN></XML>\r\n')
('2015-02-07 11:29:59.645658', "client 52537272 bid 2 fd_price ack error {'errstring': '没有正在举行的拍卖会，请注意拍卖公告！', 'errcode': '110'}")
('2015-02-07 11:30:22.593900', '\r\n\r\n\r\n\r\n\r\n\r\n\r\n\r\n\r\n\r\n<XML><ERRORCODE>311</ERRORCODE><ERRORSTRING>图像校验码错误！</ERRORSTRING><ERRORSTRING_EN>Image checksum error！</ERRORSTRING_EN></XML>')
('2015-02-07 11:30:22.593985', "client 52726096 bid 2 fd_price ack error {'errstring': '图像校验码错误！', 'errcode': '311'}")
