('2015-01-17 10:34:22.990064', 'client 52500740 bid 0 fd_image Timeout')
('2015-01-17 10:34:22.991576', 'client 52517067 bid 0 fd_image Timeout')
('2015-01-17 10:34:22.991872', 'client 52528638 bid 0 fd_image Timeout')
('2015-01-17 10:34:22.992142', 'client 52546115 bid 0 fd_image Timeout')
('2015-01-17 10:34:22.992472', 'client 52466731 bid 0 fd_image Timeout')
('2015-01-17 10:34:22.993574', 'client 52799363 bid 0 fd_image Timeout')
('2015-01-17 10:34:22.994611', 'client 52751814 bid 0 fd_image Timeout')
('2015-01-17 10:34:22.996115', 'client 52550541 bid 0 fd_image Timeout')
('2015-01-17 10:34:22.997814', 'client 52447278 bid 0 fd_image Timeout')
('2015-01-17 10:34:42.991746', 'client 52500740 bid 0 fd_image Timeout')
('2015-01-17 10:34:42.993950', 'client 52528638 bid 0 fd_image Timeout')
('2015-01-17 10:34:42.995229', 'client 52546115 bid 0 fd_image Timeout')
('2015-01-17 10:34:42.996555', 'client 52517067 bid 0 fd_image Timeout')
('2015-01-17 10:34:42.998174', 'client 52751814 bid 0 fd_image Timeout')
('2015-01-17 10:34:42.999353', 'client 52466731 bid 0 fd_image Timeout')
('2015-01-17 10:34:42.999659', 'client 52550541 bid 0 fd_image Timeout')
('2015-01-17 10:34:43.000589', 'client 52447278 bid 0 fd_image Timeout')
('2015-01-17 10:34:43.000878', 'client 52799363 bid 0 fd_image Timeout')
('2015-01-17 10:35:02.993464', 'client 52500740 bid 0 fd_image Timeout')
('2015-01-17 10:35:02.996355', 'client 52528638 bid 0 fd_image Timeout')
('2015-01-17 10:35:02.997341', 'client 52546115 bid 0 fd_image Timeout')
('2015-01-17 10:35:02.997821', 'client 52517067 bid 0 fd_image Timeout')
('2015-01-17 10:35:03.000024', 'client 52751814 bid 0 fd_image Timeout')
('2015-01-17 10:35:03.001757', 'client 52466731 bid 0 fd_image Timeout')
('2015-01-17 10:35:03.003256', 'client 52447278 bid 0 fd_image Timeout')
('2015-01-17 10:35:03.004541', 'client 52799363 bid 0 fd_image Timeout')
('2015-01-17 10:35:03.006272', 'client 52550541 bid 0 fd_image Timeout')
('2015-01-17 10:35:08.481047', '\r\n\r\n\r\n\r\n\r\n\r\n\r\n\r\n\r\n\r\n<XML><ERRORCODE>311</ERRORCODE><ERRORSTRING>图像校验码错误！</ERRORSTRING><ERRORSTRING_EN>Image checksum error！</ERRORSTRING_EN></XML>')
('2015-01-17 10:35:08.481095', "client 52550541 bid 0 fd_price ack error {'errstring': '图像校验码错误！', 'errcode': '311'}")
('2015-01-17 10:35:08.741234', 'client 52528638 bid 0 fd_price get channel Failed')
('2015-01-17 10:35:09.669441', 'client 52550541 bid 0 fd_price get channel Failed')
('2015-01-17 10:35:10.609188', 'client 52546115 bid 0 fd_price get channel Failed')
('2015-01-17 10:35:10.765477', '\r\n\r\n\r\n\r\n\r\n\r\n\r\n\r\n\r\n\r\n<XML><ERRORCODE>311</ERRORCODE><ERRORSTRING>图像校验码错误！</ERRORSTRING><ERRORSTRING_EN>Image checksum error！</ERRORSTRING_EN></XML>')
('2015-01-17 10:35:10.765528', "client 52799363 bid 0 fd_price ack error {'errstring': '图像校验码错误！', 'errcode': '311'}")
('2015-01-17 10:35:11.628544', '\r\n\r\n\r\n\r\n\r\n\r\n\r\n\r\n\r\n\r\n<XML><ERRORCODE>311</ERRORCODE><ERRORSTRING>图像校验码错误！</ERRORSTRING><ERRORSTRING_EN>Image checksum error！</ERRORSTRING_EN></XML>')
('2015-01-17 10:35:11.628611', "client 52751814 bid 0 fd_price ack error {'errstring': '图像校验码错误！', 'errcode': '311'}")
('2015-01-17 10:35:11.670846', 'client 52550541 bid 0 fd_price get channel Failed')
('2015-01-17 10:35:11.861729', '\r\n\r\n\r\n\r\n\r\n\r\n\r\n\r\n\r\n\r\n<XML><ERRORCODE>311</ERRORCODE><ERRORSTRING>图像校验码错误！</ERRORSTRING><ERRORSTRING_EN>Image checksum error！</ERRORSTRING_EN></XML>')
('2015-01-17 10:35:11.861775', "client 52447278 bid 0 fd_price ack error {'errstring': '图像校验码错误！', 'errcode': '311'}")
('2015-01-17 10:35:11.949815', 'client 52799363 bid 0 fd_price get channel Failed')
('2015-01-17 10:35:12.818368', 'client 52751814 bid 0 fd_price get channel Failed')
('2015-01-17 10:35:13.048831', 'client 52447278 bid 0 fd_price get channel Failed')
('2015-01-17 10:35:13.951080', 'client 52799363 bid 0 fd_price get channel Failed')
('2015-01-17 10:35:14.820316', 'client 52751814 bid 0 fd_price get channel Failed')
('2015-01-17 10:35:15.051091', 'client 52447278 bid 0 fd_price get channel Failed')
('2015-01-17 10:35:16.182579', 'client 52517067 bid 0 fd_price get channel Failed')
('2015-01-17 10:35:18.185118', 'client 52517067 bid 0 fd_price get channel Failed')
('2015-01-17 10:35:18.223615', 'client 52500740 bid 0 fd_price get channel Failed')
('2015-01-17 10:35:20.225321', 'client 52500740 bid 0 fd_price get channel Failed')
('2015-01-17 10:35:28.876395', 'client 52466731 bid 0 fd_price get channel Failed')
('2015-01-17 10:35:30.878782', 'client 52466731 bid 0 fd_price get channel Failed')
('2015-01-17 10:35:44.996395', '\r\n\r\n\r\n\r\n\r\n\r\n\r\n\r\n\r\n\r\n<XML><ERRORCODE>311</ERRORCODE><ERRORSTRING>图像校验码错误！</ERRORSTRING><ERRORSTRING_EN>Image checksum error！</ERRORSTRING_EN></XML>')
('2015-01-17 10:35:44.996496', "client 52500740 bid 0 fd_price ack error {'errstring': '图像校验码错误！', 'errcode': '311'}")
('2015-01-17 10:35:51.935470', 'client 52550541 bid 0 fd_price get channel Failed')
('2015-01-17 10:35:53.937636', 'client 52550541 bid 0 fd_price get channel Failed')
('2015-01-17 10:35:54.932872', 'client 52447278 bid 0 fd_price get channel Failed')
('2015-01-17 10:35:55.011333', 'client 52799363 bid 0 fd_price get channel Failed')
('2015-01-17 10:35:55.376335', 'client 52751814 bid 0 fd_price get channel Failed')
('2015-01-17 10:35:56.934147', 'client 52447278 bid 0 fd_price get channel Failed')
('2015-01-17 10:35:57.012723', 'client 52799363 bid 0 fd_price get channel Failed')
('2015-01-17 10:35:57.378069', 'client 52751814 bid 0 fd_price get channel Failed')
('2015-01-17 10:36:08.986058', 'client 52517067 bid 0 fd_image Timeout')
('2015-01-17 10:36:11.026117', 'client 52500740 bid 0 fd_image Timeout')
('2015-01-17 10:36:20.836504', '\r\n\r\n\r\n\r\n\r\n\r\n\r\n\r\n\r\n\r\n<XML><ERRORCODE>311</ERRORCODE><ERRORSTRING>图像校验码错误！</ERRORSTRING><ERRORSTRING_EN>Image checksum error！</ERRORSTRING_EN></XML>')
('2015-01-17 10:36:20.836576', "client 52466731 bid 0 fd_price ack error {'errstring': '图像校验码错误！', 'errcode': '311'}")
('2015-01-17 10:36:21.679817', 'client 52466731 bid 0 fd_image Timeout')
('2015-01-17 10:36:29.318569', 'client 52466731 bid 0 fd_price get channel Failed')
('2015-01-17 10:36:29.746877', 'client 52517067 bid 0 fd_price get channel Failed')
('2015-01-17 10:36:31.319863', 'client 52466731 bid 0 fd_price get channel Failed')
('2015-01-17 10:36:31.748710', 'client 52517067 bid 0 fd_price get channel Failed')
('2015-01-17 10:36:34.079173', 'client 52500740 bid 0 fd_price get channel Failed')
('2015-01-17 10:36:36.080790', 'client 52500740 bid 0 fd_price get channel Failed')
('2015-01-17 10:36:59.430846', '\r\n\r\n\r\n\r\n\r\n\r\n\r\n\r\n\r\n\r\n<XML><ERRORCODE>311</ERRORCODE><ERRORSTRING>图像校验码错误！</ERRORSTRING><ERRORSTRING_EN>Image checksum error！</ERRORSTRING_EN></XML>')
('2015-01-17 10:36:59.430895', "client 52517067 bid 0 fd_price ack error {'errstring': '图像校验码错误！', 'errcode': '311'}")
('2015-01-17 10:37:07.447058', 'client 52751814 bid 0 fd_price info channel error')
('2015-01-17 10:37:07.633075', 'client 52500740 bid 0 fd_price info channel error')
('2015-01-17 10:37:07.779278', 'client 52447278 bid 0 fd_price info channel error')
('2015-01-17 10:37:08.124839', 'client 52517067 bid 0 fd_price info channel error')
('2015-01-17 10:37:08.855665', 'client 52500740 bid 0 fd_image info channel error')
('2015-01-17 10:37:09.994275', 'client 52751814 bid 0 fd_image info channel error')
('2015-01-17 10:37:09.994341', 'client 52517067 bid 0 fd_image info channel error')
('2015-01-17 10:37:12.015934', 'client 52500740 bid 0 fd_image info channel error')
('2015-01-17 10:37:12.253906', 'client 52528638 bid 0 fd_image info channel error')
('2015-01-17 10:37:12.331538', 'client 52466731 bid 0 fd_image info channel error')
('2015-01-17 10:37:15.777885', 'client 52550541 bid 0 fd_image info channel error')
('2015-01-17 10:37:15.829003', 'client 52799363 bid 0 fd_image info channel error')
('2015-01-17 10:37:16.344102', 'client 52751814 bid 0 fd_image info channel error')
('2015-01-17 10:37:16.377135', 'client 52546115 bid 0 fd_image info channel error')
('2015-01-17 10:37:18.894313', 'client 52528638 bid 0 fd_image info channel error')
('2015-01-17 10:37:19.103627', 'client 52550541 bid 0 fd_image info channel error')
('2015-01-17 10:37:19.132597', 'client 52447278 bid 0 fd_image info channel error')
('2015-01-17 10:37:19.794001', 'client 52466731 bid 0 fd_image info channel error')
('2015-01-17 10:37:19.794075', 'client 52546115 bid 0 fd_image info channel error')
('2015-01-17 10:37:21.124690', 'client 52799363 bid 0 fd_image info channel error')
('2015-01-17 10:37:22.121392', 'client 52466731 bid 0 fd_image Timeout')
('2015-01-17 10:37:22.549845', 'client 52517067 bid 0 fd_image Timeout')
('2015-01-17 10:37:22.743753', 'client 52517067 bid 0 fd_image info channel error')
('2015-01-17 10:37:23.615146', 'client 52447278 bid 0 fd_image info channel error')
('2015-01-17 10:37:34.052079', '\r\n\r\n\r\n\r\n\r\n\r\n\r\n\r\n\r\n\r\n<XML><ERRORCODE>311</ERRORCODE><ERRORSTRING>图像校验码错误！</ERRORSTRING><ERRORSTRING_EN>Image checksum error！</ERRORSTRING_EN></XML>')
('2015-01-17 10:37:34.052131', "client 52751814 bid 0 fd_price ack error {'errstring': '图像校验码错误！', 'errcode': '311'}")
('2015-01-17 10:37:34.212177', '\r\n\r\n\r\n\r\n\r\n\r\n\r\n\r\n\r\n\r\n<XML><ERRORCODE>311</ERRORCODE><ERRORSTRING>图像校验码错误！</ERRORSTRING><ERRORSTRING_EN>Image checksum error！</ERRORSTRING_EN></XML>')
('2015-01-17 10:37:34.212229', "client 52500740 bid 0 fd_price ack error {'errstring': '图像校验码错误！', 'errcode': '311'}")
('2015-01-17 10:37:34.213040', '\r\n\r\n\r\n\r\n\r\n\r\n\r\n\r\n\r\n\r\n<XML><ERRORCODE>311</ERRORCODE><ERRORSTRING>图像校验码错误！</ERRORSTRING><ERRORSTRING_EN>Image checksum error！</ERRORSTRING_EN></XML>')
('2015-01-17 10:37:34.213086', "client 52517067 bid 0 fd_price ack error {'errstring': '图像校验码错误！', 'errcode': '311'}")
('2015-01-17 10:37:34.371710', '\r\n\r\n\r\n\r\n\r\n\r\n\r\n\r\n\r\n\r\n<XML><ERRORCODE>311</ERRORCODE><ERRORSTRING>图像校验码错误！</ERRORSTRING><ERRORSTRING_EN>Image checksum error！</ERRORSTRING_EN></XML>')
('2015-01-17 10:37:34.371762', "client 52447278 bid 0 fd_price ack error {'errstring': '图像校验码错误！', 'errcode': '311'}")
('2015-01-17 10:37:35.683025', '\r\n\r\n\r\n\r\n\r\n\r\n\r\n\r\n\r\n\r\n\r\n<XML><ERRORCODE>101</ERRORCODE><ERRORSTRING>您的操作太过频繁，请稍后再试！</ERRORSTRING><ERRORSTRING_EN>Please try again slightly!</ERRORSTRING_EN></XML>')
('2015-01-17 10:37:35.683083', "client 52517067 bid 0 fd_image ack error {'body': '\\r\\n\\r\\n\\r\\n\\r\\n\\r\\n\\r\\n\\r\\n\\r\\n\\r\\n\\r\\n\\r\\n<XML><ERRORCODE>101</ERRORCODE><ERRORSTRING>您的操作太过频繁，请稍后再试！</ERRORSTRING><ERRORSTRING_EN>Please try again slightly!</ERRORSTRING_EN></XML>', 'status': 200, 'head': 'Connection: close\\nDate: Sat, 17 Jan 2015 02:37:35 GMT\\nServer: Microsoft-IIS/6.0\\nSet-Cookie: JSESSIONID=2DD7F21BBB73FAF922B715D26FF6625B; Path=/car\\nContent-Type: text/html;charset=GBK\\nContent-Length: 175\\n\\n'}")
('2015-01-17 10:37:44.375147', 'client 52466731 bid 0 fd_price get channel Failed')
('2015-01-17 10:37:55.684464', 'client 52517067 bid 0 fd_image Timeout')
('2015-01-17 10:38:14.691871', '\r\n\r\n\r\n\r\n\r\n\r\n\r\n\r\n\r\n\r\n<XML><ERRORCODE>311</ERRORCODE><ERRORSTRING>图像校验码错误！</ERRORSTRING><ERRORSTRING_EN>Image checksum error！</ERRORSTRING_EN></XML>')
('2015-01-17 10:38:14.691924', "client 52466731 bid 0 fd_price ack error {'errstring': '图像校验码错误！', 'errcode': '311'}")
('2015-01-17 10:38:15.686286', 'client 52517067 bid 0 fd_image Timeout')
('2015-01-17 10:38:35.687557', 'client 52517067 bid 0 fd_image Timeout')
('2015-01-17 10:38:47.072676', 'client 52517067 bid 0 fd_image info channel error')
('2015-01-17 10:38:48.736203', 'client 52466731 bid 0 fd_image info channel error')
('2015-01-17 10:38:50.117928', 'client 52500740 bid 0 fd_price info channel error')
('2015-01-17 10:38:50.230599', '\r\n\r\n\r\n\r\n\r\n\r\n\r\n\r\n\r\n\r\n<XML><ERRORCODE>311</ERRORCODE><ERRORSTRING>图像校验码错误！</ERRORSTRING><ERRORSTRING_EN>Image checksum error！</ERRORSTRING_EN></XML>')
('2015-01-17 10:38:50.230652', "client 52500740 bid 0 fd_price ack error {'errstring': '图像校验码错误！', 'errcode': '311'}")
('2015-01-17 10:38:50.803660', 'client 52517067 bid 0 fd_price info channel error')
('2015-01-17 10:38:50.916837', '\r\n\r\n\r\n\r\n\r\n\r\n\r\n\r\n\r\n\r\n<XML><ERRORCODE>311</ERRORCODE><ERRORSTRING>图像校验码错误！</ERRORSTRING><ERRORSTRING_EN>Image checksum error！</ERRORSTRING_EN></XML>')
('2015-01-17 10:38:50.916887', "client 52517067 bid 0 fd_price ack error {'errstring': '图像校验码错误！', 'errcode': '311'}")
('2015-01-17 10:38:54.853601', 'client 52466731 bid 0 fd_image info channel error')
('2015-01-17 10:38:55.719602', 'client 52517067 bid 0 fd_price get channel Failed')
('2015-01-17 10:38:56.532753', '\r\n\r\n\r\n\r\n\r\n\r\n\r\n\r\n\r\n\r\n<XML><ERRORCODE>311</ERRORCODE><ERRORSTRING>图像校验码错误！</ERRORSTRING><ERRORSTRING_EN>Image checksum error！</ERRORSTRING_EN></XML>')
('2015-01-17 10:38:56.532801', "client 52517067 bid 0 fd_price ack error {'errstring': '图像校验码错误！', 'errcode': '311'}")
('2015-01-17 10:38:57.721372', 'client 52517067 bid 0 fd_price get channel Failed')
('2015-01-17 10:39:17.563023', 'client 52517067 bid 0 fd_price info channel error')
('2015-01-17 10:39:36.288732', 'client 52517067 bid 0 fd_price get channel Failed')
('2015-01-17 10:39:38.290385', 'client 52517067 bid 0 fd_price get channel Failed')
('2015-01-17 10:40:10.855231', '\r\n\r\n\r\n\r\n\r\n\r\n\r\n\r\n\r\n\r\n<XML><ERRORCODE>311</ERRORCODE><ERRORSTRING>图像校验码错误！</ERRORSTRING><ERRORSTRING_EN>Image checksum error！</ERRORSTRING_EN></XML>')
('2015-01-17 10:40:10.855286', "client 52517067 bid 0 fd_price ack error {'errstring': '图像校验码错误！', 'errcode': '311'}")
('2015-01-17 11:29:56.189758', 'client 52550541 bid 2 fd_image status 503')
('2015-01-17 11:29:56.398676', 'client 52500740 bid 2 fd_image status 503')
('2015-01-17 11:29:57.656276', 'client 52466731 bid 2 fd_image status 503')
('2015-01-17 11:29:57.657724', 'client 52799363 bid 2 fd_image status 503')
('2015-01-17 11:29:59.597247', '\r\n\r\n\r\n\r\n\r\n\r\n\r\n\r\n\r\n\r\n<XML><ERRORCODE>311</ERRORCODE><ERRORSTRING>图像校验码错误！</ERRORSTRING><ERRORSTRING_EN>Image checksum error！</ERRORSTRING_EN></XML>')
('2015-01-17 11:29:59.597298', "client 52517067 bid 2 fd_price ack error {'errstring': '图像校验码错误！', 'errcode': '311'}")
('2015-01-17 11:29:59.817531', 'client 52550541 bid 2 fd_image status 503')
('2015-01-17 11:29:59.818613', 'client 52500740 bid 2 fd_image status 503')
('2015-01-17 11:29:59.993300', '\r\n\r\n\r\n\r\n\r\n\r\n\r\n\r\n\r\n\r\n<XML><ERRORCODE>311</ERRORCODE><ERRORSTRING>图像校验码错误！</ERRORSTRING><ERRORSTRING_EN>Image checksum error！</ERRORSTRING_EN></XML>')
('2015-01-17 11:29:59.993352', "client 52528638 bid 2 fd_price ack error {'errstring': '图像校验码错误！', 'errcode': '311'}")
('2015-01-17 11:30:00.165702', '\r\n\r\n\r\n\r\n\r\n\r\n\r\n\r\n\r\n\r\n<XML><ERRORCODE>311</ERRORCODE><ERRORSTRING>图像校验码错误！</ERRORSTRING><ERRORSTRING_EN>Image checksum error！</ERRORSTRING_EN></XML>')
('2015-01-17 11:30:00.165755', "client 52751814 bid 2 fd_price ack error {'errstring': '图像校验码错误！', 'errcode': '311'}")
('2015-01-17 11:30:00.408800', '\r\n\r\n\r\n\r\n\r\n\r\n\r\n\r\n\r\n\r\n\r\n<XML><ERRORCODE>110</ERRORCODE><ERRORSTRING>没有正在举行的拍卖会，请注意拍卖公告！</ERRORSTRING><ERRORSTRING_EN>Auction is not begin!</ERRORSTRING_EN></XML>')
('2015-01-17 11:30:00.408860', "client 52799363 bid 2 fd_image ack error {'body': '\\r\\n\\r\\n\\r\\n\\r\\n\\r\\n\\r\\n\\r\\n\\r\\n\\r\\n\\r\\n\\r\\n<XML><ERRORCODE>110</ERRORCODE><ERRORSTRING>没有正在举行的拍卖会，请注意拍卖公告！</ERRORSTRING><ERRORSTRING_EN>Auction is not begin!</ERRORSTRING_EN></XML>', 'status': 200, 'head': 'Connection: close\\nDate: Sat, 17 Jan 2015 03:30:00 GMT\\nServer: Microsoft-IIS/6.0\\nSet-Cookie: JSESSIONID=0C0A09A81EA9A927EFAE61C83C4D0A59; Path=/car\\nContent-Type: text/html;charset=GBK\\nContent-Length: 178\\n\\n'}")
('2015-01-17 11:30:00.412443', '\r\n\r\n\r\n\r\n\r\n\r\n\r\n\r\n\r\n\r\n\r\n<XML><ERRORCODE>110</ERRORCODE><ERRORSTRING>没有正在举行的拍卖会，请注意拍卖公告！</ERRORSTRING><ERRORSTRING_EN>Auction is not begin!</ERRORSTRING_EN></XML>')
('2015-01-17 11:30:00.412502', "client 52466731 bid 2 fd_image ack error {'body': '\\r\\n\\r\\n\\r\\n\\r\\n\\r\\n\\r\\n\\r\\n\\r\\n\\r\\n\\r\\n\\r\\n<XML><ERRORCODE>110</ERRORCODE><ERRORSTRING>没有正在举行的拍卖会，请注意拍卖公告！</ERRORSTRING><ERRORSTRING_EN>Auction is not begin!</ERRORSTRING_EN></XML>', 'status': 200, 'head': 'Connection: close\\nDate: Sat, 17 Jan 2015 03:30:00 GMT\\nServer: Microsoft-IIS/6.0\\nSet-Cookie: JSESSIONID=BB1F29CB97C7F8380A84857FD505F60B; Path=/car\\nContent-Type: text/html;charset=GBK\\nContent-Length: 178\\n\\n'}")
('2015-01-17 11:30:00.487266', '\r\n\r\n\r\n\r\n\r\n\r\n\r\n\r\n\r\n\r\n<XML><ERRORCODE>311</ERRORCODE><ERRORSTRING>图像校验码错误！</ERRORSTRING><ERRORSTRING_EN>Image checksum error！</ERRORSTRING_EN></XML>')
('2015-01-17 11:30:00.487314', "client 52447278 bid 2 fd_price ack error {'errstring': '图像校验码错误！', 'errcode': '311'}")
('2015-01-17 11:30:02.199768', '\r\n\r\n\r\n\r\n\r\n\r\n\r\n\r\n\r\n\r\n\r\n<XML><ERRORCODE>101</ERRORCODE><ERRORSTRING>您的操作太过频繁，请稍后再试！</ERRORSTRING><ERRORSTRING_EN>Please try again slightly!</ERRORSTRING_EN></XML>')
('2015-01-17 11:30:02.199823', "client 52466731 bid 2 fd_image ack error {'body': '\\r\\n\\r\\n\\r\\n\\r\\n\\r\\n\\r\\n\\r\\n\\r\\n\\r\\n\\r\\n\\r\\n<XML><ERRORCODE>101</ERRORCODE><ERRORSTRING>您的操作太过频繁，请稍后再试！</ERRORSTRING><ERRORSTRING_EN>Please try again slightly!</ERRORSTRING_EN></XML>', 'status': 200, 'head': 'Connection: close\\nDate: Sat, 17 Jan 2015 03:30:02 GMT\\nServer: Microsoft-IIS/6.0\\nSet-Cookie: JSESSIONID=A910507435830DEF381A86804DFCB167; Path=/car\\nContent-Type: text/html;charset=GBK\\nContent-Length: 175\\n\\n'}")
('2015-01-17 11:30:02.201580', '\r\n\r\n\r\n\r\n\r\n\r\n\r\n\r\n\r\n\r\n\r\n<XML><ERRORCODE>110</ERRORCODE><ERRORSTRING>没有正在举行的拍卖会，请注意拍卖公告！</ERRORSTRING><ERRORSTRING_EN>Auction is not begin!</ERRORSTRING_EN></XML>')
('2015-01-17 11:30:02.201633', "client 52500740 bid 2 fd_image ack error {'body': '\\r\\n\\r\\n\\r\\n\\r\\n\\r\\n\\r\\n\\r\\n\\r\\n\\r\\n\\r\\n\\r\\n<XML><ERRORCODE>110</ERRORCODE><ERRORSTRING>没有正在举行的拍卖会，请注意拍卖公告！</ERRORSTRING><ERRORSTRING_EN>Auction is not begin!</ERRORSTRING_EN></XML>', 'status': 200, 'head': 'Connection: close\\nDate: Sat, 17 Jan 2015 03:30:02 GMT\\nServer: Microsoft-IIS/6.0\\nSet-Cookie: JSESSIONID=361AD32D19D9776DF9B707CD29E3ED58; Path=/car\\nContent-Type: text/html;charset=GBK\\nContent-Length: 178\\n\\n'}")
('2015-01-17 11:30:02.203201', '\r\n\r\n\r\n\r\n\r\n\r\n\r\n\r\n\r\n\r\n\r\n<XML><ERRORCODE>110</ERRORCODE><ERRORSTRING>没有正在举行的拍卖会，请注意拍卖公告！</ERRORSTRING><ERRORSTRING_EN>Auction is not begin!</ERRORSTRING_EN></XML>')
('2015-01-17 11:30:02.203253', "client 52799363 bid 2 fd_image ack error {'body': '\\r\\n\\r\\n\\r\\n\\r\\n\\r\\n\\r\\n\\r\\n\\r\\n\\r\\n\\r\\n\\r\\n<XML><ERRORCODE>110</ERRORCODE><ERRORSTRING>没有正在举行的拍卖会，请注意拍卖公告！</ERRORSTRING><ERRORSTRING_EN>Auction is not begin!</ERRORSTRING_EN></XML>', 'status': 200, 'head': 'Connection: close\\nDate: Sat, 17 Jan 2015 03:30:02 GMT\\nServer: Microsoft-IIS/6.0\\nSet-Cookie: JSESSIONID=F3EBA880D7D33B6451991688B1C77E48; Path=/car\\nContent-Type: text/html;charset=GBK\\nContent-Length: 178\\n\\n'}")
('2015-01-17 11:30:02.822153', '\r\n\r\n\r\n\r\n\r\n\r\n\r\n\r\n\r\n\r\n\r\n<XML><ERRORCODE>110</ERRORCODE><ERRORSTRING>没有正在举行的拍卖会，请注意拍卖公告！</ERRORSTRING><ERRORSTRING_EN>Auction is not begin!</ERRORSTRING_EN></XML>')
('2015-01-17 11:30:02.822214', "client 52550541 bid 2 fd_image ack error {'body': '\\r\\n\\r\\n\\r\\n\\r\\n\\r\\n\\r\\n\\r\\n\\r\\n\\r\\n\\r\\n\\r\\n<XML><ERRORCODE>110</ERRORCODE><ERRORSTRING>没有正在举行的拍卖会，请注意拍卖公告！</ERRORSTRING><ERRORSTRING_EN>Auction is not begin!</ERRORSTRING_EN></XML>', 'status': 200, 'head': 'Connection: close\\nDate: Sat, 17 Jan 2015 03:30:02 GMT\\nServer: Microsoft-IIS/6.0\\nSet-Cookie: JSESSIONID=230F0A6C9A0BFF57757E159E602C1C39; Path=/car\\nContent-Type: text/html;charset=GBK\\nContent-Length: 178\\n\\n'}")
