('2015-01-17 09:36:47.437191', 'worker [4] started')
('2015-01-17 09:36:47.437252', 'client 9 initted')
('2015-01-17 09:36:48.024317', 'put_channel : channel login, group 1, time 2015-01-17 09:36:48.024238')
('2015-01-17 09:36:48.027735', 'fd_channel : login[0] 0 login[1] 0 , tb0[0] 0 tb0[1] 0 , tb1[0] 0 tb1[1] 0')
('2015-01-17 09:36:48.028506', 'put_channel : channel login, group 0, time 2015-01-17 09:36:48.028397')
('2015-01-17 09:36:48.034630', 'fd_channel : login[0] 0 login[1] 0 , tb0[0] 0 tb0[1] 0 , tb1[0] 0 tb1[1] 0')
('2015-01-17 09:36:49.526088', 'put_channel : channel login, group 0, time 2015-01-17 09:36:49.525985')
('2015-01-17 09:36:49.526564', 'put_channel : channel login, group 1, time 2015-01-17 09:36:49.526527')
('2015-01-17 09:36:49.526936', 'fd_channel : login[0] 1 login[1] 0 , tb0[0] 0 tb0[1] 0 , tb1[0] 0 tb1[1] 0')
('2015-01-17 09:36:49.536361', 'fd_channel : login[0] 0 login[1] 0 , tb0[0] 0 tb0[1] 0 , tb1[0] 0 tb1[1] 0')
('2015-01-17 09:36:51.026821', 'put_channel : channel login, group 0, time 2015-01-17 09:36:51.026728')
('2015-01-17 09:36:51.028108', 'put_channel : channel login, group 1, time 2015-01-17 09:36:51.028071')
('2015-01-17 09:36:51.028524', 'fd_channel : login[0] 1 login[1] 0 , tb0[0] 0 tb0[1] 0 , tb1[0] 0 tb1[1] 0')
('2015-01-17 09:36:51.037982', 'fd_channel : login[0] 0 login[1] 0 , tb0[0] 0 tb0[1] 0 , tb1[0] 0 tb1[1] 0')
('2015-01-17 09:36:52.525508', 'put_channel : channel login, group 1, time 2015-01-17 09:36:52.525413')
('2015-01-17 09:36:52.526092', 'fd_channel : login[0] 0 login[1] 0 , tb0[0] 0 tb0[1] 0 , tb1[0] 0 tb1[1] 0')
('2015-01-17 09:36:52.527664', 'put_channel : channel login, group 0, time 2015-01-17 09:36:52.527627')
('2015-01-17 09:36:52.540672', 'fd_channel : login[0] 0 login[1] 0 , tb0[0] 0 tb0[1] 0 , tb1[0] 0 tb1[1] 0')
('2015-01-17 09:36:54.024762', 'put_channel : channel login, group 1, time 2015-01-17 09:36:54.024679')
('2015-01-17 09:36:54.025279', 'fd_channel : login[0] 0 login[1] 0 , tb0[0] 0 tb0[1] 0 , tb1[0] 0 tb1[1] 0')
('2015-01-17 09:36:54.026986', 'put_channel : channel login, group 0, time 2015-01-17 09:36:54.026949')
('2015-01-17 10:32:31.523945', 'put_channel : channel tb0, group 1, time 2015-01-17 10:32:31.523865')
('2015-01-17 10:32:31.733706', 'put_channel : channel tb0, group 0, time 2015-01-17 10:32:31.733595')
('2015-01-17 10:32:33.026167', 'put_channel : channel tb0, group 1, time 2015-01-17 10:32:33.026086')
('2015-01-17 10:32:33.265201', 'put_channel : channel tb0, group 0, time 2015-01-17 10:32:33.265093')
('2015-01-17 10:32:34.526145', 'put_channel : channel tb0, group 1, time 2015-01-17 10:32:34.526070')
('2015-01-17 10:32:34.527885', 'put_channel : channel tb0, group 0, time 2015-01-17 10:32:34.527844')
('2015-01-17 10:32:36.025291', 'put_channel : channel tb0, group 1, time 2015-01-17 10:32:36.025208')
('2015-01-17 10:32:36.259967', 'put_channel : channel tb0, group 0, time 2015-01-17 10:32:36.259853')
('2015-01-17 10:32:37.527232', 'put_channel : channel tb0, group 0, time 2015-01-17 10:32:37.527143')
('2015-01-17 10:32:38.523906', 'put_channel : channel tb0, group 1, time 2015-01-17 10:32:38.523809')
('2015-01-17 10:32:39.027575', 'put_channel : channel tb0, group 1, time 2015-01-17 10:32:39.027477')
('2015-01-17 10:32:40.526496', 'put_channel : channel tb0, group 0, time 2015-01-17 10:32:40.526398')
('2015-01-17 10:32:40.527201', 'put_channel : channel tb0, group 1, time 2015-01-17 10:32:40.527164')
('2015-01-17 10:32:42.026038', 'put_channel : channel tb0, group 1, time 2015-01-17 10:32:42.025954')
('2015-01-17 10:32:43.524640', 'put_channel : channel tb0, group 1, time 2015-01-17 10:32:43.524544')
('2015-01-17 10:32:43.527763', 'put_channel : channel tb0, group 0, time 2015-01-17 10:32:43.527687')
('2015-01-17 10:32:44.073788', 'put_channel : channel tb0, group 0, time 2015-01-17 10:32:44.073696')
('2015-01-17 10:32:45.024105', 'put_channel : channel tb0, group 1, time 2015-01-17 10:32:45.024033')
('2015-01-17 10:32:46.526603', 'put_channel : channel tb0, group 1, time 2015-01-17 10:32:46.526508')
('2015-01-17 10:32:46.527029', 'put_channel : channel tb0, group 0, time 2015-01-17 10:32:46.526992')
('2015-01-17 10:32:47.075761', 'put_channel : channel tb0, group 0, time 2015-01-17 10:32:47.075673')
('2015-01-17 10:32:48.025550', 'put_channel : channel tb0, group 1, time 2015-01-17 10:32:48.025464')
('2015-01-17 10:32:48.065252', 'put_channel : channel tb0, group 0, time 2015-01-17 10:32:48.065169')
('2015-01-17 10:32:49.527078', 'put_channel : channel tb0, group 1, time 2015-01-17 10:32:49.526994')
('2015-01-17 10:32:49.529054', 'put_channel : channel tb0, group 0, time 2015-01-17 10:32:49.528983')
('2015-01-17 10:32:51.024584', 'put_channel : channel tb0, group 1, time 2015-01-17 10:32:51.024503')
('2015-01-17 10:32:52.061465', 'put_channel : channel tb0, group 0, time 2015-01-17 10:32:52.061364')
('2015-01-17 10:32:52.525114', 'put_channel : channel tb0, group 1, time 2015-01-17 10:32:52.524998')
('2015-01-17 10:32:52.527402', 'put_channel : channel tb0, group 0, time 2015-01-17 10:32:52.527365')
('2015-01-17 10:32:54.026237', 'put_channel : channel tb0, group 1, time 2015-01-17 10:32:54.026136')
('2015-01-17 10:32:55.525067', 'put_channel : channel tb0, group 1, time 2015-01-17 10:32:55.524959')
('2015-01-17 10:32:57.026236', 'put_channel : channel tb0, group 1, time 2015-01-17 10:32:57.026161')
('2015-01-17 10:32:58.524492', 'put_channel : channel tb0, group 1, time 2015-01-17 10:32:58.524401')
('2015-01-17 10:33:00.024803', 'put_channel : channel tb0, group 1, time 2015-01-17 10:33:00.024698')
('2015-01-17 10:33:01.524704', 'put_channel : channel tb0, group 1, time 2015-01-17 10:33:01.524600')
('2015-01-17 10:33:03.024805', 'put_channel : channel tb0, group 1, time 2015-01-17 10:33:03.024709')
('2015-01-17 10:33:04.524702', 'put_channel : channel tb0, group 1, time 2015-01-17 10:33:04.524624')
('2015-01-17 10:33:06.023551', 'put_channel : channel tb0, group 1, time 2015-01-17 10:33:06.023455')
('2015-01-17 10:33:07.525535', 'put_channel : channel tb0, group 1, time 2015-01-17 10:33:07.525446')
('2015-01-17 10:33:09.023347', 'put_channel : channel tb0, group 1, time 2015-01-17 10:33:09.023269')
('2015-01-17 10:33:10.525868', 'put_channel : channel tb0, group 1, time 2015-01-17 10:33:10.525747')
('2015-01-17 10:33:12.026628', 'put_channel : channel tb0, group 1, time 2015-01-17 10:33:12.026552')
('2015-01-17 10:33:13.526170', 'put_channel : channel tb0, group 1, time 2015-01-17 10:33:13.526089')
('2015-01-17 10:33:15.026030', 'put_channel : channel tb0, group 1, time 2015-01-17 10:33:15.025950')
('2015-01-17 10:33:38.523697', 'put_channel : channel tb0, group 1, time 2015-01-17 10:33:38.523611')
('2015-01-17 10:33:38.539897', 'put_channel : channel tb0, group 1, time 2015-01-17 10:33:38.539823')
('2015-01-17 10:33:39.025371', 'put_channel : channel tb0, group 1, time 2015-01-17 10:33:39.025287')
('2015-01-17 10:33:39.028006', 'put_channel : channel tb0, group 1, time 2015-01-17 10:33:39.027928')
('2015-01-17 10:33:39.052249', 'put_channel : channel tb0, group 1, time 2015-01-17 10:33:39.052190')
('2015-01-17 10:33:40.035549', 'put_channel : channel tb0, group 1, time 2015-01-17 10:33:40.035462')
('2015-01-17 10:33:40.526637', 'put_channel : channel tb0, group 1, time 2015-01-17 10:33:40.526553')
('2015-01-17 10:33:40.554629', 'put_channel : channel tb0, group 1, time 2015-01-17 10:33:40.554586')
('2015-01-17 10:33:41.530953', 'put_channel : channel tb0, group 1, time 2015-01-17 10:33:41.530853')
('2015-01-17 10:33:42.025016', 'put_channel : channel tb0, group 1, time 2015-01-17 10:33:42.024919')
('2015-01-17 10:33:42.044586', 'put_channel : channel tb0, group 1, time 2015-01-17 10:33:42.044541')
('2015-01-17 10:33:43.525556', 'put_channel : channel tb0, group 1, time 2015-01-17 10:33:43.525449')
('2015-01-17 10:33:43.547651', 'put_channel : channel tb0, group 1, time 2015-01-17 10:33:43.547594')
('2015-01-17 10:33:45.026676', 'put_channel : channel tb0, group 1, time 2015-01-17 10:33:45.026584')
('2015-01-17 10:33:45.051589', 'put_channel : channel tb0, group 1, time 2015-01-17 10:33:45.051499')
('2015-01-17 10:33:46.524805', 'put_channel : channel tb0, group 1, time 2015-01-17 10:33:46.524716')
('2015-01-17 10:33:47.579746', 'put_channel : channel tb0, group 1, time 2015-01-17 10:33:47.579656')
('2015-01-17 10:34:02.938665', 'fd_channel : login[0] 1 login[1] 0 , tb0[0] 14 tb0[1] 46 , tb1[0] 0 tb1[1] 0')
('2015-01-17 10:34:02.939451', 'fd_channel : login[0] 1 login[1] 0 , tb0[0] 14 tb0[1] 45 , tb1[0] 0 tb1[1] 0')
('2015-01-17 10:34:02.940142', 'fd_channel : login[0] 1 login[1] 0 , tb0[0] 14 tb0[1] 44 , tb1[0] 0 tb1[1] 0')
('2015-01-17 10:34:02.940795', 'fd_channel : login[0] 1 login[1] 0 , tb0[0] 14 tb0[1] 43 , tb1[0] 0 tb1[1] 0')
('2015-01-17 10:34:02.941591', 'fd_channel : login[0] 1 login[1] 0 , tb0[0] 14 tb0[1] 42 , tb1[0] 0 tb1[1] 0')
('2015-01-17 10:34:02.942548', 'fd_channel : login[0] 1 login[1] 0 , tb0[0] 14 tb0[1] 41 , tb1[0] 0 tb1[1] 0')
('2015-01-17 10:34:02.943992', 'fd_channel : login[0] 1 login[1] 0 , tb0[0] 14 tb0[1] 40 , tb1[0] 0 tb1[1] 0')
('2015-01-17 10:34:02.944580', 'fd_channel : login[0] 1 login[1] 0 , tb0[0] 14 tb0[1] 39 , tb1[0] 0 tb1[1] 0')
('2015-01-17 10:34:02.945369', 'fd_channel : login[0] 1 login[1] 0 , tb0[0] 14 tb0[1] 38 , tb1[0] 0 tb1[1] 0')
('2015-01-17 10:34:22.943333', 'fd_channel : login[0] 1 login[1] 0 , tb0[0] 14 tb0[1] 37 , tb1[0] 0 tb1[1] 0')
('2015-01-17 10:34:22.944149', 'fd_channel : login[0] 1 login[1] 0 , tb0[0] 14 tb0[1] 36 , tb1[0] 0 tb1[1] 0')
('2015-01-17 10:34:22.945490', 'fd_channel : login[0] 1 login[1] 0 , tb0[0] 14 tb0[1] 35 , tb1[0] 0 tb1[1] 0')
('2015-01-17 10:34:22.947568', 'fd_channel : login[0] 1 login[1] 0 , tb0[0] 14 tb0[1] 34 , tb1[0] 0 tb1[1] 0')
('2015-01-17 10:34:22.948395', 'fd_channel : login[0] 1 login[1] 0 , tb0[0] 14 tb0[1] 33 , tb1[0] 0 tb1[1] 0')
('2015-01-17 10:34:22.948943', 'fd_channel : login[0] 1 login[1] 0 , tb0[0] 14 tb0[1] 32 , tb1[0] 0 tb1[1] 0')
('2015-01-17 10:34:22.949876', 'fd_channel : login[0] 1 login[1] 0 , tb0[0] 14 tb0[1] 31 , tb1[0] 0 tb1[1] 0')
('2015-01-17 10:34:22.950496', 'fd_channel : login[0] 1 login[1] 0 , tb0[0] 14 tb0[1] 30 , tb1[0] 0 tb1[1] 0')
('2015-01-17 10:34:22.951433', 'fd_channel : login[0] 1 login[1] 0 , tb0[0] 14 tb0[1] 29 , tb1[0] 0 tb1[1] 0')
('2015-01-17 10:34:42.944903', 'fd_channel : login[0] 1 login[1] 0 , tb0[0] 14 tb0[1] 28 , tb1[0] 0 tb1[1] 0')
('2015-01-17 10:34:42.946841', 'fd_channel : login[0] 1 login[1] 0 , tb0[0] 14 tb0[1] 27 , tb1[0] 0 tb1[1] 0')
('2015-01-17 10:34:42.948089', 'fd_channel : login[0] 1 login[1] 0 , tb0[0] 14 tb0[1] 26 , tb1[0] 0 tb1[1] 0')
('2015-01-17 10:34:42.950187', 'fd_channel : login[0] 1 login[1] 0 , tb0[0] 14 tb0[1] 25 , tb1[0] 0 tb1[1] 0')
('2015-01-17 10:34:42.951957', 'fd_channel : login[0] 1 login[1] 0 , tb0[0] 14 tb0[1] 24 , tb1[0] 0 tb1[1] 0')
('2015-01-17 10:34:42.952522', 'fd_channel : login[0] 1 login[1] 0 , tb0[0] 14 tb0[1] 23 , tb1[0] 0 tb1[1] 0')
('2015-01-17 10:34:42.953218', 'fd_channel : login[0] 1 login[1] 0 , tb0[0] 14 tb0[1] 22 , tb1[0] 0 tb1[1] 0')
('2015-01-17 10:34:42.954272', 'fd_channel : login[0] 1 login[1] 0 , tb0[0] 14 tb0[1] 21 , tb1[0] 0 tb1[1] 0')
('2015-01-17 10:34:42.954835', 'fd_channel : login[0] 1 login[1] 0 , tb0[0] 14 tb0[1] 20 , tb1[0] 0 tb1[1] 0')
('2015-01-17 10:34:44.572379', 'put_channel : channel tb0, group 1, time 2015-01-17 10:34:44.572302')
('2015-01-17 10:34:45.051757', 'put_channel : channel tb0, group 1, time 2015-01-17 10:34:45.051670')
('2015-01-17 10:34:46.075271', 'put_channel : channel tb0, group 1, time 2015-01-17 10:34:46.075214')
('2015-01-17 10:34:46.525073', 'put_channel : channel tb0, group 1, time 2015-01-17 10:34:46.524977')
('2015-01-17 10:34:46.557005', 'put_channel : channel tb0, group 1, time 2015-01-17 10:34:46.556959')
('2015-01-17 10:34:47.579977', 'put_channel : channel tb0, group 1, time 2015-01-17 10:34:47.579880')
('2015-01-17 10:34:48.025811', 'put_channel : channel tb0, group 1, time 2015-01-17 10:34:48.025732')
('2015-01-17 10:34:49.083926', 'put_channel : channel tb0, group 1, time 2015-01-17 10:34:49.083824')
('2015-01-17 10:34:49.525541', 'put_channel : channel tb0, group 1, time 2015-01-17 10:34:49.525470')
('2015-01-17 10:34:50.588864', 'put_channel : channel tb0, group 1, time 2015-01-17 10:34:50.588753')
('2015-01-17 10:34:51.025732', 'put_channel : channel tb0, group 1, time 2015-01-17 10:34:51.025654')
('2015-01-17 10:34:51.165052', 'put_channel : channel tb0, group 1, time 2015-01-17 10:34:51.164920')
('2015-01-17 10:34:52.090475', 'put_channel : channel tb0, group 1, time 2015-01-17 10:34:52.090390')
('2015-01-17 10:34:52.525326', 'put_channel : channel tb0, group 1, time 2015-01-17 10:34:52.525231')
('2015-01-17 10:34:52.635810', 'put_channel : channel tb0, group 1, time 2015-01-17 10:34:52.635703')
('2015-01-17 10:34:52.916612', 'fd_channel : login[0] 1 login[1] 0 , tb0[0] 11 tb0[1] 34 , tb1[0] 0 tb1[1] 0')
('2015-01-17 10:34:52.941492', 'fd_channel : login[0] 1 login[1] 0 , tb0[0] 0 tb0[1] 33 , tb1[0] 0 tb1[1] 0')
('2015-01-17 10:34:53.595993', 'put_channel : channel tb0, group 1, time 2015-01-17 10:34:53.595899')
('2015-01-17 10:34:53.959633', 'fd_channel : login[0] 1 login[1] 0 , tb0[0] 0 tb0[1] 33 , tb1[0] 0 tb1[1] 0')
('2015-01-17 10:34:54.025499', 'put_channel : channel tb0, group 1, time 2015-01-17 10:34:54.025407')
('2015-01-17 10:34:54.107928', 'put_channel : channel tb0, group 1, time 2015-01-17 10:34:54.107827')
('2015-01-17 10:34:54.122583', 'fd_channel : login[0] 1 login[1] 0 , tb0[0] 0 tb0[1] 35 , tb1[0] 0 tb1[1] 0')
('2015-01-17 10:34:54.142230', 'fd_channel : login[0] 1 login[1] 0 , tb0[0] 0 tb0[1] 35 , tb1[0] 0 tb1[1] 0')
('2015-01-17 10:34:54.437258', 'fd_channel : login[0] 1 login[1] 0 , tb0[0] 0 tb0[1] 34 , tb1[0] 0 tb1[1] 0')
('2015-01-17 10:34:54.918949', 'fd_channel : login[0] 1 login[1] 0 , tb0[0] 0 tb0[1] 33 , tb1[0] 0 tb1[1] 0')
('2015-01-17 10:34:54.942985', 'fd_channel : login[0] 1 login[1] 0 , tb0[0] 0 tb0[1] 32 , tb1[0] 0 tb1[1] 0')
('2015-01-17 10:34:55.070978', 'put_channel : channel tb0, group 1, time 2015-01-17 10:34:55.070899')
('2015-01-17 10:34:55.160940', 'fd_channel : login[0] 1 login[1] 0 , tb0[0] 0 tb0[1] 33 , tb1[0] 0 tb1[1] 0')
('2015-01-17 10:34:55.526680', 'put_channel : channel tb0, group 1, time 2015-01-17 10:34:55.526620')
('2015-01-17 10:34:55.638352', 'fd_channel : login[0] 1 login[1] 0 , tb0[0] 0 tb0[1] 34 , tb1[0] 0 tb1[1] 0')
('2015-01-17 10:34:55.643382', 'put_channel : channel tb0, group 1, time 2015-01-17 10:34:55.643326')
('2015-01-17 10:34:55.961597', 'fd_channel : login[0] 1 login[1] 0 , tb0[0] 0 tb0[1] 34 , tb1[0] 0 tb1[1] 0')
('2015-01-17 10:34:56.120470', 'fd_channel : login[0] 1 login[1] 0 , tb0[0] 0 tb0[1] 34 , tb1[0] 0 tb1[1] 0')
('2015-01-17 10:34:56.144183', 'fd_channel : login[0] 1 login[1] 0 , tb0[0] 0 tb0[1] 34 , tb1[0] 0 tb1[1] 0')
('2015-01-17 10:34:56.439260', 'fd_channel : login[0] 1 login[1] 0 , tb0[0] 0 tb0[1] 33 , tb1[0] 0 tb1[1] 0')
('2015-01-17 10:34:56.606353', 'put_channel : channel tb0, group 1, time 2015-01-17 10:34:56.606246')
('2015-01-17 10:34:56.750225', 'fd_channel : login[0] 1 login[1] 0 , tb0[0] 0 tb0[1] 33 , tb1[0] 0 tb1[1] 0')
('2015-01-17 10:34:57.025302', 'put_channel : channel tb0, group 1, time 2015-01-17 10:34:57.025209')
('2015-01-17 10:34:57.162896', 'fd_channel : login[0] 1 login[1] 0 , tb0[0] 0 tb0[1] 34 , tb1[0] 0 tb1[1] 0')
('2015-01-17 10:34:57.180978', 'put_channel : channel tb0, group 1, time 2015-01-17 10:34:57.180881')
('2015-01-17 10:34:57.640412', 'fd_channel : login[0] 1 login[1] 0 , tb0[0] 0 tb0[1] 35 , tb1[0] 0 tb1[1] 0')
('2015-01-17 10:34:57.950721', 'fd_channel : login[0] 1 login[1] 0 , tb0[0] 0 tb0[1] 35 , tb1[0] 0 tb1[1] 0')
('2015-01-17 10:34:58.075136', 'put_channel : channel tb0, group 1, time 2015-01-17 10:34:58.075032')
('2015-01-17 10:34:58.524838', 'put_channel : channel tb0, group 1, time 2015-01-17 10:34:58.524732')
('2015-01-17 10:34:58.652924', 'put_channel : channel tb0, group 1, time 2015-01-17 10:34:58.652825')
('2015-01-17 10:34:58.752345', 'fd_channel : login[0] 1 login[1] 0 , tb0[0] 0 tb0[1] 37 , tb1[0] 0 tb1[1] 0')
('2015-01-17 10:34:59.136825', 'fd_channel : login[0] 1 login[1] 0 , tb0[0] 0 tb0[1] 36 , tb1[0] 0 tb1[1] 0')
('2015-01-17 10:34:59.144315', 'fd_channel : login[0] 1 login[1] 0 , tb0[0] 0 tb0[1] 35 , tb1[0] 0 tb1[1] 0')
('2015-01-17 10:34:59.579306', 'put_channel : channel tb0, group 1, time 2015-01-17 10:34:59.579230')
('2015-01-17 10:34:59.953748', 'fd_channel : login[0] 1 login[1] 0 , tb0[0] 0 tb0[1] 36 , tb1[0] 0 tb1[1] 0')
('2015-01-17 10:35:00.024509', 'put_channel : channel tb0, group 1, time 2015-01-17 10:35:00.024464')
('2015-01-17 10:35:00.123860', 'put_channel : channel tb0, group 1, time 2015-01-17 10:35:00.123774')
('2015-01-17 10:35:00.337764', 'fd_channel : login[0] 1 login[1] 0 , tb0[0] 0 tb0[1] 38 , tb1[0] 0 tb1[1] 0')
('2015-01-17 10:35:00.345219', 'fd_channel : login[0] 1 login[1] 0 , tb0[0] 0 tb0[1] 38 , tb1[0] 0 tb1[1] 0')
('2015-01-17 10:35:01.138759', 'fd_channel : login[0] 1 login[1] 0 , tb0[0] 0 tb0[1] 37 , tb1[0] 0 tb1[1] 0')
('2015-01-17 10:35:01.145684', 'fd_channel : login[0] 1 login[1] 0 , tb0[0] 0 tb0[1] 36 , tb1[0] 0 tb1[1] 0')
('2015-01-17 10:35:02.340334', 'fd_channel : login[0] 1 login[1] 0 , tb0[0] 0 tb0[1] 36 , tb1[0] 0 tb1[1] 0')
('2015-01-17 10:35:02.346867', 'fd_channel : login[0] 1 login[1] 0 , tb0[0] 0 tb0[1] 36 , tb1[0] 0 tb1[1] 0')
('2015-01-17 10:35:02.535569', 'fd_channel : login[0] 1 login[1] 0 , tb0[0] 0 tb0[1] 35 , tb1[0] 0 tb1[1] 0')
('2015-01-17 10:35:03.736796', 'fd_channel : login[0] 1 login[1] 0 , tb0[0] 0 tb0[1] 35 , tb1[0] 0 tb1[1] 0')
('2015-01-17 10:35:04.537311', 'fd_channel : login[0] 1 login[1] 0 , tb0[0] 0 tb0[1] 34 , tb1[0] 0 tb1[1] 0')
('2015-01-17 10:35:05.738452', 'fd_channel : login[0] 1 login[1] 0 , tb0[0] 0 tb0[1] 34 , tb1[0] 0 tb1[1] 0')
('2015-01-17 10:35:15.835828', 'fd_channel : login[0] 1 login[1] 0 , tb0[0] 0 tb0[1] 33 , tb1[0] 0 tb1[1] 0')
('2015-01-17 10:35:17.037173', 'fd_channel : login[0] 1 login[1] 0 , tb0[0] 0 tb0[1] 33 , tb1[0] 0 tb1[1] 0')
('2015-01-17 10:35:17.837691', 'fd_channel : login[0] 1 login[1] 0 , tb0[0] 0 tb0[1] 32 , tb1[0] 0 tb1[1] 0')
('2015-01-17 10:35:19.039132', 'fd_channel : login[0] 1 login[1] 0 , tb0[0] 0 tb0[1] 32 , tb1[0] 0 tb1[1] 0')
('2015-01-17 10:35:26.920833', 'fd_channel : login[0] 1 login[1] 0 , tb0[0] 0 tb0[1] 31 , tb1[0] 0 tb1[1] 0')
('2015-01-17 10:35:26.944915', 'fd_channel : login[0] 1 login[1] 0 , tb0[0] 0 tb0[1] 30 , tb1[0] 0 tb1[1] 0')
('2015-01-17 10:35:27.963500', 'fd_channel : login[0] 1 login[1] 0 , tb0[0] 0 tb0[1] 29 , tb1[0] 0 tb1[1] 0')
('2015-01-17 10:35:28.441016', 'fd_channel : login[0] 1 login[1] 0 , tb0[0] 0 tb0[1] 28 , tb1[0] 0 tb1[1] 0')
('2015-01-17 10:35:30.754239', 'fd_channel : login[0] 1 login[1] 0 , tb0[0] 0 tb0[1] 27 , tb1[0] 0 tb1[1] 0')
('2015-01-17 10:35:33.140424', 'fd_channel : login[0] 1 login[1] 0 , tb0[0] 0 tb0[1] 26 , tb1[0] 0 tb1[1] 0')
('2015-01-17 10:35:33.147299', 'fd_channel : login[0] 1 login[1] 0 , tb0[0] 0 tb0[1] 25 , tb1[0] 0 tb1[1] 0')
('2015-01-17 10:35:36.538983', 'fd_channel : login[0] 1 login[1] 0 , tb0[0] 0 tb0[1] 24 , tb1[0] 0 tb1[1] 0')
('2015-01-17 10:35:46.922478', 'fd_channel : login[0] 1 login[1] 0 , tb0[0] 0 tb0[1] 23 , tb1[0] 0 tb1[1] 0')
('2015-01-17 10:35:46.946839', 'fd_channel : login[0] 1 login[1] 0 , tb0[0] 0 tb0[1] 22 , tb1[0] 0 tb1[1] 0')
('2015-01-17 10:35:47.965005', 'fd_channel : login[0] 1 login[1] 0 , tb0[0] 0 tb0[1] 21 , tb1[0] 0 tb1[1] 0')
('2015-01-17 10:35:48.442799', 'fd_channel : login[0] 1 login[1] 0 , tb0[0] 0 tb0[1] 20 , tb1[0] 0 tb1[1] 0')
('2015-01-17 10:35:49.839661', 'fd_channel : login[0] 1 login[1] 0 , tb0[0] 0 tb0[1] 19 , tb1[0] 0 tb1[1] 0')
('2015-01-17 10:35:50.755830', 'fd_channel : login[0] 1 login[1] 0 , tb0[0] 0 tb0[1] 18 , tb1[0] 0 tb1[1] 0')
('2015-01-17 10:35:53.142271', 'fd_channel : login[0] 1 login[1] 0 , tb0[0] 0 tb0[1] 17 , tb1[0] 0 tb1[1] 0')
('2015-01-17 10:35:53.148401', 'fd_channel : login[0] 1 login[1] 0 , tb0[0] 0 tb0[1] 16 , tb1[0] 0 tb1[1] 0')
('2015-01-17 10:35:56.540650', 'fd_channel : login[0] 1 login[1] 0 , tb0[0] 0 tb0[1] 15 , tb1[0] 0 tb1[1] 0')
('2015-01-17 10:36:02.523540', 'put_channel : channel tb0, group 1, time 2015-01-17 10:36:02.523439')
('2015-01-17 10:36:02.539568', 'put_channel : channel tb0, group 1, time 2015-01-17 10:36:02.539493')
('2015-01-17 10:36:02.588940', 'put_channel : channel tb0, group 1, time 2015-01-17 10:36:02.588853')
('2015-01-17 10:36:03.025657', 'put_channel : channel tb0, group 1, time 2015-01-17 10:36:03.025574')
('2015-01-17 10:36:04.525378', 'put_channel : channel tb0, group 1, time 2015-01-17 10:36:04.525297')
('2015-01-17 10:36:04.556497', 'put_channel : channel tb0, group 1, time 2015-01-17 10:36:04.556422')
('2015-01-17 10:36:04.637973', 'put_channel : channel tb0, group 1, time 2015-01-17 10:36:04.636483')
('2015-01-17 10:36:05.531841', 'put_channel : channel tb0, group 1, time 2015-01-17 10:36:05.531754')
('2015-01-17 10:36:05.595344', 'put_channel : channel tb0, group 1, time 2015-01-17 10:36:05.595264')
('2015-01-17 10:36:06.024415', 'put_channel : channel tb0, group 1, time 2015-01-17 10:36:06.024335')
('2015-01-17 10:36:06.172618', 'put_channel : channel tb0, group 1, time 2015-01-17 10:36:06.172529')
('2015-01-17 10:36:06.924098', 'fd_channel : login[0] 1 login[1] 0 , tb0[0] 0 tb0[1] 25 , tb1[0] 0 tb1[1] 0')
('2015-01-17 10:36:06.948385', 'fd_channel : login[0] 1 login[1] 0 , tb0[0] 0 tb0[1] 24 , tb1[0] 0 tb1[1] 0')
('2015-01-17 10:36:07.526009', 'put_channel : channel tb0, group 1, time 2015-01-17 10:36:07.525927')
('2015-01-17 10:36:07.550068', 'put_channel : channel tb0, group 1, time 2015-01-17 10:36:07.550023')
('2015-01-17 10:36:07.643565', 'put_channel : channel tb0, group 1, time 2015-01-17 10:36:07.643486')
('2015-01-17 10:36:07.966585', 'fd_channel : login[0] 1 login[1] 0 , tb0[0] 0 tb0[1] 26 , tb1[0] 0 tb1[1] 0')
('2015-01-17 10:36:08.606172', 'put_channel : channel tb0, group 1, time 2015-01-17 10:36:08.606078')
('2015-01-17 10:36:09.026285', 'put_channel : channel tb0, group 1, time 2015-01-17 10:36:09.026203')
('2015-01-17 10:36:09.116256', 'put_channel : channel tb0, group 1, time 2015-01-17 10:36:09.116172')
('2015-01-17 10:36:10.526197', 'put_channel : channel tb0, group 1, time 2015-01-17 10:36:10.526101')
('2015-01-17 10:36:10.651729', 'put_channel : channel tb0, group 1, time 2015-01-17 10:36:10.651639')
('2015-01-17 10:36:11.580818', 'put_channel : channel tb0, group 1, time 2015-01-17 10:36:11.580729')
('2015-01-17 10:36:11.727250', 'fd_channel : login[0] 1 login[1] 0 , tb0[0] 0 tb0[1] 31 , tb1[0] 0 tb1[1] 0')
('2015-01-17 10:36:12.025975', 'put_channel : channel tb0, group 1, time 2015-01-17 10:36:12.025874')
('2015-01-17 10:36:12.057507', 'fd_channel : login[0] 1 login[1] 0 , tb0[0] 0 tb0[1] 31 , tb1[0] 0 tb1[1] 0')
('2015-01-17 10:36:12.188839', 'put_channel : channel tb0, group 1, time 2015-01-17 10:36:12.188753')
('2015-01-17 10:36:12.845382', 'fd_channel : login[0] 1 login[1] 0 , tb0[0] 0 tb0[1] 31 , tb1[0] 0 tb1[1] 0')
('2015-01-17 10:36:12.881307', 'fd_channel : login[0] 1 login[1] 0 , tb0[0] 0 tb0[1] 30 , tb1[0] 0 tb1[1] 0')
('2015-01-17 10:36:12.928222', 'fd_channel : login[0] 1 login[1] 0 , tb0[0] 0 tb0[1] 30 , tb1[0] 0 tb1[1] 0')
('2015-01-17 10:36:13.258302', 'fd_channel : login[0] 1 login[1] 0 , tb0[0] 0 tb0[1] 30 , tb1[0] 0 tb1[1] 0')
('2015-01-17 10:36:13.525627', 'put_channel : channel tb0, group 1, time 2015-01-17 10:36:13.525550')
('2015-01-17 10:36:13.660285', 'put_channel : channel tb0, group 1, time 2015-01-17 10:36:13.660175')
('2015-01-17 10:36:14.046416', 'fd_channel : login[0] 1 login[1] 0 , tb0[0] 0 tb0[1] 32 , tb1[0] 0 tb1[1] 0')
('2015-01-17 10:36:14.059135', 'fd_channel : login[0] 1 login[1] 0 , tb0[0] 0 tb0[1] 31 , tb1[0] 0 tb1[1] 0')
('2015-01-17 10:36:14.082198', 'fd_channel : login[0] 1 login[1] 0 , tb0[0] 0 tb0[1] 31 , tb1[0] 0 tb1[1] 0')
('2015-01-17 10:36:14.588024', 'put_channel : channel tb0, group 1, time 2015-01-17 10:36:14.587933')
('2015-01-17 10:36:14.622510', 'fd_channel : login[0] 1 login[1] 0 , tb0[0] 0 tb0[1] 31 , tb1[0] 0 tb1[1] 0')
('2015-01-17 10:36:14.847279', 'fd_channel : login[0] 1 login[1] 0 , tb0[0] 0 tb0[1] 30 , tb1[0] 0 tb1[1] 0')
('2015-01-17 10:36:14.882802', 'fd_channel : login[0] 1 login[1] 0 , tb0[0] 0 tb0[1] 29 , tb1[0] 0 tb1[1] 0')
('2015-01-17 10:36:15.025280', 'put_channel : channel tb0, group 1, time 2015-01-17 10:36:15.025203')
('2015-01-17 10:36:15.132388', 'put_channel : channel tb0, group 1, time 2015-01-17 10:36:15.132301')
('2015-01-17 10:36:15.260266', 'fd_channel : login[0] 1 login[1] 0 , tb0[0] 0 tb0[1] 31 , tb1[0] 0 tb1[1] 0')
('2015-01-17 10:36:15.823428', 'fd_channel : login[0] 1 login[1] 0 , tb0[0] 0 tb0[1] 31 , tb1[0] 0 tb1[1] 0')
('2015-01-17 10:36:16.048647', 'fd_channel : login[0] 1 login[1] 0 , tb0[0] 0 tb0[1] 31 , tb1[0] 0 tb1[1] 0')
('2015-01-17 10:36:16.083839', 'fd_channel : login[0] 1 login[1] 0 , tb0[0] 0 tb0[1] 31 , tb1[0] 0 tb1[1] 0')
('2015-01-17 10:36:16.526088', 'put_channel : channel tb0, group 1, time 2015-01-17 10:36:16.526008')
('2015-01-17 10:36:16.624400', 'fd_channel : login[0] 1 login[1] 0 , tb0[0] 0 tb0[1] 31 , tb1[0] 0 tb1[1] 0')
('2015-01-17 10:36:16.668389', 'put_channel : channel tb0, group 1, time 2015-01-17 10:36:16.668319')
('2015-01-17 10:36:17.564734', 'put_channel : channel tb0, group 1, time 2015-01-17 10:36:17.564617')
('2015-01-17 10:36:17.825623', 'fd_channel : login[0] 1 login[1] 0 , tb0[0] 0 tb0[1] 33 , tb1[0] 0 tb1[1] 0')
('2015-01-17 10:36:19.530435', 'fd_channel : login[0] 1 login[1] 0 , tb0[0] 0 tb0[1] 32 , tb1[0] 0 tb1[1] 0')
('2015-01-17 10:36:20.731753', 'fd_channel : login[0] 1 login[1] 0 , tb0[0] 0 tb0[1] 32 , tb1[0] 0 tb1[1] 0')
('2015-01-17 10:36:21.532314', 'fd_channel : login[0] 1 login[1] 0 , tb0[0] 0 tb0[1] 31 , tb1[0] 0 tb1[1] 0')
('2015-01-17 10:36:22.733665', 'fd_channel : login[0] 1 login[1] 0 , tb0[0] 0 tb0[1] 31 , tb1[0] 0 tb1[1] 0')
('2015-01-17 10:36:27.818607', 'fd_channel : login[0] 1 login[1] 0 , tb0[0] 0 tb0[1] 30 , tb1[0] 0 tb1[1] 0')
('2015-01-17 10:36:29.019804', 'fd_channel : login[0] 1 login[1] 0 , tb0[0] 0 tb0[1] 30 , tb1[0] 0 tb1[1] 0')
('2015-01-17 10:36:29.820592', 'fd_channel : login[0] 1 login[1] 0 , tb0[0] 0 tb0[1] 29 , tb1[0] 0 tb1[1] 0')
('2015-01-17 10:36:31.021888', 'fd_channel : login[0] 1 login[1] 0 , tb0[0] 0 tb0[1] 29 , tb1[0] 0 tb1[1] 0')
('2015-01-17 10:36:32.423747', 'fd_channel : login[0] 1 login[1] 0 , tb0[0] 0 tb0[1] 28 , tb1[0] 0 tb1[1] 0')
('2015-01-17 10:36:33.625004', 'fd_channel : login[0] 1 login[1] 0 , tb0[0] 0 tb0[1] 28 , tb1[0] 0 tb1[1] 0')
('2015-01-17 10:36:34.425491', 'fd_channel : login[0] 1 login[1] 0 , tb0[0] 0 tb0[1] 27 , tb1[0] 0 tb1[1] 0')
('2015-01-17 10:36:35.626731', 'fd_channel : login[0] 1 login[1] 0 , tb0[0] 0 tb0[1] 27 , tb1[0] 0 tb1[1] 0')
('2015-01-17 10:36:36.911902', 'fd_channel : login[0] 1 login[1] 0 , tb0[0] 0 tb0[1] 26 , tb1[0] 0 tb1[1] 0')
('2015-01-17 10:36:38.113221', 'fd_channel : login[0] 1 login[1] 0 , tb0[0] 0 tb0[1] 26 , tb1[0] 0 tb1[1] 0')
('2015-01-17 10:36:38.913951', 'fd_channel : login[0] 1 login[1] 0 , tb0[0] 0 tb0[1] 25 , tb1[0] 0 tb1[1] 0')
('2015-01-17 10:36:40.115129', 'fd_channel : login[0] 1 login[1] 0 , tb0[0] 0 tb0[1] 25 , tb1[0] 0 tb1[1] 0')
('2015-01-17 10:36:46.060711', 'fd_channel : login[0] 1 login[1] 0 , tb0[0] 0 tb0[1] 24 , tb1[0] 0 tb1[1] 0')
('2015-01-17 10:36:46.849169', 'fd_channel : login[0] 1 login[1] 0 , tb0[0] 0 tb0[1] 23 , tb1[0] 0 tb1[1] 0')
('2015-01-17 10:36:46.884775', 'fd_channel : login[0] 1 login[1] 0 , tb0[0] 0 tb0[1] 22 , tb1[0] 0 tb1[1] 0')
('2015-01-17 10:36:48.626350', 'fd_channel : login[0] 1 login[1] 0 , tb0[0] 0 tb0[1] 21 , tb1[0] 0 tb1[1] 0')
('2015-01-17 10:36:53.534034', 'fd_channel : login[0] 1 login[1] 0 , tb0[0] 0 tb0[1] 20 , tb1[0] 0 tb1[1] 0')
('2015-01-17 10:37:01.822393', 'fd_channel : login[0] 1 login[1] 0 , tb0[0] 0 tb0[1] 19 , tb1[0] 0 tb1[1] 0')
('2015-01-17 10:37:06.062653', 'fd_channel : login[0] 1 login[1] 0 , tb0[0] 0 tb0[1] 18 , tb1[0] 0 tb1[1] 0')
('2015-01-17 10:37:06.427438', 'fd_channel : login[0] 1 login[1] 0 , tb0[0] 0 tb0[1] 17 , tb1[0] 0 tb1[1] 0')
('2015-01-17 10:37:06.850934', 'fd_channel : login[0] 1 login[1] 0 , tb0[0] 0 tb0[1] 16 , tb1[0] 0 tb1[1] 0')
('2015-01-17 10:37:06.886522', 'fd_channel : login[0] 1 login[1] 0 , tb0[0] 0 tb0[1] 15 , tb1[0] 0 tb1[1] 0')
('2015-01-17 10:37:08.627913', 'fd_channel : login[0] 1 login[1] 0 , tb0[0] 0 tb0[1] 14 , tb1[0] 0 tb1[1] 0')
('2015-01-17 10:37:10.915781', 'fd_channel : login[0] 1 login[1] 0 , tb0[0] 0 tb0[1] 13 , tb1[0] 0 tb1[1] 0')
('2015-01-17 10:37:13.535487', 'fd_channel : login[0] 1 login[1] 0 , tb0[0] 0 tb0[1] 12 , tb1[0] 0 tb1[1] 0')
('2015-01-17 10:37:19.023428', 'put_channel : channel tb0, group 1, time 2015-01-17 10:37:19.023344')
('2015-01-17 10:37:19.035168', 'put_channel : channel tb0, group 1, time 2015-01-17 10:37:19.035124')
('2015-01-17 10:37:19.066268', 'put_channel : channel tb0, group 1, time 2015-01-17 10:37:19.066200')
('2015-01-17 10:37:19.525502', 'put_channel : channel tb0, group 1, time 2015-01-17 10:37:19.525459')
('2015-01-17 10:37:19.615296', 'fd_channel : login[0] 1 login[1] 0 , tb0[0] 0 tb0[1] 15 , tb1[0] 0 tb1[1] 0')
('2015-01-17 10:37:20.000713', 'fd_channel : login[0] 1 login[1] 0 , tb0[0] 0 tb0[1] 14 , tb1[0] 0 tb1[1] 0')
('2015-01-17 10:37:20.605256', 'put_channel : channel tb0, group 1, time 2015-01-17 10:37:20.605173')
('2015-01-17 10:37:21.026430', 'put_channel : channel tb0, group 1, time 2015-01-17 10:37:21.026372')
('2015-01-17 10:37:21.051275', 'put_channel : channel tb0, group 1, time 2015-01-17 10:37:21.051228')
('2015-01-17 10:37:21.180222', 'put_channel : channel tb0, group 1, time 2015-01-17 10:37:21.180132')
('2015-01-17 10:37:21.823768', 'fd_channel : login[0] 1 login[1] 0 , tb0[0] 0 tb0[1] 17 , tb1[0] 0 tb1[1] 0')
('2015-01-17 10:37:22.037831', 'put_channel : channel tb0, group 1, time 2015-01-17 10:37:22.037733')
('2015-01-17 10:37:22.525781', 'put_channel : channel tb0, group 1, time 2015-01-17 10:37:22.525701')
('2015-01-17 10:37:22.650484', 'put_channel : channel tb0, group 1, time 2015-01-17 10:37:22.650396')
('2015-01-17 10:37:24.026366', 'put_channel : channel tb0, group 1, time 2015-01-17 10:37:24.026274')
('2015-01-17 10:37:24.058405', 'put_channel : channel tb0, group 1, time 2015-01-17 10:37:24.058313')
('2015-01-17 10:37:24.123719', 'put_channel : channel tb0, group 1, time 2015-01-17 10:37:24.123668')
('2015-01-17 10:37:25.083639', 'put_channel : channel tb0, group 1, time 2015-01-17 10:37:25.083543')
('2015-01-17 10:37:25.524430', 'put_channel : channel tb0, group 1, time 2015-01-17 10:37:25.524352')
('2015-01-17 10:37:25.660898', 'put_channel : channel tb0, group 1, time 2015-01-17 10:37:25.660808')
('2015-01-17 10:37:27.025966', 'put_channel : channel tb0, group 1, time 2015-01-17 10:37:27.025876')
('2015-01-17 10:37:27.159761', 'fd_channel : login[0] 1 login[1] 0 , tb0[0] 0 tb0[1] 26 , tb1[0] 0 tb1[1] 0')
('2015-01-17 10:37:27.226028', 'put_channel : channel tb0, group 1, time 2015-01-17 10:37:27.225919')
('2015-01-17 10:37:27.813940', 'fd_channel : login[0] 1 login[1] 0 , tb0[0] 0 tb0[1] 26 , tb1[0] 0 tb1[1] 0')
('2015-01-17 10:37:27.920121', 'fd_channel : login[0] 1 login[1] 0 , tb0[0] 0 tb0[1] 25 , tb1[0] 0 tb1[1] 0')
('2015-01-17 10:37:28.361208', 'fd_channel : login[0] 1 login[1] 0 , tb0[0] 0 tb0[1] 25 , tb1[0] 0 tb1[1] 0')
('2015-01-17 10:37:29.014829', 'fd_channel : login[0] 1 login[1] 0 , tb0[0] 0 tb0[1] 25 , tb1[0] 0 tb1[1] 0')
('2015-01-17 10:37:29.049086', 'fd_channel : login[0] 1 login[1] 0 , tb0[0] 0 tb0[1] 24 , tb1[0] 0 tb1[1] 0')
('2015-01-17 10:37:29.121397', 'fd_channel : login[0] 1 login[1] 0 , tb0[0] 0 tb0[1] 24 , tb1[0] 0 tb1[1] 0')
('2015-01-17 10:37:30.521861', 'fd_channel : login[0] 1 login[1] 0 , tb0[0] 0 tb0[1] 23 , tb1[0] 0 tb1[1] 0')
('2015-01-17 10:37:30.861638', 'fd_channel : login[0] 1 login[1] 0 , tb0[0] 0 tb0[1] 22 , tb1[0] 0 tb1[1] 0')
('2015-01-17 10:37:31.723112', 'fd_channel : login[0] 1 login[1] 0 , tb0[0] 0 tb0[1] 22 , tb1[0] 0 tb1[1] 0')
('2015-01-17 10:37:32.062665', 'fd_channel : login[0] 1 login[1] 0 , tb0[0] 0 tb0[1] 22 , tb1[0] 0 tb1[1] 0')
('2015-01-17 10:37:32.523499', 'fd_channel : login[0] 1 login[1] 0 , tb0[0] 0 tb0[1] 21 , tb1[0] 0 tb1[1] 0')
('2015-01-17 10:37:33.724665', 'fd_channel : login[0] 1 login[1] 0 , tb0[0] 0 tb0[1] 21 , tb1[0] 0 tb1[1] 0')
('2015-01-17 10:37:35.625337', 'fd_channel : login[0] 1 login[1] 0 , tb0[0] 0 tb0[1] 20 , tb1[0] 0 tb1[1] 0')
('2015-01-17 10:37:36.826535', 'fd_channel : login[0] 1 login[1] 0 , tb0[0] 0 tb0[1] 20 , tb1[0] 0 tb1[1] 0')
('2015-01-17 10:37:37.627405', 'fd_channel : login[0] 1 login[1] 0 , tb0[0] 0 tb0[1] 19 , tb1[0] 0 tb1[1] 0')
('2015-01-17 10:37:38.828764', 'fd_channel : login[0] 1 login[1] 0 , tb0[0] 0 tb0[1] 19 , tb1[0] 0 tb1[1] 0')
('2015-01-17 10:37:40.002271', 'fd_channel : login[0] 1 login[1] 0 , tb0[0] 0 tb0[1] 18 , tb1[0] 0 tb1[1] 0')
('2015-01-17 10:37:44.104951', 'fd_channel : login[0] 1 login[1] 0 , tb0[0] 0 tb0[1] 17 , tb1[0] 0 tb1[1] 0')
('2015-01-17 10:37:45.306009', 'fd_channel : login[0] 1 login[1] 0 , tb0[0] 0 tb0[1] 17 , tb1[0] 0 tb1[1] 0')
('2015-01-17 10:37:46.106659', 'fd_channel : login[0] 1 login[1] 0 , tb0[0] 0 tb0[1] 16 , tb1[0] 0 tb1[1] 0')
('2015-01-17 10:37:47.307911', 'fd_channel : login[0] 1 login[1] 0 , tb0[0] 0 tb0[1] 16 , tb1[0] 0 tb1[1] 0')
('2015-01-17 10:37:58.557625', 'put_channel : channel tb0, group 1, time 2015-01-17 10:37:58.557530')
('2015-01-17 10:37:59.580013', 'put_channel : channel tb0, group 1, time 2015-01-17 10:37:59.579898')
('2015-01-17 10:38:00.003747', 'fd_channel : login[0] 1 login[1] 0 , tb0[0] 0 tb0[1] 17 , tb1[0] 0 tb1[1] 0')
('2015-01-17 10:38:00.025662', 'put_channel : channel tb0, group 1, time 2015-01-17 10:38:00.025603')
('2015-01-17 10:38:00.028107', 'put_channel : channel tb0, group 1, time 2015-01-17 10:38:00.028072')
('2015-01-17 10:38:00.059159', 'put_channel : channel tb0, group 1, time 2015-01-17 10:38:00.059120')
('2015-01-17 10:38:00.157357', 'put_channel : channel tb0, group 1, time 2015-01-17 10:38:00.157272')
('2015-01-17 10:38:01.084803', 'put_channel : channel tb0, group 1, time 2015-01-17 10:38:01.084696')
('2015-01-17 10:38:01.526214', 'put_channel : channel tb0, group 1, time 2015-01-17 10:38:01.526126')
('2015-01-17 10:38:01.547740', 'put_channel : channel tb0, group 1, time 2015-01-17 10:38:01.547632')
('2015-01-17 10:38:02.587452', 'put_channel : channel tb0, group 1, time 2015-01-17 10:38:02.587360')
('2015-01-17 10:38:03.025868', 'put_channel : channel tb0, group 1, time 2015-01-17 10:38:03.025787')
('2015-01-17 10:38:09.629273', 'fd_channel : login[0] 1 login[1] 0 , tb0[0] 0 tb0[1] 25 , tb1[0] 0 tb1[1] 0')
('2015-01-17 10:38:11.422236', 'fd_channel : login[0] 1 login[1] 0 , tb0[0] 0 tb0[1] 24 , tb1[0] 0 tb1[1] 0')
('2015-01-17 10:38:12.623226', 'fd_channel : login[0] 1 login[1] 0 , tb0[0] 0 tb0[1] 24 , tb1[0] 0 tb1[1] 0')
('2015-01-17 10:38:13.424090', 'fd_channel : login[0] 1 login[1] 0 , tb0[0] 0 tb0[1] 23 , tb1[0] 0 tb1[1] 0')
('2015-01-17 10:38:14.625360', 'fd_channel : login[0] 1 login[1] 0 , tb0[0] 0 tb0[1] 23 , tb1[0] 0 tb1[1] 0')
('2015-01-17 10:38:18.108549', 'fd_channel : login[0] 1 login[1] 0 , tb0[0] 0 tb0[1] 22 , tb1[0] 0 tb1[1] 0')
('2015-01-17 10:38:29.631073', 'fd_channel : login[0] 1 login[1] 0 , tb0[0] 0 tb0[1] 21 , tb1[0] 0 tb1[1] 0')
('2015-01-17 10:38:34.025434', 'put_channel : channel tb0, group 1, time 2015-01-17 10:38:34.025329')
('2015-01-17 10:38:34.524368', 'put_channel : channel tb0, group 1, time 2015-01-17 10:38:34.524285')
('2015-01-17 10:38:34.527871', 'put_channel : channel tb0, group 1, time 2015-01-17 10:38:34.527830')
('2015-01-17 10:38:34.555736', 'put_channel : channel tb0, group 1, time 2015-01-17 10:38:34.555661')
('2015-01-17 10:38:35.530154', 'put_channel : channel tb0, group 1, time 2015-01-17 10:38:35.530038')
('2015-01-17 10:38:35.581678', 'put_channel : channel tb0, group 1, time 2015-01-17 10:38:35.581587')
('2015-01-17 10:38:36.024343', 'put_channel : channel tb0, group 1, time 2015-01-17 10:38:36.024267')
('2015-01-17 10:38:36.187652', 'put_channel : channel tb0, group 1, time 2015-01-17 10:38:36.187551')
('2015-01-17 10:38:37.084364', 'put_channel : channel tb0, group 1, time 2015-01-17 10:38:37.084276')
('2015-01-17 10:38:37.527676', 'put_channel : channel tb0, group 1, time 2015-01-17 10:38:37.527564')
('2015-01-17 10:38:37.547305', 'put_channel : channel tb0, group 1, time 2015-01-17 10:38:37.547199')
('2015-01-17 10:38:37.662029', 'put_channel : channel tb0, group 1, time 2015-01-17 10:38:37.661889')
('2015-01-17 10:38:38.109896', 'fd_channel : login[0] 1 login[1] 0 , tb0[0] 0 tb0[1] 32 , tb1[0] 0 tb1[1] 0')
('2015-01-17 10:38:38.587515', 'put_channel : channel tb0, group 1, time 2015-01-17 10:38:38.587426')
('2015-01-17 10:38:39.027472', 'put_channel : channel tb0, group 1, time 2015-01-17 10:38:39.027389')
('2015-01-17 10:38:39.132436', 'put_channel : channel tb0, group 1, time 2015-01-17 10:38:39.132347')
('2015-01-17 10:38:40.092460', 'put_channel : channel tb0, group 1, time 2015-01-17 10:38:40.092353')
('2015-01-17 10:38:40.525344', 'put_channel : channel tb0, group 1, time 2015-01-17 10:38:40.525264')
('2015-01-17 10:38:40.555442', 'put_channel : channel tb0, group 1, time 2015-01-17 10:38:40.555383')
('2015-01-17 10:38:40.667987', 'put_channel : channel tb0, group 1, time 2015-01-17 10:38:40.667897')
('2015-01-17 10:38:42.965856', 'fd_channel : login[0] 1 login[1] 0 , tb0[0] 0 tb0[1] 38 , tb1[0] 0 tb1[1] 0')
('2015-01-17 10:38:44.167096', 'fd_channel : login[0] 1 login[1] 0 , tb0[0] 0 tb0[1] 38 , tb1[0] 0 tb1[1] 0')
('2015-01-17 10:38:44.967759', 'fd_channel : login[0] 1 login[1] 0 , tb0[0] 0 tb0[1] 37 , tb1[0] 0 tb1[1] 0')
('2015-01-17 10:38:45.425847', 'fd_channel : login[0] 1 login[1] 0 , tb0[0] 0 tb0[1] 36 , tb1[0] 0 tb1[1] 0')
('2015-01-17 10:38:46.169061', 'fd_channel : login[0] 1 login[1] 0 , tb0[0] 0 tb0[1] 36 , tb1[0] 0 tb1[1] 0')
('2015-01-17 10:38:49.717753', 'fd_channel : login[0] 1 login[1] 0 , tb0[0] 0 tb0[1] 35 , tb1[0] 0 tb1[1] 0')
('2015-01-17 10:38:50.919088', 'fd_channel : login[0] 1 login[1] 0 , tb0[0] 0 tb0[1] 35 , tb1[0] 0 tb1[1] 0')
('2015-01-17 10:38:51.719421', 'fd_channel : login[0] 1 login[1] 0 , tb0[0] 0 tb0[1] 34 , tb1[0] 0 tb1[1] 0')
('2015-01-17 10:38:52.920776', 'fd_channel : login[0] 1 login[1] 0 , tb0[0] 0 tb0[1] 34 , tb1[0] 0 tb1[1] 0')
('2015-01-17 10:38:55.427939', 'fd_channel : login[0] 1 login[1] 0 , tb0[0] 0 tb0[1] 33 , tb1[0] 0 tb1[1] 0')
('2015-01-17 10:39:05.427597', 'fd_channel : login[0] 1 login[1] 0 , tb0[0] 0 tb0[1] 32 , tb1[0] 0 tb1[1] 0')
('2015-01-17 10:39:12.024432', 'put_channel : channel tb0, group 1, time 2015-01-17 10:39:12.024328')
('2015-01-17 10:39:12.026842', 'put_channel : channel tb0, group 1, time 2015-01-17 10:39:12.026801')
('2015-01-17 10:39:12.060272', 'put_channel : channel tb0, group 1, time 2015-01-17 10:39:12.060218')
('2015-01-17 10:39:13.035590', 'put_channel : channel tb0, group 1, time 2015-01-17 10:39:13.035464')
('2015-01-17 10:39:13.083876', 'put_channel : channel tb0, group 1, time 2015-01-17 10:39:13.083790')
('2015-01-17 10:39:13.525586', 'put_channel : channel tb0, group 1, time 2015-01-17 10:39:13.525499')
('2015-01-17 10:39:13.528356', 'put_channel : channel tb0, group 1, time 2015-01-17 10:39:13.528318')
('2015-01-17 10:39:13.546519', 'put_channel : channel tb0, group 1, time 2015-01-17 10:39:13.546479')
('2015-01-17 10:39:13.627560', 'put_channel : channel tb0, group 1, time 2015-01-17 10:39:13.627460')
('2015-01-17 10:39:14.538679', 'put_channel : channel tb0, group 1, time 2015-01-17 10:39:14.538592')
('2015-01-17 10:39:14.587808', 'put_channel : channel tb0, group 1, time 2015-01-17 10:39:14.587733')
('2015-01-17 10:39:15.389462', 'fd_channel : login[0] 1 login[1] 0 , tb0[0] 0 tb0[1] 42 , tb1[0] 0 tb1[1] 0')
('2015-01-17 10:39:16.969440', 'fd_channel : login[0] 1 login[1] 0 , tb0[0] 0 tb0[1] 41 , tb1[0] 0 tb1[1] 0')
('2015-01-17 10:39:23.721096', 'fd_channel : login[0] 1 login[1] 0 , tb0[0] 0 tb0[1] 40 , tb1[0] 0 tb1[1] 0')
('2015-01-17 10:39:36.971167', 'fd_channel : login[0] 1 login[1] 0 , tb0[0] 0 tb0[1] 39 , tb1[0] 0 tb1[1] 0')
('2015-01-17 10:39:41.915786', 'fd_channel : login[0] 1 login[1] 0 , tb0[0] 0 tb0[1] 38 , tb1[0] 0 tb1[1] 0')
('2015-01-17 10:39:43.116933', 'fd_channel : login[0] 1 login[1] 0 , tb0[0] 0 tb0[1] 38 , tb1[0] 0 tb1[1] 0')
('2015-01-17 10:39:43.722778', 'fd_channel : login[0] 1 login[1] 0 , tb0[0] 0 tb0[1] 37 , tb1[0] 0 tb1[1] 0')
('2015-01-17 10:39:43.917748', 'fd_channel : login[0] 1 login[1] 0 , tb0[0] 0 tb0[1] 36 , tb1[0] 0 tb1[1] 0')
('2015-01-17 10:39:45.052104', 'put_channel : channel tb0, group 1, time 2015-01-17 10:39:45.051983')
('2015-01-17 10:39:45.118813', 'fd_channel : login[0] 1 login[1] 0 , tb0[0] 0 tb0[1] 37 , tb1[0] 0 tb1[1] 0')
('2015-01-17 10:39:46.023432', 'put_channel : channel tb0, group 1, time 2015-01-17 10:39:46.023333')
('2015-01-17 10:39:46.036047', 'put_channel : channel tb0, group 1, time 2015-01-17 10:39:46.035952')
('2015-01-17 10:39:46.075714', 'put_channel : channel tb0, group 1, time 2015-01-17 10:39:46.075659')
('2015-01-17 10:39:46.525354', 'put_channel : channel tb0, group 1, time 2015-01-17 10:39:46.525273')
('2015-01-17 10:39:47.579771', 'put_channel : channel tb0, group 1, time 2015-01-17 10:39:47.579680')
('2015-01-17 10:39:48.026654', 'put_channel : channel tb0, group 1, time 2015-01-17 10:39:48.026575')
('2015-01-17 10:39:48.058008', 'put_channel : channel tb0, group 1, time 2015-01-17 10:39:48.057933')
('2015-01-17 10:39:48.123070', 'put_channel : channel tb0, group 1, time 2015-01-17 10:39:48.123009')
('2015-01-17 10:39:49.034751', 'put_channel : channel tb0, group 1, time 2015-01-17 10:39:49.034640')
('2015-01-17 10:39:49.084848', 'put_channel : channel tb0, group 1, time 2015-01-17 10:39:49.084741')
('2015-01-17 10:39:49.525622', 'put_channel : channel tb0, group 1, time 2015-01-17 10:39:49.525543')
('2015-01-17 10:39:49.659905', 'put_channel : channel tb0, group 1, time 2015-01-17 10:39:49.659826')
('2015-01-17 10:39:50.588831', 'put_channel : channel tb0, group 1, time 2015-01-17 10:39:50.588731')
('2015-01-17 10:39:51.027120', 'put_channel : channel tb0, group 1, time 2015-01-17 10:39:51.027035')
('2015-01-17 10:39:51.051949', 'put_channel : channel tb0, group 1, time 2015-01-17 10:39:51.051876')
('2015-01-17 10:39:51.133854', 'put_channel : channel tb0, group 1, time 2015-01-17 10:39:51.133756')
('2015-01-17 10:39:52.091790', 'put_channel : channel tb0, group 1, time 2015-01-17 10:39:52.091696')
('2015-01-17 10:39:52.525336', 'put_channel : channel tb0, group 1, time 2015-01-17 10:39:52.525258')
('2015-01-17 10:39:55.613376', 'fd_channel : login[0] 1 login[1] 0 , tb0[0] 0 tb0[1] 50 , tb1[0] 0 tb1[1] 0')
('2015-01-17 10:39:56.812990', 'fd_channel : login[0] 1 login[1] 0 , tb0[0] 0 tb0[1] 50 , tb1[0] 0 tb1[1] 0')
('2015-01-17 10:39:57.613898', 'fd_channel : login[0] 1 login[1] 0 , tb0[0] 0 tb0[1] 48 , tb1[0] 0 tb1[1] 0')
('2015-01-17 10:39:58.814931', 'fd_channel : login[0] 1 login[1] 0 , tb0[0] 0 tb0[1] 48 , tb1[0] 0 tb1[1] 0')
('2015-01-17 10:39:59.004107', 'fd_channel : login[0] 1 login[1] 0 , tb0[0] 0 tb0[1] 47 , tb1[0] 0 tb1[1] 0')
('2015-01-17 10:40:00.205430', 'fd_channel : login[0] 1 login[1] 0 , tb0[0] 0 tb0[1] 47 , tb1[0] 0 tb1[1] 0')
('2015-01-17 10:40:01.005971', 'fd_channel : login[0] 1 login[1] 0 , tb0[0] 0 tb0[1] 46 , tb1[0] 0 tb1[1] 0')
('2015-01-17 10:40:02.207302', 'fd_channel : login[0] 1 login[1] 0 , tb0[0] 0 tb0[1] 46 , tb1[0] 0 tb1[1] 0')
('2015-01-17 10:40:15.919521', 'fd_channel : login[0] 1 login[1] 0 , tb0[0] 0 tb0[1] 45 , tb1[0] 0 tb1[1] 0')
('2015-01-17 10:40:23.532100', 'put_channel : channel tb0, group 1, time 2015-01-17 10:40:23.532012')
('2015-01-17 10:40:24.025652', 'put_channel : channel tb0, group 1, time 2015-01-17 10:40:24.025572')
('2015-01-17 10:40:24.028157', 'put_channel : channel tb0, group 1, time 2015-01-17 10:40:24.028118')
('2015-01-17 10:40:24.061286', 'put_channel : channel tb0, group 1, time 2015-01-17 10:40:24.061234')
('2015-01-17 10:40:25.085090', 'put_channel : channel tb0, group 1, time 2015-01-17 10:40:25.084985')
('2015-01-17 10:40:25.526355', 'put_channel : channel tb0, group 1, time 2015-01-17 10:40:25.526297')
('2015-01-17 10:40:25.547194', 'put_channel : channel tb0, group 1, time 2015-01-17 10:40:25.547135')
('2015-01-17 10:40:25.628268', 'put_channel : channel tb0, group 1, time 2015-01-17 10:40:25.628173')
('2015-01-17 10:40:26.424960', 'fd_channel : login[0] 1 login[1] 0 , tb0[0] 0 tb0[1] 52 , tb1[0] 0 tb1[1] 0')
('2015-01-17 10:40:26.588800', 'put_channel : channel tb0, group 1, time 2015-01-17 10:40:26.588724')
('2015-01-17 10:40:26.618280', 'fd_channel : login[0] 1 login[1] 0 , tb0[0] 0 tb0[1] 52 , tb1[0] 0 tb1[1] 0')
('2015-01-17 10:40:26.646774', 'fd_channel : login[0] 1 login[1] 0 , tb0[0] 0 tb0[1] 51 , tb1[0] 0 tb1[1] 0')
('2015-01-17 10:40:26.704905', 'fd_channel : login[0] 1 login[1] 0 , tb0[0] 0 tb0[1] 50 , tb1[0] 0 tb1[1] 0')
('2015-01-17 10:40:27.025442', 'put_channel : channel tb0, group 1, time 2015-01-17 10:40:27.025364')
('2015-01-17 10:40:27.050870', 'put_channel : channel tb0, group 1, time 2015-01-17 10:40:27.050825')
('2015-01-17 10:40:28.932735', 'fd_channel : login[0] 1 login[1] 0 , tb0[0] 0 tb0[1] 51 , tb1[0] 0 tb1[1] 0')
('2015-01-17 10:40:28.992840', 'fd_channel : login[0] 1 login[1] 0 , tb0[0] 0 tb0[1] 50 , tb1[0] 0 tb1[1] 0')
('2015-01-17 10:40:29.615034', 'fd_channel : login[0] 1 login[1] 0 , tb0[0] 0 tb0[1] 49 , tb1[0] 0 tb1[1] 0')
('2015-01-17 10:40:35.923649', 'fd_channel : login[0] 1 login[1] 0 , tb0[0] 0 tb0[1] 40 , tb1[0] 0 tb1[1] 0')
('2015-01-17 10:40:38.570430', 'fd_channel : login[0] 1 login[1] 0 , tb0[0] 0 tb0[1] 39 , tb1[0] 0 tb1[1] 0')
('2015-01-17 10:40:44.440410', 'fd_channel : login[0] 1 login[1] 0 , tb0[0] 0 tb0[1] 38 , tb1[0] 0 tb1[1] 0')
('2015-01-17 10:40:44.797280', 'fd_channel : login[0] 1 login[1] 0 , tb0[0] 0 tb0[1] 37 , tb1[0] 0 tb1[1] 0')
('2015-01-17 10:40:49.616577', 'fd_channel : login[0] 1 login[1] 0 , tb0[0] 0 tb0[1] 36 , tb1[0] 0 tb1[1] 0')
('2015-01-17 10:40:55.922734', 'fd_channel : login[0] 1 login[1] 0 , tb0[0] 0 tb0[1] 35 , tb1[0] 0 tb1[1] 0')
('2015-01-17 10:40:58.024466', 'put_channel : channel tb0, group 1, time 2015-01-17 10:40:58.024374')
('2015-01-17 10:40:58.524645', 'put_channel : channel tb0, group 1, time 2015-01-17 10:40:58.524560')
('2015-01-17 10:40:58.526604', 'put_channel : channel tb0, group 1, time 2015-01-17 10:40:58.526566')
('2015-01-17 10:40:58.555441', 'put_channel : channel tb0, group 1, time 2015-01-17 10:40:58.555396')
('2015-01-17 10:40:59.532695', 'put_channel : channel tb0, group 1, time 2015-01-17 10:40:59.532594')
('2015-01-17 10:40:59.582452', 'put_channel : channel tb0, group 1, time 2015-01-17 10:40:59.582351')
('2015-01-17 10:41:00.025874', 'put_channel : channel tb0, group 1, time 2015-01-17 10:41:00.025787')
('2015-01-17 10:41:00.279845', 'put_channel : channel tb0, group 1, time 2015-01-17 10:41:00.279746')
('2015-01-17 10:41:01.084310', 'put_channel : channel tb0, group 1, time 2015-01-17 10:41:01.084217')
('2015-01-17 10:41:01.526200', 'put_channel : channel tb0, group 1, time 2015-01-17 10:41:01.526118')
('2015-01-17 10:41:01.548488', 'put_channel : channel tb0, group 1, time 2015-01-17 10:41:01.548430')
('2015-01-17 10:41:01.661241', 'put_channel : channel tb0, group 1, time 2015-01-17 10:41:01.661162')
('2015-01-17 10:41:02.589010', 'put_channel : channel tb0, group 1, time 2015-01-17 10:41:02.588900')
('2015-01-17 10:41:03.026124', 'put_channel : channel tb0, group 1, time 2015-01-17 10:41:03.026035')
('2015-01-17 10:41:03.131160', 'put_channel : channel tb0, group 1, time 2015-01-17 10:41:03.131073')
('2015-01-17 10:41:04.092812', 'put_channel : channel tb0, group 1, time 2015-01-17 10:41:04.092729')
('2015-01-17 10:41:04.524128', 'put_channel : channel tb0, group 1, time 2015-01-17 10:41:04.524042')
('2015-01-17 10:41:04.556616', 'put_channel : channel tb0, group 1, time 2015-01-17 10:41:04.556511')
('2015-01-17 10:41:04.669414', 'put_channel : channel tb0, group 1, time 2015-01-17 10:41:04.669328')
('2015-01-17 10:41:14.605563', 'fd_channel : login[0] 1 login[1] 0 , tb0[0] 0 tb0[1] 48 , tb1[0] 0 tb1[1] 0')
('2015-01-17 10:41:15.804947', 'fd_channel : login[0] 1 login[1] 0 , tb0[0] 0 tb0[1] 48 , tb1[0] 0 tb1[1] 0')
('2015-01-17 10:41:16.605920', 'fd_channel : login[0] 1 login[1] 0 , tb0[0] 0 tb0[1] 47 , tb1[0] 0 tb1[1] 0')
('2015-01-17 10:41:17.807238', 'fd_channel : login[0] 1 login[1] 0 , tb0[0] 0 tb0[1] 47 , tb1[0] 0 tb1[1] 0')
('2015-01-17 10:41:26.846059', 'fd_channel : login[0] 1 login[1] 0 , tb0[0] 0 tb0[1] 46 , tb1[0] 0 tb1[1] 0')
('2015-01-17 10:41:28.047253', 'fd_channel : login[0] 1 login[1] 0 , tb0[0] 0 tb0[1] 46 , tb1[0] 0 tb1[1] 0')
('2015-01-17 10:41:28.847872', 'fd_channel : login[0] 1 login[1] 0 , tb0[0] 0 tb0[1] 45 , tb1[0] 0 tb1[1] 0')
('2015-01-17 10:41:30.049242', 'fd_channel : login[0] 1 login[1] 0 , tb0[0] 0 tb0[1] 45 , tb1[0] 0 tb1[1] 0')
('2015-01-17 10:41:36.025406', 'put_channel : channel tb0, group 1, time 2015-01-17 10:41:36.025324')
('2015-01-17 10:41:36.026519', 'put_channel : channel tb0, group 1, time 2015-01-17 10:41:36.026482')
('2015-01-17 10:41:36.059855', 'put_channel : channel tb0, group 1, time 2015-01-17 10:41:36.059765')
('2015-01-17 10:41:37.036553', 'put_channel : channel tb0, group 1, time 2015-01-17 10:41:37.036460')
('2015-01-17 10:41:37.084252', 'put_channel : channel tb0, group 1, time 2015-01-17 10:41:37.084156')
('2015-01-17 10:41:37.526196', 'put_channel : channel tb0, group 1, time 2015-01-17 10:41:37.526090')
('2015-01-17 10:41:37.528238', 'put_channel : channel tb0, group 1, time 2015-01-17 10:41:37.528186')
('2015-01-17 10:41:37.546941', 'put_channel : channel tb0, group 1, time 2015-01-17 10:41:37.546891')
('2015-01-17 10:41:37.628670', 'put_channel : channel tb0, group 1, time 2015-01-17 10:41:37.628576')
('2015-01-17 10:41:38.539697', 'put_channel : channel tb0, group 1, time 2015-01-17 10:41:38.539609')
('2015-01-17 10:41:38.588173', 'put_channel : channel tb0, group 1, time 2015-01-17 10:41:38.588112')
('2015-01-17 10:41:48.612330', 'fd_channel : login[0] 1 login[1] 0 , tb0[0] 0 tb0[1] 40 , tb1[0] 0 tb1[1] 0')
('2015-01-17 10:42:00.849781', 'fd_channel : login[0] 1 login[1] 0 , tb0[0] 0 tb0[1] 39 , tb1[0] 0 tb1[1] 0')
('2015-01-17 10:42:08.609234', 'fd_channel : login[0] 1 login[1] 0 , tb0[0] 0 tb0[1] 38 , tb1[0] 0 tb1[1] 0')
('2015-01-17 10:42:08.615690', 'fd_channel : login[0] 1 login[1] 0 , tb0[0] 0 tb0[1] 37 , tb1[0] 0 tb1[1] 0')
('2015-01-17 10:42:09.904874', 'fd_channel : login[0] 1 login[1] 0 , tb0[0] 0 tb0[1] 36 , tb1[0] 0 tb1[1] 0')
('2015-01-17 10:42:10.076119', 'put_channel : channel tb0, group 1, time 2015-01-17 10:42:10.076024')
('2015-01-17 10:42:10.526437', 'put_channel : channel tb0, group 1, time 2015-01-17 10:42:10.526348')
('2015-01-17 10:42:10.527166', 'put_channel : channel tb0, group 1, time 2015-01-17 10:42:10.527130')
('2015-01-17 10:42:10.556654', 'put_channel : channel tb0, group 1, time 2015-01-17 10:42:10.556595')
('2015-01-17 10:42:11.532047', 'put_channel : channel tb0, group 1, time 2015-01-17 10:42:11.531958')
('2015-01-17 10:42:11.578859', 'put_channel : channel tb0, group 1, time 2015-01-17 10:42:11.578798')
('2015-01-17 10:42:12.024626', 'put_channel : channel tb0, group 1, time 2015-01-17 10:42:12.024504')
('2015-01-17 10:42:12.126007', 'put_channel : channel tb0, group 1, time 2015-01-17 10:42:12.125916')
('2015-01-17 10:42:13.083765', 'put_channel : channel tb0, group 1, time 2015-01-17 10:42:13.083676')
('2015-01-17 10:42:13.526985', 'put_channel : channel tb0, group 1, time 2015-01-17 10:42:13.526893')
('2015-01-17 10:42:13.547513', 'put_channel : channel tb0, group 1, time 2015-01-17 10:42:13.547436')
('2015-01-17 10:42:13.658690', 'put_channel : channel tb0, group 1, time 2015-01-17 10:42:13.658582')
('2015-01-17 10:42:14.587196', 'put_channel : channel tb0, group 1, time 2015-01-17 10:42:14.587104')
('2015-01-17 10:42:15.026681', 'put_channel : channel tb0, group 1, time 2015-01-17 10:42:15.026602')
('2015-01-17 10:42:15.131173', 'put_channel : channel tb0, group 1, time 2015-01-17 10:42:15.131100')
('2015-01-17 10:42:15.248634', 'fd_channel : login[0] 1 login[1] 0 , tb0[0] 0 tb0[1] 50 , tb1[0] 0 tb1[1] 0')
('2015-01-17 10:42:15.376689', 'fd_channel : login[0] 1 login[1] 0 , tb0[0] 0 tb0[1] 49 , tb1[0] 0 tb1[1] 0')
('2015-01-17 10:42:16.093690', 'put_channel : channel tb0, group 1, time 2015-01-17 10:42:16.093594')
('2015-01-17 10:42:16.148954', 'fd_channel : login[0] 1 login[1] 0 , tb0[0] 0 tb0[1] 49 , tb1[0] 0 tb1[1] 0')
('2015-01-17 10:42:16.450373', 'fd_channel : login[0] 1 login[1] 0 , tb0[0] 0 tb0[1] 49 , tb1[0] 0 tb1[1] 0')
('2015-01-17 10:42:16.525477', 'put_channel : channel tb0, group 1, time 2015-01-17 10:42:16.525400')
('2015-01-17 10:42:16.555434', 'put_channel : channel tb0, group 1, time 2015-01-17 10:42:16.555336')
('2015-01-17 10:42:16.667492', 'put_channel : channel tb0, group 1, time 2015-01-17 10:42:16.667405')
('2015-01-17 10:42:17.250487', 'fd_channel : login[0] 1 login[1] 0 , tb0[0] 0 tb0[1] 51 , tb1[0] 0 tb1[1] 0')
('2015-01-17 10:42:18.451917', 'fd_channel : login[0] 1 login[1] 0 , tb0[0] 0 tb0[1] 51 , tb1[0] 0 tb1[1] 0')
('2015-01-17 10:42:20.455677', 'fd_channel : login[0] 1 login[1] 0 , tb0[0] 0 tb0[1] 50 , tb1[0] 0 tb1[1] 0')
('2015-01-17 10:42:21.657044', 'fd_channel : login[0] 1 login[1] 0 , tb0[0] 0 tb0[1] 50 , tb1[0] 0 tb1[1] 0')
('2015-01-17 10:42:22.457778', 'fd_channel : login[0] 1 login[1] 0 , tb0[0] 0 tb0[1] 48 , tb1[0] 0 tb1[1] 0')
('2015-01-17 10:42:23.658659', 'fd_channel : login[0] 1 login[1] 0 , tb0[0] 0 tb0[1] 48 , tb1[0] 0 tb1[1] 0')
('2015-01-17 10:42:48.031349', 'put_channel : channel tb0, group 1, time 2015-01-17 10:42:48.031256')
('2015-01-17 10:42:48.066356', 'put_channel : channel tb0, group 1, time 2015-01-17 10:42:48.066275')
('2015-01-17 10:42:49.083593', 'put_channel : channel tb0, group 1, time 2015-01-17 10:42:49.083501')
('2015-01-17 10:42:49.252419', 'fd_channel : login[0] 1 login[1] 0 , tb0[0] 0 tb0[1] 50 , tb1[0] 0 tb1[1] 0')
('2015-01-17 10:42:49.526251', 'put_channel : channel tb0, group 1, time 2015-01-17 10:42:49.526150')
('2015-01-17 10:42:49.547907', 'put_channel : channel tb0, group 1, time 2015-01-17 10:42:49.547836')
('2015-01-17 10:42:49.628154', 'put_channel : channel tb0, group 1, time 2015-01-17 10:42:49.628060')
('2015-01-17 10:42:50.538355', 'put_channel : channel tb0, group 1, time 2015-01-17 10:42:50.538246')
('2015-01-17 10:42:50.587880', 'put_channel : channel tb0, group 1, time 2015-01-17 10:42:50.587758')
('2015-01-17 10:42:51.024853', 'put_channel : channel tb0, group 1, time 2015-01-17 10:42:51.024756')
('2015-01-17 10:42:51.051009', 'put_channel : channel tb0, group 1, time 2015-01-17 10:42:51.050927')
('2015-01-17 10:42:51.164010', 'put_channel : channel tb0, group 1, time 2015-01-17 10:42:51.163918')
('2015-01-17 10:42:55.915986', 'fd_channel : login[0] 1 login[1] 0 , tb0[0] 0 tb0[1] 47 , tb1[0] 0 tb1[1] 0')
('2015-01-17 10:42:57.114224', 'fd_channel : login[0] 1 login[1] 0 , tb0[0] 0 tb0[1] 47 , tb1[0] 0 tb1[1] 0')
('2015-01-17 10:42:57.915332', 'fd_channel : login[0] 1 login[1] 0 , tb0[0] 0 tb0[1] 44 , tb1[0] 0 tb1[1] 0')
('2015-01-17 10:42:59.115866', 'fd_channel : login[0] 1 login[1] 0 , tb0[0] 0 tb0[1] 44 , tb1[0] 0 tb1[1] 0')
('2015-01-17 10:43:22.529155', 'put_channel : channel tb0, group 1, time 2015-01-17 10:43:22.529048')
('2015-01-17 10:43:22.555769', 'put_channel : channel tb0, group 1, time 2015-01-17 10:43:22.555676')
('2015-01-17 10:43:23.531304', 'put_channel : channel tb0, group 1, time 2015-01-17 10:43:23.531204')
('2015-01-17 10:43:23.579924', 'put_channel : channel tb0, group 1, time 2015-01-17 10:43:23.579835')
('2015-01-17 10:43:24.186898', 'put_channel : channel tb0, group 1, time 2015-01-17 10:43:24.186808')
('2015-01-17 10:43:25.083654', 'put_channel : channel tb0, group 1, time 2015-01-17 10:43:25.083574')
('2015-01-17 10:43:25.547814', 'put_channel : channel tb0, group 1, time 2015-01-17 10:43:25.547705')
('2015-01-17 10:43:25.659732', 'put_channel : channel tb0, group 1, time 2015-01-17 10:43:25.659614')
('2015-01-17 10:43:26.588323', 'put_channel : channel tb0, group 1, time 2015-01-17 10:43:26.588218')
('2015-01-17 10:43:27.134113', 'put_channel : channel tb0, group 1, time 2015-01-17 10:43:27.134018')
('2015-01-17 10:43:28.092457', 'put_channel : channel tb0, group 1, time 2015-01-17 10:43:28.092347')
('2015-01-17 10:43:28.555536', 'put_channel : channel tb0, group 1, time 2015-01-17 10:43:28.555434')
('2015-01-17 10:43:28.668633', 'put_channel : channel tb0, group 1, time 2015-01-17 10:43:28.668533')
('2015-01-17 10:43:29.564913', 'put_channel : channel tb0, group 1, time 2015-01-17 10:43:29.564812')
('2015-01-17 10:43:30.139875', 'put_channel : channel tb0, group 1, time 2015-01-17 10:43:30.139794')
('2015-01-17 10:43:31.102397', 'put_channel : channel tb0, group 1, time 2015-01-17 10:43:31.102236')
('2015-01-17 10:43:31.612938', 'put_channel : channel tb0, group 1, time 2015-01-17 10:43:31.612851')
('2015-01-17 10:43:33.147143', 'put_channel : channel tb0, group 1, time 2015-01-17 10:43:33.147058')
('2015-01-17 10:43:34.684799', 'put_channel : channel tb0, group 1, time 2015-01-17 10:43:34.684708')
('2015-01-17 10:43:55.350921', 'fd_channel : login[0] 1 login[1] 0 , tb0[0] 0 tb0[1] 48 , tb1[0] 0 tb1[1] 0')
('2015-01-17 10:43:55.351793', 'fd_channel : login[0] 1 login[1] 0 , tb0[0] 0 tb0[1] 47 , tb1[0] 0 tb1[1] 0')
('2015-01-17 10:43:55.352316', 'fd_channel : login[0] 1 login[1] 0 , tb0[0] 0 tb0[1] 46 , tb1[0] 0 tb1[1] 0')
('2015-01-17 10:43:55.792019', 'fd_channel : login[0] 1 login[1] 0 , tb0[0] 0 tb0[1] 45 , tb1[0] 0 tb1[1] 0')
('2015-01-17 10:43:57.149062', 'put_channel : channel tb0, group 0, time 2015-01-17 10:43:57.148944')
('2015-01-17 10:43:58.661102', 'put_channel : channel tb0, group 0, time 2015-01-17 10:43:58.660957')
('2015-01-17 10:44:00.158827', 'put_channel : channel tb0, group 0, time 2015-01-17 10:44:00.158746')
('2015-01-17 10:44:01.663013', 'put_channel : channel tb0, group 0, time 2015-01-17 10:44:01.662905')
('2015-01-17 10:44:03.165165', 'put_channel : channel tb0, group 0, time 2015-01-17 10:44:03.165061')
('2015-01-17 10:44:07.644634', 'put_channel : channel tb0, group 1, time 2015-01-17 10:44:07.644545')
('2015-01-17 10:44:07.670072', 'put_channel : channel tb0, group 0, time 2015-01-17 10:44:07.670001')
('2015-01-17 10:44:10.688560', 'put_channel : channel tb0, group 0, time 2015-01-17 10:44:10.688443')
('2015-01-17 10:44:13.692783', 'put_channel : channel tb0, group 0, time 2015-01-17 10:44:13.692679')
('2015-01-17 10:44:16.694072', 'put_channel : channel tb0, group 0, time 2015-01-17 10:44:16.693974')
('2015-01-17 10:44:19.652161', 'put_channel : channel tb0, group 0, time 2015-01-17 10:44:19.652061')
('2015-01-17 10:44:22.706997', 'put_channel : channel tb0, group 0, time 2015-01-17 10:44:22.706897')
('2015-01-17 11:27:46.525833', 'put_channel : channel tb1, group 1, time 2015-01-17 11:27:46.525744')
('2015-01-17 11:27:46.526639', 'put_channel : channel tb1, group 0, time 2015-01-17 11:27:46.526602')
('2015-01-17 11:27:48.023900', 'put_channel : channel tb1, group 1, time 2015-01-17 11:27:48.023806')
('2015-01-17 11:27:48.033410', 'put_channel : channel tb1, group 0, time 2015-01-17 11:27:48.033318')
('2015-01-17 11:27:49.523847', 'put_channel : channel tb1, group 1, time 2015-01-17 11:27:49.523753')
('2015-01-17 11:27:49.526015', 'put_channel : channel tb1, group 0, time 2015-01-17 11:27:49.525974')
('2015-01-17 11:27:51.025868', 'put_channel : channel tb1, group 1, time 2015-01-17 11:27:51.025752')
('2015-01-17 11:27:51.027818', 'put_channel : channel tb1, group 0, time 2015-01-17 11:27:51.027778')
('2015-01-17 11:27:52.524823', 'put_channel : channel tb1, group 1, time 2015-01-17 11:27:52.524705')
('2015-01-17 11:27:52.527497', 'put_channel : channel tb1, group 0, time 2015-01-17 11:27:52.527456')
('2015-01-17 11:27:54.025828', 'put_channel : channel tb1, group 1, time 2015-01-17 11:27:54.025735')
('2015-01-17 11:27:54.028528', 'put_channel : channel tb1, group 0, time 2015-01-17 11:27:54.028461')
('2015-01-17 11:27:55.525265', 'put_channel : channel tb1, group 1, time 2015-01-17 11:27:55.525173')
('2015-01-17 11:27:55.528389', 'put_channel : channel tb1, group 0, time 2015-01-17 11:27:55.528321')
('2015-01-17 11:27:57.025921', 'put_channel : channel tb1, group 1, time 2015-01-17 11:27:57.025837')
('2015-01-17 11:27:57.026109', 'put_channel : channel tb1, group 0, time 2015-01-17 11:27:57.026067')
('2015-01-17 11:27:58.525257', 'put_channel : channel tb1, group 1, time 2015-01-17 11:27:58.525162')
('2015-01-17 11:27:58.529082', 'put_channel : channel tb1, group 0, time 2015-01-17 11:27:58.529012')
('2015-01-17 11:28:00.025165', 'put_channel : channel tb1, group 1, time 2015-01-17 11:28:00.025065')
('2015-01-17 11:28:00.027386', 'put_channel : channel tb1, group 0, time 2015-01-17 11:28:00.027343')
('2015-01-17 11:28:01.526070', 'put_channel : channel tb1, group 1, time 2015-01-17 11:28:01.525976')
('2015-01-17 11:28:01.526946', 'put_channel : channel tb1, group 0, time 2015-01-17 11:28:01.526909')
('2015-01-17 11:28:03.026248', 'put_channel : channel tb1, group 1, time 2015-01-17 11:28:03.026169')
('2015-01-17 11:28:03.029327', 'put_channel : channel tb1, group 0, time 2015-01-17 11:28:03.029249')
('2015-01-17 11:28:04.526719', 'put_channel : channel tb1, group 1, time 2015-01-17 11:28:04.526621')
('2015-01-17 11:28:04.528097', 'put_channel : channel tb1, group 0, time 2015-01-17 11:28:04.528055')
('2015-01-17 11:28:06.024914', 'put_channel : channel tb1, group 1, time 2015-01-17 11:28:06.024836')
('2015-01-17 11:28:06.027636', 'put_channel : channel tb1, group 0, time 2015-01-17 11:28:06.027598')
('2015-01-17 11:28:07.525255', 'put_channel : channel tb1, group 1, time 2015-01-17 11:28:07.525174')
('2015-01-17 11:28:07.529204', 'put_channel : channel tb1, group 0, time 2015-01-17 11:28:07.529117')
('2015-01-17 11:28:09.026094', 'put_channel : channel tb1, group 1, time 2015-01-17 11:28:09.026014')
('2015-01-17 11:28:09.027210', 'put_channel : channel tb1, group 0, time 2015-01-17 11:28:09.027170')
('2015-01-17 11:28:10.525869', 'put_channel : channel tb1, group 1, time 2015-01-17 11:28:10.525777')
('2015-01-17 11:28:10.527403', 'put_channel : channel tb1, group 0, time 2015-01-17 11:28:10.527337')
('2015-01-17 11:28:12.025874', 'put_channel : channel tb1, group 1, time 2015-01-17 11:28:12.025777')
('2015-01-17 11:28:12.029248', 'put_channel : channel tb1, group 0, time 2015-01-17 11:28:12.029211')
('2015-01-17 11:28:13.524762', 'put_channel : channel tb1, group 1, time 2015-01-17 11:28:13.524659')
('2015-01-17 11:28:13.531239', 'put_channel : channel tb1, group 0, time 2015-01-17 11:28:13.531200')
('2015-01-17 11:28:15.027321', 'put_channel : channel tb1, group 0, time 2015-01-17 11:28:15.027220')
('2015-01-17 11:28:15.027708', 'put_channel : channel tb1, group 1, time 2015-01-17 11:28:15.027673')
('2015-01-17 11:28:16.524058', 'put_channel : channel tb1, group 1, time 2015-01-17 11:28:16.523967')
('2015-01-17 11:28:16.527098', 'put_channel : channel tb1, group 0, time 2015-01-17 11:28:16.527058')
('2015-01-17 11:28:18.024440', 'put_channel : channel tb1, group 1, time 2015-01-17 11:28:18.024350')
('2015-01-17 11:28:18.029514', 'put_channel : channel tb1, group 0, time 2015-01-17 11:28:18.029477')
('2015-01-17 11:28:19.525091', 'put_channel : channel tb1, group 1, time 2015-01-17 11:28:19.524998')
('2015-01-17 11:28:19.529936', 'put_channel : channel tb1, group 0, time 2015-01-17 11:28:19.529898')
('2015-01-17 11:28:21.025660', 'put_channel : channel tb1, group 1, time 2015-01-17 11:28:21.025578')
('2015-01-17 11:28:21.027128', 'put_channel : channel tb1, group 0, time 2015-01-17 11:28:21.027088')
('2015-01-17 11:28:22.524212', 'put_channel : channel tb1, group 1, time 2015-01-17 11:28:22.524092')
('2015-01-17 11:28:22.528322', 'put_channel : channel tb1, group 0, time 2015-01-17 11:28:22.528272')
('2015-01-17 11:28:24.026008', 'put_channel : channel tb1, group 0, time 2015-01-17 11:28:24.025923')
('2015-01-17 11:28:24.028394', 'put_channel : channel tb1, group 1, time 2015-01-17 11:28:24.028352')
('2015-01-17 11:28:25.526160', 'put_channel : channel tb1, group 1, time 2015-01-17 11:28:25.526064')
('2015-01-17 11:28:25.527084', 'put_channel : channel tb1, group 0, time 2015-01-17 11:28:25.527037')
('2015-01-17 11:28:27.026443', 'put_channel : channel tb1, group 1, time 2015-01-17 11:28:27.026345')
('2015-01-17 11:28:27.029203', 'put_channel : channel tb1, group 0, time 2015-01-17 11:28:27.029163')
('2015-01-17 11:28:28.525976', 'put_channel : channel tb1, group 1, time 2015-01-17 11:28:28.525895')
('2015-01-17 11:28:28.526405', 'put_channel : channel tb1, group 0, time 2015-01-17 11:28:28.526342')
('2015-01-17 11:28:30.025174', 'put_channel : channel tb1, group 1, time 2015-01-17 11:28:30.025082')
('2015-01-17 11:28:30.025953', 'put_channel : channel tb1, group 0, time 2015-01-17 11:28:30.025877')
('2015-01-17 11:28:31.527647', 'put_channel : channel tb1, group 0, time 2015-01-17 11:28:31.527571')
('2015-01-17 11:28:33.027899', 'put_channel : channel tb1, group 0, time 2015-01-17 11:28:33.027818')
('2015-01-17 11:28:34.527231', 'put_channel : channel tb1, group 0, time 2015-01-17 11:28:34.527131')
('2015-01-17 11:28:36.026979', 'put_channel : channel tb1, group 0, time 2015-01-17 11:28:36.026900')
('2015-01-17 11:28:37.528382', 'put_channel : channel tb1, group 0, time 2015-01-17 11:28:37.528281')
('2015-01-17 11:28:39.028237', 'put_channel : channel tb1, group 0, time 2015-01-17 11:28:39.028135')
('2015-01-17 11:28:40.527665', 'put_channel : channel tb1, group 0, time 2015-01-17 11:28:40.527588')
('2015-01-17 11:28:42.028210', 'put_channel : channel tb1, group 0, time 2015-01-17 11:28:42.028113')
('2015-01-17 11:28:43.023744', 'put_channel : channel tb1, group 1, time 2015-01-17 11:28:43.023655')
('2015-01-17 11:28:43.036928', 'put_channel : channel tb1, group 1, time 2015-01-17 11:28:43.036870')
('2015-01-17 11:28:43.526137', 'put_channel : channel tb1, group 1, time 2015-01-17 11:28:43.526034')
('2015-01-17 11:28:43.526723', 'put_channel : channel tb1, group 1, time 2015-01-17 11:28:43.526684')
('2015-01-17 11:28:43.527060', 'put_channel : channel tb1, group 0, time 2015-01-17 11:28:43.526986')
('2015-01-17 11:28:44.540590', 'put_channel : channel tb1, group 1, time 2015-01-17 11:28:44.540499')
('2015-01-17 11:28:45.026472', 'put_channel : channel tb1, group 1, time 2015-01-17 11:28:45.026401')
('2015-01-17 11:28:45.026907', 'put_channel : channel tb1, group 0, time 2015-01-17 11:28:45.026871')
('2015-01-17 11:28:46.036005', 'put_channel : channel tb1, group 1, time 2015-01-17 11:28:46.035911')
('2015-01-17 11:28:46.528402', 'put_channel : channel tb1, group 0, time 2015-01-17 11:28:46.528313')
('2015-01-17 11:28:48.025098', 'put_channel : channel tb1, group 0, time 2015-01-17 11:28:48.024995')
('2015-01-17 11:28:49.526869', 'put_channel : channel tb1, group 0, time 2015-01-17 11:28:49.526791')
('2015-01-17 11:28:51.026347', 'put_channel : channel tb1, group 0, time 2015-01-17 11:28:51.026251')
('2015-01-17 11:28:52.527977', 'put_channel : channel tb1, group 0, time 2015-01-17 11:28:52.527895')
('2015-01-17 11:28:53.523267', 'put_channel : channel tb1, group 1, time 2015-01-17 11:28:53.523172')
('2015-01-17 11:28:53.532858', 'put_channel : channel tb1, group 1, time 2015-01-17 11:28:53.532779')
('2015-01-17 11:28:54.025885', 'put_channel : channel tb1, group 1, time 2015-01-17 11:28:54.025800')
('2015-01-17 11:28:54.028260', 'put_channel : channel tb1, group 0, time 2015-01-17 11:28:54.028223')
('2015-01-17 11:28:54.028987', 'put_channel : channel tb1, group 1, time 2015-01-17 11:28:54.028953')
('2015-01-17 11:28:55.036416', 'put_channel : channel tb1, group 1, time 2015-01-17 11:28:55.036319')
('2015-01-17 11:28:55.526390', 'put_channel : channel tb1, group 1, time 2015-01-17 11:28:55.526312')
('2015-01-17 11:28:55.528031', 'put_channel : channel tb1, group 0, time 2015-01-17 11:28:55.527994')
('2015-01-17 11:28:56.542052', 'put_channel : channel tb1, group 1, time 2015-01-17 11:28:56.541946')
('2015-01-17 11:28:57.026016', 'put_channel : channel tb1, group 0, time 2015-01-17 11:28:57.025935')
('2015-01-17 11:28:58.528490', 'put_channel : channel tb1, group 0, time 2015-01-17 11:28:58.528383')
('2015-01-17 11:28:59.523734', 'put_channel : channel tb1, group 1, time 2015-01-17 11:28:59.523646')
('2015-01-17 11:29:00.027617', 'put_channel : channel tb1, group 0, time 2015-01-17 11:29:00.027539')
('2015-01-17 11:29:01.480238', 'put_channel : channel tb1, group 1, time 2015-01-17 11:29:01.480133')
('2015-01-17 11:29:01.526907', 'put_channel : channel tb1, group 1, time 2015-01-17 11:29:01.526841')
('2015-01-17 11:29:01.527338', 'put_channel : channel tb1, group 0, time 2015-01-17 11:29:01.527301')
('2015-01-17 11:29:02.588845', 'put_channel : channel tb1, group 1, time 2015-01-17 11:29:02.588742')
('2015-01-17 11:29:03.027006', 'put_channel : channel tb1, group 0, time 2015-01-17 11:29:03.026928')
('2015-01-17 11:29:04.528230', 'put_channel : channel tb1, group 0, time 2015-01-17 11:29:04.528143')
('2015-01-17 11:29:05.476810', 'put_channel : channel tb1, group 1, time 2015-01-17 11:29:05.476697')
('2015-01-17 11:29:05.521949', 'put_channel : channel tb1, group 1, time 2015-01-17 11:29:05.521875')
('2015-01-17 11:29:06.028878', 'put_channel : channel tb1, group 0, time 2015-01-17 11:29:06.028785')
('2015-01-17 11:29:07.023387', 'put_channel : channel tb1, group 1, time 2015-01-17 11:29:07.023280')
('2015-01-17 11:29:07.527552', 'put_channel : channel tb1, group 0, time 2015-01-17 11:29:07.527449')
('2015-01-17 11:29:09.029874', 'put_channel : channel tb1, group 0, time 2015-01-17 11:29:09.029795')
('2015-01-17 11:29:10.530598', 'put_channel : channel tb1, group 0, time 2015-01-17 11:29:10.530510')
('2015-01-17 11:29:12.030521', 'put_channel : channel tb1, group 0, time 2015-01-17 11:29:12.030434')
('2015-01-17 11:29:13.551584', 'put_channel : channel tb1, group 0, time 2015-01-17 11:29:13.551467')
('2015-01-17 11:29:15.029959', 'put_channel : channel tb1, group 0, time 2015-01-17 11:29:15.029883')
('2015-01-17 11:29:17.571725', 'put_channel : channel tb1, group 0, time 2015-01-17 11:29:17.571618')
('2015-01-17 11:29:18.030129', 'put_channel : channel tb1, group 0, time 2015-01-17 11:29:18.030046')
('2015-01-17 11:29:19.555305', 'put_channel : channel tb1, group 0, time 2015-01-17 11:29:19.555201')
('2015-01-17 11:29:20.526382', 'put_channel : channel tb1, group 1, time 2015-01-17 11:29:20.526285')
('2015-01-17 11:29:21.025957', 'put_channel : channel tb1, group 1, time 2015-01-17 11:29:21.025870')
('2015-01-17 11:29:21.027842', 'put_channel : channel tb1, group 0, time 2015-01-17 11:29:21.027805')
('2015-01-17 11:29:24.027998', 'put_channel : channel tb1, group 0, time 2015-01-17 11:29:24.027903')
('2015-01-17 11:29:25.555440', 'put_channel : channel tb1, group 0, time 2015-01-17 11:29:25.555318')
('2015-01-17 11:29:27.046317', 'put_channel : channel tb1, group 0, time 2015-01-17 11:29:27.046227')
('2015-01-17 11:29:28.559517', 'put_channel : channel tb1, group 0, time 2015-01-17 11:29:28.559406')
('2015-01-17 11:29:29.609284', 'put_channel : channel tb1, group 0, time 2015-01-17 11:29:29.609167')
('2015-01-17 11:29:30.028944', 'put_channel : channel tb1, group 0, time 2015-01-17 11:29:30.028839')
('2015-01-17 11:29:31.554634', 'put_channel : channel tb1, group 0, time 2015-01-17 11:29:31.554534')
('2015-01-17 11:29:33.028360', 'put_channel : channel tb1, group 0, time 2015-01-17 11:29:33.028267')
('2015-01-17 11:29:34.539959', 'put_channel : channel tb1, group 0, time 2015-01-17 11:29:34.539843')
('2015-01-17 11:29:36.029112', 'put_channel : channel tb1, group 0, time 2015-01-17 11:29:36.028946')
('2015-01-17 11:29:36.521732', 'fd_channel : login[0] 1 login[1] 0 , tb0[0] 11 tb0[1] 46 , tb1[0] 74 tb1[1] 52')
('2015-01-17 11:29:36.522780', 'fd_channel : login[0] 1 login[1] 0 , tb0[0] 11 tb0[1] 46 , tb1[0] 74 tb1[1] 51')
('2015-01-17 11:29:36.523685', 'fd_channel : login[0] 1 login[1] 0 , tb0[0] 11 tb0[1] 46 , tb1[0] 74 tb1[1] 50')
('2015-01-17 11:29:36.524553', 'fd_channel : login[0] 1 login[1] 0 , tb0[0] 11 tb0[1] 46 , tb1[0] 74 tb1[1] 49')
('2015-01-17 11:29:36.525183', 'fd_channel : login[0] 1 login[1] 0 , tb0[0] 11 tb0[1] 46 , tb1[0] 74 tb1[1] 48')
('2015-01-17 11:29:36.526426', 'fd_channel : login[0] 1 login[1] 0 , tb0[0] 11 tb0[1] 46 , tb1[0] 74 tb1[1] 47')
('2015-01-17 11:29:36.527074', 'fd_channel : login[0] 1 login[1] 0 , tb0[0] 11 tb0[1] 46 , tb1[0] 74 tb1[1] 46')
('2015-01-17 11:29:36.527811', 'fd_channel : login[0] 1 login[1] 0 , tb0[0] 11 tb0[1] 46 , tb1[0] 74 tb1[1] 45')
('2015-01-17 11:29:36.529096', 'fd_channel : login[0] 1 login[1] 0 , tb0[0] 11 tb0[1] 46 , tb1[0] 74 tb1[1] 44')
('2015-01-17 11:29:37.544795', 'put_channel : channel tb1, group 0, time 2015-01-17 11:29:37.544697')
('2015-01-17 11:29:39.035165', 'put_channel : channel tb1, group 0, time 2015-01-17 11:29:39.035027')
('2015-01-17 11:29:40.527944', 'put_channel : channel tb1, group 1, time 2015-01-17 11:29:40.527859')
('2015-01-17 11:29:40.555384', 'put_channel : channel tb1, group 1, time 2015-01-17 11:29:40.555309')
('2015-01-17 11:29:40.556585', 'put_channel : channel tb1, group 0, time 2015-01-17 11:29:40.556503')
('2015-01-17 11:29:42.043760', 'put_channel : channel tb1, group 0, time 2015-01-17 11:29:42.043670')
('2015-01-17 11:29:43.035851', 'put_channel : channel tb1, group 1, time 2015-01-17 11:29:43.035760')
('2015-01-17 11:29:43.546963', 'put_channel : channel tb1, group 1, time 2015-01-17 11:29:43.546882')
('2015-01-17 11:29:43.556332', 'put_channel : channel tb1, group 0, time 2015-01-17 11:29:43.556295')
('2015-01-17 11:29:45.027660', 'put_channel : channel tb1, group 0, time 2015-01-17 11:29:45.027562')
('2015-01-17 11:29:46.560879', 'put_channel : channel tb1, group 0, time 2015-01-17 11:29:46.560757')
('2015-01-17 11:29:48.033060', 'put_channel : channel tb1, group 0, time 2015-01-17 11:29:48.032897')
('2015-01-17 11:29:49.555920', 'put_channel : channel tb1, group 0, time 2015-01-17 11:29:49.555811')
('2015-01-17 11:29:51.055253', 'put_channel : channel tb1, group 0, time 2015-01-17 11:29:51.055137')
('2015-01-17 11:29:52.552756', 'put_channel : channel tb1, group 0, time 2015-01-17 11:29:52.552659')
('2015-01-17 11:29:55.061548', 'put_channel : channel tb1, group 0, time 2015-01-17 11:29:55.061431')
('2015-01-17 11:29:55.557459', 'put_channel : channel tb1, group 0, time 2015-01-17 11:29:55.557367')
('2015-01-17 11:29:56.211759', 'fd_channel : login[0] 1 login[1] 0 , tb0[0] 11 tb0[1] 46 , tb1[0] 87 tb1[1] 45')
('2015-01-17 11:29:56.212449', 'fd_channel : login[0] 1 login[1] 0 , tb0[0] 11 tb0[1] 46 , tb1[0] 87 tb1[1] 44')
('2015-01-17 11:29:56.213115', 'fd_channel : login[0] 1 login[1] 0 , tb0[0] 11 tb0[1] 46 , tb1[0] 87 tb1[1] 43')
('2015-01-17 11:29:56.214082', 'fd_channel : login[0] 1 login[1] 0 , tb0[0] 11 tb0[1] 46 , tb1[0] 87 tb1[1] 42')
('2015-01-17 11:29:56.215120', 'fd_channel : login[0] 1 login[1] 0 , tb0[0] 11 tb0[1] 46 , tb1[0] 87 tb1[1] 41')
('2015-01-17 11:29:56.216053', 'fd_channel : login[0] 1 login[1] 0 , tb0[0] 11 tb0[1] 46 , tb1[0] 87 tb1[1] 40')
('2015-01-17 11:29:56.216635', 'fd_channel : login[0] 1 login[1] 0 , tb0[0] 11 tb0[1] 46 , tb1[0] 87 tb1[1] 39')
('2015-01-17 11:29:56.217407', 'fd_channel : login[0] 1 login[1] 0 , tb0[0] 11 tb0[1] 46 , tb1[0] 87 tb1[1] 38')
('2015-01-17 11:29:56.218090', 'fd_channel : login[0] 1 login[1] 0 , tb0[0] 11 tb0[1] 46 , tb1[0] 87 tb1[1] 37')
('2015-01-17 11:29:57.054891', 'put_channel : channel tb1, group 0, time 2015-01-17 11:29:57.054755')
('2015-01-17 11:29:58.773641', 'fd_channel : login[0] 1 login[1] 0 , tb0[0] 11 tb0[1] 46 , tb1[0] 82 tb1[1] 36')
('2015-01-17 11:29:58.776628', 'fd_channel : login[0] 1 login[1] 0 , tb0[0] 11 tb0[1] 46 , tb1[0] 74 tb1[1] 36')
('2015-01-17 11:29:59.213429', 'fd_channel : login[0] 1 login[1] 0 , tb0[0] 11 tb0[1] 46 , tb1[0] 74 tb1[1] 35')
('2015-01-17 11:29:59.214279', 'fd_channel : login[0] 1 login[1] 0 , tb0[0] 11 tb0[1] 46 , tb1[0] 74 tb1[1] 34')
('2015-01-17 11:29:59.218401', 'fd_channel : login[0] 1 login[1] 0 , tb0[0] 11 tb0[1] 46 , tb1[0] 74 tb1[1] 33')
('2015-01-17 11:29:59.219146', 'fd_channel : login[0] 1 login[1] 0 , tb0[0] 11 tb0[1] 46 , tb1[0] 74 tb1[1] 32')
('2015-01-17 11:29:59.220020', 'fd_channel : login[0] 1 login[1] 0 , tb0[0] 11 tb0[1] 46 , tb1[0] 74 tb1[1] 31')
('2015-01-17 11:29:59.220605', 'fd_channel : login[0] 1 login[1] 0 , tb0[0] 11 tb0[1] 46 , tb1[0] 74 tb1[1] 30')
('2015-01-17 11:29:59.221558', 'fd_channel : login[0] 1 login[1] 0 , tb0[0] 11 tb0[1] 46 , tb1[0] 74 tb1[1] 29')
('2015-01-17 11:29:59.481055', 'fd_channel : login[0] 1 login[1] 0 , tb0[0] 11 tb0[1] 46 , tb1[0] 73 tb1[1] 29')
('2015-01-17 11:29:59.481985', 'fd_channel : login[0] 1 login[1] 0 , tb0[0] 11 tb0[1] 46 , tb1[0] 73 tb1[1] 28')
('2015-01-17 11:30:00.775320', 'fd_channel : login[0] 1 login[1] 0 , tb0[0] 11 tb0[1] 46 , tb1[0] 72 tb1[1] 28')
('2015-01-17 11:30:00.776299', 'fd_channel : login[0] 1 login[1] 0 , tb0[0] 11 tb0[1] 46 , tb1[0] 72 tb1[1] 27')
('2015-01-17 11:30:01.059635', 'put_channel : channel tb1, group 0, time 2015-01-17 11:30:01.059528')
('2015-01-17 11:30:01.102048', 'fd_channel : login[0] 1 login[1] 0 , tb0[0] 11 tb0[1] 46 , tb1[0] 72 tb1[1] 27')
('2015-01-17 11:30:01.184496', 'worker [4] stopping')
('2015-01-17 11:30:01.561230', 'put_channel : channel tb1, group 0, time 2015-01-17 11:30:01.561115')
('2015-01-17 11:30:02.216828', 'fd_channel : login[0] 1 login[1] 0 , tb0[0] 11 tb0[1] 46 , tb1[0] 73 tb1[1] 26')
('2015-01-17 11:30:02.218019', 'fd_channel : login[0] 1 login[1] 0 , tb0[0] 11 tb0[1] 46 , tb1[0] 73 tb1[1] 25')
('2015-01-17 11:30:02.220943', 'fd_channel : login[0] 1 login[1] 0 , tb0[0] 11 tb0[1] 46 , tb1[0] 73 tb1[1] 24')
('2015-01-17 11:30:02.221662', 'fd_channel : login[0] 1 login[1] 0 , tb0[0] 11 tb0[1] 46 , tb1[0] 73 tb1[1] 23')
('2015-01-17 11:30:02.222702', 'fd_channel : login[0] 1 login[1] 0 , tb0[0] 11 tb0[1] 46 , tb1[0] 73 tb1[1] 22')
('2015-01-17 11:30:02.224224', 'fd_channel : login[0] 1 login[1] 0 , tb0[0] 11 tb0[1] 46 , tb1[0] 73 tb1[1] 21')
('2015-01-17 11:30:02.224876', 'fd_channel : login[0] 1 login[1] 0 , tb0[0] 11 tb0[1] 46 , tb1[0] 73 tb1[1] 20')
('2015-01-17 11:30:02.539806', 'put_channel : channel tb1, group 1, time 2015-01-17 11:30:02.539710')
('2015-01-17 11:30:15.132171', 'put_channel : channel tb1, group 1, time 2015-01-17 11:30:15.132080')
('2015-01-17 11:30:42.140084', 'put_channel : channel tb1, group 1, time 2015-01-17 11:30:42.139988')
('2015-01-17 11:30:52.635889', 'put_channel : channel tb1, group 1, time 2015-01-17 11:30:52.635796')
