('2015-01-17 09:36:47.978673', 'worker [6] started')
('2015-01-17 09:36:47.978760', 'client 9 initted')
('2015-01-17 09:36:48.024838', 'put_channel : channel login, group 0, time 2015-01-17 09:36:48.024713')
('2015-01-17 09:36:48.026253', 'put_channel : channel login, group 1, time 2015-01-17 09:36:48.026208')
('2015-01-17 09:36:48.030050', 'fd_channel : login[0] 1 login[1] 0 , tb0[0] 0 tb0[1] 0 , tb1[0] 0 tb1[1] 0')
('2015-01-17 09:36:48.275609', 'fd_channel : login[0] 0 login[1] 0 , tb0[0] 0 tb0[1] 0 , tb1[0] 0 tb1[1] 0')
('2015-01-17 09:36:49.526519', 'put_channel : channel login, group 0, time 2015-01-17 09:36:49.526409')
('2015-01-17 09:36:49.527291', 'put_channel : channel login, group 1, time 2015-01-17 09:36:49.527158')
('2015-01-17 09:36:49.527877', 'fd_channel : login[0] 1 login[1] 0 , tb0[0] 0 tb0[1] 0 , tb1[0] 0 tb1[1] 0')
('2015-01-17 09:36:49.778055', 'fd_channel : login[0] 0 login[1] 0 , tb0[0] 0 tb0[1] 0 , tb1[0] 0 tb1[1] 0')
('2015-01-17 09:36:51.025083', 'put_channel : channel login, group 0, time 2015-01-17 09:36:51.024993')
('2015-01-17 09:36:51.028410', 'put_channel : channel login, group 1, time 2015-01-17 09:36:51.028367')
('2015-01-17 09:36:51.028900', 'fd_channel : login[0] 1 login[1] 0 , tb0[0] 0 tb0[1] 0 , tb1[0] 0 tb1[1] 0')
('2015-01-17 09:36:51.280296', 'fd_channel : login[0] 0 login[1] 0 , tb0[0] 0 tb0[1] 0 , tb1[0] 0 tb1[1] 0')
('2015-01-17 09:36:52.527277', 'put_channel : channel login, group 0, time 2015-01-17 09:36:52.527169')
('2015-01-17 09:36:52.528448', 'put_channel : channel login, group 1, time 2015-01-17 09:36:52.528405')
('2015-01-17 09:36:52.528940', 'fd_channel : login[0] 1 login[1] 0 , tb0[0] 0 tb0[1] 0 , tb1[0] 0 tb1[1] 0')
('2015-01-17 09:36:52.782085', 'fd_channel : login[0] 0 login[1] 0 , tb0[0] 0 tb0[1] 0 , tb1[0] 0 tb1[1] 0')
('2015-01-17 09:36:54.026938', 'put_channel : channel login, group 0, time 2015-01-17 09:36:54.026849')
('2015-01-17 09:36:54.027867', 'put_channel : channel login, group 1, time 2015-01-17 09:36:54.027816')
('2015-01-17 09:36:54.028326', 'fd_channel : login[0] 1 login[1] 0 , tb0[0] 0 tb0[1] 0 , tb1[0] 0 tb1[1] 0')
('2015-01-17 10:32:31.525557', 'put_channel : channel tb0, group 1, time 2015-01-17 10:32:31.525471')
('2015-01-17 10:32:31.730543', 'put_channel : channel tb0, group 0, time 2015-01-17 10:32:31.730425')
('2015-01-17 10:32:33.029389', 'put_channel : channel tb0, group 1, time 2015-01-17 10:32:33.029288')
('2015-01-17 10:32:34.525096', 'put_channel : channel tb0, group 1, time 2015-01-17 10:32:34.525012')
('2015-01-17 10:32:34.525483', 'put_channel : channel tb0, group 0, time 2015-01-17 10:32:34.525442')
('2015-01-17 10:32:36.026064', 'put_channel : channel tb0, group 1, time 2015-01-17 10:32:36.025979')
('2015-01-17 10:32:37.525147', 'put_channel : channel tb0, group 0, time 2015-01-17 10:32:37.525074')
('2015-01-17 10:32:38.522243', 'put_channel : channel tb0, group 1, time 2015-01-17 10:32:38.522150')
('2015-01-17 10:32:39.025951', 'put_channel : channel tb0, group 1, time 2015-01-17 10:32:39.025850')
('2015-01-17 10:32:39.061320', 'put_channel : channel tb0, group 0, time 2015-01-17 10:32:39.061245')
('2015-01-17 10:32:40.526619', 'put_channel : channel tb0, group 1, time 2015-01-17 10:32:40.526525')
('2015-01-17 10:32:40.527504', 'put_channel : channel tb0, group 0, time 2015-01-17 10:32:40.527460')
('2015-01-17 10:32:42.026052', 'put_channel : channel tb0, group 1, time 2015-01-17 10:32:42.025945')
('2015-01-17 10:32:42.064533', 'put_channel : channel tb0, group 0, time 2015-01-17 10:32:42.064462')
('2015-01-17 10:32:43.526537', 'put_channel : channel tb0, group 1, time 2015-01-17 10:32:43.526449')
('2015-01-17 10:32:43.527046', 'put_channel : channel tb0, group 0, time 2015-01-17 10:32:43.527003')
('2015-01-17 10:32:45.027203', 'put_channel : channel tb0, group 1, time 2015-01-17 10:32:45.027109')
('2015-01-17 10:32:46.526169', 'put_channel : channel tb0, group 1, time 2015-01-17 10:32:46.526079')
('2015-01-17 10:32:46.526995', 'put_channel : channel tb0, group 0, time 2015-01-17 10:32:46.526942')
('2015-01-17 10:32:48.025605', 'put_channel : channel tb0, group 1, time 2015-01-17 10:32:48.025509')
('2015-01-17 10:32:48.064224', 'put_channel : channel tb0, group 0, time 2015-01-17 10:32:48.064147')
('2015-01-17 10:32:49.526055', 'put_channel : channel tb0, group 1, time 2015-01-17 10:32:49.525956')
('2015-01-17 10:32:49.527730', 'put_channel : channel tb0, group 0, time 2015-01-17 10:32:49.527688')
('2015-01-17 10:32:51.025680', 'put_channel : channel tb0, group 1, time 2015-01-17 10:32:51.025583')
('2015-01-17 10:32:52.057821', 'put_channel : channel tb0, group 0, time 2015-01-17 10:32:52.057719')
('2015-01-17 10:32:52.116809', 'put_channel : channel tb0, group 0, time 2015-01-17 10:32:52.116759')
('2015-01-17 10:32:52.526592', 'put_channel : channel tb0, group 0, time 2015-01-17 10:32:52.526514')
('2015-01-17 10:32:52.527221', 'put_channel : channel tb0, group 1, time 2015-01-17 10:32:52.527179')
('2015-01-17 10:32:54.026916', 'put_channel : channel tb0, group 1, time 2015-01-17 10:32:54.026828')
('2015-01-17 10:32:55.060104', 'put_channel : channel tb0, group 0, time 2015-01-17 10:32:55.059989')
('2015-01-17 10:32:55.525019', 'put_channel : channel tb0, group 1, time 2015-01-17 10:32:55.524941')
('2015-01-17 10:32:55.526354', 'put_channel : channel tb0, group 0, time 2015-01-17 10:32:55.526311')
('2015-01-17 10:32:57.026733', 'put_channel : channel tb0, group 1, time 2015-01-17 10:32:57.026640')
('2015-01-17 10:32:57.063036', 'put_channel : channel tb0, group 0, time 2015-01-17 10:32:57.062983')
('2015-01-17 10:32:58.526100', 'put_channel : channel tb0, group 1, time 2015-01-17 10:32:58.526014')
('2015-01-17 10:33:00.026510', 'put_channel : channel tb0, group 1, time 2015-01-17 10:33:00.026425')
('2015-01-17 10:33:01.526784', 'put_channel : channel tb0, group 1, time 2015-01-17 10:33:01.526664')
('2015-01-17 10:33:03.028410', 'put_channel : channel tb0, group 1, time 2015-01-17 10:33:03.028301')
('2015-01-17 10:33:04.527303', 'put_channel : channel tb0, group 1, time 2015-01-17 10:33:04.527195')
('2015-01-17 10:33:06.026111', 'put_channel : channel tb0, group 1, time 2015-01-17 10:33:06.026003')
('2015-01-17 10:33:07.525007', 'put_channel : channel tb0, group 1, time 2015-01-17 10:33:07.524926')
('2015-01-17 10:33:09.026860', 'put_channel : channel tb0, group 1, time 2015-01-17 10:33:09.026783')
('2015-01-17 10:33:10.527642', 'put_channel : channel tb0, group 1, time 2015-01-17 10:33:10.527536')
('2015-01-17 10:33:12.028437', 'put_channel : channel tb0, group 1, time 2015-01-17 10:33:12.028303')
('2015-01-17 10:33:13.526436', 'put_channel : channel tb0, group 1, time 2015-01-17 10:33:13.526355')
('2015-01-17 10:33:15.025043', 'put_channel : channel tb0, group 1, time 2015-01-17 10:33:15.024956')
('2015-01-17 10:33:46.552587', 'put_channel : channel tb0, group 1, time 2015-01-17 10:33:46.552481')
('2015-01-17 10:33:47.523458', 'put_channel : channel tb0, group 1, time 2015-01-17 10:33:47.523380')
('2015-01-17 10:33:47.533731', 'put_channel : channel tb0, group 1, time 2015-01-17 10:33:47.533685')
('2015-01-17 10:33:47.573669', 'put_channel : channel tb0, group 1, time 2015-01-17 10:33:47.573592')
('2015-01-17 10:33:48.024837', 'put_channel : channel tb0, group 1, time 2015-01-17 10:33:48.024738')
('2015-01-17 10:33:48.028011', 'put_channel : channel tb0, group 1, time 2015-01-17 10:33:48.027967')
('2015-01-17 10:33:48.058271', 'put_channel : channel tb0, group 1, time 2015-01-17 10:33:48.058132')
('2015-01-17 10:33:49.037213', 'put_channel : channel tb0, group 1, time 2015-01-17 10:33:49.037118')
('2015-01-17 10:33:49.077786', 'put_channel : channel tb0, group 1, time 2015-01-17 10:33:49.077733')
('2015-01-17 10:33:49.526879', 'put_channel : channel tb0, group 1, time 2015-01-17 10:33:49.526757')
('2015-01-17 10:33:49.559429', 'put_channel : channel tb0, group 1, time 2015-01-17 10:33:49.559341')
('2015-01-17 10:33:50.536257', 'put_channel : channel tb0, group 1, time 2015-01-17 10:33:50.536153')
('2015-01-17 10:33:50.582790', 'put_channel : channel tb0, group 1, time 2015-01-17 10:33:50.582726')
('2015-01-17 10:33:51.027707', 'put_channel : channel tb0, group 1, time 2015-01-17 10:33:51.027587')
('2015-01-17 10:33:51.047231', 'put_channel : channel tb0, group 1, time 2015-01-17 10:33:51.047144')
('2015-01-17 10:33:52.086890', 'put_channel : channel tb0, group 1, time 2015-01-17 10:33:52.086792')
('2015-01-17 10:33:52.526686', 'put_channel : channel tb0, group 1, time 2015-01-17 10:33:52.526608')
('2015-01-17 10:34:02.863908', 'fd_channel : login[0] 1 login[1] 0 , tb0[0] 16 tb0[1] 46 , tb1[0] 0 tb1[1] 0')
('2015-01-17 10:34:02.865032', 'fd_channel : login[0] 1 login[1] 0 , tb0[0] 16 tb0[1] 45 , tb1[0] 0 tb1[1] 0')
('2015-01-17 10:34:02.865986', 'fd_channel : login[0] 1 login[1] 0 , tb0[0] 16 tb0[1] 44 , tb1[0] 0 tb1[1] 0')
('2015-01-17 10:34:02.866744', 'fd_channel : login[0] 1 login[1] 0 , tb0[0] 16 tb0[1] 43 , tb1[0] 0 tb1[1] 0')
('2015-01-17 10:34:02.867826', 'fd_channel : login[0] 1 login[1] 0 , tb0[0] 16 tb0[1] 42 , tb1[0] 0 tb1[1] 0')
('2015-01-17 10:34:02.868775', 'fd_channel : login[0] 1 login[1] 0 , tb0[0] 16 tb0[1] 41 , tb1[0] 0 tb1[1] 0')
('2015-01-17 10:34:02.870103', 'fd_channel : login[0] 1 login[1] 0 , tb0[0] 16 tb0[1] 40 , tb1[0] 0 tb1[1] 0')
('2015-01-17 10:34:02.871138', 'fd_channel : login[0] 1 login[1] 0 , tb0[0] 16 tb0[1] 39 , tb1[0] 0 tb1[1] 0')
('2015-01-17 10:34:02.872097', 'fd_channel : login[0] 1 login[1] 0 , tb0[0] 16 tb0[1] 38 , tb1[0] 0 tb1[1] 0')
('2015-01-17 10:34:22.868495', 'fd_channel : login[0] 1 login[1] 0 , tb0[0] 16 tb0[1] 37 , tb1[0] 0 tb1[1] 0')
('2015-01-17 10:34:22.870317', 'fd_channel : login[0] 1 login[1] 0 , tb0[0] 16 tb0[1] 36 , tb1[0] 0 tb1[1] 0')
('2015-01-17 10:34:22.872493', 'fd_channel : login[0] 1 login[1] 0 , tb0[0] 16 tb0[1] 35 , tb1[0] 0 tb1[1] 0')
('2015-01-17 10:34:22.873459', 'fd_channel : login[0] 1 login[1] 0 , tb0[0] 16 tb0[1] 34 , tb1[0] 0 tb1[1] 0')
('2015-01-17 10:34:22.874275', 'fd_channel : login[0] 1 login[1] 0 , tb0[0] 16 tb0[1] 33 , tb1[0] 0 tb1[1] 0')
('2015-01-17 10:34:22.875382', 'fd_channel : login[0] 1 login[1] 0 , tb0[0] 16 tb0[1] 32 , tb1[0] 0 tb1[1] 0')
('2015-01-17 10:34:22.876700', 'fd_channel : login[0] 1 login[1] 0 , tb0[0] 16 tb0[1] 31 , tb1[0] 0 tb1[1] 0')
('2015-01-17 10:34:22.877632', 'fd_channel : login[0] 1 login[1] 0 , tb0[0] 16 tb0[1] 30 , tb1[0] 0 tb1[1] 0')
('2015-01-17 10:34:22.878594', 'fd_channel : login[0] 1 login[1] 0 , tb0[0] 16 tb0[1] 29 , tb1[0] 0 tb1[1] 0')
('2015-01-17 10:34:27.762057', 'fd_channel : login[0] 1 login[1] 0 , tb0[0] 15 tb0[1] 28 , tb1[0] 0 tb1[1] 0')
('2015-01-17 10:34:27.762739', 'fd_channel : login[0] 1 login[1] 0 , tb0[0] 14 tb0[1] 28 , tb1[0] 0 tb1[1] 0')
('2015-01-17 10:34:29.567204', 'fd_channel : login[0] 1 login[1] 0 , tb0[0] 13 tb0[1] 28 , tb1[0] 0 tb1[1] 0')
('2015-01-17 10:34:29.568663', 'fd_channel : login[0] 1 login[1] 0 , tb0[0] 13 tb0[1] 27 , tb1[0] 0 tb1[1] 0')
('2015-01-17 10:34:29.685374', 'fd_channel : login[0] 1 login[1] 0 , tb0[0] 12 tb0[1] 27 , tb1[0] 0 tb1[1] 0')
('2015-01-17 10:34:29.686495', 'fd_channel : login[0] 1 login[1] 0 , tb0[0] 12 tb0[1] 26 , tb1[0] 0 tb1[1] 0')
('2015-01-17 10:34:29.763343', 'fd_channel : login[0] 1 login[1] 0 , tb0[0] 11 tb0[1] 26 , tb1[0] 0 tb1[1] 0')
('2015-01-17 10:34:29.764325', 'fd_channel : login[0] 1 login[1] 0 , tb0[0] 11 tb0[1] 25 , tb1[0] 0 tb1[1] 0')
('2015-01-17 10:34:29.918554', 'fd_channel : login[0] 1 login[1] 0 , tb0[0] 10 tb0[1] 25 , tb1[0] 0 tb1[1] 0')
('2015-01-17 10:34:29.919390', 'fd_channel : login[0] 1 login[1] 0 , tb0[0] 10 tb0[1] 24 , tb1[0] 0 tb1[1] 0')
('2015-01-17 10:34:29.973145', 'fd_channel : login[0] 1 login[1] 0 , tb0[0] 9 tb0[1] 24 , tb1[0] 0 tb1[1] 0')
('2015-01-17 10:34:29.974209', 'fd_channel : login[0] 1 login[1] 0 , tb0[0] 9 tb0[1] 23 , tb1[0] 0 tb1[1] 0')
('2015-01-17 10:34:30.619499', 'fd_channel : login[0] 1 login[1] 0 , tb0[0] 8 tb0[1] 23 , tb1[0] 0 tb1[1] 0')
('2015-01-17 10:34:30.620587', 'fd_channel : login[0] 1 login[1] 0 , tb0[0] 8 tb0[1] 22 , tb1[0] 0 tb1[1] 0')
('2015-01-17 10:34:31.570327', 'fd_channel : login[0] 1 login[1] 0 , tb0[0] 7 tb0[1] 22 , tb1[0] 0 tb1[1] 0')
('2015-01-17 10:34:31.571198', 'fd_channel : login[0] 1 login[1] 0 , tb0[0] 7 tb0[1] 21 , tb1[0] 0 tb1[1] 0')
('2015-01-17 10:34:31.674967', 'fd_channel : login[0] 1 login[1] 0 , tb0[0] 6 tb0[1] 21 , tb1[0] 0 tb1[1] 0')
('2015-01-17 10:34:31.676095', 'fd_channel : login[0] 1 login[1] 0 , tb0[0] 6 tb0[1] 20 , tb1[0] 0 tb1[1] 0')
('2015-01-17 10:34:31.688340', 'fd_channel : login[0] 1 login[1] 0 , tb0[0] 5 tb0[1] 20 , tb1[0] 0 tb1[1] 0')
('2015-01-17 10:34:31.689367', 'fd_channel : login[0] 1 login[1] 0 , tb0[0] 5 tb0[1] 19 , tb1[0] 0 tb1[1] 0')
('2015-01-17 10:34:31.921300', 'fd_channel : login[0] 1 login[1] 0 , tb0[0] 4 tb0[1] 19 , tb1[0] 0 tb1[1] 0')
('2015-01-17 10:34:31.922538', 'fd_channel : login[0] 1 login[1] 0 , tb0[0] 4 tb0[1] 18 , tb1[0] 0 tb1[1] 0')
('2015-01-17 10:34:31.975642', 'fd_channel : login[0] 1 login[1] 0 , tb0[0] 3 tb0[1] 18 , tb1[0] 0 tb1[1] 0')
('2015-01-17 10:34:31.976733', 'fd_channel : login[0] 1 login[1] 0 , tb0[0] 3 tb0[1] 17 , tb1[0] 0 tb1[1] 0')
('2015-01-17 10:34:32.622269', 'fd_channel : login[0] 1 login[1] 0 , tb0[0] 2 tb0[1] 17 , tb1[0] 0 tb1[1] 0')
('2015-01-17 10:34:32.623289', 'fd_channel : login[0] 1 login[1] 0 , tb0[0] 2 tb0[1] 16 , tb1[0] 0 tb1[1] 0')
('2015-01-17 10:34:32.729656', 'fd_channel : login[0] 1 login[1] 0 , tb0[0] 1 tb0[1] 16 , tb1[0] 0 tb1[1] 0')
('2015-01-17 10:34:32.731063', 'fd_channel : login[0] 1 login[1] 0 , tb0[0] 1 tb0[1] 15 , tb1[0] 0 tb1[1] 0')
('2015-01-17 10:34:32.739198', 'fd_channel : login[0] 1 login[1] 0 , tb0[0] 0 tb0[1] 15 , tb1[0] 0 tb1[1] 0')
('2015-01-17 10:34:32.740131', 'fd_channel : login[0] 1 login[1] 0 , tb0[0] 0 tb0[1] 14 , tb1[0] 0 tb1[1] 0')
('2015-01-17 10:34:33.678508', 'fd_channel : login[0] 1 login[1] 0 , tb0[0] 0 tb0[1] 13 , tb1[0] 0 tb1[1] 0')
('2015-01-17 10:34:34.733366', 'fd_channel : login[0] 1 login[1] 0 , tb0[0] 0 tb0[1] 12 , tb1[0] 0 tb1[1] 0')
('2015-01-17 10:34:34.741699', 'fd_channel : login[0] 1 login[1] 0 , tb0[0] 0 tb0[1] 11 , tb1[0] 0 tb1[1] 0')
('2015-01-17 10:34:34.879763', 'fd_channel : login[0] 1 login[1] 0 , tb0[0] 0 tb0[1] 11 , tb1[0] 0 tb1[1] 0')
('2015-01-17 10:34:35.934637', 'fd_channel : login[0] 1 login[1] 0 , tb0[0] 0 tb0[1] 11 , tb1[0] 0 tb1[1] 0')
('2015-01-17 10:34:35.942332', 'fd_channel : login[0] 1 login[1] 0 , tb0[0] 0 tb0[1] 11 , tb1[0] 0 tb1[1] 0')
('2015-01-17 10:34:53.590752', 'put_channel : channel tb0, group 1, time 2015-01-17 10:34:53.590654')
('2015-01-17 10:34:55.095302', 'put_channel : channel tb0, group 1, time 2015-01-17 10:34:55.095182')
('2015-01-17 10:34:55.526530', 'put_channel : channel tb0, group 1, time 2015-01-17 10:34:55.526434')
('2015-01-17 10:34:56.567896', 'put_channel : channel tb0, group 1, time 2015-01-17 10:34:56.567750')
('2015-01-17 10:34:57.025157', 'put_channel : channel tb0, group 1, time 2015-01-17 10:34:57.025064')
('2015-01-17 10:34:57.143260', 'put_channel : channel tb0, group 1, time 2015-01-17 10:34:57.143186')
('2015-01-17 10:34:58.103400', 'put_channel : channel tb0, group 1, time 2015-01-17 10:34:58.103272')
('2015-01-17 10:34:58.527222', 'put_channel : channel tb0, group 1, time 2015-01-17 10:34:58.527129')
('2015-01-17 10:34:58.679438', 'put_channel : channel tb0, group 1, time 2015-01-17 10:34:58.679320')
('2015-01-17 10:34:59.574377', 'put_channel : channel tb0, group 1, time 2015-01-17 10:34:59.574276')
('2015-01-17 10:35:00.026721', 'put_channel : channel tb0, group 1, time 2015-01-17 10:35:00.026596')
('2015-01-17 10:35:00.151531', 'put_channel : channel tb0, group 1, time 2015-01-17 10:35:00.151416')
('2015-01-17 10:35:01.079340', 'put_channel : channel tb0, group 1, time 2015-01-17 10:35:01.079251')
('2015-01-17 10:35:01.526672', 'put_channel : channel tb0, group 1, time 2015-01-17 10:35:01.526586')
('2015-01-17 10:35:01.624084', 'put_channel : channel tb0, group 1, time 2015-01-17 10:35:01.623989')
('2015-01-17 10:35:02.584572', 'put_channel : channel tb0, group 1, time 2015-01-17 10:35:02.584451')
('2015-01-17 10:35:03.691295', 'fd_channel : login[0] 1 login[1] 0 , tb0[0] 0 tb0[1] 26 , tb1[0] 0 tb1[1] 0')
('2015-01-17 10:35:03.924093', 'fd_channel : login[0] 1 login[1] 0 , tb0[0] 0 tb0[1] 25 , tb1[0] 0 tb1[1] 0')
('2015-01-17 10:35:03.978216', 'fd_channel : login[0] 1 login[1] 0 , tb0[0] 0 tb0[1] 24 , tb1[0] 0 tb1[1] 0')
('2015-01-17 10:35:04.625639', 'fd_channel : login[0] 1 login[1] 0 , tb0[0] 0 tb0[1] 23 , tb1[0] 0 tb1[1] 0')
('2015-01-17 10:35:05.680680', 'fd_channel : login[0] 1 login[1] 0 , tb0[0] 0 tb0[1] 22 , tb1[0] 0 tb1[1] 0')
('2015-01-17 10:35:06.735466', 'fd_channel : login[0] 1 login[1] 0 , tb0[0] 0 tb0[1] 21 , tb1[0] 0 tb1[1] 0')
('2015-01-17 10:35:06.743206', 'fd_channel : login[0] 1 login[1] 0 , tb0[0] 0 tb0[1] 20 , tb1[0] 0 tb1[1] 0')
('2015-01-17 10:35:23.693002', 'fd_channel : login[0] 1 login[1] 0 , tb0[0] 0 tb0[1] 19 , tb1[0] 0 tb1[1] 0')
('2015-01-17 10:35:23.925848', 'fd_channel : login[0] 1 login[1] 0 , tb0[0] 0 tb0[1] 18 , tb1[0] 0 tb1[1] 0')
('2015-01-17 10:35:23.979759', 'fd_channel : login[0] 1 login[1] 0 , tb0[0] 0 tb0[1] 17 , tb1[0] 0 tb1[1] 0')
('2015-01-17 10:35:24.627626', 'fd_channel : login[0] 1 login[1] 0 , tb0[0] 0 tb0[1] 16 , tb1[0] 0 tb1[1] 0')
('2015-01-17 10:35:25.682350', 'fd_channel : login[0] 1 login[1] 0 , tb0[0] 0 tb0[1] 15 , tb1[0] 0 tb1[1] 0')
('2015-01-17 10:35:26.737260', 'fd_channel : login[0] 1 login[1] 0 , tb0[0] 0 tb0[1] 14 , tb1[0] 0 tb1[1] 0')
('2015-01-17 10:35:26.744733', 'fd_channel : login[0] 1 login[1] 0 , tb0[0] 0 tb0[1] 13 , tb1[0] 0 tb1[1] 0')
('2015-01-17 10:35:34.024290', 'put_channel : channel tb0, group 1, time 2015-01-17 10:35:34.024184')
('2015-01-17 10:35:34.072245', 'put_channel : channel tb0, group 1, time 2015-01-17 10:35:34.072128')
('2015-01-17 10:35:34.525161', 'put_channel : channel tb0, group 1, time 2015-01-17 10:35:34.525074')
('2015-01-17 10:35:34.525874', 'put_channel : channel tb0, group 1, time 2015-01-17 10:35:34.525826')
('2015-01-17 10:35:34.550858', 'put_channel : channel tb0, group 1, time 2015-01-17 10:35:34.550798')
('2015-01-17 10:35:35.535974', 'put_channel : channel tb0, group 1, time 2015-01-17 10:35:35.535871')
('2015-01-17 10:35:35.575449', 'put_channel : channel tb0, group 1, time 2015-01-17 10:35:35.575346')
('2015-01-17 10:35:36.025517', 'put_channel : channel tb0, group 1, time 2015-01-17 10:35:36.025439')
('2015-01-17 10:35:36.192029', 'put_channel : channel tb0, group 1, time 2015-01-17 10:35:36.191927')
('2015-01-17 10:35:37.031974', 'put_channel : channel tb0, group 1, time 2015-01-17 10:35:37.031897')
('2015-01-17 10:35:37.079216', 'put_channel : channel tb0, group 1, time 2015-01-17 10:35:37.079142')
('2015-01-17 10:35:37.528747', 'put_channel : channel tb0, group 1, time 2015-01-17 10:35:37.528662')
('2015-01-17 10:35:37.558869', 'put_channel : channel tb0, group 1, time 2015-01-17 10:35:37.558825')
('2015-01-17 10:35:37.861096', 'fd_channel : login[0] 1 login[1] 0 , tb0[0] 0 tb0[1] 25 , tb1[0] 0 tb1[1] 0')
('2015-01-17 10:35:38.581810', 'put_channel : channel tb0, group 1, time 2015-01-17 10:35:38.581701')
('2015-01-17 10:35:39.062311', 'fd_channel : login[0] 1 login[1] 0 , tb0[0] 0 tb0[1] 26 , tb1[0] 0 tb1[1] 0')
('2015-01-17 10:35:39.145611', 'fd_channel : login[0] 1 login[1] 0 , tb0[0] 0 tb0[1] 25 , tb1[0] 0 tb1[1] 0')
('2015-01-17 10:35:39.863325', 'fd_channel : login[0] 1 login[1] 0 , tb0[0] 0 tb0[1] 24 , tb1[0] 0 tb1[1] 0')
('2015-01-17 10:35:40.347170', 'fd_channel : login[0] 1 login[1] 0 , tb0[0] 0 tb0[1] 24 , tb1[0] 0 tb1[1] 0')
('2015-01-17 10:35:41.064646', 'fd_channel : login[0] 1 login[1] 0 , tb0[0] 0 tb0[1] 24 , tb1[0] 0 tb1[1] 0')
('2015-01-17 10:35:41.147825', 'fd_channel : login[0] 1 login[1] 0 , tb0[0] 0 tb0[1] 23 , tb1[0] 0 tb1[1] 0')
('2015-01-17 10:35:42.349296', 'fd_channel : login[0] 1 login[1] 0 , tb0[0] 0 tb0[1] 23 , tb1[0] 0 tb1[1] 0')
('2015-01-17 10:35:45.506085', 'fd_channel : login[0] 1 login[1] 0 , tb0[0] 0 tb0[1] 22 , tb1[0] 0 tb1[1] 0')
('2015-01-17 10:35:45.625734', 'fd_channel : login[0] 1 login[1] 0 , tb0[0] 0 tb0[1] 21 , tb1[0] 0 tb1[1] 0')
('2015-01-17 10:35:46.707448', 'fd_channel : login[0] 1 login[1] 0 , tb0[0] 0 tb0[1] 21 , tb1[0] 0 tb1[1] 0')
('2015-01-17 10:35:46.826714', 'fd_channel : login[0] 1 login[1] 0 , tb0[0] 0 tb0[1] 21 , tb1[0] 0 tb1[1] 0')
('2015-01-17 10:35:47.508063', 'fd_channel : login[0] 1 login[1] 0 , tb0[0] 0 tb0[1] 20 , tb1[0] 0 tb1[1] 0')
('2015-01-17 10:35:47.627880', 'fd_channel : login[0] 1 login[1] 0 , tb0[0] 0 tb0[1] 19 , tb1[0] 0 tb1[1] 0')
('2015-01-17 10:35:47.847183', 'fd_channel : login[0] 1 login[1] 0 , tb0[0] 0 tb0[1] 18 , tb1[0] 0 tb1[1] 0')
('2015-01-17 10:35:48.709619', 'fd_channel : login[0] 1 login[1] 0 , tb0[0] 0 tb0[1] 18 , tb1[0] 0 tb1[1] 0')
('2015-01-17 10:35:48.829114', 'fd_channel : login[0] 1 login[1] 0 , tb0[0] 0 tb0[1] 18 , tb1[0] 0 tb1[1] 0')
('2015-01-17 10:35:49.048127', 'fd_channel : login[0] 1 login[1] 0 , tb0[0] 0 tb0[1] 18 , tb1[0] 0 tb1[1] 0')
('2015-01-17 10:35:49.849505', 'fd_channel : login[0] 1 login[1] 0 , tb0[0] 0 tb0[1] 17 , tb1[0] 0 tb1[1] 0')
('2015-01-17 10:35:51.050926', 'fd_channel : login[0] 1 login[1] 0 , tb0[0] 0 tb0[1] 17 , tb1[0] 0 tb1[1] 0')
('2015-01-17 10:35:52.890678', 'fd_channel : login[0] 1 login[1] 0 , tb0[0] 0 tb0[1] 16 , tb1[0] 0 tb1[1] 0')
('2015-01-17 10:35:54.091924', 'fd_channel : login[0] 1 login[1] 0 , tb0[0] 0 tb0[1] 16 , tb1[0] 0 tb1[1] 0')
('2015-01-17 10:35:54.892997', 'fd_channel : login[0] 1 login[1] 0 , tb0[0] 0 tb0[1] 15 , tb1[0] 0 tb1[1] 0')
('2015-01-17 10:35:56.094610', 'fd_channel : login[0] 1 login[1] 0 , tb0[0] 0 tb0[1] 15 , tb1[0] 0 tb1[1] 0')
('2015-01-17 10:36:08.881922', 'fd_channel : login[0] 1 login[1] 0 , tb0[0] 0 tb0[1] 14 , tb1[0] 0 tb1[1] 0')
('2015-01-17 10:36:09.046644', 'put_channel : channel tb0, group 1, time 2015-01-17 10:36:09.046563')
('2015-01-17 10:36:10.024148', 'put_channel : channel tb0, group 1, time 2015-01-17 10:36:10.024036')
('2015-01-17 10:36:10.083027', 'fd_channel : login[0] 1 login[1] 0 , tb0[0] 0 tb0[1] 16 , tb1[0] 0 tb1[1] 0')
('2015-01-17 10:36:10.101622', 'put_channel : channel tb0, group 1, time 2015-01-17 10:36:10.101516')
('2015-01-17 10:36:10.526706', 'put_channel : channel tb0, group 1, time 2015-01-17 10:36:10.526614')
('2015-01-17 10:36:10.528943', 'put_channel : channel tb0, group 1, time 2015-01-17 10:36:10.528896')
('2015-01-17 10:36:10.550950', 'put_channel : channel tb0, group 1, time 2015-01-17 10:36:10.550872')
('2015-01-17 10:36:11.539694', 'put_channel : channel tb0, group 1, time 2015-01-17 10:36:11.539595')
('2015-01-17 10:36:11.575069', 'put_channel : channel tb0, group 1, time 2015-01-17 10:36:11.574975')
('2015-01-17 10:36:11.865557', 'fd_channel : login[0] 1 login[1] 0 , tb0[0] 0 tb0[1] 21 , tb1[0] 0 tb1[1] 0')
('2015-01-17 10:36:12.026820', 'put_channel : channel tb0, group 1, time 2015-01-17 10:36:12.026728')
('2015-01-17 10:36:12.054125', 'put_channel : channel tb0, group 1, time 2015-01-17 10:36:12.054006')
('2015-01-17 10:36:13.079499', 'put_channel : channel tb0, group 1, time 2015-01-17 10:36:13.079401')
('2015-01-17 10:36:13.149550', 'fd_channel : login[0] 1 login[1] 0 , tb0[0] 0 tb0[1] 23 , tb1[0] 0 tb1[1] 0')
('2015-01-17 10:36:13.525834', 'put_channel : channel tb0, group 1, time 2015-01-17 10:36:13.525738')
('2015-01-17 10:36:13.557446', 'put_channel : channel tb0, group 1, time 2015-01-17 10:36:13.557369')
('2015-01-17 10:36:13.686684', 'put_channel : channel tb0, group 1, time 2015-01-17 10:36:13.686579')
('2015-01-17 10:36:14.584067', 'put_channel : channel tb0, group 1, time 2015-01-17 10:36:14.583970')
('2015-01-17 10:36:15.025809', 'put_channel : channel tb0, group 1, time 2015-01-17 10:36:15.025715')
('2015-01-17 10:36:18.864457', 'fd_channel : login[0] 1 login[1] 0 , tb0[0] 0 tb0[1] 27 , tb1[0] 0 tb1[1] 0')
('2015-01-17 10:36:19.629928', 'fd_channel : login[0] 1 login[1] 0 , tb0[0] 0 tb0[1] 26 , tb1[0] 0 tb1[1] 0')
('2015-01-17 10:36:20.065744', 'fd_channel : login[0] 1 login[1] 0 , tb0[0] 0 tb0[1] 26 , tb1[0] 0 tb1[1] 0')
('2015-01-17 10:36:20.866772', 'fd_channel : login[0] 1 login[1] 0 , tb0[0] 0 tb0[1] 25 , tb1[0] 0 tb1[1] 0')
('2015-01-17 10:36:22.068181', 'fd_channel : login[0] 1 login[1] 0 , tb0[0] 0 tb0[1] 25 , tb1[0] 0 tb1[1] 0')
('2015-01-17 10:36:26.895059', 'fd_channel : login[0] 1 login[1] 0 , tb0[0] 0 tb0[1] 24 , tb1[0] 0 tb1[1] 0')
('2015-01-17 10:36:39.631857', 'fd_channel : login[0] 1 login[1] 0 , tb0[0] 0 tb0[1] 23 , tb1[0] 0 tb1[1] 0')
('2015-01-17 10:36:41.877936', 'fd_channel : login[0] 1 login[1] 0 , tb0[0] 0 tb0[1] 22 , tb1[0] 0 tb1[1] 0')
('2015-01-17 10:36:43.079353', 'fd_channel : login[0] 1 login[1] 0 , tb0[0] 0 tb0[1] 22 , tb1[0] 0 tb1[1] 0')
('2015-01-17 10:36:43.879899', 'fd_channel : login[0] 1 login[1] 0 , tb0[0] 0 tb0[1] 21 , tb1[0] 0 tb1[1] 0')
('2015-01-17 10:36:45.081369', 'fd_channel : login[0] 1 login[1] 0 , tb0[0] 0 tb0[1] 21 , tb1[0] 0 tb1[1] 0')
('2015-01-17 10:36:46.023924', 'put_channel : channel tb0, group 1, time 2015-01-17 10:36:46.023837')
('2015-01-17 10:36:46.038962', 'put_channel : channel tb0, group 1, time 2015-01-17 10:36:46.038909')
('2015-01-17 10:36:46.525250', 'put_channel : channel tb0, group 1, time 2015-01-17 10:36:46.525166')
('2015-01-17 10:36:46.526501', 'put_channel : channel tb0, group 1, time 2015-01-17 10:36:46.526450')
('2015-01-17 10:36:46.549380', 'put_channel : channel tb0, group 1, time 2015-01-17 10:36:46.549324')
('2015-01-17 10:36:46.897002', 'fd_channel : login[0] 1 login[1] 0 , tb0[0] 0 tb0[1] 25 , tb1[0] 0 tb1[1] 0')
('2015-01-17 10:36:47.535912', 'put_channel : channel tb0, group 1, time 2015-01-17 10:36:47.535817')
('2015-01-17 10:36:47.575199', 'put_channel : channel tb0, group 1, time 2015-01-17 10:36:47.575139')
('2015-01-17 10:36:48.025525', 'put_channel : channel tb0, group 1, time 2015-01-17 10:36:48.025436')
('2015-01-17 10:36:48.053511', 'put_channel : channel tb0, group 1, time 2015-01-17 10:36:48.053459')
('2015-01-17 10:36:48.118515', 'put_channel : channel tb0, group 1, time 2015-01-17 10:36:48.118402')
('2015-01-17 10:36:49.029992', 'put_channel : channel tb0, group 1, time 2015-01-17 10:36:49.029881')
('2015-01-17 10:36:49.079823', 'put_channel : channel tb0, group 1, time 2015-01-17 10:36:49.079705')
('2015-01-17 10:36:49.527179', 'put_channel : channel tb0, group 1, time 2015-01-17 10:36:49.527074')
('2015-01-17 10:36:49.558719', 'put_channel : channel tb0, group 1, time 2015-01-17 10:36:49.558673')
('2015-01-17 10:36:52.304972', 'fd_channel : login[0] 1 login[1] 0 , tb0[0] 0 tb0[1] 33 , tb1[0] 0 tb1[1] 0')
('2015-01-17 10:36:53.506155', 'fd_channel : login[0] 1 login[1] 0 , tb0[0] 0 tb0[1] 33 , tb1[0] 0 tb1[1] 0')
('2015-01-17 10:36:54.307181', 'fd_channel : login[0] 1 login[1] 0 , tb0[0] 0 tb0[1] 32 , tb1[0] 0 tb1[1] 0')
('2015-01-17 10:36:55.508594', 'fd_channel : login[0] 1 login[1] 0 , tb0[0] 0 tb0[1] 32 , tb1[0] 0 tb1[1] 0')
('2015-01-17 10:37:04.795791', 'fd_channel : login[0] 1 login[1] 0 , tb0[0] 0 tb0[1] 32 , tb1[0] 0 tb1[1] 0')
('2015-01-17 10:37:04.801402', 'fd_channel : login[0] 1 login[1] 0 , tb0[0] 0 tb0[1] 32 , tb1[0] 0 tb1[1] 0')
('2015-01-17 10:37:06.841692', 'fd_channel : login[0] 1 login[1] 0 , tb0[0] 0 tb0[1] 31 , tb1[0] 0 tb1[1] 0')
('2015-01-17 10:37:08.042726', 'fd_channel : login[0] 1 login[1] 0 , tb0[0] 0 tb0[1] 31 , tb1[0] 0 tb1[1] 0')
('2015-01-17 10:37:08.882238', 'fd_channel : login[0] 1 login[1] 0 , tb0[0] 0 tb0[1] 31 , tb1[0] 0 tb1[1] 0')
('2015-01-17 10:37:10.910565', 'fd_channel : login[0] 1 login[1] 0 , tb0[0] 0 tb0[1] 31 , tb1[0] 0 tb1[1] 0')
('2015-01-17 10:37:11.615095', 'fd_channel : login[0] 1 login[1] 0 , tb0[0] 0 tb0[1] 31 , tb1[0] 0 tb1[1] 0')
('2015-01-17 10:37:14.641517', 'fd_channel : login[0] 1 login[1] 0 , tb0[0] 0 tb0[1] 31 , tb1[0] 0 tb1[1] 0')
('2015-01-17 10:37:14.965930', 'fd_channel : login[0] 1 login[1] 0 , tb0[0] 0 tb0[1] 31 , tb1[0] 0 tb1[1] 0')
('2015-01-17 10:37:15.026069', 'fd_channel : login[0] 1 login[1] 0 , tb0[0] 0 tb0[1] 31 , tb1[0] 0 tb1[1] 0')
('2015-01-17 10:37:16.043549', 'fd_channel : login[0] 1 login[1] 0 , tb0[0] 0 tb0[1] 31 , tb1[0] 0 tb1[1] 0')
('2015-01-17 10:37:16.661810', 'fd_channel : login[0] 1 login[1] 0 , tb0[0] 0 tb0[1] 31 , tb1[0] 0 tb1[1] 0')
('2015-01-17 10:37:21.047072', 'put_channel : channel tb0, group 1, time 2015-01-17 10:37:21.046977')
('2015-01-17 10:37:22.037016', 'put_channel : channel tb0, group 1, time 2015-01-17 10:37:22.036925')
('2015-01-17 10:37:22.101417', 'put_channel : channel tb0, group 1, time 2015-01-17 10:37:22.101362')
('2015-01-17 10:37:22.679436', 'put_channel : channel tb0, group 1, time 2015-01-17 10:37:22.679339')
('2015-01-17 10:37:23.575747', 'put_channel : channel tb0, group 1, time 2015-01-17 10:37:23.575648')
('2015-01-17 10:37:24.054947', 'put_channel : channel tb0, group 1, time 2015-01-17 10:37:24.054857')
('2015-01-17 10:37:24.151043', 'put_channel : channel tb0, group 1, time 2015-01-17 10:37:24.150953')
('2015-01-17 10:37:25.078008', 'put_channel : channel tb0, group 1, time 2015-01-17 10:37:25.077911')
('2015-01-17 10:37:25.622307', 'put_channel : channel tb0, group 1, time 2015-01-17 10:37:25.622245')
('2015-01-17 10:37:26.584372', 'put_channel : channel tb0, group 1, time 2015-01-17 10:37:26.584248')
('2015-01-17 10:37:27.047933', 'put_channel : channel tb0, group 1, time 2015-01-17 10:37:27.047815')
('2015-01-17 10:37:27.229531', 'put_channel : channel tb0, group 1, time 2015-01-17 10:37:27.229406')
('2015-01-17 10:37:28.086738', 'put_channel : channel tb0, group 1, time 2015-01-17 10:37:28.086641')
('2015-01-17 10:37:28.629333', 'put_channel : channel tb0, group 1, time 2015-01-17 10:37:28.629222')
('2015-01-17 10:37:30.166920', 'put_channel : channel tb0, group 1, time 2015-01-17 10:37:30.166826')
('2015-01-17 10:37:31.637708', 'put_channel : channel tb0, group 1, time 2015-01-17 10:37:31.637610')
('2015-01-17 10:37:33.663018', 'fd_channel : login[0] 1 login[1] 0 , tb0[0] 0 tb0[1] 47 , tb1[0] 0 tb1[1] 0')
('2015-01-17 10:37:49.686448', 'put_channel : channel tb0, group 0, time 2015-01-17 10:37:49.686349')
('2015-01-17 10:37:52.209322', 'put_channel : channel tb0, group 0, time 2015-01-17 10:37:52.209200')
('2015-01-17 10:37:52.630704', 'put_channel : channel tb0, group 0, time 2015-01-17 10:37:52.630602')
('2015-01-17 10:37:54.206822', 'put_channel : channel tb0, group 0, time 2015-01-17 10:37:54.206722')
('2015-01-17 10:37:55.639674', 'put_channel : channel tb0, group 0, time 2015-01-17 10:37:55.639574')
('2015-01-17 10:37:58.646620', 'put_channel : channel tb0, group 0, time 2015-01-17 10:37:58.646522')
('2015-01-17 10:38:00.222984', 'put_channel : channel tb0, group 0, time 2015-01-17 10:38:00.222879')
('2015-01-17 10:38:01.322015', 'fd_channel : login[0] 1 login[1] 0 , tb0[0] 6 tb0[1] 47 , tb1[0] 0 tb1[1] 0')
('2015-01-17 10:38:03.084289', 'fd_channel : login[0] 1 login[1] 0 , tb0[0] 5 tb0[1] 47 , tb1[0] 0 tb1[1] 0')
('2015-01-17 10:38:04.525390', 'fd_channel : login[0] 1 login[1] 0 , tb0[0] 4 tb0[1] 47 , tb1[0] 0 tb1[1] 0')
('2015-01-17 10:38:06.135422', 'put_channel : channel tb0, group 1, time 2015-01-17 10:38:06.135296')
('2015-01-17 10:38:15.221127', 'put_channel : channel tb0, group 0, time 2015-01-17 10:38:15.221006')
('2015-01-17 10:38:15.632003', 'fd_channel : login[0] 1 login[1] 0 , tb0[0] 4 tb0[1] 48 , tb1[0] 0 tb1[1] 0')
('2015-01-17 10:38:16.235269', 'put_channel : channel tb0, group 0, time 2015-01-17 10:38:16.235103')
('2015-01-17 10:38:18.456871', 'fd_channel : login[0] 1 login[1] 0 , tb0[0] 4 tb0[1] 48 , tb1[0] 0 tb1[1] 0')
('2015-01-17 10:38:55.164373', 'fd_channel : login[0] 1 login[1] 0 , tb0[0] 4 tb0[1] 16 , tb1[0] 0 tb1[1] 0')
('2015-01-17 11:27:46.526045', 'put_channel : channel tb1, group 1, time 2015-01-17 11:27:46.525938')
('2015-01-17 11:27:46.526686', 'put_channel : channel tb1, group 0, time 2015-01-17 11:27:46.526645')
('2015-01-17 11:27:48.026263', 'put_channel : channel tb1, group 1, time 2015-01-17 11:27:48.026169')
('2015-01-17 11:27:48.032000', 'put_channel : channel tb1, group 0, time 2015-01-17 11:27:48.031896')
('2015-01-17 11:27:49.525775', 'put_channel : channel tb1, group 1, time 2015-01-17 11:27:49.525688')
('2015-01-17 11:27:49.526506', 'put_channel : channel tb1, group 0, time 2015-01-17 11:27:49.526456')
('2015-01-17 11:27:51.029067', 'put_channel : channel tb1, group 1, time 2015-01-17 11:27:51.028962')
('2015-01-17 11:27:51.030913', 'put_channel : channel tb1, group 0, time 2015-01-17 11:27:51.030819')
('2015-01-17 11:27:52.526816', 'put_channel : channel tb1, group 1, time 2015-01-17 11:27:52.526690')
('2015-01-17 11:27:52.527671', 'put_channel : channel tb1, group 0, time 2015-01-17 11:27:52.527629')
('2015-01-17 11:27:54.025073', 'put_channel : channel tb1, group 1, time 2015-01-17 11:27:54.024987')
('2015-01-17 11:27:54.028639', 'put_channel : channel tb1, group 0, time 2015-01-17 11:27:54.028588')
('2015-01-17 11:27:55.526872', 'put_channel : channel tb1, group 1, time 2015-01-17 11:27:55.526753')
('2015-01-17 11:27:55.527889', 'put_channel : channel tb1, group 0, time 2015-01-17 11:27:55.527846')
('2015-01-17 11:27:57.024848', 'put_channel : channel tb1, group 1, time 2015-01-17 11:27:57.024758')
('2015-01-17 11:27:57.025763', 'put_channel : channel tb1, group 0, time 2015-01-17 11:27:57.025719')
('2015-01-17 11:27:58.526916', 'put_channel : channel tb1, group 0, time 2015-01-17 11:27:58.526825')
('2015-01-17 11:27:58.528010', 'put_channel : channel tb1, group 1, time 2015-01-17 11:27:58.527906')
('2015-01-17 11:28:00.025713', 'put_channel : channel tb1, group 1, time 2015-01-17 11:28:00.025619')
('2015-01-17 11:28:00.027033', 'put_channel : channel tb1, group 0, time 2015-01-17 11:28:00.026990')
('2015-01-17 11:28:01.527212', 'put_channel : channel tb1, group 1, time 2015-01-17 11:28:01.527127')
('2015-01-17 11:28:01.528147', 'put_channel : channel tb1, group 0, time 2015-01-17 11:28:01.528105')
('2015-01-17 11:28:03.027697', 'put_channel : channel tb1, group 0, time 2015-01-17 11:28:03.027606')
('2015-01-17 11:28:03.028124', 'put_channel : channel tb1, group 1, time 2015-01-17 11:28:03.028074')
('2015-01-17 11:28:04.525403', 'put_channel : channel tb1, group 1, time 2015-01-17 11:28:04.525292')
('2015-01-17 11:28:04.527229', 'put_channel : channel tb1, group 0, time 2015-01-17 11:28:04.527186')
('2015-01-17 11:28:06.028581', 'put_channel : channel tb1, group 0, time 2015-01-17 11:28:06.028500')
('2015-01-17 11:28:06.028979', 'put_channel : channel tb1, group 1, time 2015-01-17 11:28:06.028931')
('2015-01-17 11:28:07.525770', 'put_channel : channel tb1, group 1, time 2015-01-17 11:28:07.525687')
('2015-01-17 11:28:07.527478', 'put_channel : channel tb1, group 0, time 2015-01-17 11:28:07.527435')
('2015-01-17 11:28:09.026757', 'put_channel : channel tb1, group 1, time 2015-01-17 11:28:09.026651')
('2015-01-17 11:28:09.027220', 'put_channel : channel tb1, group 0, time 2015-01-17 11:28:09.027172')
('2015-01-17 11:28:10.525596', 'put_channel : channel tb1, group 1, time 2015-01-17 11:28:10.525483')
('2015-01-17 11:28:10.527951', 'put_channel : channel tb1, group 0, time 2015-01-17 11:28:10.527908')
('2015-01-17 11:28:12.026916', 'put_channel : channel tb1, group 1, time 2015-01-17 11:28:12.026813')
('2015-01-17 11:28:12.027215', 'put_channel : channel tb1, group 0, time 2015-01-17 11:28:12.027175')
('2015-01-17 11:28:13.527181', 'put_channel : channel tb1, group 1, time 2015-01-17 11:28:13.527075')
('2015-01-17 11:28:13.527649', 'put_channel : channel tb1, group 0, time 2015-01-17 11:28:13.527599')
('2015-01-17 11:28:15.024690', 'put_channel : channel tb1, group 1, time 2015-01-17 11:28:15.024607')
('2015-01-17 11:28:15.026233', 'put_channel : channel tb1, group 0, time 2015-01-17 11:28:15.026190')
('2015-01-17 11:28:16.526781', 'put_channel : channel tb1, group 0, time 2015-01-17 11:28:16.526684')
('2015-01-17 11:28:16.527210', 'put_channel : channel tb1, group 1, time 2015-01-17 11:28:16.527160')
('2015-01-17 11:28:18.026397', 'put_channel : channel tb1, group 1, time 2015-01-17 11:28:18.026260')
('2015-01-17 11:28:18.027203', 'put_channel : channel tb1, group 0, time 2015-01-17 11:28:18.027142')
('2015-01-17 11:28:19.526610', 'put_channel : channel tb1, group 1, time 2015-01-17 11:28:19.526508')
('2015-01-17 11:28:19.529159', 'put_channel : channel tb1, group 0, time 2015-01-17 11:28:19.529115')
('2015-01-17 11:28:21.027026', 'put_channel : channel tb1, group 1, time 2015-01-17 11:28:21.026940')
('2015-01-17 11:28:21.027742', 'put_channel : channel tb1, group 0, time 2015-01-17 11:28:21.027699')
('2015-01-17 11:28:22.525946', 'put_channel : channel tb1, group 0, time 2015-01-17 11:28:22.525859')
('2015-01-17 11:28:22.527192', 'put_channel : channel tb1, group 1, time 2015-01-17 11:28:22.527144')
('2015-01-17 11:28:24.027139', 'put_channel : channel tb1, group 1, time 2015-01-17 11:28:24.027050')
('2015-01-17 11:28:24.027941', 'put_channel : channel tb1, group 0, time 2015-01-17 11:28:24.027897')
('2015-01-17 11:28:25.525171', 'put_channel : channel tb1, group 1, time 2015-01-17 11:28:25.525084')
('2015-01-17 11:28:25.527723', 'put_channel : channel tb1, group 0, time 2015-01-17 11:28:25.527680')
('2015-01-17 11:28:27.028469', 'put_channel : channel tb1, group 1, time 2015-01-17 11:28:27.028347')
('2015-01-17 11:28:27.028980', 'put_channel : channel tb1, group 0, time 2015-01-17 11:28:27.028881')
('2015-01-17 11:28:28.525015', 'put_channel : channel tb1, group 0, time 2015-01-17 11:28:28.524918')
('2015-01-17 11:28:28.526610', 'put_channel : channel tb1, group 1, time 2015-01-17 11:28:28.526567')
('2015-01-17 11:28:30.024744', 'put_channel : channel tb1, group 1, time 2015-01-17 11:28:30.024659')
('2015-01-17 11:28:30.028388', 'put_channel : channel tb1, group 0, time 2015-01-17 11:28:30.028339')
('2015-01-17 11:28:31.528180', 'put_channel : channel tb1, group 0, time 2015-01-17 11:28:31.528070')
('2015-01-17 11:28:33.027741', 'put_channel : channel tb1, group 0, time 2015-01-17 11:28:33.027655')
('2015-01-17 11:28:34.527296', 'put_channel : channel tb1, group 0, time 2015-01-17 11:28:34.527192')
('2015-01-17 11:28:36.026142', 'put_channel : channel tb1, group 0, time 2015-01-17 11:28:36.026036')
('2015-01-17 11:28:37.526440', 'put_channel : channel tb1, group 0, time 2015-01-17 11:28:37.526338')
('2015-01-17 11:28:39.027527', 'put_channel : channel tb1, group 0, time 2015-01-17 11:28:39.027440')
('2015-01-17 11:28:40.527428', 'put_channel : channel tb1, group 0, time 2015-01-17 11:28:40.527343')
('2015-01-17 11:28:42.026919', 'put_channel : channel tb1, group 0, time 2015-01-17 11:28:42.026824')
('2015-01-17 11:28:43.027866', 'put_channel : channel tb1, group 1, time 2015-01-17 11:28:43.027771')
('2015-01-17 11:28:43.032415', 'put_channel : channel tb1, group 1, time 2015-01-17 11:28:43.032363')
('2015-01-17 11:28:43.527333', 'put_channel : channel tb1, group 1, time 2015-01-17 11:28:43.527209')
('2015-01-17 11:28:43.528247', 'put_channel : channel tb1, group 1, time 2015-01-17 11:28:43.528167')
('2015-01-17 11:28:43.528548', 'put_channel : channel tb1, group 0, time 2015-01-17 11:28:43.528506')
('2015-01-17 11:28:44.534867', 'put_channel : channel tb1, group 1, time 2015-01-17 11:28:44.534750')
('2015-01-17 11:28:45.026382', 'put_channel : channel tb1, group 1, time 2015-01-17 11:28:45.026265')
('2015-01-17 11:28:45.027130', 'put_channel : channel tb1, group 0, time 2015-01-17 11:28:45.027085')
('2015-01-17 11:28:46.039462', 'put_channel : channel tb1, group 1, time 2015-01-17 11:28:46.039338')
('2015-01-17 11:28:46.526807', 'put_channel : channel tb1, group 0, time 2015-01-17 11:28:46.526674')
('2015-01-17 11:28:48.026476', 'put_channel : channel tb1, group 0, time 2015-01-17 11:28:48.026393')
('2015-01-17 11:28:49.526895', 'put_channel : channel tb1, group 0, time 2015-01-17 11:28:49.526783')
('2015-01-17 11:28:51.026515', 'put_channel : channel tb1, group 0, time 2015-01-17 11:28:51.026430')
('2015-01-17 11:28:52.527278', 'put_channel : channel tb1, group 0, time 2015-01-17 11:28:52.527167')
('2015-01-17 11:28:53.522661', 'put_channel : channel tb1, group 1, time 2015-01-17 11:28:53.522570')
('2015-01-17 11:28:53.534232', 'put_channel : channel tb1, group 1, time 2015-01-17 11:28:53.534183')
('2015-01-17 11:28:54.025531', 'put_channel : channel tb1, group 1, time 2015-01-17 11:28:54.025440')
('2015-01-17 11:28:54.027775', 'put_channel : channel tb1, group 1, time 2015-01-17 11:28:54.027732')
('2015-01-17 11:28:54.028361', 'put_channel : channel tb1, group 0, time 2015-01-17 11:28:54.028320')
('2015-01-17 11:28:55.032975', 'put_channel : channel tb1, group 1, time 2015-01-17 11:28:55.032867')
('2015-01-17 11:28:55.526129', 'put_channel : channel tb1, group 1, time 2015-01-17 11:28:55.526040')
('2015-01-17 11:28:55.527049', 'put_channel : channel tb1, group 0, time 2015-01-17 11:28:55.527008')
('2015-01-17 11:28:56.534711', 'put_channel : channel tb1, group 1, time 2015-01-17 11:28:56.534616')
('2015-01-17 11:28:57.027128', 'put_channel : channel tb1, group 0, time 2015-01-17 11:28:57.027044')
('2015-01-17 11:28:58.527878', 'put_channel : channel tb1, group 0, time 2015-01-17 11:28:58.527790')
('2015-01-17 11:28:59.524741', 'put_channel : channel tb1, group 1, time 2015-01-17 11:28:59.524643')
('2015-01-17 11:29:00.026693', 'put_channel : channel tb1, group 0, time 2015-01-17 11:29:00.026598')
('2015-01-17 11:29:01.479584', 'put_channel : channel tb1, group 1, time 2015-01-17 11:29:01.479468')
('2015-01-17 11:29:01.526464', 'put_channel : channel tb1, group 1, time 2015-01-17 11:29:01.526369')
('2015-01-17 11:29:01.528924', 'put_channel : channel tb1, group 0, time 2015-01-17 11:29:01.528881')
('2015-01-17 11:29:02.583994', 'put_channel : channel tb1, group 1, time 2015-01-17 11:29:02.583894')
('2015-01-17 11:29:03.026855', 'put_channel : channel tb1, group 0, time 2015-01-17 11:29:03.026770')
('2015-01-17 11:29:04.527481', 'put_channel : channel tb1, group 0, time 2015-01-17 11:29:04.527394')
('2015-01-17 11:29:05.479898', 'put_channel : channel tb1, group 1, time 2015-01-17 11:29:05.479777')
('2015-01-17 11:29:05.523747', 'put_channel : channel tb1, group 1, time 2015-01-17 11:29:05.523658')
('2015-01-17 11:29:06.030380', 'put_channel : channel tb1, group 0, time 2015-01-17 11:29:06.030303')
('2015-01-17 11:29:07.021889', 'put_channel : channel tb1, group 1, time 2015-01-17 11:29:07.021786')
('2015-01-17 11:29:07.526737', 'put_channel : channel tb1, group 0, time 2015-01-17 11:29:07.526642')
('2015-01-17 11:29:08.523093', 'put_channel : channel tb1, group 1, time 2015-01-17 11:29:08.522993')
('2015-01-17 11:29:09.028809', 'put_channel : channel tb1, group 0, time 2015-01-17 11:29:09.028709')
('2015-01-17 11:29:10.022003', 'put_channel : channel tb1, group 1, time 2015-01-17 11:29:10.021906')
('2015-01-17 11:29:10.530331', 'put_channel : channel tb1, group 0, time 2015-01-17 11:29:10.530243')
('2015-01-17 11:29:11.524776', 'put_channel : channel tb1, group 1, time 2015-01-17 11:29:11.524677')
('2015-01-17 11:29:12.033458', 'put_channel : channel tb1, group 0, time 2015-01-17 11:29:12.033375')
('2015-01-17 11:29:13.552447', 'put_channel : channel tb1, group 0, time 2015-01-17 11:29:13.552328')
('2015-01-17 11:29:14.523115', 'put_channel : channel tb1, group 1, time 2015-01-17 11:29:14.523021')
('2015-01-17 11:29:15.030992', 'put_channel : channel tb1, group 0, time 2015-01-17 11:29:15.030891')
('2015-01-17 11:29:15.230646', 'put_channel : channel tb1, group 1, time 2015-01-17 11:29:15.230525')
('2015-01-17 11:29:17.557184', 'put_channel : channel tb1, group 0, time 2015-01-17 11:29:17.557052')
('2015-01-17 11:29:18.029090', 'put_channel : channel tb1, group 0, time 2015-01-17 11:29:18.029004')
('2015-01-17 11:29:19.554807', 'put_channel : channel tb1, group 0, time 2015-01-17 11:29:19.554702')
('2015-01-17 11:29:21.030320', 'put_channel : channel tb1, group 0, time 2015-01-17 11:29:21.030209')
('2015-01-17 11:29:22.557841', 'put_channel : channel tb1, group 0, time 2015-01-17 11:29:22.557751')
('2015-01-17 11:29:24.027178', 'put_channel : channel tb1, group 0, time 2015-01-17 11:29:24.027089')
('2015-01-17 11:29:25.554177', 'put_channel : channel tb1, group 0, time 2015-01-17 11:29:25.554061')
('2015-01-17 11:29:26.526304', 'put_channel : channel tb1, group 1, time 2015-01-17 11:29:26.526210')
('2015-01-17 11:29:26.535090', 'put_channel : channel tb1, group 1, time 2015-01-17 11:29:26.535046')
('2015-01-17 11:29:28.028143', 'put_channel : channel tb1, group 1, time 2015-01-17 11:29:28.028036')
('2015-01-17 11:29:28.028670', 'put_channel : channel tb1, group 0, time 2015-01-17 11:29:28.028576')
('2015-01-17 11:29:28.088224', 'put_channel : channel tb1, group 1, time 2015-01-17 11:29:28.088132')
('2015-01-17 11:29:28.557896', 'put_channel : channel tb1, group 0, time 2015-01-17 11:29:28.557791')
('2015-01-17 11:29:30.026843', 'put_channel : channel tb1, group 0, time 2015-01-17 11:29:30.026724')
('2015-01-17 11:29:32.544629', 'put_channel : channel tb1, group 0, time 2015-01-17 11:29:32.544525')
('2015-01-17 11:29:33.028928', 'put_channel : channel tb1, group 0, time 2015-01-17 11:29:33.028840')
('2015-01-17 11:29:34.540850', 'put_channel : channel tb1, group 0, time 2015-01-17 11:29:34.540763')
('2015-01-17 11:29:36.028084', 'put_channel : channel tb1, group 0, time 2015-01-17 11:29:36.028004')
('2015-01-17 11:29:36.393327', 'fd_channel : login[0] 1 login[1] 0 , tb0[0] 4 tb0[1] 16 , tb1[0] 74 tb1[1] 59')
('2015-01-17 11:29:36.394224', 'fd_channel : login[0] 1 login[1] 0 , tb0[0] 4 tb0[1] 16 , tb1[0] 74 tb1[1] 58')
('2015-01-17 11:29:36.394949', 'fd_channel : login[0] 1 login[1] 0 , tb0[0] 4 tb0[1] 16 , tb1[0] 74 tb1[1] 57')
('2015-01-17 11:29:36.395683', 'fd_channel : login[0] 1 login[1] 0 , tb0[0] 4 tb0[1] 16 , tb1[0] 74 tb1[1] 56')
('2015-01-17 11:29:36.396466', 'fd_channel : login[0] 1 login[1] 0 , tb0[0] 4 tb0[1] 16 , tb1[0] 74 tb1[1] 55')
('2015-01-17 11:29:36.397145', 'fd_channel : login[0] 1 login[1] 0 , tb0[0] 4 tb0[1] 16 , tb1[0] 74 tb1[1] 54')
('2015-01-17 11:29:36.397816', 'fd_channel : login[0] 1 login[1] 0 , tb0[0] 4 tb0[1] 16 , tb1[0] 74 tb1[1] 53')
('2015-01-17 11:29:36.398508', 'fd_channel : login[0] 1 login[1] 0 , tb0[0] 4 tb0[1] 16 , tb1[0] 74 tb1[1] 52')
('2015-01-17 11:29:36.399226', 'fd_channel : login[0] 1 login[1] 0 , tb0[0] 4 tb0[1] 16 , tb1[0] 74 tb1[1] 51')
('2015-01-17 11:29:37.525740', 'put_channel : channel tb1, group 1, time 2015-01-17 11:29:37.525656')
('2015-01-17 11:29:37.544420', 'put_channel : channel tb1, group 0, time 2015-01-17 11:29:37.544373')
('2015-01-17 11:29:39.026560', 'put_channel : channel tb1, group 1, time 2015-01-17 11:29:39.026474')
('2015-01-17 11:29:39.034417', 'put_channel : channel tb1, group 0, time 2015-01-17 11:29:39.034372')
('2015-01-17 11:29:40.526126', 'put_channel : channel tb1, group 1, time 2015-01-17 11:29:40.526040')
('2015-01-17 11:29:40.556720', 'put_channel : channel tb1, group 0, time 2015-01-17 11:29:40.556663')
('2015-01-17 11:29:42.043609', 'put_channel : channel tb1, group 0, time 2015-01-17 11:29:42.043514')
('2015-01-17 11:29:43.401678', 'fd_channel : login[0] 1 login[1] 0 , tb0[0] 4 tb0[1] 16 , tb1[0] 78 tb1[1] 53')
('2015-01-17 11:29:43.402495', 'fd_channel : login[0] 1 login[1] 0 , tb0[0] 4 tb0[1] 16 , tb1[0] 78 tb1[1] 52')
('2015-01-17 11:29:43.403489', 'fd_channel : login[0] 1 login[1] 0 , tb0[0] 4 tb0[1] 16 , tb1[0] 78 tb1[1] 51')
('2015-01-17 11:29:43.404551', 'fd_channel : login[0] 1 login[1] 0 , tb0[0] 4 tb0[1] 16 , tb1[0] 78 tb1[1] 50')
('2015-01-17 11:29:43.554902', 'put_channel : channel tb1, group 0, time 2015-01-17 11:29:43.554785')
('2015-01-17 11:29:45.029059', 'put_channel : channel tb1, group 0, time 2015-01-17 11:29:45.028975')
('2015-01-17 11:29:46.405954', 'fd_channel : login[0] 1 login[1] 0 , tb0[0] 4 tb0[1] 16 , tb1[0] 80 tb1[1] 49')
('2015-01-17 11:29:46.407379', 'fd_channel : login[0] 1 login[1] 0 , tb0[0] 4 tb0[1] 16 , tb1[0] 80 tb1[1] 48')
('2015-01-17 11:29:46.560366', 'put_channel : channel tb1, group 0, time 2015-01-17 11:29:46.560244')
('2015-01-17 11:29:48.027752', 'put_channel : channel tb1, group 1, time 2015-01-17 11:29:48.027638')
('2015-01-17 11:29:48.028073', 'put_channel : channel tb1, group 1, time 2015-01-17 11:29:48.027980')
('2015-01-17 11:29:48.034872', 'put_channel : channel tb1, group 0, time 2015-01-17 11:29:48.034825')
('2015-01-17 11:29:50.405927', 'fd_channel : login[0] 1 login[1] 0 , tb0[0] 4 tb0[1] 16 , tb1[0] 82 tb1[1] 49')
('2015-01-17 11:29:50.407425', 'fd_channel : login[0] 1 login[1] 0 , tb0[0] 4 tb0[1] 16 , tb1[0] 82 tb1[1] 48')
('2015-01-17 11:29:51.026687', 'put_channel : channel tb1, group 1, time 2015-01-17 11:29:51.026596')
('2015-01-17 11:29:52.045605', 'put_channel : channel tb1, group 0, time 2015-01-17 11:29:52.045513')
('2015-01-17 11:29:52.578919', 'put_channel : channel tb1, group 0, time 2015-01-17 11:29:52.578803')
('2015-01-17 11:29:53.554018', 'put_channel : channel tb1, group 0, time 2015-01-17 11:29:53.553927')
('2015-01-17 11:29:54.054983', 'put_channel : channel tb1, group 0, time 2015-01-17 11:29:54.054868')
('2015-01-17 11:29:55.556270', 'put_channel : channel tb1, group 0, time 2015-01-17 11:29:55.556167')
('2015-01-17 11:29:56.925473', 'fd_channel : login[0] 1 login[1] 0 , tb0[0] 4 tb0[1] 16 , tb1[0] 87 tb1[1] 48')
('2015-01-17 11:29:56.926851', 'fd_channel : login[0] 1 login[1] 0 , tb0[0] 4 tb0[1] 16 , tb1[0] 87 tb1[1] 47')
('2015-01-17 11:29:56.927651', 'fd_channel : login[0] 1 login[1] 0 , tb0[0] 4 tb0[1] 16 , tb1[0] 87 tb1[1] 46')
('2015-01-17 11:29:56.928384', 'fd_channel : login[0] 1 login[1] 0 , tb0[0] 4 tb0[1] 16 , tb1[0] 87 tb1[1] 45')
('2015-01-17 11:29:56.929088', 'fd_channel : login[0] 1 login[1] 0 , tb0[0] 4 tb0[1] 16 , tb1[0] 87 tb1[1] 44')
('2015-01-17 11:29:56.929786', 'fd_channel : login[0] 1 login[1] 0 , tb0[0] 4 tb0[1] 16 , tb1[0] 87 tb1[1] 43')
('2015-01-17 11:29:56.930837', 'fd_channel : login[0] 1 login[1] 0 , tb0[0] 4 tb0[1] 16 , tb1[0] 87 tb1[1] 42')
('2015-01-17 11:29:56.931808', 'fd_channel : login[0] 1 login[1] 0 , tb0[0] 4 tb0[1] 16 , tb1[0] 87 tb1[1] 41')
('2015-01-17 11:29:56.932928', 'fd_channel : login[0] 1 login[1] 0 , tb0[0] 4 tb0[1] 16 , tb1[0] 87 tb1[1] 40')
('2015-01-17 11:29:58.066580', 'put_channel : channel tb1, group 0, time 2015-01-17 11:29:58.066484')
('2015-01-17 11:29:59.566102', 'put_channel : channel tb1, group 0, time 2015-01-17 11:29:59.565983')
('2015-01-17 11:29:59.848200', 'fd_channel : login[0] 1 login[1] 0 , tb0[0] 4 tb0[1] 16 , tb1[0] 81 tb1[1] 39')
('2015-01-17 11:29:59.851098', 'fd_channel : login[0] 1 login[1] 0 , tb0[0] 4 tb0[1] 16 , tb1[0] 75 tb1[1] 39')
('2015-01-17 11:29:59.929646', 'fd_channel : login[0] 1 login[1] 0 , tb0[0] 4 tb0[1] 16 , tb1[0] 75 tb1[1] 38')
('2015-01-17 11:29:59.930519', 'fd_channel : login[0] 1 login[1] 0 , tb0[0] 4 tb0[1] 16 , tb1[0] 75 tb1[1] 37')
('2015-01-17 11:29:59.933394', 'fd_channel : login[0] 1 login[1] 0 , tb0[0] 4 tb0[1] 16 , tb1[0] 75 tb1[1] 36')
('2015-01-17 11:29:59.934263', 'fd_channel : login[0] 1 login[1] 0 , tb0[0] 4 tb0[1] 16 , tb1[0] 75 tb1[1] 35')
('2015-01-17 11:29:59.935461', 'fd_channel : login[0] 1 login[1] 0 , tb0[0] 4 tb0[1] 16 , tb1[0] 75 tb1[1] 34')
('2015-01-17 11:29:59.936479', 'fd_channel : login[0] 1 login[1] 0 , tb0[0] 4 tb0[1] 16 , tb1[0] 75 tb1[1] 33')
('2015-01-17 11:30:01.049699', 'put_channel : channel tb1, group 0, time 2015-01-17 11:30:01.049606')
('2015-01-17 11:30:01.558628', 'put_channel : channel tb1, group 1, time 2015-01-17 11:30:01.558495')
('2015-01-17 11:30:01.851578', 'fd_channel : login[0] 1 login[1] 0 , tb0[0] 4 tb0[1] 16 , tb1[0] 75 tb1[1] 33')
('2015-01-17 11:30:01.852699', 'fd_channel : login[0] 1 login[1] 0 , tb0[0] 4 tb0[1] 16 , tb1[0] 74 tb1[1] 33')
('2015-01-17 11:30:01.988129', 'worker [6] stopping')
('2015-01-17 11:30:02.932491', 'fd_channel : login[0] 1 login[1] 0 , tb0[0] 4 tb0[1] 16 , tb1[0] 74 tb1[1] 32')
('2015-01-17 11:30:02.933761', 'fd_channel : login[0] 1 login[1] 0 , tb0[0] 4 tb0[1] 16 , tb1[0] 74 tb1[1] 31')
('2015-01-17 11:30:02.936695', 'fd_channel : login[0] 1 login[1] 0 , tb0[0] 4 tb0[1] 16 , tb1[0] 74 tb1[1] 30')
('2015-01-17 11:30:02.938273', 'fd_channel : login[0] 1 login[1] 0 , tb0[0] 4 tb0[1] 16 , tb1[0] 74 tb1[1] 29')
('2015-01-17 11:30:02.939152', 'fd_channel : login[0] 1 login[1] 0 , tb0[0] 4 tb0[1] 16 , tb1[0] 74 tb1[1] 28')
('2015-01-17 11:30:02.940220', 'fd_channel : login[0] 1 login[1] 0 , tb0[0] 4 tb0[1] 16 , tb1[0] 74 tb1[1] 27')
('2015-01-17 11:30:03.933096', 'fd_channel : login[0] 1 login[1] 0 , tb0[0] 4 tb0[1] 16 , tb1[0] 74 tb1[1] 26')
('2015-01-17 11:30:03.934173', 'fd_channel : login[0] 1 login[1] 0 , tb0[0] 4 tb0[1] 16 , tb1[0] 74 tb1[1] 25')
('2015-01-17 11:30:06.936669', 'fd_channel : login[0] 1 login[1] 0 , tb0[0] 4 tb0[1] 16 , tb1[0] 74 tb1[1] 24')
('2015-01-17 11:30:06.937535', 'fd_channel : login[0] 1 login[1] 0 , tb0[0] 4 tb0[1] 16 , tb1[0] 74 tb1[1] 23')
('2015-01-17 11:30:25.655283', 'put_channel : channel tb1, group 1, time 2015-01-17 11:30:25.655162')
('2015-01-17 11:30:26.583718', 'put_channel : channel tb1, group 1, time 2015-01-17 11:30:26.583582')
('2015-01-17 11:30:34.614350', 'put_channel : channel tb1, group 1, time 2015-01-17 11:30:34.614246')
