('2015-01-17 09:36:48.183173', 'worker [7] started')
('2015-01-17 09:36:48.183245', 'client 9 initted')
('2015-01-17 09:36:49.525917', 'put_channel : channel login, group 0, time 2015-01-17 09:36:49.525838')
('2015-01-17 09:36:49.526883', 'put_channel : channel login, group 1, time 2015-01-17 09:36:49.526814')
('2015-01-17 09:36:49.530201', 'fd_channel : login[0] 1 login[1] 0 , tb0[0] 0 tb0[1] 0 , tb1[0] 0 tb1[1] 0')
('2015-01-17 09:36:49.680841', 'fd_channel : login[0] 0 login[1] 0 , tb0[0] 0 tb0[1] 0 , tb1[0] 0 tb1[1] 0')
('2015-01-17 09:36:51.026152', 'put_channel : channel login, group 1, time 2015-01-17 09:36:51.026081')
('2015-01-17 09:36:51.026397', 'put_channel : channel login, group 0, time 2015-01-17 09:36:51.026300')
('2015-01-17 09:36:51.026802', 'fd_channel : login[0] 1 login[1] 0 , tb0[0] 0 tb0[1] 0 , tb1[0] 0 tb1[1] 0')
('2015-01-17 09:36:51.182380', 'fd_channel : login[0] 0 login[1] 0 , tb0[0] 0 tb0[1] 0 , tb1[0] 0 tb1[1] 0')
('2015-01-17 09:36:52.526130', 'put_channel : channel login, group 0, time 2015-01-17 09:36:52.526052')
('2015-01-17 09:36:52.527273', 'put_channel : channel login, group 1, time 2015-01-17 09:36:52.527236')
('2015-01-17 09:36:52.527696', 'fd_channel : login[0] 1 login[1] 0 , tb0[0] 0 tb0[1] 0 , tb1[0] 0 tb1[1] 0')
('2015-01-17 09:36:52.684129', 'fd_channel : login[0] 0 login[1] 0 , tb0[0] 0 tb0[1] 0 , tb1[0] 0 tb1[1] 0')
('2015-01-17 09:36:54.026588', 'put_channel : channel login, group 0, time 2015-01-17 09:36:54.026511')
('2015-01-17 09:36:54.026881', 'put_channel : channel login, group 1, time 2015-01-17 09:36:54.026840')
('2015-01-17 09:36:54.027169', 'fd_channel : login[0] 1 login[1] 0 , tb0[0] 0 tb0[1] 0 , tb1[0] 0 tb1[1] 0')
('2015-01-17 09:36:54.185549', 'fd_channel : login[0] 0 login[1] 0 , tb0[0] 0 tb0[1] 0 , tb1[0] 0 tb1[1] 0')
('2015-01-17 09:36:55.524473', 'put_channel : channel login, group 0, time 2015-01-17 09:36:55.524396')
('2015-01-17 09:36:55.524843', 'put_channel : channel login, group 1, time 2015-01-17 09:36:55.524804')
('2015-01-17 09:36:55.525315', 'fd_channel : login[0] 1 login[1] 0 , tb0[0] 0 tb0[1] 0 , tb1[0] 0 tb1[1] 0')
('2015-01-17 10:32:31.525441', 'put_channel : channel tb0, group 0, time 2015-01-17 10:32:31.525361')
('2015-01-17 10:32:33.262321', 'put_channel : channel tb0, group 0, time 2015-01-17 10:32:33.262239')
('2015-01-17 10:32:34.727569', 'put_channel : channel tb0, group 0, time 2015-01-17 10:32:34.727472')
('2015-01-17 10:32:36.255926', 'put_channel : channel tb0, group 0, time 2015-01-17 10:32:36.255817')
('2015-01-17 10:32:37.525261', 'put_channel : channel tb0, group 0, time 2015-01-17 10:32:37.525180')
('2015-01-17 10:32:40.525911', 'put_channel : channel tb0, group 0, time 2015-01-17 10:32:40.525827')
('2015-01-17 10:32:42.062372', 'put_channel : channel tb0, group 0, time 2015-01-17 10:32:42.062285')
('2015-01-17 10:32:43.526459', 'put_channel : channel tb0, group 0, time 2015-01-17 10:32:43.526378')
('2015-01-17 10:32:46.526269', 'put_channel : channel tb0, group 0, time 2015-01-17 10:32:46.526195')
('2015-01-17 10:32:48.062912', 'put_channel : channel tb0, group 0, time 2015-01-17 10:32:48.062826')
('2015-01-17 10:32:48.064250', 'put_channel : channel tb0, group 0, time 2015-01-17 10:32:48.064212')
('2015-01-17 10:32:49.111630', 'put_channel : channel tb0, group 0, time 2015-01-17 10:32:49.111545')
('2015-01-17 10:32:49.526813', 'put_channel : channel tb0, group 0, time 2015-01-17 10:32:49.526745')
('2015-01-17 10:32:52.058377', 'put_channel : channel tb0, group 0, time 2015-01-17 10:32:52.058286')
('2015-01-17 10:32:52.525766', 'put_channel : channel tb0, group 0, time 2015-01-17 10:32:52.525692')
('2015-01-17 10:33:01.554308', 'put_channel : channel tb0, group 1, time 2015-01-17 10:33:01.554235')
('2015-01-17 10:33:02.523175', 'put_channel : channel tb0, group 1, time 2015-01-17 10:33:02.523090')
('2015-01-17 10:33:02.531656', 'put_channel : channel tb0, group 1, time 2015-01-17 10:33:02.531615')
('2015-01-17 10:33:02.577320', 'put_channel : channel tb0, group 1, time 2015-01-17 10:33:02.577280')
('2015-01-17 10:33:03.027402', 'put_channel : channel tb0, group 1, time 2015-01-17 10:33:03.027310')
('2015-01-17 10:33:03.027819', 'put_channel : channel tb0, group 1, time 2015-01-17 10:33:03.027730')
('2015-01-17 10:33:03.060007', 'put_channel : channel tb0, group 1, time 2015-01-17 10:33:03.059965')
('2015-01-17 10:33:04.034725', 'put_channel : channel tb0, group 1, time 2015-01-17 10:33:04.034634')
('2015-01-17 10:33:04.083624', 'put_channel : channel tb0, group 1, time 2015-01-17 10:33:04.083537')
('2015-01-17 10:33:04.526398', 'put_channel : channel tb0, group 1, time 2015-01-17 10:33:04.526305')
('2015-01-17 10:33:04.547183', 'put_channel : channel tb0, group 1, time 2015-01-17 10:33:04.547107')
('2015-01-17 10:33:05.538532', 'put_channel : channel tb0, group 1, time 2015-01-17 10:33:05.538450')
('2015-01-17 10:33:05.585824', 'put_channel : channel tb0, group 1, time 2015-01-17 10:33:05.585730')
('2015-01-17 10:33:06.026576', 'put_channel : channel tb0, group 1, time 2015-01-17 10:33:06.026500')
('2015-01-17 10:33:06.050388', 'put_channel : channel tb0, group 1, time 2015-01-17 10:33:06.050349')
('2015-01-17 10:33:07.091459', 'put_channel : channel tb0, group 1, time 2015-01-17 10:33:07.091378')
('2015-01-17 10:33:07.525196', 'put_channel : channel tb0, group 1, time 2015-01-17 10:33:07.525120')
('2015-01-17 10:33:07.555676', 'put_channel : channel tb0, group 1, time 2015-01-17 10:33:07.555636')
('2015-01-17 10:33:08.594794', 'put_channel : channel tb0, group 1, time 2015-01-17 10:33:08.594710')
('2015-01-17 10:33:09.026990', 'put_channel : channel tb0, group 1, time 2015-01-17 10:33:09.026900')
('2015-01-17 10:33:09.043250', 'put_channel : channel tb0, group 1, time 2015-01-17 10:33:09.043174')
('2015-01-17 10:33:10.067133', 'put_channel : channel tb0, group 1, time 2015-01-17 10:33:10.067035')
('2015-01-17 10:33:10.525152', 'put_channel : channel tb0, group 1, time 2015-01-17 10:33:10.525085')
('2015-01-17 10:33:11.601957', 'put_channel : channel tb0, group 1, time 2015-01-17 10:33:11.601878')
('2015-01-17 10:33:12.025119', 'put_channel : channel tb0, group 1, time 2015-01-17 10:33:12.025054')
('2015-01-17 10:33:13.073900', 'put_channel : channel tb0, group 1, time 2015-01-17 10:33:13.073818')
('2015-01-17 10:33:13.527341', 'put_channel : channel tb0, group 1, time 2015-01-17 10:33:13.527248')
('2015-01-17 10:33:14.578003', 'put_channel : channel tb0, group 1, time 2015-01-17 10:33:14.577913')
('2015-01-17 10:33:15.025087', 'put_channel : channel tb0, group 1, time 2015-01-17 10:33:15.025006')
('2015-01-17 10:33:16.082096', 'put_channel : channel tb0, group 1, time 2015-01-17 10:33:16.082012')
('2015-01-17 10:34:03.010011', 'fd_channel : login[0] 1 login[1] 0 , tb0[0] 15 tb0[1] 29 , tb1[0] 0 tb1[1] 0')
('2015-01-17 10:34:03.010906', 'fd_channel : login[0] 1 login[1] 0 , tb0[0] 15 tb0[1] 28 , tb1[0] 0 tb1[1] 0')
('2015-01-17 10:34:03.011960', 'fd_channel : login[0] 1 login[1] 0 , tb0[0] 15 tb0[1] 27 , tb1[0] 0 tb1[1] 0')
('2015-01-17 10:34:03.012655', 'fd_channel : login[0] 1 login[1] 0 , tb0[0] 15 tb0[1] 26 , tb1[0] 0 tb1[1] 0')
('2015-01-17 10:34:03.013207', 'fd_channel : login[0] 1 login[1] 0 , tb0[0] 15 tb0[1] 25 , tb1[0] 0 tb1[1] 0')
('2015-01-17 10:34:03.013877', 'fd_channel : login[0] 1 login[1] 0 , tb0[0] 15 tb0[1] 24 , tb1[0] 0 tb1[1] 0')
('2015-01-17 10:34:03.014500', 'fd_channel : login[0] 1 login[1] 0 , tb0[0] 15 tb0[1] 23 , tb1[0] 0 tb1[1] 0')
('2015-01-17 10:34:03.015457', 'fd_channel : login[0] 1 login[1] 0 , tb0[0] 15 tb0[1] 22 , tb1[0] 0 tb1[1] 0')
('2015-01-17 10:34:03.016083', 'fd_channel : login[0] 1 login[1] 0 , tb0[0] 15 tb0[1] 21 , tb1[0] 0 tb1[1] 0')
('2015-01-17 10:34:12.025811', 'put_channel : channel tb0, group 1, time 2015-01-17 10:34:12.025702')
('2015-01-17 10:34:12.026184', 'put_channel : channel tb0, group 1, time 2015-01-17 10:34:12.026147')
('2015-01-17 10:34:12.050937', 'put_channel : channel tb0, group 1, time 2015-01-17 10:34:12.050839')
('2015-01-17 10:34:13.033916', 'put_channel : channel tb0, group 1, time 2015-01-17 10:34:13.033826')
('2015-01-17 10:34:13.073546', 'put_channel : channel tb0, group 1, time 2015-01-17 10:34:13.073470')
('2015-01-17 10:34:13.526755', 'put_channel : channel tb0, group 1, time 2015-01-17 10:34:13.526635')
('2015-01-17 10:34:13.527151', 'put_channel : channel tb0, group 1, time 2015-01-17 10:34:13.527102')
('2015-01-17 10:34:13.558170', 'put_channel : channel tb0, group 1, time 2015-01-17 10:34:13.558066')
('2015-01-17 10:34:14.538740', 'put_channel : channel tb0, group 1, time 2015-01-17 10:34:14.538634')
('2015-01-17 10:34:14.577836', 'put_channel : channel tb0, group 1, time 2015-01-17 10:34:14.577758')
('2015-01-17 10:34:15.028222', 'put_channel : channel tb0, group 1, time 2015-01-17 10:34:15.028138')
('2015-01-17 10:34:15.058087', 'put_channel : channel tb0, group 1, time 2015-01-17 10:34:15.058007')
('2015-01-17 10:34:16.082292', 'put_channel : channel tb0, group 1, time 2015-01-17 10:34:16.082182')
('2015-01-17 10:34:16.526087', 'put_channel : channel tb0, group 1, time 2015-01-17 10:34:16.525986')
('2015-01-17 10:34:16.549140', 'put_channel : channel tb0, group 1, time 2015-01-17 10:34:16.549084')
('2015-01-17 10:34:17.585833', 'put_channel : channel tb0, group 1, time 2015-01-17 10:34:17.585739')
('2015-01-17 10:34:18.026621', 'put_channel : channel tb0, group 1, time 2015-01-17 10:34:18.026533')
('2015-01-17 10:34:18.051862', 'put_channel : channel tb0, group 1, time 2015-01-17 10:34:18.051766')
('2015-01-17 10:34:22.554268', 'fd_channel : login[0] 1 login[1] 0 , tb0[0] 14 tb0[1] 39 , tb1[0] 0 tb1[1] 0')
('2015-01-17 10:34:22.554940', 'fd_channel : login[0] 1 login[1] 0 , tb0[0] 14 tb0[1] 38 , tb1[0] 0 tb1[1] 0')
('2015-01-17 10:34:23.083563', 'fd_channel : login[0] 1 login[1] 0 , tb0[0] 13 tb0[1] 38 , tb1[0] 0 tb1[1] 0')
('2015-01-17 10:34:23.084631', 'fd_channel : login[0] 1 login[1] 0 , tb0[0] 13 tb0[1] 37 , tb1[0] 0 tb1[1] 0')
('2015-01-17 10:34:23.456933', 'fd_channel : login[0] 1 login[1] 0 , tb0[0] 12 tb0[1] 37 , tb1[0] 0 tb1[1] 0')
('2015-01-17 10:34:23.457922', 'fd_channel : login[0] 1 login[1] 0 , tb0[0] 12 tb0[1] 36 , tb1[0] 0 tb1[1] 0')
('2015-01-17 10:34:24.556338', 'fd_channel : login[0] 1 login[1] 0 , tb0[0] 11 tb0[1] 36 , tb1[0] 0 tb1[1] 0')
('2015-01-17 10:34:24.557077', 'fd_channel : login[0] 1 login[1] 0 , tb0[0] 11 tb0[1] 35 , tb1[0] 0 tb1[1] 0')
('2015-01-17 10:34:25.086012', 'fd_channel : login[0] 1 login[1] 0 , tb0[0] 10 tb0[1] 35 , tb1[0] 0 tb1[1] 0')
('2015-01-17 10:34:25.086919', 'fd_channel : login[0] 1 login[1] 0 , tb0[0] 10 tb0[1] 34 , tb1[0] 0 tb1[1] 0')
('2015-01-17 10:34:25.171618', 'fd_channel : login[0] 1 login[1] 0 , tb0[0] 9 tb0[1] 34 , tb1[0] 0 tb1[1] 0')
('2015-01-17 10:34:25.172430', 'fd_channel : login[0] 1 login[1] 0 , tb0[0] 9 tb0[1] 33 , tb1[0] 0 tb1[1] 0')
('2015-01-17 10:34:25.459146', 'fd_channel : login[0] 1 login[1] 0 , tb0[0] 8 tb0[1] 33 , tb1[0] 0 tb1[1] 0')
('2015-01-17 10:34:25.460031', 'fd_channel : login[0] 1 login[1] 0 , tb0[0] 8 tb0[1] 32 , tb1[0] 0 tb1[1] 0')
('2015-01-17 10:34:27.085334', 'fd_channel : login[0] 1 login[1] 0 , tb0[0] 7 tb0[1] 32 , tb1[0] 0 tb1[1] 0')
('2015-01-17 10:34:27.086415', 'fd_channel : login[0] 1 login[1] 0 , tb0[0] 7 tb0[1] 31 , tb1[0] 0 tb1[1] 0')
('2015-01-17 10:34:27.173895', 'fd_channel : login[0] 1 login[1] 0 , tb0[0] 6 tb0[1] 31 , tb1[0] 0 tb1[1] 0')
('2015-01-17 10:34:27.174867', 'fd_channel : login[0] 1 login[1] 0 , tb0[0] 6 tb0[1] 30 , tb1[0] 0 tb1[1] 0')
('2015-01-17 10:34:28.077514', 'fd_channel : login[0] 1 login[1] 0 , tb0[0] 5 tb0[1] 30 , tb1[0] 0 tb1[1] 0')
('2015-01-17 10:34:28.078688', 'fd_channel : login[0] 1 login[1] 0 , tb0[0] 5 tb0[1] 29 , tb1[0] 0 tb1[1] 0')
('2015-01-17 10:34:29.087773', 'fd_channel : login[0] 1 login[1] 0 , tb0[0] 4 tb0[1] 29 , tb1[0] 0 tb1[1] 0')
('2015-01-17 10:34:29.088489', 'fd_channel : login[0] 1 login[1] 0 , tb0[0] 4 tb0[1] 28 , tb1[0] 0 tb1[1] 0')
('2015-01-17 10:34:30.079976', 'fd_channel : login[0] 1 login[1] 0 , tb0[0] 3 tb0[1] 28 , tb1[0] 0 tb1[1] 0')
('2015-01-17 10:34:30.080676', 'fd_channel : login[0] 1 login[1] 0 , tb0[0] 3 tb0[1] 27 , tb1[0] 0 tb1[1] 0')
('2015-01-17 10:34:31.201660', 'fd_channel : login[0] 1 login[1] 0 , tb0[0] 2 tb0[1] 27 , tb1[0] 0 tb1[1] 0')
('2015-01-17 10:34:31.202562', 'fd_channel : login[0] 1 login[1] 0 , tb0[0] 2 tb0[1] 26 , tb1[0] 0 tb1[1] 0')
('2015-01-17 10:34:33.203975', 'fd_channel : login[0] 1 login[1] 0 , tb0[0] 1 tb0[1] 26 , tb1[0] 0 tb1[1] 0')
('2015-01-17 10:34:33.204756', 'fd_channel : login[0] 1 login[1] 0 , tb0[0] 1 tb0[1] 25 , tb1[0] 0 tb1[1] 0')
('2015-01-17 10:34:36.447339', 'fd_channel : login[0] 1 login[1] 0 , tb0[0] 0 tb0[1] 25 , tb1[0] 0 tb1[1] 0')
('2015-01-17 10:34:36.448528', 'fd_channel : login[0] 1 login[1] 0 , tb0[0] 0 tb0[1] 24 , tb1[0] 0 tb1[1] 0')
('2015-01-17 10:34:38.450583', 'fd_channel : login[0] 1 login[1] 0 , tb0[0] 0 tb0[1] 23 , tb1[0] 0 tb1[1] 0')
('2015-01-17 10:34:39.651541', 'fd_channel : login[0] 1 login[1] 0 , tb0[0] 0 tb0[1] 23 , tb1[0] 0 tb1[1] 0')
('2015-01-17 10:34:40.847050', 'fd_channel : login[0] 1 login[1] 0 , tb0[0] 0 tb0[1] 22 , tb1[0] 0 tb1[1] 0')
('2015-01-17 10:34:42.048409', 'fd_channel : login[0] 1 login[1] 0 , tb0[0] 0 tb0[1] 22 , tb1[0] 0 tb1[1] 0')
('2015-01-17 10:34:42.848853', 'fd_channel : login[0] 1 login[1] 0 , tb0[0] 0 tb0[1] 21 , tb1[0] 0 tb1[1] 0')
('2015-01-17 10:34:44.049750', 'fd_channel : login[0] 1 login[1] 0 , tb0[0] 0 tb0[1] 21 , tb1[0] 0 tb1[1] 0')
('2015-01-17 10:34:50.577888', 'put_channel : channel tb0, group 1, time 2015-01-17 10:34:50.577802')
('2015-01-17 10:34:51.123024', 'put_channel : channel tb0, group 1, time 2015-01-17 10:34:51.122914')
('2015-01-17 10:34:52.082680', 'put_channel : channel tb0, group 1, time 2015-01-17 10:34:52.082594')
('2015-01-17 10:34:52.524177', 'put_channel : channel tb0, group 1, time 2015-01-17 10:34:52.524091')
('2015-01-17 10:34:52.658247', 'put_channel : channel tb0, group 1, time 2015-01-17 10:34:52.658199')
('2015-01-17 10:34:53.586923', 'put_channel : channel tb0, group 1, time 2015-01-17 10:34:53.586877')
('2015-01-17 10:34:54.024870', 'put_channel : channel tb0, group 1, time 2015-01-17 10:34:54.024787')
('2015-01-17 10:34:54.130286', 'put_channel : channel tb0, group 1, time 2015-01-17 10:34:54.130202')
('2015-01-17 10:34:55.089141', 'put_channel : channel tb0, group 1, time 2015-01-17 10:34:55.089050')
('2015-01-17 10:34:55.524925', 'put_channel : channel tb0, group 1, time 2015-01-17 10:34:55.524849')
('2015-01-17 10:34:55.667941', 'put_channel : channel tb0, group 1, time 2015-01-17 10:34:55.667847')
('2015-01-17 10:34:56.563428', 'put_channel : channel tb0, group 1, time 2015-01-17 10:34:56.563328')
('2015-01-17 10:35:05.206488', 'fd_channel : login[0] 1 login[1] 0 , tb0[0] 0 tb0[1] 32 , tb1[0] 0 tb1[1] 0')
('2015-01-17 10:35:25.208738', 'fd_channel : login[0] 1 login[1] 0 , tb0[0] 0 tb0[1] 29 , tb1[0] 0 tb1[1] 0')
('2015-01-17 10:35:27.057484', 'put_channel : channel tb0, group 1, time 2015-01-17 10:35:27.057398')
('2015-01-17 10:35:28.026211', 'put_channel : channel tb0, group 1, time 2015-01-17 10:35:28.026124')
('2015-01-17 10:35:28.034000', 'put_channel : channel tb0, group 1, time 2015-01-17 10:35:28.033962')
('2015-01-17 10:35:28.083030', 'put_channel : channel tb0, group 1, time 2015-01-17 10:35:28.082935')
('2015-01-17 10:35:28.525132', 'put_channel : channel tb0, group 1, time 2015-01-17 10:35:28.525073')
('2015-01-17 10:35:28.526740', 'put_channel : channel tb0, group 1, time 2015-01-17 10:35:28.526668')
('2015-01-17 10:35:29.586582', 'put_channel : channel tb0, group 1, time 2015-01-17 10:35:29.586487')
('2015-01-17 10:35:30.024805', 'put_channel : channel tb0, group 1, time 2015-01-17 10:35:30.024725')
('2015-01-17 10:35:30.051183', 'put_channel : channel tb0, group 1, time 2015-01-17 10:35:30.051124')
('2015-01-17 10:35:30.163058', 'put_channel : channel tb0, group 1, time 2015-01-17 10:35:30.162969')
('2015-01-17 10:35:31.034330', 'put_channel : channel tb0, group 1, time 2015-01-17 10:35:31.034245')
('2015-01-17 10:35:31.091430', 'put_channel : channel tb0, group 1, time 2015-01-17 10:35:31.091387')
('2015-01-17 10:35:31.525217', 'put_channel : channel tb0, group 1, time 2015-01-17 10:35:31.525155')
('2015-01-17 10:35:31.634935', 'put_channel : channel tb0, group 1, time 2015-01-17 10:35:31.634887')
('2015-01-17 10:35:33.025846', 'put_channel : channel tb0, group 1, time 2015-01-17 10:35:33.025795')
('2015-01-17 10:35:33.972534', 'fd_channel : login[0] 1 login[1] 0 , tb0[0] 0 tb0[1] 43 , tb1[0] 0 tb1[1] 0')
('2015-01-17 10:35:35.173435', 'fd_channel : login[0] 1 login[1] 0 , tb0[0] 0 tb0[1] 43 , tb1[0] 0 tb1[1] 0')
('2015-01-17 10:35:35.974447', 'fd_channel : login[0] 1 login[1] 0 , tb0[0] 0 tb0[1] 42 , tb1[0] 0 tb1[1] 0')
('2015-01-17 10:35:37.175668', 'fd_channel : login[0] 1 login[1] 0 , tb0[0] 0 tb0[1] 42 , tb1[0] 0 tb1[1] 0')
('2015-01-17 10:36:07.977895', 'fd_channel : login[0] 1 login[1] 0 , tb0[0] 0 tb0[1] 36 , tb1[0] 0 tb1[1] 0')
('2015-01-17 10:36:27.981070', 'fd_channel : login[0] 1 login[1] 0 , tb0[0] 0 tb0[1] 26 , tb1[0] 0 tb1[1] 0')
('2015-01-17 10:36:34.097240', 'put_channel : channel tb0, group 1, time 2015-01-17 10:36:34.097155')
('2015-01-17 10:36:34.524676', 'put_channel : channel tb0, group 1, time 2015-01-17 10:36:34.524634')
('2015-01-17 10:36:34.525527', 'put_channel : channel tb0, group 1, time 2015-01-17 10:36:34.525490')
('2015-01-17 10:36:34.545357', 'put_channel : channel tb0, group 1, time 2015-01-17 10:36:34.545319')
('2015-01-17 10:36:35.539576', 'put_channel : channel tb0, group 1, time 2015-01-17 10:36:35.539481')
('2015-01-17 10:36:35.572562', 'put_channel : channel tb0, group 1, time 2015-01-17 10:36:35.572487')
('2015-01-17 10:36:36.025773', 'put_channel : channel tb0, group 1, time 2015-01-17 10:36:36.025658')
('2015-01-17 10:36:37.074906', 'put_channel : channel tb0, group 1, time 2015-01-17 10:36:37.074818')
('2015-01-17 10:36:37.527031', 'put_channel : channel tb0, group 1, time 2015-01-17 10:36:37.526952')
('2015-01-17 10:36:37.553950', 'put_channel : channel tb0, group 1, time 2015-01-17 10:36:37.553910')
('2015-01-17 10:36:37.618019', 'put_channel : channel tb0, group 1, time 2015-01-17 10:36:37.617978')
('2015-01-17 10:36:38.579087', 'put_channel : channel tb0, group 1, time 2015-01-17 10:36:38.578980')
('2015-01-17 10:36:39.026566', 'put_channel : channel tb0, group 1, time 2015-01-17 10:36:39.026488')
('2015-01-17 10:36:39.155151', 'put_channel : channel tb0, group 1, time 2015-01-17 10:36:39.155107')
('2015-01-17 10:36:40.081920', 'put_channel : channel tb0, group 1, time 2015-01-17 10:36:40.081840')
('2015-01-17 10:36:40.527352', 'put_channel : channel tb0, group 1, time 2015-01-17 10:36:40.527289')
('2015-01-17 10:36:40.546407', 'put_channel : channel tb0, group 1, time 2015-01-17 10:36:40.546368')
('2015-01-17 10:36:41.241627', 'fd_channel : login[0] 1 login[1] 0 , tb0[0] 0 tb0[1] 42 , tb1[0] 0 tb1[1] 0')
('2015-01-17 10:36:42.442436', 'fd_channel : login[0] 1 login[1] 0 , tb0[0] 0 tb0[1] 42 , tb1[0] 0 tb1[1] 0')
('2015-01-17 10:36:43.243470', 'fd_channel : login[0] 1 login[1] 0 , tb0[0] 0 tb0[1] 41 , tb1[0] 0 tb1[1] 0')
('2015-01-17 10:36:44.444348', 'fd_channel : login[0] 1 login[1] 0 , tb0[0] 0 tb0[1] 41 , tb1[0] 0 tb1[1] 0')
('2015-01-17 10:37:04.795543', 'fd_channel : login[0] 1 login[1] 0 , tb0[0] 0 tb0[1] 41 , tb1[0] 0 tb1[1] 0')
('2015-01-17 10:37:04.798512', 'fd_channel : login[0] 1 login[1] 0 , tb0[0] 0 tb0[1] 41 , tb1[0] 0 tb1[1] 0')
('2015-01-17 10:37:08.881060', 'fd_channel : login[0] 1 login[1] 0 , tb0[0] 0 tb0[1] 41 , tb1[0] 0 tb1[1] 0')
('2015-01-17 10:37:09.974718', 'fd_channel : login[0] 1 login[1] 0 , tb0[0] 0 tb0[1] 41 , tb1[0] 0 tb1[1] 0')
('2015-01-17 10:37:09.975122', 'fd_channel : login[0] 1 login[1] 0 , tb0[0] 0 tb0[1] 41 , tb1[0] 0 tb1[1] 0')
('2015-01-17 10:37:10.907998', 'fd_channel : login[0] 1 login[1] 0 , tb0[0] 0 tb0[1] 41 , tb1[0] 0 tb1[1] 0')
('2015-01-17 10:37:11.522580', 'put_channel : channel tb0, group 1, time 2015-01-17 10:37:11.522471')
('2015-01-17 10:37:11.539707', 'put_channel : channel tb0, group 1, time 2015-01-17 10:37:11.539644')
('2015-01-17 10:37:12.024965', 'put_channel : channel tb0, group 1, time 2015-01-17 10:37:12.024888')
('2015-01-17 10:37:13.074797', 'put_channel : channel tb0, group 1, time 2015-01-17 10:37:13.074738')
('2015-01-17 10:37:13.527174', 'put_channel : channel tb0, group 1, time 2015-01-17 10:37:13.527082')
('2015-01-17 10:37:13.654076', 'put_channel : channel tb0, group 1, time 2015-01-17 10:37:13.654018')
('2015-01-17 10:37:13.850174', 'fd_channel : login[0] 1 login[1] 0 , tb0[0] 0 tb0[1] 47 , tb1[0] 0 tb1[1] 0')
('2015-01-17 10:37:14.530584', 'put_channel : channel tb0, group 1, time 2015-01-17 10:37:14.530542')
('2015-01-17 10:37:14.579119', 'put_channel : channel tb0, group 1, time 2015-01-17 10:37:14.579073')
('2015-01-17 10:37:15.024819', 'fd_channel : login[0] 1 login[1] 0 , tb0[0] 0 tb0[1] 49 , tb1[0] 0 tb1[1] 0')
('2015-01-17 10:37:15.025398', 'put_channel : channel tb0, group 1, time 2015-01-17 10:37:15.025362')
('2015-01-17 10:37:15.121087', 'put_channel : channel tb0, group 1, time 2015-01-17 10:37:15.120998')
('2015-01-17 10:37:15.247881', 'fd_channel : login[0] 1 login[1] 0 , tb0[0] 0 tb0[1] 41 , tb1[0] 0 tb1[1] 0')
('2015-01-17 10:37:15.709672', 'fd_channel : login[0] 1 login[1] 0 , tb0[0] 0 tb0[1] 41 , tb1[0] 0 tb1[1] 0')
('2015-01-17 10:37:16.082850', 'put_channel : channel tb0, group 1, time 2015-01-17 10:37:16.082764')
('2015-01-17 10:37:16.526533', 'put_channel : channel tb0, group 1, time 2015-01-17 10:37:16.526470')
('2015-01-17 10:37:16.545979', 'put_channel : channel tb0, group 1, time 2015-01-17 10:37:16.545895')
('2015-01-17 10:37:18.664209', 'fd_channel : login[0] 1 login[1] 0 , tb0[0] 0 tb0[1] 43 , tb1[0] 0 tb1[1] 0')
('2015-01-17 10:37:18.686201', 'fd_channel : login[0] 1 login[1] 0 , tb0[0] 0 tb0[1] 42 , tb1[0] 0 tb1[1] 0')
('2015-01-17 10:37:18.686889', 'fd_channel : login[0] 1 login[1] 0 , tb0[0] 0 tb0[1] 41 , tb1[0] 0 tb1[1] 0')
('2015-01-17 10:37:22.692037', 'fd_channel : login[0] 1 login[1] 0 , tb0[0] 0 tb0[1] 41 , tb1[0] 0 tb1[1] 0')
('2015-01-17 10:37:26.065124', 'fd_channel : login[0] 1 login[1] 0 , tb0[0] 0 tb0[1] 30 , tb1[0] 0 tb1[1] 0')
('2015-01-17 10:37:27.263586', 'fd_channel : login[0] 1 login[1] 0 , tb0[0] 0 tb0[1] 30 , tb1[0] 0 tb1[1] 0')
('2015-01-17 10:37:28.063620', 'fd_channel : login[0] 1 login[1] 0 , tb0[0] 0 tb0[1] 29 , tb1[0] 0 tb1[1] 0')
('2015-01-17 10:37:29.264718', 'fd_channel : login[0] 1 login[1] 0 , tb0[0] 0 tb0[1] 29 , tb1[0] 0 tb1[1] 0')
('2015-01-17 10:37:47.522372', 'put_channel : channel tb0, group 1, time 2015-01-17 10:37:47.522291')
('2015-01-17 10:37:48.026479', 'put_channel : channel tb0, group 1, time 2015-01-17 10:37:48.026416')
('2015-01-17 10:37:48.026907', 'put_channel : channel tb0, group 1, time 2015-01-17 10:37:48.026870')
('2015-01-17 10:37:48.051264', 'put_channel : channel tb0, group 1, time 2015-01-17 10:37:48.051226')
('2015-01-17 10:37:49.033460', 'put_channel : channel tb0, group 1, time 2015-01-17 10:37:49.033370')
('2015-01-17 10:37:49.074582', 'put_channel : channel tb0, group 1, time 2015-01-17 10:37:49.074528')
('2015-01-17 10:37:49.526556', 'put_channel : channel tb0, group 1, time 2015-01-17 10:37:49.526489')
('2015-01-17 10:37:49.682981', 'put_channel : channel tb0, group 1, time 2015-01-17 10:37:49.682912')
('2015-01-17 10:37:50.579077', 'put_channel : channel tb0, group 1, time 2015-01-17 10:37:50.578980')
('2015-01-17 10:37:51.024641', 'put_channel : channel tb0, group 1, time 2015-01-17 10:37:51.024583')
('2015-01-17 10:37:51.057797', 'put_channel : channel tb0, group 1, time 2015-01-17 10:37:51.057757')
('2015-01-17 10:37:51.154759', 'put_channel : channel tb0, group 1, time 2015-01-17 10:37:51.154717')
('2015-01-17 10:37:52.081889', 'put_channel : channel tb0, group 1, time 2015-01-17 10:37:52.081816')
('2015-01-17 10:37:52.526129', 'put_channel : channel tb0, group 1, time 2015-01-17 10:37:52.526062')
('2015-01-17 10:37:52.627819', 'put_channel : channel tb0, group 1, time 2015-01-17 10:37:52.627775')
('2015-01-17 10:37:53.587484', 'put_channel : channel tb0, group 1, time 2015-01-17 10:37:53.587404')
('2015-01-17 10:37:54.050327', 'put_channel : channel tb0, group 1, time 2015-01-17 10:37:54.050259')
('2015-01-17 10:38:25.651542', 'put_channel : channel tb0, group 0, time 2015-01-17 10:38:25.651455')
('2015-01-17 10:38:27.186243', 'put_channel : channel tb0, group 1, time 2015-01-17 10:38:27.186147')
('2015-01-17 10:38:28.658880', 'put_channel : channel tb0, group 0, time 2015-01-17 10:38:28.658804')
('2015-01-17 10:38:28.659468', 'put_channel : channel tb0, group 1, time 2015-01-17 10:38:28.659431')
('2015-01-17 10:38:31.666225', 'put_channel : channel tb0, group 1, time 2015-01-17 10:38:31.666142')
('2015-01-17 10:38:31.667108', 'put_channel : channel tb0, group 0, time 2015-01-17 10:38:31.667037')
('2015-01-17 10:38:39.215222', 'put_channel : channel tb0, group 0, time 2015-01-17 10:38:39.215115')
('2015-01-17 10:38:40.199361', 'put_channel : channel tb0, group 0, time 2015-01-17 10:38:40.199248')
('2015-01-17 10:38:45.124403', 'put_channel : channel tb0, group 0, time 2015-01-17 10:38:45.124331')
('2015-01-17 10:38:45.228969', 'put_channel : channel tb0, group 0, time 2015-01-17 10:38:45.228880')
('2015-01-17 10:38:48.998428', 'fd_channel : login[0] 1 login[1] 0 , tb0[0] 7 tb0[1] 32 , tb1[0] 0 tb1[1] 0')
('2015-01-17 10:38:49.225148', 'put_channel : channel tb0, group 0, time 2015-01-17 10:38:49.225034')
('2015-01-17 10:38:49.538771', 'fd_channel : login[0] 1 login[1] 0 , tb0[0] 8 tb0[1] 31 , tb1[0] 0 tb1[1] 0')
('2015-01-17 10:38:49.652110', 'put_channel : channel tb0, group 0, time 2015-01-17 10:38:49.652023')
('2015-01-17 10:38:52.659131', 'put_channel : channel tb0, group 0, time 2015-01-17 10:38:52.659051')
('2015-01-17 10:38:54.154946', 'put_channel : channel tb0, group 0, time 2015-01-17 10:38:54.154859')
('2015-01-17 10:38:54.194972', 'put_channel : channel tb0, group 0, time 2015-01-17 10:38:54.194853')
('2015-01-17 10:38:55.668842', 'put_channel : channel tb0, group 0, time 2015-01-17 10:38:55.668752')
('2015-01-17 10:38:56.983042', 'fd_channel : login[0] 1 login[1] 0 , tb0[0] 13 tb0[1] 30 , tb1[0] 0 tb1[1] 0')
('2015-01-17 10:38:58.374788', 'fd_channel : login[0] 1 login[1] 0 , tb0[0] 13 tb0[1] 29 , tb1[0] 0 tb1[1] 0')
('2015-01-17 10:38:58.403763', 'fd_channel : login[0] 1 login[1] 0 , tb0[0] 13 tb0[1] 28 , tb1[0] 0 tb1[1] 0')
('2015-01-17 10:39:53.048918', 'fd_channel : login[0] 1 login[1] 0 , tb0[0] 12 tb0[1] 28 , tb1[0] 0 tb1[1] 0')
('2015-01-17 10:39:57.127546', 'fd_channel : login[0] 1 login[1] 0 , tb0[0] 11 tb0[1] 28 , tb1[0] 0 tb1[1] 0')
('2015-01-17 10:39:58.151661', 'fd_channel : login[0] 1 login[1] 0 , tb0[0] 10 tb0[1] 28 , tb1[0] 0 tb1[1] 0')
('2015-01-17 10:40:00.712249', 'fd_channel : login[0] 1 login[1] 0 , tb0[0] 9 tb0[1] 28 , tb1[0] 0 tb1[1] 0')
('2015-01-17 10:41:58.141109', 'fd_channel : login[0] 1 login[1] 0 , tb0[0] 0 tb0[1] 28 , tb1[0] 0 tb1[1] 0')
('2015-01-17 11:27:46.524871', 'put_channel : channel tb1, group 0, time 2015-01-17 11:27:46.524787')
('2015-01-17 11:27:46.525751', 'put_channel : channel tb1, group 1, time 2015-01-17 11:27:46.525660')
('2015-01-17 11:27:48.027060', 'put_channel : channel tb1, group 1, time 2015-01-17 11:27:48.026965')
('2015-01-17 11:27:48.039536', 'put_channel : channel tb1, group 0, time 2015-01-17 11:27:48.039497')
('2015-01-17 11:27:49.526243', 'put_channel : channel tb1, group 1, time 2015-01-17 11:27:49.526166')
('2015-01-17 11:27:49.528232', 'put_channel : channel tb1, group 0, time 2015-01-17 11:27:49.528188')
('2015-01-17 11:27:51.026605', 'put_channel : channel tb1, group 1, time 2015-01-17 11:27:51.026529')
('2015-01-17 11:27:51.029632', 'put_channel : channel tb1, group 0, time 2015-01-17 11:27:51.029594')
('2015-01-17 11:27:52.524765', 'put_channel : channel tb1, group 0, time 2015-01-17 11:27:52.524697')
('2015-01-17 11:27:52.525088', 'put_channel : channel tb1, group 1, time 2015-01-17 11:27:52.525047')
('2015-01-17 11:27:54.024655', 'put_channel : channel tb1, group 1, time 2015-01-17 11:27:54.024580')
('2015-01-17 11:27:54.031899', 'put_channel : channel tb1, group 0, time 2015-01-17 11:27:54.031824')
('2015-01-17 11:27:55.526156', 'put_channel : channel tb1, group 1, time 2015-01-17 11:27:55.526079')
('2015-01-17 11:27:55.528242', 'put_channel : channel tb1, group 0, time 2015-01-17 11:27:55.528206')
('2015-01-17 11:27:57.025589', 'put_channel : channel tb1, group 1, time 2015-01-17 11:27:57.025521')
('2015-01-17 11:27:57.027568', 'put_channel : channel tb1, group 0, time 2015-01-17 11:27:57.027487')
('2015-01-17 11:27:58.526451', 'put_channel : channel tb1, group 1, time 2015-01-17 11:27:58.526369')
('2015-01-17 11:27:58.527034', 'put_channel : channel tb1, group 0, time 2015-01-17 11:27:58.526997')
('2015-01-17 11:28:00.025748', 'put_channel : channel tb1, group 1, time 2015-01-17 11:28:00.025671')
('2015-01-17 11:28:00.026831', 'put_channel : channel tb1, group 0, time 2015-01-17 11:28:00.026794')
('2015-01-17 11:28:01.526688', 'put_channel : channel tb1, group 0, time 2015-01-17 11:28:01.526617')
('2015-01-17 11:28:01.527313', 'put_channel : channel tb1, group 1, time 2015-01-17 11:28:01.527273')
('2015-01-17 11:28:03.024811', 'put_channel : channel tb1, group 1, time 2015-01-17 11:28:03.024737')
('2015-01-17 11:28:03.025661', 'put_channel : channel tb1, group 0, time 2015-01-17 11:28:03.025626')
('2015-01-17 11:28:04.527628', 'put_channel : channel tb1, group 0, time 2015-01-17 11:28:04.527554')
('2015-01-17 11:28:04.531220', 'put_channel : channel tb1, group 1, time 2015-01-17 11:28:04.531182')
('2015-01-17 11:28:06.027035', 'put_channel : channel tb1, group 1, time 2015-01-17 11:28:06.026936')
('2015-01-17 11:28:06.029263', 'put_channel : channel tb1, group 0, time 2015-01-17 11:28:06.029225')
('2015-01-17 11:28:07.526321', 'put_channel : channel tb1, group 0, time 2015-01-17 11:28:07.526214')
('2015-01-17 11:28:07.526676', 'put_channel : channel tb1, group 1, time 2015-01-17 11:28:07.526628')
('2015-01-17 11:28:09.024777', 'put_channel : channel tb1, group 1, time 2015-01-17 11:28:09.024685')
('2015-01-17 11:28:09.026385', 'put_channel : channel tb1, group 0, time 2015-01-17 11:28:09.026343')
('2015-01-17 11:28:10.526366', 'put_channel : channel tb1, group 0, time 2015-01-17 11:28:10.526289')
('2015-01-17 11:28:10.527344', 'put_channel : channel tb1, group 1, time 2015-01-17 11:28:10.527305')
('2015-01-17 11:28:12.025917', 'put_channel : channel tb1, group 1, time 2015-01-17 11:28:12.025848')
('2015-01-17 11:28:12.028574', 'put_channel : channel tb1, group 0, time 2015-01-17 11:28:12.028536')
('2015-01-17 11:28:13.527467', 'put_channel : channel tb1, group 1, time 2015-01-17 11:28:13.527403')
('2015-01-17 11:28:13.527808', 'put_channel : channel tb1, group 0, time 2015-01-17 11:28:13.527772')
('2015-01-17 11:28:15.025975', 'put_channel : channel tb1, group 1, time 2015-01-17 11:28:15.025906')
('2015-01-17 11:28:15.027031', 'put_channel : channel tb1, group 0, time 2015-01-17 11:28:15.026982')
('2015-01-17 11:28:16.526428', 'put_channel : channel tb1, group 0, time 2015-01-17 11:28:16.526344')
('2015-01-17 11:28:16.527077', 'put_channel : channel tb1, group 1, time 2015-01-17 11:28:16.527017')
('2015-01-17 11:28:18.026055', 'put_channel : channel tb1, group 1, time 2015-01-17 11:28:18.025984')
('2015-01-17 11:28:18.030193', 'put_channel : channel tb1, group 0, time 2015-01-17 11:28:18.030155')
('2015-01-17 11:28:19.527514', 'put_channel : channel tb1, group 1, time 2015-01-17 11:28:19.527412')
('2015-01-17 11:28:19.530059', 'put_channel : channel tb1, group 0, time 2015-01-17 11:28:19.530015')
('2015-01-17 11:28:21.025505', 'put_channel : channel tb1, group 1, time 2015-01-17 11:28:21.025421')
('2015-01-17 11:28:21.027316', 'put_channel : channel tb1, group 0, time 2015-01-17 11:28:21.027244')
('2015-01-17 11:28:22.525725', 'put_channel : channel tb1, group 0, time 2015-01-17 11:28:22.525650')
('2015-01-17 11:28:22.526265', 'put_channel : channel tb1, group 1, time 2015-01-17 11:28:22.526225')
('2015-01-17 11:28:24.026573', 'put_channel : channel tb1, group 0, time 2015-01-17 11:28:24.026493')
('2015-01-17 11:28:24.026944', 'put_channel : channel tb1, group 1, time 2015-01-17 11:28:24.026855')
('2015-01-17 11:28:25.525522', 'put_channel : channel tb1, group 0, time 2015-01-17 11:28:25.525444')
('2015-01-17 11:28:25.526386', 'put_channel : channel tb1, group 1, time 2015-01-17 11:28:25.526318')
('2015-01-17 11:28:27.024628', 'put_channel : channel tb1, group 1, time 2015-01-17 11:28:27.024555')
('2015-01-17 11:28:27.026299', 'put_channel : channel tb1, group 0, time 2015-01-17 11:28:27.026262')
('2015-01-17 11:28:28.524691', 'put_channel : channel tb1, group 0, time 2015-01-17 11:28:28.524621')
('2015-01-17 11:28:28.525102', 'put_channel : channel tb1, group 1, time 2015-01-17 11:28:28.525066')
('2015-01-17 11:28:30.025825', 'put_channel : channel tb1, group 0, time 2015-01-17 11:28:30.025733')
('2015-01-17 11:28:30.026666', 'put_channel : channel tb1, group 1, time 2015-01-17 11:28:30.026628')
('2015-01-17 11:28:31.527120', 'put_channel : channel tb1, group 0, time 2015-01-17 11:28:31.527021')
('2015-01-17 11:28:33.025856', 'put_channel : channel tb1, group 0, time 2015-01-17 11:28:33.025786')
('2015-01-17 11:28:34.528906', 'put_channel : channel tb1, group 0, time 2015-01-17 11:28:34.528827')
('2015-01-17 11:28:36.026176', 'put_channel : channel tb1, group 0, time 2015-01-17 11:28:36.026100')
('2015-01-17 11:28:37.526133', 'put_channel : channel tb1, group 0, time 2015-01-17 11:28:37.526056')
('2015-01-17 11:28:39.026947', 'put_channel : channel tb1, group 0, time 2015-01-17 11:28:39.026867')
('2015-01-17 11:28:40.526479', 'put_channel : channel tb1, group 0, time 2015-01-17 11:28:40.526401')
('2015-01-17 11:28:42.027074', 'put_channel : channel tb1, group 0, time 2015-01-17 11:28:42.026991')
('2015-01-17 11:28:43.034373', 'put_channel : channel tb1, group 1, time 2015-01-17 11:28:43.034275')
('2015-01-17 11:28:43.527387', 'put_channel : channel tb1, group 1, time 2015-01-17 11:28:43.527319')
('2015-01-17 11:28:43.527688', 'put_channel : channel tb1, group 0, time 2015-01-17 11:28:43.527632')
('2015-01-17 11:28:43.527878', 'put_channel : channel tb1, group 1, time 2015-01-17 11:28:43.527843')
('2015-01-17 11:28:44.530775', 'put_channel : channel tb1, group 1, time 2015-01-17 11:28:44.530691')
('2015-01-17 11:28:45.025850', 'put_channel : channel tb1, group 1, time 2015-01-17 11:28:45.025782')
('2015-01-17 11:28:45.026239', 'put_channel : channel tb1, group 1, time 2015-01-17 11:28:45.026202')
('2015-01-17 11:28:45.026948', 'put_channel : channel tb1, group 0, time 2015-01-17 11:28:45.026906')
('2015-01-17 11:28:46.035687', 'put_channel : channel tb1, group 1, time 2015-01-17 11:28:46.035602')
('2015-01-17 11:28:46.526592', 'put_channel : channel tb1, group 0, time 2015-01-17 11:28:46.526513')
('2015-01-17 11:28:48.027694', 'put_channel : channel tb1, group 0, time 2015-01-17 11:28:48.027604')
('2015-01-17 11:28:49.526374', 'put_channel : channel tb1, group 0, time 2015-01-17 11:28:49.526296')
('2015-01-17 11:28:51.025863', 'put_channel : channel tb1, group 0, time 2015-01-17 11:28:51.025786')
('2015-01-17 11:28:52.525778', 'put_channel : channel tb1, group 0, time 2015-01-17 11:28:52.525711')
('2015-01-17 11:28:53.521647', 'put_channel : channel tb1, group 1, time 2015-01-17 11:28:53.521573')
('2015-01-17 11:28:53.538498', 'put_channel : channel tb1, group 1, time 2015-01-17 11:28:53.538455')
('2015-01-17 11:28:54.025901', 'put_channel : channel tb1, group 1, time 2015-01-17 11:28:54.025811')
('2015-01-17 11:28:54.026663', 'put_channel : channel tb1, group 1, time 2015-01-17 11:28:54.026626')
('2015-01-17 11:28:54.027636', 'put_channel : channel tb1, group 0, time 2015-01-17 11:28:54.027569')
('2015-01-17 11:28:55.033358', 'put_channel : channel tb1, group 1, time 2015-01-17 11:28:55.033272')
('2015-01-17 11:28:55.527039', 'put_channel : channel tb1, group 1, time 2015-01-17 11:28:55.526948')
('2015-01-17 11:28:55.527558', 'put_channel : channel tb1, group 0, time 2015-01-17 11:28:55.527518')
('2015-01-17 11:28:56.530794', 'put_channel : channel tb1, group 1, time 2015-01-17 11:28:56.530710')
('2015-01-17 11:28:57.027443', 'put_channel : channel tb1, group 0, time 2015-01-17 11:28:57.027373')
('2015-01-17 11:28:58.527797', 'put_channel : channel tb1, group 0, time 2015-01-17 11:28:58.527730')
('2015-01-17 11:28:59.523229', 'put_channel : channel tb1, group 1, time 2015-01-17 11:28:59.523149')
('2015-01-17 11:29:00.025748', 'put_channel : channel tb1, group 0, time 2015-01-17 11:29:00.025665')
('2015-01-17 11:29:01.479046', 'put_channel : channel tb1, group 1, time 2015-01-17 11:29:01.478946')
('2015-01-17 11:29:01.526041', 'put_channel : channel tb1, group 0, time 2015-01-17 11:29:01.525994')
('2015-01-17 11:29:01.526663', 'put_channel : channel tb1, group 1, time 2015-01-17 11:29:01.526593')
('2015-01-17 11:29:02.578810', 'put_channel : channel tb1, group 1, time 2015-01-17 11:29:02.578727')
('2015-01-17 11:29:03.026126', 'put_channel : channel tb1, group 0, time 2015-01-17 11:29:03.026040')
('2015-01-17 11:29:04.529676', 'put_channel : channel tb1, group 0, time 2015-01-17 11:29:04.529596')
('2015-01-17 11:29:05.479893', 'put_channel : channel tb1, group 1, time 2015-01-17 11:29:05.479788')
('2015-01-17 11:29:06.027330', 'put_channel : channel tb1, group 1, time 2015-01-17 11:29:06.027226')
('2015-01-17 11:29:06.027793', 'put_channel : channel tb1, group 0, time 2015-01-17 11:29:06.027750')
('2015-01-17 11:29:07.527175', 'put_channel : channel tb1, group 0, time 2015-01-17 11:29:07.527100')
('2015-01-17 11:29:08.147173', 'put_channel : channel tb1, group 1, time 2015-01-17 11:29:08.147083')
('2015-01-17 11:29:09.026110', 'put_channel : channel tb1, group 1, time 2015-01-17 11:29:09.026011')
('2015-01-17 11:29:09.026618', 'put_channel : channel tb1, group 0, time 2015-01-17 11:29:09.026553')
('2015-01-17 11:29:10.526785', 'put_channel : channel tb1, group 1, time 2015-01-17 11:29:10.526697')
('2015-01-17 11:29:10.527427', 'put_channel : channel tb1, group 0, time 2015-01-17 11:29:10.527390')
('2015-01-17 11:29:11.538458', 'put_channel : channel tb1, group 1, time 2015-01-17 11:29:11.538374')
('2015-01-17 11:29:12.028644', 'put_channel : channel tb1, group 0, time 2015-01-17 11:29:12.028562')
('2015-01-17 11:29:13.551236', 'put_channel : channel tb1, group 0, time 2015-01-17 11:29:13.551161')
('2015-01-17 11:29:15.030752', 'put_channel : channel tb1, group 0, time 2015-01-17 11:29:15.030673')
('2015-01-17 11:29:16.554170', 'put_channel : channel tb1, group 0, time 2015-01-17 11:29:16.554089')
('2015-01-17 11:29:18.028897', 'put_channel : channel tb1, group 0, time 2015-01-17 11:29:18.028828')
('2015-01-17 11:29:19.555663', 'put_channel : channel tb1, group 0, time 2015-01-17 11:29:19.555563')
('2015-01-17 11:29:21.027908', 'put_channel : channel tb1, group 0, time 2015-01-17 11:29:21.027826')
('2015-01-17 11:29:24.026037', 'put_channel : channel tb1, group 0, time 2015-01-17 11:29:24.025960')
('2015-01-17 11:29:25.551049', 'put_channel : channel tb1, group 0, time 2015-01-17 11:29:25.550915')
('2015-01-17 11:29:25.586794', 'put_channel : channel tb1, group 0, time 2015-01-17 11:29:25.586717')
('2015-01-17 11:29:28.023349', 'put_channel : channel tb1, group 0, time 2015-01-17 11:29:28.023267')
('2015-01-17 11:29:28.530483', 'put_channel : channel tb1, group 1, time 2015-01-17 11:29:28.530415')
('2015-01-17 11:29:29.550183', 'put_channel : channel tb1, group 0, time 2015-01-17 11:29:29.550109')
('2015-01-17 11:29:30.027612', 'put_channel : channel tb1, group 0, time 2015-01-17 11:29:30.027536')
('2015-01-17 11:29:31.550536', 'put_channel : channel tb1, group 0, time 2015-01-17 11:29:31.550456')
('2015-01-17 11:29:33.026662', 'put_channel : channel tb1, group 0, time 2015-01-17 11:29:33.026595')
('2015-01-17 11:29:34.539107', 'put_channel : channel tb1, group 0, time 2015-01-17 11:29:34.539008')
('2015-01-17 11:29:36.028680', 'put_channel : channel tb1, group 0, time 2015-01-17 11:29:36.028601')
('2015-01-17 11:29:36.257166', 'fd_channel : login[0] 1 login[1] 0 , tb0[0] 0 tb0[1] 28 , tb1[0] 74 tb1[1] 54')
('2015-01-17 11:29:36.258733', 'fd_channel : login[0] 1 login[1] 0 , tb0[0] 0 tb0[1] 28 , tb1[0] 74 tb1[1] 53')
('2015-01-17 11:29:36.259838', 'fd_channel : login[0] 1 login[1] 0 , tb0[0] 0 tb0[1] 28 , tb1[0] 74 tb1[1] 52')
('2015-01-17 11:29:36.261225', 'fd_channel : login[0] 1 login[1] 0 , tb0[0] 0 tb0[1] 28 , tb1[0] 74 tb1[1] 51')
('2015-01-17 11:29:36.262226', 'fd_channel : login[0] 1 login[1] 0 , tb0[0] 0 tb0[1] 28 , tb1[0] 74 tb1[1] 50')
('2015-01-17 11:29:36.262840', 'fd_channel : login[0] 1 login[1] 0 , tb0[0] 0 tb0[1] 28 , tb1[0] 74 tb1[1] 49')
('2015-01-17 11:29:36.263578', 'fd_channel : login[0] 1 login[1] 0 , tb0[0] 0 tb0[1] 28 , tb1[0] 74 tb1[1] 48')
('2015-01-17 11:29:36.264147', 'fd_channel : login[0] 1 login[1] 0 , tb0[0] 0 tb0[1] 28 , tb1[0] 74 tb1[1] 47')
('2015-01-17 11:29:36.264901', 'fd_channel : login[0] 1 login[1] 0 , tb0[0] 0 tb0[1] 28 , tb1[0] 74 tb1[1] 46')
('2015-01-17 11:29:37.541198', 'put_channel : channel tb1, group 0, time 2015-01-17 11:29:37.541119')
('2015-01-17 11:29:39.034713', 'put_channel : channel tb1, group 0, time 2015-01-17 11:29:39.034644')
('2015-01-17 11:29:39.262508', 'fd_channel : login[0] 1 login[1] 0 , tb0[0] 0 tb0[1] 28 , tb1[0] 76 tb1[1] 45')
('2015-01-17 11:29:40.023198', 'put_channel : channel tb1, group 1, time 2015-01-17 11:29:40.023113')
('2015-01-17 11:29:40.557821', 'put_channel : channel tb1, group 0, time 2015-01-17 11:29:40.557720')
('2015-01-17 11:29:42.042541', 'put_channel : channel tb1, group 0, time 2015-01-17 11:29:42.042459')
('2015-01-17 11:29:43.266672', 'fd_channel : login[0] 1 login[1] 0 , tb0[0] 0 tb0[1] 28 , tb1[0] 78 tb1[1] 45')
('2015-01-17 11:29:43.551848', 'put_channel : channel tb1, group 0, time 2015-01-17 11:29:43.551778')
('2015-01-17 11:29:45.027482', 'put_channel : channel tb1, group 0, time 2015-01-17 11:29:45.027411')
('2015-01-17 11:29:47.554331', 'put_channel : channel tb1, group 0, time 2015-01-17 11:29:47.554248')
('2015-01-17 11:29:48.030652', 'put_channel : channel tb1, group 0, time 2015-01-17 11:29:48.030575')
('2015-01-17 11:29:50.523239', 'put_channel : channel tb1, group 1, time 2015-01-17 11:29:50.523159')
('2015-01-17 11:29:50.554637', 'put_channel : channel tb1, group 0, time 2015-01-17 11:29:50.554526')
('2015-01-17 11:29:51.052748', 'put_channel : channel tb1, group 0, time 2015-01-17 11:29:51.052672')
('2015-01-17 11:29:52.550114', 'put_channel : channel tb1, group 0, time 2015-01-17 11:29:52.550044')
('2015-01-17 11:29:55.055246', 'put_channel : channel tb1, group 0, time 2015-01-17 11:29:55.055143')
('2015-01-17 11:29:56.188247', 'fd_channel : login[0] 1 login[1] 0 , tb0[0] 0 tb0[1] 28 , tb1[0] 86 tb1[1] 45')
('2015-01-17 11:29:56.188886', 'fd_channel : login[0] 1 login[1] 0 , tb0[0] 0 tb0[1] 28 , tb1[0] 86 tb1[1] 44')
('2015-01-17 11:29:56.189929', 'fd_channel : login[0] 1 login[1] 0 , tb0[0] 0 tb0[1] 28 , tb1[0] 86 tb1[1] 43')
('2015-01-17 11:29:56.190879', 'fd_channel : login[0] 1 login[1] 0 , tb0[0] 0 tb0[1] 28 , tb1[0] 86 tb1[1] 42')
('2015-01-17 11:29:56.191811', 'fd_channel : login[0] 1 login[1] 0 , tb0[0] 0 tb0[1] 28 , tb1[0] 86 tb1[1] 41')
('2015-01-17 11:29:56.193034', 'fd_channel : login[0] 1 login[1] 0 , tb0[0] 0 tb0[1] 28 , tb1[0] 86 tb1[1] 40')
('2015-01-17 11:29:56.193763', 'fd_channel : login[0] 1 login[1] 0 , tb0[0] 0 tb0[1] 28 , tb1[0] 86 tb1[1] 39')
('2015-01-17 11:29:56.194561', 'fd_channel : login[0] 1 login[1] 0 , tb0[0] 0 tb0[1] 28 , tb1[0] 86 tb1[1] 38')
('2015-01-17 11:29:56.195477', 'fd_channel : login[0] 1 login[1] 0 , tb0[0] 0 tb0[1] 28 , tb1[0] 86 tb1[1] 37')
('2015-01-17 11:29:56.550033', 'put_channel : channel tb1, group 0, time 2015-01-17 11:29:56.549965')
('2015-01-17 11:29:57.050575', 'put_channel : channel tb1, group 0, time 2015-01-17 11:29:57.050505')
('2015-01-17 11:29:58.811498', 'fd_channel : login[0] 1 login[1] 0 , tb0[0] 0 tb0[1] 28 , tb1[0] 75 tb1[1] 36')
('2015-01-17 11:29:58.812131', 'fd_channel : login[0] 1 login[1] 0 , tb0[0] 0 tb0[1] 28 , tb1[0] 74 tb1[1] 36')
('2015-01-17 11:29:59.193892', 'fd_channel : login[0] 1 login[1] 0 , tb0[0] 0 tb0[1] 28 , tb1[0] 74 tb1[1] 35')
('2015-01-17 11:29:59.194658', 'fd_channel : login[0] 1 login[1] 0 , tb0[0] 0 tb0[1] 28 , tb1[0] 74 tb1[1] 34')
('2015-01-17 11:29:59.195847', 'fd_channel : login[0] 1 login[1] 0 , tb0[0] 0 tb0[1] 28 , tb1[0] 74 tb1[1] 33')
('2015-01-17 11:29:59.196815', 'fd_channel : login[0] 1 login[1] 0 , tb0[0] 0 tb0[1] 28 , tb1[0] 74 tb1[1] 32')
('2015-01-17 11:29:59.197586', 'fd_channel : login[0] 1 login[1] 0 , tb0[0] 0 tb0[1] 28 , tb1[0] 74 tb1[1] 31')
('2015-01-17 11:29:59.198501', 'fd_channel : login[0] 1 login[1] 0 , tb0[0] 0 tb0[1] 28 , tb1[0] 74 tb1[1] 30')
('2015-01-17 11:29:59.433925', 'fd_channel : login[0] 1 login[1] 0 , tb0[0] 0 tb0[1] 28 , tb1[0] 73 tb1[1] 30')
('2015-01-17 11:29:59.434733', 'fd_channel : login[0] 1 login[1] 0 , tb0[0] 0 tb0[1] 28 , tb1[0] 73 tb1[1] 29')
('2015-01-17 11:29:59.514123', 'fd_channel : login[0] 1 login[1] 0 , tb0[0] 0 tb0[1] 28 , tb1[0] 72 tb1[1] 29')
('2015-01-17 11:29:59.515028', 'fd_channel : login[0] 1 login[1] 0 , tb0[0] 0 tb0[1] 28 , tb1[0] 72 tb1[1] 28')
('2015-01-17 11:29:59.555930', 'put_channel : channel tb1, group 0, time 2015-01-17 11:29:59.555875')
('2015-01-17 11:30:01.034453', 'put_channel : channel tb1, group 1, time 2015-01-17 11:30:01.034403')
('2015-01-17 11:30:01.050315', 'put_channel : channel tb1, group 0, time 2015-01-17 11:30:01.050273')
('2015-01-17 11:30:01.207016', 'worker [7] stopping')
('2015-01-17 11:30:02.198444', 'fd_channel : login[0] 1 login[1] 0 , tb0[0] 0 tb0[1] 28 , tb1[0] 74 tb1[1] 28')
('2015-01-17 11:30:02.199531', 'fd_channel : login[0] 1 login[1] 0 , tb0[0] 0 tb0[1] 28 , tb1[0] 74 tb1[1] 27')
('2015-01-17 11:30:02.200109', 'fd_channel : login[0] 1 login[1] 0 , tb0[0] 0 tb0[1] 28 , tb1[0] 74 tb1[1] 26')
('2015-01-17 11:30:02.201953', 'fd_channel : login[0] 1 login[1] 0 , tb0[0] 0 tb0[1] 28 , tb1[0] 74 tb1[1] 25')
('2015-01-17 11:30:05.544443', 'fd_channel : login[0] 1 login[1] 0 , tb0[0] 0 tb0[1] 28 , tb1[0] 74 tb1[1] 24')
('2015-01-17 11:30:05.663936', 'fd_channel : login[0] 1 login[1] 0 , tb0[0] 0 tb0[1] 28 , tb1[0] 74 tb1[1] 23')
('2015-01-17 11:30:13.555127', 'put_channel : channel tb1, group 1, time 2015-01-17 11:30:13.555023')
