('2015-01-17 09:36:49.545888', 'client 52439743 login 施文 310106198304204073')
('2015-01-17 09:36:49.631740', 'client 52373568 login 孙铭 31010819880607286x')
('2015-01-17 09:36:51.040120', 'client 52503841 login 赵静 31010519781011124x')
('2015-01-17 09:36:51.135223', 'client 52468115 login 赵刚 310107196102192438')
('2015-01-17 09:36:52.540279', 'client 52783213 login 沈波 310115198612164014')
('2015-01-17 09:36:52.635638', 'client 52740848 login 姜勇 612601197303130037')
('2015-01-17 09:36:54.040856', 'client 52455292 login 徐李斌 310110197811223818')
('2015-01-17 09:36:54.137965', 'client 52483822 login 高笑一 310228197111251235')
('2015-01-17 09:36:55.541829', 'client 52517206 login 曹阳 310110198008105438')
('2015-01-17 10:35:02.438927', 'client 52740848 bid 0 image Failed')
('2015-01-17 10:35:02.438968', 'client 52740848 bid 0 failed. Abort.....')
('2015-01-17 10:35:02.441105', 'client 52373568 bid 0 image Failed')
('2015-01-17 10:35:02.441172', 'client 52373568 bid 0 failed. Abort.....')
('2015-01-17 10:35:02.442421', 'client 52455292 bid 0 image Failed')
('2015-01-17 10:35:02.442455', 'client 52455292 bid 0 failed. Abort.....')
('2015-01-17 10:35:02.444174', 'client 52468115 bid 0 image Failed')
('2015-01-17 10:35:02.444208', 'client 52468115 bid 0 failed. Abort.....')
('2015-01-17 10:35:02.445587', 'client 52503841 bid 0 image Failed')
('2015-01-17 10:35:02.445627', 'client 52503841 bid 0 failed. Abort.....')
('2015-01-17 10:35:02.447483', 'client 52783213 bid 0 image Failed')
('2015-01-17 10:35:02.447514', 'client 52783213 bid 0 failed. Abort.....')
('2015-01-17 10:35:02.448628', 'client 52439743 bid 0 image Failed')
('2015-01-17 10:35:02.448661', 'client 52439743 bid 0 failed. Abort.....')
('2015-01-17 10:35:02.449786', 'client 52483822 bid 0 image Failed')
('2015-01-17 10:35:02.449823', 'client 52483822 bid 0 failed. Abort.....')
('2015-01-17 10:35:02.450731', 'client 52517206 bid 0 image Failed')
('2015-01-17 10:35:02.450776', 'client 52517206 bid 0 failed. Abort.....')
('2015-01-17 10:35:07.016812', 'client 52783213 bid 0 image 41EA373AFA10A2494B21C0BAE7DAEFF1 528482 ')
('2015-01-17 10:35:07.040606', 'client 52783213 bid 0 price 73700 沈波 310115198612164014')
('2015-01-17 10:35:07.069969', 'client 52439743 bid 0 image ED05A1B392BE8E145F88629C3EBA4144 506061 ')
('2015-01-17 10:35:07.094849', 'client 52439743 bid 0 price 73700 施文 310106198304204073')
('2015-01-17 10:35:08.115707', 'client 52373568 bid 0 image 0A34AD203F2D319509E05F055E7ADC9F 063849 ')
('2015-01-17 10:35:08.153761', 'client 52373568 bid 0 price 73700 孙铭 31010819880607286x')
('2015-01-17 10:35:08.318663', 'client 52455292 bid 0 image DB5E8CB8C2469C0E7D0B444D15C442FE 516163 ')
('2015-01-17 10:35:08.350198', 'client 52455292 bid 0 price 73700 徐李斌 310110197811223818')
('2015-01-17 10:35:09.173230', 'client 52483822 bid 0 image 2FDA6358D03202C34870A8C8AB293F97 080548 ')
('2015-01-17 10:35:12.190966', 'client 52740848 bid 0 image AFCA744F1AB22E0A738C7CD3350765D3 535390 ')
('2015-01-17 10:35:12.363499', 'client 52468115 bid 0 image 1E6255D35C25E8805CAB934652BCB2EA 838362 ')
('2015-01-17 10:35:12.446548', 'client 52517206 bid 0 image 5993FBB5ACDA313184FDB9DB8554AFDB 460635 ')
('2015-01-17 10:35:19.913582', 'client 52503841 bid 0 image F740F49690134F1B3A58758D753598D3 263828 ')
('2015-01-17 10:35:43.177139', 'client 52483822 bid 0 price Failed')
('2015-01-17 10:35:43.177286', 'client 52483822 bid 0 failed. Abort.....')
('2015-01-17 10:35:46.195484', 'client 52740848 bid 0 price Failed')
('2015-01-17 10:35:46.195659', 'client 52740848 bid 0 failed. Abort.....')
('2015-01-17 10:35:46.367582', 'client 52468115 bid 0 price Failed')
('2015-01-17 10:35:46.367722', 'client 52468115 bid 0 failed. Abort.....')
('2015-01-17 10:35:46.450482', 'client 52517206 bid 0 price Failed')
('2015-01-17 10:35:46.450649', 'client 52517206 bid 0 failed. Abort.....')
('2015-01-17 10:35:51.490224', 'client 52483822 bid 0 image 62AD255EA8AC718063B6659E0AB8572E 836081 ')
('2015-01-17 10:35:53.917300', 'client 52503841 bid 0 price Failed')
('2015-01-17 10:35:53.917449', 'client 52503841 bid 0 failed. Abort.....')
('2015-01-17 10:36:17.981996', 'client 52483822 bid 0 price 73700 高笑一 310228197111251235')
('2015-01-17 10:36:19.987394', 'client 52503841 bid 0 image 1FCAEE5227276984A138ACFDD3B21D40 939164 ')
('2015-01-17 10:36:28.258033', 'client 52740848 bid 0 image 96D630F69FFFDE99A6CA489CC2C5C9BE 946360 ')
('2015-01-17 10:36:28.277539', 'client 52740848 bid 0 price 73700 姜勇 612601197303130037')
('2015-01-17 10:36:31.138603', 'client 52468115 bid 0 image A5170F78BA0C4D993BD672B7B2A12502 936352 ')
('2015-01-17 10:36:33.081677', 'client 52517206 bid 0 image DEA0C755695084DB7BC63FF2CDEEC265 616194 ')
('2015-01-17 10:36:53.991877', 'client 52503841 bid 0 price Failed')
('2015-01-17 10:36:53.992025', 'client 52503841 bid 0 failed. Abort.....')
('2015-01-17 10:37:05.144010', 'client 52468115 bid 0 price Failed')
('2015-01-17 10:37:05.144180', 'client 52468115 bid 0 failed. Abort.....')
('2015-01-17 10:37:07.086005', 'client 52517206 bid 0 price Failed')
('2015-01-17 10:37:07.086151', 'client 52517206 bid 0 failed. Abort.....')
('2015-01-17 10:37:38.109917', 'client 52517206 bid 0 image 1726518AE683637B6632D1A239190FDB 638152 ')
('2015-01-17 10:37:38.479003', 'client 52468115 bid 0 image E8010F6DE372FA41CF8EBE762100D288 462518 ')
('2015-01-17 10:37:43.395570', 'client 52503841 bid 0 image 650176E5E587AC6202FC18BE7C3BF223 826353 ')
('2015-01-17 10:38:12.114234', 'client 52517206 bid 0 price Failed')
('2015-01-17 10:38:12.114382', 'client 52517206 bid 0 failed. Abort.....')
('2015-01-17 10:38:12.482896', 'client 52468115 bid 0 price Failed')
('2015-01-17 10:38:12.483063', 'client 52468115 bid 0 failed. Abort.....')
('2015-01-17 10:38:17.400133', 'client 52503841 bid 0 price Failed')
('2015-01-17 10:38:17.400278', 'client 52503841 bid 0 failed. Abort.....')
('2015-01-17 10:38:24.541375', 'client 52468115 bid 0 image 9A34648262EC7E59EAE67EFFB67C5D6D 538150 ')
('2015-01-17 10:38:33.003268', 'client 52517206 bid 0 image 287111E0118131CDCF6AE47C5DB34621 490549 ')
('2015-01-17 10:38:36.434495', 'client 52503841 bid 0 image C72431C5FCF56598C617E866346A5FC2 619060 ')
('2015-01-17 10:38:49.590962', 'client 52503841 bid 0 price 73700 赵静 31010519781011124x')
('2015-01-17 10:38:58.545648', 'client 52468115 bid 0 price Failed')
('2015-01-17 10:38:58.545804', 'client 52468115 bid 0 failed. Abort.....')
('2015-01-17 10:39:05.300510', 'client 52468115 bid 0 image 4B39C09F2F35A1C83B923B57677D8EE0 646382 ')
('2015-01-17 10:39:07.007601', 'client 52517206 bid 0 price Failed')
('2015-01-17 10:39:07.007733', 'client 52517206 bid 0 failed. Abort.....')
('2015-01-17 10:39:31.287547', 'client 52468115 bid 0 price 73700 赵刚 310107196102192438')
('2015-01-17 10:39:44.847772', 'client 52517206 bid 0 image 4956DE3C65A6A45BC813504A67EB6491 945364 ')
('2015-01-17 10:40:18.851989', 'client 52517206 bid 0 price Failed')
('2015-01-17 10:40:18.852133', 'client 52517206 bid 0 failed. Abort.....')
('2015-01-17 10:41:00.833094', 'client 52517206 bid 0 image CED3A23970E9F145C46866DBD42C8A51 294846 ')
('2015-01-17 10:41:34.837727', 'client 52517206 bid 0 price Failed')
('2015-01-17 10:41:34.837871', 'client 52517206 bid 0 failed. Abort.....')
('2015-01-17 10:42:04.039894', 'client 52517206 bid 0 image 5E82236C35E3D316A2991A21AC528FE5 062526 ')
('2015-01-17 10:42:04.041321', 'client 52517206 bid 0 price 73700 曹阳 310110198008105438')
('2015-01-17 11:29:38.211783', 'client 52468115 bid 1 image FD4BE4404A92E8340AF4156131EEFA8B 162608 ')
('2015-01-17 11:29:38.216516', 'client 52783213 bid 1 image 400052D84F6D485488ECB752FBDABC19 546093 ')
('2015-01-17 11:29:38.415353', 'client 52483822 bid 1 image 433D7E86C171E2342A4F2230B95E62C1 846450 ')
('2015-01-17 11:29:38.773412', 'client 52439743 bid 1 image 7E8850869DAF0045E86FF6B9D0C59C42 906464 ')
('2015-01-17 11:29:38.795577', 'client 52517206 bid 1 image 448E4D55D6BC357E99C26C7C01875CA3 094935 ')
('2015-01-17 11:29:45.634017', 'client 52740848 bid 1 image 5EFB55EE39F8F53F40F1AD1640488113 464549 ')
('2015-01-17 11:29:45.761881', 'client 52455292 bid 1 image 88C3E606F320F6D13D04811A5A1990A0 292525 ')
('2015-01-17 11:29:53.438760', 'client 52373568 bid 1 image Failed')
('2015-01-17 11:29:53.438800', 'client 52373568 bid 1 failed. Abort.....')
('2015-01-17 11:29:54.365766', 'client 52503841 bid 1 image Failed')
('2015-01-17 11:29:54.365807', 'client 52503841 bid 1 failed. Abort.....')
('2015-01-17 11:29:56.117819', 'client 52468115 bid 1 cancel')
('2015-01-17 11:29:56.117938', 'client 52468115 bid 1 price Failed')
('2015-01-17 11:29:56.117974', 'client 52468115 bid 1 failed. Abort.....')
('2015-01-17 11:29:56.119168', 'client 52783213 bid 1 cancel')
('2015-01-17 11:29:56.119257', 'client 52783213 bid 1 price Failed')
('2015-01-17 11:29:56.119291', 'client 52783213 bid 1 failed. Abort.....')
('2015-01-17 11:29:56.119611', 'client 52483822 bid 1 cancel')
('2015-01-17 11:29:56.119656', 'client 52483822 bid 1 price Failed')
('2015-01-17 11:29:56.119686', 'client 52483822 bid 1 failed. Abort.....')
('2015-01-17 11:29:56.119963', 'client 52439743 bid 1 cancel')
('2015-01-17 11:29:56.120007', 'client 52439743 bid 1 price Failed')
('2015-01-17 11:29:56.120037', 'client 52439743 bid 1 failed. Abort.....')
('2015-01-17 11:29:56.120917', 'client 52740848 bid 1 cancel')
('2015-01-17 11:29:56.120975', 'client 52740848 bid 1 price Failed')
('2015-01-17 11:29:56.121008', 'client 52740848 bid 1 failed. Abort.....')
('2015-01-17 11:29:56.121330', 'client 52455292 bid 1 cancel')
('2015-01-17 11:29:56.121373', 'client 52455292 bid 1 price Failed')
('2015-01-17 11:29:56.121404', 'client 52455292 bid 1 failed. Abort.....')
('2015-01-17 11:29:56.125691', 'client 52517206 bid 1 cancel')
('2015-01-17 11:29:56.125735', 'client 52517206 bid 1 price Failed')
('2015-01-17 11:29:56.125765', 'client 52517206 bid 1 failed. Abort.....')
('2015-01-17 11:29:58.717651', 'client 52483822 bid 2 image 234FED0B6FC16A67DECADE97E875C134 191546 ')
('2015-01-17 11:29:58.938213', 'client 52439743 bid 2 image 0632A886D860A917AA19AE54F842CC0D 191546 ')
('2015-01-17 11:29:58.964626', 'client 52483822 bid 2 price 74300 高笑一 310228197111251235')
('2015-01-17 11:29:59.352454', 'client 52455292 bid 2 image 160A5DCE5577FB316502ED77AB4A2CFE 262905 ')
('2015-01-17 11:29:59.922649', 'client 52455292 bid 2 price 74300 徐李斌 310110197811223818')
('2015-01-17 11:30:02.139866', 'client 52468115 bid 2 image Failed')
('2015-01-17 11:30:02.139925', 'client 52468115 bid 2 failed. Abort.....')
('2015-01-17 11:30:02.147773', 'client 52517206 bid 2 image Failed')
('2015-01-17 11:30:02.147871', 'client 52517206 bid 2 failed. Abort.....')
('2015-01-17 11:30:02.350769', 'client 52783213 bid 2 image Failed')
('2015-01-17 11:30:02.350824', 'client 52783213 bid 2 failed. Abort.....')
('2015-01-17 11:30:02.351964', 'client 52503841 bid 2 image Failed')
('2015-01-17 11:30:02.352012', 'client 52503841 bid 2 failed. Abort.....')
('2015-01-17 11:30:02.476717', 'client 52740848 bid 2 image Failed')
('2015-01-17 11:30:02.476808', 'client 52740848 bid 2 failed. Abort.....')
('2015-01-17 11:30:06.785741', 'client 52373568 bid 2 image Failed')
('2015-01-17 11:30:06.785836', 'client 52373568 bid 2 failed. Abort.....')
('2015-01-17 11:30:08.974862', "client 52483822 bids finished. price : ['73700', None, '74300'] . Quit.....")
('2015-01-17 11:30:09.932874', "client 52455292 bids finished. price : ['73700', None, '74300'] . Quit.....")
('2015-01-17 11:30:12.148606', "client 52517206 bids finished. price : ['73700', None, None] . Quit.....")
('2015-01-17 11:30:12.149192', "client 52468115 bids finished. price : ['73700', None, None] . Quit.....")
('2015-01-17 11:30:12.360962', "client 52783213 bids finished. price : ['73700', None, None] . Quit.....")
('2015-01-17 11:30:12.361304', "client 52503841 bids finished. price : ['73700', None, None] . Quit.....")
('2015-01-17 11:30:12.486987', "client 52740848 bids finished. price : ['73700', None, None] . Quit.....")
('2015-01-17 11:30:12.943653', 'client 52439743 bid 2 price Failed')
('2015-01-17 11:30:12.943803', 'client 52439743 bid 2 failed. Abort.....')
('2015-01-17 11:30:16.796001', "client 52373568 bids finished. price : ['73700', None, None] . Quit.....")
('2015-01-17 11:30:22.953943', "client 52439743 bids finished. price : ['73700', None, None] . Quit.....")
