('2015-03-21 09:55:35.699284', 'worker [1] started')
('2015-03-21 09:55:35.699356', 'client 8 initted')
('2015-03-21 09:55:36.025617', 'put_channel : channel login, group 0, time 2015-03-21 09:55:36.025524')
('2015-03-21 09:55:36.026181', 'put_channel : channel login, group 1, time 2015-03-21 09:55:36.026133')
('2015-03-21 09:55:36.030822', 'fd_channel : login[0] 1 login[1] 0 , tb0[0] 0 tb0[1] 0 , tb1[0] 0 tb1[1] 0')
('2015-03-21 09:55:36.297045', 'fd_channel : login[0] 0 login[1] 0 , tb0[0] 0 tb0[1] 0 , tb1[0] 0 tb1[1] 0')
('2015-03-21 09:55:37.526175', 'put_channel : channel login, group 0, time 2015-03-21 09:55:37.526083')
('2015-03-21 09:55:37.526813', 'put_channel : channel login, group 1, time 2015-03-21 09:55:37.526721')
('2015-03-21 09:55:37.527190', 'fd_channel : login[0] 1 login[1] 0 , tb0[0] 0 tb0[1] 0 , tb1[0] 0 tb1[1] 0')
('2015-03-21 09:55:37.799376', 'fd_channel : login[0] 0 login[1] 0 , tb0[0] 0 tb0[1] 0 , tb1[0] 0 tb1[1] 0')
('2015-03-21 09:55:39.026001', 'put_channel : channel login, group 1, time 2015-03-21 09:55:39.025899')
('2015-03-21 09:55:39.026685', 'fd_channel : login[0] 0 login[1] 0 , tb0[0] 0 tb0[1] 0 , tb1[0] 0 tb1[1] 0')
('2015-03-21 09:55:39.028147', 'put_channel : channel login, group 0, time 2015-03-21 09:55:39.028105')
('2015-03-21 09:55:39.301600', 'fd_channel : login[0] 0 login[1] 0 , tb0[0] 0 tb0[1] 0 , tb1[0] 0 tb1[1] 0')
('2015-03-21 09:55:40.526809', 'put_channel : channel login, group 1, time 2015-03-21 09:55:40.526705')
('2015-03-21 09:55:40.527194', 'fd_channel : login[0] 0 login[1] 0 , tb0[0] 0 tb0[1] 0 , tb1[0] 0 tb1[1] 0')
('2015-03-21 09:55:40.527935', 'put_channel : channel login, group 0, time 2015-03-21 09:55:40.527893')
('2015-03-21 09:55:40.803526', 'fd_channel : login[0] 0 login[1] 0 , tb0[0] 0 tb0[1] 0 , tb1[0] 0 tb1[1] 0')
('2015-03-21 10:32:34.527246', 'put_channel : channel tb0, group 1, time 2015-03-21 10:32:34.527153')
('2015-03-21 10:32:34.529651', 'put_channel : channel tb0, group 0, time 2015-03-21 10:32:34.529602')
('2015-03-21 10:32:35.526622', 'put_channel : channel tb0, group 1, time 2015-03-21 10:32:35.526506')
('2015-03-21 10:32:35.527109', 'put_channel : channel tb0, group 0, time 2015-03-21 10:32:35.527059')
('2015-03-21 10:32:36.026501', 'put_channel : channel tb0, group 0, time 2015-03-21 10:32:36.026361')
('2015-03-21 10:32:36.027145', 'put_channel : channel tb0, group 1, time 2015-03-21 10:32:36.027042')
('2015-03-21 10:32:36.027585', 'put_channel : channel tb0, group 1, time 2015-03-21 10:32:36.027533')
('2015-03-21 10:32:37.523736', 'put_channel : channel tb0, group 1, time 2015-03-21 10:32:37.523621')
('2015-03-21 10:32:37.527281', 'put_channel : channel tb0, group 0, time 2015-03-21 10:32:37.527230')
('2015-03-21 10:32:39.025748', 'put_channel : channel tb0, group 1, time 2015-03-21 10:32:39.025666')
('2015-03-21 10:32:39.027225', 'put_channel : channel tb0, group 0, time 2015-03-21 10:32:39.027186')
('2015-03-21 10:32:39.029049', 'put_channel : channel tb0, group 0, time 2015-03-21 10:32:39.029007')
('2015-03-21 10:32:40.525790', 'put_channel : channel tb0, group 0, time 2015-03-21 10:32:40.525695')
('2015-03-21 10:32:40.526635', 'put_channel : channel tb0, group 1, time 2015-03-21 10:32:40.526594')
('2015-03-21 10:32:42.026483', 'put_channel : channel tb0, group 1, time 2015-03-21 10:32:42.026366')
('2015-03-21 10:32:42.027358', 'put_channel : channel tb0, group 0, time 2015-03-21 10:32:42.027314')
('2015-03-21 10:32:43.526677', 'put_channel : channel tb0, group 0, time 2015-03-21 10:32:43.526586')
('2015-03-21 10:32:43.527007', 'put_channel : channel tb0, group 1, time 2015-03-21 10:32:43.526967')
('2015-03-21 10:32:45.025878', 'put_channel : channel tb0, group 0, time 2015-03-21 10:32:45.025793')
('2015-03-21 10:32:45.027073', 'put_channel : channel tb0, group 1, time 2015-03-21 10:32:45.027031')
('2015-03-21 10:32:46.525933', 'put_channel : channel tb0, group 1, time 2015-03-21 10:32:46.525830')
('2015-03-21 10:32:46.526373', 'put_channel : channel tb0, group 0, time 2015-03-21 10:32:46.526333')
('2015-03-21 10:32:48.026073', 'put_channel : channel tb0, group 0, time 2015-03-21 10:32:48.025982')
('2015-03-21 10:32:48.026611', 'put_channel : channel tb0, group 1, time 2015-03-21 10:32:48.026562')
('2015-03-21 10:32:49.526302', 'put_channel : channel tb0, group 0, time 2015-03-21 10:32:49.526197')
('2015-03-21 10:32:49.526760', 'put_channel : channel tb0, group 1, time 2015-03-21 10:32:49.526713')
('2015-03-21 10:32:51.025957', 'put_channel : channel tb0, group 0, time 2015-03-21 10:32:51.025851')
('2015-03-21 10:32:51.027082', 'put_channel : channel tb0, group 1, time 2015-03-21 10:32:51.027000')
('2015-03-21 10:32:52.526459', 'put_channel : channel tb0, group 1, time 2015-03-21 10:32:52.526370')
('2015-03-21 10:32:52.527130', 'put_channel : channel tb0, group 0, time 2015-03-21 10:32:52.527081')
('2015-03-21 10:32:54.025389', 'put_channel : channel tb0, group 1, time 2015-03-21 10:32:54.025291')
('2015-03-21 10:32:54.025839', 'put_channel : channel tb0, group 0, time 2015-03-21 10:32:54.025780')
('2015-03-21 10:32:55.525837', 'put_channel : channel tb0, group 0, time 2015-03-21 10:32:55.525730')
('2015-03-21 10:32:55.526956', 'put_channel : channel tb0, group 1, time 2015-03-21 10:32:55.526869')
('2015-03-21 10:32:57.025370', 'put_channel : channel tb0, group 0, time 2015-03-21 10:32:57.025266')
('2015-03-21 10:32:57.026733', 'put_channel : channel tb0, group 1, time 2015-03-21 10:32:57.026689')
('2015-03-21 10:32:58.526375', 'put_channel : channel tb0, group 1, time 2015-03-21 10:32:58.526282')
('2015-03-21 10:32:58.526804', 'put_channel : channel tb0, group 0, time 2015-03-21 10:32:58.526765')
('2015-03-21 10:33:00.025765', 'put_channel : channel tb0, group 1, time 2015-03-21 10:33:00.025680')
('2015-03-21 10:33:00.026289', 'put_channel : channel tb0, group 0, time 2015-03-21 10:33:00.026219')
('2015-03-21 10:33:01.526050', 'put_channel : channel tb0, group 0, time 2015-03-21 10:33:01.525944')
('2015-03-21 10:33:01.526849', 'put_channel : channel tb0, group 1, time 2015-03-21 10:33:01.526806')
('2015-03-21 10:33:03.024911', 'put_channel : channel tb0, group 1, time 2015-03-21 10:33:03.024812')
('2015-03-21 10:33:03.026166', 'put_channel : channel tb0, group 0, time 2015-03-21 10:33:03.026117')
('2015-03-21 10:33:04.526358', 'put_channel : channel tb0, group 1, time 2015-03-21 10:33:04.526250')
('2015-03-21 10:33:04.526863', 'put_channel : channel tb0, group 0, time 2015-03-21 10:33:04.526814')
('2015-03-21 10:33:06.042440', 'put_channel : channel tb0, group 1, time 2015-03-21 10:33:06.042316')
('2015-03-21 10:33:06.043065', 'put_channel : channel tb0, group 0, time 2015-03-21 10:33:06.043007')
('2015-03-21 10:33:07.525304', 'put_channel : channel tb0, group 1, time 2015-03-21 10:33:07.525161')
('2015-03-21 10:33:07.525737', 'put_channel : channel tb0, group 0, time 2015-03-21 10:33:07.525673')
('2015-03-21 10:33:09.025985', 'put_channel : channel tb0, group 0, time 2015-03-21 10:33:09.025865')
('2015-03-21 10:33:09.027183', 'put_channel : channel tb0, group 1, time 2015-03-21 10:33:09.027105')
('2015-03-21 10:33:10.526563', 'put_channel : channel tb0, group 1, time 2015-03-21 10:33:10.526457')
('2015-03-21 10:33:10.527244', 'put_channel : channel tb0, group 0, time 2015-03-21 10:33:10.527202')
('2015-03-21 10:33:12.024776', 'put_channel : channel tb0, group 1, time 2015-03-21 10:33:12.024673')
('2015-03-21 10:33:12.025301', 'put_channel : channel tb0, group 0, time 2015-03-21 10:33:12.025227')
('2015-03-21 10:33:13.526248', 'put_channel : channel tb0, group 0, time 2015-03-21 10:33:13.526141')
('2015-03-21 10:33:13.527009', 'put_channel : channel tb0, group 1, time 2015-03-21 10:33:13.526958')
('2015-03-21 10:33:15.027912', 'put_channel : channel tb0, group 1, time 2015-03-21 10:33:15.027826')
('2015-03-21 10:33:15.028310', 'put_channel : channel tb0, group 0, time 2015-03-21 10:33:15.028269')
('2015-03-21 10:33:28.024342', 'put_channel : channel tb0, group 1, time 2015-03-21 10:33:28.024248')
('2015-03-21 10:33:28.030783', 'put_channel : channel tb0, group 0, time 2015-03-21 10:33:28.030739')
('2015-03-21 10:33:28.046471', 'put_channel : channel tb0, group 0, time 2015-03-21 10:33:28.046399')
('2015-03-21 10:33:28.525908', 'put_channel : channel tb0, group 1, time 2015-03-21 10:33:28.525801')
('2015-03-21 10:33:28.526453', 'put_channel : channel tb0, group 0, time 2015-03-21 10:33:28.526356')
('2015-03-21 10:33:28.649818', 'put_channel : channel tb0, group 0, time 2015-03-21 10:33:28.649697')
('2015-03-21 10:33:29.541484', 'put_channel : channel tb0, group 0, time 2015-03-21 10:33:29.541372')
('2015-03-21 10:33:30.025452', 'put_channel : channel tb0, group 0, time 2015-03-21 10:33:30.025398')
('2015-03-21 10:33:30.025780', 'put_channel : channel tb0, group 1, time 2015-03-21 10:33:30.025735')
('2015-03-21 10:33:31.036541', 'put_channel : channel tb0, group 0, time 2015-03-21 10:33:31.036446')
('2015-03-21 10:33:31.525122', 'put_channel : channel tb0, group 1, time 2015-03-21 10:33:31.524993')
('2015-03-21 10:33:33.026183', 'put_channel : channel tb0, group 1, time 2015-03-21 10:33:33.026068')
('2015-03-21 10:33:34.524574', 'put_channel : channel tb0, group 1, time 2015-03-21 10:33:34.524482')
('2015-03-21 10:33:34.526785', 'put_channel : channel tb0, group 0, time 2015-03-21 10:33:34.526743')
('2015-03-21 10:33:34.529995', 'put_channel : channel tb0, group 0, time 2015-03-21 10:33:34.529887')
('2015-03-21 10:33:36.025514', 'put_channel : channel tb0, group 1, time 2015-03-21 10:33:36.025411')
('2015-03-21 10:33:37.524762', 'put_channel : channel tb0, group 1, time 2015-03-21 10:33:37.524623')
('2015-03-21 10:33:37.527852', 'put_channel : channel tb0, group 0, time 2015-03-21 10:33:37.527792')
('2015-03-21 10:33:39.026444', 'put_channel : channel tb0, group 0, time 2015-03-21 10:33:39.026357')
('2015-03-21 10:33:39.026814', 'put_channel : channel tb0, group 1, time 2015-03-21 10:33:39.026773')
('2015-03-21 10:33:39.030450', 'put_channel : channel tb0, group 0, time 2015-03-21 10:33:39.030408')
('2015-03-21 10:33:40.038211', 'put_channel : channel tb0, group 0, time 2015-03-21 10:33:40.038108')
('2015-03-21 10:33:40.525512', 'put_channel : channel tb0, group 1, time 2015-03-21 10:33:40.525415')
('2015-03-21 10:33:42.023943', 'put_channel : channel tb0, group 1, time 2015-03-21 10:33:42.023858')
('2015-03-21 10:33:43.524838', 'put_channel : channel tb0, group 1, time 2015-03-21 10:33:43.524738')
('2015-03-21 10:33:43.526235', 'put_channel : channel tb0, group 0, time 2015-03-21 10:33:43.526192')
('2015-03-21 10:33:43.528202', 'put_channel : channel tb0, group 0, time 2015-03-21 10:33:43.528161')
('2015-03-21 10:33:45.027357', 'put_channel : channel tb0, group 1, time 2015-03-21 10:33:45.027258')
('2015-03-21 10:33:46.526306', 'put_channel : channel tb0, group 1, time 2015-03-21 10:33:46.526206')
('2015-03-21 10:33:48.025142', 'put_channel : channel tb0, group 1, time 2015-03-21 10:33:48.025043')
('2015-03-21 10:33:49.078092', 'put_channel : channel tb0, group 0, time 2015-03-21 10:33:49.077991')
('2015-03-21 10:33:49.525772', 'put_channel : channel tb0, group 1, time 2015-03-21 10:33:49.525677')
('2015-03-21 10:33:49.526972', 'put_channel : channel tb0, group 0, time 2015-03-21 10:33:49.526928')
('2015-03-21 10:33:49.528826', 'put_channel : channel tb0, group 0, time 2015-03-21 10:33:49.528771')
('2015-03-21 10:33:50.579926', 'put_channel : channel tb0, group 0, time 2015-03-21 10:33:50.579836')
('2015-03-21 10:33:51.024333', 'put_channel : channel tb0, group 1, time 2015-03-21 10:33:51.024247')
('2015-03-21 10:33:52.525608', 'put_channel : channel tb0, group 1, time 2015-03-21 10:33:52.525507')
('2015-03-21 10:33:54.025436', 'put_channel : channel tb0, group 1, time 2015-03-21 10:33:54.025353')
('2015-03-21 10:33:55.526845', 'put_channel : channel tb0, group 1, time 2015-03-21 10:33:55.526739')
('2015-03-21 10:33:56.524518', 'put_channel : channel tb0, group 0, time 2015-03-21 10:33:56.524407')
('2015-03-21 10:33:57.026102', 'put_channel : channel tb0, group 1, time 2015-03-21 10:33:57.025991')
('2015-03-21 10:33:57.026507', 'put_channel : channel tb0, group 0, time 2015-03-21 10:33:57.026467')
('2015-03-21 10:33:57.029144', 'put_channel : channel tb0, group 0, time 2015-03-21 10:33:57.029103')
('2015-03-21 10:33:57.044242', 'put_channel : channel tb0, group 0, time 2015-03-21 10:33:57.044175')
('2015-03-21 10:33:58.038514', 'put_channel : channel tb0, group 0, time 2015-03-21 10:33:58.038417')
('2015-03-21 10:33:58.157598', 'put_channel : channel tb0, group 0, time 2015-03-21 10:33:58.157490')
('2015-03-21 10:33:58.525765', 'put_channel : channel tb0, group 1, time 2015-03-21 10:33:58.525671')
('2015-03-21 10:34:00.025179', 'put_channel : channel tb0, group 1, time 2015-03-21 10:34:00.025089')
('2015-03-21 10:34:01.400007', 'fd_channel : login[0] 0 login[1] 0 , tb0[0] 55 tb0[1] 52 , tb1[0] 0 tb1[1] 0')
('2015-03-21 10:34:01.401633', 'fd_channel : login[0] 0 login[1] 0 , tb0[0] 55 tb0[1] 51 , tb1[0] 0 tb1[1] 0')
('2015-03-21 10:34:01.402655', 'fd_channel : login[0] 0 login[1] 0 , tb0[0] 55 tb0[1] 50 , tb1[0] 0 tb1[1] 0')
('2015-03-21 10:34:01.403407', 'fd_channel : login[0] 0 login[1] 0 , tb0[0] 55 tb0[1] 49 , tb1[0] 0 tb1[1] 0')
('2015-03-21 10:34:01.404094', 'fd_channel : login[0] 0 login[1] 0 , tb0[0] 55 tb0[1] 48 , tb1[0] 0 tb1[1] 0')
('2015-03-21 10:34:01.404887', 'fd_channel : login[0] 0 login[1] 0 , tb0[0] 55 tb0[1] 47 , tb1[0] 0 tb1[1] 0')
('2015-03-21 10:34:01.405852', 'fd_channel : login[0] 0 login[1] 0 , tb0[0] 55 tb0[1] 46 , tb1[0] 0 tb1[1] 0')
('2015-03-21 10:34:01.407036', 'fd_channel : login[0] 0 login[1] 0 , tb0[0] 55 tb0[1] 45 , tb1[0] 0 tb1[1] 0')
('2015-03-21 10:34:01.526001', 'put_channel : channel tb0, group 1, time 2015-03-21 10:34:01.525890')
('2015-03-21 10:34:03.027656', 'put_channel : channel tb0, group 1, time 2015-03-21 10:34:03.027565')
('2015-03-21 10:34:04.525425', 'put_channel : channel tb0, group 1, time 2015-03-21 10:34:04.525307')
('2015-03-21 10:34:05.524613', 'put_channel : channel tb0, group 0, time 2015-03-21 10:34:05.524485')
('2015-03-21 10:34:05.541539', 'put_channel : channel tb0, group 0, time 2015-03-21 10:34:05.541447')
('2015-03-21 10:34:06.025646', 'put_channel : channel tb0, group 1, time 2015-03-21 10:34:06.025564')
('2015-03-21 10:34:06.026765', 'put_channel : channel tb0, group 0, time 2015-03-21 10:34:06.026722')
('2015-03-21 10:34:06.027813', 'put_channel : channel tb0, group 0, time 2015-03-21 10:34:06.027771')
('2015-03-21 10:34:07.037909', 'put_channel : channel tb0, group 0, time 2015-03-21 10:34:07.037814')
('2015-03-21 10:34:07.525194', 'put_channel : channel tb0, group 1, time 2015-03-21 10:34:07.525085')
('2015-03-21 10:34:08.682534', 'fd_channel : login[0] 0 login[1] 0 , tb0[0] 59 tb0[1] 50 , tb1[0] 0 tb1[1] 0')
('2015-03-21 10:34:08.683537', 'fd_channel : login[0] 0 login[1] 0 , tb0[0] 59 tb0[1] 49 , tb1[0] 0 tb1[1] 0')
('2015-03-21 10:34:09.027509', 'put_channel : channel tb0, group 1, time 2015-03-21 10:34:09.027426')
('2015-03-21 10:34:10.526864', 'put_channel : channel tb0, group 1, time 2015-03-21 10:34:10.526743')
('2015-03-21 10:34:10.685032', 'fd_channel : login[0] 0 login[1] 0 , tb0[0] 58 tb0[1] 51 , tb1[0] 0 tb1[1] 0')
('2015-03-21 10:34:10.686175', 'fd_channel : login[0] 0 login[1] 0 , tb0[0] 58 tb0[1] 50 , tb1[0] 0 tb1[1] 0')
('2015-03-21 10:34:10.715270', 'fd_channel : login[0] 0 login[1] 0 , tb0[0] 57 tb0[1] 50 , tb1[0] 0 tb1[1] 0')
('2015-03-21 10:34:10.716293', 'fd_channel : login[0] 0 login[1] 0 , tb0[0] 57 tb0[1] 49 , tb1[0] 0 tb1[1] 0')
('2015-03-21 10:34:10.777019', 'fd_channel : login[0] 0 login[1] 0 , tb0[0] 56 tb0[1] 49 , tb1[0] 0 tb1[1] 0')
('2015-03-21 10:34:10.778057', 'fd_channel : login[0] 0 login[1] 0 , tb0[0] 56 tb0[1] 48 , tb1[0] 0 tb1[1] 0')
('2015-03-21 10:34:12.718038', 'fd_channel : login[0] 0 login[1] 0 , tb0[0] 55 tb0[1] 48 , tb1[0] 0 tb1[1] 0')
('2015-03-21 10:34:12.719589', 'fd_channel : login[0] 0 login[1] 0 , tb0[0] 55 tb0[1] 47 , tb1[0] 0 tb1[1] 0')
('2015-03-21 10:34:13.752677', 'fd_channel : login[0] 0 login[1] 0 , tb0[0] 54 tb0[1] 47 , tb1[0] 0 tb1[1] 0')
('2015-03-21 10:34:13.753639', 'fd_channel : login[0] 0 login[1] 0 , tb0[0] 54 tb0[1] 46 , tb1[0] 0 tb1[1] 0')
('2015-03-21 10:34:15.755405', 'fd_channel : login[0] 0 login[1] 0 , tb0[0] 53 tb0[1] 46 , tb1[0] 0 tb1[1] 0')
('2015-03-21 10:34:15.756267', 'fd_channel : login[0] 0 login[1] 0 , tb0[0] 53 tb0[1] 45 , tb1[0] 0 tb1[1] 0')
('2015-03-21 10:34:19.669775', 'put_channel : channel tb0, group 0, time 2015-03-21 10:34:19.669676')
('2015-03-21 10:34:20.523911', 'put_channel : channel tb0, group 0, time 2015-03-21 10:34:20.523810')
('2015-03-21 10:34:20.533435', 'put_channel : channel tb0, group 0, time 2015-03-21 10:34:20.533365')
('2015-03-21 10:34:21.026965', 'put_channel : channel tb0, group 0, time 2015-03-21 10:34:21.026856')
('2015-03-21 10:34:21.028834', 'put_channel : channel tb0, group 0, time 2015-03-21 10:34:21.028744')
('2015-03-21 10:34:22.043796', 'put_channel : channel tb0, group 0, time 2015-03-21 10:34:22.043674')
('2015-03-21 10:34:22.527607', 'put_channel : channel tb0, group 0, time 2015-03-21 10:34:22.527487')
('2015-03-21 10:34:25.476941', 'fd_channel : login[0] 0 login[1] 0 , tb0[0] 59 tb0[1] 45 , tb1[0] 0 tb1[1] 0')
('2015-03-21 10:34:25.478401', 'fd_channel : login[0] 0 login[1] 0 , tb0[0] 59 tb0[1] 44 , tb1[0] 0 tb1[1] 0')
('2015-03-21 10:34:27.479970', 'fd_channel : login[0] 0 login[1] 0 , tb0[0] 58 tb0[1] 44 , tb1[0] 0 tb1[1] 0')
('2015-03-21 10:34:27.481006', 'fd_channel : login[0] 0 login[1] 0 , tb0[0] 58 tb0[1] 43 , tb1[0] 0 tb1[1] 0')
('2015-03-21 10:34:31.403786', 'fd_channel : login[0] 0 login[1] 0 , tb0[0] 58 tb0[1] 42 , tb1[0] 0 tb1[1] 0')
('2015-03-21 10:34:31.407451', 'fd_channel : login[0] 0 login[1] 0 , tb0[0] 58 tb0[1] 41 , tb1[0] 0 tb1[1] 0')
('2015-03-21 10:34:31.409159', 'fd_channel : login[0] 0 login[1] 0 , tb0[0] 58 tb0[1] 40 , tb1[0] 0 tb1[1] 0')
('2015-03-21 10:34:37.525416', 'put_channel : channel tb0, group 0, time 2015-03-21 10:34:37.525298')
('2015-03-21 10:34:37.527500', 'put_channel : channel tb0, group 0, time 2015-03-21 10:34:37.527459')
('2015-03-21 10:34:38.534641', 'put_channel : channel tb0, group 0, time 2015-03-21 10:34:38.534536')
('2015-03-21 10:34:38.583343', 'put_channel : channel tb0, group 0, time 2015-03-21 10:34:38.583228')
('2015-03-21 10:34:39.027167', 'put_channel : channel tb0, group 0, time 2015-03-21 10:34:39.027050')
('2015-03-21 10:34:39.029687', 'put_channel : channel tb0, group 0, time 2015-03-21 10:34:39.029598')
('2015-03-21 10:34:39.065809', 'put_channel : channel tb0, group 0, time 2015-03-21 10:34:39.065732')
('2015-03-21 10:34:40.037137', 'put_channel : channel tb0, group 0, time 2015-03-21 10:34:40.037010')
('2015-03-21 10:34:40.086409', 'put_channel : channel tb0, group 0, time 2015-03-21 10:34:40.086289')
('2015-03-21 10:34:40.527729', 'put_channel : channel tb0, group 0, time 2015-03-21 10:34:40.527610')
('2015-03-21 10:34:40.549761', 'put_channel : channel tb0, group 0, time 2015-03-21 10:34:40.549657')
('2015-03-21 10:34:41.589107', 'put_channel : channel tb0, group 0, time 2015-03-21 10:34:41.588991')
('2015-03-21 10:34:42.025387', 'put_channel : channel tb0, group 0, time 2015-03-21 10:34:42.025293')
('2015-03-21 10:34:43.024866', 'put_channel : channel tb0, group 1, time 2015-03-21 10:34:43.024770')
('2015-03-21 10:34:43.526962', 'put_channel : channel tb0, group 1, time 2015-03-21 10:34:43.526861')
('2015-03-21 10:34:44.564920', 'put_channel : channel tb0, group 1, time 2015-03-21 10:34:44.564790')
('2015-03-21 10:34:45.025250', 'put_channel : channel tb0, group 1, time 2015-03-21 10:34:45.025093')
('2015-03-21 10:34:46.528141', 'put_channel : channel tb0, group 1, time 2015-03-21 10:34:46.528038')
('2015-03-21 10:34:48.026520', 'put_channel : channel tb0, group 1, time 2015-03-21 10:34:48.026401')
('2015-03-21 10:34:49.524216', 'put_channel : channel tb0, group 1, time 2015-03-21 10:34:49.524125')
('2015-03-21 10:34:51.025623', 'put_channel : channel tb0, group 1, time 2015-03-21 10:34:51.025503')
('2015-03-21 10:34:52.248199', 'fd_channel : login[0] 0 login[1] 0 , tb0[0] 70 tb0[1] 47 , tb1[0] 0 tb1[1] 0')
('2015-03-21 10:34:52.251885', 'fd_channel : login[0] 0 login[1] 0 , tb0[0] 62 tb0[1] 47 , tb1[0] 0 tb1[1] 0')
('2015-03-21 10:34:52.526538', 'put_channel : channel tb0, group 1, time 2015-03-21 10:34:52.526444')
('2015-03-21 10:34:53.541404', 'put_channel : channel tb0, group 0, time 2015-03-21 10:34:53.541258')
('2015-03-21 10:34:54.026504', 'put_channel : channel tb0, group 1, time 2015-03-21 10:34:54.026402')
('2015-03-21 10:34:54.027318', 'put_channel : channel tb0, group 0, time 2015-03-21 10:34:54.027274')
('2015-03-21 10:34:54.029634', 'put_channel : channel tb0, group 0, time 2015-03-21 10:34:54.029591')
('2015-03-21 10:34:55.038324', 'put_channel : channel tb0, group 0, time 2015-03-21 10:34:55.038224')
('2015-03-21 10:34:55.526336', 'put_channel : channel tb0, group 1, time 2015-03-21 10:34:55.526245')
('2015-03-21 10:34:57.025367', 'put_channel : channel tb0, group 1, time 2015-03-21 10:34:57.025260')
('2015-03-21 10:34:58.526749', 'put_channel : channel tb0, group 1, time 2015-03-21 10:34:58.526634')
('2015-03-21 10:34:59.483818', 'fd_channel : login[0] 0 login[1] 0 , tb0[0] 66 tb0[1] 50 , tb1[0] 0 tb1[1] 0')
('2015-03-21 10:35:00.026733', 'put_channel : channel tb0, group 1, time 2015-03-21 10:35:00.026619')
('2015-03-21 10:35:01.405838', 'fd_channel : login[0] 0 login[1] 0 , tb0[0] 66 tb0[1] 50 , tb1[0] 0 tb1[1] 0')
('2015-03-21 10:35:01.409119', 'fd_channel : login[0] 0 login[1] 0 , tb0[0] 66 tb0[1] 49 , tb1[0] 0 tb1[1] 0')
('2015-03-21 10:35:01.527607', 'put_channel : channel tb0, group 1, time 2015-03-21 10:35:01.527476')
('2015-03-21 10:35:03.027285', 'put_channel : channel tb0, group 1, time 2015-03-21 10:35:03.027200')
('2015-03-21 10:35:04.525641', 'put_channel : channel tb0, group 1, time 2015-03-21 10:35:04.525540')
('2015-03-21 10:35:06.026887', 'put_channel : channel tb0, group 1, time 2015-03-21 10:35:06.026791')
('2015-03-21 10:35:07.525406', 'put_channel : channel tb0, group 1, time 2015-03-21 10:35:07.525314')
('2015-03-21 10:35:09.025471', 'put_channel : channel tb0, group 1, time 2015-03-21 10:35:09.025356')
('2015-03-21 10:35:10.527479', 'put_channel : channel tb0, group 1, time 2015-03-21 10:35:10.527372')
('2015-03-21 10:35:12.027902', 'put_channel : channel tb0, group 1, time 2015-03-21 10:35:12.027809')
('2015-03-21 10:35:16.526957', 'put_channel : channel tb0, group 0, time 2015-03-21 10:35:16.526858')
('2015-03-21 10:35:16.528813', 'put_channel : channel tb0, group 0, time 2015-03-21 10:35:16.528770')
('2015-03-21 10:35:16.549407', 'put_channel : channel tb0, group 0, time 2015-03-21 10:35:16.549341')
('2015-03-21 10:35:17.540551', 'put_channel : channel tb0, group 0, time 2015-03-21 10:35:17.540451')
('2015-03-21 10:35:18.027647', 'put_channel : channel tb0, group 0, time 2015-03-21 10:35:18.027531')
('2015-03-21 10:35:18.029952', 'put_channel : channel tb0, group 0, time 2015-03-21 10:35:18.029906')
('2015-03-21 10:35:18.052211', 'put_channel : channel tb0, group 0, time 2015-03-21 10:35:18.052081')
('2015-03-21 10:35:19.038743', 'put_channel : channel tb0, group 0, time 2015-03-21 10:35:19.038645')
('2015-03-21 10:35:19.526142', 'put_channel : channel tb0, group 0, time 2015-03-21 10:35:19.526022')
('2015-03-21 10:35:19.557062', 'put_channel : channel tb0, group 0, time 2015-03-21 10:35:19.556962')
('2015-03-21 10:35:19.638170', 'put_channel : channel tb0, group 0, time 2015-03-21 10:35:19.638051')
('2015-03-21 10:35:20.598196', 'put_channel : channel tb0, group 0, time 2015-03-21 10:35:20.598077')
('2015-03-21 10:35:22.036087', 'put_channel : channel tb0, group 1, time 2015-03-21 10:35:22.035967')
('2015-03-21 10:35:22.526296', 'put_channel : channel tb0, group 1, time 2015-03-21 10:35:22.526200')
('2015-03-21 10:35:22.528792', 'put_channel : channel tb0, group 1, time 2015-03-21 10:35:22.528748')
('2015-03-21 10:35:23.542138', 'put_channel : channel tb0, group 1, time 2015-03-21 10:35:23.542020')
('2015-03-21 10:35:24.027448', 'put_channel : channel tb0, group 1, time 2015-03-21 10:35:24.027316')
('2015-03-21 10:35:24.029989', 'put_channel : channel tb0, group 1, time 2015-03-21 10:35:24.029913')
('2015-03-21 10:35:25.036275', 'put_channel : channel tb0, group 1, time 2015-03-21 10:35:25.036181')
('2015-03-21 10:35:25.524661', 'put_channel : channel tb0, group 1, time 2015-03-21 10:35:25.524553')
('2015-03-21 10:35:29.488790', 'fd_channel : login[0] 0 login[1] 0 , tb0[0] 78 tb0[1] 54 , tb1[0] 0 tb1[1] 0')
('2015-03-21 10:35:30.926310', 'fd_channel : login[0] 0 login[1] 0 , tb0[0] 77 tb0[1] 53 , tb1[0] 0 tb1[1] 0')
('2015-03-21 10:35:30.933799', 'fd_channel : login[0] 0 login[1] 0 , tb0[0] 56 tb0[1] 53 , tb1[0] 0 tb1[1] 0')
('2015-03-21 10:35:31.410986', 'fd_channel : login[0] 0 login[1] 0 , tb0[0] 56 tb0[1] 52 , tb1[0] 0 tb1[1] 0')
('2015-03-21 10:35:32.928174', 'fd_channel : login[0] 0 login[1] 0 , tb0[0] 55 tb0[1] 52 , tb1[0] 0 tb1[1] 0')
('2015-03-21 10:35:32.929243', 'fd_channel : login[0] 0 login[1] 0 , tb0[0] 55 tb0[1] 51 , tb1[0] 0 tb1[1] 0')
('2015-03-21 10:35:48.026251', 'put_channel : channel tb0, group 1, time 2015-03-21 10:35:48.026161')
('2015-03-21 10:35:48.028445', 'put_channel : channel tb0, group 1, time 2015-03-21 10:35:48.028357')
('2015-03-21 10:35:48.052173', 'put_channel : channel tb0, group 1, time 2015-03-21 10:35:48.052054')
('2015-03-21 10:35:49.050503', 'put_channel : channel tb0, group 1, time 2015-03-21 10:35:49.050385')
('2015-03-21 10:35:49.525610', 'put_channel : channel tb0, group 1, time 2015-03-21 10:35:49.525513')
('2015-03-21 10:35:49.528905', 'put_channel : channel tb0, group 1, time 2015-03-21 10:35:49.528842')
('2015-03-21 10:35:49.557043', 'put_channel : channel tb0, group 1, time 2015-03-21 10:35:49.556915')
('2015-03-21 10:35:50.533298', 'put_channel : channel tb0, group 1, time 2015-03-21 10:35:50.533177')
('2015-03-21 10:35:51.025923', 'put_channel : channel tb0, group 1, time 2015-03-21 10:35:51.025804')
('2015-03-21 10:35:51.060954', 'put_channel : channel tb0, group 0, time 2015-03-21 10:35:51.060848')
('2015-03-21 10:35:51.061473', 'put_channel : channel tb0, group 1, time 2015-03-21 10:35:51.061419')
('2015-03-21 10:35:52.026303', 'put_channel : channel tb0, group 0, time 2015-03-21 10:35:52.026209')
('2015-03-21 10:35:52.037167', 'put_channel : channel tb0, group 0, time 2015-03-21 10:35:52.037088')
('2015-03-21 10:35:52.085868', 'put_channel : channel tb0, group 0, time 2015-03-21 10:35:52.085767')
('2015-03-21 10:35:52.526915', 'put_channel : channel tb0, group 1, time 2015-03-21 10:35:52.526791')
('2015-03-21 10:35:52.527258', 'put_channel : channel tb0, group 0, time 2015-03-21 10:35:52.527206')
('2015-03-21 10:35:52.528928', 'put_channel : channel tb0, group 0, time 2015-03-21 10:35:52.528886')
('2015-03-21 10:35:52.548098', 'put_channel : channel tb0, group 1, time 2015-03-21 10:35:52.548027')
('2015-03-21 10:35:52.548837', 'put_channel : channel tb0, group 0, time 2015-03-21 10:35:52.548796')
('2015-03-21 10:35:53.542131', 'put_channel : channel tb0, group 0, time 2015-03-21 10:35:53.542024')
('2015-03-21 10:35:53.588706', 'put_channel : channel tb0, group 0, time 2015-03-21 10:35:53.588639')
('2015-03-21 10:35:54.026359', 'put_channel : channel tb0, group 1, time 2015-03-21 10:35:54.026237')
('2015-03-21 10:35:54.027371', 'put_channel : channel tb0, group 0, time 2015-03-21 10:35:54.027310')
('2015-03-21 10:35:54.052277', 'put_channel : channel tb0, group 1, time 2015-03-21 10:35:54.052145')
('2015-03-21 10:35:54.053870', 'put_channel : channel tb0, group 0, time 2015-03-21 10:35:54.053825')
('2015-03-21 10:35:55.038452', 'put_channel : channel tb0, group 0, time 2015-03-21 10:35:55.038337')
('2015-03-21 10:35:55.093356', 'put_channel : channel tb0, group 0, time 2015-03-21 10:35:55.093265')
('2015-03-21 10:35:55.503449', 'fd_channel : login[0] 0 login[1] 0 , tb0[0] 53 tb0[1] 65 , tb1[0] 0 tb1[1] 0')
('2015-03-21 10:35:55.528804', 'put_channel : channel tb0, group 1, time 2015-03-21 10:35:55.528737')
('2015-03-21 10:35:55.529390', 'put_channel : channel tb0, group 0, time 2015-03-21 10:35:55.529308')
('2015-03-21 10:35:55.556606', 'put_channel : channel tb0, group 1, time 2015-03-21 10:35:55.556540')
('2015-03-21 10:35:57.027094', 'put_channel : channel tb0, group 1, time 2015-03-21 10:35:57.026980')
('2015-03-21 10:35:58.100869', 'put_channel : channel tb0, group 1, time 2015-03-21 10:35:58.100773')
('2015-03-21 10:35:58.525233', 'put_channel : channel tb0, group 1, time 2015-03-21 10:35:58.525127')
('2015-03-21 10:35:59.492289', 'fd_channel : login[0] 0 login[1] 0 , tb0[0] 54 tb0[1] 53 , tb1[0] 0 tb1[1] 0')
('2015-03-21 10:35:59.571490', 'put_channel : channel tb0, group 1, time 2015-03-21 10:35:59.571379')
('2015-03-21 10:35:59.594217', 'fd_channel : login[0] 0 login[1] 0 , tb0[0] 54 tb0[1] 53 , tb1[0] 0 tb1[1] 0')
('2015-03-21 10:36:05.952024', 'fd_channel : login[0] 0 login[1] 0 , tb0[0] 51 tb0[1] 50 , tb1[0] 0 tb1[1] 0')
('2015-03-21 10:36:05.953483', 'fd_channel : login[0] 0 login[1] 0 , tb0[0] 49 tb0[1] 50 , tb1[0] 0 tb1[1] 0')
('2015-03-21 10:36:07.952016', 'fd_channel : login[0] 0 login[1] 0 , tb0[0] 48 tb0[1] 50 , tb1[0] 0 tb1[1] 0')
('2015-03-21 10:36:07.953257', 'fd_channel : login[0] 0 login[1] 0 , tb0[0] 48 tb0[1] 49 , tb1[0] 0 tb1[1] 0')
('2015-03-21 10:36:15.303061', 'fd_channel : login[0] 0 login[1] 0 , tb0[0] 47 tb0[1] 49 , tb1[0] 0 tb1[1] 0')
('2015-03-21 10:36:15.304203', 'fd_channel : login[0] 0 login[1] 0 , tb0[0] 47 tb0[1] 48 , tb1[0] 0 tb1[1] 0')
('2015-03-21 10:36:17.306312', 'fd_channel : login[0] 0 login[1] 0 , tb0[0] 46 tb0[1] 47 , tb1[0] 0 tb1[1] 0')
('2015-03-21 10:36:17.307746', 'fd_channel : login[0] 0 login[1] 0 , tb0[0] 44 tb0[1] 47 , tb1[0] 0 tb1[1] 0')
('2015-03-21 10:36:24.027387', 'put_channel : channel tb0, group 1, time 2015-03-21 10:36:24.027298')
('2015-03-21 10:36:24.028627', 'put_channel : channel tb0, group 1, time 2015-03-21 10:36:24.028520')
('2015-03-21 10:36:24.052856', 'put_channel : channel tb0, group 1, time 2015-03-21 10:36:24.052804')
('2015-03-21 10:36:25.036991', 'put_channel : channel tb0, group 1, time 2015-03-21 10:36:25.036891')
('2015-03-21 10:36:25.526153', 'put_channel : channel tb0, group 1, time 2015-03-21 10:36:25.526052')
('2015-03-21 10:36:25.528063', 'put_channel : channel tb0, group 1, time 2015-03-21 10:36:25.528010')
('2015-03-21 10:36:25.556677', 'put_channel : channel tb0, group 1, time 2015-03-21 10:36:25.556566')
('2015-03-21 10:36:26.525881', 'put_channel : channel tb0, group 0, time 2015-03-21 10:36:26.525766')
('2015-03-21 10:36:26.531903', 'put_channel : channel tb0, group 1, time 2015-03-21 10:36:26.531819')
('2015-03-21 10:36:26.534331', 'put_channel : channel tb0, group 0, time 2015-03-21 10:36:26.534280')
('2015-03-21 10:36:27.026583', 'put_channel : channel tb0, group 1, time 2015-03-21 10:36:27.026458')
('2015-03-21 10:36:27.027084', 'put_channel : channel tb0, group 0, time 2015-03-21 10:36:27.026998')
('2015-03-21 10:36:27.029841', 'put_channel : channel tb0, group 0, time 2015-03-21 10:36:27.029788')
('2015-03-21 10:36:27.062023', 'put_channel : channel tb0, group 0, time 2015-03-21 10:36:27.061902')
('2015-03-21 10:36:27.062468', 'put_channel : channel tb0, group 1, time 2015-03-21 10:36:27.062416')
('2015-03-21 10:36:28.038302', 'put_channel : channel tb0, group 0, time 2015-03-21 10:36:28.038183')
('2015-03-21 10:36:28.084765', 'put_channel : channel tb0, group 0, time 2015-03-21 10:36:28.084672')
('2015-03-21 10:36:28.526691', 'put_channel : channel tb0, group 0, time 2015-03-21 10:36:28.526583')
('2015-03-21 10:36:28.549375', 'put_channel : channel tb0, group 0, time 2015-03-21 10:36:28.549267')
('2015-03-21 10:36:28.627700', 'put_channel : channel tb0, group 0, time 2015-03-21 10:36:28.627592')
('2015-03-21 10:36:29.541657', 'put_channel : channel tb0, group 0, time 2015-03-21 10:36:29.541543')
('2015-03-21 10:36:29.589375', 'put_channel : channel tb0, group 0, time 2015-03-21 10:36:29.589260')
('2015-03-21 10:36:30.027673', 'put_channel : channel tb0, group 0, time 2015-03-21 10:36:30.027583')
('2015-03-21 10:36:30.054102', 'put_channel : channel tb0, group 0, time 2015-03-21 10:36:30.054025')
('2015-03-21 10:36:30.165512', 'put_channel : channel tb0, group 0, time 2015-03-21 10:36:30.165405')
('2015-03-21 10:36:31.093038', 'put_channel : channel tb0, group 0, time 2015-03-21 10:36:31.092928')
('2015-03-21 10:36:39.955479', 'fd_channel : login[0] 0 login[1] 0 , tb0[0] 60 tb0[1] 56 , tb1[0] 0 tb1[1] 0')
('2015-03-21 10:36:45.026825', 'put_channel : channel tb0, group 1, time 2015-03-21 10:36:45.026726')
('2015-03-21 10:36:45.029849', 'put_channel : channel tb0, group 1, time 2015-03-21 10:36:45.029769')
('2015-03-21 10:36:45.044648', 'put_channel : channel tb0, group 1, time 2015-03-21 10:36:45.044561')
('2015-03-21 10:36:46.039313', 'put_channel : channel tb0, group 1, time 2015-03-21 10:36:46.039204')
('2015-03-21 10:36:46.100044', 'put_channel : channel tb0, group 1, time 2015-03-21 10:36:46.099938')
('2015-03-21 10:36:46.526974', 'put_channel : channel tb0, group 1, time 2015-03-21 10:36:46.526883')
('2015-03-21 10:36:46.532900', 'put_channel : channel tb0, group 1, time 2015-03-21 10:36:46.532851')
('2015-03-21 10:36:46.548660', 'put_channel : channel tb0, group 1, time 2015-03-21 10:36:46.548582')
('2015-03-21 10:36:47.541523', 'put_channel : channel tb0, group 1, time 2015-03-21 10:36:47.541409')
('2015-03-21 10:36:47.572974', 'put_channel : channel tb0, group 1, time 2015-03-21 10:36:47.572876')
('2015-03-21 10:36:48.026836', 'put_channel : channel tb0, group 1, time 2015-03-21 10:36:48.026711')
('2015-03-21 10:36:48.052416', 'put_channel : channel tb0, group 1, time 2015-03-21 10:36:48.052352')
('2015-03-21 10:36:49.526472', 'put_channel : channel tb0, group 1, time 2015-03-21 10:36:49.526376')
('2015-03-21 10:36:49.555670', 'put_channel : channel tb0, group 1, time 2015-03-21 10:36:49.555581')
('2015-03-21 10:36:51.026998', 'put_channel : channel tb0, group 1, time 2015-03-21 10:36:51.026905')
('2015-03-21 10:36:51.060461', 'put_channel : channel tb0, group 1, time 2015-03-21 10:36:51.060359')
('2015-03-21 10:36:52.526469', 'put_channel : channel tb0, group 1, time 2015-03-21 10:36:52.526367')
('2015-03-21 10:36:52.548398', 'put_channel : channel tb0, group 1, time 2015-03-21 10:36:52.548336')
('2015-03-21 10:36:54.026769', 'put_channel : channel tb0, group 1, time 2015-03-21 10:36:54.026663')
('2015-03-21 10:36:55.525680', 'put_channel : channel tb0, group 1, time 2015-03-21 10:36:55.525576')
('2015-03-21 10:37:01.559256', 'put_channel : channel tb0, group 0, time 2015-03-21 10:37:01.559140')
('2015-03-21 10:37:02.524438', 'put_channel : channel tb0, group 0, time 2015-03-21 10:37:02.524340')
('2015-03-21 10:37:02.533590', 'put_channel : channel tb0, group 0, time 2015-03-21 10:37:02.533499')
('2015-03-21 10:37:02.582782', 'put_channel : channel tb0, group 0, time 2015-03-21 10:37:02.582659')
('2015-03-21 10:37:03.026847', 'put_channel : channel tb0, group 0, time 2015-03-21 10:37:03.026720')
('2015-03-21 10:37:03.030376', 'put_channel : channel tb0, group 0, time 2015-03-21 10:37:03.030305')
('2015-03-21 10:37:03.061794', 'put_channel : channel tb0, group 0, time 2015-03-21 10:37:03.061716')
('2015-03-21 10:37:04.038082', 'put_channel : channel tb0, group 0, time 2015-03-21 10:37:04.037934')
('2015-03-21 10:37:04.086964', 'put_channel : channel tb0, group 0, time 2015-03-21 10:37:04.086847')
('2015-03-21 10:37:04.537687', 'put_channel : channel tb0, group 0, time 2015-03-21 10:37:04.537571')
('2015-03-21 10:37:04.553769', 'put_channel : channel tb0, group 0, time 2015-03-21 10:37:04.553665')
('2015-03-21 10:37:04.660928', 'put_channel : channel tb0, group 0, time 2015-03-21 10:37:04.660833')
('2015-03-21 10:37:05.540651', 'put_channel : channel tb0, group 0, time 2015-03-21 10:37:05.540541')
('2015-03-21 10:37:05.590949', 'put_channel : channel tb0, group 0, time 2015-03-21 10:37:05.590848')
('2015-03-21 10:37:15.028010', 'put_channel : channel tb0, group 1, time 2015-03-21 10:37:15.027896')
('2015-03-21 10:37:15.028481', 'put_channel : channel tb0, group 1, time 2015-03-21 10:37:15.028422')
('2015-03-21 10:37:15.060503', 'put_channel : channel tb0, group 1, time 2015-03-21 10:37:15.060384')
('2015-03-21 10:37:15.961733', 'fd_channel : login[0] 0 login[1] 0 , tb0[0] 55 tb0[1] 60 , tb1[0] 0 tb1[1] 0')
('2015-03-21 10:37:15.965973', 'fd_channel : login[0] 0 login[1] 0 , tb0[0] 44 tb0[1] 60 , tb1[0] 0 tb1[1] 0')
('2015-03-21 10:37:16.037709', 'put_channel : channel tb0, group 1, time 2015-03-21 10:37:16.037590')
('2015-03-21 10:37:16.529461', 'put_channel : channel tb0, group 1, time 2015-03-21 10:37:16.529340')
('2015-03-21 10:37:16.547601', 'put_channel : channel tb0, group 1, time 2015-03-21 10:37:16.547482')
('2015-03-21 10:37:16.629957', 'put_channel : channel tb0, group 1, time 2015-03-21 10:37:16.629848')
('2015-03-21 10:37:17.541062', 'put_channel : channel tb0, group 1, time 2015-03-21 10:37:17.540935')
('2015-03-21 10:37:18.053009', 'put_channel : channel tb0, group 1, time 2015-03-21 10:37:18.052884')
('2015-03-21 10:37:19.556002', 'put_channel : channel tb0, group 1, time 2015-03-21 10:37:19.555882')
('2015-03-21 10:37:37.079291', 'put_channel : channel tb0, group 0, time 2015-03-21 10:37:37.079169')
('2015-03-21 10:37:38.580802', 'put_channel : channel tb0, group 0, time 2015-03-21 10:37:38.580666')
('2015-03-21 10:37:39.156835', 'put_channel : channel tb0, group 0, time 2015-03-21 10:37:39.156738')
('2015-03-21 10:37:40.086761', 'put_channel : channel tb0, group 0, time 2015-03-21 10:37:40.086628')
('2015-03-21 10:37:40.629944', 'put_channel : channel tb0, group 0, time 2015-03-21 10:37:40.629822')
('2015-03-21 10:37:41.590336', 'put_channel : channel tb0, group 0, time 2015-03-21 10:37:41.590208')
('2015-03-21 10:37:42.164568', 'put_channel : channel tb0, group 0, time 2015-03-21 10:37:42.164450')
('2015-03-21 10:37:43.093132', 'put_channel : channel tb0, group 0, time 2015-03-21 10:37:43.093005')
('2015-03-21 10:37:43.638738', 'put_channel : channel tb0, group 0, time 2015-03-21 10:37:43.638616')
('2015-03-21 10:37:44.170524', 'fd_channel : login[0] 0 login[1] 0 , tb0[0] 52 tb0[1] 67 , tb1[0] 0 tb1[1] 0')
('2015-03-21 10:37:44.171423', 'fd_channel : login[0] 0 login[1] 0 , tb0[0] 51 tb0[1] 67 , tb1[0] 0 tb1[1] 0')
('2015-03-21 10:37:44.426514', 'fd_channel : login[0] 0 login[1] 0 , tb0[0] 50 tb0[1] 67 , tb1[0] 0 tb1[1] 0')
('2015-03-21 10:37:44.597784', 'put_channel : channel tb0, group 0, time 2015-03-21 10:37:44.597660')
('2015-03-21 10:37:45.109489', 'put_channel : channel tb0, group 0, time 2015-03-21 10:37:45.109391')
('2015-03-21 10:37:46.071440', 'put_channel : channel tb0, group 0, time 2015-03-21 10:37:46.071313')
('2015-03-21 10:37:46.644481', 'put_channel : channel tb0, group 0, time 2015-03-21 10:37:46.644366')
('2015-03-21 10:37:48.180812', 'put_channel : channel tb0, group 0, time 2015-03-21 10:37:48.180696')
('2015-03-21 10:37:49.296200', 'fd_channel : login[0] 0 login[1] 0 , tb0[0] 55 tb0[1] 47 , tb1[0] 0 tb1[1] 0')
('2015-03-21 10:37:54.134478', 'put_channel : channel tb0, group 0, time 2015-03-21 10:37:54.134350')
('2015-03-21 10:37:54.924377', 'fd_channel : login[0] 0 login[1] 0 , tb0[0] 56 tb0[1] 40 , tb1[0] 0 tb1[1] 0')
('2015-03-21 10:37:55.670398', 'put_channel : channel tb0, group 0, time 2015-03-21 10:37:55.670277')
('2015-03-21 10:37:57.141712', 'put_channel : channel tb0, group 0, time 2015-03-21 10:37:57.141600')
('2015-03-21 10:38:00.148482', 'put_channel : channel tb0, group 1, time 2015-03-21 10:38:00.148377')
('2015-03-21 10:38:01.620325', 'put_channel : channel tb0, group 1, time 2015-03-21 10:38:01.620192')
('2015-03-21 10:38:09.171178', 'put_channel : channel tb0, group 1, time 2015-03-21 10:38:09.171083')
('2015-03-21 10:38:10.645145', 'put_channel : channel tb0, group 1, time 2015-03-21 10:38:10.645047')
('2015-03-21 10:38:44.414811', 'fd_channel : login[0] 0 login[1] 0 , tb0[0] 30 tb0[1] 44 , tb1[0] 0 tb1[1] 0')
('2015-03-21 10:39:29.144082', 'fd_channel : login[0] 0 login[1] 0 , tb0[0] 30 tb0[1] 3 , tb1[0] 0 tb1[1] 0')
('2015-03-21 10:39:39.626138', 'fd_channel : login[0] 0 login[1] 0 , tb0[0] 30 tb0[1] 2 , tb1[0] 0 tb1[1] 0')
('2015-03-21 10:39:40.393812', 'fd_channel : login[0] 0 login[1] 0 , tb0[0] 30 tb0[1] 1 , tb1[0] 0 tb1[1] 0')
('2015-03-21 10:39:42.442515', 'fd_channel : login[0] 0 login[1] 0 , tb0[0] 30 tb0[1] 0 , tb1[0] 0 tb1[1] 0')
('2015-03-21 11:27:44.522893', 'put_channel : channel tb1, group 1, time 2015-03-21 11:27:44.522796')
('2015-03-21 11:27:45.026349', 'put_channel : channel tb1, group 1, time 2015-03-21 11:27:45.026232')
('2015-03-21 11:27:45.027358', 'put_channel : channel tb1, group 1, time 2015-03-21 11:27:45.027305')
('2015-03-21 11:27:45.030492', 'put_channel : channel tb1, group 0, time 2015-03-21 11:27:45.030377')
('2015-03-21 11:27:46.528280', 'put_channel : channel tb1, group 0, time 2015-03-21 11:27:46.528184')
('2015-03-21 11:27:48.029335', 'put_channel : channel tb1, group 0, time 2015-03-21 11:27:48.029189')
('2015-03-21 11:27:49.024465', 'put_channel : channel tb1, group 0, time 2015-03-21 11:27:49.024369')
('2015-03-21 11:27:49.528444', 'put_channel : channel tb1, group 0, time 2015-03-21 11:27:49.528345')
('2015-03-21 11:27:49.528913', 'put_channel : channel tb1, group 1, time 2015-03-21 11:27:49.528863')
('2015-03-21 11:27:51.028900', 'put_channel : channel tb1, group 1, time 2015-03-21 11:27:51.028784')
('2015-03-21 11:27:52.527336', 'put_channel : channel tb1, group 1, time 2015-03-21 11:27:52.527237')
('2015-03-21 11:27:52.529495', 'put_channel : channel tb1, group 0, time 2015-03-21 11:27:52.529448')
('2015-03-21 11:27:53.523468', 'put_channel : channel tb1, group 1, time 2015-03-21 11:27:53.523370')
('2015-03-21 11:27:54.031056', 'put_channel : channel tb1, group 0, time 2015-03-21 11:27:54.030965')
('2015-03-21 11:27:55.025157', 'put_channel : channel tb1, group 1, time 2015-03-21 11:27:55.025049')
('2015-03-21 11:27:55.530074', 'put_channel : channel tb1, group 0, time 2015-03-21 11:27:55.529983')
('2015-03-21 11:27:58.024700', 'put_channel : channel tb1, group 0, time 2015-03-21 11:27:58.024609')
('2015-03-21 11:27:58.528727', 'put_channel : channel tb1, group 1, time 2015-03-21 11:27:58.528630')
('2015-03-21 11:27:59.524740', 'put_channel : channel tb1, group 0, time 2015-03-21 11:27:59.524643')
('2015-03-21 11:28:00.029829', 'put_channel : channel tb1, group 1, time 2015-03-21 11:28:00.029729')
('2015-03-21 11:28:01.037413', 'put_channel : channel tb1, group 0, time 2015-03-21 11:28:01.037294')
('2015-03-21 11:28:01.529605', 'put_channel : channel tb1, group 1, time 2015-03-21 11:28:01.529507')
('2015-03-21 11:28:02.533269', 'put_channel : channel tb1, group 0, time 2015-03-21 11:28:02.533118')
('2015-03-21 11:28:03.029160', 'put_channel : channel tb1, group 1, time 2015-03-21 11:28:03.029053')
('2015-03-21 11:28:04.529105', 'put_channel : channel tb1, group 1, time 2015-03-21 11:28:04.529008')
('2015-03-21 11:28:08.525700', 'put_channel : channel tb1, group 0, time 2015-03-21 11:28:08.525606')
('2015-03-21 11:28:08.533315', 'put_channel : channel tb1, group 0, time 2015-03-21 11:28:08.533253')
('2015-03-21 11:28:11.541294', 'put_channel : channel tb1, group 0, time 2015-03-21 11:28:11.541110')
('2015-03-21 11:28:11.541560', 'put_channel : channel tb1, group 1, time 2015-03-21 11:28:11.541505')
('2015-03-21 11:28:14.525489', 'put_channel : channel tb1, group 0, time 2015-03-21 11:28:14.525376')
('2015-03-21 11:28:14.526158', 'put_channel : channel tb1, group 1, time 2015-03-21 11:28:14.526115')
('2015-03-21 11:28:14.533067', 'put_channel : channel tb1, group 1, time 2015-03-21 11:28:14.533023')
('2015-03-21 11:28:16.526418', 'put_channel : channel tb1, group 0, time 2015-03-21 11:28:16.526329')
('2015-03-21 11:28:17.541002', 'put_channel : channel tb1, group 1, time 2015-03-21 11:28:17.540893')
('2015-03-21 11:28:18.051648', 'put_channel : channel tb1, group 1, time 2015-03-21 11:28:18.051565')
('2015-03-21 11:28:20.526384', 'put_channel : channel tb1, group 0, time 2015-03-21 11:28:20.526250')
('2015-03-21 11:28:21.047648', 'put_channel : channel tb1, group 0, time 2015-03-21 11:28:21.047544')
('2015-03-21 11:28:22.100913', 'put_channel : channel tb1, group 1, time 2015-03-21 11:28:22.100802')
('2015-03-21 11:28:23.525372', 'put_channel : channel tb1, group 0, time 2015-03-21 11:28:23.525249')
('2015-03-21 11:28:24.033453', 'put_channel : channel tb1, group 0, time 2015-03-21 11:28:24.033332')
('2015-03-21 11:28:24.054362', 'put_channel : channel tb1, group 1, time 2015-03-21 11:28:24.054238')
('2015-03-21 11:28:25.023362', 'put_channel : channel tb1, group 1, time 2015-03-21 11:28:25.023250')
('2015-03-21 11:28:25.525542', 'put_channel : channel tb1, group 1, time 2015-03-21 11:28:25.525454')
('2015-03-21 11:28:25.529179', 'put_channel : channel tb1, group 1, time 2015-03-21 11:28:25.529130')
('2015-03-21 11:28:26.533831', 'put_channel : channel tb1, group 1, time 2015-03-21 11:28:26.533728')
('2015-03-21 11:28:28.527172', 'put_channel : channel tb1, group 0, time 2015-03-21 11:28:28.527062')
('2015-03-21 11:28:29.523037', 'put_channel : channel tb1, group 1, time 2015-03-21 11:28:29.522932')
('2015-03-21 11:28:30.053737', 'put_channel : channel tb1, group 1, time 2015-03-21 11:28:30.053630')
('2015-03-21 11:28:30.055380', 'put_channel : channel tb1, group 0, time 2015-03-21 11:28:30.055279')
('2015-03-21 11:28:31.025515', 'put_channel : channel tb1, group 0, time 2015-03-21 11:28:31.025431')
('2015-03-21 11:28:31.092903', 'put_channel : channel tb1, group 0, time 2015-03-21 11:28:31.092769')
('2015-03-21 11:28:31.527890', 'put_channel : channel tb1, group 1, time 2015-03-21 11:28:31.527771')
('2015-03-21 11:28:33.026900', 'put_channel : channel tb1, group 1, time 2015-03-21 11:28:33.026781')
('2015-03-21 11:28:33.045605', 'put_channel : channel tb1, group 0, time 2015-03-21 11:28:33.045546')
('2015-03-21 11:28:34.024433', 'put_channel : channel tb1, group 0, time 2015-03-21 11:28:34.024351')
('2015-03-21 11:28:34.038193', 'put_channel : channel tb1, group 0, time 2015-03-21 11:28:34.038099')
('2015-03-21 11:28:34.527522', 'put_channel : channel tb1, group 0, time 2015-03-21 11:28:34.527420')
('2015-03-21 11:28:35.523269', 'put_channel : channel tb1, group 1, time 2015-03-21 11:28:35.523155')
('2015-03-21 11:28:36.053185', 'put_channel : channel tb1, group 1, time 2015-03-21 11:28:36.053086')
('2015-03-21 11:28:37.024258', 'put_channel : channel tb1, group 1, time 2015-03-21 11:28:37.024158')
('2015-03-21 11:28:37.026406', 'put_channel : channel tb1, group 0, time 2015-03-21 11:28:37.026363')
('2015-03-21 11:28:37.036820', 'put_channel : channel tb1, group 1, time 2015-03-21 11:28:37.036770')
('2015-03-21 11:28:37.076216', 'put_channel : channel tb1, group 1, time 2015-03-21 11:28:37.076105')
('2015-03-21 11:28:37.537448', 'put_channel : channel tb1, group 0, time 2015-03-21 11:28:37.537328')
('2015-03-21 11:28:38.534793', 'put_channel : channel tb1, group 0, time 2015-03-21 11:28:38.534677')
('2015-03-21 11:28:39.026434', 'put_channel : channel tb1, group 0, time 2015-03-21 11:28:39.026354')
('2015-03-21 11:28:39.060730', 'put_channel : channel tb1, group 0, time 2015-03-21 11:28:39.060652')
('2015-03-21 11:28:40.024690', 'put_channel : channel tb1, group 1, time 2015-03-21 11:28:40.024570')
('2015-03-21 11:28:40.085901', 'put_channel : channel tb1, group 0, time 2015-03-21 11:28:40.085775')
('2015-03-21 11:28:43.024298', 'put_channel : channel tb1, group 0, time 2015-03-21 11:28:43.024173')
('2015-03-21 11:28:44.523413', 'put_channel : channel tb1, group 0, time 2015-03-21 11:28:44.523322')
('2015-03-21 11:28:46.025074', 'put_channel : channel tb1, group 0, time 2015-03-21 11:28:46.024979')
('2015-03-21 11:28:49.025175', 'put_channel : channel tb1, group 0, time 2015-03-21 11:28:49.025051')
('2015-03-21 11:28:49.025461', 'put_channel : channel tb1, group 1, time 2015-03-21 11:28:49.025388')
('2015-03-21 11:28:49.076780', 'put_channel : channel tb1, group 1, time 2015-03-21 11:28:49.076665')
('2015-03-21 11:28:49.527775', 'put_channel : channel tb1, group 1, time 2015-03-21 11:28:49.527669')
('2015-03-21 11:28:50.525126', 'put_channel : channel tb1, group 0, time 2015-03-21 11:28:50.525011')
('2015-03-21 11:28:52.024864', 'put_channel : channel tb1, group 1, time 2015-03-21 11:28:52.024775')
('2015-03-21 11:28:52.036260', 'put_channel : channel tb1, group 1, time 2015-03-21 11:28:52.036171')
('2015-03-21 11:28:52.525582', 'put_channel : channel tb1, group 1, time 2015-03-21 11:28:52.525427')
('2015-03-21 11:28:52.526074', 'put_channel : channel tb1, group 0, time 2015-03-21 11:28:52.526025')
('2015-03-21 11:28:53.541473', 'put_channel : channel tb1, group 0, time 2015-03-21 11:28:53.541366')
('2015-03-21 11:28:54.024617', 'put_channel : channel tb1, group 1, time 2015-03-21 11:28:54.024481')
('2015-03-21 11:28:55.525368', 'put_channel : channel tb1, group 1, time 2015-03-21 11:28:55.525254')
('2015-03-21 11:28:55.557699', 'put_channel : channel tb1, group 1, time 2015-03-21 11:28:55.557585')
('2015-03-21 11:29:00.027001', 'put_channel : channel tb1, group 0, time 2015-03-21 11:29:00.026903')
('2015-03-21 11:29:01.037330', 'put_channel : channel tb1, group 0, time 2015-03-21 11:29:01.037230')
('2015-03-21 11:29:03.025924', 'put_channel : channel tb1, group 0, time 2015-03-21 11:29:03.025834')
('2015-03-21 11:29:04.037440', 'put_channel : channel tb1, group 1, time 2015-03-21 11:29:04.037318')
('2015-03-21 11:29:05.540942', 'put_channel : channel tb1, group 0, time 2015-03-21 11:29:05.540843')
('2015-03-21 11:29:06.024840', 'put_channel : channel tb1, group 1, time 2015-03-21 11:29:06.024743')
('2015-03-21 11:29:07.035587', 'put_channel : channel tb1, group 1, time 2015-03-21 11:29:07.035484')
('2015-03-21 11:29:09.028427', 'put_channel : channel tb1, group 1, time 2015-03-21 11:29:09.028312')
('2015-03-21 11:29:10.037052', 'put_channel : channel tb1, group 1, time 2015-03-21 11:29:10.036952')
('2015-03-21 11:29:10.528225', 'put_channel : channel tb1, group 0, time 2015-03-21 11:29:10.528122')
('2015-03-21 11:29:10.553487', 'put_channel : channel tb1, group 0, time 2015-03-21 11:29:10.553398')
('2015-03-21 11:29:11.541858', 'put_channel : channel tb1, group 0, time 2015-03-21 11:29:11.541754')
('2015-03-21 11:29:13.077423', 'put_channel : channel tb1, group 1, time 2015-03-21 11:29:13.077320')
('2015-03-21 11:29:15.028786', 'put_channel : channel tb1, group 0, time 2015-03-21 11:29:15.028695')
('2015-03-21 11:29:16.549936', 'put_channel : channel tb1, group 0, time 2015-03-21 11:29:16.549797')
('2015-03-21 11:29:19.529007', 'put_channel : channel tb1, group 0, time 2015-03-21 11:29:19.528885')
('2015-03-21 11:29:21.029441', 'put_channel : channel tb1, group 0, time 2015-03-21 11:29:21.029332')
('2015-03-21 11:29:22.068817', 'put_channel : channel tb1, group 0, time 2015-03-21 11:29:22.068719')
('2015-03-21 11:29:22.531054', 'put_channel : channel tb1, group 0, time 2015-03-21 11:29:22.530970')
('2015-03-21 11:29:22.549001', 'put_channel : channel tb1, group 1, time 2015-03-21 11:29:22.548941')
('2015-03-21 11:29:24.028532', 'put_channel : channel tb1, group 0, time 2015-03-21 11:29:24.028440')
('2015-03-21 11:29:25.528541', 'put_channel : channel tb1, group 1, time 2015-03-21 11:29:25.528453')
('2015-03-21 11:29:25.529927', 'put_channel : channel tb1, group 0, time 2015-03-21 11:29:25.529882')
('2015-03-21 11:29:27.029063', 'put_channel : channel tb1, group 0, time 2015-03-21 11:29:27.028969')
('2015-03-21 11:29:27.059868', 'put_channel : channel tb1, group 0, time 2015-03-21 11:29:27.059791')
('2015-03-21 11:29:27.060682', 'put_channel : channel tb1, group 1, time 2015-03-21 11:29:27.060625')
('2015-03-21 11:29:28.527391', 'put_channel : channel tb1, group 1, time 2015-03-21 11:29:28.527300')
('2015-03-21 11:29:28.548032', 'put_channel : channel tb1, group 1, time 2015-03-21 11:29:28.547968')
('2015-03-21 11:29:35.539821', 'put_channel : channel tb1, group 1, time 2015-03-21 11:29:35.539721')
('2015-03-21 11:29:36.997726', 'fd_channel : login[0] 0 login[1] 0 , tb0[0] 30 tb0[1] 0 , tb1[0] 59 tb1[1] 54')
('2015-03-21 11:29:36.999710', 'fd_channel : login[0] 0 login[1] 0 , tb0[0] 30 tb0[1] 0 , tb1[0] 59 tb1[1] 53')
('2015-03-21 11:29:37.000799', 'fd_channel : login[0] 0 login[1] 0 , tb0[0] 30 tb0[1] 0 , tb1[0] 59 tb1[1] 52')
('2015-03-21 11:29:37.001595', 'fd_channel : login[0] 0 login[1] 0 , tb0[0] 30 tb0[1] 0 , tb1[0] 59 tb1[1] 51')
('2015-03-21 11:29:37.002552', 'fd_channel : login[0] 0 login[1] 0 , tb0[0] 30 tb0[1] 0 , tb1[0] 59 tb1[1] 50')
('2015-03-21 11:29:37.003876', 'fd_channel : login[0] 0 login[1] 0 , tb0[0] 30 tb0[1] 0 , tb1[0] 59 tb1[1] 49')
('2015-03-21 11:29:37.005999', 'fd_channel : login[0] 0 login[1] 0 , tb0[0] 30 tb0[1] 0 , tb1[0] 59 tb1[1] 48')
('2015-03-21 11:29:37.007102', 'fd_channel : login[0] 0 login[1] 0 , tb0[0] 30 tb0[1] 0 , tb1[0] 59 tb1[1] 47')
('2015-03-21 11:29:41.540562', 'put_channel : channel tb1, group 1, time 2015-03-21 11:29:41.540457')
('2015-03-21 11:29:44.006503', 'fd_channel : login[0] 0 login[1] 0 , tb0[0] 30 tb0[1] 0 , tb1[0] 59 tb1[1] 47')
('2015-03-21 11:29:47.540053', 'put_channel : channel tb1, group 1, time 2015-03-21 11:29:47.539942')
('2015-03-21 11:29:51.061187', 'put_channel : channel tb1, group 1, time 2015-03-21 11:29:51.061042')
('2015-03-21 11:29:56.572887', 'put_channel : channel tb1, group 0, time 2015-03-21 11:29:56.572774')
('2015-03-21 11:29:57.007503', 'fd_channel : login[0] 0 login[1] 0 , tb0[0] 30 tb0[1] 0 , tb1[0] 60 tb1[1] 47')
('2015-03-21 11:29:57.008279', 'fd_channel : login[0] 0 login[1] 0 , tb0[0] 30 tb0[1] 0 , tb1[0] 60 tb1[1] 46')
('2015-03-21 11:29:57.009443', 'fd_channel : login[0] 0 login[1] 0 , tb0[0] 30 tb0[1] 0 , tb1[0] 60 tb1[1] 45')
('2015-03-21 11:29:57.010069', 'fd_channel : login[0] 0 login[1] 0 , tb0[0] 30 tb0[1] 0 , tb1[0] 60 tb1[1] 44')
('2015-03-21 11:29:57.011166', 'fd_channel : login[0] 0 login[1] 0 , tb0[0] 30 tb0[1] 0 , tb1[0] 60 tb1[1] 43')
('2015-03-21 11:29:57.011743', 'fd_channel : login[0] 0 login[1] 0 , tb0[0] 30 tb0[1] 0 , tb1[0] 60 tb1[1] 42')
('2015-03-21 11:29:57.012658', 'fd_channel : login[0] 0 login[1] 0 , tb0[0] 30 tb0[1] 0 , tb1[0] 60 tb1[1] 41')
('2015-03-21 11:29:57.013811', 'fd_channel : login[0] 0 login[1] 0 , tb0[0] 30 tb0[1] 0 , tb1[0] 60 tb1[1] 40')
('2015-03-21 11:29:57.164063', 'fd_channel : login[0] 0 login[1] 0 , tb0[0] 30 tb0[1] 0 , tb1[0] 57 tb1[1] 39')
('2015-03-21 11:29:57.168082', 'fd_channel : login[0] 0 login[1] 0 , tb0[0] 30 tb0[1] 0 , tb1[0] 48 tb1[1] 39')
('2015-03-21 11:29:57.269127', 'fd_channel : login[0] 0 login[1] 0 , tb0[0] 30 tb0[1] 0 , tb1[0] 47 tb1[1] 39')
('2015-03-21 11:29:57.270186', 'fd_channel : login[0] 0 login[1] 0 , tb0[0] 30 tb0[1] 0 , tb1[0] 47 tb1[1] 38')
('2015-03-21 11:29:57.561325', 'fd_channel : login[0] 0 login[1] 0 , tb0[0] 30 tb0[1] 0 , tb1[0] 46 tb1[1] 38')
('2015-03-21 11:29:57.562435', 'fd_channel : login[0] 0 login[1] 0 , tb0[0] 30 tb0[1] 0 , tb1[0] 46 tb1[1] 37')
('2015-03-21 11:29:59.564336', 'fd_channel : login[0] 0 login[1] 0 , tb0[0] 30 tb0[1] 0 , tb1[0] 45 tb1[1] 37')
('2015-03-21 11:29:59.565916', 'fd_channel : login[0] 0 login[1] 0 , tb0[0] 30 tb0[1] 0 , tb1[0] 45 tb1[1] 36')
('2015-03-21 11:29:59.573038', 'put_channel : channel tb1, group 0, time 2015-03-21 11:29:59.572996')
('2015-03-21 11:30:00.053142', 'put_channel : channel tb1, group 0, time 2015-03-21 11:30:00.053015')
('2015-03-21 11:30:01.998851', 'worker [1] stopping')
('2015-03-21 11:30:02.532199', 'put_channel : channel tb1, group 1, time 2015-03-21 11:30:02.532077')
('2015-03-21 11:30:02.532876', 'put_channel : channel tb1, group 0, time 2015-03-21 11:30:02.532794')
('2015-03-21 11:30:04.013229', 'fd_channel : login[0] 0 login[1] 0 , tb0[0] 30 tb0[1] 0 , tb1[0] 48 tb1[1] 36')
('2015-03-21 11:30:04.014862', 'fd_channel : login[0] 0 login[1] 0 , tb0[0] 30 tb0[1] 0 , tb1[0] 48 tb1[1] 35')
('2015-03-21 11:30:04.016056', 'fd_channel : login[0] 0 login[1] 0 , tb0[0] 30 tb0[1] 0 , tb1[0] 48 tb1[1] 34')
('2015-03-21 11:30:04.017341', 'fd_channel : login[0] 0 login[1] 0 , tb0[0] 30 tb0[1] 0 , tb1[0] 48 tb1[1] 33')
('2015-03-21 11:30:04.018227', 'fd_channel : login[0] 0 login[1] 0 , tb0[0] 30 tb0[1] 0 , tb1[0] 48 tb1[1] 32')
('2015-03-21 11:30:06.052348', 'put_channel : channel tb1, group 0, time 2015-03-21 11:30:06.052219')
('2015-03-21 11:30:07.018989', 'fd_channel : login[0] 0 login[1] 0 , tb0[0] 30 tb0[1] 0 , tb1[0] 49 tb1[1] 31')
('2015-03-21 11:30:07.020964', 'fd_channel : login[0] 0 login[1] 0 , tb0[0] 30 tb0[1] 0 , tb1[0] 49 tb1[1] 30')
('2015-03-21 11:30:07.048255', 'put_channel : channel tb1, group 0, time 2015-03-21 11:30:07.048201')
('2015-03-21 11:30:08.533355', 'put_channel : channel tb1, group 0, time 2015-03-21 11:30:08.533264')
('2015-03-21 11:30:11.015600', 'fd_channel : login[0] 0 login[1] 0 , tb0[0] 30 tb0[1] 0 , tb1[0] 51 tb1[1] 29')
('2015-03-21 11:30:11.017379', 'fd_channel : login[0] 0 login[1] 0 , tb0[0] 30 tb0[1] 0 , tb1[0] 51 tb1[1] 28')
('2015-03-21 11:30:11.019523', 'fd_channel : login[0] 0 login[1] 0 , tb0[0] 30 tb0[1] 0 , tb1[0] 51 tb1[1] 27')
('2015-03-21 11:30:19.097586', 'put_channel : channel tb1, group 0, time 2015-03-21 11:30:19.097481')
('2015-03-21 11:30:25.083112', 'put_channel : channel tb1, group 0, time 2015-03-21 11:30:25.082984')
('2015-03-21 11:30:29.594899', 'put_channel : channel tb1, group 0, time 2015-03-21 11:30:29.594767')
('2015-03-21 11:30:43.673382', 'put_channel : channel tb1, group 0, time 2015-03-21 11:30:43.673251')
('2015-03-21 11:30:49.621947', 'put_channel : channel tb1, group 0, time 2015-03-21 11:30:49.621820')
('2015-03-21 11:30:55.636447', 'put_channel : channel tb1, group 0, time 2015-03-21 11:30:55.636348')
