('2015-03-21 09:55:36.042579', 'client 52523583 login 顾浩辉 330902197809175236')
('2015-03-21 09:55:36.254031', 'client 52489290 login 金淑凤 15040319620609004x')
('2015-03-21 09:55:37.537654', 'client 52796124 login 刘学军 310103196810290017')
('2015-03-21 09:55:37.755599', 'client 52273826 login 冯健 310106199012220818')
('2015-03-21 09:55:39.040844', 'client 52526335 login 凌伟 310224197111163811')
('2015-03-21 09:55:39.258591', 'client 52779785 login 陈艳 342322197702180023')
('2015-03-21 09:55:40.538753', 'client 52710166 login 王明 142402197910212117')
('2015-03-21 09:55:40.759758', 'client 52578026 login 余蓓 310101197906131629')
('2015-03-21 10:34:13.789781', 'client 52796124 bid 0 image 6213D98A799148A8242CDEFA3F280C3B 490549 ')
('2015-03-21 10:34:17.267101', 'client 52796124 bid 0 price 73700 刘学军 310103196810290017')
('2015-03-21 10:34:18.787593', 'client 52710166 bid 0 image CE74088AFB97A72E6B6784624072EA72 362645 ')
('2015-03-21 10:34:18.807846', 'client 52710166 bid 0 price 73700 王明 142402197910212117')
('2015-03-21 10:34:23.346648', 'client 52779785 bid 0 image AE5A1119C9DEAF8A48DF308E58FEB20D 081538 ')
('2015-03-21 10:34:27.377719', 'client 52523583 bid 0 image B6F62AA19A8C4E7C6710BDA1B1DFCD2D 625362 ')
('2015-03-21 10:34:29.578443', 'client 52526335 bid 0 image 3F2781300D74CDEF32EC01B70EA04F32 626364 ')
('2015-03-21 10:34:31.601235', 'client 52526335 bid 0 price 73700 凌伟 310224197111163811')
('2015-03-21 10:34:51.793823', 'client 52489290 bid 0 image 6BBD97652844F1760B1652E5A2939B96 463628 ')
('2015-03-21 10:34:51.816115', 'client 52489290 bid 0 price 73700 金淑凤 15040319620609004x')
('2015-03-21 10:34:57.352599', 'client 52779785 bid 0 price Failed')
('2015-03-21 10:34:57.352843', 'client 52779785 bid 0 failed. Abort.....')
('2015-03-21 10:35:01.383774', 'client 52523583 bid 0 price Failed')
('2015-03-21 10:35:01.383930', 'client 52523583 bid 0 failed. Abort.....')
('2015-03-21 10:35:13.972269', 'client 52779785 bid 0 image 5CE0184C5FC4FAA86ADBA34B376CBE03 462506 ')
('2015-03-21 10:35:15.973972', 'client 52779785 bid 0 price 73700 meet err_112 陈艳 342322197702180023')
('2015-03-21 10:35:29.429904', 'client 52578026 bid 0 image 406A826F7DD1FDE1B1C0C5ACD51EEE08 291808 ')
('2015-03-21 10:35:31.827300', 'client 52273826 bid 0 image Failed')
('2015-03-21 10:35:31.827337', 'client 52273826 bid 0 failed. Abort.....')
('2015-03-21 10:35:44.594113', 'client 52578026 bid 0 price 73700 余蓓 310101197906131629')
('2015-03-21 10:35:45.974469', 'client 52779785 bid 0 price Failed')
('2015-03-21 10:35:45.974636', 'client 52779785 bid 0 failed. Abort.....')
('2015-03-21 10:35:52.993167', 'client 52523583 bid 0 image 4EBDE1986F660051BC3DB76A81693BF3 648052 ')
('2015-03-21 10:35:53.021088', 'client 52523583 bid 0 price 73700 顾浩辉 330902197809175236')
('2015-03-21 10:35:54.537474', 'client 52273826 bid 0 image 0471D929F46B7F80A72AAD1E685FBA69 515053 ')
('2015-03-21 10:36:28.542960', 'client 52273826 bid 0 price Failed')
('2015-03-21 10:36:28.543118', 'client 52273826 bid 0 failed. Abort.....')
('2015-03-21 10:37:14.138169', 'client 52273826 bid 0 image FD5A62E04176FD2B733BFBDE8B2F1757 606164 ')
('2015-03-21 10:37:48.142986', 'client 52273826 bid 0 price Failed')
('2015-03-21 10:37:48.143136', 'client 52273826 bid 0 failed. Abort.....')
('2015-03-21 11:29:36.963236', 'client 52523583 bid 1 image 99CE22824EBD9EABD8EFD8327B4C7EC8 645293 ')
('2015-03-21 11:29:37.154773', 'client 52489290 bid 1 image 8C4660B94A2A47640894A7A38BED7880 450639 ')
('2015-03-21 11:29:37.183790', 'client 52779785 bid 1 image F2C82AFF00394A4AA9585D946A90CB96 252536 ')
('2015-03-21 11:29:37.236569', 'client 52526335 bid 1 image 184BD7F942CA6289250E89291B580979 250929 ')
('2015-03-21 11:29:37.275329', 'client 52578026 bid 1 image F40FF1794AA7DC8C492593AE2DD5F351 505083 ')
('2015-03-21 11:29:37.580696', 'client 52273826 bid 1 image E81544ABCCDCEA93F7484DE2B040A89D 626254 ')
('2015-03-21 11:29:37.611800', 'client 52710166 bid 1 image B8F51711BEEE3EC5E6D33C210C859671 938062 ')
('2015-03-21 11:29:38.378294', 'client 52796124 bid 1 image DC65BBCF41B0C7B51A9CBAFAAC68865E 929390 ')
('2015-03-21 11:29:56.783614', 'client 52710166 bid 1 cancel')
('2015-03-21 11:29:56.783759', 'client 52710166 bid 1 price Failed')
('2015-03-21 11:29:56.783804', 'client 52710166 bid 1 failed. Abort.....')
('2015-03-21 11:29:56.784241', 'client 52489290 bid 1 cancel')
('2015-03-21 11:29:56.784301', 'client 52489290 bid 1 price Failed')
('2015-03-21 11:29:56.784341', 'client 52489290 bid 1 failed. Abort.....')
('2015-03-21 11:29:56.784655', 'client 52273826 bid 1 cancel')
('2015-03-21 11:29:56.784747', 'client 52273826 bid 1 price Failed')
('2015-03-21 11:29:56.784795', 'client 52273826 bid 1 failed. Abort.....')
('2015-03-21 11:29:56.785652', 'client 52578026 bid 1 cancel')
('2015-03-21 11:29:56.785731', 'client 52578026 bid 1 price Failed')
('2015-03-21 11:29:56.785763', 'client 52578026 bid 1 failed. Abort.....')
('2015-03-21 11:29:56.786418', 'client 52526335 bid 1 cancel')
('2015-03-21 11:29:56.786477', 'client 52526335 bid 1 price Failed')
('2015-03-21 11:29:56.786508', 'client 52526335 bid 1 failed. Abort.....')
('2015-03-21 11:29:56.786933', 'client 52523583 bid 1 cancel')
('2015-03-21 11:29:56.786976', 'client 52523583 bid 1 price Failed')
('2015-03-21 11:29:56.787005', 'client 52523583 bid 1 failed. Abort.....')
('2015-03-21 11:29:56.787408', 'client 52779785 bid 1 cancel')
('2015-03-21 11:29:56.787471', 'client 52779785 bid 1 price Failed')
('2015-03-21 11:29:56.787504', 'client 52779785 bid 1 failed. Abort.....')
('2015-03-21 11:29:56.791547', 'client 52796124 bid 1 cancel')
('2015-03-21 11:29:56.791594', 'client 52796124 bid 1 price Failed')
('2015-03-21 11:29:56.791625', 'client 52796124 bid 1 failed. Abort.....')
('2015-03-21 11:29:57.216575', 'client 52523583 bid 2 image EAD7D7A46B859E653906FC805C3FE9B7 251915 ')
('2015-03-21 11:29:57.281973', 'client 52779785 bid 2 image D3755560FAC7C25BB97EDDFF0B655423 546162 ')
('2015-03-21 11:29:57.376740', 'client 52578026 bid 2 image 000B33DD3F8CF04143325E1CB0863B75 906293 ')
('2015-03-21 11:29:57.508874', 'client 52779785 bid 2 price 74900 陈艳 342322197702180023')
('2015-03-21 11:29:57.670768', 'client 52526335 bid 2 image 6AA564880BFDECE58E254718FE2FF189 835061 ')
('2015-03-21 11:30:06.808014', 'client 52710166 bid 2 image Failed')
('2015-03-21 11:30:06.808072', 'client 52710166 bid 2 failed. Abort.....')
('2015-03-21 11:30:07.519007', "client 52779785 bids finished. price : [None, None, '74900'] . Quit.....")
('2015-03-21 11:30:11.221699', 'client 52523583 bid 2 price Failed')
('2015-03-21 11:30:11.221855', 'client 52523583 bid 2 failed. Abort.....')
('2015-03-21 11:30:11.382215', 'client 52578026 bid 2 price Failed')
('2015-03-21 11:30:11.382363', 'client 52578026 bid 2 failed. Abort.....')
('2015-03-21 11:30:11.676193', 'client 52526335 bid 2 price Failed')
('2015-03-21 11:30:11.676336', 'client 52526335 bid 2 failed. Abort.....')
('2015-03-21 11:30:13.795927', 'client 52273826 bid 2 image Failed')
('2015-03-21 11:30:13.795966', 'client 52273826 bid 2 failed. Abort.....')
('2015-03-21 11:30:16.818355', "client 52710166 bids finished. price : ['73700', None, None] . Quit.....")
('2015-03-21 11:30:17.796336', 'client 52489290 bid 2 image Failed')
('2015-03-21 11:30:17.796378', 'client 52489290 bid 2 failed. Abort.....')
('2015-03-21 11:30:17.797956', 'client 52796124 bid 2 image Failed')
('2015-03-21 11:30:17.797993', 'client 52796124 bid 2 failed. Abort.....')
('2015-03-21 11:30:21.229191', "client 52523583 bids finished. price : ['73700', None, None] . Quit.....")
('2015-03-21 11:30:21.392459', "client 52578026 bids finished. price : ['73700', None, None] . Quit.....")
('2015-03-21 11:30:21.686505', "client 52526335 bids finished. price : ['73700', None, None] . Quit.....")
('2015-03-21 11:30:23.799843', 'client 52273826 bids finished. price : [None, None, None] . Quit.....')
('2015-03-21 11:30:27.800117', "client 52489290 bids finished. price : ['73700', None, None] . Quit.....")
('2015-03-21 11:30:27.805897', "client 52796124 bids finished. price : ['73700', None, None] . Quit.....")
