('2015-03-21 09:55:37.555212', 'client 52728079 login 刘惠群 310109198005091223')
('2015-03-21 09:55:37.762601', 'client 52759726 login 吴弦 310228198309150821')
('2015-03-21 09:55:39.043785', 'client 52724133 login 郭娟 340702198703052524')
('2015-03-21 09:55:39.265982', 'client 52780246 login 陈建 320522197208230035')
('2015-03-21 09:55:40.541298', 'client 52537527 login 王南平 310109195009043612')
('2015-03-21 09:55:40.768080', 'client 52776790 login 沈忠华 310223195804150217')
('2015-03-21 09:55:42.043346', 'client 52712600 login 徐敏迪 330225198810032161')
('2015-03-21 09:55:42.269147', 'client 52495055 login 刘晓峰 430921198205051328')
('2015-03-21 10:34:07.658654', 'client 52537527 bid 0 image 5C297E89750982AD3AFC64D064FCC16D 051949 ')
('2015-03-21 10:34:10.155021', 'client 52759726 bid 0 image 88DEB0F7AA686E0C0A1E582C0A6731FF 384529 ')
('2015-03-21 10:34:12.158042', 'client 52495055 bid 0 image 9BD803BA015F3308644863DB2AD821DF 526054 ')
('2015-03-21 10:34:30.956925', 'client 52712600 bid 0 image 86E4FA387795143030A39F65634F9577 292629 ')
('2015-03-21 10:34:30.957936', 'client 52776790 bid 0 image C49936A30723AE607AF771EFB9CD746F 250808 ')
('2015-03-21 10:34:30.981314', 'client 52712600 bid 0 price 73700 徐敏迪 330225198810032161')
('2015-03-21 10:34:41.666742', 'client 52537527 bid 0 price Failed')
('2015-03-21 10:34:41.666902', 'client 52537527 bid 0 failed. Abort.....')
('2015-03-21 10:34:44.166662', 'client 52759726 bid 0 price Failed')
('2015-03-21 10:34:44.166856', 'client 52759726 bid 0 failed. Abort.....')
('2015-03-21 10:34:46.167868', 'client 52495055 bid 0 price Failed')
('2015-03-21 10:34:46.168050', 'client 52495055 bid 0 failed. Abort.....')
('2015-03-21 10:35:04.969085', 'client 52776790 bid 0 price Failed')
('2015-03-21 10:35:04.969255', 'client 52776790 bid 0 failed. Abort.....')
('2015-03-21 10:35:13.117908', 'client 52728079 bid 0 image 9527C2BC82DAB0DA30EA8F1A7681E32C 816091 ')
('2015-03-21 10:35:13.139951', 'client 52728079 bid 0 price 73700 刘惠群 310109198005091223')
('2015-03-21 10:35:21.376054', 'client 52759726 bid 0 image 2CC46F3A8530D9960361262414ABA9E7 290826 ')
('2015-03-21 10:35:23.335788', 'client 52537527 bid 0 image 06D640FC8F750040C00D5281FFA1192E 861616 ')
('2015-03-21 10:35:23.379302', 'client 52759726 bid 0 price 73700 meet err_112 吴弦 310228198309150821')
('2015-03-21 10:35:24.690802', 'client 52495055 bid 0 image 5AD9964FB5C4061D8EA90481C07FE5E9 163636 ')
('2015-03-21 10:35:25.035015', 'client 52724133 bid 0 image 36191569FF792A3DA6E8E92362C69AB8 180506 ')
('2015-03-21 10:35:26.693784', 'client 52495055 bid 0 price 73700 meet err_112 刘晓峰 430921198205051328')
('2015-03-21 10:35:31.832783', 'client 52780246 bid 0 image Failed')
('2015-03-21 10:35:31.832850', 'client 52780246 bid 0 failed. Abort.....')
('2015-03-21 10:35:34.950092', 'client 52776790 bid 0 image B2A44B98F2BD908D1DE8D50488653AE6 516490 ')
('2015-03-21 10:35:53.379770', 'client 52759726 bid 0 price Failed')
('2015-03-21 10:35:53.379987', 'client 52759726 bid 0 failed. Abort.....')
('2015-03-21 10:35:56.694226', 'client 52495055 bid 0 price Failed')
('2015-03-21 10:35:56.694406', 'client 52495055 bid 0 failed. Abort.....')
('2015-03-21 10:35:57.344786', 'client 52537527 bid 0 price Failed')
('2015-03-21 10:35:57.344966', 'client 52537527 bid 0 failed. Abort.....')
('2015-03-21 10:35:59.041480', 'client 52724133 bid 0 price Failed')
('2015-03-21 10:35:59.041654', 'client 52724133 bid 0 failed. Abort.....')
('2015-03-21 10:36:08.956481', 'client 52776790 bid 0 price Failed')
('2015-03-21 10:36:08.956640', 'client 52776790 bid 0 failed. Abort.....')
('2015-03-21 10:36:14.343389', 'client 52780246 bid 0 image 6AA785AA970811438C1F57B727FD12CB 819382 ')
('2015-03-21 10:36:27.495233', 'client 52780246 bid 0 price 73700 陈建 320522197208230035')
('2015-03-21 10:37:27.351357', 'client 52537527 bid 0 image Failed')
('2015-03-21 10:37:27.351422', 'client 52537527 bid 0 failed. Abort.....')
('2015-03-21 10:37:29.047714', 'client 52724133 bid 0 image Failed')
('2015-03-21 10:37:29.047781', 'client 52724133 bid 0 failed. Abort.....')
('2015-03-21 10:37:46.538295', 'client 52537527 bid 0 image 5E642A2A437A4FD2EA3E499FF0094D9D 391948 ')
('2015-03-21 10:37:49.738167', 'client 52724133 bid 0 image CD8545B7F1DA5787B8864729C80BF639 925044 ')
('2015-03-21 10:38:20.550630', 'client 52537527 bid 0 price Failed')
('2015-03-21 10:38:20.550792', 'client 52537527 bid 0 failed. Abort.....')
('2015-03-21 10:38:23.747835', 'client 52724133 bid 0 price Failed')
('2015-03-21 10:38:23.747996', 'client 52724133 bid 0 failed. Abort.....')
('2015-03-21 10:38:38.130842', 'client 52537527 bid 0 image 11A6448EC111CB11F57F742455767780 384608 ')
('2015-03-21 10:38:38.759541', 'client 52724133 bid 0 image 6EED83CB0544712C8362FC5DF115FCD4 061618 ')
('2015-03-21 10:38:42.767090', 'client 52724133 bid 0 price 73700 meet err_112 郭娟 340702198703052524')
('2015-03-21 10:39:12.136856', 'client 52537527 bid 0 price Failed')
('2015-03-21 10:39:12.137055', 'client 52537527 bid 0 failed. Abort.....')
('2015-03-21 10:39:12.767458', 'client 52724133 bid 0 price Failed')
('2015-03-21 10:39:12.767616', 'client 52724133 bid 0 failed. Abort.....')
('2015-03-21 11:29:37.162284', 'client 52712600 bid 1 image 0F576BDCCC3F4193834EE430A054068A 194809 ')
('2015-03-21 11:29:37.246805', 'client 52776790 bid 1 image D6E41BB4D945164704BF4E37103AD81D 946490 ')
('2015-03-21 11:29:37.267326', 'client 52724133 bid 1 image 9A3040C824F8B622EF6E0DADAAE503E0 262905 ')
('2015-03-21 11:29:37.355774', 'client 52728079 bid 1 image 7C2C4A09B90C80ED0D5D440428BE3A7B 494809 ')
('2015-03-21 11:29:37.454310', 'client 52780246 bid 1 image 84C9F82024EA7138A6A8A38A43245ED5 846384 ')
('2015-03-21 11:29:38.657230', 'client 52495055 bid 1 image 38627F2C7C872779998C39D5C5244134 280906 ')
('2015-03-21 11:29:43.599655', 'client 52759726 bid 1 image 19D3B31F3D005024BB432E6E7C60EE6F 836160 ')
('2015-03-21 11:29:44.411069', 'client 52537527 bid 1 image 9E1213D92B7FCBACABEF764786EB9987 536482 ')
('2015-03-21 11:29:56.748574', 'client 52537527 bid 1 cancel')
('2015-03-21 11:29:56.748756', 'client 52537527 bid 1 price Failed')
('2015-03-21 11:29:56.748833', 'client 52537527 bid 1 failed. Abort.....')
('2015-03-21 11:29:56.749522', 'client 52728079 bid 1 cancel')
('2015-03-21 11:29:56.749601', 'client 52728079 bid 1 price Failed')
('2015-03-21 11:29:56.749670', 'client 52728079 bid 1 failed. Abort.....')
('2015-03-21 11:29:56.750171', 'client 52776790 bid 1 cancel')
('2015-03-21 11:29:56.750249', 'client 52776790 bid 1 price Failed')
('2015-03-21 11:29:56.750314', 'client 52776790 bid 1 failed. Abort.....')
('2015-03-21 11:29:56.750828', 'client 52724133 bid 1 cancel')
('2015-03-21 11:29:56.750911', 'client 52724133 bid 1 price Failed')
('2015-03-21 11:29:56.750970', 'client 52724133 bid 1 failed. Abort.....')
('2015-03-21 11:29:56.751425', 'client 52780246 bid 1 cancel')
('2015-03-21 11:29:56.751493', 'client 52780246 bid 1 price Failed')
('2015-03-21 11:29:56.751531', 'client 52780246 bid 1 failed. Abort.....')
('2015-03-21 11:29:56.751938', 'client 52495055 bid 1 cancel')
('2015-03-21 11:29:56.751991', 'client 52495055 bid 1 price Failed')
('2015-03-21 11:29:56.752026', 'client 52495055 bid 1 failed. Abort.....')
('2015-03-21 11:29:56.754934', 'client 52712600 bid 1 cancel')
('2015-03-21 11:29:56.754991', 'client 52712600 bid 1 price Failed')
('2015-03-21 11:29:56.755033', 'client 52712600 bid 1 failed. Abort.....')
('2015-03-21 11:29:56.758411', 'client 52759726 bid 1 cancel')
('2015-03-21 11:29:56.758480', 'client 52759726 bid 1 price Failed')
('2015-03-21 11:29:56.758550', 'client 52759726 bid 1 failed. Abort.....')
('2015-03-21 11:29:56.907005', 'client 52759726 bid 2 image 78B1B7D8FDEDB9CA53310260F6B7E4B5 929063 ')
('2015-03-21 11:29:57.178785', 'client 52724133 bid 2 image 2B3AD7DC9F982FC4190408F464423F45 905363 ')
('2015-03-21 11:29:57.182394', 'client 52495055 bid 2 image B055AD0167820D365CABA5B1161DACC0 825391 ')
('2015-03-21 11:29:57.205046', 'client 52724133 bid 2 price 74900 郭娟 340702198703052524')
('2015-03-21 11:29:57.258611', 'client 52537527 bid 2 image 2CE59D9C8AA8C9FFB214D8AF29CEEE67 929290 ')
('2015-03-21 11:29:57.552930', 'client 52780246 bid 2 image B066DED2CDDDC4EAFEB151FF460513C6 619090 ')
('2015-03-21 11:29:57.561443', 'client 52776790 bid 2 image 45233FF8CAB7D6334129E340A71D52A5 805263 ')
('2015-03-21 11:29:58.203259', 'client 52780246 bid 2 price 74900 陈建 320522197208230035')
('2015-03-21 11:29:58.347049', 'client 52728079 bid 2 image E1841CCD060FAE86C569CEC5E7D0C234 919494 ')
('2015-03-21 11:29:58.373747', 'client 52728079 bid 2 price 74900 刘惠群 310109198005091223')
('2015-03-21 11:30:07.215272', "client 52724133 bids finished. price : [None, None, '74900'] . Quit.....")
('2015-03-21 11:30:08.213493', "client 52780246 bids finished. price : ['73700', None, '74900'] . Quit.....")
('2015-03-21 11:30:08.383969', "client 52728079 bids finished. price : ['73700', None, '74900'] . Quit.....")
('2015-03-21 11:30:10.914074', 'client 52759726 bid 2 price Failed')
('2015-03-21 11:30:10.914237', 'client 52759726 bid 2 failed. Abort.....')
('2015-03-21 11:30:11.189583', 'client 52495055 bid 2 price Failed')
('2015-03-21 11:30:11.189778', 'client 52495055 bid 2 failed. Abort.....')
('2015-03-21 11:30:11.267067', 'client 52537527 bid 2 price Failed')
('2015-03-21 11:30:11.267274', 'client 52537527 bid 2 failed. Abort.....')
('2015-03-21 11:30:11.569320', 'client 52776790 bid 2 price Failed')
('2015-03-21 11:30:11.569524', 'client 52776790 bid 2 failed. Abort.....')
('2015-03-21 11:30:17.767520', 'client 52712600 bid 2 image Failed')
('2015-03-21 11:30:17.767567', 'client 52712600 bid 2 failed. Abort.....')
('2015-03-21 11:30:20.924421', 'client 52759726 bids finished. price : [None, None, None] . Quit.....')
('2015-03-21 11:30:21.196699', 'client 52495055 bids finished. price : [None, None, None] . Quit.....')
('2015-03-21 11:30:21.277488', 'client 52537527 bids finished. price : [None, None, None] . Quit.....')
('2015-03-21 11:30:21.579739', 'client 52776790 bids finished. price : [None, None, None] . Quit.....')
('2015-03-21 11:30:27.777779', "client 52712600 bids finished. price : ['73700', None, None] . Quit.....")
