('2015-03-21 09:55:36.734813', 'worker [5] started')
('2015-03-21 09:55:36.734878', 'client 8 initted')
('2015-03-21 09:55:37.526825', 'put_channel : channel login, group 1, time 2015-03-21 09:55:37.526741')
('2015-03-21 09:55:37.530579', 'fd_channel : login[0] 0 login[1] 0 , tb0[0] 0 tb0[1] 0 , tb1[0] 0 tb1[1] 0')
('2015-03-21 09:55:37.531364', 'put_channel : channel login, group 0, time 2015-03-21 09:55:37.531281')
('2015-03-21 09:55:37.632953', 'fd_channel : login[0] 0 login[1] 0 , tb0[0] 0 tb0[1] 0 , tb1[0] 0 tb1[1] 0')
('2015-03-21 09:55:39.025999', 'put_channel : channel login, group 0, time 2015-03-21 09:55:39.025920')
('2015-03-21 09:55:39.026299', 'put_channel : channel login, group 1, time 2015-03-21 09:55:39.026258')
('2015-03-21 09:55:39.026594', 'fd_channel : login[0] 1 login[1] 0 , tb0[0] 0 tb0[1] 0 , tb1[0] 0 tb1[1] 0')
('2015-03-21 09:55:39.134866', 'fd_channel : login[0] 0 login[1] 0 , tb0[0] 0 tb0[1] 0 , tb1[0] 0 tb1[1] 0')
('2015-03-21 09:55:40.525474', 'put_channel : channel login, group 1, time 2015-03-21 09:55:40.525395')
('2015-03-21 09:55:40.525999', 'fd_channel : login[0] 0 login[1] 0 , tb0[0] 0 tb0[1] 0 , tb1[0] 0 tb1[1] 0')
('2015-03-21 09:55:40.526707', 'put_channel : channel login, group 0, time 2015-03-21 09:55:40.526669')
('2015-03-21 09:55:40.636672', 'fd_channel : login[0] 0 login[1] 0 , tb0[0] 0 tb0[1] 0 , tb1[0] 0 tb1[1] 0')
('2015-03-21 09:55:42.026291', 'put_channel : channel login, group 0, time 2015-03-21 09:55:42.026157')
('2015-03-21 09:55:42.026574', 'put_channel : channel login, group 1, time 2015-03-21 09:55:42.026484')
('2015-03-21 09:55:42.027093', 'fd_channel : login[0] 1 login[1] 0 , tb0[0] 0 tb0[1] 0 , tb1[0] 0 tb1[1] 0')
('2015-03-21 09:55:42.138686', 'fd_channel : login[0] 0 login[1] 0 , tb0[0] 0 tb0[1] 0 , tb1[0] 0 tb1[1] 0')
('2015-03-21 10:32:31.526181', 'put_channel : channel tb0, group 1, time 2015-03-21 10:32:31.526066')
('2015-03-21 10:32:33.026101', 'put_channel : channel tb0, group 1, time 2015-03-21 10:32:33.026017')
('2015-03-21 10:32:34.525077', 'put_channel : channel tb0, group 1, time 2015-03-21 10:32:34.524970')
('2015-03-21 10:32:34.525804', 'put_channel : channel tb0, group 0, time 2015-03-21 10:32:34.525731')
('2015-03-21 10:32:35.526797', 'put_channel : channel tb0, group 0, time 2015-03-21 10:32:35.526707')
('2015-03-21 10:32:36.027454', 'put_channel : channel tb0, group 1, time 2015-03-21 10:32:36.027346')
('2015-03-21 10:32:36.027990', 'put_channel : channel tb0, group 0, time 2015-03-21 10:32:36.027863')
('2015-03-21 10:32:37.526394', 'put_channel : channel tb0, group 1, time 2015-03-21 10:32:37.526285')
('2015-03-21 10:32:37.526882', 'put_channel : channel tb0, group 0, time 2015-03-21 10:32:37.526836')
('2015-03-21 10:32:39.026485', 'put_channel : channel tb0, group 0, time 2015-03-21 10:32:39.026396')
('2015-03-21 10:32:39.026725', 'put_channel : channel tb0, group 1, time 2015-03-21 10:32:39.026665')
('2015-03-21 10:32:40.525741', 'put_channel : channel tb0, group 1, time 2015-03-21 10:32:40.525652')
('2015-03-21 10:32:40.527730', 'put_channel : channel tb0, group 0, time 2015-03-21 10:32:40.527686')
('2015-03-21 10:32:42.025585', 'put_channel : channel tb0, group 1, time 2015-03-21 10:32:42.025482')
('2015-03-21 10:32:42.025959', 'put_channel : channel tb0, group 0, time 2015-03-21 10:32:42.025909')
('2015-03-21 10:32:43.526315', 'put_channel : channel tb0, group 1, time 2015-03-21 10:32:43.526189')
('2015-03-21 10:32:43.527109', 'put_channel : channel tb0, group 0, time 2015-03-21 10:32:43.527069')
('2015-03-21 10:32:45.025279', 'put_channel : channel tb0, group 1, time 2015-03-21 10:32:45.025180')
('2015-03-21 10:32:45.028551', 'put_channel : channel tb0, group 0, time 2015-03-21 10:32:45.028506')
('2015-03-21 10:32:45.050643', 'put_channel : channel tb0, group 0, time 2015-03-21 10:32:45.050537')
('2015-03-21 10:32:46.524870', 'put_channel : channel tb0, group 1, time 2015-03-21 10:32:46.524783')
('2015-03-21 10:32:46.526577', 'put_channel : channel tb0, group 0, time 2015-03-21 10:32:46.526541')
('2015-03-21 10:32:48.024193', 'put_channel : channel tb0, group 1, time 2015-03-21 10:32:48.024110')
('2015-03-21 10:32:48.025411', 'put_channel : channel tb0, group 0, time 2015-03-21 10:32:48.025374')
('2015-03-21 10:32:49.524632', 'put_channel : channel tb0, group 1, time 2015-03-21 10:32:49.524525')
('2015-03-21 10:32:49.526359', 'put_channel : channel tb0, group 0, time 2015-03-21 10:32:49.526316')
('2015-03-21 10:32:51.025956', 'put_channel : channel tb0, group 1, time 2015-03-21 10:32:51.025845')
('2015-03-21 10:32:51.026458', 'put_channel : channel tb0, group 0, time 2015-03-21 10:32:51.026324')
('2015-03-21 10:32:52.526176', 'put_channel : channel tb0, group 1, time 2015-03-21 10:32:52.526067')
('2015-03-21 10:32:52.526703', 'put_channel : channel tb0, group 0, time 2015-03-21 10:32:52.526616')
('2015-03-21 10:32:54.025542', 'put_channel : channel tb0, group 1, time 2015-03-21 10:32:54.025434')
('2015-03-21 10:32:54.026420', 'put_channel : channel tb0, group 0, time 2015-03-21 10:32:54.026368')
('2015-03-21 10:32:55.525423', 'put_channel : channel tb0, group 0, time 2015-03-21 10:32:55.525275')
('2015-03-21 10:32:55.526052', 'put_channel : channel tb0, group 1, time 2015-03-21 10:32:55.525974')
('2015-03-21 10:32:57.024942', 'put_channel : channel tb0, group 0, time 2015-03-21 10:32:57.024855')
('2015-03-21 10:32:57.026291', 'put_channel : channel tb0, group 1, time 2015-03-21 10:32:57.026236')
('2015-03-21 10:32:58.526533', 'put_channel : channel tb0, group 0, time 2015-03-21 10:32:58.526426')
('2015-03-21 10:32:58.526935', 'put_channel : channel tb0, group 1, time 2015-03-21 10:32:58.526899')
('2015-03-21 10:33:00.026974', 'put_channel : channel tb0, group 1, time 2015-03-21 10:33:00.026859')
('2015-03-21 10:33:00.027586', 'put_channel : channel tb0, group 0, time 2015-03-21 10:33:00.027486')
('2015-03-21 10:33:01.525034', 'put_channel : channel tb0, group 1, time 2015-03-21 10:33:01.524924')
('2015-03-21 10:33:03.025508', 'put_channel : channel tb0, group 0, time 2015-03-21 10:33:03.025423')
('2015-03-21 10:33:03.025878', 'put_channel : channel tb0, group 1, time 2015-03-21 10:33:03.025829')
('2015-03-21 10:33:04.526334', 'put_channel : channel tb0, group 1, time 2015-03-21 10:33:04.526217')
('2015-03-21 10:33:04.526747', 'put_channel : channel tb0, group 0, time 2015-03-21 10:33:04.526710')
('2015-03-21 10:33:04.529089', 'put_channel : channel tb0, group 0, time 2015-03-21 10:33:04.529047')
('2015-03-21 10:33:06.025792', 'put_channel : channel tb0, group 1, time 2015-03-21 10:33:06.025692')
('2015-03-21 10:33:06.028445', 'put_channel : channel tb0, group 0, time 2015-03-21 10:33:06.028371')
('2015-03-21 10:33:07.524585', 'put_channel : channel tb0, group 1, time 2015-03-21 10:33:07.524470')
('2015-03-21 10:33:07.526029', 'put_channel : channel tb0, group 0, time 2015-03-21 10:33:07.525989')
('2015-03-21 10:33:09.026476', 'put_channel : channel tb0, group 1, time 2015-03-21 10:33:09.026379')
('2015-03-21 10:33:09.027074', 'put_channel : channel tb0, group 0, time 2015-03-21 10:33:09.026968')
('2015-03-21 10:33:10.526179', 'put_channel : channel tb0, group 0, time 2015-03-21 10:33:10.526084')
('2015-03-21 10:33:10.526774', 'put_channel : channel tb0, group 1, time 2015-03-21 10:33:10.526735')
('2015-03-21 10:33:12.024265', 'put_channel : channel tb0, group 1, time 2015-03-21 10:33:12.024154')
('2015-03-21 10:33:12.025609', 'put_channel : channel tb0, group 0, time 2015-03-21 10:33:12.025518')
('2015-03-21 10:33:13.526680', 'put_channel : channel tb0, group 1, time 2015-03-21 10:33:13.526551')
('2015-03-21 10:33:13.527121', 'put_channel : channel tb0, group 0, time 2015-03-21 10:33:13.527079')
('2015-03-21 10:33:15.026039', 'put_channel : channel tb0, group 1, time 2015-03-21 10:33:15.025939')
('2015-03-21 10:33:15.027040', 'put_channel : channel tb0, group 0, time 2015-03-21 10:33:15.026984')
('2015-03-21 10:33:26.525468', 'put_channel : channel tb0, group 1, time 2015-03-21 10:33:26.525333')
('2015-03-21 10:33:27.025767', 'put_channel : channel tb0, group 1, time 2015-03-21 10:33:27.025676')
('2015-03-21 10:33:28.032011', 'put_channel : channel tb0, group 0, time 2015-03-21 10:33:28.031967')
('2015-03-21 10:33:28.039939', 'put_channel : channel tb0, group 0, time 2015-03-21 10:33:28.039881')
('2015-03-21 10:33:28.526295', 'put_channel : channel tb0, group 1, time 2015-03-21 10:33:28.526198')
('2015-03-21 10:33:28.526681', 'put_channel : channel tb0, group 0, time 2015-03-21 10:33:28.526646')
('2015-03-21 10:33:28.649877', 'put_channel : channel tb0, group 0, time 2015-03-21 10:33:28.649767')
('2015-03-21 10:33:29.538977', 'put_channel : channel tb0, group 0, time 2015-03-21 10:33:29.538871')
('2015-03-21 10:33:30.026000', 'put_channel : channel tb0, group 1, time 2015-03-21 10:33:30.025902')
('2015-03-21 10:33:30.026716', 'put_channel : channel tb0, group 0, time 2015-03-21 10:33:30.026678')
('2015-03-21 10:33:31.043552', 'put_channel : channel tb0, group 0, time 2015-03-21 10:33:31.043461')
('2015-03-21 10:33:31.523775', 'put_channel : channel tb0, group 1, time 2015-03-21 10:33:31.523681')
('2015-03-21 10:33:31.552355', 'put_channel : channel tb0, group 1, time 2015-03-21 10:33:31.552308')
('2015-03-21 10:33:33.025545', 'put_channel : channel tb0, group 1, time 2015-03-21 10:33:33.025449')
('2015-03-21 10:33:34.022451', 'put_channel : channel tb0, group 0, time 2015-03-21 10:33:34.022351')
('2015-03-21 10:33:34.526150', 'put_channel : channel tb0, group 1, time 2015-03-21 10:33:34.526061')
('2015-03-21 10:33:36.024928', 'put_channel : channel tb0, group 1, time 2015-03-21 10:33:36.024843')
('2015-03-21 10:33:37.525714', 'put_channel : channel tb0, group 1, time 2015-03-21 10:33:37.525630')
('2015-03-21 10:33:37.527642', 'put_channel : channel tb0, group 0, time 2015-03-21 10:33:37.527602')
('2015-03-21 10:33:37.585813', 'put_channel : channel tb0, group 0, time 2015-03-21 10:33:37.585730')
('2015-03-21 10:33:38.537121', 'put_channel : channel tb0, group 0, time 2015-03-21 10:33:38.537017')
('2015-03-21 10:33:39.025289', 'put_channel : channel tb0, group 1, time 2015-03-21 10:33:39.025205')
('2015-03-21 10:33:40.524376', 'put_channel : channel tb0, group 1, time 2015-03-21 10:33:40.524292')
('2015-03-21 10:33:42.026503', 'put_channel : channel tb0, group 0, time 2015-03-21 10:33:42.026408')
('2015-03-21 10:33:42.026995', 'put_channel : channel tb0, group 1, time 2015-03-21 10:33:42.026887')
('2015-03-21 10:33:42.151498', 'put_channel : channel tb0, group 0, time 2015-03-21 10:33:42.151379')
('2015-03-21 10:33:43.042709', 'put_channel : channel tb0, group 0, time 2015-03-21 10:33:43.042610')
('2015-03-21 10:33:43.528073', 'put_channel : channel tb0, group 1, time 2015-03-21 10:33:43.527947')
('2015-03-21 10:33:45.026871', 'put_channel : channel tb0, group 1, time 2015-03-21 10:33:45.026784')
('2015-03-21 10:33:46.526950', 'put_channel : channel tb0, group 1, time 2015-03-21 10:33:46.526835')
('2015-03-21 10:33:48.037355', 'put_channel : channel tb0, group 1, time 2015-03-21 10:33:48.037267')
('2015-03-21 10:33:49.526557', 'put_channel : channel tb0, group 1, time 2015-03-21 10:33:49.526445')
('2015-03-21 10:33:51.026074', 'put_channel : channel tb0, group 1, time 2015-03-21 10:33:51.025970')
('2015-03-21 10:33:52.526411', 'put_channel : channel tb0, group 1, time 2015-03-21 10:33:52.526304')
('2015-03-21 10:33:54.024868', 'put_channel : channel tb0, group 1, time 2015-03-21 10:33:54.024765')
('2015-03-21 10:33:55.526412', 'put_channel : channel tb0, group 1, time 2015-03-21 10:33:55.526296')
('2015-03-21 10:33:57.027282', 'put_channel : channel tb0, group 1, time 2015-03-21 10:33:57.027172')
('2015-03-21 10:33:58.526335', 'put_channel : channel tb0, group 1, time 2015-03-21 10:33:58.526241')
('2015-03-21 10:33:58.527565', 'put_channel : channel tb0, group 0, time 2015-03-21 10:33:58.527528')
('2015-03-21 10:33:58.531014', 'put_channel : channel tb0, group 0, time 2015-03-21 10:33:58.530873')
('2015-03-21 10:33:59.539785', 'put_channel : channel tb0, group 0, time 2015-03-21 10:33:59.539675')
('2015-03-21 10:34:00.030517', 'put_channel : channel tb0, group 1, time 2015-03-21 10:34:00.030393')
('2015-03-21 10:34:00.031110', 'put_channel : channel tb0, group 0, time 2015-03-21 10:34:00.031072')
('2015-03-21 10:34:00.031459', 'put_channel : channel tb0, group 0, time 2015-03-21 10:34:00.031376')
('2015-03-21 10:34:00.052442', 'put_channel : channel tb0, group 0, time 2015-03-21 10:34:00.052333')
('2015-03-21 10:34:01.041526', 'put_channel : channel tb0, group 0, time 2015-03-21 10:34:01.041415')
('2015-03-21 10:34:01.418328', 'put_channel : channel tb0, group 0, time 2015-03-21 10:34:01.418178')
('2015-03-21 10:34:01.526189', 'put_channel : channel tb0, group 1, time 2015-03-21 10:34:01.526071')
('2015-03-21 10:34:01.529130', 'put_channel : channel tb0, group 0, time 2015-03-21 10:34:01.529054')
('2015-03-21 10:34:01.553717', 'put_channel : channel tb0, group 0, time 2015-03-21 10:34:01.553619')
('2015-03-21 10:34:01.816811', 'fd_channel : login[0] 0 login[1] 0 , tb0[0] 54 tb0[1] 55 , tb1[0] 0 tb1[1] 0')
('2015-03-21 10:34:01.818159', 'fd_channel : login[0] 0 login[1] 0 , tb0[0] 54 tb0[1] 54 , tb1[0] 0 tb1[1] 0')
('2015-03-21 10:34:01.818940', 'fd_channel : login[0] 0 login[1] 0 , tb0[0] 54 tb0[1] 53 , tb1[0] 0 tb1[1] 0')
('2015-03-21 10:34:01.820568', 'fd_channel : login[0] 0 login[1] 0 , tb0[0] 54 tb0[1] 52 , tb1[0] 0 tb1[1] 0')
('2015-03-21 10:34:01.821203', 'fd_channel : login[0] 0 login[1] 0 , tb0[0] 54 tb0[1] 51 , tb1[0] 0 tb1[1] 0')
('2015-03-21 10:34:01.822017', 'fd_channel : login[0] 0 login[1] 0 , tb0[0] 54 tb0[1] 50 , tb1[0] 0 tb1[1] 0')
('2015-03-21 10:34:01.822656', 'fd_channel : login[0] 0 login[1] 0 , tb0[0] 54 tb0[1] 49 , tb1[0] 0 tb1[1] 0')
('2015-03-21 10:34:01.823599', 'fd_channel : login[0] 0 login[1] 0 , tb0[0] 54 tb0[1] 48 , tb1[0] 0 tb1[1] 0')
('2015-03-21 10:34:03.026125', 'put_channel : channel tb0, group 1, time 2015-03-21 10:34:03.026030')
('2015-03-21 10:34:03.027217', 'put_channel : channel tb0, group 0, time 2015-03-21 10:34:03.027145')
('2015-03-21 10:34:04.526255', 'put_channel : channel tb0, group 0, time 2015-03-21 10:34:04.526144')
('2015-03-21 10:34:04.527243', 'put_channel : channel tb0, group 1, time 2015-03-21 10:34:04.527168')
('2015-03-21 10:34:04.562589', 'put_channel : channel tb0, group 0, time 2015-03-21 10:34:04.562481')
('2015-03-21 10:34:06.024694', 'put_channel : channel tb0, group 1, time 2015-03-21 10:34:06.024572')
('2015-03-21 10:34:06.026195', 'put_channel : channel tb0, group 0, time 2015-03-21 10:34:06.026135')
('2015-03-21 10:34:06.049226', 'put_channel : channel tb0, group 0, time 2015-03-21 10:34:06.049141')
('2015-03-21 10:34:07.525769', 'put_channel : channel tb0, group 1, time 2015-03-21 10:34:07.525657')
('2015-03-21 10:34:09.750104', 'fd_channel : login[0] 0 login[1] 0 , tb0[0] 58 tb0[1] 52 , tb1[0] 0 tb1[1] 0')
('2015-03-21 10:34:09.750938', 'fd_channel : login[0] 0 login[1] 0 , tb0[0] 58 tb0[1] 51 , tb1[0] 0 tb1[1] 0')
('2015-03-21 10:34:11.616717', 'fd_channel : login[0] 0 login[1] 0 , tb0[0] 57 tb0[1] 51 , tb1[0] 0 tb1[1] 0')
('2015-03-21 10:34:11.617690', 'fd_channel : login[0] 0 login[1] 0 , tb0[0] 57 tb0[1] 50 , tb1[0] 0 tb1[1] 0')
('2015-03-21 10:34:11.752564', 'fd_channel : login[0] 0 login[1] 0 , tb0[0] 56 tb0[1] 50 , tb1[0] 0 tb1[1] 0')
('2015-03-21 10:34:11.753679', 'fd_channel : login[0] 0 login[1] 0 , tb0[0] 56 tb0[1] 49 , tb1[0] 0 tb1[1] 0')
('2015-03-21 10:34:13.619420', 'fd_channel : login[0] 0 login[1] 0 , tb0[0] 55 tb0[1] 49 , tb1[0] 0 tb1[1] 0')
('2015-03-21 10:34:13.620277', 'fd_channel : login[0] 0 login[1] 0 , tb0[0] 55 tb0[1] 48 , tb1[0] 0 tb1[1] 0')
('2015-03-21 10:34:13.845358', 'fd_channel : login[0] 0 login[1] 0 , tb0[0] 54 tb0[1] 48 , tb1[0] 0 tb1[1] 0')
('2015-03-21 10:34:13.846542', 'fd_channel : login[0] 0 login[1] 0 , tb0[0] 54 tb0[1] 47 , tb1[0] 0 tb1[1] 0')
('2015-03-21 10:34:14.782193', 'fd_channel : login[0] 0 login[1] 0 , tb0[0] 53 tb0[1] 47 , tb1[0] 0 tb1[1] 0')
('2015-03-21 10:34:14.783134', 'fd_channel : login[0] 0 login[1] 0 , tb0[0] 53 tb0[1] 46 , tb1[0] 0 tb1[1] 0')
('2015-03-21 10:34:15.847971', 'fd_channel : login[0] 0 login[1] 0 , tb0[0] 52 tb0[1] 46 , tb1[0] 0 tb1[1] 0')
('2015-03-21 10:34:15.848830', 'fd_channel : login[0] 0 login[1] 0 , tb0[0] 52 tb0[1] 45 , tb1[0] 0 tb1[1] 0')
('2015-03-21 10:34:16.784537', 'fd_channel : login[0] 0 login[1] 0 , tb0[0] 51 tb0[1] 45 , tb1[0] 0 tb1[1] 0')
('2015-03-21 10:34:16.785436', 'fd_channel : login[0] 0 login[1] 0 , tb0[0] 51 tb0[1] 44 , tb1[0] 0 tb1[1] 0')
('2015-03-21 10:34:19.529084', 'put_channel : channel tb0, group 0, time 2015-03-21 10:34:19.528978')
('2015-03-21 10:34:19.529575', 'put_channel : channel tb0, group 0, time 2015-03-21 10:34:19.529508')
('2015-03-21 10:34:19.634965', 'put_channel : channel tb0, group 0, time 2015-03-21 10:34:19.634882')
('2015-03-21 10:34:20.538919', 'put_channel : channel tb0, group 0, time 2015-03-21 10:34:20.538819')
('2015-03-21 10:34:21.026680', 'put_channel : channel tb0, group 0, time 2015-03-21 10:34:21.026583')
('2015-03-21 10:34:21.029957', 'put_channel : channel tb0, group 0, time 2015-03-21 10:34:21.029914')
('2015-03-21 10:34:21.105333', 'put_channel : channel tb0, group 0, time 2015-03-21 10:34:21.105251')
('2015-03-21 10:34:31.820201', 'fd_channel : login[0] 0 login[1] 0 , tb0[0] 58 tb0[1] 43 , tb1[0] 0 tb1[1] 0')
('2015-03-21 10:34:31.822460', 'fd_channel : login[0] 0 login[1] 0 , tb0[0] 58 tb0[1] 42 , tb1[0] 0 tb1[1] 0')
('2015-03-21 10:34:31.823584', 'fd_channel : login[0] 0 login[1] 0 , tb0[0] 58 tb0[1] 41 , tb1[0] 0 tb1[1] 0')
('2015-03-21 10:34:31.824464', 'fd_channel : login[0] 0 login[1] 0 , tb0[0] 58 tb0[1] 40 , tb1[0] 0 tb1[1] 0')
('2015-03-21 10:34:36.026435', 'put_channel : channel tb0, group 0, time 2015-03-21 10:34:36.026331')
('2015-03-21 10:34:36.030667', 'put_channel : channel tb0, group 0, time 2015-03-21 10:34:36.030619')
('2015-03-21 10:34:36.714186', 'put_channel : channel tb0, group 0, time 2015-03-21 10:34:36.714069')
('2015-03-21 10:34:37.041425', 'put_channel : channel tb0, group 0, time 2015-03-21 10:34:37.041340')
('2015-03-21 10:34:37.526041', 'put_channel : channel tb0, group 0, time 2015-03-21 10:34:37.525954')
('2015-03-21 10:34:37.529284', 'put_channel : channel tb0, group 0, time 2015-03-21 10:34:37.529215')
('2015-03-21 10:34:37.554734', 'put_channel : channel tb0, group 0, time 2015-03-21 10:34:37.554685')
('2015-03-21 10:34:38.524366', 'put_channel : channel tb0, group 1, time 2015-03-21 10:34:38.524278')
('2015-03-21 10:34:38.537570', 'put_channel : channel tb0, group 1, time 2015-03-21 10:34:38.537494')
('2015-03-21 10:34:38.538946', 'put_channel : channel tb0, group 0, time 2015-03-21 10:34:38.538897')
('2015-03-21 10:34:38.576787', 'put_channel : channel tb0, group 0, time 2015-03-21 10:34:38.576713')
('2015-03-21 10:34:39.026038', 'put_channel : channel tb0, group 1, time 2015-03-21 10:34:39.025956')
('2015-03-21 10:34:39.026558', 'put_channel : channel tb0, group 0, time 2015-03-21 10:34:39.026520')
('2015-03-21 10:34:39.027830', 'put_channel : channel tb0, group 1, time 2015-03-21 10:34:39.027794')
('2015-03-21 10:34:40.031549', 'put_channel : channel tb0, group 1, time 2015-03-21 10:34:40.031459')
('2015-03-21 10:34:40.527355', 'put_channel : channel tb0, group 1, time 2015-03-21 10:34:40.527269')
('2015-03-21 10:34:40.561246', 'put_channel : channel tb0, group 1, time 2015-03-21 10:34:40.561160')
('2015-03-21 10:34:41.538453', 'put_channel : channel tb0, group 1, time 2015-03-21 10:34:41.538366')
('2015-03-21 10:34:42.025349', 'put_channel : channel tb0, group 1, time 2015-03-21 10:34:42.025248')
('2015-03-21 10:34:42.050742', 'put_channel : channel tb0, group 1, time 2015-03-21 10:34:42.050651')
('2015-03-21 10:34:43.527030', 'put_channel : channel tb0, group 1, time 2015-03-21 10:34:43.526951')
('2015-03-21 10:34:43.755594', 'fd_channel : login[0] 0 login[1] 0 , tb0[0] 68 tb0[1] 50 , tb1[0] 0 tb1[1] 0')
('2015-03-21 10:34:45.024668', 'put_channel : channel tb0, group 1, time 2015-03-21 10:34:45.024583')
('2015-03-21 10:34:45.057520', 'put_channel : channel tb0, group 1, time 2015-03-21 10:34:45.057441')
('2015-03-21 10:34:46.064274', 'put_channel : channel tb0, group 1, time 2015-03-21 10:34:46.064179')
('2015-03-21 10:34:46.524964', 'put_channel : channel tb0, group 1, time 2015-03-21 10:34:46.524876')
('2015-03-21 10:34:48.026813', 'put_channel : channel tb0, group 1, time 2015-03-21 10:34:48.026695')
('2015-03-21 10:34:49.526976', 'put_channel : channel tb0, group 1, time 2015-03-21 10:34:49.526887')
('2015-03-21 10:34:50.240519', 'fd_channel : login[0] 0 login[1] 0 , tb0[0] 67 tb0[1] 55 , tb1[0] 0 tb1[1] 0')
('2015-03-21 10:34:50.244013', 'fd_channel : login[0] 0 login[1] 0 , tb0[0] 59 tb0[1] 55 , tb1[0] 0 tb1[1] 0')
('2015-03-21 10:34:50.305361', 'fd_channel : login[0] 0 login[1] 0 , tb0[0] 58 tb0[1] 55 , tb1[0] 0 tb1[1] 0')
('2015-03-21 10:34:50.306678', 'fd_channel : login[0] 0 login[1] 0 , tb0[0] 58 tb0[1] 54 , tb1[0] 0 tb1[1] 0')
('2015-03-21 10:34:50.578787', 'put_channel : channel tb0, group 1, time 2015-03-21 10:34:50.578674')
('2015-03-21 10:34:51.025270', 'put_channel : channel tb0, group 1, time 2015-03-21 10:34:51.025184')
('2015-03-21 10:34:52.082225', 'put_channel : channel tb0, group 1, time 2015-03-21 10:34:52.082138')
('2015-03-21 10:34:52.526046', 'put_channel : channel tb0, group 0, time 2015-03-21 10:34:52.525960')
('2015-03-21 10:34:52.528020', 'put_channel : channel tb0, group 1, time 2015-03-21 10:34:52.527930')
('2015-03-21 10:34:52.531023', 'put_channel : channel tb0, group 0, time 2015-03-21 10:34:52.530981')
('2015-03-21 10:34:53.206346', 'fd_channel : login[0] 0 login[1] 0 , tb0[0] 59 tb0[1] 58 , tb1[0] 0 tb1[1] 0')
('2015-03-21 10:34:53.207360', 'fd_channel : login[0] 0 login[1] 0 , tb0[0] 59 tb0[1] 57 , tb1[0] 0 tb1[1] 0')
('2015-03-21 10:34:53.537337', 'put_channel : channel tb0, group 0, time 2015-03-21 10:34:53.537248')
('2015-03-21 10:34:53.586415', 'put_channel : channel tb0, group 1, time 2015-03-21 10:34:53.586321')
('2015-03-21 10:34:54.025259', 'put_channel : channel tb0, group 1, time 2015-03-21 10:34:54.025181')
('2015-03-21 10:34:54.026724', 'put_channel : channel tb0, group 0, time 2015-03-21 10:34:54.026683')
('2015-03-21 10:34:54.030289', 'put_channel : channel tb0, group 0, time 2015-03-21 10:34:54.030224')
('2015-03-21 10:34:55.043803', 'put_channel : channel tb0, group 0, time 2015-03-21 10:34:55.043685')
('2015-03-21 10:34:55.090250', 'put_channel : channel tb0, group 0, time 2015-03-21 10:34:55.090135')
('2015-03-21 10:34:55.208700', 'fd_channel : login[0] 0 login[1] 0 , tb0[0] 63 tb0[1] 59 , tb1[0] 0 tb1[1] 0')
('2015-03-21 10:34:55.209598', 'fd_channel : login[0] 0 login[1] 0 , tb0[0] 63 tb0[1] 58 , tb1[0] 0 tb1[1] 0')
('2015-03-21 10:34:55.523031', 'fd_channel : login[0] 0 login[1] 0 , tb0[0] 63 tb0[1] 57 , tb1[0] 0 tb1[1] 0')
('2015-03-21 10:34:55.525197', 'put_channel : channel tb0, group 1, time 2015-03-21 10:34:55.525161')
('2015-03-21 10:34:55.526299', 'put_channel : channel tb0, group 0, time 2015-03-21 10:34:55.526264')
('2015-03-21 10:34:55.554969', 'put_channel : channel tb0, group 0, time 2015-03-21 10:34:55.554925')
('2015-03-21 10:34:56.593324', 'put_channel : channel tb0, group 0, time 2015-03-21 10:34:56.593234')
('2015-03-21 10:34:57.025440', 'put_channel : channel tb0, group 1, time 2015-03-21 10:34:57.025356')
('2015-03-21 10:34:57.025809', 'put_channel : channel tb0, group 0, time 2015-03-21 10:34:57.025773')
('2015-03-21 10:34:57.062031', 'put_channel : channel tb0, group 0, time 2015-03-21 10:34:57.061986')
('2015-03-21 10:34:58.097873', 'put_channel : channel tb0, group 0, time 2015-03-21 10:34:58.097687')
('2015-03-21 10:34:58.524891', 'put_channel : channel tb0, group 1, time 2015-03-21 10:34:58.524782')
('2015-03-21 10:34:58.526731', 'put_channel : channel tb0, group 0, time 2015-03-21 10:34:58.526693')
('2015-03-21 10:35:00.026334', 'put_channel : channel tb0, group 1, time 2015-03-21 10:35:00.026239')
('2015-03-21 10:35:01.525226', 'put_channel : channel tb0, group 1, time 2015-03-21 10:35:01.525125')
('2015-03-21 10:35:01.824021', 'fd_channel : login[0] 0 login[1] 0 , tb0[0] 70 tb0[1] 61 , tb1[0] 0 tb1[1] 0')
('2015-03-21 10:35:01.825761', 'fd_channel : login[0] 0 login[1] 0 , tb0[0] 70 tb0[1] 60 , tb1[0] 0 tb1[1] 0')
('2015-03-21 10:35:03.028824', 'put_channel : channel tb0, group 1, time 2015-03-21 10:35:03.028719')
('2015-03-21 10:35:04.525319', 'put_channel : channel tb0, group 1, time 2015-03-21 10:35:04.525221')
('2015-03-21 10:35:20.495445', 'fd_channel : login[0] 0 login[1] 0 , tb0[0] 66 tb0[1] 59 , tb1[0] 0 tb1[1] 0')
('2015-03-21 10:35:20.498457', 'fd_channel : login[0] 0 login[1] 0 , tb0[0] 59 tb0[1] 59 , tb1[0] 0 tb1[1] 0')
('2015-03-21 10:35:21.026631', 'put_channel : channel tb0, group 0, time 2015-03-21 10:35:21.026526')
('2015-03-21 10:35:21.029421', 'put_channel : channel tb0, group 0, time 2015-03-21 10:35:21.029349')
('2015-03-21 10:35:21.059183', 'put_channel : channel tb0, group 0, time 2015-03-21 10:35:21.059138')
('2015-03-21 10:35:22.034878', 'put_channel : channel tb0, group 0, time 2015-03-21 10:35:22.034770')
('2015-03-21 10:35:22.525654', 'put_channel : channel tb0, group 0, time 2015-03-21 10:35:22.525569')
('2015-03-21 10:35:22.528204', 'put_channel : channel tb0, group 0, time 2015-03-21 10:35:22.528167')
('2015-03-21 10:35:22.546805', 'put_channel : channel tb0, group 0, time 2015-03-21 10:35:22.546761')
('2015-03-21 10:35:27.213000', 'fd_channel : login[0] 0 login[1] 0 , tb0[0] 66 tb0[1] 55 , tb1[0] 0 tb1[1] 0')
('2015-03-21 10:35:31.826958', 'fd_channel : login[0] 0 login[1] 0 , tb0[0] 66 tb0[1] 51 , tb1[0] 0 tb1[1] 0')
('2015-03-21 10:35:48.027056', 'put_channel : channel tb0, group 1, time 2015-03-21 10:35:48.026971')
('2015-03-21 10:35:48.037237', 'put_channel : channel tb0, group 1, time 2015-03-21 10:35:48.037199')
('2015-03-21 10:35:48.050780', 'put_channel : channel tb0, group 1, time 2015-03-21 10:35:48.050739')
('2015-03-21 10:35:49.033355', 'put_channel : channel tb0, group 1, time 2015-03-21 10:35:49.033247')
('2015-03-21 10:35:49.106073', 'put_channel : channel tb0, group 1, time 2015-03-21 10:35:49.105972')
('2015-03-21 10:35:49.524631', 'put_channel : channel tb0, group 1, time 2015-03-21 10:35:49.524553')
('2015-03-21 10:35:49.529285', 'put_channel : channel tb0, group 1, time 2015-03-21 10:35:49.529248')
('2015-03-21 10:35:49.554274', 'put_channel : channel tb0, group 1, time 2015-03-21 10:35:49.554217')
('2015-03-21 10:35:50.539115', 'put_channel : channel tb0, group 1, time 2015-03-21 10:35:50.539027')
('2015-03-21 10:35:50.576089', 'put_channel : channel tb0, group 1, time 2015-03-21 10:35:50.575998')
('2015-03-21 10:35:51.025119', 'put_channel : channel tb0, group 1, time 2015-03-21 10:35:51.025023')
('2015-03-21 10:35:51.057084', 'put_channel : channel tb0, group 1, time 2015-03-21 10:35:51.056979')
('2015-03-21 10:35:52.081366', 'put_channel : channel tb0, group 1, time 2015-03-21 10:35:52.081275')
('2015-03-21 10:35:52.527319', 'put_channel : channel tb0, group 1, time 2015-03-21 10:35:52.527239')
('2015-03-21 10:35:52.560424', 'put_channel : channel tb0, group 1, time 2015-03-21 10:35:52.560377')
('2015-03-21 10:35:53.587033', 'put_channel : channel tb0, group 1, time 2015-03-21 10:35:53.586923')
('2015-03-21 10:35:54.024903', 'put_channel : channel tb0, group 0, time 2015-03-21 10:35:54.024802')
('2015-03-21 10:35:54.025850', 'put_channel : channel tb0, group 1, time 2015-03-21 10:35:54.025812')
('2015-03-21 10:35:54.030782', 'put_channel : channel tb0, group 0, time 2015-03-21 10:35:54.030740')
('2015-03-21 10:35:54.050200', 'put_channel : channel tb0, group 0, time 2015-03-21 10:35:54.050112')
('2015-03-21 10:35:54.050403', 'put_channel : channel tb0, group 1, time 2015-03-21 10:35:54.050352')
('2015-03-21 10:35:54.634879', 'fd_channel : login[0] 0 login[1] 0 , tb0[0] 69 tb0[1] 53 , tb1[0] 0 tb1[1] 0')
('2015-03-21 10:35:55.042354', 'put_channel : channel tb0, group 0, time 2015-03-21 10:35:55.042256')
('2015-03-21 10:35:55.089122', 'put_channel : channel tb0, group 1, time 2015-03-21 10:35:55.089064')
('2015-03-21 10:35:55.089536', 'put_channel : channel tb0, group 0, time 2015-03-21 10:35:55.089499')
('2015-03-21 10:35:55.525070', 'put_channel : channel tb0, group 1, time 2015-03-21 10:35:55.524980')
('2015-03-21 10:35:55.526684', 'put_channel : channel tb0, group 0, time 2015-03-21 10:35:55.526646')
('2015-03-21 10:35:55.530857', 'put_channel : channel tb0, group 0, time 2015-03-21 10:35:55.530815')
('2015-03-21 10:35:55.552571', 'put_channel : channel tb0, group 0, time 2015-03-21 10:35:55.552509')
('2015-03-21 10:35:55.554474', 'put_channel : channel tb0, group 1, time 2015-03-21 10:35:55.554430')
('2015-03-21 10:35:56.537608', 'put_channel : channel tb0, group 0, time 2015-03-21 10:35:56.537497')
('2015-03-21 10:35:56.593567', 'put_channel : channel tb0, group 1, time 2015-03-21 10:35:56.593487')
('2015-03-21 10:35:56.595230', 'put_channel : channel tb0, group 0, time 2015-03-21 10:35:56.595185')
('2015-03-21 10:35:56.684767', 'fd_channel : login[0] 0 login[1] 0 , tb0[0] 56 tb0[1] 57 , tb1[0] 0 tb1[1] 0')
('2015-03-21 10:35:57.026466', 'put_channel : channel tb0, group 0, time 2015-03-21 10:35:57.026379')
('2015-03-21 10:35:57.027355', 'put_channel : channel tb0, group 1, time 2015-03-21 10:35:57.027312')
('2015-03-21 10:35:57.043259', 'put_channel : channel tb0, group 0, time 2015-03-21 10:35:57.043186')
('2015-03-21 10:35:58.065153', 'put_channel : channel tb0, group 1, time 2015-03-21 10:35:58.065068')
('2015-03-21 10:35:58.069111', 'put_channel : channel tb0, group 0, time 2015-03-21 10:35:58.069072')
('2015-03-21 10:35:58.086202', 'fd_channel : login[0] 0 login[1] 0 , tb0[0] 58 tb0[1] 57 , tb1[0] 0 tb1[1] 0')
('2015-03-21 10:35:58.087775', 'fd_channel : login[0] 0 login[1] 0 , tb0[0] 55 tb0[1] 57 , tb1[0] 0 tb1[1] 0')
('2015-03-21 10:35:58.526635', 'put_channel : channel tb0, group 1, time 2015-03-21 10:35:58.526533')
('2015-03-21 10:35:58.527587', 'put_channel : channel tb0, group 0, time 2015-03-21 10:35:58.527549')
('2015-03-21 10:35:58.599415', 'fd_channel : login[0] 0 login[1] 0 , tb0[0] 55 tb0[1] 58 , tb1[0] 0 tb1[1] 0')
('2015-03-21 10:35:59.608645', 'put_channel : channel tb0, group 1, time 2015-03-21 10:35:59.608542')
('2015-03-21 10:36:00.025856', 'put_channel : channel tb0, group 1, time 2015-03-21 10:36:00.025751')
('2015-03-21 10:36:00.087102', 'fd_channel : login[0] 0 login[1] 0 , tb0[0] 54 tb0[1] 60 , tb1[0] 0 tb1[1] 0')
('2015-03-21 10:36:00.087919', 'fd_channel : login[0] 0 login[1] 0 , tb0[0] 54 tb0[1] 59 , tb1[0] 0 tb1[1] 0')
('2015-03-21 10:36:00.403415', 'fd_channel : login[0] 0 login[1] 0 , tb0[0] 54 tb0[1] 58 , tb1[0] 0 tb1[1] 0')
('2015-03-21 10:36:00.646857', 'fd_channel : login[0] 0 login[1] 0 , tb0[0] 54 tb0[1] 57 , tb1[0] 0 tb1[1] 0')
('2015-03-21 10:36:01.074763', 'put_channel : channel tb0, group 1, time 2015-03-21 10:36:01.074665')
('2015-03-21 10:36:01.525973', 'put_channel : channel tb0, group 1, time 2015-03-21 10:36:01.525871')
('2015-03-21 10:36:01.827140', 'fd_channel : login[0] 0 login[1] 0 , tb0[0] 54 tb0[1] 58 , tb1[0] 0 tb1[1] 0')
('2015-03-21 10:36:02.577108', 'put_channel : channel tb0, group 1, time 2015-03-21 10:36:02.577020')
('2015-03-21 10:36:10.626421', 'fd_channel : login[0] 0 login[1] 0 , tb0[0] 53 tb0[1] 58 , tb1[0] 0 tb1[1] 0')
('2015-03-21 10:36:10.627510', 'fd_channel : login[0] 0 login[1] 0 , tb0[0] 51 tb0[1] 58 , tb1[0] 0 tb1[1] 0')
('2015-03-21 10:36:12.627858', 'fd_channel : login[0] 0 login[1] 0 , tb0[0] 50 tb0[1] 58 , tb1[0] 0 tb1[1] 0')
('2015-03-21 10:36:12.628619', 'fd_channel : login[0] 0 login[1] 0 , tb0[0] 50 tb0[1] 57 , tb1[0] 0 tb1[1] 0')
('2015-03-21 10:36:28.563784', 'put_channel : channel tb0, group 0, time 2015-03-21 10:36:28.563691')
('2015-03-21 10:36:29.527462', 'put_channel : channel tb0, group 0, time 2015-03-21 10:36:29.527360')
('2015-03-21 10:36:29.537827', 'put_channel : channel tb0, group 0, time 2015-03-21 10:36:29.537771')
('2015-03-21 10:36:30.025374', 'put_channel : channel tb0, group 0, time 2015-03-21 10:36:30.025272')
('2015-03-21 10:36:30.029829', 'put_channel : channel tb0, group 0, time 2015-03-21 10:36:30.029783')
('2015-03-21 10:36:30.050296', 'put_channel : channel tb0, group 0, time 2015-03-21 10:36:30.050197')
('2015-03-21 10:36:31.035254', 'put_channel : channel tb0, group 0, time 2015-03-21 10:36:31.035168')
('2015-03-21 10:36:31.089669', 'put_channel : channel tb0, group 0, time 2015-03-21 10:36:31.089581')
('2015-03-21 10:36:31.525971', 'put_channel : channel tb0, group 0, time 2015-03-21 10:36:31.525863')
('2015-03-21 10:36:31.554880', 'put_channel : channel tb0, group 0, time 2015-03-21 10:36:31.554811')
('2015-03-21 10:36:31.666871', 'put_channel : channel tb0, group 0, time 2015-03-21 10:36:31.666785')
('2015-03-21 10:36:32.090052', 'fd_channel : login[0] 0 login[1] 0 , tb0[0] 61 tb0[1] 56 , tb1[0] 0 tb1[1] 0')
('2015-03-21 10:36:32.536938', 'put_channel : channel tb0, group 0, time 2015-03-21 10:36:32.536849')
('2015-03-21 10:36:32.593938', 'put_channel : channel tb0, group 0, time 2015-03-21 10:36:32.593880')
('2015-03-21 10:36:33.026517', 'put_channel : channel tb0, group 0, time 2015-03-21 10:36:33.026425')
('2015-03-21 10:36:33.058198', 'put_channel : channel tb0, group 0, time 2015-03-21 10:36:33.058142')
('2015-03-21 10:36:33.138395', 'put_channel : channel tb0, group 0, time 2015-03-21 10:36:33.138299')
('2015-03-21 10:36:43.525422', 'put_channel : channel tb0, group 1, time 2015-03-21 10:36:43.525313')
('2015-03-21 10:36:43.528923', 'put_channel : channel tb0, group 1, time 2015-03-21 10:36:43.528886')
('2015-03-21 10:36:43.552241', 'put_channel : channel tb0, group 1, time 2015-03-21 10:36:43.552138')
('2015-03-21 10:36:44.539081', 'put_channel : channel tb0, group 1, time 2015-03-21 10:36:44.538993')
('2015-03-21 10:36:44.593799', 'put_channel : channel tb0, group 1, time 2015-03-21 10:36:44.593729')
('2015-03-21 10:36:44.634358', 'fd_channel : login[0] 0 login[1] 0 , tb0[0] 66 tb0[1] 48 , tb1[0] 0 tb1[1] 0')
('2015-03-21 10:36:45.026438', 'put_channel : channel tb0, group 1, time 2015-03-21 10:36:45.026346')
('2015-03-21 10:36:45.027423', 'put_channel : channel tb0, group 1, time 2015-03-21 10:36:45.027385')
('2015-03-21 10:36:45.056897', 'put_channel : channel tb0, group 1, time 2015-03-21 10:36:45.056808')
('2015-03-21 10:36:46.033049', 'put_channel : channel tb0, group 1, time 2015-03-21 10:36:46.032957')
('2015-03-21 10:36:46.066670', 'put_channel : channel tb0, group 1, time 2015-03-21 10:36:46.066602')
('2015-03-21 10:36:46.527182', 'put_channel : channel tb0, group 1, time 2015-03-21 10:36:46.527095')
('2015-03-21 10:36:46.545737', 'put_channel : channel tb0, group 1, time 2015-03-21 10:36:46.545693')
('2015-03-21 10:36:47.599822', 'put_channel : channel tb0, group 1, time 2015-03-21 10:36:47.599731')
('2015-03-21 10:36:48.025622', 'put_channel : channel tb0, group 1, time 2015-03-21 10:36:48.025537')
('2015-03-21 10:36:48.053734', 'put_channel : channel tb0, group 1, time 2015-03-21 10:36:48.053629')
('2015-03-21 10:36:49.073132', 'put_channel : channel tb0, group 1, time 2015-03-21 10:36:49.073039')
('2015-03-21 10:36:49.527066', 'put_channel : channel tb0, group 1, time 2015-03-21 10:36:49.526968')
('2015-03-21 10:36:49.552706', 'put_channel : channel tb0, group 1, time 2015-03-21 10:36:49.552655')
('2015-03-21 10:36:50.578359', 'put_channel : channel tb0, group 1, time 2015-03-21 10:36:50.578255')
('2015-03-21 10:36:51.026358', 'put_channel : channel tb0, group 1, time 2015-03-21 10:36:51.026262')
('2015-03-21 10:36:51.056402', 'put_channel : channel tb0, group 1, time 2015-03-21 10:36:51.056347')
('2015-03-21 10:36:52.083191', 'put_channel : channel tb0, group 1, time 2015-03-21 10:36:52.083095')
('2015-03-21 10:36:52.208775', 'fd_channel : login[0] 0 login[1] 0 , tb0[0] 55 tb0[1] 57 , tb1[0] 0 tb1[1] 0')
('2015-03-21 10:36:52.213467', 'fd_channel : login[0] 0 login[1] 0 , tb0[0] 41 tb0[1] 57 , tb1[0] 0 tb1[1] 0')
('2015-03-21 10:36:52.525965', 'put_channel : channel tb0, group 1, time 2015-03-21 10:36:52.525880')
('2015-03-21 10:36:53.589480', 'put_channel : channel tb0, group 1, time 2015-03-21 10:36:53.589371')
('2015-03-21 10:36:54.025480', 'put_channel : channel tb0, group 1, time 2015-03-21 10:36:54.025397')
('2015-03-21 10:36:55.090030', 'put_channel : channel tb0, group 1, time 2015-03-21 10:36:55.089913')
('2015-03-21 10:36:55.525836', 'put_channel : channel tb0, group 1, time 2015-03-21 10:36:55.525750')
('2015-03-21 10:36:56.593592', 'put_channel : channel tb0, group 1, time 2015-03-21 10:36:56.593488')
('2015-03-21 10:36:57.027546', 'put_channel : channel tb0, group 1, time 2015-03-21 10:36:57.027445')
('2015-03-21 10:36:58.098353', 'put_channel : channel tb0, group 1, time 2015-03-21 10:36:58.098254')
('2015-03-21 10:37:04.527921', 'put_channel : channel tb0, group 0, time 2015-03-21 10:37:04.527836')
('2015-03-21 10:37:04.529174', 'put_channel : channel tb0, group 0, time 2015-03-21 10:37:04.529088')
('2015-03-21 10:37:04.562528', 'put_channel : channel tb0, group 0, time 2015-03-21 10:37:04.562356')
('2015-03-21 10:37:05.539463', 'put_channel : channel tb0, group 0, time 2015-03-21 10:37:05.539352')
('2015-03-21 10:37:05.585540', 'put_channel : channel tb0, group 0, time 2015-03-21 10:37:05.585424')
('2015-03-21 10:37:06.025908', 'put_channel : channel tb0, group 0, time 2015-03-21 10:37:06.025807')
('2015-03-21 10:37:06.030129', 'put_channel : channel tb0, group 0, time 2015-03-21 10:37:06.030091')
('2015-03-21 10:37:06.051073', 'put_channel : channel tb0, group 0, time 2015-03-21 10:37:06.050977')
('2015-03-21 10:37:06.163659', 'put_channel : channel tb0, group 0, time 2015-03-21 10:37:06.163545')
('2015-03-21 10:37:07.042319', 'put_channel : channel tb0, group 0, time 2015-03-21 10:37:07.042181')
('2015-03-21 10:37:07.089634', 'put_channel : channel tb0, group 0, time 2015-03-21 10:37:07.089529')
('2015-03-21 10:37:07.527060', 'put_channel : channel tb0, group 0, time 2015-03-21 10:37:07.526955')
('2015-03-21 10:37:07.555679', 'put_channel : channel tb0, group 0, time 2015-03-21 10:37:07.555580')
('2015-03-21 10:37:07.633009', 'put_channel : channel tb0, group 0, time 2015-03-21 10:37:07.632905')
('2015-03-21 10:37:14.634919', 'fd_channel : login[0] 0 login[1] 0 , tb0[0] 55 tb0[1] 59 , tb1[0] 0 tb1[1] 0')
('2015-03-21 10:37:39.036864', 'put_channel : channel tb0, group 0, time 2015-03-21 10:37:39.036774')
('2015-03-21 10:37:39.039237', 'put_channel : channel tb0, group 0, time 2015-03-21 10:37:39.039195')
('2015-03-21 10:37:39.057135', 'put_channel : channel tb0, group 0, time 2015-03-21 10:37:39.057095')
('2015-03-21 10:37:40.033021', 'put_channel : channel tb0, group 0, time 2015-03-21 10:37:40.032926')
('2015-03-21 10:37:40.081167', 'put_channel : channel tb0, group 0, time 2015-03-21 10:37:40.081032')
('2015-03-21 10:37:40.528055', 'put_channel : channel tb0, group 0, time 2015-03-21 10:37:40.527923')
('2015-03-21 10:37:40.529835', 'put_channel : channel tb0, group 0, time 2015-03-21 10:37:40.529791')
('2015-03-21 10:37:40.546292', 'put_channel : channel tb0, group 0, time 2015-03-21 10:37:40.546161')
('2015-03-21 10:37:40.659328', 'put_channel : channel tb0, group 0, time 2015-03-21 10:37:40.659235')
('2015-03-21 10:37:41.538570', 'put_channel : channel tb0, group 0, time 2015-03-21 10:37:41.538459')
('2015-03-21 10:37:41.586394', 'put_channel : channel tb0, group 0, time 2015-03-21 10:37:41.586282')
('2015-03-21 10:37:42.026684', 'put_channel : channel tb0, group 0, time 2015-03-21 10:37:42.026566')
('2015-03-21 10:37:42.050907', 'put_channel : channel tb0, group 0, time 2015-03-21 10:37:42.050808')
('2015-03-21 10:37:42.132164', 'put_channel : channel tb0, group 0, time 2015-03-21 10:37:42.132042')
('2015-03-21 10:37:43.089122', 'put_channel : channel tb0, group 0, time 2015-03-21 10:37:43.089077')
('2015-03-21 10:37:43.528051', 'put_channel : channel tb0, group 0, time 2015-03-21 10:37:43.527952')
('2015-03-21 10:37:43.529312', 'put_channel : channel tb0, group 1, time 2015-03-21 10:37:43.529270')
('2015-03-21 10:37:43.552885', 'put_channel : channel tb0, group 1, time 2015-03-21 10:37:43.552801')
('2015-03-21 10:37:44.455847', 'fd_channel : login[0] 0 login[1] 0 , tb0[0] 71 tb0[1] 58 , tb1[0] 0 tb1[1] 0')
('2015-03-21 10:37:44.526250', 'put_channel : channel tb0, group 1, time 2015-03-21 10:37:44.526155')
('2015-03-21 10:37:44.537228', 'put_channel : channel tb0, group 1, time 2015-03-21 10:37:44.537179')
('2015-03-21 10:37:44.595433', 'put_channel : channel tb0, group 1, time 2015-03-21 10:37:44.595345')
('2015-03-21 10:37:44.633725', 'fd_channel : login[0] 0 login[1] 0 , tb0[0] 71 tb0[1] 60 , tb1[0] 0 tb1[1] 0')
('2015-03-21 10:37:45.025217', 'put_channel : channel tb0, group 1, time 2015-03-21 10:37:45.025100')
('2015-03-21 10:37:45.029458', 'put_channel : channel tb0, group 1, time 2015-03-21 10:37:45.029413')
('2015-03-21 10:37:45.057986', 'put_channel : channel tb0, group 1, time 2015-03-21 10:37:45.057879')
('2015-03-21 10:37:45.478985', 'fd_channel : login[0] 0 login[1] 0 , tb0[0] 71 tb0[1] 62 , tb1[0] 0 tb1[1] 0')
('2015-03-21 10:37:46.034124', 'put_channel : channel tb0, group 1, time 2015-03-21 10:37:46.034022')
('2015-03-21 10:37:46.097304', 'put_channel : channel tb0, group 1, time 2015-03-21 10:37:46.097206')
('2015-03-21 10:37:46.526524', 'put_channel : channel tb0, group 1, time 2015-03-21 10:37:46.526418')
('2015-03-21 10:37:46.546974', 'put_channel : channel tb0, group 1, time 2015-03-21 10:37:46.546849')
('2015-03-21 10:37:47.569877', 'put_channel : channel tb0, group 1, time 2015-03-21 10:37:47.569766')
('2015-03-21 10:37:48.026730', 'put_channel : channel tb0, group 1, time 2015-03-21 10:37:48.026640')
('2015-03-21 10:37:48.050262', 'put_channel : channel tb0, group 1, time 2015-03-21 10:37:48.050148')
('2015-03-21 10:37:49.103969', 'put_channel : channel tb0, group 1, time 2015-03-21 10:37:49.103859')
('2015-03-21 10:37:49.525569', 'put_channel : channel tb0, group 1, time 2015-03-21 10:37:49.525464')
('2015-03-21 10:37:54.550828', 'fd_channel : login[0] 0 login[1] 0 , tb0[0] 67 tb0[1] 51 , tb1[0] 0 tb1[1] 0')
('2015-03-21 10:37:54.560338', 'fd_channel : login[0] 0 login[1] 0 , tb0[0] 45 tb0[1] 51 , tb1[0] 0 tb1[1] 0')
('2015-03-21 10:37:56.544780', 'fd_channel : login[0] 0 login[1] 0 , tb0[0] 44 tb0[1] 51 , tb1[0] 0 tb1[1] 0')
('2015-03-21 10:37:56.546267', 'fd_channel : login[0] 0 login[1] 0 , tb0[0] 44 tb0[1] 49 , tb1[0] 0 tb1[1] 0')
('2015-03-21 10:38:10.031689', 'fd_channel : login[0] 0 login[1] 0 , tb0[0] 44 tb0[1] 46 , tb1[0] 0 tb1[1] 0')
('2015-03-21 10:38:11.310352', 'fd_channel : login[0] 0 login[1] 0 , tb0[0] 44 tb0[1] 45 , tb1[0] 0 tb1[1] 0')
('2015-03-21 10:38:13.530933', 'put_channel : channel tb0, group 1, time 2015-03-21 10:38:13.530807')
('2015-03-21 10:38:13.553129', 'put_channel : channel tb0, group 1, time 2015-03-21 10:38:13.553019')
('2015-03-21 10:38:13.681684', 'put_channel : channel tb0, group 1, time 2015-03-21 10:38:13.681574')
('2015-03-21 10:38:14.524653', 'put_channel : channel tb0, group 0, time 2015-03-21 10:38:14.524565')
('2015-03-21 10:38:14.525809', 'put_channel : channel tb0, group 1, time 2015-03-21 10:38:14.525771')
('2015-03-21 10:38:14.536919', 'put_channel : channel tb0, group 1, time 2015-03-21 10:38:14.536870')
('2015-03-21 10:38:14.537539', 'put_channel : channel tb0, group 0, time 2015-03-21 10:38:14.537497')
('2015-03-21 10:38:15.026248', 'put_channel : channel tb0, group 0, time 2015-03-21 10:38:15.026138')
('2015-03-21 10:38:15.026668', 'put_channel : channel tb0, group 1, time 2015-03-21 10:38:15.026631')
('2015-03-21 10:38:15.029002', 'put_channel : channel tb0, group 1, time 2015-03-21 10:38:15.028954')
('2015-03-21 10:38:15.030161', 'put_channel : channel tb0, group 0, time 2015-03-21 10:38:15.030124')
('2015-03-21 10:38:15.058052', 'put_channel : channel tb0, group 0, time 2015-03-21 10:38:15.057957')
('2015-03-21 10:38:15.074919', 'put_channel : channel tb0, group 1, time 2015-03-21 10:38:15.074816')
('2015-03-21 10:38:15.183983', 'put_channel : channel tb0, group 1, time 2015-03-21 10:38:15.183873')
('2015-03-21 10:38:16.033861', 'put_channel : channel tb0, group 1, time 2015-03-21 10:38:16.033756')
('2015-03-21 10:38:16.034222', 'put_channel : channel tb0, group 0, time 2015-03-21 10:38:16.034185')
('2015-03-21 10:38:16.081816', 'put_channel : channel tb0, group 0, time 2015-03-21 10:38:16.081731')
('2015-03-21 10:38:16.526332', 'put_channel : channel tb0, group 1, time 2015-03-21 10:38:16.526133')
('2015-03-21 10:38:16.526507', 'put_channel : channel tb0, group 0, time 2015-03-21 10:38:16.526477')
('2015-03-21 10:38:16.561706', 'put_channel : channel tb0, group 1, time 2015-03-21 10:38:16.561589')
('2015-03-21 10:38:16.562315', 'put_channel : channel tb0, group 0, time 2015-03-21 10:38:16.562213')
('2015-03-21 10:38:16.625203', 'put_channel : channel tb0, group 0, time 2015-03-21 10:38:16.625085')
('2015-03-21 10:38:18.025372', 'put_channel : channel tb0, group 1, time 2015-03-21 10:38:18.025247')
('2015-03-21 10:38:28.547516', 'fd_channel : login[0] 0 login[1] 0 , tb0[0] 54 tb0[1] 57 , tb1[0] 0 tb1[1] 0')
('2015-03-21 10:38:44.158701', 'fd_channel : login[0] 0 login[1] 0 , tb0[0] 39 tb0[1] 57 , tb1[0] 0 tb1[1] 0')
('2015-03-21 10:38:45.160844', 'fd_channel : login[0] 0 login[1] 0 , tb0[0] 38 tb0[1] 57 , tb1[0] 0 tb1[1] 0')
('2015-03-21 10:38:48.027018', 'put_channel : channel tb0, group 0, time 2015-03-21 10:38:48.026920')
('2015-03-21 10:38:48.030445', 'put_channel : channel tb0, group 0, time 2015-03-21 10:38:48.030324')
('2015-03-21 10:38:48.051093', 'put_channel : channel tb0, group 0, time 2015-03-21 10:38:48.050999')
('2015-03-21 10:38:49.033764', 'put_channel : channel tb0, group 0, time 2015-03-21 10:38:49.033656')
('2015-03-21 10:38:49.074700', 'put_channel : channel tb0, group 0, time 2015-03-21 10:38:49.074596')
('2015-03-21 10:38:49.526900', 'put_channel : channel tb0, group 0, time 2015-03-21 10:38:49.526810')
('2015-03-21 10:38:49.529926', 'put_channel : channel tb0, group 0, time 2015-03-21 10:38:49.529888')
('2015-03-21 10:38:49.553939', 'put_channel : channel tb0, group 0, time 2015-03-21 10:38:49.553855')
('2015-03-21 10:38:49.649462', 'put_channel : channel tb0, group 0, time 2015-03-21 10:38:49.649355')
('2015-03-21 10:38:50.537784', 'put_channel : channel tb0, group 0, time 2015-03-21 10:38:50.537676')
('2015-03-21 10:38:50.587462', 'put_channel : channel tb0, group 0, time 2015-03-21 10:38:50.587352')
('2015-03-21 10:38:51.030386', 'put_channel : channel tb0, group 0, time 2015-03-21 10:38:51.030275')
('2015-03-21 10:38:51.057970', 'put_channel : channel tb0, group 0, time 2015-03-21 10:38:51.057860')
('2015-03-21 10:38:52.083388', 'put_channel : channel tb0, group 0, time 2015-03-21 10:38:52.083271')
('2015-03-21 10:38:52.528960', 'put_channel : channel tb0, group 0, time 2015-03-21 10:38:52.528841')
('2015-03-21 10:38:58.526840', 'put_channel : channel tb0, group 1, time 2015-03-21 10:38:58.526747')
('2015-03-21 10:38:58.529716', 'put_channel : channel tb0, group 1, time 2015-03-21 10:38:58.529676')
('2015-03-21 10:38:58.546166', 'put_channel : channel tb0, group 1, time 2015-03-21 10:38:58.546114')
('2015-03-21 10:38:58.557392', 'fd_channel : login[0] 0 login[1] 0 , tb0[0] 53 tb0[1] 32 , tb1[0] 0 tb1[1] 0')
('2015-03-21 10:38:58.609977', 'put_channel : channel tb0, group 1, time 2015-03-21 10:38:58.609863')
('2015-03-21 10:38:59.537219', 'put_channel : channel tb0, group 1, time 2015-03-21 10:38:59.537107')
('2015-03-21 10:38:59.570566', 'put_channel : channel tb0, group 1, time 2015-03-21 10:38:59.570465')
('2015-03-21 10:39:00.027052', 'put_channel : channel tb0, group 1, time 2015-03-21 10:39:00.026951')
('2015-03-21 10:39:00.029712', 'put_channel : channel tb0, group 1, time 2015-03-21 10:39:00.029666')
('2015-03-21 10:39:00.049709', 'put_channel : channel tb0, group 1, time 2015-03-21 10:39:00.049600')
('2015-03-21 10:39:00.144567', 'put_channel : channel tb0, group 1, time 2015-03-21 10:39:00.144461')
('2015-03-21 10:39:01.042269', 'put_channel : channel tb0, group 1, time 2015-03-21 10:39:01.042112')
('2015-03-21 10:39:01.109839', 'put_channel : channel tb0, group 1, time 2015-03-21 10:39:01.109737')
('2015-03-21 10:39:01.524630', 'put_channel : channel tb0, group 1, time 2015-03-21 10:39:01.524517')
('2015-03-21 10:39:01.553592', 'put_channel : channel tb0, group 1, time 2015-03-21 10:39:01.553457')
('2015-03-21 10:39:02.577415', 'put_channel : channel tb0, group 1, time 2015-03-21 10:39:02.577305')
('2015-03-21 10:39:03.025035', 'put_channel : channel tb0, group 1, time 2015-03-21 10:39:03.024943')
('2015-03-21 10:39:05.374495', 'fd_channel : login[0] 0 login[1] 0 , tb0[0] 40 tb0[1] 45 , tb1[0] 0 tb1[1] 0')
('2015-03-21 10:39:05.375256', 'fd_channel : login[0] 0 login[1] 0 , tb0[0] 40 tb0[1] 44 , tb1[0] 0 tb1[1] 0')
('2015-03-21 10:39:07.377041', 'fd_channel : login[0] 0 login[1] 0 , tb0[0] 39 tb0[1] 44 , tb1[0] 0 tb1[1] 0')
('2015-03-21 10:39:07.377948', 'fd_channel : login[0] 0 login[1] 0 , tb0[0] 39 tb0[1] 43 , tb1[0] 0 tb1[1] 0')
('2015-03-21 10:39:23.524736', 'put_channel : channel tb0, group 0, time 2015-03-21 10:39:23.524649')
('2015-03-21 10:39:23.538550', 'put_channel : channel tb0, group 0, time 2015-03-21 10:39:23.538508')
('2015-03-21 10:39:24.025171', 'put_channel : channel tb0, group 0, time 2015-03-21 10:39:24.025053')
('2015-03-21 10:39:24.050009', 'put_channel : channel tb0, group 0, time 2015-03-21 10:39:24.049926')
('2015-03-21 10:39:25.040639', 'put_channel : channel tb0, group 0, time 2015-03-21 10:39:25.040547')
('2015-03-21 10:39:25.107167', 'put_channel : channel tb0, group 0, time 2015-03-21 10:39:25.107078')
('2015-03-21 10:39:25.525703', 'put_channel : channel tb0, group 0, time 2015-03-21 10:39:25.525606')
('2015-03-21 10:39:25.555321', 'put_channel : channel tb0, group 0, time 2015-03-21 10:39:25.555220')
('2015-03-21 10:39:26.537456', 'put_channel : channel tb0, group 0, time 2015-03-21 10:39:26.537351')
('2015-03-21 10:39:27.027452', 'put_channel : channel tb0, group 0, time 2015-03-21 10:39:27.027364')
('2015-03-21 10:39:27.277866', 'put_channel : channel tb0, group 0, time 2015-03-21 10:39:27.277759')
('2015-03-21 10:39:28.527097', 'put_channel : channel tb0, group 0, time 2015-03-21 10:39:28.526981')
('2015-03-21 10:39:34.024543', 'put_channel : channel tb0, group 1, time 2015-03-21 10:39:34.024453')
('2015-03-21 10:39:34.033759', 'put_channel : channel tb0, group 1, time 2015-03-21 10:39:34.033716')
('2015-03-21 10:39:34.530508', 'put_channel : channel tb0, group 1, time 2015-03-21 10:39:34.530384')
('2015-03-21 10:39:34.546205', 'put_channel : channel tb0, group 1, time 2015-03-21 10:39:34.546156')
('2015-03-21 10:39:35.537328', 'put_channel : channel tb0, group 1, time 2015-03-21 10:39:35.537222')
('2015-03-21 10:39:35.608811', 'put_channel : channel tb0, group 1, time 2015-03-21 10:39:35.608708')
('2015-03-21 10:39:36.049972', 'put_channel : channel tb0, group 1, time 2015-03-21 10:39:36.049873')
('2015-03-21 10:39:36.114262', 'put_channel : channel tb0, group 1, time 2015-03-21 10:39:36.114139')
('2015-03-21 10:39:37.041620', 'put_channel : channel tb0, group 1, time 2015-03-21 10:39:37.041511')
('2015-03-21 10:39:37.073697', 'put_channel : channel tb0, group 1, time 2015-03-21 10:39:37.073612')
('2015-03-21 10:39:37.552078', 'put_channel : channel tb0, group 1, time 2015-03-21 10:39:37.551987')
('2015-03-21 10:39:37.649705', 'put_channel : channel tb0, group 1, time 2015-03-21 10:39:37.649582')
('2015-03-21 10:39:38.577465', 'put_channel : channel tb0, group 1, time 2015-03-21 10:39:38.577370')
('2015-03-21 10:39:39.056996', 'put_channel : channel tb0, group 1, time 2015-03-21 10:39:39.056910')
('2015-03-21 10:39:48.709413', 'fd_channel : login[0] 0 login[1] 0 , tb0[0] 51 tb0[1] 42 , tb1[0] 0 tb1[1] 0')
('2015-03-21 10:39:49.716860', 'fd_channel : login[0] 0 login[1] 0 , tb0[0] 51 tb0[1] 41 , tb1[0] 0 tb1[1] 0')
('2015-03-21 10:40:00.178681', 'put_channel : channel tb0, group 0, time 2015-03-21 10:40:00.178561')
('2015-03-21 10:40:01.075651', 'put_channel : channel tb0, group 0, time 2015-03-21 10:40:01.075528')
('2015-03-21 10:40:01.651136', 'put_channel : channel tb0, group 0, time 2015-03-21 10:40:01.650993')
('2015-03-21 10:40:02.578032', 'put_channel : channel tb0, group 0, time 2015-03-21 10:40:02.577880')
('2015-03-21 10:40:03.122857', 'put_channel : channel tb0, group 0, time 2015-03-21 10:40:03.122768')
('2015-03-21 10:40:04.083260', 'put_channel : channel tb0, group 0, time 2015-03-21 10:40:04.083148')
('2015-03-21 10:40:04.658719', 'put_channel : channel tb0, group 0, time 2015-03-21 10:40:04.658585')
('2015-03-21 10:40:06.130060', 'put_channel : channel tb0, group 0, time 2015-03-21 10:40:06.129948')
('2015-03-21 10:40:07.678173', 'put_channel : channel tb0, group 0, time 2015-03-21 10:40:07.678057')
('2015-03-21 10:40:09.137787', 'put_channel : channel tb0, group 0, time 2015-03-21 10:40:09.137701')
('2015-03-21 10:40:10.674569', 'put_channel : channel tb0, group 0, time 2015-03-21 10:40:10.674456')
('2015-03-21 10:40:10.722469', 'put_channel : channel tb0, group 0, time 2015-03-21 10:40:10.722355')
('2015-03-21 10:40:12.144506', 'put_channel : channel tb0, group 1, time 2015-03-21 10:40:12.144409')
('2015-03-21 10:40:13.616646', 'put_channel : channel tb0, group 1, time 2015-03-21 10:40:13.616540')
('2015-03-21 10:40:15.152414', 'put_channel : channel tb0, group 1, time 2015-03-21 10:40:15.152315')
('2015-03-21 10:40:16.688717', 'put_channel : channel tb0, group 1, time 2015-03-21 10:40:16.688629')
('2015-03-21 10:40:16.690363', 'put_channel : channel tb0, group 0, time 2015-03-21 10:40:16.690325')
('2015-03-21 10:40:18.161539', 'put_channel : channel tb0, group 1, time 2015-03-21 10:40:18.161418')
('2015-03-21 10:40:18.162853', 'put_channel : channel tb0, group 0, time 2015-03-21 10:40:18.162753')
('2015-03-21 10:40:18.210829', 'put_channel : channel tb0, group 0, time 2015-03-21 10:40:18.210719')
('2015-03-21 10:40:19.631521', 'put_channel : channel tb0, group 1, time 2015-03-21 10:40:19.631423')
('2015-03-21 10:40:21.169778', 'put_channel : channel tb0, group 1, time 2015-03-21 10:40:21.169673')
('2015-03-21 10:40:25.226652', 'fd_channel : login[0] 0 login[1] 0 , tb0[0] 66 tb0[1] 36 , tb1[0] 0 tb1[1] 0')
('2015-03-21 10:40:27.270992', 'fd_channel : login[0] 0 login[1] 0 , tb0[0] 66 tb0[1] 35 , tb1[0] 0 tb1[1] 0')
('2015-03-21 10:40:28.658336', 'put_channel : channel tb0, group 1, time 2015-03-21 10:40:28.658215')
('2015-03-21 10:41:30.251648', 'fd_channel : login[0] 0 login[1] 0 , tb0[0] 66 tb0[1] 19 , tb1[0] 0 tb1[1] 0')
('2015-03-21 10:41:41.513813', 'fd_channel : login[0] 0 login[1] 0 , tb0[0] 66 tb0[1] 7 , tb1[0] 0 tb1[1] 0')
('2015-03-21 10:41:46.134631', 'fd_channel : login[0] 0 login[1] 0 , tb0[0] 14 tb0[1] 7 , tb1[0] 0 tb1[1] 0')
('2015-03-21 11:27:42.026927', 'put_channel : channel tb1, group 0, time 2015-03-21 11:27:42.026823')
('2015-03-21 11:27:44.524481', 'put_channel : channel tb1, group 1, time 2015-03-21 11:27:44.524392')
('2015-03-21 11:27:45.029390', 'put_channel : channel tb1, group 1, time 2015-03-21 11:27:45.029306')
('2015-03-21 11:27:46.529675', 'put_channel : channel tb1, group 0, time 2015-03-21 11:27:46.529565')
('2015-03-21 11:27:48.029397', 'put_channel : channel tb1, group 1, time 2015-03-21 11:27:48.029290')
('2015-03-21 11:27:48.029895', 'put_channel : channel tb1, group 0, time 2015-03-21 11:27:48.029858')
('2015-03-21 11:27:49.026126', 'put_channel : channel tb1, group 0, time 2015-03-21 11:27:49.026017')
('2015-03-21 11:27:49.528831', 'put_channel : channel tb1, group 1, time 2015-03-21 11:27:49.528709')
('2015-03-21 11:27:49.529357', 'put_channel : channel tb1, group 0, time 2015-03-21 11:27:49.529320')
('2015-03-21 11:27:51.029367', 'put_channel : channel tb1, group 1, time 2015-03-21 11:27:51.029282')
('2015-03-21 11:27:52.028782', 'put_channel : channel tb1, group 0, time 2015-03-21 11:27:52.028666')
('2015-03-21 11:27:52.526814', 'put_channel : channel tb1, group 0, time 2015-03-21 11:27:52.526717')
('2015-03-21 11:27:52.530078', 'put_channel : channel tb1, group 0, time 2015-03-21 11:27:52.529995')
('2015-03-21 11:27:52.530607', 'put_channel : channel tb1, group 1, time 2015-03-21 11:27:52.530566')
('2015-03-21 11:27:54.029080', 'put_channel : channel tb1, group 1, time 2015-03-21 11:27:54.028993')
('2015-03-21 11:27:55.021888', 'put_channel : channel tb1, group 1, time 2015-03-21 11:27:55.021795')
('2015-03-21 11:27:55.529627', 'put_channel : channel tb1, group 1, time 2015-03-21 11:27:55.529518')
('2015-03-21 11:27:58.026175', 'put_channel : channel tb1, group 0, time 2015-03-21 11:27:58.026083')
('2015-03-21 11:27:58.525982', 'put_channel : channel tb1, group 0, time 2015-03-21 11:27:58.525902')
('2015-03-21 11:27:58.530720', 'put_channel : channel tb1, group 1, time 2015-03-21 11:27:58.530678')
('2015-03-21 11:28:00.029265', 'put_channel : channel tb1, group 1, time 2015-03-21 11:28:00.029160')
('2015-03-21 11:28:01.042960', 'put_channel : channel tb1, group 0, time 2015-03-21 11:28:01.042889')
('2015-03-21 11:28:01.529985', 'put_channel : channel tb1, group 1, time 2015-03-21 11:28:01.529906')
('2015-03-21 11:28:02.560120', 'put_channel : channel tb1, group 0, time 2015-03-21 11:28:02.560026')
('2015-03-21 11:28:03.030102', 'put_channel : channel tb1, group 1, time 2015-03-21 11:28:03.030019')
('2015-03-21 11:28:04.021942', 'put_channel : channel tb1, group 1, time 2015-03-21 11:28:04.021844')
('2015-03-21 11:28:04.022472', 'put_channel : channel tb1, group 0, time 2015-03-21 11:28:04.022426')
('2015-03-21 11:28:07.041645', 'put_channel : channel tb1, group 0, time 2015-03-21 11:28:07.041553')
('2015-03-21 11:28:07.526302', 'put_channel : channel tb1, group 0, time 2015-03-21 11:28:07.526195')
('2015-03-21 11:28:11.538187', 'put_channel : channel tb1, group 0, time 2015-03-21 11:28:11.538106')
('2015-03-21 11:28:12.028207', 'put_channel : channel tb1, group 0, time 2015-03-21 11:28:12.028122')
('2015-03-21 11:28:12.064213', 'put_channel : channel tb1, group 1, time 2015-03-21 11:28:12.064123')
('2015-03-21 11:28:13.041290', 'put_channel : channel tb1, group 1, time 2015-03-21 11:28:13.041181')
('2015-03-21 11:28:13.042457', 'put_channel : channel tb1, group 0, time 2015-03-21 11:28:13.042362')
('2015-03-21 11:28:14.524776', 'put_channel : channel tb1, group 0, time 2015-03-21 11:28:14.524668')
('2015-03-21 11:28:14.526326', 'put_channel : channel tb1, group 1, time 2015-03-21 11:28:14.526288')
('2015-03-21 11:28:15.025414', 'put_channel : channel tb1, group 0, time 2015-03-21 11:28:15.025322')
('2015-03-21 11:28:16.033635', 'put_channel : channel tb1, group 0, time 2015-03-21 11:28:16.033541')
('2015-03-21 11:28:16.526878', 'put_channel : channel tb1, group 0, time 2015-03-21 11:28:16.526784')
('2015-03-21 11:28:16.560711', 'put_channel : channel tb1, group 1, time 2015-03-21 11:28:16.560609')
('2015-03-21 11:28:16.563383', 'put_channel : channel tb1, group 0, time 2015-03-21 11:28:16.563310')
('2015-03-21 11:28:17.538201', 'put_channel : channel tb1, group 0, time 2015-03-21 11:28:17.538104')
('2015-03-21 11:28:19.552545', 'put_channel : channel tb1, group 1, time 2015-03-21 11:28:19.552446')
('2015-03-21 11:28:22.033918', 'put_channel : channel tb1, group 1, time 2015-03-21 11:28:22.033821')
('2015-03-21 11:28:22.525882', 'put_channel : channel tb1, group 1, time 2015-03-21 11:28:22.525817')
('2015-03-21 11:28:25.528331', 'put_channel : channel tb1, group 1, time 2015-03-21 11:28:25.528227')
('2015-03-21 11:28:25.553486', 'put_channel : channel tb1, group 1, time 2015-03-21 11:28:25.553403')
('2015-03-21 11:28:27.026304', 'put_channel : channel tb1, group 1, time 2015-03-21 11:28:27.026208')
('2015-03-21 11:28:27.026735', 'put_channel : channel tb1, group 0, time 2015-03-21 11:28:27.026699')
('2015-03-21 11:28:27.027063', 'put_channel : channel tb1, group 0, time 2015-03-21 11:28:27.027028')
('2015-03-21 11:28:28.025377', 'put_channel : channel tb1, group 1, time 2015-03-21 11:28:28.025284')
('2015-03-21 11:28:28.033166', 'put_channel : channel tb1, group 1, time 2015-03-21 11:28:28.033112')
('2015-03-21 11:28:28.034576', 'put_channel : channel tb1, group 0, time 2015-03-21 11:28:28.034539')
('2015-03-21 11:28:28.526308', 'put_channel : channel tb1, group 0, time 2015-03-21 11:28:28.526209')
('2015-03-21 11:28:28.526731', 'put_channel : channel tb1, group 1, time 2015-03-21 11:28:28.526676')
('2015-03-21 11:28:29.538719', 'put_channel : channel tb1, group 0, time 2015-03-21 11:28:29.538587')
('2015-03-21 11:28:30.026393', 'put_channel : channel tb1, group 0, time 2015-03-21 11:28:30.026283')
('2015-03-21 11:28:30.027722', 'put_channel : channel tb1, group 1, time 2015-03-21 11:28:30.027677')
('2015-03-21 11:28:31.527984', 'put_channel : channel tb1, group 1, time 2015-03-21 11:28:31.527896')
('2015-03-21 11:28:31.553296', 'put_channel : channel tb1, group 1, time 2015-03-21 11:28:31.553234')
('2015-03-21 11:28:33.025736', 'put_channel : channel tb1, group 0, time 2015-03-21 11:28:33.025652')
('2015-03-21 11:28:35.526732', 'put_channel : channel tb1, group 1, time 2015-03-21 11:28:35.526630')
('2015-03-21 11:28:36.646479', 'put_channel : channel tb1, group 1, time 2015-03-21 11:28:36.646375')
('2015-03-21 11:28:37.024650', 'put_channel : channel tb1, group 0, time 2015-03-21 11:28:37.024538')
('2015-03-21 11:28:38.526590', 'put_channel : channel tb1, group 0, time 2015-03-21 11:28:38.526499')
('2015-03-21 11:28:38.527402', 'put_channel : channel tb1, group 1, time 2015-03-21 11:28:38.527346')
('2015-03-21 11:28:40.526345', 'put_channel : channel tb1, group 1, time 2015-03-21 11:28:40.526242')
('2015-03-21 11:28:40.526713', 'put_channel : channel tb1, group 0, time 2015-03-21 11:28:40.526667')
('2015-03-21 11:28:42.024355', 'put_channel : channel tb1, group 1, time 2015-03-21 11:28:42.024267')
('2015-03-21 11:28:42.646011', 'put_channel : channel tb1, group 0, time 2015-03-21 11:28:42.645918')
('2015-03-21 11:28:43.025578', 'put_channel : channel tb1, group 0, time 2015-03-21 11:28:43.025502')
('2015-03-21 11:28:43.527385', 'put_channel : channel tb1, group 0, time 2015-03-21 11:28:43.527306')
('2015-03-21 11:28:43.527681', 'put_channel : channel tb1, group 1, time 2015-03-21 11:28:43.527646')
('2015-03-21 11:28:45.026479', 'put_channel : channel tb1, group 1, time 2015-03-21 11:28:45.026390')
('2015-03-21 11:28:45.027384', 'put_channel : channel tb1, group 0, time 2015-03-21 11:28:45.027343')
('2015-03-21 11:28:46.526742', 'put_channel : channel tb1, group 1, time 2015-03-21 11:28:46.526609')
('2015-03-21 11:28:48.027326', 'put_channel : channel tb1, group 1, time 2015-03-21 11:28:48.027230')
('2015-03-21 11:28:49.026911', 'put_channel : channel tb1, group 0, time 2015-03-21 11:28:49.026809')
('2015-03-21 11:28:49.525868', 'put_channel : channel tb1, group 1, time 2015-03-21 11:28:49.525758')
('2015-03-21 11:28:50.577749', 'put_channel : channel tb1, group 1, time 2015-03-21 11:28:50.577656')
('2015-03-21 11:28:50.577984', 'put_channel : channel tb1, group 0, time 2015-03-21 11:28:50.577944')
('2015-03-21 11:28:52.026159', 'put_channel : channel tb1, group 1, time 2015-03-21 11:28:52.026050')
('2015-03-21 11:28:52.526994', 'put_channel : channel tb1, group 0, time 2015-03-21 11:28:52.526904')
('2015-03-21 11:28:53.537826', 'put_channel : channel tb1, group 0, time 2015-03-21 11:28:53.537716')
('2015-03-21 11:28:53.587730', 'put_channel : channel tb1, group 1, time 2015-03-21 11:28:53.587647')
('2015-03-21 11:28:55.027321', 'put_channel : channel tb1, group 0, time 2015-03-21 11:28:55.027231')
('2015-03-21 11:28:55.030411', 'put_channel : channel tb1, group 1, time 2015-03-21 11:28:55.030369')
('2015-03-21 11:29:01.527600', 'put_channel : channel tb1, group 0, time 2015-03-21 11:29:01.527493')
('2015-03-21 11:29:02.541988', 'put_channel : channel tb1, group 0, time 2015-03-21 11:29:02.541890')
('2015-03-21 11:29:02.543171', 'put_channel : channel tb1, group 1, time 2015-03-21 11:29:02.543134')
('2015-03-21 11:29:02.578452', 'put_channel : channel tb1, group 0, time 2015-03-21 11:29:02.578388')
('2015-03-21 11:29:03.029047', 'put_channel : channel tb1, group 0, time 2015-03-21 11:29:03.028946')
('2015-03-21 11:29:04.532621', 'put_channel : channel tb1, group 1, time 2015-03-21 11:29:04.532527')
('2015-03-21 11:29:05.537360', 'put_channel : channel tb1, group 1, time 2015-03-21 11:29:05.537269')
('2015-03-21 11:29:05.537880', 'put_channel : channel tb1, group 0, time 2015-03-21 11:29:05.537773')
('2015-03-21 11:29:07.528467', 'put_channel : channel tb1, group 1, time 2015-03-21 11:29:07.528373')
('2015-03-21 11:29:07.531232', 'put_channel : channel tb1, group 0, time 2015-03-21 11:29:07.531194')
('2015-03-21 11:29:10.530980', 'put_channel : channel tb1, group 0, time 2015-03-21 11:29:10.530897')
('2015-03-21 11:29:10.642905', 'put_channel : channel tb1, group 1, time 2015-03-21 11:29:10.642808')
('2015-03-21 11:29:12.048347', 'put_channel : channel tb1, group 1, time 2015-03-21 11:29:12.048246')
('2015-03-21 11:29:16.529102', 'put_channel : channel tb1, group 1, time 2015-03-21 11:29:16.529013')
('2015-03-21 11:29:19.529896', 'put_channel : channel tb1, group 1, time 2015-03-21 11:29:19.529786')
('2015-03-21 11:29:20.562286', 'put_channel : channel tb1, group 0, time 2015-03-21 11:29:20.562168')
('2015-03-21 11:29:21.030221', 'put_channel : channel tb1, group 1, time 2015-03-21 11:29:21.030126')
('2015-03-21 11:29:22.528582', 'put_channel : channel tb1, group 1, time 2015-03-21 11:29:22.528498')
('2015-03-21 11:29:22.529582', 'put_channel : channel tb1, group 0, time 2015-03-21 11:29:22.529546')
('2015-03-21 11:29:24.029584', 'put_channel : channel tb1, group 1, time 2015-03-21 11:29:24.029508')
('2015-03-21 11:29:24.049668', 'put_channel : channel tb1, group 0, time 2015-03-21 11:29:24.049615')
('2015-03-21 11:29:25.528366', 'put_channel : channel tb1, group 1, time 2015-03-21 11:29:25.528315')
('2015-03-21 11:29:25.528774', 'put_channel : channel tb1, group 0, time 2015-03-21 11:29:25.528737')
('2015-03-21 11:29:28.528400', 'put_channel : channel tb1, group 1, time 2015-03-21 11:29:28.528294')
('2015-03-21 11:29:30.028113', 'put_channel : channel tb1, group 1, time 2015-03-21 11:29:30.028031')
('2015-03-21 11:29:30.049411', 'put_channel : channel tb1, group 1, time 2015-03-21 11:29:30.049329')
('2015-03-21 11:29:31.088481', 'put_channel : channel tb1, group 1, time 2015-03-21 11:29:31.088372')
('2015-03-21 11:29:31.528320', 'put_channel : channel tb1, group 1, time 2015-03-21 11:29:31.528242')
('2015-03-21 11:29:34.026161', 'put_channel : channel tb1, group 0, time 2015-03-21 11:29:34.026077')
('2015-03-21 11:29:34.032320', 'put_channel : channel tb1, group 0, time 2015-03-21 11:29:34.032281')
('2015-03-21 11:29:35.522661', 'put_channel : channel tb1, group 1, time 2015-03-21 11:29:35.522554')
('2015-03-21 11:29:35.523298', 'put_channel : channel tb1, group 0, time 2015-03-21 11:29:35.523255')
('2015-03-21 11:29:36.923743', 'fd_channel : login[0] 0 login[1] 0 , tb0[0] 14 tb0[1] 7 , tb1[0] 57 tb1[1] 61')
('2015-03-21 11:29:36.924623', 'fd_channel : login[0] 0 login[1] 0 , tb0[0] 14 tb0[1] 7 , tb1[0] 57 tb1[1] 60')
('2015-03-21 11:29:36.925721', 'fd_channel : login[0] 0 login[1] 0 , tb0[0] 14 tb0[1] 7 , tb1[0] 57 tb1[1] 59')
('2015-03-21 11:29:36.926525', 'fd_channel : login[0] 0 login[1] 0 , tb0[0] 14 tb0[1] 7 , tb1[0] 57 tb1[1] 58')
('2015-03-21 11:29:36.928548', 'fd_channel : login[0] 0 login[1] 0 , tb0[0] 14 tb0[1] 7 , tb1[0] 57 tb1[1] 57')
('2015-03-21 11:29:36.929563', 'fd_channel : login[0] 0 login[1] 0 , tb0[0] 14 tb0[1] 7 , tb1[0] 57 tb1[1] 56')
('2015-03-21 11:29:36.930197', 'fd_channel : login[0] 0 login[1] 0 , tb0[0] 14 tb0[1] 7 , tb1[0] 57 tb1[1] 55')
('2015-03-21 11:29:36.931014', 'fd_channel : login[0] 0 login[1] 0 , tb0[0] 14 tb0[1] 7 , tb1[0] 57 tb1[1] 54')
('2015-03-21 11:29:37.040415', 'put_channel : channel tb1, group 1, time 2015-03-21 11:29:37.040326')
('2015-03-21 11:29:40.021377', 'put_channel : channel tb1, group 1, time 2015-03-21 11:29:40.021271')
('2015-03-21 11:29:43.527964', 'put_channel : channel tb1, group 0, time 2015-03-21 11:29:43.527882')
('2015-03-21 11:29:46.527281', 'put_channel : channel tb1, group 0, time 2015-03-21 11:29:46.527180')
('2015-03-21 11:29:48.026813', 'put_channel : channel tb1, group 0, time 2015-03-21 11:29:48.026697')
('2015-03-21 11:29:49.026577', 'put_channel : channel tb1, group 1, time 2015-03-21 11:29:49.026471')
('2015-03-21 11:29:49.524981', 'put_channel : channel tb1, group 0, time 2015-03-21 11:29:49.524894')
('2015-03-21 11:29:51.027010', 'put_channel : channel tb1, group 0, time 2015-03-21 11:29:51.026905')
('2015-03-21 11:29:52.526977', 'put_channel : channel tb1, group 0, time 2015-03-21 11:29:52.526889')
('2015-03-21 11:29:52.562470', 'put_channel : channel tb1, group 1, time 2015-03-21 11:29:52.562375')
('2015-03-21 11:29:54.037760', 'put_channel : channel tb1, group 0, time 2015-03-21 11:29:54.037679')
('2015-03-21 11:29:56.645395', 'fd_channel : login[0] 0 login[1] 0 , tb0[0] 14 tb0[1] 7 , tb1[0] 64 tb1[1] 54')
('2015-03-21 11:29:56.646126', 'fd_channel : login[0] 0 login[1] 0 , tb0[0] 14 tb0[1] 7 , tb1[0] 64 tb1[1] 53')
('2015-03-21 11:29:56.646816', 'fd_channel : login[0] 0 login[1] 0 , tb0[0] 14 tb0[1] 7 , tb1[0] 64 tb1[1] 52')
('2015-03-21 11:29:56.648540', 'fd_channel : login[0] 0 login[1] 0 , tb0[0] 14 tb0[1] 7 , tb1[0] 64 tb1[1] 51')
('2015-03-21 11:29:56.649108', 'fd_channel : login[0] 0 login[1] 0 , tb0[0] 14 tb0[1] 7 , tb1[0] 64 tb1[1] 50')
('2015-03-21 11:29:56.649859', 'fd_channel : login[0] 0 login[1] 0 , tb0[0] 14 tb0[1] 7 , tb1[0] 64 tb1[1] 49')
('2015-03-21 11:29:56.650467', 'fd_channel : login[0] 0 login[1] 0 , tb0[0] 14 tb0[1] 7 , tb1[0] 64 tb1[1] 48')
('2015-03-21 11:29:56.651520', 'fd_channel : login[0] 0 login[1] 0 , tb0[0] 14 tb0[1] 7 , tb1[0] 64 tb1[1] 47')
('2015-03-21 11:29:56.949722', 'fd_channel : login[0] 0 login[1] 0 , tb0[0] 14 tb0[1] 7 , tb1[0] 53 tb1[1] 47')
('2015-03-21 11:29:56.950538', 'fd_channel : login[0] 0 login[1] 0 , tb0[0] 14 tb0[1] 7 , tb1[0] 52 tb1[1] 47')
('2015-03-21 11:29:56.951232', 'fd_channel : login[0] 0 login[1] 0 , tb0[0] 14 tb0[1] 7 , tb1[0] 52 tb1[1] 46')
('2015-03-21 11:29:56.951768', 'fd_channel : login[0] 0 login[1] 0 , tb0[0] 14 tb0[1] 7 , tb1[0] 52 tb1[1] 45')
('2015-03-21 11:29:56.952701', 'fd_channel : login[0] 0 login[1] 0 , tb0[0] 14 tb0[1] 7 , tb1[0] 52 tb1[1] 44')
('2015-03-21 11:29:56.953413', 'fd_channel : login[0] 0 login[1] 0 , tb0[0] 14 tb0[1] 7 , tb1[0] 51 tb1[1] 44')
('2015-03-21 11:29:56.973298', 'fd_channel : login[0] 0 login[1] 0 , tb0[0] 14 tb0[1] 7 , tb1[0] 50 tb1[1] 44')
('2015-03-21 11:29:56.974123', 'fd_channel : login[0] 0 login[1] 0 , tb0[0] 14 tb0[1] 7 , tb1[0] 50 tb1[1] 43')
('2015-03-21 11:29:56.976110', 'fd_channel : login[0] 0 login[1] 0 , tb0[0] 14 tb0[1] 7 , tb1[0] 49 tb1[1] 43')
('2015-03-21 11:29:56.976868', 'fd_channel : login[0] 0 login[1] 0 , tb0[0] 14 tb0[1] 7 , tb1[0] 49 tb1[1] 42')
('2015-03-21 11:29:58.534001', 'put_channel : channel tb1, group 0, time 2015-03-21 11:29:58.533913')
('2015-03-21 11:29:58.953580', 'fd_channel : login[0] 0 login[1] 0 , tb0[0] 14 tb0[1] 7 , tb1[0] 49 tb1[1] 42')
('2015-03-21 11:29:58.955176', 'fd_channel : login[0] 0 login[1] 0 , tb0[0] 14 tb0[1] 7 , tb1[0] 48 tb1[1] 42')
('2015-03-21 11:29:58.956019', 'fd_channel : login[0] 0 login[1] 0 , tb0[0] 14 tb0[1] 7 , tb1[0] 47 tb1[1] 42')
('2015-03-21 11:29:58.956673', 'fd_channel : login[0] 0 login[1] 0 , tb0[0] 14 tb0[1] 7 , tb1[0] 47 tb1[1] 41')
('2015-03-21 11:29:58.957597', 'fd_channel : login[0] 0 login[1] 0 , tb0[0] 14 tb0[1] 7 , tb1[0] 47 tb1[1] 40')
('2015-03-21 11:29:58.958465', 'fd_channel : login[0] 0 login[1] 0 , tb0[0] 14 tb0[1] 7 , tb1[0] 47 tb1[1] 39')
('2015-03-21 11:29:58.975240', 'fd_channel : login[0] 0 login[1] 0 , tb0[0] 14 tb0[1] 7 , tb1[0] 46 tb1[1] 39')
('2015-03-21 11:29:58.975898', 'fd_channel : login[0] 0 login[1] 0 , tb0[0] 14 tb0[1] 7 , tb1[0] 46 tb1[1] 38')
('2015-03-21 11:29:58.977862', 'fd_channel : login[0] 0 login[1] 0 , tb0[0] 14 tb0[1] 7 , tb1[0] 45 tb1[1] 38')
('2015-03-21 11:29:58.978473', 'fd_channel : login[0] 0 login[1] 0 , tb0[0] 14 tb0[1] 7 , tb1[0] 45 tb1[1] 37')
('2015-03-21 11:30:00.028960', 'put_channel : channel tb1, group 1, time 2015-03-21 11:30:00.028837')
('2015-03-21 11:30:00.030917', 'fd_channel : login[0] 0 login[1] 0 , tb0[0] 14 tb0[1] 7 , tb1[0] 44 tb1[1] 38')
('2015-03-21 11:30:00.031907', 'fd_channel : login[0] 0 login[1] 0 , tb0[0] 14 tb0[1] 7 , tb1[0] 44 tb1[1] 37')
('2015-03-21 11:30:01.553092', 'put_channel : channel tb1, group 1, time 2015-03-21 11:30:01.552977')
('2015-03-21 11:30:01.636367', 'worker [5] stopping')
('2015-03-21 11:30:03.650652', 'fd_channel : login[0] 0 login[1] 0 , tb0[0] 14 tb0[1] 7 , tb1[0] 44 tb1[1] 37')
('2015-03-21 11:30:03.651980', 'fd_channel : login[0] 0 login[1] 0 , tb0[0] 14 tb0[1] 7 , tb1[0] 44 tb1[1] 36')
('2015-03-21 11:30:04.034513', 'put_channel : channel tb1, group 0, time 2015-03-21 11:30:04.034399')
('2015-03-21 11:30:07.553288', 'put_channel : channel tb1, group 1, time 2015-03-21 11:30:07.553205')
('2015-03-21 11:30:10.652184', 'fd_channel : login[0] 0 login[1] 0 , tb0[0] 14 tb0[1] 7 , tb1[0] 45 tb1[1] 36')
('2015-03-21 11:30:10.653426', 'fd_channel : login[0] 0 login[1] 0 , tb0[0] 14 tb0[1] 7 , tb1[0] 45 tb1[1] 35')
('2015-03-21 11:30:14.576427', 'put_channel : channel tb1, group 1, time 2015-03-21 11:30:14.576337')
('2015-03-21 11:30:29.585996', 'put_channel : channel tb1, group 1, time 2015-03-21 11:30:29.585888')
('2015-03-21 11:30:58.607891', 'put_channel : channel tb1, group 1, time 2015-03-21 11:30:58.607765')
