('2015-03-21 10:34:08.667031', '\r\n\r\n\r\n\r\n\r\n\r\n\r\n\r\n\r\n\r\n<XML><ERRORCODE>311</ERRORCODE><ERRORSTRING>图像校验码错误！</ERRORSTRING><ERRORSTRING_EN>Image checksum error！</ERRORSTRING_EN></XML>')
('2015-03-21 10:34:08.667084', "client 52785524 bid 0 fd_price ack error {'errcode': '311', 'errstring': '图像校验码错误！'}")
('2015-03-21 10:34:10.876889', 'client 52785524 bid 0 fd_price info channel error')
('2015-03-21 10:34:31.820084', 'client 52487170 bid 0 fd_image Timeout')
('2015-03-21 10:34:31.820855', 'client 52731275 bid 0 fd_image Timeout')
('2015-03-21 10:34:31.823044', 'client 52315673 bid 0 fd_image Timeout')
('2015-03-21 10:34:31.824756', 'client 52513427 bid 0 fd_image Timeout')
('2015-03-21 10:34:35.568051', '\r\n\r\n\r\n\r\n\r\n\r\n\r\n\r\n\r\n\r\n<XML><ERRORCODE>311</ERRORCODE><ERRORSTRING>图像校验码错误！</ERRORSTRING><ERRORSTRING_EN>Image checksum error！</ERRORSTRING_EN></XML>')
('2015-03-21 10:34:35.568114', "client 52480258 bid 0 fd_price ack error {'errcode': '311', 'errstring': '图像校验码错误！'}")
('2015-03-21 10:34:55.212524', 'client 52487170 bid 0 fd_image info channel error')
('2015-03-21 10:34:55.212601', 'client 52513427 bid 0 fd_image info channel error')
('2015-03-21 10:34:57.713168', '\r\n\r\n\r\n\r\n\r\n\r\n\r\n\r\n\r\n\r\n<XML><ERRORCODE>311</ERRORCODE><ERRORSTRING>图像校验码错误！</ERRORSTRING><ERRORSTRING_EN>Image checksum error！</ERRORSTRING_EN></XML>')
('2015-03-21 10:34:57.713225', "client 52504578 bid 0 fd_price ack error {'errcode': '311', 'errstring': '图像校验码错误！'}")
('2015-03-21 10:34:57.714168', '\r\n\r\n\r\n\r\n\r\n\r\n\r\n\r\n\r\n\r\n<XML><ERRORCODE>311</ERRORCODE><ERRORSTRING>图像校验码错误！</ERRORSTRING><ERRORSTRING_EN>Image checksum error！</ERRORSTRING_EN></XML>')
('2015-03-21 10:34:57.714220', "client 52547074 bid 0 fd_price ack error {'errcode': '311', 'errstring': '图像校验码错误！'}")
('2015-03-21 10:35:01.824232', 'client 52487170 bid 0 fd_image Timeout')
('2015-03-21 10:35:01.826140', 'client 52513427 bid 0 fd_image Timeout')
('2015-03-21 10:35:04.428469', 'client 52480258 bid 0 fd_price info channel error')
('2015-03-21 10:35:04.542515', '\r\n\r\n\r\n\r\n\r\n\r\n\r\n\r\n\r\n\r\n<XML><ERRORCODE>311</ERRORCODE><ERRORSTRING>图像校验码错误！</ERRORSTRING><ERRORSTRING_EN>Image checksum error！</ERRORSTRING_EN></XML>')
('2015-03-21 10:35:04.542569', "client 52480258 bid 0 fd_price ack error {'errcode': '311', 'errstring': '图像校验码错误！'}")
('2015-03-21 10:35:10.608732', 'client 52785524 bid 0 fd_price info channel error')
('2015-03-21 10:35:12.506009', '\r\n\r\n\r\n\r\n\r\n\r\n\r\n\r\n\r\n\r\n<XML><ERRORCODE>112</ERRORCODE><ERRORSTRING>首次出价时段不能进行修改出价！</ERRORSTRING><ERRORSTRING_EN>Can not modify the bid amount in bid time!</ERRORSTRING_EN></XML>\r\n')
('2015-03-21 10:35:12.506067', "client 52547074 bid 0 fd_price ack error {'errcode': '112', 'errstring': '首次出价时段不能进行修改出价！'}")
('2015-03-21 10:35:18.960529', '\r\n\r\n\r\n\r\n\r\n\r\n\r\n\r\n\r\n\r\n<XML><ERRORCODE>311</ERRORCODE><ERRORSTRING>图像校验码错误！</ERRORSTRING><ERRORSTRING_EN>Image checksum error！</ERRORSTRING_EN></XML>')
('2015-03-21 10:35:18.960587', "client 52547074 bid 0 fd_price ack error {'errcode': '311', 'errstring': '图像校验码错误！'}")
('2015-03-21 10:35:19.229615', '\r\n\r\n\r\n\r\n\r\n\r\n\r\n\r\n\r\n\r\n<XML><ERRORCODE>311</ERRORCODE><ERRORSTRING>图像校验码错误！</ERRORSTRING><ERRORSTRING_EN>Image checksum error！</ERRORSTRING_EN></XML>')
('2015-03-21 10:35:19.229673', "client 52480258 bid 0 fd_price ack error {'errcode': '311', 'errstring': '图像校验码错误！'}")
('2015-03-21 10:35:31.826604', 'client 52487170 bid 0 fd_image Timeout')
('2015-03-21 10:35:55.372859', 'client 52785524 bid 0 fd_price info channel error')
('2015-03-21 10:35:55.490477', '\r\n\r\n\r\n\r\n\r\n\r\n\r\n\r\n\r\n\r\n<XML><ERRORCODE>311</ERRORCODE><ERRORSTRING>图像校验码错误！</ERRORSTRING><ERRORSTRING_EN>Image checksum error！</ERRORSTRING_EN></XML>')
('2015-03-21 10:35:55.490534', "client 52785524 bid 0 fd_price ack error {'errcode': '311', 'errstring': '图像校验码错误！'}")
('2015-03-21 10:36:01.773262', 'client 52785524 bid 0 fd_price info channel error')
('2015-03-21 10:36:01.828350', 'client 52487170 bid 0 fd_image Timeout')
('2015-03-21 10:36:01.886993', '\r\n\r\n\r\n\r\n\r\n\r\n\r\n\r\n\r\n\r\n<XML><ERRORCODE>311</ERRORCODE><ERRORSTRING>图像校验码错误！</ERRORSTRING><ERRORSTRING_EN>Image checksum error！</ERRORSTRING_EN></XML>')
('2015-03-21 10:36:01.887049', "client 52785524 bid 0 fd_price ack error {'errcode': '311', 'errstring': '图像校验码错误！'}")
('2015-03-21 10:36:12.395725', 'client 52785524 bid 0 fd_image Timeout')
('2015-03-21 10:36:12.400751', '\r\n\r\n\r\n\r\n\r\n\r\n\r\n\r\n\r\n\r\n<XML><ERRORCODE>311</ERRORCODE><ERRORSTRING>图像校验码错误！</ERRORSTRING><ERRORSTRING_EN>Image checksum error！</ERRORSTRING_EN></XML>')
('2015-03-21 10:36:12.400805', "client 52480258 bid 0 fd_price ack error {'errcode': '311', 'errstring': '图像校验码错误！'}")
('2015-03-21 10:36:23.224854', 'client 52480258 bid 0 fd_image Timeout')
('2015-03-21 10:36:42.397148', 'client 52785524 bid 0 fd_image Timeout')
('2015-03-21 10:36:53.227226', 'client 52480258 bid 0 fd_image Timeout')
('2015-03-21 10:37:05.842689', '\r\n\r\n\r\n\r\n\r\n\r\n\r\n\r\n\r\n\r\n<XML><ERRORCODE>112</ERRORCODE><ERRORSTRING>首次出价时段不能进行修改出价！</ERRORSTRING><ERRORSTRING_EN>Can not modify the bid amount in bid time!</ERRORSTRING_EN></XML>\r\n')
('2015-03-21 10:37:05.842751', "client 52785524 bid 0 fd_price ack error {'errcode': '112', 'errstring': '首次出价时段不能进行修改出价！'}")
('2015-03-21 10:37:05.844501', '\r\n\r\n\r\n\r\n\r\n\r\n\r\n\r\n\r\n\r\n<XML><ERRORCODE>311</ERRORCODE><ERRORSTRING>图像校验码错误！</ERRORSTRING><ERRORSTRING_EN>Image checksum error！</ERRORSTRING_EN></XML>')
('2015-03-21 10:37:05.844555', "client 52785524 bid 0 fd_price ack error {'errcode': '311', 'errstring': '图像校验码错误！'}")
('2015-03-21 10:38:05.421773', 'client 52513427 bid 0 fd_image info channel error')
('2015-03-21 10:38:05.421852', 'client 52487170 bid 0 fd_image info channel error')
('2015-03-21 10:38:06.700616', 'client 52547074 bid 0 fd_price info channel error')
('2015-03-21 10:38:06.819945', '\r\n\r\n\r\n\r\n\r\n\r\n\r\n\r\n\r\n\r\n<XML><ERRORCODE>311</ERRORCODE><ERRORSTRING>图像校验码错误！</ERRORSTRING><ERRORSTRING_EN>Image checksum error！</ERRORSTRING_EN></XML>')
('2015-03-21 10:38:06.820003', "client 52547074 bid 0 fd_price ack error {'errcode': '311', 'errstring': '图像校验码错误！'}")
('2015-03-21 10:38:07.353315', 'client 52480258 bid 0 fd_image info channel error')
('2015-03-21 10:38:08.908858', '\r\n\r\n\r\n\r\n\r\n\r\n\r\n\r\n\r\n\r\n<XML><ERRORCODE>112</ERRORCODE><ERRORSTRING>首次出价时段不能进行修改出价！</ERRORSTRING><ERRORSTRING_EN>Can not modify the bid amount in bid time!</ERRORSTRING_EN></XML>\r\n')
('2015-03-21 10:38:08.908923', "client 52480258 bid 0 fd_price ack error {'errcode': '112', 'errstring': '首次出价时段不能进行修改出价！'}")
('2015-03-21 10:38:08.910463', '\r\n\r\n\r\n\r\n\r\n\r\n\r\n\r\n\r\n\r\n<XML><ERRORCODE>311</ERRORCODE><ERRORSTRING>图像校验码错误！</ERRORSTRING><ERRORSTRING_EN>Image checksum error！</ERRORSTRING_EN></XML>')
('2015-03-21 10:38:08.910515', "client 52480258 bid 0 fd_price ack error {'errcode': '311', 'errstring': '图像校验码错误！'}")
('2015-03-21 10:38:12.395039', 'client 52487170 bid 0 fd_image info channel error')
('2015-03-21 10:38:12.845176', 'client 52315673 bid 0 fd_price info channel error')
('2015-03-21 10:38:12.878043', 'client 52785524 bid 0 fd_price info channel error')
('2015-03-21 10:38:12.959489', '\r\n\r\n\r\n\r\n\r\n\r\n\r\n\r\n\r\n\r\n<XML><ERRORCODE>311</ERRORCODE><ERRORSTRING>图像校验码错误！</ERRORSTRING><ERRORSTRING_EN>Image checksum error！</ERRORSTRING_EN></XML>')
('2015-03-21 10:38:12.959549', "client 52315673 bid 0 fd_price ack error {'errcode': '311', 'errstring': '图像校验码错误！'}")
('2015-03-21 10:38:12.990960', '\r\n\r\n\r\n\r\n\r\n\r\n\r\n\r\n\r\n\r\n<XML><ERRORCODE>311</ERRORCODE><ERRORSTRING>图像校验码错误！</ERRORSTRING><ERRORSTRING_EN>Image checksum error！</ERRORSTRING_EN></XML>')
('2015-03-21 10:38:12.991019', "client 52785524 bid 0 fd_price ack error {'errcode': '311', 'errstring': '图像校验码错误！'}")
('2015-03-21 10:38:44.042691', 'client 52785524 bid 0 fd_price info channel error')
('2015-03-21 10:38:44.102512', 'client 52731275 bid 0 fd_price info channel error')
('2015-03-21 10:38:44.159120', '\r\n\r\n\r\n\r\n\r\n\r\n\r\n\r\n\r\n\r\n<XML><ERRORCODE>311</ERRORCODE><ERRORSTRING>图像校验码错误！</ERRORSTRING><ERRORSTRING_EN>Image checksum error！</ERRORSTRING_EN></XML>')
('2015-03-21 10:38:44.159177', "client 52785524 bid 0 fd_price ack error {'errcode': '311', 'errstring': '图像校验码错误！'}")
('2015-03-21 10:38:44.218138', '\r\n\r\n\r\n\r\n\r\n\r\n\r\n\r\n\r\n\r\n<XML><ERRORCODE>311</ERRORCODE><ERRORSTRING>图像校验码错误！</ERRORSTRING><ERRORSTRING_EN>Image checksum error！</ERRORSTRING_EN></XML>')
('2015-03-21 10:38:44.218194', "client 52731275 bid 0 fd_price ack error {'errcode': '311', 'errstring': '图像校验码错误！'}")
('2015-03-21 10:38:44.324177', 'client 52480258 bid 0 fd_price info channel error')
('2015-03-21 10:38:44.437309', '\r\n\r\n\r\n\r\n\r\n\r\n\r\n\r\n\r\n\r\n<XML><ERRORCODE>311</ERRORCODE><ERRORSTRING>图像校验码错误！</ERRORSTRING><ERRORSTRING_EN>Image checksum error！</ERRORSTRING_EN></XML>')
('2015-03-21 10:38:44.437374', "client 52480258 bid 0 fd_price ack error {'errcode': '311', 'errstring': '图像校验码错误！'}")
('2015-03-21 10:38:54.573159', 'client 52480258 bid 0 fd_price info channel error')
('2015-03-21 10:38:54.697178', '\r\n\r\n\r\n\r\n\r\n\r\n\r\n\r\n\r\n\r\n<XML><ERRORCODE>311</ERRORCODE><ERRORSTRING>图像校验码错误！</ERRORSTRING><ERRORSTRING_EN>Image checksum error！</ERRORSTRING_EN></XML>')
('2015-03-21 10:38:54.697269', "client 52480258 bid 0 fd_price ack error {'errcode': '311', 'errstring': '图像校验码错误！'}")
('2015-03-21 10:39:03.788818', 'client 52315673 bid 0 fd_price info channel error')
('2015-03-21 10:39:03.906312', '\r\n\r\n\r\n\r\n\r\n\r\n\r\n\r\n\r\n\r\n<XML><ERRORCODE>311</ERRORCODE><ERRORSTRING>图像校验码错误！</ERRORSTRING><ERRORSTRING_EN>Image checksum error！</ERRORSTRING_EN></XML>')
('2015-03-21 10:39:03.906371', "client 52315673 bid 0 fd_price ack error {'errcode': '311', 'errstring': '图像校验码错误！'}")
('2015-03-21 10:39:09.680964', '\r\n\r\n\r\n\r\n\r\n\r\n\r\n\r\n\r\n\r\n<XML><ERRORCODE>311</ERRORCODE><ERRORSTRING>图像校验码错误！</ERRORSTRING><ERRORSTRING_EN>Image checksum error！</ERRORSTRING_EN></XML>')
('2015-03-21 10:39:09.681020', "client 52480258 bid 0 fd_price ack error {'errcode': '311', 'errstring': '图像校验码错误！'}")
('2015-03-21 10:39:15.820802', 'client 52785524 bid 0 fd_image info channel error')
('2015-03-21 10:39:26.828582', 'client 52480258 bid 0 fd_image info channel error')
('2015-03-21 10:39:35.532887', 'client 52731275 bid 0 fd_image info channel error')
('2015-03-21 10:39:35.532972', 'client 52315673 bid 0 fd_image info channel error')
('2015-03-21 10:39:42.700751', 'client 52480258 bid 0 fd_price info channel error')
('2015-03-21 10:39:42.815705', '\r\n\r\n\r\n\r\n\r\n\r\n\r\n\r\n\r\n\r\n<XML><ERRORCODE>311</ERRORCODE><ERRORSTRING>图像校验码错误！</ERRORSTRING><ERRORSTRING_EN>Image checksum error！</ERRORSTRING_EN></XML>')
('2015-03-21 10:39:42.815794', "client 52480258 bid 0 fd_price ack error {'errcode': '311', 'errstring': '图像校验码错误！'}")
('2015-03-21 10:39:44.236858', 'client 52785524 bid 0 fd_price info channel error')
('2015-03-21 10:39:44.356225', '\r\n\r\n\r\n\r\n\r\n\r\n\r\n\r\n\r\n\r\n<XML><ERRORCODE>311</ERRORCODE><ERRORSTRING>图像校验码错误！</ERRORSTRING><ERRORSTRING_EN>Image checksum error！</ERRORSTRING_EN></XML>')
('2015-03-21 10:39:44.356390', "client 52785524 bid 0 fd_price ack error {'errcode': '311', 'errstring': '图像校验码错误！'}")
('2015-03-21 10:39:44.748520', 'client 52516714 bid 0 fd_price info channel error')
('2015-03-21 10:39:44.748600', 'client 52785524 bid 0 fd_price info channel error')
('2015-03-21 10:39:44.861349', '\r\n\r\n\r\n\r\n\r\n\r\n\r\n\r\n\r\n\r\n<XML><ERRORCODE>311</ERRORCODE><ERRORSTRING>图像校验码错误！</ERRORSTRING><ERRORSTRING_EN>Image checksum error！</ERRORSTRING_EN></XML>')
('2015-03-21 10:39:44.861405', "client 52516714 bid 0 fd_price ack error {'errcode': '311', 'errstring': '图像校验码错误！'}")
('2015-03-21 10:39:44.862777', '\r\n\r\n\r\n\r\n\r\n\r\n\r\n\r\n\r\n\r\n<XML><ERRORCODE>311</ERRORCODE><ERRORSTRING>图像校验码错误！</ERRORSTRING><ERRORSTRING_EN>Image checksum error！</ERRORSTRING_EN></XML>')
('2015-03-21 10:39:44.862830', "client 52785524 bid 0 fd_price ack error {'errcode': '311', 'errstring': '图像校验码错误！'}")
('2015-03-21 10:39:45.772460', 'client 52785524 bid 0 fd_image info channel error')
('2015-03-21 10:39:52.428859', 'client 52487170 bid 0 fd_price info channel error')
('2015-03-21 10:39:52.542126', '\r\n\r\n\r\n\r\n\r\n\r\n\r\n\r\n\r\n\r\n<XML><ERRORCODE>311</ERRORCODE><ERRORSTRING>图像校验码错误！</ERRORSTRING><ERRORSTRING_EN>Image checksum error！</ERRORSTRING_EN></XML>')
('2015-03-21 10:39:52.542183', "client 52487170 bid 0 fd_price ack error {'errcode': '311', 'errstring': '图像校验码错误！'}")
('2015-03-21 10:39:58.572834', 'client 52487170 bid 0 fd_price info channel error')
('2015-03-21 10:39:58.691832', '\r\n\r\n\r\n\r\n\r\n\r\n\r\n\r\n\r\n\r\n<XML><ERRORCODE>311</ERRORCODE><ERRORSTRING>图像校验码错误！</ERRORSTRING><ERRORSTRING_EN>Image checksum error！</ERRORSTRING_EN></XML>')
('2015-03-21 10:39:58.691895', "client 52487170 bid 0 fd_price ack error {'errcode': '311', 'errstring': '图像校验码错误！'}")
('2015-03-21 10:40:06.764448', 'client 52547074 bid 0 fd_price info channel error')
('2015-03-21 10:40:06.765274', 'client 52504578 bid 0 fd_price info channel error')
('2015-03-21 10:40:06.881628', '\r\n\r\n\r\n\r\n\r\n\r\n\r\n\r\n\r\n\r\n<XML><ERRORCODE>311</ERRORCODE><ERRORSTRING>图像校验码错误！</ERRORSTRING><ERRORSTRING_EN>Image checksum error！</ERRORSTRING_EN></XML>')
('2015-03-21 10:40:06.881686', "client 52547074 bid 0 fd_price ack error {'errcode': '311', 'errstring': '图像校验码错误！'}")
('2015-03-21 10:40:06.883069', '\r\n\r\n\r\n\r\n\r\n\r\n\r\n\r\n\r\n\r\n<XML><ERRORCODE>311</ERRORCODE><ERRORSTRING>图像校验码错误！</ERRORSTRING><ERRORSTRING_EN>Image checksum error！</ERRORSTRING_EN></XML>')
('2015-03-21 10:40:06.883124', "client 52504578 bid 0 fd_price ack error {'errcode': '311', 'errstring': '图像校验码错误！'}")
('2015-03-21 10:40:13.527382', 'client 52480258 bid 0 fd_price info channel error')
('2015-03-21 10:40:13.644113', '\r\n\r\n\r\n\r\n\r\n\r\n\r\n\r\n\r\n\r\n<XML><ERRORCODE>311</ERRORCODE><ERRORSTRING>图像校验码错误！</ERRORSTRING><ERRORSTRING_EN>Image checksum error！</ERRORSTRING_EN></XML>')
('2015-03-21 10:40:13.644172', "client 52480258 bid 0 fd_price ack error {'errcode': '311', 'errstring': '图像校验码错误！'}")
('2015-03-21 10:40:14.621760', 'client 52480258 bid 0 fd_price info channel error')
('2015-03-21 10:40:35.436720', 'client 52487170 bid 0 fd_image info channel error')
('2015-03-21 10:40:49.772986', 'client 52513427 bid 0 fd_price info channel error')
('2015-03-21 10:40:49.893400', '\r\n\r\n\r\n\r\n\r\n\r\n\r\n\r\n\r\n\r\n<XML><ERRORCODE>311</ERRORCODE><ERRORSTRING>图像校验码错误！</ERRORSTRING><ERRORSTRING_EN>Image checksum error！</ERRORSTRING_EN></XML>')
('2015-03-21 10:40:49.893458', "client 52513427 bid 0 fd_price ack error {'errcode': '311', 'errstring': '图像校验码错误！'}")
('2015-03-21 10:40:51.820329', 'client 52513427 bid 0 fd_price info channel error')
('2015-03-21 11:29:43.636714', 'client 52547074 bid 1 fd_image Timeout')
('2015-03-21 11:30:00.058519', '\r\n\r\n\r\n\r\n\r\n\r\n\r\n\r\n\r\n\r\n<XML><ERRORCODE>110</ERRORCODE><ERRORSTRING>没有正在举行的拍卖会，请注意拍卖公告！</ERRORSTRING><ERRORSTRING_EN>Auction is not begin!</ERRORSTRING_EN></XML>\r\n')
('2015-03-21 11:30:00.058581', "client 52785524 bid 2 fd_price ack error {'errcode': '110', 'errstring': '没有正在举行的拍卖会，请注意拍卖公告！'}")
('2015-03-21 11:30:00.885426', '\r\n\r\n\r\n\r\n\r\n\r\n\r\n\r\n\r\n\r\n<XML><ERRORCODE>110</ERRORCODE><ERRORSTRING>没有正在举行的拍卖会，请注意拍卖公告！</ERRORSTRING><ERRORSTRING_EN>Auction is not begin!</ERRORSTRING_EN></XML>\r\n')
('2015-03-21 11:30:00.885509', "client 52480258 bid 2 fd_price ack error {'errcode': '110', 'errstring': '没有正在举行的拍卖会，请注意拍卖公告！'}")
('2015-03-21 11:30:03.122548', '\r\n\r\n\r\n\r\n\r\n\r\n\r\n\r\n\r\n\r\n\r\n<XML><ERRORCODE>110</ERRORCODE><ERRORSTRING>没有正在举行的拍卖会，请注意拍卖公告！</ERRORSTRING><ERRORSTRING_EN>Auction is not begin!</ERRORSTRING_EN></XML>')
('2015-03-21 11:30:03.122615', "client 52731275 bid 2 fd_image ack error {'body': '\\r\\n\\r\\n\\r\\n\\r\\n\\r\\n\\r\\n\\r\\n\\r\\n\\r\\n\\r\\n\\r\\n<XML><ERRORCODE>110</ERRORCODE><ERRORSTRING>没有正在举行的拍卖会，请注意拍卖公告！</ERRORSTRING><ERRORSTRING_EN>Auction is not begin!</ERRORSTRING_EN></XML>', 'head': 'Connection: close\\nDate: Sat, 21 Mar 2015 03:30:03 GMT\\nServer: Microsoft-IIS/6.0\\nSet-Cookie: JSESSIONID=7BF1F166640894334698185895B7D8C6; Path=/car\\nContent-Type: text/html;charset=GBK\\nContent-Length: 178\\n\\n', 'status': 200}")
('2015-03-21 11:30:03.124670', '\r\n\r\n\r\n\r\n\r\n\r\n\r\n\r\n\r\n\r\n\r\n<XML><ERRORCODE>110</ERRORCODE><ERRORSTRING>没有正在举行的拍卖会，请注意拍卖公告！</ERRORSTRING><ERRORSTRING_EN>Auction is not begin!</ERRORSTRING_EN></XML>')
('2015-03-21 11:30:03.124730', "client 52504578 bid 2 fd_image ack error {'body': '\\r\\n\\r\\n\\r\\n\\r\\n\\r\\n\\r\\n\\r\\n\\r\\n\\r\\n\\r\\n\\r\\n<XML><ERRORCODE>110</ERRORCODE><ERRORSTRING>没有正在举行的拍卖会，请注意拍卖公告！</ERRORSTRING><ERRORSTRING_EN>Auction is not begin!</ERRORSTRING_EN></XML>', 'head': 'Connection: close\\nDate: Sat, 21 Mar 2015 03:30:03 GMT\\nServer: Microsoft-IIS/6.0\\nSet-Cookie: JSESSIONID=9D2F443CB6ACBF7D2A94696EC15BE5FE; Path=/car\\nContent-Type: text/html;charset=GBK\\nContent-Length: 178\\n\\n', 'status': 200}")
('2015-03-21 11:30:03.652392', 'client 52513427 bid 2 fd_image Timeout')
('2015-03-21 11:30:03.654573', 'client 52516714 bid 2 fd_image Timeout')
('2015-03-21 11:30:03.655177', 'client 52315673 bid 2 fd_image Timeout')
('2015-03-21 11:30:03.657073', 'client 52547074 bid 2 fd_image Timeout')
('2015-03-21 11:30:03.671304', '\r\n\r\n\r\n\r\n\r\n\r\n\r\n\r\n\r\n\r\n\r\n<XML><ERRORCODE>110</ERRORCODE><ERRORSTRING>没有正在举行的拍卖会，请注意拍卖公告！</ERRORSTRING><ERRORSTRING_EN>Auction is not begin!</ERRORSTRING_EN></XML>')
('2015-03-21 11:30:03.671369', "client 52547074 bid 2 fd_image ack error {'body': '\\r\\n\\r\\n\\r\\n\\r\\n\\r\\n\\r\\n\\r\\n\\r\\n\\r\\n\\r\\n\\r\\n<XML><ERRORCODE>110</ERRORCODE><ERRORSTRING>没有正在举行的拍卖会，请注意拍卖公告！</ERRORSTRING><ERRORSTRING_EN>Auction is not begin!</ERRORSTRING_EN></XML>', 'head': 'Connection: close\\nDate: Sat, 21 Mar 2015 03:30:03 GMT\\nServer: Microsoft-IIS/6.0\\nSet-Cookie: JSESSIONID=30F6E4604B01F51673D607C2BD166C4B; Path=/car\\nContent-Type: text/html;charset=GBK\\nContent-Length: 178\\n\\n', 'status': 200}")
('2015-03-21 11:30:03.674554', '\r\n\r\n\r\n\r\n\r\n\r\n\r\n\r\n\r\n\r\n\r\n<XML><ERRORCODE>110</ERRORCODE><ERRORSTRING>没有正在举行的拍卖会，请注意拍卖公告！</ERRORSTRING><ERRORSTRING_EN>Auction is not begin!</ERRORSTRING_EN></XML>')
('2015-03-21 11:30:03.674652', "client 52516714 bid 2 fd_image ack error {'body': '\\r\\n\\r\\n\\r\\n\\r\\n\\r\\n\\r\\n\\r\\n\\r\\n\\r\\n\\r\\n\\r\\n<XML><ERRORCODE>110</ERRORCODE><ERRORSTRING>没有正在举行的拍卖会，请注意拍卖公告！</ERRORSTRING><ERRORSTRING_EN>Auction is not begin!</ERRORSTRING_EN></XML>', 'head': 'Connection: close\\nDate: Sat, 21 Mar 2015 03:30:03 GMT\\nServer: Microsoft-IIS/6.0\\nSet-Cookie: JSESSIONID=096FB4E725A011C649F76D9606F9DD14; Path=/car\\nContent-Type: text/html;charset=GBK\\nContent-Length: 178\\n\\n', 'status': 200}")
('2015-03-21 11:30:03.761942', '\r\n\r\n\r\n\r\n\r\n\r\n\r\n\r\n\r\n\r\n\r\n<XML><ERRORCODE>110</ERRORCODE><ERRORSTRING>没有正在举行的拍卖会，请注意拍卖公告！</ERRORSTRING><ERRORSTRING_EN>Auction is not begin!</ERRORSTRING_EN></XML>')
('2015-03-21 11:30:03.762034', "client 52504578 bid 2 fd_image ack error {'body': '\\r\\n\\r\\n\\r\\n\\r\\n\\r\\n\\r\\n\\r\\n\\r\\n\\r\\n\\r\\n\\r\\n<XML><ERRORCODE>110</ERRORCODE><ERRORSTRING>没有正在举行的拍卖会，请注意拍卖公告！</ERRORSTRING><ERRORSTRING_EN>Auction is not begin!</ERRORSTRING_EN></XML>', 'head': 'Connection: close\\nDate: Sat, 21 Mar 2015 03:30:03 GMT\\nServer: Microsoft-IIS/6.0\\nSet-Cookie: JSESSIONID=E93CF72F55F0014E8AC1D2B3EC4F27CD; Path=/car\\nContent-Type: text/html;charset=GBK\\nContent-Length: 178\\n\\n', 'status': 200}")
('2015-03-21 11:30:09.265140', '\r\n\r\n\r\n\r\n\r\n\r\n\r\n\r\n\r\n\r\n\r\n<XML><ERRORCODE>110</ERRORCODE><ERRORSTRING>没有正在举行的拍卖会，请注意拍卖公告！</ERRORSTRING><ERRORSTRING_EN>Auction is not begin!</ERRORSTRING_EN></XML>')
('2015-03-21 11:30:09.265209', "client 52504578 bid 2 fd_image ack error {'body': '\\r\\n\\r\\n\\r\\n\\r\\n\\r\\n\\r\\n\\r\\n\\r\\n\\r\\n\\r\\n\\r\\n<XML><ERRORCODE>110</ERRORCODE><ERRORSTRING>没有正在举行的拍卖会，请注意拍卖公告！</ERRORSTRING><ERRORSTRING_EN>Auction is not begin!</ERRORSTRING_EN></XML>', 'head': 'Connection: close\\nDate: Sat, 21 Mar 2015 03:30:09 GMT\\nServer: Microsoft-IIS/6.0\\nSet-Cookie: JSESSIONID=CE5F1755632C332E3F7724E628C76936; Path=/car\\nContent-Type: text/html;charset=GBK\\nContent-Length: 178\\n\\n', 'status': 200}")
('2015-03-21 11:30:10.126081', 'client 52731275 bid 2 fd_image Timeout')
('2015-03-21 11:30:10.654710', 'client 52513427 bid 2 fd_image Timeout')
('2015-03-21 11:30:10.656962', 'client 52315673 bid 2 fd_image Timeout')
('2015-03-21 11:30:10.873966', '\r\n\r\n\r\n\r\n\r\n\r\n\r\n\r\n\r\n\r\n\r\n<XML><ERRORCODE>110</ERRORCODE><ERRORSTRING>没有正在举行的拍卖会，请注意拍卖公告！</ERRORSTRING><ERRORSTRING_EN>Auction is not begin!</ERRORSTRING_EN></XML>')
('2015-03-21 11:30:10.874052', "client 52513427 bid 2 fd_image ack error {'body': '\\r\\n\\r\\n\\r\\n\\r\\n\\r\\n\\r\\n\\r\\n\\r\\n\\r\\n\\r\\n\\r\\n<XML><ERRORCODE>110</ERRORCODE><ERRORSTRING>没有正在举行的拍卖会，请注意拍卖公告！</ERRORSTRING><ERRORSTRING_EN>Auction is not begin!</ERRORSTRING_EN></XML>', 'head': 'Connection: close\\nDate: Sat, 21 Mar 2015 03:30:10 GMT\\nServer: Microsoft-IIS/6.0\\nSet-Cookie: JSESSIONID=0A4F9B1D22D2C4E353B5852A280241F6; Path=/car\\nContent-Type: text/html;charset=GBK\\nContent-Length: 178\\n\\n', 'status': 200}")
('2015-03-21 11:30:11.592719', '\r\n\r\n\r\n\r\n\r\n\r\n\r\n\r\n\r\n\r\n\r\n<XML><ERRORCODE>110</ERRORCODE><ERRORSTRING>没有正在举行的拍卖会，请注意拍卖公告！</ERRORSTRING><ERRORSTRING_EN>Auction is not begin!</ERRORSTRING_EN></XML>')
('2015-03-21 11:30:11.592803', "client 52731275 bid 2 fd_image ack error {'body': '\\r\\n\\r\\n\\r\\n\\r\\n\\r\\n\\r\\n\\r\\n\\r\\n\\r\\n\\r\\n\\r\\n<XML><ERRORCODE>110</ERRORCODE><ERRORSTRING>没有正在举行的拍卖会，请注意拍卖公告！</ERRORSTRING><ERRORSTRING_EN>Auction is not begin!</ERRORSTRING_EN></XML>', 'head': 'Connection: close\\nDate: Sat, 21 Mar 2015 03:30:11 GMT\\nServer: Microsoft-IIS/6.0\\nSet-Cookie: JSESSIONID=88CB803434157B305A32049A544D0ADC; Path=/car\\nContent-Type: text/html;charset=GBK\\nContent-Length: 178\\n\\n', 'status': 200}")
('2015-03-21 11:30:13.663546', 'client 52547074 bid 2 fd_image Timeout')
('2015-03-21 11:30:13.665071', 'client 52516714 bid 2 fd_image Timeout')
('2015-03-21 11:30:17.658655', 'client 52315673 bid 2 fd_image Timeout')
('2015-03-21 11:30:50.608653', '\r\n\r\n\r\n\r\n\r\n\r\n\r\n\r\n\r\n\r\n<XML><ERRORCODE>311</ERRORCODE><ERRORSTRING>图像校验码错误！</ERRORSTRING><ERRORSTRING_EN>Image checksum error！</ERRORSTRING_EN></XML>')
('2015-03-21 11:30:50.608714', "client 52785524 bid 2 fd_price ack error {'errcode': '311', 'errstring': '图像校验码错误！'}")
('2015-03-21 11:30:52.211392', '\r\n\r\n\r\n\r\n\r\n\r\n\r\n\r\n\r\n\r\n<XML><ERRORCODE>110</ERRORCODE><ERRORSTRING>没有正在举行的拍卖会，请注意拍卖公告！</ERRORSTRING><ERRORSTRING_EN>Auction is not begin!</ERRORSTRING_EN></XML>\r\n')
('2015-03-21 11:30:52.211450', "client 52487170 bid 2 fd_price ack error {'errcode': '110', 'errstring': '没有正在举行的拍卖会，请注意拍卖公告！'}")
