('2014-09-20 09:26:37.019713', 'client 52538825 login 章炜尧 310109198310202073')
('2014-09-20 09:26:37.350377', 'client 52225605 login 姚佳 310109198206172011')
('2014-09-20 09:26:38.018667', 'client 52361965 login 李雪琳 310105198712305029')
('2014-09-20 09:26:38.351292', 'client 52341899 login 彭蔼徐 330501198401131340')
('2014-09-20 09:26:39.020849', 'client 52202333 login 史晓? 310110198203115623')
('2014-09-20 09:26:39.352052', 'client 52441143 login 许晨洁 310108197712102429')
('2014-09-20 09:26:40.017376', 'client 52396323 login 王帮翠 342601198210050782')
('2014-09-20 09:26:40.353422', 'client 52231861 login 汤诗龙 510107197809270059')
('2014-09-20 09:26:41.016593', 'client 52288934 login 周洋 510228198101178777')
('2014-09-20 09:26:41.353076', 'client 52335253 login 李静 320104197309201220')
('2014-09-20 09:26:42.016888', 'client 52364303 login 闻彬 340502197904080016')
('2014-09-20 09:26:42.356033', 'client 52412591 login 沈晔 310112197708130018')
('2014-09-20 10:32:34.066944', 'client 52441143 bid 0 image CF19719FB15158E20B1D2A6F98C1CE7D 261628 ')
('2014-09-20 10:32:35.797819', 'client 52361965 bid 0 image 498E3AE308D7D50B0A1ED814B06D22A8 605081 ')
('2014-09-20 10:32:36.232463', 'client 52341899 bid 0 image 625DAB10402FC7B30D75A8FD304F8216 062906 ')
('2014-09-20 10:32:36.923422', 'client 52538825 bid 0 image 93BBCC6BFEE9B821484F235A9B9F4614 061926 ')
('2014-09-20 10:32:36.997366', 'client 52412591 bid 0 image 1242C3BBB3890E0330FD8FF273EBE202 636382 ')
('2014-09-20 10:32:37.071810', 'client 52441143 bid 0 price 72600 许晨洁 310108197712102429')
('2014-09-20 10:32:37.716096', 'client 52202333 bid 0 image 706BEA984A512B3EAD6F968BB6129F3A 905360 ')
('2014-09-20 10:32:38.041963', 'client 52364303 bid 0 image 2D1C7B6A0ACD071689282E4781CC0926 003619 ')
('2014-09-20 10:32:38.710673', 'client 52225605 bid 0 image 499B9F94E8439D04CCFFA1F35677D4BD 264826 ')
('2014-09-20 10:32:38.803424', 'client 52361965 bid 0 price 72600 李雪琳 310105198712305029')
('2014-09-20 10:32:39.239029', 'client 52341899 bid 0 price 72600 彭蔼徐 330501198401131340')
('2014-09-20 10:32:39.241646', 'client 52231861 bid 0 image 98A7583A8811DD73EF5195F94A94DE74 835451 ')
('2014-09-20 10:32:39.929870', 'client 52538825 bid 0 price 72600 章炜尧 310109198310202073')
('2014-09-20 10:32:39.938864', 'client 52396323 bid 0 image 9015F5881B6DDAA9C1225E59F94304E9 628251 ')
('2014-09-20 10:32:40.002426', 'client 52412591 bid 0 price 72600 沈晔 310112197708130018')
('2014-09-20 10:32:40.038199', 'client 52288934 bid 0 image A68B171CA43693615FC752FABCD54D05 608290 ')
('2014-09-20 10:32:40.040068', 'client 52335253 bid 0 image 3363B7D10DBE9F7CD4B9FB2B44BA61A2 908151 ')
('2014-09-20 10:32:40.720898', 'client 52202333 bid 0 price 72600 史晓? 310110198203115623')
('2014-09-20 10:32:41.715489', 'client 52225605 bid 0 price 72600 姚佳 310109198206172011')
('2014-09-20 10:32:42.246373', 'client 52231861 bid 0 price 72600 汤诗龙 510107197809270059')
('2014-09-20 10:32:42.943276', 'client 52396323 bid 0 price 72600 王帮翠 342601198210050782')
('2014-09-20 10:32:43.043969', 'client 52288934 bid 0 price 72600 周洋 510228198101178777')
('2014-09-20 10:32:43.044133', 'client 52335253 bid 0 price 72600 李静 320104197309201220')
('2014-09-20 10:32:47.053683', 'client 52364303 bid 0 price Failed')
('2014-09-20 10:32:47.053823', 'client 52364303 bid 0 failed. Abort.....')
('2014-09-20 11:29:42.498706', 'client 52341899 bid 1 image 858E86DA9326F65B48D3DEAEEB5775E7 260509 ')
('2014-09-20 11:29:43.869844', 'client 52412591 bid 1 image 217A518AB7DD7D86E242B3BF979BC7E6 061616 ')
('2014-09-20 11:29:44.835260', 'client 52396323 bid 1 image FE106146C49141547632F78C7460B521 508061 ')
('2014-09-20 11:29:45.852137', 'client 52538825 bid 1 image 7C4EA6A0BDF90BA52468A01DD9396A7C 609164 ')
('2014-09-20 11:29:46.865980', 'client 52231861 bid 1 image 8E751A5A71CF6542AE04464BD4D99EEF 808493 ')
('2014-09-20 11:29:46.867879', 'client 52335253 bid 1 image DC598E006E6C15B6E1A13CAF2BE4FEE7 908464 ')
('2014-09-20 11:29:46.869863', 'client 52441143 bid 1 image 3D7AD5E670D201CBA74FC75EFF1884A7 605061 ')
('2014-09-20 11:29:48.199175', 'client 52412591 bid 1 price 73800 沈晔 310112197708130018')
('2014-09-20 11:29:48.200316', 'client 52396323 bid 1 price 73800 王帮翠 342601198210050782')
('2014-09-20 11:29:48.856904', 'client 52538825 bid 1 price 73800 章炜尧 310109198310202073')
('2014-09-20 11:29:48.907027', 'client 52202333 bid 1 image 5DEA8F8ED810E0219E79686ED221FD18 838383 ')
('2014-09-20 11:29:48.909131', 'client 52361965 bid 1 image 67F92B653836DC4103882A00284BF1EB 262926 ')
('2014-09-20 11:29:48.911131', 'client 52364303 bid 1 image 96DF664A8518BF2658C96E8253946E2A 939251 ')
('2014-09-20 11:29:49.870826', 'client 52231861 bid 1 price 73800 汤诗龙 510107197809270059')
('2014-09-20 11:29:49.871132', 'client 52335253 bid 1 price 73800 李静 320104197309201220')
('2014-09-20 11:29:49.874696', 'client 52441143 bid 1 price 73800 许晨洁 310108197712102429')
('2014-09-20 11:29:51.205345', 'client 52341899 bid 1 price 73800 彭蔼徐 330501198401131340')
('2014-09-20 11:29:51.911742', 'client 52202333 bid 1 price 73800 史晓? 310110198203115623')
('2014-09-20 11:29:51.914781', 'client 52361965 bid 1 price 73800 李雪琳 310105198712305029')
('2014-09-20 11:29:51.914896', 'client 52364303 bid 1 price 73800 闻彬 340502197904080016')
('2014-09-20 11:29:51.951624', 'client 52225605 bid 1 image 78E5111D7DBE9F0C567A3C7A15C5D2B3 460828 ')
('2014-09-20 11:29:51.953530', 'client 52288934 bid 1 image 5DA0C05B599AAA381250CFFF9006A787 383645 ')
('2014-09-20 11:29:54.959999', 'client 52225605 bid 1 price 73800 姚佳 310109198206172011')
('2014-09-20 11:29:54.960435', 'client 52288934 bid 1 price 73800 周洋 510228198101178777')
('2014-09-20 11:29:58.209377', 'client 52412591 bids finished. Quit.....')
('2014-09-20 11:29:58.210468', 'client 52396323 bids finished. Quit.....')
('2014-09-20 11:29:58.867140', 'client 52538825 bids finished. Quit.....')
('2014-09-20 11:29:59.881151', 'client 52231861 bids finished. Quit.....')
('2014-09-20 11:29:59.881447', 'client 52335253 bids finished. Quit.....')
('2014-09-20 11:29:59.884927', 'client 52441143 bids finished. Quit.....')
('2014-09-20 11:30:01.215686', 'client 52341899 bids finished. Quit.....')
('2014-09-20 11:30:01.921982', 'client 52202333 bids finished. Quit.....')
('2014-09-20 11:30:01.924912', 'client 52361965 bids finished. Quit.....')
('2014-09-20 11:30:01.925138', 'client 52364303 bids finished. Quit.....')
('2014-09-20 11:30:04.970304', 'client 52225605 bids finished. Quit.....')
('2014-09-20 11:30:04.970800', 'client 52288934 bids finished. Quit.....')
