('2015-03-21 09:55:30.024115', 'client 52312655 login 严静 310107198201211314')
('2015-03-21 09:55:30.127990', 'client 52507170 login 陈剑强 420983198503272118')
('2015-03-21 09:55:31.514005', 'client 52489320 login 黄星辉 310107198907013416')
('2015-03-21 09:55:31.625376', 'client 52385131 login 陈?蔚 310105199010030029')
('2015-03-21 09:55:33.011882', 'client 52521595 login 唐颖秋 310105197108083226')
('2015-03-21 09:55:33.127035', 'client 52496916 login 陆燕婷 31022519920609122x')
('2015-03-21 09:55:34.524638', 'client 52492414 login 王元凯 371325198701110013')
('2015-03-21 09:55:34.629047', 'client 52548705 login 任俊 310106198109082816')
('2015-03-21 10:34:08.607164', 'client 52548705 bid 0 image C9F98EEFA654D4F74A80D86A4B7C0344 153506 ')
('2015-03-21 10:34:08.620216', 'client 52548705 bid 0 price 73700 任俊 310106198109082816')
('2015-03-21 10:34:09.221804', 'client 52507170 bid 0 image 54D60775CDB0FCF7F9FF9C2FDEAE8D00 509354 ')
('2015-03-21 10:34:09.235971', 'client 52507170 bid 0 price 73700 陈剑强 420983198503272118')
('2015-03-21 10:34:09.451581', 'client 52489320 bid 0 image 9CB0281B4D68C9F7FE9712C2667264BF 054648 ')
('2015-03-21 10:34:11.340474', 'client 52496916 bid 0 image 6F62514E56C43180DA659932845EF29B 091849 ')
('2015-03-21 10:34:11.464121', 'client 52489320 bid 0 price 73700 黄星辉 310107198907013416')
('2015-03-21 10:34:12.541592', 'client 52521595 bid 0 image 8A562EA17193628FA7197F48800AD0CD 529381 ')
('2015-03-21 10:34:30.229890', 'client 52492414 bid 0 image CF678490E648AD896B1EA4EDEC781736 054946 ')
('2015-03-21 10:34:45.345157', 'client 52496916 bid 0 price Failed')
('2015-03-21 10:34:45.345320', 'client 52496916 bid 0 failed. Abort.....')
('2015-03-21 10:34:46.546865', 'client 52521595 bid 0 price Failed')
('2015-03-21 10:34:46.546972', 'client 52521595 bid 0 failed. Abort.....')
('2015-03-21 10:34:50.190694', 'client 52312655 bid 0 image A79209E6249FE998D84BF226C40CC5E7 363626 ')
('2015-03-21 10:34:55.496461', 'client 52521595 bid 0 image 209173BFEF3213393ECB5EC075E01AF8 492825 ')
('2015-03-21 10:34:57.513906', 'client 52521595 bid 0 price 73700 唐颖秋 310105197108083226')
('2015-03-21 10:35:00.696924', 'client 52385131 bid 0 image 1F8B422D2EEBE6E0D2004FFF1776B0D7 626360 ')
('2015-03-21 10:35:04.237020', 'client 52492414 bid 0 price Failed')
('2015-03-21 10:35:04.237129', 'client 52492414 bid 0 failed. Abort.....')
('2015-03-21 10:35:24.195480', 'client 52312655 bid 0 price Failed')
('2015-03-21 10:35:24.195612', 'client 52312655 bid 0 failed. Abort.....')
('2015-03-21 10:35:34.702285', 'client 52385131 bid 0 price Failed')
('2015-03-21 10:35:34.702406', 'client 52385131 bid 0 failed. Abort.....')
('2015-03-21 10:35:34.983950', 'client 52312655 bid 0 image E75F9A511D2C585A5865D4E2955DEF3A 163929 ')
('2015-03-21 10:35:36.767873', 'client 52496916 bid 0 image 3D3F16068B4A344D5E9687F9035E1601 260548 ')
('2015-03-21 10:36:00.956966', 'client 52312655 bid 0 price 73700 严静 310107198201211314')
('2015-03-21 10:36:10.255420', 'client 52385131 bid 0 image 48B5A02A59C88C4734A6497AEDCF1570 919154 ')
('2015-03-21 10:36:10.772907', 'client 52496916 bid 0 price Failed')
('2015-03-21 10:36:10.773041', 'client 52496916 bid 0 failed. Abort.....')
('2015-03-21 10:36:13.462881', 'client 52492414 bid 0 image D43D2A62E219970F479A8D71C0863669 629164 ')
('2015-03-21 10:36:44.260767', 'client 52385131 bid 0 price Failed')
('2015-03-21 10:36:44.260878', 'client 52385131 bid 0 failed. Abort.....')
('2015-03-21 10:36:47.016658', 'client 52496916 bid 0 image 24994301A9E1F4415CE358BA2AA40D84 490926 ')
('2015-03-21 10:36:47.468340', 'client 52492414 bid 0 price Failed')
('2015-03-21 10:36:47.468459', 'client 52492414 bid 0 failed. Abort.....')
('2015-03-21 10:37:09.625539', 'client 52492414 bid 0 image 1BADCA69DC4D078C9B96CF791F912DB7 061919 ')
('2015-03-21 10:37:21.020204', 'client 52496916 bid 0 price Failed')
('2015-03-21 10:37:21.020307', 'client 52496916 bid 0 failed. Abort.....')
('2015-03-21 10:37:43.631207', 'client 52492414 bid 0 price Failed')
('2015-03-21 10:37:43.631339', 'client 52492414 bid 0 failed. Abort.....')
('2015-03-21 10:37:44.233510', 'client 52496916 bid 0 image 50A32C0013037BC2715DDBC9C24A1164 926484 ')
('2015-03-21 10:38:18.238443', 'client 52496916 bid 0 price Failed')
('2015-03-21 10:38:18.238576', 'client 52496916 bid 0 failed. Abort.....')
('2015-03-21 10:38:19.129020', 'client 52492414 bid 0 image 065297BF59E2B10A72AB9930156A74B2 080546 ')
('2015-03-21 10:38:44.025879', 'client 52496916 bid 0 image 60D9365234BAEB8C431DDC64C8ED4F77 619384 ')
('2015-03-21 10:38:53.137167', 'client 52492414 bid 0 price Failed')
('2015-03-21 10:38:53.137308', 'client 52492414 bid 0 failed. Abort.....')
('2015-03-21 10:39:18.031138', 'client 52496916 bid 0 price Failed')
('2015-03-21 10:39:18.031276', 'client 52496916 bid 0 failed. Abort.....')
('2015-03-21 10:39:52.977193', 'client 52496916 bid 0 image F722B741E2E85EE382524D8A7DCFD649 381925 ')
('2015-03-21 10:40:26.982093', 'client 52496916 bid 0 price Failed')
('2015-03-21 10:40:26.982214', 'client 52496916 bid 0 failed. Abort.....')
('2015-03-21 11:29:37.194853', 'client 52385131 bid 1 image EFE410861085833EA555E7010C1504A3 381826 ')
('2015-03-21 11:29:37.237440', 'client 52521595 bid 1 image BE82DC30AFBC1838F6C18149F79E4C9C 626051 ')
('2015-03-21 11:29:37.244322', 'client 52548705 bid 1 image CEEBCB1652B4C7265893C785CFCC3CBB 606064 ')
('2015-03-21 11:29:37.365229', 'client 52492414 bid 1 image 64F7DDA27DF0517C526B85F50F8C52C1 490939 ')
('2015-03-21 11:29:37.402432', 'client 52312655 bid 1 image 9D5BF3FE2A05A7473CADCF5A21CA3305 160846 ')
('2015-03-21 11:29:37.410385', 'client 52489320 bid 1 image F1AED85582B252820110D6F72A8BA0BA 945062 ')
('2015-03-21 11:29:43.499018', 'client 52496916 bid 1 image 8432706FBA86F161D3A59F6754B114AF 280935 ')
('2015-03-21 11:29:45.601166', 'client 52507170 bid 1 image DEF39C926315E7AD86A560CD7ED4492C 949161 ')
('2015-03-21 11:29:57.045082', 'client 52521595 bid 1 cancel')
('2015-03-21 11:29:57.045200', 'client 52521595 bid 1 price Failed')
('2015-03-21 11:29:57.045244', 'client 52521595 bid 1 failed. Abort.....')
('2015-03-21 11:29:57.046129', 'client 52489320 bid 1 cancel')
('2015-03-21 11:29:57.046176', 'client 52489320 bid 1 price Failed')
('2015-03-21 11:29:57.046211', 'client 52489320 bid 1 failed. Abort.....')
('2015-03-21 11:29:57.046500', 'client 52496916 bid 1 cancel')
('2015-03-21 11:29:57.046547', 'client 52496916 bid 1 price Failed')
('2015-03-21 11:29:57.046580', 'client 52496916 bid 1 failed. Abort.....')
('2015-03-21 11:29:57.047295', 'client 52385131 bid 1 cancel')
('2015-03-21 11:29:57.047341', 'client 52385131 bid 1 price Failed')
('2015-03-21 11:29:57.047374', 'client 52385131 bid 1 failed. Abort.....')
('2015-03-21 11:29:57.048466', 'client 52492414 bid 1 cancel')
('2015-03-21 11:29:57.048515', 'client 52492414 bid 1 price Failed')
('2015-03-21 11:29:57.048548', 'client 52492414 bid 1 failed. Abort.....')
('2015-03-21 11:29:57.049582', 'client 52507170 bid 1 cancel')
('2015-03-21 11:29:57.049624', 'client 52507170 bid 1 price Failed')
('2015-03-21 11:29:57.049657', 'client 52507170 bid 1 failed. Abort.....')
('2015-03-21 11:29:57.053233', 'client 52548705 bid 1 cancel')
('2015-03-21 11:29:57.053284', 'client 52548705 bid 1 price Failed')
('2015-03-21 11:29:57.053317', 'client 52548705 bid 1 failed. Abort.....')
('2015-03-21 11:29:57.054356', 'client 52312655 bid 1 cancel')
('2015-03-21 11:29:57.054402', 'client 52312655 bid 1 price Failed')
('2015-03-21 11:29:57.054435', 'client 52312655 bid 1 failed. Abort.....')
('2015-03-21 11:29:57.199586', 'client 52312655 bid 2 image AA76FB2AEB8E4BE696FF5D640E7FB655 092536 ')
('2015-03-21 11:29:57.398226', 'client 52385131 bid 2 image 716537C93E82E34EE7BC3284D3A47268 160828 ')
('2015-03-21 11:29:57.452498', 'client 52548705 bid 2 image 7122145C2767F90EC48C869A0CD498CA 353526 ')
('2015-03-21 11:29:57.501491', 'client 52489320 bid 2 image AD5A54DEBD1DFDC274BC290EB4885E59 836460 ')
('2015-03-21 11:29:58.601596', 'client 52492414 bid 2 image A953EAD744B68481CE653D041B5ECB0D 461545 ')
('2015-03-21 11:29:58.614393', 'client 52496916 bid 2 image 31649C18BE9BC4A08237308E02B3FEC6 506452 ')
('2015-03-21 11:30:11.208459', 'client 52312655 bid 2 price Failed')
('2015-03-21 11:30:11.208602', 'client 52312655 bid 2 failed. Abort.....')
('2015-03-21 11:30:11.403564', 'client 52385131 bid 2 price Failed')
('2015-03-21 11:30:11.403698', 'client 52385131 bid 2 failed. Abort.....')
('2015-03-21 11:30:11.457606', 'client 52548705 bid 2 price Failed')
('2015-03-21 11:30:11.457735', 'client 52548705 bid 2 failed. Abort.....')
('2015-03-21 11:30:11.506369', 'client 52489320 bid 2 price Failed')
('2015-03-21 11:30:11.506474', 'client 52489320 bid 2 failed. Abort.....')
('2015-03-21 11:30:12.606696', 'client 52492414 bid 2 price Failed')
('2015-03-21 11:30:12.606832', 'client 52492414 bid 2 failed. Abort.....')
('2015-03-21 11:30:12.619793', 'client 52496916 bid 2 price Failed')
('2015-03-21 11:30:12.619898', 'client 52496916 bid 2 failed. Abort.....')
('2015-03-21 11:30:14.061121', 'client 52507170 bid 2 image Failed')
('2015-03-21 11:30:14.061167', 'client 52507170 bid 2 failed. Abort.....')
('2015-03-21 11:30:18.052402', 'client 52521595 bid 2 image Failed')
('2015-03-21 11:30:18.052448', 'client 52521595 bid 2 failed. Abort.....')
('2015-03-21 11:30:21.218767', "client 52312655 bids finished. price : ['73700', None, None] . Quit.....")
('2015-03-21 11:30:21.413858', 'client 52385131 bids finished. price : [None, None, None] . Quit.....')
('2015-03-21 11:30:21.467900', "client 52548705 bids finished. price : ['73700', None, None] . Quit.....")
('2015-03-21 11:30:21.516588', "client 52489320 bids finished. price : ['73700', None, None] . Quit.....")
('2015-03-21 11:30:22.617008', 'client 52492414 bids finished. price : [None, None, None] . Quit.....')
('2015-03-21 11:30:22.630039', 'client 52496916 bids finished. price : [None, None, None] . Quit.....')
('2015-03-21 11:30:24.071338', "client 52507170 bids finished. price : ['73700', None, None] . Quit.....")
('2015-03-21 11:30:28.062620', "client 52521595 bids finished. price : ['73700', None, None] . Quit.....")
