('2015-03-21 09:55:30.074941', 'worker [3] started')
('2015-03-21 09:55:30.075008', 'client 8 initted')
('2015-03-21 09:55:31.507856', 'put_channel : channel login, group 0, time 2015-03-21 09:55:31.507800')
('2015-03-21 09:55:31.509217', 'put_channel : channel login, group 1, time 2015-03-21 09:55:31.509183')
('2015-03-21 09:55:31.511844', 'fd_channel : login[0] 1 login[1] 0 , tb0[0] 0 tb0[1] 0 , tb1[0] 0 tb1[1] 0')
('2015-03-21 09:55:31.573702', 'fd_channel : login[0] 0 login[1] 0 , tb0[0] 0 tb0[1] 0 , tb1[0] 0 tb1[1] 0')
('2015-03-21 09:55:33.008449', 'put_channel : channel login, group 0, time 2015-03-21 09:55:33.008328')
('2015-03-21 09:55:33.010574', 'put_channel : channel login, group 1, time 2015-03-21 09:55:33.010476')
('2015-03-21 09:55:33.011169', 'fd_channel : login[0] 1 login[1] 0 , tb0[0] 0 tb0[1] 0 , tb1[0] 0 tb1[1] 0')
('2015-03-21 09:55:33.075903', 'fd_channel : login[0] 0 login[1] 0 , tb0[0] 0 tb0[1] 0 , tb1[0] 0 tb1[1] 0')
('2015-03-21 09:55:34.508523', 'put_channel : channel login, group 0, time 2015-03-21 09:55:34.508371')
('2015-03-21 09:55:34.512576', 'put_channel : channel login, group 1, time 2015-03-21 09:55:34.512480')
('2015-03-21 09:55:34.513516', 'fd_channel : login[0] 1 login[1] 0 , tb0[0] 0 tb0[1] 0 , tb1[0] 0 tb1[1] 0')
('2015-03-21 09:55:34.577246', 'fd_channel : login[0] 0 login[1] 0 , tb0[0] 0 tb0[1] 0 , tb1[0] 0 tb1[1] 0')
('2015-03-21 09:55:36.006213', 'put_channel : channel login, group 0, time 2015-03-21 09:55:36.006156')
('2015-03-21 09:55:36.010022', 'put_channel : channel login, group 1, time 2015-03-21 09:55:36.009975')
('2015-03-21 09:55:36.010370', 'fd_channel : login[0] 1 login[1] 0 , tb0[0] 0 tb0[1] 0 , tb1[0] 0 tb1[1] 0')
('2015-03-21 09:55:36.078728', 'fd_channel : login[0] 0 login[1] 0 , tb0[0] 0 tb0[1] 0 , tb1[0] 0 tb1[1] 0')
('2015-03-21 10:32:31.505852', 'put_channel : channel tb0, group 0, time 2015-03-21 10:32:31.505741')
('2015-03-21 10:32:31.507503', 'put_channel : channel tb0, group 1, time 2015-03-21 10:32:31.507458')
('2015-03-21 10:32:33.008539', 'put_channel : channel tb0, group 0, time 2015-03-21 10:32:33.008480')
('2015-03-21 10:32:33.011292', 'put_channel : channel tb0, group 1, time 2015-03-21 10:32:33.011258')
('2015-03-21 10:32:34.507926', 'put_channel : channel tb0, group 0, time 2015-03-21 10:32:34.507866')
('2015-03-21 10:32:34.508186', 'put_channel : channel tb0, group 1, time 2015-03-21 10:32:34.508146')
('2015-03-21 10:32:36.006131', 'put_channel : channel tb0, group 0, time 2015-03-21 10:32:36.006070')
('2015-03-21 10:32:36.009275', 'put_channel : channel tb0, group 1, time 2015-03-21 10:32:36.009236')
('2015-03-21 10:32:37.506457', 'put_channel : channel tb0, group 0, time 2015-03-21 10:32:37.506383')
('2015-03-21 10:32:37.507996', 'put_channel : channel tb0, group 1, time 2015-03-21 10:32:37.507958')
('2015-03-21 10:32:39.006210', 'put_channel : channel tb0, group 0, time 2015-03-21 10:32:39.006148')
('2015-03-21 10:32:39.009468', 'put_channel : channel tb0, group 1, time 2015-03-21 10:32:39.009434')
('2015-03-21 10:32:40.509263', 'put_channel : channel tb0, group 0, time 2015-03-21 10:32:40.509140')
('2015-03-21 10:32:40.511055', 'put_channel : channel tb0, group 1, time 2015-03-21 10:32:40.510969')
('2015-03-21 10:32:42.008263', 'put_channel : channel tb0, group 0, time 2015-03-21 10:32:42.008142')
('2015-03-21 10:32:42.011218', 'put_channel : channel tb0, group 1, time 2015-03-21 10:32:42.011130')
('2015-03-21 10:32:43.506281', 'put_channel : channel tb0, group 0, time 2015-03-21 10:32:43.506220')
('2015-03-21 10:32:43.507968', 'put_channel : channel tb0, group 1, time 2015-03-21 10:32:43.507934')
('2015-03-21 10:32:45.006368', 'put_channel : channel tb0, group 0, time 2015-03-21 10:32:45.006308')
('2015-03-21 10:32:45.007842', 'put_channel : channel tb0, group 1, time 2015-03-21 10:32:45.007803')
('2015-03-21 10:32:46.508147', 'put_channel : channel tb0, group 0, time 2015-03-21 10:32:46.508081')
('2015-03-21 10:32:46.509964', 'put_channel : channel tb0, group 1, time 2015-03-21 10:32:46.509924')
('2015-03-21 10:32:48.006176', 'put_channel : channel tb0, group 0, time 2015-03-21 10:32:48.006115')
('2015-03-21 10:32:48.008153', 'put_channel : channel tb0, group 1, time 2015-03-21 10:32:48.008119')
('2015-03-21 10:32:49.506237', 'put_channel : channel tb0, group 0, time 2015-03-21 10:32:49.506177')
('2015-03-21 10:32:49.507588', 'put_channel : channel tb0, group 1, time 2015-03-21 10:32:49.507549')
('2015-03-21 10:32:51.008281', 'put_channel : channel tb0, group 0, time 2015-03-21 10:32:51.008204')
('2015-03-21 10:32:51.010245', 'put_channel : channel tb0, group 1, time 2015-03-21 10:32:51.010212')
('2015-03-21 10:32:52.506417', 'put_channel : channel tb0, group 0, time 2015-03-21 10:32:52.506357')
('2015-03-21 10:32:52.508324', 'put_channel : channel tb0, group 1, time 2015-03-21 10:32:52.508284')
('2015-03-21 10:32:54.008032', 'put_channel : channel tb0, group 0, time 2015-03-21 10:32:54.007967')
('2015-03-21 10:32:54.009527', 'put_channel : channel tb0, group 1, time 2015-03-21 10:32:54.009493')
('2015-03-21 10:32:55.508239', 'put_channel : channel tb0, group 1, time 2015-03-21 10:32:55.508162')
('2015-03-21 10:32:55.508502', 'put_channel : channel tb0, group 0, time 2015-03-21 10:32:55.508471')
('2015-03-21 10:32:57.005138', 'put_channel : channel tb0, group 0, time 2015-03-21 10:32:57.005083')
('2015-03-21 10:32:57.007478', 'put_channel : channel tb0, group 1, time 2015-03-21 10:32:57.007439')
('2015-03-21 10:32:58.505933', 'put_channel : channel tb0, group 0, time 2015-03-21 10:32:58.505873')
('2015-03-21 10:32:58.509147', 'put_channel : channel tb0, group 1, time 2015-03-21 10:32:58.509111')
('2015-03-21 10:33:00.005485', 'put_channel : channel tb0, group 0, time 2015-03-21 10:33:00.005426')
('2015-03-21 10:33:00.006979', 'put_channel : channel tb0, group 1, time 2015-03-21 10:33:00.006946')
('2015-03-21 10:33:01.506737', 'put_channel : channel tb0, group 0, time 2015-03-21 10:33:01.506676')
('2015-03-21 10:33:01.507622', 'put_channel : channel tb0, group 1, time 2015-03-21 10:33:01.507583')
('2015-03-21 10:33:03.005798', 'put_channel : channel tb0, group 0, time 2015-03-21 10:33:03.005736')
('2015-03-21 10:33:03.007512', 'put_channel : channel tb0, group 1, time 2015-03-21 10:33:03.007478')
('2015-03-21 10:33:04.505771', 'put_channel : channel tb0, group 0, time 2015-03-21 10:33:04.505711')
('2015-03-21 10:33:04.508187', 'put_channel : channel tb0, group 1, time 2015-03-21 10:33:04.508153')
('2015-03-21 10:33:06.005950', 'put_channel : channel tb0, group 0, time 2015-03-21 10:33:06.005888')
('2015-03-21 10:33:06.007178', 'put_channel : channel tb0, group 1, time 2015-03-21 10:33:06.007145')
('2015-03-21 10:33:07.506841', 'put_channel : channel tb0, group 0, time 2015-03-21 10:33:07.506780')
('2015-03-21 10:33:07.507458', 'put_channel : channel tb0, group 1, time 2015-03-21 10:33:07.507424')
('2015-03-21 10:33:09.009007', 'put_channel : channel tb0, group 0, time 2015-03-21 10:33:09.008884')
('2015-03-21 10:33:09.010527', 'put_channel : channel tb0, group 1, time 2015-03-21 10:33:09.010429')
('2015-03-21 10:33:10.508910', 'put_channel : channel tb0, group 0, time 2015-03-21 10:33:10.508744')
('2015-03-21 10:33:10.510827', 'put_channel : channel tb0, group 1, time 2015-03-21 10:33:10.510730')
('2015-03-21 10:33:12.008227', 'put_channel : channel tb0, group 0, time 2015-03-21 10:33:12.008095')
('2015-03-21 10:33:12.013094', 'put_channel : channel tb0, group 1, time 2015-03-21 10:33:12.012994')
('2015-03-21 10:33:13.506733', 'put_channel : channel tb0, group 0, time 2015-03-21 10:33:13.506673')
('2015-03-21 10:33:13.509974', 'put_channel : channel tb0, group 1, time 2015-03-21 10:33:13.509939')
('2015-03-21 10:33:15.011315', 'put_channel : channel tb0, group 1, time 2015-03-21 10:33:15.011192')
('2015-03-21 10:33:15.012047', 'put_channel : channel tb0, group 0, time 2015-03-21 10:33:15.011948')
('2015-03-21 10:33:23.506580', 'put_channel : channel tb0, group 0, time 2015-03-21 10:33:23.506435')
('2015-03-21 10:33:23.517220', 'put_channel : channel tb0, group 0, time 2015-03-21 10:33:23.517180')
('2015-03-21 10:33:26.504908', 'put_channel : channel tb0, group 0, time 2015-03-21 10:33:26.504845')
('2015-03-21 10:33:26.506454', 'put_channel : channel tb0, group 1, time 2015-03-21 10:33:26.506414')
('2015-03-21 10:33:26.516367', 'put_channel : channel tb0, group 0, time 2015-03-21 10:33:26.516332')
('2015-03-21 10:33:27.007478', 'put_channel : channel tb0, group 1, time 2015-03-21 10:33:27.007423')
('2015-03-21 10:33:27.010526', 'put_channel : channel tb0, group 1, time 2015-03-21 10:33:27.010488')
('2015-03-21 10:33:28.506836', 'put_channel : channel tb0, group 1, time 2015-03-21 10:33:28.506776')
('2015-03-21 10:33:29.518320', 'put_channel : channel tb0, group 1, time 2015-03-21 10:33:29.518251')
('2015-03-21 10:33:30.006064', 'put_channel : channel tb0, group 0, time 2015-03-21 10:33:30.006004')
('2015-03-21 10:33:30.007584', 'put_channel : channel tb0, group 1, time 2015-03-21 10:33:30.007550')
('2015-03-21 10:33:30.008310', 'put_channel : channel tb0, group 0, time 2015-03-21 10:33:30.008270')
('2015-03-21 10:33:31.013739', 'put_channel : channel tb0, group 0, time 2015-03-21 10:33:31.013610')
('2015-03-21 10:33:31.508568', 'put_channel : channel tb0, group 1, time 2015-03-21 10:33:31.508508')
('2015-03-21 10:33:33.009421', 'put_channel : channel tb0, group 1, time 2015-03-21 10:33:33.009359')
('2015-03-21 10:33:34.004545', 'put_channel : channel tb0, group 0, time 2015-03-21 10:33:34.004480')
('2015-03-21 10:33:34.508465', 'put_channel : channel tb0, group 1, time 2015-03-21 10:33:34.508414')
('2015-03-21 10:33:36.011752', 'put_channel : channel tb0, group 1, time 2015-03-21 10:33:36.011630')
('2015-03-21 10:33:37.004544', 'put_channel : channel tb0, group 0, time 2015-03-21 10:33:37.004486')
('2015-03-21 10:33:37.506183', 'put_channel : channel tb0, group 0, time 2015-03-21 10:33:37.506116')
('2015-03-21 10:33:37.508104', 'put_channel : channel tb0, group 1, time 2015-03-21 10:33:37.508065')
('2015-03-21 10:33:37.570278', 'put_channel : channel tb0, group 0, time 2015-03-21 10:33:37.570240')
('2015-03-21 10:33:38.516754', 'put_channel : channel tb0, group 0, time 2015-03-21 10:33:38.516688')
('2015-03-21 10:33:39.008369', 'put_channel : channel tb0, group 1, time 2015-03-21 10:33:39.008309')
('2015-03-21 10:33:40.509789', 'put_channel : channel tb0, group 1, time 2015-03-21 10:33:40.509728')
('2015-03-21 10:33:42.006714', 'put_channel : channel tb0, group 0, time 2015-03-21 10:33:42.006648')
('2015-03-21 10:33:42.007732', 'put_channel : channel tb0, group 1, time 2015-03-21 10:33:42.007694')
('2015-03-21 10:33:42.008756', 'put_channel : channel tb0, group 0, time 2015-03-21 10:33:42.008724')
('2015-03-21 10:33:43.508242', 'put_channel : channel tb0, group 1, time 2015-03-21 10:33:43.508181')
('2015-03-21 10:33:45.008203', 'put_channel : channel tb0, group 1, time 2015-03-21 10:33:45.008141')
('2015-03-21 10:33:46.507974', 'put_channel : channel tb0, group 1, time 2015-03-21 10:33:46.507916')
('2015-03-21 10:33:47.504734', 'put_channel : channel tb0, group 0, time 2015-03-21 10:33:47.504673')
('2015-03-21 10:33:47.516378', 'put_channel : channel tb0, group 0, time 2015-03-21 10:33:47.516342')
('2015-03-21 10:33:48.009610', 'put_channel : channel tb0, group 1, time 2015-03-21 10:33:48.009549')
('2015-03-21 10:33:49.508063', 'put_channel : channel tb0, group 1, time 2015-03-21 10:33:49.507993')
('2015-03-21 10:33:51.011457', 'put_channel : channel tb0, group 1, time 2015-03-21 10:33:51.011336')
('2015-03-21 10:33:52.006635', 'put_channel : channel tb0, group 0, time 2015-03-21 10:33:52.006571')
('2015-03-21 10:33:52.020502', 'put_channel : channel tb0, group 0, time 2015-03-21 10:33:52.020462')
('2015-03-21 10:33:52.068397', 'put_channel : channel tb0, group 0, time 2015-03-21 10:33:52.068359')
('2015-03-21 10:33:52.509307', 'put_channel : channel tb0, group 1, time 2015-03-21 10:33:52.509249')
('2015-03-21 10:33:53.504819', 'put_channel : channel tb0, group 0, time 2015-03-21 10:33:53.504731')
('2015-03-21 10:33:54.007569', 'put_channel : channel tb0, group 1, time 2015-03-21 10:33:54.007508')
('2015-03-21 10:33:55.510834', 'put_channel : channel tb0, group 1, time 2015-03-21 10:33:55.510712')
('2015-03-21 10:33:57.009530', 'put_channel : channel tb0, group 1, time 2015-03-21 10:33:57.009458')
('2015-03-21 10:33:58.508072', 'put_channel : channel tb0, group 1, time 2015-03-21 10:33:58.508013')
('2015-03-21 10:34:00.008005', 'put_channel : channel tb0, group 1, time 2015-03-21 10:34:00.007944')
('2015-03-21 10:34:01.508616', 'put_channel : channel tb0, group 0, time 2015-03-21 10:34:01.508490')
('2015-03-21 10:34:01.509461', 'put_channel : channel tb0, group 0, time 2015-03-21 10:34:01.509380')
('2015-03-21 10:34:01.513267', 'put_channel : channel tb0, group 1, time 2015-03-21 10:34:01.513168')
('2015-03-21 10:34:01.708807', 'fd_channel : login[0] 0 login[1] 0 , tb0[0] 52 tb0[1] 56 , tb1[0] 0 tb1[1] 0')
('2015-03-21 10:34:01.709581', 'fd_channel : login[0] 0 login[1] 0 , tb0[0] 52 tb0[1] 55 , tb1[0] 0 tb1[1] 0')
('2015-03-21 10:34:01.710195', 'fd_channel : login[0] 0 login[1] 0 , tb0[0] 52 tb0[1] 54 , tb1[0] 0 tb1[1] 0')
('2015-03-21 10:34:01.710678', 'fd_channel : login[0] 0 login[1] 0 , tb0[0] 52 tb0[1] 53 , tb1[0] 0 tb1[1] 0')
('2015-03-21 10:34:01.711319', 'fd_channel : login[0] 0 login[1] 0 , tb0[0] 52 tb0[1] 52 , tb1[0] 0 tb1[1] 0')
('2015-03-21 10:34:01.712152', 'fd_channel : login[0] 0 login[1] 0 , tb0[0] 52 tb0[1] 51 , tb1[0] 0 tb1[1] 0')
('2015-03-21 10:34:01.712846', 'fd_channel : login[0] 0 login[1] 0 , tb0[0] 52 tb0[1] 50 , tb1[0] 0 tb1[1] 0')
('2015-03-21 10:34:01.713523', 'fd_channel : login[0] 0 login[1] 0 , tb0[0] 52 tb0[1] 49 , tb1[0] 0 tb1[1] 0')
('2015-03-21 10:34:02.518189', 'put_channel : channel tb0, group 0, time 2015-03-21 10:34:02.518125')
('2015-03-21 10:34:03.006393', 'put_channel : channel tb0, group 0, time 2015-03-21 10:34:03.006333')
('2015-03-21 10:34:03.008548', 'put_channel : channel tb0, group 0, time 2015-03-21 10:34:03.008512')
('2015-03-21 10:34:03.010317', 'put_channel : channel tb0, group 1, time 2015-03-21 10:34:03.010283')
('2015-03-21 10:34:04.020517', 'put_channel : channel tb0, group 0, time 2015-03-21 10:34:04.020454')
('2015-03-21 10:34:04.508453', 'put_channel : channel tb0, group 0, time 2015-03-21 10:34:04.508370')
('2015-03-21 10:34:04.509659', 'put_channel : channel tb0, group 1, time 2015-03-21 10:34:04.509590')
('2015-03-21 10:34:06.007806', 'put_channel : channel tb0, group 1, time 2015-03-21 10:34:06.007745')
('2015-03-21 10:34:16.844402', 'put_channel : channel tb0, group 0, time 2015-03-21 10:34:16.844269')
('2015-03-21 10:34:17.509882', 'put_channel : channel tb0, group 0, time 2015-03-21 10:34:17.509753')
('2015-03-21 10:34:18.005670', 'put_channel : channel tb0, group 0, time 2015-03-21 10:34:18.005612')
('2015-03-21 10:34:18.008677', 'put_channel : channel tb0, group 0, time 2015-03-21 10:34:18.008638')
('2015-03-21 10:34:19.014293', 'put_channel : channel tb0, group 0, time 2015-03-21 10:34:19.014227')
('2015-03-21 10:34:28.506431', 'put_channel : channel tb0, group 0, time 2015-03-21 10:34:28.506361')
('2015-03-21 10:34:28.509934', 'put_channel : channel tb0, group 0, time 2015-03-21 10:34:28.509895')
('2015-03-21 10:34:28.533904', 'put_channel : channel tb0, group 0, time 2015-03-21 10:34:28.533808')
('2015-03-21 10:34:29.516624', 'put_channel : channel tb0, group 0, time 2015-03-21 10:34:29.516558')
('2015-03-21 10:34:30.008579', 'put_channel : channel tb0, group 0, time 2015-03-21 10:34:30.008520')
('2015-03-21 10:34:30.008945', 'put_channel : channel tb0, group 0, time 2015-03-21 10:34:30.008911')
('2015-03-21 10:34:31.014564', 'put_channel : channel tb0, group 0, time 2015-03-21 10:34:31.014485')
('2015-03-21 10:34:31.510947', 'put_channel : channel tb0, group 0, time 2015-03-21 10:34:31.510826')
('2015-03-21 10:34:31.512242', 'put_channel : channel tb0, group 1, time 2015-03-21 10:34:31.512148')
('2015-03-21 10:34:31.512582', 'put_channel : channel tb0, group 1, time 2015-03-21 10:34:31.512500')
('2015-03-21 10:34:31.712324', 'fd_channel : login[0] 0 login[1] 0 , tb0[0] 70 tb0[1] 53 , tb1[0] 0 tb1[1] 0')
('2015-03-21 10:34:31.713533', 'fd_channel : login[0] 0 login[1] 0 , tb0[0] 70 tb0[1] 52 , tb1[0] 0 tb1[1] 0')
('2015-03-21 10:34:31.714760', 'fd_channel : login[0] 0 login[1] 0 , tb0[0] 70 tb0[1] 51 , tb1[0] 0 tb1[1] 0')
('2015-03-21 10:34:31.715801', 'fd_channel : login[0] 0 login[1] 0 , tb0[0] 70 tb0[1] 50 , tb1[0] 0 tb1[1] 0')
('2015-03-21 10:34:31.716389', 'fd_channel : login[0] 0 login[1] 0 , tb0[0] 70 tb0[1] 49 , tb1[0] 0 tb1[1] 0')
('2015-03-21 10:34:31.717003', 'fd_channel : login[0] 0 login[1] 0 , tb0[0] 70 tb0[1] 48 , tb1[0] 0 tb1[1] 0')
('2015-03-21 10:34:31.717609', 'fd_channel : login[0] 0 login[1] 0 , tb0[0] 70 tb0[1] 47 , tb1[0] 0 tb1[1] 0')
('2015-03-21 10:34:31.751457', 'fd_channel : login[0] 0 login[1] 0 , tb0[0] 69 tb0[1] 46 , tb1[0] 0 tb1[1] 0')
('2015-03-21 10:34:31.752845', 'fd_channel : login[0] 0 login[1] 0 , tb0[0] 66 tb0[1] 46 , tb1[0] 0 tb1[1] 0')
('2015-03-21 10:34:33.009902', 'put_channel : channel tb0, group 1, time 2015-03-21 10:34:33.009765')
('2015-03-21 10:34:33.010030', 'put_channel : channel tb0, group 1, time 2015-03-21 10:34:33.010001')
('2015-03-21 10:34:33.754490', 'fd_channel : login[0] 0 login[1] 0 , tb0[0] 64 tb0[1] 48 , tb1[0] 0 tb1[1] 0')
('2015-03-21 10:34:33.756142', 'fd_channel : login[0] 0 login[1] 0 , tb0[0] 64 tb0[1] 47 , tb1[0] 0 tb1[1] 0')
('2015-03-21 10:34:34.022295', 'put_channel : channel tb0, group 1, time 2015-03-21 10:34:34.022239')
('2015-03-21 10:34:34.512148', 'put_channel : channel tb0, group 1, time 2015-03-21 10:34:34.512039')
('2015-03-21 10:34:36.007665', 'put_channel : channel tb0, group 1, time 2015-03-21 10:34:36.007599')
('2015-03-21 10:34:37.511769', 'put_channel : channel tb0, group 1, time 2015-03-21 10:34:37.511648')
('2015-03-21 10:34:37.721619', 'fd_channel : login[0] 0 login[1] 0 , tb0[0] 62 tb0[1] 51 , tb1[0] 0 tb1[1] 0')
('2015-03-21 10:34:37.722419', 'fd_channel : login[0] 0 login[1] 0 , tb0[0] 62 tb0[1] 50 , tb1[0] 0 tb1[1] 0')
('2015-03-21 10:34:38.423408', 'fd_channel : login[0] 0 login[1] 0 , tb0[0] 61 tb0[1] 50 , tb1[0] 0 tb1[1] 0')
('2015-03-21 10:34:38.424040', 'fd_channel : login[0] 0 login[1] 0 , tb0[0] 61 tb0[1] 49 , tb1[0] 0 tb1[1] 0')
('2015-03-21 10:34:38.566681', 'put_channel : channel tb0, group 1, time 2015-03-21 10:34:38.566630')
('2015-03-21 10:34:39.009582', 'put_channel : channel tb0, group 1, time 2015-03-21 10:34:39.009528')
('2015-03-21 10:34:39.030706', 'put_channel : channel tb0, group 1, time 2015-03-21 10:34:39.030667')
('2015-03-21 10:34:40.070464', 'put_channel : channel tb0, group 1, time 2015-03-21 10:34:40.070397')
('2015-03-21 10:34:40.425347', 'fd_channel : login[0] 0 login[1] 0 , tb0[0] 60 tb0[1] 53 , tb1[0] 0 tb1[1] 0')
('2015-03-21 10:34:40.426111', 'fd_channel : login[0] 0 login[1] 0 , tb0[0] 60 tb0[1] 52 , tb1[0] 0 tb1[1] 0')
('2015-03-21 10:34:40.508555', 'put_channel : channel tb0, group 1, time 2015-03-21 10:34:40.508516')
('2015-03-21 10:34:42.009001', 'put_channel : channel tb0, group 1, time 2015-03-21 10:34:42.008878')
('2015-03-21 10:34:43.047175', 'put_channel : channel tb0, group 1, time 2015-03-21 10:34:43.047047')
('2015-03-21 10:34:43.512285', 'put_channel : channel tb0, group 1, time 2015-03-21 10:34:43.512163')
('2015-03-21 10:34:44.582266', 'put_channel : channel tb0, group 1, time 2015-03-21 10:34:44.582203')
('2015-03-21 10:34:45.007930', 'put_channel : channel tb0, group 1, time 2015-03-21 10:34:45.007867')
('2015-03-21 10:34:46.508324', 'put_channel : channel tb0, group 1, time 2015-03-21 10:34:46.508264')
('2015-03-21 10:34:48.009806', 'put_channel : channel tb0, group 1, time 2015-03-21 10:34:48.009745')
('2015-03-21 10:34:49.006281', 'put_channel : channel tb0, group 0, time 2015-03-21 10:34:49.006216')
('2015-03-21 10:34:49.013984', 'put_channel : channel tb0, group 0, time 2015-03-21 10:34:49.013944')
('2015-03-21 10:34:49.506554', 'put_channel : channel tb0, group 0, time 2015-03-21 10:34:49.506493')
('2015-03-21 10:34:49.507825', 'put_channel : channel tb0, group 1, time 2015-03-21 10:34:49.507792')
('2015-03-21 10:34:49.508265', 'put_channel : channel tb0, group 0, time 2015-03-21 10:34:49.508224')
('2015-03-21 10:34:49.540501', 'put_channel : channel tb0, group 0, time 2015-03-21 10:34:49.540466')
('2015-03-21 10:34:50.516552', 'put_channel : channel tb0, group 0, time 2015-03-21 10:34:50.516486')
('2015-03-21 10:34:50.565649', 'put_channel : channel tb0, group 0, time 2015-03-21 10:34:50.565549')
('2015-03-21 10:34:51.009232', 'put_channel : channel tb0, group 0, time 2015-03-21 10:34:51.009108')
('2015-03-21 10:34:51.011453', 'put_channel : channel tb0, group 1, time 2015-03-21 10:34:51.011355')
('2015-03-21 10:34:51.029877', 'put_channel : channel tb0, group 0, time 2015-03-21 10:34:51.029842')
('2015-03-21 10:34:52.020522', 'put_channel : channel tb0, group 0, time 2015-03-21 10:34:52.020458')
('2015-03-21 10:34:52.068270', 'put_channel : channel tb0, group 0, time 2015-03-21 10:34:52.068232')
('2015-03-21 10:34:52.509948', 'put_channel : channel tb0, group 0, time 2015-03-21 10:34:52.509831')
('2015-03-21 10:34:52.510818', 'put_channel : channel tb0, group 1, time 2015-03-21 10:34:52.510652')
('2015-03-21 10:34:52.532471', 'put_channel : channel tb0, group 0, time 2015-03-21 10:34:52.532435')
('2015-03-21 10:34:54.007994', 'put_channel : channel tb0, group 1, time 2015-03-21 10:34:54.007930')
('2015-03-21 10:34:55.507974', 'put_channel : channel tb0, group 1, time 2015-03-21 10:34:55.507900')
('2015-03-21 10:34:57.010893', 'put_channel : channel tb0, group 1, time 2015-03-21 10:34:57.010780')
('2015-03-21 10:34:58.510117', 'put_channel : channel tb0, group 1, time 2015-03-21 10:34:58.510056')
('2015-03-21 10:35:00.008101', 'put_channel : channel tb0, group 1, time 2015-03-21 10:35:00.008041')
('2015-03-21 10:35:01.508122', 'put_channel : channel tb0, group 1, time 2015-03-21 10:35:01.508063')
('2015-03-21 10:35:01.676044', 'fd_channel : login[0] 0 login[1] 0 , tb0[0] 59 tb0[1] 68 , tb1[0] 0 tb1[1] 0')
('2015-03-21 10:35:01.677329', 'fd_channel : login[0] 0 login[1] 0 , tb0[0] 59 tb0[1] 65 , tb1[0] 0 tb1[1] 0')
('2015-03-21 10:35:01.717418', 'fd_channel : login[0] 0 login[1] 0 , tb0[0] 59 tb0[1] 64 , tb1[0] 0 tb1[1] 0')
('2015-03-21 10:35:01.718441', 'fd_channel : login[0] 0 login[1] 0 , tb0[0] 59 tb0[1] 63 , tb1[0] 0 tb1[1] 0')
('2015-03-21 10:35:01.719530', 'fd_channel : login[0] 0 login[1] 0 , tb0[0] 59 tb0[1] 62 , tb1[0] 0 tb1[1] 0')
('2015-03-21 10:35:01.720241', 'fd_channel : login[0] 0 login[1] 0 , tb0[0] 59 tb0[1] 61 , tb1[0] 0 tb1[1] 0')
('2015-03-21 10:35:03.008073', 'put_channel : channel tb0, group 1, time 2015-03-21 10:35:03.008012')
('2015-03-21 10:35:03.674281', 'fd_channel : login[0] 0 login[1] 0 , tb0[0] 58 tb0[1] 61 , tb1[0] 0 tb1[1] 0')
('2015-03-21 10:35:03.674868', 'fd_channel : login[0] 0 login[1] 0 , tb0[0] 57 tb0[1] 61 , tb1[0] 0 tb1[1] 0')
('2015-03-21 10:35:05.757828', 'fd_channel : login[0] 0 login[1] 0 , tb0[0] 57 tb0[1] 60 , tb1[0] 0 tb1[1] 0')
('2015-03-21 10:35:10.689331', 'fd_channel : login[0] 0 login[1] 0 , tb0[0] 56 tb0[1] 59 , tb1[0] 0 tb1[1] 0')
('2015-03-21 10:35:10.692704', 'fd_channel : login[0] 0 login[1] 0 , tb0[0] 53 tb0[1] 59 , tb1[0] 0 tb1[1] 0')
('2015-03-21 10:35:12.006868', 'put_channel : channel tb0, group 0, time 2015-03-21 10:35:12.006805')
('2015-03-21 10:35:12.010740', 'put_channel : channel tb0, group 0, time 2015-03-21 10:35:12.010701')
('2015-03-21 10:35:12.036760', 'put_channel : channel tb0, group 0, time 2015-03-21 10:35:12.036719')
('2015-03-21 10:35:12.165469', 'put_channel : channel tb0, group 0, time 2015-03-21 10:35:12.165375')
('2015-03-21 10:35:12.428859', 'fd_channel : login[0] 0 login[1] 0 , tb0[0] 57 tb0[1] 58 , tb1[0] 0 tb1[1] 0')
('2015-03-21 10:35:13.012498', 'put_channel : channel tb0, group 0, time 2015-03-21 10:35:13.012435')
('2015-03-21 10:35:13.507455', 'put_channel : channel tb0, group 0, time 2015-03-21 10:35:13.507395')
('2015-03-21 10:35:13.508611', 'put_channel : channel tb0, group 0, time 2015-03-21 10:35:13.508578')
('2015-03-21 10:35:13.540558', 'put_channel : channel tb0, group 0, time 2015-03-21 10:35:13.540519')
('2015-03-21 10:35:14.518555', 'put_channel : channel tb0, group 0, time 2015-03-21 10:35:14.518491')
('2015-03-21 10:35:25.509723', 'put_channel : channel tb0, group 1, time 2015-03-21 10:35:25.509681')
('2015-03-21 10:35:25.512122', 'put_channel : channel tb0, group 1, time 2015-03-21 10:35:25.512084')
('2015-03-21 10:35:25.542330', 'put_channel : channel tb0, group 1, time 2015-03-21 10:35:25.542294')
('2015-03-21 10:35:26.218518', 'fd_channel : login[0] 0 login[1] 0 , tb0[0] 62 tb0[1] 56 , tb1[0] 0 tb1[1] 0')
('2015-03-21 10:35:26.519475', 'put_channel : channel tb0, group 1, time 2015-03-21 10:35:26.519418')
('2015-03-21 10:35:27.009570', 'put_channel : channel tb0, group 1, time 2015-03-21 10:35:27.009514')
('2015-03-21 10:35:27.012284', 'put_channel : channel tb0, group 1, time 2015-03-21 10:35:27.012245')
('2015-03-21 10:35:27.030506', 'put_channel : channel tb0, group 1, time 2015-03-21 10:35:27.030470')
('2015-03-21 10:35:28.024351', 'put_channel : channel tb0, group 1, time 2015-03-21 10:35:28.024286')
('2015-03-21 10:35:28.229308', 'fd_channel : login[0] 0 login[1] 0 , tb0[0] 61 tb0[1] 60 , tb1[0] 0 tb1[1] 0')
('2015-03-21 10:35:28.235550', 'fd_channel : login[0] 0 login[1] 0 , tb0[0] 54 tb0[1] 60 , tb1[0] 0 tb1[1] 0')
('2015-03-21 10:35:29.712619', 'fd_channel : login[0] 0 login[1] 0 , tb0[0] 53 tb0[1] 60 , tb1[0] 0 tb1[1] 0')
('2015-03-21 10:35:29.713572', 'fd_channel : login[0] 0 login[1] 0 , tb0[0] 53 tb0[1] 59 , tb1[0] 0 tb1[1] 0')
('2015-03-21 10:35:30.232301', 'fd_channel : login[0] 0 login[1] 0 , tb0[0] 52 tb0[1] 59 , tb1[0] 0 tb1[1] 0')
('2015-03-21 10:35:30.234223', 'fd_channel : login[0] 0 login[1] 0 , tb0[0] 52 tb0[1] 58 , tb1[0] 0 tb1[1] 0')
('2015-03-21 10:35:31.703211', 'fd_channel : login[0] 0 login[1] 0 , tb0[0] 51 tb0[1] 58 , tb1[0] 0 tb1[1] 0')
('2015-03-21 10:35:31.704056', 'fd_channel : login[0] 0 login[1] 0 , tb0[0] 51 tb0[1] 57 , tb1[0] 0 tb1[1] 0')
('2015-03-21 10:35:31.714591', 'fd_channel : login[0] 0 login[1] 0 , tb0[0] 50 tb0[1] 57 , tb1[0] 0 tb1[1] 0')
('2015-03-21 10:35:31.715438', 'fd_channel : login[0] 0 login[1] 0 , tb0[0] 50 tb0[1] 56 , tb1[0] 0 tb1[1] 0')
('2015-03-21 10:35:31.721336', 'fd_channel : login[0] 0 login[1] 0 , tb0[0] 50 tb0[1] 55 , tb1[0] 0 tb1[1] 0')
('2015-03-21 10:35:33.705172', 'fd_channel : login[0] 0 login[1] 0 , tb0[0] 49 tb0[1] 55 , tb1[0] 0 tb1[1] 0')
('2015-03-21 10:35:33.705975', 'fd_channel : login[0] 0 login[1] 0 , tb0[0] 49 tb0[1] 54 , tb1[0] 0 tb1[1] 0')
('2015-03-21 10:35:35.675696', 'fd_channel : login[0] 0 login[1] 0 , tb0[0] 49 tb0[1] 53 , tb1[0] 0 tb1[1] 0')
('2015-03-21 10:35:35.758862', 'fd_channel : login[0] 0 login[1] 0 , tb0[0] 49 tb0[1] 52 , tb1[0] 0 tb1[1] 0')
('2015-03-21 10:35:45.028536', 'put_channel : channel tb0, group 0, time 2015-03-21 10:35:45.028470')
('2015-03-21 10:35:46.005904', 'put_channel : channel tb0, group 0, time 2015-03-21 10:35:46.005842')
('2015-03-21 10:35:46.020312', 'put_channel : channel tb0, group 0, time 2015-03-21 10:35:46.020273')
('2015-03-21 10:35:46.084369', 'put_channel : channel tb0, group 0, time 2015-03-21 10:35:46.084323')
('2015-03-21 10:35:46.507358', 'put_channel : channel tb0, group 0, time 2015-03-21 10:35:46.507299')
('2015-03-21 10:35:46.508645', 'put_channel : channel tb0, group 0, time 2015-03-21 10:35:46.508605')
('2015-03-21 10:35:46.532415', 'put_channel : channel tb0, group 0, time 2015-03-21 10:35:46.532377')
('2015-03-21 10:35:47.517938', 'put_channel : channel tb0, group 0, time 2015-03-21 10:35:47.517814')
('2015-03-21 10:35:47.556263', 'put_channel : channel tb0, group 0, time 2015-03-21 10:35:47.556228')
('2015-03-21 10:35:48.007886', 'put_channel : channel tb0, group 0, time 2015-03-21 10:35:48.007835')
('2015-03-21 10:35:48.036537', 'put_channel : channel tb0, group 0, time 2015-03-21 10:35:48.036498')
('2015-03-21 10:35:49.012622', 'put_channel : channel tb0, group 0, time 2015-03-21 10:35:49.012557')
('2015-03-21 10:35:49.061938', 'put_channel : channel tb0, group 0, time 2015-03-21 10:35:49.061902')
('2015-03-21 10:35:49.509108', 'put_channel : channel tb0, group 0, time 2015-03-21 10:35:49.508985')
('2015-03-21 10:35:49.512354', 'put_channel : channel tb0, group 1, time 2015-03-21 10:35:49.512256')
('2015-03-21 10:35:49.513467', 'put_channel : channel tb0, group 1, time 2015-03-21 10:35:49.513379')
('2015-03-21 10:35:49.541304', 'put_channel : channel tb0, group 0, time 2015-03-21 10:35:49.541217')
('2015-03-21 10:35:49.543324', 'put_channel : channel tb0, group 1, time 2015-03-21 10:35:49.543228')
('2015-03-21 10:35:50.520896', 'put_channel : channel tb0, group 1, time 2015-03-21 10:35:50.520721')
('2015-03-21 10:35:50.566115', 'put_channel : channel tb0, group 0, time 2015-03-21 10:35:50.566076')
('2015-03-21 10:35:51.006503', 'put_channel : channel tb0, group 0, time 2015-03-21 10:35:51.006446')
('2015-03-21 10:35:51.009952', 'put_channel : channel tb0, group 1, time 2015-03-21 10:35:51.009912')
('2015-03-21 10:35:51.010230', 'put_channel : channel tb0, group 1, time 2015-03-21 10:35:51.010194')
('2015-03-21 10:35:51.028416', 'put_channel : channel tb0, group 0, time 2015-03-21 10:35:51.028381')
('2015-03-21 10:35:51.030176', 'put_channel : channel tb0, group 1, time 2015-03-21 10:35:51.030143')
('2015-03-21 10:35:52.022523', 'put_channel : channel tb0, group 1, time 2015-03-21 10:35:52.022449')
('2015-03-21 10:35:52.509684', 'put_channel : channel tb0, group 1, time 2015-03-21 10:35:52.509632')
('2015-03-21 10:35:52.534430', 'put_channel : channel tb0, group 1, time 2015-03-21 10:35:52.534395')
('2015-03-21 10:35:54.008540', 'put_channel : channel tb0, group 1, time 2015-03-21 10:35:54.008478')
('2015-03-21 10:35:54.038300', 'put_channel : channel tb0, group 1, time 2015-03-21 10:35:54.038264')
('2015-03-21 10:35:55.508015', 'put_channel : channel tb0, group 1, time 2015-03-21 10:35:55.507954')
('2015-03-21 10:35:55.526478', 'put_channel : channel tb0, group 1, time 2015-03-21 10:35:55.526439')
('2015-03-21 10:35:57.007376', 'put_channel : channel tb0, group 1, time 2015-03-21 10:35:57.007332')
('2015-03-21 10:35:57.031753', 'put_channel : channel tb0, group 1, time 2015-03-21 10:35:57.031717')
('2015-03-21 10:35:58.508136', 'put_channel : channel tb0, group 1, time 2015-03-21 10:35:58.508074')
('2015-03-21 10:35:59.559678', 'put_channel : channel tb0, group 1, time 2015-03-21 10:35:59.559549')
('2015-03-21 10:36:00.008213', 'put_channel : channel tb0, group 1, time 2015-03-21 10:36:00.008154')
('2015-03-21 10:36:01.063959', 'put_channel : channel tb0, group 1, time 2015-03-21 10:36:01.063894')
('2015-03-21 10:36:01.510490', 'put_channel : channel tb0, group 1, time 2015-03-21 10:36:01.510368')
('2015-03-21 10:36:01.725786', 'fd_channel : login[0] 0 login[1] 0 , tb0[0] 67 tb0[1] 59 , tb1[0] 0 tb1[1] 0')
('2015-03-21 10:36:02.236188', 'fd_channel : login[0] 0 login[1] 0 , tb0[0] 67 tb0[1] 58 , tb1[0] 0 tb1[1] 0')
('2015-03-21 10:36:02.566124', 'put_channel : channel tb0, group 1, time 2015-03-21 10:36:02.566067')
('2015-03-21 10:36:06.845859', 'fd_channel : login[0] 0 login[1] 0 , tb0[0] 55 tb0[1] 58 , tb1[0] 0 tb1[1] 0')
('2015-03-21 10:36:06.848818', 'fd_channel : login[0] 0 login[1] 0 , tb0[0] 52 tb0[1] 58 , tb1[0] 0 tb1[1] 0')
('2015-03-21 10:36:08.848306', 'fd_channel : login[0] 0 login[1] 0 , tb0[0] 51 tb0[1] 58 , tb1[0] 0 tb1[1] 0')
('2015-03-21 10:36:08.849334', 'fd_channel : login[0] 0 login[1] 0 , tb0[0] 51 tb0[1] 57 , tb1[0] 0 tb1[1] 0')
('2015-03-21 10:36:12.394187', 'fd_channel : login[0] 0 login[1] 0 , tb0[0] 50 tb0[1] 57 , tb1[0] 0 tb1[1] 0')
('2015-03-21 10:36:13.079000', 'fd_channel : login[0] 0 login[1] 0 , tb0[0] 49 tb0[1] 57 , tb1[0] 0 tb1[1] 0')
('2015-03-21 10:36:13.080091', 'fd_channel : login[0] 0 login[1] 0 , tb0[0] 49 tb0[1] 56 , tb1[0] 0 tb1[1] 0')
('2015-03-21 10:36:15.083299', 'fd_channel : login[0] 0 login[1] 0 , tb0[0] 48 tb0[1] 55 , tb1[0] 0 tb1[1] 0')
('2015-03-21 10:36:15.084817', 'fd_channel : login[0] 0 login[1] 0 , tb0[0] 47 tb0[1] 55 , tb1[0] 0 tb1[1] 0')
('2015-03-21 10:36:20.504582', 'put_channel : channel tb0, group 0, time 2015-03-21 10:36:20.504542')
('2015-03-21 10:36:20.517123', 'put_channel : channel tb0, group 0, time 2015-03-21 10:36:20.517034')
('2015-03-21 10:36:21.006179', 'put_channel : channel tb0, group 0, time 2015-03-21 10:36:21.006129')
('2015-03-21 10:36:21.010250', 'put_channel : channel tb0, group 0, time 2015-03-21 10:36:21.010214')
('2015-03-21 10:36:21.028502', 'put_channel : channel tb0, group 0, time 2015-03-21 10:36:21.028464')
('2015-03-21 10:36:22.022176', 'put_channel : channel tb0, group 0, time 2015-03-21 10:36:22.022124')
('2015-03-21 10:36:22.508122', 'put_channel : channel tb0, group 0, time 2015-03-21 10:36:22.507986')
('2015-03-21 10:36:22.535040', 'put_channel : channel tb0, group 0, time 2015-03-21 10:36:22.534950')
('2015-03-21 10:36:23.518180', 'put_channel : channel tb0, group 0, time 2015-03-21 10:36:23.518109')
('2015-03-21 10:36:23.557679', 'put_channel : channel tb0, group 0, time 2015-03-21 10:36:23.557579')
('2015-03-21 10:36:24.006482', 'put_channel : channel tb0, group 0, time 2015-03-21 10:36:24.006422')
('2015-03-21 10:36:24.038106', 'put_channel : channel tb0, group 0, time 2015-03-21 10:36:24.038067')
('2015-03-21 10:36:25.544018', 'put_channel : channel tb0, group 1, time 2015-03-21 10:36:25.543953')
('2015-03-21 10:36:26.118830', 'fd_channel : login[0] 0 login[1] 0 , tb0[0] 59 tb0[1] 55 , tb1[0] 0 tb1[1] 0')
('2015-03-21 10:36:26.506568', 'put_channel : channel tb0, group 1, time 2015-03-21 10:36:26.506508')
('2015-03-21 10:36:26.519929', 'put_channel : channel tb0, group 1, time 2015-03-21 10:36:26.519893')
('2015-03-21 10:36:27.008126', 'put_channel : channel tb0, group 1, time 2015-03-21 10:36:27.008071')
('2015-03-21 10:36:27.012250', 'put_channel : channel tb0, group 1, time 2015-03-21 10:36:27.012216')
('2015-03-21 10:36:27.032038', 'put_channel : channel tb0, group 1, time 2015-03-21 10:36:27.032000')
('2015-03-21 10:36:28.022318', 'put_channel : channel tb0, group 1, time 2015-03-21 10:36:28.022249')
('2015-03-21 10:36:28.510790', 'put_channel : channel tb0, group 1, time 2015-03-21 10:36:28.510667')
('2015-03-21 10:36:31.655615', 'fd_channel : login[0] 0 login[1] 0 , tb0[0] 58 tb0[1] 61 , tb1[0] 0 tb1[1] 0')
('2015-03-21 10:36:31.657866', 'fd_channel : login[0] 0 login[1] 0 , tb0[0] 51 tb0[1] 61 , tb1[0] 0 tb1[1] 0')
('2015-03-21 10:36:31.723231', 'fd_channel : login[0] 0 login[1] 0 , tb0[0] 51 tb0[1] 60 , tb1[0] 0 tb1[1] 0')
('2015-03-21 10:36:33.656836', 'fd_channel : login[0] 0 login[1] 0 , tb0[0] 50 tb0[1] 60 , tb1[0] 0 tb1[1] 0')
('2015-03-21 10:36:33.657647', 'fd_channel : login[0] 0 login[1] 0 , tb0[0] 50 tb0[1] 59 , tb1[0] 0 tb1[1] 0')
('2015-03-21 10:36:37.613732', 'fd_channel : login[0] 0 login[1] 0 , tb0[0] 49 tb0[1] 59 , tb1[0] 0 tb1[1] 0')
('2015-03-21 10:36:43.657037', 'fd_channel : login[0] 0 login[1] 0 , tb0[0] 48 tb0[1] 59 , tb1[0] 0 tb1[1] 0')
('2015-03-21 10:36:45.011153', 'put_channel : channel tb0, group 1, time 2015-03-21 10:36:45.011020')
('2015-03-21 10:36:45.012167', 'put_channel : channel tb0, group 1, time 2015-03-21 10:36:45.012047')
('2015-03-21 10:36:45.031310', 'put_channel : channel tb0, group 1, time 2015-03-21 10:36:45.031215')
('2015-03-21 10:36:46.022446', 'put_channel : channel tb0, group 1, time 2015-03-21 10:36:46.022382')
('2015-03-21 10:36:46.055027', 'put_channel : channel tb0, group 1, time 2015-03-21 10:36:46.054926')
('2015-03-21 10:36:46.507961', 'put_channel : channel tb0, group 1, time 2015-03-21 10:36:46.507900')
('2015-03-21 10:36:46.510699', 'put_channel : channel tb0, group 1, time 2015-03-21 10:36:46.510664')
('2015-03-21 10:36:46.534564', 'put_channel : channel tb0, group 1, time 2015-03-21 10:36:46.534527')
('2015-03-21 10:36:47.095405', 'fd_channel : login[0] 0 login[1] 0 , tb0[0] 48 tb0[1] 53 , tb1[0] 0 tb1[1] 0')
('2015-03-21 10:36:47.520276', 'put_channel : channel tb0, group 1, time 2015-03-21 10:36:47.520211')
('2015-03-21 10:36:47.559601', 'put_channel : channel tb0, group 1, time 2015-03-21 10:36:47.559565')
('2015-03-21 10:36:48.010552', 'put_channel : channel tb0, group 1, time 2015-03-21 10:36:48.010449')
('2015-03-21 10:36:48.039198', 'put_channel : channel tb0, group 1, time 2015-03-21 10:36:48.039097')
('2015-03-21 10:36:49.063651', 'put_channel : channel tb0, group 1, time 2015-03-21 10:36:49.063524')
('2015-03-21 10:36:49.510166', 'put_channel : channel tb0, group 1, time 2015-03-21 10:36:49.510105')
('2015-03-21 10:36:49.542379', 'put_channel : channel tb0, group 1, time 2015-03-21 10:36:49.542340')
('2015-03-21 10:36:51.009968', 'put_channel : channel tb0, group 1, time 2015-03-21 10:36:51.009898')
('2015-03-21 10:36:51.030459', 'put_channel : channel tb0, group 1, time 2015-03-21 10:36:51.030421')
('2015-03-21 10:36:52.508232', 'put_channel : channel tb0, group 1, time 2015-03-21 10:36:52.508162')
('2015-03-21 10:36:52.534390', 'put_channel : channel tb0, group 1, time 2015-03-21 10:36:52.534346')
('2015-03-21 10:36:53.229897', 'fd_channel : login[0] 0 login[1] 0 , tb0[0] 45 tb0[1] 60 , tb1[0] 0 tb1[1] 0')
('2015-03-21 10:36:53.232459', 'fd_channel : login[0] 0 login[1] 0 , tb0[0] 38 tb0[1] 60 , tb1[0] 0 tb1[1] 0')
('2015-03-21 10:36:55.006578', 'put_channel : channel tb0, group 0, time 2015-03-21 10:36:55.006508')
('2015-03-21 10:36:55.012917', 'put_channel : channel tb0, group 0, time 2015-03-21 10:36:55.012875')
('2015-03-21 10:36:55.229596', 'fd_channel : login[0] 0 login[1] 0 , tb0[0] 39 tb0[1] 60 , tb1[0] 0 tb1[1] 0')
('2015-03-21 10:36:55.230430', 'fd_channel : login[0] 0 login[1] 0 , tb0[0] 39 tb0[1] 59 , tb1[0] 0 tb1[1] 0')
('2015-03-21 10:36:55.509039', 'put_channel : channel tb0, group 0, time 2015-03-21 10:36:55.508920')
('2015-03-21 10:36:55.509859', 'put_channel : channel tb0, group 0, time 2015-03-21 10:36:55.509760')
('2015-03-21 10:36:55.527056', 'put_channel : channel tb0, group 0, time 2015-03-21 10:36:55.526963')
('2015-03-21 10:36:56.516808', 'put_channel : channel tb0, group 0, time 2015-03-21 10:36:56.516714')
('2015-03-21 10:36:56.548269', 'put_channel : channel tb0, group 0, time 2015-03-21 10:36:56.548223')
('2015-03-21 10:36:57.008689', 'put_channel : channel tb0, group 0, time 2015-03-21 10:36:57.008573')
('2015-03-21 10:36:57.028382', 'put_channel : channel tb0, group 0, time 2015-03-21 10:36:57.028341')
('2015-03-21 10:36:57.124750', 'put_channel : channel tb0, group 0, time 2015-03-21 10:36:57.124694')
('2015-03-21 10:36:58.020654', 'put_channel : channel tb0, group 0, time 2015-03-21 10:36:58.020594')
('2015-03-21 10:36:58.085568', 'put_channel : channel tb0, group 0, time 2015-03-21 10:36:58.085476')
('2015-03-21 10:36:58.506617', 'put_channel : channel tb0, group 0, time 2015-03-21 10:36:58.506549')
('2015-03-21 10:36:58.532586', 'put_channel : channel tb0, group 0, time 2015-03-21 10:36:58.532544')
('2015-03-21 10:36:58.661996', 'put_channel : channel tb0, group 0, time 2015-03-21 10:36:58.661939')
('2015-03-21 10:36:59.556710', 'put_channel : channel tb0, group 0, time 2015-03-21 10:36:59.556634')
('2015-03-21 10:37:00.005889', 'put_channel : channel tb0, group 0, time 2015-03-21 10:37:00.005825')
('2015-03-21 10:37:00.036476', 'put_channel : channel tb0, group 0, time 2015-03-21 10:37:00.036436')
('2015-03-21 10:37:01.725427', 'fd_channel : login[0] 0 login[1] 0 , tb0[0] 55 tb0[1] 56 , tb1[0] 0 tb1[1] 0')
('2015-03-21 10:37:12.010277', 'put_channel : channel tb0, group 1, time 2015-03-21 10:37:12.010216')
('2015-03-21 10:37:12.010536', 'put_channel : channel tb0, group 1, time 2015-03-21 10:37:12.010492')
('2015-03-21 10:37:12.039816', 'put_channel : channel tb0, group 1, time 2015-03-21 10:37:12.039774')
('2015-03-21 10:37:27.233947', 'fd_channel : login[0] 0 login[1] 0 , tb0[0] 55 tb0[1] 51 , tb1[0] 0 tb1[1] 0')
('2015-03-21 10:37:31.014217', 'put_channel : channel tb0, group 0, time 2015-03-21 10:37:31.014151')
('2015-03-21 10:37:31.014369', 'put_channel : channel tb0, group 0, time 2015-03-21 10:37:31.014330')
('2015-03-21 10:37:31.505569', 'put_channel : channel tb0, group 0, time 2015-03-21 10:37:31.505525')
('2015-03-21 10:37:31.508621', 'put_channel : channel tb0, group 0, time 2015-03-21 10:37:31.508584')
('2015-03-21 10:37:31.525545', 'put_channel : channel tb0, group 0, time 2015-03-21 10:37:31.525451')
('2015-03-21 10:37:31.725301', 'fd_channel : login[0] 0 login[1] 0 , tb0[0] 60 tb0[1] 50 , tb1[0] 0 tb1[1] 0')
('2015-03-21 10:37:32.516576', 'put_channel : channel tb0, group 0, time 2015-03-21 10:37:32.516513')
('2015-03-21 10:37:32.581600', 'put_channel : channel tb0, group 0, time 2015-03-21 10:37:32.581503')
('2015-03-21 10:37:33.006997', 'put_channel : channel tb0, group 0, time 2015-03-21 10:37:33.006948')
('2015-03-21 10:37:33.028775', 'put_channel : channel tb0, group 0, time 2015-03-21 10:37:33.028740')
('2015-03-21 10:37:33.092377', 'put_channel : channel tb0, group 0, time 2015-03-21 10:37:33.092339')
('2015-03-21 10:37:34.020865', 'put_channel : channel tb0, group 0, time 2015-03-21 10:37:34.020803')
('2015-03-21 10:37:34.052621', 'put_channel : channel tb0, group 0, time 2015-03-21 10:37:34.052585')
('2015-03-21 10:37:34.536027', 'put_channel : channel tb0, group 1, time 2015-03-21 10:37:34.535962')
('2015-03-21 10:37:35.506231', 'put_channel : channel tb0, group 1, time 2015-03-21 10:37:35.506167')
('2015-03-21 10:37:35.518203', 'put_channel : channel tb0, group 1, time 2015-03-21 10:37:35.518164')
('2015-03-21 10:37:35.558207', 'put_channel : channel tb0, group 1, time 2015-03-21 10:37:35.558171')
('2015-03-21 10:37:36.010145', 'put_channel : channel tb0, group 1, time 2015-03-21 10:37:36.010047')
('2015-03-21 10:37:36.010429', 'put_channel : channel tb0, group 1, time 2015-03-21 10:37:36.010389')
('2015-03-21 10:37:36.040985', 'put_channel : channel tb0, group 1, time 2015-03-21 10:37:36.040893')
('2015-03-21 10:37:37.014548', 'put_channel : channel tb0, group 1, time 2015-03-21 10:37:37.014490')
('2015-03-21 10:37:37.061987', 'put_channel : channel tb0, group 1, time 2015-03-21 10:37:37.061947')
('2015-03-21 10:37:37.508271', 'put_channel : channel tb0, group 1, time 2015-03-21 10:37:37.508212')
('2015-03-21 10:37:37.541872', 'put_channel : channel tb0, group 1, time 2015-03-21 10:37:37.541833')
('2015-03-21 10:37:38.518468', 'put_channel : channel tb0, group 1, time 2015-03-21 10:37:38.518405')
('2015-03-21 10:37:38.567470', 'put_channel : channel tb0, group 1, time 2015-03-21 10:37:38.567374')
('2015-03-21 10:37:39.010124', 'put_channel : channel tb0, group 1, time 2015-03-21 10:37:39.010066')
('2015-03-21 10:37:39.029945', 'put_channel : channel tb0, group 1, time 2015-03-21 10:37:39.029909')
('2015-03-21 10:37:40.512448', 'put_channel : channel tb0, group 1, time 2015-03-21 10:37:40.512334')
('2015-03-21 10:37:40.535020', 'put_channel : channel tb0, group 1, time 2015-03-21 10:37:40.534921')
('2015-03-21 10:37:41.575498', 'put_channel : channel tb0, group 1, time 2015-03-21 10:37:41.575375')
('2015-03-21 10:37:42.008078', 'put_channel : channel tb0, group 1, time 2015-03-21 10:37:42.008008')
('2015-03-21 10:37:42.039936', 'put_channel : channel tb0, group 1, time 2015-03-21 10:37:42.039897')
('2015-03-21 10:37:43.509493', 'put_channel : channel tb0, group 1, time 2015-03-21 10:37:43.509431')
('2015-03-21 10:37:44.550796', 'put_channel : channel tb0, group 1, time 2015-03-21 10:37:44.550731')
('2015-03-21 10:37:45.008355', 'put_channel : channel tb0, group 1, time 2015-03-21 10:37:45.008309')
('2015-03-21 10:37:45.673094', 'fd_channel : login[0] 0 login[1] 0 , tb0[0] 67 tb0[1] 71 , tb1[0] 0 tb1[1] 0')
('2015-03-21 10:37:46.086351', 'put_channel : channel tb0, group 1, time 2015-03-21 10:37:46.086286')
('2015-03-21 10:37:46.508226', 'put_channel : channel tb0, group 1, time 2015-03-21 10:37:46.508185')
('2015-03-21 10:37:47.559801', 'put_channel : channel tb0, group 1, time 2015-03-21 10:37:47.559734')
('2015-03-21 10:37:51.974329', 'fd_channel : login[0] 0 login[1] 0 , tb0[0] 41 tb0[1] 74 , tb1[0] 0 tb1[1] 0')
('2015-03-21 10:37:51.977680', 'fd_channel : login[0] 0 login[1] 0 , tb0[0] 41 tb0[1] 63 , tb1[0] 0 tb1[1] 0')
('2015-03-21 10:37:53.975822', 'fd_channel : login[0] 0 login[1] 0 , tb0[0] 40 tb0[1] 63 , tb1[0] 0 tb1[1] 0')
('2015-03-21 10:37:53.977165', 'fd_channel : login[0] 0 login[1] 0 , tb0[0] 40 tb0[1] 61 , tb1[0] 0 tb1[1] 0')
('2015-03-21 10:38:04.534201', 'put_channel : channel tb0, group 0, time 2015-03-21 10:38:04.534156')
('2015-03-21 10:38:04.726842', 'fd_channel : login[0] 0 login[1] 0 , tb0[0] 40 tb0[1] 61 , tb1[0] 0 tb1[1] 0')
('2015-03-21 10:38:04.729292', 'fd_channel : login[0] 0 login[1] 0 , tb0[0] 40 tb0[1] 55 , tb1[0] 0 tb1[1] 0')
('2015-03-21 10:38:05.504511', 'put_channel : channel tb0, group 0, time 2015-03-21 10:38:05.504448')
('2015-03-21 10:38:05.518097', 'put_channel : channel tb0, group 0, time 2015-03-21 10:38:05.518057')
('2015-03-21 10:38:05.572487', 'put_channel : channel tb0, group 0, time 2015-03-21 10:38:05.572450')
('2015-03-21 10:38:06.006102', 'put_channel : channel tb0, group 0, time 2015-03-21 10:38:06.006046')
('2015-03-21 10:38:06.012053', 'put_channel : channel tb0, group 0, time 2015-03-21 10:38:06.012017')
('2015-03-21 10:38:06.036602', 'put_channel : channel tb0, group 0, time 2015-03-21 10:38:06.036566')
('2015-03-21 10:38:07.014076', 'put_channel : channel tb0, group 0, time 2015-03-21 10:38:07.014019')
('2015-03-21 10:38:07.076271', 'put_channel : channel tb0, group 0, time 2015-03-21 10:38:07.076235')
('2015-03-21 10:38:07.506142', 'put_channel : channel tb0, group 0, time 2015-03-21 10:38:07.506091')
('2015-03-21 10:38:07.525830', 'put_channel : channel tb0, group 0, time 2015-03-21 10:38:07.525793')
('2015-03-21 10:38:07.653535', 'put_channel : channel tb0, group 0, time 2015-03-21 10:38:07.653444')
('2015-03-21 10:38:08.517823', 'put_channel : channel tb0, group 0, time 2015-03-21 10:38:08.517699')
('2015-03-21 10:38:08.548527', 'put_channel : channel tb0, group 0, time 2015-03-21 10:38:08.548487')
('2015-03-21 10:38:09.006059', 'put_channel : channel tb0, group 0, time 2015-03-21 10:38:09.006005')
('2015-03-21 10:38:09.028495', 'put_channel : channel tb0, group 0, time 2015-03-21 10:38:09.028457')
('2015-03-21 10:38:09.125316', 'put_channel : channel tb0, group 0, time 2015-03-21 10:38:09.125225')
('2015-03-21 10:38:10.086235', 'put_channel : channel tb0, group 0, time 2015-03-21 10:38:10.086162')
('2015-03-21 10:38:11.466723', 'fd_channel : login[0] 0 login[1] 0 , tb0[0] 57 tb0[1] 54 , tb1[0] 0 tb1[1] 0')
('2015-03-21 10:38:12.007684', 'put_channel : channel tb0, group 1, time 2015-03-21 10:38:12.007641')
('2015-03-21 10:38:12.010288', 'put_channel : channel tb0, group 1, time 2015-03-21 10:38:12.010249')
('2015-03-21 10:38:12.038218', 'put_channel : channel tb0, group 1, time 2015-03-21 10:38:12.038182')
('2015-03-21 10:38:13.015638', 'put_channel : channel tb0, group 1, time 2015-03-21 10:38:13.015594')
('2015-03-21 10:38:25.979459', 'fd_channel : login[0] 0 login[1] 0 , tb0[0] 57 tb0[1] 51 , tb1[0] 0 tb1[1] 0')
('2015-03-21 10:38:28.508309', 'put_channel : channel tb0, group 1, time 2015-03-21 10:38:28.508249')
('2015-03-21 10:38:28.511723', 'put_channel : channel tb0, group 1, time 2015-03-21 10:38:28.511688')
('2015-03-21 10:38:28.533838', 'put_channel : channel tb0, group 1, time 2015-03-21 10:38:28.533798')
('2015-03-21 10:38:29.518540', 'put_channel : channel tb0, group 1, time 2015-03-21 10:38:29.518483')
('2015-03-21 10:38:29.574500', 'put_channel : channel tb0, group 1, time 2015-03-21 10:38:29.574462')
('2015-03-21 10:38:30.008292', 'put_channel : channel tb0, group 1, time 2015-03-21 10:38:30.008246')
('2015-03-21 10:38:30.010131', 'put_channel : channel tb0, group 1, time 2015-03-21 10:38:30.010093')
('2015-03-21 10:38:30.038140', 'put_channel : channel tb0, group 1, time 2015-03-21 10:38:30.038104')
('2015-03-21 10:38:31.014369', 'put_channel : channel tb0, group 1, time 2015-03-21 10:38:31.014309')
('2015-03-21 10:38:31.080680', 'put_channel : channel tb0, group 1, time 2015-03-21 10:38:31.080588')
('2015-03-21 10:38:31.507890', 'put_channel : channel tb0, group 1, time 2015-03-21 10:38:31.507832')
('2015-03-21 10:38:31.526435', 'put_channel : channel tb0, group 1, time 2015-03-21 10:38:31.526397')
('2015-03-21 10:38:32.551964', 'put_channel : channel tb0, group 1, time 2015-03-21 10:38:32.551892')
('2015-03-21 10:38:33.008396', 'put_channel : channel tb0, group 1, time 2015-03-21 10:38:33.008337')
('2015-03-21 10:38:33.030459', 'put_channel : channel tb0, group 1, time 2015-03-21 10:38:33.030424')
('2015-03-21 10:38:34.086525', 'put_channel : channel tb0, group 1, time 2015-03-21 10:38:34.086459')
('2015-03-21 10:38:34.508228', 'put_channel : channel tb0, group 1, time 2015-03-21 10:38:34.508167')
('2015-03-21 10:38:34.534085', 'put_channel : channel tb0, group 1, time 2015-03-21 10:38:34.534046')
('2015-03-21 10:38:35.558471', 'put_channel : channel tb0, group 1, time 2015-03-21 10:38:35.558406')
('2015-03-21 10:38:36.012251', 'put_channel : channel tb0, group 1, time 2015-03-21 10:38:36.012111')
('2015-03-21 10:38:36.038484', 'put_channel : channel tb0, group 1, time 2015-03-21 10:38:36.038444')
('2015-03-21 10:38:37.182796', 'fd_channel : login[0] 0 login[1] 0 , tb0[0] 56 tb0[1] 71 , tb1[0] 0 tb1[1] 0')
('2015-03-21 10:38:37.185833', 'fd_channel : login[0] 0 login[1] 0 , tb0[0] 47 tb0[1] 71 , tb1[0] 0 tb1[1] 0')
('2015-03-21 10:38:37.509509', 'put_channel : channel tb0, group 1, time 2015-03-21 10:38:37.509449')
('2015-03-21 10:38:38.566502', 'put_channel : channel tb0, group 1, time 2015-03-21 10:38:38.566438')
('2015-03-21 10:38:39.008347', 'put_channel : channel tb0, group 1, time 2015-03-21 10:38:39.008293')
('2015-03-21 10:38:40.007767', 'fd_channel : login[0] 0 login[1] 0 , tb0[0] 47 tb0[1] 73 , tb1[0] 0 tb1[1] 0')
('2015-03-21 10:38:40.510033', 'put_channel : channel tb0, group 1, time 2015-03-21 10:38:40.509983')
('2015-03-21 10:38:40.533664', 'put_channel : channel tb0, group 0, time 2015-03-21 10:38:40.533571')
('2015-03-21 10:38:41.504594', 'put_channel : channel tb0, group 0, time 2015-03-21 10:38:41.504529')
('2015-03-21 10:38:41.518154', 'put_channel : channel tb0, group 0, time 2015-03-21 10:38:41.518115')
('2015-03-21 10:38:41.572403', 'put_channel : channel tb0, group 0, time 2015-03-21 10:38:41.572368')
('2015-03-21 10:38:41.574681', 'put_channel : channel tb0, group 1, time 2015-03-21 10:38:41.574647')
('2015-03-21 10:38:42.010038', 'put_channel : channel tb0, group 0, time 2015-03-21 10:38:42.009919')
('2015-03-21 10:38:42.010691', 'put_channel : channel tb0, group 0, time 2015-03-21 10:38:42.010609')
('2015-03-21 10:38:42.037364', 'put_channel : channel tb0, group 0, time 2015-03-21 10:38:42.037269')
('2015-03-21 10:38:43.013347', 'put_channel : channel tb0, group 0, time 2015-03-21 10:38:43.013222')
('2015-03-21 10:38:43.044010', 'put_channel : channel tb0, group 0, time 2015-03-21 10:38:43.043974')
('2015-03-21 10:38:43.506618', 'put_channel : channel tb0, group 0, time 2015-03-21 10:38:43.506556')
('2015-03-21 10:38:43.526622', 'put_channel : channel tb0, group 0, time 2015-03-21 10:38:43.526584')
('2015-03-21 10:38:43.620566', 'put_channel : channel tb0, group 0, time 2015-03-21 10:38:43.620515')
('2015-03-21 10:38:44.502658', 'fd_channel : login[0] 0 login[1] 0 , tb0[0] 58 tb0[1] 75 , tb1[0] 0 tb1[1] 0')
('2015-03-21 10:38:44.504012', 'fd_channel : login[0] 0 login[1] 0 , tb0[0] 57 tb0[1] 75 , tb1[0] 0 tb1[1] 0')
('2015-03-21 10:38:45.319683', 'fd_channel : login[0] 0 login[1] 0 , tb0[0] 56 tb0[1] 75 , tb1[0] 0 tb1[1] 0')
('2015-03-21 10:39:12.040118', 'put_channel : channel tb0, group 1, time 2015-03-21 10:39:12.040049')
('2015-03-21 10:39:13.014743', 'put_channel : channel tb0, group 1, time 2015-03-21 10:39:13.014683')
('2015-03-21 10:39:13.063758', 'put_channel : channel tb0, group 1, time 2015-03-21 10:39:13.063718')
('2015-03-21 10:39:13.542717', 'put_channel : channel tb0, group 1, time 2015-03-21 10:39:13.542655')
('2015-03-21 10:39:15.028385', 'put_channel : channel tb0, group 0, time 2015-03-21 10:39:15.028329')
('2015-03-21 10:39:16.532544', 'put_channel : channel tb0, group 0, time 2015-03-21 10:39:16.532493')
('2015-03-21 10:39:18.118209', 'put_channel : channel tb0, group 0, time 2015-03-21 10:39:18.118152')
('2015-03-21 10:39:20.549610', 'put_channel : channel tb0, group 0, time 2015-03-21 10:39:20.549481')
('2015-03-21 10:39:21.028692', 'put_channel : channel tb0, group 0, time 2015-03-21 10:39:21.028637')
('2015-03-21 10:39:22.085854', 'put_channel : channel tb0, group 0, time 2015-03-21 10:39:22.085727')
('2015-03-21 10:39:22.662299', 'put_channel : channel tb0, group 0, time 2015-03-21 10:39:22.662229')
('2015-03-21 10:39:23.559398', 'put_channel : channel tb0, group 0, time 2015-03-21 10:39:23.559267')
('2015-03-21 10:39:24.132437', 'put_channel : channel tb0, group 0, time 2015-03-21 10:39:24.132375')
('2015-03-21 10:39:27.049119', 'put_channel : channel tb0, group 0, time 2015-03-21 10:39:27.049062')
('2015-03-21 10:39:27.141415', 'put_channel : channel tb0, group 0, time 2015-03-21 10:39:27.141316')
('2015-03-21 10:39:28.068485', 'put_channel : channel tb0, group 0, time 2015-03-21 10:39:28.068419')
('2015-03-21 10:39:29.572561', 'put_channel : channel tb0, group 0, time 2015-03-21 10:39:29.572497')
('2015-03-21 10:39:36.101710', 'put_channel : channel tb0, group 0, time 2015-03-21 10:39:36.101582')
('2015-03-21 10:39:40.644605', 'put_channel : channel tb0, group 0, time 2015-03-21 10:39:40.644538')
('2015-03-21 10:39:44.898661', 'put_channel : channel tb0, group 0, time 2015-03-21 10:39:44.898507')
('2015-03-21 10:39:46.600076', 'put_channel : channel tb0, group 1, time 2015-03-21 10:39:46.600010')
('2015-03-21 10:39:48.134570', 'put_channel : channel tb0, group 1, time 2015-03-21 10:39:48.134506')
('2015-03-21 10:39:48.729400', 'fd_channel : login[0] 0 login[1] 0 , tb0[0] 72 tb0[1] 35 , tb1[0] 0 tb1[1] 0')
('2015-03-21 10:39:48.730219', 'fd_channel : login[0] 0 login[1] 0 , tb0[0] 72 tb0[1] 34 , tb1[0] 0 tb1[1] 0')
('2015-03-21 10:39:49.670847', 'put_channel : channel tb0, group 1, time 2015-03-21 10:39:49.670800')
('2015-03-21 10:39:49.671065', 'put_channel : channel tb0, group 0, time 2015-03-21 10:39:49.671033')
('2015-03-21 10:39:51.141560', 'put_channel : channel tb0, group 0, time 2015-03-21 10:39:51.141438')
('2015-03-21 10:39:51.142889', 'put_channel : channel tb0, group 1, time 2015-03-21 10:39:51.142804')
('2015-03-21 10:39:52.616002', 'put_channel : channel tb0, group 1, time 2015-03-21 10:39:52.615937')
('2015-03-21 10:39:54.150279', 'put_channel : channel tb0, group 1, time 2015-03-21 10:39:54.150228')
('2015-03-21 10:39:54.212551', 'put_channel : channel tb0, group 0, time 2015-03-21 10:39:54.212511')
('2015-03-21 10:39:55.622232', 'put_channel : channel tb0, group 1, time 2015-03-21 10:39:55.622167')
('2015-03-21 10:39:55.783604', 'fd_channel : login[0] 0 login[1] 0 , tb0[0] 75 tb0[1] 38 , tb1[0] 0 tb1[1] 0')
('2015-03-21 10:39:57.095348', 'put_channel : channel tb0, group 0, time 2015-03-21 10:39:57.095234')
('2015-03-21 10:39:57.096963', 'put_channel : channel tb0, group 1, time 2015-03-21 10:39:57.096873')
('2015-03-21 10:39:58.628679', 'put_channel : channel tb0, group 0, time 2015-03-21 10:39:58.628622')
('2015-03-21 10:39:58.631618', 'put_channel : channel tb0, group 1, time 2015-03-21 10:39:58.631582')
('2015-03-21 10:40:01.159275', 'fd_channel : login[0] 0 login[1] 0 , tb0[0] 77 tb0[1] 39 , tb1[0] 0 tb1[1] 0')
('2015-03-21 10:40:01.186321', 'put_channel : channel tb0, group 0, time 2015-03-21 10:40:01.186280')
('2015-03-21 10:40:01.419060', 'fd_channel : login[0] 0 login[1] 0 , tb0[0] 78 tb0[1] 38 , tb1[0] 0 tb1[1] 0')
('2015-03-21 10:40:01.427245', 'fd_channel : login[0] 0 login[1] 0 , tb0[0] 50 tb0[1] 38 , tb1[0] 0 tb1[1] 0')
('2015-03-21 10:40:03.112602', 'put_channel : channel tb0, group 1, time 2015-03-21 10:40:03.112461')
('2015-03-21 10:40:03.207972', 'fd_channel : login[0] 0 login[1] 0 , tb0[0] 50 tb0[1] 38 , tb1[0] 0 tb1[1] 0')
('2015-03-21 10:40:04.643012', 'put_channel : channel tb0, group 0, time 2015-03-21 10:40:04.642950')
('2015-03-21 10:40:04.647606', 'put_channel : channel tb0, group 1, time 2015-03-21 10:40:04.647569')
('2015-03-21 10:40:06.116736', 'put_channel : channel tb0, group 0, time 2015-03-21 10:40:06.116671')
('2015-03-21 10:40:06.118002', 'put_channel : channel tb0, group 1, time 2015-03-21 10:40:06.117963')
('2015-03-21 10:40:07.592311', 'put_channel : channel tb0, group 1, time 2015-03-21 10:40:07.592248')
('2015-03-21 10:40:08.071765', 'fd_channel : login[0] 0 login[1] 0 , tb0[0] 52 tb0[1] 40 , tb1[0] 0 tb1[1] 0')
('2015-03-21 10:40:10.119453', 'fd_channel : login[0] 0 login[1] 0 , tb0[0] 52 tb0[1] 39 , tb1[0] 0 tb1[1] 0')
('2015-03-21 10:40:10.662198', 'put_channel : channel tb0, group 1, time 2015-03-21 10:40:10.662133')
('2015-03-21 10:40:12.136304', 'put_channel : channel tb0, group 1, time 2015-03-21 10:40:12.136231')
('2015-03-21 10:40:29.843586', 'fd_channel : login[0] 0 login[1] 0 , tb0[0] 35 tb0[1] 41 , tb1[0] 0 tb1[1] 0')
('2015-03-21 10:40:57.749292', 'fd_channel : login[0] 0 login[1] 0 , tb0[0] 35 tb0[1] 18 , tb1[0] 0 tb1[1] 0')
('2015-03-21 10:40:59.272060', 'fd_channel : login[0] 0 login[1] 0 , tb0[0] 35 tb0[1] 17 , tb1[0] 0 tb1[1] 0')
('2015-03-21 10:40:59.784569', 'fd_channel : login[0] 0 login[1] 0 , tb0[0] 35 tb0[1] 16 , tb1[0] 0 tb1[1] 0')
('2015-03-21 10:41:01.319162', 'fd_channel : login[0] 0 login[1] 0 , tb0[0] 35 tb0[1] 15 , tb1[0] 0 tb1[1] 0')
('2015-03-21 10:41:38.696949', 'fd_channel : login[0] 0 login[1] 0 , tb0[0] 35 tb0[1] 14 , tb1[0] 0 tb1[1] 0')
('2015-03-21 10:41:44.840284', 'fd_channel : login[0] 0 login[1] 0 , tb0[0] 35 tb0[1] 12 , tb1[0] 0 tb1[1] 0')
('2015-03-21 11:27:43.004606', 'put_channel : channel tb1, group 0, time 2015-03-21 11:27:43.004533')
('2015-03-21 11:27:45.009696', 'put_channel : channel tb1, group 1, time 2015-03-21 11:27:45.009633')
('2015-03-21 11:27:45.010654', 'put_channel : channel tb1, group 1, time 2015-03-21 11:27:45.010619')
('2015-03-21 11:27:46.004925', 'put_channel : channel tb1, group 0, time 2015-03-21 11:27:46.004860')
('2015-03-21 11:27:46.510974', 'put_channel : channel tb1, group 0, time 2015-03-21 11:27:46.510852')
('2015-03-21 11:27:46.512911', 'put_channel : channel tb1, group 0, time 2015-03-21 11:27:46.512756')
('2015-03-21 11:27:46.513607', 'put_channel : channel tb1, group 1, time 2015-03-21 11:27:46.513517')
('2015-03-21 11:27:46.513896', 'put_channel : channel tb1, group 1, time 2015-03-21 11:27:46.513824')
('2015-03-21 11:27:50.508245', 'put_channel : channel tb1, group 1, time 2015-03-21 11:27:50.508180')
('2015-03-21 11:27:51.010524', 'put_channel : channel tb1, group 0, time 2015-03-21 11:27:51.010462')
('2015-03-21 11:27:51.010715', 'put_channel : channel tb1, group 1, time 2015-03-21 11:27:51.010675')
('2015-03-21 11:27:52.006419', 'put_channel : channel tb1, group 0, time 2015-03-21 11:27:52.006354')
('2015-03-21 11:27:52.510854', 'put_channel : channel tb1, group 0, time 2015-03-21 11:27:52.510730')
('2015-03-21 11:27:53.504636', 'put_channel : channel tb1, group 0, time 2015-03-21 11:27:53.504569')
('2015-03-21 11:27:54.010600', 'put_channel : channel tb1, group 1, time 2015-03-21 11:27:54.010539')
('2015-03-21 11:27:55.510006', 'put_channel : channel tb1, group 0, time 2015-03-21 11:27:55.509880')
('2015-03-21 11:27:55.510926', 'put_channel : channel tb1, group 1, time 2015-03-21 11:27:55.510827')
('2015-03-21 11:27:55.511686', 'put_channel : channel tb1, group 1, time 2015-03-21 11:27:55.511601')
('2015-03-21 11:27:57.010162', 'put_channel : channel tb1, group 1, time 2015-03-21 11:27:57.010107')
('2015-03-21 11:27:58.004318', 'put_channel : channel tb1, group 0, time 2015-03-21 11:27:58.004252')
('2015-03-21 11:27:59.506676', 'put_channel : channel tb1, group 0, time 2015-03-21 11:27:59.506613')
('2015-03-21 11:27:59.506970', 'put_channel : channel tb1, group 1, time 2015-03-21 11:27:59.506930')
('2015-03-21 11:28:00.010455', 'put_channel : channel tb1, group 1, time 2015-03-21 11:28:00.010406')
('2015-03-21 11:28:01.007107', 'put_channel : channel tb1, group 0, time 2015-03-21 11:28:01.006978')
('2015-03-21 11:28:01.012505', 'put_channel : channel tb1, group 0, time 2015-03-21 11:28:01.012466')
('2015-03-21 11:28:03.010319', 'put_channel : channel tb1, group 1, time 2015-03-21 11:28:03.010258')
('2015-03-21 11:28:04.507892', 'put_channel : channel tb1, group 0, time 2015-03-21 11:28:04.507831')
('2015-03-21 11:28:04.511820', 'put_channel : channel tb1, group 1, time 2015-03-21 11:28:04.511781')
('2015-03-21 11:28:05.506097', 'put_channel : channel tb1, group 1, time 2015-03-21 11:28:05.506033')
('2015-03-21 11:28:08.506676', 'put_channel : channel tb1, group 1, time 2015-03-21 11:28:08.506611')
('2015-03-21 11:28:08.506961', 'put_channel : channel tb1, group 0, time 2015-03-21 11:28:08.506928')
('2015-03-21 11:28:10.022720', 'put_channel : channel tb1, group 1, time 2015-03-21 11:28:10.022657')
('2015-03-21 11:28:10.023024', 'put_channel : channel tb1, group 0, time 2015-03-21 11:28:10.022983')
('2015-03-21 11:28:11.506730', 'put_channel : channel tb1, group 0, time 2015-03-21 11:28:11.506665')
('2015-03-21 11:28:11.507029', 'put_channel : channel tb1, group 1, time 2015-03-21 11:28:11.506997')
('2015-03-21 11:28:12.053971', 'put_channel : channel tb1, group 1, time 2015-03-21 11:28:12.053854')
('2015-03-21 11:28:12.055151', 'put_channel : channel tb1, group 1, time 2015-03-21 11:28:12.055065')
('2015-03-21 11:28:13.006239', 'put_channel : channel tb1, group 0, time 2015-03-21 11:28:13.006175')
('2015-03-21 11:28:13.012411', 'put_channel : channel tb1, group 0, time 2015-03-21 11:28:13.012375')
('2015-03-21 11:28:13.014019', 'put_channel : channel tb1, group 1, time 2015-03-21 11:28:13.013978')
('2015-03-21 11:28:14.504581', 'put_channel : channel tb1, group 0, time 2015-03-21 11:28:14.504516')
('2015-03-21 11:28:14.506138', 'put_channel : channel tb1, group 1, time 2015-03-21 11:28:14.506098')
('2015-03-21 11:28:16.004916', 'put_channel : channel tb1, group 0, time 2015-03-21 11:28:16.004847')
('2015-03-21 11:28:16.533334', 'put_channel : channel tb1, group 0, time 2015-03-21 11:28:16.533211')
('2015-03-21 11:28:17.504829', 'put_channel : channel tb1, group 0, time 2015-03-21 11:28:17.504746')
('2015-03-21 11:28:17.506250', 'put_channel : channel tb1, group 1, time 2015-03-21 11:28:17.506209')
('2015-03-21 11:28:19.004616', 'put_channel : channel tb1, group 0, time 2015-03-21 11:28:19.004550')
('2015-03-21 11:28:19.506522', 'put_channel : channel tb1, group 0, time 2015-03-21 11:28:19.506461')
('2015-03-21 11:28:20.506315', 'put_channel : channel tb1, group 1, time 2015-03-21 11:28:20.506251')
('2015-03-21 11:28:22.006181', 'put_channel : channel tb1, group 0, time 2015-03-21 11:28:22.006119')
('2015-03-21 11:28:23.504531', 'put_channel : channel tb1, group 0, time 2015-03-21 11:28:23.504467')
('2015-03-21 11:28:23.506146', 'put_channel : channel tb1, group 1, time 2015-03-21 11:28:23.506111')
('2015-03-21 11:28:24.007725', 'put_channel : channel tb1, group 1, time 2015-03-21 11:28:24.007668')
('2015-03-21 11:28:24.037558', 'put_channel : channel tb1, group 0, time 2015-03-21 11:28:24.037459')
('2015-03-21 11:28:25.004356', 'put_channel : channel tb1, group 0, time 2015-03-21 11:28:25.004292')
('2015-03-21 11:28:25.015511', 'put_channel : channel tb1, group 1, time 2015-03-21 11:28:25.015472')
('2015-03-21 11:28:25.510810', 'put_channel : channel tb1, group 1, time 2015-03-21 11:28:25.510686')
('2015-03-21 11:28:27.008461', 'put_channel : channel tb1, group 1, time 2015-03-21 11:28:27.008406')
('2015-03-21 11:28:28.004753', 'put_channel : channel tb1, group 0, time 2015-03-21 11:28:28.004689')
('2015-03-21 11:28:29.506202', 'put_channel : channel tb1, group 1, time 2015-03-21 11:28:29.506138')
('2015-03-21 11:28:35.510443', 'put_channel : channel tb1, group 1, time 2015-03-21 11:28:35.510377')
('2015-03-21 11:28:35.518958', 'put_channel : channel tb1, group 0, time 2015-03-21 11:28:35.518917')
('2015-03-21 11:28:36.007770', 'put_channel : channel tb1, group 1, time 2015-03-21 11:28:36.007711')
('2015-03-21 11:28:37.004456', 'put_channel : channel tb1, group 0, time 2015-03-21 11:28:37.004397')
('2015-03-21 11:28:37.015922', 'put_channel : channel tb1, group 1, time 2015-03-21 11:28:37.015883')
('2015-03-21 11:28:38.504760', 'put_channel : channel tb1, group 0, time 2015-03-21 11:28:38.504687')
('2015-03-21 11:28:38.507851', 'put_channel : channel tb1, group 1, time 2015-03-21 11:28:38.507815')
('2015-03-21 11:28:38.516365', 'put_channel : channel tb1, group 0, time 2015-03-21 11:28:38.516331')
('2015-03-21 11:28:41.504623', 'put_channel : channel tb1, group 0, time 2015-03-21 11:28:41.504558')
('2015-03-21 11:28:43.004389', 'put_channel : channel tb1, group 0, time 2015-03-21 11:28:43.004325')
('2015-03-21 11:28:43.007949', 'put_channel : channel tb1, group 1, time 2015-03-21 11:28:43.007909')
('2015-03-21 11:28:43.507408', 'put_channel : channel tb1, group 0, time 2015-03-21 11:28:43.507329')
('2015-03-21 11:28:43.507669', 'put_channel : channel tb1, group 1, time 2015-03-21 11:28:43.507636')
('2015-03-21 11:28:43.524347', 'put_channel : channel tb1, group 0, time 2015-03-21 11:28:43.524302')
('2015-03-21 11:28:45.007914', 'put_channel : channel tb1, group 1, time 2015-03-21 11:28:45.007853')
('2015-03-21 11:28:46.004472', 'put_channel : channel tb1, group 0, time 2015-03-21 11:28:46.004405')
('2015-03-21 11:28:46.508973', 'put_channel : channel tb1, group 1, time 2015-03-21 11:28:46.508911')
('2015-03-21 11:28:47.518218', 'put_channel : channel tb1, group 1, time 2015-03-21 11:28:47.518152')
('2015-03-21 11:28:48.008311', 'put_channel : channel tb1, group 1, time 2015-03-21 11:28:48.008245')
('2015-03-21 11:28:50.506754', 'put_channel : channel tb1, group 1, time 2015-03-21 11:28:50.506689')
('2015-03-21 11:28:51.006006', 'put_channel : channel tb1, group 0, time 2015-03-21 11:28:51.005946')
('2015-03-21 11:28:51.009988', 'put_channel : channel tb1, group 1, time 2015-03-21 11:28:51.009949')
('2015-03-21 11:28:52.508135', 'put_channel : channel tb1, group 0, time 2015-03-21 11:28:52.508074')
('2015-03-21 11:28:53.517043', 'put_channel : channel tb1, group 0, time 2015-03-21 11:28:53.516979')
('2015-03-21 11:28:53.580517', 'put_channel : channel tb1, group 1, time 2015-03-21 11:28:53.580476')
('2015-03-21 11:28:54.038307', 'put_channel : channel tb1, group 0, time 2015-03-21 11:28:54.038254')
('2015-03-21 11:28:55.006183', 'put_channel : channel tb1, group 1, time 2015-03-21 11:28:55.006120')
('2015-03-21 11:28:55.508072', 'put_channel : channel tb1, group 0, time 2015-03-21 11:28:55.508015')
('2015-03-21 11:28:56.507767', 'put_channel : channel tb1, group 1, time 2015-03-21 11:28:56.507704')
('2015-03-21 11:29:00.007387', 'put_channel : channel tb1, group 0, time 2015-03-21 11:29:00.007327')
('2015-03-21 11:29:01.505788', 'put_channel : channel tb1, group 0, time 2015-03-21 11:29:01.505726')
('2015-03-21 11:29:03.009469', 'put_channel : channel tb1, group 1, time 2015-03-21 11:29:03.009409')
('2015-03-21 11:29:04.070122', 'put_channel : channel tb1, group 0, time 2015-03-21 11:29:04.070056')
('2015-03-21 11:29:04.507561', 'put_channel : channel tb1, group 0, time 2015-03-21 11:29:04.507496')
('2015-03-21 11:29:04.507838', 'put_channel : channel tb1, group 1, time 2015-03-21 11:29:04.507799')
('2015-03-21 11:29:05.516368', 'put_channel : channel tb1, group 0, time 2015-03-21 11:29:05.516304')
('2015-03-21 11:29:05.518794', 'put_channel : channel tb1, group 1, time 2015-03-21 11:29:05.518758')
('2015-03-21 11:29:06.008136', 'put_channel : channel tb1, group 1, time 2015-03-21 11:29:06.008077')
('2015-03-21 11:29:06.008402', 'put_channel : channel tb1, group 0, time 2015-03-21 11:29:06.008370')
('2015-03-21 11:29:07.511316', 'put_channel : channel tb1, group 1, time 2015-03-21 11:29:07.511194')
('2015-03-21 11:29:08.519639', 'put_channel : channel tb1, group 1, time 2015-03-21 11:29:08.519511')
('2015-03-21 11:29:09.010262', 'put_channel : channel tb1, group 1, time 2015-03-21 11:29:09.010207')
('2015-03-21 11:29:10.508110', 'put_channel : channel tb1, group 1, time 2015-03-21 11:29:10.508049')
('2015-03-21 11:29:12.008992', 'put_channel : channel tb1, group 0, time 2015-03-21 11:29:12.008932')
('2015-03-21 11:29:12.009921', 'put_channel : channel tb1, group 1, time 2015-03-21 11:29:12.009887')
('2015-03-21 11:29:12.038100', 'put_channel : channel tb1, group 0, time 2015-03-21 11:29:12.038060')
('2015-03-21 11:29:13.508446', 'put_channel : channel tb1, group 0, time 2015-03-21 11:29:13.508324')
('2015-03-21 11:29:13.510310', 'put_channel : channel tb1, group 0, time 2015-03-21 11:29:13.510224')
('2015-03-21 11:29:15.008591', 'put_channel : channel tb1, group 0, time 2015-03-21 11:29:15.008530')
('2015-03-21 11:29:15.031569', 'put_channel : channel tb1, group 1, time 2015-03-21 11:29:15.031533')
('2015-03-21 11:29:16.509842', 'put_channel : channel tb1, group 1, time 2015-03-21 11:29:16.509781')
('2015-03-21 11:29:16.510441', 'put_channel : channel tb1, group 1, time 2015-03-21 11:29:16.510401')
('2015-03-21 11:29:18.009819', 'put_channel : channel tb1, group 1, time 2015-03-21 11:29:18.009759')
('2015-03-21 11:29:24.008565', 'put_channel : channel tb1, group 0, time 2015-03-21 11:29:24.008504')
('2015-03-21 11:29:25.511563', 'put_channel : channel tb1, group 1, time 2015-03-21 11:29:25.511439')
('2015-03-21 11:29:27.010551', 'put_channel : channel tb1, group 1, time 2015-03-21 11:29:27.010496')
('2015-03-21 11:29:27.010818', 'put_channel : channel tb1, group 0, time 2015-03-21 11:29:27.010786')
('2015-03-21 11:29:28.070821', 'put_channel : channel tb1, group 1, time 2015-03-21 11:29:28.070758')
('2015-03-21 11:29:28.508760', 'put_channel : channel tb1, group 0, time 2015-03-21 11:29:28.508712')
('2015-03-21 11:29:28.612535', 'put_channel : channel tb1, group 0, time 2015-03-21 11:29:28.612497')
('2015-03-21 11:29:30.009630', 'put_channel : channel tb1, group 1, time 2015-03-21 11:29:30.009582')
('2015-03-21 11:29:30.009951', 'put_channel : channel tb1, group 1, time 2015-03-21 11:29:30.009913')
('2015-03-21 11:29:31.510565', 'put_channel : channel tb1, group 1, time 2015-03-21 11:29:31.510507')
('2015-03-21 11:29:33.029917', 'put_channel : channel tb1, group 0, time 2015-03-21 11:29:33.029857')
('2015-03-21 11:29:33.092400', 'put_channel : channel tb1, group 0, time 2015-03-21 11:29:33.092361')
('2015-03-21 11:29:34.020455', 'put_channel : channel tb1, group 0, time 2015-03-21 11:29:34.020391')
('2015-03-21 11:29:34.534228', 'put_channel : channel tb1, group 1, time 2015-03-21 11:29:34.534168')
('2015-03-21 11:29:36.927402', 'fd_channel : login[0] 0 login[1] 0 , tb0[0] 35 tb0[1] 12 , tb1[0] 62 tb1[1] 64')
('2015-03-21 11:29:36.928526', 'fd_channel : login[0] 0 login[1] 0 , tb0[0] 35 tb0[1] 12 , tb1[0] 62 tb1[1] 63')
('2015-03-21 11:29:36.929297', 'fd_channel : login[0] 0 login[1] 0 , tb0[0] 35 tb0[1] 12 , tb1[0] 62 tb1[1] 62')
('2015-03-21 11:29:36.930059', 'fd_channel : login[0] 0 login[1] 0 , tb0[0] 35 tb0[1] 12 , tb1[0] 62 tb1[1] 61')
('2015-03-21 11:29:36.930848', 'fd_channel : login[0] 0 login[1] 0 , tb0[0] 35 tb0[1] 12 , tb1[0] 62 tb1[1] 60')
('2015-03-21 11:29:36.931825', 'fd_channel : login[0] 0 login[1] 0 , tb0[0] 35 tb0[1] 12 , tb1[0] 62 tb1[1] 59')
('2015-03-21 11:29:36.933573', 'fd_channel : login[0] 0 login[1] 0 , tb0[0] 35 tb0[1] 12 , tb1[0] 62 tb1[1] 58')
('2015-03-21 11:29:36.934172', 'fd_channel : login[0] 0 login[1] 0 , tb0[0] 35 tb0[1] 12 , tb1[0] 62 tb1[1] 57')
('2015-03-21 11:29:40.020751', 'put_channel : channel tb1, group 0, time 2015-03-21 11:29:40.020698')
('2015-03-21 11:29:40.022094', 'put_channel : channel tb1, group 1, time 2015-03-21 11:29:40.022059')
('2015-03-21 11:29:46.023211', 'put_channel : channel tb1, group 1, time 2015-03-21 11:29:46.023152')
('2015-03-21 11:29:46.534330', 'put_channel : channel tb1, group 1, time 2015-03-21 11:29:46.534270')
('2015-03-21 11:29:49.542140', 'put_channel : channel tb1, group 1, time 2015-03-21 11:29:49.542079')
('2015-03-21 11:29:51.142935', 'put_channel : channel tb1, group 0, time 2015-03-21 11:29:51.142873')
('2015-03-21 11:29:52.022278', 'put_channel : channel tb1, group 1, time 2015-03-21 11:29:52.022213')
('2015-03-21 11:29:52.612686', 'put_channel : channel tb1, group 0, time 2015-03-21 11:29:52.612625')
('2015-03-21 11:29:56.981926', 'fd_channel : login[0] 0 login[1] 0 , tb0[0] 35 tb0[1] 12 , tb1[0] 65 tb1[1] 57')
('2015-03-21 11:29:56.983121', 'fd_channel : login[0] 0 login[1] 0 , tb0[0] 35 tb0[1] 12 , tb1[0] 65 tb1[1] 56')
('2015-03-21 11:29:56.983678', 'fd_channel : login[0] 0 login[1] 0 , tb0[0] 35 tb0[1] 12 , tb1[0] 65 tb1[1] 55')
('2015-03-21 11:29:56.984758', 'fd_channel : login[0] 0 login[1] 0 , tb0[0] 35 tb0[1] 12 , tb1[0] 65 tb1[1] 54')
('2015-03-21 11:29:56.985278', 'fd_channel : login[0] 0 login[1] 0 , tb0[0] 35 tb0[1] 12 , tb1[0] 65 tb1[1] 53')
('2015-03-21 11:29:56.985868', 'fd_channel : login[0] 0 login[1] 0 , tb0[0] 35 tb0[1] 12 , tb1[0] 65 tb1[1] 52')
('2015-03-21 11:29:56.986828', 'fd_channel : login[0] 0 login[1] 0 , tb0[0] 35 tb0[1] 12 , tb1[0] 65 tb1[1] 51')
('2015-03-21 11:29:56.987756', 'fd_channel : login[0] 0 login[1] 0 , tb0[0] 35 tb0[1] 12 , tb1[0] 65 tb1[1] 50')
('2015-03-21 11:29:57.206335', 'fd_channel : login[0] 0 login[1] 0 , tb0[0] 35 tb0[1] 12 , tb1[0] 57 tb1[1] 49')
('2015-03-21 11:29:57.208371', 'fd_channel : login[0] 0 login[1] 0 , tb0[0] 35 tb0[1] 12 , tb1[0] 51 tb1[1] 49')
('2015-03-21 11:29:57.343009', 'fd_channel : login[0] 0 login[1] 0 , tb0[0] 35 tb0[1] 12 , tb1[0] 50 tb1[1] 49')
('2015-03-21 11:29:57.343697', 'fd_channel : login[0] 0 login[1] 0 , tb0[0] 35 tb0[1] 12 , tb1[0] 50 tb1[1] 48')
('2015-03-21 11:29:57.349215', 'fd_channel : login[0] 0 login[1] 0 , tb0[0] 35 tb0[1] 12 , tb1[0] 49 tb1[1] 48')
('2015-03-21 11:29:57.350752', 'fd_channel : login[0] 0 login[1] 0 , tb0[0] 35 tb0[1] 12 , tb1[0] 49 tb1[1] 47')
('2015-03-21 11:29:57.358422', 'fd_channel : login[0] 0 login[1] 0 , tb0[0] 35 tb0[1] 12 , tb1[0] 48 tb1[1] 47')
('2015-03-21 11:29:57.359083', 'fd_channel : login[0] 0 login[1] 0 , tb0[0] 35 tb0[1] 12 , tb1[0] 48 tb1[1] 46')
('2015-03-21 11:29:57.782404', 'fd_channel : login[0] 0 login[1] 0 , tb0[0] 35 tb0[1] 12 , tb1[0] 47 tb1[1] 46')
('2015-03-21 11:29:57.783082', 'fd_channel : login[0] 0 login[1] 0 , tb0[0] 35 tb0[1] 12 , tb1[0] 47 tb1[1] 45')
('2015-03-21 11:29:59.208680', 'fd_channel : login[0] 0 login[1] 0 , tb0[0] 35 tb0[1] 12 , tb1[0] 46 tb1[1] 45')
('2015-03-21 11:29:59.210671', 'fd_channel : login[0] 0 login[1] 0 , tb0[0] 35 tb0[1] 12 , tb1[0] 46 tb1[1] 44')
('2015-03-21 11:29:59.344776', 'fd_channel : login[0] 0 login[1] 0 , tb0[0] 35 tb0[1] 12 , tb1[0] 45 tb1[1] 44')
('2015-03-21 11:29:59.345401', 'fd_channel : login[0] 0 login[1] 0 , tb0[0] 35 tb0[1] 12 , tb1[0] 45 tb1[1] 43')
('2015-03-21 11:29:59.351753', 'fd_channel : login[0] 0 login[1] 0 , tb0[0] 35 tb0[1] 12 , tb1[0] 44 tb1[1] 43')
('2015-03-21 11:29:59.352512', 'fd_channel : login[0] 0 login[1] 0 , tb0[0] 35 tb0[1] 12 , tb1[0] 44 tb1[1] 42')
('2015-03-21 11:29:59.360025', 'fd_channel : login[0] 0 login[1] 0 , tb0[0] 35 tb0[1] 12 , tb1[0] 43 tb1[1] 42')
('2015-03-21 11:29:59.360671', 'fd_channel : login[0] 0 login[1] 0 , tb0[0] 35 tb0[1] 12 , tb1[0] 43 tb1[1] 41')
('2015-03-21 11:29:59.784259', 'fd_channel : login[0] 0 login[1] 0 , tb0[0] 35 tb0[1] 12 , tb1[0] 42 tb1[1] 41')
('2015-03-21 11:29:59.785020', 'fd_channel : login[0] 0 login[1] 0 , tb0[0] 35 tb0[1] 12 , tb1[0] 42 tb1[1] 40')
('2015-03-21 11:30:01.920752', 'worker [3] stopping')
('2015-03-21 11:30:03.982578', 'fd_channel : login[0] 0 login[1] 0 , tb0[0] 35 tb0[1] 12 , tb1[0] 42 tb1[1] 39')
('2015-03-21 11:30:03.986339', 'fd_channel : login[0] 0 login[1] 0 , tb0[0] 35 tb0[1] 12 , tb1[0] 42 tb1[1] 38')
('2015-03-21 11:30:03.987252', 'fd_channel : login[0] 0 login[1] 0 , tb0[0] 35 tb0[1] 12 , tb1[0] 42 tb1[1] 37')
('2015-03-21 11:30:06.990794', 'fd_channel : login[0] 0 login[1] 0 , tb0[0] 35 tb0[1] 12 , tb1[0] 42 tb1[1] 36')
('2015-03-21 11:30:07.012586', 'put_channel : channel tb1, group 0, time 2015-03-21 11:30:07.012544')
('2015-03-21 11:30:07.055060', 'fd_channel : login[0] 0 login[1] 0 , tb0[0] 35 tb0[1] 12 , tb1[0] 43 tb1[1] 35')
('2015-03-21 11:30:07.525041', 'put_channel : channel tb1, group 0, time 2015-03-21 11:30:07.524985')
('2015-03-21 11:30:10.535550', 'put_channel : channel tb1, group 1, time 2015-03-21 11:30:10.535422')
('2015-03-21 11:30:10.983821', 'fd_channel : login[0] 0 login[1] 0 , tb0[0] 35 tb0[1] 12 , tb1[0] 44 tb1[1] 35')
('2015-03-21 11:30:12.149761', 'put_channel : channel tb1, group 0, time 2015-03-21 11:30:12.149636')
('2015-03-21 11:30:14.571233', 'put_channel : channel tb1, group 1, time 2015-03-21 11:30:14.571113')
('2015-03-21 11:30:17.579366', 'put_channel : channel tb1, group 1, time 2015-03-21 11:30:17.579316')
('2015-03-21 11:30:26.569613', 'put_channel : channel tb1, group 0, time 2015-03-21 11:30:26.569548')
('2015-03-21 11:30:43.622171', 'put_channel : channel tb1, group 1, time 2015-03-21 11:30:43.622107')
('2015-03-21 11:30:45.163415', 'put_channel : channel tb1, group 1, time 2015-03-21 11:30:45.163350')
('2015-03-21 11:30:51.110607', 'put_channel : channel tb1, group 1, time 2015-03-21 11:30:51.110542')
