('2015-03-21 09:55:30.433257', 'worker [4] started')
('2015-03-21 09:55:30.433327', 'client 8 initted')
('2015-03-21 09:55:31.506933', 'put_channel : channel login, group 0, time 2015-03-21 09:55:31.506867')
('2015-03-21 09:55:31.508405', 'put_channel : channel login, group 1, time 2015-03-21 09:55:31.508358')
('2015-03-21 09:55:31.511605', 'fd_channel : login[0] 1 login[1] 0 , tb0[0] 0 tb0[1] 0 , tb1[0] 0 tb1[1] 0')
('2015-03-21 09:55:31.631544', 'fd_channel : login[0] 0 login[1] 0 , tb0[0] 0 tb0[1] 0 , tb1[0] 0 tb1[1] 0')
('2015-03-21 09:55:33.008365', 'put_channel : channel login, group 0, time 2015-03-21 09:55:33.008295')
('2015-03-21 09:55:33.008919', 'put_channel : channel login, group 1, time 2015-03-21 09:55:33.008870')
('2015-03-21 09:55:33.009233', 'fd_channel : login[0] 1 login[1] 0 , tb0[0] 0 tb0[1] 0 , tb1[0] 0 tb1[1] 0')
('2015-03-21 09:55:33.133327', 'fd_channel : login[0] 0 login[1] 0 , tb0[0] 0 tb0[1] 0 , tb1[0] 0 tb1[1] 0')
('2015-03-21 09:55:34.506303', 'put_channel : channel login, group 0, time 2015-03-21 09:55:34.506234')
('2015-03-21 09:55:34.508011', 'put_channel : channel login, group 1, time 2015-03-21 09:55:34.507970')
('2015-03-21 09:55:34.508418', 'fd_channel : login[0] 1 login[1] 0 , tb0[0] 0 tb0[1] 0 , tb1[0] 0 tb1[1] 0')
('2015-03-21 09:55:34.635200', 'fd_channel : login[0] 0 login[1] 0 , tb0[0] 0 tb0[1] 0 , tb1[0] 0 tb1[1] 0')
('2015-03-21 09:55:36.007094', 'put_channel : channel login, group 0, time 2015-03-21 09:55:36.007025')
('2015-03-21 09:55:36.010919', 'put_channel : channel login, group 1, time 2015-03-21 09:55:36.010871')
('2015-03-21 09:55:36.011384', 'fd_channel : login[0] 1 login[1] 0 , tb0[0] 0 tb0[1] 0 , tb1[0] 0 tb1[1] 0')
('2015-03-21 09:55:36.137194', 'fd_channel : login[0] 0 login[1] 0 , tb0[0] 0 tb0[1] 0 , tb1[0] 0 tb1[1] 0')
('2015-03-21 10:32:31.506638', 'put_channel : channel tb0, group 0, time 2015-03-21 10:32:31.506499')
('2015-03-21 10:32:31.508082', 'put_channel : channel tb0, group 1, time 2015-03-21 10:32:31.508033')
('2015-03-21 10:32:33.006159', 'put_channel : channel tb0, group 0, time 2015-03-21 10:32:33.006086')
('2015-03-21 10:32:33.007916', 'put_channel : channel tb0, group 1, time 2015-03-21 10:32:33.007870')
('2015-03-21 10:32:34.509042', 'put_channel : channel tb0, group 0, time 2015-03-21 10:32:34.508916')
('2015-03-21 10:32:34.510267', 'put_channel : channel tb0, group 1, time 2015-03-21 10:32:34.510169')
('2015-03-21 10:32:36.007803', 'put_channel : channel tb0, group 0, time 2015-03-21 10:32:36.007731')
('2015-03-21 10:32:36.010668', 'put_channel : channel tb0, group 1, time 2015-03-21 10:32:36.010628')
('2015-03-21 10:32:37.508438', 'put_channel : channel tb0, group 0, time 2015-03-21 10:32:37.508365')
('2015-03-21 10:32:37.510011', 'put_channel : channel tb0, group 1, time 2015-03-21 10:32:37.509966')
('2015-03-21 10:32:39.005738', 'put_channel : channel tb0, group 0, time 2015-03-21 10:32:39.005679')
('2015-03-21 10:32:39.007501', 'put_channel : channel tb0, group 1, time 2015-03-21 10:32:39.007461')
('2015-03-21 10:32:40.506046', 'put_channel : channel tb0, group 0, time 2015-03-21 10:32:40.505963')
('2015-03-21 10:32:40.507710', 'put_channel : channel tb0, group 1, time 2015-03-21 10:32:40.507645')
('2015-03-21 10:32:42.005853', 'put_channel : channel tb0, group 0, time 2015-03-21 10:32:42.005790')
('2015-03-21 10:32:42.007614', 'put_channel : channel tb0, group 1, time 2015-03-21 10:32:42.007575')
('2015-03-21 10:32:43.508217', 'put_channel : channel tb0, group 0, time 2015-03-21 10:32:43.508154')
('2015-03-21 10:32:43.509557', 'put_channel : channel tb0, group 1, time 2015-03-21 10:32:43.509524')
('2015-03-21 10:32:45.008648', 'put_channel : channel tb0, group 0, time 2015-03-21 10:32:45.008584')
('2015-03-21 10:32:45.008918', 'put_channel : channel tb0, group 1, time 2015-03-21 10:32:45.008886')
('2015-03-21 10:32:46.507942', 'put_channel : channel tb0, group 0, time 2015-03-21 10:32:46.507877')
('2015-03-21 10:32:46.508237', 'put_channel : channel tb0, group 1, time 2015-03-21 10:32:46.508205')
('2015-03-21 10:32:48.007909', 'put_channel : channel tb0, group 0, time 2015-03-21 10:32:48.007778')
('2015-03-21 10:32:48.011373', 'put_channel : channel tb0, group 1, time 2015-03-21 10:32:48.011284')
('2015-03-21 10:32:49.507629', 'put_channel : channel tb0, group 0, time 2015-03-21 10:32:49.507563')
('2015-03-21 10:32:49.509469', 'put_channel : channel tb0, group 1, time 2015-03-21 10:32:49.509430')
('2015-03-21 10:32:51.006570', 'put_channel : channel tb0, group 0, time 2015-03-21 10:32:51.006495')
('2015-03-21 10:32:51.008048', 'put_channel : channel tb0, group 1, time 2015-03-21 10:32:51.008014')
('2015-03-21 10:32:52.507468', 'put_channel : channel tb0, group 0, time 2015-03-21 10:32:52.507403')
('2015-03-21 10:32:52.507750', 'put_channel : channel tb0, group 1, time 2015-03-21 10:32:52.507719')
('2015-03-21 10:32:54.006314', 'put_channel : channel tb0, group 0, time 2015-03-21 10:32:54.006243')
('2015-03-21 10:32:54.007793', 'put_channel : channel tb0, group 1, time 2015-03-21 10:32:54.007759')
('2015-03-21 10:32:55.508097', 'put_channel : channel tb0, group 0, time 2015-03-21 10:32:55.508034')
('2015-03-21 10:32:55.508460', 'put_channel : channel tb0, group 1, time 2015-03-21 10:32:55.508426')
('2015-03-21 10:32:57.005811', 'put_channel : channel tb0, group 0, time 2015-03-21 10:32:57.005745')
('2015-03-21 10:32:58.505848', 'put_channel : channel tb0, group 0, time 2015-03-21 10:32:58.505786')
('2015-03-21 10:33:03.007417', 'put_channel : channel tb0, group 0, time 2015-03-21 10:33:03.007345')
('2015-03-21 10:33:03.008862', 'put_channel : channel tb0, group 0, time 2015-03-21 10:33:03.008816')
('2015-03-21 10:33:04.505999', 'put_channel : channel tb0, group 0, time 2015-03-21 10:33:04.505927')
('2015-03-21 10:33:04.506853', 'put_channel : channel tb0, group 0, time 2015-03-21 10:33:04.506808')
('2015-03-21 10:33:06.006240', 'put_channel : channel tb0, group 0, time 2015-03-21 10:33:06.006166')
('2015-03-21 10:33:07.506184', 'put_channel : channel tb0, group 0, time 2015-03-21 10:33:07.506110')
('2015-03-21 10:33:09.006393', 'put_channel : channel tb0, group 0, time 2015-03-21 10:33:09.006318')
('2015-03-21 10:33:10.506355', 'put_channel : channel tb0, group 0, time 2015-03-21 10:33:10.506284')
('2015-03-21 10:33:12.007259', 'put_channel : channel tb0, group 0, time 2015-03-21 10:33:12.007161')
('2015-03-21 10:33:12.010636', 'put_channel : channel tb0, group 1, time 2015-03-21 10:33:12.010594')
('2015-03-21 10:33:13.016814', 'put_channel : channel tb0, group 1, time 2015-03-21 10:33:13.016738')
('2015-03-21 10:33:13.508533', 'put_channel : channel tb0, group 0, time 2015-03-21 10:33:13.508436')
('2015-03-21 10:33:13.508711', 'put_channel : channel tb0, group 1, time 2015-03-21 10:33:13.508653')
('2015-03-21 10:33:15.006144', 'put_channel : channel tb0, group 0, time 2015-03-21 10:33:15.006074')
('2015-03-21 10:33:15.008322', 'put_channel : channel tb0, group 1, time 2015-03-21 10:33:15.008284')
('2015-03-21 10:33:16.509400', 'put_channel : channel tb0, group 1, time 2015-03-21 10:33:16.509330')
('2015-03-21 10:33:18.010574', 'put_channel : channel tb0, group 1, time 2015-03-21 10:33:18.010447')
('2015-03-21 10:33:19.509528', 'put_channel : channel tb0, group 1, time 2015-03-21 10:33:19.509457')
('2015-03-21 10:33:21.008075', 'put_channel : channel tb0, group 1, time 2015-03-21 10:33:21.008003')
('2015-03-21 10:33:22.508317', 'put_channel : channel tb0, group 1, time 2015-03-21 10:33:22.508247')
('2015-03-21 10:33:23.503461', 'put_channel : channel tb0, group 0, time 2015-03-21 10:33:23.503385')
('2015-03-21 10:33:23.523813', 'put_channel : channel tb0, group 0, time 2015-03-21 10:33:23.523770')
('2015-03-21 10:33:24.007838', 'put_channel : channel tb0, group 1, time 2015-03-21 10:33:24.007766')
('2015-03-21 10:33:25.509759', 'put_channel : channel tb0, group 1, time 2015-03-21 10:33:25.509678')
('2015-03-21 10:33:26.505118', 'put_channel : channel tb0, group 0, time 2015-03-21 10:33:26.505042')
('2015-03-21 10:33:26.510933', 'put_channel : channel tb0, group 0, time 2015-03-21 10:33:26.510893')
('2015-03-21 10:33:27.010092', 'put_channel : channel tb0, group 1, time 2015-03-21 10:33:27.010019')
('2015-03-21 10:33:28.508391', 'put_channel : channel tb0, group 1, time 2015-03-21 10:33:28.508262')
('2015-03-21 10:33:30.006923', 'put_channel : channel tb0, group 0, time 2015-03-21 10:33:30.006852')
('2015-03-21 10:33:30.007353', 'put_channel : channel tb0, group 0, time 2015-03-21 10:33:30.007308')
('2015-03-21 10:33:30.008659', 'put_channel : channel tb0, group 1, time 2015-03-21 10:33:30.008620')
('2015-03-21 10:33:31.015176', 'put_channel : channel tb0, group 0, time 2015-03-21 10:33:31.015088')
('2015-03-21 10:33:31.510433', 'put_channel : channel tb0, group 1, time 2015-03-21 10:33:31.510361')
('2015-03-21 10:33:33.008648', 'put_channel : channel tb0, group 1, time 2015-03-21 10:33:33.008576')
('2015-03-21 10:33:34.507018', 'put_channel : channel tb0, group 0, time 2015-03-21 10:33:34.506865')
('2015-03-21 10:33:34.507168', 'put_channel : channel tb0, group 0, time 2015-03-21 10:33:34.507135')
('2015-03-21 10:33:34.510580', 'put_channel : channel tb0, group 1, time 2015-03-21 10:33:34.510534')
('2015-03-21 10:33:35.521789', 'put_channel : channel tb0, group 0, time 2015-03-21 10:33:35.521693')
('2015-03-21 10:33:36.008463', 'put_channel : channel tb0, group 1, time 2015-03-21 10:33:36.008383')
('2015-03-21 10:33:37.507759', 'put_channel : channel tb0, group 1, time 2015-03-21 10:33:37.507697')
('2015-03-21 10:33:39.007247', 'put_channel : channel tb0, group 0, time 2015-03-21 10:33:39.007170')
('2015-03-21 10:33:39.008511', 'put_channel : channel tb0, group 1, time 2015-03-21 10:33:39.008476')
('2015-03-21 10:33:39.008766', 'put_channel : channel tb0, group 0, time 2015-03-21 10:33:39.008735')
('2015-03-21 10:33:40.016747', 'put_channel : channel tb0, group 0, time 2015-03-21 10:33:40.016678')
('2015-03-21 10:33:40.508161', 'put_channel : channel tb0, group 1, time 2015-03-21 10:33:40.508097')
('2015-03-21 10:33:42.009289', 'put_channel : channel tb0, group 1, time 2015-03-21 10:33:42.009224')
('2015-03-21 10:33:43.509173', 'put_channel : channel tb0, group 1, time 2015-03-21 10:33:43.509036')
('2015-03-21 10:33:44.503204', 'put_channel : channel tb0, group 0, time 2015-03-21 10:33:44.503124')
('2015-03-21 10:33:44.512643', 'put_channel : channel tb0, group 0, time 2015-03-21 10:33:44.512608')
('2015-03-21 10:33:45.008343', 'put_channel : channel tb0, group 1, time 2015-03-21 10:33:45.008280')
('2015-03-21 10:33:46.508455', 'put_channel : channel tb0, group 1, time 2015-03-21 10:33:46.508392')
('2015-03-21 10:33:48.010020', 'put_channel : channel tb0, group 1, time 2015-03-21 10:33:48.009955')
('2015-03-21 10:33:49.003294', 'put_channel : channel tb0, group 0, time 2015-03-21 10:33:49.003194')
('2015-03-21 10:33:49.015366', 'put_channel : channel tb0, group 0, time 2015-03-21 10:33:49.015330')
('2015-03-21 10:33:49.070953', 'put_channel : channel tb0, group 0, time 2015-03-21 10:33:49.070902')
('2015-03-21 10:33:49.507858', 'put_channel : channel tb0, group 1, time 2015-03-21 10:33:49.507798')
('2015-03-21 10:33:51.008436', 'put_channel : channel tb0, group 1, time 2015-03-21 10:33:51.008372')
('2015-03-21 10:33:52.510382', 'put_channel : channel tb0, group 1, time 2015-03-21 10:33:52.510320')
('2015-03-21 10:33:53.505012', 'put_channel : channel tb0, group 0, time 2015-03-21 10:33:53.504945')
('2015-03-21 10:33:53.518587', 'put_channel : channel tb0, group 0, time 2015-03-21 10:33:53.518547')
('2015-03-21 10:33:54.010612', 'put_channel : channel tb0, group 1, time 2015-03-21 10:33:54.010546')
('2015-03-21 10:34:01.505867', 'put_channel : channel tb0, group 0, time 2015-03-21 10:34:01.505801')
('2015-03-21 10:34:01.507603', 'put_channel : channel tb0, group 0, time 2015-03-21 10:34:01.507570')
('2015-03-21 10:34:02.216749', 'fd_channel : login[0] 0 login[1] 0 , tb0[0] 52 tb0[1] 46 , tb1[0] 0 tb1[1] 0')
('2015-03-21 10:34:02.217931', 'fd_channel : login[0] 0 login[1] 0 , tb0[0] 52 tb0[1] 45 , tb1[0] 0 tb1[1] 0')
('2015-03-21 10:34:02.218922', 'fd_channel : login[0] 0 login[1] 0 , tb0[0] 52 tb0[1] 44 , tb1[0] 0 tb1[1] 0')
('2015-03-21 10:34:02.219645', 'fd_channel : login[0] 0 login[1] 0 , tb0[0] 52 tb0[1] 43 , tb1[0] 0 tb1[1] 0')
('2015-03-21 10:34:02.220208', 'fd_channel : login[0] 0 login[1] 0 , tb0[0] 52 tb0[1] 42 , tb1[0] 0 tb1[1] 0')
('2015-03-21 10:34:02.221019', 'fd_channel : login[0] 0 login[1] 0 , tb0[0] 52 tb0[1] 41 , tb1[0] 0 tb1[1] 0')
('2015-03-21 10:34:02.221681', 'fd_channel : login[0] 0 login[1] 0 , tb0[0] 52 tb0[1] 40 , tb1[0] 0 tb1[1] 0')
('2015-03-21 10:34:02.222566', 'fd_channel : login[0] 0 login[1] 0 , tb0[0] 52 tb0[1] 39 , tb1[0] 0 tb1[1] 0')
('2015-03-21 10:34:02.513083', 'put_channel : channel tb0, group 0, time 2015-03-21 10:34:02.513018')
('2015-03-21 10:34:03.006889', 'put_channel : channel tb0, group 0, time 2015-03-21 10:34:03.006808')
('2015-03-21 10:34:03.007283', 'put_channel : channel tb0, group 0, time 2015-03-21 10:34:03.007163')
('2015-03-21 10:34:04.015540', 'put_channel : channel tb0, group 0, time 2015-03-21 10:34:04.015460')
('2015-03-21 10:34:04.506844', 'put_channel : channel tb0, group 0, time 2015-03-21 10:34:04.506759')
('2015-03-21 10:34:04.529028', 'put_channel : channel tb0, group 0, time 2015-03-21 10:34:04.528988')
('2015-03-21 10:34:06.006594', 'put_channel : channel tb0, group 0, time 2015-03-21 10:34:06.006521')
('2015-03-21 10:34:18.006827', 'put_channel : channel tb0, group 0, time 2015-03-21 10:34:18.006754')
('2015-03-21 10:34:18.007168', 'put_channel : channel tb0, group 0, time 2015-03-21 10:34:18.007123')
('2015-03-21 10:34:19.015085', 'put_channel : channel tb0, group 0, time 2015-03-21 10:34:19.015018')
('2015-03-21 10:34:20.524133', 'put_channel : channel tb0, group 1, time 2015-03-21 10:34:20.524065')
('2015-03-21 10:34:21.008266', 'put_channel : channel tb0, group 1, time 2015-03-21 10:34:21.008204')
('2015-03-21 10:34:21.010443', 'put_channel : channel tb0, group 1, time 2015-03-21 10:34:21.010409')
('2015-03-21 10:34:22.508498', 'put_channel : channel tb0, group 1, time 2015-03-21 10:34:22.508433')
('2015-03-21 10:34:24.009454', 'put_channel : channel tb0, group 1, time 2015-03-21 10:34:24.009388')
('2015-03-21 10:34:25.508236', 'put_channel : channel tb0, group 1, time 2015-03-21 10:34:25.508170')
('2015-03-21 10:34:27.008356', 'put_channel : channel tb0, group 1, time 2015-03-21 10:34:27.008275')
('2015-03-21 10:34:27.026452', 'put_channel : channel tb0, group 1, time 2015-03-21 10:34:27.026411')
('2015-03-21 10:34:28.506793', 'put_channel : channel tb0, group 0, time 2015-03-21 10:34:28.506710')
('2015-03-21 10:34:28.507162', 'put_channel : channel tb0, group 0, time 2015-03-21 10:34:28.507084')
('2015-03-21 10:34:28.508404', 'put_channel : channel tb0, group 1, time 2015-03-21 10:34:28.508365')
('2015-03-21 10:34:28.527086', 'put_channel : channel tb0, group 0, time 2015-03-21 10:34:28.527043')
('2015-03-21 10:34:29.520801', 'put_channel : channel tb0, group 0, time 2015-03-21 10:34:29.520716')
('2015-03-21 10:34:30.006326', 'put_channel : channel tb0, group 0, time 2015-03-21 10:34:30.006246')
('2015-03-21 10:34:30.006944', 'put_channel : channel tb0, group 0, time 2015-03-21 10:34:30.006898')
('2015-03-21 10:34:30.009609', 'put_channel : channel tb0, group 1, time 2015-03-21 10:34:30.009569')
('2015-03-21 10:34:31.017219', 'put_channel : channel tb0, group 0, time 2015-03-21 10:34:31.017140')
('2015-03-21 10:34:31.508532', 'put_channel : channel tb0, group 0, time 2015-03-21 10:34:31.508408')
('2015-03-21 10:34:31.510178', 'put_channel : channel tb0, group 1, time 2015-03-21 10:34:31.510092')
('2015-03-21 10:34:31.535654', 'put_channel : channel tb0, group 0, time 2015-03-21 10:34:31.535601')
('2015-03-21 10:34:32.218641', 'fd_channel : login[0] 0 login[1] 0 , tb0[0] 71 tb0[1] 49 , tb1[0] 0 tb1[1] 0')
('2015-03-21 10:34:32.223188', 'fd_channel : login[0] 0 login[1] 0 , tb0[0] 71 tb0[1] 48 , tb1[0] 0 tb1[1] 0')
('2015-03-21 10:34:32.223986', 'fd_channel : login[0] 0 login[1] 0 , tb0[0] 71 tb0[1] 47 , tb1[0] 0 tb1[1] 0')
('2015-03-21 10:34:32.397573', 'put_channel : channel tb0, group 0, time 2015-03-21 10:34:32.397464')
('2015-03-21 10:34:33.009704', 'put_channel : channel tb0, group 1, time 2015-03-21 10:34:33.009631')
('2015-03-21 10:34:34.507922', 'put_channel : channel tb0, group 1, time 2015-03-21 10:34:34.507852')
('2015-03-21 10:34:36.010271', 'put_channel : channel tb0, group 1, time 2015-03-21 10:34:36.010197')
('2015-03-21 10:34:36.139018', 'fd_channel : login[0] 0 login[1] 0 , tb0[0] 69 tb0[1] 49 , tb1[0] 0 tb1[1] 0')
('2015-03-21 10:34:36.140972', 'fd_channel : login[0] 0 login[1] 0 , tb0[0] 65 tb0[1] 49 , tb1[0] 0 tb1[1] 0')
('2015-03-21 10:34:37.508639', 'put_channel : channel tb0, group 1, time 2015-03-21 10:34:37.508570')
('2015-03-21 10:34:39.009153', 'put_channel : channel tb0, group 1, time 2015-03-21 10:34:39.009088')
('2015-03-21 10:34:39.178756', 'fd_channel : login[0] 0 login[1] 0 , tb0[0] 64 tb0[1] 50 , tb1[0] 0 tb1[1] 0')
('2015-03-21 10:34:39.179778', 'fd_channel : login[0] 0 login[1] 0 , tb0[0] 63 tb0[1] 50 , tb1[0] 0 tb1[1] 0')
('2015-03-21 10:34:40.508823', 'put_channel : channel tb0, group 1, time 2015-03-21 10:34:40.508752')
('2015-03-21 10:34:40.686617', 'fd_channel : login[0] 0 login[1] 0 , tb0[0] 62 tb0[1] 51 , tb1[0] 0 tb1[1] 0')
('2015-03-21 10:34:40.687562', 'fd_channel : login[0] 0 login[1] 0 , tb0[0] 62 tb0[1] 50 , tb1[0] 0 tb1[1] 0')
('2015-03-21 10:34:41.180254', 'fd_channel : login[0] 0 login[1] 0 , tb0[0] 61 tb0[1] 50 , tb1[0] 0 tb1[1] 0')
('2015-03-21 10:34:41.181269', 'fd_channel : login[0] 0 login[1] 0 , tb0[0] 61 tb0[1] 49 , tb1[0] 0 tb1[1] 0')
('2015-03-21 10:34:42.012033', 'put_channel : channel tb0, group 1, time 2015-03-21 10:34:42.011962')
('2015-03-21 10:34:42.689128', 'fd_channel : login[0] 0 login[1] 0 , tb0[0] 60 tb0[1] 50 , tb1[0] 0 tb1[1] 0')
('2015-03-21 10:34:42.690140', 'fd_channel : login[0] 0 login[1] 0 , tb0[0] 60 tb0[1] 49 , tb1[0] 0 tb1[1] 0')
('2015-03-21 10:34:43.508678', 'put_channel : channel tb0, group 1, time 2015-03-21 10:34:43.508604')
('2015-03-21 10:34:45.008642', 'put_channel : channel tb0, group 0, time 2015-03-21 10:34:45.008570')
('2015-03-21 10:34:45.009037', 'put_channel : channel tb0, group 0, time 2015-03-21 10:34:45.008993')
('2015-03-21 10:34:45.009253', 'put_channel : channel tb0, group 1, time 2015-03-21 10:34:45.009217')
('2015-03-21 10:34:46.015541', 'put_channel : channel tb0, group 0, time 2015-03-21 10:34:46.015464')
('2015-03-21 10:34:46.506742', 'put_channel : channel tb0, group 0, time 2015-03-21 10:34:46.506668')
('2015-03-21 10:34:46.507340', 'put_channel : channel tb0, group 0, time 2015-03-21 10:34:46.507195')
('2015-03-21 10:34:46.508187', 'put_channel : channel tb0, group 1, time 2015-03-21 10:34:46.508131')
('2015-03-21 10:34:47.162288', 'fd_channel : login[0] 0 login[1] 0 , tb0[0] 64 tb0[1] 51 , tb1[0] 0 tb1[1] 0')
('2015-03-21 10:34:47.163492', 'fd_channel : login[0] 0 login[1] 0 , tb0[0] 62 tb0[1] 51 , tb1[0] 0 tb1[1] 0')
('2015-03-21 10:34:47.519146', 'put_channel : channel tb0, group 0, time 2015-03-21 10:34:47.519070')
('2015-03-21 10:34:48.007176', 'put_channel : channel tb0, group 0, time 2015-03-21 10:34:48.007090')
('2015-03-21 10:34:48.010719', 'put_channel : channel tb0, group 1, time 2015-03-21 10:34:48.010678')
('2015-03-21 10:34:48.031550', 'put_channel : channel tb0, group 0, time 2015-03-21 10:34:48.031500')
('2015-03-21 10:34:49.509000', 'put_channel : channel tb0, group 1, time 2015-03-21 10:34:49.508928')
('2015-03-21 10:34:51.011858', 'put_channel : channel tb0, group 1, time 2015-03-21 10:34:51.011786')
('2015-03-21 10:34:52.508915', 'put_channel : channel tb0, group 1, time 2015-03-21 10:34:52.508844')
('2015-03-21 10:34:54.010702', 'put_channel : channel tb0, group 1, time 2015-03-21 10:34:54.010630')
('2015-03-21 10:34:55.003716', 'put_channel : channel tb0, group 0, time 2015-03-21 10:34:55.003638')
('2015-03-21 10:34:55.506457', 'put_channel : channel tb0, group 0, time 2015-03-21 10:34:55.506387')
('2015-03-21 10:34:55.507124', 'put_channel : channel tb0, group 0, time 2015-03-21 10:34:55.507053')
('2015-03-21 10:34:55.508329', 'put_channel : channel tb0, group 1, time 2015-03-21 10:34:55.508282')
('2015-03-21 10:34:56.513183', 'put_channel : channel tb0, group 0, time 2015-03-21 10:34:56.513104')
('2015-03-21 10:34:57.007648', 'put_channel : channel tb0, group 0, time 2015-03-21 10:34:57.007583')
('2015-03-21 10:34:57.008453', 'put_channel : channel tb0, group 1, time 2015-03-21 10:34:57.008420')
('2015-03-21 10:34:57.103262', 'put_channel : channel tb0, group 0, time 2015-03-21 10:34:57.103177')
('2015-03-21 10:34:57.407913', 'fd_channel : login[0] 0 login[1] 0 , tb0[0] 70 tb0[1] 57 , tb1[0] 0 tb1[1] 0')
('2015-03-21 10:34:57.410007', 'fd_channel : login[0] 0 login[1] 0 , tb0[0] 66 tb0[1] 57 , tb1[0] 0 tb1[1] 0')
('2015-03-21 10:34:57.410567', 'fd_channel : login[0] 0 login[1] 0 , tb0[0] 66 tb0[1] 56 , tb1[0] 0 tb1[1] 0')
('2015-03-21 10:34:57.411266', 'fd_channel : login[0] 0 login[1] 0 , tb0[0] 65 tb0[1] 56 , tb1[0] 0 tb1[1] 0')
('2015-03-21 10:34:58.016047', 'put_channel : channel tb0, group 0, time 2015-03-21 10:34:58.015914')
('2015-03-21 10:34:58.506464', 'put_channel : channel tb0, group 0, time 2015-03-21 10:34:58.506393')
('2015-03-21 10:34:58.508234', 'put_channel : channel tb0, group 1, time 2015-03-21 10:34:58.508194')
('2015-03-21 10:35:00.008017', 'put_channel : channel tb0, group 0, time 2015-03-21 10:35:00.007952')
('2015-03-21 10:35:00.008324', 'put_channel : channel tb0, group 1, time 2015-03-21 10:35:00.008289')
('2015-03-21 10:35:02.220539', 'fd_channel : login[0] 0 login[1] 0 , tb0[0] 68 tb0[1] 57 , tb1[0] 0 tb1[1] 0')
('2015-03-21 10:35:02.224525', 'fd_channel : login[0] 0 login[1] 0 , tb0[0] 68 tb0[1] 56 , tb1[0] 0 tb1[1] 0')
('2015-03-21 10:35:13.183588', 'fd_channel : login[0] 0 login[1] 0 , tb0[0] 68 tb0[1] 54 , tb1[0] 0 tb1[1] 0')
('2015-03-21 10:35:14.692415', 'fd_channel : login[0] 0 login[1] 0 , tb0[0] 68 tb0[1] 53 , tb1[0] 0 tb1[1] 0')
('2015-03-21 10:35:16.508468', 'put_channel : channel tb0, group 1, time 2015-03-21 10:35:16.508390')
('2015-03-21 10:35:16.508859', 'put_channel : channel tb0, group 1, time 2015-03-21 10:35:16.508813')
('2015-03-21 10:35:16.528954', 'put_channel : channel tb0, group 1, time 2015-03-21 10:35:16.528911')
('2015-03-21 10:35:17.521166', 'put_channel : channel tb0, group 1, time 2015-03-21 10:35:17.521088')
('2015-03-21 10:35:18.009198', 'put_channel : channel tb0, group 1, time 2015-03-21 10:35:18.009125')
('2015-03-21 10:35:18.009537', 'put_channel : channel tb0, group 1, time 2015-03-21 10:35:18.009492')
('2015-03-21 10:35:18.032865', 'put_channel : channel tb0, group 1, time 2015-03-21 10:35:18.032823')
('2015-03-21 10:35:19.018813', 'put_channel : channel tb0, group 1, time 2015-03-21 10:35:19.018743')
('2015-03-21 10:35:19.510460', 'put_channel : channel tb0, group 1, time 2015-03-21 10:35:19.510388')
('2015-03-21 10:35:22.507039', 'put_channel : channel tb0, group 0, time 2015-03-21 10:35:22.506968')
('2015-03-21 10:35:22.508119', 'put_channel : channel tb0, group 0, time 2015-03-21 10:35:22.508079')
('2015-03-21 10:35:22.528822', 'put_channel : channel tb0, group 0, time 2015-03-21 10:35:22.528773')
('2015-03-21 10:35:23.519703', 'put_channel : channel tb0, group 0, time 2015-03-21 10:35:23.519629')
('2015-03-21 10:35:24.006860', 'put_channel : channel tb0, group 0, time 2015-03-21 10:35:24.006787')
('2015-03-21 10:35:24.007777', 'put_channel : channel tb0, group 0, time 2015-03-21 10:35:24.007737')
('2015-03-21 10:35:24.032351', 'put_channel : channel tb0, group 0, time 2015-03-21 10:35:24.032305')
('2015-03-21 10:35:24.111356', 'put_channel : channel tb0, group 0, time 2015-03-21 10:35:24.111280')
('2015-03-21 10:35:25.015177', 'put_channel : channel tb0, group 0, time 2015-03-21 10:35:25.015100')
('2015-03-21 10:35:25.505822', 'put_channel : channel tb0, group 0, time 2015-03-21 10:35:25.505752')
('2015-03-21 10:35:25.536451', 'put_channel : channel tb0, group 0, time 2015-03-21 10:35:25.536404')
('2015-03-21 10:35:31.506993', 'put_channel : channel tb0, group 0, time 2015-03-21 10:35:31.506923')
('2015-03-21 10:35:31.508612', 'put_channel : channel tb0, group 0, time 2015-03-21 10:35:31.508572')
('2015-03-21 10:35:31.509278', 'put_channel : channel tb0, group 1, time 2015-03-21 10:35:31.509240')
('2015-03-21 10:35:31.510756', 'put_channel : channel tb0, group 1, time 2015-03-21 10:35:31.510720')
('2015-03-21 10:35:31.641547', 'fd_channel : login[0] 0 login[1] 0 , tb0[0] 67 tb0[1] 53 , tb1[0] 0 tb1[1] 0')
('2015-03-21 10:35:31.644293', 'fd_channel : login[0] 0 login[1] 0 , tb0[0] 61 tb0[1] 53 , tb1[0] 0 tb1[1] 0')
('2015-03-21 10:35:32.222166', 'fd_channel : login[0] 0 login[1] 0 , tb0[0] 61 tb0[1] 52 , tb1[0] 0 tb1[1] 0')
('2015-03-21 10:35:32.225844', 'fd_channel : login[0] 0 login[1] 0 , tb0[0] 61 tb0[1] 51 , tb1[0] 0 tb1[1] 0')
('2015-03-21 10:35:32.515036', 'put_channel : channel tb0, group 1, time 2015-03-21 10:35:32.514957')
('2015-03-21 10:35:33.008273', 'put_channel : channel tb0, group 1, time 2015-03-21 10:35:33.008202')
('2015-03-21 10:35:33.009038', 'put_channel : channel tb0, group 1, time 2015-03-21 10:35:33.008993')
('2015-03-21 10:35:33.170079', 'fd_channel : login[0] 0 login[1] 0 , tb0[0] 61 tb0[1] 53 , tb1[0] 0 tb1[1] 0')
('2015-03-21 10:35:34.016870', 'put_channel : channel tb0, group 1, time 2015-03-21 10:35:34.016787')
('2015-03-21 10:35:34.509841', 'put_channel : channel tb0, group 1, time 2015-03-21 10:35:34.509749')
('2015-03-21 10:35:35.569071', 'put_channel : channel tb0, group 1, time 2015-03-21 10:35:35.568992')
('2015-03-21 10:35:36.010740', 'put_channel : channel tb0, group 1, time 2015-03-21 10:35:36.010658')
('2015-03-21 10:35:36.032868', 'put_channel : channel tb0, group 1, time 2015-03-21 10:35:36.032818')
('2015-03-21 10:35:37.074253', 'put_channel : channel tb0, group 1, time 2015-03-21 10:35:37.074164')
('2015-03-21 10:35:37.507834', 'put_channel : channel tb0, group 1, time 2015-03-21 10:35:37.507762')
('2015-03-21 10:35:38.208401', 'fd_channel : login[0] 0 login[1] 0 , tb0[0] 59 tb0[1] 58 , tb1[0] 0 tb1[1] 0')
('2015-03-21 10:35:38.209177', 'fd_channel : login[0] 0 login[1] 0 , tb0[0] 58 tb0[1] 58 , tb1[0] 0 tb1[1] 0')
('2015-03-21 10:35:38.996488', 'fd_channel : login[0] 0 login[1] 0 , tb0[0] 57 tb0[1] 58 , tb1[0] 0 tb1[1] 0')
('2015-03-21 10:35:38.998346', 'fd_channel : login[0] 0 login[1] 0 , tb0[0] 57 tb0[1] 57 , tb1[0] 0 tb1[1] 0')
('2015-03-21 10:35:40.208865', 'fd_channel : login[0] 0 login[1] 0 , tb0[0] 56 tb0[1] 57 , tb1[0] 0 tb1[1] 0')
('2015-03-21 10:35:40.209739', 'fd_channel : login[0] 0 login[1] 0 , tb0[0] 56 tb0[1] 56 , tb1[0] 0 tb1[1] 0')
('2015-03-21 10:35:41.000286', 'fd_channel : login[0] 0 login[1] 0 , tb0[0] 55 tb0[1] 56 , tb1[0] 0 tb1[1] 0')
('2015-03-21 10:35:41.001274', 'fd_channel : login[0] 0 login[1] 0 , tb0[0] 55 tb0[1] 55 , tb1[0] 0 tb1[1] 0')
('2015-03-21 10:35:43.184878', 'fd_channel : login[0] 0 login[1] 0 , tb0[0] 55 tb0[1] 54 , tb1[0] 0 tb1[1] 0')
('2015-03-21 10:35:44.693907', 'fd_channel : login[0] 0 login[1] 0 , tb0[0] 55 tb0[1] 53 , tb1[0] 0 tb1[1] 0')
('2015-03-21 10:36:03.007208', 'put_channel : channel tb0, group 0, time 2015-03-21 10:36:03.007117')
('2015-03-21 10:36:03.007569', 'put_channel : channel tb0, group 0, time 2015-03-21 10:36:03.007511')
('2015-03-21 10:36:03.023314', 'put_channel : channel tb0, group 0, time 2015-03-21 10:36:03.023272')
('2015-03-21 10:36:04.005225', 'put_channel : channel tb0, group 1, time 2015-03-21 10:36:04.005145')
('2015-03-21 10:36:04.017088', 'put_channel : channel tb0, group 0, time 2015-03-21 10:36:04.017042')
('2015-03-21 10:36:04.017422', 'put_channel : channel tb0, group 1, time 2015-03-21 10:36:04.017381')
('2015-03-21 10:36:04.049563', 'put_channel : channel tb0, group 0, time 2015-03-21 10:36:04.049507')
('2015-03-21 10:36:04.507741', 'put_channel : channel tb0, group 0, time 2015-03-21 10:36:04.507629')
('2015-03-21 10:36:04.508536', 'put_channel : channel tb0, group 0, time 2015-03-21 10:36:04.508497')
('2015-03-21 10:36:04.508813', 'put_channel : channel tb0, group 1, time 2015-03-21 10:36:04.508778')
('2015-03-21 10:36:04.515005', 'put_channel : channel tb0, group 1, time 2015-03-21 10:36:04.514965')
('2015-03-21 10:36:04.527156', 'put_channel : channel tb0, group 0, time 2015-03-21 10:36:04.527108')
('2015-03-21 10:36:04.528886', 'put_channel : channel tb0, group 1, time 2015-03-21 10:36:04.528846')
('2015-03-21 10:36:04.624710', 'put_channel : channel tb0, group 0, time 2015-03-21 10:36:04.624636')
('2015-03-21 10:36:05.521170', 'put_channel : channel tb0, group 0, time 2015-03-21 10:36:05.521095')
('2015-03-21 10:36:05.521471', 'put_channel : channel tb0, group 1, time 2015-03-21 10:36:05.521412')
('2015-03-21 10:36:05.583199', 'put_channel : channel tb0, group 0, time 2015-03-21 10:36:05.583139')
('2015-03-21 10:36:06.008937', 'put_channel : channel tb0, group 1, time 2015-03-21 10:36:06.008846')
('2015-03-21 10:36:06.033115', 'put_channel : channel tb0, group 1, time 2015-03-21 10:36:06.033073')
('2015-03-21 10:36:07.017004', 'put_channel : channel tb0, group 1, time 2015-03-21 10:36:07.016906')
('2015-03-21 10:36:07.508784', 'put_channel : channel tb0, group 1, time 2015-03-21 10:36:07.508713')
('2015-03-21 10:36:07.536646', 'put_channel : channel tb0, group 1, time 2015-03-21 10:36:07.536604')
('2015-03-21 10:36:09.007917', 'put_channel : channel tb0, group 1, time 2015-03-21 10:36:09.007852')
('2015-03-21 10:36:09.041041', 'put_channel : channel tb0, group 1, time 2015-03-21 10:36:09.040991')
('2015-03-21 10:36:10.067313', 'put_channel : channel tb0, group 1, time 2015-03-21 10:36:10.067210')
('2015-03-21 10:36:10.508570', 'put_channel : channel tb0, group 1, time 2015-03-21 10:36:10.508497')
('2015-03-21 10:36:10.530546', 'put_channel : channel tb0, group 1, time 2015-03-21 10:36:10.530503')
('2015-03-21 10:36:10.647559', 'put_channel : channel tb0, group 1, time 2015-03-21 10:36:10.647477')
('2015-03-21 10:36:11.571353', 'put_channel : channel tb0, group 1, time 2015-03-21 10:36:11.571267')
('2015-03-21 10:36:13.186982', 'fd_channel : login[0] 0 login[1] 0 , tb0[0] 66 tb0[1] 68 , tb1[0] 0 tb1[1] 0')
('2015-03-21 10:36:23.505144', 'put_channel : channel tb0, group 1, time 2015-03-21 10:36:23.505066')
('2015-03-21 10:36:23.520961', 'put_channel : channel tb0, group 1, time 2015-03-21 10:36:23.520912')
('2015-03-21 10:36:24.294327', 'fd_channel : login[0] 0 login[1] 0 , tb0[0] 61 tb0[1] 62 , tb1[0] 0 tb1[1] 0')
('2015-03-21 10:36:24.298435', 'fd_channel : login[0] 0 login[1] 0 , tb0[0] 50 tb0[1] 62 , tb1[0] 0 tb1[1] 0')
('2015-03-21 10:36:26.293348', 'fd_channel : login[0] 0 login[1] 0 , tb0[0] 47 tb0[1] 60 , tb1[0] 0 tb1[1] 0')
('2015-03-21 10:36:26.294997', 'fd_channel : login[0] 0 login[1] 0 , tb0[0] 44 tb0[1] 60 , tb1[0] 0 tb1[1] 0')
('2015-03-21 10:36:35.509075', 'put_channel : channel tb0, group 1, time 2015-03-21 10:36:35.508979')
('2015-03-21 10:36:35.521098', 'put_channel : channel tb0, group 1, time 2015-03-21 10:36:35.521055')
('2015-03-21 10:36:36.009168', 'put_channel : channel tb0, group 1, time 2015-03-21 10:36:36.009094')
('2015-03-21 10:36:36.009537', 'put_channel : channel tb0, group 1, time 2015-03-21 10:36:36.009499')
('2015-03-21 10:36:36.032734', 'put_channel : channel tb0, group 0, time 2015-03-21 10:36:36.032688')
('2015-03-21 10:36:36.033170', 'put_channel : channel tb0, group 1, time 2015-03-21 10:36:36.033132')
('2015-03-21 10:36:37.004929', 'put_channel : channel tb0, group 0, time 2015-03-21 10:36:37.004849')
('2015-03-21 10:36:37.016709', 'put_channel : channel tb0, group 0, time 2015-03-21 10:36:37.016662')
('2015-03-21 10:36:37.018591', 'put_channel : channel tb0, group 1, time 2015-03-21 10:36:37.018551')
('2015-03-21 10:36:37.070880', 'put_channel : channel tb0, group 0, time 2015-03-21 10:36:37.070809')
('2015-03-21 10:36:37.506810', 'put_channel : channel tb0, group 0, time 2015-03-21 10:36:37.506738')
('2015-03-21 10:36:37.508428', 'put_channel : channel tb0, group 1, time 2015-03-21 10:36:37.508382')
('2015-03-21 10:36:37.511077', 'put_channel : channel tb0, group 0, time 2015-03-21 10:36:37.511037')
('2015-03-21 10:36:37.534988', 'put_channel : channel tb0, group 0, time 2015-03-21 10:36:37.534944')
('2015-03-21 10:36:38.519302', 'put_channel : channel tb0, group 0, time 2015-03-21 10:36:38.519205')
('2015-03-21 10:36:38.522778', 'put_channel : channel tb0, group 1, time 2015-03-21 10:36:38.522744')
('2015-03-21 10:36:38.544594', 'put_channel : channel tb0, group 0, time 2015-03-21 10:36:38.544549')
('2015-03-21 10:36:39.006721', 'put_channel : channel tb0, group 0, time 2015-03-21 10:36:39.006660')
('2015-03-21 10:36:39.008399', 'put_channel : channel tb0, group 1, time 2015-03-21 10:36:39.008363')
('2015-03-21 10:36:39.024598', 'put_channel : channel tb0, group 0, time 2015-03-21 10:36:39.024559')
('2015-03-21 10:36:39.026467', 'put_channel : channel tb0, group 1, time 2015-03-21 10:36:39.026433')
('2015-03-21 10:36:39.119217', 'put_channel : channel tb0, group 0, time 2015-03-21 10:36:39.119143')
('2015-03-21 10:36:40.014990', 'put_channel : channel tb0, group 0, time 2015-03-21 10:36:40.014921')
('2015-03-21 10:36:40.079986', 'put_channel : channel tb0, group 0, time 2015-03-21 10:36:40.079827')
('2015-03-21 10:36:40.505329', 'put_channel : channel tb0, group 0, time 2015-03-21 10:36:40.505254')
('2015-03-21 10:36:40.528562', 'put_channel : channel tb0, group 0, time 2015-03-21 10:36:40.528525')
('2015-03-21 10:36:40.657054', 'put_channel : channel tb0, group 0, time 2015-03-21 10:36:40.656988')
('2015-03-21 10:37:00.008233', 'put_channel : channel tb0, group 1, time 2015-03-21 10:37:00.008160')
('2015-03-21 10:37:00.008820', 'put_channel : channel tb0, group 1, time 2015-03-21 10:37:00.008774')
('2015-03-21 10:37:00.033271', 'put_channel : channel tb0, group 1, time 2015-03-21 10:37:00.033218')
('2015-03-21 10:37:01.018914', 'put_channel : channel tb0, group 1, time 2015-03-21 10:37:01.018835')
('2015-03-21 10:37:01.510085', 'put_channel : channel tb0, group 1, time 2015-03-21 10:37:01.510011')
('2015-03-21 10:37:01.514632', 'put_channel : channel tb0, group 1, time 2015-03-21 10:37:01.514587')
('2015-03-21 10:37:01.537063', 'put_channel : channel tb0, group 1, time 2015-03-21 10:37:01.537021')
('2015-03-21 10:37:02.514781', 'put_channel : channel tb0, group 1, time 2015-03-21 10:37:02.514704')
('2015-03-21 10:37:03.008315', 'put_channel : channel tb0, group 1, time 2015-03-21 10:37:03.008243')
('2015-03-21 10:37:03.024773', 'put_channel : channel tb0, group 1, time 2015-03-21 10:37:03.024727')
('2015-03-21 10:37:04.510750', 'put_channel : channel tb0, group 1, time 2015-03-21 10:37:04.510677')
('2015-03-21 10:37:04.528987', 'put_channel : channel tb0, group 1, time 2015-03-21 10:37:04.528941')
('2015-03-21 10:37:06.010484', 'put_channel : channel tb0, group 1, time 2015-03-21 10:37:06.010412')
('2015-03-21 10:37:06.032911', 'put_channel : channel tb0, group 1, time 2015-03-21 10:37:06.032863')
('2015-03-21 10:37:07.003378', 'put_channel : channel tb0, group 0, time 2015-03-21 10:37:07.003298')
('2015-03-21 10:37:07.014918', 'put_channel : channel tb0, group 0, time 2015-03-21 10:37:07.014872')
('2015-03-21 10:37:07.507023', 'put_channel : channel tb0, group 0, time 2015-03-21 10:37:07.506945')
('2015-03-21 10:37:07.508592', 'put_channel : channel tb0, group 1, time 2015-03-21 10:37:07.508551')
('2015-03-21 10:37:07.509027', 'put_channel : channel tb0, group 0, time 2015-03-21 10:37:07.508983')
('2015-03-21 10:37:07.535095', 'put_channel : channel tb0, group 0, time 2015-03-21 10:37:07.535050')
('2015-03-21 10:37:07.536724', 'put_channel : channel tb0, group 1, time 2015-03-21 10:37:07.536686')
('2015-03-21 10:37:08.384165', 'fd_channel : login[0] 0 login[1] 0 , tb0[0] 47 tb0[1] 66 , tb1[0] 0 tb1[1] 0')
('2015-03-21 10:37:08.385359', 'fd_channel : login[0] 0 login[1] 0 , tb0[0] 45 tb0[1] 66 , tb1[0] 0 tb1[1] 0')
('2015-03-21 10:37:08.511276', 'put_channel : channel tb0, group 0, time 2015-03-21 10:37:08.511163')
('2015-03-21 10:37:09.006214', 'put_channel : channel tb0, group 0, time 2015-03-21 10:37:09.006138')
('2015-03-21 10:37:09.009824', 'put_channel : channel tb0, group 1, time 2015-03-21 10:37:09.009783')
('2015-03-21 10:37:09.039086', 'put_channel : channel tb0, group 0, time 2015-03-21 10:37:09.039039')
('2015-03-21 10:37:10.015207', 'put_channel : channel tb0, group 0, time 2015-03-21 10:37:10.015128')
('2015-03-21 10:37:10.506106', 'put_channel : channel tb0, group 0, time 2015-03-21 10:37:10.506014')
('2015-03-21 10:37:10.507786', 'put_channel : channel tb0, group 1, time 2015-03-21 10:37:10.507746')
('2015-03-21 10:37:10.528854', 'put_channel : channel tb0, group 0, time 2015-03-21 10:37:10.528807')
('2015-03-21 10:37:12.006437', 'put_channel : channel tb0, group 0, time 2015-03-21 10:37:12.006356')
('2015-03-21 10:37:12.030948', 'put_channel : channel tb0, group 0, time 2015-03-21 10:37:12.030906')
('2015-03-21 10:37:16.626024', 'put_channel : channel tb0, group 1, time 2015-03-21 10:37:16.625981')
('2015-03-21 10:37:16.724875', 'fd_channel : login[0] 0 login[1] 0 , tb0[0] 53 tb0[1] 60 , tb1[0] 0 tb1[1] 0')
('2015-03-21 10:37:34.007043', 'put_channel : channel tb0, group 1, time 2015-03-21 10:37:34.006964')
('2015-03-21 10:37:34.016924', 'put_channel : channel tb0, group 1, time 2015-03-21 10:37:34.016872')
('2015-03-21 10:37:34.509107', 'put_channel : channel tb0, group 1, time 2015-03-21 10:37:34.509034')
('2015-03-21 10:37:34.510115', 'put_channel : channel tb0, group 1, time 2015-03-21 10:37:34.510077')
('2015-03-21 10:37:34.528971', 'put_channel : channel tb0, group 1, time 2015-03-21 10:37:34.528918')
('2015-03-21 10:37:35.521460', 'put_channel : channel tb0, group 1, time 2015-03-21 10:37:35.521380')
('2015-03-21 10:37:36.008771', 'put_channel : channel tb0, group 1, time 2015-03-21 10:37:36.008697')
('2015-03-21 10:37:36.034653', 'put_channel : channel tb0, group 1, time 2015-03-21 10:37:36.034609')
('2015-03-21 10:37:37.025257', 'put_channel : channel tb0, group 1, time 2015-03-21 10:37:37.025170')
('2015-03-21 10:37:37.509702', 'put_channel : channel tb0, group 1, time 2015-03-21 10:37:37.509631')
('2015-03-21 10:37:37.536927', 'put_channel : channel tb0, group 1, time 2015-03-21 10:37:37.536880')
('2015-03-21 10:37:43.535045', 'put_channel : channel tb0, group 0, time 2015-03-21 10:37:43.534966')
('2015-03-21 10:37:44.513064', 'put_channel : channel tb0, group 0, time 2015-03-21 10:37:44.512969')
('2015-03-21 10:37:44.559036', 'put_channel : channel tb0, group 0, time 2015-03-21 10:37:44.558983')
('2015-03-21 10:37:45.039356', 'put_channel : channel tb0, group 0, time 2015-03-21 10:37:45.039276')
('2015-03-21 10:37:45.169104', 'put_channel : channel tb0, group 0, time 2015-03-21 10:37:45.169021')
('2015-03-21 10:37:46.015249', 'put_channel : channel tb0, group 0, time 2015-03-21 10:37:46.015148')
('2015-03-21 10:37:46.062914', 'put_channel : channel tb0, group 0, time 2015-03-21 10:37:46.062859')
('2015-03-21 10:37:46.528715', 'put_channel : channel tb0, group 0, time 2015-03-21 10:37:46.528618')
('2015-03-21 10:37:46.641081', 'put_channel : channel tb0, group 0, time 2015-03-21 10:37:46.641000')
('2015-03-21 10:37:47.568861', 'put_channel : channel tb0, group 0, time 2015-03-21 10:37:47.568782')
('2015-03-21 10:37:48.031396', 'put_channel : channel tb0, group 0, time 2015-03-21 10:37:48.031315')
('2015-03-21 10:37:48.111531', 'put_channel : channel tb0, group 0, time 2015-03-21 10:37:48.111457')
('2015-03-21 10:37:49.071476', 'put_channel : channel tb0, group 0, time 2015-03-21 10:37:49.071397')
('2015-03-21 10:37:49.536938', 'put_channel : channel tb0, group 0, time 2015-03-21 10:37:49.536855')
('2015-03-21 10:37:49.648809', 'put_channel : channel tb0, group 0, time 2015-03-21 10:37:49.648712')
('2015-03-21 10:37:50.543342', 'put_channel : channel tb0, group 0, time 2015-03-21 10:37:50.543253')
('2015-03-21 10:37:51.025313', 'put_channel : channel tb0, group 0, time 2015-03-21 10:37:51.025234')
('2015-03-21 10:38:10.065168', 'put_channel : channel tb0, group 1, time 2015-03-21 10:38:10.065086')
('2015-03-21 10:38:11.128763', 'fd_channel : login[0] 0 login[1] 0 , tb0[0] 70 tb0[1] 42 , tb1[0] 0 tb1[1] 0')
('2015-03-21 10:38:15.121476', 'put_channel : channel tb0, group 1, time 2015-03-21 10:38:15.121402')
('2015-03-21 10:38:16.660250', 'put_channel : channel tb0, group 1, time 2015-03-21 10:38:16.660179')
('2015-03-21 10:38:18.129090', 'put_channel : channel tb0, group 1, time 2015-03-21 10:38:18.129005')
('2015-03-21 10:38:19.600977', 'put_channel : channel tb0, group 1, time 2015-03-21 10:38:19.600899')
('2015-03-21 10:38:21.137392', 'put_channel : channel tb0, group 1, time 2015-03-21 10:38:21.137315')
('2015-03-21 10:38:24.143377', 'put_channel : channel tb0, group 0, time 2015-03-21 10:38:24.143306')
('2015-03-21 10:38:25.615142', 'put_channel : channel tb0, group 0, time 2015-03-21 10:38:25.615067')
('2015-03-21 10:38:26.866151', 'fd_channel : login[0] 0 login[1] 0 , tb0[0] 72 tb0[1] 45 , tb1[0] 0 tb1[1] 0')
('2015-03-21 10:38:27.153357', 'put_channel : channel tb0, group 1, time 2015-03-21 10:38:27.153275')
('2015-03-21 10:38:27.155911', 'put_channel : channel tb0, group 0, time 2015-03-21 10:38:27.155876')
('2015-03-21 10:38:28.623089', 'put_channel : channel tb0, group 0, time 2015-03-21 10:38:28.622965')
('2015-03-21 10:38:28.689103', 'put_channel : channel tb0, group 1, time 2015-03-21 10:38:28.689033')
('2015-03-21 10:38:30.095401', 'put_channel : channel tb0, group 0, time 2015-03-21 10:38:30.095330')
('2015-03-21 10:38:42.796136', 'fd_channel : login[0] 0 login[1] 0 , tb0[0] 34 tb0[1] 47 , tb1[0] 0 tb1[1] 0')
('2015-03-21 10:38:44.314975', 'fd_channel : login[0] 0 login[1] 0 , tb0[0] 33 tb0[1] 47 , tb1[0] 0 tb1[1] 0')
('2015-03-21 10:39:01.175446', 'fd_channel : login[0] 0 login[1] 0 , tb0[0] 33 tb0[1] 25 , tb1[0] 0 tb1[1] 0')
('2015-03-21 10:39:07.572064', 'fd_channel : login[0] 0 login[1] 0 , tb0[0] 33 tb0[1] 19 , tb1[0] 0 tb1[1] 0')
('2015-03-21 10:39:10.643406', 'fd_channel : login[0] 0 login[1] 0 , tb0[0] 33 tb0[1] 18 , tb1[0] 0 tb1[1] 0')
('2015-03-21 10:40:12.602722', 'fd_channel : login[0] 0 login[1] 0 , tb0[0] 4 tb0[1] 18 , tb1[0] 0 tb1[1] 0')
('2015-03-21 10:40:16.689931', 'fd_channel : login[0] 0 login[1] 0 , tb0[0] 3 tb0[1] 18 , tb1[0] 0 tb1[1] 0')
('2015-03-21 11:27:42.005935', 'put_channel : channel tb1, group 0, time 2015-03-21 11:27:42.005809')
('2015-03-21 11:27:42.009323', 'put_channel : channel tb1, group 1, time 2015-03-21 11:27:42.009269')
('2015-03-21 11:27:43.505580', 'put_channel : channel tb1, group 0, time 2015-03-21 11:27:43.505508')
('2015-03-21 11:27:43.509280', 'put_channel : channel tb1, group 1, time 2015-03-21 11:27:43.509239')
('2015-03-21 11:27:45.008238', 'put_channel : channel tb1, group 0, time 2015-03-21 11:27:45.008114')
('2015-03-21 11:27:45.008568', 'put_channel : channel tb1, group 1, time 2015-03-21 11:27:45.008528')
('2015-03-21 11:27:46.507362', 'put_channel : channel tb1, group 0, time 2015-03-21 11:27:46.507290')
('2015-03-21 11:27:46.509966', 'put_channel : channel tb1, group 1, time 2015-03-21 11:27:46.509925')
('2015-03-21 11:27:48.007665', 'put_channel : channel tb1, group 0, time 2015-03-21 11:27:48.007583')
('2015-03-21 11:27:48.007971', 'put_channel : channel tb1, group 1, time 2015-03-21 11:27:48.007899')
('2015-03-21 11:27:49.506773', 'put_channel : channel tb1, group 0, time 2015-03-21 11:27:49.506701')
('2015-03-21 11:27:49.508301', 'put_channel : channel tb1, group 1, time 2015-03-21 11:27:49.508259')
('2015-03-21 11:27:51.009763', 'put_channel : channel tb1, group 1, time 2015-03-21 11:27:51.009689')
('2015-03-21 11:27:52.508714', 'put_channel : channel tb1, group 1, time 2015-03-21 11:27:52.508642')
('2015-03-21 11:27:54.008205', 'put_channel : channel tb1, group 1, time 2015-03-21 11:27:54.008130')
('2015-03-21 11:27:55.508369', 'put_channel : channel tb1, group 1, time 2015-03-21 11:27:55.508298')
('2015-03-21 11:27:57.006977', 'put_channel : channel tb1, group 0, time 2015-03-21 11:27:57.006904')
('2015-03-21 11:27:57.007314', 'put_channel : channel tb1, group 0, time 2015-03-21 11:27:57.007249')
('2015-03-21 11:27:57.008648', 'put_channel : channel tb1, group 1, time 2015-03-21 11:27:57.008607')
('2015-03-21 11:27:58.015312', 'put_channel : channel tb1, group 0, time 2015-03-21 11:27:58.015182')
('2015-03-21 11:27:58.505982', 'put_channel : channel tb1, group 0, time 2015-03-21 11:27:58.505909')
('2015-03-21 11:27:58.506992', 'put_channel : channel tb1, group 0, time 2015-03-21 11:27:58.506944')
('2015-03-21 11:27:58.507816', 'put_channel : channel tb1, group 1, time 2015-03-21 11:27:58.507774')
('2015-03-21 11:27:59.519032', 'put_channel : channel tb1, group 0, time 2015-03-21 11:27:59.518952')
('2015-03-21 11:28:00.007923', 'put_channel : channel tb1, group 1, time 2015-03-21 11:28:00.007850')
('2015-03-21 11:28:01.003180', 'put_channel : channel tb1, group 0, time 2015-03-21 11:28:01.003099')
('2015-03-21 11:28:01.506733', 'put_channel : channel tb1, group 0, time 2015-03-21 11:28:01.506621')
('2015-03-21 11:28:01.508631', 'put_channel : channel tb1, group 1, time 2015-03-21 11:28:01.508546')
('2015-03-21 11:28:05.505872', 'put_channel : channel tb1, group 1, time 2015-03-21 11:28:05.505792')
('2015-03-21 11:28:06.008951', 'put_channel : channel tb1, group 1, time 2015-03-21 11:28:06.008879')
('2015-03-21 11:28:09.009244', 'put_channel : channel tb1, group 1, time 2015-03-21 11:28:09.009176')
('2015-03-21 11:28:10.005165', 'put_channel : channel tb1, group 0, time 2015-03-21 11:28:10.005083')
('2015-03-21 11:28:10.014941', 'put_channel : channel tb1, group 0, time 2015-03-21 11:28:10.014895')
('2015-03-21 11:28:11.505028', 'put_channel : channel tb1, group 1, time 2015-03-21 11:28:11.504942')
('2015-03-21 11:28:11.505379', 'put_channel : channel tb1, group 0, time 2015-03-21 11:28:11.505333')
('2015-03-21 11:28:11.519027', 'put_channel : channel tb1, group 0, time 2015-03-21 11:28:11.518985')
('2015-03-21 11:28:13.005220', 'put_channel : channel tb1, group 0, time 2015-03-21 11:28:13.005126')
('2015-03-21 11:28:13.016853', 'put_channel : channel tb1, group 0, time 2015-03-21 11:28:13.016813')
('2015-03-21 11:28:14.513354', 'put_channel : channel tb1, group 1, time 2015-03-21 11:28:14.513276')
('2015-03-21 11:28:16.007654', 'put_channel : channel tb1, group 1, time 2015-03-21 11:28:16.007571')
('2015-03-21 11:28:17.505319', 'put_channel : channel tb1, group 1, time 2015-03-21 11:28:17.505240')
('2015-03-21 11:28:19.019044', 'put_channel : channel tb1, group 1, time 2015-03-21 11:28:19.018971')
('2015-03-21 11:28:20.513086', 'put_channel : channel tb1, group 1, time 2015-03-21 11:28:20.513006')
('2015-03-21 11:28:23.507484', 'put_channel : channel tb1, group 1, time 2015-03-21 11:28:23.507403')
('2015-03-21 11:28:24.014240', 'put_channel : channel tb1, group 1, time 2015-03-21 11:28:24.014100')
('2015-03-21 11:28:24.033792', 'put_channel : channel tb1, group 1, time 2015-03-21 11:28:24.033689')
('2015-03-21 11:28:25.009368', 'put_channel : channel tb1, group 1, time 2015-03-21 11:28:25.009290')
('2015-03-21 11:28:26.505201', 'put_channel : channel tb1, group 1, time 2015-03-21 11:28:26.505123')
('2015-03-21 11:28:26.514520', 'put_channel : channel tb1, group 1, time 2015-03-21 11:28:26.514472')
('2015-03-21 11:28:29.503656', 'put_channel : channel tb1, group 0, time 2015-03-21 11:28:29.503577')
('2015-03-21 11:28:29.507035', 'put_channel : channel tb1, group 1, time 2015-03-21 11:28:29.506994')
('2015-03-21 11:28:30.031248', 'put_channel : channel tb1, group 0, time 2015-03-21 11:28:30.031128')
('2015-03-21 11:28:31.003579', 'put_channel : channel tb1, group 0, time 2015-03-21 11:28:31.003498')
('2015-03-21 11:28:31.023300', 'put_channel : channel tb1, group 0, time 2015-03-21 11:28:31.023218')
('2015-03-21 11:28:31.507718', 'put_channel : channel tb1, group 0, time 2015-03-21 11:28:31.507644')
('2015-03-21 11:28:32.506636', 'put_channel : channel tb1, group 1, time 2015-03-21 11:28:32.506557')
('2015-03-21 11:28:32.510846', 'put_channel : channel tb1, group 0, time 2015-03-21 11:28:32.510799')
('2015-03-21 11:28:34.003434', 'put_channel : channel tb1, group 0, time 2015-03-21 11:28:34.003346')
('2015-03-21 11:28:34.005239', 'put_channel : channel tb1, group 1, time 2015-03-21 11:28:34.005199')
('2015-03-21 11:28:35.503364', 'put_channel : channel tb1, group 0, time 2015-03-21 11:28:35.503286')
('2015-03-21 11:28:35.506894', 'put_channel : channel tb1, group 1, time 2015-03-21 11:28:35.506853')
('2015-03-21 11:28:37.005263', 'put_channel : channel tb1, group 1, time 2015-03-21 11:28:37.005175')
('2015-03-21 11:28:38.505655', 'put_channel : channel tb1, group 1, time 2015-03-21 11:28:38.505576')
('2015-03-21 11:28:40.006004', 'put_channel : channel tb1, group 1, time 2015-03-21 11:28:40.005914')
('2015-03-21 11:28:41.505562', 'put_channel : channel tb1, group 1, time 2015-03-21 11:28:41.505483')
('2015-03-21 11:28:43.005372', 'put_channel : channel tb1, group 1, time 2015-03-21 11:28:43.005294')
('2015-03-21 11:28:44.505267', 'put_channel : channel tb1, group 1, time 2015-03-21 11:28:44.505186')
('2015-03-21 11:28:47.506132', 'put_channel : channel tb1, group 1, time 2015-03-21 11:28:47.506043')
('2015-03-21 11:28:49.004081', 'put_channel : channel tb1, group 0, time 2015-03-21 11:28:49.004010')
('2015-03-21 11:28:49.005206', 'put_channel : channel tb1, group 1, time 2015-03-21 11:28:49.005164')
('2015-03-21 11:28:49.014776', 'put_channel : channel tb1, group 0, time 2015-03-21 11:28:49.014735')
('2015-03-21 11:28:49.507194', 'put_channel : channel tb1, group 0, time 2015-03-21 11:28:49.507122')
('2015-03-21 11:28:49.507540', 'put_channel : channel tb1, group 0, time 2015-03-21 11:28:49.507460')
('2015-03-21 11:28:49.510770', 'put_channel : channel tb1, group 1, time 2015-03-21 11:28:49.510729')
('2015-03-21 11:28:50.577582', 'put_channel : channel tb1, group 0, time 2015-03-21 11:28:50.577477')
('2015-03-21 11:28:51.006283', 'put_channel : channel tb1, group 0, time 2015-03-21 11:28:51.006209')
('2015-03-21 11:28:51.024840', 'put_channel : channel tb1, group 0, time 2015-03-21 11:28:51.024780')
('2015-03-21 11:28:52.016277', 'put_channel : channel tb1, group 0, time 2015-03-21 11:28:52.016197')
('2015-03-21 11:28:52.047067', 'put_channel : channel tb1, group 0, time 2015-03-21 11:28:52.047017')
('2015-03-21 11:28:58.007147', 'put_channel : channel tb1, group 1, time 2015-03-21 11:28:58.007066')
('2015-03-21 11:28:58.018524', 'put_channel : channel tb1, group 1, time 2015-03-21 11:28:58.018477')
('2015-03-21 11:28:58.065172', 'put_channel : channel tb1, group 1, time 2015-03-21 11:28:58.065114')
('2015-03-21 11:28:59.507265', 'put_channel : channel tb1, group 1, time 2015-03-21 11:28:59.507165')
('2015-03-21 11:29:01.005501', 'put_channel : channel tb1, group 1, time 2015-03-21 11:29:01.005403')
('2015-03-21 11:29:02.505948', 'put_channel : channel tb1, group 1, time 2015-03-21 11:29:02.505869')
('2015-03-21 11:29:07.010588', 'put_channel : channel tb1, group 1, time 2015-03-21 11:29:07.010506')
('2015-03-21 11:29:08.119751', 'put_channel : channel tb1, group 1, time 2015-03-21 11:29:08.119654')
('2015-03-21 11:29:09.007990', 'put_channel : channel tb1, group 1, time 2015-03-21 11:29:09.007924')
('2015-03-21 11:29:09.040926', 'put_channel : channel tb1, group 1, time 2015-03-21 11:29:09.040879')
('2015-03-21 11:29:10.015097', 'put_channel : channel tb1, group 0, time 2015-03-21 11:29:10.015020')
('2015-03-21 11:29:10.507423', 'put_channel : channel tb1, group 0, time 2015-03-21 11:29:10.507331')
('2015-03-21 11:29:10.507753', 'put_channel : channel tb1, group 0, time 2015-03-21 11:29:10.507698')
('2015-03-21 11:29:10.527077', 'put_channel : channel tb1, group 0, time 2015-03-21 11:29:10.527035')
('2015-03-21 11:29:11.568926', 'put_channel : channel tb1, group 0, time 2015-03-21 11:29:11.568846')
('2015-03-21 11:29:12.007052', 'put_channel : channel tb1, group 0, time 2015-03-21 11:29:12.006969')
('2015-03-21 11:29:13.015292', 'put_channel : channel tb1, group 0, time 2015-03-21 11:29:13.015190')
('2015-03-21 11:29:13.506562', 'put_channel : channel tb1, group 0, time 2015-03-21 11:29:13.506488')
('2015-03-21 11:29:13.535410', 'put_channel : channel tb1, group 0, time 2015-03-21 11:29:13.535360')
('2015-03-21 11:29:14.119828', 'put_channel : channel tb1, group 1, time 2015-03-21 11:29:14.119730')
('2015-03-21 11:29:14.577801', 'put_channel : channel tb1, group 0, time 2015-03-21 11:29:14.577665')
('2015-03-21 11:29:15.009024', 'put_channel : channel tb1, group 1, time 2015-03-21 11:29:15.008951')
('2015-03-21 11:29:15.010366', 'put_channel : channel tb1, group 1, time 2015-03-21 11:29:15.010326')
('2015-03-21 11:29:16.510350', 'put_channel : channel tb1, group 0, time 2015-03-21 11:29:16.510223')
('2015-03-21 11:29:16.512920', 'put_channel : channel tb1, group 1, time 2015-03-21 11:29:16.512814')
('2015-03-21 11:29:16.526764', 'put_channel : channel tb1, group 0, time 2015-03-21 11:29:16.526714')
('2015-03-21 11:29:17.521144', 'put_channel : channel tb1, group 1, time 2015-03-21 11:29:17.521066')
('2015-03-21 11:29:19.508652', 'put_channel : channel tb1, group 1, time 2015-03-21 11:29:19.508579')
('2015-03-21 11:29:21.008610', 'put_channel : channel tb1, group 1, time 2015-03-21 11:29:21.008538')
('2015-03-21 11:29:23.571510', 'put_channel : channel tb1, group 1, time 2015-03-21 11:29:23.571401')
('2015-03-21 11:29:24.008424', 'put_channel : channel tb1, group 1, time 2015-03-21 11:29:24.008357')
('2015-03-21 11:29:27.006771', 'put_channel : channel tb1, group 0, time 2015-03-21 11:29:27.006698')
('2015-03-21 11:29:27.007139', 'put_channel : channel tb1, group 0, time 2015-03-21 11:29:27.007100')
('2015-03-21 11:29:27.008638', 'put_channel : channel tb1, group 1, time 2015-03-21 11:29:27.008590')
('2015-03-21 11:29:28.507363', 'put_channel : channel tb1, group 0, time 2015-03-21 11:29:28.507290')
('2015-03-21 11:29:29.520477', 'put_channel : channel tb1, group 0, time 2015-03-21 11:29:29.520430')
('2015-03-21 11:29:30.008460', 'put_channel : channel tb1, group 0, time 2015-03-21 11:29:30.008372')
('2015-03-21 11:29:30.130080', 'put_channel : channel tb1, group 0, time 2015-03-21 11:29:30.129936')
('2015-03-21 11:29:31.507179', 'put_channel : channel tb1, group 0, time 2015-03-21 11:29:31.507109')
('2015-03-21 11:29:31.509321', 'put_channel : channel tb1, group 1, time 2015-03-21 11:29:31.509281')
('2015-03-21 11:29:31.510070', 'put_channel : channel tb1, group 1, time 2015-03-21 11:29:31.509970')
('2015-03-21 11:29:33.009287', 'put_channel : channel tb1, group 1, time 2015-03-21 11:29:33.009216')
('2015-03-21 11:29:37.130998', 'fd_channel : login[0] 0 login[1] 0 , tb0[0] 3 tb0[1] 18 , tb1[0] 56 tb1[1] 64')
('2015-03-21 11:29:37.132112', 'fd_channel : login[0] 0 login[1] 0 , tb0[0] 3 tb0[1] 18 , tb1[0] 56 tb1[1] 63')
('2015-03-21 11:29:37.133472', 'fd_channel : login[0] 0 login[1] 0 , tb0[0] 3 tb0[1] 18 , tb1[0] 56 tb1[1] 62')
('2015-03-21 11:29:37.137455', 'fd_channel : login[0] 0 login[1] 0 , tb0[0] 3 tb0[1] 18 , tb1[0] 56 tb1[1] 61')
('2015-03-21 11:29:37.138471', 'fd_channel : login[0] 0 login[1] 0 , tb0[0] 3 tb0[1] 18 , tb1[0] 56 tb1[1] 60')
('2015-03-21 11:29:37.139677', 'fd_channel : login[0] 0 login[1] 0 , tb0[0] 3 tb0[1] 18 , tb1[0] 56 tb1[1] 59')
('2015-03-21 11:29:37.140648', 'fd_channel : login[0] 0 login[1] 0 , tb0[0] 3 tb0[1] 18 , tb1[0] 56 tb1[1] 58')
('2015-03-21 11:29:37.141193', 'fd_channel : login[0] 0 login[1] 0 , tb0[0] 3 tb0[1] 18 , tb1[0] 56 tb1[1] 57')
('2015-03-21 11:29:41.521199', 'put_channel : channel tb1, group 1, time 2015-03-21 11:29:41.521122')
('2015-03-21 11:29:43.507985', 'put_channel : channel tb1, group 1, time 2015-03-21 11:29:43.507913')
('2015-03-21 11:29:43.509286', 'put_channel : channel tb1, group 1, time 2015-03-21 11:29:43.509238')
('2015-03-21 11:29:44.141199', 'fd_channel : login[0] 0 login[1] 0 , tb0[0] 3 tb0[1] 18 , tb1[0] 56 tb1[1] 59')
('2015-03-21 11:29:44.383333', 'put_channel : channel tb1, group 0, time 2015-03-21 11:29:44.383217')
('2015-03-21 11:29:46.010867', 'put_channel : channel tb1, group 1, time 2015-03-21 11:29:46.010795')
('2015-03-21 11:29:48.011286', 'put_channel : channel tb1, group 0, time 2015-03-21 11:29:48.011198')
('2015-03-21 11:29:49.071390', 'put_channel : channel tb1, group 0, time 2015-03-21 11:29:49.071312')
('2015-03-21 11:29:50.544843', 'put_channel : channel tb1, group 0, time 2015-03-21 11:29:50.544765')
('2015-03-21 11:29:56.513088', 'put_channel : channel tb1, group 1, time 2015-03-21 11:29:56.513014')
('2015-03-21 11:29:56.678303', 'fd_channel : login[0] 0 login[1] 0 , tb0[0] 3 tb0[1] 18 , tb1[0] 60 tb1[1] 56')
('2015-03-21 11:29:56.679324', 'fd_channel : login[0] 0 login[1] 0 , tb0[0] 3 tb0[1] 18 , tb1[0] 60 tb1[1] 55')
('2015-03-21 11:29:56.679882', 'fd_channel : login[0] 0 login[1] 0 , tb0[0] 3 tb0[1] 18 , tb1[0] 60 tb1[1] 54')
('2015-03-21 11:29:56.680532', 'fd_channel : login[0] 0 login[1] 0 , tb0[0] 3 tb0[1] 18 , tb1[0] 60 tb1[1] 53')
('2015-03-21 11:29:56.681123', 'fd_channel : login[0] 0 login[1] 0 , tb0[0] 3 tb0[1] 18 , tb1[0] 60 tb1[1] 52')
('2015-03-21 11:29:56.681722', 'fd_channel : login[0] 0 login[1] 0 , tb0[0] 3 tb0[1] 18 , tb1[0] 60 tb1[1] 51')
('2015-03-21 11:29:56.682397', 'fd_channel : login[0] 0 login[1] 0 , tb0[0] 3 tb0[1] 18 , tb1[0] 60 tb1[1] 50')
('2015-03-21 11:29:56.683070', 'fd_channel : login[0] 0 login[1] 0 , tb0[0] 3 tb0[1] 18 , tb1[0] 60 tb1[1] 49')
('2015-03-21 11:29:56.819850', 'fd_channel : login[0] 0 login[1] 0 , tb0[0] 3 tb0[1] 18 , tb1[0] 52 tb1[1] 48')
('2015-03-21 11:29:56.822126', 'fd_channel : login[0] 0 login[1] 0 , tb0[0] 3 tb0[1] 18 , tb1[0] 47 tb1[1] 48')
('2015-03-21 11:29:57.034959', 'fd_channel : login[0] 0 login[1] 0 , tb0[0] 3 tb0[1] 18 , tb1[0] 46 tb1[1] 48')
('2015-03-21 11:29:57.035965', 'fd_channel : login[0] 0 login[1] 0 , tb0[0] 3 tb0[1] 18 , tb1[0] 46 tb1[1] 47')
('2015-03-21 11:29:57.434447', 'fd_channel : login[0] 0 login[1] 0 , tb0[0] 3 tb0[1] 18 , tb1[0] 45 tb1[1] 47')
('2015-03-21 11:29:57.435392', 'fd_channel : login[0] 0 login[1] 0 , tb0[0] 3 tb0[1] 18 , tb1[0] 45 tb1[1] 46')
('2015-03-21 11:29:58.821724', 'fd_channel : login[0] 0 login[1] 0 , tb0[0] 3 tb0[1] 18 , tb1[0] 44 tb1[1] 46')
('2015-03-21 11:29:58.822449', 'fd_channel : login[0] 0 login[1] 0 , tb0[0] 3 tb0[1] 18 , tb1[0] 44 tb1[1] 45')
('2015-03-21 11:29:59.037258', 'fd_channel : login[0] 0 login[1] 0 , tb0[0] 3 tb0[1] 18 , tb1[0] 43 tb1[1] 45')
('2015-03-21 11:29:59.038298', 'fd_channel : login[0] 0 login[1] 0 , tb0[0] 3 tb0[1] 18 , tb1[0] 43 tb1[1] 44')
('2015-03-21 11:29:59.436542', 'fd_channel : login[0] 0 login[1] 0 , tb0[0] 3 tb0[1] 18 , tb1[0] 42 tb1[1] 44')
('2015-03-21 11:29:59.437560', 'fd_channel : login[0] 0 login[1] 0 , tb0[0] 3 tb0[1] 18 , tb1[0] 42 tb1[1] 43')
('2015-03-21 11:30:01.688009', 'worker [4] stopping')
('2015-03-21 11:30:03.680798', 'fd_channel : login[0] 0 login[1] 0 , tb0[0] 3 tb0[1] 18 , tb1[0] 42 tb1[1] 42')
('2015-03-21 11:30:03.682241', 'fd_channel : login[0] 0 login[1] 0 , tb0[0] 3 tb0[1] 18 , tb1[0] 42 tb1[1] 41')
('2015-03-21 11:30:03.684070', 'fd_channel : login[0] 0 login[1] 0 , tb0[0] 3 tb0[1] 18 , tb1[0] 42 tb1[1] 40')
('2015-03-21 11:30:03.684671', 'fd_channel : login[0] 0 login[1] 0 , tb0[0] 3 tb0[1] 18 , tb1[0] 42 tb1[1] 39')
('2015-03-21 11:30:03.686236', 'fd_channel : login[0] 0 login[1] 0 , tb0[0] 3 tb0[1] 18 , tb1[0] 42 tb1[1] 38')
('2015-03-21 11:30:06.033494', 'put_channel : channel tb1, group 1, time 2015-03-21 11:30:06.033416')
('2015-03-21 11:30:06.683489', 'fd_channel : login[0] 0 login[1] 0 , tb0[0] 3 tb0[1] 18 , tb1[0] 42 tb1[1] 38')
('2015-03-21 11:30:06.754550', 'fd_channel : login[0] 0 login[1] 0 , tb0[0] 3 tb0[1] 18 , tb1[0] 42 tb1[1] 37')
('2015-03-21 11:30:07.633625', 'put_channel : channel tb1, group 1, time 2015-03-21 11:30:07.633546')
('2015-03-21 11:30:08.513292', 'put_channel : channel tb1, group 1, time 2015-03-21 11:30:08.513215')
('2015-03-21 11:30:10.683699', 'fd_channel : login[0] 0 login[1] 0 , tb0[0] 3 tb0[1] 18 , tb1[0] 42 tb1[1] 38')
('2015-03-21 11:30:10.686859', 'fd_channel : login[0] 0 login[1] 0 , tb0[0] 3 tb0[1] 18 , tb1[0] 42 tb1[1] 37')
('2015-03-21 11:30:10.687712', 'fd_channel : login[0] 0 login[1] 0 , tb0[0] 3 tb0[1] 18 , tb1[0] 42 tb1[1] 36')
('2015-03-21 11:30:14.551100', 'put_channel : channel tb1, group 0, time 2015-03-21 11:30:14.551013')
('2015-03-21 11:30:18.034688', 'put_channel : channel tb1, group 1, time 2015-03-21 11:30:18.034606')
('2015-03-21 11:30:45.137188', 'put_channel : channel tb1, group 1, time 2015-03-21 11:30:45.137112')
