('2015-03-21 10:34:28.476421', 'client 52779481 bid 0 fd_price info channel error')
('2015-03-21 10:34:28.584460', '\r\n\r\n\r\n\r\n\r\n\r\n\r\n\r\n\r\n\r\n<XML><ERRORCODE>311</ERRORCODE><ERRORSTRING>图像校验码错误！</ERRORSTRING><ERRORSTRING_EN>Image checksum error！</ERRORSTRING_EN></XML>')
('2015-03-21 10:34:28.584523', "client 52779481 bid 0 fd_price ack error {'errstring': '图像校验码错误！', 'errcode': '311'}")
('2015-03-21 10:34:32.347734', 'client 52539890 bid 0 fd_image Timeout')
('2015-03-21 10:34:32.352799', 'client 52433025 bid 0 fd_image Timeout')
('2015-03-21 10:34:32.354559', 'client 52706862 bid 0 fd_image Timeout')
('2015-03-21 10:34:32.360396', 'client 52791116 bid 0 fd_image Timeout')
('2015-03-21 10:34:54.662991', 'client 52706862 bid 0 fd_image info channel error')
('2015-03-21 10:34:54.663380', 'client 52791116 bid 0 fd_image info channel error')
('2015-03-21 10:35:02.349415', 'client 52539890 bid 0 fd_image Timeout')
('2015-03-21 10:35:18.989052', 'client 52496991 bid 0 fd_image Timeout')
('2015-03-21 10:35:37.642828', '\r\n\r\n\r\n\r\n\r\n\r\n\r\n\r\n\r\n\r\n<XML><ERRORCODE>112</ERRORCODE><ERRORSTRING>首次出价时段不能进行修改出价！</ERRORSTRING><ERRORSTRING_EN>Can not modify the bid amount in bid time!</ERRORSTRING_EN></XML>\r\n')
('2015-03-21 10:35:37.642954', "client 52496991 bid 0 fd_price ack error {'errstring': '首次出价时段不能进行修改出价！', 'errcode': '112'}")
('2015-03-21 10:35:37.879320', '\r\n\r\n\r\n\r\n\r\n\r\n\r\n\r\n\r\n\r\n<XML><ERRORCODE>311</ERRORCODE><ERRORSTRING>图像校验码错误！</ERRORSTRING><ERRORSTRING_EN>Image checksum error！</ERRORSTRING_EN></XML>')
('2015-03-21 10:35:37.879433', "client 52539890 bid 0 fd_price ack error {'errstring': '图像校验码错误！', 'errcode': '311'}")
('2015-03-21 10:35:40.394556', '\r\n\r\n\r\n\r\n\r\n\r\n\r\n\r\n\r\n\r\n<XML><ERRORCODE>311</ERRORCODE><ERRORSTRING>图像校验码错误！</ERRORSTRING><ERRORSTRING_EN>Image checksum error！</ERRORSTRING_EN></XML>')
('2015-03-21 10:35:40.394620', "client 52706862 bid 0 fd_price ack error {'errstring': '图像校验码错误！', 'errcode': '311'}")
('2015-03-21 10:35:40.396204', '\r\n\r\n\r\n\r\n\r\n\r\n\r\n\r\n\r\n\r\n<XML><ERRORCODE>311</ERRORCODE><ERRORSTRING>图像校验码错误！</ERRORSTRING><ERRORSTRING_EN>Image checksum error！</ERRORSTRING_EN></XML>')
('2015-03-21 10:35:40.396260', "client 52791116 bid 0 fd_price ack error {'errstring': '图像校验码错误！', 'errcode': '311'}")
('2015-03-21 10:35:40.397143', '\r\n\r\n\r\n\r\n\r\n\r\n\r\n\r\n\r\n\r\n<XML><ERRORCODE>311</ERRORCODE><ERRORSTRING>图像校验码错误！</ERRORSTRING><ERRORSTRING_EN>Image checksum error！</ERRORSTRING_EN></XML>')
('2015-03-21 10:35:40.397212', "client 52433025 bid 0 fd_price ack error {'errstring': '图像校验码错误！', 'errcode': '311'}")
('2015-03-21 10:35:58.662456', 'client 52342404 bid 0 fd_price info channel error')
('2015-03-21 10:36:16.966735', 'client 52539890 bid 0 fd_image info channel error')
('2015-03-21 10:36:34.204539', 'client 52342404 bid 0 fd_price info channel error')
('2015-03-21 10:36:34.325813', '\r\n\r\n\r\n\r\n\r\n\r\n\r\n\r\n\r\n\r\n<XML><ERRORCODE>311</ERRORCODE><ERRORSTRING>图像校验码错误！</ERRORSTRING><ERRORSTRING_EN>Image checksum error！</ERRORSTRING_EN></XML>')
('2015-03-21 10:36:34.325866', "client 52342404 bid 0 fd_price ack error {'errstring': '图像校验码错误！', 'errcode': '311'}")
('2015-03-21 10:36:40.904843', 'client 52498111 bid 0 fd_price info channel error')
('2015-03-21 10:36:41.014067', '\r\n\r\n\r\n\r\n\r\n\r\n\r\n\r\n\r\n\r\n<XML><ERRORCODE>311</ERRORCODE><ERRORSTRING>图像校验码错误！</ERRORSTRING><ERRORSTRING_EN>Image checksum error！</ERRORSTRING_EN></XML>')
('2015-03-21 10:36:41.014186', "client 52498111 bid 0 fd_price ack error {'errstring': '图像校验码错误！', 'errcode': '311'}")
('2015-03-21 10:37:01.252813', 'client 52797686 bid 0 fd_price info channel error')
('2015-03-21 10:37:01.365691', '\r\n\r\n\r\n\r\n\r\n\r\n\r\n\r\n\r\n\r\n<XML><ERRORCODE>311</ERRORCODE><ERRORSTRING>图像校验码错误！</ERRORSTRING><ERRORSTRING_EN>Image checksum error！</ERRORSTRING_EN></XML>')
('2015-03-21 10:37:01.365801', "client 52797686 bid 0 fd_price ack error {'errstring': '图像校验码错误！', 'errcode': '311'}")
('2015-03-21 10:37:31.719485', 'client 52539890 bid 0 fd_image info channel error')
('2015-03-21 10:37:31.719886', 'client 52433025 bid 0 fd_image info channel error')
('2015-03-21 10:37:44.519681', 'client 52496991 bid 0 fd_price info channel error')
('2015-03-21 10:37:44.636915', '\r\n\r\n\r\n\r\n\r\n\r\n\r\n\r\n\r\n\r\n<XML><ERRORCODE>311</ERRORCODE><ERRORSTRING>图像校验码错误！</ERRORSTRING><ERRORSTRING_EN>Image checksum error！</ERRORSTRING_EN></XML>')
('2015-03-21 10:37:44.636973', "client 52496991 bid 0 fd_price ack error {'errstring': '图像校验码错误！', 'errcode': '311'}")
('2015-03-21 10:37:44.774351', 'client 52779481 bid 0 fd_price info channel error')
('2015-03-21 10:37:44.894193', '\r\n\r\n\r\n\r\n\r\n\r\n\r\n\r\n\r\n\r\n<XML><ERRORCODE>311</ERRORCODE><ERRORSTRING>图像校验码错误！</ERRORSTRING><ERRORSTRING_EN>Image checksum error！</ERRORSTRING_EN></XML>')
('2015-03-21 10:37:44.894261', "client 52779481 bid 0 fd_price ack error {'errstring': '图像校验码错误！', 'errcode': '311'}")
('2015-03-21 10:37:46.310970', 'client 52496991 bid 0 fd_price info channel error')
('2015-03-21 10:37:46.311190', 'client 52496991 bid 0 fd_price info channel error')
('2015-03-21 10:37:46.421319', '\r\n\r\n\r\n\r\n\r\n\r\n\r\n\r\n\r\n\r\n<XML><ERRORCODE>311</ERRORCODE><ERRORSTRING>图像校验码错误！</ERRORSTRING><ERRORSTRING_EN>Image checksum error！</ERRORSTRING_EN></XML>')
('2015-03-21 10:37:46.421427', "client 52496991 bid 0 fd_price ack error {'errstring': '图像校验码错误！', 'errcode': '311'}")
('2015-03-21 10:37:46.822225', 'client 52779481 bid 0 fd_price info channel error')
('2015-03-21 10:38:00.903940', 'client 52498111 bid 0 fd_price info channel error')
('2015-03-21 10:38:00.904088', 'client 52498111 bid 0 fd_price info channel error')
('2015-03-21 10:38:01.014689', '\r\n\r\n\r\n\r\n\r\n\r\n\r\n\r\n\r\n\r\n<XML><ERRORCODE>311</ERRORCODE><ERRORSTRING>图像校验码错误！</ERRORSTRING><ERRORSTRING_EN>Image checksum error！</ERRORSTRING_EN></XML>')
('2015-03-21 10:38:01.014799', "client 52498111 bid 0 fd_price ack error {'errstring': '图像校验码错误！', 'errcode': '311'}")
('2015-03-21 10:38:02.208687', 'client 52498111 bid 0 fd_price get channel Failed')
('2015-03-21 10:38:18.310651', 'client 52496991 bid 0 fd_image info channel error')
('2015-03-21 10:39:03.879193', 'client 52496991 bid 0 fd_price info channel error')
('2015-03-21 10:39:05.182733', 'client 52496991 bid 0 fd_price get channel Failed')
('2015-03-21 10:39:28.198002', 'client 52342404 bid 0 fd_price info channel error')
('2015-03-21 10:39:29.500562', 'client 52342404 bid 0 fd_price get channel Failed')
('2015-03-21 11:29:44.201571', 'client 52797686 bid 1 fd_image Timeout')
('2015-03-21 11:29:44.202805', 'client 52791116 bid 1 fd_image Timeout')
('2015-03-21 11:29:44.203143', 'client 52779481 bid 1 fd_image Timeout')
('2015-03-21 11:30:02.875678', '\r\n\r\n\r\n\r\n\r\n\r\n\r\n\r\n\r\n\r\n\r\n<XML><ERRORCODE>110</ERRORCODE><ERRORSTRING>没有正在举行的拍卖会，请注意拍卖公告！</ERRORSTRING><ERRORSTRING_EN>Auction is not begin!</ERRORSTRING_EN></XML>')
('2015-03-21 11:30:02.875808', "client 52496991 bid 2 fd_image ack error {'body': '\\r\\n\\r\\n\\r\\n\\r\\n\\r\\n\\r\\n\\r\\n\\r\\n\\r\\n\\r\\n\\r\\n<XML><ERRORCODE>110</ERRORCODE><ERRORSTRING>没有正在举行的拍卖会，请注意拍卖公告！</ERRORSTRING><ERRORSTRING_EN>Auction is not begin!</ERRORSTRING_EN></XML>', 'head': 'Connection: close\\nDate: Sat, 21 Mar 2015 03:30:02 GMT\\nServer: Microsoft-IIS/6.0\\nSet-Cookie: JSESSIONID=5CAE6D51EFF359DBE2FF60F46DDDF833; Path=/car\\nContent-Type: text/html;charset=GBK\\nContent-Length: 178\\n\\n', 'status': 200}")
('2015-03-21 11:30:02.878718', '\r\n\r\n\r\n\r\n\r\n\r\n\r\n\r\n\r\n\r\n\r\n<XML><ERRORCODE>110</ERRORCODE><ERRORSTRING>没有正在举行的拍卖会，请注意拍卖公告！</ERRORSTRING><ERRORSTRING_EN>Auction is not begin!</ERRORSTRING_EN></XML>')
('2015-03-21 11:30:02.878852', "client 52779481 bid 2 fd_image ack error {'body': '\\r\\n\\r\\n\\r\\n\\r\\n\\r\\n\\r\\n\\r\\n\\r\\n\\r\\n\\r\\n\\r\\n<XML><ERRORCODE>110</ERRORCODE><ERRORSTRING>没有正在举行的拍卖会，请注意拍卖公告！</ERRORSTRING><ERRORSTRING_EN>Auction is not begin!</ERRORSTRING_EN></XML>', 'head': 'Connection: close\\nDate: Sat, 21 Mar 2015 03:30:02 GMT\\nServer: Microsoft-IIS/6.0\\nSet-Cookie: JSESSIONID=CD1ED5E0E11CDBDAB8EB4CAAE15B508F; Path=/car\\nContent-Type: text/html;charset=GBK\\nContent-Length: 178\\n\\n', 'status': 200}")
('2015-03-21 11:30:03.531991', 'client 52433025 bid 2 fd_image Timeout')
('2015-03-21 11:30:03.532913', 'client 52342404 bid 2 fd_image Timeout')
('2015-03-21 11:30:03.533581', 'client 52498111 bid 2 fd_image Timeout')
('2015-03-21 11:30:03.535898', 'client 52706862 bid 2 fd_image Timeout')
('2015-03-21 11:30:04.313278', '\r\n\r\n\r\n\r\n\r\n\r\n\r\n\r\n\r\n\r\n\r\n<XML><ERRORCODE>101</ERRORCODE><ERRORSTRING>您的操作太过频繁，请稍后再试！</ERRORSTRING><ERRORSTRING_EN>Please try again slightly!</ERRORSTRING_EN></XML>')
('2015-03-21 11:30:04.313346', "client 52779481 bid 2 fd_image ack error {'body': '\\r\\n\\r\\n\\r\\n\\r\\n\\r\\n\\r\\n\\r\\n\\r\\n\\r\\n\\r\\n\\r\\n<XML><ERRORCODE>101</ERRORCODE><ERRORSTRING>您的操作太过频繁，请稍后再试！</ERRORSTRING><ERRORSTRING_EN>Please try again slightly!</ERRORSTRING_EN></XML>', 'head': 'Connection: close\\nDate: Sat, 21 Mar 2015 03:30:04 GMT\\nServer: Microsoft-IIS/6.0\\nSet-Cookie: JSESSIONID=0DDD8A65B68C8ADD3CBAABC09F2EEA64; Path=/car\\nContent-Type: text/html;charset=GBK\\nContent-Length: 175\\n\\n', 'status': 200}")
('2015-03-21 11:30:04.966304', '\r\n\r\n\r\n\r\n\r\n\r\n\r\n\r\n\r\n\r\n\r\n<XML><ERRORCODE>110</ERRORCODE><ERRORSTRING>没有正在举行的拍卖会，请注意拍卖公告！</ERRORSTRING><ERRORSTRING_EN>Auction is not begin!</ERRORSTRING_EN></XML>')
('2015-03-21 11:30:04.966372', "client 52433025 bid 2 fd_image ack error {'body': '\\r\\n\\r\\n\\r\\n\\r\\n\\r\\n\\r\\n\\r\\n\\r\\n\\r\\n\\r\\n\\r\\n<XML><ERRORCODE>110</ERRORCODE><ERRORSTRING>没有正在举行的拍卖会，请注意拍卖公告！</ERRORSTRING><ERRORSTRING_EN>Auction is not begin!</ERRORSTRING_EN></XML>', 'head': 'Connection: close\\nDate: Sat, 21 Mar 2015 03:30:04 GMT\\nServer: Microsoft-IIS/6.0\\nSet-Cookie: JSESSIONID=37EEF27E6522B9BD5DF5FBCA0C9C6FB7; Path=/car\\nContent-Type: text/html;charset=GBK\\nContent-Length: 178\\n\\n', 'status': 200}")
('2015-03-21 11:30:06.542536', '\r\n\r\n\r\n\r\n\r\n\r\n\r\n\r\n\r\n\r\n\r\n<XML><ERRORCODE>101</ERRORCODE><ERRORSTRING>您的操作太过频繁，请稍后再试！</ERRORSTRING><ERRORSTRING_EN>Please try again slightly!</ERRORSTRING_EN></XML>')
('2015-03-21 11:30:06.542603', "client 52433025 bid 2 fd_image ack error {'body': '\\r\\n\\r\\n\\r\\n\\r\\n\\r\\n\\r\\n\\r\\n\\r\\n\\r\\n\\r\\n\\r\\n<XML><ERRORCODE>101</ERRORCODE><ERRORSTRING>您的操作太过频繁，请稍后再试！</ERRORSTRING><ERRORSTRING_EN>Please try again slightly!</ERRORSTRING_EN></XML>', 'head': 'Connection: close\\nDate: Sat, 21 Mar 2015 03:30:06 GMT\\nServer: Microsoft-IIS/6.0\\nSet-Cookie: JSESSIONID=DAD5F1E0F28DA8519C363B75B51B921C; Path=/car\\nContent-Type: text/html;charset=GBK\\nContent-Length: 175\\n\\n', 'status': 200}")
('2015-03-21 11:30:09.880708', 'client 52496991 bid 2 fd_image Timeout')
('2015-03-21 11:30:10.540915', 'client 52706862 bid 2 fd_image Timeout')
('2015-03-21 11:30:10.542337', 'client 52342404 bid 2 fd_image Timeout')
('2015-03-21 11:30:10.543678', 'client 52498111 bid 2 fd_image Timeout')
('2015-03-21 11:30:10.754739', '\r\n\r\n\r\n\r\n\r\n\r\n\r\n\r\n\r\n\r\n\r\n<XML><ERRORCODE>110</ERRORCODE><ERRORSTRING>没有正在举行的拍卖会，请注意拍卖公告！</ERRORSTRING><ERRORSTRING_EN>Auction is not begin!</ERRORSTRING_EN></XML>')
('2015-03-21 11:30:10.754800', "client 52498111 bid 2 fd_image ack error {'body': '\\r\\n\\r\\n\\r\\n\\r\\n\\r\\n\\r\\n\\r\\n\\r\\n\\r\\n\\r\\n\\r\\n<XML><ERRORCODE>110</ERRORCODE><ERRORSTRING>没有正在举行的拍卖会，请注意拍卖公告！</ERRORSTRING><ERRORSTRING_EN>Auction is not begin!</ERRORSTRING_EN></XML>', 'head': 'Connection: close\\nDate: Sat, 21 Mar 2015 03:30:10 GMT\\nServer: Microsoft-IIS/6.0\\nSet-Cookie: JSESSIONID=12605C19DE087BE3B49D19655884A628; Path=/car\\nContent-Type: text/html;charset=GBK\\nContent-Length: 178\\n\\n', 'status': 200}")
('2015-03-21 11:30:11.315244', '\r\n\r\n\r\n\r\n\r\n\r\n\r\n\r\n\r\n\r\n\r\n<XML><ERRORCODE>110</ERRORCODE><ERRORSTRING>没有正在举行的拍卖会，请注意拍卖公告！</ERRORSTRING><ERRORSTRING_EN>Auction is not begin!</ERRORSTRING_EN></XML>')
('2015-03-21 11:30:11.315306', "client 52496991 bid 2 fd_image ack error {'body': '\\r\\n\\r\\n\\r\\n\\r\\n\\r\\n\\r\\n\\r\\n\\r\\n\\r\\n\\r\\n\\r\\n<XML><ERRORCODE>110</ERRORCODE><ERRORSTRING>没有正在举行的拍卖会，请注意拍卖公告！</ERRORSTRING><ERRORSTRING_EN>Auction is not begin!</ERRORSTRING_EN></XML>', 'head': 'Connection: close\\nDate: Sat, 21 Mar 2015 03:30:11 GMT\\nServer: Microsoft-IIS/6.0\\nSet-Cookie: JSESSIONID=8D7B2AE70E4077F492331ED9CBED471D; Path=/car\\nContent-Type: text/html;charset=GBK\\nContent-Length: 178\\n\\n', 'status': 200}")
('2015-03-21 11:30:12.884086', 'client 52779481 bid 2 fd_image Timeout')
('2015-03-21 11:30:17.543636', 'client 52342404 bid 2 fd_image Timeout')
('2015-03-21 11:30:17.543877', 'client 52706862 bid 2 fd_image Timeout')
