('2015-04-18 10:03:48.034908', 'client 52831423 login 金善益 310103198403144038')
('2015-04-18 10:03:48.037916', 'client 52740378 login 张海翔 320502197603153054')
('2015-04-18 10:03:49.516550', 'client 52886490 login 尹微 310115199003307643')
('2015-04-18 10:03:49.520074', 'client 52466595 login 方菊 310114198010230022')
('2015-04-18 10:03:51.016140', 'client 52763249 login 史宕洲 330902195908080217')
('2015-04-18 10:03:51.018342', 'client 52771965 login 祝丽佳 310115198307263227')
('2015-04-18 10:03:52.517733', 'client 52478384 login 金寅生 310102198611244416')
('2015-04-18 10:03:52.520943', 'client 52795094 login 孙建斌 352124197411100314')
('2015-04-18 10:34:08.040192', 'client 52831423 bid 0 image D035D9A801D8204CED87857C39007C3C 464615 ')
('2015-04-18 10:34:08.059144', 'client 52831423 bid 0 price 75200 金善益 310103198403144038')
('2015-04-18 10:34:08.336429', 'client 52466595 bid 0 image 17EE648FC2BA81CCC922417B31ED8C0F 062628 ')
('2015-04-18 10:34:08.353622', 'client 52466595 bid 0 price 75200 方菊 310114198010230022')
('2015-04-18 10:34:08.443944', 'client 52795094 bid 0 image FDCA94E9A63B25FF1DEEB221F32187C2 616451 ')
('2015-04-18 10:34:08.461506', 'client 52795094 bid 0 price 75200 孙建斌 352124197411100314')
('2015-04-18 10:34:09.395019', 'client 52740378 bid 0 image 37EAD8465AC1E70ED5CF316099836667 646180 ')
('2015-04-18 10:34:09.411201', 'client 52740378 bid 0 price 75200 张海翔 320502197603153054')
('2015-04-18 10:34:10.312542', 'client 52763249 bid 0 image B27B1E7C39181B151EB365EA35D992AB 494928 ')
('2015-04-18 10:34:10.329264', 'client 52763249 bid 0 price 75200 史宕洲 330902195908080217')
('2015-04-18 10:34:11.521046', 'client 52886490 bid 0 image 2FF4C48C910E39A86972FE22B616CDDB 529161 ')
('2015-04-18 10:34:13.547317', 'client 52886490 bid 0 price 75200 尹微 310115199003307643')
('2015-04-18 10:34:14.132167', 'client 52478384 bid 0 image 46041112222F149B83B4BA5A5F334590 453629 ')
('2015-04-18 10:34:14.150695', 'client 52478384 bid 0 price 75200 金寅生 310102198611244416')
('2015-04-18 10:34:16.261803', 'client 52771965 bid 0 image 566108758F4CED1E774E5CC4DF507CFA 635362 ')
('2015-04-18 10:34:17.703532', 'client 52771965 bid 0 price 75200 祝丽佳 310115198307263227')
('2015-04-18 11:29:36.379680', 'client 52466595 bid 1 image 3B03942E40C2C1A59EC52EDA7244C616 546150 ')
('2015-04-18 11:29:36.440499', 'client 52886490 bid 1 image 40406A5A2D19EF18C696020518184E12 362826 ')
('2015-04-18 11:29:37.032508', 'client 52831423 bid 1 image F585FBFC4924C055D42BF7B4FF6509DC 450646 ')
('2015-04-18 11:29:37.137886', 'client 52771965 bid 1 image C3B9EB7147BE2834F48FC291884CDF75 929382 ')
('2015-04-18 11:29:37.750358', 'client 52763249 bid 1 image 5E68A52600F9518A5D2AB4DBE8248196 916460 ')
('2015-04-18 11:29:37.789736', 'client 52795094 bid 1 image 2B3A9DDDE1412C4755CE1881E9D99ECF 284639 ')
('2015-04-18 11:29:41.406197', 'client 52831423 bid 1 price 80600 金善益 310103198403144038')
('2015-04-18 11:29:41.435518', 'client 52763249 bid 1 price 80600 史宕洲 330902195908080217')
('2015-04-18 11:29:41.445251', 'client 52886490 bid 1 price 80600 尹微 310115199003307643')
('2015-04-18 11:29:41.691224', 'client 52771965 bid 1 price 80600 祝丽佳 310115198307263227')
('2015-04-18 11:29:41.702704', 'client 52466595 bid 1 price 80600 方菊 310114198010230022')
('2015-04-18 11:29:42.833620', 'client 52795094 bid 1 price 80600 孙建斌 352124197411100314')
('2015-04-18 11:29:43.365136', 'client 52740378 bid 1 image CED5A4E0594D67676293863442D50A63 481938 ')
('2015-04-18 11:29:43.594871', 'client 52740378 bid 1 price 80600 张海翔 320502197603153054')
('2015-04-18 11:29:49.596246', 'client 52478384 bid 1 image 049EE28A40DB2F5652B448DD2B569DC1 646482 ')
('2015-04-18 11:29:50.232064', 'client 52478384 bid 1 price 80600 金寅生 310102198611244416')
('2015-04-18 11:29:51.973797', 'client 52795094 bid 2 image F1BC2C594B6C7BD2DCADEB58F6A8A305 264825 ')
('2015-04-18 11:29:51.998590', 'client 52795094 bid 2 price 80700 孙建斌 352124197411100314')
('2015-04-18 11:29:57.553938', 'client 52831423 bid 2 image 9EF9434B53BC25A6F418BADF22B6D39D 636384 ')
('2015-04-18 11:29:57.642680', 'client 52763249 bid 2 image 47DBECC20D89C594467C2497EA4FA1A2 461636 ')
('2015-04-18 11:29:57.793208', 'client 52831423 bid 2 price 80700 金善益 310103198403144038')
('2015-04-18 11:29:58.812395', 'client 52478384 bid 2 image F207D4202CDD980D8DA962B887851665 526294 ')
('2015-04-18 11:29:59.078323', 'client 52478384 bid 2 price 80700 金寅生 310102198611244416')
('2015-04-18 11:29:59.874343', 'client 52763249 bid 2 price 80700 史宕洲 330902195908080217')
('2015-04-18 11:30:02.008834', "client 52795094 bids finished. price : ['75200', '80600', '80700'] . Quit.....")
('2015-04-18 11:30:05.047680', 'client 52466595 bid 2 image Failed')
('2015-04-18 11:30:05.047774', 'client 52466595 bid 2 failed. Abort.....')
('2015-04-18 11:30:05.050549', 'client 52886490 bid 2 image Failed')
('2015-04-18 11:30:05.050652', 'client 52886490 bid 2 failed. Abort.....')
('2015-04-18 11:30:05.654096', 'client 52740378 bid 2 image Failed')
('2015-04-18 11:30:05.654210', 'client 52740378 bid 2 failed. Abort.....')
('2015-04-18 11:30:07.803407', "client 52831423 bids finished. price : ['75200', '80600', '80700'] . Quit.....")
('2015-04-18 11:30:09.085100', "client 52478384 bids finished. price : ['75200', '80600', '80700'] . Quit.....")
('2015-04-18 11:30:09.884591', "client 52763249 bids finished. price : ['75200', '80600', '80700'] . Quit.....")
('2015-04-18 11:30:12.036962', 'client 52771965 bid 2 image Failed')
('2015-04-18 11:30:12.037052', 'client 52771965 bid 2 failed. Abort.....')
('2015-04-18 11:30:15.057988', "client 52466595 bids finished. price : ['75200', '80600', None] . Quit.....")
('2015-04-18 11:30:15.060846', "client 52886490 bids finished. price : ['75200', '80600', None] . Quit.....")
('2015-04-18 11:30:15.664461', "client 52740378 bids finished. price : ['75200', '80600', None] . Quit.....")
('2015-04-18 11:30:22.047275', "client 52771965 bids finished. price : ['75200', '80600', None] . Quit.....")
