('2015-04-18 10:34:09.063827', '\r\n\r\n\r\n\r\n\r\n\r\n\r\n\r\n\r\n\r\n<XML><ERRORCODE>311</ERRORCODE><ERRORSTRING>图像校验码错误！</ERRORSTRING><ERRORSTRING_EN>Image checksum error！</ERRORSTRING_EN></XML>')
('2015-04-18 10:34:09.063965', "client 52795094 bid 0 fd_price ack error {'errcode': '311', 'errstring': '图像校验码错误！'}")
('2015-04-18 10:34:09.475596', '\r\n\r\n\r\n\r\n\r\n\r\n\r\n\r\n\r\n\r\n<XML><ERRORCODE>311</ERRORCODE><ERRORSTRING>图像校验码错误！</ERRORSTRING><ERRORSTRING_EN>Image checksum error！</ERRORSTRING_EN></XML>')
('2015-04-18 10:34:09.475704', "client 52831423 bid 0 fd_price ack error {'errcode': '311', 'errstring': '图像校验码错误！'}")
('2015-04-18 10:34:09.772021', '\r\n\r\n\r\n\r\n\r\n\r\n\r\n\r\n\r\n\r\n<XML><ERRORCODE>311</ERRORCODE><ERRORSTRING>图像校验码错误！</ERRORSTRING><ERRORSTRING_EN>Image checksum error！</ERRORSTRING_EN></XML>')
('2015-04-18 10:34:09.772133', "client 52466595 bid 0 fd_price ack error {'errcode': '311', 'errstring': '图像校验码错误！'}")
('2015-04-18 10:34:17.700290', '\r\n\r\n\r\n\r\n\r\n\r\n\r\n\r\n\r\n\r\n<XML><ERRORCODE>311</ERRORCODE><ERRORSTRING>图像校验码错误！</ERRORSTRING><ERRORSTRING_EN>Image checksum error！</ERRORSTRING_EN></XML>')
('2015-04-18 10:34:17.700410', "client 52771965 bid 0 fd_price ack error {'errcode': '311', 'errstring': '图像校验码错误！'}")
('2015-04-18 10:34:17.859114', '\r\n\r\n\r\n\r\n\r\n\r\n\r\n\r\n\r\n\r\n<XML><ERRORCODE>311</ERRORCODE><ERRORSTRING>图像校验码错误！</ERRORSTRING><ERRORSTRING_EN>Image checksum error！</ERRORSTRING_EN></XML>')
('2015-04-18 10:34:17.859234', "client 52886490 bid 0 fd_price ack error {'errcode': '311', 'errstring': '图像校验码错误！'}")
('2015-04-18 10:34:23.204220', '\r\n\r\n\r\n\r\n\r\n\r\n\r\n\r\n\r\n\r\n<XML><ERRORCODE>311</ERRORCODE><ERRORSTRING>图像校验码错误！</ERRORSTRING><ERRORSTRING_EN>Image checksum error！</ERRORSTRING_EN></XML>')
('2015-04-18 10:34:23.204333', "client 52763249 bid 0 fd_price ack error {'errcode': '311', 'errstring': '图像校验码错误！'}")
('2015-04-18 10:34:27.011093', '\r\n\r\n\r\n\r\n\r\n\r\n\r\n\r\n\r\n\r\n<XML><ERRORCODE>311</ERRORCODE><ERRORSTRING>图像校验码错误！</ERRORSTRING><ERRORSTRING_EN>Image checksum error！</ERRORSTRING_EN></XML>')
('2015-04-18 10:34:27.011206', "client 52478384 bid 0 fd_price ack error {'errcode': '311', 'errstring': '图像校验码错误！'}")
('2015-04-18 10:34:35.364675', '\r\n\r\n\r\n\r\n\r\n\r\n\r\n\r\n\r\n\r\n<XML><ERRORCODE>311</ERRORCODE><ERRORSTRING>图像校验码错误！</ERRORSTRING><ERRORSTRING_EN>Image checksum error！</ERRORSTRING_EN></XML>')
('2015-04-18 10:34:35.364847', "client 52740378 bid 0 fd_price ack error {'errcode': '311', 'errstring': '图像校验码错误！'}")
('2015-04-18 10:34:39.492577', '\r\n\r\n\r\n\r\n\r\n\r\n\r\n\r\n\r\n\r\n<XML><ERRORCODE>311</ERRORCODE><ERRORSTRING>图像校验码错误！</ERRORSTRING><ERRORSTRING_EN>Image checksum error！</ERRORSTRING_EN></XML>')
('2015-04-18 10:34:39.492708', "client 52886490 bid 0 fd_price ack error {'errcode': '311', 'errstring': '图像校验码错误！'}")
('2015-04-18 11:29:41.665108', '\r\n\r\n\r\n\r\n\r\n\r\n\r\n\r\n\r\n\r\n<XML><ERRORCODE>311</ERRORCODE><ERRORSTRING>图像校验码错误！</ERRORSTRING><ERRORSTRING_EN>Image checksum error！</ERRORSTRING_EN></XML>')
('2015-04-18 11:29:41.665217', "client 52763249 bid 1 fd_price ack error {'errcode': '311', 'errstring': '图像校验码错误！'}")
('2015-04-18 11:29:41.677763', '\r\n\r\n\r\n\r\n\r\n\r\n\r\n\r\n\r\n\r\n<XML><ERRORCODE>311</ERRORCODE><ERRORSTRING>图像校验码错误！</ERRORSTRING><ERRORSTRING_EN>Image checksum error！</ERRORSTRING_EN></XML>')
('2015-04-18 11:29:41.677872', "client 52831423 bid 1 fd_price ack error {'errcode': '311', 'errstring': '图像校验码错误！'}")
('2015-04-18 11:29:42.005200', '\r\n\r\n\r\n\r\n\r\n\r\n\r\n\r\n\r\n\r\n<XML><ERRORCODE>311</ERRORCODE><ERRORSTRING>图像校验码错误！</ERRORSTRING><ERRORSTRING_EN>Image checksum error！</ERRORSTRING_EN></XML>')
('2015-04-18 11:29:42.005312', "client 52771965 bid 1 fd_price ack error {'errcode': '311', 'errstring': '图像校验码错误！'}")
('2015-04-18 11:29:43.028922', 'client 52740378 bid 1 fd_image Timeout')
('2015-04-18 11:29:43.038415', 'client 52478384 bid 1 fd_image Timeout')
('2015-04-18 11:29:44.464774', '\r\n\r\n\r\n\r\n\r\n\r\n\r\n\r\n\r\n\r\n<XML><ERRORCODE>311</ERRORCODE><ERRORSTRING>图像校验码错误！</ERRORSTRING><ERRORSTRING_EN>Image checksum error！</ERRORSTRING_EN></XML>')
('2015-04-18 11:29:44.464968', "client 52466595 bid 1 fd_price ack error {'errcode': '311', 'errstring': '图像校验码错误！'}")
('2015-04-18 11:29:54.292236', '\r\n\r\n\r\n\r\n\r\n\r\n\r\n\r\n\r\n\r\n<XML><ERRORCODE>311</ERRORCODE><ERRORSTRING>图像校验码错误！</ERRORSTRING><ERRORSTRING_EN>Image checksum error！</ERRORSTRING_EN></XML>')
('2015-04-18 11:29:54.292353', "client 52886490 bid 1 fd_price ack error {'errcode': '311', 'errstring': '图像校验码错误！'}")
('2015-04-18 11:29:58.029412', 'client 52740378 bid 2 fd_image Timeout')
('2015-04-18 11:29:58.031706', 'client 52771965 bid 2 fd_image Timeout')
('2015-04-18 11:29:58.034968', 'client 52466595 bid 2 fd_image Timeout')
('2015-04-18 11:29:58.036716', 'client 52886490 bid 2 fd_image Timeout')
('2015-04-18 11:30:03.894508', '\r\n\r\n\r\n\r\n\r\n\r\n\r\n\r\n\r\n\r\n<XML><ERRORCODE>311</ERRORCODE><ERRORSTRING>图像校验码错误！</ERRORSTRING><ERRORSTRING_EN>Image checksum error！</ERRORSTRING_EN></XML>')
('2015-04-18 11:30:03.894621', "client 52831423 bid 2 fd_price ack error {'errcode': '311', 'errstring': '图像校验码错误！'}")
('2015-04-18 11:30:05.031209', 'client 52740378 bid 2 fd_image Timeout')
('2015-04-18 11:30:05.034139', 'client 52771965 bid 2 fd_image Timeout')
('2015-04-18 11:30:05.036571', 'client 52466595 bid 2 fd_image Timeout')
('2015-04-18 11:30:05.039341', 'client 52886490 bid 2 fd_image Timeout')
('2015-04-18 11:30:05.046494', '\r\n\r\n\r\n\r\n\r\n\r\n\r\n\r\n\r\n\r\n\r\n<XML><ERRORCODE>110</ERRORCODE><ERRORSTRING>没有正在举行的拍卖会，请注意拍卖公告！</ERRORSTRING><ERRORSTRING_EN>Auction is not begin!</ERRORSTRING_EN></XML>')
('2015-04-18 11:30:05.046618', "client 52466595 bid 2 fd_image ack error {'head': 'Connection: close\\nDate: Sat, 18 Apr 2015 03:30:04 GMT\\nServer: Microsoft-IIS/6.0\\nSet-Cookie: JSESSIONID=56AD2650B15AFA7D26B2196A7D805713; Path=/car\\nContent-Type: text/html;charset=GBK\\nContent-Length: 178\\n\\n', 'status': 200, 'body': '\\r\\n\\r\\n\\r\\n\\r\\n\\r\\n\\r\\n\\r\\n\\r\\n\\r\\n\\r\\n\\r\\n<XML><ERRORCODE>110</ERRORCODE><ERRORSTRING>没有正在举行的拍卖会，请注意拍卖公告！</ERRORSTRING><ERRORSTRING_EN>Auction is not begin!</ERRORSTRING_EN></XML>'}")
('2015-04-18 11:30:05.049985', '\r\n\r\n\r\n\r\n\r\n\r\n\r\n\r\n\r\n\r\n\r\n<XML><ERRORCODE>110</ERRORCODE><ERRORSTRING>没有正在举行的拍卖会，请注意拍卖公告！</ERRORSTRING><ERRORSTRING_EN>Auction is not begin!</ERRORSTRING_EN></XML>')
('2015-04-18 11:30:05.050108', "client 52886490 bid 2 fd_image ack error {'head': 'Connection: close\\nDate: Sat, 18 Apr 2015 03:30:04 GMT\\nServer: Microsoft-IIS/6.0\\nSet-Cookie: JSESSIONID=843FAE2EF77F55F9E96E0DA414340C0E; Path=/car\\nContent-Type: text/html;charset=GBK\\nContent-Length: 178\\n\\n', 'status': 200, 'body': '\\r\\n\\r\\n\\r\\n\\r\\n\\r\\n\\r\\n\\r\\n\\r\\n\\r\\n\\r\\n\\r\\n<XML><ERRORCODE>110</ERRORCODE><ERRORSTRING>没有正在举行的拍卖会，请注意拍卖公告！</ERRORSTRING><ERRORSTRING_EN>Auction is not begin!</ERRORSTRING_EN></XML>'}")
('2015-04-18 11:30:05.653401', '\r\n\r\n\r\n\r\n\r\n\r\n\r\n\r\n\r\n\r\n\r\n<XML><ERRORCODE>110</ERRORCODE><ERRORSTRING>没有正在举行的拍卖会，请注意拍卖公告！</ERRORSTRING><ERRORSTRING_EN>Auction is not begin!</ERRORSTRING_EN></XML>')
('2015-04-18 11:30:05.653529', "client 52740378 bid 2 fd_image ack error {'head': 'Connection: close\\nDate: Sat, 18 Apr 2015 03:30:04 GMT\\nServer: Microsoft-IIS/6.0\\nSet-Cookie: JSESSIONID=80DEB012CD0833423E417582AC9F9AD0; Path=/car\\nContent-Type: text/html;charset=GBK\\nContent-Length: 178\\n\\n', 'status': 200, 'body': '\\r\\n\\r\\n\\r\\n\\r\\n\\r\\n\\r\\n\\r\\n\\r\\n\\r\\n\\r\\n\\r\\n<XML><ERRORCODE>110</ERRORCODE><ERRORSTRING>没有正在举行的拍卖会，请注意拍卖公告！</ERRORSTRING><ERRORSTRING_EN>Auction is not begin!</ERRORSTRING_EN></XML>'}")
('2015-04-18 11:30:12.036706', 'client 52771965 bid 2 fd_image Timeout')
('2015-04-18 11:30:15.587981', '\r\n\r\n\r\n\r\n\r\n\r\n\r\n\r\n\r\n\r\n<XML><ERRORCODE>311</ERRORCODE><ERRORSTRING>图像校验码错误！</ERRORSTRING><ERRORSTRING_EN>Image checksum error！</ERRORSTRING_EN></XML>')
('2015-04-18 11:30:15.588094', "client 52478384 bid 1 fd_price ack error {'errcode': '311', 'errstring': '图像校验码错误！'}")
('2015-04-18 11:30:44.133076', '\r\n\r\n\r\n\r\n\r\n\r\n\r\n\r\n\r\n\r\n<XML><ERRORCODE>311</ERRORCODE><ERRORSTRING>图像校验码错误！</ERRORSTRING><ERRORSTRING_EN>Image checksum error！</ERRORSTRING_EN></XML>')
('2015-04-18 11:30:44.133235', "client 52795094 bid 2 fd_price ack error {'errcode': '311', 'errstring': '图像校验码错误！'}")
('2015-04-18 11:30:50.980726', '\r\n\r\n\r\n\r\n\r\n\r\n\r\n\r\n\r\n\r\n<XML><ERRORCODE>311</ERRORCODE><ERRORSTRING>图像校验码错误！</ERRORSTRING><ERRORSTRING_EN>Image checksum error！</ERRORSTRING_EN></XML>')
('2015-04-18 11:30:50.980959', "client 52478384 bid 2 fd_price ack error {'errcode': '311', 'errstring': '图像校验码错误！'}")
