('2015-04-18 10:03:50.382612', 'worker [6] started')
('2015-04-18 10:03:50.382747', 'client 8 initted')
('2015-04-18 10:03:51.008750', 'put_channel : 2015-04-18 10:03:51.008622 : channel login, group 1')
('2015-04-18 10:03:51.010218', 'put_channel : 2015-04-18 10:03:51.010125 : channel login, group 0')
('2015-04-18 10:03:51.016748', 'get_channel: 2015-04-18 10:03:51.008622 : 1 ')
('2015-04-18 10:03:51.016869', 'fd_channel : login[0] 1 login[1] 0 , tb0[0] 0 tb0[1] 0 , tb1[0] 0 tb1[1] 0')
('2015-04-18 10:03:51.017908', 'get_channel: 2015-04-18 10:03:51.010125 : 0 ')
('2015-04-18 10:03:51.018009', 'fd_channel : login[0] 0 login[1] 0 , tb0[0] 0 tb0[1] 0 , tb1[0] 0 tb1[1] 0')
('2015-04-18 10:03:51.023509', 'close_channel : 2015-04-18 10:03:51.010125')
('2015-04-18 10:03:51.029329', 'close_channel : 2015-04-18 10:03:51.008622')
('2015-04-18 10:03:52.510202', 'put_channel : 2015-04-18 10:03:52.510067 : channel login, group 1')
('2015-04-18 10:03:52.511139', 'get_channel: 2015-04-18 10:03:52.510067 : 1 ')
('2015-04-18 10:03:52.511248', 'fd_channel : login[0] 0 login[1] 0 , tb0[0] 0 tb0[1] 0 , tb1[0] 0 tb1[1] 0')
('2015-04-18 10:03:52.512632', 'put_channel : 2015-04-18 10:03:52.512538 : channel login, group 0')
('2015-04-18 10:03:52.513379', 'get_channel: 2015-04-18 10:03:52.512538 : 0 ')
('2015-04-18 10:03:52.513543', 'fd_channel : login[0] 0 login[1] 0 , tb0[0] 0 tb0[1] 0 , tb1[0] 0 tb1[1] 0')
('2015-04-18 10:03:52.517216', 'close_channel : 2015-04-18 10:03:52.510067')
('2015-04-18 10:03:52.520582', 'close_channel : 2015-04-18 10:03:52.512538')
('2015-04-18 10:03:54.008983', 'put_channel : 2015-04-18 10:03:54.008846 : channel login, group 1')
('2015-04-18 10:03:54.009805', 'get_channel: 2015-04-18 10:03:54.008846 : 1 ')
('2015-04-18 10:03:54.009916', 'fd_channel : login[0] 0 login[1] 0 , tb0[0] 0 tb0[1] 0 , tb1[0] 0 tb1[1] 0')
('2015-04-18 10:03:54.011199', 'put_channel : 2015-04-18 10:03:54.011072 : channel login, group 0')
('2015-04-18 10:03:54.011928', 'get_channel: 2015-04-18 10:03:54.011072 : 0 ')
('2015-04-18 10:03:54.012032', 'fd_channel : login[0] 0 login[1] 0 , tb0[0] 0 tb0[1] 0 , tb1[0] 0 tb1[1] 0')
('2015-04-18 10:03:54.015208', 'close_channel : 2015-04-18 10:03:54.008846')
('2015-04-18 10:03:54.018483', 'close_channel : 2015-04-18 10:03:54.011072')
('2015-04-18 10:03:55.510662', 'put_channel : 2015-04-18 10:03:55.510527 : channel login, group 1')
('2015-04-18 10:03:55.511655', 'get_channel: 2015-04-18 10:03:55.510527 : 1 ')
('2015-04-18 10:03:55.511775', 'fd_channel : login[0] 0 login[1] 0 , tb0[0] 0 tb0[1] 0 , tb1[0] 0 tb1[1] 0')
('2015-04-18 10:03:55.513223', 'put_channel : 2015-04-18 10:03:55.513137 : channel login, group 0')
('2015-04-18 10:03:55.513685', 'get_channel: 2015-04-18 10:03:55.513137 : 0 ')
('2015-04-18 10:03:55.513880', 'fd_channel : login[0] 0 login[1] 0 , tb0[0] 0 tb0[1] 0 , tb1[0] 0 tb1[1] 0')
('2015-04-18 10:03:55.519446', 'close_channel : 2015-04-18 10:03:55.510527')
('2015-04-18 10:03:55.522770', 'close_channel : 2015-04-18 10:03:55.513137')
('2015-04-18 10:32:33.009846', 'put_channel : 2015-04-18 10:32:33.009523 : channel tb0, group 1')
('2015-04-18 10:32:33.010794', 'put_channel : 2015-04-18 10:32:33.010697 : channel tb0, group 0')
('2015-04-18 10:32:34.510128', 'put_channel : 2015-04-18 10:32:34.509986 : channel tb0, group 1')
('2015-04-18 10:32:34.510743', 'put_channel : 2015-04-18 10:32:34.510648 : channel tb0, group 0')
('2015-04-18 10:32:36.008838', 'put_channel : 2015-04-18 10:32:36.008696 : channel tb0, group 1')
('2015-04-18 10:32:36.010276', 'put_channel : 2015-04-18 10:32:36.010187 : channel tb0, group 0')
('2015-04-18 10:32:37.509526', 'put_channel : 2015-04-18 10:32:37.509384 : channel tb0, group 1')
('2015-04-18 10:32:37.511022', 'put_channel : 2015-04-18 10:32:37.510924 : channel tb0, group 0')
('2015-04-18 10:32:39.009078', 'put_channel : 2015-04-18 10:32:39.008938 : channel tb0, group 1')
('2015-04-18 10:32:39.013021', 'put_channel : 2015-04-18 10:32:39.012903 : channel tb0, group 0')
('2015-04-18 10:32:40.509159', 'put_channel : 2015-04-18 10:32:40.509023 : channel tb0, group 1')
('2015-04-18 10:32:40.512485', 'put_channel : 2015-04-18 10:32:40.512335 : channel tb0, group 0')
('2015-04-18 10:32:42.010538', 'put_channel : 2015-04-18 10:32:42.010383 : channel tb0, group 1')
('2015-04-18 10:32:42.011719', 'put_channel : 2015-04-18 10:32:42.011621 : channel tb0, group 0')
('2015-04-18 10:32:43.509938', 'put_channel : 2015-04-18 10:32:43.509799 : channel tb0, group 1')
('2015-04-18 10:32:43.510902', 'put_channel : 2015-04-18 10:32:43.510749 : channel tb0, group 0')
('2015-04-18 10:32:45.010378', 'put_channel : 2015-04-18 10:32:45.010239 : channel tb0, group 0')
('2015-04-18 10:32:45.011188', 'put_channel : 2015-04-18 10:32:45.011093 : channel tb0, group 1')
('2015-04-18 10:32:46.509523', 'put_channel : 2015-04-18 10:32:46.509380 : channel tb0, group 1')
('2015-04-18 10:32:46.513365', 'put_channel : 2015-04-18 10:32:46.513270 : channel tb0, group 0')
('2015-04-18 10:32:48.008485', 'put_channel : 2015-04-18 10:32:48.008292 : channel tb0, group 1')
('2015-04-18 10:32:48.009905', 'put_channel : 2015-04-18 10:32:48.009807 : channel tb0, group 0')
('2015-04-18 10:32:49.510089', 'put_channel : 2015-04-18 10:32:49.509950 : channel tb0, group 1')
('2015-04-18 10:32:49.513271', 'put_channel : 2015-04-18 10:32:49.513182 : channel tb0, group 0')
('2015-04-18 10:32:51.007819', 'put_channel : 2015-04-18 10:32:51.007688 : channel tb0, group 1')
('2015-04-18 10:32:51.009816', 'put_channel : 2015-04-18 10:32:51.009718 : channel tb0, group 0')
('2015-04-18 10:32:52.510198', 'put_channel : 2015-04-18 10:32:52.510058 : channel tb0, group 0')
('2015-04-18 10:32:52.512018', 'put_channel : 2015-04-18 10:32:52.511931 : channel tb0, group 1')
('2015-04-18 10:32:54.008679', 'put_channel : 2015-04-18 10:32:54.008579 : channel tb0, group 0')
('2015-04-18 10:32:54.009045', 'put_channel : 2015-04-18 10:32:54.008990 : channel tb0, group 1')
('2015-04-18 10:32:55.509357', 'put_channel : 2015-04-18 10:32:55.509199 : channel tb0, group 1')
('2015-04-18 10:32:55.510860', 'put_channel : 2015-04-18 10:32:55.510757 : channel tb0, group 0')
('2015-04-18 10:32:57.009591', 'put_channel : 2015-04-18 10:32:57.009450 : channel tb0, group 1')
('2015-04-18 10:32:57.010497', 'put_channel : 2015-04-18 10:32:57.010402 : channel tb0, group 0')
('2015-04-18 10:32:58.508650', 'put_channel : 2015-04-18 10:32:58.508504 : channel tb0, group 1')
('2015-04-18 10:32:58.510321', 'put_channel : 2015-04-18 10:32:58.510225 : channel tb0, group 0')
('2015-04-18 10:33:00.008800', 'put_channel : 2015-04-18 10:33:00.008660 : channel tb0, group 1')
('2015-04-18 10:33:00.012145', 'put_channel : 2015-04-18 10:33:00.012045 : channel tb0, group 0')
('2015-04-18 10:33:01.509800', 'put_channel : 2015-04-18 10:33:01.509618 : channel tb0, group 1')
('2015-04-18 10:33:01.511134', 'put_channel : 2015-04-18 10:33:01.511035 : channel tb0, group 0')
('2015-04-18 10:33:03.008731', 'put_channel : 2015-04-18 10:33:03.008592 : channel tb0, group 1')
('2015-04-18 10:33:03.010080', 'put_channel : 2015-04-18 10:33:03.009993 : channel tb0, group 0')
('2015-04-18 10:33:04.510991', 'put_channel : 2015-04-18 10:33:04.510850 : channel tb0, group 0')
('2015-04-18 10:33:04.513317', 'put_channel : 2015-04-18 10:33:04.513228 : channel tb0, group 1')
('2015-04-18 10:33:06.008332', 'put_channel : 2015-04-18 10:33:06.008193 : channel tb0, group 1')
('2015-04-18 10:33:06.010064', 'put_channel : 2015-04-18 10:33:06.009968 : channel tb0, group 0')
('2015-04-18 10:33:07.509156', 'put_channel : 2015-04-18 10:33:07.508961 : channel tb0, group 1')
('2015-04-18 10:33:07.510111', 'put_channel : 2015-04-18 10:33:07.510015 : channel tb0, group 0')
('2015-04-18 10:33:09.010112', 'put_channel : 2015-04-18 10:33:09.009973 : channel tb0, group 1')
('2015-04-18 10:33:09.010924', 'put_channel : 2015-04-18 10:33:09.010821 : channel tb0, group 0')
('2015-04-18 10:33:10.510968', 'put_channel : 2015-04-18 10:33:10.510833 : channel tb0, group 1')
('2015-04-18 10:33:10.512546', 'put_channel : 2015-04-18 10:33:10.512370 : channel tb0, group 0')
('2015-04-18 10:33:12.008672', 'put_channel : 2015-04-18 10:33:12.008530 : channel tb0, group 1')
('2015-04-18 10:33:12.011272', 'put_channel : 2015-04-18 10:33:12.011163 : channel tb0, group 0')
('2015-04-18 10:33:13.509214', 'put_channel : 2015-04-18 10:33:13.509072 : channel tb0, group 1')
('2015-04-18 10:33:13.510673', 'put_channel : 2015-04-18 10:33:13.510578 : channel tb0, group 0')
('2015-04-18 10:33:15.008500', 'put_channel : 2015-04-18 10:33:15.008302 : channel tb0, group 1')
('2015-04-18 10:33:15.009907', 'put_channel : 2015-04-18 10:33:15.009819 : channel tb0, group 0')
('2015-04-18 10:33:16.509492', 'put_channel : 2015-04-18 10:33:16.509351 : channel tb0, group 1')
('2015-04-18 10:33:16.510961', 'put_channel : 2015-04-18 10:33:16.510871 : channel tb0, group 0')
('2015-04-18 10:33:23.508765', 'put_channel : 2015-04-18 10:33:23.508618 : channel tb0, group 1')
('2015-04-18 10:33:25.010803', 'put_channel : 2015-04-18 10:33:25.010655 : channel tb0, group 0')
('2015-04-18 10:33:25.018502', 'put_channel : 2015-04-18 10:33:25.018409 : channel tb0, group 0')
('2015-04-18 10:33:25.510118', 'put_channel : 2015-04-18 10:33:25.509984 : channel tb0, group 1')
('2015-04-18 10:33:26.521096', 'put_channel : 2015-04-18 10:33:26.520950 : channel tb0, group 1')
('2015-04-18 10:33:28.008304', 'put_channel : 2015-04-18 10:33:28.008157 : channel tb0, group 0')
('2015-04-18 10:33:28.028090', 'put_channel : 2015-04-18 10:33:28.027998 : channel tb0, group 0')
('2015-04-18 10:33:28.510466', 'put_channel : 2015-04-18 10:33:28.510336 : channel tb0, group 1')
('2015-04-18 10:33:29.507052', 'put_channel : 2015-04-18 10:33:29.506905 : channel tb0, group 0')
('2015-04-18 10:33:30.010273', 'put_channel : 2015-04-18 10:33:30.010135 : channel tb0, group 1')
('2015-04-18 10:33:31.511154', 'put_channel : 2015-04-18 10:33:31.511013 : channel tb0, group 1')
('2015-04-18 10:33:31.512721', 'put_channel : 2015-04-18 10:33:31.512624 : channel tb0, group 0')
('2015-04-18 10:33:32.523910', 'put_channel : 2015-04-18 10:33:32.523795 : channel tb0, group 0')
('2015-04-18 10:33:33.006725', 'put_channel : 2015-04-18 10:33:33.006627 : channel tb0, group 1')
('2015-04-18 10:33:34.506932', 'put_channel : 2015-04-18 10:33:34.506830 : channel tb0, group 1')
('2015-04-18 10:33:35.508578', 'put_channel : 2015-04-18 10:33:35.508381 : channel tb0, group 0')
('2015-04-18 10:33:36.008853', 'put_channel : 2015-04-18 10:33:36.008709 : channel tb0, group 1')
('2015-04-18 10:33:37.018675', 'put_channel : 2015-04-18 10:33:37.018529 : channel tb0, group 0')
('2015-04-18 10:33:37.437118', 'put_channel : 2015-04-18 10:33:37.436960 : channel tb0, group 0')
('2015-04-18 10:33:38.507199', 'put_channel : 2015-04-18 10:33:38.507032 : channel tb0, group 0')
('2015-04-18 10:33:39.032800', 'put_channel : 2015-04-18 10:33:39.032659 : channel tb0, group 1')
('2015-04-18 10:33:40.510679', 'put_channel : 2015-04-18 10:33:40.510524 : channel tb0, group 1')
('2015-04-18 10:33:40.511530', 'put_channel : 2015-04-18 10:33:40.511444 : channel tb0, group 1')
('2015-04-18 10:33:41.506900', 'put_channel : 2015-04-18 10:33:41.506754 : channel tb0, group 0')
('2015-04-18 10:33:42.009374', 'put_channel : 2015-04-18 10:33:42.009234 : channel tb0, group 1')
('2015-04-18 10:33:44.508918', 'put_channel : 2015-04-18 10:33:44.508767 : channel tb0, group 1')
('2015-04-18 10:33:45.009584', 'put_channel : 2015-04-18 10:33:45.009452 : channel tb0, group 1')
('2015-04-18 10:33:45.012015', 'put_channel : 2015-04-18 10:33:45.011924 : channel tb0, group 0')
('2015-04-18 10:33:45.072916', 'put_channel : 2015-04-18 10:33:45.072816 : channel tb0, group 0')
('2015-04-18 10:33:46.018814', 'put_channel : 2015-04-18 10:33:46.018675 : channel tb0, group 0')
('2015-04-18 10:33:46.024776', 'put_channel : 2015-04-18 10:33:46.024681 : channel tb0, group 1')
('2015-04-18 10:33:49.005312', 'put_channel : 2015-04-18 10:33:49.005164 : channel tb0, group 1')
('2015-04-18 10:33:49.048902', 'put_channel : 2015-04-18 10:33:49.048810 : channel tb0, group 1')
('2015-04-18 10:33:49.512956', 'put_channel : 2015-04-18 10:33:49.512817 : channel tb0, group 0')
('2015-04-18 10:33:49.572915', 'put_channel : 2015-04-18 10:33:49.572816 : channel tb0, group 0')
('2015-04-18 10:33:50.523040', 'put_channel : 2015-04-18 10:33:50.522890 : channel tb0, group 0')
('2015-04-18 10:33:50.586490', 'put_channel : 2015-04-18 10:33:50.586393 : channel tb0, group 0')
('2015-04-18 10:33:51.008971', 'put_channel : 2015-04-18 10:33:51.008851 : channel tb0, group 1')
('2015-04-18 10:33:52.056797', 'put_channel : 2015-04-18 10:33:52.056648 : channel tb0, group 1')
('2015-04-18 10:33:55.508287', 'put_channel : 2015-04-18 10:33:55.508147 : channel tb0, group 1')
('2015-04-18 10:33:55.514460', 'put_channel : 2015-04-18 10:33:55.514365 : channel tb0, group 1')
('2015-04-18 10:33:56.510786', 'put_channel : 2015-04-18 10:33:56.510639 : channel tb0, group 0')
('2015-04-18 10:33:56.520515', 'put_channel : 2015-04-18 10:33:56.520370 : channel tb0, group 1')
('2015-04-18 10:33:57.010840', 'put_channel : 2015-04-18 10:33:57.010703 : channel tb0, group 0')
('2015-04-18 10:33:57.011591', 'put_channel : 2015-04-18 10:33:57.011496 : channel tb0, group 0')
('2015-04-18 10:33:58.026852', 'put_channel : 2015-04-18 10:33:58.026706 : channel tb0, group 0')
('2015-04-18 10:33:58.511056', 'put_channel : 2015-04-18 10:33:58.510935 : channel tb0, group 0')
('2015-04-18 10:33:59.508752', 'put_channel : 2015-04-18 10:33:59.508603 : channel tb0, group 1')
('2015-04-18 10:33:59.523999', 'put_channel : 2015-04-18 10:33:59.523901 : channel tb0, group 0')
('2015-04-18 10:34:01.509763', 'put_channel : 2015-04-18 10:34:01.509546 : channel tb0, group 1')
('2015-04-18 10:34:02.788682', 'get_channel: 2015-04-18 10:32:33.009523 : 1 ')
('2015-04-18 10:34:02.788848', 'fd_channel : login[0] 0 login[1] 0 , tb0[0] 55 tb0[1] 54 , tb1[0] 0 tb1[1] 0')
('2015-04-18 10:34:02.791468', 'get_channel: 2015-04-18 10:32:34.509986 : 1 ')
('2015-04-18 10:34:02.791575', 'fd_channel : login[0] 0 login[1] 0 , tb0[0] 55 tb0[1] 53 , tb1[0] 0 tb1[1] 0')
('2015-04-18 10:34:02.793408', 'get_channel: 2015-04-18 10:32:36.008696 : 1 ')
('2015-04-18 10:34:02.793513', 'fd_channel : login[0] 0 login[1] 0 , tb0[0] 55 tb0[1] 52 , tb1[0] 0 tb1[1] 0')
('2015-04-18 10:34:02.795633', 'get_channel: 2015-04-18 10:32:37.509384 : 1 ')
('2015-04-18 10:34:02.795737', 'fd_channel : login[0] 0 login[1] 0 , tb0[0] 55 tb0[1] 51 , tb1[0] 0 tb1[1] 0')
('2015-04-18 10:34:02.798065', 'get_channel: 2015-04-18 10:32:39.008938 : 1 ')
('2015-04-18 10:34:02.798170', 'fd_channel : login[0] 0 login[1] 0 , tb0[0] 55 tb0[1] 50 , tb1[0] 0 tb1[1] 0')
('2015-04-18 10:34:02.800331', 'get_channel: 2015-04-18 10:32:40.509023 : 1 ')
('2015-04-18 10:34:02.800495', 'fd_channel : login[0] 0 login[1] 0 , tb0[0] 55 tb0[1] 49 , tb1[0] 0 tb1[1] 0')
('2015-04-18 10:34:02.802448', 'get_channel: 2015-04-18 10:32:42.010383 : 1 ')
('2015-04-18 10:34:02.802555', 'fd_channel : login[0] 0 login[1] 0 , tb0[0] 55 tb0[1] 48 , tb1[0] 0 tb1[1] 0')
('2015-04-18 10:34:02.804200', 'get_channel: 2015-04-18 10:32:43.509799 : 1 ')
('2015-04-18 10:34:02.804306', 'fd_channel : login[0] 0 login[1] 0 , tb0[0] 55 tb0[1] 47 , tb1[0] 0 tb1[1] 0')
('2015-04-18 10:34:04.006491', 'put_channel : 2015-04-18 10:34:04.006342 : channel tb0, group 0')
('2015-04-18 10:34:04.058171', 'put_channel : 2015-04-18 10:34:04.058075 : channel tb0, group 0')
('2015-04-18 10:34:05.506709', 'put_channel : 2015-04-18 10:34:05.506561 : channel tb0, group 1')
('2015-04-18 10:34:05.859509', 'close_channel : 2015-04-18 10:32:33.009523')
('2015-04-18 10:34:05.860799', 'close_channel : 2015-04-18 10:32:34.509986')
('2015-04-18 10:34:05.865159', 'close_channel : 2015-04-18 10:32:36.008696')
('2015-04-18 10:34:05.872645', 'close_channel : 2015-04-18 10:32:40.509023')
('2015-04-18 10:34:05.875492', 'close_channel : 2015-04-18 10:32:39.008938')
('2015-04-18 10:34:05.877002', 'close_channel : 2015-04-18 10:32:37.509384')
('2015-04-18 10:34:05.883070', 'close_channel : 2015-04-18 10:32:43.509799')
('2015-04-18 10:34:05.883826', 'close_channel : 2015-04-18 10:32:42.010383')
('2015-04-18 10:34:06.008782', 'put_channel : 2015-04-18 10:34:06.008689 : channel tb0, group 1')
('2015-04-18 10:34:06.010850', 'put_channel : 2015-04-18 10:34:06.010745 : channel tb0, group 1')
('2015-04-18 10:34:07.018314', 'put_channel : 2015-04-18 10:34:07.018169 : channel tb0, group 1')
('2015-04-18 10:34:08.512221', 'put_channel : 2015-04-18 10:34:08.512063 : channel tb0, group 0')
('2015-04-18 10:34:08.522602', 'put_channel : 2015-04-18 10:34:08.522505 : channel tb0, group 0')
('2015-04-18 10:34:11.477888', 'get_channel: 2015-04-18 10:32:33.010697 : 0 ')
('2015-04-18 10:34:11.477997', 'fd_channel : login[0] 0 login[1] 0 , tb0[0] 58 tb0[1] 51 , tb1[0] 0 tb1[1] 0')
('2015-04-18 10:34:11.479710', 'get_channel: 2015-04-18 10:32:45.011093 : 1 ')
('2015-04-18 10:34:11.480024', 'fd_channel : login[0] 0 login[1] 0 , tb0[0] 58 tb0[1] 50 , tb1[0] 0 tb1[1] 0')
('2015-04-18 10:34:12.105016', 'close_channel : 2015-04-18 10:32:45.011093')
('2015-04-18 10:34:12.279026', 'get_channel: 2015-04-18 10:32:34.510648 : 0 ')
('2015-04-18 10:34:12.279137', 'fd_channel : login[0] 0 login[1] 0 , tb0[0] 57 tb0[1] 50 , tb1[0] 0 tb1[1] 0')
('2015-04-18 10:34:12.281078', 'get_channel: 2015-04-18 10:32:46.509380 : 1 ')
('2015-04-18 10:34:12.281189', 'fd_channel : login[0] 0 login[1] 0 , tb0[0] 57 tb0[1] 49 , tb1[0] 0 tb1[1] 0')
('2015-04-18 10:34:12.292769', 'close_channel : 2015-04-18 10:32:46.509380')
('2015-04-18 10:34:12.560239', 'get_channel: 2015-04-18 10:32:36.010187 : 0 ')
('2015-04-18 10:34:12.560343', 'fd_channel : login[0] 0 login[1] 0 , tb0[0] 56 tb0[1] 49 , tb1[0] 0 tb1[1] 0')
('2015-04-18 10:34:12.562252', 'get_channel: 2015-04-18 10:32:48.008292 : 1 ')
('2015-04-18 10:34:12.562356', 'fd_channel : login[0] 0 login[1] 0 , tb0[0] 56 tb0[1] 48 , tb1[0] 0 tb1[1] 0')
('2015-04-18 10:34:12.574777', 'close_channel : 2015-04-18 10:32:48.008292')
('2015-04-18 10:34:12.674038', 'get_channel: 2015-04-18 10:32:37.510924 : 0 ')
('2015-04-18 10:34:12.674146', 'fd_channel : login[0] 0 login[1] 0 , tb0[0] 55 tb0[1] 48 , tb1[0] 0 tb1[1] 0')
('2015-04-18 10:34:12.676629', 'get_channel: 2015-04-18 10:32:49.509950 : 1 ')
('2015-04-18 10:34:12.676739', 'fd_channel : login[0] 0 login[1] 0 , tb0[0] 55 tb0[1] 47 , tb1[0] 0 tb1[1] 0')
('2015-04-18 10:34:12.680007', 'get_channel: 2015-04-18 10:32:39.012903 : 0 ')
('2015-04-18 10:34:12.680110', 'fd_channel : login[0] 0 login[1] 0 , tb0[0] 54 tb0[1] 47 , tb1[0] 0 tb1[1] 0')
('2015-04-18 10:34:12.682281', 'get_channel: 2015-04-18 10:32:51.007688 : 1 ')
('2015-04-18 10:34:12.682387', 'fd_channel : login[0] 0 login[1] 0 , tb0[0] 54 tb0[1] 46 , tb1[0] 0 tb1[1] 0')
('2015-04-18 10:34:12.689191', 'close_channel : 2015-04-18 10:32:49.509950')
('2015-04-18 10:34:12.693927', 'close_channel : 2015-04-18 10:32:51.007688')
('2015-04-18 10:34:12.772956', 'get_channel: 2015-04-18 10:32:40.512335 : 0 ')
('2015-04-18 10:34:12.773061', 'fd_channel : login[0] 0 login[1] 0 , tb0[0] 53 tb0[1] 46 , tb1[0] 0 tb1[1] 0')
('2015-04-18 10:34:12.775062', 'get_channel: 2015-04-18 10:32:52.511931 : 1 ')
('2015-04-18 10:34:12.775166', 'fd_channel : login[0] 0 login[1] 0 , tb0[0] 53 tb0[1] 45 , tb1[0] 0 tb1[1] 0')
('2015-04-18 10:34:12.787231', 'close_channel : 2015-04-18 10:32:52.511931')
('2015-04-18 10:34:15.010799', 'put_channel : 2015-04-18 10:34:15.010659 : channel tb0, group 1')
('2015-04-18 10:34:15.876228', 'get_channel: 2015-04-18 10:32:42.011621 : 0 ')
('2015-04-18 10:34:15.876337', 'fd_channel : login[0] 0 login[1] 0 , tb0[0] 52 tb0[1] 46 , tb1[0] 0 tb1[1] 0')
('2015-04-18 10:34:15.878760', 'get_channel: 2015-04-18 10:32:54.008990 : 1 ')
('2015-04-18 10:34:15.878865', 'fd_channel : login[0] 0 login[1] 0 , tb0[0] 52 tb0[1] 45 , tb1[0] 0 tb1[1] 0')
('2015-04-18 10:34:16.086485', 'get_channel: 2015-04-18 10:32:43.510749 : 0 ')
('2015-04-18 10:34:16.086624', 'fd_channel : login[0] 0 login[1] 0 , tb0[0] 51 tb0[1] 45 , tb1[0] 0 tb1[1] 0')
('2015-04-18 10:34:16.088848', 'get_channel: 2015-04-18 10:32:55.509199 : 1 ')
('2015-04-18 10:34:16.088956', 'fd_channel : login[0] 0 login[1] 0 , tb0[0] 51 tb0[1] 44 , tb1[0] 0 tb1[1] 0')
('2015-04-18 10:34:16.709222', 'close_channel : 2015-04-18 10:32:43.510749')
('2015-04-18 10:34:17.319522', 'close_channel : 2015-04-18 10:32:42.011621')
('2015-04-18 10:34:17.399365', 'put_channel : 2015-04-18 10:34:17.399259 : channel tb0, group 0')
('2015-04-18 10:34:17.510765', 'put_channel : 2015-04-18 10:34:17.510667 : channel tb0, group 0')
('2015-04-18 10:34:17.524171', 'put_channel : 2015-04-18 10:34:17.524056 : channel tb0, group 0')
('2015-04-18 10:34:17.818312', 'close_channel : 2015-04-18 10:32:33.010697')
('2015-04-18 10:34:19.031598', 'close_channel : 2015-04-18 10:32:54.008990')
('2015-04-18 10:34:19.156991', 'close_channel : 2015-04-18 10:32:55.509199')
('2015-04-18 10:34:19.514516', 'put_channel : 2015-04-18 10:34:19.514367 : channel tb0, group 1')
('2015-04-18 10:34:25.161220', 'close_channel : 2015-04-18 10:32:34.510648')
('2015-04-18 10:34:25.449871', 'close_channel : 2015-04-18 10:32:36.010187')
('2015-04-18 10:34:25.562083', 'close_channel : 2015-04-18 10:32:37.510924')
('2015-04-18 10:34:25.565946', 'close_channel : 2015-04-18 10:32:39.012903')
('2015-04-18 10:34:25.658846', 'put_channel : 2015-04-18 10:34:25.658738 : channel tb0, group 0')
('2015-04-18 10:34:25.659736', 'close_channel : 2015-04-18 10:32:40.512335')
('2015-04-18 10:34:27.034782', 'put_channel : 2015-04-18 10:34:27.034637 : channel tb0, group 0')
('2015-04-18 10:34:28.538461', 'put_channel : 2015-04-18 10:34:28.538298 : channel tb0, group 0')
('2015-04-18 10:34:30.042669', 'put_channel : 2015-04-18 10:34:30.042522 : channel tb0, group 0')
('2015-04-18 10:34:31.066620', 'put_channel : 2015-04-18 10:34:31.066484 : channel tb0, group 0')
('2015-04-18 10:34:37.051014', 'put_channel : 2015-04-18 10:34:37.050864 : channel tb0, group 0')
('2015-04-18 10:34:38.586649', 'put_channel : 2015-04-18 10:34:38.586494 : channel tb0, group 1')
('2015-04-18 10:34:40.057699', 'put_channel : 2015-04-18 10:34:40.057552 : channel tb0, group 1')
('2015-04-18 10:34:40.060702', 'put_channel : 2015-04-18 10:34:40.060614 : channel tb0, group 0')
('2015-04-18 10:34:41.562668', 'put_channel : 2015-04-18 10:34:41.562519 : channel tb0, group 1')
('2015-04-18 10:34:43.066407', 'put_channel : 2015-04-18 10:34:43.066259 : channel tb0, group 1')
('2015-04-18 10:34:44.568852', 'put_channel : 2015-04-18 10:34:44.568701 : channel tb0, group 1')
('2015-04-18 10:34:45.111785', 'put_channel : 2015-04-18 10:34:45.111635 : channel tb0, group 1')
('2015-04-18 10:34:49.593080', 'put_channel : 2015-04-18 10:34:49.592926 : channel tb0, group 1')
('2015-04-18 10:34:51.131045', 'put_channel : 2015-04-18 10:34:51.130849 : channel tb0, group 0')
('2015-04-18 10:34:57.146365', 'put_channel : 2015-04-18 10:34:57.146216 : channel tb0, group 1')
('2015-04-18 11:27:42.011222', 'put_channel : 2015-04-18 11:27:42.011035 : channel tb1, group 0')
('2015-04-18 11:27:43.008824', 'put_channel : 2015-04-18 11:27:43.008677 : channel tb1, group 1')
('2015-04-18 11:27:43.510557', 'put_channel : 2015-04-18 11:27:43.510388 : channel tb1, group 1')
('2015-04-18 11:27:43.511806', 'put_channel : 2015-04-18 11:27:43.511720 : channel tb1, group 0')
('2015-04-18 11:27:45.010341', 'put_channel : 2015-04-18 11:27:45.010204 : channel tb1, group 0')
('2015-04-18 11:27:45.011230', 'put_channel : 2015-04-18 11:27:45.011068 : channel tb1, group 1')
('2015-04-18 11:27:46.511716', 'put_channel : 2015-04-18 11:27:46.511578 : channel tb1, group 0')
('2015-04-18 11:27:47.508731', 'put_channel : 2015-04-18 11:27:47.508586 : channel tb1, group 1')
('2015-04-18 11:27:48.009370', 'put_channel : 2015-04-18 11:27:48.009231 : channel tb1, group 0')
('2015-04-18 11:27:49.006721', 'put_channel : 2015-04-18 11:27:49.006576 : channel tb1, group 1')
('2015-04-18 11:27:49.511323', 'put_channel : 2015-04-18 11:27:49.511188 : channel tb1, group 1')
('2015-04-18 11:27:50.506586', 'put_channel : 2015-04-18 11:27:50.506440 : channel tb1, group 0')
('2015-04-18 11:27:51.011136', 'put_channel : 2015-04-18 11:27:51.011013 : channel tb1, group 0')
('2015-04-18 11:27:52.008798', 'put_channel : 2015-04-18 11:27:52.008651 : channel tb1, group 1')
('2015-04-18 11:27:52.509128', 'put_channel : 2015-04-18 11:27:52.509028 : channel tb1, group 1')
('2015-04-18 11:27:52.509452', 'put_channel : 2015-04-18 11:27:52.509396 : channel tb1, group 0')
('2015-04-18 11:27:56.508937', 'put_channel : 2015-04-18 11:27:56.508788 : channel tb1, group 1')
('2015-04-18 11:27:56.510399', 'put_channel : 2015-04-18 11:27:56.510306 : channel tb1, group 0')
('2015-04-18 11:27:57.011149', 'put_channel : 2015-04-18 11:27:57.010975 : channel tb1, group 0')
('2015-04-18 11:27:57.014444', 'put_channel : 2015-04-18 11:27:57.014356 : channel tb1, group 0')
('2015-04-18 11:28:01.516158', 'put_channel : 2015-04-18 11:28:01.515976 : channel tb1, group 0')
('2015-04-18 11:28:03.014819', 'put_channel : 2015-04-18 11:28:03.014682 : channel tb1, group 0')
('2015-04-18 11:28:04.514683', 'put_channel : 2015-04-18 11:28:04.514545 : channel tb1, group 0')
('2015-04-18 11:28:05.507053', 'put_channel : 2015-04-18 11:28:05.506852 : channel tb1, group 0')
('2015-04-18 11:28:07.016912', 'put_channel : 2015-04-18 11:28:07.016763 : channel tb1, group 1')
('2015-04-18 11:28:10.018902', 'put_channel : 2015-04-18 11:28:10.018737 : channel tb1, group 0')
('2015-04-18 11:28:10.509161', 'put_channel : 2015-04-18 11:28:10.509013 : channel tb1, group 1')
('2015-04-18 11:28:12.014407', 'put_channel : 2015-04-18 11:28:12.014258 : channel tb1, group 0')
('2015-04-18 11:28:13.528485', 'put_channel : 2015-04-18 11:28:13.528303 : channel tb1, group 1')
('2015-04-18 11:28:14.508827', 'put_channel : 2015-04-18 11:28:14.508668 : channel tb1, group 1')
('2015-04-18 11:28:16.006634', 'put_channel : 2015-04-18 11:28:16.006490 : channel tb1, group 0')
('2015-04-18 11:28:17.509181', 'put_channel : 2015-04-18 11:28:17.509034 : channel tb1, group 1')
('2015-04-18 11:28:17.510674', 'put_channel : 2015-04-18 11:28:17.510586 : channel tb1, group 0')
('2015-04-18 11:28:17.514228', 'put_channel : 2015-04-18 11:28:17.514140 : channel tb1, group 0')
('2015-04-18 11:28:18.008155', 'put_channel : 2015-04-18 11:28:18.008021 : channel tb1, group 1')
('2015-04-18 11:28:19.510072', 'put_channel : 2015-04-18 11:28:19.509930 : channel tb1, group 1')
('2015-04-18 11:28:20.507352', 'put_channel : 2015-04-18 11:28:20.507237 : channel tb1, group 0')
('2015-04-18 11:28:21.035661', 'put_channel : 2015-04-18 11:28:21.035571 : channel tb1, group 0')
('2015-04-18 11:28:22.008614', 'put_channel : 2015-04-18 11:28:22.008468 : channel tb1, group 0')
('2015-04-18 11:28:22.508379', 'put_channel : 2015-04-18 11:28:22.508251 : channel tb1, group 1')
('2015-04-18 11:28:22.538817', 'put_channel : 2015-04-18 11:28:22.538722 : channel tb1, group 0')
('2015-04-18 11:28:23.508636', 'put_channel : 2015-04-18 11:28:23.508489 : channel tb1, group 0')
('2015-04-18 11:28:24.009245', 'put_channel : 2015-04-18 11:28:24.009104 : channel tb1, group 1')
('2015-04-18 11:28:24.010006', 'put_channel : 2015-04-18 11:28:24.009921 : channel tb1, group 1')
('2015-04-18 11:28:24.040617', 'put_channel : 2015-04-18 11:28:24.040525 : channel tb1, group 1')
('2015-04-18 11:28:26.506746', 'put_channel : 2015-04-18 11:28:26.506596 : channel tb1, group 0')
('2015-04-18 11:28:27.010718', 'put_channel : 2015-04-18 11:28:27.010581 : channel tb1, group 1')
('2015-04-18 11:28:27.014405', 'put_channel : 2015-04-18 11:28:27.014309 : channel tb1, group 0')
('2015-04-18 11:28:27.034110', 'put_channel : 2015-04-18 11:28:27.034019 : channel tb1, group 1')
('2015-04-18 11:28:28.090396', 'put_channel : 2015-04-18 11:28:28.090252 : channel tb1, group 1')
('2015-04-18 11:28:28.510353', 'put_channel : 2015-04-18 11:28:28.510217 : channel tb1, group 1')
('2015-04-18 11:28:28.538254', 'put_channel : 2015-04-18 11:28:28.538166 : channel tb1, group 0')
('2015-04-18 11:28:29.506851', 'put_channel : 2015-04-18 11:28:29.506706 : channel tb1, group 0')
('2015-04-18 11:28:30.016380', 'put_channel : 2015-04-18 11:28:30.016245 : channel tb1, group 0')
('2015-04-18 11:28:30.042400', 'put_channel : 2015-04-18 11:28:30.042305 : channel tb1, group 1')
('2015-04-18 11:28:32.506479', 'put_channel : 2015-04-18 11:28:32.506334 : channel tb1, group 0')
('2015-04-18 11:28:33.012945', 'put_channel : 2015-04-18 11:28:33.012810 : channel tb1, group 1')
('2015-04-18 11:28:34.006691', 'put_channel : 2015-04-18 11:28:34.006544 : channel tb1, group 0')
('2015-04-18 11:28:34.074044', 'put_channel : 2015-04-18 11:28:34.073950 : channel tb1, group 1')
('2015-04-18 11:28:34.512709', 'put_channel : 2015-04-18 11:28:34.512559 : channel tb1, group 1')
('2015-04-18 11:28:35.511549', 'put_channel : 2015-04-18 11:28:35.511384 : channel tb1, group 0')
('2015-04-18 11:28:35.513386', 'put_channel : 2015-04-18 11:28:35.513298 : channel tb1, group 1')
('2015-04-18 11:28:37.018604', 'put_channel : 2015-04-18 11:28:37.018456 : channel tb1, group 0')
('2015-04-18 11:28:38.506990', 'put_channel : 2015-04-18 11:28:38.506841 : channel tb1, group 0')
('2015-04-18 11:28:39.012717', 'put_channel : 2015-04-18 11:28:39.012581 : channel tb1, group 1')
('2015-04-18 11:28:40.026658', 'put_channel : 2015-04-18 11:28:40.026501 : channel tb1, group 1')
('2015-04-18 11:28:41.507003', 'put_channel : 2015-04-18 11:28:41.506857 : channel tb1, group 0')
('2015-04-18 11:28:41.522136', 'put_channel : 2015-04-18 11:28:41.522045 : channel tb1, group 1')
('2015-04-18 11:28:43.007011', 'put_channel : 2015-04-18 11:28:43.006864 : channel tb1, group 0')
('2015-04-18 11:28:43.018174', 'put_channel : 2015-04-18 11:28:43.018083 : channel tb1, group 0')
('2015-04-18 11:28:44.520974', 'put_channel : 2015-04-18 11:28:44.520827 : channel tb1, group 1')
('2015-04-18 11:28:46.026479', 'put_channel : 2015-04-18 11:28:46.026333 : channel tb1, group 1')
('2015-04-18 11:28:47.508467', 'put_channel : 2015-04-18 11:28:47.508272 : channel tb1, group 0')
('2015-04-18 11:28:47.512773', 'put_channel : 2015-04-18 11:28:47.512679 : channel tb1, group 1')
('2015-04-18 11:28:49.510404', 'put_channel : 2015-04-18 11:28:49.510267 : channel tb1, group 0')
('2015-04-18 11:28:50.523015', 'put_channel : 2015-04-18 11:28:50.522871 : channel tb1, group 0')
('2015-04-18 11:28:51.012784', 'put_channel : 2015-04-18 11:28:51.012657 : channel tb1, group 1')
('2015-04-18 11:28:53.512738', 'put_channel : 2015-04-18 11:28:53.512587 : channel tb1, group 1')
('2015-04-18 11:28:55.018853', 'put_channel : 2015-04-18 11:28:55.018707 : channel tb1, group 0')
('2015-04-18 11:28:55.511165', 'put_channel : 2015-04-18 11:28:55.511033 : channel tb1, group 0')
('2015-04-18 11:28:55.511952', 'put_channel : 2015-04-18 11:28:55.511867 : channel tb1, group 0')
('2015-04-18 11:28:57.012589', 'put_channel : 2015-04-18 11:28:57.012387 : channel tb1, group 1')
('2015-04-18 11:28:57.013280', 'put_channel : 2015-04-18 11:28:57.013194 : channel tb1, group 0')
('2015-04-18 11:28:57.034076', 'put_channel : 2015-04-18 11:28:57.033982 : channel tb1, group 1')
('2015-04-18 11:28:59.505042', 'put_channel : 2015-04-18 11:28:59.504898 : channel tb1, group 1')
('2015-04-18 11:29:01.712968', 'put_channel : 2015-04-18 11:29:01.712825 : channel tb1, group 0')
('2015-04-18 11:29:03.622409', 'put_channel : 2015-04-18 11:29:03.622242 : channel tb1, group 0')
('2015-04-18 11:29:05.505061', 'put_channel : 2015-04-18 11:29:05.504915 : channel tb1, group 1')
('2015-04-18 11:29:06.014852', 'put_channel : 2015-04-18 11:29:06.014714 : channel tb1, group 1')
('2015-04-18 11:29:07.509905', 'put_channel : 2015-04-18 11:29:07.509756 : channel tb1, group 0')
('2015-04-18 11:29:10.012515', 'put_channel : 2015-04-18 11:29:10.012326 : channel tb1, group 0')
('2015-04-18 11:29:10.511681', 'put_channel : 2015-04-18 11:29:10.511557 : channel tb1, group 0')
('2015-04-18 11:29:11.506592', 'put_channel : 2015-04-18 11:29:11.506449 : channel tb1, group 1')
('2015-04-18 11:29:11.522510', 'put_channel : 2015-04-18 11:29:11.522416 : channel tb1, group 0')
('2015-04-18 11:29:12.011717', 'put_channel : 2015-04-18 11:29:12.011581 : channel tb1, group 0')
('2015-04-18 11:29:12.024570', 'put_channel : 2015-04-18 11:29:12.024477 : channel tb1, group 1')
('2015-04-18 11:29:13.006857', 'put_channel : 2015-04-18 11:29:13.006714 : channel tb1, group 1')
('2015-04-18 11:29:13.512529', 'put_channel : 2015-04-18 11:29:13.512344 : channel tb1, group 0')
('2015-04-18 11:29:13.532509', 'put_channel : 2015-04-18 11:29:13.532360 : channel tb1, group 0')
('2015-04-18 11:29:14.505346', 'put_channel : 2015-04-18 11:29:14.505199 : channel tb1, group 1')
('2015-04-18 11:29:15.010045', 'put_channel : 2015-04-18 11:29:15.009909 : channel tb1, group 0')
('2015-04-18 11:29:16.027322', 'put_channel : 2015-04-18 11:29:16.027178 : channel tb1, group 1')
('2015-04-18 11:29:17.512690', 'put_channel : 2015-04-18 11:29:17.512546 : channel tb1, group 0')
('2015-04-18 11:29:19.012126', 'put_channel : 2015-04-18 11:29:19.011980 : channel tb1, group 0')
('2015-04-18 11:29:21.011269', 'put_channel : 2015-04-18 11:29:21.011144 : channel tb1, group 0')
('2015-04-18 11:29:21.146987', 'put_channel : 2015-04-18 11:29:21.146858 : channel tb1, group 0')
('2015-04-18 11:29:22.009132', 'put_channel : 2015-04-18 11:29:22.008988 : channel tb1, group 1')
('2015-04-18 11:29:22.537501', 'put_channel : 2015-04-18 11:29:22.537369 : channel tb1, group 1')
('2015-04-18 11:29:23.121123', 'put_channel : 2015-04-18 11:29:23.120981 : channel tb1, group 0')
('2015-04-18 11:29:23.577681', 'put_channel : 2015-04-18 11:29:23.577535 : channel tb1, group 1')
('2015-04-18 11:29:24.011891', 'put_channel : 2015-04-18 11:29:24.011753 : channel tb1, group 0')
('2015-04-18 11:29:25.016814', 'put_channel : 2015-04-18 11:29:25.016671 : channel tb1, group 1')
('2015-04-18 11:29:25.051991', 'put_channel : 2015-04-18 11:29:25.051901 : channel tb1, group 0')
('2015-04-18 11:29:26.522715', 'put_channel : 2015-04-18 11:29:26.522568 : channel tb1, group 0')
('2015-04-18 11:29:30.016725', 'put_channel : 2015-04-18 11:29:30.016588 : channel tb1, group 1')
('2015-04-18 11:29:34.514356', 'put_channel : 2015-04-18 11:29:34.514220 : channel tb1, group 0')
('2015-04-18 11:29:34.536324', 'put_channel : 2015-04-18 11:29:34.536230 : channel tb1, group 1')
('2015-04-18 11:29:37.017223', 'put_channel : 2015-04-18 11:29:37.017077 : channel tb1, group 1')
('2015-04-18 11:29:37.082406', 'put_channel : 2015-04-18 11:29:37.082316 : channel tb1, group 0')
('2015-04-18 11:29:39.008308', 'put_channel : 2015-04-18 11:29:39.008145 : channel tb1, group 1')
('2015-04-18 11:29:39.012557', 'put_channel : 2015-04-18 11:29:39.012364 : channel tb1, group 0')
('2015-04-18 11:29:40.515009', 'put_channel : 2015-04-18 11:29:40.514866 : channel tb1, group 0')
('2015-04-18 11:29:41.523353', 'put_channel : 2015-04-18 11:29:41.523204 : channel tb1, group 0')
('2015-04-18 11:29:42.042991', 'put_channel : 2015-04-18 11:29:42.042855 : channel tb1, group 0')
('2015-04-18 11:29:43.509427', 'put_channel : 2015-04-18 11:29:43.509288 : channel tb1, group 1')
('2015-04-18 11:29:44.508632', 'put_channel : 2015-04-18 11:29:44.508521 : channel tb1, group 1')
('2015-04-18 11:29:46.009746', 'put_channel : 2015-04-18 11:29:46.009598 : channel tb1, group 1')
('2015-04-18 11:29:46.720516', 'close_channel : 2015-04-18 11:27:43.008677')
('2015-04-18 11:29:46.721333', 'close_channel : 2015-04-18 11:27:43.510388')
('2015-04-18 11:29:46.723014', 'close_channel : 2015-04-18 11:27:45.011068')
('2015-04-18 11:29:46.724696', 'close_channel : 2015-04-18 11:27:47.508586')
('2015-04-18 11:29:46.726306', 'close_channel : 2015-04-18 11:27:49.006576')
('2015-04-18 11:29:46.727153', 'close_channel : 2015-04-18 11:27:49.511188')
('2015-04-18 11:29:46.728146', 'close_channel : 2015-04-18 11:27:52.008651')
('2015-04-18 11:29:46.729741', 'close_channel : 2015-04-18 11:27:52.509028')
('2015-04-18 11:29:46.730517', 'close_channel : 2015-04-18 11:27:56.508788')
('2015-04-18 11:29:46.731242', 'get_channel: 2015-04-18 11:28:07.016763 : 1 ')
('2015-04-18 11:29:46.731368', 'fd_channel : login[0] 0 login[1] 0 , tb0[0] 62 tb0[1] 53 , tb1[0] 69 tb1[1] 48')
('2015-04-18 11:29:46.733456', 'get_channel: 2015-04-18 11:28:10.509013 : 1 ')
('2015-04-18 11:29:46.733559', 'fd_channel : login[0] 0 login[1] 0 , tb0[0] 62 tb0[1] 53 , tb1[0] 69 tb1[1] 47')
('2015-04-18 11:29:46.735706', 'get_channel: 2015-04-18 11:28:13.528303 : 1 ')
('2015-04-18 11:29:46.735832', 'fd_channel : login[0] 0 login[1] 0 , tb0[0] 62 tb0[1] 53 , tb1[0] 69 tb1[1] 46')
('2015-04-18 11:29:46.737162', 'get_channel: 2015-04-18 11:28:14.508668 : 1 ')
('2015-04-18 11:29:46.737263', 'fd_channel : login[0] 0 login[1] 0 , tb0[0] 62 tb0[1] 53 , tb1[0] 69 tb1[1] 45')
('2015-04-18 11:29:46.739616', 'get_channel: 2015-04-18 11:28:17.509034 : 1 ')
('2015-04-18 11:29:46.739719', 'fd_channel : login[0] 0 login[1] 0 , tb0[0] 62 tb0[1] 53 , tb1[0] 69 tb1[1] 44')
('2015-04-18 11:29:46.741975', 'get_channel: 2015-04-18 11:28:18.008021 : 1 ')
('2015-04-18 11:29:46.742078', 'fd_channel : login[0] 0 login[1] 0 , tb0[0] 62 tb0[1] 53 , tb1[0] 69 tb1[1] 43')
('2015-04-18 11:29:46.743649', 'get_channel: 2015-04-18 11:28:19.509930 : 1 ')
('2015-04-18 11:29:46.743751', 'fd_channel : login[0] 0 login[1] 0 , tb0[0] 62 tb0[1] 53 , tb1[0] 69 tb1[1] 42')
('2015-04-18 11:29:46.746062', 'get_channel: 2015-04-18 11:28:22.508251 : 1 ')
('2015-04-18 11:29:46.746199', 'fd_channel : login[0] 0 login[1] 0 , tb0[0] 62 tb0[1] 53 , tb1[0] 69 tb1[1] 41')
('2015-04-18 11:29:48.172459', 'close_channel : 2015-04-18 11:28:14.508668')
('2015-04-18 11:29:48.173580', 'close_channel : 2015-04-18 11:28:13.528303')
('2015-04-18 11:29:48.443615', 'close_channel : 2015-04-18 11:27:42.011035')
('2015-04-18 11:29:48.444872', 'close_channel : 2015-04-18 11:27:43.511720')
('2015-04-18 11:29:48.445807', 'get_channel: 2015-04-18 11:28:24.009104 : 1 ')
('2015-04-18 11:29:48.445948', 'fd_channel : login[0] 0 login[1] 0 , tb0[0] 62 tb0[1] 53 , tb1[0] 67 tb1[1] 40')
('2015-04-18 11:29:48.447546', 'close_channel : 2015-04-18 11:27:45.010204')
('2015-04-18 11:29:48.448849', 'close_channel : 2015-04-18 11:27:46.511578')
('2015-04-18 11:29:48.449580', 'close_channel : 2015-04-18 11:27:48.009231')
('2015-04-18 11:29:48.450628', 'close_channel : 2015-04-18 11:27:50.506440')
('2015-04-18 11:29:48.451721', 'close_channel : 2015-04-18 11:27:51.011013')
('2015-04-18 11:29:48.452909', 'close_channel : 2015-04-18 11:27:52.509396')
('2015-04-18 11:29:48.453968', 'close_channel : 2015-04-18 11:27:56.510306')
('2015-04-18 11:29:48.455033', 'close_channel : 2015-04-18 11:27:57.010975')
('2015-04-18 11:29:48.456107', 'close_channel : 2015-04-18 11:27:57.014356')
('2015-04-18 11:29:48.457127', 'get_channel: 2015-04-18 11:28:01.515976 : 0 ')
('2015-04-18 11:29:48.457228', 'fd_channel : login[0] 0 login[1] 0 , tb0[0] 62 tb0[1] 53 , tb1[0] 57 tb1[1] 40')
('2015-04-18 11:29:48.483227', 'get_channel: 2015-04-18 11:28:03.014682 : 0 ')
('2015-04-18 11:29:48.483329', 'fd_channel : login[0] 0 login[1] 0 , tb0[0] 62 tb0[1] 53 , tb1[0] 56 tb1[1] 40')
('2015-04-18 11:29:48.485273', 'get_channel: 2015-04-18 11:28:24.009921 : 1 ')
('2015-04-18 11:29:48.485377', 'fd_channel : login[0] 0 login[1] 0 , tb0[0] 62 tb0[1] 53 , tb1[0] 56 tb1[1] 39')
('2015-04-18 11:29:49.813423', 'close_channel : 2015-04-18 11:28:18.008021')
('2015-04-18 11:29:49.814936', 'close_channel : 2015-04-18 11:28:17.509034')
('2015-04-18 11:29:49.920702', 'close_channel : 2015-04-18 11:28:03.014682')
('2015-04-18 11:29:50.123014', 'get_channel: 2015-04-18 11:28:04.514545 : 0 ')
('2015-04-18 11:29:50.123122', 'fd_channel : login[0] 0 login[1] 0 , tb0[0] 62 tb0[1] 53 , tb1[0] 55 tb1[1] 39')
('2015-04-18 11:29:50.125174', 'get_channel: 2015-04-18 11:28:24.040525 : 1 ')
('2015-04-18 11:29:50.125277', 'fd_channel : login[0] 0 login[1] 0 , tb0[0] 62 tb0[1] 53 , tb1[0] 55 tb1[1] 38')
('2015-04-18 11:29:50.210155', 'get_channel: 2015-04-18 11:28:05.506852 : 0 ')
('2015-04-18 11:29:50.210293', 'fd_channel : login[0] 0 login[1] 0 , tb0[0] 62 tb0[1] 53 , tb1[0] 54 tb1[1] 38')
('2015-04-18 11:29:50.212364', 'get_channel: 2015-04-18 11:28:27.010581 : 1 ')
('2015-04-18 11:29:50.212594', 'fd_channel : login[0] 0 login[1] 0 , tb0[0] 62 tb0[1] 53 , tb1[0] 54 tb1[1] 37')
('2015-04-18 11:29:50.448720', 'get_channel: 2015-04-18 11:28:10.018737 : 0 ')
('2015-04-18 11:29:50.448856', 'fd_channel : login[0] 0 login[1] 0 , tb0[0] 62 tb0[1] 53 , tb1[0] 53 tb1[1] 37')
('2015-04-18 11:29:50.450814', 'get_channel: 2015-04-18 11:28:27.034019 : 1 ')
('2015-04-18 11:29:50.450968', 'fd_channel : login[0] 0 login[1] 0 , tb0[0] 62 tb0[1] 53 , tb1[0] 53 tb1[1] 36')
('2015-04-18 11:29:50.508890', 'put_channel : 2015-04-18 11:29:50.508799 : channel tb1, group 1')
('2015-04-18 11:29:51.008843', 'put_channel : 2015-04-18 11:29:51.008722 : channel tb1, group 1')
('2015-04-18 11:29:51.574437', 'close_channel : 2015-04-18 11:28:04.514545')
('2015-04-18 11:29:52.216031', 'get_channel: 2015-04-18 11:28:12.014258 : 0 ')
('2015-04-18 11:29:52.216185', 'fd_channel : login[0] 0 login[1] 0 , tb0[0] 62 tb0[1] 53 , tb1[0] 52 tb1[1] 38')
('2015-04-18 11:29:52.218186', 'get_channel: 2015-04-18 11:28:28.090252 : 1 ')
('2015-04-18 11:29:52.218309', 'fd_channel : login[0] 0 login[1] 0 , tb0[0] 62 tb0[1] 53 , tb1[0] 52 tb1[1] 37')
('2015-04-18 11:29:52.847226', 'close_channel : 2015-04-18 11:28:12.014258')
('2015-04-18 11:29:53.737265', 'get_channel: 2015-04-18 11:28:28.510217 : 1 ')
('2015-04-18 11:29:53.737375', 'fd_channel : login[0] 0 login[1] 0 , tb0[0] 62 tb0[1] 53 , tb1[0] 52 tb1[1] 36')
('2015-04-18 11:29:53.744920', 'get_channel: 2015-04-18 11:28:30.042305 : 1 ')
('2015-04-18 11:29:53.745026', 'fd_channel : login[0] 0 login[1] 0 , tb0[0] 62 tb0[1] 53 , tb1[0] 52 tb1[1] 35')
('2015-04-18 11:29:53.747600', 'get_channel: 2015-04-18 11:28:33.012810 : 1 ')
('2015-04-18 11:29:53.747707', 'fd_channel : login[0] 0 login[1] 0 , tb0[0] 62 tb0[1] 53 , tb1[0] 52 tb1[1] 34')
('2015-04-18 11:29:53.751562', 'get_channel: 2015-04-18 11:28:34.073950 : 1 ')
('2015-04-18 11:29:53.751769', 'fd_channel : login[0] 0 login[1] 0 , tb0[0] 62 tb0[1] 53 , tb1[0] 52 tb1[1] 33')
('2015-04-18 11:29:54.171271', 'put_channel : 2015-04-18 11:29:54.171090 : channel tb1, group 1')
('2015-04-18 11:29:54.606743', 'get_channel: 2015-04-18 11:28:34.512559 : 1 ')
('2015-04-18 11:29:54.606892', 'fd_channel : login[0] 0 login[1] 0 , tb0[0] 62 tb0[1] 53 , tb1[0] 52 tb1[1] 33')
('2015-04-18 11:29:54.608361', 'get_channel: 2015-04-18 11:28:35.513298 : 1 ')
('2015-04-18 11:29:54.608535', 'fd_channel : login[0] 0 login[1] 0 , tb0[0] 62 tb0[1] 53 , tb1[0] 52 tb1[1] 32')
('2015-04-18 11:29:54.610024', 'get_channel: 2015-04-18 11:28:39.012581 : 1 ')
('2015-04-18 11:29:54.610147', 'fd_channel : login[0] 0 login[1] 0 , tb0[0] 62 tb0[1] 53 , tb1[0] 52 tb1[1] 31')
('2015-04-18 11:29:54.854160', 'get_channel: 2015-04-18 11:28:40.026501 : 1 ')
('2015-04-18 11:29:54.854383', 'fd_channel : login[0] 0 login[1] 0 , tb0[0] 62 tb0[1] 53 , tb1[0] 52 tb1[1] 30')
('2015-04-18 11:29:55.508764', 'put_channel : 2015-04-18 11:29:55.508655 : channel tb1, group 1')
('2015-04-18 11:29:56.568692', 'put_channel : 2015-04-18 11:29:56.568599 : channel tb1, group 1')
('2015-04-18 11:29:56.813206', 'close_channel : 2015-04-18 11:28:10.018737')
('2015-04-18 11:29:59.514851', 'put_channel : 2015-04-18 11:29:59.514704 : channel tb1, group 0')
('2015-04-18 11:30:00.740333', 'get_channel: 2015-04-18 11:28:41.522045 : 1 ')
('2015-04-18 11:30:00.740529', 'fd_channel : login[0] 0 login[1] 0 , tb0[0] 62 tb0[1] 53 , tb1[0] 53 tb1[1] 31')
('2015-04-18 11:30:00.747902', 'get_channel: 2015-04-18 11:28:44.520827 : 1 ')
('2015-04-18 11:30:00.748031', 'fd_channel : login[0] 0 login[1] 0 , tb0[0] 62 tb0[1] 53 , tb1[0] 53 tb1[1] 30')
('2015-04-18 11:30:00.750749', 'get_channel: 2015-04-18 11:28:46.026333 : 1 ')
('2015-04-18 11:30:00.750853', 'fd_channel : login[0] 0 login[1] 0 , tb0[0] 62 tb0[1] 53 , tb1[0] 53 tb1[1] 29')
('2015-04-18 11:30:00.754665', 'get_channel: 2015-04-18 11:28:47.512679 : 1 ')
('2015-04-18 11:30:00.754769', 'fd_channel : login[0] 0 login[1] 0 , tb0[0] 62 tb0[1] 53 , tb1[0] 53 tb1[1] 28')
('2015-04-18 11:30:00.760279', 'close_channel : 2015-04-18 11:28:47.512679')
('2015-04-18 11:30:00.918516', 'worker [6] stopping')
('2015-04-18 11:30:01.007384', 'put_channel : 2015-04-18 11:30:01.007292 : channel tb1, group 0')
('2015-04-18 11:30:01.611169', 'get_channel: 2015-04-18 11:28:51.012657 : 1 ')
('2015-04-18 11:30:01.611279', 'fd_channel : login[0] 0 login[1] 0 , tb0[0] 62 tb0[1] 53 , tb1[0] 54 tb1[1] 27')
('2015-04-18 11:30:01.614384', 'get_channel: 2015-04-18 11:28:53.512587 : 1 ')
('2015-04-18 11:30:01.614486', 'fd_channel : login[0] 0 login[1] 0 , tb0[0] 62 tb0[1] 53 , tb1[0] 54 tb1[1] 26')
('2015-04-18 11:30:01.615925', 'get_channel: 2015-04-18 11:28:57.012387 : 1 ')
('2015-04-18 11:30:01.616031', 'fd_channel : login[0] 0 login[1] 0 , tb0[0] 62 tb0[1] 53 , tb1[0] 54 tb1[1] 25')
('2015-04-18 11:30:01.620345', 'close_channel : 2015-04-18 11:28:53.512587')
('2015-04-18 11:30:01.623813', 'close_channel : 2015-04-18 11:28:57.012387')
('2015-04-18 11:30:01.856926', 'get_channel: 2015-04-18 11:28:57.033982 : 1 ')
('2015-04-18 11:30:01.857031', 'fd_channel : login[0] 0 login[1] 0 , tb0[0] 62 tb0[1] 53 , tb1[0] 54 tb1[1] 24')
('2015-04-18 11:30:03.760285', 'get_channel: 2015-04-18 11:28:59.504898 : 1 ')
('2015-04-18 11:30:03.760476', 'fd_channel : login[0] 0 login[1] 0 , tb0[0] 62 tb0[1] 53 , tb1[0] 54 tb1[1] 23')
('2015-04-18 11:30:04.619406', 'get_channel: 2015-04-18 11:29:05.504915 : 1 ')
('2015-04-18 11:30:04.619552', 'fd_channel : login[0] 0 login[1] 0 , tb0[0] 62 tb0[1] 53 , tb1[0] 54 tb1[1] 22')
('2015-04-18 11:30:04.621765', 'get_channel: 2015-04-18 11:29:06.014714 : 1 ')
('2015-04-18 11:30:04.621870', 'fd_channel : login[0] 0 login[1] 0 , tb0[0] 62 tb0[1] 53 , tb1[0] 54 tb1[1] 21')
('2015-04-18 11:30:05.512969', 'put_channel : 2015-04-18 11:30:05.512824 : channel tb1, group 1')
('2015-04-18 11:30:07.759761', 'close_channel : 2015-04-18 11:28:33.012810')
('2015-04-18 11:30:08.614080', 'get_channel: 2015-04-18 11:29:11.506449 : 1 ')
('2015-04-18 11:30:08.614189', 'fd_channel : login[0] 0 login[1] 0 , tb0[0] 62 tb0[1] 53 , tb1[0] 54 tb1[1] 21')
('2015-04-18 11:30:08.859435', 'get_channel: 2015-04-18 11:29:12.024477 : 1 ')
('2015-04-18 11:30:08.859539', 'fd_channel : login[0] 0 login[1] 0 , tb0[0] 62 tb0[1] 53 , tb1[0] 54 tb1[1] 20')
('2015-04-18 11:30:10.763315', 'get_channel: 2015-04-18 11:29:13.006714 : 1 ')
('2015-04-18 11:30:10.763443', 'fd_channel : login[0] 0 login[1] 0 , tb0[0] 62 tb0[1] 53 , tb1[0] 54 tb1[1] 19')
('2015-04-18 11:30:10.961445', 'close_channel : 2015-04-18 11:29:05.504915')
('2015-04-18 11:30:12.026940', 'put_channel : 2015-04-18 11:30:12.026814 : channel tb1, group 0')
('2015-04-18 11:30:14.586672', 'put_channel : 2015-04-18 11:30:14.586506 : channel tb1, group 0')
('2015-04-18 11:30:16.058624', 'put_channel : 2015-04-18 11:30:16.058528 : channel tb1, group 0')
('2015-04-18 11:30:17.765949', 'get_channel: 2015-04-18 11:29:14.505199 : 1 ')
('2015-04-18 11:30:17.766060', 'fd_channel : login[0] 0 login[1] 0 , tb0[0] 62 tb0[1] 53 , tb1[0] 57 tb1[1] 18')
('2015-04-18 11:30:17.772596', 'close_channel : 2015-04-18 11:29:14.505199')
('2015-04-18 11:30:26.714428', 'close_channel : 2015-04-18 11:28:44.520827')
('2015-04-18 11:30:29.753747', 'close_channel : 2015-04-18 11:28:59.504898')
('2015-04-18 11:30:31.610434', 'put_channel : 2015-04-18 11:30:31.610287 : channel tb1, group 0')
('2015-04-18 11:30:38.905162', 'close_channel : 2015-04-18 11:28:22.508251')
('2015-04-18 11:30:46.777488', 'close_channel : 2015-04-18 11:28:34.512559')
('2015-04-18 11:30:46.778740', 'close_channel : 2015-04-18 11:28:39.012581')
('2015-04-18 11:30:46.781598', 'close_channel : 2015-04-18 11:28:35.513298')
('2015-04-18 11:30:51.254969', 'put_channel : 2015-04-18 11:30:51.254844 : channel tb1, group 0')
