('2015-04-18 10:03:51.478249', 'worker [8] started')
('2015-04-18 10:03:51.478387', 'client 7 initted')
('2015-04-18 10:03:52.511720', 'put_channel : 2015-04-18 10:03:52.511593 : channel login, group 1')
('2015-04-18 10:03:52.513575', 'put_channel : 2015-04-18 10:03:52.513490 : channel login, group 0')
('2015-04-18 10:03:52.520832', 'get_channel: 2015-04-18 10:03:52.513490 : 0 ')
('2015-04-18 10:03:52.520984', 'fd_channel : login[0] 0 login[1] 0 , tb0[0] 0 tb0[1] 0 , tb1[0] 0 tb1[1] 0')
('2015-04-18 10:03:52.522112', 'get_channel: 2015-04-18 10:03:52.511593 : 1 ')
('2015-04-18 10:03:52.522229', 'fd_channel : login[0] 0 login[1] 0 , tb0[0] 0 tb0[1] 0 , tb1[0] 0 tb1[1] 0')
('2015-04-18 10:03:52.526665', 'close_channel : 2015-04-18 10:03:52.513490')
('2015-04-18 10:03:52.529896', 'close_channel : 2015-04-18 10:03:52.511593')
('2015-04-18 10:03:54.008720', 'put_channel : 2015-04-18 10:03:54.008588 : channel login, group 1')
('2015-04-18 10:03:54.009639', 'get_channel: 2015-04-18 10:03:54.008588 : 1 ')
('2015-04-18 10:03:54.009749', 'fd_channel : login[0] 0 login[1] 0 , tb0[0] 0 tb0[1] 0 , tb1[0] 0 tb1[1] 0')
('2015-04-18 10:03:54.011682', 'put_channel : 2015-04-18 10:03:54.011597 : channel login, group 0')
('2015-04-18 10:03:54.012229', 'get_channel: 2015-04-18 10:03:54.011597 : 0 ')
('2015-04-18 10:03:54.012331', 'fd_channel : login[0] 0 login[1] 0 , tb0[0] 0 tb0[1] 0 , tb1[0] 0 tb1[1] 0')
('2015-04-18 10:03:54.015165', 'close_channel : 2015-04-18 10:03:54.008588')
('2015-04-18 10:03:54.018581', 'close_channel : 2015-04-18 10:03:54.011597')
('2015-04-18 10:03:55.508840', 'put_channel : 2015-04-18 10:03:55.508709 : channel login, group 1')
('2015-04-18 10:03:55.509661', 'get_channel: 2015-04-18 10:03:55.508709 : 1 ')
('2015-04-18 10:03:55.509771', 'fd_channel : login[0] 0 login[1] 0 , tb0[0] 0 tb0[1] 0 , tb1[0] 0 tb1[1] 0')
('2015-04-18 10:03:55.511233', 'put_channel : 2015-04-18 10:03:55.511148 : channel login, group 0')
('2015-04-18 10:03:55.511785', 'get_channel: 2015-04-18 10:03:55.511148 : 0 ')
('2015-04-18 10:03:55.511886', 'fd_channel : login[0] 0 login[1] 0 , tb0[0] 0 tb0[1] 0 , tb1[0] 0 tb1[1] 0')
('2015-04-18 10:03:55.515493', 'close_channel : 2015-04-18 10:03:55.508709')
('2015-04-18 10:03:55.518303', 'close_channel : 2015-04-18 10:03:55.511148')
('2015-04-18 10:03:57.010337', 'put_channel : 2015-04-18 10:03:57.010203 : channel login, group 1')
('2015-04-18 10:03:57.011292', 'get_channel: 2015-04-18 10:03:57.010203 : 1 ')
('2015-04-18 10:03:57.011405', 'fd_channel : login[0] 0 login[1] 0 , tb0[0] 0 tb0[1] 0 , tb1[0] 0 tb1[1] 0')
('2015-04-18 10:03:57.012499', 'put_channel : 2015-04-18 10:03:57.012415 : channel login, group 0')
('2015-04-18 10:03:57.017498', 'close_channel : 2015-04-18 10:03:57.010203')
('2015-04-18 10:32:31.509876', 'put_channel : 2015-04-18 10:32:31.509578 : channel tb0, group 1')
('2015-04-18 10:32:31.511113', 'put_channel : 2015-04-18 10:32:31.511026 : channel tb0, group 0')
('2015-04-18 10:32:33.010461', 'put_channel : 2015-04-18 10:32:33.010305 : channel tb0, group 1')
('2015-04-18 10:32:33.011141', 'put_channel : 2015-04-18 10:32:33.011046 : channel tb0, group 0')
('2015-04-18 10:32:34.509013', 'put_channel : 2015-04-18 10:32:34.508831 : channel tb0, group 1')
('2015-04-18 10:32:34.510132', 'put_channel : 2015-04-18 10:32:34.510024 : channel tb0, group 0')
('2015-04-18 10:32:36.010240', 'put_channel : 2015-04-18 10:32:36.010101 : channel tb0, group 1')
('2015-04-18 10:32:36.011885', 'put_channel : 2015-04-18 10:32:36.011790 : channel tb0, group 0')
('2015-04-18 10:32:37.508728', 'put_channel : 2015-04-18 10:32:37.508591 : channel tb0, group 1')
('2015-04-18 10:32:37.510192', 'put_channel : 2015-04-18 10:32:37.510108 : channel tb0, group 0')
('2015-04-18 10:32:39.010020', 'put_channel : 2015-04-18 10:32:39.009885 : channel tb0, group 1')
('2015-04-18 10:32:39.011437', 'put_channel : 2015-04-18 10:32:39.011351 : channel tb0, group 0')
('2015-04-18 10:32:40.508449', 'put_channel : 2015-04-18 10:32:40.508311 : channel tb0, group 1')
('2015-04-18 10:32:40.512139', 'put_channel : 2015-04-18 10:32:40.512050 : channel tb0, group 0')
('2015-04-18 10:32:42.006689', 'put_channel : 2015-04-18 10:32:42.006588 : channel tb0, group 1')
('2015-04-18 10:32:42.008133', 'put_channel : 2015-04-18 10:32:42.008079 : channel tb0, group 0')
('2015-04-18 10:32:43.510383', 'put_channel : 2015-04-18 10:32:43.510247 : channel tb0, group 1')
('2015-04-18 10:32:43.511117', 'put_channel : 2015-04-18 10:32:43.511026 : channel tb0, group 0')
('2015-04-18 10:32:45.008263', 'put_channel : 2015-04-18 10:32:45.008141 : channel tb0, group 1')
('2015-04-18 10:32:45.010215', 'put_channel : 2015-04-18 10:32:45.010134 : channel tb0, group 0')
('2015-04-18 10:32:46.508135', 'put_channel : 2015-04-18 10:32:46.508003 : channel tb0, group 1')
('2015-04-18 10:32:46.512224', 'put_channel : 2015-04-18 10:32:46.512136 : channel tb0, group 0')
('2015-04-18 10:32:48.007972', 'put_channel : 2015-04-18 10:32:48.007873 : channel tb0, group 1')
('2015-04-18 10:32:48.008562', 'put_channel : 2015-04-18 10:32:48.008437 : channel tb0, group 0')
('2015-04-18 10:32:49.508526', 'put_channel : 2015-04-18 10:32:49.508370 : channel tb0, group 1')
('2015-04-18 10:32:49.509915', 'put_channel : 2015-04-18 10:32:49.509833 : channel tb0, group 0')
('2015-04-18 10:32:51.006233', 'put_channel : 2015-04-18 10:32:51.006135 : channel tb0, group 1')
('2015-04-18 10:32:51.007803', 'put_channel : 2015-04-18 10:32:51.007749 : channel tb0, group 0')
('2015-04-18 10:32:52.508989', 'put_channel : 2015-04-18 10:32:52.508881 : channel tb0, group 0')
('2015-04-18 10:32:52.510330', 'put_channel : 2015-04-18 10:32:52.510270 : channel tb0, group 1')
('2015-04-18 10:32:54.008943', 'put_channel : 2015-04-18 10:32:54.008807 : channel tb0, group 1')
('2015-04-18 10:32:54.010886', 'put_channel : 2015-04-18 10:32:54.010804 : channel tb0, group 0')
('2015-04-18 10:32:55.508353', 'put_channel : 2015-04-18 10:32:55.508227 : channel tb0, group 1')
('2015-04-18 10:32:55.511583', 'put_channel : 2015-04-18 10:32:55.511498 : channel tb0, group 0')
('2015-04-18 10:32:57.011238', 'put_channel : 2015-04-18 10:32:57.011084 : channel tb0, group 1')
('2015-04-18 10:32:57.012010', 'put_channel : 2015-04-18 10:32:57.011871 : channel tb0, group 0')
('2015-04-18 10:32:58.506593', 'put_channel : 2015-04-18 10:32:58.506473 : channel tb0, group 1')
('2015-04-18 10:32:58.508312', 'put_channel : 2015-04-18 10:32:58.508264 : channel tb0, group 0')
('2015-04-18 10:33:00.008755', 'put_channel : 2015-04-18 10:33:00.008621 : channel tb0, group 1')
('2015-04-18 10:33:00.010347', 'put_channel : 2015-04-18 10:33:00.010254 : channel tb0, group 0')
('2015-04-18 10:33:01.510894', 'put_channel : 2015-04-18 10:33:01.510771 : channel tb0, group 1')
('2015-04-18 10:33:01.511550', 'put_channel : 2015-04-18 10:33:01.511460 : channel tb0, group 0')
('2015-04-18 10:33:03.008563', 'put_channel : 2015-04-18 10:33:03.008437 : channel tb0, group 1')
('2015-04-18 10:33:03.008948', 'put_channel : 2015-04-18 10:33:03.008902 : channel tb0, group 0')
('2015-04-18 10:33:04.510434', 'put_channel : 2015-04-18 10:33:04.510300 : channel tb0, group 0')
('2015-04-18 10:33:04.511469', 'put_channel : 2015-04-18 10:33:04.511385 : channel tb0, group 1')
('2015-04-18 10:33:06.010329', 'put_channel : 2015-04-18 10:33:06.010179 : channel tb0, group 1')
('2015-04-18 10:33:06.011977', 'put_channel : 2015-04-18 10:33:06.011886 : channel tb0, group 0')
('2015-04-18 10:33:07.507955', 'put_channel : 2015-04-18 10:33:07.507858 : channel tb0, group 1')
('2015-04-18 10:33:07.509500', 'put_channel : 2015-04-18 10:33:07.509446 : channel tb0, group 0')
('2015-04-18 10:33:09.008812', 'put_channel : 2015-04-18 10:33:09.008679 : channel tb0, group 1')
('2015-04-18 10:33:09.011637', 'put_channel : 2015-04-18 10:33:09.011551 : channel tb0, group 0')
('2015-04-18 10:33:10.508783', 'put_channel : 2015-04-18 10:33:10.508648 : channel tb0, group 1')
('2015-04-18 10:33:10.511839', 'put_channel : 2015-04-18 10:33:10.511746 : channel tb0, group 0')
('2015-04-18 10:33:12.008454', 'put_channel : 2015-04-18 10:33:12.008354 : channel tb0, group 1')
('2015-04-18 10:33:12.008870', 'put_channel : 2015-04-18 10:33:12.008823 : channel tb0, group 0')
('2015-04-18 10:33:13.507895', 'put_channel : 2015-04-18 10:33:13.507763 : channel tb0, group 1')
('2015-04-18 10:33:13.509812', 'put_channel : 2015-04-18 10:33:13.509719 : channel tb0, group 0')
('2015-04-18 10:33:15.010401', 'put_channel : 2015-04-18 10:33:15.010277 : channel tb0, group 1')
('2015-04-18 10:33:15.011613', 'put_channel : 2015-04-18 10:33:15.011523 : channel tb0, group 0')
('2015-04-18 10:33:22.007888', 'put_channel : 2015-04-18 10:33:22.007781 : channel tb0, group 1')
('2015-04-18 10:33:23.508743', 'put_channel : 2015-04-18 10:33:23.508602 : channel tb0, group 1')
('2015-04-18 10:33:23.509465', 'put_channel : 2015-04-18 10:33:23.509384 : channel tb0, group 0')
('2015-04-18 10:33:23.524104', 'put_channel : 2015-04-18 10:33:23.524016 : channel tb0, group 0')
('2015-04-18 10:33:25.006103', 'put_channel : 2015-04-18 10:33:25.006003 : channel tb0, group 1')
('2015-04-18 10:33:26.506845', 'put_channel : 2015-04-18 10:33:26.506699 : channel tb0, group 1')
('2015-04-18 10:33:26.508735', 'put_channel : 2015-04-18 10:33:26.508622 : channel tb0, group 0')
('2015-04-18 10:33:26.518365', 'put_channel : 2015-04-18 10:33:26.518276 : channel tb0, group 0')
('2015-04-18 10:33:28.006896', 'put_channel : 2015-04-18 10:33:28.006754 : channel tb0, group 1')
('2015-04-18 10:33:29.510500', 'put_channel : 2015-04-18 10:33:29.510363 : channel tb0, group 0')
('2015-04-18 10:33:30.008899', 'put_channel : 2015-04-18 10:33:30.008742 : channel tb0, group 0')
('2015-04-18 10:33:30.009648', 'put_channel : 2015-04-18 10:33:30.009558 : channel tb0, group 1')
('2015-04-18 10:33:31.508263', 'put_channel : 2015-04-18 10:33:31.508129 : channel tb0, group 1')
('2015-04-18 10:33:32.508733', 'put_channel : 2015-04-18 10:33:32.508591 : channel tb0, group 0')
('2015-04-18 10:33:33.008952', 'put_channel : 2015-04-18 10:33:33.008802 : channel tb0, group 0')
('2015-04-18 10:33:33.042485', 'put_channel : 2015-04-18 10:33:33.042391 : channel tb0, group 1')
('2015-04-18 10:33:35.508520', 'put_channel : 2015-04-18 10:33:35.508375 : channel tb0, group 0')
('2015-04-18 10:33:36.010443', 'put_channel : 2015-04-18 10:33:36.010310 : channel tb0, group 0')
('2015-04-18 10:33:37.511624', 'put_channel : 2015-04-18 10:33:37.511489 : channel tb0, group 1')
('2015-04-18 10:33:37.512267', 'put_channel : 2015-04-18 10:33:37.512171 : channel tb0, group 1')
('2015-04-18 10:33:38.508675', 'put_channel : 2015-04-18 10:33:38.508536 : channel tb0, group 0')
('2015-04-18 10:33:39.008535', 'put_channel : 2015-04-18 10:33:39.008425 : channel tb0, group 1')
('2015-04-18 10:33:39.009686', 'put_channel : 2015-04-18 10:33:39.009597 : channel tb0, group 0')
('2015-04-18 10:33:39.011992', 'put_channel : 2015-04-18 10:33:39.011904 : channel tb0, group 1')
('2015-04-18 10:33:40.018947', 'put_channel : 2015-04-18 10:33:40.018755 : channel tb0, group 1')
('2015-04-18 10:33:42.008154', 'put_channel : 2015-04-18 10:33:42.008055 : channel tb0, group 0')
('2015-04-18 10:33:42.037273', 'put_channel : 2015-04-18 10:33:42.037219 : channel tb0, group 0')
('2015-04-18 10:33:43.006770', 'put_channel : 2015-04-18 10:33:43.006629 : channel tb0, group 1')
('2015-04-18 10:33:46.007133', 'put_channel : 2015-04-18 10:33:46.006989 : channel tb0, group 1')
('2015-04-18 10:33:46.509997', 'put_channel : 2015-04-18 10:33:46.509865 : channel tb0, group 1')
('2015-04-18 10:33:46.570721', 'put_channel : 2015-04-18 10:33:46.570628 : channel tb0, group 1')
('2015-04-18 10:33:47.522836', 'put_channel : 2015-04-18 10:33:47.522697 : channel tb0, group 1')
('2015-04-18 10:33:49.509345', 'put_channel : 2015-04-18 10:33:49.509155 : channel tb0, group 1')
('2015-04-18 10:33:50.546994', 'put_channel : 2015-04-18 10:33:50.546855 : channel tb0, group 1')
('2015-04-18 10:33:54.009141', 'put_channel : 2015-04-18 10:33:54.008980 : channel tb0, group 1')
('2015-04-18 10:33:54.013700', 'put_channel : 2015-04-18 10:33:54.013564 : channel tb0, group 1')
('2015-04-18 10:33:54.014160', 'put_channel : 2015-04-18 10:33:54.014046 : channel tb0, group 0')
('2015-04-18 10:33:54.014460', 'put_channel : 2015-04-18 10:33:54.014376 : channel tb0, group 0')
('2015-04-18 10:33:55.018947', 'put_channel : 2015-04-18 10:33:55.018819 : channel tb0, group 1')
('2015-04-18 10:33:55.022687', 'put_channel : 2015-04-18 10:33:55.022601 : channel tb0, group 0')
('2015-04-18 10:33:55.060147', 'put_channel : 2015-04-18 10:33:55.060060 : channel tb0, group 0')
('2015-04-18 10:33:55.511567', 'put_channel : 2015-04-18 10:33:55.511466 : channel tb0, group 0')
('2015-04-18 10:33:55.514842', 'put_channel : 2015-04-18 10:33:55.514757 : channel tb0, group 0')
('2015-04-18 10:33:55.542090', 'put_channel : 2015-04-18 10:33:55.541998 : channel tb0, group 0')
('2015-04-18 10:33:56.385326', 'put_channel : 2015-04-18 10:33:56.385193 : channel tb0, group 0')
('2015-04-18 10:33:56.516688', 'put_channel : 2015-04-18 10:33:56.516596 : channel tb0, group 0')
('2015-04-18 10:33:57.009966', 'put_channel : 2015-04-18 10:33:57.009833 : channel tb0, group 0')
('2015-04-18 10:33:58.509956', 'put_channel : 2015-04-18 10:33:58.509789 : channel tb0, group 1')
('2015-04-18 10:33:58.510317', 'put_channel : 2015-04-18 10:33:58.510225 : channel tb0, group 0')
('2015-04-18 10:33:58.511117', 'put_channel : 2015-04-18 10:33:58.511033 : channel tb0, group 1')
('2015-04-18 10:33:59.522841', 'put_channel : 2015-04-18 10:33:59.522701 : channel tb0, group 1')
('2015-04-18 10:34:00.010410', 'put_channel : 2015-04-18 10:34:00.010289 : channel tb0, group 0')
('2015-04-18 10:34:01.508494', 'put_channel : 2015-04-18 10:34:01.508377 : channel tb0, group 1')
('2015-04-18 10:34:02.546207', 'get_channel: 2015-04-18 10:32:31.511026 : 0 ')
('2015-04-18 10:34:02.546369', 'fd_channel : login[0] 1 login[1] 0 , tb0[0] 55 tb0[1] 57 , tb1[0] 0 tb1[1] 0')
('2015-04-18 10:34:02.548214', 'get_channel: 2015-04-18 10:32:31.509578 : 1 ')
('2015-04-18 10:34:02.548315', 'fd_channel : login[0] 1 login[1] 0 , tb0[0] 55 tb0[1] 56 , tb1[0] 0 tb1[1] 0')
('2015-04-18 10:34:02.550026', 'get_channel: 2015-04-18 10:32:33.011046 : 0 ')
('2015-04-18 10:34:02.550128', 'fd_channel : login[0] 1 login[1] 0 , tb0[0] 54 tb0[1] 56 , tb1[0] 0 tb1[1] 0')
('2015-04-18 10:34:02.552067', 'get_channel: 2015-04-18 10:32:33.010305 : 1 ')
('2015-04-18 10:34:02.552169', 'fd_channel : login[0] 1 login[1] 0 , tb0[0] 54 tb0[1] 55 , tb1[0] 0 tb1[1] 0')
('2015-04-18 10:34:02.554183', 'get_channel: 2015-04-18 10:32:34.510024 : 0 ')
('2015-04-18 10:34:02.554297', 'fd_channel : login[0] 1 login[1] 0 , tb0[0] 53 tb0[1] 55 , tb1[0] 0 tb1[1] 0')
('2015-04-18 10:34:02.556436', 'get_channel: 2015-04-18 10:32:34.508831 : 1 ')
('2015-04-18 10:34:02.556597', 'fd_channel : login[0] 1 login[1] 0 , tb0[0] 53 tb0[1] 54 , tb1[0] 0 tb1[1] 0')
('2015-04-18 10:34:02.558247', 'close_channel : 2015-04-18 10:32:31.509578')
('2015-04-18 10:34:02.560359', 'get_channel: 2015-04-18 10:32:36.011790 : 0 ')
('2015-04-18 10:34:02.560467', 'fd_channel : login[0] 1 login[1] 0 , tb0[0] 52 tb0[1] 54 , tb1[0] 0 tb1[1] 0')
('2015-04-18 10:34:02.565079', 'close_channel : 2015-04-18 10:32:33.010305')
('2015-04-18 10:34:02.571951', 'close_channel : 2015-04-18 10:32:34.508831')
('2015-04-18 10:34:03.982216', 'close_channel : 2015-04-18 10:32:31.511026')
('2015-04-18 10:34:03.986318', 'close_channel : 2015-04-18 10:32:33.011046')
('2015-04-18 10:34:03.989421', 'close_channel : 2015-04-18 10:32:34.510024')
('2015-04-18 10:34:03.997831', 'close_channel : 2015-04-18 10:32:36.011790')
('2015-04-18 10:34:04.009355', 'put_channel : 2015-04-18 10:34:04.009272 : channel tb0, group 0')
('2015-04-18 10:34:04.511633', 'put_channel : 2015-04-18 10:34:04.511518 : channel tb0, group 0')
('2015-04-18 10:34:04.512739', 'put_channel : 2015-04-18 10:34:04.512655 : channel tb0, group 0')
('2015-04-18 10:34:06.009460', 'put_channel : 2015-04-18 10:34:06.009327 : channel tb0, group 0')
('2015-04-18 10:34:06.831124', 'get_channel: 2015-04-18 10:32:37.510108 : 0 ')
('2015-04-18 10:34:06.831231', 'fd_channel : login[0] 1 login[1] 0 , tb0[0] 55 tb0[1] 54 , tb1[0] 0 tb1[1] 0')
('2015-04-18 10:34:06.833142', 'get_channel: 2015-04-18 10:32:36.010101 : 1 ')
('2015-04-18 10:34:06.833290', 'fd_channel : login[0] 1 login[1] 0 , tb0[0] 55 tb0[1] 53 , tb1[0] 0 tb1[1] 0')
('2015-04-18 10:34:06.839121', 'close_channel : 2015-04-18 10:32:36.010101')
('2015-04-18 10:34:06.843373', 'close_channel : 2015-04-18 10:32:37.510108')
('2015-04-18 10:34:07.006687', 'put_channel : 2015-04-18 10:34:07.006581 : channel tb0, group 1')
('2015-04-18 10:34:07.020165', 'put_channel : 2015-04-18 10:34:07.020076 : channel tb0, group 1')
('2015-04-18 10:34:07.060314', 'get_channel: 2015-04-18 10:32:39.011351 : 0 ')
('2015-04-18 10:34:07.060417', 'fd_channel : login[0] 1 login[1] 0 , tb0[0] 54 tb0[1] 55 , tb1[0] 0 tb1[1] 0')
('2015-04-18 10:34:07.062294', 'get_channel: 2015-04-18 10:32:37.508591 : 1 ')
('2015-04-18 10:34:07.062396', 'fd_channel : login[0] 1 login[1] 0 , tb0[0] 54 tb0[1] 54 , tb1[0] 0 tb1[1] 0')
('2015-04-18 10:34:07.067335', 'close_channel : 2015-04-18 10:32:37.508591')
('2015-04-18 10:34:07.072494', 'close_channel : 2015-04-18 10:32:39.011351')
('2015-04-18 10:34:09.300893', 'get_channel: 2015-04-18 10:32:40.512050 : 0 ')
('2015-04-18 10:34:09.301004', 'fd_channel : login[0] 1 login[1] 0 , tb0[0] 53 tb0[1] 54 , tb1[0] 0 tb1[1] 0')
('2015-04-18 10:34:09.302564', 'get_channel: 2015-04-18 10:32:39.009885 : 1 ')
('2015-04-18 10:34:09.302676', 'fd_channel : login[0] 1 login[1] 0 , tb0[0] 53 tb0[1] 53 , tb1[0] 0 tb1[1] 0')
('2015-04-18 10:34:09.354494', 'get_channel: 2015-04-18 10:32:42.008079 : 0 ')
('2015-04-18 10:34:09.354699', 'fd_channel : login[0] 1 login[1] 0 , tb0[0] 52 tb0[1] 53 , tb1[0] 0 tb1[1] 0')
('2015-04-18 10:34:09.356568', 'get_channel: 2015-04-18 10:32:40.508311 : 1 ')
('2015-04-18 10:34:09.356672', 'fd_channel : login[0] 1 login[1] 0 , tb0[0] 52 tb0[1] 52 , tb1[0] 0 tb1[1] 0')
('2015-04-18 10:34:11.305478', 'get_channel: 2015-04-18 10:32:43.511026 : 0 ')
('2015-04-18 10:34:11.305618', 'fd_channel : login[0] 1 login[1] 0 , tb0[0] 51 tb0[1] 52 , tb1[0] 0 tb1[1] 0')
('2015-04-18 10:34:11.307548', 'get_channel: 2015-04-18 10:32:42.006588 : 1 ')
('2015-04-18 10:34:11.307655', 'fd_channel : login[0] 1 login[1] 0 , tb0[0] 51 tb0[1] 51 , tb1[0] 0 tb1[1] 0')
('2015-04-18 10:34:11.358924', 'get_channel: 2015-04-18 10:32:45.010134 : 0 ')
('2015-04-18 10:34:11.359053', 'fd_channel : login[0] 1 login[1] 0 , tb0[0] 50 tb0[1] 51 , tb1[0] 0 tb1[1] 0')
('2015-04-18 10:34:11.361007', 'get_channel: 2015-04-18 10:32:43.510247 : 1 ')
('2015-04-18 10:34:11.361110', 'fd_channel : login[0] 1 login[1] 0 , tb0[0] 50 tb0[1] 50 , tb1[0] 0 tb1[1] 0')
('2015-04-18 10:34:11.552454', 'get_channel: 2015-04-18 10:32:46.512136 : 0 ')
('2015-04-18 10:34:11.552555', 'fd_channel : login[0] 1 login[1] 0 , tb0[0] 49 tb0[1] 50 , tb1[0] 0 tb1[1] 0')
('2015-04-18 10:34:11.554297', 'get_channel: 2015-04-18 10:32:45.008141 : 1 ')
('2015-04-18 10:34:11.554397', 'fd_channel : login[0] 1 login[1] 0 , tb0[0] 49 tb0[1] 49 , tb1[0] 0 tb1[1] 0')
('2015-04-18 10:34:12.196292', 'get_channel: 2015-04-18 10:32:48.008437 : 0 ')
('2015-04-18 10:34:12.196357', 'fd_channel : login[0] 1 login[1] 0 , tb0[0] 48 tb0[1] 49 , tb1[0] 0 tb1[1] 0')
('2015-04-18 10:34:12.197432', 'get_channel: 2015-04-18 10:32:46.508003 : 1 ')
('2015-04-18 10:34:12.197488', 'fd_channel : login[0] 1 login[1] 0 , tb0[0] 48 tb0[1] 48 , tb1[0] 0 tb1[1] 0')
('2015-04-18 10:34:12.744757', 'close_channel : 2015-04-18 10:32:43.511026')
('2015-04-18 10:34:12.797735', 'close_channel : 2015-04-18 10:32:45.010134')
('2015-04-18 10:34:12.816756', 'close_channel : 2015-04-18 10:32:48.008437')
('2015-04-18 10:34:12.990307', 'close_channel : 2015-04-18 10:32:46.512136')
('2015-04-18 10:34:13.578977', 'get_channel: 2015-04-18 10:32:49.509833 : 0 ')
('2015-04-18 10:34:13.579084', 'fd_channel : login[0] 1 login[1] 0 , tb0[0] 47 tb0[1] 48 , tb1[0] 0 tb1[1] 0')
('2015-04-18 10:34:13.580950', 'get_channel: 2015-04-18 10:32:48.007873 : 1 ')
('2015-04-18 10:34:13.581052', 'fd_channel : login[0] 1 login[1] 0 , tb0[0] 47 tb0[1] 47 , tb1[0] 0 tb1[1] 0')
('2015-04-18 10:34:15.008308', 'put_channel : 2015-04-18 10:34:15.008187 : channel tb0, group 1')
('2015-04-18 10:34:15.012414', 'put_channel : 2015-04-18 10:34:15.012327 : channel tb0, group 1')
('2015-04-18 10:34:15.026736', 'close_channel : 2015-04-18 10:32:48.007873')
('2015-04-18 10:34:15.263196', 'close_channel : 2015-04-18 10:32:46.508003')
('2015-04-18 10:34:15.643524', 'close_channel : 2015-04-18 10:32:39.009885')
('2015-04-18 10:34:15.699306', 'close_channel : 2015-04-18 10:32:40.508311')
('2015-04-18 10:34:15.888274', 'put_channel : 2015-04-18 10:34:15.888146 : channel tb0, group 1')
('2015-04-18 10:34:16.019333', 'put_channel : 2015-04-18 10:34:16.019201 : channel tb0, group 1')
('2015-04-18 10:34:20.518190', 'put_channel : 2015-04-18 10:34:20.518036 : channel tb0, group 0')
('2015-04-18 10:34:21.140861', 'put_channel : 2015-04-18 10:34:21.140724 : channel tb0, group 0')
('2015-04-18 10:34:22.020137', 'put_channel : 2015-04-18 10:34:22.020025 : channel tb0, group 0')
('2015-04-18 10:34:22.178797', 'close_channel : 2015-04-18 10:32:40.512050')
('2015-04-18 10:34:22.241929', 'close_channel : 2015-04-18 10:32:42.008079')
('2015-04-18 10:34:22.532799', 'put_channel : 2015-04-18 10:34:22.532666 : channel tb0, group 0')
('2015-04-18 10:34:22.533437', 'put_channel : 2015-04-18 10:34:22.533355 : channel tb0, group 1')
('2015-04-18 10:34:24.038208', 'put_channel : 2015-04-18 10:34:24.038056 : channel tb0, group 0')
('2015-04-18 10:34:24.148526', 'put_channel : 2015-04-18 10:34:24.148437 : channel tb0, group 0')
('2015-04-18 10:34:24.195043', 'close_channel : 2015-04-18 10:32:42.006588')
('2015-04-18 10:34:24.243578', 'close_channel : 2015-04-18 10:32:43.510247')
('2015-04-18 10:34:24.435414', 'close_channel : 2015-04-18 10:32:45.008141')
('2015-04-18 10:34:25.540771', 'put_channel : 2015-04-18 10:34:25.540631 : channel tb0, group 1')
('2015-04-18 10:34:25.541656', 'put_channel : 2015-04-18 10:34:25.541574 : channel tb0, group 0')
('2015-04-18 10:34:26.467055', 'close_channel : 2015-04-18 10:32:49.509833')
('2015-04-18 10:34:27.028987', 'put_channel : 2015-04-18 10:34:27.028856 : channel tb0, group 0')
('2015-04-18 10:34:28.050821', 'put_channel : 2015-04-18 10:34:28.050678 : channel tb0, group 1')
('2015-04-18 10:34:28.532399', 'put_channel : 2015-04-18 10:34:28.532289 : channel tb0, group 1')
('2015-04-18 10:34:31.636332', 'put_channel : 2015-04-18 10:34:31.636167 : channel tb0, group 1')
('2015-04-18 10:34:35.570851', 'put_channel : 2015-04-18 10:34:35.570710 : channel tb0, group 1')
('2015-04-18 10:34:48.148967', 'put_channel : 2015-04-18 10:34:48.148823 : channel tb0, group 0')
('2015-04-18 10:34:49.631348', 'put_channel : 2015-04-18 10:34:49.631192 : channel tb0, group 0')
('2015-04-18 11:27:42.009413', 'put_channel : 2015-04-18 11:27:42.009229 : channel tb1, group 1')
('2015-04-18 11:27:42.012406', 'put_channel : 2015-04-18 11:27:42.012296 : channel tb1, group 0')
('2015-04-18 11:27:43.509908', 'put_channel : 2015-04-18 11:27:43.509771 : channel tb1, group 0')
('2015-04-18 11:27:43.510669', 'put_channel : 2015-04-18 11:27:43.510553 : channel tb1, group 1')
('2015-04-18 11:27:45.008555', 'put_channel : 2015-04-18 11:27:45.008429 : channel tb1, group 1')
('2015-04-18 11:27:45.009680', 'put_channel : 2015-04-18 11:27:45.009587 : channel tb1, group 0')
('2015-04-18 11:27:46.508994', 'put_channel : 2015-04-18 11:27:46.508858 : channel tb1, group 1')
('2015-04-18 11:27:46.510399', 'put_channel : 2015-04-18 11:27:46.510317 : channel tb1, group 0')
('2015-04-18 11:27:48.010685', 'put_channel : 2015-04-18 11:27:48.010548 : channel tb1, group 0')
('2015-04-18 11:27:49.006840', 'put_channel : 2015-04-18 11:27:49.006677 : channel tb1, group 1')
('2015-04-18 11:27:49.510048', 'put_channel : 2015-04-18 11:27:49.509940 : channel tb1, group 1')
('2015-04-18 11:27:50.508862', 'put_channel : 2015-04-18 11:27:50.508727 : channel tb1, group 0')
('2015-04-18 11:27:51.010710', 'put_channel : 2015-04-18 11:27:51.010501 : channel tb1, group 0')
('2015-04-18 11:27:52.008593', 'put_channel : 2015-04-18 11:27:52.008445 : channel tb1, group 1')
('2015-04-18 11:27:52.507835', 'put_channel : 2015-04-18 11:27:52.507734 : channel tb1, group 1')
('2015-04-18 11:27:54.006184', 'put_channel : 2015-04-18 11:27:54.006085 : channel tb1, group 1')
('2015-04-18 11:27:55.007102', 'put_channel : 2015-04-18 11:27:55.006969 : channel tb1, group 0')
('2015-04-18 11:27:55.508357', 'put_channel : 2015-04-18 11:27:55.508257 : channel tb1, group 1')
('2015-04-18 11:27:55.512591', 'put_channel : 2015-04-18 11:27:55.512501 : channel tb1, group 0')
('2015-04-18 11:27:55.514649', 'put_channel : 2015-04-18 11:27:55.514559 : channel tb1, group 0')
('2015-04-18 11:27:57.008424', 'put_channel : 2015-04-18 11:27:57.008287 : channel tb1, group 1')
('2015-04-18 11:27:57.010222', 'put_channel : 2015-04-18 11:27:57.010130 : channel tb1, group 0')
('2015-04-18 11:28:01.008404', 'put_channel : 2015-04-18 11:28:01.008258 : channel tb1, group 1')
('2015-04-18 11:28:01.512350', 'put_channel : 2015-04-18 11:28:01.512213 : channel tb1, group 0')
('2015-04-18 11:28:02.508182', 'put_channel : 2015-04-18 11:28:02.508037 : channel tb1, group 1')
('2015-04-18 11:28:03.009041', 'put_channel : 2015-04-18 11:28:03.008926 : channel tb1, group 1')
('2015-04-18 11:28:03.014596', 'put_channel : 2015-04-18 11:28:03.014467 : channel tb1, group 0')
('2015-04-18 11:28:04.508814', 'put_channel : 2015-04-18 11:28:04.508653 : channel tb1, group 1')
('2015-04-18 11:28:04.513056', 'put_channel : 2015-04-18 11:28:04.512968 : channel tb1, group 0')
('2015-04-18 11:28:05.508840', 'put_channel : 2015-04-18 11:28:05.508685 : channel tb1, group 0')
('2015-04-18 11:28:06.006992', 'put_channel : 2015-04-18 11:28:06.006894 : channel tb1, group 1')
('2015-04-18 11:28:06.012003', 'put_channel : 2015-04-18 11:28:06.011950 : channel tb1, group 0')
('2015-04-18 11:28:07.508707', 'put_channel : 2015-04-18 11:28:07.508571 : channel tb1, group 1')
('2015-04-18 11:28:09.014310', 'put_channel : 2015-04-18 11:28:09.014173 : channel tb1, group 0')
('2015-04-18 11:28:10.006486', 'put_channel : 2015-04-18 11:28:10.006343 : channel tb1, group 1')
('2015-04-18 11:28:10.514313', 'put_channel : 2015-04-18 11:28:10.514205 : channel tb1, group 0')
('2015-04-18 11:28:11.506759', 'put_channel : 2015-04-18 11:28:11.506617 : channel tb1, group 1')
('2015-04-18 11:28:12.008630', 'put_channel : 2015-04-18 11:28:12.008469 : channel tb1, group 1')
('2015-04-18 11:28:12.013818', 'put_channel : 2015-04-18 11:28:12.013730 : channel tb1, group 0')
('2015-04-18 11:28:13.512583', 'put_channel : 2015-04-18 11:28:13.512444 : channel tb1, group 0')
('2015-04-18 11:28:14.508871', 'put_channel : 2015-04-18 11:28:14.508728 : channel tb1, group 1')
('2015-04-18 11:28:15.009746', 'put_channel : 2015-04-18 11:28:15.009591 : channel tb1, group 1')
('2015-04-18 11:28:15.012553', 'put_channel : 2015-04-18 11:28:15.012460 : channel tb1, group 0')
('2015-04-18 11:28:16.508760', 'put_channel : 2015-04-18 11:28:16.508628 : channel tb1, group 1')
('2015-04-18 11:28:17.509055', 'put_channel : 2015-04-18 11:28:17.508912 : channel tb1, group 0')
('2015-04-18 11:28:18.008421', 'put_channel : 2015-04-18 11:28:18.008274 : channel tb1, group 1')
('2015-04-18 11:28:18.012609', 'put_channel : 2015-04-18 11:28:18.012520 : channel tb1, group 0')
('2015-04-18 11:28:20.516752', 'put_channel : 2015-04-18 11:28:20.516614 : channel tb1, group 0')
('2015-04-18 11:28:21.008582', 'put_channel : 2015-04-18 11:28:21.008464 : channel tb1, group 1')
('2015-04-18 11:28:21.014932', 'put_channel : 2015-04-18 11:28:21.014843 : channel tb1, group 0')
('2015-04-18 11:28:24.008477', 'put_channel : 2015-04-18 11:28:24.008342 : channel tb1, group 1')
('2015-04-18 11:28:25.508573', 'put_channel : 2015-04-18 11:28:25.508449 : channel tb1, group 1')
('2015-04-18 11:28:25.511197', 'put_channel : 2015-04-18 11:28:25.511107 : channel tb1, group 1')
('2015-04-18 11:28:26.516781', 'put_channel : 2015-04-18 11:28:26.516630 : channel tb1, group 0')
('2015-04-18 11:28:27.008740', 'put_channel : 2015-04-18 11:28:27.008590 : channel tb1, group 1')
('2015-04-18 11:28:27.014815', 'put_channel : 2015-04-18 11:28:27.014721 : channel tb1, group 0')
('2015-04-18 11:28:28.009025', 'put_channel : 2015-04-18 11:28:28.008877 : channel tb1, group 0')
('2015-04-18 11:28:28.510144', 'put_channel : 2015-04-18 11:28:28.510020 : channel tb1, group 1')
('2015-04-18 11:28:29.525992', 'put_channel : 2015-04-18 11:28:29.525856 : channel tb1, group 0')
('2015-04-18 11:28:32.508688', 'put_channel : 2015-04-18 11:28:32.508543 : channel tb1, group 0')
('2015-04-18 11:28:32.518128', 'put_channel : 2015-04-18 11:28:32.518033 : channel tb1, group 0')
('2015-04-18 11:28:33.620318', 'put_channel : 2015-04-18 11:28:33.620184 : channel tb1, group 1')
('2015-04-18 11:28:34.008435', 'put_channel : 2015-04-18 11:28:34.008322 : channel tb1, group 0')
('2015-04-18 11:28:34.510749', 'put_channel : 2015-04-18 11:28:34.510633 : channel tb1, group 1')
('2015-04-18 11:28:35.508635', 'put_channel : 2015-04-18 11:28:35.508502 : channel tb1, group 0')
('2015-04-18 11:28:37.022614', 'put_channel : 2015-04-18 11:28:37.022420 : channel tb1, group 0')
('2015-04-18 11:28:37.510831', 'put_channel : 2015-04-18 11:28:37.510716 : channel tb1, group 1')
('2015-04-18 11:28:37.511540', 'put_channel : 2015-04-18 11:28:37.511457 : channel tb1, group 1')
('2015-04-18 11:28:39.008901', 'put_channel : 2015-04-18 11:28:39.008764 : channel tb1, group 0')
('2015-04-18 11:28:40.512163', 'put_channel : 2015-04-18 11:28:40.512034 : channel tb1, group 0')
('2015-04-18 11:28:42.010875', 'put_channel : 2015-04-18 11:28:42.010738 : channel tb1, group 1')
('2015-04-18 11:28:43.512218', 'put_channel : 2015-04-18 11:28:43.512084 : channel tb1, group 1')
('2015-04-18 11:28:44.509173', 'put_channel : 2015-04-18 11:28:44.509031 : channel tb1, group 0')
('2015-04-18 11:28:46.510966', 'put_channel : 2015-04-18 11:28:46.510831 : channel tb1, group 0')
('2015-04-18 11:28:49.010753', 'put_channel : 2015-04-18 11:28:49.010609 : channel tb1, group 0')
('2015-04-18 11:28:49.020494', 'put_channel : 2015-04-18 11:28:49.020405 : channel tb1, group 0')
('2015-04-18 11:28:49.509805', 'put_channel : 2015-04-18 11:28:49.509683 : channel tb1, group 0')
('2015-04-18 11:28:49.511619', 'put_channel : 2015-04-18 11:28:49.511535 : channel tb1, group 1')
('2015-04-18 11:28:50.516585', 'put_channel : 2015-04-18 11:28:50.516444 : channel tb1, group 1')
('2015-04-18 11:28:51.010894', 'put_channel : 2015-04-18 11:28:51.010748 : channel tb1, group 1')
('2015-04-18 11:28:52.008670', 'put_channel : 2015-04-18 11:28:52.008491 : channel tb1, group 0')
('2015-04-18 11:28:52.512374', 'put_channel : 2015-04-18 11:28:52.512274 : channel tb1, group 1')
('2015-04-18 11:28:53.508756', 'put_channel : 2015-04-18 11:28:53.508607 : channel tb1, group 0')
('2015-04-18 11:28:54.012338', 'put_channel : 2015-04-18 11:28:54.012220 : channel tb1, group 1')
('2015-04-18 11:28:55.008692', 'put_channel : 2015-04-18 11:28:55.008563 : channel tb1, group 0')
('2015-04-18 11:28:57.009749', 'put_channel : 2015-04-18 11:28:57.009619 : channel tb1, group 0')
('2015-04-18 11:28:58.520859', 'put_channel : 2015-04-18 11:28:58.520726 : channel tb1, group 0')
('2015-04-18 11:28:59.523069', 'put_channel : 2015-04-18 11:28:59.522929 : channel tb1, group 1')
('2015-04-18 11:28:59.572336', 'put_channel : 2015-04-18 11:28:59.572249 : channel tb1, group 0')
('2015-04-18 11:29:01.008335', 'put_channel : 2015-04-18 11:29:01.008194 : channel tb1, group 0')
('2015-04-18 11:29:05.508688', 'put_channel : 2015-04-18 11:29:05.508554 : channel tb1, group 0')
('2015-04-18 11:29:05.522972', 'put_channel : 2015-04-18 11:29:05.522882 : channel tb1, group 1')
('2015-04-18 11:29:06.008556', 'put_channel : 2015-04-18 11:29:06.008461 : channel tb1, group 0')
('2015-04-18 11:29:07.510596', 'put_channel : 2015-04-18 11:29:07.510418 : channel tb1, group 0')
('2015-04-18 11:29:09.011209', 'put_channel : 2015-04-18 11:29:09.011075 : channel tb1, group 0')
('2015-04-18 11:29:09.042588', 'put_channel : 2015-04-18 11:29:09.042453 : channel tb1, group 1')
('2015-04-18 11:29:11.508983', 'put_channel : 2015-04-18 11:29:11.508843 : channel tb1, group 0')
('2015-04-18 11:29:11.523758', 'put_channel : 2015-04-18 11:29:11.523667 : channel tb1, group 1')
('2015-04-18 11:29:13.009109', 'put_channel : 2015-04-18 11:29:13.008965 : channel tb1, group 0')
('2015-04-18 11:29:13.509170', 'put_channel : 2015-04-18 11:29:13.509042 : channel tb1, group 0')
('2015-04-18 11:29:14.516367', 'put_channel : 2015-04-18 11:29:14.516229 : channel tb1, group 1')
('2015-04-18 11:29:18.014621', 'put_channel : 2015-04-18 11:29:18.014446 : channel tb1, group 1')
('2015-04-18 11:29:19.510849', 'put_channel : 2015-04-18 11:29:19.510717 : channel tb1, group 0')
('2015-04-18 11:29:20.514748', 'put_channel : 2015-04-18 11:29:20.514610 : channel tb1, group 1')
('2015-04-18 11:29:21.012313', 'put_channel : 2015-04-18 11:29:21.012181 : channel tb1, group 0')
('2015-04-18 11:29:22.021065', 'put_channel : 2015-04-18 11:29:22.020922 : channel tb1, group 0')
('2015-04-18 11:29:24.012269', 'put_channel : 2015-04-18 11:29:24.012136 : channel tb1, group 0')
('2015-04-18 11:29:25.020623', 'put_channel : 2015-04-18 11:29:25.020492 : channel tb1, group 0')
('2015-04-18 11:29:25.511067', 'put_channel : 2015-04-18 11:29:25.510959 : channel tb1, group 0')
('2015-04-18 11:29:26.506842', 'put_channel : 2015-04-18 11:29:26.506703 : channel tb1, group 1')
('2015-04-18 11:29:26.515254', 'put_channel : 2015-04-18 11:29:26.515168 : channel tb1, group 1')
('2015-04-18 11:29:26.546882', 'put_channel : 2015-04-18 11:29:26.546794 : channel tb1, group 1')
('2015-04-18 11:29:26.550921', 'put_channel : 2015-04-18 11:29:26.550834 : channel tb1, group 0')
('2015-04-18 11:29:27.009693', 'put_channel : 2015-04-18 11:29:27.009573 : channel tb1, group 0')
('2015-04-18 11:29:28.511852', 'put_channel : 2015-04-18 11:29:28.511720 : channel tb1, group 0')
('2015-04-18 11:29:30.010640', 'put_channel : 2015-04-18 11:29:30.010469 : channel tb1, group 0')
('2015-04-18 11:29:31.510589', 'put_channel : 2015-04-18 11:29:31.510412 : channel tb1, group 0')
('2015-04-18 11:29:34.510341', 'put_channel : 2015-04-18 11:29:34.510208 : channel tb1, group 0')
('2015-04-18 11:29:35.991622', 'close_channel : 2015-04-18 11:27:42.009229')
('2015-04-18 11:29:35.992975', 'close_channel : 2015-04-18 11:27:42.012296')
('2015-04-18 11:29:35.994610', 'close_channel : 2015-04-18 11:27:43.510553')
('2015-04-18 11:29:35.995331', 'close_channel : 2015-04-18 11:27:43.509771')
('2015-04-18 11:29:35.995906', 'close_channel : 2015-04-18 11:27:45.008429')
('2015-04-18 11:29:35.996809', 'close_channel : 2015-04-18 11:27:45.009587')
('2015-04-18 11:29:35.997295', 'get_channel: 2015-04-18 11:27:46.508858 : 1 ')
('2015-04-18 11:29:35.997369', 'fd_channel : login[0] 1 login[1] 0 , tb0[0] 57 tb0[1] 57 , tb1[0] 64 tb1[1] 47')
('2015-04-18 11:29:35.998220', 'get_channel: 2015-04-18 11:27:46.510317 : 0 ')
('2015-04-18 11:29:35.998276', 'fd_channel : login[0] 1 login[1] 0 , tb0[0] 57 tb0[1] 57 , tb1[0] 63 tb1[1] 47')
('2015-04-18 11:29:35.999184', 'get_channel: 2015-04-18 11:27:49.006677 : 1 ')
('2015-04-18 11:29:35.999239', 'fd_channel : login[0] 1 login[1] 0 , tb0[0] 57 tb0[1] 57 , tb1[0] 63 tb1[1] 46')
('2015-04-18 11:29:36.000441', 'get_channel: 2015-04-18 11:27:48.010548 : 0 ')
('2015-04-18 11:29:36.000496', 'fd_channel : login[0] 1 login[1] 0 , tb0[0] 57 tb0[1] 57 , tb1[0] 62 tb1[1] 46')
('2015-04-18 11:29:36.001349', 'get_channel: 2015-04-18 11:27:49.509940 : 1 ')
('2015-04-18 11:29:36.001406', 'fd_channel : login[0] 1 login[1] 0 , tb0[0] 57 tb0[1] 57 , tb1[0] 62 tb1[1] 45')
('2015-04-18 11:29:36.003028', 'get_channel: 2015-04-18 11:27:50.508727 : 0 ')
('2015-04-18 11:29:36.003085', 'fd_channel : login[0] 1 login[1] 0 , tb0[0] 57 tb0[1] 57 , tb1[0] 61 tb1[1] 45')
('2015-04-18 11:29:36.003933', 'get_channel: 2015-04-18 11:27:52.008445 : 1 ')
('2015-04-18 11:29:36.003990', 'fd_channel : login[0] 1 login[1] 0 , tb0[0] 57 tb0[1] 57 , tb1[0] 61 tb1[1] 44')
('2015-04-18 11:29:36.695488', 'close_channel : 2015-04-18 11:27:52.008445')
('2015-04-18 11:29:37.006701', 'put_channel : 2015-04-18 11:29:37.006609 : channel tb1, group 1')
('2015-04-18 11:29:38.508198', 'put_channel : 2015-04-18 11:29:38.508062 : channel tb1, group 1')
('2015-04-18 11:29:39.072474', 'close_channel : 2015-04-18 11:27:49.006677')
('2015-04-18 11:29:41.506744', 'put_channel : 2015-04-18 11:29:41.506606 : channel tb1, group 1')
('2015-04-18 11:29:41.587205', 'put_channel : 2015-04-18 11:29:41.587119 : channel tb1, group 1')
('2015-04-18 11:29:42.996537', 'close_channel : 2015-04-18 11:27:51.010501')
('2015-04-18 11:29:42.998907', 'close_channel : 2015-04-18 11:27:52.507734')
('2015-04-18 11:29:42.999623', 'get_channel: 2015-04-18 11:27:55.006969 : 0 ')
('2015-04-18 11:29:42.999728', 'fd_channel : login[0] 1 login[1] 0 , tb0[0] 57 tb0[1] 57 , tb1[0] 59 tb1[1] 47')
('2015-04-18 11:29:43.002621', 'get_channel: 2015-04-18 11:27:54.006085 : 1 ')
('2015-04-18 11:29:43.002779', 'fd_channel : login[0] 1 login[1] 0 , tb0[0] 57 tb0[1] 57 , tb1[0] 59 tb1[1] 46')
('2015-04-18 11:29:43.004211', 'get_channel: 2015-04-18 11:27:55.512501 : 0 ')
('2015-04-18 11:29:43.004311', 'fd_channel : login[0] 1 login[1] 0 , tb0[0] 57 tb0[1] 57 , tb1[0] 58 tb1[1] 46')
('2015-04-18 11:29:43.008455', 'get_channel: 2015-04-18 11:27:55.508257 : 1 ')
('2015-04-18 11:29:43.008562', 'fd_channel : login[0] 1 login[1] 0 , tb0[0] 57 tb0[1] 57 , tb1[0] 58 tb1[1] 45')
('2015-04-18 11:29:43.011107', 'get_channel: 2015-04-18 11:27:55.514559 : 0 ')
('2015-04-18 11:29:43.011210', 'fd_channel : login[0] 1 login[1] 0 , tb0[0] 57 tb0[1] 57 , tb1[0] 57 tb1[1] 45')
('2015-04-18 11:29:43.012487', 'put_channel : 2015-04-18 11:29:43.012397 : channel tb1, group 1')
('2015-04-18 11:29:44.506885', 'put_channel : 2015-04-18 11:29:44.506745 : channel tb1, group 1')
('2015-04-18 11:29:46.007196', 'put_channel : 2015-04-18 11:29:46.007052 : channel tb1, group 1')
('2015-04-18 11:29:46.512334', 'put_channel : 2015-04-18 11:29:46.512210 : channel tb1, group 0')
('2015-04-18 11:29:47.506703', 'put_channel : 2015-04-18 11:29:47.506561 : channel tb1, group 1')
('2015-04-18 11:29:47.572258', 'put_channel : 2015-04-18 11:29:47.572166 : channel tb1, group 0')
('2015-04-18 11:29:48.012279', 'put_channel : 2015-04-18 11:29:48.012178 : channel tb1, group 0')
('2015-04-18 11:29:49.344736', 'close_channel : 2015-04-18 11:27:55.006969')
('2015-04-18 11:29:49.507963', 'put_channel : 2015-04-18 11:29:49.507873 : channel tb1, group 1')
('2015-04-18 11:29:49.512975', 'put_channel : 2015-04-18 11:29:49.512866 : channel tb1, group 0')
('2015-04-18 11:29:50.007471', 'close_channel : 2015-04-18 11:27:57.008287')
('2015-04-18 11:29:50.008317', 'close_channel : 2015-04-18 11:27:57.010130')
('2015-04-18 11:29:50.009516', 'get_channel: 2015-04-18 11:28:01.008258 : 1 ')
('2015-04-18 11:29:50.009623', 'fd_channel : login[0] 1 login[1] 0 , tb0[0] 57 tb0[1] 57 , tb1[0] 60 tb1[1] 48')
('2015-04-18 11:29:50.012068', 'get_channel: 2015-04-18 11:28:01.512213 : 0 ')
('2015-04-18 11:29:50.012170', 'fd_channel : login[0] 1 login[1] 0 , tb0[0] 57 tb0[1] 57 , tb1[0] 59 tb1[1] 48')
('2015-04-18 11:29:50.013963', 'get_channel: 2015-04-18 11:28:02.508037 : 1 ')
('2015-04-18 11:29:50.014065', 'fd_channel : login[0] 1 login[1] 0 , tb0[0] 57 tb0[1] 57 , tb1[0] 59 tb1[1] 47')
('2015-04-18 11:29:50.016529', 'get_channel: 2015-04-18 11:28:03.014467 : 0 ')
('2015-04-18 11:29:50.016630', 'fd_channel : login[0] 1 login[1] 0 , tb0[0] 57 tb0[1] 57 , tb1[0] 58 tb1[1] 47')
('2015-04-18 11:29:50.999495', 'get_channel: 2015-04-18 11:28:04.512968 : 0 ')
('2015-04-18 11:29:50.999638', 'fd_channel : login[0] 1 login[1] 0 , tb0[0] 57 tb0[1] 57 , tb1[0] 57 tb1[1] 47')
('2015-04-18 11:29:51.001776', 'get_channel: 2015-04-18 11:28:05.508685 : 0 ')
('2015-04-18 11:29:51.001878', 'fd_channel : login[0] 1 login[1] 0 , tb0[0] 57 tb0[1] 57 , tb1[0] 56 tb1[1] 47')
('2015-04-18 11:29:51.004603', 'get_channel: 2015-04-18 11:28:03.008926 : 1 ')
('2015-04-18 11:29:51.004706', 'fd_channel : login[0] 1 login[1] 0 , tb0[0] 57 tb0[1] 57 , tb1[0] 56 tb1[1] 46')
('2015-04-18 11:29:51.007209', 'get_channel: 2015-04-18 11:28:06.011950 : 0 ')
('2015-04-18 11:29:51.007310', 'fd_channel : login[0] 1 login[1] 0 , tb0[0] 57 tb0[1] 57 , tb1[0] 55 tb1[1] 46')
('2015-04-18 11:29:51.010028', 'get_channel: 2015-04-18 11:28:04.508653 : 1 ')
('2015-04-18 11:29:51.010132', 'fd_channel : login[0] 1 login[1] 0 , tb0[0] 57 tb0[1] 57 , tb1[0] 55 tb1[1] 45')
('2015-04-18 11:29:51.013380', 'get_channel: 2015-04-18 11:28:06.006894 : 1 ')
('2015-04-18 11:29:51.013482', 'fd_channel : login[0] 1 login[1] 0 , tb0[0] 57 tb0[1] 57 , tb1[0] 55 tb1[1] 44')
('2015-04-18 11:29:51.029626', 'close_channel : 2015-04-18 11:28:06.011950')
('2015-04-18 11:29:51.223437', 'close_channel : 2015-04-18 11:28:05.508685')
('2015-04-18 11:29:51.447353', 'close_channel : 2015-04-18 11:28:01.512213')
('2015-04-18 11:29:51.647686', 'get_channel: 2015-04-18 11:28:09.014173 : 0 ')
('2015-04-18 11:29:51.647793', 'fd_channel : login[0] 1 login[1] 0 , tb0[0] 57 tb0[1] 57 , tb1[0] 54 tb1[1] 44')
('2015-04-18 11:29:51.649825', 'get_channel: 2015-04-18 11:28:07.508571 : 1 ')
('2015-04-18 11:29:51.649926', 'fd_channel : login[0] 1 login[1] 0 , tb0[0] 57 tb0[1] 57 , tb1[0] 54 tb1[1] 43')
('2015-04-18 11:29:53.009356', 'get_channel: 2015-04-18 11:28:10.514205 : 0 ')
('2015-04-18 11:29:53.009458', 'fd_channel : login[0] 1 login[1] 0 , tb0[0] 57 tb0[1] 57 , tb1[0] 53 tb1[1] 43')
('2015-04-18 11:29:53.010482', 'get_channel: 2015-04-18 11:28:10.006343 : 1 ')
('2015-04-18 11:29:53.010570', 'fd_channel : login[0] 1 login[1] 0 , tb0[0] 57 tb0[1] 57 , tb1[0] 53 tb1[1] 42')
('2015-04-18 11:29:53.652415', 'get_channel: 2015-04-18 11:28:12.013730 : 0 ')
('2015-04-18 11:29:53.652552', 'fd_channel : login[0] 1 login[1] 0 , tb0[0] 57 tb0[1] 57 , tb1[0] 52 tb1[1] 42')
('2015-04-18 11:29:53.655011', 'get_channel: 2015-04-18 11:28:11.506617 : 1 ')
('2015-04-18 11:29:53.655114', 'fd_channel : login[0] 1 login[1] 0 , tb0[0] 57 tb0[1] 57 , tb1[0] 52 tb1[1] 41')
('2015-04-18 11:29:54.592356', 'get_channel: 2015-04-18 11:28:12.008469 : 1 ')
('2015-04-18 11:29:54.592443', 'fd_channel : login[0] 1 login[1] 0 , tb0[0] 57 tb0[1] 57 , tb1[0] 52 tb1[1] 40')
('2015-04-18 11:29:54.593932', 'get_channel: 2015-04-18 11:28:13.512444 : 0 ')
('2015-04-18 11:29:54.593987', 'fd_channel : login[0] 1 login[1] 0 , tb0[0] 57 tb0[1] 57 , tb1[0] 51 tb1[1] 40')
('2015-04-18 11:29:54.820580', 'close_channel : 2015-04-18 11:28:13.512444')
('2015-04-18 11:29:55.060314', 'put_channel : 2015-04-18 11:29:55.060217 : channel tb1, group 1')
('2015-04-18 11:29:55.467586', 'get_channel: 2015-04-18 11:28:15.012460 : 0 ')
('2015-04-18 11:29:55.467720', 'fd_channel : login[0] 1 login[1] 0 , tb0[0] 57 tb0[1] 57 , tb1[0] 50 tb1[1] 41')
('2015-04-18 11:29:55.469444', 'get_channel: 2015-04-18 11:28:14.508728 : 1 ')
('2015-04-18 11:29:55.469543', 'fd_channel : login[0] 1 login[1] 0 , tb0[0] 57 tb0[1] 57 , tb1[0] 50 tb1[1] 40')
('2015-04-18 11:29:55.898820', 'close_channel : 2015-04-18 11:27:55.514559')
('2015-04-18 11:29:55.900186', 'close_channel : 2015-04-18 11:27:55.512501')
('2015-04-18 11:29:57.011066', 'get_channel: 2015-04-18 11:28:15.009591 : 1 ')
('2015-04-18 11:29:57.011176', 'fd_channel : login[0] 1 login[1] 0 , tb0[0] 57 tb0[1] 57 , tb1[0] 50 tb1[1] 39')
('2015-04-18 11:29:57.013999', 'get_channel: 2015-04-18 11:28:17.508912 : 0 ')
('2015-04-18 11:29:57.014101', 'fd_channel : login[0] 1 login[1] 0 , tb0[0] 57 tb0[1] 57 , tb1[0] 49 tb1[1] 39')
('2015-04-18 11:29:57.017900', 'get_channel: 2015-04-18 11:28:16.508628 : 1 ')
('2015-04-18 11:29:57.018005', 'fd_channel : login[0] 1 login[1] 0 , tb0[0] 57 tb0[1] 57 , tb1[0] 49 tb1[1] 38')
('2015-04-18 11:29:57.021359', 'get_channel: 2015-04-18 11:28:18.012520 : 0 ')
('2015-04-18 11:29:57.021464', 'fd_channel : login[0] 1 login[1] 0 , tb0[0] 57 tb0[1] 57 , tb1[0] 48 tb1[1] 38')
('2015-04-18 11:29:57.031682', 'close_channel : 2015-04-18 11:28:18.012520')
('2015-04-18 11:29:57.436457', 'get_channel: 2015-04-18 11:28:20.516614 : 0 ')
('2015-04-18 11:29:57.436561', 'fd_channel : login[0] 1 login[1] 0 , tb0[0] 57 tb0[1] 57 , tb1[0] 47 tb1[1] 38')
('2015-04-18 11:29:57.438437', 'get_channel: 2015-04-18 11:28:18.008274 : 1 ')
('2015-04-18 11:29:57.438615', 'fd_channel : login[0] 1 login[1] 0 , tb0[0] 57 tb0[1] 57 , tb1[0] 47 tb1[1] 37')
('2015-04-18 11:29:57.460555', 'close_channel : 2015-04-18 11:28:20.516614')
('2015-04-18 11:29:57.472256', 'get_channel: 2015-04-18 11:28:21.014843 : 0 ')
('2015-04-18 11:29:57.472397', 'fd_channel : login[0] 1 login[1] 0 , tb0[0] 57 tb0[1] 57 , tb1[0] 46 tb1[1] 37')
('2015-04-18 11:29:57.473880', 'get_channel: 2015-04-18 11:28:21.008464 : 1 ')
('2015-04-18 11:29:57.473982', 'fd_channel : login[0] 1 login[1] 0 , tb0[0] 57 tb0[1] 57 , tb1[0] 46 tb1[1] 36')
('2015-04-18 11:29:57.658040', 'get_channel: 2015-04-18 11:28:24.008342 : 1 ')
('2015-04-18 11:29:57.658143', 'fd_channel : login[0] 1 login[1] 0 , tb0[0] 57 tb0[1] 57 , tb1[0] 46 tb1[1] 35')
('2015-04-18 11:29:58.509288', 'put_channel : 2015-04-18 11:29:58.509166 : channel tb1, group 1')
('2015-04-18 11:30:00.932066', 'close_channel : 2015-04-18 11:28:12.008469')
('2015-04-18 11:30:00.936716', 'get_channel: 2015-04-18 11:28:26.516630 : 0 ')
('2015-04-18 11:30:00.936824', 'fd_channel : login[0] 1 login[1] 0 , tb0[0] 57 tb0[1] 57 , tb1[0] 45 tb1[1] 36')
('2015-04-18 11:30:01.019409', 'put_channel : 2015-04-18 11:30:01.019318 : channel tb1, group 1')
('2015-04-18 11:30:01.451573', 'worker [8] stopping')
('2015-04-18 11:30:03.781026', 'close_channel : 2015-04-18 11:28:18.008274')
('2015-04-18 11:30:03.822837', 'close_channel : 2015-04-18 11:28:21.008464')
('2015-04-18 11:30:04.013769', 'get_channel: 2015-04-18 11:28:25.508449 : 1 ')
('2015-04-18 11:30:04.013879', 'fd_channel : login[0] 1 login[1] 0 , tb0[0] 57 tb0[1] 57 , tb1[0] 45 tb1[1] 36')
('2015-04-18 11:30:04.016249', 'get_channel: 2015-04-18 11:28:27.014721 : 0 ')
('2015-04-18 11:30:04.016349', 'fd_channel : login[0] 1 login[1] 0 , tb0[0] 57 tb0[1] 57 , tb1[0] 44 tb1[1] 36')
('2015-04-18 11:30:04.020346', 'get_channel: 2015-04-18 11:28:25.511107 : 1 ')
('2015-04-18 11:30:04.020447', 'fd_channel : login[0] 1 login[1] 0 , tb0[0] 57 tb0[1] 57 , tb1[0] 44 tb1[1] 35')
('2015-04-18 11:30:04.021825', 'close_channel : 2015-04-18 11:28:25.508449')
('2015-04-18 11:30:04.024704', 'put_channel : 2015-04-18 11:30:04.024620 : channel tb1, group 1')
('2015-04-18 11:30:04.062239', 'close_channel : 2015-04-18 11:28:26.516630')
('2015-04-18 11:30:04.065811', 'get_channel: 2015-04-18 11:28:28.008877 : 0 ')
('2015-04-18 11:30:04.065912', 'fd_channel : login[0] 1 login[1] 0 , tb0[0] 57 tb0[1] 57 , tb1[0] 43 tb1[1] 36')
('2015-04-18 11:30:04.660868', 'get_channel: 2015-04-18 11:28:27.008590 : 1 ')
('2015-04-18 11:30:04.660975', 'fd_channel : login[0] 1 login[1] 0 , tb0[0] 57 tb0[1] 57 , tb1[0] 43 tb1[1] 35')
('2015-04-18 11:30:04.681782', 'close_channel : 2015-04-18 11:28:28.008877')
('2015-04-18 11:30:05.525082', 'put_channel : 2015-04-18 11:30:05.524990 : channel tb1, group 0')
('2015-04-18 11:30:06.092416', 'close_channel : 2015-04-18 11:28:27.008590')
('2015-04-18 11:30:07.018709', 'get_channel: 2015-04-18 11:28:29.525856 : 0 ')
('2015-04-18 11:30:07.018857', 'fd_channel : login[0] 1 login[1] 0 , tb0[0] 57 tb0[1] 57 , tb1[0] 43 tb1[1] 35')
('2015-04-18 11:30:07.664305', 'get_channel: 2015-04-18 11:28:28.510020 : 1 ')
('2015-04-18 11:30:07.664440', 'fd_channel : login[0] 1 login[1] 0 , tb0[0] 57 tb0[1] 57 , tb1[0] 43 tb1[1] 34')
('2015-04-18 11:30:09.907542', 'close_channel : 2015-04-18 11:28:17.508912')
('2015-04-18 11:30:11.019278', 'get_channel: 2015-04-18 11:28:32.508543 : 0 ')
('2015-04-18 11:30:11.019386', 'fd_channel : login[0] 1 login[1] 0 , tb0[0] 57 tb0[1] 57 , tb1[0] 42 tb1[1] 34')
('2015-04-18 11:30:11.024050', 'get_channel: 2015-04-18 11:28:33.620184 : 1 ')
('2015-04-18 11:30:11.024154', 'fd_channel : login[0] 1 login[1] 0 , tb0[0] 57 tb0[1] 57 , tb1[0] 42 tb1[1] 33')
('2015-04-18 11:30:11.637196', 'close_channel : 2015-04-18 11:28:32.508543')
('2015-04-18 11:30:31.635191', 'put_channel : 2015-04-18 11:30:31.635048 : channel tb1, group 1')
('2015-04-18 11:30:35.156263', 'close_channel : 2015-04-18 11:27:55.508257')
('2015-04-18 11:30:35.157497', 'close_channel : 2015-04-18 11:27:54.006085')
('2015-04-18 11:30:36.115147', 'put_channel : 2015-04-18 11:30:36.115001 : channel tb1, group 1')
('2015-04-18 11:30:43.799736', 'close_channel : 2015-04-18 11:28:07.508571')
('2015-04-18 11:30:45.141785', 'close_channel : 2015-04-18 11:28:10.006343')
('2015-04-18 11:30:56.147313', 'close_channel : 2015-04-18 11:28:25.511107')
