('2015-04-18 10:03:52.100613', 'worker [9] started')
('2015-04-18 10:03:52.100753', 'client 7 initted')
('2015-04-18 10:03:52.510337', 'put_channel : 2015-04-18 10:03:52.510227 : channel login, group 0')
('2015-04-18 10:03:52.517929', 'get_channel: 2015-04-18 10:03:52.510227 : 0 ')
('2015-04-18 10:03:52.518049', 'fd_channel : login[0] 0 login[1] 0 , tb0[0] 0 tb0[1] 0 , tb1[0] 0 tb1[1] 0')
('2015-04-18 10:03:52.519493', 'put_channel : 2015-04-18 10:03:52.519364 : channel login, group 1')
('2015-04-18 10:03:52.520396', 'get_channel: 2015-04-18 10:03:52.519364 : 1 ')
('2015-04-18 10:03:52.520503', 'fd_channel : login[0] 0 login[1] 0 , tb0[0] 0 tb0[1] 0 , tb1[0] 0 tb1[1] 0')
('2015-04-18 10:03:52.523888', 'close_channel : 2015-04-18 10:03:52.510227')
('2015-04-18 10:03:52.527410', 'close_channel : 2015-04-18 10:03:52.519364')
('2015-04-18 10:03:54.008761', 'put_channel : 2015-04-18 10:03:54.008627 : channel login, group 0')
('2015-04-18 10:03:54.009692', 'get_channel: 2015-04-18 10:03:54.008627 : 0 ')
('2015-04-18 10:03:54.009868', 'fd_channel : login[0] 0 login[1] 0 , tb0[0] 0 tb0[1] 0 , tb1[0] 0 tb1[1] 0')
('2015-04-18 10:03:54.011216', 'put_channel : 2015-04-18 10:03:54.011133 : channel login, group 1')
('2015-04-18 10:03:54.011682', 'get_channel: 2015-04-18 10:03:54.011133 : 1 ')
('2015-04-18 10:03:54.011783', 'fd_channel : login[0] 0 login[1] 0 , tb0[0] 0 tb0[1] 0 , tb1[0] 0 tb1[1] 0')
('2015-04-18 10:03:54.017611', 'close_channel : 2015-04-18 10:03:54.008627')
('2015-04-18 10:03:54.018521', 'close_channel : 2015-04-18 10:03:54.011133')
('2015-04-18 10:03:55.510198', 'put_channel : 2015-04-18 10:03:55.510064 : channel login, group 0')
('2015-04-18 10:03:55.511063', 'get_channel: 2015-04-18 10:03:55.510064 : 0 ')
('2015-04-18 10:03:55.511173', 'fd_channel : login[0] 0 login[1] 0 , tb0[0] 0 tb0[1] 0 , tb1[0] 0 tb1[1] 0')
('2015-04-18 10:03:55.512524', 'put_channel : 2015-04-18 10:03:55.512375 : channel login, group 1')
('2015-04-18 10:03:55.513276', 'get_channel: 2015-04-18 10:03:55.512375 : 1 ')
('2015-04-18 10:03:55.513426', 'fd_channel : login[0] 0 login[1] 0 , tb0[0] 0 tb0[1] 0 , tb1[0] 0 tb1[1] 0')
('2015-04-18 10:03:55.517152', 'close_channel : 2015-04-18 10:03:55.510064')
('2015-04-18 10:03:55.520015', 'close_channel : 2015-04-18 10:03:55.512375')
('2015-04-18 10:03:57.008542', 'put_channel : 2015-04-18 10:03:57.008409 : channel login, group 0')
('2015-04-18 10:03:57.010624', 'put_channel : 2015-04-18 10:03:57.010533 : channel login, group 1')
('2015-04-18 10:03:57.011345', 'get_channel: 2015-04-18 10:03:57.010533 : 1 ')
('2015-04-18 10:03:57.011454', 'fd_channel : login[0] 1 login[1] 0 , tb0[0] 0 tb0[1] 0 , tb1[0] 0 tb1[1] 0')
('2015-04-18 10:03:57.017352', 'close_channel : 2015-04-18 10:03:57.010533')
('2015-04-18 10:32:33.009425', 'put_channel : 2015-04-18 10:32:33.009230 : channel tb0, group 0')
('2015-04-18 10:32:33.010937', 'put_channel : 2015-04-18 10:32:33.010844 : channel tb0, group 1')
('2015-04-18 10:32:34.510276', 'put_channel : 2015-04-18 10:32:34.510125 : channel tb0, group 0')
('2015-04-18 10:32:34.511233', 'put_channel : 2015-04-18 10:32:34.511151 : channel tb0, group 1')
('2015-04-18 10:32:36.007472', 'put_channel : 2015-04-18 10:32:36.007349 : channel tb0, group 0')
('2015-04-18 10:32:36.011847', 'put_channel : 2015-04-18 10:32:36.011756 : channel tb0, group 1')
('2015-04-18 10:32:37.508553', 'put_channel : 2015-04-18 10:32:37.508420 : channel tb0, group 0')
('2015-04-18 10:32:37.512592', 'put_channel : 2015-04-18 10:32:37.512500 : channel tb0, group 1')
('2015-04-18 10:32:39.008532', 'put_channel : 2015-04-18 10:32:39.008411 : channel tb0, group 0')
('2015-04-18 10:32:39.010964', 'put_channel : 2015-04-18 10:32:39.010872 : channel tb0, group 1')
('2015-04-18 10:32:40.510026', 'put_channel : 2015-04-18 10:32:40.509892 : channel tb0, group 1')
('2015-04-18 10:32:40.510582', 'put_channel : 2015-04-18 10:32:40.510493 : channel tb0, group 0')
('2015-04-18 10:32:42.009068', 'put_channel : 2015-04-18 10:32:42.008931 : channel tb0, group 0')
('2015-04-18 10:32:42.009956', 'put_channel : 2015-04-18 10:32:42.009808 : channel tb0, group 1')
('2015-04-18 10:32:43.507798', 'put_channel : 2015-04-18 10:32:43.507668 : channel tb0, group 0')
('2015-04-18 10:32:43.512236', 'put_channel : 2015-04-18 10:32:43.512100 : channel tb0, group 1')
('2015-04-18 10:32:45.010345', 'put_channel : 2015-04-18 10:32:45.010210 : channel tb0, group 0')
('2015-04-18 10:32:45.011065', 'put_channel : 2015-04-18 10:32:45.010974 : channel tb0, group 1')
('2015-04-18 10:32:46.508273', 'put_channel : 2015-04-18 10:32:46.508100 : channel tb0, group 0')
('2015-04-18 10:32:46.509882', 'put_channel : 2015-04-18 10:32:46.509801 : channel tb0, group 1')
('2015-04-18 10:32:48.008130', 'put_channel : 2015-04-18 10:32:48.007996 : channel tb0, group 0')
('2015-04-18 10:32:48.010062', 'put_channel : 2015-04-18 10:32:48.009979 : channel tb0, group 1')
('2015-04-18 10:32:49.508257', 'put_channel : 2015-04-18 10:32:49.508090 : channel tb0, group 0')
('2015-04-18 10:32:49.509891', 'put_channel : 2015-04-18 10:32:49.509809 : channel tb0, group 1')
('2015-04-18 10:32:51.009856', 'put_channel : 2015-04-18 10:32:51.009722 : channel tb0, group 0')
('2015-04-18 10:32:51.010605', 'put_channel : 2015-04-18 10:32:51.010514 : channel tb0, group 1')
('2015-04-18 10:32:52.507934', 'put_channel : 2015-04-18 10:32:52.507775 : channel tb0, group 0')
('2015-04-18 10:32:52.519659', 'put_channel : 2015-04-18 10:32:52.519572 : channel tb0, group 1')
('2015-04-18 10:32:54.008800', 'put_channel : 2015-04-18 10:32:54.008668 : channel tb0, group 0')
('2015-04-18 10:32:54.009980', 'put_channel : 2015-04-18 10:32:54.009889 : channel tb0, group 1')
('2015-04-18 10:32:55.509608', 'put_channel : 2015-04-18 10:32:55.509471 : channel tb0, group 0')
('2015-04-18 10:32:55.511973', 'put_channel : 2015-04-18 10:32:55.511880 : channel tb0, group 1')
('2015-04-18 10:32:57.008840', 'put_channel : 2015-04-18 10:32:57.008707 : channel tb0, group 0')
('2015-04-18 10:32:57.011478', 'put_channel : 2015-04-18 10:32:57.011393 : channel tb0, group 1')
('2015-04-18 10:32:58.509326', 'put_channel : 2015-04-18 10:32:58.509197 : channel tb0, group 0')
('2015-04-18 10:32:58.512274', 'put_channel : 2015-04-18 10:32:58.512111 : channel tb0, group 1')
('2015-04-18 10:33:00.008604', 'put_channel : 2015-04-18 10:33:00.008438 : channel tb0, group 0')
('2015-04-18 10:33:00.010806', 'put_channel : 2015-04-18 10:33:00.010714 : channel tb0, group 1')
('2015-04-18 10:33:01.510388', 'put_channel : 2015-04-18 10:33:01.510269 : channel tb0, group 1')
('2015-04-18 10:33:01.511095', 'put_channel : 2015-04-18 10:33:01.511004 : channel tb0, group 0')
('2015-04-18 10:33:03.008860', 'put_channel : 2015-04-18 10:33:03.008727 : channel tb0, group 0')
('2015-04-18 10:33:03.010707', 'put_channel : 2015-04-18 10:33:03.010621 : channel tb0, group 1')
('2015-04-18 10:33:04.508826', 'put_channel : 2015-04-18 10:33:04.508692 : channel tb0, group 0')
('2015-04-18 10:33:04.510286', 'put_channel : 2015-04-18 10:33:04.510194 : channel tb0, group 1')
('2015-04-18 10:33:06.010388', 'put_channel : 2015-04-18 10:33:06.010263 : channel tb0, group 0')
('2015-04-18 10:33:06.011794', 'put_channel : 2015-04-18 10:33:06.011708 : channel tb0, group 1')
('2015-04-18 10:33:07.509985', 'put_channel : 2015-04-18 10:33:07.509851 : channel tb0, group 0')
('2015-04-18 10:33:07.511660', 'put_channel : 2015-04-18 10:33:07.511578 : channel tb0, group 1')
('2015-04-18 10:33:09.008253', 'put_channel : 2015-04-18 10:33:09.008092 : channel tb0, group 0')
('2015-04-18 10:33:09.010221', 'put_channel : 2015-04-18 10:33:09.010130 : channel tb0, group 1')
('2015-04-18 10:33:10.510043', 'put_channel : 2015-04-18 10:33:10.509909 : channel tb0, group 0')
('2015-04-18 10:33:10.511928', 'put_channel : 2015-04-18 10:33:10.511837 : channel tb0, group 1')
('2015-04-18 10:33:12.007737', 'put_channel : 2015-04-18 10:33:12.007569 : channel tb0, group 0')
('2015-04-18 10:33:12.012073', 'put_channel : 2015-04-18 10:33:12.011987 : channel tb0, group 1')
('2015-04-18 10:33:13.507675', 'put_channel : 2015-04-18 10:33:13.507545 : channel tb0, group 0')
('2015-04-18 10:33:13.510413', 'put_channel : 2015-04-18 10:33:13.510323 : channel tb0, group 1')
('2015-04-18 10:33:15.010393', 'put_channel : 2015-04-18 10:33:15.010260 : channel tb0, group 0')
('2015-04-18 10:33:15.010975', 'put_channel : 2015-04-18 10:33:15.010886 : channel tb0, group 1')
('2015-04-18 10:33:16.508940', 'put_channel : 2015-04-18 10:33:16.508805 : channel tb0, group 0')
('2015-04-18 10:33:16.510080', 'put_channel : 2015-04-18 10:33:16.509987 : channel tb0, group 1')
('2015-04-18 10:33:23.510276', 'put_channel : 2015-04-18 10:33:23.510104 : channel tb0, group 1')
('2015-04-18 10:33:25.006537', 'put_channel : 2015-04-18 10:33:25.006392 : channel tb0, group 0')
('2015-04-18 10:33:25.021776', 'put_channel : 2015-04-18 10:33:25.021689 : channel tb0, group 0')
('2015-04-18 10:33:25.511779', 'put_channel : 2015-04-18 10:33:25.511671 : channel tb0, group 1')
('2015-04-18 10:33:26.528077', 'put_channel : 2015-04-18 10:33:26.527935 : channel tb0, group 1')
('2015-04-18 10:33:28.004649', 'put_channel : 2015-04-18 10:33:28.004507 : channel tb0, group 0')
('2015-04-18 10:33:28.013904', 'put_channel : 2015-04-18 10:33:28.013817 : channel tb0, group 0')
('2015-04-18 10:33:28.508908', 'put_channel : 2015-04-18 10:33:28.508795 : channel tb0, group 1')
('2015-04-18 10:33:31.004765', 'put_channel : 2015-04-18 10:33:31.004624 : channel tb0, group 0')
('2015-04-18 10:33:31.512316', 'put_channel : 2015-04-18 10:33:31.512143 : channel tb0, group 1')
('2015-04-18 10:33:33.009969', 'put_channel : 2015-04-18 10:33:33.009836 : channel tb0, group 1')
('2015-04-18 10:33:34.006263', 'put_channel : 2015-04-18 10:33:34.006114 : channel tb0, group 0')
('2015-04-18 10:33:34.510261', 'put_channel : 2015-04-18 10:33:34.510147 : channel tb0, group 0')
('2015-04-18 10:33:34.510936', 'put_channel : 2015-04-18 10:33:34.510857 : channel tb0, group 1')
('2015-04-18 10:33:37.004861', 'put_channel : 2015-04-18 10:33:37.004719 : channel tb0, group 0')
('2015-04-18 10:33:40.008591', 'put_channel : 2015-04-18 10:33:40.008453 : channel tb0, group 0')
('2015-04-18 10:33:40.509135', 'put_channel : 2015-04-18 10:33:40.508997 : channel tb0, group 0')
('2015-04-18 10:33:40.509553', 'put_channel : 2015-04-18 10:33:40.509388 : channel tb0, group 0')
('2015-04-18 10:33:42.046144', 'put_channel : 2015-04-18 10:33:42.046009 : channel tb0, group 1')
('2015-04-18 10:33:42.891003', 'put_channel : 2015-04-18 10:33:42.890862 : channel tb0, group 1')
('2015-04-18 10:33:43.012093', 'put_channel : 2015-04-18 10:33:43.011999 : channel tb0, group 1')
('2015-04-18 10:33:43.023689', 'put_channel : 2015-04-18 10:33:43.023601 : channel tb0, group 1')
('2015-04-18 10:33:43.509259', 'put_channel : 2015-04-18 10:33:43.509146 : channel tb0, group 0')
('2015-04-18 10:33:43.512759', 'put_channel : 2015-04-18 10:33:43.512674 : channel tb0, group 1')
('2015-04-18 10:33:43.514561', 'put_channel : 2015-04-18 10:33:43.514477 : channel tb0, group 1')
('2015-04-18 10:33:43.532316', 'put_channel : 2015-04-18 10:33:43.532227 : channel tb0, group 0')
('2015-04-18 10:33:44.379402', 'put_channel : 2015-04-18 10:33:44.379271 : channel tb0, group 0')
('2015-04-18 10:33:44.526059', 'put_channel : 2015-04-18 10:33:44.525971 : channel tb0, group 1')
('2015-04-18 10:33:45.011142', 'put_channel : 2015-04-18 10:33:45.011029 : channel tb0, group 1')
('2015-04-18 10:33:46.015764', 'put_channel : 2015-04-18 10:33:46.015621 : channel tb0, group 1')
('2015-04-18 10:33:48.009679', 'put_channel : 2015-04-18 10:33:48.009546 : channel tb0, group 0')
('2015-04-18 10:33:48.071224', 'put_channel : 2015-04-18 10:33:48.071132 : channel tb0, group 0')
('2015-04-18 10:33:49.009891', 'put_channel : 2015-04-18 10:33:49.009743 : channel tb0, group 1')
('2015-04-18 10:33:49.021724', 'put_channel : 2015-04-18 10:33:49.021634 : channel tb0, group 0')
('2015-04-18 10:33:49.053816', 'put_channel : 2015-04-18 10:33:49.053728 : channel tb0, group 1')
('2015-04-18 10:33:49.507749', 'put_channel : 2015-04-18 10:33:49.507643 : channel tb0, group 0')
('2015-04-18 10:33:52.010192', 'put_channel : 2015-04-18 10:33:52.010047 : channel tb0, group 1')
('2015-04-18 10:33:52.063626', 'put_channel : 2015-04-18 10:33:52.063537 : channel tb0, group 1')
('2015-04-18 10:33:54.008073', 'put_channel : 2015-04-18 10:33:54.007942 : channel tb0, group 0')
('2015-04-18 10:33:54.012318', 'put_channel : 2015-04-18 10:33:54.012225 : channel tb0, group 0')
('2015-04-18 10:33:55.070547', 'put_channel : 2015-04-18 10:33:55.070408 : channel tb0, group 1')
('2015-04-18 10:33:55.508039', 'put_channel : 2015-04-18 10:33:55.507945 : channel tb0, group 0')
('2015-04-18 10:33:55.509691', 'put_channel : 2015-04-18 10:33:55.509606 : channel tb0, group 1')
('2015-04-18 10:33:55.510875', 'put_channel : 2015-04-18 10:33:55.510784 : channel tb0, group 0')
('2015-04-18 10:33:56.572497', 'put_channel : 2015-04-18 10:33:56.572357 : channel tb0, group 0')
('2015-04-18 10:33:58.010552', 'put_channel : 2015-04-18 10:33:58.010410 : channel tb0, group 1')
('2015-04-18 10:33:58.511883', 'put_channel : 2015-04-18 10:33:58.511762 : channel tb0, group 1')
('2015-04-18 10:33:59.518569', 'put_channel : 2015-04-18 10:33:59.518436 : channel tb0, group 1')
('2015-04-18 10:34:02.510367', 'put_channel : 2015-04-18 10:34:02.510205 : channel tb0, group 1')
('2015-04-18 10:34:03.003623', 'get_channel: 2015-04-18 10:32:33.009230 : 0 ')
('2015-04-18 10:34:03.003775', 'fd_channel : login[0] 1 login[1] 0 , tb0[0] 52 tb0[1] 56 , tb1[0] 0 tb1[1] 0')
('2015-04-18 10:34:03.005693', 'get_channel: 2015-04-18 10:32:33.010844 : 1 ')
('2015-04-18 10:34:03.005798', 'fd_channel : login[0] 1 login[1] 0 , tb0[0] 52 tb0[1] 55 , tb1[0] 0 tb1[1] 0')
('2015-04-18 10:34:03.007507', 'get_channel: 2015-04-18 10:32:34.510125 : 0 ')
('2015-04-18 10:34:03.007609', 'fd_channel : login[0] 1 login[1] 0 , tb0[0] 51 tb0[1] 55 , tb1[0] 0 tb1[1] 0')
('2015-04-18 10:34:03.010820', 'get_channel: 2015-04-18 10:32:34.511151 : 1 ')
('2015-04-18 10:34:03.010922', 'fd_channel : login[0] 1 login[1] 0 , tb0[0] 51 tb0[1] 54 , tb1[0] 0 tb1[1] 0')
('2015-04-18 10:34:03.013325', 'get_channel: 2015-04-18 10:32:36.007349 : 0 ')
('2015-04-18 10:34:03.013442', 'fd_channel : login[0] 1 login[1] 0 , tb0[0] 50 tb0[1] 54 , tb1[0] 0 tb1[1] 0')
('2015-04-18 10:34:03.015026', 'close_channel : 2015-04-18 10:32:33.010844')
('2015-04-18 10:34:03.018808', 'get_channel: 2015-04-18 10:32:36.011756 : 1 ')
('2015-04-18 10:34:03.018911', 'fd_channel : login[0] 1 login[1] 0 , tb0[0] 50 tb0[1] 53 , tb1[0] 0 tb1[1] 0')
('2015-04-18 10:34:03.021175', 'get_channel: 2015-04-18 10:32:37.508420 : 0 ')
('2015-04-18 10:34:03.021281', 'fd_channel : login[0] 1 login[1] 0 , tb0[0] 49 tb0[1] 53 , tb1[0] 0 tb1[1] 0')
('2015-04-18 10:34:05.508616', 'put_channel : 2015-04-18 10:34:05.508473 : channel tb0, group 0')
('2015-04-18 10:34:05.517778', 'put_channel : 2015-04-18 10:34:05.517691 : channel tb0, group 0')
('2015-04-18 10:34:06.007904', 'put_channel : 2015-04-18 10:34:06.007787 : channel tb0, group 0')
('2015-04-18 10:34:06.026005', 'put_channel : 2015-04-18 10:34:06.025913 : channel tb0, group 0')
('2015-04-18 10:34:06.074521', 'close_channel : 2015-04-18 10:32:33.009230')
('2015-04-18 10:34:06.079097', 'close_channel : 2015-04-18 10:32:34.510125')
('2015-04-18 10:34:06.082207', 'close_channel : 2015-04-18 10:32:34.511151')
('2015-04-18 10:34:06.084219', 'close_channel : 2015-04-18 10:32:36.007349')
('2015-04-18 10:34:06.090153', 'close_channel : 2015-04-18 10:32:36.011756')
('2015-04-18 10:34:06.094632', 'close_channel : 2015-04-18 10:32:37.508420')
('2015-04-18 10:34:07.020540', 'put_channel : 2015-04-18 10:34:07.020400 : channel tb0, group 0')
('2015-04-18 10:34:07.509310', 'put_channel : 2015-04-18 10:34:07.509200 : channel tb0, group 0')
('2015-04-18 10:34:08.516533', 'put_channel : 2015-04-18 10:34:08.516399 : channel tb0, group 0')
('2015-04-18 10:34:10.007914', 'put_channel : 2015-04-18 10:34:10.007773 : channel tb0, group 1')
('2015-04-18 10:34:10.045837', 'put_channel : 2015-04-18 10:34:10.045744 : channel tb0, group 1')
('2015-04-18 10:34:10.509729', 'put_channel : 2015-04-18 10:34:10.509604 : channel tb0, group 1')
('2015-04-18 10:34:10.510426', 'put_channel : 2015-04-18 10:34:10.510333 : channel tb0, group 1')
('2015-04-18 10:34:11.379177', 'get_channel: 2015-04-18 10:32:39.008411 : 0 ')
('2015-04-18 10:34:11.379285', 'fd_channel : login[0] 1 login[1] 0 , tb0[0] 55 tb0[1] 57 , tb1[0] 0 tb1[1] 0')
('2015-04-18 10:34:11.381158', 'get_channel: 2015-04-18 10:32:37.512500 : 1 ')
('2015-04-18 10:34:11.381258', 'fd_channel : login[0] 1 login[1] 0 , tb0[0] 55 tb0[1] 56 , tb1[0] 0 tb1[1] 0')
('2015-04-18 10:34:11.396050', 'close_channel : 2015-04-18 10:32:37.512500')
('2015-04-18 10:34:11.544380', 'get_channel: 2015-04-18 10:32:40.510493 : 0 ')
('2015-04-18 10:34:11.544486', 'fd_channel : login[0] 1 login[1] 0 , tb0[0] 54 tb0[1] 56 , tb1[0] 0 tb1[1] 0')
('2015-04-18 10:34:11.546376', 'get_channel: 2015-04-18 10:32:39.010872 : 1 ')
('2015-04-18 10:34:11.546479', 'fd_channel : login[0] 1 login[1] 0 , tb0[0] 54 tb0[1] 55 , tb1[0] 0 tb1[1] 0')
('2015-04-18 10:34:11.614140', 'get_channel: 2015-04-18 10:32:42.008931 : 0 ')
('2015-04-18 10:34:11.614241', 'fd_channel : login[0] 1 login[1] 0 , tb0[0] 53 tb0[1] 55 , tb1[0] 0 tb1[1] 0')
('2015-04-18 10:34:11.615877', 'get_channel: 2015-04-18 10:32:40.509892 : 1 ')
('2015-04-18 10:34:11.615980', 'fd_channel : login[0] 1 login[1] 0 , tb0[0] 53 tb0[1] 54 , tb1[0] 0 tb1[1] 0')
('2015-04-18 10:34:11.846219', 'get_channel: 2015-04-18 10:32:43.507668 : 0 ')
('2015-04-18 10:34:11.846321', 'fd_channel : login[0] 1 login[1] 0 , tb0[0] 52 tb0[1] 54 , tb1[0] 0 tb1[1] 0')
('2015-04-18 10:34:11.848219', 'get_channel: 2015-04-18 10:32:42.009808 : 1 ')
('2015-04-18 10:34:11.848337', 'fd_channel : login[0] 1 login[1] 0 , tb0[0] 52 tb0[1] 53 , tb1[0] 0 tb1[1] 0')
('2015-04-18 10:34:11.881685', 'get_channel: 2015-04-18 10:32:45.010210 : 0 ')
('2015-04-18 10:34:11.881787', 'fd_channel : login[0] 1 login[1] 0 , tb0[0] 51 tb0[1] 53 , tb1[0] 0 tb1[1] 0')
('2015-04-18 10:34:11.883820', 'get_channel: 2015-04-18 10:32:43.512100 : 1 ')
('2015-04-18 10:34:11.883925', 'fd_channel : login[0] 1 login[1] 0 , tb0[0] 51 tb0[1] 52 , tb1[0] 0 tb1[1] 0')
('2015-04-18 10:34:12.371424', 'get_channel: 2015-04-18 10:32:46.508100 : 0 ')
('2015-04-18 10:34:12.371532', 'fd_channel : login[0] 1 login[1] 0 , tb0[0] 50 tb0[1] 52 , tb1[0] 0 tb1[1] 0')
('2015-04-18 10:34:12.373892', 'get_channel: 2015-04-18 10:32:45.010974 : 1 ')
('2015-04-18 10:34:12.373996', 'fd_channel : login[0] 1 login[1] 0 , tb0[0] 50 tb0[1] 51 , tb1[0] 0 tb1[1] 0')
('2015-04-18 10:34:13.549715', 'get_channel: 2015-04-18 10:32:48.007996 : 0 ')
('2015-04-18 10:34:13.549865', 'fd_channel : login[0] 1 login[1] 0 , tb0[0] 49 tb0[1] 51 , tb1[0] 0 tb1[1] 0')
('2015-04-18 10:34:13.551961', 'get_channel: 2015-04-18 10:32:46.509801 : 1 ')
('2015-04-18 10:34:13.552064', 'fd_channel : login[0] 1 login[1] 0 , tb0[0] 49 tb0[1] 50 , tb1[0] 0 tb1[1] 0')
('2015-04-18 10:34:13.618928', 'get_channel: 2015-04-18 10:32:49.508090 : 0 ')
('2015-04-18 10:34:13.619058', 'fd_channel : login[0] 1 login[1] 0 , tb0[0] 48 tb0[1] 50 , tb1[0] 0 tb1[1] 0')
('2015-04-18 10:34:13.620874', 'get_channel: 2015-04-18 10:32:48.009979 : 1 ')
('2015-04-18 10:34:13.620977', 'fd_channel : login[0] 1 login[1] 0 , tb0[0] 48 tb0[1] 49 , tb1[0] 0 tb1[1] 0')
('2015-04-18 10:34:13.853994', 'get_channel: 2015-04-18 10:32:51.009722 : 0 ')
('2015-04-18 10:34:13.854129', 'fd_channel : login[0] 1 login[1] 0 , tb0[0] 47 tb0[1] 49 , tb1[0] 0 tb1[1] 0')
('2015-04-18 10:34:13.856023', 'get_channel: 2015-04-18 10:32:49.509809 : 1 ')
('2015-04-18 10:34:13.856127', 'fd_channel : login[0] 1 login[1] 0 , tb0[0] 47 tb0[1] 48 , tb1[0] 0 tb1[1] 0')
('2015-04-18 10:34:13.886166', 'get_channel: 2015-04-18 10:32:52.507775 : 0 ')
('2015-04-18 10:34:13.886295', 'fd_channel : login[0] 1 login[1] 0 , tb0[0] 46 tb0[1] 48 , tb1[0] 0 tb1[1] 0')
('2015-04-18 10:34:13.888236', 'get_channel: 2015-04-18 10:32:51.010514 : 1 ')
('2015-04-18 10:34:13.888344', 'fd_channel : login[0] 1 login[1] 0 , tb0[0] 46 tb0[1] 47 , tb1[0] 0 tb1[1] 0')
('2015-04-18 10:34:14.376838', 'get_channel: 2015-04-18 10:32:54.008668 : 0 ')
('2015-04-18 10:34:14.376978', 'fd_channel : login[0] 1 login[1] 0 , tb0[0] 45 tb0[1] 47 , tb1[0] 0 tb1[1] 0')
('2015-04-18 10:34:14.378715', 'get_channel: 2015-04-18 10:32:52.519572 : 1 ')
('2015-04-18 10:34:14.378820', 'fd_channel : login[0] 1 login[1] 0 , tb0[0] 45 tb0[1] 46 , tb1[0] 0 tb1[1] 0')
('2015-04-18 10:34:14.391322', 'close_channel : 2015-04-18 10:32:54.008668')
('2015-04-18 10:34:14.445259', 'close_channel : 2015-04-18 10:32:39.008411')
('2015-04-18 10:34:14.473926', 'close_channel : 2015-04-18 10:32:49.509809')
('2015-04-18 10:34:14.478287', 'close_channel : 2015-04-18 10:32:51.009722')
('2015-04-18 10:34:14.504820', 'close_channel : 2015-04-18 10:32:51.010514')
('2015-04-18 10:34:14.509065', 'put_channel : 2015-04-18 10:34:14.508979 : channel tb0, group 1')
('2015-04-18 10:34:14.510503', 'close_channel : 2015-04-18 10:32:52.507775')
('2015-04-18 10:34:14.586313', 'close_channel : 2015-04-18 10:32:52.519572')
('2015-04-18 10:34:14.620712', 'close_channel : 2015-04-18 10:32:39.010872')
('2015-04-18 10:34:14.694398', 'close_channel : 2015-04-18 10:32:40.509892')
('2015-04-18 10:34:18.012581', 'put_channel : 2015-04-18 10:34:18.012444 : channel tb0, group 1')
('2015-04-18 10:34:18.013335', 'put_channel : 2015-04-18 10:34:18.013244 : channel tb0, group 1')
('2015-04-18 10:34:19.008884', 'get_channel: 2015-04-18 10:32:55.509471 : 0 ')
('2015-04-18 10:34:19.008994', 'fd_channel : login[0] 1 login[1] 0 , tb0[0] 44 tb0[1] 49 , tb1[0] 0 tb1[1] 0')
('2015-04-18 10:34:19.010965', 'get_channel: 2015-04-18 10:32:54.009889 : 1 ')
('2015-04-18 10:34:19.011071', 'fd_channel : login[0] 1 login[1] 0 , tb0[0] 44 tb0[1] 48 , tb1[0] 0 tb1[1] 0')
('2015-04-18 10:34:19.219448', 'close_channel : 2015-04-18 10:32:54.009889')
('2015-04-18 10:34:22.012555', 'put_channel : 2015-04-18 10:34:22.012412 : channel tb0, group 0')
('2015-04-18 10:34:22.077575', 'close_channel : 2015-04-18 10:32:55.509471')
('2015-04-18 10:34:22.652375', 'put_channel : 2015-04-18 10:34:22.652261 : channel tb0, group 0')
('2015-04-18 10:34:23.526869', 'put_channel : 2015-04-18 10:34:23.526743 : channel tb0, group 0')
('2015-04-18 10:34:24.029920', 'put_channel : 2015-04-18 10:34:24.029809 : channel tb0, group 0')
('2015-04-18 10:34:24.428978', 'close_channel : 2015-04-18 10:32:40.510493')
('2015-04-18 10:34:24.492341', 'close_channel : 2015-04-18 10:32:42.008931')
('2015-04-18 10:34:24.732313', 'close_channel : 2015-04-18 10:32:43.507668')
('2015-04-18 10:34:24.764762', 'close_channel : 2015-04-18 10:32:45.010210')
('2015-04-18 10:34:25.020275', 'put_channel : 2015-04-18 10:34:25.020140 : channel tb0, group 0')
('2015-04-18 10:34:25.261887', 'close_channel : 2015-04-18 10:32:46.508100')
('2015-04-18 10:34:25.538637', 'put_channel : 2015-04-18 10:34:25.538519 : channel tb0, group 0')
('2015-04-18 10:34:25.596289', 'put_channel : 2015-04-18 10:34:25.596197 : channel tb0, group 0')
('2015-04-18 10:34:26.509665', 'close_channel : 2015-04-18 10:32:48.009979')
('2015-04-18 10:34:27.038351', 'put_channel : 2015-04-18 10:34:27.038239 : channel tb0, group 0')
('2015-04-18 10:34:27.039041', 'put_channel : 2015-04-18 10:34:27.038959 : channel tb0, group 1')
('2015-04-18 10:34:28.060646', 'put_channel : 2015-04-18 10:34:28.060501 : channel tb0, group 0')
('2015-04-18 10:34:31.071824', 'put_channel : 2015-04-18 10:34:31.071681 : channel tb0, group 1')
('2015-04-18 10:34:31.535802', 'put_channel : 2015-04-18 10:34:31.535711 : channel tb0, group 1')
('2015-04-18 10:34:35.582046', 'put_channel : 2015-04-18 10:34:35.581902 : channel tb0, group 1')
('2015-04-18 10:34:37.055328', 'put_channel : 2015-04-18 10:34:37.055222 : channel tb0, group 1')
('2015-04-18 10:34:49.660540', 'put_channel : 2015-04-18 10:34:49.660400 : channel tb0, group 0')
('2015-04-18 10:34:49.663763', 'put_channel : 2015-04-18 10:34:49.663670 : channel tb0, group 1')
('2015-04-18 10:34:52.607974', 'put_channel : 2015-04-18 10:34:52.607831 : channel tb0, group 1')
('2015-04-18 10:34:57.150217', 'put_channel : 2015-04-18 10:34:57.150075 : channel tb0, group 1')
('2015-04-18 10:35:16.668553', 'put_channel : 2015-04-18 10:35:16.668412 : channel tb0, group 0')
('2015-04-18 11:27:42.010623', 'put_channel : 2015-04-18 11:27:42.010396 : channel tb1, group 0')
('2015-04-18 11:27:43.509982', 'put_channel : 2015-04-18 11:27:43.509827 : channel tb1, group 0')
('2015-04-18 11:27:43.512707', 'put_channel : 2015-04-18 11:27:43.512615 : channel tb1, group 1')
('2015-04-18 11:27:45.009760', 'put_channel : 2015-04-18 11:27:45.009627 : channel tb1, group 0')
('2015-04-18 11:27:45.015694', 'put_channel : 2015-04-18 11:27:45.015606 : channel tb1, group 1')
('2015-04-18 11:27:46.006417', 'put_channel : 2015-04-18 11:27:46.006275 : channel tb1, group 1')
('2015-04-18 11:27:46.508477', 'put_channel : 2015-04-18 11:27:46.508350 : channel tb1, group 0')
('2015-04-18 11:27:49.006453', 'put_channel : 2015-04-18 11:27:49.006325 : channel tb1, group 1')
('2015-04-18 11:27:49.514193', 'put_channel : 2015-04-18 11:27:49.514086 : channel tb1, group 1')
('2015-04-18 11:27:50.506806', 'put_channel : 2015-04-18 11:27:50.506664 : channel tb1, group 1')
('2015-04-18 11:27:53.506849', 'put_channel : 2015-04-18 11:27:53.506707 : channel tb1, group 1')
('2015-04-18 11:27:54.015550', 'put_channel : 2015-04-18 11:27:54.015436 : channel tb1, group 1')
('2015-04-18 11:27:55.012215', 'put_channel : 2015-04-18 11:27:55.012033 : channel tb1, group 1')
('2015-04-18 11:27:56.506494', 'put_channel : 2015-04-18 11:27:56.506353 : channel tb1, group 1')
('2015-04-18 11:27:58.508950', 'put_channel : 2015-04-18 11:27:58.508815 : channel tb1, group 0')
('2015-04-18 11:27:58.510623', 'put_channel : 2015-04-18 11:27:58.510530 : channel tb1, group 0')
('2015-04-18 11:27:59.517956', 'put_channel : 2015-04-18 11:27:59.517829 : channel tb1, group 0')
('2015-04-18 11:28:00.008113', 'put_channel : 2015-04-18 11:28:00.008001 : channel tb1, group 0')
('2015-04-18 11:28:00.009855', 'put_channel : 2015-04-18 11:28:00.009765 : channel tb1, group 0')
('2015-04-18 11:28:00.014509', 'put_channel : 2015-04-18 11:28:00.014422 : channel tb1, group 1')
('2015-04-18 11:28:01.007769', 'put_channel : 2015-04-18 11:28:01.007649 : channel tb1, group 1')
('2015-04-18 11:28:01.021234', 'put_channel : 2015-04-18 11:28:01.021180 : channel tb1, group 0')
('2015-04-18 11:28:01.510094', 'put_channel : 2015-04-18 11:28:01.509985 : channel tb1, group 0')
('2015-04-18 11:28:01.514512', 'put_channel : 2015-04-18 11:28:01.514425 : channel tb1, group 1')
('2015-04-18 11:28:02.506775', 'put_channel : 2015-04-18 11:28:02.506632 : channel tb1, group 1')
('2015-04-18 11:28:03.007619', 'put_channel : 2015-04-18 11:28:03.007482 : channel tb1, group 0')
('2015-04-18 11:28:03.036354', 'put_channel : 2015-04-18 11:28:03.036265 : channel tb1, group 0')
('2015-04-18 11:28:04.006318', 'put_channel : 2015-04-18 11:28:04.006185 : channel tb1, group 1')
('2015-04-18 11:28:04.508077', 'put_channel : 2015-04-18 11:28:04.507963 : channel tb1, group 0')
('2015-04-18 11:28:04.540308', 'put_channel : 2015-04-18 11:28:04.540219 : channel tb1, group 0')
('2015-04-18 11:28:05.506457', 'put_channel : 2015-04-18 11:28:05.506329 : channel tb1, group 1')
('2015-04-18 11:28:07.007863', 'put_channel : 2015-04-18 11:28:07.007719 : channel tb1, group 1')
('2015-04-18 11:28:14.526360', 'put_channel : 2015-04-18 11:28:14.526217 : channel tb1, group 1')
('2015-04-18 11:28:16.006352', 'put_channel : 2015-04-18 11:28:16.006207 : channel tb1, group 1')
('2015-04-18 11:28:16.509027', 'put_channel : 2015-04-18 11:28:16.508895 : channel tb1, group 0')
('2015-04-18 11:28:16.509727', 'put_channel : 2015-04-18 11:28:16.509636 : channel tb1, group 0')
('2015-04-18 11:28:17.518179', 'put_channel : 2015-04-18 11:28:17.518037 : channel tb1, group 1')
('2015-04-18 11:28:18.009161', 'put_channel : 2015-04-18 11:28:18.009030 : channel tb1, group 0')
('2015-04-18 11:28:18.009852', 'put_channel : 2015-04-18 11:28:18.009760 : channel tb1, group 0')
('2015-04-18 11:28:19.020592', 'put_channel : 2015-04-18 11:28:19.020462 : channel tb1, group 0')
('2015-04-18 11:28:20.526619', 'put_channel : 2015-04-18 11:28:20.526475 : channel tb1, group 1')
('2015-04-18 11:28:22.010573', 'put_channel : 2015-04-18 11:28:22.010346 : channel tb1, group 1')
('2015-04-18 11:28:22.509287', 'put_channel : 2015-04-18 11:28:22.509155 : channel tb1, group 0')
('2015-04-18 11:28:22.510855', 'put_channel : 2015-04-18 11:28:22.510769 : channel tb1, group 0')
('2015-04-18 11:28:23.518203', 'put_channel : 2015-04-18 11:28:23.518070 : channel tb1, group 1')
('2015-04-18 11:28:24.010085', 'put_channel : 2015-04-18 11:28:24.009966 : channel tb1, group 0')
('2015-04-18 11:28:24.030091', 'put_channel : 2015-04-18 11:28:24.030003 : channel tb1, group 0')
('2015-04-18 11:28:25.532453', 'put_channel : 2015-04-18 11:28:25.532320 : channel tb1, group 0')
('2015-04-18 11:28:28.012589', 'put_channel : 2015-04-18 11:28:28.012446 : channel tb1, group 0')
('2015-04-18 11:28:28.512322', 'put_channel : 2015-04-18 11:28:28.512189 : channel tb1, group 0')
('2015-04-18 11:28:29.519787', 'put_channel : 2015-04-18 11:28:29.519652 : channel tb1, group 1')
('2015-04-18 11:28:30.009975', 'put_channel : 2015-04-18 11:28:30.009847 : channel tb1, group 1')
('2015-04-18 11:28:30.012346', 'put_channel : 2015-04-18 11:28:30.012259 : channel tb1, group 1')
('2015-04-18 11:28:31.024067', 'put_channel : 2015-04-18 11:28:31.023926 : channel tb1, group 1')
('2015-04-18 11:28:32.510243', 'put_channel : 2015-04-18 11:28:32.510099 : channel tb1, group 1')
('2015-04-18 11:28:32.520408', 'put_channel : 2015-04-18 11:28:32.520320 : channel tb1, group 1')
('2015-04-18 11:28:33.010731', 'put_channel : 2015-04-18 11:28:33.010609 : channel tb1, group 1')
('2015-04-18 11:28:37.020566', 'put_channel : 2015-04-18 11:28:37.020421 : channel tb1, group 0')
('2015-04-18 11:28:37.053906', 'put_channel : 2015-04-18 11:28:37.053818 : channel tb1, group 0')
('2015-04-18 11:28:38.526260', 'put_channel : 2015-04-18 11:28:38.526117 : channel tb1, group 0')
('2015-04-18 11:28:41.504994', 'put_channel : 2015-04-18 11:28:41.504853 : channel tb1, group 0')
('2015-04-18 11:28:45.012396', 'put_channel : 2015-04-18 11:28:45.012261 : channel tb1, group 0')
('2015-04-18 11:28:46.618529', 'put_channel : 2015-04-18 11:28:46.618393 : channel tb1, group 0')
('2015-04-18 11:28:49.510524', 'put_channel : 2015-04-18 11:28:49.510392 : channel tb1, group 1')
('2015-04-18 11:28:49.511408', 'put_channel : 2015-04-18 11:28:49.511245 : channel tb1, group 1')
('2015-04-18 11:28:51.011738', 'put_channel : 2015-04-18 11:28:51.011605 : channel tb1, group 1')
('2015-04-18 11:28:52.022224', 'put_channel : 2015-04-18 11:28:52.022085 : channel tb1, group 1')
('2015-04-18 11:28:52.511164', 'put_channel : 2015-04-18 11:28:52.511033 : channel tb1, group 1')
('2015-04-18 11:28:52.541871', 'put_channel : 2015-04-18 11:28:52.541784 : channel tb1, group 1')
('2015-04-18 11:28:54.012099', 'put_channel : 2015-04-18 11:28:54.011971 : channel tb1, group 1')
('2015-04-18 11:28:54.030270', 'put_channel : 2015-04-18 11:28:54.030184 : channel tb1, group 1')
('2015-04-18 11:28:55.023851', 'put_channel : 2015-04-18 11:28:55.023712 : channel tb1, group 1')
('2015-04-18 11:28:57.012942', 'put_channel : 2015-04-18 11:28:57.012807 : channel tb1, group 1')
('2015-04-18 11:28:58.542361', 'put_channel : 2015-04-18 11:28:58.542228 : channel tb1, group 1')
('2015-04-18 11:28:59.504964', 'put_channel : 2015-04-18 11:28:59.504834 : channel tb1, group 0')
('2015-04-18 11:28:59.583800', 'put_channel : 2015-04-18 11:28:59.583709 : channel tb1, group 1')
('2015-04-18 11:29:01.006819', 'put_channel : 2015-04-18 11:29:01.006675 : channel tb1, group 0')
('2015-04-18 11:29:02.526478', 'put_channel : 2015-04-18 11:29:02.526333 : channel tb1, group 0')
('2015-04-18 11:29:03.036506', 'put_channel : 2015-04-18 11:29:03.036371 : channel tb1, group 0')
('2015-04-18 11:29:05.506439', 'put_channel : 2015-04-18 11:29:05.506295 : channel tb1, group 0')
('2015-04-18 11:29:05.564410', 'put_channel : 2015-04-18 11:29:05.564317 : channel tb1, group 0')
('2015-04-18 11:29:07.022755', 'put_channel : 2015-04-18 11:29:07.022610 : channel tb1, group 1')
('2015-04-18 11:29:10.022551', 'put_channel : 2015-04-18 11:29:10.022408 : channel tb1, group 1')
('2015-04-18 11:29:10.541866', 'put_channel : 2015-04-18 11:29:10.541732 : channel tb1, group 1')
('2015-04-18 11:29:13.514950', 'put_channel : 2015-04-18 11:29:13.514813 : channel tb1, group 1')
('2015-04-18 11:29:13.533879', 'put_channel : 2015-04-18 11:29:13.533790 : channel tb1, group 1')
('2015-04-18 11:29:16.024669', 'put_channel : 2015-04-18 11:29:16.024527 : channel tb1, group 1')
('2015-04-18 11:29:16.516259', 'put_channel : 2015-04-18 11:29:16.516079 : channel tb1, group 1')
('2015-04-18 11:29:17.518647', 'put_channel : 2015-04-18 11:29:17.518483 : channel tb1, group 0')
('2015-04-18 11:29:18.015605', 'put_channel : 2015-04-18 11:29:18.015490 : channel tb1, group 1')
('2015-04-18 11:29:19.006588', 'put_channel : 2015-04-18 11:29:19.006458 : channel tb1, group 0')
('2015-04-18 11:29:21.036295', 'put_channel : 2015-04-18 11:29:21.036124 : channel tb1, group 0')
('2015-04-18 11:29:22.526172', 'put_channel : 2015-04-18 11:29:22.526040 : channel tb1, group 0')
('2015-04-18 11:29:23.516339', 'put_channel : 2015-04-18 11:29:23.516197 : channel tb1, group 0')
('2015-04-18 11:29:27.036487', 'put_channel : 2015-04-18 11:29:27.036353 : channel tb1, group 0')
('2015-04-18 11:29:28.514049', 'put_channel : 2015-04-18 11:29:28.513914 : channel tb1, group 1')
('2015-04-18 11:29:32.574022', 'put_channel : 2015-04-18 11:29:32.573880 : channel tb1, group 1')
('2015-04-18 11:29:35.999155', 'close_channel : 2015-04-18 11:27:43.512615')
('2015-04-18 11:29:36.001619', 'close_channel : 2015-04-18 11:27:42.010396')
('2015-04-18 11:29:36.004856', 'close_channel : 2015-04-18 11:27:45.015606')
('2015-04-18 11:29:36.005718', 'close_channel : 2015-04-18 11:27:43.509827')
('2015-04-18 11:29:36.006511', 'close_channel : 2015-04-18 11:27:46.006275')
('2015-04-18 11:29:36.007555', 'close_channel : 2015-04-18 11:27:45.009627')
('2015-04-18 11:29:36.008527', 'get_channel: 2015-04-18 11:27:49.006325 : 1 ')
('2015-04-18 11:29:36.008701', 'fd_channel : login[0] 1 login[1] 0 , tb0[0] 55 tb0[1] 56 , tb1[0] 42 tb1[1] 48')
('2015-04-18 11:29:36.011374', 'get_channel: 2015-04-18 11:27:46.508350 : 0 ')
('2015-04-18 11:29:36.011480', 'fd_channel : login[0] 1 login[1] 0 , tb0[0] 55 tb0[1] 56 , tb1[0] 41 tb1[1] 48')
('2015-04-18 11:29:36.012948', 'get_channel: 2015-04-18 11:27:49.514086 : 1 ')
('2015-04-18 11:29:36.013054', 'fd_channel : login[0] 1 login[1] 0 , tb0[0] 55 tb0[1] 56 , tb1[0] 41 tb1[1] 47')
('2015-04-18 11:29:36.014388', 'get_channel: 2015-04-18 11:27:58.508815 : 0 ')
('2015-04-18 11:29:36.014493', 'fd_channel : login[0] 1 login[1] 0 , tb0[0] 55 tb0[1] 56 , tb1[0] 40 tb1[1] 47')
('2015-04-18 11:29:36.016808', 'get_channel: 2015-04-18 11:27:50.506664 : 1 ')
('2015-04-18 11:29:36.016927', 'fd_channel : login[0] 1 login[1] 0 , tb0[0] 55 tb0[1] 56 , tb1[0] 40 tb1[1] 46')
('2015-04-18 11:29:36.018788', 'get_channel: 2015-04-18 11:27:58.510530 : 0 ')
('2015-04-18 11:29:36.018926', 'fd_channel : login[0] 1 login[1] 0 , tb0[0] 55 tb0[1] 56 , tb1[0] 39 tb1[1] 46')
('2015-04-18 11:29:36.021016', 'get_channel: 2015-04-18 11:27:53.506707 : 1 ')
('2015-04-18 11:29:36.021156', 'fd_channel : login[0] 1 login[1] 0 , tb0[0] 55 tb0[1] 56 , tb1[0] 39 tb1[1] 45')
('2015-04-18 11:29:36.023648', 'close_channel : 2015-04-18 11:27:49.006325')
('2015-04-18 11:29:36.032564', 'close_channel : 2015-04-18 11:27:53.506707')
('2015-04-18 11:29:37.450999', 'close_channel : 2015-04-18 11:27:49.514086')
('2015-04-18 11:29:37.508082', 'put_channel : 2015-04-18 11:29:37.507992 : channel tb1, group 0')
('2015-04-18 11:29:39.007917', 'put_channel : 2015-04-18 11:29:39.007795 : channel tb1, group 0')
('2015-04-18 11:29:39.089577', 'close_channel : 2015-04-18 11:27:50.506664')
('2015-04-18 11:29:40.510390', 'put_channel : 2015-04-18 11:29:40.510261 : channel tb1, group 0')
('2015-04-18 11:29:40.669671', 'put_channel : 2015-04-18 11:29:40.669559 : channel tb1, group 0')
('2015-04-18 11:29:43.014179', 'get_channel: 2015-04-18 11:27:59.517829 : 0 ')
('2015-04-18 11:29:43.014288', 'fd_channel : login[0] 1 login[1] 0 , tb0[0] 55 tb0[1] 56 , tb1[0] 42 tb1[1] 45')
('2015-04-18 11:29:43.017282', 'get_channel: 2015-04-18 11:27:54.015436 : 1 ')
('2015-04-18 11:29:43.017383', 'fd_channel : login[0] 1 login[1] 0 , tb0[0] 55 tb0[1] 56 , tb1[0] 42 tb1[1] 44')
('2015-04-18 11:29:43.024628', 'get_channel: 2015-04-18 11:28:00.008001 : 0 ')
('2015-04-18 11:29:43.024733', 'fd_channel : login[0] 1 login[1] 0 , tb0[0] 55 tb0[1] 56 , tb1[0] 41 tb1[1] 44')
('2015-04-18 11:29:43.231468', 'close_channel : 2015-04-18 11:27:54.015436')
('2015-04-18 11:29:43.507944', 'put_channel : 2015-04-18 11:29:43.507853 : channel tb1, group 0')
('2015-04-18 11:29:49.508821', 'put_channel : 2015-04-18 11:29:49.508690 : channel tb1, group 0')
('2015-04-18 11:29:49.628225', 'put_channel : 2015-04-18 11:29:49.628089 : channel tb1, group 0')
('2015-04-18 11:29:50.017328', 'close_channel : 2015-04-18 11:27:55.012033')
('2015-04-18 11:29:50.018654', 'close_channel : 2015-04-18 11:28:00.009765')
('2015-04-18 11:29:50.019735', 'close_channel : 2015-04-18 11:27:56.506353')
('2015-04-18 11:29:50.020706', 'get_channel: 2015-04-18 11:28:01.021180 : 0 ')
('2015-04-18 11:29:50.020811', 'fd_channel : login[0] 1 login[1] 0 , tb0[0] 55 tb0[1] 56 , tb1[0] 42 tb1[1] 42')
('2015-04-18 11:29:50.027125', 'close_channel : 2015-04-18 11:28:00.014422')
('2015-04-18 11:29:50.028262', 'get_channel: 2015-04-18 11:28:01.509985 : 0 ')
('2015-04-18 11:29:50.028371', 'fd_channel : login[0] 1 login[1] 0 , tb0[0] 55 tb0[1] 56 , tb1[0] 41 tb1[1] 41')
('2015-04-18 11:29:51.009889', 'put_channel : 2015-04-18 11:29:51.009753 : channel tb1, group 0')
('2015-04-18 11:29:52.508310', 'put_channel : 2015-04-18 11:29:52.508128 : channel tb1, group 0')
('2015-04-18 11:29:54.009106', 'put_channel : 2015-04-18 11:29:54.008978 : channel tb1, group 0')
('2015-04-18 11:29:54.333468', 'close_channel : 2015-04-18 11:28:03.007482')
('2015-04-18 11:29:54.335721', 'close_channel : 2015-04-18 11:28:03.036265')
('2015-04-18 11:29:54.337461', 'get_channel: 2015-04-18 11:28:04.507963 : 0 ')
('2015-04-18 11:29:54.337609', 'fd_channel : login[0] 1 login[1] 0 , tb0[0] 55 tb0[1] 56 , tb1[0] 41 tb1[1] 41')
('2015-04-18 11:29:54.339991', 'get_channel: 2015-04-18 11:28:04.540219 : 0 ')
('2015-04-18 11:29:54.340095', 'fd_channel : login[0] 1 login[1] 0 , tb0[0] 55 tb0[1] 56 , tb1[0] 40 tb1[1] 41')
('2015-04-18 11:29:54.341874', 'get_channel: 2015-04-18 11:28:16.508895 : 0 ')
('2015-04-18 11:29:54.341978', 'fd_channel : login[0] 1 login[1] 0 , tb0[0] 55 tb0[1] 56 , tb1[0] 39 tb1[1] 41')
('2015-04-18 11:29:54.343716', 'get_channel: 2015-04-18 11:28:16.509636 : 0 ')
('2015-04-18 11:29:54.343818', 'fd_channel : login[0] 1 login[1] 0 , tb0[0] 55 tb0[1] 56 , tb1[0] 38 tb1[1] 41')
('2015-04-18 11:29:54.345232', 'get_channel: 2015-04-18 11:28:18.009030 : 0 ')
('2015-04-18 11:29:54.345336', 'fd_channel : login[0] 1 login[1] 0 , tb0[0] 55 tb0[1] 56 , tb1[0] 37 tb1[1] 41')
('2015-04-18 11:29:54.346701', 'close_channel : 2015-04-18 11:28:01.007649')
('2015-04-18 11:29:54.347602', 'close_channel : 2015-04-18 11:28:01.514425')
('2015-04-18 11:29:54.348871', 'close_channel : 2015-04-18 11:28:02.506632')
('2015-04-18 11:29:54.350531', 'close_channel : 2015-04-18 11:28:04.006185')
('2015-04-18 11:29:54.351382', 'get_channel: 2015-04-18 11:28:05.506329 : 1 ')
('2015-04-18 11:29:54.351486', 'fd_channel : login[0] 1 login[1] 0 , tb0[0] 55 tb0[1] 56 , tb1[0] 37 tb1[1] 36')
('2015-04-18 11:29:54.352687', 'get_channel: 2015-04-18 11:28:07.007719 : 1 ')
('2015-04-18 11:29:54.352790', 'fd_channel : login[0] 1 login[1] 0 , tb0[0] 55 tb0[1] 56 , tb1[0] 37 tb1[1] 35')
('2015-04-18 11:29:54.354274', 'get_channel: 2015-04-18 11:28:14.526217 : 1 ')
('2015-04-18 11:29:54.354377', 'fd_channel : login[0] 1 login[1] 0 , tb0[0] 55 tb0[1] 56 , tb1[0] 37 tb1[1] 34')
('2015-04-18 11:29:54.355982', 'get_channel: 2015-04-18 11:28:16.006207 : 1 ')
('2015-04-18 11:29:54.356087', 'fd_channel : login[0] 1 login[1] 0 , tb0[0] 55 tb0[1] 56 , tb1[0] 37 tb1[1] 33')
('2015-04-18 11:29:54.358503', 'get_channel: 2015-04-18 11:28:17.518037 : 1 ')
('2015-04-18 11:29:54.358609', 'fd_channel : login[0] 1 login[1] 0 , tb0[0] 55 tb0[1] 56 , tb1[0] 37 tb1[1] 32')
('2015-04-18 11:29:56.355350', 'get_channel: 2015-04-18 11:28:18.009760 : 0 ')
('2015-04-18 11:29:56.355477', 'fd_channel : login[0] 1 login[1] 0 , tb0[0] 55 tb0[1] 56 , tb1[0] 36 tb1[1] 32')
('2015-04-18 11:29:56.358513', 'get_channel: 2015-04-18 11:28:20.526475 : 1 ')
('2015-04-18 11:29:56.358620', 'fd_channel : login[0] 1 login[1] 0 , tb0[0] 55 tb0[1] 56 , tb1[0] 36 tb1[1] 31')
('2015-04-18 11:29:56.362014', 'get_channel: 2015-04-18 11:28:19.020462 : 0 ')
('2015-04-18 11:29:56.362116', 'fd_channel : login[0] 1 login[1] 0 , tb0[0] 55 tb0[1] 56 , tb1[0] 35 tb1[1] 31')
('2015-04-18 11:29:56.364795', 'get_channel: 2015-04-18 11:28:22.509155 : 0 ')
('2015-04-18 11:29:56.364896', 'fd_channel : login[0] 1 login[1] 0 , tb0[0] 55 tb0[1] 56 , tb1[0] 34 tb1[1] 31')
('2015-04-18 11:29:56.366272', 'get_channel: 2015-04-18 11:28:22.510769 : 0 ')
('2015-04-18 11:29:56.366374', 'fd_channel : login[0] 1 login[1] 0 , tb0[0] 55 tb0[1] 56 , tb1[0] 33 tb1[1] 31')
('2015-04-18 11:29:56.368201', 'get_channel: 2015-04-18 11:28:22.010346 : 1 ')
('2015-04-18 11:29:56.368315', 'fd_channel : login[0] 1 login[1] 0 , tb0[0] 55 tb0[1] 56 , tb1[0] 33 tb1[1] 30')
('2015-04-18 11:29:56.369649', 'get_channel: 2015-04-18 11:28:24.009966 : 0 ')
('2015-04-18 11:29:56.369751', 'fd_channel : login[0] 1 login[1] 0 , tb0[0] 55 tb0[1] 56 , tb1[0] 32 tb1[1] 30')
('2015-04-18 11:29:56.373029', 'get_channel: 2015-04-18 11:28:23.518070 : 1 ')
('2015-04-18 11:29:56.373131', 'fd_channel : login[0] 1 login[1] 0 , tb0[0] 55 tb0[1] 56 , tb1[0] 32 tb1[1] 29')
('2015-04-18 11:29:56.374942', 'get_channel: 2015-04-18 11:28:29.519652 : 1 ')
('2015-04-18 11:29:56.375043', 'fd_channel : login[0] 1 login[1] 0 , tb0[0] 55 tb0[1] 56 , tb1[0] 32 tb1[1] 28')
('2015-04-18 11:29:56.377034', 'get_channel: 2015-04-18 11:28:30.009847 : 1 ')
('2015-04-18 11:29:56.377138', 'fd_channel : login[0] 1 login[1] 0 , tb0[0] 55 tb0[1] 56 , tb1[0] 32 tb1[1] 27')
('2015-04-18 11:29:57.009300', 'put_channel : 2015-04-18 11:29:57.009175 : channel tb1, group 0')
('2015-04-18 11:29:57.019826', 'get_channel: 2015-04-18 11:28:30.012259 : 1 ')
('2015-04-18 11:29:57.019932', 'fd_channel : login[0] 1 login[1] 0 , tb0[0] 55 tb0[1] 56 , tb1[0] 33 tb1[1] 26')
('2015-04-18 11:29:57.030979', 'get_channel: 2015-04-18 11:28:24.030003 : 0 ')
('2015-04-18 11:29:57.031080', 'fd_channel : login[0] 1 login[1] 0 , tb0[0] 55 tb0[1] 56 , tb1[0] 32 tb1[1] 26')
('2015-04-18 11:30:00.365528', 'get_channel: 2015-04-18 11:28:31.023926 : 1 ')
('2015-04-18 11:30:00.365591', 'fd_channel : login[0] 1 login[1] 0 , tb0[0] 55 tb0[1] 56 , tb1[0] 32 tb1[1] 25')
('2015-04-18 11:30:00.373187', 'get_channel: 2015-04-18 11:28:25.532320 : 0 ')
('2015-04-18 11:30:00.373245', 'fd_channel : login[0] 1 login[1] 0 , tb0[0] 55 tb0[1] 56 , tb1[0] 31 tb1[1] 25')
('2015-04-18 11:30:00.377577', 'get_channel: 2015-04-18 11:28:32.510099 : 1 ')
('2015-04-18 11:30:00.377634', 'fd_channel : login[0] 1 login[1] 0 , tb0[0] 55 tb0[1] 56 , tb1[0] 31 tb1[1] 24')
('2015-04-18 11:30:00.378378', 'get_channel: 2015-04-18 11:28:28.012446 : 0 ')
('2015-04-18 11:30:00.378434', 'fd_channel : login[0] 1 login[1] 0 , tb0[0] 55 tb0[1] 56 , tb1[0] 30 tb1[1] 24')
('2015-04-18 11:30:00.380212', 'get_channel: 2015-04-18 11:28:32.520320 : 1 ')
('2015-04-18 11:30:00.380271', 'fd_channel : login[0] 1 login[1] 0 , tb0[0] 55 tb0[1] 56 , tb1[0] 30 tb1[1] 23')
('2015-04-18 11:30:01.380133', 'worker [9] stopping')
('2015-04-18 11:30:04.022834', 'get_channel: 2015-04-18 11:28:28.512189 : 0 ')
('2015-04-18 11:30:04.022943', 'fd_channel : login[0] 1 login[1] 0 , tb0[0] 55 tb0[1] 56 , tb1[0] 29 tb1[1] 23')
('2015-04-18 11:30:04.034376', 'get_channel: 2015-04-18 11:28:33.010609 : 1 ')
('2015-04-18 11:30:04.034478', 'fd_channel : login[0] 1 login[1] 0 , tb0[0] 55 tb0[1] 56 , tb1[0] 29 tb1[1] 22')
('2015-04-18 11:30:07.368076', 'get_channel: 2015-04-18 11:28:37.020421 : 0 ')
('2015-04-18 11:30:07.368233', 'fd_channel : login[0] 1 login[1] 0 , tb0[0] 55 tb0[1] 56 , tb1[0] 28 tb1[1] 22')
('2015-04-18 11:30:07.375512', 'get_channel: 2015-04-18 11:28:49.510392 : 1 ')
('2015-04-18 11:30:07.375615', 'fd_channel : login[0] 1 login[1] 0 , tb0[0] 55 tb0[1] 56 , tb1[0] 28 tb1[1] 21')
('2015-04-18 11:30:07.382429', 'get_channel: 2015-04-18 11:28:37.053818 : 0 ')
('2015-04-18 11:30:07.382530', 'fd_channel : login[0] 1 login[1] 0 , tb0[0] 55 tb0[1] 56 , tb1[0] 27 tb1[1] 21')
('2015-04-18 11:30:07.383806', 'get_channel: 2015-04-18 11:28:49.511245 : 1 ')
('2015-04-18 11:30:07.383911', 'fd_channel : login[0] 1 login[1] 0 , tb0[0] 55 tb0[1] 56 , tb1[0] 27 tb1[1] 20')
('2015-04-18 11:30:07.386057', 'get_channel: 2015-04-18 11:28:38.526117 : 0 ')
('2015-04-18 11:30:07.386159', 'fd_channel : login[0] 1 login[1] 0 , tb0[0] 55 tb0[1] 56 , tb1[0] 26 tb1[1] 20')
('2015-04-18 11:30:11.026024', 'get_channel: 2015-04-18 11:28:51.011605 : 1 ')
('2015-04-18 11:30:11.026132', 'fd_channel : login[0] 1 login[1] 0 , tb0[0] 55 tb0[1] 56 , tb1[0] 26 tb1[1] 19')
('2015-04-18 11:30:11.037187', 'get_channel: 2015-04-18 11:28:41.504853 : 0 ')
('2015-04-18 11:30:11.037289', 'fd_channel : login[0] 1 login[1] 0 , tb0[0] 55 tb0[1] 56 , tb1[0] 25 tb1[1] 19')
('2015-04-18 11:30:14.370869', 'get_channel: 2015-04-18 11:28:52.022085 : 1 ')
('2015-04-18 11:30:14.370977', 'fd_channel : login[0] 1 login[1] 0 , tb0[0] 55 tb0[1] 56 , tb1[0] 25 tb1[1] 18')
('2015-04-18 11:30:14.382425', 'get_channel: 2015-04-18 11:28:45.012261 : 0 ')
('2015-04-18 11:30:14.382527', 'fd_channel : login[0] 1 login[1] 0 , tb0[0] 55 tb0[1] 56 , tb1[0] 24 tb1[1] 18')
('2015-04-18 11:30:14.387475', 'get_channel: 2015-04-18 11:28:52.511033 : 1 ')
('2015-04-18 11:30:14.387576', 'fd_channel : login[0] 1 login[1] 0 , tb0[0] 55 tb0[1] 56 , tb1[0] 24 tb1[1] 17')
('2015-04-18 11:30:14.388979', 'get_channel: 2015-04-18 11:28:46.618393 : 0 ')
('2015-04-18 11:30:14.389082', 'fd_channel : login[0] 1 login[1] 0 , tb0[0] 55 tb0[1] 56 , tb1[0] 23 tb1[1] 17')
('2015-04-18 11:30:14.391398', 'get_channel: 2015-04-18 11:28:52.541784 : 1 ')
('2015-04-18 11:30:14.391500', 'fd_channel : login[0] 1 login[1] 0 , tb0[0] 55 tb0[1] 56 , tb1[0] 23 tb1[1] 16')
