('2015-02-07 10:34:03.372892', 'client 52585909 bid 0 fd_image info channel error')
('2015-02-07 10:34:03.373371', 'client 52504167 bid 0 fd_image info channel error')
('2015-02-07 10:34:19.664851', 'client 52500740 bid 0 fd_price info channel error')
('2015-02-07 10:34:20.237381', 'client 52500740 bid 0 fd_price info channel error')
('2015-02-07 10:34:20.497438', 'client 52518461 bid 0 fd_price info channel error')
('2015-02-07 10:34:31.731381', 'client 52504167 bid 0 fd_image Timeout')
('2015-02-07 10:34:31.737815', 'client 52590653 bid 0 fd_image Timeout')
('2015-02-07 10:34:31.738836', 'client 52542411 bid 0 fd_image Timeout')
('2015-02-07 10:34:34.840684', '\r\n\r\n\r\n\r\n\r\n\r\n\r\n\r\n\r\n\r\n<XML><ERRORCODE>311</ERRORCODE><ERRORSTRING>图像校验码错误！</ERRORSTRING><ERRORSTRING_EN>Image checksum error！</ERRORSTRING_EN></XML>')
('2015-02-07 10:34:34.840793', "client 52398497 bid 0 fd_price ack error {'errcode': '311', 'errstring': '图像校验码错误！'}")
('2015-02-07 10:34:37.273977', '\r\n\r\n\r\n\r\n\r\n\r\n\r\n\r\n\r\n\r\n<XML><ERRORCODE>311</ERRORCODE><ERRORSTRING>图像校验码错误！</ERRORSTRING><ERRORSTRING_EN>Image checksum error！</ERRORSTRING_EN></XML>')
('2015-02-07 10:34:37.274090', "client 52374632 bid 0 fd_price ack error {'errcode': '311', 'errstring': '图像校验码错误！'}")
('2015-02-07 10:34:43.946307', '\r\n\r\n\r\n\r\n\r\n\r\n\r\n\r\n\r\n\r\n<XML><ERRORCODE>311</ERRORCODE><ERRORSTRING>图像校验码错误！</ERRORSTRING><ERRORSTRING_EN>Image checksum error！</ERRORSTRING_EN></XML>')
('2015-02-07 10:34:43.946442', "client 52471854 bid 0 fd_price ack error {'errcode': '311', 'errstring': '图像校验码错误！'}")
('2015-02-07 10:34:53.669027', 'client 52500740 bid 0 fd_image info channel error')
('2015-02-07 10:34:54.505020', 'client 52518461 bid 0 fd_image info channel error')
('2015-02-07 10:34:55.405023', 'client 52500740 bid 0 fd_image info channel error')
('2015-02-07 10:34:55.712899', 'client 52500740 bid 0 fd_image info channel error')
('2015-02-07 10:35:22.038310', 'client 52500740 bid 0 fd_image Timeout')
('2015-02-07 10:35:22.872801', 'client 52518461 bid 0 fd_image Timeout')
('2015-02-07 10:35:27.870744', '\r\n\r\n\r\n\r\n\r\n\r\n\r\n\r\n\r\n\r\n<XML><ERRORCODE>112</ERRORCODE><ERRORSTRING>首次出价时段不能进行修改出价！</ERRORSTRING><ERRORSTRING_EN>Can not modify the bid amount in bid time!</ERRORSTRING_EN></XML>\r\n')
('2015-02-07 10:35:27.870858', "client 52500740 bid 0 fd_price ack error {'errcode': '112', 'errstring': '首次出价时段不能进行修改出价！'}")
('2015-02-07 10:35:29.317782', '\r\n\r\n\r\n\r\n\r\n\r\n\r\n\r\n\r\n\r\n<XML><ERRORCODE>112</ERRORCODE><ERRORSTRING>首次出价时段不能进行修改出价！</ERRORSTRING><ERRORSTRING_EN>Can not modify the bid amount in bid time!</ERRORSTRING_EN></XML>\r\n')
('2015-02-07 10:35:29.317891', "client 52518461 bid 0 fd_price ack error {'errcode': '112', 'errstring': '首次出价时段不能进行修改出价！'}")
('2015-02-07 10:35:50.826275', '\r\n\r\n\r\n\r\n\r\n\r\n\r\n\r\n\r\n\r\n<XML><ERRORCODE>311</ERRORCODE><ERRORSTRING>图像校验码错误！</ERRORSTRING><ERRORSTRING_EN>Image checksum error！</ERRORSTRING_EN></XML>')
('2015-02-07 10:35:50.826390', "client 52542411 bid 0 fd_price ack error {'errcode': '311', 'errstring': '图像校验码错误！'}")
('2015-02-07 10:35:53.834300', '\r\n\r\n\r\n\r\n\r\n\r\n\r\n\r\n\r\n\r\n<XML><ERRORCODE>311</ERRORCODE><ERRORSTRING>图像校验码错误！</ERRORSTRING><ERRORSTRING_EN>Image checksum error！</ERRORSTRING_EN></XML>')
('2015-02-07 10:35:53.834411', "client 52500740 bid 0 fd_price ack error {'errcode': '311', 'errstring': '图像校验码错误！'}")
('2015-02-07 10:35:54.153574', '\r\n\r\n\r\n\r\n\r\n\r\n\r\n\r\n\r\n\r\n<XML><ERRORCODE>311</ERRORCODE><ERRORSTRING>图像校验码错误！</ERRORSTRING><ERRORSTRING_EN>Image checksum error！</ERRORSTRING_EN></XML>')
('2015-02-07 10:35:54.153685', "client 52590653 bid 0 fd_price ack error {'errcode': '311', 'errstring': '图像校验码错误！'}")
('2015-02-07 10:36:04.521325', '\r\n\r\n\r\n\r\n\r\n\r\n\r\n\r\n\r\n\r\n<XML><ERRORCODE>311</ERRORCODE><ERRORSTRING>图像校验码错误！</ERRORSTRING><ERRORSTRING_EN>Image checksum error！</ERRORSTRING_EN></XML>')
('2015-02-07 10:36:04.521436', "client 52500740 bid 0 fd_price ack error {'errcode': '311', 'errstring': '图像校验码错误！'}")
('2015-02-07 10:36:39.208575', '\r\n\r\n\r\n\r\n\r\n\r\n\r\n\r\n\r\n\r\n<XML><ERRORCODE>311</ERRORCODE><ERRORSTRING>图像校验码错误！</ERRORSTRING><ERRORSTRING_EN>Image checksum error！</ERRORSTRING_EN></XML>')
('2015-02-07 10:36:39.208641', "client 52504167 bid 0 fd_price ack error {'errcode': '311', 'errstring': '图像校验码错误！'}")
('2015-02-07 10:36:48.425945', '\r\n\r\n\r\n\r\n\r\n\r\n\r\n\r\n\r\n\r\n<XML><ERRORCODE>311</ERRORCODE><ERRORSTRING>图像校验码错误！</ERRORSTRING><ERRORSTRING_EN>Image checksum error！</ERRORSTRING_EN></XML>')
('2015-02-07 10:36:48.426081', "client 52590653 bid 0 fd_price ack error {'errcode': '311', 'errstring': '图像校验码错误！'}")
('2015-02-07 10:37:08.351017', 'client 52518461 bid 0 fd_price info channel error')
('2015-02-07 10:37:08.351110', 'client 52500740 bid 0 fd_price info channel error')
('2015-02-07 10:37:08.482154', '\r\n\r\n\r\n\r\n\r\n\r\n\r\n\r\n\r\n\r\n<XML><ERRORCODE>311</ERRORCODE><ERRORSTRING>图像校验码错误！</ERRORSTRING><ERRORSTRING_EN>Image checksum error！</ERRORSTRING_EN></XML>')
('2015-02-07 10:37:08.482217', "client 52500740 bid 0 fd_price ack error {'errcode': '311', 'errstring': '图像校验码错误！'}")
('2015-02-07 10:37:08.483958', '\r\n\r\n\r\n\r\n\r\n\r\n\r\n\r\n\r\n\r\n<XML><ERRORCODE>311</ERRORCODE><ERRORSTRING>图像校验码错误！</ERRORSTRING><ERRORSTRING_EN>Image checksum error！</ERRORSTRING_EN></XML>')
('2015-02-07 10:37:08.484021', "client 52518461 bid 0 fd_price ack error {'errcode': '311', 'errstring': '图像校验码错误！'}")
('2015-02-07 10:37:12.045643', 'client 52518461 bid 0 fd_price info channel error')
('2015-02-07 10:37:25.174377', 'client 52471854 bid 0 fd_price info channel error')
('2015-02-07 10:37:25.321922', '\r\n\r\n\r\n\r\n\r\n\r\n\r\n\r\n\r\n\r\n<XML><ERRORCODE>311</ERRORCODE><ERRORSTRING>图像校验码错误！</ERRORSTRING><ERRORSTRING_EN>Image checksum error！</ERRORSTRING_EN></XML>')
('2015-02-07 10:37:25.322031', "client 52471854 bid 0 fd_price ack error {'errcode': '311', 'errstring': '图像校验码错误！'}")
('2015-02-07 10:37:32.965103', 'client 52504167 bid 0 fd_image info channel error')
('2015-02-07 10:37:43.973541', 'client 52585909 bid 0 fd_price info channel error')
('2015-02-07 10:37:44.090883', '\r\n\r\n\r\n\r\n\r\n\r\n\r\n\r\n\r\n\r\n<XML><ERRORCODE>311</ERRORCODE><ERRORSTRING>图像校验码错误！</ERRORSTRING><ERRORSTRING_EN>Image checksum error！</ERRORSTRING_EN></XML>')
('2015-02-07 10:37:44.090991', "client 52585909 bid 0 fd_price ack error {'errcode': '311', 'errstring': '图像校验码错误！'}")
('2015-02-07 10:37:49.861185', 'client 52500740 bid 0 fd_price info channel error')
('2015-02-07 10:37:49.973181', '\r\n\r\n\r\n\r\n\r\n\r\n\r\n\r\n\r\n\r\n<XML><ERRORCODE>311</ERRORCODE><ERRORSTRING>图像校验码错误！</ERRORSTRING><ERRORSTRING_EN>Image checksum error！</ERRORSTRING_EN></XML>')
('2015-02-07 10:37:49.973294', "client 52500740 bid 0 fd_price ack error {'errcode': '311', 'errstring': '图像校验码错误！'}")
('2015-02-07 10:38:24.165531', 'client 52518461 bid 0 fd_image info channel error')
('2015-02-07 10:38:25.189806', 'client 52500740 bid 0 fd_image info channel error')
('2015-02-07 10:38:58.725556', 'client 52518461 bid 0 fd_price info channel error')
('2015-02-07 10:39:00.035046', 'client 52518461 bid 0 fd_price get channel Failed')
('2015-02-07 10:39:31.238433', 'client 52590653 bid 0 fd_image info channel error')
('2015-02-07 10:39:31.238712', 'client 52542411 bid 0 fd_image info channel error')
('2015-02-07 11:29:42.382486', 'client 52542411 bid 1 fd_image Timeout')
('2015-02-07 11:29:42.384894', 'client 52590653 bid 1 fd_image Timeout')
('2015-02-07 11:29:42.385603', 'client 52500740 bid 1 fd_image Timeout')
('2015-02-07 11:30:02.378695', '\r\n\r\n\r\n\r\n\r\n\r\n\r\n\r\n\r\n\r\n\r\n<XML><ERRORCODE>110</ERRORCODE><ERRORSTRING>没有正在举行的拍卖会，请注意拍卖公告！</ERRORSTRING><ERRORSTRING_EN>Auction is not begin!</ERRORSTRING_EN></XML>')
('2015-02-07 11:30:02.378827', "client 52500740 bid 2 fd_image ack error {'body': '\\r\\n\\r\\n\\r\\n\\r\\n\\r\\n\\r\\n\\r\\n\\r\\n\\r\\n\\r\\n\\r\\n<XML><ERRORCODE>110</ERRORCODE><ERRORSTRING>没有正在举行的拍卖会，请注意拍卖公告！</ERRORSTRING><ERRORSTRING_EN>Auction is not begin!</ERRORSTRING_EN></XML>', 'status': 200, 'head': 'Connection: close\\nDate: Sat, 07 Feb 2015 03:30:02 GMT\\nServer: Microsoft-IIS/6.0\\nSet-Cookie: JSESSIONID=148016B6CE8885D7256C39472D951315; Path=/car\\nContent-Type: text/html;charset=GBK\\nContent-Length: 178\\n\\n'}")
('2015-02-07 11:30:02.382055', '\r\n\r\n\r\n\r\n\r\n\r\n\r\n\r\n\r\n\r\n\r\n<XML><ERRORCODE>110</ERRORCODE><ERRORSTRING>没有正在举行的拍卖会，请注意拍卖公告！</ERRORSTRING><ERRORSTRING_EN>Auction is not begin!</ERRORSTRING_EN></XML>')
('2015-02-07 11:30:02.382177', "client 52518461 bid 2 fd_image ack error {'body': '\\r\\n\\r\\n\\r\\n\\r\\n\\r\\n\\r\\n\\r\\n\\r\\n\\r\\n\\r\\n\\r\\n<XML><ERRORCODE>110</ERRORCODE><ERRORSTRING>没有正在举行的拍卖会，请注意拍卖公告！</ERRORSTRING><ERRORSTRING_EN>Auction is not begin!</ERRORSTRING_EN></XML>', 'status': 200, 'head': 'Connection: close\\nDate: Sat, 07 Feb 2015 03:30:03 GMT\\nServer: Microsoft-IIS/6.0\\nSet-Cookie: JSESSIONID=7CB7D01B01C73174BA28FE75C9F00572; Path=/car\\nContent-Type: text/html;charset=GBK\\nContent-Length: 178\\n\\n'}")
('2015-02-07 11:30:02.384752', '\r\n\r\n\r\n\r\n\r\n\r\n\r\n\r\n\r\n\r\n\r\n<XML><ERRORCODE>110</ERRORCODE><ERRORSTRING>没有正在举行的拍卖会，请注意拍卖公告！</ERRORSTRING><ERRORSTRING_EN>Auction is not begin!</ERRORSTRING_EN></XML>')
('2015-02-07 11:30:02.384873', "client 52504167 bid 2 fd_image ack error {'body': '\\r\\n\\r\\n\\r\\n\\r\\n\\r\\n\\r\\n\\r\\n\\r\\n\\r\\n\\r\\n\\r\\n<XML><ERRORCODE>110</ERRORCODE><ERRORSTRING>没有正在举行的拍卖会，请注意拍卖公告！</ERRORSTRING><ERRORSTRING_EN>Auction is not begin!</ERRORSTRING_EN></XML>', 'status': 200, 'head': 'Connection: close\\nDate: Sat, 07 Feb 2015 03:30:03 GMT\\nServer: Microsoft-IIS/6.0\\nSet-Cookie: JSESSIONID=1CAEA9A9CF4C7DD269F85C206AA51C3C; Path=/car\\nContent-Type: text/html;charset=GBK\\nContent-Length: 178\\n\\n'}")
('2015-02-07 11:30:02.596033', '\r\n\r\n\r\n\r\n\r\n\r\n\r\n\r\n\r\n\r\n\r\n<XML><ERRORCODE>101</ERRORCODE><ERRORSTRING>您的操作太过频繁，请稍后再试！</ERRORSTRING><ERRORSTRING_EN>Please try again slightly!</ERRORSTRING_EN></XML>')
('2015-02-07 11:30:02.596157', "client 52518461 bid 2 fd_image ack error {'body': '\\r\\n\\r\\n\\r\\n\\r\\n\\r\\n\\r\\n\\r\\n\\r\\n\\r\\n\\r\\n\\r\\n<XML><ERRORCODE>101</ERRORCODE><ERRORSTRING>您的操作太过频繁，请稍后再试！</ERRORSTRING><ERRORSTRING_EN>Please try again slightly!</ERRORSTRING_EN></XML>', 'status': 200, 'head': 'Connection: close\\nDate: Sat, 07 Feb 2015 03:30:03 GMT\\nServer: Microsoft-IIS/6.0\\nSet-Cookie: JSESSIONID=D13B0068D181641F064AC9D775E946BE; Path=/car\\nContent-Type: text/html;charset=GBK\\nContent-Length: 175\\n\\n'}")
('2015-02-07 11:30:03.039465', 'client 52398497 bid 2 fd_image Timeout')
('2015-02-07 11:30:03.659100', '\r\n\r\n\r\n\r\n\r\n\r\n\r\n\r\n\r\n\r\n\r\n<XML><ERRORCODE>110</ERRORCODE><ERRORSTRING>没有正在举行的拍卖会，请注意拍卖公告！</ERRORSTRING><ERRORSTRING_EN>Auction is not begin!</ERRORSTRING_EN></XML>')
('2015-02-07 11:30:03.659228', "client 52398497 bid 2 fd_image ack error {'body': '\\r\\n\\r\\n\\r\\n\\r\\n\\r\\n\\r\\n\\r\\n\\r\\n\\r\\n\\r\\n\\r\\n<XML><ERRORCODE>110</ERRORCODE><ERRORSTRING>没有正在举行的拍卖会，请注意拍卖公告！</ERRORSTRING><ERRORSTRING_EN>Auction is not begin!</ERRORSTRING_EN></XML>', 'status': 200, 'head': 'Connection: close\\nDate: Sat, 07 Feb 2015 03:30:04 GMT\\nServer: Microsoft-IIS/6.0\\nSet-Cookie: JSESSIONID=6425329B3D51035CA92E6DC586FD3135; Path=/car\\nContent-Type: text/html;charset=GBK\\nContent-Length: 178\\n\\n'}")
('2015-02-07 11:30:06.661659', '\r\n\r\n\r\n\r\n\r\n\r\n\r\n\r\n\r\n\r\n\r\n<XML><ERRORCODE>110</ERRORCODE><ERRORSTRING>没有正在举行的拍卖会，请注意拍卖公告！</ERRORSTRING><ERRORSTRING_EN>Auction is not begin!</ERRORSTRING_EN></XML>')
('2015-02-07 11:30:06.661786', "client 52398497 bid 2 fd_image ack error {'body': '\\r\\n\\r\\n\\r\\n\\r\\n\\r\\n\\r\\n\\r\\n\\r\\n\\r\\n\\r\\n\\r\\n<XML><ERRORCODE>110</ERRORCODE><ERRORSTRING>没有正在举行的拍卖会，请注意拍卖公告！</ERRORSTRING><ERRORSTRING_EN>Auction is not begin!</ERRORSTRING_EN></XML>', 'status': 200, 'head': 'Connection: close\\nDate: Sat, 07 Feb 2015 03:30:07 GMT\\nServer: Microsoft-IIS/6.0\\nSet-Cookie: JSESSIONID=1B40E67EAECAA3AEA7D0D8369372ED78; Path=/car\\nContent-Type: text/html;charset=GBK\\nContent-Length: 178\\n\\n'}")
('2015-02-07 11:30:09.390848', 'client 52500740 bid 2 fd_image Timeout')
('2015-02-07 11:30:09.393605', 'client 52504167 bid 2 fd_image Timeout')
('2015-02-07 11:30:09.401442', '\r\n\r\n\r\n\r\n\r\n\r\n\r\n\r\n\r\n\r\n\r\n<XML><ERRORCODE>110</ERRORCODE><ERRORSTRING>没有正在举行的拍卖会，请注意拍卖公告！</ERRORSTRING><ERRORSTRING_EN>Auction is not begin!</ERRORSTRING_EN></XML>')
('2015-02-07 11:30:09.401567', "client 52500740 bid 2 fd_image ack error {'body': '\\r\\n\\r\\n\\r\\n\\r\\n\\r\\n\\r\\n\\r\\n\\r\\n\\r\\n\\r\\n\\r\\n<XML><ERRORCODE>110</ERRORCODE><ERRORSTRING>没有正在举行的拍卖会，请注意拍卖公告！</ERRORSTRING><ERRORSTRING_EN>Auction is not begin!</ERRORSTRING_EN></XML>', 'status': 200, 'head': 'Connection: close\\nDate: Sat, 07 Feb 2015 03:30:09 GMT\\nServer: Microsoft-IIS/6.0\\nSet-Cookie: JSESSIONID=C49CFD532546944DDFEC3DA2178B77B7; Path=/car\\nContent-Type: text/html;charset=GBK\\nContent-Length: 178\\n\\n'}")
('2015-02-07 11:30:12.393139', 'client 52518461 bid 2 fd_image Timeout')
('2015-02-07 11:30:16.396436', 'client 52504167 bid 2 fd_image Timeout')
