('2015-02-07 10:01:31.532210', 'client 52471854 login 王浚屹 330902198010210015')
('2015-02-07 10:01:31.589823', 'client 52518461 login 杨晓薇 310115198509270986')
('2015-02-07 10:01:33.020035', 'client 52590653 login 杨海云 230105197603182328')
('2015-02-07 10:01:33.092255', 'client 52500740 login 邢雅隽 650102197812210726')
('2015-02-07 10:01:34.519188', 'client 52542411 login 陆晓明 310112197610140023')
('2015-02-07 10:01:34.595640', 'client 52398497 login 张武泓 310112196803140615')
('2015-02-07 10:01:36.019281', 'client 52585909 login 杨建敏 350104198009284052')
('2015-02-07 10:01:36.102092', 'client 52504167 login 余雅萍 310104195911023622')
('2015-02-07 10:01:37.519651', 'client 52374632 login 陈忆 310110197703158422')
('2015-02-07 10:34:14.599598', 'client 52585909 bid 0 image 0DB8BC7084E4083DB9DBC91732733EBA 946391 ')
('2015-02-07 10:34:14.615495', 'client 52585909 bid 0 price 73700 杨建敏 350104198009284052')
('2015-02-07 10:34:18.027050', 'client 52500740 bid 0 image 7061475EC6E6286F114B659461589808 351629 ')
('2015-02-07 10:34:18.860185', 'client 52518461 bid 0 image 8112DE36B9A69DB293BB46BC5199DE70 618160 ')
('2015-02-07 10:34:21.957850', 'client 52398497 bid 0 image A765F67F355B992080AC9AFB4C7084A8 050846 ')
('2015-02-07 10:34:21.975899', 'client 52398497 bid 0 price 73700 张武泓 310112196803140615')
('2015-02-07 10:34:24.387015', 'client 52374632 bid 0 image E18C3FA44CC0B63AF3B1D5E258F06AF1 050625 ')
('2015-02-07 10:34:24.405708', 'client 52374632 bid 0 price 73700 陈忆 310110197703158422')
('2015-02-07 10:34:31.047342', 'client 52471854 bid 0 image E951D8889CAE6D8D3664413B26AFCBF7 264828 ')
('2015-02-07 10:34:34.499368', 'client 52471854 bid 0 price 73700 王浚屹 330902198010210015')
('2015-02-07 10:34:52.034721', 'client 52500740 bid 0 price Failed')
('2015-02-07 10:34:52.034914', 'client 52500740 bid 0 failed. Abort.....')
('2015-02-07 10:34:52.869988', 'client 52518461 bid 0 price Failed')
('2015-02-07 10:34:52.870138', 'client 52518461 bid 0 failed. Abort.....')
('2015-02-07 10:34:54.689767', 'client 52504167 bid 0 image 07D13F8131654CA7DEED517209DDF326 363648 ')
('2015-02-07 10:34:54.709534', 'client 52504167 bid 0 price 73700 余雅萍 310104195911023622')
('2015-02-07 10:34:58.649988', 'client 52542411 bid 0 image 3773B33957A9A60D9F9850E3D8143CAA 825084 ')
('2015-02-07 10:35:01.987147', 'client 52590653 bid 0 image 07C34977B7B6CB4CFAC5B3768590141E 606150 ')
('2015-02-07 10:35:04.211918', 'client 52590653 bid 0 price 73700 杨海云 230105197603182328')
('2015-02-07 10:35:05.007673', 'client 52542411 bid 0 price 73700 陆晓明 310112197610140023')
('2015-02-07 10:35:27.851354', 'client 52500740 bid 0 image 9E6EAC0C0431708EA2CEF787050C1A98 616391 ')
('2015-02-07 10:35:29.305010', 'client 52518461 bid 0 image 8CAA400055C24FFF3FAF6B87A194C302 946150 ')
('2015-02-07 10:35:29.855389', 'client 52500740 bid 0 price 73700 meet err_112 邢雅隽 650102197812210726')
('2015-02-07 10:35:31.309846', 'client 52518461 bid 0 price 73700 meet err_112 杨晓薇 310115198509270986')
('2015-02-07 10:35:59.855804', 'client 52500740 bid 0 price Failed')
('2015-02-07 10:35:59.855998', 'client 52500740 bid 0 failed. Abort.....')
('2015-02-07 10:36:01.310202', 'client 52518461 bid 0 price Failed')
('2015-02-07 10:36:01.310398', 'client 52518461 bid 0 failed. Abort.....')
('2015-02-07 11:29:35.707524', 'client 52504167 bid 1 image 5557EB34364DE70558794DA2CA8A900D 452946 ')
('2015-02-07 11:29:35.711340', 'client 52398497 bid 1 image C0A5B6DB40BBC7C17EEAA3E45CC3F412 164835 ')
('2015-02-07 11:29:35.714055', 'client 52585909 bid 1 image 57F561FE1662DAAAC1E647FD5825DB24 616251 ')
('2015-02-07 11:29:36.239544', 'client 52518461 bid 1 image 228FFE1882B87AD7C49260158F354223 463609 ')
('2015-02-07 11:29:37.082166', 'client 52374632 bid 1 image 3E9ED571B033A422F7AB3C17A0C759FE 281605 ')
('2015-02-07 11:29:38.668345', 'client 52471854 bid 1 image 3160A8CFBD1F844D44F34399B9271AF9 060926 ')
('2015-02-07 11:29:42.680020', 'client 52590653 bid 1 image 997218E4CFBDE973F51380A603A83C4A 183638 ')
('2015-02-07 11:29:42.698422', 'client 52500740 bid 1 image 713F4A9A137E9138530B69B266608778 481938 ')
('2015-02-07 11:29:44.081043', 'client 52542411 bid 1 image 42CE2A0E82D05520EB59C344A2D9E0D2 390835 ')
('2015-02-07 11:29:56.015980', 'client 52585909 bid 1 cancel')
('2015-02-07 11:29:56.016164', 'client 52585909 bid 1 price Failed')
('2015-02-07 11:29:56.016249', 'client 52585909 bid 1 failed. Abort.....')
('2015-02-07 11:29:56.018008', 'client 52471854 bid 1 cancel')
('2015-02-07 11:29:56.018115', 'client 52471854 bid 1 price Failed')
('2015-02-07 11:29:56.018192', 'client 52471854 bid 1 failed. Abort.....')
('2015-02-07 11:29:56.020332', 'client 52542411 bid 1 cancel')
('2015-02-07 11:29:56.020445', 'client 52542411 bid 1 price Failed')
('2015-02-07 11:29:56.020525', 'client 52542411 bid 1 failed. Abort.....')
('2015-02-07 11:29:56.021164', 'client 52500740 bid 1 cancel')
('2015-02-07 11:29:56.021320', 'client 52500740 bid 1 price Failed')
('2015-02-07 11:29:56.022403', 'client 52500740 bid 1 failed. Abort.....')
('2015-02-07 11:29:56.024799', 'client 52518461 bid 1 cancel')
('2015-02-07 11:29:56.024930', 'client 52518461 bid 1 price Failed')
('2015-02-07 11:29:56.025014', 'client 52518461 bid 1 failed. Abort.....')
('2015-02-07 11:29:56.025746', 'client 52504167 bid 1 cancel')
('2015-02-07 11:29:56.025853', 'client 52504167 bid 1 price Failed')
('2015-02-07 11:29:56.025932', 'client 52504167 bid 1 failed. Abort.....')
('2015-02-07 11:29:56.026597', 'client 52374632 bid 1 cancel')
('2015-02-07 11:29:56.026780', 'client 52374632 bid 1 price Failed')
('2015-02-07 11:29:56.026862', 'client 52374632 bid 1 failed. Abort.....')
('2015-02-07 11:29:56.028984', 'client 52398497 bid 1 cancel')
('2015-02-07 11:29:56.029084', 'client 52398497 bid 1 price Failed')
('2015-02-07 11:29:56.029179', 'client 52398497 bid 1 failed. Abort.....')
('2015-02-07 11:29:56.034341', 'client 52590653 bid 1 cancel')
('2015-02-07 11:29:56.034449', 'client 52590653 bid 1 price Failed')
('2015-02-07 11:29:56.034586', 'client 52590653 bid 1 failed. Abort.....')
('2015-02-07 11:29:56.257238', 'client 52374632 bid 2 image 89DA8785A133B681467790C0E3018F4C 546051 ')
('2015-02-07 11:29:56.317150', 'client 52471854 bid 2 image C73852F484C7838C711094F4DCEAFC95 281605 ')
('2015-02-07 11:29:56.331579', 'client 52590653 bid 2 image 9B5D2FEDD8C8BED365661578879EEEB5 625182 ')
('2015-02-07 11:29:56.381364', 'client 52471854 bid 2 price 76700 王浚屹 330902198010210015')
('2015-02-07 11:29:56.394746', 'client 52542411 bid 2 image 8495CA8FFD814154E35547D776393AE6 808360 ')
('2015-02-07 11:29:56.437748', 'client 52542411 bid 2 price 76700 陆晓明 310112197610140023')
('2015-02-07 11:29:56.889550', 'client 52374632 bid 2 price 76700 陈忆 310110197703158422')
('2015-02-07 11:29:57.695301', 'client 52585909 bid 2 image B01EE33C828E934001F2067033E7B8F6 464549 ')
('2015-02-07 11:29:57.721323', 'client 52585909 bid 2 price 76700 杨建敏 350104198009284052')
('2015-02-07 11:29:58.970788', 'client 52590653 bid 2 price 76700 杨海云 230105197603182328')
('2015-02-07 11:30:06.391619', "client 52471854 bids finished. price : ['73700', None, '76700'] . Quit.....")
('2015-02-07 11:30:06.446652', "client 52542411 bids finished. price : ['73700', None, '76700'] . Quit.....")
('2015-02-07 11:30:06.662355', 'client 52398497 bid 2 image Failed')
('2015-02-07 11:30:06.662481', 'client 52398497 bid 2 failed. Abort.....')
('2015-02-07 11:30:06.899276', "client 52374632 bids finished. price : ['73700', None, '76700'] . Quit.....")
('2015-02-07 11:30:07.731573', "client 52585909 bids finished. price : ['73700', None, '76700'] . Quit.....")
('2015-02-07 11:30:08.981036', "client 52590653 bids finished. price : ['73700', None, '76700'] . Quit.....")
('2015-02-07 11:30:09.402054', 'client 52500740 bid 2 image Failed')
('2015-02-07 11:30:09.402157', 'client 52500740 bid 2 failed. Abort.....')
('2015-02-07 11:30:12.393331', 'client 52518461 bid 2 image Failed')
('2015-02-07 11:30:12.393419', 'client 52518461 bid 2 failed. Abort.....')
('2015-02-07 11:30:16.396650', 'client 52504167 bid 2 image Failed')
('2015-02-07 11:30:16.396738', 'client 52504167 bid 2 failed. Abort.....')
('2015-02-07 11:30:16.670256', "client 52398497 bids finished. price : ['73700', None, None] . Quit.....")
('2015-02-07 11:30:19.412394', 'client 52500740 bids finished. price : [None, None, None] . Quit.....')
('2015-02-07 11:30:22.403653', 'client 52518461 bids finished. price : [None, None, None] . Quit.....')
('2015-02-07 11:30:26.406950', "client 52504167 bids finished. price : ['73700', None, None] . Quit.....")
