('2015-02-07 10:34:03.940844', 'client 52779535 bid 0 fd_image info channel error')
('2015-02-07 10:34:03.942037', 'client 52562290 bid 0 fd_image info channel error')
('2015-02-07 10:34:03.946899', 'client 52531902 bid 0 fd_image info channel error')
('2015-02-07 10:34:03.950182', 'client 52507677 bid 0 fd_image info channel error')
('2015-02-07 10:34:04.052695', '\r\n\r\n\r\n\r\n\r\n\r\n\r\n\r\n\r\n\r\n\r\n<XML><ERRORCODE>101</ERRORCODE><ERRORSTRING>您的操作太过频繁，请稍后再试！</ERRORSTRING><ERRORSTRING_EN>Please try again slightly!</ERRORSTRING_EN></XML>')
('2015-02-07 10:34:04.052766', "client 52531902 bid 0 fd_image ack error {'head': 'Connection: close\\nDate: Sat, 07 Feb 2015 02:34:04 GMT\\nServer: Microsoft-IIS/6.0\\nSet-Cookie: JSESSIONID=4CEF0E72C3F049C9643824417CB7824F; Path=/car\\nContent-Type: text/html;charset=GBK\\nContent-Length: 175\\n\\n', 'status': 200, 'body': '\\r\\n\\r\\n\\r\\n\\r\\n\\r\\n\\r\\n\\r\\n\\r\\n\\r\\n\\r\\n\\r\\n<XML><ERRORCODE>101</ERRORCODE><ERRORSTRING>您的操作太过频繁，请稍后再试！</ERRORSTRING><ERRORSTRING_EN>Please try again slightly!</ERRORSTRING_EN></XML>'}")
('2015-02-07 10:34:04.859397', 'client 52562290 bid 0 fd_image info channel error')
('2015-02-07 10:34:17.235824', 'client 52540954 bid 0 fd_price info channel error')
('2015-02-07 10:34:17.542638', 'client 52540954 bid 0 fd_price info channel error')
('2015-02-07 10:34:26.483441', '\r\n\r\n\r\n\r\n\r\n\r\n\r\n\r\n\r\n\r\n<XML><ERRORCODE>311</ERRORCODE><ERRORSTRING>图像校验码错误！</ERRORSTRING><ERRORSTRING_EN>Image checksum error！</ERRORSTRING_EN></XML>')
('2015-02-07 10:34:26.483515', "client 52540954 bid 0 fd_price ack error {'errcode': '311', 'errstring': '图像校验码错误！'}")
('2015-02-07 10:34:27.700387', '\r\n\r\n\r\n\r\n\r\n\r\n\r\n\r\n\r\n\r\n<XML><ERRORCODE>311</ERRORCODE><ERRORSTRING>图像校验码错误！</ERRORSTRING><ERRORSTRING_EN>Image checksum error！</ERRORSTRING_EN></XML>')
('2015-02-07 10:34:27.700502', "client 52507677 bid 0 fd_price ack error {'errcode': '311', 'errstring': '图像校验码错误！'}")
('2015-02-07 10:34:29.173910', '\r\n\r\n\r\n\r\n\r\n\r\n\r\n\r\n\r\n\r\n<XML><ERRORCODE>311</ERRORCODE><ERRORSTRING>图像校验码错误！</ERRORSTRING><ERRORSTRING_EN>Image checksum error！</ERRORSTRING_EN></XML>')
('2015-02-07 10:34:29.174035', "client 52779535 bid 0 fd_price ack error {'errcode': '311', 'errstring': '图像校验码错误！'}")
('2015-02-07 10:34:32.313998', 'client 52475316 bid 0 fd_image Timeout')
('2015-02-07 10:34:32.315954', 'client 52562290 bid 0 fd_image Timeout')
('2015-02-07 10:34:32.324665', 'client 52528674 bid 0 fd_image Timeout')
('2015-02-07 10:34:37.052704', 'client 52531902 bid 0 fd_image Timeout')
('2015-02-07 10:34:44.948199', '\r\n\r\n\r\n\r\n\r\n\r\n\r\n\r\n\r\n\r\n<XML><ERRORCODE>311</ERRORCODE><ERRORSTRING>图像校验码错误！</ERRORSTRING><ERRORSTRING_EN>Image checksum error！</ERRORSTRING_EN></XML>')
('2015-02-07 10:34:44.948315', "client 52485181 bid 0 fd_price ack error {'errcode': '311', 'errstring': '图像校验码错误！'}")
('2015-02-07 10:34:58.036435', '\r\n\r\n\r\n\r\n\r\n\r\n\r\n\r\n\r\n\r\n<XML><ERRORCODE>311</ERRORCODE><ERRORSTRING>图像校验码错误！</ERRORSTRING><ERRORSTRING_EN>Image checksum error！</ERRORSTRING_EN></XML>')
('2015-02-07 10:34:58.036547', "client 52485181 bid 0 fd_price ack error {'errcode': '311', 'errstring': '图像校验码错误！'}")
('2015-02-07 10:35:01.787924', '\r\n\r\n\r\n\r\n\r\n\r\n\r\n\r\n\r\n\r\n<XML><ERRORCODE>311</ERRORCODE><ERRORSTRING>图像校验码错误！</ERRORSTRING><ERRORSTRING_EN>Image checksum error！</ERRORSTRING_EN></XML>')
('2015-02-07 10:35:01.788038', "client 52475316 bid 0 fd_price ack error {'errcode': '311', 'errstring': '图像校验码错误！'}")
('2015-02-07 10:35:01.827775', '\r\n\r\n\r\n\r\n\r\n\r\n\r\n\r\n\r\n\r\n<XML><ERRORCODE>311</ERRORCODE><ERRORSTRING>图像校验码错误！</ERRORSTRING><ERRORSTRING_EN>Image checksum error！</ERRORSTRING_EN></XML>')
('2015-02-07 10:35:01.827882', "client 52531902 bid 0 fd_price ack error {'errcode': '311', 'errstring': '图像校验码错误！'}")
('2015-02-07 10:35:02.318589', 'client 52562290 bid 0 fd_image Timeout')
('2015-02-07 10:35:02.326543', 'client 52528674 bid 0 fd_image Timeout')
('2015-02-07 10:35:17.606145', 'client 52540954 bid 0 fd_image Timeout')
('2015-02-07 10:35:36.073988', 'client 52485181 bid 0 fd_image Timeout')
('2015-02-07 10:36:06.077860', 'client 52485181 bid 0 fd_image Timeout')
('2015-02-07 10:36:31.352681', '\r\n\r\n\r\n\r\n\r\n\r\n\r\n\r\n\r\n\r\n<XML><ERRORCODE>112</ERRORCODE><ERRORSTRING>首次出价时段不能进行修改出价！</ERRORSTRING><ERRORSTRING_EN>Can not modify the bid amount in bid time!</ERRORSTRING_EN></XML>\r\n')
('2015-02-07 10:36:31.352799', "client 52540954 bid 0 fd_price ack error {'errcode': '112', 'errstring': '首次出价时段不能进行修改出价！'}")
('2015-02-07 10:36:36.079665', 'client 52485181 bid 0 fd_image Timeout')
('2015-02-07 10:36:43.167669', 'client 52540954 bid 0 fd_image Timeout')
('2015-02-07 10:36:59.124600', '\r\n\r\n\r\n\r\n\r\n\r\n\r\n\r\n\r\n\r\n<XML><ERRORCODE>311</ERRORCODE><ERRORSTRING>图像校验码错误！</ERRORSTRING><ERRORSTRING_EN>Image checksum error！</ERRORSTRING_EN></XML>')
('2015-02-07 10:36:59.124716', "client 52562290 bid 0 fd_price ack error {'errcode': '311', 'errstring': '图像校验码错误！'}")
('2015-02-07 10:37:15.112681', 'client 52562290 bid 0 fd_price info channel error')
('2015-02-07 10:37:15.465978', 'client 52540954 bid 0 fd_price info channel error')
('2015-02-07 10:37:25.388799', 'client 52540954 bid 0 fd_image info channel error')
('2015-02-07 10:37:28.770398', 'client 52475316 bid 0 fd_price info channel error')
('2015-02-07 10:37:39.959138', '\r\n\r\n\r\n\r\n\r\n\r\n\r\n\r\n\r\n\r\n<XML><ERRORCODE>112</ERRORCODE><ERRORSTRING>首次出价时段不能进行修改出价！</ERRORSTRING><ERRORSTRING_EN>Can not modify the bid amount in bid time!</ERRORSTRING_EN></XML>\r\n')
('2015-02-07 10:37:39.959206', "client 52485181 bid 0 fd_price ack error {'errcode': '112', 'errstring': '首次出价时段不能进行修改出价！'}")
('2015-02-07 10:37:39.988262', '\r\n\r\n\r\n\r\n\r\n\r\n\r\n\r\n\r\n\r\n<XML><ERRORCODE>311</ERRORCODE><ERRORSTRING>图像校验码错误！</ERRORSTRING><ERRORSTRING_EN>Image checksum error！</ERRORSTRING_EN></XML>')
('2015-02-07 10:37:39.988368', "client 52485181 bid 0 fd_price ack error {'errcode': '311', 'errstring': '图像校验码错误！'}")
('2015-02-07 10:37:41.172194', '\r\n\r\n\r\n\r\n\r\n\r\n\r\n\r\n\r\n\r\n<XML><ERRORCODE>311</ERRORCODE><ERRORSTRING>图像校验码错误！</ERRORSTRING><ERRORSTRING_EN>Image checksum error！</ERRORSTRING_EN></XML>')
('2015-02-07 10:37:41.172307', "client 52562290 bid 0 fd_price ack error {'errcode': '311', 'errstring': '图像校验码错误！'}")
('2015-02-07 10:37:41.556945', '\r\n\r\n\r\n\r\n\r\n\r\n\r\n\r\n\r\n\r\n<XML><ERRORCODE>311</ERRORCODE><ERRORSTRING>图像校验码错误！</ERRORSTRING><ERRORSTRING_EN>Image checksum error！</ERRORSTRING_EN></XML>')
('2015-02-07 10:37:41.557079', "client 52540954 bid 0 fd_price ack error {'errcode': '311', 'errstring': '图像校验码错误！'}")
('2015-02-07 10:37:41.764426', '\r\n\r\n\r\n\r\n\r\n\r\n\r\n\r\n\r\n\r\n<XML><ERRORCODE>311</ERRORCODE><ERRORSTRING>图像校验码错误！</ERRORSTRING><ERRORSTRING_EN>Image checksum error！</ERRORSTRING_EN></XML>')
('2015-02-07 10:37:41.764543', "client 52475316 bid 0 fd_price ack error {'errcode': '311', 'errstring': '图像校验码错误！'}")
('2015-02-07 10:38:13.492724', '\r\n\r\n\r\n\r\n\r\n\r\n\r\n\r\n\r\n\r\n<XML><ERRORCODE>311</ERRORCODE><ERRORSTRING>图像校验码错误！</ERRORSTRING><ERRORSTRING_EN>Image checksum error！</ERRORSTRING_EN></XML>')
('2015-02-07 10:38:13.492851', "client 52540954 bid 0 fd_price ack error {'errcode': '311', 'errstring': '图像校验码错误！'}")
('2015-02-07 10:38:13.495532', '\r\n\r\n\r\n\r\n\r\n\r\n\r\n\r\n\r\n\r\n<XML><ERRORCODE>311</ERRORCODE><ERRORSTRING>图像校验码错误！</ERRORSTRING><ERRORSTRING_EN>Image checksum error！</ERRORSTRING_EN></XML>')
('2015-02-07 10:38:13.495638', "client 52540954 bid 0 fd_price ack error {'errcode': '311', 'errstring': '图像校验码错误！'}")
('2015-02-07 10:38:42.158859', 'client 52562290 bid 0 fd_price info channel error')
('2015-02-07 10:38:42.286971', '\r\n\r\n\r\n\r\n\r\n\r\n\r\n\r\n\r\n\r\n<XML><ERRORCODE>311</ERRORCODE><ERRORSTRING>图像校验码错误！</ERRORSTRING><ERRORSTRING_EN>Image checksum error！</ERRORSTRING_EN></XML>')
('2015-02-07 10:38:42.287078', "client 52562290 bid 0 fd_price ack error {'errcode': '311', 'errstring': '图像校验码错误！'}")
('2015-02-07 10:38:45.231041', 'client 52528674 bid 0 fd_price info channel error')
('2015-02-07 10:38:45.339864', '\r\n\r\n\r\n\r\n\r\n\r\n\r\n\r\n\r\n\r\n<XML><ERRORCODE>311</ERRORCODE><ERRORSTRING>图像校验码错误！</ERRORSTRING><ERRORSTRING_EN>Image checksum error！</ERRORSTRING_EN></XML>')
('2015-02-07 10:38:45.339980', "client 52528674 bid 0 fd_price ack error {'errcode': '311', 'errstring': '图像校验码错误！'}")
('2015-02-07 10:38:47.023205', 'client 52528674 bid 0 fd_price info channel error')
('2015-02-07 10:39:00.464357', 'client 52485181 bid 0 fd_price info channel error')
('2015-02-07 10:39:00.607321', '\r\n\r\n\r\n\r\n\r\n\r\n\r\n\r\n\r\n\r\n<XML><ERRORCODE>311</ERRORCODE><ERRORSTRING>图像校验码错误！</ERRORSTRING><ERRORSTRING_EN>Image checksum error！</ERRORSTRING_EN></XML>')
('2015-02-07 10:39:00.607430', "client 52485181 bid 0 fd_price ack error {'errcode': '311', 'errstring': '图像校验码错误！'}")
('2015-02-07 10:39:05.455734', 'client 52485181 bid 0 fd_image info channel error')
('2015-02-07 10:39:10.320138', 'client 52540954 bid 0 fd_price info channel error')
('2015-02-07 10:39:10.430080', '\r\n\r\n\r\n\r\n\r\n\r\n\r\n\r\n\r\n\r\n<XML><ERRORCODE>311</ERRORCODE><ERRORSTRING>图像校验码错误！</ERRORSTRING><ERRORSTRING_EN>Image checksum error！</ERRORSTRING_EN></XML>')
('2015-02-07 10:39:10.430146', "client 52540954 bid 0 fd_price ack error {'errcode': '311', 'errstring': '图像校验码错误！'}")
('2015-02-07 10:39:10.575144', 'client 52540954 bid 0 fd_price info channel error')
('2015-02-07 10:39:10.697959', '\r\n\r\n\r\n\r\n\r\n\r\n\r\n\r\n\r\n\r\n<XML><ERRORCODE>311</ERRORCODE><ERRORSTRING>图像校验码错误！</ERRORSTRING><ERRORSTRING_EN>Image checksum error！</ERRORSTRING_EN></XML>')
('2015-02-07 10:39:10.698066', "client 52540954 bid 0 fd_price ack error {'errcode': '311', 'errstring': '图像校验码错误！'}")
('2015-02-07 10:39:31.822856', 'client 52528674 bid 0 fd_image info channel error')
('2015-02-07 10:39:31.823571', 'client 52475316 bid 0 fd_image info channel error')
('2015-02-07 10:39:35.407516', 'client 52485181 bid 0 fd_image info channel error')
('2015-02-07 10:39:36.943988', 'client 52531902 bid 0 fd_image info channel error')
('2015-02-07 10:39:43.087901', 'client 52540954 bid 0 fd_price info channel error')
('2015-02-07 10:39:43.201662', '\r\n\r\n\r\n\r\n\r\n\r\n\r\n\r\n\r\n\r\n<XML><ERRORCODE>311</ERRORCODE><ERRORSTRING>图像校验码错误！</ERRORSTRING><ERRORSTRING_EN>Image checksum error！</ERRORSTRING_EN></XML>')
('2015-02-07 10:39:43.201771', "client 52540954 bid 0 fd_price ack error {'errcode': '311', 'errstring': '图像校验码错误！'}")
('2015-02-07 10:39:47.183213', 'client 52540954 bid 0 fd_price info channel error')
('2015-02-07 10:39:54.351695', 'client 52723477 bid 0 fd_price info channel error')
('2015-02-07 10:39:54.460336', '\r\n\r\n\r\n\r\n\r\n\r\n\r\n\r\n\r\n\r\n<XML><ERRORCODE>311</ERRORCODE><ERRORSTRING>图像校验码错误！</ERRORSTRING><ERRORSTRING_EN>Image checksum error！</ERRORSTRING_EN></XML>')
('2015-02-07 10:39:54.460445', "client 52723477 bid 0 fd_price ack error {'errcode': '311', 'errstring': '图像校验码错误！'}")
('2015-02-07 10:39:56.399574', 'client 52723477 bid 0 fd_price info channel error')
('2015-02-07 10:40:02.031809', 'client 52528674 bid 0 fd_image info channel error')
('2015-02-07 10:40:02.032231', 'client 52562290 bid 0 fd_image info channel error')
('2015-02-07 10:40:03.567431', 'client 52485181 bid 0 fd_price info channel error')
('2015-02-07 10:40:03.676376', '\r\n\r\n\r\n\r\n\r\n\r\n\r\n\r\n\r\n\r\n<XML><ERRORCODE>311</ERRORCODE><ERRORSTRING>图像校验码错误！</ERRORSTRING><ERRORSTRING_EN>Image checksum error！</ERRORSTRING_EN></XML>')
('2015-02-07 10:40:03.676559', "client 52485181 bid 0 fd_price ack error {'errcode': '311', 'errstring': '图像校验码错误！'}")
('2015-02-07 11:29:42.415966', 'client 52485181 bid 1 fd_image Timeout')
('2015-02-07 11:29:42.418730', 'client 52531902 bid 1 fd_image Timeout')
('2015-02-07 11:30:03.118538', 'client 52723477 bid 2 fd_image Timeout')
('2015-02-07 11:30:03.121795', 'client 52475316 bid 2 fd_image Timeout')
('2015-02-07 11:30:09.364427', '\r\n\r\n\r\n\r\n\r\n\r\n\r\n\r\n\r\n\r\n<XML><ERRORCODE>311</ERRORCODE><ERRORSTRING>图像校验码错误！</ERRORSTRING><ERRORSTRING_EN>Image checksum error！</ERRORSTRING_EN></XML>')
('2015-02-07 11:30:09.364541', "client 52528674 bid 2 fd_price ack error {'errcode': '311', 'errstring': '图像校验码错误！'}")
('2015-02-07 11:30:10.121423', 'client 52723477 bid 2 fd_image Timeout')
('2015-02-07 11:30:10.124935', 'client 52475316 bid 2 fd_image Timeout')
('2015-02-07 11:30:11.555904', '\r\n\r\n\r\n\r\n\r\n\r\n\r\n\r\n\r\n\r\n\r\n<XML><ERRORCODE>110</ERRORCODE><ERRORSTRING>没有正在举行的拍卖会，请注意拍卖公告！</ERRORSTRING><ERRORSTRING_EN>Auction is not begin!</ERRORSTRING_EN></XML>')
('2015-02-07 11:30:11.556030', "client 52723477 bid 2 fd_image ack error {'head': 'Connection: close\\nDate: Sat, 07 Feb 2015 03:30:12 GMT\\nServer: Microsoft-IIS/6.0\\nSet-Cookie: JSESSIONID=3D61644C993FC314AB93BFA794B4EEA2; Path=/car\\nContent-Type: text/html;charset=GBK\\nContent-Length: 178\\n\\n', 'status': 200, 'body': '\\r\\n\\r\\n\\r\\n\\r\\n\\r\\n\\r\\n\\r\\n\\r\\n\\r\\n\\r\\n\\r\\n<XML><ERRORCODE>110</ERRORCODE><ERRORSTRING>没有正在举行的拍卖会，请注意拍卖公告！</ERRORSTRING><ERRORSTRING_EN>Auction is not begin!</ERRORSTRING_EN></XML>'}")
('2015-02-07 11:30:17.127959', 'client 52475316 bid 2 fd_image Timeout')
('2015-02-07 11:30:48.502827', '\r\n\r\n\r\n\r\n\r\n\r\n\r\n\r\n\r\n\r\n<XML><ERRORCODE>110</ERRORCODE><ERRORSTRING>没有正在举行的拍卖会，请注意拍卖公告！</ERRORSTRING><ERRORSTRING_EN>Auction is not begin!</ERRORSTRING_EN></XML>\r\n')
('2015-02-07 11:30:48.502938', "client 52507677 bid 2 fd_price ack error {'errcode': '110', 'errstring': '没有正在举行的拍卖会，请注意拍卖公告！'}")
('2015-02-07 11:30:50.612751', '\r\n\r\n\r\n\r\n\r\n\r\n\r\n\r\n\r\n\r\n<XML><ERRORCODE>311</ERRORCODE><ERRORSTRING>图像校验码错误！</ERRORSTRING><ERRORSTRING_EN>Image checksum error！</ERRORSTRING_EN></XML>')
('2015-02-07 11:30:50.612860', "client 52528674 bid 2 fd_price ack error {'errcode': '311', 'errstring': '图像校验码错误！'}")
