('2015-02-07 10:01:31.530291', 'client 52528674 login 汤?华 310115198212111335')
('2015-02-07 10:01:31.531016', 'client 52540954 login 刘全秀 230602197610095749')
('2015-02-07 10:01:33.017630', 'client 52531902 login 魏洋涛 410422198606205952')
('2015-02-07 10:01:33.027838', 'client 52475316 login 朱咏梅 310106196801100428')
('2015-02-07 10:01:34.513496', 'client 52562290 login 张振华 310102196302174013')
('2015-02-07 10:01:34.530306', 'client 52507677 login 陆伟 310110198206025615')
('2015-02-07 10:01:36.017566', 'client 52779535 login 边立蔚 310106197502220424')
('2015-02-07 10:01:36.033799', 'client 52485181 login 卜广齐 321027197709284213')
('2015-02-07 10:01:37.516428', 'client 52723477 login 杜韬 610302197607083012')
('2015-02-07 10:34:13.593151', 'client 52540954 bid 0 image 8A5FA13BD197B6A8380F901AD24EFA6E 548460 ')
('2015-02-07 10:34:14.818071', 'client 52507677 bid 0 image CE1316F2A0E6059266392707994EE2CB 251808 ')
('2015-02-07 10:34:14.836525', 'client 52507677 bid 0 price 73700 陆伟 310110198206025615')
('2015-02-07 10:34:16.288458', 'client 52779535 bid 0 image 9EEB4FE6A60D4CB06CC866A7230E4BC8 516390 ')
('2015-02-07 10:34:16.306489', 'client 52779535 bid 0 price 73700 边立蔚 310106197502220424')
('2015-02-07 10:34:24.545793', 'client 52723477 bid 0 image 064FD9E1622037B1EDFEE61E90077976 619384 ')
('2015-02-07 10:34:26.567320', 'client 52723477 bid 0 price 73700 杜韬 610302197607083012')
('2015-02-07 10:34:32.062320', 'client 52485181 bid 0 image F246E2103C82D4C24BF024FE2AEB5779 506163 ')
('2015-02-07 10:34:47.603178', 'client 52540954 bid 0 price Failed')
('2015-02-07 10:34:47.603371', 'client 52540954 bid 0 failed. Abort.....')
('2015-02-07 10:34:53.436266', 'client 52475316 bid 0 image 901CFCBA42CFF5A49DDC94DCEB265BA0 391646 ')
('2015-02-07 10:34:55.484206', 'client 52531902 bid 0 image A34B97D288BE403862E7FBED9C086FAA 619062 ')
('2015-02-07 10:34:55.659494', 'client 52475316 bid 0 price 73700 朱咏梅 310106196801100428')
('2015-02-07 10:34:55.702091', 'client 52531902 bid 0 price 73700 魏洋涛 410422198606205952')
('2015-02-07 10:35:06.070683', 'client 52485181 bid 0 price Failed')
('2015-02-07 10:35:06.070904', 'client 52485181 bid 0 failed. Abort.....')
('2015-02-07 10:35:12.597126', 'client 52562290 bid 0 image 7899BC937E869F6C8BA189132C9B9192 450649 ')
('2015-02-07 10:35:15.676947', 'client 52528674 bid 0 image 769FE3B832FB39D6F5E2253BD5164549 060946 ')
('2015-02-07 10:35:22.026050', 'client 52528674 bid 0 price 73700 汤?华 310115198212111335')
('2015-02-07 10:35:25.498816', 'client 52562290 bid 0 price 73700 张振华 310102196302174013')
('2015-02-07 10:35:39.153737', 'client 52540954 bid 0 image A391B9576686590DA19907F679E12899 636083 ')
('2015-02-07 10:36:13.165213', 'client 52540954 bid 0 price Failed')
('2015-02-07 10:36:13.165456', 'client 52540954 bid 0 failed. Abort.....')
('2015-02-07 10:36:36.079871', 'client 52485181 bid 0 image Failed')
('2015-02-07 10:36:36.079961', 'client 52485181 bid 0 failed. Abort.....')
('2015-02-07 10:37:13.956390', 'client 52485181 bid 0 image B4B813C627E802C711D952760BC52CEA 152628 ')
('2015-02-07 10:37:21.355667', 'client 52540954 bid 0 image 7A753EFDDAF41177F7A69C9A4E4C2A49 250826 ')
('2015-02-07 10:37:23.358304', 'client 52540954 bid 0 price 73700 meet err_112 刘全秀 230602197610095749')
('2015-02-07 10:37:47.967756', 'client 52485181 bid 0 price Failed')
('2015-02-07 10:37:47.967936', 'client 52485181 bid 0 failed. Abort.....')
('2015-02-07 10:37:53.358791', 'client 52540954 bid 0 price Failed')
('2015-02-07 10:37:53.359017', 'client 52540954 bid 0 failed. Abort.....')
('2015-02-07 11:29:35.779116', 'client 52528674 bid 1 image 3CD2A0E81A9A44A6E6347CBCCF1D7A87 463616 ')
('2015-02-07 11:29:35.954038', 'client 52475316 bid 1 image 870F8ABC913B4EC5F718BD9CAA2DF7D9 835260 ')
('2015-02-07 11:29:37.034332', 'client 52562290 bid 1 image 2F1BB27CC616BBA4D49B8326AD29A304 461616 ')
('2015-02-07 11:29:37.090950', 'client 52723477 bid 1 image 01D4B03E30FDDA1181E41F08D0F3B71B 919361 ')
('2015-02-07 11:29:37.107130', 'client 52507677 bid 1 image CAB98229ED9ACC55F30A7A53A7E9A3A4 284639 ')
('2015-02-07 11:29:37.128819', 'client 52779535 bid 1 image EE8186C756559719CC104768113D566A 053515 ')
('2015-02-07 11:29:38.787046', 'client 52540954 bid 1 image 572494B85829A60300E3256A2F57801A 451918 ')
('2015-02-07 11:29:42.838897', 'client 52531902 bid 1 image 8D6911F4A067FC26956C23CD8CA5C313 482525 ')
('2015-02-07 11:29:44.134654', 'client 52485181 bid 1 image 66824E72534A860401FCDE9874EF172B 826483 ')
('2015-02-07 11:29:56.093320', 'client 52540954 bid 1 cancel')
('2015-02-07 11:29:56.093524', 'client 52540954 bid 1 price Failed')
('2015-02-07 11:29:56.093611', 'client 52540954 bid 1 failed. Abort.....')
('2015-02-07 11:29:56.094375', 'client 52528674 bid 1 cancel')
('2015-02-07 11:29:56.094498', 'client 52528674 bid 1 price Failed')
('2015-02-07 11:29:56.094576', 'client 52528674 bid 1 failed. Abort.....')
('2015-02-07 11:29:56.097087', 'client 52779535 bid 1 cancel')
('2015-02-07 11:29:56.097226', 'client 52779535 bid 1 price Failed')
('2015-02-07 11:29:56.097361', 'client 52779535 bid 1 failed. Abort.....')
('2015-02-07 11:29:56.098425', 'client 52723477 bid 1 cancel')
('2015-02-07 11:29:56.098537', 'client 52723477 bid 1 price Failed')
('2015-02-07 11:29:56.098614', 'client 52723477 bid 1 failed. Abort.....')
('2015-02-07 11:29:56.099252', 'client 52475316 bid 1 cancel')
('2015-02-07 11:29:56.099363', 'client 52475316 bid 1 price Failed')
('2015-02-07 11:29:56.099440', 'client 52475316 bid 1 failed. Abort.....')
('2015-02-07 11:29:56.100077', 'client 52562290 bid 1 cancel')
('2015-02-07 11:29:56.100186', 'client 52562290 bid 1 price Failed')
('2015-02-07 11:29:56.100262', 'client 52562290 bid 1 failed. Abort.....')
('2015-02-07 11:29:56.107308', 'client 52531902 bid 1 cancel')
('2015-02-07 11:29:56.107415', 'client 52531902 bid 1 price Failed')
('2015-02-07 11:29:56.107491', 'client 52531902 bid 1 failed. Abort.....')
('2015-02-07 11:29:56.108143', 'client 52485181 bid 1 cancel')
('2015-02-07 11:29:56.108255', 'client 52485181 bid 1 price Failed')
('2015-02-07 11:29:56.108329', 'client 52485181 bid 1 failed. Abort.....')
('2015-02-07 11:29:56.114104', 'client 52507677 bid 1 cancel')
('2015-02-07 11:29:56.114209', 'client 52507677 bid 1 price Failed')
('2015-02-07 11:29:56.114285', 'client 52507677 bid 1 failed. Abort.....')
('2015-02-07 11:29:56.346630', 'client 52540954 bid 2 image 978ECFE648AF6F693D09475269917BBA 536454 ')
('2015-02-07 11:29:56.354525', 'client 52507677 bid 2 image 5184A9A19ADE7EE0A4B7A1ED45B184C8 845253 ')
('2015-02-07 11:29:56.469378', 'client 52779535 bid 2 image 03D0620C40FC22CBC3DA784CE10AE756 392809 ')
('2015-02-07 11:29:56.475198', 'client 52528674 bid 2 image C65FC79A1A61047B2AEA1ADA09C2F6B9 062626 ')
('2015-02-07 11:29:56.493625', 'client 52562290 bid 2 image A7C3F52AA915F6BC4D06BB70E2CC5DB3 916460 ')
('2015-02-07 11:29:57.107374', 'client 52779535 bid 2 price 76700 边立蔚 310106197502220424')
('2015-02-07 11:29:57.804692', 'client 52540954 bid 2 price 76700 刘全秀 230602197610095749')
('2015-02-07 11:29:57.836353', 'client 52485181 bid 2 image 3FA41DDE87F3ABFBC4E7313E59AF7E61 392529 ')
('2015-02-07 11:29:57.839700', 'client 52531902 bid 2 image 0C3F1D7E91A3E7EEE1B6374C5D4E9155 826362 ')
('2015-02-07 11:29:57.950952', 'client 52562290 bid 2 price 76700 张振华 310102196302174013')
('2015-02-07 11:29:58.069315', 'client 52531902 bid 2 price 76700 魏洋涛 410422198606205952')
('2015-02-07 11:29:58.704863', 'client 52528674 bid 2 price 76700 汤?华 310115198212111335')
('2015-02-07 11:29:59.290028', 'client 52485181 bid 2 price 76700 卜广齐 321027197709284213')
('2015-02-07 11:30:07.117591', "client 52779535 bids finished. price : ['73700', None, '76700'] . Quit.....")
('2015-02-07 11:30:07.814932', "client 52540954 bids finished. price : [None, None, '76700'] . Quit.....")
('2015-02-07 11:30:07.961154', "client 52562290 bids finished. price : ['73700', None, '76700'] . Quit.....")
('2015-02-07 11:30:08.079486', "client 52531902 bids finished. price : ['73700', None, '76700'] . Quit.....")
('2015-02-07 11:30:08.715231', "client 52528674 bids finished. price : ['73700', None, '76700'] . Quit.....")
('2015-02-07 11:30:09.300357', "client 52485181 bids finished. price : [None, None, '76700'] . Quit.....")
('2015-02-07 11:30:10.369296', 'client 52507677 bid 2 price Failed')
('2015-02-07 11:30:10.369461', 'client 52507677 bid 2 failed. Abort.....')
('2015-02-07 11:30:11.556278', 'client 52723477 bid 2 image Failed')
('2015-02-07 11:30:11.556371', 'client 52723477 bid 2 failed. Abort.....')
('2015-02-07 11:30:17.128160', 'client 52475316 bid 2 image Failed')
('2015-02-07 11:30:17.128247', 'client 52475316 bid 2 failed. Abort.....')
('2015-02-07 11:30:20.379641', "client 52507677 bids finished. price : ['73700', None, None] . Quit.....")
('2015-02-07 11:30:21.566584', "client 52723477 bids finished. price : ['73700', None, None] . Quit.....")
('2015-02-07 11:30:27.138446', "client 52475316 bids finished. price : ['73700', None, None] . Quit.....")
