('2015-02-07 10:01:31.533444', 'client 52509748 login 梁少峰 310110197511025414')
('2015-02-07 10:01:31.580948', 'client 52556242 login 张宇 310113198610012452')
('2015-02-07 10:01:33.019088', 'client 52509524 login 黄维鸿 359001197803216523')
('2015-02-07 10:01:33.083859', 'client 52464974 login 邱实 410105198202091618')
('2015-02-07 10:01:34.516021', 'client 52467954 login 王明华 310102197612133211')
('2015-02-07 10:01:34.585944', 'client 52483703 login 肖玉伟 210304197406070811')
('2015-02-07 10:01:36.016150', 'client 52361716 login 甘琪 360102198109072427')
('2015-02-07 10:01:36.089039', 'client 52540397 login 唐宇 320981198505010713')
('2015-02-07 10:34:09.829180', 'client 52361716 bid 0 image B936EED97273B4921C4D33EF6BF71243 390506 ')
('2015-02-07 10:34:11.852833', 'client 52361716 bid 0 price 73700 甘琪 360102198109072427')
('2015-02-07 10:34:12.183891', 'client 52556242 bid 0 image A371263BB0DC0F8ED7CD749043AA2B8A 506491 ')
('2015-02-07 10:34:12.216482', 'client 52556242 bid 0 price 73700 张宇 310113198610012452')
('2015-02-07 10:34:18.133780', 'client 52509748 bid 0 image 6F8C87E7F1FD35CA9E4EA563F7E7D2CC 936294 ')
('2015-02-07 10:34:18.165364', 'client 52509748 bid 0 price 73700 梁少峰 310110197511025414')
('2015-02-07 10:34:22.766340', 'client 52540397 bid 0 image 870A36075F9D90DDA86350BAA19D6D6A 608160 ')
('2015-02-07 10:34:56.774096', 'client 52540397 bid 0 price Failed')
('2015-02-07 10:34:56.774370', 'client 52540397 bid 0 failed. Abort.....')
('2015-02-07 10:35:02.253373', 'client 52509524 bid 0 image 607C955855D1316E66F3D500EE4D31C3 519490 ')
('2015-02-07 10:35:02.289988', 'client 52509524 bid 0 price 73700 黄维鸿 359001197803216523')
('2015-02-07 10:35:31.898289', 'client 52464974 bid 0 image Failed')
('2015-02-07 10:35:31.898379', 'client 52464974 bid 0 failed. Abort.....')
('2015-02-07 10:35:31.901146', 'client 52467954 bid 0 image Failed')
('2015-02-07 10:35:31.901290', 'client 52467954 bid 0 failed. Abort.....')
('2015-02-07 10:35:44.153244', 'client 52483703 bid 0 image 86D10B34063F59E3F2721FD9B29E6820 619150 ')
('2015-02-07 10:35:46.176717', 'client 52483703 bid 0 price 73700 肖玉伟 210304197406070811')
('2015-02-07 10:35:57.808205', 'client 52464974 bid 0 image 0A7DFC254BF0FD4812F54FABC56F9C36 163819 ')
('2015-02-07 10:36:26.783604', 'client 52540397 bid 0 image Failed')
('2015-02-07 10:36:26.783690', 'client 52540397 bid 0 failed. Abort.....')
('2015-02-07 10:36:31.817554', 'client 52464974 bid 0 price Failed')
('2015-02-07 10:36:31.817731', 'client 52464974 bid 0 failed. Abort.....')
('2015-02-07 10:36:55.973899', 'client 52464974 bid 0 image 8E7CE8A0EC20BCCB40DA32165A74D6E9 064826 ')
('2015-02-07 10:37:09.307770', 'client 52467954 bid 0 image 2DF67D5C322E9BCC771EB87C26A6E7D1 494849 ')
('2015-02-07 10:37:09.326444', 'client 52467954 bid 0 price 73700 王明华 310102197612133211')
('2015-02-07 10:37:16.169757', 'client 52540397 bid 0 image B256B337A64F643F73D3D64BB4A50244 060919 ')
('2015-02-07 10:37:29.984954', 'client 52464974 bid 0 price Failed')
('2015-02-07 10:37:29.985085', 'client 52464974 bid 0 failed. Abort.....')
('2015-02-07 10:37:50.178757', 'client 52540397 bid 0 price Failed')
('2015-02-07 10:37:50.178956', 'client 52540397 bid 0 failed. Abort.....')
('2015-02-07 10:37:57.515230', 'client 52540397 bid 0 image 3BF80A29F42D0ED7286162B37508445F 391845 ')
('2015-02-07 10:38:31.544218', 'client 52540397 bid 0 price Failed')
('2015-02-07 10:38:31.544410', 'client 52540397 bid 0 failed. Abort.....')
('2015-02-07 10:38:37.404895', 'client 52464974 bid 0 image A7AA0EC3FEE24B0D437E995A5346802E 836364 ')
('2015-02-07 10:38:39.427213', 'client 52464974 bid 0 price 73700 邱实 410105198202091618')
('2015-02-07 10:39:06.141250', 'client 52540397 bid 0 image F464AF049929D1F555B10A30316604EC 190645 ')
('2015-02-07 10:39:40.153104', 'client 52540397 bid 0 price Failed')
('2015-02-07 10:39:40.153300', 'client 52540397 bid 0 failed. Abort.....')
('2015-02-07 11:29:35.716113', 'client 52467954 bid 1 image 8CACE47718A4730B8ED7CA2A897B6F34 163628 ')
('2015-02-07 11:29:35.742528', 'client 52540397 bid 1 image 9FC76FEEADCB20EAA4B6CEE83C9C18CE 546183 ')
('2015-02-07 11:29:35.744357', 'client 52361716 bid 1 image E5D2152A338D0A7D507A52047C02AC87 381536 ')
('2015-02-07 11:29:36.236308', 'client 52509524 bid 1 image 12FF2AA2F26699017C1E1A81CA95BE2D 084816 ')
('2015-02-07 11:29:37.183321', 'client 52556242 bid 1 image D1BB8DF3A82874002CF06F5916D7D8E4 180838 ')
('2015-02-07 11:29:41.909097', 'client 52509748 bid 1 image 7D036A8C508E861F68275804BE2948F6 946263 ')
('2015-02-07 11:29:41.934751', 'client 52464974 bid 1 image C12AEF695A593E403D1D7717863E1D44 152636 ')
('2015-02-07 11:29:42.663331', 'client 52483703 bid 1 image 588F299E6FC08D10996C509F4187C146 636051 ')
('2015-02-07 11:29:56.390009', 'client 52483703 bid 1 cancel')
('2015-02-07 11:29:56.390200', 'client 52483703 bid 1 price Failed')
('2015-02-07 11:29:56.390284', 'client 52483703 bid 1 failed. Abort.....')
('2015-02-07 11:29:56.392125', 'client 52509748 bid 1 cancel')
('2015-02-07 11:29:56.392233', 'client 52509748 bid 1 price Failed')
('2015-02-07 11:29:56.392311', 'client 52509748 bid 1 failed. Abort.....')
('2015-02-07 11:29:56.392919', 'client 52361716 bid 1 cancel')
('2015-02-07 11:29:56.393021', 'client 52361716 bid 1 price Failed')
('2015-02-07 11:29:56.393097', 'client 52361716 bid 1 failed. Abort.....')
('2015-02-07 11:29:56.393716', 'client 52540397 bid 1 cancel')
('2015-02-07 11:29:56.393818', 'client 52540397 bid 1 price Failed')
('2015-02-07 11:29:56.393892', 'client 52540397 bid 1 failed. Abort.....')
('2015-02-07 11:29:56.394514', 'client 52509524 bid 1 cancel')
('2015-02-07 11:29:56.394621', 'client 52509524 bid 1 price Failed')
('2015-02-07 11:29:56.394755', 'client 52509524 bid 1 failed. Abort.....')
('2015-02-07 11:29:56.395437', 'client 52556242 bid 1 cancel')
('2015-02-07 11:29:56.395549', 'client 52556242 bid 1 price Failed')
('2015-02-07 11:29:56.395626', 'client 52556242 bid 1 failed. Abort.....')
('2015-02-07 11:29:56.398951', 'client 52467954 bid 1 cancel')
('2015-02-07 11:29:56.399061', 'client 52467954 bid 1 price Failed')
('2015-02-07 11:29:56.399139', 'client 52467954 bid 1 failed. Abort.....')
('2015-02-07 11:29:56.400868', 'client 52464974 bid 1 cancel')
('2015-02-07 11:29:56.400971', 'client 52464974 bid 1 price Failed')
('2015-02-07 11:29:56.401045', 'client 52464974 bid 1 failed. Abort.....')
('2015-02-07 11:29:56.679331', 'client 52556242 bid 2 image 0CA33DC147565D4F53AC1F874CA727C0 460638 ')
('2015-02-07 11:29:56.727755', 'client 52509524 bid 2 image 78F4A6AC382ADCA1EA82C4F750EFBA30 262535 ')
('2015-02-07 11:29:56.768002', 'client 52509524 bid 2 price 76700 黄维鸿 359001197803216523')
('2015-02-07 11:29:56.795170', 'client 52467954 bid 2 image 6B0F75A94A4DFF89D3DC045DC49CB9A5 539490 ')
('2015-02-07 11:29:56.942998', 'client 52509748 bid 2 image 8522AB7320D15973932E13B033A42D4E 253936 ')
('2015-02-07 11:29:57.196945', 'client 52509748 bid 2 price 76700 梁少峰 310110197511025414')
('2015-02-07 11:29:57.437954', 'client 52467954 bid 2 price 76700 王明华 310102197612133211')
('2015-02-07 11:29:57.959405', 'client 52483703 bid 2 image CAB4C2443452E307E9703ACE94407FEA 194809 ')
('2015-02-07 11:29:58.052061', 'client 52540397 bid 2 image B14C05AA3768079B82545969877F6152 905363 ')
('2015-02-07 11:29:58.077178', 'client 52361716 bid 2 image 7957554C3D1BA085E5C05161D7B5C89E 461545 ')
('2015-02-07 11:29:58.090239', 'client 52464974 bid 2 image B68CC0464248743EDDDEB89A193749BA 392529 ')
('2015-02-07 11:29:58.099047', 'client 52361716 bid 2 price 76700 甘琪 360102198109072427')
('2015-02-07 11:29:58.913216', 'client 52556242 bid 2 price 76700 张宇 310113198610012452')
('2015-02-07 11:30:06.778257', "client 52509524 bids finished. price : ['73700', None, '76700'] . Quit.....")
('2015-02-07 11:30:07.207140', "client 52509748 bids finished. price : ['73700', None, '76700'] . Quit.....")
('2015-02-07 11:30:07.448170', "client 52467954 bids finished. price : ['73700', None, '76700'] . Quit.....")
('2015-02-07 11:30:08.109232', "client 52361716 bids finished. price : ['73700', None, '76700'] . Quit.....")
('2015-02-07 11:30:08.923450', "client 52556242 bids finished. price : ['73700', None, '76700'] . Quit.....")
('2015-02-07 11:30:11.968207', 'client 52483703 bid 2 price Failed')
('2015-02-07 11:30:11.968420', 'client 52483703 bid 2 failed. Abort.....')
('2015-02-07 11:30:12.061981', 'client 52540397 bid 2 price Failed')
('2015-02-07 11:30:12.062108', 'client 52540397 bid 2 failed. Abort.....')
('2015-02-07 11:30:12.099327', 'client 52464974 bid 2 price Failed')
('2015-02-07 11:30:12.099397', 'client 52464974 bid 2 failed. Abort.....')
('2015-02-07 11:30:21.969898', "client 52483703 bids finished. price : ['73700', None, None] . Quit.....")
('2015-02-07 11:30:22.070962', 'client 52540397 bids finished. price : [None, None, None] . Quit.....')
('2015-02-07 11:30:22.109576', "client 52464974 bids finished. price : ['73700', None, None] . Quit.....")
