('2015-02-07 10:01:31.277981', 'worker [3] started')
('2015-02-07 10:01:31.278115', 'client 8 initted')
('2015-02-07 10:01:31.511267', 'put_channel : channel login, group 1, time 2015-02-07 10:01:31.511161')
('2015-02-07 10:01:31.512868', 'put_channel : channel login, group 0, time 2015-02-07 10:01:31.512785')
('2015-02-07 10:01:31.519598', 'fd_channel : login[0] 1 login[1] 0 , tb0[0] 0 tb0[1] 0 , tb1[0] 0 tb1[1] 0')
('2015-02-07 10:01:31.573108', 'fd_channel : login[0] 0 login[1] 0 , tb0[0] 0 tb0[1] 0 , tb1[0] 0 tb1[1] 0')
('2015-02-07 10:01:33.009674', 'put_channel : channel login, group 0, time 2015-02-07 10:01:33.009544')
('2015-02-07 10:01:33.010309', 'put_channel : channel login, group 1, time 2015-02-07 10:01:33.010221')
('2015-02-07 10:01:33.011029', 'fd_channel : login[0] 1 login[1] 0 , tb0[0] 0 tb0[1] 0 , tb1[0] 0 tb1[1] 0')
('2015-02-07 10:01:33.075933', 'fd_channel : login[0] 0 login[1] 0 , tb0[0] 0 tb0[1] 0 , tb1[0] 0 tb1[1] 0')
('2015-02-07 10:01:34.507900', 'put_channel : channel login, group 1, time 2015-02-07 10:01:34.507764')
('2015-02-07 10:01:34.508691', 'fd_channel : login[0] 0 login[1] 0 , tb0[0] 0 tb0[1] 0 , tb1[0] 0 tb1[1] 0')
('2015-02-07 10:01:34.510207', 'put_channel : channel login, group 0, time 2015-02-07 10:01:34.510102')
('2015-02-07 10:01:34.578319', 'fd_channel : login[0] 0 login[1] 0 , tb0[0] 0 tb0[1] 0 , tb1[0] 0 tb1[1] 0')
('2015-02-07 10:01:36.008108', 'put_channel : channel login, group 1, time 2015-02-07 10:01:36.007975')
('2015-02-07 10:01:36.008923', 'fd_channel : login[0] 0 login[1] 0 , tb0[0] 0 tb0[1] 0 , tb1[0] 0 tb1[1] 0')
('2015-02-07 10:01:36.010262', 'put_channel : channel login, group 0, time 2015-02-07 10:01:36.010185')
('2015-02-07 10:01:36.081117', 'fd_channel : login[0] 0 login[1] 0 , tb0[0] 0 tb0[1] 0 , tb1[0] 0 tb1[1] 0')
('2015-02-07 10:32:31.510356', 'put_channel : channel tb0, group 0, time 2015-02-07 10:32:31.510140')
('2015-02-07 10:32:31.511216', 'put_channel : channel tb0, group 1, time 2015-02-07 10:32:31.511124')
('2015-02-07 10:32:33.008772', 'put_channel : channel tb0, group 1, time 2015-02-07 10:32:33.008408')
('2015-02-07 10:32:33.019953', 'put_channel : channel tb0, group 0, time 2015-02-07 10:32:33.019860')
('2015-02-07 10:32:34.510824', 'put_channel : channel tb0, group 1, time 2015-02-07 10:32:34.510569')
('2015-02-07 10:32:34.511850', 'put_channel : channel tb0, group 0, time 2015-02-07 10:32:34.511722')
('2015-02-07 10:32:36.010637', 'put_channel : channel tb0, group 0, time 2015-02-07 10:32:36.010502')
('2015-02-07 10:32:36.011308', 'put_channel : channel tb0, group 1, time 2015-02-07 10:32:36.011216')
('2015-02-07 10:32:37.510146', 'put_channel : channel tb0, group 1, time 2015-02-07 10:32:37.509994')
('2015-02-07 10:32:37.511925', 'put_channel : channel tb0, group 0, time 2015-02-07 10:32:37.511832')
('2015-02-07 10:32:39.010779', 'put_channel : channel tb0, group 1, time 2015-02-07 10:32:39.010601')
('2015-02-07 10:32:39.011159', 'put_channel : channel tb0, group 0, time 2015-02-07 10:32:39.011065')
('2015-02-07 10:32:40.506930', 'put_channel : channel tb0, group 1, time 2015-02-07 10:32:40.506826')
('2015-02-07 10:32:40.509749', 'put_channel : channel tb0, group 0, time 2015-02-07 10:32:40.509662')
('2015-02-07 10:32:42.009487', 'put_channel : channel tb0, group 1, time 2015-02-07 10:32:42.009347')
('2015-02-07 10:32:42.009868', 'put_channel : channel tb0, group 0, time 2015-02-07 10:32:42.009774')
('2015-02-07 10:32:43.509661', 'put_channel : channel tb0, group 0, time 2015-02-07 10:32:43.509526')
('2015-02-07 10:32:43.510346', 'put_channel : channel tb0, group 1, time 2015-02-07 10:32:43.510252')
('2015-02-07 10:32:45.010697', 'put_channel : channel tb0, group 1, time 2015-02-07 10:32:45.010513')
('2015-02-07 10:32:45.011089', 'put_channel : channel tb0, group 0, time 2015-02-07 10:32:45.010995')
('2015-02-07 10:32:46.509608', 'put_channel : channel tb0, group 0, time 2015-02-07 10:32:46.509345')
('2015-02-07 10:32:46.510341', 'put_channel : channel tb0, group 1, time 2015-02-07 10:32:46.510258')
('2015-02-07 10:32:48.008693', 'put_channel : channel tb0, group 1, time 2015-02-07 10:32:48.008543')
('2015-02-07 10:32:48.013040', 'put_channel : channel tb0, group 0, time 2015-02-07 10:32:48.012947')
('2015-02-07 10:32:49.508526', 'put_channel : channel tb0, group 1, time 2015-02-07 10:32:49.508392')
('2015-02-07 10:32:49.510148', 'put_channel : channel tb0, group 0, time 2015-02-07 10:32:49.510062')
('2015-02-07 10:32:51.007884', 'put_channel : channel tb0, group 1, time 2015-02-07 10:32:51.007748')
('2015-02-07 10:32:51.012523', 'put_channel : channel tb0, group 0, time 2015-02-07 10:32:51.012428')
('2015-02-07 10:32:52.507900', 'put_channel : channel tb0, group 1, time 2015-02-07 10:32:52.507763')
('2015-02-07 10:32:52.510026', 'put_channel : channel tb0, group 0, time 2015-02-07 10:32:52.509931')
('2015-02-07 10:32:54.010148', 'put_channel : channel tb0, group 1, time 2015-02-07 10:32:54.010022')
('2015-02-07 10:32:54.011051', 'put_channel : channel tb0, group 0, time 2015-02-07 10:32:54.010872')
('2015-02-07 10:32:55.509243', 'put_channel : channel tb0, group 1, time 2015-02-07 10:32:55.509107')
('2015-02-07 10:32:55.510255', 'put_channel : channel tb0, group 0, time 2015-02-07 10:32:55.510170')
('2015-02-07 10:32:57.010307', 'put_channel : channel tb0, group 0, time 2015-02-07 10:32:57.010207')
('2015-02-07 10:32:57.010721', 'put_channel : channel tb0, group 1, time 2015-02-07 10:32:57.010606')
('2015-02-07 10:32:58.506083', 'put_channel : channel tb0, group 1, time 2015-02-07 10:32:58.505983')
('2015-02-07 10:32:58.509601', 'put_channel : channel tb0, group 0, time 2015-02-07 10:32:58.509551')
('2015-02-07 10:33:00.009775', 'put_channel : channel tb0, group 0, time 2015-02-07 10:33:00.009638')
('2015-02-07 10:33:00.010382', 'put_channel : channel tb0, group 1, time 2015-02-07 10:33:00.010287')
('2015-02-07 10:33:01.508256', 'put_channel : channel tb0, group 1, time 2015-02-07 10:33:01.508137')
('2015-02-07 10:33:01.510555', 'put_channel : channel tb0, group 0, time 2015-02-07 10:33:01.510461')
('2015-02-07 10:33:03.008805', 'put_channel : channel tb0, group 1, time 2015-02-07 10:33:03.008669')
('2015-02-07 10:33:03.079314', 'put_channel : channel tb0, group 0, time 2015-02-07 10:33:03.079219')
('2015-02-07 10:33:04.508780', 'put_channel : channel tb0, group 0, time 2015-02-07 10:33:04.508678')
('2015-02-07 10:33:04.508997', 'put_channel : channel tb0, group 1, time 2015-02-07 10:33:04.508944')
('2015-02-07 10:33:06.008564', 'put_channel : channel tb0, group 1, time 2015-02-07 10:33:06.008426')
('2015-02-07 10:33:06.009808', 'put_channel : channel tb0, group 0, time 2015-02-07 10:33:06.009713')
('2015-02-07 10:33:07.508946', 'put_channel : channel tb0, group 1, time 2015-02-07 10:33:07.508807')
('2015-02-07 10:33:07.512142', 'put_channel : channel tb0, group 0, time 2015-02-07 10:33:07.512047')
('2015-02-07 10:33:09.009036', 'put_channel : channel tb0, group 1, time 2015-02-07 10:33:09.008848')
('2015-02-07 10:33:09.011249', 'put_channel : channel tb0, group 0, time 2015-02-07 10:33:09.011088')
('2015-02-07 10:33:10.509969', 'put_channel : channel tb0, group 0, time 2015-02-07 10:33:10.509816')
('2015-02-07 10:33:10.510864', 'put_channel : channel tb0, group 1, time 2015-02-07 10:33:10.510626')
('2015-02-07 10:33:12.008711', 'put_channel : channel tb0, group 1, time 2015-02-07 10:33:12.008512')
('2015-02-07 10:33:12.011977', 'put_channel : channel tb0, group 0, time 2015-02-07 10:33:12.011923')
('2015-02-07 10:33:13.506172', 'put_channel : channel tb0, group 1, time 2015-02-07 10:33:13.506073')
('2015-02-07 10:33:13.507670', 'put_channel : channel tb0, group 0, time 2015-02-07 10:33:13.507621')
('2015-02-07 10:33:15.009145', 'put_channel : channel tb0, group 1, time 2015-02-07 10:33:15.009002')
('2015-02-07 10:33:15.010977', 'put_channel : channel tb0, group 0, time 2015-02-07 10:33:15.010626')
('2015-02-07 10:33:25.512904', 'put_channel : channel tb0, group 0, time 2015-02-07 10:33:25.512797')
('2015-02-07 10:33:25.513597', 'put_channel : channel tb0, group 0, time 2015-02-07 10:33:25.513504')
('2015-02-07 10:33:26.520953', 'put_channel : channel tb0, group 0, time 2015-02-07 10:33:26.520806')
('2015-02-07 10:33:27.008936', 'put_channel : channel tb0, group 0, time 2015-02-07 10:33:27.008775')
('2015-02-07 10:33:36.011421', 'put_channel : channel tb0, group 0, time 2015-02-07 10:33:36.011282')
('2015-02-07 10:33:36.013719', 'put_channel : channel tb0, group 0, time 2015-02-07 10:33:36.013635')
('2015-02-07 10:33:36.040744', 'put_channel : channel tb0, group 0, time 2015-02-07 10:33:36.040650')
('2015-02-07 10:33:37.512699', 'put_channel : channel tb0, group 0, time 2015-02-07 10:33:37.512563')
('2015-02-07 10:33:37.515086', 'put_channel : channel tb0, group 0, time 2015-02-07 10:33:37.515001')
('2015-02-07 10:33:38.520768', 'put_channel : channel tb0, group 0, time 2015-02-07 10:33:38.520626')
('2015-02-07 10:33:39.007829', 'put_channel : channel tb0, group 0, time 2015-02-07 10:33:39.007728')
('2015-02-07 10:33:46.512145', 'put_channel : channel tb0, group 0, time 2015-02-07 10:33:46.511914')
('2015-02-07 10:33:46.514594', 'put_channel : channel tb0, group 0, time 2015-02-07 10:33:46.514505')
('2015-02-07 10:33:47.519036', 'put_channel : channel tb0, group 1, time 2015-02-07 10:33:47.518905')
('2015-02-07 10:33:47.520826', 'put_channel : channel tb0, group 0, time 2015-02-07 10:33:47.520730')
('2015-02-07 10:33:47.576572', 'put_channel : channel tb0, group 0, time 2015-02-07 10:33:47.576483')
('2015-02-07 10:33:48.008279', 'put_channel : channel tb0, group 1, time 2015-02-07 10:33:48.008109')
('2015-02-07 10:33:48.010379', 'put_channel : channel tb0, group 0, time 2015-02-07 10:33:48.010291')
('2015-02-07 10:33:48.012933', 'put_channel : channel tb0, group 0, time 2015-02-07 10:33:48.012832')
('2015-02-07 10:33:49.018493', 'put_channel : channel tb0, group 0, time 2015-02-07 10:33:49.018369')
('2015-02-07 10:33:49.509510', 'put_channel : channel tb0, group 1, time 2015-02-07 10:33:49.509385')
('2015-02-07 10:33:50.518741', 'put_channel : channel tb0, group 1, time 2015-02-07 10:33:50.518592')
('2015-02-07 10:33:51.008431', 'put_channel : channel tb0, group 1, time 2015-02-07 10:33:51.008291')
('2015-02-07 10:33:52.508463', 'put_channel : channel tb0, group 1, time 2015-02-07 10:33:52.508334')
('2015-02-07 10:33:54.008239', 'put_channel : channel tb0, group 1, time 2015-02-07 10:33:54.008123')
('2015-02-07 10:33:55.507769', 'put_channel : channel tb0, group 1, time 2015-02-07 10:33:55.507668')
('2015-02-07 10:33:57.005994', 'put_channel : channel tb0, group 1, time 2015-02-07 10:33:57.005893')
('2015-02-07 10:33:58.008855', 'put_channel : channel tb0, group 0, time 2015-02-07 10:33:58.008716')
('2015-02-07 10:33:58.024408', 'put_channel : channel tb0, group 0, time 2015-02-07 10:33:58.024318')
('2015-02-07 10:33:58.510276', 'put_channel : channel tb0, group 1, time 2015-02-07 10:33:58.510127')
('2015-02-07 10:33:58.511302', 'put_channel : channel tb0, group 0, time 2015-02-07 10:33:58.510939')
('2015-02-07 10:33:58.511969', 'put_channel : channel tb0, group 0, time 2015-02-07 10:33:58.511886')
('2015-02-07 10:33:59.521203', 'put_channel : channel tb0, group 0, time 2015-02-07 10:33:59.521064')
('2015-02-07 10:33:59.574782', 'put_channel : channel tb0, group 1, time 2015-02-07 10:33:59.574689')
('2015-02-07 10:33:59.576201', 'put_channel : channel tb0, group 0, time 2015-02-07 10:33:59.576114')
('2015-02-07 10:34:00.010032', 'put_channel : channel tb0, group 1, time 2015-02-07 10:34:00.009895')
('2015-02-07 10:34:00.092518', 'put_channel : channel tb0, group 0, time 2015-02-07 10:34:00.092418')
('2015-02-07 10:34:01.018563', 'put_channel : channel tb0, group 0, time 2015-02-07 10:34:01.018416')
('2015-02-07 10:34:01.050078', 'put_channel : channel tb0, group 0, time 2015-02-07 10:34:01.049988')
('2015-02-07 10:34:01.508180', 'put_channel : channel tb0, group 1, time 2015-02-07 10:34:01.508067')
('2015-02-07 10:34:01.883747', 'fd_channel : login[0] 0 login[1] 0 , tb0[0] 57 tb0[1] 42 , tb1[0] 0 tb1[1] 0')
('2015-02-07 10:34:01.884966', 'fd_channel : login[0] 0 login[1] 0 , tb0[0] 57 tb0[1] 41 , tb1[0] 0 tb1[1] 0')
('2015-02-07 10:34:01.885922', 'fd_channel : login[0] 0 login[1] 0 , tb0[0] 57 tb0[1] 40 , tb1[0] 0 tb1[1] 0')
('2015-02-07 10:34:01.886641', 'fd_channel : login[0] 0 login[1] 0 , tb0[0] 57 tb0[1] 39 , tb1[0] 0 tb1[1] 0')
('2015-02-07 10:34:01.887493', 'fd_channel : login[0] 0 login[1] 0 , tb0[0] 57 tb0[1] 38 , tb1[0] 0 tb1[1] 0')
('2015-02-07 10:34:01.888957', 'fd_channel : login[0] 0 login[1] 0 , tb0[0] 57 tb0[1] 37 , tb1[0] 0 tb1[1] 0')
('2015-02-07 10:34:01.891754', 'fd_channel : login[0] 0 login[1] 0 , tb0[0] 57 tb0[1] 36 , tb1[0] 0 tb1[1] 0')
('2015-02-07 10:34:01.894568', 'fd_channel : login[0] 0 login[1] 0 , tb0[0] 57 tb0[1] 35 , tb1[0] 0 tb1[1] 0')
('2015-02-07 10:34:03.008955', 'put_channel : channel tb0, group 1, time 2015-02-07 10:34:03.008817')
('2015-02-07 10:34:03.627499', 'fd_channel : login[0] 0 login[1] 0 , tb0[0] 57 tb0[1] 35 , tb1[0] 0 tb1[1] 0')
('2015-02-07 10:34:03.629236', 'fd_channel : login[0] 0 login[1] 0 , tb0[0] 57 tb0[1] 34 , tb1[0] 0 tb1[1] 0')
('2015-02-07 10:34:04.510232', 'put_channel : channel tb0, group 1, time 2015-02-07 10:34:04.510097')
('2015-02-07 10:34:06.008507', 'put_channel : channel tb0, group 1, time 2015-02-07 10:34:06.008369')
('2015-02-07 10:34:06.632356', 'fd_channel : login[0] 0 login[1] 0 , tb0[0] 57 tb0[1] 35 , tb1[0] 0 tb1[1] 0')
('2015-02-07 10:34:07.513796', 'put_channel : channel tb0, group 1, time 2015-02-07 10:34:07.513661')
('2015-02-07 10:34:09.008582', 'put_channel : channel tb0, group 1, time 2015-02-07 10:34:09.008489')
('2015-02-07 10:34:09.830530', 'fd_channel : login[0] 0 login[1] 0 , tb0[0] 56 tb0[1] 37 , tb1[0] 0 tb1[1] 0')
('2015-02-07 10:34:09.833008', 'fd_channel : login[0] 0 login[1] 0 , tb0[0] 56 tb0[1] 36 , tb1[0] 0 tb1[1] 0')
('2015-02-07 10:34:10.508435', 'put_channel : channel tb0, group 1, time 2015-02-07 10:34:10.508345')
('2015-02-07 10:34:11.835654', 'fd_channel : login[0] 0 login[1] 0 , tb0[0] 55 tb0[1] 37 , tb1[0] 0 tb1[1] 0')
('2015-02-07 10:34:11.837378', 'fd_channel : login[0] 0 login[1] 0 , tb0[0] 55 tb0[1] 36 , tb1[0] 0 tb1[1] 0')
('2015-02-07 10:34:12.008407', 'put_channel : channel tb0, group 1, time 2015-02-07 10:34:12.008307')
('2015-02-07 10:34:12.185148', 'fd_channel : login[0] 0 login[1] 0 , tb0[0] 54 tb0[1] 37 , tb1[0] 0 tb1[1] 0')
('2015-02-07 10:34:12.187155', 'fd_channel : login[0] 0 login[1] 0 , tb0[0] 54 tb0[1] 36 , tb1[0] 0 tb1[1] 0')
('2015-02-07 10:34:13.510621', 'put_channel : channel tb0, group 1, time 2015-02-07 10:34:13.510484')
('2015-02-07 10:34:13.511853', 'put_channel : channel tb0, group 0, time 2015-02-07 10:34:13.511766')
('2015-02-07 10:34:13.512750', 'put_channel : channel tb0, group 0, time 2015-02-07 10:34:13.512665')
('2015-02-07 10:34:14.522455', 'put_channel : channel tb0, group 0, time 2015-02-07 10:34:14.522319')
('2015-02-07 10:34:15.009331', 'put_channel : channel tb0, group 1, time 2015-02-07 10:34:15.009239')
('2015-02-07 10:34:16.509757', 'put_channel : channel tb0, group 1, time 2015-02-07 10:34:16.509620')
('2015-02-07 10:34:18.008552', 'put_channel : channel tb0, group 1, time 2015-02-07 10:34:18.008424')
('2015-02-07 10:34:18.135521', 'fd_channel : login[0] 0 login[1] 0 , tb0[0] 56 tb0[1] 40 , tb1[0] 0 tb1[1] 0')
('2015-02-07 10:34:18.137354', 'fd_channel : login[0] 0 login[1] 0 , tb0[0] 56 tb0[1] 39 , tb1[0] 0 tb1[1] 0')
('2015-02-07 10:34:19.511653', 'put_channel : channel tb0, group 1, time 2015-02-07 10:34:19.511476')
('2015-02-07 10:34:21.008783', 'put_channel : channel tb0, group 1, time 2015-02-07 10:34:21.008646')
('2015-02-07 10:34:22.511002', 'put_channel : channel tb0, group 1, time 2015-02-07 10:34:22.510864')
('2015-02-07 10:34:22.767460', 'fd_channel : login[0] 0 login[1] 0 , tb0[0] 55 tb0[1] 42 , tb1[0] 0 tb1[1] 0')
('2015-02-07 10:34:22.768425', 'fd_channel : login[0] 0 login[1] 0 , tb0[0] 55 tb0[1] 41 , tb1[0] 0 tb1[1] 0')
('2015-02-07 10:34:24.010183', 'put_channel : channel tb0, group 1, time 2015-02-07 10:34:24.010059')
('2015-02-07 10:34:24.770982', 'fd_channel : login[0] 0 login[1] 0 , tb0[0] 54 tb0[1] 42 , tb1[0] 0 tb1[1] 0')
('2015-02-07 10:34:24.772703', 'fd_channel : login[0] 0 login[1] 0 , tb0[0] 54 tb0[1] 41 , tb1[0] 0 tb1[1] 0')
('2015-02-07 10:34:25.510712', 'put_channel : channel tb0, group 1, time 2015-02-07 10:34:25.510531')
('2015-02-07 10:34:26.506531', 'fd_channel : login[0] 0 login[1] 0 , tb0[0] 54 tb0[1] 41 , tb1[0] 0 tb1[1] 0')
('2015-02-07 10:34:26.814291', 'fd_channel : login[0] 0 login[1] 0 , tb0[0] 54 tb0[1] 40 , tb1[0] 0 tb1[1] 0')
('2015-02-07 10:34:27.007880', 'put_channel : channel tb0, group 1, time 2015-02-07 10:34:27.007769')
('2015-02-07 10:34:31.891700', 'fd_channel : login[0] 0 login[1] 0 , tb0[0] 54 tb0[1] 40 , tb1[0] 0 tb1[1] 0')
('2015-02-07 10:34:31.894551', 'fd_channel : login[0] 0 login[1] 0 , tb0[0] 54 tb0[1] 39 , tb1[0] 0 tb1[1] 0')
('2015-02-07 10:34:31.904036', 'fd_channel : login[0] 0 login[1] 0 , tb0[0] 54 tb0[1] 38 , tb1[0] 0 tb1[1] 0')
('2015-02-07 10:34:34.511294', 'put_channel : channel tb0, group 0, time 2015-02-07 10:34:34.511161')
('2015-02-07 10:34:34.512391', 'put_channel : channel tb0, group 0, time 2015-02-07 10:34:34.512307')
('2015-02-07 10:34:34.536719', 'put_channel : channel tb0, group 0, time 2015-02-07 10:34:34.536631')
('2015-02-07 10:34:35.520886', 'put_channel : channel tb0, group 0, time 2015-02-07 10:34:35.520744')
('2015-02-07 10:34:35.576454', 'put_channel : channel tb0, group 0, time 2015-02-07 10:34:35.576360')
('2015-02-07 10:34:36.009775', 'put_channel : channel tb0, group 0, time 2015-02-07 10:34:36.009676')
('2015-02-07 10:34:36.015476', 'put_channel : channel tb0, group 0, time 2015-02-07 10:34:36.015354')
('2015-02-07 10:34:36.041284', 'put_channel : channel tb0, group 0, time 2015-02-07 10:34:36.041188')
('2015-02-07 10:34:36.635451', 'fd_channel : login[0] 0 login[1] 0 , tb0[0] 62 tb0[1] 37 , tb1[0] 0 tb1[1] 0')
('2015-02-07 10:34:37.024815', 'put_channel : channel tb0, group 0, time 2015-02-07 10:34:37.024679')
('2015-02-07 10:34:37.080879', 'put_channel : channel tb0, group 0, time 2015-02-07 10:34:37.080784')
('2015-02-07 10:34:37.509665', 'put_channel : channel tb0, group 0, time 2015-02-07 10:34:37.509541')
('2015-02-07 10:34:37.530370', 'put_channel : channel tb0, group 0, time 2015-02-07 10:34:37.530278')
('2015-02-07 10:34:39.010066', 'put_channel : channel tb0, group 0, time 2015-02-07 10:34:39.009930')
('2015-02-07 10:34:39.032577', 'put_channel : channel tb0, group 0, time 2015-02-07 10:34:39.032482')
('2015-02-07 10:34:40.090580', 'put_channel : channel tb0, group 0, time 2015-02-07 10:34:40.090434')
('2015-02-07 10:34:40.510300', 'put_channel : channel tb0, group 0, time 2015-02-07 10:34:40.510174')
('2015-02-07 10:34:40.538293', 'put_channel : channel tb0, group 0, time 2015-02-07 10:34:40.538200')
('2015-02-07 10:34:42.012303', 'put_channel : channel tb0, group 0, time 2015-02-07 10:34:42.012163')
('2015-02-07 10:34:48.009493', 'put_channel : channel tb0, group 1, time 2015-02-07 10:34:48.009352')
('2015-02-07 10:34:48.010958', 'put_channel : channel tb0, group 1, time 2015-02-07 10:34:48.010869')
('2015-02-07 10:34:48.039152', 'put_channel : channel tb0, group 1, time 2015-02-07 10:34:48.039058')
('2015-02-07 10:34:49.016686', 'put_channel : channel tb0, group 1, time 2015-02-07 10:34:49.016520')
('2015-02-07 10:34:49.508047', 'put_channel : channel tb0, group 1, time 2015-02-07 10:34:49.507928')
('2015-02-07 10:34:49.510836', 'put_channel : channel tb0, group 1, time 2015-02-07 10:34:49.510725')
('2015-02-07 10:34:49.526636', 'put_channel : channel tb0, group 1, time 2015-02-07 10:34:49.526547')
('2015-02-07 10:34:49.817436', 'fd_channel : login[0] 0 login[1] 0 , tb0[0] 72 tb0[1] 43 , tb1[0] 0 tb1[1] 0')
('2015-02-07 10:34:50.520668', 'put_channel : channel tb0, group 1, time 2015-02-07 10:34:50.520523')
('2015-02-07 10:34:51.008704', 'put_channel : channel tb0, group 1, time 2015-02-07 10:34:51.008567')
('2015-02-07 10:34:51.030692', 'put_channel : channel tb0, group 1, time 2015-02-07 10:34:51.030560')
('2015-02-07 10:34:51.549764', 'fd_channel : login[0] 0 login[1] 0 , tb0[0] 72 tb0[1] 45 , tb1[0] 0 tb1[1] 0')
('2015-02-07 10:34:52.510863', 'put_channel : channel tb0, group 1, time 2015-02-07 10:34:52.510727')
('2015-02-07 10:34:52.536177', 'put_channel : channel tb0, group 1, time 2015-02-07 10:34:52.536083')
('2015-02-07 10:34:54.008549', 'put_channel : channel tb0, group 1, time 2015-02-07 10:34:54.008424')
('2015-02-07 10:34:54.040161', 'put_channel : channel tb0, group 1, time 2015-02-07 10:34:54.040070')
('2015-02-07 10:34:55.510368', 'put_channel : channel tb0, group 1, time 2015-02-07 10:34:55.510233')
('2015-02-07 10:34:56.775966', 'fd_channel : login[0] 0 login[1] 0 , tb0[0] 72 tb0[1] 49 , tb1[0] 0 tb1[1] 0')
('2015-02-07 10:35:01.896861', 'fd_channel : login[0] 0 login[1] 0 , tb0[0] 72 tb0[1] 48 , tb1[0] 0 tb1[1] 0')
('2015-02-07 10:35:01.900093', 'fd_channel : login[0] 0 login[1] 0 , tb0[0] 72 tb0[1] 47 , tb1[0] 0 tb1[1] 0')
('2015-02-07 10:35:01.906278', 'fd_channel : login[0] 0 login[1] 0 , tb0[0] 72 tb0[1] 46 , tb1[0] 0 tb1[1] 0')
('2015-02-07 10:35:02.259996', 'fd_channel : login[0] 0 login[1] 0 , tb0[0] 66 tb0[1] 45 , tb1[0] 0 tb1[1] 0')
('2015-02-07 10:35:02.272165', 'fd_channel : login[0] 0 login[1] 0 , tb0[0] 53 tb0[1] 45 , tb1[0] 0 tb1[1] 0')
('2015-02-07 10:35:02.510225', 'put_channel : channel tb0, group 0, time 2015-02-07 10:35:02.510135')
('2015-02-07 10:35:02.520871', 'put_channel : channel tb0, group 0, time 2015-02-07 10:35:02.520782')
('2015-02-07 10:35:03.116799', 'put_channel : channel tb0, group 0, time 2015-02-07 10:35:03.116678')
('2015-02-07 10:35:03.117473', 'put_channel : channel tb0, group 0, time 2015-02-07 10:35:03.117350')
('2015-02-07 10:35:04.025296', 'put_channel : channel tb0, group 0, time 2015-02-07 10:35:04.025163')
('2015-02-07 10:35:04.088805', 'put_channel : channel tb0, group 0, time 2015-02-07 10:35:04.088717')
('2015-02-07 10:35:04.510775', 'put_channel : channel tb0, group 0, time 2015-02-07 10:35:04.510604')
('2015-02-07 10:35:04.538463', 'put_channel : channel tb0, group 0, time 2015-02-07 10:35:04.538369')
('2015-02-07 10:35:04.664787', 'put_channel : channel tb0, group 0, time 2015-02-07 10:35:04.664697')
('2015-02-07 10:35:05.522774', 'put_channel : channel tb0, group 0, time 2015-02-07 10:35:05.522581')
('2015-02-07 10:35:06.012471', 'put_channel : channel tb0, group 0, time 2015-02-07 10:35:06.012330')
('2015-02-07 10:35:06.040624', 'put_channel : channel tb0, group 0, time 2015-02-07 10:35:06.040534')
('2015-02-07 10:35:13.015774', 'put_channel : channel tb0, group 1, time 2015-02-07 10:35:13.015629')
('2015-02-07 10:35:13.508567', 'put_channel : channel tb0, group 1, time 2015-02-07 10:35:13.508434')
('2015-02-07 10:35:13.513318', 'put_channel : channel tb0, group 1, time 2015-02-07 10:35:13.513228')
('2015-02-07 10:35:13.526985', 'put_channel : channel tb0, group 1, time 2015-02-07 10:35:13.526891')
('2015-02-07 10:35:14.520633', 'put_channel : channel tb0, group 1, time 2015-02-07 10:35:14.520496')
('2015-02-07 10:35:15.007925', 'put_channel : channel tb0, group 1, time 2015-02-07 10:35:15.007767')
('2015-02-07 10:35:15.010983', 'put_channel : channel tb0, group 1, time 2015-02-07 10:35:15.010890')
('2015-02-07 10:35:15.032249', 'put_channel : channel tb0, group 1, time 2015-02-07 10:35:15.032159')
('2015-02-07 10:35:16.023477', 'put_channel : channel tb0, group 1, time 2015-02-07 10:35:16.023263')
('2015-02-07 10:35:16.508447', 'put_channel : channel tb0, group 1, time 2015-02-07 10:35:16.508310')
('2015-02-07 10:35:16.534777', 'put_channel : channel tb0, group 1, time 2015-02-07 10:35:16.534644')
('2015-02-07 10:35:18.008633', 'put_channel : channel tb0, group 1, time 2015-02-07 10:35:18.008497')
('2015-02-07 10:35:18.038902', 'put_channel : channel tb0, group 1, time 2015-02-07 10:35:18.038811')
('2015-02-07 10:35:19.509061', 'put_channel : channel tb0, group 1, time 2015-02-07 10:35:19.508929')
('2015-02-07 10:35:19.544466', 'put_channel : channel tb0, group 1, time 2015-02-07 10:35:19.544377')
('2015-02-07 10:35:26.779539', 'fd_channel : login[0] 0 login[1] 0 , tb0[0] 65 tb0[1] 59 , tb1[0] 0 tb1[1] 0')
('2015-02-07 10:35:31.899985', 'fd_channel : login[0] 0 login[1] 0 , tb0[0] 65 tb0[1] 58 , tb1[0] 0 tb1[1] 0')
('2015-02-07 10:35:31.902736', 'fd_channel : login[0] 0 login[1] 0 , tb0[0] 65 tb0[1] 57 , tb1[0] 0 tb1[1] 0')
('2015-02-07 10:35:42.009775', 'put_channel : channel tb0, group 1, time 2015-02-07 10:35:42.009637')
('2015-02-07 10:35:42.011150', 'put_channel : channel tb0, group 1, time 2015-02-07 10:35:42.011063')
('2015-02-07 10:35:42.038889', 'put_channel : channel tb0, group 1, time 2015-02-07 10:35:42.038794')
('2015-02-07 10:35:43.015342', 'put_channel : channel tb0, group 1, time 2015-02-07 10:35:43.015199')
('2015-02-07 10:35:43.510437', 'put_channel : channel tb0, group 1, time 2015-02-07 10:35:43.510303')
('2015-02-07 10:35:43.512701', 'put_channel : channel tb0, group 1, time 2015-02-07 10:35:43.512613')
('2015-02-07 10:35:43.542415', 'put_channel : channel tb0, group 1, time 2015-02-07 10:35:43.542327')
('2015-02-07 10:35:43.640456', 'put_channel : channel tb0, group 1, time 2015-02-07 10:35:43.640363')
('2015-02-07 10:35:44.159150', 'fd_channel : login[0] 0 login[1] 0 , tb0[0] 53 tb0[1] 64 , tb1[0] 0 tb1[1] 0')
('2015-02-07 10:35:44.164631', 'fd_channel : login[0] 0 login[1] 0 , tb0[0] 42 tb0[1] 64 , tb1[0] 0 tb1[1] 0')
('2015-02-07 10:35:44.519021', 'put_channel : channel tb0, group 1, time 2015-02-07 10:35:44.518924')
('2015-02-07 10:35:45.008648', 'put_channel : channel tb0, group 1, time 2015-02-07 10:35:45.008544')
('2015-02-07 10:35:45.032313', 'put_channel : channel tb0, group 1, time 2015-02-07 10:35:45.032222')
('2015-02-07 10:35:46.162077', 'fd_channel : login[0] 0 login[1] 0 , tb0[0] 41 tb0[1] 67 , tb1[0] 0 tb1[1] 0')
('2015-02-07 10:35:46.163977', 'fd_channel : login[0] 0 login[1] 0 , tb0[0] 41 tb0[1] 66 , tb1[0] 0 tb1[1] 0')
('2015-02-07 10:35:46.508483', 'put_channel : channel tb0, group 1, time 2015-02-07 10:35:46.508384')
('2015-02-07 10:35:46.534798', 'put_channel : channel tb0, group 1, time 2015-02-07 10:35:46.534708')
('2015-02-07 10:35:47.509725', 'put_channel : channel tb0, group 0, time 2015-02-07 10:35:47.509614')
('2015-02-07 10:35:47.520095', 'put_channel : channel tb0, group 0, time 2015-02-07 10:35:47.520045')
('2015-02-07 10:35:47.577827', 'put_channel : channel tb0, group 0, time 2015-02-07 10:35:47.577770')
('2015-02-07 10:35:48.009132', 'put_channel : channel tb0, group 1, time 2015-02-07 10:35:48.009001')
('2015-02-07 10:35:48.011496', 'put_channel : channel tb0, group 0, time 2015-02-07 10:35:48.011408')
('2015-02-07 10:35:48.012715', 'put_channel : channel tb0, group 0, time 2015-02-07 10:35:48.012629')
('2015-02-07 10:35:48.040398', 'put_channel : channel tb0, group 1, time 2015-02-07 10:35:48.040305')
('2015-02-07 10:35:48.041917', 'put_channel : channel tb0, group 0, time 2015-02-07 10:35:48.041832')
('2015-02-07 10:35:48.122209', 'put_channel : channel tb0, group 0, time 2015-02-07 10:35:48.122120')
('2015-02-07 10:35:49.018352', 'put_channel : channel tb0, group 0, time 2015-02-07 10:35:49.018262')
('2015-02-07 10:35:49.080641', 'put_channel : channel tb0, group 0, time 2015-02-07 10:35:49.080552')
('2015-02-07 10:35:49.510071', 'put_channel : channel tb0, group 0, time 2015-02-07 10:35:49.509947')
('2015-02-07 10:35:49.528709', 'put_channel : channel tb0, group 0, time 2015-02-07 10:35:49.528620')
('2015-02-07 10:35:49.592686', 'put_channel : channel tb0, group 0, time 2015-02-07 10:35:49.592598')
('2015-02-07 10:35:50.520985', 'put_channel : channel tb0, group 0, time 2015-02-07 10:35:50.520840')
('2015-02-07 10:35:50.554437', 'put_channel : channel tb0, group 0, time 2015-02-07 10:35:50.554350')
('2015-02-07 10:35:51.010491', 'put_channel : channel tb0, group 0, time 2015-02-07 10:35:51.010322')
('2015-02-07 10:35:51.032673', 'put_channel : channel tb0, group 0, time 2015-02-07 10:35:51.032586')
('2015-02-07 10:35:52.090215', 'put_channel : channel tb0, group 0, time 2015-02-07 10:35:52.090075')
('2015-02-07 10:35:52.510321', 'put_channel : channel tb0, group 0, time 2015-02-07 10:35:52.510185')
('2015-02-07 10:35:52.537600', 'put_channel : channel tb0, group 0, time 2015-02-07 10:35:52.537551')
('2015-02-07 10:35:53.560889', 'put_channel : channel tb0, group 0, time 2015-02-07 10:35:53.560746')
('2015-02-07 10:35:54.009540', 'put_channel : channel tb0, group 0, time 2015-02-07 10:35:54.009452')
('2015-02-07 10:35:54.040241', 'put_channel : channel tb0, group 0, time 2015-02-07 10:35:54.040177')
('2015-02-07 10:35:55.065078', 'put_channel : channel tb0, group 0, time 2015-02-07 10:35:55.064935')
('2015-02-07 10:35:55.509930', 'put_channel : channel tb0, group 0, time 2015-02-07 10:35:55.509798')
('2015-02-07 10:35:55.608384', 'put_channel : channel tb0, group 0, time 2015-02-07 10:35:55.608290')
('2015-02-07 10:35:56.569102', 'put_channel : channel tb0, group 0, time 2015-02-07 10:35:56.568968')
('2015-02-07 10:35:56.787258', 'fd_channel : login[0] 0 login[1] 0 , tb0[0] 67 tb0[1] 62 , tb1[0] 0 tb1[1] 0')
('2015-02-07 10:35:57.011582', 'put_channel : channel tb0, group 0, time 2015-02-07 10:35:57.011472')
('2015-02-07 10:35:57.144632', 'put_channel : channel tb0, group 0, time 2015-02-07 10:35:57.144539')
('2015-02-07 10:35:57.810955', 'fd_channel : login[0] 0 login[1] 0 , tb0[0] 68 tb0[1] 61 , tb1[0] 0 tb1[1] 0')
('2015-02-07 10:35:57.819196', 'fd_channel : login[0] 0 login[1] 0 , tb0[0] 60 tb0[1] 61 , tb1[0] 0 tb1[1] 0')
('2015-02-07 10:35:58.074786', 'put_channel : channel tb0, group 0, time 2015-02-07 10:35:58.074691')
('2015-02-07 10:35:58.510577', 'put_channel : channel tb0, group 0, time 2015-02-07 10:35:58.510455')
('2015-02-07 10:35:59.814619', 'fd_channel : login[0] 0 login[1] 0 , tb0[0] 61 tb0[1] 61 , tb1[0] 0 tb1[1] 0')
('2015-02-07 10:35:59.816464', 'fd_channel : login[0] 0 login[1] 0 , tb0[0] 61 tb0[1] 60 , tb1[0] 0 tb1[1] 0')
('2015-02-07 10:36:01.905589', 'fd_channel : login[0] 0 login[1] 0 , tb0[0] 61 tb0[1] 59 , tb1[0] 0 tb1[1] 0')
('2015-02-07 10:36:06.009733', 'put_channel : channel tb0, group 1, time 2015-02-07 10:36:06.008853')
('2015-02-07 10:36:06.011777', 'put_channel : channel tb0, group 1, time 2015-02-07 10:36:06.011691')
('2015-02-07 10:36:06.038547', 'put_channel : channel tb0, group 1, time 2015-02-07 10:36:06.038459')
('2015-02-07 10:36:07.014981', 'put_channel : channel tb0, group 1, time 2015-02-07 10:36:07.014836')
('2015-02-07 10:36:07.510251', 'put_channel : channel tb0, group 1, time 2015-02-07 10:36:07.510073')
('2015-02-07 10:36:07.511249', 'put_channel : channel tb0, group 1, time 2015-02-07 10:36:07.511162')
('2015-02-07 10:36:07.542914', 'put_channel : channel tb0, group 1, time 2015-02-07 10:36:07.542824')
('2015-02-07 10:36:08.518780', 'put_channel : channel tb0, group 1, time 2015-02-07 10:36:08.518596')
('2015-02-07 10:36:09.006922', 'put_channel : channel tb0, group 1, time 2015-02-07 10:36:09.006824')
('2015-02-07 10:36:09.030595', 'put_channel : channel tb0, group 1, time 2015-02-07 10:36:09.030507')
('2015-02-07 10:36:10.508903', 'put_channel : channel tb0, group 1, time 2015-02-07 10:36:10.508803')
('2015-02-07 10:36:10.536335', 'put_channel : channel tb0, group 1, time 2015-02-07 10:36:10.536244')
('2015-02-07 10:36:12.008471', 'put_channel : channel tb0, group 1, time 2015-02-07 10:36:12.008337')
('2015-02-07 10:36:12.039251', 'put_channel : channel tb0, group 1, time 2015-02-07 10:36:12.039164')
('2015-02-07 10:36:13.508188', 'put_channel : channel tb0, group 1, time 2015-02-07 10:36:13.508051')
('2015-02-07 10:36:26.796210', 'fd_channel : login[0] 0 login[1] 0 , tb0[0] 61 tb0[1] 59 , tb1[0] 0 tb1[1] 0')
('2015-02-07 10:36:31.819555', 'fd_channel : login[0] 0 login[1] 0 , tb0[0] 61 tb0[1] 58 , tb1[0] 0 tb1[1] 0')
('2015-02-07 10:36:31.908910', 'fd_channel : login[0] 0 login[1] 0 , tb0[0] 61 tb0[1] 57 , tb1[0] 0 tb1[1] 0')
('2015-02-07 10:36:43.508296', 'put_channel : channel tb0, group 1, time 2015-02-07 10:36:43.508163')
('2015-02-07 10:36:43.510646', 'put_channel : channel tb0, group 1, time 2015-02-07 10:36:43.510563')
('2015-02-07 10:36:43.542713', 'put_channel : channel tb0, group 1, time 2015-02-07 10:36:43.542574')
('2015-02-07 10:36:44.520442', 'put_channel : channel tb0, group 1, time 2015-02-07 10:36:44.520302')
('2015-02-07 10:36:45.008232', 'put_channel : channel tb0, group 1, time 2015-02-07 10:36:45.008123')
('2015-02-07 10:36:45.012529', 'put_channel : channel tb0, group 1, time 2015-02-07 10:36:45.012437')
('2015-02-07 10:36:45.032318', 'put_channel : channel tb0, group 1, time 2015-02-07 10:36:45.032196')
('2015-02-07 10:36:46.025130', 'put_channel : channel tb0, group 1, time 2015-02-07 10:36:46.024987')
('2015-02-07 10:36:46.070735', 'put_channel : channel tb0, group 1, time 2015-02-07 10:36:46.070603')
('2015-02-07 10:36:46.507436', 'put_channel : channel tb0, group 1, time 2015-02-07 10:36:46.507302')
('2015-02-07 10:36:46.535647', 'put_channel : channel tb0, group 1, time 2015-02-07 10:36:46.535528')
('2015-02-07 10:36:47.576928', 'put_channel : channel tb0, group 1, time 2015-02-07 10:36:47.576766')
('2015-02-07 10:36:48.009952', 'put_channel : channel tb0, group 1, time 2015-02-07 10:36:48.009817')
('2015-02-07 10:36:48.013391', 'put_channel : channel tb0, group 0, time 2015-02-07 10:36:48.013302')
('2015-02-07 10:36:48.016531', 'put_channel : channel tb0, group 0, time 2015-02-07 10:36:48.016443')
('2015-02-07 10:36:48.038782', 'put_channel : channel tb0, group 1, time 2015-02-07 10:36:48.038692')
('2015-02-07 10:36:48.040569', 'put_channel : channel tb0, group 0, time 2015-02-07 10:36:48.040475')
('2015-02-07 10:36:49.018733', 'put_channel : channel tb0, group 0, time 2015-02-07 10:36:49.018548')
('2015-02-07 10:36:49.048755', 'put_channel : channel tb0, group 1, time 2015-02-07 10:36:49.048665')
('2015-02-07 10:36:49.049325', 'put_channel : channel tb0, group 0, time 2015-02-07 10:36:49.049242')
('2015-02-07 10:36:49.511308', 'put_channel : channel tb0, group 0, time 2015-02-07 10:36:49.511198')
('2015-02-07 10:36:49.512507', 'put_channel : channel tb0, group 0, time 2015-02-07 10:36:49.512417')
('2015-02-07 10:36:49.529405', 'put_channel : channel tb0, group 0, time 2015-02-07 10:36:49.529354')
('2015-02-07 10:36:50.520834', 'put_channel : channel tb0, group 0, time 2015-02-07 10:36:50.520693')
('2015-02-07 10:36:50.584513', 'put_channel : channel tb0, group 0, time 2015-02-07 10:36:50.584423')
('2015-02-07 10:36:51.010163', 'put_channel : channel tb0, group 0, time 2015-02-07 10:36:51.010048')
('2015-02-07 10:36:51.034369', 'put_channel : channel tb0, group 0, time 2015-02-07 10:36:51.034281')
('2015-02-07 10:36:52.056712', 'put_channel : channel tb0, group 0, time 2015-02-07 10:36:52.056620')
('2015-02-07 10:36:52.509799', 'put_channel : channel tb0, group 0, time 2015-02-07 10:36:52.509675')
('2015-02-07 10:36:52.538450', 'put_channel : channel tb0, group 0, time 2015-02-07 10:36:52.538360')
('2015-02-07 10:36:53.560691', 'put_channel : channel tb0, group 0, time 2015-02-07 10:36:53.560550')
('2015-02-07 10:36:54.018336', 'put_channel : channel tb0, group 0, time 2015-02-07 10:36:54.018217')
('2015-02-07 10:36:54.040754', 'put_channel : channel tb0, group 0, time 2015-02-07 10:36:54.040662')
('2015-02-07 10:36:55.066879', 'put_channel : channel tb0, group 0, time 2015-02-07 10:36:55.066736')
('2015-02-07 10:36:55.511232', 'put_channel : channel tb0, group 0, time 2015-02-07 10:36:55.511115')
('2015-02-07 10:36:55.544307', 'put_channel : channel tb0, group 0, time 2015-02-07 10:36:55.544214')
('2015-02-07 10:36:55.991399', 'fd_channel : login[0] 0 login[1] 0 , tb0[0] 75 tb0[1] 59 , tb1[0] 0 tb1[1] 0')
('2015-02-07 10:36:56.003212', 'fd_channel : login[0] 0 login[1] 0 , tb0[0] 62 tb0[1] 59 , tb1[0] 0 tb1[1] 0')
('2015-02-07 10:36:56.568819', 'put_channel : channel tb0, group 0, time 2015-02-07 10:36:56.568704')
('2015-02-07 10:36:56.787668', 'fd_channel : login[0] 0 login[1] 0 , tb0[0] 63 tb0[1] 58 , tb1[0] 0 tb1[1] 0')
('2015-02-07 10:36:57.009555', 'put_channel : channel tb0, group 0, time 2015-02-07 10:36:57.009419')
('2015-02-07 10:36:57.981865', 'fd_channel : login[0] 0 login[1] 0 , tb0[0] 63 tb0[1] 58 , tb1[0] 0 tb1[1] 0')
('2015-02-07 10:36:57.983539', 'fd_channel : login[0] 0 login[1] 0 , tb0[0] 63 tb0[1] 57 , tb1[0] 0 tb1[1] 0')
('2015-02-07 10:36:58.074030', 'put_channel : channel tb0, group 0, time 2015-02-07 10:36:58.073937')
('2015-02-07 10:36:58.511758', 'put_channel : channel tb0, group 0, time 2015-02-07 10:36:58.511645')
('2015-02-07 10:36:59.576480', 'put_channel : channel tb0, group 0, time 2015-02-07 10:36:59.576373')
('2015-02-07 10:37:00.009864', 'put_channel : channel tb0, group 0, time 2015-02-07 10:37:00.009728')
('2015-02-07 10:37:01.082201', 'put_channel : channel tb0, group 0, time 2015-02-07 10:37:01.082086')
('2015-02-07 10:37:01.510240', 'put_channel : channel tb0, group 0, time 2015-02-07 10:37:01.510130')
('2015-02-07 10:37:02.552963', 'put_channel : channel tb0, group 0, time 2015-02-07 10:37:02.552822')
('2015-02-07 10:37:09.011421', 'put_channel : channel tb0, group 1, time 2015-02-07 10:37:09.011284')
('2015-02-07 10:37:09.012804', 'put_channel : channel tb0, group 1, time 2015-02-07 10:37:09.012669')
('2015-02-07 10:37:09.029994', 'put_channel : channel tb0, group 1, time 2015-02-07 10:37:09.029942')
('2015-02-07 10:37:09.310813', 'fd_channel : login[0] 0 login[1] 0 , tb0[0] 69 tb0[1] 59 , tb1[0] 0 tb1[1] 0')
('2015-02-07 10:37:09.319488', 'fd_channel : login[0] 0 login[1] 0 , tb0[0] 59 tb0[1] 59 , tb1[0] 0 tb1[1] 0')
('2015-02-07 10:37:10.022865', 'put_channel : channel tb0, group 1, time 2015-02-07 10:37:10.022770')
('2015-02-07 10:37:10.510567', 'put_channel : channel tb0, group 1, time 2015-02-07 10:37:10.510471')
('2015-02-07 10:37:10.512341', 'put_channel : channel tb0, group 1, time 2015-02-07 10:37:10.512253')
('2015-02-07 10:37:10.536145', 'put_channel : channel tb0, group 1, time 2015-02-07 10:37:10.536055')
('2015-02-07 10:37:11.519034', 'put_channel : channel tb0, group 1, time 2015-02-07 10:37:11.518898')
('2015-02-07 10:37:12.007969', 'put_channel : channel tb0, group 1, time 2015-02-07 10:37:12.007843')
('2015-02-07 10:37:12.038464', 'put_channel : channel tb0, group 1, time 2015-02-07 10:37:12.038375')
('2015-02-07 10:37:13.509709', 'put_channel : channel tb0, group 1, time 2015-02-07 10:37:13.509517')
('2015-02-07 10:37:13.527748', 'put_channel : channel tb0, group 1, time 2015-02-07 10:37:13.527571')
('2015-02-07 10:37:15.008513', 'put_channel : channel tb0, group 1, time 2015-02-07 10:37:15.008415')
('2015-02-07 10:37:15.030844', 'put_channel : channel tb0, group 1, time 2015-02-07 10:37:15.030754')
('2015-02-07 10:37:15.362592', 'fd_channel : login[0] 0 login[1] 0 , tb0[0] 58 tb0[1] 70 , tb1[0] 0 tb1[1] 0')
('2015-02-07 10:37:16.171390', 'fd_channel : login[0] 0 login[1] 0 , tb0[0] 57 tb0[1] 70 , tb1[0] 0 tb1[1] 0')
('2015-02-07 10:37:16.183297', 'fd_channel : login[0] 0 login[1] 0 , tb0[0] 57 tb0[1] 58 , tb1[0] 0 tb1[1] 0')
('2015-02-07 10:37:16.510931', 'put_channel : channel tb0, group 1, time 2015-02-07 10:37:16.510770')
('2015-02-07 10:37:18.175672', 'fd_channel : login[0] 0 login[1] 0 , tb0[0] 56 tb0[1] 59 , tb1[0] 0 tb1[1] 0')
('2015-02-07 10:37:18.177485', 'fd_channel : login[0] 0 login[1] 0 , tb0[0] 56 tb0[1] 58 , tb1[0] 0 tb1[1] 0')
('2015-02-07 10:37:29.986797', 'fd_channel : login[0] 0 login[1] 0 , tb0[0] 56 tb0[1] 57 , tb1[0] 0 tb1[1] 0')
('2015-02-07 10:37:47.512898', 'put_channel : channel tb0, group 1, time 2015-02-07 10:37:47.512756')
('2015-02-07 10:37:47.518928', 'put_channel : channel tb0, group 1, time 2015-02-07 10:37:47.518833')
('2015-02-07 10:37:48.010408', 'put_channel : channel tb0, group 1, time 2015-02-07 10:37:48.010276')
('2015-02-07 10:37:48.011208', 'put_channel : channel tb0, group 1, time 2015-02-07 10:37:48.011116')
('2015-02-07 10:37:48.040278', 'put_channel : channel tb0, group 1, time 2015-02-07 10:37:48.040189')
('2015-02-07 10:37:49.014985', 'put_channel : channel tb0, group 1, time 2015-02-07 10:37:49.014843')
('2015-02-07 10:37:49.078747', 'put_channel : channel tb0, group 1, time 2015-02-07 10:37:49.078614')
('2015-02-07 10:37:49.508161', 'put_channel : channel tb0, group 1, time 2015-02-07 10:37:49.508032')
('2015-02-07 10:37:49.527143', 'put_channel : channel tb0, group 1, time 2015-02-07 10:37:49.527053')
('2015-02-07 10:37:50.190040', 'fd_channel : login[0] 0 login[1] 0 , tb0[0] 56 tb0[1] 53 , tb1[0] 0 tb1[1] 0')
('2015-02-07 10:37:50.518529', 'put_channel : channel tb0, group 1, time 2015-02-07 10:37:50.518443')
('2015-02-07 10:37:50.550582', 'put_channel : channel tb0, group 1, time 2015-02-07 10:37:50.550488')
('2015-02-07 10:37:51.008240', 'put_channel : channel tb0, group 1, time 2015-02-07 10:37:51.008117')
('2015-02-07 10:37:51.030755', 'put_channel : channel tb0, group 1, time 2015-02-07 10:37:51.030620')
('2015-02-07 10:37:52.055804', 'put_channel : channel tb0, group 1, time 2015-02-07 10:37:52.055698')
('2015-02-07 10:37:52.441793', 'fd_channel : login[0] 0 login[1] 0 , tb0[0] 56 tb0[1] 57 , tb1[0] 0 tb1[1] 0')
('2015-02-07 10:37:52.509532', 'put_channel : channel tb0, group 1, time 2015-02-07 10:37:52.509310')
('2015-02-07 10:37:57.536182', 'fd_channel : login[0] 0 login[1] 0 , tb0[0] 29 tb0[1] 58 , tb1[0] 0 tb1[1] 0')
('2015-02-07 10:37:57.537972', 'fd_channel : login[0] 0 login[1] 0 , tb0[0] 29 tb0[1] 57 , tb1[0] 0 tb1[1] 0')
('2015-02-07 10:37:59.541121', 'fd_channel : login[0] 0 login[1] 0 , tb0[0] 28 tb0[1] 57 , tb1[0] 0 tb1[1] 0')
('2015-02-07 10:37:59.542841', 'fd_channel : login[0] 0 login[1] 0 , tb0[0] 28 tb0[1] 56 , tb1[0] 0 tb1[1] 0')
('2015-02-07 10:37:59.988984', 'fd_channel : login[0] 0 login[1] 0 , tb0[0] 28 tb0[1] 55 , tb1[0] 0 tb1[1] 0')
('2015-02-07 10:38:02.520238', 'put_channel : channel tb0, group 0, time 2015-02-07 10:38:02.520129')
('2015-02-07 10:38:02.586572', 'put_channel : channel tb0, group 0, time 2015-02-07 10:38:02.586418')
('2015-02-07 10:38:03.010569', 'put_channel : channel tb0, group 0, time 2015-02-07 10:38:03.010437')
('2015-02-07 10:38:03.014495', 'put_channel : channel tb0, group 0, time 2015-02-07 10:38:03.014407')
('2015-02-07 10:38:03.032667', 'put_channel : channel tb0, group 0, time 2015-02-07 10:38:03.032570')
('2015-02-07 10:38:04.024735', 'put_channel : channel tb0, group 0, time 2015-02-07 10:38:04.024605')
('2015-02-07 10:38:04.056076', 'put_channel : channel tb0, group 0, time 2015-02-07 10:38:04.056025')
('2015-02-07 10:38:04.510751', 'put_channel : channel tb0, group 0, time 2015-02-07 10:38:04.510600')
('2015-02-07 10:38:04.512779', 'put_channel : channel tb0, group 0, time 2015-02-07 10:38:04.512695')
('2015-02-07 10:38:04.538440', 'put_channel : channel tb0, group 0, time 2015-02-07 10:38:04.538347')
('2015-02-07 10:38:05.521767', 'put_channel : channel tb0, group 0, time 2015-02-07 10:38:05.521661')
('2015-02-07 10:38:05.560126', 'put_channel : channel tb0, group 0, time 2015-02-07 10:38:05.560050')
('2015-02-07 10:38:06.010416', 'put_channel : channel tb0, group 0, time 2015-02-07 10:38:06.010318')
('2015-02-07 10:38:06.040391', 'put_channel : channel tb0, group 0, time 2015-02-07 10:38:06.040303')
('2015-02-07 10:38:06.168604', 'put_channel : channel tb0, group 0, time 2015-02-07 10:38:06.168515')
('2015-02-07 10:38:07.066791', 'put_channel : channel tb0, group 0, time 2015-02-07 10:38:07.066611')
('2015-02-07 10:38:07.510465', 'put_channel : channel tb0, group 0, time 2015-02-07 10:38:07.510339')
('2015-02-07 10:38:07.546129', 'put_channel : channel tb0, group 0, time 2015-02-07 10:38:07.546040')
('2015-02-07 10:38:07.640541', 'put_channel : channel tb0, group 0, time 2015-02-07 10:38:07.640451')
('2015-02-07 10:38:08.569007', 'put_channel : channel tb0, group 0, time 2015-02-07 10:38:08.568915')
('2015-02-07 10:38:23.508629', 'put_channel : channel tb0, group 1, time 2015-02-07 10:38:23.508487')
('2015-02-07 10:38:23.518905', 'put_channel : channel tb0, group 1, time 2015-02-07 10:38:23.518810')
('2015-02-07 10:38:24.010265', 'put_channel : channel tb0, group 1, time 2015-02-07 10:38:24.010080')
('2015-02-07 10:38:24.011259', 'put_channel : channel tb0, group 1, time 2015-02-07 10:38:24.011172')
('2015-02-07 10:38:24.038853', 'put_channel : channel tb0, group 1, time 2015-02-07 10:38:24.038723')
('2015-02-07 10:38:25.014806', 'put_channel : channel tb0, group 1, time 2015-02-07 10:38:25.014627')
('2015-02-07 10:38:25.048217', 'put_channel : channel tb0, group 1, time 2015-02-07 10:38:25.048128')
('2015-02-07 10:38:25.510517', 'put_channel : channel tb0, group 1, time 2015-02-07 10:38:25.510386')
('2015-02-07 10:38:25.526836', 'put_channel : channel tb0, group 1, time 2015-02-07 10:38:25.526743')
('2015-02-07 10:38:25.622367', 'put_channel : channel tb0, group 1, time 2015-02-07 10:38:25.622292')
('2015-02-07 10:38:26.519054', 'put_channel : channel tb0, group 1, time 2015-02-07 10:38:26.518909')
('2015-02-07 10:38:26.582772', 'put_channel : channel tb0, group 1, time 2015-02-07 10:38:26.582624')
('2015-02-07 10:38:27.008430', 'put_channel : channel tb0, group 1, time 2015-02-07 10:38:27.008332')
('2015-02-07 10:38:27.032183', 'put_channel : channel tb0, group 1, time 2015-02-07 10:38:27.032096')
('2015-02-07 10:38:27.158842', 'put_channel : channel tb0, group 1, time 2015-02-07 10:38:27.158745')
('2015-02-07 10:38:31.553793', 'fd_channel : login[0] 0 login[1] 0 , tb0[0] 48 tb0[1] 59 , tb1[0] 0 tb1[1] 0')
('2015-02-07 10:38:37.406056', 'fd_channel : login[0] 0 login[1] 0 , tb0[0] 47 tb0[1] 59 , tb1[0] 0 tb1[1] 0')
('2015-02-07 10:38:37.407448', 'fd_channel : login[0] 0 login[1] 0 , tb0[0] 47 tb0[1] 58 , tb1[0] 0 tb1[1] 0')
('2015-02-07 10:38:39.032652', 'put_channel : channel tb0, group 0, time 2015-02-07 10:38:39.032527')
('2015-02-07 10:38:39.410058', 'fd_channel : login[0] 0 login[1] 0 , tb0[0] 47 tb0[1] 58 , tb1[0] 0 tb1[1] 0')
('2015-02-07 10:38:39.411875', 'fd_channel : login[0] 0 login[1] 0 , tb0[0] 47 tb0[1] 57 , tb1[0] 0 tb1[1] 0')
('2015-02-07 10:38:40.008922', 'put_channel : channel tb0, group 0, time 2015-02-07 10:38:40.008779')
('2015-02-07 10:38:40.016859', 'put_channel : channel tb0, group 0, time 2015-02-07 10:38:40.016764')
('2015-02-07 10:38:40.090360', 'put_channel : channel tb0, group 0, time 2015-02-07 10:38:40.090269')
('2015-02-07 10:38:40.511690', 'put_channel : channel tb0, group 0, time 2015-02-07 10:38:40.511514')
('2015-02-07 10:38:40.514959', 'put_channel : channel tb0, group 0, time 2015-02-07 10:38:40.514840')
('2015-02-07 10:38:40.537485', 'put_channel : channel tb0, group 0, time 2015-02-07 10:38:40.537366')
('2015-02-07 10:38:41.520618', 'put_channel : channel tb0, group 0, time 2015-02-07 10:38:41.520473')
('2015-02-07 10:38:41.560660', 'put_channel : channel tb0, group 0, time 2015-02-07 10:38:41.560564')
('2015-02-07 10:38:42.010462', 'put_channel : channel tb0, group 0, time 2015-02-07 10:38:42.010355')
('2015-02-07 10:38:56.700526', 'fd_channel : login[0] 0 login[1] 0 , tb0[0] 56 tb0[1] 44 , tb1[0] 0 tb1[1] 0')
('2015-02-07 10:38:58.507871', 'put_channel : channel tb0, group 1, time 2015-02-07 10:38:58.507744')
('2015-02-07 10:38:58.510981', 'put_channel : channel tb0, group 1, time 2015-02-07 10:38:58.510893')
('2015-02-07 10:38:58.534487', 'put_channel : channel tb0, group 1, time 2015-02-07 10:38:58.534398')
('2015-02-07 10:38:59.518987', 'put_channel : channel tb0, group 1, time 2015-02-07 10:38:59.518847')
('2015-02-07 10:38:59.574902', 'put_channel : channel tb0, group 1, time 2015-02-07 10:38:59.574807')
('2015-02-07 10:39:00.007913', 'put_channel : channel tb0, group 1, time 2015-02-07 10:39:00.007809')
('2015-02-07 10:39:00.011459', 'put_channel : channel tb0, group 1, time 2015-02-07 10:39:00.011369')
('2015-02-07 10:39:00.039326', 'put_channel : channel tb0, group 1, time 2015-02-07 10:39:00.039238')
('2015-02-07 10:39:00.118588', 'put_channel : channel tb0, group 1, time 2015-02-07 10:39:00.118496')
('2015-02-07 10:39:01.017680', 'put_channel : channel tb0, group 1, time 2015-02-07 10:39:01.017495')
('2015-02-07 10:39:01.078365', 'put_channel : channel tb0, group 1, time 2015-02-07 10:39:01.078280')
('2015-02-07 10:39:01.509120', 'put_channel : channel tb0, group 1, time 2015-02-07 10:39:01.508972')
('2015-02-07 10:39:01.526613', 'put_channel : channel tb0, group 1, time 2015-02-07 10:39:01.526525')
('2015-02-07 10:39:01.548429', 'fd_channel : login[0] 0 login[1] 0 , tb0[0] 56 tb0[1] 56 , tb1[0] 0 tb1[1] 0')
('2015-02-07 10:39:01.590706', 'put_channel : channel tb0, group 1, time 2015-02-07 10:39:01.590573')
('2015-02-07 10:39:02.550970', 'put_channel : channel tb0, group 1, time 2015-02-07 10:39:02.550827')
('2015-02-07 10:39:06.147397', 'fd_channel : login[0] 0 login[1] 0 , tb0[0] 53 tb0[1] 55 , tb1[0] 0 tb1[1] 0')
('2015-02-07 10:39:06.165958', 'fd_channel : login[0] 0 login[1] 0 , tb0[0] 29 tb0[1] 55 , tb1[0] 0 tb1[1] 0')
('2015-02-07 10:39:08.150089', 'fd_channel : login[0] 0 login[1] 0 , tb0[0] 28 tb0[1] 55 , tb1[0] 0 tb1[1] 0')
('2015-02-07 10:39:08.155927', 'fd_channel : login[0] 0 login[1] 0 , tb0[0] 28 tb0[1] 49 , tb1[0] 0 tb1[1] 0')
('2015-02-07 10:39:13.009109', 'put_channel : channel tb0, group 0, time 2015-02-07 10:39:13.008964')
('2015-02-07 10:39:13.016768', 'put_channel : channel tb0, group 0, time 2015-02-07 10:39:13.016673')
('2015-02-07 10:39:13.512860', 'put_channel : channel tb0, group 0, time 2015-02-07 10:39:13.512723')
('2015-02-07 10:39:13.513564', 'put_channel : channel tb0, group 0, time 2015-02-07 10:39:13.513469')
('2015-02-07 10:39:13.530099', 'put_channel : channel tb0, group 0, time 2015-02-07 10:39:13.530009')
('2015-02-07 10:39:14.522848', 'put_channel : channel tb0, group 0, time 2015-02-07 10:39:14.522710')
('2015-02-07 10:39:14.586057', 'put_channel : channel tb0, group 0, time 2015-02-07 10:39:14.585960')
('2015-02-07 10:39:15.010899', 'put_channel : channel tb0, group 0, time 2015-02-07 10:39:15.010771')
('2015-02-07 10:39:15.032785', 'put_channel : channel tb0, group 0, time 2015-02-07 10:39:15.032691')
('2015-02-07 10:39:15.162753', 'put_channel : channel tb0, group 0, time 2015-02-07 10:39:15.162523')
('2015-02-07 10:39:16.026596', 'put_channel : channel tb0, group 0, time 2015-02-07 10:39:16.026454')
('2015-02-07 10:39:16.058149', 'put_channel : channel tb0, group 0, time 2015-02-07 10:39:16.058054')
('2015-02-07 10:39:16.510402', 'put_channel : channel tb0, group 0, time 2015-02-07 10:39:16.510290')
('2015-02-07 10:39:16.536629', 'put_channel : channel tb0, group 0, time 2015-02-07 10:39:16.536536')
('2015-02-07 10:39:16.634165', 'put_channel : channel tb0, group 0, time 2015-02-07 10:39:16.634071')
('2015-02-07 10:39:17.562385', 'put_channel : channel tb0, group 0, time 2015-02-07 10:39:17.562243')
('2015-02-07 10:39:18.009393', 'put_channel : channel tb0, group 0, time 2015-02-07 10:39:18.009292')
('2015-02-07 10:39:18.042064', 'put_channel : channel tb0, group 0, time 2015-02-07 10:39:18.041972')
('2015-02-07 10:39:18.104770', 'put_channel : channel tb0, group 0, time 2015-02-07 10:39:18.104679')
('2015-02-07 10:39:33.030928', 'put_channel : channel tb0, group 1, time 2015-02-07 10:39:33.030564')
('2015-02-07 10:39:34.007545', 'put_channel : channel tb0, group 1, time 2015-02-07 10:39:34.007417')
('2015-02-07 10:39:34.022618', 'put_channel : channel tb0, group 1, time 2015-02-07 10:39:34.022529')
('2015-02-07 10:39:34.070696', 'put_channel : channel tb0, group 1, time 2015-02-07 10:39:34.070567')
('2015-02-07 10:39:34.508251', 'put_channel : channel tb0, group 1, time 2015-02-07 10:39:34.508150')
('2015-02-07 10:39:34.514750', 'put_channel : channel tb0, group 1, time 2015-02-07 10:39:34.514593')
('2015-02-07 10:39:34.534873', 'put_channel : channel tb0, group 1, time 2015-02-07 10:39:34.534782')
('2015-02-07 10:39:35.520475', 'put_channel : channel tb0, group 1, time 2015-02-07 10:39:35.520312')
('2015-02-07 10:39:35.576365', 'put_channel : channel tb0, group 1, time 2015-02-07 10:39:35.576272')
('2015-02-07 10:39:36.008193', 'put_channel : channel tb0, group 1, time 2015-02-07 10:39:36.008101')
('2015-02-07 10:39:36.038708', 'put_channel : channel tb0, group 1, time 2015-02-07 10:39:36.038576')
('2015-02-07 10:39:36.150762', 'put_channel : channel tb0, group 1, time 2015-02-07 10:39:36.150633')
('2015-02-07 10:39:37.016588', 'put_channel : channel tb0, group 1, time 2015-02-07 10:39:37.016458')
('2015-02-07 10:39:37.048460', 'put_channel : channel tb0, group 1, time 2015-02-07 10:39:37.048370')
('2015-02-07 10:39:37.508525', 'put_channel : channel tb0, group 1, time 2015-02-07 10:39:37.508409')
('2015-02-07 10:39:49.528706', 'put_channel : channel tb0, group 0, time 2015-02-07 10:39:49.528567')
('2015-02-07 10:39:50.554613', 'put_channel : channel tb0, group 0, time 2015-02-07 10:39:50.554471')
('2015-02-07 10:39:51.032538', 'put_channel : channel tb0, group 0, time 2015-02-07 10:39:51.032419')
('2015-02-07 10:39:51.130172', 'put_channel : channel tb0, group 0, time 2015-02-07 10:39:51.130080')
('2015-02-07 10:39:52.089998', 'put_channel : channel tb0, group 0, time 2015-02-07 10:39:52.089888')
('2015-02-07 10:39:52.537110', 'put_channel : channel tb0, group 0, time 2015-02-07 10:39:52.536947')
('2015-02-07 10:39:52.664888', 'put_channel : channel tb0, group 0, time 2015-02-07 10:39:52.664779')
('2015-02-07 10:39:53.560977', 'put_channel : channel tb0, group 0, time 2015-02-07 10:39:53.560836')
('2015-02-07 10:39:54.040788', 'put_channel : channel tb0, group 0, time 2015-02-07 10:39:54.040687')
('2015-02-07 10:39:54.243835', 'put_channel : channel tb0, group 0, time 2015-02-07 10:39:54.243713')
('2015-02-07 10:39:55.065115', 'put_channel : channel tb0, group 0, time 2015-02-07 10:39:55.064974')
('2015-02-07 10:40:10.070758', 'put_channel : channel tb0, group 1, time 2015-02-07 10:40:10.070608')
('2015-02-07 10:40:10.646845', 'put_channel : channel tb0, group 1, time 2015-02-07 10:40:10.646712')
('2015-02-07 10:40:12.118958', 'put_channel : channel tb0, group 1, time 2015-02-07 10:40:12.118868')
('2015-02-07 10:40:13.655065', 'put_channel : channel tb0, group 1, time 2015-02-07 10:40:13.654934')
('2015-02-07 10:40:15.127979', 'put_channel : channel tb0, group 1, time 2015-02-07 10:40:15.127770')
('2015-02-07 10:40:16.598984', 'put_channel : channel tb0, group 1, time 2015-02-07 10:40:16.598846')
('2015-02-07 10:40:18.134859', 'put_channel : channel tb0, group 1, time 2015-02-07 10:40:18.134715')
('2015-02-07 10:40:19.670998', 'put_channel : channel tb0, group 1, time 2015-02-07 10:40:19.670858')
('2015-02-07 10:40:25.623191', 'put_channel : channel tb0, group 1, time 2015-02-07 10:40:25.623076')
('2015-02-07 10:40:27.096650', 'put_channel : channel tb0, group 1, time 2015-02-07 10:40:27.096559')
('2015-02-07 10:40:28.632874', 'put_channel : channel tb0, group 1, time 2015-02-07 10:40:28.632729')
('2015-02-07 10:40:28.633623', 'put_channel : channel tb0, group 0, time 2015-02-07 10:40:28.633539')
('2015-02-07 10:40:30.169210', 'put_channel : channel tb0, group 0, time 2015-02-07 10:40:30.169047')
('2015-02-07 10:40:31.642408', 'put_channel : channel tb0, group 0, time 2015-02-07 10:40:31.642319')
('2015-02-07 10:40:33.112971', 'put_channel : channel tb0, group 0, time 2015-02-07 10:40:33.112829')
('2015-02-07 10:40:34.648583', 'put_channel : channel tb0, group 0, time 2015-02-07 10:40:34.648482')
('2015-02-07 10:40:36.121036', 'put_channel : channel tb0, group 0, time 2015-02-07 10:40:36.120924')
('2015-02-07 10:40:45.054106', 'fd_channel : login[0] 0 login[1] 0 , tb0[0] 64 tb0[1] 40 , tb1[0] 0 tb1[1] 0')
('2015-02-07 10:40:47.569138', 'fd_channel : login[0] 0 login[1] 0 , tb0[0] 35 tb0[1] 40 , tb1[0] 0 tb1[1] 0')
('2015-02-07 10:41:13.663918', 'fd_channel : login[0] 0 login[1] 0 , tb0[0] 35 tb0[1] 25 , tb1[0] 0 tb1[1] 0')
('2015-02-07 10:41:29.530054', 'fd_channel : login[0] 0 login[1] 0 , tb0[0] 35 tb0[1] 24 , tb1[0] 0 tb1[1] 0')
('2015-02-07 10:41:39.778809', 'fd_channel : login[0] 0 login[1] 0 , tb0[0] 35 tb0[1] 10 , tb1[0] 0 tb1[1] 0')
('2015-02-07 10:41:56.666440', 'fd_channel : login[0] 0 login[1] 0 , tb0[0] 35 tb0[1] 9 , tb1[0] 0 tb1[1] 0')
('2015-02-07 11:27:40.509145', 'put_channel : channel tb1, group 1, time 2015-02-07 11:27:40.508926')
('2015-02-07 11:27:40.510926', 'put_channel : channel tb1, group 0, time 2015-02-07 11:27:40.510817')
('2015-02-07 11:27:42.009542', 'put_channel : channel tb1, group 1, time 2015-02-07 11:27:42.009402')
('2015-02-07 11:27:42.010230', 'put_channel : channel tb1, group 0, time 2015-02-07 11:27:42.010149')
('2015-02-07 11:27:43.509069', 'put_channel : channel tb1, group 1, time 2015-02-07 11:27:43.508901')
('2015-02-07 11:27:43.512060', 'put_channel : channel tb1, group 0, time 2015-02-07 11:27:43.511969')
('2015-02-07 11:27:45.009572', 'put_channel : channel tb1, group 1, time 2015-02-07 11:27:45.009440')
('2015-02-07 11:27:45.010198', 'put_channel : channel tb1, group 0, time 2015-02-07 11:27:45.010116')
('2015-02-07 11:27:46.508300', 'put_channel : channel tb1, group 1, time 2015-02-07 11:27:46.508200')
('2015-02-07 11:27:46.509838', 'put_channel : channel tb1, group 0, time 2015-02-07 11:27:46.509784')
('2015-02-07 11:27:48.008980', 'put_channel : channel tb1, group 1, time 2015-02-07 11:27:48.008811')
('2015-02-07 11:27:48.011216', 'put_channel : channel tb1, group 0, time 2015-02-07 11:27:48.011108')
('2015-02-07 11:27:49.511033', 'put_channel : channel tb1, group 1, time 2015-02-07 11:27:49.510895')
('2015-02-07 11:27:49.511722', 'put_channel : channel tb1, group 0, time 2015-02-07 11:27:49.511640')
('2015-02-07 11:27:51.010521', 'put_channel : channel tb1, group 0, time 2015-02-07 11:27:51.010383')
('2015-02-07 11:27:51.011254', 'put_channel : channel tb1, group 1, time 2015-02-07 11:27:51.011171')
('2015-02-07 11:27:52.510978', 'put_channel : channel tb1, group 1, time 2015-02-07 11:27:52.510820')
('2015-02-07 11:27:52.511601', 'put_channel : channel tb1, group 0, time 2015-02-07 11:27:52.511517')
('2015-02-07 11:27:54.009607', 'put_channel : channel tb1, group 1, time 2015-02-07 11:27:54.009484')
('2015-02-07 11:27:54.011423', 'put_channel : channel tb1, group 0, time 2015-02-07 11:27:54.011332')
('2015-02-07 11:27:55.508602', 'put_channel : channel tb1, group 1, time 2015-02-07 11:27:55.508465')
('2015-02-07 11:27:55.510115', 'put_channel : channel tb1, group 0, time 2015-02-07 11:27:55.510033')
('2015-02-07 11:27:57.010480', 'put_channel : channel tb1, group 1, time 2015-02-07 11:27:57.010267')
('2015-02-07 11:27:57.011167', 'put_channel : channel tb1, group 0, time 2015-02-07 11:27:57.011048')
('2015-02-07 11:27:58.509354', 'put_channel : channel tb1, group 1, time 2015-02-07 11:27:58.509174')
('2015-02-07 11:27:58.510269', 'put_channel : channel tb1, group 0, time 2015-02-07 11:27:58.510113')
('2015-02-07 11:28:00.008599', 'put_channel : channel tb1, group 1, time 2015-02-07 11:28:00.008463')
('2015-02-07 11:28:00.010096', 'put_channel : channel tb1, group 0, time 2015-02-07 11:28:00.010014')
('2015-02-07 11:28:01.510484', 'put_channel : channel tb1, group 1, time 2015-02-07 11:28:01.510367')
('2015-02-07 11:28:01.512164', 'put_channel : channel tb1, group 0, time 2015-02-07 11:28:01.512072')
('2015-02-07 11:28:03.011140', 'put_channel : channel tb1, group 1, time 2015-02-07 11:28:03.011005')
('2015-02-07 11:28:03.011743', 'put_channel : channel tb1, group 0, time 2015-02-07 11:28:03.011647')
('2015-02-07 11:28:04.510821', 'put_channel : channel tb1, group 1, time 2015-02-07 11:28:04.510634')
('2015-02-07 11:28:04.511206', 'put_channel : channel tb1, group 0, time 2015-02-07 11:28:04.511089')
('2015-02-07 11:28:06.009734', 'put_channel : channel tb1, group 1, time 2015-02-07 11:28:06.009598')
('2015-02-07 11:28:06.011385', 'put_channel : channel tb1, group 0, time 2015-02-07 11:28:06.011293')
('2015-02-07 11:28:07.506212', 'put_channel : channel tb1, group 1, time 2015-02-07 11:28:07.506085')
('2015-02-07 11:28:07.508641', 'put_channel : channel tb1, group 0, time 2015-02-07 11:28:07.508592')
('2015-02-07 11:28:09.010424', 'put_channel : channel tb1, group 1, time 2015-02-07 11:28:09.010287')
('2015-02-07 11:28:09.011167', 'put_channel : channel tb1, group 0, time 2015-02-07 11:28:09.011085')
('2015-02-07 11:28:10.508863', 'put_channel : channel tb1, group 1, time 2015-02-07 11:28:10.508729')
('2015-02-07 11:28:10.510867', 'put_channel : channel tb1, group 0, time 2015-02-07 11:28:10.510782')
('2015-02-07 11:28:12.008562', 'put_channel : channel tb1, group 1, time 2015-02-07 11:28:12.008428')
('2015-02-07 11:28:12.010166', 'put_channel : channel tb1, group 0, time 2015-02-07 11:28:12.010081')
('2015-02-07 11:28:13.509518', 'put_channel : channel tb1, group 1, time 2015-02-07 11:28:13.509355')
('2015-02-07 11:28:13.512380', 'put_channel : channel tb1, group 0, time 2015-02-07 11:28:13.512288')
('2015-02-07 11:28:15.009107', 'put_channel : channel tb1, group 1, time 2015-02-07 11:28:15.008974')
('2015-02-07 11:28:15.011828', 'put_channel : channel tb1, group 0, time 2015-02-07 11:28:15.011741')
('2015-02-07 11:28:16.510813', 'put_channel : channel tb1, group 0, time 2015-02-07 11:28:16.510625')
('2015-02-07 11:28:16.511416', 'put_channel : channel tb1, group 1, time 2015-02-07 11:28:16.511327')
('2015-02-07 11:28:18.008627', 'put_channel : channel tb1, group 1, time 2015-02-07 11:28:18.008506')
('2015-02-07 11:28:18.012688', 'put_channel : channel tb1, group 0, time 2015-02-07 11:28:18.012595')
('2015-02-07 11:28:19.509332', 'put_channel : channel tb1, group 1, time 2015-02-07 11:28:19.509197')
('2015-02-07 11:28:19.510070', 'put_channel : channel tb1, group 0, time 2015-02-07 11:28:19.509988')
('2015-02-07 11:28:21.006885', 'put_channel : channel tb1, group 1, time 2015-02-07 11:28:21.006787')
('2015-02-07 11:28:21.008148', 'put_channel : channel tb1, group 0, time 2015-02-07 11:28:21.008092')
('2015-02-07 11:28:22.508767', 'put_channel : channel tb1, group 1, time 2015-02-07 11:28:22.508632')
('2015-02-07 11:28:22.510009', 'put_channel : channel tb1, group 0, time 2015-02-07 11:28:22.509924')
('2015-02-07 11:28:24.009839', 'put_channel : channel tb1, group 1, time 2015-02-07 11:28:24.009600')
('2015-02-07 11:28:24.010245', 'put_channel : channel tb1, group 0, time 2015-02-07 11:28:24.010129')
('2015-02-07 11:28:31.009224', 'put_channel : channel tb1, group 1, time 2015-02-07 11:28:31.009080')
('2015-02-07 11:28:34.508791', 'put_channel : channel tb1, group 1, time 2015-02-07 11:28:34.508656')
('2015-02-07 11:28:34.511078', 'put_channel : channel tb1, group 1, time 2015-02-07 11:28:34.510986')
('2015-02-07 11:28:34.512550', 'put_channel : channel tb1, group 0, time 2015-02-07 11:28:34.512464')
('2015-02-07 11:28:34.514488', 'put_channel : channel tb1, group 0, time 2015-02-07 11:28:34.514400')
('2015-02-07 11:28:35.520685', 'put_channel : channel tb1, group 1, time 2015-02-07 11:28:35.520544')
('2015-02-07 11:28:35.522312', 'put_channel : channel tb1, group 0, time 2015-02-07 11:28:35.522218')
('2015-02-07 11:28:36.619899', 'put_channel : channel tb1, group 0, time 2015-02-07 11:28:36.619755')
('2015-02-07 11:28:37.008519', 'put_channel : channel tb1, group 1, time 2015-02-07 11:28:37.008379')
('2015-02-07 11:28:37.016654', 'put_channel : channel tb1, group 0, time 2015-02-07 11:28:37.016566')
('2015-02-07 11:28:38.506943', 'put_channel : channel tb1, group 1, time 2015-02-07 11:28:38.506802')
('2015-02-07 11:28:38.508599', 'put_channel : channel tb1, group 0, time 2015-02-07 11:28:38.508505')
('2015-02-07 11:28:40.007127', 'put_channel : channel tb1, group 1, time 2015-02-07 11:28:40.006988')
('2015-02-07 11:28:40.008540', 'put_channel : channel tb1, group 0, time 2015-02-07 11:28:40.008448')
('2015-02-07 11:28:41.508967', 'put_channel : channel tb1, group 0, time 2015-02-07 11:28:41.508827')
('2015-02-07 11:28:41.509696', 'put_channel : channel tb1, group 1, time 2015-02-07 11:28:41.509613')
('2015-02-07 11:28:43.010396', 'put_channel : channel tb1, group 0, time 2015-02-07 11:28:43.010254')
('2015-02-07 11:28:44.510284', 'put_channel : channel tb1, group 0, time 2015-02-07 11:28:44.510150')
('2015-02-07 11:28:48.009475', 'put_channel : channel tb1, group 0, time 2015-02-07 11:28:48.009343')
('2015-02-07 11:28:48.011760', 'put_channel : channel tb1, group 0, time 2015-02-07 11:28:48.011674')
('2015-02-07 11:28:50.123315', 'put_channel : channel tb1, group 0, time 2015-02-07 11:28:50.123117')
('2015-02-07 11:28:51.010563', 'put_channel : channel tb1, group 0, time 2015-02-07 11:28:51.010422')
('2015-02-07 11:28:52.510368', 'put_channel : channel tb1, group 0, time 2015-02-07 11:28:52.510233')
('2015-02-07 11:28:53.521034', 'put_channel : channel tb1, group 0, time 2015-02-07 11:28:53.520891')
('2015-02-07 11:28:55.008755', 'put_channel : channel tb1, group 0, time 2015-02-07 11:28:55.008609')
('2015-02-07 11:28:55.510616', 'put_channel : channel tb1, group 1, time 2015-02-07 11:28:55.510483')
('2015-02-07 11:28:55.511550', 'put_channel : channel tb1, group 1, time 2015-02-07 11:28:55.511395')
('2015-02-07 11:28:56.519181', 'put_channel : channel tb1, group 1, time 2015-02-07 11:28:56.519042')
('2015-02-07 11:28:56.566756', 'put_channel : channel tb1, group 1, time 2015-02-07 11:28:56.566628')
('2015-02-07 11:28:57.008357', 'put_channel : channel tb1, group 1, time 2015-02-07 11:28:57.008226')
('2015-02-07 11:28:57.010860', 'put_channel : channel tb1, group 1, time 2015-02-07 11:28:57.010774')
('2015-02-07 11:28:57.030594', 'put_channel : channel tb1, group 1, time 2015-02-07 11:28:57.030502')
('2015-02-07 11:28:58.023122', 'put_channel : channel tb1, group 1, time 2015-02-07 11:28:58.022979')
('2015-02-07 11:28:58.071026', 'put_channel : channel tb1, group 1, time 2015-02-07 11:28:58.070897')
('2015-02-07 11:28:58.506709', 'put_channel : channel tb1, group 1, time 2015-02-07 11:28:58.506587')
('2015-02-07 11:28:58.534061', 'put_channel : channel tb1, group 1, time 2015-02-07 11:28:58.534012')
('2015-02-07 11:29:00.010282', 'put_channel : channel tb1, group 1, time 2015-02-07 11:29:00.010149')
('2015-02-07 11:29:01.511031', 'put_channel : channel tb1, group 1, time 2015-02-07 11:29:01.510876')
('2015-02-07 11:29:04.009045', 'put_channel : channel tb1, group 0, time 2015-02-07 11:29:04.008915')
('2015-02-07 11:29:04.024564', 'put_channel : channel tb1, group 0, time 2015-02-07 11:29:04.024477')
('2015-02-07 11:29:04.088584', 'put_channel : channel tb1, group 0, time 2015-02-07 11:29:04.088496')
('2015-02-07 11:29:04.510098', 'put_channel : channel tb1, group 0, time 2015-02-07 11:29:04.509951')
('2015-02-07 11:29:04.512493', 'put_channel : channel tb1, group 0, time 2015-02-07 11:29:04.512409')
('2015-02-07 11:29:16.023116', 'put_channel : channel tb1, group 1, time 2015-02-07 11:29:16.022972')
('2015-02-07 11:29:16.510790', 'put_channel : channel tb1, group 1, time 2015-02-07 11:29:16.510616')
('2015-02-07 11:29:17.592743', 'put_channel : channel tb1, group 1, time 2015-02-07 11:29:17.592601')
('2015-02-07 11:29:18.013060', 'put_channel : channel tb1, group 1, time 2015-02-07 11:29:18.012966')
('2015-02-07 11:29:19.018576', 'put_channel : channel tb1, group 0, time 2015-02-07 11:29:19.018435')
('2015-02-07 11:29:19.514285', 'put_channel : channel tb1, group 0, time 2015-02-07 11:29:19.514151')
('2015-02-07 11:29:27.008308', 'put_channel : channel tb1, group 0, time 2015-02-07 11:29:27.008217')
('2015-02-07 11:29:28.008519', 'put_channel : channel tb1, group 1, time 2015-02-07 11:29:28.008375')
('2015-02-07 11:29:28.022636', 'put_channel : channel tb1, group 1, time 2015-02-07 11:29:28.022548')
('2015-02-07 11:29:28.511004', 'put_channel : channel tb1, group 0, time 2015-02-07 11:29:28.510868')
('2015-02-07 11:29:28.664676', 'put_channel : channel tb1, group 0, time 2015-02-07 11:29:28.664583')
('2015-02-07 11:29:30.137934', 'put_channel : channel tb1, group 0, time 2015-02-07 11:29:30.137828')
('2015-02-07 11:29:31.014836', 'put_channel : channel tb1, group 1, time 2015-02-07 11:29:31.014692')
('2015-02-07 11:29:31.064268', 'put_channel : channel tb1, group 0, time 2015-02-07 11:29:31.064181')
('2015-02-07 11:29:31.542886', 'put_channel : channel tb1, group 1, time 2015-02-07 11:29:31.542772')
('2015-02-07 11:29:33.012501', 'put_channel : channel tb1, group 1, time 2015-02-07 11:29:33.012364')
('2015-02-07 11:29:34.007047', 'put_channel : channel tb1, group 1, time 2015-02-07 11:29:34.006911')
('2015-02-07 11:29:34.535168', 'put_channel : channel tb1, group 1, time 2015-02-07 11:29:34.535033')
('2015-02-07 11:29:35.392730', 'fd_channel : login[0] 0 login[1] 0 , tb0[0] 35 tb0[1] 9 , tb1[0] 59 tb1[1] 61')
('2015-02-07 11:29:35.395097', 'fd_channel : login[0] 0 login[1] 0 , tb0[0] 35 tb0[1] 9 , tb1[0] 59 tb1[1] 60')
('2015-02-07 11:29:35.396476', 'fd_channel : login[0] 0 login[1] 0 , tb0[0] 35 tb0[1] 9 , tb1[0] 59 tb1[1] 59')
('2015-02-07 11:29:35.399369', 'fd_channel : login[0] 0 login[1] 0 , tb0[0] 35 tb0[1] 9 , tb1[0] 59 tb1[1] 58')
('2015-02-07 11:29:35.402219', 'fd_channel : login[0] 0 login[1] 0 , tb0[0] 35 tb0[1] 9 , tb1[0] 59 tb1[1] 57')
('2015-02-07 11:29:35.405225', 'fd_channel : login[0] 0 login[1] 0 , tb0[0] 35 tb0[1] 9 , tb1[0] 59 tb1[1] 56')
('2015-02-07 11:29:35.406740', 'fd_channel : login[0] 0 login[1] 0 , tb0[0] 35 tb0[1] 9 , tb1[0] 59 tb1[1] 55')
('2015-02-07 11:29:35.412155', 'fd_channel : login[0] 0 login[1] 0 , tb0[0] 35 tb0[1] 9 , tb1[0] 59 tb1[1] 54')
('2015-02-07 11:29:35.518595', 'put_channel : channel tb1, group 1, time 2015-02-07 11:29:35.518503')
('2015-02-07 11:29:35.574931', 'put_channel : channel tb1, group 1, time 2015-02-07 11:29:35.574843')
('2015-02-07 11:29:36.010326', 'put_channel : channel tb1, group 0, time 2015-02-07 11:29:36.010218')
('2015-02-07 11:29:37.050217', 'put_channel : channel tb1, group 0, time 2015-02-07 11:29:37.050123')
('2015-02-07 11:29:37.528496', 'put_channel : channel tb1, group 1, time 2015-02-07 11:29:37.528365')
('2015-02-07 11:29:38.510131', 'put_channel : channel tb1, group 0, time 2015-02-07 11:29:38.510066')
('2015-02-07 11:29:40.058081', 'put_channel : channel tb1, group 0, time 2015-02-07 11:29:40.057957')
('2015-02-07 11:29:40.510155', 'put_channel : channel tb1, group 0, time 2015-02-07 11:29:40.510055')
('2015-02-07 11:29:42.009185', 'put_channel : channel tb1, group 0, time 2015-02-07 11:29:42.009094')
('2015-02-07 11:29:42.410017', 'fd_channel : login[0] 0 login[1] 0 , tb0[0] 35 tb0[1] 9 , tb1[0] 65 tb1[1] 56')
('2015-02-07 11:29:43.064617', 'put_channel : channel tb1, group 1, time 2015-02-07 11:29:43.064525')
('2015-02-07 11:29:46.536500', 'put_channel : channel tb1, group 1, time 2015-02-07 11:29:46.536365')
('2015-02-07 11:29:48.009592', 'put_channel : channel tb1, group 1, time 2015-02-07 11:29:48.009470')
('2015-02-07 11:29:48.011253', 'put_channel : channel tb1, group 1, time 2015-02-07 11:29:48.011166')
('2015-02-07 11:29:49.009204', 'put_channel : channel tb1, group 0, time 2015-02-07 11:29:49.009017')
('2015-02-07 11:29:49.016103', 'put_channel : channel tb1, group 1, time 2015-02-07 11:29:49.015996')
('2015-02-07 11:29:50.510096', 'put_channel : channel tb1, group 1, time 2015-02-07 11:29:50.509898')
('2015-02-07 11:29:50.510887', 'put_channel : channel tb1, group 0, time 2015-02-07 11:29:50.510803')
('2015-02-07 11:29:51.012061', 'put_channel : channel tb1, group 0, time 2015-02-07 11:29:51.011942')
('2015-02-07 11:29:51.127094', 'put_channel : channel tb1, group 1, time 2015-02-07 11:29:51.126999')
('2015-02-07 11:29:52.508749', 'put_channel : channel tb1, group 1, time 2015-02-07 11:29:52.508592')
('2015-02-07 11:29:52.511120', 'put_channel : channel tb1, group 0, time 2015-02-07 11:29:52.511026')
('2015-02-07 11:29:52.535055', 'put_channel : channel tb1, group 1, time 2015-02-07 11:29:52.534964')
('2015-02-07 11:29:53.519557', 'put_channel : channel tb1, group 1, time 2015-02-07 11:29:53.519412')
('2015-02-07 11:29:55.007065', 'put_channel : channel tb1, group 1, time 2015-02-07 11:29:55.006944')
('2015-02-07 11:29:56.402590', 'fd_channel : login[0] 0 login[1] 0 , tb0[0] 35 tb0[1] 9 , tb1[0] 69 tb1[1] 61')
('2015-02-07 11:29:56.404029', 'fd_channel : login[0] 0 login[1] 0 , tb0[0] 35 tb0[1] 9 , tb1[0] 69 tb1[1] 60')
('2015-02-07 11:29:56.405697', 'fd_channel : login[0] 0 login[1] 0 , tb0[0] 35 tb0[1] 9 , tb1[0] 69 tb1[1] 59')
('2015-02-07 11:29:56.407278', 'fd_channel : login[0] 0 login[1] 0 , tb0[0] 35 tb0[1] 9 , tb1[0] 69 tb1[1] 58')
('2015-02-07 11:29:56.409763', 'fd_channel : login[0] 0 login[1] 0 , tb0[0] 35 tb0[1] 9 , tb1[0] 69 tb1[1] 57')
('2015-02-07 11:29:56.411524', 'fd_channel : login[0] 0 login[1] 0 , tb0[0] 35 tb0[1] 9 , tb1[0] 69 tb1[1] 56')
('2015-02-07 11:29:56.413515', 'fd_channel : login[0] 0 login[1] 0 , tb0[0] 35 tb0[1] 9 , tb1[0] 69 tb1[1] 55')
('2015-02-07 11:29:56.415064', 'fd_channel : login[0] 0 login[1] 0 , tb0[0] 35 tb0[1] 9 , tb1[0] 69 tb1[1] 54')
('2015-02-07 11:29:56.566992', 'put_channel : channel tb1, group 1, time 2015-02-07 11:29:56.566887')
('2015-02-07 11:29:56.681858', 'fd_channel : login[0] 0 login[1] 0 , tb0[0] 35 tb0[1] 9 , tb1[0] 68 tb1[1] 54')
('2015-02-07 11:29:56.695159', 'fd_channel : login[0] 0 login[1] 0 , tb0[0] 35 tb0[1] 9 , tb1[0] 54 tb1[1] 54')
('2015-02-07 11:29:56.729224', 'fd_channel : login[0] 0 login[1] 0 , tb0[0] 35 tb0[1] 9 , tb1[0] 53 tb1[1] 54')
('2015-02-07 11:29:56.731376', 'fd_channel : login[0] 0 login[1] 0 , tb0[0] 35 tb0[1] 9 , tb1[0] 53 tb1[1] 53')
('2015-02-07 11:29:56.796643', 'fd_channel : login[0] 0 login[1] 0 , tb0[0] 35 tb0[1] 9 , tb1[0] 52 tb1[1] 53')
('2015-02-07 11:29:56.798503', 'fd_channel : login[0] 0 login[1] 0 , tb0[0] 35 tb0[1] 9 , tb1[0] 52 tb1[1] 52')
('2015-02-07 11:29:56.944774', 'fd_channel : login[0] 0 login[1] 0 , tb0[0] 35 tb0[1] 9 , tb1[0] 51 tb1[1] 52')
('2015-02-07 11:29:56.946891', 'fd_channel : login[0] 0 login[1] 0 , tb0[0] 35 tb0[1] 9 , tb1[0] 51 tb1[1] 51')
('2015-02-07 11:29:57.008628', 'put_channel : channel tb1, group 1, time 2015-02-07 11:29:57.008531')
('2015-02-07 11:29:57.960863', 'fd_channel : login[0] 0 login[1] 0 , tb0[0] 35 tb0[1] 9 , tb1[0] 50 tb1[1] 52')
('2015-02-07 11:29:57.962741', 'fd_channel : login[0] 0 login[1] 0 , tb0[0] 35 tb0[1] 9 , tb1[0] 50 tb1[1] 51')
('2015-02-07 11:29:58.053693', 'fd_channel : login[0] 0 login[1] 0 , tb0[0] 35 tb0[1] 9 , tb1[0] 49 tb1[1] 51')
('2015-02-07 11:29:58.055591', 'fd_channel : login[0] 0 login[1] 0 , tb0[0] 35 tb0[1] 9 , tb1[0] 49 tb1[1] 50')
('2015-02-07 11:29:58.078611', 'fd_channel : login[0] 0 login[1] 0 , tb0[0] 35 tb0[1] 9 , tb1[0] 48 tb1[1] 50')
('2015-02-07 11:29:58.080572', 'fd_channel : login[0] 0 login[1] 0 , tb0[0] 35 tb0[1] 9 , tb1[0] 48 tb1[1] 49')
('2015-02-07 11:29:58.091716', 'fd_channel : login[0] 0 login[1] 0 , tb0[0] 35 tb0[1] 9 , tb1[0] 47 tb1[1] 49')
('2015-02-07 11:29:58.093701', 'fd_channel : login[0] 0 login[1] 0 , tb0[0] 35 tb0[1] 9 , tb1[0] 47 tb1[1] 48')
('2015-02-07 11:29:58.685716', 'fd_channel : login[0] 0 login[1] 0 , tb0[0] 35 tb0[1] 9 , tb1[0] 46 tb1[1] 48')
('2015-02-07 11:29:58.688335', 'fd_channel : login[0] 0 login[1] 0 , tb0[0] 35 tb0[1] 9 , tb1[0] 46 tb1[1] 47')
('2015-02-07 11:29:59.508761', 'put_channel : channel tb1, group 0, time 2015-02-07 11:29:59.508627')
('2015-02-07 11:29:59.965208', 'fd_channel : login[0] 0 login[1] 0 , tb0[0] 35 tb0[1] 9 , tb1[0] 46 tb1[1] 47')
('2015-02-07 11:29:59.966818', 'fd_channel : login[0] 0 login[1] 0 , tb0[0] 35 tb0[1] 9 , tb1[0] 46 tb1[1] 46')
('2015-02-07 11:30:00.058904', 'fd_channel : login[0] 0 login[1] 0 , tb0[0] 35 tb0[1] 9 , tb1[0] 45 tb1[1] 46')
('2015-02-07 11:30:00.060462', 'fd_channel : login[0] 0 login[1] 0 , tb0[0] 35 tb0[1] 9 , tb1[0] 45 tb1[1] 45')
('2015-02-07 11:30:00.096199', 'fd_channel : login[0] 0 login[1] 0 , tb0[0] 35 tb0[1] 9 , tb1[0] 44 tb1[1] 45')
('2015-02-07 11:30:00.098232', 'fd_channel : login[0] 0 login[1] 0 , tb0[0] 35 tb0[1] 9 , tb1[0] 44 tb1[1] 44')
('2015-02-07 11:30:00.491399', 'worker [3] stopping')
('2015-02-07 11:30:01.008638', 'put_channel : channel tb1, group 0, time 2015-02-07 11:30:01.008531')
('2015-02-07 11:30:10.072691', 'put_channel : channel tb1, group 1, time 2015-02-07 11:30:10.072545')
('2015-02-07 11:30:29.558761', 'put_channel : channel tb1, group 1, time 2015-02-07 11:30:29.558601')
('2015-02-07 11:30:43.670981', 'put_channel : channel tb1, group 1, time 2015-02-07 11:30:43.670830')
