('2015-02-07 10:01:33.029640', 'client 52452825 login 吴舒骏 310102197806201219')
('2015-02-07 10:01:33.076073', 'client 52548969 login 杨振宇 310230197902270258')
('2015-02-07 10:01:34.514978', 'client 52588386 login 徐蕾 320522198608280028')
('2015-02-07 10:01:34.580494', 'client 52531566 login 吕卉 310110198906154469')
('2015-02-07 10:01:36.018762', 'client 52737969 login 盛国慧 310107198001284658')
('2015-02-07 10:01:36.081605', 'client 52781042 login 许晓驰 310106197812081669')
('2015-02-07 10:01:37.517391', 'client 52797650 login 刘劲松 432503197504270611')
('2015-02-07 10:01:37.585401', 'client 52780438 login 王雄 310112198911134617')
('2015-02-07 10:01:39.016242', 'client 52475074 login 陈力萍 33108119861006002x')
('2015-02-07 10:34:08.651570', 'client 52781042 bid 0 image 4844E7BFC787B5DA9E8B9DA0C145CBD5 351546 ')
('2015-02-07 10:34:08.670046', 'client 52781042 bid 0 price 73700 许晓驰 310106197812081669')
('2015-02-07 10:34:09.769416', 'client 52588386 bid 0 image D32A320A05734E9A2A53C0421276F50E 160938 ')
('2015-02-07 10:34:10.614841', 'client 52737969 bid 0 image 53D31E8C62FD7F91363132EB8DAEEAAC 945262 ')
('2015-02-07 10:34:11.790117', 'client 52588386 bid 0 price 73700 徐蕾 320522198608280028')
('2015-02-07 10:34:12.060295', 'client 52737969 bid 0 price 73700 盛国慧 310107198001284658')
('2015-02-07 10:34:12.906580', 'client 52531566 bid 0 image 2BDB6BCFAAC8A26B02692E062DE0F761 609280 ')
('2015-02-07 10:34:12.919338', 'client 52531566 bid 0 price 73700 吕卉 310110198906154469')
('2015-02-07 10:34:22.853941', 'client 52475074 bid 0 image A64AED1885620C7D6D7DEA25792025D4 945184 ')
('2015-02-07 10:34:22.872512', 'client 52475074 bid 0 price 73700 陈力萍 33108119861006002x')
('2015-02-07 10:35:31.743728', 'client 52548969 bid 0 image Failed')
('2015-02-07 10:35:31.743780', 'client 52548969 bid 0 failed. Abort.....')
('2015-02-07 10:35:31.753347', 'client 52452825 bid 0 image Failed')
('2015-02-07 10:35:31.753396', 'client 52452825 bid 0 failed. Abort.....')
('2015-02-07 10:35:31.757150', 'client 52780438 bid 0 image Failed')
('2015-02-07 10:35:31.757201', 'client 52780438 bid 0 failed. Abort.....')
('2015-02-07 10:35:31.757781', 'client 52797650 bid 0 image Failed')
('2015-02-07 10:35:31.757825', 'client 52797650 bid 0 failed. Abort.....')
('2015-02-07 10:35:43.843187', 'client 52780438 bid 0 image 741C44F5EA4E6D6733FE94703E20B95A 251618 ')
('2015-02-07 10:35:43.863299', 'client 52780438 bid 0 price 73700 王雄 310112198911134617')
('2015-02-07 10:35:46.052907', 'client 52797650 bid 0 image B2DA9A72082E727580B193CB002B8500 648450 ')
('2015-02-07 10:35:50.762688', 'client 52548969 bid 0 image C46B2AA115D7C7DAD57E24D40C2F16AD 516583 ')
('2015-02-07 10:35:59.226263', 'client 52452825 bid 0 image 60F1161BD714414E684C6155F4AB7DAD 081605 ')
('2015-02-07 10:35:59.246094', 'client 52452825 bid 0 price 73700 吴舒骏 310102197806201219')
('2015-02-07 10:36:20.064004', 'client 52797650 bid 0 price Failed')
('2015-02-07 10:36:20.064263', 'client 52797650 bid 0 failed. Abort.....')
('2015-02-07 10:36:24.770439', 'client 52548969 bid 0 price Failed')
('2015-02-07 10:36:24.770695', 'client 52548969 bid 0 failed. Abort.....')
('2015-02-07 10:36:51.076284', 'client 52548969 bid 0 image 483D251DCD0DA158E9A76655D3C95E78 925393 ')
('2015-02-07 10:37:15.256731', 'client 52797650 bid 0 image 506BAEC464832268DDFD59FFF52A074F 250808 ')
('2015-02-07 10:37:25.084569', 'client 52548969 bid 0 price Failed')
('2015-02-07 10:37:25.084741', 'client 52548969 bid 0 failed. Abort.....')
('2015-02-07 10:37:49.267414', 'client 52797650 bid 0 price Failed')
('2015-02-07 10:37:49.267521', 'client 52797650 bid 0 failed. Abort.....')
('2015-02-07 10:37:55.897988', 'client 52548969 bid 0 image F093773B0C8BF2956AEB3C3B403256C4 848482 ')
('2015-02-07 10:38:29.905820', 'client 52548969 bid 0 price Failed')
('2015-02-07 10:38:29.906061', 'client 52548969 bid 0 failed. Abort.....')
('2015-02-07 10:39:07.307524', 'client 52548969 bid 0 image 6756DE08222E5093CF0013FD59A90742 180508 ')
('2015-02-07 10:39:07.311613', 'client 52548969 bid 0 price 73700 杨振宇 310230197902270258')
('2015-02-07 11:29:35.831016', 'client 52548969 bid 1 image 4BF9FD2AEB3E7902875FB96A5B4A0C4B 492636 ')
('2015-02-07 11:29:36.276506', 'client 52452825 bid 1 image FB877E3149D9E77D9E36ED4EDC695A51 451918 ')
('2015-02-07 11:29:36.423504', 'client 52588386 bid 1 image DB5439C5CA047288A8B9FDE78ACC6BDB 363629 ')
('2015-02-07 11:29:37.162047', 'client 52737969 bid 1 image 382A0366E96C419C69172B460BF99C82 281605 ')
('2015-02-07 11:29:37.176169', 'client 52475074 bid 1 image 2DE7B92BBDE08DE77534A3CADFFC8AD8 493625 ')
('2015-02-07 11:29:37.305756', 'client 52781042 bid 1 image 613B8F4A22E4392CD4278C2671D73D7E 635060 ')
('2015-02-07 11:29:42.023390', 'client 52780438 bid 1 image 1199953B30110FD9C6FB7E903CE67B16 252536 ')
('2015-02-07 11:29:42.678657', 'client 52531566 bid 1 image F810FF10689EC1E983E682DA25DEF612 263638 ')
('2015-02-07 11:29:44.184154', 'client 52797650 bid 1 image C500E1DE7D78202B593B5E3710E1A9C7 926360 ')
('2015-02-07 11:29:56.171127', 'client 52797650 bid 1 cancel')
('2015-02-07 11:29:56.171278', 'client 52797650 bid 1 price Failed')
('2015-02-07 11:29:56.171327', 'client 52797650 bid 1 failed. Abort.....')
('2015-02-07 11:29:56.172499', 'client 52452825 bid 1 cancel')
('2015-02-07 11:29:56.172557', 'client 52452825 bid 1 price Failed')
('2015-02-07 11:29:56.172600', 'client 52452825 bid 1 failed. Abort.....')
('2015-02-07 11:29:56.172966', 'client 52588386 bid 1 cancel')
('2015-02-07 11:29:56.173027', 'client 52588386 bid 1 price Failed')
('2015-02-07 11:29:56.173069', 'client 52588386 bid 1 failed. Abort.....')
('2015-02-07 11:29:56.173934', 'client 52475074 bid 1 cancel')
('2015-02-07 11:29:56.174022', 'client 52475074 bid 1 price Failed')
('2015-02-07 11:29:56.174065', 'client 52475074 bid 1 failed. Abort.....')
('2015-02-07 11:29:56.175385', 'client 52780438 bid 1 cancel')
('2015-02-07 11:29:56.175478', 'client 52780438 bid 1 price Failed')
('2015-02-07 11:29:56.175526', 'client 52780438 bid 1 failed. Abort.....')
('2015-02-07 11:29:56.176854', 'client 52548969 bid 1 cancel')
('2015-02-07 11:29:56.176915', 'client 52548969 bid 1 price Failed')
('2015-02-07 11:29:56.176967', 'client 52548969 bid 1 failed. Abort.....')
('2015-02-07 11:29:56.178296', 'client 52737969 bid 1 cancel')
('2015-02-07 11:29:56.178357', 'client 52737969 bid 1 price Failed')
('2015-02-07 11:29:56.178399', 'client 52737969 bid 1 failed. Abort.....')
('2015-02-07 11:29:56.181380', 'client 52531566 bid 1 cancel')
('2015-02-07 11:29:56.181460', 'client 52531566 bid 1 price Failed')
('2015-02-07 11:29:56.181504', 'client 52531566 bid 1 failed. Abort.....')
('2015-02-07 11:29:56.182638', 'client 52781042 bid 1 cancel')
('2015-02-07 11:29:56.182716', 'client 52781042 bid 1 price Failed')
('2015-02-07 11:29:56.182760', 'client 52781042 bid 1 failed. Abort.....')
('2015-02-07 11:29:56.280609', 'client 52588386 bid 2 image 7D8B4DD6156E0E940E2A27FD7F844FFF 194809 ')
('2015-02-07 11:29:56.403952', 'client 52797650 bid 2 image 044EADDBA3FE42A4BB2676F6C3C5A301 094935 ')
('2015-02-07 11:29:56.548351', 'client 52452825 bid 2 image 352F80D612289889F71C99AD4111491B 192615 ')
('2015-02-07 11:29:56.583895', 'client 52452825 bid 2 price 76700 吴舒骏 310102197806201219')
('2015-02-07 11:29:56.584706', 'client 52780438 bid 2 image 97AA2E49C8C47DCF2358B20269177701 260636 ')
('2015-02-07 11:29:57.835352', 'client 52781042 bid 2 image C454327308170D57184D8B6768D6C0E9 352825 ')
('2015-02-07 11:29:57.987014', 'client 52475074 bid 2 image 5455BB68AA4F02A8B3E8E435647145F8 180838 ')
('2015-02-07 11:29:58.011354', 'client 52475074 bid 2 price 76700 陈力萍 33108119861006002x')
('2015-02-07 11:29:58.935824', 'client 52588386 bid 2 price 76700 徐蕾 320522198608280028')
('2015-02-07 11:29:59.040843', 'client 52797650 bid 2 price 76700 刘劲松 432503197504270611')
('2015-02-07 11:29:59.057679', 'client 52781042 bid 2 price 76700 许晓驰 310106197812081669')
('2015-02-07 11:30:06.594103', "client 52452825 bids finished. price : ['73700', None, '76700'] . Quit.....")
('2015-02-07 11:30:08.021578', "client 52475074 bids finished. price : ['73700', None, '76700'] . Quit.....")
('2015-02-07 11:30:08.946093', "client 52588386 bids finished. price : ['73700', None, '76700'] . Quit.....")
('2015-02-07 11:30:09.051089', "client 52797650 bids finished. price : [None, None, '76700'] . Quit.....")
('2015-02-07 11:30:09.064134', "client 52781042 bids finished. price : ['73700', None, '76700'] . Quit.....")
('2015-02-07 11:30:10.399583', 'client 52548969 bid 2 image Failed')
('2015-02-07 11:30:10.399695', 'client 52548969 bid 2 failed. Abort.....')
('2015-02-07 11:30:10.593117', 'client 52780438 bid 2 price Failed')
('2015-02-07 11:30:10.593308', 'client 52780438 bid 2 failed. Abort.....')
('2015-02-07 11:30:12.531476', 'client 52531566 bid 2 image Failed')
('2015-02-07 11:30:12.531598', 'client 52531566 bid 2 failed. Abort.....')
('2015-02-07 11:30:17.194040', 'client 52737969 bid 2 image Failed')
('2015-02-07 11:30:17.194128', 'client 52737969 bid 2 failed. Abort.....')
('2015-02-07 11:30:20.409943', "client 52548969 bids finished. price : ['73700', None, None] . Quit.....")
('2015-02-07 11:30:20.603538', "client 52780438 bids finished. price : ['73700', None, None] . Quit.....")
('2015-02-07 11:30:22.541843', "client 52531566 bids finished. price : ['73700', None, None] . Quit.....")
('2015-02-07 11:30:27.204145', "client 52737969 bids finished. price : ['73700', None, None] . Quit.....")
