('2014-11-15 09:02:08.022663', 'client 52472623 login 郭欣 211002197606024723')
('2014-11-15 09:02:08.026758', 'client 52524914 login 金朝阳 330724198310237639')
('2014-11-15 09:02:10.019461', 'client 52484185 login 朱婉瑾 310112198107045226')
('2014-11-15 09:02:10.020969', 'client 52422850 login 林启晨 310110197712101233')
('2014-11-15 09:02:12.017026', 'client 52520123 login 魏东娅 342423198007240027')
('2014-11-15 09:02:12.018130', 'client 52479119 login 张文国 37232319950105091x')
('2014-11-15 09:02:14.017310', 'client 52271404 login 刘秋池 510623198804076128')
('2014-11-15 09:02:14.019345', 'client 52490533 login 夏海峰 310109197611175211')
('2014-11-15 09:02:16.016039', 'client 52525813 login 顾叶锋 31022519820706101x')
('2014-11-15 09:02:16.017186', 'client 52541114 login 夏静 310102198112033649')
('2014-11-15 10:35:09.769969', 'client 52524914 bid 0 image 1D4BE1CE0ED5C16CBC303B18CD42D09B 182529 ')
('2014-11-15 10:35:11.773756', 'client 52524914 bid 0 price 72600 金朝阳 330724198310237639')
('2014-11-15 10:35:12.588354', 'client 52422850 bid 0 image 2A10A8A227323077901A254E305869F6 609384 ')
('2014-11-15 10:35:13.638294', 'client 52472623 bid 0 image 6F6081236380D078121565685076199F 164636 ')
('2014-11-15 10:35:14.592533', 'client 52422850 bid 0 price 72600 meet err_112 林启晨 310110197712101233')
('2014-11-15 10:35:14.592638', 'client 52422850 bid 0 price 72600 林启晨 310110197712101233')
('2014-11-15 10:35:15.642514', 'client 52472623 bid 0 price 72600 郭欣 211002197606024723')
('2014-11-15 10:35:16.156257', 'client 52484185 bid 0 image 9FB08E1273A883F177813D4A6F5BACA0 908460 ')
('2014-11-15 10:35:16.777844', 'client 52520123 bid 0 image 5A911375232909A8BCB30E7DEAFF0AD4 092928 ')
('2014-11-15 10:35:18.160498', 'client 52484185 bid 0 price 72600 朱婉瑾 310112198107045226')
('2014-11-15 10:35:18.782144', 'client 52520123 bid 0 price 72600 meet err_112 魏东娅 342423198007240027')
('2014-11-15 10:35:18.782241', 'client 52520123 bid 0 price 72600 魏东娅 342423198007240027')
('2014-11-15 10:35:29.332836', 'client 52541114 bid 0 image E6BDC2CB31E4B7CCD98FB8A2F38A10EA 182805 ')
('2014-11-15 10:35:31.337045', 'client 52541114 bid 0 price 72600 夏静 310102198112033649')
('2014-11-15 10:35:32.365480', 'client 52271404 bid 0 image BC8265CB4B4E75206367D93BAABFD795 615061 ')
('2014-11-15 10:35:32.368033', 'client 52479119 bid 0 image 1FDE30C017380F5259B76072211F4F03 150619 ')
('2014-11-15 10:35:32.374353', 'client 52490533 bid 0 image 687663A174EF8F4E7CD85551B0515269 608352 ')
('2014-11-15 10:35:32.374599', 'client 52525813 bid 0 image 2041E181F5F7C4B757D3EDA2B71A650D 353605 ')
('2014-11-15 10:35:34.372952', 'client 52271404 bid 0 price 72600 刘秋池 510623198804076128')
('2014-11-15 10:35:34.389993', 'client 52490533 bid 0 price 72600 夏海峰 310109197611175211')
('2014-11-15 10:36:04.376458', 'client 52479119 bid 0 price Failed')
('2014-11-15 10:36:04.376652', 'client 52479119 bid 0 failed. Abort.....')
('2014-11-15 10:36:04.391491', 'client 52525813 bid 0 price Failed')
('2014-11-15 10:36:04.391639', 'client 52525813 bid 0 failed. Abort.....')
('2014-11-15 10:36:27.429819', 'client 52525813 bid 0 image 646A7D1B3C64CE18C3A0D873A7F5CFED 160516 ')
('2014-11-15 10:36:28.786703', 'client 52479119 bid 0 image 6E8C1B9E72033C0B1FBF012EAD03AC8A 609054 ')
('2014-11-15 10:36:29.436148', 'client 52525813 bid 0 price 72600 顾叶锋 31022519820706101x')
('2014-11-15 10:36:30.791813', 'client 52479119 bid 0 price 72600 张文国 37232319950105091x')
('2014-11-15 11:29:48.436441', 'client 52271404 bid 1 image DB552021A2948D9CAE9B933FE729027F 063636 ')
('2014-11-15 11:29:48.438143', 'client 52422850 bid 1 image B5DFDB6ED4E2D0885460C0BD93CDA275 536164 ')
('2014-11-15 11:29:48.439815', 'client 52472623 bid 1 image 7DF2D2D7C9BC1044999DC0AC7FB7231E 809360 ')
('2014-11-15 11:29:48.443769', 'client 52479119 bid 1 image 0C618A6F7591A7A921D322C8E1B15FE1 615493 ')
('2014-11-15 11:29:48.447715', 'client 52484185 bid 1 image 7C6F93BC1A1D4FBD354F64BBC6F2B502 182805 ')
('2014-11-15 11:29:48.449344', 'client 52520123 bid 1 image 46298DDF4614F94D07B8E11F08149A51 291815 ')
('2014-11-15 11:29:48.450894', 'client 52490533 bid 1 image ED17207DC1C52547ABFBFFF17E1A1937 282849 ')
('2014-11-15 11:29:48.462871', 'client 52524914 bid 1 image 89CF009B154AEBE2A418727F455AA5CD 538350 ')
('2014-11-15 11:29:48.463672', 'client 52525813 bid 1 image 68EF4385D1EA61A14DC6353345B32D19 845461 ')
('2014-11-15 11:29:48.467473', 'client 52541114 bid 1 image A81717A1790F672BCF1D31E5EA1710D4 363618 ')
('2014-11-15 11:29:50.443406', 'client 52271404 bid 1 price 73500 刘秋池 510623198804076128')
('2014-11-15 11:29:50.454663', 'client 52479119 bid 1 price 73500 张文国 37232319950105091x')
('2014-11-15 11:29:50.454919', 'client 52472623 bid 1 price 73500 郭欣 211002197606024723')
('2014-11-15 11:29:50.459098', 'client 52490533 bid 1 price 73500 夏海峰 310109197611175211')
('2014-11-15 11:29:50.470671', 'client 52525813 bid 1 price 73500 顾叶锋 31022519820706101x')
('2014-11-15 11:29:50.470845', 'client 52524914 bid 1 price 73500 金朝阳 330724198310237639')
('2014-11-15 11:29:50.479533', 'client 52541114 bid 1 price 73500 夏静 310102198112033649')
('2014-11-15 11:29:51.538989', 'client 52520123 bid 1 price 73500 魏东娅 342423198007240027')
('2014-11-15 11:29:51.542048', 'client 52422850 bid 1 price 73500 林启晨 310110197712101233')
('2014-11-15 11:29:52.475710', 'client 52484185 bid 1 price Failed')
('2014-11-15 11:29:52.475822', 'client 52484185 bid 1 failed. Abort.....')
('2014-11-15 11:29:55.898286', 'client 52271404 bid 2 image A4F0DA814F2E10A903C905CE343DC2DC 064515 ')
('2014-11-15 11:29:56.095281', 'client 52472623 bid 2 image 44552EF650A2EE3D83AE73FF5EE18703 936081 ')
('2014-11-15 11:29:56.482698', 'client 52524914 bid 2 image F8052F78060BCDFE8A84C65F593811F2 536490 ')
('2014-11-15 11:29:56.497582', 'client 52520123 bid 2 image FE4CA0AB583647B952293B11AD3E3D32 194816 ')
('2014-11-15 11:29:56.508864', 'client 52490533 bid 2 image EFD1E4A37E2D2671F9FD243FD80A19C2 626353 ')
('2014-11-15 11:29:56.530327', 'client 52479119 bid 2 image 00247FB460196361689407DFE8896D40 070809 ')
('2014-11-15 11:29:56.583976', 'client 52422850 bid 2 image 4F090014E7921A0FB2C8FEF002CDC6E4 629180 ')
('2014-11-15 11:29:56.592051', 'client 52484185 bid 2 image 38CE9C10CE7E585D008B9F6142DB9511 609154 ')
('2014-11-15 11:29:57.320448', 'client 52525813 bid 2 image 1D80B57AF172270370E12C252CE2E5E3 828191 ')
('2014-11-15 11:29:57.912849', 'client 52271404 bid 2 price 73700 刘秋池 510623198804076128')
('2014-11-15 11:29:58.099894', 'client 52472623 bid 2 price 73700 郭欣 211002197606024723')
('2014-11-15 11:29:58.487948', 'client 52524914 bid 2 price 73700 金朝阳 330724198310237639')
('2014-11-15 11:29:58.513499', 'client 52490533 bid 2 price 73700 夏海峰 310109197611175211')
('2014-11-15 11:29:58.535353', 'client 52479119 bid 2 price 73700 张文国 37232319950105091x')
('2014-11-15 11:29:58.589860', 'client 52422850 bid 2 price 73700 林启晨 310110197712101233')
('2014-11-15 11:29:59.324813', 'client 52525813 bid 2 price 73700 顾叶锋 31022519820706101x')
('2014-11-15 11:30:04.835785', 'client 52541114 bid 2 image Failed')
('2014-11-15 11:30:04.835828', 'client 52541114 bid 2 failed. Abort.....')
('2014-11-15 11:30:07.923040', "client 52271404 bids finished. price : ['72600', '73500', '73700'] . Quit.....")
('2014-11-15 11:30:08.110138', "client 52472623 bids finished. price : ['72600', '73500', '73700'] . Quit.....")
('2014-11-15 11:30:08.498144', "client 52524914 bids finished. price : ['72600', '73500', '73700'] . Quit.....")
('2014-11-15 11:30:08.502219', 'client 52520123 bid 2 price Failed')
('2014-11-15 11:30:08.502278', 'client 52520123 bid 2 failed. Abort.....')
('2014-11-15 11:30:08.523751', "client 52490533 bids finished. price : ['72600', '73500', '73700'] . Quit.....")
('2014-11-15 11:30:08.545533', "client 52479119 bids finished. price : ['72600', '73500', '73700'] . Quit.....")
('2014-11-15 11:30:08.596583', "client 52422850 bids finished. price : ['72600', '73500', '73700'] . Quit.....")
('2014-11-15 11:30:08.596993', 'client 52484185 bid 2 price Failed')
('2014-11-15 11:30:08.597047', 'client 52484185 bid 2 failed. Abort.....')
('2014-11-15 11:30:09.335070', "client 52525813 bids finished. price : ['72600', '73500', '73700'] . Quit.....")
('2014-11-15 11:30:14.841879', "client 52541114 bids finished. price : ['72600', '73500', None] . Quit.....")
('2014-11-15 11:30:18.512419', "client 52520123 bids finished. price : ['72600', '73500', None] . Quit.....")
('2014-11-15 11:30:18.607277', "client 52484185 bids finished. price : ['72600', '73500', None] . Quit.....")
