('2014-11-15 10:35:08.599644', '\r\n\r\n\r\n\r\n\r\n\r\n\r\n\r\n\r\n\r\n<XML><ERRORCODE>311</ERRORCODE><ERRORSTRING>图像校验码错误！</ERRORSTRING><ERRORSTRING_EN>Image checksum error！</ERRORSTRING_EN></XML>')
('2014-11-15 10:35:08.599693', "client 52369637 bid 0 fd_price ack error {'errcode': '311', 'errstring': '图像校验码错误！'}")
('2014-11-15 10:35:09.285569', '\r\n\r\n\r\n\r\n\r\n\r\n\r\n\r\n\r\n\r\n<XML><ERRORCODE>311</ERRORCODE><ERRORSTRING>图像校验码错误！</ERRORSTRING><ERRORSTRING_EN>Image checksum error！</ERRORSTRING_EN></XML>')
('2014-11-15 10:35:09.285627', "client 52365675 bid 0 fd_price ack error {'errcode': '311', 'errstring': '图像校验码错误！'}")
('2014-11-15 10:35:10.006327', '\r\n\r\n\r\n\r\n\r\n\r\n\r\n\r\n\r\n\r\n<XML><ERRORCODE>112</ERRORCODE><ERRORSTRING>首次出价时段不能进行修改出价！</ERRORSTRING><ERRORSTRING_EN>Can not modify the bid amount in bid time!</ERRORSTRING_EN></XML>\r\n')
('2014-11-15 10:35:10.006374', "client 52341521 bid 0 fd_price ack error {'errcode': '112', 'errstring': '首次出价时段不能进行修改出价！'}")
('2014-11-15 10:35:10.463142', '\r\n\r\n\r\n\r\n\r\n\r\n\r\n\r\n\r\n\r\n<XML><ERRORCODE>311</ERRORCODE><ERRORSTRING>图像校验码错误！</ERRORSTRING><ERRORSTRING_EN>Image checksum error！</ERRORSTRING_EN></XML>')
('2014-11-15 10:35:10.463189', "client 52521692 bid 0 fd_price ack error {'errcode': '311', 'errstring': '图像校验码错误！'}")
('2014-11-15 10:35:11.374429', '\r\n\r\n\r\n\r\n\r\n\r\n\r\n\r\n\r\n\r\n<XML><ERRORCODE>311</ERRORCODE><ERRORSTRING>图像校验码错误！</ERRORSTRING><ERRORSTRING_EN>Image checksum error！</ERRORSTRING_EN></XML>')
('2014-11-15 10:35:11.374532', "client 52508734 bid 0 fd_price ack error {'errcode': '311', 'errstring': '图像校验码错误！'}")
('2014-11-15 10:35:12.200681', '\r\n\r\n\r\n\r\n\r\n\r\n\r\n\r\n\r\n\r\n<XML><ERRORCODE>311</ERRORCODE><ERRORSTRING>图像校验码错误！</ERRORSTRING><ERRORSTRING_EN>Image checksum error！</ERRORSTRING_EN></XML>')
('2014-11-15 10:35:12.200779', "client 52509018 bid 0 fd_price ack error {'errcode': '311', 'errstring': '图像校验码错误！'}")
('2014-11-15 10:35:27.300129', '\r\n\r\n\r\n\r\n\r\n\r\n\r\n\r\n\r\n\r\n<XML><ERRORCODE>116</ERRORCODE><ERRORSTRING>系统忙，请稍后再试。</ERRORSTRING><ERRORSTRING_EN>System busy now, please try later!</ERRORSTRING_EN></XML>\r\n')
('2014-11-15 10:35:27.300176', "client 52520233 bid 0 fd_price ack error {'errcode': '116', 'errstring': '系统忙，请稍后再试。'}")
('2014-11-15 10:35:31.268689', '\r\n\r\n\r\n\r\n\r\n\r\n\r\n\r\n\r\n\r\n<XML><ERRORCODE>311</ERRORCODE><ERRORSTRING>图像校验码错误！</ERRORSTRING><ERRORSTRING_EN>Image checksum error！</ERRORSTRING_EN></XML>')
('2014-11-15 10:35:31.268738', "client 52509512 bid 0 fd_price ack error {'errcode': '311', 'errstring': '图像校验码错误！'}")
('2014-11-15 10:35:32.602980', '\r\n\r\n\r\n\r\n\r\n\r\n\r\n\r\n\r\n\r\n<XML><ERRORCODE>311</ERRORCODE><ERRORSTRING>图像校验码错误！</ERRORSTRING><ERRORSTRING_EN>Image checksum error！</ERRORSTRING_EN></XML>')
('2014-11-15 10:35:32.603090', "client 52467890 bid 0 fd_price ack error {'errcode': '311', 'errstring': '图像校验码错误！'}")
('2014-11-15 10:35:32.606198', '\r\n\r\n\r\n\r\n\r\n\r\n\r\n\r\n\r\n\r\n<XML><ERRORCODE>311</ERRORCODE><ERRORSTRING>图像校验码错误！</ERRORSTRING><ERRORSTRING_EN>Image checksum error！</ERRORSTRING_EN></XML>')
('2014-11-15 10:35:32.606304', "client 52467890 bid 0 fd_price ack error {'errcode': '311', 'errstring': '图像校验码错误！'}")
('2014-11-15 10:35:32.611095', '\r\n\r\n\r\n\r\n\r\n\r\n\r\n\r\n\r\n\r\n<XML><ERRORCODE>311</ERRORCODE><ERRORSTRING>图像校验码错误！</ERRORSTRING><ERRORSTRING_EN>Image checksum error！</ERRORSTRING_EN></XML>')
('2014-11-15 10:35:32.611194', "client 52344251 bid 0 fd_price ack error {'errcode': '311', 'errstring': '图像校验码错误！'}")
('2014-11-15 10:36:34.560205', '\r\n\r\n\r\n\r\n\r\n\r\n\r\n\r\n\r\n\r\n<XML><ERRORCODE>311</ERRORCODE><ERRORSTRING>图像校验码错误！</ERRORSTRING><ERRORSTRING_EN>Image checksum error！</ERRORSTRING_EN></XML>')
('2014-11-15 10:36:34.560310', "client 52467890 bid 0 fd_price ack error {'errcode': '311', 'errstring': '图像校验码错误！'}")
('2014-11-15 11:29:44.878435', 'client 52467890 bid 1 fd_image Timeout')
('2014-11-15 11:29:44.881136', 'client 52509512 bid 1 fd_image Timeout')
('2014-11-15 11:29:48.594385', 'client 52365675 bid 1 fd_price status 503')
('2014-11-15 11:29:48.595026', 'client 52341521 bid 1 fd_price status 503')
('2014-11-15 11:29:48.605982', 'client 52508734 bid 1 fd_price status 503')
('2014-11-15 11:29:48.615799', 'client 52509018 bid 1 fd_price status 503')
('2014-11-15 11:29:48.617544', 'client 52520233 bid 1 fd_price status 503')
('2014-11-15 11:29:48.620863', 'client 52521692 bid 1 fd_price status 503')
('2014-11-15 11:29:50.089473', '\r\n\r\n\r\n\r\n\r\n\r\n\r\n\r\n\r\n\r\n<XML><ERRORCODE>311</ERRORCODE><ERRORSTRING>图像校验码错误！</ERRORSTRING><ERRORSTRING_EN>Image checksum error！</ERRORSTRING_EN></XML>')
('2014-11-15 11:29:50.089530', "client 52344251 bid 1 fd_price ack error {'errcode': '311', 'errstring': '图像校验码错误！'}")
('2014-11-15 11:29:50.171659', '\r\n\r\n\r\n\r\n\r\n\r\n\r\n\r\n\r\n\r\n<XML><ERRORCODE>311</ERRORCODE><ERRORSTRING>图像校验码错误！</ERRORSTRING><ERRORSTRING_EN>Image checksum error！</ERRORSTRING_EN></XML>')
('2014-11-15 11:29:50.171715', "client 52369637 bid 1 fd_price ack error {'errcode': '311', 'errstring': '图像校验码错误！'}")
('2014-11-15 11:29:52.636280', 'client 52467890 bid 1 fd_price status 503')
('2014-11-15 11:29:52.636863', 'client 52509512 bid 1 fd_price status 503')
('2014-11-15 11:29:53.755521', 'client 52467890 bid 1 fd_image got max_retry 2')
('2014-11-15 11:29:54.960889', '\r\n\r\n\r\n\r\n\r\n\r\n\r\n\r\n\r\n\r\n<XML><ERRORCODE>311</ERRORCODE><ERRORSTRING>图像校验码错误！</ERRORSTRING><ERRORSTRING_EN>Image checksum error！</ERRORSTRING_EN></XML>')
('2014-11-15 11:29:54.960950', "client 52509018 bid 1 fd_price ack error {'errcode': '311', 'errstring': '图像校验码错误！'}")
('2014-11-15 11:29:57.644061', 'client 52509512 bid 2 fd_image status 503')
('2014-11-15 11:29:57.912511', 'client 52508734 bid 2 fd_price status 503')
('2014-11-15 11:29:57.913961', 'client 52365675 bid 2 fd_price status 503')
('2014-11-15 11:29:57.914636', 'client 52341521 bid 2 fd_price status 503')
('2014-11-15 11:29:57.928631', 'client 52509018 bid 2 fd_price status 503')
('2014-11-15 11:29:58.233060', 'client 52467890 bid 2 fd_price status 503')
('2014-11-15 11:29:58.903561', 'client 52344251 bid 2 fd_image Timeout')
('2014-11-15 11:29:59.516298', '\r\n\r\n\r\n\r\n\r\n\r\n\r\n\r\n\r\n\r\n<XML><ERRORCODE>311</ERRORCODE><ERRORSTRING>图像校验码错误！</ERRORSTRING><ERRORSTRING_EN>Image checksum error！</ERRORSTRING_EN></XML>')
('2014-11-15 11:29:59.516358', "client 52369637 bid 2 fd_price ack error {'errcode': '311', 'errstring': '图像校验码错误！'}")
('2014-11-15 11:29:59.523168', '\r\n\r\n\r\n\r\n\r\n\r\n\r\n\r\n\r\n\r\n<XML><ERRORCODE>311</ERRORCODE><ERRORSTRING>图像校验码错误！</ERRORSTRING><ERRORSTRING_EN>Image checksum error！</ERRORSTRING_EN></XML>')
('2014-11-15 11:29:59.523217', "client 52520233 bid 2 fd_price ack error {'errcode': '311', 'errstring': '图像校验码错误！'}")
('2014-11-15 11:30:00.497340', '\r\n\r\n\r\n\r\n\r\n\r\n\r\n\r\n\r\n\r\n<XML><ERRORCODE>311</ERRORCODE><ERRORSTRING>图像校验码错误！</ERRORSTRING><ERRORSTRING_EN>Image checksum error！</ERRORSTRING_EN></XML>')
('2014-11-15 11:30:00.497404', "client 52344251 bid 2 fd_price ack error {'errcode': '311', 'errstring': '图像校验码错误！'}")
('2014-11-15 11:30:00.640182', 'client 52509512 bid 2 fd_image Timeout')
('2014-11-15 11:30:00.642788', 'client 52509512 bid 2 fd_image got max_retry 2')
('2014-11-15 11:30:00.647900', '\r\n\r\n\r\n\r\n\r\n\r\n\r\n\r\n\r\n\r\n\r\n<XML><ERRORCODE>110</ERRORCODE><ERRORSTRING>没有正在举行的拍卖会，请注意拍卖公告！</ERRORSTRING><ERRORSTRING_EN>Auction is not begin!</ERRORSTRING_EN></XML>')
('2014-11-15 11:30:00.647958', "client 52509512 bid 2 fd_image ack error {'body': '\\r\\n\\r\\n\\r\\n\\r\\n\\r\\n\\r\\n\\r\\n\\r\\n\\r\\n\\r\\n\\r\\n<XML><ERRORCODE>110</ERRORCODE><ERRORSTRING>没有正在举行的拍卖会，请注意拍卖公告！</ERRORSTRING><ERRORSTRING_EN>Auction is not begin!</ERRORSTRING_EN></XML>', 'status': 200, 'head': 'Connection: close\\nDate: Sat, 15 Nov 2014 03:30:00 GMT\\nServer: Microsoft-IIS/6.0\\nSet-Cookie: JSESSIONID=53E8420DB27B1E8E5531F0C927C8EC44; Path=/car\\nContent-Type: text/html;charset=GBK\\nContent-Length: 178\\n\\n'}")
('2014-11-15 11:30:03.652140', '\r\n\r\n\r\n\r\n\r\n\r\n\r\n\r\n\r\n\r\n\r\n<XML><ERRORCODE>110</ERRORCODE><ERRORSTRING>没有正在举行的拍卖会，请注意拍卖公告！</ERRORSTRING><ERRORSTRING_EN>Auction is not begin!</ERRORSTRING_EN></XML>')
('2014-11-15 11:30:03.652196', "client 52509512 bid 2 fd_image ack error {'body': '\\r\\n\\r\\n\\r\\n\\r\\n\\r\\n\\r\\n\\r\\n\\r\\n\\r\\n\\r\\n\\r\\n<XML><ERRORCODE>110</ERRORCODE><ERRORSTRING>没有正在举行的拍卖会，请注意拍卖公告！</ERRORSTRING><ERRORSTRING_EN>Auction is not begin!</ERRORSTRING_EN></XML>', 'status': 200, 'head': 'Connection: close\\nDate: Sat, 15 Nov 2014 03:30:03 GMT\\nServer: Microsoft-IIS/6.0\\nSet-Cookie: JSESSIONID=7FD41A99C79D7C316AFAAF4AA465D0BA; Path=/car\\nContent-Type: text/html;charset=GBK\\nContent-Length: 178\\n\\n'}")
('2014-11-15 11:30:06.871329', 'client 52509512 bid 1 fd_image got max_retry 2')
('2014-11-15 11:30:08.793967', 'client 52344251 bid 2 fd_image got max_retry 2')
('2014-11-15 11:30:14.552415', '\r\n\r\n\r\n\r\n\r\n\r\n\r\n\r\n\r\n\r\n<XML><ERRORCODE>311</ERRORCODE><ERRORSTRING>图像校验码错误！</ERRORSTRING><ERRORSTRING_EN>Image checksum error！</ERRORSTRING_EN></XML>')
('2014-11-15 11:30:14.552467', "client 52341521 bid 1 fd_price ack error {'errcode': '311', 'errstring': '图像校验码错误！'}")
('2014-11-15 11:30:14.553286', '\r\n\r\n\r\n\r\n\r\n\r\n\r\n\r\n\r\n\r\n<XML><ERRORCODE>311</ERRORCODE><ERRORSTRING>图像校验码错误！</ERRORSTRING><ERRORSTRING_EN>Image checksum error！</ERRORSTRING_EN></XML>')
('2014-11-15 11:30:14.553333', "client 52369637 bid 1 fd_price ack error {'errcode': '311', 'errstring': '图像校验码错误！'}")
('2014-11-15 11:30:14.584896', '\r\n\r\n\r\n\r\n\r\n\r\n\r\n\r\n\r\n\r\n<XML><ERRORCODE>311</ERRORCODE><ERRORSTRING>图像校验码错误！</ERRORSTRING><ERRORSTRING_EN>Image checksum error！</ERRORSTRING_EN></XML>')
('2014-11-15 11:30:14.584943', "client 52344251 bid 1 fd_price ack error {'errcode': '311', 'errstring': '图像校验码错误！'}")
('2014-11-15 11:30:14.586569', '\r\n\r\n\r\n\r\n\r\n\r\n\r\n\r\n\r\n\r\n<XML><ERRORCODE>311</ERRORCODE><ERRORSTRING>图像校验码错误！</ERRORSTRING><ERRORSTRING_EN>Image checksum error！</ERRORSTRING_EN></XML>')
('2014-11-15 11:30:14.586628', "client 52520233 bid 1 fd_price ack error {'errcode': '311', 'errstring': '图像校验码错误！'}")
('2014-11-15 11:30:14.587425', '\r\n\r\n\r\n\r\n\r\n\r\n\r\n\r\n\r\n\r\n<XML><ERRORCODE>311</ERRORCODE><ERRORSTRING>图像校验码错误！</ERRORSTRING><ERRORSTRING_EN>Image checksum error！</ERRORSTRING_EN></XML>')
('2014-11-15 11:30:14.587472', "client 52521692 bid 1 fd_price ack error {'errcode': '311', 'errstring': '图像校验码错误！'}")
('2014-11-15 11:30:44.760991', '\r\n\r\n\r\n\r\n\r\n\r\n\r\n\r\n\r\n\r\n<XML><ERRORCODE>311</ERRORCODE><ERRORSTRING>图像校验码错误！</ERRORSTRING><ERRORSTRING_EN>Image checksum error！</ERRORSTRING_EN></XML>')
('2014-11-15 11:30:44.761100', "client 52509512 bid 1 fd_price ack error {'errcode': '311', 'errstring': '图像校验码错误！'}")
