('2014-11-15 09:02:10.018588', 'client 52467890 login 朱嵘 310108197612124815')
('2014-11-15 09:02:10.514774', 'client 52365675 login 方菲 422432198103040021')
('2014-11-15 09:02:12.012375', 'client 52509018 login 王晓静 332625198010164426')
('2014-11-15 09:02:12.513946', 'client 52508734 login 杨军 420106197212064086')
('2014-11-15 09:02:14.014041', 'client 52520233 login 郑燕妮 440582198302050020')
('2014-11-15 09:02:14.517766', 'client 52344251 login 朱海燕 321088198312237520')
('2014-11-15 09:02:16.014880', 'client 52509512 login 王鹤鸣 310104198110070852')
('2014-11-15 09:02:16.516856', 'client 52521692 login 王静 362103198005250020')
('2014-11-15 09:02:18.013611', 'client 52369637 login 刘文超 230602197711124019')
('2014-11-15 09:02:18.518114', 'client 52341521 login 宋雪斌 23100219830216272x')
('2014-11-15 10:35:08.592596', 'client 52369637 bid 0 image 07CD786D14096CFEE2D6C843C9C0F799 648451 ')
('2014-11-15 10:35:09.277741', 'client 52365675 bid 0 image 7AEDE54E66B69DEE619FC9B60F5AAE46 648263 ')
('2014-11-15 10:35:09.991162', 'client 52341521 bid 0 image 33E7A76C5615AB0D83EDC534A0DA7CC7 353626 ')
('2014-11-15 10:35:10.456209', 'client 52521692 bid 0 image CCC3A20DB4755218F38000CEF8AE1AC8 526260 ')
('2014-11-15 10:35:10.596551', 'client 52369637 bid 0 price 72600 刘文超 230602197711124019')
('2014-11-15 10:35:11.282225', 'client 52365675 bid 0 price 72600 方菲 422432198103040021')
('2014-11-15 10:35:11.363833', 'client 52508734 bid 0 image 55DDEB9265710ABEC5D51965CB3AD309 839161 ')
('2014-11-15 10:35:11.995364', 'client 52341521 bid 0 price 72600 meet err_112 宋雪斌 23100219830216272x')
('2014-11-15 10:35:11.995456', 'client 52341521 bid 0 price 72600 宋雪斌 23100219830216272x')
('2014-11-15 10:35:12.188450', 'client 52509018 bid 0 image 0911927AAFA7DE938214F3AFDD39AB12 646090 ')
('2014-11-15 10:35:12.460571', 'client 52521692 bid 0 price 72600 王静 362103198005250020')
('2014-11-15 10:35:13.370389', 'client 52508734 bid 0 price 72600 杨军 420106197212064086')
('2014-11-15 10:35:14.195512', 'client 52509018 bid 0 price 72600 王晓静 332625198010164426')
('2014-11-15 10:35:27.282258', 'client 52520233 bid 0 image F37304767B17E2BA7FF2D9CED8BBE764 293606 ')
('2014-11-15 10:35:29.286549', 'client 52520233 bid 0 price 72600 郑燕妮 440582198302050020')
('2014-11-15 10:35:31.260757', 'client 52509512 bid 0 image 34EAA772A76BD478B188D5E0EC6235E7 935481 ')
('2014-11-15 10:35:32.585694', 'client 52344251 bid 0 image 6069972B59166A0897B4D5859A02B895 393608 ')
('2014-11-15 10:35:32.588646', 'client 52467890 bid 0 image 4940D4BD0916067370A0FA8EBDCEAC2F 618884 ')
('2014-11-15 10:35:33.264835', 'client 52509512 bid 0 price 72600 王鹤鸣 310104198110070852')
('2014-11-15 10:35:34.594697', 'client 52344251 bid 0 price 72600 朱海燕 321088198312237520')
('2014-11-15 10:36:04.597125', 'client 52467890 bid 0 price Failed')
('2014-11-15 10:36:04.597331', 'client 52467890 bid 0 failed. Abort.....')
('2014-11-15 10:36:34.534848', 'client 52467890 bid 0 image 83C4AA72F2AE0E5ED02912761F7496C2 363536 ')
('2014-11-15 10:36:36.540051', 'client 52467890 bid 0 price 72600 朱嵘 310108197612124815')
('2014-11-15 11:29:48.586761', 'client 52341521 bid 1 image CDA87F99DBDF8D9F306B43DFEFF4A85D 160916 ')
('2014-11-15 11:29:48.588054', 'client 52344251 bid 1 image C769DC2C85B885E6625C3AD26D8248F8 918350 ')
('2014-11-15 11:29:48.589183', 'client 52365675 bid 1 image 7BEEF64A1EE2F59E380738701080F014 491946 ')
('2014-11-15 11:29:48.593207', 'client 52369637 bid 1 image 8A683EF94CC5B415030C58DBD09969EE 281808 ')
('2014-11-15 11:29:48.599287', 'client 52508734 bid 1 image 4FAFB20AB4C091EF6FA5E80955DD3E17 364809 ')
('2014-11-15 11:29:48.607306', 'client 52509018 bid 1 image 15E296C8178CAF0BD6977649DDD42842 536083 ')
('2014-11-15 11:29:48.609242', 'client 52520233 bid 1 image 7D8766DE5A2C1E9FCF54BB5DAAB4FAF1 363828 ')
('2014-11-15 11:29:48.610764', 'client 52521692 bid 1 image 3DDDE3E135C21AC776FA499787080E70 608484 ')
('2014-11-15 11:29:50.592504', 'client 52341521 bid 1 price 73500 宋雪斌 23100219830216272x')
('2014-11-15 11:29:50.599521', 'client 52365675 bid 1 price 73500 方菲 422432198103040021')
('2014-11-15 11:29:50.599957', 'client 52344251 bid 1 price 73500 朱海燕 321088198312237520')
('2014-11-15 11:29:50.602807', 'client 52369637 bid 1 price 73500 刘文超 230602197711124019')
('2014-11-15 11:29:50.604921', 'client 52508734 bid 1 price 73500 杨军 420106197212064086')
('2014-11-15 11:29:50.616871', 'client 52509018 bid 1 price 73500 王晓静 332625198010164426')
('2014-11-15 11:29:51.692195', 'client 52520233 bid 1 price 73500 郑燕妮 440582198302050020')
('2014-11-15 11:29:52.618534', 'client 52521692 bid 1 price Failed')
('2014-11-15 11:29:52.618677', 'client 52521692 bid 1 failed. Abort.....')
('2014-11-15 11:29:52.627681', 'client 52467890 bid 1 image 4399372F6DB1763F4FE0382E4814021E 191608 ')
('2014-11-15 11:29:52.630843', 'client 52509512 bid 1 image 8C616C406056FFE319FCDB5C9E8D609F 615493 ')
('2014-11-15 11:29:54.631907', 'client 52467890 bid 1 price 73500 朱嵘 310108197612124815')
('2014-11-15 11:29:54.635337', 'client 52509512 bid 1 price 73500 王鹤鸣 310104198110070852')
('2014-11-15 11:29:56.437725', 'client 52341521 bid 2 image 043C554E751D54C314DF78C8D136E311 725383 ')
('2014-11-15 11:29:56.438030', 'client 52508734 bid 2 image F9FF8CA111022C1A97BA444EFF704EAB 254625 ')
('2014-11-15 11:29:56.571917', 'client 52521692 bid 2 image FDAC541D11909C2C75422CCEC1BD2D6A 352846 ')
('2014-11-15 11:29:56.590018', 'client 52369637 bid 2 image 0DA0A6BB75C3A3135EA0D07975F07F9F 807280 ')
('2014-11-15 11:29:56.595570', 'client 52509018 bid 2 image 6D3A6B0DB4DCDB499C6DA871092BDAA9 835253 ')
('2014-11-15 11:29:56.707051', 'client 52365675 bid 2 image 85C940257CF10E8F5B9088901D83A904 508382 ')
('2014-11-15 11:29:56.708199', 'client 52520233 bid 2 image EFABA00CC77A436288CD52E9AEDE223B 517282 ')
('2014-11-15 11:29:58.226890', 'client 52467890 bid 2 image 166A13910CF517EDE9D857DEC11A4A5D 649363 ')
('2014-11-15 11:29:59.618233', 'client 52344251 bid 2 image C2F74F6F78354D0D792A315B7FA0DAD2 251608 ')
('2014-11-15 11:29:59.921190', 'client 52369637 bid 2 price 73800 刘文超 230602197711124019')
('2014-11-15 11:29:59.926696', 'client 52365675 bid 2 price 73800 方菲 422432198103040021')
('2014-11-15 11:29:59.926789', 'client 52508734 bid 2 price 73800 杨军 420106197212064086')
('2014-11-15 11:29:59.926998', 'client 52341521 bid 2 price 73800 宋雪斌 23100219830216272x')
('2014-11-15 11:29:59.927091', 'client 52521692 bid 2 price 73800 王静 362103198005250020')
('2014-11-15 11:29:59.929487', 'client 52520233 bid 2 price 73800 郑燕妮 440582198302050020')
('2014-11-15 11:30:00.231080', 'client 52467890 bid 2 price 73800 朱嵘 310108197612124815')
('2014-11-15 11:30:01.622241', 'client 52344251 bid 2 price 73800 朱海燕 321088198312237520')
('2014-11-15 11:30:03.652381', 'client 52509512 bid 2 image Failed')
('2014-11-15 11:30:03.652425', 'client 52509512 bid 2 failed. Abort.....')
('2014-11-15 11:30:09.926012', 'client 52509018 bid 2 price Failed')
('2014-11-15 11:30:09.926149', 'client 52509018 bid 2 failed. Abort.....')
('2014-11-15 11:30:09.931354', "client 52369637 bids finished. price : ['72600', '73500', '73800'] . Quit.....")
('2014-11-15 11:30:09.936814', "client 52365675 bids finished. price : ['72600', '73500', '73800'] . Quit.....")
('2014-11-15 11:30:09.936992', "client 52508734 bids finished. price : ['72600', '73500', '73800'] . Quit.....")
('2014-11-15 11:30:09.937192', "client 52341521 bids finished. price : ['72600', '73500', '73800'] . Quit.....")
('2014-11-15 11:30:09.937564', "client 52521692 bids finished. price : ['72600', '73500', '73800'] . Quit.....")
('2014-11-15 11:30:09.939602', "client 52520233 bids finished. price : ['72600', '73500', '73800'] . Quit.....")
('2014-11-15 11:30:10.241279', "client 52467890 bids finished. price : ['72600', '73500', '73800'] . Quit.....")
('2014-11-15 11:30:11.632433', "client 52344251 bids finished. price : ['72600', '73500', '73800'] . Quit.....")
('2014-11-15 11:30:13.662562', "client 52509512 bids finished. price : ['72600', '73500', None] . Quit.....")
('2014-11-15 11:30:19.936313', "client 52509018 bids finished. price : ['72600', '73500', None] . Quit.....")
