('2014-11-15 09:02:20.021119', 'client 52523602 login 袁佳 310103198312086100')
('2014-11-15 09:02:20.021984', 'client 52314665 login 陈琳 310115198510021928')
('2014-11-15 09:02:22.016067', 'client 52405803 login 杨雨阳 430121197204237333')
('2014-11-15 09:02:22.017048', 'client 52402256 login 郑潇 310104199004110886')
('2014-11-15 09:02:24.016514', 'client 52305771 login 王燕 360102197908195824')
('2014-11-15 09:02:24.017640', 'client 52506987 login 任荣亮 61010319830830361x')
('2014-11-15 09:02:26.016672', 'client 52488841 login 施广兰 310108196409283621')
('2014-11-15 09:02:26.017579', 'client 52511005 login 王浩 342221198008282030')
('2014-11-15 09:02:28.017906', 'client 52262197 login 李暝娜 310104198402071304')
('2014-11-15 09:02:28.019015', 'client 52501886 login 王华平 320586198111085835')
('2014-11-15 10:35:13.123164', 'client 52501886 bid 0 image 11902B1435F1F918A13FD60FF7C9C4AE 625184 ')
('2014-11-15 10:35:13.618083', 'client 52405803 bid 0 image 1BB4312783EE7FEB8BB4DD90E6570649 190606 ')
('2014-11-15 10:35:15.127626', 'client 52501886 bid 0 price 72600 meet err_112 王华平 320586198111085835')
('2014-11-15 10:35:15.127719', 'client 52501886 bid 0 price 72600 王华平 320586198111085835')
('2014-11-15 10:35:15.623955', 'client 52405803 bid 0 price 72600 杨雨阳 430121197204237333')
('2014-11-15 10:35:16.653572', 'client 52402256 bid 0 image 7D6B1B228F143A4DAC34A8C7D8BA8862 619163 ')
('2014-11-15 10:35:16.821464', 'client 52305771 bid 0 image CD345A14258B928AC9CE918F5F236A5B 818490 ')
('2014-11-15 10:35:16.823106', 'client 52523602 bid 0 image 003C7967DE2EE3329293735A298450CB 164616 ')
('2014-11-15 10:35:18.658317', 'client 52402256 bid 0 price 72600 郑潇 310104199004110886')
('2014-11-15 10:35:18.826820', 'client 52305771 bid 0 price 72600 王燕 360102197908195824')
('2014-11-15 10:35:18.828475', 'client 52523602 bid 0 price 72600 袁佳 310103198312086100')
('2014-11-15 10:35:24.336545', 'client 52488841 bid 0 image E2ABC18D990A522FF2E6DD987CC13809 190809 ')
('2014-11-15 10:35:26.340819', 'client 52488841 bid 0 price 72600 施广兰 310108196409283621')
('2014-11-15 10:35:26.368754', 'client 52262197 bid 0 image 288EAE0F0A396A03C6C2DE9BEA9E43F3 606260 ')
('2014-11-15 10:35:27.375050', 'client 52511005 bid 0 image 9E2A4004EA6AA2D280F70268DD8335D9 061636 ')
('2014-11-15 10:35:27.454235', 'client 52506987 bid 0 image C898CF8D27BCB0214D831D1CD378C397 646364 ')
('2014-11-15 10:35:28.372998', 'client 52262197 bid 0 price 72600 李暝娜 310104198402071304')
('2014-11-15 10:35:29.379373', 'client 52511005 bid 0 price 72600 王浩 342221198008282030')
('2014-11-15 10:35:29.458882', 'client 52506987 bid 0 price 72600 任荣亮 61010319830830361x')
('2014-11-15 10:35:29.620855', 'client 52314665 bid 0 image 4BB27328B3D0408A6B34A5CC0F5FB0A1 519054 ')
('2014-11-15 10:35:31.625008', 'client 52314665 bid 0 price 72600 陈琳 310115198510021928')
('2014-11-15 11:29:51.713909', 'client 52402256 bid 1 image 0B44E55868208CB2B8CED38B56D0DD98 151807 ')
('2014-11-15 11:29:51.967214', 'client 52405803 bid 1 image 2059319C25FE64122FD8BA1A2A85A26E 718381 ')
('2014-11-15 11:29:52.010609', 'client 52523602 bid 1 image 40CA0BD46FB754CDC7DF5669A18F76AC 160845 ')
('2014-11-15 11:29:52.037755', 'client 52511005 bid 1 image E6DD4C71443B15B39DB3BAA936E5216E 484800 ')
('2014-11-15 11:29:52.948797', 'client 52262197 bid 1 image CD3549C57BB73756198556A8F56ADBD4 482537 ')
('2014-11-15 11:29:54.502601', 'client 52501886 bid 1 image 52FE13F3A2939E0810917A6D84FCBAEB 463718 ')
('2014-11-15 11:29:55.315947', 'client 52305771 bid 1 image E4B8A601CBED1825078B5CA4D2F5EDFB 151807 ')
('2014-11-15 11:29:55.337161', 'client 52488841 bid 1 image 9984EB34B6FDC3BD4D1500F3BCF181D2 064515 ')
('2014-11-15 11:29:55.345610', 'client 52314665 bid 1 image 2E0D1E0F733078ED6456004818B2153F 648092 ')
('2014-11-15 11:29:55.460241', 'client 52523602 bid 1 price 73600 袁佳 310103198312086100')
('2014-11-15 11:29:55.464377', 'client 52511005 bid 1 price 73600 王浩 342221198008282030')
('2014-11-15 11:29:55.464476', 'client 52262197 bid 1 price 73600 李暝娜 310104198402071304')
('2014-11-15 11:29:55.466543', 'client 52405803 bid 1 price 73600 杨雨阳 430121197204237333')
('2014-11-15 11:29:56.506996', 'client 52501886 bid 1 price 73600 王华平 320586198111085835')
('2014-11-15 11:29:57.321716', 'client 52305771 bid 1 price 73600 王燕 360102197908195824')
('2014-11-15 11:29:57.342394', 'client 52488841 bid 1 price 73600 施广兰 310108196409283621')
('2014-11-15 11:29:57.351597', 'client 52314665 bid 1 price 73600 陈琳 310115198510021928')
('2014-11-15 11:29:57.460258', 'client 52402256 bid 1 price Failed')
('2014-11-15 11:29:57.460321', 'client 52402256 bid 1 failed. Abort.....')
('2014-11-15 11:29:57.526699', 'client 52402256 bid 2 image A0D88431AFC862E59CB81A3F13525C9D 071909 ')
('2014-11-15 11:29:58.749156', 'client 52405803 bid 2 image 46A061AC4EFEAB448C723F07DF9B84E3 807274 ')
('2014-11-15 11:29:59.098158', 'client 52523602 bid 2 image 3A16C70FAC729DB8B18882C7F1839325 946461 ')
('2014-11-15 11:29:59.125022', 'client 52511005 bid 2 image D962B0390F366463FA50E816B7196F5E 645053 ')
('2014-11-15 11:29:59.588065', 'client 52501886 bid 2 image 158D98D81D1B7CEC9328A1179E9199DD 616394 ')
('2014-11-15 11:30:00.534147', 'client 52506987 bid 1 image Failed')
('2014-11-15 11:30:00.534203', 'client 52506987 bid 1 failed. Abort.....')
('2014-11-15 11:30:00.753575', 'client 52405803 bid 2 price 73800 杨雨阳 430121197204237333')
('2014-11-15 11:30:01.102700', 'client 52523602 bid 2 price 73800 袁佳 310103198312086100')
('2014-11-15 11:30:01.129052', 'client 52511005 bid 2 price 73800 王浩 342221198008282030')
('2014-11-15 11:30:06.343653', 'client 52305771 bid 2 image Failed')
('2014-11-15 11:30:06.343696', 'client 52305771 bid 2 failed. Abort.....')
('2014-11-15 11:30:06.361117', 'client 52488841 bid 2 image Failed')
('2014-11-15 11:30:06.361192', 'client 52488841 bid 2 failed. Abort.....')
('2014-11-15 11:30:06.373140', 'client 52314665 bid 2 image Failed')
('2014-11-15 11:30:06.373246', 'client 52314665 bid 2 failed. Abort.....')
('2014-11-15 11:30:07.486407', 'client 52262197 bid 2 image Failed')
('2014-11-15 11:30:07.486461', 'client 52262197 bid 2 failed. Abort.....')
('2014-11-15 11:30:09.531217', 'client 52402256 bid 2 price Failed')
('2014-11-15 11:30:09.531357', 'client 52402256 bid 2 failed. Abort.....')
('2014-11-15 11:30:09.650656', 'client 52506987 bid 2 image Failed')
('2014-11-15 11:30:09.650778', 'client 52506987 bid 2 failed. Abort.....')
('2014-11-15 11:30:10.763807', "client 52405803 bids finished. price : ['72600', '73600', '73800'] . Quit.....")
('2014-11-15 11:30:11.112890', "client 52523602 bids finished. price : ['72600', '73600', '73800'] . Quit.....")
('2014-11-15 11:30:11.139277', "client 52511005 bids finished. price : ['72600', '73600', '73800'] . Quit.....")
('2014-11-15 11:30:11.592383', 'client 52501886 bid 2 price Failed')
('2014-11-15 11:30:11.592523', 'client 52501886 bid 2 failed. Abort.....')
('2014-11-15 11:30:16.353860', "client 52305771 bids finished. price : ['72600', '73600', None] . Quit.....")
('2014-11-15 11:30:16.371341', "client 52488841 bids finished. price : ['72600', '73600', None] . Quit.....")
('2014-11-15 11:30:16.383449', "client 52314665 bids finished. price : ['72600', '73600', None] . Quit.....")
('2014-11-15 11:30:17.496600', "client 52262197 bids finished. price : ['72600', '73600', None] . Quit.....")
('2014-11-15 11:30:19.541496', "client 52402256 bids finished. price : ['72600', None, None] . Quit.....")
('2014-11-15 11:30:19.660994', "client 52506987 bids finished. price : ['72600', None, None] . Quit.....")
('2014-11-15 11:30:21.602678', "client 52501886 bids finished. price : ['72600', '73600', None] . Quit.....")
