('2014-11-15 09:02:26.028016', 'client 52421603 login 吴剑峰 310229197812011214')
('2014-11-15 09:02:26.031857', 'client 52336567 login 赵慧琴 372901197511060746')
('2014-11-15 09:02:28.020994', 'client 52360980 login 顾闻 310107198408284414')
('2014-11-15 09:02:28.023466', 'client 52305758 login 李嘉琦 310106198703050868')
('2014-11-15 09:02:30.022824', 'client 52360918 login 唐晓蕾 310115197910271980')
('2014-11-15 09:02:30.024730', 'client 52528239 login 黄少杰 310225198311230012')
('2014-11-15 09:02:32.022872', 'client 52448635 login 苏青岗 372402197910163637')
('2014-11-15 09:02:32.025112', 'client 52548306 login 邬亮亮 330225198610100318')
('2014-11-15 09:02:34.021464', 'client 52395741 login 张晓艳 310112198910181526')
('2014-11-15 09:02:34.023399', 'client 52368932 login 唐? 310104198304180814')
('2014-11-15 10:35:07.456755', 'client 52448635 bid 0 image AACE8F832B5A4D4CA18FBAA0442B156B 625064 ')
('2014-11-15 10:35:07.930590', 'client 52368932 bid 0 image 95F08BBAE450F1F9F2F4A7B953B8DC00 161905 ')
('2014-11-15 10:35:09.463040', 'client 52448635 bid 0 price 72600 苏青岗 372402197910163637')
('2014-11-15 10:35:09.935598', 'client 52368932 bid 0 price 72600 唐? 310104198304180814')
('2014-11-15 10:35:10.581181', 'client 52421603 bid 0 image 45575696CFC77C4C7A909404D35DA08B 362945 ')
('2014-11-15 10:35:12.324147', 'client 52548306 bid 0 image DAFE8174C82407674ADD4EA50A393B36 294828 ')
('2014-11-15 10:35:12.587000', 'client 52421603 bid 0 price 72600 吴剑峰 310229197812011214')
('2014-11-15 10:35:14.329885', 'client 52548306 bid 0 price 72600 邬亮亮 330225198610100318')
('2014-11-15 10:35:24.960801', 'client 52360918 bid 0 image D42353CF226D29D006353F2DAFB2BEE5 233905 ')
('2014-11-15 10:35:32.370134', 'client 52305758 bid 0 image 9E3DCB880FC95144754D6B9C52D4D767 262828 ')
('2014-11-15 10:35:32.373796', 'client 52360980 bid 0 image 94AD6A4C2D95EE688BB5E78E438BF3A2 454508 ')
('2014-11-15 10:35:32.375441', 'client 52336567 bid 0 image 6FFF065DD2BBA5E926E3F28017EE68DC 836062 ')
('2014-11-15 10:35:32.390543', 'client 52528239 bid 0 image 89B22F39A3E69AE48AA3F62774850E5E 639060 ')
('2014-11-15 10:35:32.394470', 'client 52395741 bid 0 image EEDF9CA3C537447F1E23C5CC970EBDFC 063925 ')
('2014-11-15 10:35:34.381751', 'client 52305758 bid 0 price 72600 李嘉琦 310106198703050868')
('2014-11-15 10:35:34.385599', 'client 52336567 bid 0 price 72600 赵慧琴 372901197511060746')
('2014-11-15 10:35:34.386165', 'client 52360980 bid 0 price 72600 顾闻 310107198408284414')
('2014-11-15 10:35:34.398828', 'client 52528239 bid 0 price 72600 黄少杰 310225198311230012')
('2014-11-15 10:35:34.406232', 'client 52395741 bid 0 price 72600 张晓艳 310112198910181526')
('2014-11-15 10:35:56.965684', 'client 52360918 bid 0 price Failed')
('2014-11-15 10:35:56.965874', 'client 52360918 bid 0 failed. Abort.....')
('2014-11-15 10:36:12.927332', 'client 52360918 bid 0 image 385D26CFDFF5869C5766DF4C38018DF1 164646 ')
('2014-11-15 10:36:44.933245', 'client 52360918 bid 0 price Failed')
('2014-11-15 10:36:44.933482', 'client 52360918 bid 0 failed. Abort.....')
('2014-11-15 10:36:51.601708', 'client 52360918 bid 0 image 73EDC7625CC88AD676A974CE8811C5A6 491936 ')
('2014-11-15 10:36:53.607077', 'client 52360918 bid 0 price 72600 唐晓蕾 310115197910271980')
('2014-11-15 11:29:57.053142', 'client 52421603 bid 1 image 719668A314F68DE09FDF72F2043E76DE 463848 ')
('2014-11-15 11:29:57.076088', 'client 52360980 bid 1 image 185BF56D67B36CAD5569868867F35973 180917 ')
('2014-11-15 11:29:57.271984', 'client 52395741 bid 1 image C1217110AC682C179718437A37B1CB59 529084 ')
('2014-11-15 11:29:57.292202', 'client 52448635 bid 1 image 594D7F7B0A3E250B8FB2D0DAFDAA01C6 725173 ')
('2014-11-15 11:29:57.306385', 'client 52360918 bid 1 image 69AC82FF30629416F011DCED3377669B 061816 ')
('2014-11-15 11:29:59.058100', 'client 52421603 bid 1 price 73700 吴剑峰 310229197812011214')
('2014-11-15 11:29:59.082044', 'client 52360980 bid 1 price 73700 顾闻 310107198408284414')
('2014-11-15 11:29:59.278285', 'client 52395741 bid 1 price 73700 张晓艳 310112198910181526')
('2014-11-15 11:29:59.311035', 'client 52360918 bid 1 price 73700 唐晓蕾 310115197910271980')
('2014-11-15 11:29:59.520487', 'client 52305758 bid 1 image 0AF6CDCE2E2EFC1353B455BB9015EA86 647181 ')
('2014-11-15 11:29:59.546849', 'client 52548306 bid 1 image 3C67F5365C368C8BAC8C8519E1767B2B 829171 ')
('2014-11-15 11:30:00.046267', 'client 52528239 bid 1 image E53B6D8C54188BA6F07AD1A336D3D685 836192 ')
('2014-11-15 11:30:00.065085', 'client 52368932 bid 1 image B46BC39640B4A38DB420E5EC98580A38 608180 ')
('2014-11-15 11:30:01.300958', 'client 52448635 bid 1 price Failed')
('2014-11-15 11:30:01.301077', 'client 52448635 bid 1 failed. Abort.....')
('2014-11-15 11:30:01.552562', 'client 52548306 bid 1 price 73700 邬亮亮 330225198610100318')
('2014-11-15 11:30:03.527053', 'client 52305758 bid 1 price Failed')
('2014-11-15 11:30:03.527167', 'client 52305758 bid 1 failed. Abort.....')
('2014-11-15 11:30:04.050637', 'client 52528239 bid 1 price Failed')
('2014-11-15 11:30:04.050826', 'client 52528239 bid 1 failed. Abort.....')
('2014-11-15 11:30:04.069261', 'client 52368932 bid 1 price Failed')
('2014-11-15 11:30:04.069326', 'client 52368932 bid 1 failed. Abort.....')
('2014-11-15 11:30:05.473488', 'client 52336567 bid 1 image Failed')
('2014-11-15 11:30:05.473598', 'client 52336567 bid 1 failed. Abort.....')
('2014-11-15 11:30:11.311247', "client 52448635 bids finished. price : ['72600', None, None] . Quit.....")
('2014-11-15 11:30:12.071543', "client 52421603 bids finished. price : ['72600', '73700', None] . Quit.....")
('2014-11-15 11:30:12.095413', "client 52360980 bids finished. price : ['72600', '73700', None] . Quit.....")
('2014-11-15 11:30:12.291493', "client 52395741 bids finished. price : ['72600', '73700', None] . Quit.....")
('2014-11-15 11:30:12.324353', "client 52360918 bids finished. price : ['72600', '73700', None] . Quit.....")
('2014-11-15 11:30:13.537363', "client 52305758 bids finished. price : ['72600', None, None] . Quit.....")
('2014-11-15 11:30:14.061002', "client 52528239 bids finished. price : ['72600', None, None] . Quit.....")
('2014-11-15 11:30:14.079490', "client 52368932 bids finished. price : ['72600', None, None] . Quit.....")
('2014-11-15 11:30:14.565828', "client 52548306 bids finished. price : ['72600', '73700', None] . Quit.....")
('2014-11-15 11:30:15.483885', "client 52336567 bids finished. price : ['72600', None, None] . Quit.....")
