('2015-03-21 10:34:26.310797', '\r\n\r\n\r\n\r\n\r\n\r\n\r\n\r\n\r\n\r\n<XML><ERRORCODE>311</ERRORCODE><ERRORSTRING>图像校验码错误！</ERRORSTRING><ERRORSTRING_EN>Image checksum error！</ERRORSTRING_EN></XML>')
('2015-03-21 10:34:26.310915', "client 52702746 bid 0 fd_price ack error {'errstring': '图像校验码错误！', 'errcode': '311'}")
('2015-03-21 10:34:28.015902', 'client 52740848 bid 0 fd_image info channel error')
('2015-03-21 10:34:28.017033', 'client 52727161 bid 0 fd_image info channel error')
('2015-03-21 10:34:31.815490', 'client 52559223 bid 0 fd_image Timeout')
('2015-03-21 10:34:31.823076', 'client 52516780 bid 0 fd_image Timeout')
('2015-03-21 10:34:31.833971', 'client 52740848 bid 0 fd_image Timeout')
('2015-03-21 10:34:33.442168', '\r\n\r\n\r\n\r\n\r\n\r\n\r\n\r\n\r\n\r\n<XML><ERRORCODE>311</ERRORCODE><ERRORSTRING>图像校验码错误！</ERRORSTRING><ERRORSTRING_EN>Image checksum error！</ERRORSTRING_EN></XML>')
('2015-03-21 10:34:33.442289', "client 52503841 bid 0 fd_price ack error {'errstring': '图像校验码错误！', 'errcode': '311'}")
('2015-03-21 10:34:33.457175', 'client 52516780 bid 0 fd_image info channel error')
('2015-03-21 10:34:33.563924', '\r\n\r\n\r\n\r\n\r\n\r\n\r\n\r\n\r\n\r\n\r\n<XML><ERRORCODE>101</ERRORCODE><ERRORSTRING>您的操作太过频繁，请稍后再试！</ERRORSTRING><ERRORSTRING_EN>Please try again slightly!</ERRORSTRING_EN></XML>')
('2015-03-21 10:34:33.564048', "client 52516780 bid 0 fd_image ack error {'head': 'Connection: close\\nDate: Sat, 21 Mar 2015 02:34:33 GMT\\nServer: Microsoft-IIS/6.0\\nSet-Cookie: JSESSIONID=05A178D9105580F9B86CE4B9773542AC; Path=/car\\nContent-Type: text/html;charset=GBK\\nContent-Length: 175\\n\\n', 'status': 200, 'body': '\\r\\n\\r\\n\\r\\n\\r\\n\\r\\n\\r\\n\\r\\n\\r\\n\\r\\n\\r\\n\\r\\n<XML><ERRORCODE>101</ERRORCODE><ERRORSTRING>您的操作太过频繁，请稍后再试！</ERRORSTRING><ERRORSTRING_EN>Please try again slightly!</ERRORSTRING_EN></XML>'}")
('2015-03-21 10:34:34.369445', '\r\n\r\n\r\n\r\n\r\n\r\n\r\n\r\n\r\n\r\n<XML><ERRORCODE>311</ERRORCODE><ERRORSTRING>图像校验码错误！</ERRORSTRING><ERRORSTRING_EN>Image checksum error！</ERRORSTRING_EN></XML>')
('2015-03-21 10:34:34.369561', "client 52504167 bid 0 fd_price ack error {'errstring': '图像校验码错误！', 'errcode': '311'}")
('2015-03-21 10:34:35.553950', '\r\n\r\n\r\n\r\n\r\n\r\n\r\n\r\n\r\n\r\n<XML><ERRORCODE>311</ERRORCODE><ERRORSTRING>图像校验码错误！</ERRORSTRING><ERRORSTRING_EN>Image checksum error！</ERRORSTRING_EN></XML>')
('2015-03-21 10:34:35.554083', "client 52776303 bid 0 fd_price ack error {'errstring': '图像校验码错误！', 'errcode': '311'}")
('2015-03-21 10:34:36.765028', 'client 52516780 bid 0 fd_image info channel error')
('2015-03-21 10:34:59.617780', '\r\n\r\n\r\n\r\n\r\n\r\n\r\n\r\n\r\n\r\n<XML><ERRORCODE>311</ERRORCODE><ERRORSTRING>图像校验码错误！</ERRORSTRING><ERRORSTRING_EN>Image checksum error！</ERRORSTRING_EN></XML>')
('2015-03-21 10:34:59.617896', "client 52503841 bid 0 fd_price ack error {'errstring': '图像校验码错误！', 'errcode': '311'}")
('2015-03-21 10:35:03.490898', '\r\n\r\n\r\n\r\n\r\n\r\n\r\n\r\n\r\n\r\n<XML><ERRORCODE>311</ERRORCODE><ERRORSTRING>图像校验码错误！</ERRORSTRING><ERRORSTRING_EN>Image checksum error！</ERRORSTRING_EN></XML>')
('2015-03-21 10:35:03.491020', "client 52740848 bid 0 fd_price ack error {'errstring': '图像校验码错误！', 'errcode': '311'}")
('2015-03-21 10:36:16.925605', 'client 52727161 bid 0 fd_price info channel error')
('2015-03-21 10:36:17.053905', '\r\n\r\n\r\n\r\n\r\n\r\n\r\n\r\n\r\n\r\n<XML><ERRORCODE>311</ERRORCODE><ERRORSTRING>图像校验码错误！</ERRORSTRING><ERRORSTRING_EN>Image checksum error！</ERRORSTRING_EN></XML>')
('2015-03-21 10:36:17.053974', "client 52727161 bid 0 fd_price ack error {'errstring': '图像校验码错误！', 'errcode': '311'}")
('2015-03-21 10:36:28.829614', 'client 52559223 bid 0 fd_price info channel error')
('2015-03-21 10:36:29.773720', 'client 52559223 bid 0 fd_price info channel error')
('2015-03-21 10:36:30.876720', 'client 52559223 bid 0 fd_price info channel error')
('2015-03-21 10:37:31.165671', 'client 52516780 bid 0 fd_image info channel error')
('2015-03-21 10:37:31.166073', 'client 52559223 bid 0 fd_image info channel error')
('2015-03-21 10:37:50.622781', 'client 52702746 bid 0 fd_price info channel error')
('2015-03-21 10:37:50.623409', 'client 52702746 bid 0 fd_price info channel error')
('2015-03-21 10:37:51.941465', 'client 52702746 bid 0 fd_price get channel Failed')
('2015-03-21 10:37:51.954538', 'client 52702746 bid 0 fd_price get channel Failed')
('2015-03-21 10:37:57.533460', 'client 52740848 bid 0 fd_image info channel error')
('2015-03-21 10:38:11.358422', 'client 52516780 bid 0 fd_price info channel error')
('2015-03-21 10:38:12.661299', 'client 52516780 bid 0 fd_price get channel Failed')
('2015-03-21 10:38:14.557123', 'client 52559223 bid 0 fd_price info channel error')
('2015-03-21 10:38:15.860161', 'client 52559223 bid 0 fd_price get channel Failed')
('2015-03-21 11:29:43.851157', 'client 52503841 bid 1 fd_image Timeout')
('2015-03-21 11:29:43.855415', 'client 52516780 bid 1 fd_image Timeout')
('2015-03-21 11:30:03.875133', 'client 52727161 bid 2 fd_image Timeout')
('2015-03-21 11:30:04.183266', '\r\n\r\n\r\n\r\n\r\n\r\n\r\n\r\n\r\n\r\n<XML><ERRORCODE>110</ERRORCODE><ERRORSTRING>没有正在举行的拍卖会，请注意拍卖公告！</ERRORSTRING><ERRORSTRING_EN>Auction is not begin!</ERRORSTRING_EN></XML>\r\n')
('2015-03-21 11:30:04.183387', "client 52503841 bid 2 fd_price ack error {'errstring': '没有正在举行的拍卖会，请注意拍卖公告！', 'errcode': '110'}")
('2015-03-21 11:30:10.877804', 'client 52727161 bid 2 fd_image Timeout')
('2015-03-21 11:30:11.089634', '\r\n\r\n\r\n\r\n\r\n\r\n\r\n\r\n\r\n\r\n\r\n<XML><ERRORCODE>110</ERRORCODE><ERRORSTRING>没有正在举行的拍卖会，请注意拍卖公告！</ERRORSTRING><ERRORSTRING_EN>Auction is not begin!</ERRORSTRING_EN></XML>')
('2015-03-21 11:30:11.089763', "client 52727161 bid 2 fd_image ack error {'head': 'Connection: close\\nDate: Sat, 21 Mar 2015 03:30:11 GMT\\nServer: Microsoft-IIS/6.0\\nSet-Cookie: JSESSIONID=6567A6966B671583155BAAF445D3CE75; Path=/car\\nContent-Type: text/html;charset=GBK\\nContent-Length: 178\\n\\n', 'status': 200, 'body': '\\r\\n\\r\\n\\r\\n\\r\\n\\r\\n\\r\\n\\r\\n\\r\\n\\r\\n\\r\\n\\r\\n<XML><ERRORCODE>110</ERRORCODE><ERRORSTRING>没有正在举行的拍卖会，请注意拍卖公告！</ERRORSTRING><ERRORSTRING_EN>Auction is not begin!</ERRORSTRING_EN></XML>'}")
