('2015-03-21 09:55:27.244673', 'worker [6] started')
('2015-03-21 09:55:27.244811', 'client 8 initted')
('2015-03-21 09:55:28.510102', 'put_channel : channel login, group 0, time 2015-03-21 09:55:28.509974')
('2015-03-21 09:55:28.510747', 'put_channel : channel login, group 1, time 2015-03-21 09:55:28.510614')
('2015-03-21 09:55:28.518538', 'fd_channel : login[0] 1 login[1] 0 , tb0[0] 0 tb0[1] 0 , tb1[0] 0 tb1[1] 0')
('2015-03-21 09:55:28.740012', 'fd_channel : login[0] 0 login[1] 0 , tb0[0] 0 tb0[1] 0 , tb1[0] 0 tb1[1] 0')
('2015-03-21 09:55:30.009518', 'put_channel : channel login, group 1, time 2015-03-21 09:55:30.009343')
('2015-03-21 09:55:30.010577', 'fd_channel : login[0] 0 login[1] 0 , tb0[0] 0 tb0[1] 0 , tb1[0] 0 tb1[1] 0')
('2015-03-21 09:55:30.012051', 'put_channel : channel login, group 0, time 2015-03-21 09:55:30.011968')
('2015-03-21 09:55:30.242580', 'fd_channel : login[0] 0 login[1] 0 , tb0[0] 0 tb0[1] 0 , tb1[0] 0 tb1[1] 0')
('2015-03-21 09:55:31.508876', 'put_channel : channel login, group 0, time 2015-03-21 09:55:31.508745')
('2015-03-21 09:55:31.510093', 'put_channel : channel login, group 1, time 2015-03-21 09:55:31.510004')
('2015-03-21 09:55:31.510880', 'fd_channel : login[0] 1 login[1] 0 , tb0[0] 0 tb0[1] 0 , tb1[0] 0 tb1[1] 0')
('2015-03-21 09:55:31.746073', 'fd_channel : login[0] 0 login[1] 0 , tb0[0] 0 tb0[1] 0 , tb1[0] 0 tb1[1] 0')
('2015-03-21 09:55:33.008764', 'put_channel : channel login, group 1, time 2015-03-21 09:55:33.008632')
('2015-03-21 09:55:33.009368', 'fd_channel : login[0] 0 login[1] 0 , tb0[0] 0 tb0[1] 0 , tb1[0] 0 tb1[1] 0')
('2015-03-21 09:55:33.012019', 'put_channel : channel login, group 0, time 2015-03-21 09:55:33.011852')
('2015-03-21 09:55:33.248452', 'fd_channel : login[0] 0 login[1] 0 , tb0[0] 0 tb0[1] 0 , tb1[0] 0 tb1[1] 0')
('2015-03-21 10:32:31.509846', 'put_channel : channel tb0, group 1, time 2015-03-21 10:32:31.509412')
('2015-03-21 10:32:31.510221', 'put_channel : channel tb0, group 0, time 2015-03-21 10:32:31.510146')
('2015-03-21 10:32:33.008580', 'put_channel : channel tb0, group 1, time 2015-03-21 10:32:33.008447')
('2015-03-21 10:32:33.009891', 'put_channel : channel tb0, group 0, time 2015-03-21 10:32:33.009808')
('2015-03-21 10:32:34.508773', 'put_channel : channel tb0, group 0, time 2015-03-21 10:32:34.508644')
('2015-03-21 10:32:34.509684', 'put_channel : channel tb0, group 1, time 2015-03-21 10:32:34.509531')
('2015-03-21 10:32:36.005730', 'put_channel : channel tb0, group 1, time 2015-03-21 10:32:36.005634')
('2015-03-21 10:32:36.009508', 'put_channel : channel tb0, group 0, time 2015-03-21 10:32:36.009461')
('2015-03-21 10:32:37.508501', 'put_channel : channel tb0, group 1, time 2015-03-21 10:32:37.508374')
('2015-03-21 10:32:37.509621', 'put_channel : channel tb0, group 0, time 2015-03-21 10:32:37.509532')
('2015-03-21 10:32:39.008790', 'put_channel : channel tb0, group 1, time 2015-03-21 10:32:39.008669')
('2015-03-21 10:32:39.010761', 'put_channel : channel tb0, group 0, time 2015-03-21 10:32:39.010673')
('2015-03-21 10:32:40.508795', 'put_channel : channel tb0, group 1, time 2015-03-21 10:32:40.508663')
('2015-03-21 10:32:40.509662', 'put_channel : channel tb0, group 0, time 2015-03-21 10:32:40.509580')
('2015-03-21 10:32:42.010384', 'put_channel : channel tb0, group 1, time 2015-03-21 10:32:42.010250')
('2015-03-21 10:32:42.010767', 'put_channel : channel tb0, group 0, time 2015-03-21 10:32:42.010650')
('2015-03-21 10:32:43.508172', 'put_channel : channel tb0, group 1, time 2015-03-21 10:32:43.508040')
('2015-03-21 10:32:43.511394', 'put_channel : channel tb0, group 0, time 2015-03-21 10:32:43.511305')
('2015-03-21 10:32:45.008680', 'put_channel : channel tb0, group 1, time 2015-03-21 10:32:45.008547')
('2015-03-21 10:32:45.010190', 'put_channel : channel tb0, group 0, time 2015-03-21 10:32:45.010107')
('2015-03-21 10:32:46.508700', 'put_channel : channel tb0, group 1, time 2015-03-21 10:32:46.508569')
('2015-03-21 10:32:46.511894', 'put_channel : channel tb0, group 0, time 2015-03-21 10:32:46.511725')
('2015-03-21 10:32:48.009646', 'put_channel : channel tb0, group 1, time 2015-03-21 10:32:48.009513')
('2015-03-21 10:32:48.010304', 'put_channel : channel tb0, group 0, time 2015-03-21 10:32:48.010225')
('2015-03-21 10:32:49.510068', 'put_channel : channel tb0, group 1, time 2015-03-21 10:32:49.509947')
('2015-03-21 10:32:49.511327', 'put_channel : channel tb0, group 0, time 2015-03-21 10:32:49.511239')
('2015-03-21 10:32:51.007983', 'put_channel : channel tb0, group 1, time 2015-03-21 10:32:51.007888')
('2015-03-21 10:32:51.009613', 'put_channel : channel tb0, group 0, time 2015-03-21 10:32:51.009550')
('2015-03-21 10:32:52.509120', 'put_channel : channel tb0, group 0, time 2015-03-21 10:32:52.508974')
('2015-03-21 10:32:52.509737', 'put_channel : channel tb0, group 1, time 2015-03-21 10:32:52.509595')
('2015-03-21 10:32:54.010035', 'put_channel : channel tb0, group 1, time 2015-03-21 10:32:54.009905')
('2015-03-21 10:32:54.011867', 'put_channel : channel tb0, group 0, time 2015-03-21 10:32:54.011706')
('2015-03-21 10:32:55.509456', 'put_channel : channel tb0, group 1, time 2015-03-21 10:32:55.509326')
('2015-03-21 10:32:55.510155', 'put_channel : channel tb0, group 0, time 2015-03-21 10:32:55.510076')
('2015-03-21 10:32:57.009870', 'put_channel : channel tb0, group 1, time 2015-03-21 10:32:57.009714')
('2015-03-21 10:32:58.010284', 'put_channel : channel tb0, group 0, time 2015-03-21 10:32:58.010172')
('2015-03-21 10:32:58.506501', 'put_channel : channel tb0, group 1, time 2015-03-21 10:32:58.506405')
('2015-03-21 10:32:59.507852', 'put_channel : channel tb0, group 0, time 2015-03-21 10:32:59.507684')
('2015-03-21 10:33:00.007871', 'put_channel : channel tb0, group 1, time 2015-03-21 10:33:00.007699')
('2015-03-21 10:33:00.011468', 'put_channel : channel tb0, group 0, time 2015-03-21 10:33:00.011380')
('2015-03-21 10:33:01.508271', 'put_channel : channel tb0, group 1, time 2015-03-21 10:33:01.508140')
('2015-03-21 10:33:01.511317', 'put_channel : channel tb0, group 0, time 2015-03-21 10:33:01.511228')
('2015-03-21 10:33:03.008355', 'put_channel : channel tb0, group 1, time 2015-03-21 10:33:03.008225')
('2015-03-21 10:33:03.010026', 'put_channel : channel tb0, group 0, time 2015-03-21 10:33:03.009943')
('2015-03-21 10:33:04.509768', 'put_channel : channel tb0, group 0, time 2015-03-21 10:33:04.509637')
('2015-03-21 10:33:04.510352', 'put_channel : channel tb0, group 1, time 2015-03-21 10:33:04.510273')
('2015-03-21 10:33:06.008924', 'put_channel : channel tb0, group 1, time 2015-03-21 10:33:06.008795')
('2015-03-21 10:33:06.011238', 'put_channel : channel tb0, group 0, time 2015-03-21 10:33:06.011155')
('2015-03-21 10:33:07.507378', 'put_channel : channel tb0, group 1, time 2015-03-21 10:33:07.507282')
('2015-03-21 10:33:07.508806', 'put_channel : channel tb0, group 0, time 2015-03-21 10:33:07.508761')
('2015-03-21 10:33:09.010413', 'put_channel : channel tb0, group 1, time 2015-03-21 10:33:09.010244')
('2015-03-21 10:33:09.011704', 'put_channel : channel tb0, group 0, time 2015-03-21 10:33:09.011616')
('2015-03-21 10:33:10.509932', 'put_channel : channel tb0, group 0, time 2015-03-21 10:33:10.509803')
('2015-03-21 10:33:10.510763', 'put_channel : channel tb0, group 1, time 2015-03-21 10:33:10.510683')
('2015-03-21 10:33:12.008073', 'put_channel : channel tb0, group 1, time 2015-03-21 10:33:12.007907')
('2015-03-21 10:33:12.009972', 'put_channel : channel tb0, group 0, time 2015-03-21 10:33:12.009884')
('2015-03-21 10:33:13.510311', 'put_channel : channel tb0, group 1, time 2015-03-21 10:33:13.510182')
('2015-03-21 10:33:13.511676', 'put_channel : channel tb0, group 0, time 2015-03-21 10:33:13.511592')
('2015-03-21 10:33:15.010181', 'put_channel : channel tb0, group 1, time 2015-03-21 10:33:15.010051')
('2015-03-21 10:33:15.011702', 'put_channel : channel tb0, group 0, time 2015-03-21 10:33:15.011614')
('2015-03-21 10:33:22.018970', 'put_channel : channel tb0, group 0, time 2015-03-21 10:33:22.018831')
('2015-03-21 10:33:23.506259', 'put_channel : channel tb0, group 0, time 2015-03-21 10:33:23.506123')
('2015-03-21 10:33:25.008246', 'put_channel : channel tb0, group 1, time 2015-03-21 10:33:25.008106')
('2015-03-21 10:33:25.011251', 'put_channel : channel tb0, group 0, time 2015-03-21 10:33:25.011161')
('2015-03-21 10:33:25.508631', 'put_channel : channel tb0, group 1, time 2015-03-21 10:33:25.508323')
('2015-03-21 10:33:25.512230', 'put_channel : channel tb0, group 1, time 2015-03-21 10:33:25.512146')
('2015-03-21 10:33:26.516180', 'put_channel : channel tb0, group 1, time 2015-03-21 10:33:26.516043')
('2015-03-21 10:33:28.010062', 'put_channel : channel tb0, group 0, time 2015-03-21 10:33:28.009925')
('2015-03-21 10:33:28.509625', 'put_channel : channel tb0, group 0, time 2015-03-21 10:33:28.509496')
('2015-03-21 10:33:31.542010', 'put_channel : channel tb0, group 0, time 2015-03-21 10:33:31.541880')
('2015-03-21 10:33:32.506441', 'put_channel : channel tb0, group 0, time 2015-03-21 10:33:32.506306')
('2015-03-21 10:33:32.517543', 'put_channel : channel tb0, group 0, time 2015-03-21 10:33:32.517457')
('2015-03-21 10:33:34.509611', 'put_channel : channel tb0, group 0, time 2015-03-21 10:33:34.509482')
('2015-03-21 10:33:37.509083', 'put_channel : channel tb0, group 1, time 2015-03-21 10:33:37.508953')
('2015-03-21 10:33:37.511047', 'put_channel : channel tb0, group 0, time 2015-03-21 10:33:37.510959')
('2015-03-21 10:33:37.511961', 'put_channel : channel tb0, group 1, time 2015-03-21 10:33:37.511875')
('2015-03-21 10:33:38.516100', 'put_channel : channel tb0, group 1, time 2015-03-21 10:33:38.515960')
('2015-03-21 10:33:39.009103', 'put_channel : channel tb0, group 1, time 2015-03-21 10:33:39.008988')
('2015-03-21 10:33:39.011473', 'put_channel : channel tb0, group 0, time 2015-03-21 10:33:39.011159')
('2015-03-21 10:33:39.011999', 'put_channel : channel tb0, group 0, time 2015-03-21 10:33:39.011921')
('2015-03-21 10:33:39.012521', 'put_channel : channel tb0, group 1, time 2015-03-21 10:33:39.012443')
('2015-03-21 10:33:40.020195', 'put_channel : channel tb0, group 1, time 2015-03-21 10:33:40.020055')
('2015-03-21 10:33:40.024183', 'put_channel : channel tb0, group 0, time 2015-03-21 10:33:40.024098')
('2015-03-21 10:33:40.510231', 'put_channel : channel tb0, group 1, time 2015-03-21 10:33:40.510106')
('2015-03-21 10:33:42.008119', 'put_channel : channel tb0, group 1, time 2015-03-21 10:33:42.007987')
('2015-03-21 10:33:42.035848', 'put_channel : channel tb0, group 1, time 2015-03-21 10:33:42.035719')
('2015-03-21 10:33:43.509413', 'put_channel : channel tb0, group 1, time 2015-03-21 10:33:43.509282')
('2015-03-21 10:33:43.510226', 'put_channel : channel tb0, group 0, time 2015-03-21 10:33:43.510058')
('2015-03-21 10:33:43.512101', 'put_channel : channel tb0, group 0, time 2015-03-21 10:33:43.512016')
('2015-03-21 10:33:43.539975', 'put_channel : channel tb0, group 1, time 2015-03-21 10:33:43.539884')
('2015-03-21 10:33:45.008233', 'put_channel : channel tb0, group 1, time 2015-03-21 10:33:45.008101')
('2015-03-21 10:33:48.011017', 'put_channel : channel tb0, group 0, time 2015-03-21 10:33:48.010885')
('2015-03-21 10:33:48.073235', 'put_channel : channel tb0, group 0, time 2015-03-21 10:33:48.073144')
('2015-03-21 10:33:49.015878', 'put_channel : channel tb0, group 0, time 2015-03-21 10:33:49.015703')
('2015-03-21 10:33:50.511588', 'put_channel : channel tb0, group 0, time 2015-03-21 10:33:50.511448')
('2015-03-21 10:33:50.565920', 'put_channel : channel tb0, group 0, time 2015-03-21 10:33:50.565828')
('2015-03-21 10:33:52.510056', 'put_channel : channel tb0, group 0, time 2015-03-21 10:33:52.509924')
('2015-03-21 10:33:53.518025', 'put_channel : channel tb0, group 0, time 2015-03-21 10:33:53.517888')
('2015-03-21 10:33:55.508595', 'put_channel : channel tb0, group 1, time 2015-03-21 10:33:55.508465')
('2015-03-21 10:33:55.509406', 'put_channel : channel tb0, group 1, time 2015-03-21 10:33:55.509326')
('2015-03-21 10:33:56.510307', 'put_channel : channel tb0, group 0, time 2015-03-21 10:33:56.510169')
('2015-03-21 10:33:56.515861', 'put_channel : channel tb0, group 1, time 2015-03-21 10:33:56.515731')
('2015-03-21 10:33:57.008328', 'put_channel : channel tb0, group 1, time 2015-03-21 10:33:57.008221')
('2015-03-21 10:33:57.009638', 'put_channel : channel tb0, group 0, time 2015-03-21 10:33:57.009548')
('2015-03-21 10:33:57.012642', 'put_channel : channel tb0, group 1, time 2015-03-21 10:33:57.012555')
('2015-03-21 10:33:58.020101', 'put_channel : channel tb0, group 1, time 2015-03-21 10:33:58.019960')
('2015-03-21 10:33:58.509578', 'put_channel : channel tb0, group 1, time 2015-03-21 10:33:58.509446')
('2015-03-21 10:34:00.010324', 'put_channel : channel tb0, group 1, time 2015-03-21 10:34:00.010180')
('2015-03-21 10:34:01.060164', 'put_channel : channel tb0, group 1, time 2015-03-21 10:34:01.060019')
('2015-03-21 10:34:01.481925', 'fd_channel : login[0] 0 login[1] 0 , tb0[0] 54 tb0[1] 54 , tb1[0] 0 tb1[1] 0')
('2015-03-21 10:34:01.484262', 'fd_channel : login[0] 0 login[1] 0 , tb0[0] 54 tb0[1] 53 , tb1[0] 0 tb1[1] 0')
('2015-03-21 10:34:01.486070', 'fd_channel : login[0] 0 login[1] 0 , tb0[0] 54 tb0[1] 52 , tb1[0] 0 tb1[1] 0')
('2015-03-21 10:34:01.487962', 'fd_channel : login[0] 0 login[1] 0 , tb0[0] 54 tb0[1] 51 , tb1[0] 0 tb1[1] 0')
('2015-03-21 10:34:01.489939', 'fd_channel : login[0] 0 login[1] 0 , tb0[0] 54 tb0[1] 50 , tb1[0] 0 tb1[1] 0')
('2015-03-21 10:34:01.494880', 'fd_channel : login[0] 0 login[1] 0 , tb0[0] 54 tb0[1] 49 , tb1[0] 0 tb1[1] 0')
('2015-03-21 10:34:01.503293', 'fd_channel : login[0] 0 login[1] 0 , tb0[0] 54 tb0[1] 48 , tb1[0] 0 tb1[1] 0')
('2015-03-21 10:34:01.510721', 'fd_channel : login[0] 0 login[1] 0 , tb0[0] 54 tb0[1] 47 , tb1[0] 0 tb1[1] 0')
('2015-03-21 10:34:01.527879', 'put_channel : channel tb0, group 1, time 2015-03-21 10:34:01.527675')
('2015-03-21 10:34:01.540462', 'put_channel : channel tb0, group 1, time 2015-03-21 10:34:01.540378')
('2015-03-21 10:34:03.006725', 'put_channel : channel tb0, group 1, time 2015-03-21 10:34:03.006628')
('2015-03-21 10:34:04.006526', 'put_channel : channel tb0, group 0, time 2015-03-21 10:34:04.006387')
('2015-03-21 10:34:04.510798', 'put_channel : channel tb0, group 0, time 2015-03-21 10:34:04.510669')
('2015-03-21 10:34:04.535522', 'put_channel : channel tb0, group 0, time 2015-03-21 10:34:04.535435')
('2015-03-21 10:34:05.518230', 'put_channel : channel tb0, group 0, time 2015-03-21 10:34:05.518092')
('2015-03-21 10:34:06.008885', 'put_channel : channel tb0, group 1, time 2015-03-21 10:34:06.008754')
('2015-03-21 10:34:06.010686', 'put_channel : channel tb0, group 0, time 2015-03-21 10:34:06.010602')
('2015-03-21 10:34:06.039384', 'put_channel : channel tb0, group 0, time 2015-03-21 10:34:06.039296')
('2015-03-21 10:34:12.540587', 'fd_channel : login[0] 0 login[1] 0 , tb0[0] 59 tb0[1] 51 , tb1[0] 0 tb1[1] 0')
('2015-03-21 10:34:12.542226', 'fd_channel : login[0] 0 login[1] 0 , tb0[0] 59 tb0[1] 50 , tb1[0] 0 tb1[1] 0')
('2015-03-21 10:34:13.014373', 'put_channel : channel tb0, group 0, time 2015-03-21 10:34:13.011226')
('2015-03-21 10:34:13.308564', 'fd_channel : login[0] 0 login[1] 0 , tb0[0] 59 tb0[1] 50 , tb1[0] 0 tb1[1] 0')
('2015-03-21 10:34:13.310623', 'fd_channel : login[0] 0 login[1] 0 , tb0[0] 59 tb0[1] 49 , tb1[0] 0 tb1[1] 0')
('2015-03-21 10:34:16.510079', 'put_channel : channel tb0, group 0, time 2015-03-21 10:34:16.509928')
('2015-03-21 10:34:16.510682', 'put_channel : channel tb0, group 0, time 2015-03-21 10:34:16.510602')
('2015-03-21 10:34:19.512586', 'put_channel : channel tb0, group 0, time 2015-03-21 10:34:19.512454')
('2015-03-21 10:34:25.507711', 'put_channel : channel tb0, group 1, time 2015-03-21 10:34:25.507597')
('2015-03-21 10:34:25.508632', 'put_channel : channel tb0, group 1, time 2015-03-21 10:34:25.508586')
('2015-03-21 10:34:25.538919', 'put_channel : channel tb0, group 1, time 2015-03-21 10:34:25.538867')
('2015-03-21 10:34:26.516161', 'put_channel : channel tb0, group 1, time 2015-03-21 10:34:26.516045')
('2015-03-21 10:34:31.202138', 'fd_channel : login[0] 0 login[1] 0 , tb0[0] 60 tb0[1] 53 , tb1[0] 0 tb1[1] 0')
('2015-03-21 10:34:31.203696', 'fd_channel : login[0] 0 login[1] 0 , tb0[0] 60 tb0[1] 52 , tb1[0] 0 tb1[1] 0')
('2015-03-21 10:34:31.206853', 'fd_channel : login[0] 0 login[1] 0 , tb0[0] 59 tb0[1] 52 , tb1[0] 0 tb1[1] 0')
('2015-03-21 10:34:31.210044', 'fd_channel : login[0] 0 login[1] 0 , tb0[0] 58 tb0[1] 52 , tb1[0] 0 tb1[1] 0')
('2015-03-21 10:34:31.211403', 'fd_channel : login[0] 0 login[1] 0 , tb0[0] 58 tb0[1] 51 , tb1[0] 0 tb1[1] 0')
('2015-03-21 10:34:31.214320', 'fd_channel : login[0] 0 login[1] 0 , tb0[0] 58 tb0[1] 50 , tb1[0] 0 tb1[1] 0')
('2015-03-21 10:34:31.492580', 'fd_channel : login[0] 0 login[1] 0 , tb0[0] 58 tb0[1] 49 , tb1[0] 0 tb1[1] 0')
('2015-03-21 10:34:31.509057', 'fd_channel : login[0] 0 login[1] 0 , tb0[0] 58 tb0[1] 48 , tb1[0] 0 tb1[1] 0')
('2015-03-21 10:34:31.515213', 'fd_channel : login[0] 0 login[1] 0 , tb0[0] 58 tb0[1] 47 , tb1[0] 0 tb1[1] 0')
('2015-03-21 10:34:32.506470', 'put_channel : channel tb0, group 0, time 2015-03-21 10:34:32.506319')
('2015-03-21 10:34:32.517881', 'put_channel : channel tb0, group 0, time 2015-03-21 10:34:32.517793')
('2015-03-21 10:34:33.011584', 'put_channel : channel tb0, group 0, time 2015-03-21 10:34:33.011489')
('2015-03-21 10:34:33.013916', 'put_channel : channel tb0, group 0, time 2015-03-21 10:34:33.013833')
('2015-03-21 10:34:33.158022', 'put_channel : channel tb0, group 0, time 2015-03-21 10:34:33.157907')
('2015-03-21 10:34:33.206554', 'fd_channel : login[0] 0 login[1] 0 , tb0[0] 62 tb0[1] 47 , tb1[0] 0 tb1[1] 0')
('2015-03-21 10:34:33.208684', 'fd_channel : login[0] 0 login[1] 0 , tb0[0] 62 tb0[1] 46 , tb1[0] 0 tb1[1] 0')
('2015-03-21 10:34:33.214547', 'fd_channel : login[0] 0 login[1] 0 , tb0[0] 61 tb0[1] 46 , tb1[0] 0 tb1[1] 0')
('2015-03-21 10:34:33.216161', 'fd_channel : login[0] 0 login[1] 0 , tb0[0] 61 tb0[1] 45 , tb1[0] 0 tb1[1] 0')
('2015-03-21 10:34:33.219147', 'fd_channel : login[0] 0 login[1] 0 , tb0[0] 60 tb0[1] 45 , tb1[0] 0 tb1[1] 0')
('2015-03-21 10:34:33.221250', 'fd_channel : login[0] 0 login[1] 0 , tb0[0] 60 tb0[1] 44 , tb1[0] 0 tb1[1] 0')
('2015-03-21 10:34:34.021747', 'put_channel : channel tb0, group 0, time 2015-03-21 10:34:34.021612')
('2015-03-21 10:34:34.509767', 'put_channel : channel tb0, group 0, time 2015-03-21 10:34:34.509646')
('2015-03-21 10:34:35.528113', 'put_channel : channel tb0, group 0, time 2015-03-21 10:34:35.527984')
('2015-03-21 10:34:36.009720', 'put_channel : channel tb0, group 0, time 2015-03-21 10:34:36.009598')
('2015-03-21 10:34:36.039167', 'put_channel : channel tb0, group 0, time 2015-03-21 10:34:36.039078')
('2015-03-21 10:34:37.509379', 'put_channel : channel tb0, group 0, time 2015-03-21 10:34:37.509246')
('2015-03-21 10:34:40.008132', 'put_channel : channel tb0, group 1, time 2015-03-21 10:34:40.007994')
('2015-03-21 10:34:40.510045', 'put_channel : channel tb0, group 1, time 2015-03-21 10:34:40.509932')
('2015-03-21 10:34:42.010661', 'put_channel : channel tb0, group 1, time 2015-03-21 10:34:42.010529')
('2015-03-21 10:34:43.011509', 'put_channel : channel tb0, group 0, time 2015-03-21 10:34:43.011407')
('2015-03-21 10:34:43.075422', 'put_channel : channel tb0, group 1, time 2015-03-21 10:34:43.075333')
('2015-03-21 10:34:43.508618', 'put_channel : channel tb0, group 1, time 2015-03-21 10:34:43.508500')
('2015-03-21 10:34:43.539898', 'put_channel : channel tb0, group 1, time 2015-03-21 10:34:43.539806')
('2015-03-21 10:34:44.548000', 'put_channel : channel tb0, group 1, time 2015-03-21 10:34:44.547896')
('2015-03-21 10:34:45.009615', 'put_channel : channel tb0, group 1, time 2015-03-21 10:34:45.009485')
('2015-03-21 10:34:46.085177', 'put_channel : channel tb0, group 1, time 2015-03-21 10:34:46.085082')
('2015-03-21 10:34:46.508233', 'put_channel : channel tb0, group 1, time 2015-03-21 10:34:46.508102')
('2015-03-21 10:34:46.531630', 'put_channel : channel tb0, group 1, time 2015-03-21 10:34:46.531540')
('2015-03-21 10:34:47.556495', 'put_channel : channel tb0, group 1, time 2015-03-21 10:34:47.556382')
('2015-03-21 10:34:48.008672', 'put_channel : channel tb0, group 1, time 2015-03-21 10:34:48.008573')
('2015-03-21 10:34:49.508863', 'put_channel : channel tb0, group 1, time 2015-03-21 10:34:49.508730')
('2015-03-21 10:34:51.006529', 'put_channel : channel tb0, group 1, time 2015-03-21 10:34:51.006432')
('2015-03-21 10:34:51.139733', 'put_channel : channel tb0, group 1, time 2015-03-21 10:34:51.139643')
('2015-03-21 10:34:52.006460', 'put_channel : channel tb0, group 0, time 2015-03-21 10:34:52.006323')
('2015-03-21 10:34:52.023355', 'put_channel : channel tb0, group 0, time 2015-03-21 10:34:52.023270')
('2015-03-21 10:34:52.509770', 'put_channel : channel tb0, group 1, time 2015-03-21 10:34:52.509647')
('2015-03-21 10:34:52.510997', 'put_channel : channel tb0, group 0, time 2015-03-21 10:34:52.510873')
('2015-03-21 10:34:52.512055', 'put_channel : channel tb0, group 0, time 2015-03-21 10:34:52.511965')
('2015-03-21 10:34:53.525551', 'put_channel : channel tb0, group 0, time 2015-03-21 10:34:53.525416')
('2015-03-21 10:34:53.575215', 'put_channel : channel tb0, group 0, time 2015-03-21 10:34:53.575130')
('2015-03-21 10:34:54.008870', 'put_channel : channel tb0, group 1, time 2015-03-21 10:34:54.008772')
('2015-03-21 10:34:54.011440', 'put_channel : channel tb0, group 0, time 2015-03-21 10:34:54.011356')
('2015-03-21 10:34:54.037375', 'put_channel : channel tb0, group 0, time 2015-03-21 10:34:54.037290')
('2015-03-21 10:34:55.021799', 'put_channel : channel tb0, group 0, time 2015-03-21 10:34:55.021661')
('2015-03-21 10:34:55.046049', 'put_channel : channel tb0, group 0, time 2015-03-21 10:34:55.045963')
('2015-03-21 10:34:55.508245', 'put_channel : channel tb0, group 1, time 2015-03-21 10:34:55.508133')
('2015-03-21 10:34:57.010675', 'put_channel : channel tb0, group 1, time 2015-03-21 10:34:57.010544')
('2015-03-21 10:34:57.093825', 'put_channel : channel tb0, group 0, time 2015-03-21 10:34:57.093739')
('2015-03-21 10:34:57.328745', 'fd_channel : login[0] 0 login[1] 0 , tb0[0] 66 tb0[1] 64 , tb1[0] 0 tb1[1] 0')
('2015-03-21 10:34:57.331958', 'fd_channel : login[0] 0 login[1] 0 , tb0[0] 66 tb0[1] 62 , tb1[0] 0 tb1[1] 0')
('2015-03-21 10:34:57.517041', 'fd_channel : login[0] 0 login[1] 0 , tb0[0] 65 tb0[1] 62 , tb1[0] 0 tb1[1] 0')
('2015-03-21 10:34:58.009905', 'put_channel : channel tb0, group 0, time 2015-03-21 10:34:58.009792')
('2015-03-21 10:34:58.489257', 'fd_channel : login[0] 0 login[1] 0 , tb0[0] 65 tb0[1] 62 , tb1[0] 0 tb1[1] 0')
('2015-03-21 10:34:58.490887', 'fd_channel : login[0] 0 login[1] 0 , tb0[0] 65 tb0[1] 61 , tb1[0] 0 tb1[1] 0')
('2015-03-21 10:34:58.511902', 'put_channel : channel tb0, group 1, time 2015-03-21 10:34:58.511815')
('2015-03-21 10:35:00.008539', 'put_channel : channel tb0, group 1, time 2015-03-21 10:35:00.008407')
('2015-03-21 10:35:01.508413', 'put_channel : channel tb0, group 1, time 2015-03-21 10:35:01.508280')
('2015-03-21 10:35:01.642085', 'fd_channel : login[0] 0 login[1] 0 , tb0[0] 64 tb0[1] 64 , tb1[0] 0 tb1[1] 0')
('2015-03-21 10:35:01.645388', 'fd_channel : login[0] 0 login[1] 0 , tb0[0] 64 tb0[1] 62 , tb1[0] 0 tb1[1] 0')
('2015-03-21 10:35:03.006190', 'put_channel : channel tb0, group 1, time 2015-03-21 10:35:03.006095')
('2015-03-21 10:35:03.378359', 'fd_channel : login[0] 0 login[1] 0 , tb0[0] 64 tb0[1] 62 , tb1[0] 0 tb1[1] 0')
('2015-03-21 10:35:03.646312', 'fd_channel : login[0] 0 login[1] 0 , tb0[0] 63 tb0[1] 61 , tb1[0] 0 tb1[1] 0')
('2015-03-21 10:35:03.647101', 'fd_channel : login[0] 0 login[1] 0 , tb0[0] 62 tb0[1] 61 , tb1[0] 0 tb1[1] 0')
('2015-03-21 10:35:03.682067', 'fd_channel : login[0] 0 login[1] 0 , tb0[0] 62 tb0[1] 60 , tb1[0] 0 tb1[1] 0')
('2015-03-21 10:35:04.508147', 'put_channel : channel tb0, group 1, time 2015-03-21 10:35:04.508014')
('2015-03-21 10:35:05.212475', 'fd_channel : login[0] 0 login[1] 0 , tb0[0] 62 tb0[1] 60 , tb1[0] 0 tb1[1] 0')
('2015-03-21 10:35:05.224501', 'fd_channel : login[0] 0 login[1] 0 , tb0[0] 62 tb0[1] 59 , tb1[0] 0 tb1[1] 0')
('2015-03-21 10:35:06.009522', 'put_channel : channel tb0, group 1, time 2015-03-21 10:35:06.009407')
('2015-03-21 10:35:06.946681', 'fd_channel : login[0] 0 login[1] 0 , tb0[0] 62 tb0[1] 59 , tb1[0] 0 tb1[1] 0')
('2015-03-21 10:35:06.958970', 'fd_channel : login[0] 0 login[1] 0 , tb0[0] 62 tb0[1] 58 , tb1[0] 0 tb1[1] 0')
('2015-03-21 10:35:09.951997', 'fd_channel : login[0] 0 login[1] 0 , tb0[0] 62 tb0[1] 57 , tb1[0] 0 tb1[1] 0')
('2015-03-21 10:35:13.691540', 'fd_channel : login[0] 0 login[1] 0 , tb0[0] 60 tb0[1] 56 , tb1[0] 0 tb1[1] 0')
('2015-03-21 10:35:13.695592', 'fd_channel : login[0] 0 login[1] 0 , tb0[0] 57 tb0[1] 56 , tb1[0] 0 tb1[1] 0')
('2015-03-21 10:35:15.694336', 'fd_channel : login[0] 0 login[1] 0 , tb0[0] 56 tb0[1] 56 , tb1[0] 0 tb1[1] 0')
('2015-03-21 10:35:15.696419', 'fd_channel : login[0] 0 login[1] 0 , tb0[0] 56 tb0[1] 55 , tb1[0] 0 tb1[1] 0')
('2015-03-21 10:35:20.505931', 'put_channel : channel tb0, group 0, time 2015-03-21 10:35:20.505787')
('2015-03-21 10:35:20.517754', 'put_channel : channel tb0, group 0, time 2015-03-21 10:35:20.517664')
('2015-03-21 10:35:21.008413', 'put_channel : channel tb0, group 0, time 2015-03-21 10:35:21.008318')
('2015-03-21 10:35:21.013756', 'put_channel : channel tb0, group 0, time 2015-03-21 10:35:21.013705')
('2015-03-21 10:35:21.029229', 'put_channel : channel tb0, group 0, time 2015-03-21 10:35:21.029180')
('2015-03-21 10:35:22.021734', 'put_channel : channel tb0, group 1, time 2015-03-21 10:35:22.021582')
('2015-03-21 10:35:22.507355', 'put_channel : channel tb0, group 1, time 2015-03-21 10:35:22.507247')
('2015-03-21 10:35:22.512974', 'put_channel : channel tb0, group 1, time 2015-03-21 10:35:22.512909')
('2015-03-21 10:35:29.368566', 'fd_channel : login[0] 0 login[1] 0 , tb0[0] 58 tb0[1] 57 , tb1[0] 0 tb1[1] 0')
('2015-03-21 10:35:29.373657', 'fd_channel : login[0] 0 login[1] 0 , tb0[0] 54 tb0[1] 57 , tb1[0] 0 tb1[1] 0')
('2015-03-21 10:35:31.372168', 'fd_channel : login[0] 0 login[1] 0 , tb0[0] 53 tb0[1] 57 , tb1[0] 0 tb1[1] 0')
('2015-03-21 10:35:31.373960', 'fd_channel : login[0] 0 login[1] 0 , tb0[0] 53 tb0[1] 56 , tb1[0] 0 tb1[1] 0')
('2015-03-21 10:35:34.009712', 'put_channel : channel tb0, group 1, time 2015-03-21 10:35:34.009574')
('2015-03-21 10:35:34.023890', 'put_channel : channel tb0, group 1, time 2015-03-21 10:35:34.023800')
('2015-03-21 10:35:34.509278', 'put_channel : channel tb0, group 1, time 2015-03-21 10:35:34.509189')
('2015-03-21 10:35:34.512150', 'put_channel : channel tb0, group 1, time 2015-03-21 10:35:34.512059')
('2015-03-21 10:35:35.516177', 'put_channel : channel tb0, group 1, time 2015-03-21 10:35:35.516038')
('2015-03-21 10:35:35.651000', 'fd_channel : login[0] 0 login[1] 0 , tb0[0] 53 tb0[1] 57 , tb1[0] 0 tb1[1] 0')
('2015-03-21 10:35:36.009167', 'put_channel : channel tb0, group 1, time 2015-03-21 10:35:36.009057')
('2015-03-21 10:35:36.037705', 'put_channel : channel tb0, group 1, time 2015-03-21 10:35:36.037617')
('2015-03-21 10:35:37.020001', 'put_channel : channel tb0, group 1, time 2015-03-21 10:35:37.019862')
('2015-03-21 10:35:37.508464', 'put_channel : channel tb0, group 1, time 2015-03-21 10:35:37.508345')
('2015-03-21 10:35:39.009624', 'put_channel : channel tb0, group 1, time 2015-03-21 10:35:39.009502')
('2015-03-21 10:35:39.045478', 'put_channel : channel tb0, group 1, time 2015-03-21 10:35:39.045386')
('2015-03-21 10:35:40.069847', 'put_channel : channel tb0, group 1, time 2015-03-21 10:35:40.069721')
('2015-03-21 10:35:40.071612', 'put_channel : channel tb0, group 0, time 2015-03-21 10:35:40.071528')
('2015-03-21 10:35:40.508413', 'put_channel : channel tb0, group 1, time 2015-03-21 10:35:40.508281')
('2015-03-21 10:35:40.509794', 'put_channel : channel tb0, group 0, time 2015-03-21 10:35:40.509705')
('2015-03-21 10:35:40.513684', 'put_channel : channel tb0, group 0, time 2015-03-21 10:35:40.513600')
('2015-03-21 10:35:40.531966', 'put_channel : channel tb0, group 1, time 2015-03-21 10:35:40.531878')
('2015-03-21 10:35:40.533990', 'put_channel : channel tb0, group 0, time 2015-03-21 10:35:40.533905')
('2015-03-21 10:35:41.519559', 'put_channel : channel tb0, group 0, time 2015-03-21 10:35:41.519418')
('2015-03-21 10:35:41.572842', 'put_channel : channel tb0, group 1, time 2015-03-21 10:35:41.572750')
('2015-03-21 10:35:41.575661', 'put_channel : channel tb0, group 0, time 2015-03-21 10:35:41.575576')
('2015-03-21 10:35:42.009144', 'put_channel : channel tb0, group 1, time 2015-03-21 10:35:42.009043')
('2015-03-21 10:35:42.009847', 'put_channel : channel tb0, group 0, time 2015-03-21 10:35:42.009791')
('2015-03-21 10:35:42.013674', 'put_channel : channel tb0, group 0, time 2015-03-21 10:35:42.013620')
('2015-03-21 10:35:42.036927', 'put_channel : channel tb0, group 0, time 2015-03-21 10:35:42.036873')
('2015-03-21 10:35:43.016077', 'put_channel : channel tb0, group 0, time 2015-03-21 10:35:43.015952')
('2015-03-21 10:35:43.075812', 'put_channel : channel tb0, group 1, time 2015-03-21 10:35:43.075677')
('2015-03-21 10:35:43.077576', 'put_channel : channel tb0, group 0, time 2015-03-21 10:35:43.077488')
('2015-03-21 10:35:43.509552', 'put_channel : channel tb0, group 0, time 2015-03-21 10:35:43.509426')
('2015-03-21 10:35:43.525460', 'put_channel : channel tb0, group 0, time 2015-03-21 10:35:43.525371')
('2015-03-21 10:35:43.621343', 'put_channel : channel tb0, group 0, time 2015-03-21 10:35:43.621258')
('2015-03-21 10:35:45.012292', 'put_channel : channel tb0, group 0, time 2015-03-21 10:35:45.012160')
('2015-03-21 10:35:45.031413', 'put_channel : channel tb0, group 0, time 2015-03-21 10:35:45.031327')
('2015-03-21 10:35:46.054128', 'put_channel : channel tb0, group 0, time 2015-03-21 10:35:46.053988')
('2015-03-21 10:35:46.826238', 'fd_channel : login[0] 0 login[1] 0 , tb0[0] 62 tb0[1] 62 , tb1[0] 0 tb1[1] 0')
('2015-03-21 10:35:46.828337', 'fd_channel : login[0] 0 login[1] 0 , tb0[0] 59 tb0[1] 62 , tb1[0] 0 tb1[1] 0')
('2015-03-21 10:35:48.822872', 'fd_channel : login[0] 0 login[1] 0 , tb0[0] 58 tb0[1] 62 , tb1[0] 0 tb1[1] 0')
('2015-03-21 10:35:48.824789', 'fd_channel : login[0] 0 login[1] 0 , tb0[0] 58 tb0[1] 61 , tb1[0] 0 tb1[1] 0')
('2015-03-21 10:36:04.009973', 'put_channel : channel tb0, group 1, time 2015-03-21 10:36:04.009821')
('2015-03-21 10:36:04.019820', 'put_channel : channel tb0, group 1, time 2015-03-21 10:36:04.019688')
('2015-03-21 10:36:04.511056', 'put_channel : channel tb0, group 1, time 2015-03-21 10:36:04.510930')
('2015-03-21 10:36:04.513026', 'put_channel : channel tb0, group 1, time 2015-03-21 10:36:04.512940')
('2015-03-21 10:36:04.531680', 'put_channel : channel tb0, group 1, time 2015-03-21 10:36:04.531593')
('2015-03-21 10:36:05.525852', 'put_channel : channel tb0, group 1, time 2015-03-21 10:36:05.525714')
('2015-03-21 10:36:06.010481', 'put_channel : channel tb0, group 1, time 2015-03-21 10:36:06.010361')
('2015-03-21 10:36:06.035898', 'put_channel : channel tb0, group 1, time 2015-03-21 10:36:06.035809')
('2015-03-21 10:36:07.022102', 'put_channel : channel tb0, group 1, time 2015-03-21 10:36:07.021950')
('2015-03-21 10:36:13.008065', 'put_channel : channel tb0, group 1, time 2015-03-21 10:36:13.007992')
('2015-03-21 10:36:13.507605', 'put_channel : channel tb0, group 1, time 2015-03-21 10:36:13.507474')
('2015-03-21 10:36:13.511860', 'put_channel : channel tb0, group 1, time 2015-03-21 10:36:13.511693')
('2015-03-21 10:36:14.509963', 'put_channel : channel tb0, group 0, time 2015-03-21 10:36:14.509825')
('2015-03-21 10:36:14.515637', 'put_channel : channel tb0, group 1, time 2015-03-21 10:36:14.515546')
('2015-03-21 10:36:14.517396', 'put_channel : channel tb0, group 0, time 2015-03-21 10:36:14.517311')
('2015-03-21 10:36:15.008829', 'put_channel : channel tb0, group 0, time 2015-03-21 10:36:15.008729')
('2015-03-21 10:36:15.014044', 'put_channel : channel tb0, group 0, time 2015-03-21 10:36:15.013957')
('2015-03-21 10:36:15.045409', 'put_channel : channel tb0, group 0, time 2015-03-21 10:36:15.045322')
('2015-03-21 10:36:16.023717', 'put_channel : channel tb0, group 0, time 2015-03-21 10:36:16.023581')
('2015-03-21 10:36:16.509706', 'put_channel : channel tb0, group 0, time 2015-03-21 10:36:16.509604')
('2015-03-21 10:36:16.535041', 'put_channel : channel tb0, group 0, time 2015-03-21 10:36:16.534952')
('2015-03-21 10:36:17.526780', 'put_channel : channel tb0, group 0, time 2015-03-21 10:36:17.526676')
('2015-03-21 10:36:17.574784', 'put_channel : channel tb0, group 0, time 2015-03-21 10:36:17.574731')
('2015-03-21 10:36:18.008695', 'put_channel : channel tb0, group 0, time 2015-03-21 10:36:18.008590')
('2015-03-21 10:36:18.037562', 'put_channel : channel tb0, group 0, time 2015-03-21 10:36:18.037474')
('2015-03-21 10:36:19.077920', 'put_channel : channel tb0, group 0, time 2015-03-21 10:36:19.077795')
('2015-03-21 10:36:34.536025', 'put_channel : channel tb0, group 0, time 2015-03-21 10:36:34.535848')
('2015-03-21 10:36:34.629706', 'put_channel : channel tb0, group 0, time 2015-03-21 10:36:34.629621')
('2015-03-21 10:36:35.557884', 'put_channel : channel tb0, group 0, time 2015-03-21 10:36:35.557745')
('2015-03-21 10:36:36.166158', 'put_channel : channel tb0, group 0, time 2015-03-21 10:36:36.166020')
('2015-03-21 10:36:37.061777', 'put_channel : channel tb0, group 0, time 2015-03-21 10:36:37.061636')
('2015-03-21 10:36:40.068139', 'put_channel : channel tb0, group 1, time 2015-03-21 10:36:40.068000')
('2015-03-21 10:36:43.609709', 'fd_channel : login[0] 0 login[1] 0 , tb0[0] 51 tb0[1] 75 , tb1[0] 0 tb1[1] 0')
('2015-03-21 10:36:46.084271', 'put_channel : channel tb0, group 1, time 2015-03-21 10:36:46.084129')
('2015-03-21 10:36:46.660173', 'put_channel : channel tb0, group 1, time 2015-03-21 10:36:46.660035')
('2015-03-21 10:36:47.557650', 'put_channel : channel tb0, group 1, time 2015-03-21 10:36:47.557511')
('2015-03-21 10:36:48.133751', 'put_channel : channel tb0, group 1, time 2015-03-21 10:36:48.133611')
('2015-03-21 10:36:49.060111', 'put_channel : channel tb0, group 1, time 2015-03-21 10:36:49.059984')
('2015-03-21 10:36:49.604176', 'put_channel : channel tb0, group 1, time 2015-03-21 10:36:49.604035')
('2015-03-21 10:36:50.564031', 'put_channel : channel tb0, group 1, time 2015-03-21 10:36:50.563888')
('2015-03-21 10:36:51.141659', 'put_channel : channel tb0, group 1, time 2015-03-21 10:36:51.141525')
('2015-03-21 10:36:52.614185', 'put_channel : channel tb0, group 0, time 2015-03-21 10:36:52.614050')
('2015-03-21 10:36:54.149825', 'put_channel : channel tb0, group 0, time 2015-03-21 10:36:54.149694')
('2015-03-21 10:36:55.621852', 'put_channel : channel tb0, group 1, time 2015-03-21 10:36:55.621708')
('2015-03-21 10:36:57.156383', 'put_channel : channel tb0, group 1, time 2015-03-21 10:36:57.156245')
('2015-03-21 10:36:57.160358', 'put_channel : channel tb0, group 0, time 2015-03-21 10:36:57.160273')
('2015-03-21 10:36:58.628229', 'put_channel : channel tb0, group 1, time 2015-03-21 10:36:58.628098')
('2015-03-21 10:36:58.629703', 'put_channel : channel tb0, group 0, time 2015-03-21 10:36:58.629621')
('2015-03-21 10:37:00.101780', 'put_channel : channel tb0, group 0, time 2015-03-21 10:37:00.101641')
('2015-03-21 10:37:01.639586', 'put_channel : channel tb0, group 0, time 2015-03-21 10:37:01.639446')
('2015-03-21 10:37:03.405811', 'fd_channel : login[0] 0 login[1] 0 , tb0[0] 45 tb0[1] 86 , tb1[0] 0 tb1[1] 0')
('2015-03-21 10:37:42.223555', 'fd_channel : login[0] 0 login[1] 0 , tb0[0] 45 tb0[1] 24 , tb1[0] 0 tb1[1] 0')
('2015-03-21 10:38:00.615886', 'fd_channel : login[0] 0 login[1] 0 , tb0[0] 45 tb0[1] 19 , tb1[0] 0 tb1[1] 0')
('2015-03-21 10:38:00.628375', 'fd_channel : login[0] 0 login[1] 0 , tb0[0] 23 tb0[1] 19 , tb1[0] 0 tb1[1] 0')
('2015-03-21 10:38:02.664152', 'fd_channel : login[0] 0 login[1] 0 , tb0[0] 22 tb0[1] 19 , tb1[0] 0 tb1[1] 0')
('2015-03-21 10:38:02.667099', 'fd_channel : login[0] 0 login[1] 0 , tb0[0] 22 tb0[1] 16 , tb1[0] 0 tb1[1] 0')
('2015-03-21 10:38:02.668691', 'fd_channel : login[0] 0 login[1] 0 , tb0[0] 22 tb0[1] 15 , tb1[0] 0 tb1[1] 0')
('2015-03-21 10:38:02.670079', 'fd_channel : login[0] 0 login[1] 0 , tb0[0] 22 tb0[1] 14 , tb1[0] 0 tb1[1] 0')
('2015-03-21 10:38:28.660770', 'put_channel : channel tb0, group 0, time 2015-03-21 10:38:28.660462')
('2015-03-21 11:27:42.013201', 'put_channel : channel tb1, group 0, time 2015-03-21 11:27:42.012926')
('2015-03-21 11:27:44.510141', 'put_channel : channel tb1, group 0, time 2015-03-21 11:27:44.510004')
('2015-03-21 11:27:44.510882', 'put_channel : channel tb1, group 1, time 2015-03-21 11:27:44.510797')
('2015-03-21 11:27:45.008556', 'put_channel : channel tb1, group 1, time 2015-03-21 11:27:45.008426')
('2015-03-21 11:27:46.005626', 'put_channel : channel tb1, group 0, time 2015-03-21 11:27:46.005514')
('2015-03-21 11:27:46.509316', 'put_channel : channel tb1, group 0, time 2015-03-21 11:27:46.509186')
('2015-03-21 11:27:47.507618', 'put_channel : channel tb1, group 1, time 2015-03-21 11:27:47.507506')
('2015-03-21 11:27:48.010287', 'put_channel : channel tb1, group 0, time 2015-03-21 11:27:48.010151')
('2015-03-21 11:27:49.509499', 'put_channel : channel tb1, group 1, time 2015-03-21 11:27:49.509350')
('2015-03-21 11:27:49.512490', 'put_channel : channel tb1, group 0, time 2015-03-21 11:27:49.512396')
('2015-03-21 11:27:52.004598', 'put_channel : channel tb1, group 1, time 2015-03-21 11:27:52.004454')
('2015-03-21 11:27:53.508066', 'put_channel : channel tb1, group 1, time 2015-03-21 11:27:53.507922')
('2015-03-21 11:27:55.008116', 'put_channel : channel tb1, group 1, time 2015-03-21 11:27:55.007974')
('2015-03-21 11:27:55.021595', 'put_channel : channel tb1, group 1, time 2015-03-21 11:27:55.021506')
('2015-03-21 11:27:56.509790', 'put_channel : channel tb1, group 1, time 2015-03-21 11:27:56.509646')
('2015-03-21 11:27:58.510095', 'put_channel : channel tb1, group 0, time 2015-03-21 11:27:58.509960')
('2015-03-21 11:27:58.512412', 'put_channel : channel tb1, group 0, time 2015-03-21 11:27:58.512318')
('2015-03-21 11:27:59.508188', 'put_channel : channel tb1, group 1, time 2015-03-21 11:27:59.508053')
('2015-03-21 11:27:59.525542', 'put_channel : channel tb1, group 0, time 2015-03-21 11:27:59.525454')
('2015-03-21 11:28:01.008012', 'put_channel : channel tb1, group 1, time 2015-03-21 11:28:01.007840')
('2015-03-21 11:28:01.009713', 'put_channel : channel tb1, group 0, time 2015-03-21 11:28:01.009618')
('2015-03-21 11:28:01.508743', 'put_channel : channel tb1, group 1, time 2015-03-21 11:28:01.508610')
('2015-03-21 11:28:01.510069', 'put_channel : channel tb1, group 0, time 2015-03-21 11:28:01.509985')
('2015-03-21 11:28:04.009435', 'put_channel : channel tb1, group 0, time 2015-03-21 11:28:04.009305')
('2015-03-21 11:28:04.508752', 'put_channel : channel tb1, group 1, time 2015-03-21 11:28:04.508444')
('2015-03-21 11:28:04.512134', 'put_channel : channel tb1, group 0, time 2015-03-21 11:28:04.512047')
('2015-03-21 11:28:06.008802', 'put_channel : channel tb1, group 0, time 2015-03-21 11:28:06.008696')
('2015-03-21 11:28:06.037448', 'put_channel : channel tb1, group 0, time 2015-03-21 11:28:06.037388')
('2015-03-21 11:28:07.507409', 'put_channel : channel tb1, group 1, time 2015-03-21 11:28:07.507273')
('2015-03-21 11:28:07.510494', 'put_channel : channel tb1, group 0, time 2015-03-21 11:28:07.510424')
('2015-03-21 11:28:09.009961', 'put_channel : channel tb1, group 1, time 2015-03-21 11:28:09.009835')
('2015-03-21 11:28:10.008121', 'put_channel : channel tb1, group 1, time 2015-03-21 11:28:10.007979')
('2015-03-21 11:28:11.508272', 'put_channel : channel tb1, group 1, time 2015-03-21 11:28:11.508103')
('2015-03-21 11:28:12.015261', 'put_channel : channel tb1, group 1, time 2015-03-21 11:28:12.015032')
('2015-03-21 11:28:13.508874', 'put_channel : channel tb1, group 1, time 2015-03-21 11:28:13.508737')
('2015-03-21 11:28:15.008704', 'put_channel : channel tb1, group 1, time 2015-03-21 11:28:15.008567')
('2015-03-21 11:28:17.509776', 'put_channel : channel tb1, group 1, time 2015-03-21 11:28:17.509633')
('2015-03-21 11:28:19.008158', 'put_channel : channel tb1, group 1, time 2015-03-21 11:28:19.008024')
('2015-03-21 11:28:19.508619', 'put_channel : channel tb1, group 1, time 2015-03-21 11:28:19.508492')
('2015-03-21 11:28:20.511749', 'put_channel : channel tb1, group 0, time 2015-03-21 11:28:20.511608')
('2015-03-21 11:28:21.006806', 'put_channel : channel tb1, group 1, time 2015-03-21 11:28:21.006712')
('2015-03-21 11:28:21.010193', 'put_channel : channel tb1, group 0, time 2015-03-21 11:28:21.010144')
('2015-03-21 11:28:22.021919', 'put_channel : channel tb1, group 0, time 2015-03-21 11:28:22.021775')
('2015-03-21 11:28:22.508904', 'put_channel : channel tb1, group 1, time 2015-03-21 11:28:22.508770')
('2015-03-21 11:28:22.511347', 'put_channel : channel tb1, group 0, time 2015-03-21 11:28:22.511261')
('2015-03-21 11:28:24.008470', 'put_channel : channel tb1, group 1, time 2015-03-21 11:28:24.008335')
('2015-03-21 11:28:24.011242', 'put_channel : channel tb1, group 0, time 2015-03-21 11:28:24.011157')
('2015-03-21 11:28:25.061923', 'put_channel : channel tb1, group 0, time 2015-03-21 11:28:25.061778')
('2015-03-21 11:28:25.508186', 'put_channel : channel tb1, group 1, time 2015-03-21 11:28:25.508053')
('2015-03-21 11:28:25.510479', 'put_channel : channel tb1, group 0, time 2015-03-21 11:28:25.510394')
('2015-03-21 11:28:25.541656', 'put_channel : channel tb1, group 0, time 2015-03-21 11:28:25.541560')
('2015-03-21 11:28:27.009184', 'put_channel : channel tb1, group 1, time 2015-03-21 11:28:27.009049')
('2015-03-21 11:28:28.068084', 'put_channel : channel tb1, group 1, time 2015-03-21 11:28:28.067939')
('2015-03-21 11:28:28.508271', 'put_channel : channel tb1, group 1, time 2015-03-21 11:28:28.508160')
('2015-03-21 11:28:30.011551', 'put_channel : channel tb1, group 0, time 2015-03-21 11:28:30.011356')
('2015-03-21 11:28:31.514117', 'put_channel : channel tb1, group 0, time 2015-03-21 11:28:31.513981')
('2015-03-21 11:28:31.541471', 'put_channel : channel tb1, group 0, time 2015-03-21 11:28:31.541382')
('2015-03-21 11:28:35.508198', 'put_channel : channel tb1, group 1, time 2015-03-21 11:28:35.508056')
('2015-03-21 11:28:36.009057', 'put_channel : channel tb1, group 1, time 2015-03-21 11:28:36.008920')
('2015-03-21 11:28:39.009851', 'put_channel : channel tb1, group 1, time 2015-03-21 11:28:39.009725')
('2015-03-21 11:28:40.020100', 'put_channel : channel tb1, group 1, time 2015-03-21 11:28:40.019957')
('2015-03-21 11:28:41.507874', 'put_channel : channel tb1, group 0, time 2015-03-21 11:28:41.507677')
('2015-03-21 11:28:42.013580', 'put_channel : channel tb1, group 0, time 2015-03-21 11:28:42.013446')
('2015-03-21 11:28:43.008036', 'put_channel : channel tb1, group 0, time 2015-03-21 11:28:43.007893')
('2015-03-21 11:28:43.013720', 'put_channel : channel tb1, group 0, time 2015-03-21 11:28:43.013626')
('2015-03-21 11:28:43.510556', 'put_channel : channel tb1, group 1, time 2015-03-21 11:28:43.510420')
('2015-03-21 11:28:44.507867', 'put_channel : channel tb1, group 0, time 2015-03-21 11:28:44.507681')
('2015-03-21 11:28:44.517640', 'put_channel : channel tb1, group 0, time 2015-03-21 11:28:44.517551')
('2015-03-21 11:28:46.008019', 'put_channel : channel tb1, group 0, time 2015-03-21 11:28:46.007875')
('2015-03-21 11:28:48.012099', 'put_channel : channel tb1, group 1, time 2015-03-21 11:28:48.011962')
('2015-03-21 11:28:48.039626', 'put_channel : channel tb1, group 0, time 2015-03-21 11:28:48.039535')
('2015-03-21 11:28:49.006525', 'put_channel : channel tb1, group 1, time 2015-03-21 11:28:49.006393')
('2015-03-21 11:28:49.014396', 'put_channel : channel tb1, group 1, time 2015-03-21 11:28:49.014308')
('2015-03-21 11:28:49.512105', 'put_channel : channel tb1, group 1, time 2015-03-21 11:28:49.511977')
('2015-03-21 11:28:49.513686', 'put_channel : channel tb1, group 0, time 2015-03-21 11:28:49.513594')
('2015-03-21 11:28:50.506223', 'put_channel : channel tb1, group 0, time 2015-03-21 11:28:50.506064')
('2015-03-21 11:28:51.013788', 'put_channel : channel tb1, group 0, time 2015-03-21 11:28:51.013654')
('2015-03-21 11:28:52.513636', 'put_channel : channel tb1, group 1, time 2015-03-21 11:28:52.513499')
('2015-03-21 11:28:52.532085', 'put_channel : channel tb1, group 1, time 2015-03-21 11:28:52.531991')
('2015-03-21 11:28:53.510831', 'put_channel : channel tb1, group 0, time 2015-03-21 11:28:53.510724')
('2015-03-21 11:28:53.584755', 'put_channel : channel tb1, group 1, time 2015-03-21 11:28:53.584695')
('2015-03-21 11:28:54.015289', 'put_channel : channel tb1, group 0, time 2015-03-21 11:28:54.015156')
('2015-03-21 11:28:55.524014', 'put_channel : channel tb1, group 1, time 2015-03-21 11:28:55.523878')
('2015-03-21 11:28:57.013345', 'put_channel : channel tb1, group 0, time 2015-03-21 11:28:57.013246')
('2015-03-21 11:28:58.007668', 'put_channel : channel tb1, group 0, time 2015-03-21 11:28:58.007524')
('2015-03-21 11:28:58.053514', 'put_channel : channel tb1, group 0, time 2015-03-21 11:28:58.053426')
('2015-03-21 11:28:58.512342', 'put_channel : channel tb1, group 1, time 2015-03-21 11:28:58.512165')
('2015-03-21 11:28:58.516223', 'put_channel : channel tb1, group 0, time 2015-03-21 11:28:58.516134')
('2015-03-21 11:28:59.557816', 'put_channel : channel tb1, group 0, time 2015-03-21 11:28:59.557685')
('2015-03-21 11:29:01.513928', 'put_channel : channel tb1, group 0, time 2015-03-21 11:29:01.513792')
('2015-03-21 11:29:01.514693', 'put_channel : channel tb1, group 1, time 2015-03-21 11:29:01.514601')
('2015-03-21 11:29:03.013286', 'put_channel : channel tb1, group 1, time 2015-03-21 11:29:03.013181')
('2015-03-21 11:29:04.004582', 'put_channel : channel tb1, group 1, time 2015-03-21 11:29:04.004438')
('2015-03-21 11:29:04.512078', 'put_channel : channel tb1, group 1, time 2015-03-21 11:29:04.511949')
('2015-03-21 11:29:07.512213', 'put_channel : channel tb1, group 1, time 2015-03-21 11:29:07.512077')
('2015-03-21 11:29:09.011978', 'put_channel : channel tb1, group 1, time 2015-03-21 11:29:09.011853')
('2015-03-21 11:29:11.511734', 'put_channel : channel tb1, group 0, time 2015-03-21 11:29:11.511590')
('2015-03-21 11:29:11.525964', 'put_channel : channel tb1, group 0, time 2015-03-21 11:29:11.525870')
('2015-03-21 11:29:13.004604', 'put_channel : channel tb1, group 1, time 2015-03-21 11:29:13.004461')
('2015-03-21 11:29:14.509950', 'put_channel : channel tb1, group 1, time 2015-03-21 11:29:14.509813')
('2015-03-21 11:29:14.516168', 'put_channel : channel tb1, group 1, time 2015-03-21 11:29:14.516079')
('2015-03-21 11:29:14.520344', 'put_channel : channel tb1, group 0, time 2015-03-21 11:29:14.520257')
('2015-03-21 11:29:17.508460', 'put_channel : channel tb1, group 1, time 2015-03-21 11:29:17.508316')
('2015-03-21 11:29:17.523843', 'put_channel : channel tb1, group 1, time 2015-03-21 11:29:17.523704')
('2015-03-21 11:29:20.520213', 'put_channel : channel tb1, group 0, time 2015-03-21 11:29:20.520068')
('2015-03-21 11:29:23.527455', 'put_channel : channel tb1, group 0, time 2015-03-21 11:29:23.527309')
('2015-03-21 11:29:26.519888', 'put_channel : channel tb1, group 0, time 2015-03-21 11:29:26.519674')
('2015-03-21 11:29:26.524744', 'put_channel : channel tb1, group 1, time 2015-03-21 11:29:26.524656')
('2015-03-21 11:29:28.509950', 'put_channel : channel tb1, group 1, time 2015-03-21 11:29:28.509840')
('2015-03-21 11:29:30.038021', 'put_channel : channel tb1, group 0, time 2015-03-21 11:29:30.037893')
('2015-03-21 11:29:31.574894', 'put_channel : channel tb1, group 0, time 2015-03-21 11:29:31.574791')
('2015-03-21 11:29:33.125948', 'put_channel : channel tb1, group 1, time 2015-03-21 11:29:33.125809')
('2015-03-21 11:29:34.087209', 'put_channel : channel tb1, group 0, time 2015-03-21 11:29:34.087108')
('2015-03-21 11:29:35.509563', 'put_channel : channel tb1, group 1, time 2015-03-21 11:29:35.509424')
('2015-03-21 11:29:36.996514', 'fd_channel : login[0] 0 login[1] 0 , tb0[0] 23 tb0[1] 14 , tb1[0] 55 tb1[1] 58')
('2015-03-21 11:29:37.000350', 'fd_channel : login[0] 0 login[1] 0 , tb0[0] 23 tb0[1] 14 , tb1[0] 55 tb1[1] 57')
('2015-03-21 11:29:37.003127', 'fd_channel : login[0] 0 login[1] 0 , tb0[0] 23 tb0[1] 14 , tb1[0] 55 tb1[1] 56')
('2015-03-21 11:29:37.006729', 'fd_channel : login[0] 0 login[1] 0 , tb0[0] 23 tb0[1] 14 , tb1[0] 55 tb1[1] 55')
('2015-03-21 11:29:37.008929', 'fd_channel : login[0] 0 login[1] 0 , tb0[0] 23 tb0[1] 14 , tb1[0] 55 tb1[1] 54')
('2015-03-21 11:29:37.011679', 'fd_channel : login[0] 0 login[1] 0 , tb0[0] 23 tb0[1] 14 , tb1[0] 55 tb1[1] 53')
('2015-03-21 11:29:37.015505', 'fd_channel : login[0] 0 login[1] 0 , tb0[0] 23 tb0[1] 14 , tb1[0] 55 tb1[1] 52')
('2015-03-21 11:29:37.020132', 'put_channel : channel tb1, group 0, time 2015-03-21 11:29:37.020037')
('2015-03-21 11:29:37.021876', 'fd_channel : login[0] 0 login[1] 0 , tb0[0] 23 tb0[1] 14 , tb1[0] 56 tb1[1] 51')
('2015-03-21 11:29:37.023210', 'put_channel : channel tb1, group 1, time 2015-03-21 11:29:37.023087')
('2015-03-21 11:29:37.510672', 'put_channel : channel tb1, group 0, time 2015-03-21 11:29:37.510553')
('2015-03-21 11:29:38.510043', 'put_channel : channel tb1, group 1, time 2015-03-21 11:29:38.509949')
('2015-03-21 11:29:38.519052', 'put_channel : channel tb1, group 0, time 2015-03-21 11:29:38.518960')
('2015-03-21 11:29:40.070305', 'put_channel : channel tb1, group 0, time 2015-03-21 11:29:40.070149')
('2015-03-21 11:29:44.008160', 'fd_channel : login[0] 0 login[1] 0 , tb0[0] 23 tb0[1] 14 , tb1[0] 59 tb1[1] 52')
('2015-03-21 11:29:47.517633', 'put_channel : channel tb1, group 0, time 2015-03-21 11:29:47.517517')
('2015-03-21 11:29:47.934071', 'put_channel : channel tb1, group 0, time 2015-03-21 11:29:47.933933')
('2015-03-21 11:29:48.006173', 'put_channel : channel tb1, group 1, time 2015-03-21 11:29:48.006122')
('2015-03-21 11:29:48.007948', 'put_channel : channel tb1, group 0, time 2015-03-21 11:29:48.007894')
('2015-03-21 11:29:48.008880', 'put_channel : channel tb1, group 0, time 2015-03-21 11:29:48.008833')
('2015-03-21 11:29:50.508286', 'put_channel : channel tb1, group 1, time 2015-03-21 11:29:50.508134')
('2015-03-21 11:29:52.509854', 'put_channel : channel tb1, group 0, time 2015-03-21 11:29:52.509718')
('2015-03-21 11:29:53.508059', 'put_channel : channel tb1, group 1, time 2015-03-21 11:29:53.507915')
('2015-03-21 11:29:54.010280', 'put_channel : channel tb1, group 0, time 2015-03-21 11:29:54.010148')
('2015-03-21 11:29:55.510643', 'put_channel : channel tb1, group 0, time 2015-03-21 11:29:55.510506')
('2015-03-21 11:29:57.009968', 'put_channel : channel tb1, group 0, time 2015-03-21 11:29:57.009830')
('2015-03-21 11:29:57.035128', 'fd_channel : login[0] 0 login[1] 0 , tb0[0] 23 tb0[1] 14 , tb1[0] 67 tb1[1] 52')
('2015-03-21 11:29:57.037793', 'fd_channel : login[0] 0 login[1] 0 , tb0[0] 23 tb0[1] 14 , tb1[0] 67 tb1[1] 51')
('2015-03-21 11:29:57.040112', 'fd_channel : login[0] 0 login[1] 0 , tb0[0] 23 tb0[1] 14 , tb1[0] 67 tb1[1] 50')
('2015-03-21 11:29:57.041035', 'put_channel : channel tb1, group 0, time 2015-03-21 11:29:57.040955')
('2015-03-21 11:29:57.044355', 'fd_channel : login[0] 0 login[1] 0 , tb0[0] 23 tb0[1] 14 , tb1[0] 68 tb1[1] 49')
('2015-03-21 11:29:57.045654', 'fd_channel : login[0] 0 login[1] 0 , tb0[0] 23 tb0[1] 14 , tb1[0] 68 tb1[1] 48')
('2015-03-21 11:29:57.047272', 'fd_channel : login[0] 0 login[1] 0 , tb0[0] 23 tb0[1] 14 , tb1[0] 68 tb1[1] 47')
('2015-03-21 11:29:57.049265', 'fd_channel : login[0] 0 login[1] 0 , tb0[0] 23 tb0[1] 14 , tb1[0] 68 tb1[1] 46')
('2015-03-21 11:29:57.052454', 'fd_channel : login[0] 0 login[1] 0 , tb0[0] 23 tb0[1] 14 , tb1[0] 68 tb1[1] 45')
('2015-03-21 11:29:57.208984', 'fd_channel : login[0] 0 login[1] 0 , tb0[0] 23 tb0[1] 14 , tb1[0] 66 tb1[1] 44')
('2015-03-21 11:29:57.217625', 'fd_channel : login[0] 0 login[1] 0 , tb0[0] 23 tb0[1] 14 , tb1[0] 57 tb1[1] 44')
('2015-03-21 11:29:58.508236', 'put_channel : channel tb1, group 1, time 2015-03-21 11:29:58.508146')
('2015-03-21 11:29:58.690333', 'fd_channel : login[0] 0 login[1] 0 , tb0[0] 23 tb0[1] 14 , tb1[0] 56 tb1[1] 45')
('2015-03-21 11:29:58.693066', 'fd_channel : login[0] 0 login[1] 0 , tb0[0] 23 tb0[1] 14 , tb1[0] 56 tb1[1] 44')
('2015-03-21 11:29:58.750239', 'fd_channel : login[0] 0 login[1] 0 , tb0[0] 23 tb0[1] 14 , tb1[0] 55 tb1[1] 44')
('2015-03-21 11:29:58.752287', 'fd_channel : login[0] 0 login[1] 0 , tb0[0] 23 tb0[1] 14 , tb1[0] 55 tb1[1] 43')
('2015-03-21 11:29:59.213167', 'fd_channel : login[0] 0 login[1] 0 , tb0[0] 23 tb0[1] 14 , tb1[0] 54 tb1[1] 43')
('2015-03-21 11:29:59.214776', 'fd_channel : login[0] 0 login[1] 0 , tb0[0] 23 tb0[1] 14 , tb1[0] 54 tb1[1] 42')
('2015-03-21 11:30:00.695969', 'fd_channel : login[0] 0 login[1] 0 , tb0[0] 23 tb0[1] 14 , tb1[0] 53 tb1[1] 42')
('2015-03-21 11:30:00.697997', 'fd_channel : login[0] 0 login[1] 0 , tb0[0] 23 tb0[1] 14 , tb1[0] 53 tb1[1] 41')
('2015-03-21 11:30:00.755269', 'fd_channel : login[0] 0 login[1] 0 , tb0[0] 23 tb0[1] 14 , tb1[0] 52 tb1[1] 41')
('2015-03-21 11:30:00.757446', 'fd_channel : login[0] 0 login[1] 0 , tb0[0] 23 tb0[1] 14 , tb1[0] 52 tb1[1] 40')
('2015-03-21 11:30:02.001487', 'worker [6] stopping')
('2015-03-21 11:30:03.390917', 'fd_channel : login[0] 0 login[1] 0 , tb0[0] 23 tb0[1] 14 , tb1[0] 52 tb1[1] 39')
('2015-03-21 11:30:04.043734', 'fd_channel : login[0] 0 login[1] 0 , tb0[0] 23 tb0[1] 14 , tb1[0] 52 tb1[1] 38')
('2015-03-21 11:30:04.049055', 'fd_channel : login[0] 0 login[1] 0 , tb0[0] 23 tb0[1] 14 , tb1[0] 52 tb1[1] 37')
('2015-03-21 11:30:04.052682', 'fd_channel : login[0] 0 login[1] 0 , tb0[0] 23 tb0[1] 14 , tb1[0] 52 tb1[1] 36')
('2015-03-21 11:30:04.053491', 'fd_channel : login[0] 0 login[1] 0 , tb0[0] 23 tb0[1] 14 , tb1[0] 52 tb1[1] 35')
('2015-03-21 11:30:07.119956', 'fd_channel : login[0] 0 login[1] 0 , tb0[0] 23 tb0[1] 14 , tb1[0] 52 tb1[1] 34')
('2015-03-21 11:30:07.125422', 'fd_channel : login[0] 0 login[1] 0 , tb0[0] 23 tb0[1] 14 , tb1[0] 52 tb1[1] 33')
('2015-03-21 11:30:09.738041', 'fd_channel : login[0] 0 login[1] 0 , tb0[0] 23 tb0[1] 14 , tb1[0] 52 tb1[1] 32')
('2015-03-21 11:30:11.051999', 'fd_channel : login[0] 0 login[1] 0 , tb0[0] 23 tb0[1] 14 , tb1[0] 52 tb1[1] 31')
('2015-03-21 11:30:11.055327', 'fd_channel : login[0] 0 login[1] 0 , tb0[0] 23 tb0[1] 14 , tb1[0] 52 tb1[1] 30')
('2015-03-21 11:30:15.114756', 'put_channel : channel tb1, group 0, time 2015-03-21 11:30:15.114660')
('2015-03-21 11:30:27.146485', 'put_channel : channel tb1, group 0, time 2015-03-21 11:30:27.146384')
('2015-03-21 11:30:31.626626', 'put_channel : channel tb1, group 1, time 2015-03-21 11:30:31.626480')
('2015-03-21 11:30:32.584933', 'put_channel : channel tb1, group 1, time 2015-03-21 11:30:32.584788')
('2015-03-21 11:30:46.596038', 'put_channel : channel tb1, group 1, time 2015-03-21 11:30:46.595892')
