('2015-03-21 09:55:28.321131', 'worker [8] started')
('2015-03-21 09:55:28.321266', 'client 8 initted')
('2015-03-21 09:55:28.509026', 'put_channel : channel login, group 1, time 2015-03-21 09:55:28.508925')
('2015-03-21 09:55:28.510683', 'put_channel : channel login, group 0, time 2015-03-21 09:55:28.510595')
('2015-03-21 09:55:28.517380', 'fd_channel : login[0] 1 login[1] 0 , tb0[0] 0 tb0[1] 0 , tb1[0] 0 tb1[1] 0')
('2015-03-21 09:55:28.615532', 'fd_channel : login[0] 0 login[1] 0 , tb0[0] 0 tb0[1] 0 , tb1[0] 0 tb1[1] 0')
('2015-03-21 09:55:30.011050', 'put_channel : channel login, group 1, time 2015-03-21 09:55:30.010916')
('2015-03-21 09:55:30.011952', 'fd_channel : login[0] 0 login[1] 0 , tb0[0] 0 tb0[1] 0 , tb1[0] 0 tb1[1] 0')
('2015-03-21 09:55:30.013319', 'put_channel : channel login, group 0, time 2015-03-21 09:55:30.013238')
('2015-03-21 09:55:30.118252', 'fd_channel : login[0] 0 login[1] 0 , tb0[0] 0 tb0[1] 0 , tb1[0] 0 tb1[1] 0')
('2015-03-21 09:55:31.508580', 'put_channel : channel login, group 1, time 2015-03-21 09:55:31.508436')
('2015-03-21 09:55:31.509477', 'fd_channel : login[0] 0 login[1] 0 , tb0[0] 0 tb0[1] 0 , tb1[0] 0 tb1[1] 0')
('2015-03-21 09:55:31.510928', 'put_channel : channel login, group 0, time 2015-03-21 09:55:31.510833')
('2015-03-21 09:55:31.621704', 'fd_channel : login[0] 0 login[1] 0 , tb0[0] 0 tb0[1] 0 , tb1[0] 0 tb1[1] 0')
('2015-03-21 09:55:33.010721', 'put_channel : channel login, group 1, time 2015-03-21 09:55:33.010588')
('2015-03-21 09:55:33.011121', 'put_channel : channel login, group 0, time 2015-03-21 09:55:33.011004')
('2015-03-21 09:55:33.011915', 'fd_channel : login[0] 1 login[1] 0 , tb0[0] 0 tb0[1] 0 , tb1[0] 0 tb1[1] 0')
('2015-03-21 09:55:33.124611', 'fd_channel : login[0] 0 login[1] 0 , tb0[0] 0 tb0[1] 0 , tb1[0] 0 tb1[1] 0')
('2015-03-21 10:32:31.510659', 'put_channel : channel tb0, group 0, time 2015-03-21 10:32:31.509566')
('2015-03-21 10:32:31.511284', 'put_channel : channel tb0, group 1, time 2015-03-21 10:32:31.511195')
('2015-03-21 10:32:33.008893', 'put_channel : channel tb0, group 1, time 2015-03-21 10:32:33.008723')
('2015-03-21 10:32:33.010333', 'put_channel : channel tb0, group 0, time 2015-03-21 10:32:33.010241')
('2015-03-21 10:32:34.510238', 'put_channel : channel tb0, group 1, time 2015-03-21 10:32:34.510105')
('2015-03-21 10:32:34.511462', 'put_channel : channel tb0, group 0, time 2015-03-21 10:32:34.511372')
('2015-03-21 10:32:36.011032', 'put_channel : channel tb0, group 0, time 2015-03-21 10:32:36.010882')
('2015-03-21 10:32:36.011730', 'put_channel : channel tb0, group 1, time 2015-03-21 10:32:36.011641')
('2015-03-21 10:32:37.508632', 'put_channel : channel tb0, group 1, time 2015-03-21 10:32:37.508497')
('2015-03-21 10:32:37.509839', 'put_channel : channel tb0, group 0, time 2015-03-21 10:32:37.509756')
('2015-03-21 10:32:39.008618', 'put_channel : channel tb0, group 1, time 2015-03-21 10:32:39.008495')
('2015-03-21 10:32:39.010428', 'put_channel : channel tb0, group 0, time 2015-03-21 10:32:39.010306')
('2015-03-21 10:32:40.510441', 'put_channel : channel tb0, group 1, time 2015-03-21 10:32:40.510258')
('2015-03-21 10:32:40.510802', 'put_channel : channel tb0, group 0, time 2015-03-21 10:32:40.510710')
('2015-03-21 10:32:42.011242', 'put_channel : channel tb0, group 1, time 2015-03-21 10:32:42.011093')
('2015-03-21 10:32:42.011922', 'put_channel : channel tb0, group 0, time 2015-03-21 10:32:42.011842')
('2015-03-21 10:32:43.510642', 'put_channel : channel tb0, group 1, time 2015-03-21 10:32:43.510509')
('2015-03-21 10:32:43.511360', 'put_channel : channel tb0, group 0, time 2015-03-21 10:32:43.511261')
('2015-03-21 10:32:45.009818', 'put_channel : channel tb0, group 0, time 2015-03-21 10:32:45.009685')
('2015-03-21 10:32:45.010558', 'put_channel : channel tb0, group 1, time 2015-03-21 10:32:45.010304')
('2015-03-21 10:32:46.508887', 'put_channel : channel tb0, group 1, time 2015-03-21 10:32:46.508752')
('2015-03-21 10:32:46.511727', 'put_channel : channel tb0, group 0, time 2015-03-21 10:32:46.511627')
('2015-03-21 10:32:48.008623', 'put_channel : channel tb0, group 1, time 2015-03-21 10:32:48.008489')
('2015-03-21 10:32:48.012757', 'put_channel : channel tb0, group 0, time 2015-03-21 10:32:48.012654')
('2015-03-21 10:32:49.510501', 'put_channel : channel tb0, group 1, time 2015-03-21 10:32:49.510328')
('2015-03-21 10:32:49.512372', 'put_channel : channel tb0, group 0, time 2015-03-21 10:32:49.512289')
('2015-03-21 10:32:51.008375', 'put_channel : channel tb0, group 1, time 2015-03-21 10:32:51.008240')
('2015-03-21 10:32:51.010216', 'put_channel : channel tb0, group 0, time 2015-03-21 10:32:51.010123')
('2015-03-21 10:32:52.508779', 'put_channel : channel tb0, group 1, time 2015-03-21 10:32:52.508651')
('2015-03-21 10:32:52.510862', 'put_channel : channel tb0, group 0, time 2015-03-21 10:32:52.510771')
('2015-03-21 10:32:54.008365', 'put_channel : channel tb0, group 1, time 2015-03-21 10:32:54.008216')
('2015-03-21 10:32:54.010312', 'put_channel : channel tb0, group 0, time 2015-03-21 10:32:54.010231')
('2015-03-21 10:32:55.508820', 'put_channel : channel tb0, group 1, time 2015-03-21 10:32:55.508684')
('2015-03-21 10:32:55.510660', 'put_channel : channel tb0, group 0, time 2015-03-21 10:32:55.510544')
('2015-03-21 10:32:57.008522', 'put_channel : channel tb0, group 1, time 2015-03-21 10:32:57.008389')
('2015-03-21 10:32:57.011606', 'put_channel : channel tb0, group 0, time 2015-03-21 10:32:57.011517')
('2015-03-21 10:32:58.509080', 'put_channel : channel tb0, group 1, time 2015-03-21 10:32:58.508948')
('2015-03-21 10:32:58.510899', 'put_channel : channel tb0, group 0, time 2015-03-21 10:32:58.510809')
('2015-03-21 10:33:00.010825', 'put_channel : channel tb0, group 1, time 2015-03-21 10:33:00.010644')
('2015-03-21 10:33:00.011483', 'put_channel : channel tb0, group 0, time 2015-03-21 10:33:00.011403')
('2015-03-21 10:33:01.508142', 'put_channel : channel tb0, group 1, time 2015-03-21 10:33:01.508010')
('2015-03-21 10:33:03.010790', 'put_channel : channel tb0, group 0, time 2015-03-21 10:33:03.010658')
('2015-03-21 10:33:03.011313', 'put_channel : channel tb0, group 1, time 2015-03-21 10:33:03.011235')
('2015-03-21 10:33:04.510631', 'put_channel : channel tb0, group 1, time 2015-03-21 10:33:04.510446')
('2015-03-21 10:33:04.510988', 'put_channel : channel tb0, group 0, time 2015-03-21 10:33:04.510896')
('2015-03-21 10:33:04.512383', 'put_channel : channel tb0, group 0, time 2015-03-21 10:33:04.512302')
('2015-03-21 10:33:06.008558', 'put_channel : channel tb0, group 1, time 2015-03-21 10:33:06.008423')
('2015-03-21 10:33:06.012524', 'put_channel : channel tb0, group 0, time 2015-03-21 10:33:06.012438')
('2015-03-21 10:33:07.509818', 'put_channel : channel tb0, group 1, time 2015-03-21 10:33:07.509688')
('2015-03-21 10:33:07.510545', 'put_channel : channel tb0, group 0, time 2015-03-21 10:33:07.510349')
('2015-03-21 10:33:09.011347', 'put_channel : channel tb0, group 0, time 2015-03-21 10:33:09.011226')
('2015-03-21 10:33:09.012006', 'put_channel : channel tb0, group 1, time 2015-03-21 10:33:09.011924')
('2015-03-21 10:33:10.510568', 'put_channel : channel tb0, group 0, time 2015-03-21 10:33:10.510433')
('2015-03-21 10:33:10.511169', 'put_channel : channel tb0, group 1, time 2015-03-21 10:33:10.511080')
('2015-03-21 10:33:12.010451', 'put_channel : channel tb0, group 0, time 2015-03-21 10:33:12.010266')
('2015-03-21 10:33:12.011071', 'put_channel : channel tb0, group 1, time 2015-03-21 10:33:12.010982')
('2015-03-21 10:33:13.508235', 'put_channel : channel tb0, group 1, time 2015-03-21 10:33:13.508100')
('2015-03-21 10:33:13.512254', 'put_channel : channel tb0, group 0, time 2015-03-21 10:33:13.512168')
('2015-03-21 10:33:15.009386', 'put_channel : channel tb0, group 0, time 2015-03-21 10:33:15.009253')
('2015-03-21 10:33:15.010315', 'put_channel : channel tb0, group 1, time 2015-03-21 10:33:15.010140')
('2015-03-21 10:33:23.508366', 'put_channel : channel tb0, group 0, time 2015-03-21 10:33:23.508174')
('2015-03-21 10:33:23.520099', 'put_channel : channel tb0, group 0, time 2015-03-21 10:33:23.520011')
('2015-03-21 10:33:25.006746', 'put_channel : channel tb0, group 1, time 2015-03-21 10:33:25.006600')
('2015-03-21 10:33:25.508503', 'put_channel : channel tb0, group 1, time 2015-03-21 10:33:25.508377')
('2015-03-21 10:33:26.508696', 'put_channel : channel tb0, group 0, time 2015-03-21 10:33:26.508571')
('2015-03-21 10:33:26.520300', 'put_channel : channel tb0, group 0, time 2015-03-21 10:33:26.520213')
('2015-03-21 10:33:27.008427', 'put_channel : channel tb0, group 1, time 2015-03-21 10:33:27.008293')
('2015-03-21 10:33:28.508634', 'put_channel : channel tb0, group 1, time 2015-03-21 10:33:28.508500')
('2015-03-21 10:33:30.009745', 'put_channel : channel tb0, group 0, time 2015-03-21 10:33:30.009624')
('2015-03-21 10:33:30.010107', 'put_channel : channel tb0, group 1, time 2015-03-21 10:33:30.010013')
('2015-03-21 10:33:30.014025', 'put_channel : channel tb0, group 0, time 2015-03-21 10:33:30.013938')
('2015-03-21 10:33:31.018213', 'put_channel : channel tb0, group 0, time 2015-03-21 10:33:31.018061')
('2015-03-21 10:33:31.510252', 'put_channel : channel tb0, group 1, time 2015-03-21 10:33:31.510119')
('2015-03-21 10:33:33.008489', 'put_channel : channel tb0, group 1, time 2015-03-21 10:33:33.008350')
('2015-03-21 10:33:34.008797', 'put_channel : channel tb0, group 0, time 2015-03-21 10:33:34.008655')
('2015-03-21 10:33:34.508812', 'put_channel : channel tb0, group 1, time 2015-03-21 10:33:34.508675')
('2015-03-21 10:33:36.008727', 'put_channel : channel tb0, group 1, time 2015-03-21 10:33:36.008592')
('2015-03-21 10:33:37.010140', 'put_channel : channel tb0, group 0, time 2015-03-21 10:33:37.009997')
('2015-03-21 10:33:37.508372', 'put_channel : channel tb0, group 1, time 2015-03-21 10:33:37.508243')
('2015-03-21 10:33:37.510179', 'put_channel : channel tb0, group 0, time 2015-03-21 10:33:37.510095')
('2015-03-21 10:33:37.572655', 'put_channel : channel tb0, group 0, time 2015-03-21 10:33:37.572559')
('2015-03-21 10:33:38.522317', 'put_channel : channel tb0, group 0, time 2015-03-21 10:33:38.522173')
('2015-03-21 10:33:39.008564', 'put_channel : channel tb0, group 1, time 2015-03-21 10:33:39.008369')
('2015-03-21 10:33:40.509064', 'put_channel : channel tb0, group 1, time 2015-03-21 10:33:40.508928')
('2015-03-21 10:33:42.010211', 'put_channel : channel tb0, group 1, time 2015-03-21 10:33:42.010057')
('2015-03-21 10:33:42.012003', 'put_channel : channel tb0, group 0, time 2015-03-21 10:33:42.011914')
('2015-03-21 10:33:42.015234', 'put_channel : channel tb0, group 0, time 2015-03-21 10:33:42.015146')
('2015-03-21 10:33:43.508696', 'put_channel : channel tb0, group 1, time 2015-03-21 10:33:43.508559')
('2015-03-21 10:33:45.009877', 'put_channel : channel tb0, group 1, time 2015-03-21 10:33:45.009741')
('2015-03-21 10:33:46.507848', 'put_channel : channel tb0, group 1, time 2015-03-21 10:33:46.507747')
('2015-03-21 10:33:47.509079', 'put_channel : channel tb0, group 0, time 2015-03-21 10:33:47.508908')
('2015-03-21 10:33:47.520303', 'put_channel : channel tb0, group 0, time 2015-03-21 10:33:47.520208')
('2015-03-21 10:33:48.008278', 'put_channel : channel tb0, group 1, time 2015-03-21 10:33:48.008178')
('2015-03-21 10:33:49.508161', 'put_channel : channel tb0, group 1, time 2015-03-21 10:33:49.508026')
('2015-03-21 10:33:51.008020', 'put_channel : channel tb0, group 1, time 2015-03-21 10:33:51.007882')
('2015-03-21 10:33:52.508862', 'put_channel : channel tb0, group 1, time 2015-03-21 10:33:52.508729')
('2015-03-21 10:33:54.008526', 'put_channel : channel tb0, group 1, time 2015-03-21 10:33:54.008389')
('2015-03-21 10:33:55.509772', 'put_channel : channel tb0, group 1, time 2015-03-21 10:33:55.509637')
('2015-03-21 10:33:57.008832', 'put_channel : channel tb0, group 1, time 2015-03-21 10:33:57.008667')
('2015-03-21 10:33:58.509932', 'put_channel : channel tb0, group 1, time 2015-03-21 10:33:58.509792')
('2015-03-21 10:34:00.008436', 'put_channel : channel tb0, group 1, time 2015-03-21 10:34:00.008298')
('2015-03-21 10:34:01.508406', 'put_channel : channel tb0, group 1, time 2015-03-21 10:34:01.508270')
('2015-03-21 10:34:01.818340', 'fd_channel : login[0] 0 login[1] 0 , tb0[0] 46 tb0[1] 55 , tb1[0] 0 tb1[1] 0')
('2015-03-21 10:34:01.821121', 'fd_channel : login[0] 0 login[1] 0 , tb0[0] 46 tb0[1] 54 , tb1[0] 0 tb1[1] 0')
('2015-03-21 10:34:01.823210', 'fd_channel : login[0] 0 login[1] 0 , tb0[0] 46 tb0[1] 53 , tb1[0] 0 tb1[1] 0')
('2015-03-21 10:34:01.825044', 'fd_channel : login[0] 0 login[1] 0 , tb0[0] 46 tb0[1] 52 , tb1[0] 0 tb1[1] 0')
('2015-03-21 10:34:01.827794', 'fd_channel : login[0] 0 login[1] 0 , tb0[0] 46 tb0[1] 51 , tb1[0] 0 tb1[1] 0')
('2015-03-21 10:34:01.829601', 'fd_channel : login[0] 0 login[1] 0 , tb0[0] 46 tb0[1] 50 , tb1[0] 0 tb1[1] 0')
('2015-03-21 10:34:01.831923', 'fd_channel : login[0] 0 login[1] 0 , tb0[0] 46 tb0[1] 49 , tb1[0] 0 tb1[1] 0')
('2015-03-21 10:34:01.833378', 'fd_channel : login[0] 0 login[1] 0 , tb0[0] 46 tb0[1] 48 , tb1[0] 0 tb1[1] 0')
('2015-03-21 10:34:03.008634', 'put_channel : channel tb0, group 1, time 2015-03-21 10:34:03.008498')
('2015-03-21 10:34:03.631063', 'fd_channel : login[0] 0 login[1] 0 , tb0[0] 46 tb0[1] 48 , tb1[0] 0 tb1[1] 0')
('2015-03-21 10:34:03.632827', 'fd_channel : login[0] 0 login[1] 0 , tb0[0] 46 tb0[1] 47 , tb1[0] 0 tb1[1] 0')
('2015-03-21 10:34:04.509101', 'put_channel : channel tb0, group 1, time 2015-03-21 10:34:04.508966')
('2015-03-21 10:34:05.508775', 'put_channel : channel tb0, group 0, time 2015-03-21 10:34:05.508630')
('2015-03-21 10:34:05.521663', 'put_channel : channel tb0, group 0, time 2015-03-21 10:34:05.521575')
('2015-03-21 10:34:06.008830', 'put_channel : channel tb0, group 1, time 2015-03-21 10:34:06.008697')
('2015-03-21 10:34:06.010555', 'put_channel : channel tb0, group 0, time 2015-03-21 10:34:06.010460')
('2015-03-21 10:34:06.013202', 'put_channel : channel tb0, group 0, time 2015-03-21 10:34:06.013112')
('2015-03-21 10:34:06.041835', 'put_channel : channel tb0, group 0, time 2015-03-21 10:34:06.041745')
('2015-03-21 10:34:06.635917', 'fd_channel : login[0] 0 login[1] 0 , tb0[0] 51 tb0[1] 48 , tb1[0] 0 tb1[1] 0')
('2015-03-21 10:34:06.638005', 'fd_channel : login[0] 0 login[1] 0 , tb0[0] 51 tb0[1] 47 , tb1[0] 0 tb1[1] 0')
('2015-03-21 10:34:06.941410', 'fd_channel : login[0] 0 login[1] 0 , tb0[0] 51 tb0[1] 46 , tb1[0] 0 tb1[1] 0')
('2015-03-21 10:34:07.018485', 'put_channel : channel tb0, group 0, time 2015-03-21 10:34:07.018351')
('2015-03-21 10:34:07.508667', 'put_channel : channel tb0, group 1, time 2015-03-21 10:34:07.508539')
('2015-03-21 10:34:07.511007', 'put_channel : channel tb0, group 0, time 2015-03-21 10:34:07.510924')
('2015-03-21 10:34:07.528473', 'put_channel : channel tb0, group 0, time 2015-03-21 10:34:07.528385')
('2015-03-21 10:34:07.857075', 'fd_channel : login[0] 0 login[1] 0 , tb0[0] 54 tb0[1] 46 , tb1[0] 0 tb1[1] 0')
('2015-03-21 10:34:08.520859', 'put_channel : channel tb0, group 0, time 2015-03-21 10:34:08.520716')
('2015-03-21 10:34:08.523778', 'fd_channel : login[0] 0 login[1] 0 , tb0[0] 54 tb0[1] 46 , tb1[0] 0 tb1[1] 0')
('2015-03-21 10:34:08.526436', 'fd_channel : login[0] 0 login[1] 0 , tb0[0] 54 tb0[1] 45 , tb1[0] 0 tb1[1] 0')
('2015-03-21 10:34:09.010015', 'put_channel : channel tb0, group 0, time 2015-03-21 10:34:09.009869')
('2015-03-21 10:34:09.034287', 'put_channel : channel tb0, group 0, time 2015-03-21 10:34:09.034199')
('2015-03-21 10:34:09.442233', 'fd_channel : login[0] 0 login[1] 0 , tb0[0] 55 tb0[1] 45 , tb1[0] 0 tb1[1] 0')
('2015-03-21 10:34:09.476785', 'put_channel : channel tb0, group 0, time 2015-03-21 10:34:09.476689')
('2015-03-21 10:34:10.509496', 'put_channel : channel tb0, group 0, time 2015-03-21 10:34:10.509357')
('2015-03-21 10:34:10.614971', 'fd_channel : login[0] 0 login[1] 0 , tb0[0] 56 tb0[1] 45 , tb1[0] 0 tb1[1] 0')
('2015-03-21 10:34:10.617409', 'fd_channel : login[0] 0 login[1] 0 , tb0[0] 56 tb0[1] 44 , tb1[0] 0 tb1[1] 0')
('2015-03-21 10:34:12.620095', 'fd_channel : login[0] 0 login[1] 0 , tb0[0] 55 tb0[1] 44 , tb1[0] 0 tb1[1] 0')
('2015-03-21 10:34:12.622458', 'fd_channel : login[0] 0 login[1] 0 , tb0[0] 55 tb0[1] 43 , tb1[0] 0 tb1[1] 0')
('2015-03-21 10:34:18.012596', 'put_channel : channel tb0, group 0, time 2015-03-21 10:34:18.012460')
('2015-03-21 10:34:18.015527', 'put_channel : channel tb0, group 0, time 2015-03-21 10:34:18.015443')
('2015-03-21 10:34:19.016393', 'put_channel : channel tb0, group 0, time 2015-03-21 10:34:19.016271')
('2015-03-21 10:34:28.512583', 'put_channel : channel tb0, group 0, time 2015-03-21 10:34:28.512404')
('2015-03-21 10:34:28.516658', 'put_channel : channel tb0, group 0, time 2015-03-21 10:34:28.516569')
('2015-03-21 10:34:28.536283', 'put_channel : channel tb0, group 0, time 2015-03-21 10:34:28.536190')
('2015-03-21 10:34:29.520420', 'put_channel : channel tb0, group 0, time 2015-03-21 10:34:29.520276')
('2015-03-21 10:34:30.012049', 'put_channel : channel tb0, group 0, time 2015-03-21 10:34:30.011921')
('2015-03-21 10:34:30.012521', 'put_channel : channel tb0, group 0, time 2015-03-21 10:34:30.012445')
('2015-03-21 10:34:31.016858', 'put_channel : channel tb0, group 0, time 2015-03-21 10:34:31.016715')
('2015-03-21 10:34:31.316213', 'fd_channel : login[0] 0 login[1] 0 , tb0[0] 64 tb0[1] 43 , tb1[0] 0 tb1[1] 0')
('2015-03-21 10:34:31.318197', 'fd_channel : login[0] 0 login[1] 0 , tb0[0] 64 tb0[1] 42 , tb1[0] 0 tb1[1] 0')
('2015-03-21 10:34:31.510911', 'put_channel : channel tb0, group 0, time 2015-03-21 10:34:31.510816')
('2015-03-21 10:34:31.831588', 'fd_channel : login[0] 0 login[1] 0 , tb0[0] 65 tb0[1] 41 , tb1[0] 0 tb1[1] 0')
('2015-03-21 10:34:31.834303', 'fd_channel : login[0] 0 login[1] 0 , tb0[0] 65 tb0[1] 40 , tb1[0] 0 tb1[1] 0')
('2015-03-21 10:34:31.836565', 'fd_channel : login[0] 0 login[1] 0 , tb0[0] 65 tb0[1] 39 , tb1[0] 0 tb1[1] 0')
('2015-03-21 10:34:36.638864', 'fd_channel : login[0] 0 login[1] 0 , tb0[0] 65 tb0[1] 38 , tb1[0] 0 tb1[1] 0')
('2015-03-21 10:34:36.641481', 'fd_channel : login[0] 0 login[1] 0 , tb0[0] 65 tb0[1] 37 , tb1[0] 0 tb1[1] 0')
('2015-03-21 10:34:37.507859', 'put_channel : channel tb0, group 1, time 2015-03-21 10:34:37.507739')
('2015-03-21 10:34:37.510475', 'put_channel : channel tb0, group 1, time 2015-03-21 10:34:37.510333')
('2015-03-21 10:34:37.542086', 'put_channel : channel tb0, group 1, time 2015-03-21 10:34:37.541997')
('2015-03-21 10:34:38.518609', 'put_channel : channel tb0, group 1, time 2015-03-21 10:34:38.518484')
('2015-03-21 10:34:39.008582', 'put_channel : channel tb0, group 1, time 2015-03-21 10:34:39.008449')
('2015-03-21 10:34:40.022773', 'put_channel : channel tb0, group 1, time 2015-03-21 10:34:40.022629')
('2015-03-21 10:34:40.509623', 'put_channel : channel tb0, group 1, time 2015-03-21 10:34:40.509489')
('2015-03-21 10:34:42.008242', 'put_channel : channel tb0, group 1, time 2015-03-21 10:34:42.008107')
('2015-03-21 10:34:43.510233', 'put_channel : channel tb0, group 1, time 2015-03-21 10:34:43.510096')
('2015-03-21 10:34:45.009494', 'put_channel : channel tb0, group 1, time 2015-03-21 10:34:45.009358')
('2015-03-21 10:34:45.943552', 'fd_channel : login[0] 0 login[1] 0 , tb0[0] 63 tb0[1] 46 , tb1[0] 0 tb1[1] 0')
('2015-03-21 10:34:45.950457', 'fd_channel : login[0] 0 login[1] 0 , tb0[0] 56 tb0[1] 46 , tb1[0] 0 tb1[1] 0')
('2015-03-21 10:34:46.506593', 'put_channel : channel tb0, group 1, time 2015-03-21 10:34:46.506490')
('2015-03-21 10:34:46.751435', 'fd_channel : login[0] 0 login[1] 0 , tb0[0] 55 tb0[1] 47 , tb1[0] 0 tb1[1] 0')
('2015-03-21 10:34:46.752569', 'fd_channel : login[0] 0 login[1] 0 , tb0[0] 55 tb0[1] 46 , tb1[0] 0 tb1[1] 0')
('2015-03-21 10:34:47.945913', 'fd_channel : login[0] 0 login[1] 0 , tb0[0] 54 tb0[1] 46 , tb1[0] 0 tb1[1] 0')
('2015-03-21 10:34:47.947174', 'fd_channel : login[0] 0 login[1] 0 , tb0[0] 54 tb0[1] 45 , tb1[0] 0 tb1[1] 0')
('2015-03-21 10:34:48.005785', 'put_channel : channel tb0, group 1, time 2015-03-21 10:34:48.005730')
('2015-03-21 10:34:48.011440', 'put_channel : channel tb0, group 0, time 2015-03-21 10:34:48.011389')
('2015-03-21 10:34:48.039554', 'put_channel : channel tb0, group 0, time 2015-03-21 10:34:48.039501')
('2015-03-21 10:34:48.136190', 'put_channel : channel tb0, group 0, time 2015-03-21 10:34:48.136078')
('2015-03-21 10:34:48.484850', 'fd_channel : login[0] 0 login[1] 0 , tb0[0] 57 tb0[1] 45 , tb1[0] 0 tb1[1] 0')
('2015-03-21 10:34:48.754842', 'fd_channel : login[0] 0 login[1] 0 , tb0[0] 56 tb0[1] 45 , tb1[0] 0 tb1[1] 0')
('2015-03-21 10:34:48.756661', 'fd_channel : login[0] 0 login[1] 0 , tb0[0] 56 tb0[1] 44 , tb1[0] 0 tb1[1] 0')
('2015-03-21 10:34:49.008440', 'put_channel : channel tb0, group 0, time 2015-03-21 10:34:49.008335')
('2015-03-21 10:34:49.018083', 'put_channel : channel tb0, group 0, time 2015-03-21 10:34:49.017992')
('2015-03-21 10:34:49.062516', 'put_channel : channel tb0, group 1, time 2015-03-21 10:34:49.062424')
('2015-03-21 10:34:49.507853', 'put_channel : channel tb0, group 1, time 2015-03-21 10:34:49.507725')
('2015-03-21 10:34:50.566646', 'put_channel : channel tb0, group 1, time 2015-03-21 10:34:50.566498')
('2015-03-21 10:34:51.008256', 'put_channel : channel tb0, group 1, time 2015-03-21 10:34:51.008128')
('2015-03-21 10:34:52.509675', 'put_channel : channel tb0, group 1, time 2015-03-21 10:34:52.509540')
('2015-03-21 10:34:54.010102', 'put_channel : channel tb0, group 1, time 2015-03-21 10:34:54.009965')
('2015-03-21 10:34:55.508382', 'put_channel : channel tb0, group 1, time 2015-03-21 10:34:55.508243')
('2015-03-21 10:34:57.008646', 'put_channel : channel tb0, group 1, time 2015-03-21 10:34:57.008508')
('2015-03-21 10:34:58.089289', 'fd_channel : login[0] 0 login[1] 0 , tb0[0] 58 tb0[1] 51 , tb1[0] 0 tb1[1] 0')
('2015-03-21 10:34:58.508719', 'put_channel : channel tb0, group 1, time 2015-03-21 10:34:58.508588')
('2015-03-21 10:34:59.821494', 'fd_channel : login[0] 0 login[1] 0 , tb0[0] 58 tb0[1] 51 , tb1[0] 0 tb1[1] 0')
('2015-03-21 10:35:00.008275', 'put_channel : channel tb0, group 1, time 2015-03-21 10:35:00.008169')
('2015-03-21 10:35:01.506850', 'put_channel : channel tb0, group 1, time 2015-03-21 10:35:01.506750')
('2015-03-21 10:35:01.839553', 'fd_channel : login[0] 0 login[1] 0 , tb0[0] 58 tb0[1] 52 , tb1[0] 0 tb1[1] 0')
('2015-03-21 10:35:02.824487', 'fd_channel : login[0] 0 login[1] 0 , tb0[0] 58 tb0[1] 51 , tb1[0] 0 tb1[1] 0')
('2015-03-21 10:35:03.008539', 'put_channel : channel tb0, group 1, time 2015-03-21 10:35:03.008431')
('2015-03-21 10:35:04.508971', 'put_channel : channel tb0, group 1, time 2015-03-21 10:35:04.508836')
('2015-03-21 10:35:04.512323', 'put_channel : channel tb0, group 0, time 2015-03-21 10:35:04.512230')
('2015-03-21 10:35:04.513728', 'put_channel : channel tb0, group 0, time 2015-03-21 10:35:04.513641')
('2015-03-21 10:35:05.520666', 'put_channel : channel tb0, group 0, time 2015-03-21 10:35:05.520506')
('2015-03-21 10:35:05.577922', 'put_channel : channel tb0, group 0, time 2015-03-21 10:35:05.577831')
('2015-03-21 10:35:06.010059', 'put_channel : channel tb0, group 1, time 2015-03-21 10:35:06.009925')
('2015-03-21 10:35:06.011043', 'put_channel : channel tb0, group 0, time 2015-03-21 10:35:06.010957')
('2015-03-21 10:35:06.012548', 'put_channel : channel tb0, group 0, time 2015-03-21 10:35:06.012455')
('2015-03-21 10:35:06.040581', 'put_channel : channel tb0, group 0, time 2015-03-21 10:35:06.040491')
('2015-03-21 10:35:06.642320', 'fd_channel : login[0] 0 login[1] 0 , tb0[0] 65 tb0[1] 53 , tb1[0] 0 tb1[1] 0')
('2015-03-21 10:35:07.016915', 'put_channel : channel tb0, group 0, time 2015-03-21 10:35:07.016775')
('2015-03-21 10:35:07.080523', 'put_channel : channel tb0, group 0, time 2015-03-21 10:35:07.080427')
('2015-03-21 10:35:07.508519', 'put_channel : channel tb0, group 1, time 2015-03-21 10:35:07.508403')
('2015-03-21 10:35:07.509372', 'put_channel : channel tb0, group 0, time 2015-03-21 10:35:07.509239')
('2015-03-21 10:35:07.529878', 'put_channel : channel tb0, group 0, time 2015-03-21 10:35:07.529790')
('2015-03-21 10:35:08.552827', 'put_channel : channel tb0, group 0, time 2015-03-21 10:35:08.552654')
('2015-03-21 10:35:09.011398', 'put_channel : channel tb0, group 1, time 2015-03-21 10:35:09.011272')
('2015-03-21 10:35:09.011785', 'put_channel : channel tb0, group 0, time 2015-03-21 10:35:09.011649')
('2015-03-21 10:35:09.033758', 'put_channel : channel tb0, group 0, time 2015-03-21 10:35:09.033670')
('2015-03-21 10:35:10.088484', 'put_channel : channel tb0, group 0, time 2015-03-21 10:35:10.088340')
('2015-03-21 10:35:10.508614', 'put_channel : channel tb0, group 1, time 2015-03-21 10:35:10.508524')
('2015-03-21 10:35:10.508868', 'put_channel : channel tb0, group 0, time 2015-03-21 10:35:10.508776')
('2015-03-21 10:35:12.008497', 'put_channel : channel tb0, group 1, time 2015-03-21 10:35:12.008395')
('2015-03-21 10:35:18.402310', 'fd_channel : login[0] 0 login[1] 0 , tb0[0] 73 tb0[1] 56 , tb1[0] 0 tb1[1] 0')
('2015-03-21 10:35:18.414974', 'fd_channel : login[0] 0 login[1] 0 , tb0[0] 60 tb0[1] 56 , tb1[0] 0 tb1[1] 0')
('2015-03-21 10:35:20.406880', 'fd_channel : login[0] 0 login[1] 0 , tb0[0] 59 tb0[1] 55 , tb1[0] 0 tb1[1] 0')
('2015-03-21 10:35:20.408385', 'fd_channel : login[0] 0 login[1] 0 , tb0[0] 58 tb0[1] 55 , tb1[0] 0 tb1[1] 0')
('2015-03-21 10:35:20.760683', 'fd_channel : login[0] 0 login[1] 0 , tb0[0] 58 tb0[1] 54 , tb1[0] 0 tb1[1] 0')
('2015-03-21 10:35:26.259829', 'fd_channel : login[0] 0 login[1] 0 , tb0[0] 56 tb0[1] 53 , tb1[0] 0 tb1[1] 0')
('2015-03-21 10:35:26.262256', 'fd_channel : login[0] 0 login[1] 0 , tb0[0] 54 tb0[1] 53 , tb1[0] 0 tb1[1] 0')
('2015-03-21 10:35:27.299165', 'fd_channel : login[0] 0 login[1] 0 , tb0[0] 53 tb0[1] 53 , tb1[0] 0 tb1[1] 0')
('2015-03-21 10:35:27.302168', 'fd_channel : login[0] 0 login[1] 0 , tb0[0] 53 tb0[1] 52 , tb1[0] 0 tb1[1] 0')
('2015-03-21 10:35:28.262945', 'fd_channel : login[0] 0 login[1] 0 , tb0[0] 52 tb0[1] 52 , tb1[0] 0 tb1[1] 0')
('2015-03-21 10:35:28.265017', 'fd_channel : login[0] 0 login[1] 0 , tb0[0] 52 tb0[1] 51 , tb1[0] 0 tb1[1] 0')
('2015-03-21 10:35:29.305959', 'fd_channel : login[0] 0 login[1] 0 , tb0[0] 51 tb0[1] 51 , tb1[0] 0 tb1[1] 0')
('2015-03-21 10:35:29.308747', 'fd_channel : login[0] 0 login[1] 0 , tb0[0] 51 tb0[1] 50 , tb1[0] 0 tb1[1] 0')
('2015-03-21 10:35:29.506621', 'put_channel : channel tb0, group 1, time 2015-03-21 10:35:29.506500')
('2015-03-21 10:35:29.518472', 'put_channel : channel tb0, group 1, time 2015-03-21 10:35:29.518332')
('2015-03-21 10:35:30.008220', 'put_channel : channel tb0, group 1, time 2015-03-21 10:35:30.008116')
('2015-03-21 10:35:30.012433', 'put_channel : channel tb0, group 1, time 2015-03-21 10:35:30.012345')
('2015-03-21 10:35:30.038437', 'put_channel : channel tb0, group 1, time 2015-03-21 10:35:30.038304')
('2015-03-21 10:35:31.016331', 'put_channel : channel tb0, group 1, time 2015-03-21 10:35:31.016189')
('2015-03-21 10:35:31.509378', 'put_channel : channel tb0, group 1, time 2015-03-21 10:35:31.509239')
('2015-03-21 10:35:37.008572', 'put_channel : channel tb0, group 0, time 2015-03-21 10:35:37.008427')
('2015-03-21 10:35:37.016009', 'put_channel : channel tb0, group 0, time 2015-03-21 10:35:37.015920')
('2015-03-21 10:35:37.512939', 'put_channel : channel tb0, group 0, time 2015-03-21 10:35:37.512801')
('2015-03-21 10:35:37.513542', 'put_channel : channel tb0, group 0, time 2015-03-21 10:35:37.513452')
('2015-03-21 10:35:37.544270', 'put_channel : channel tb0, group 0, time 2015-03-21 10:35:37.544180')
('2015-03-21 10:35:38.412742', 'fd_channel : login[0] 0 login[1] 0 , tb0[0] 51 tb0[1] 57 , tb1[0] 0 tb1[1] 0')
('2015-03-21 10:35:38.520424', 'put_channel : channel tb0, group 0, time 2015-03-21 10:35:38.520334')
('2015-03-21 10:35:39.010301', 'put_channel : channel tb0, group 0, time 2015-03-21 10:35:39.010187')
('2015-03-21 10:35:39.034326', 'put_channel : channel tb0, group 0, time 2015-03-21 10:35:39.034234')
('2015-03-21 10:35:40.024373', 'put_channel : channel tb0, group 0, time 2015-03-21 10:35:40.024226')
('2015-03-21 10:35:40.508252', 'put_channel : channel tb0, group 0, time 2015-03-21 10:35:40.508156')
('2015-03-21 10:35:40.537208', 'put_channel : channel tb0, group 0, time 2015-03-21 10:35:40.537155')
('2015-03-21 10:35:41.640342', 'put_channel : channel tb0, group 0, time 2015-03-21 10:35:41.640139')
('2015-03-21 10:35:42.009704', 'put_channel : channel tb0, group 0, time 2015-03-21 10:35:42.009584')
('2015-03-21 10:35:42.040354', 'put_channel : channel tb0, group 0, time 2015-03-21 10:35:42.040261')
('2015-03-21 10:35:43.050261', 'put_channel : channel tb0, group 0, time 2015-03-21 10:35:43.050116')
('2015-03-21 10:35:50.771806', 'fd_channel : login[0] 0 login[1] 0 , tb0[0] 61 tb0[1] 45 , tb1[0] 0 tb1[1] 0')
('2015-03-21 10:35:55.008388', 'put_channel : channel tb0, group 1, time 2015-03-21 10:35:55.008243')
('2015-03-21 10:35:55.014496', 'put_channel : channel tb0, group 1, time 2015-03-21 10:35:55.014325')
('2015-03-21 10:35:55.510763', 'put_channel : channel tb0, group 1, time 2015-03-21 10:35:55.510493')
('2015-03-21 10:35:55.512395', 'put_channel : channel tb0, group 1, time 2015-03-21 10:35:55.512310')
('2015-03-21 10:35:55.526232', 'put_channel : channel tb0, group 1, time 2015-03-21 10:35:55.526143')
('2015-03-21 10:35:56.518715', 'put_channel : channel tb0, group 1, time 2015-03-21 10:35:56.518569')
('2015-03-21 10:35:56.550505', 'put_channel : channel tb0, group 1, time 2015-03-21 10:35:56.550369')
('2015-03-21 10:35:57.008582', 'put_channel : channel tb0, group 1, time 2015-03-21 10:35:57.008471')
('2015-03-21 10:35:57.031993', 'put_channel : channel tb0, group 1, time 2015-03-21 10:35:57.031903')
('2015-03-21 10:35:58.024465', 'put_channel : channel tb0, group 1, time 2015-03-21 10:35:58.024268')
('2015-03-21 10:35:58.508175', 'put_channel : channel tb0, group 1, time 2015-03-21 10:35:58.508043')
('2015-03-21 10:35:58.534226', 'put_channel : channel tb0, group 1, time 2015-03-21 10:35:58.534133')
('2015-03-21 10:36:00.009226', 'put_channel : channel tb0, group 1, time 2015-03-21 10:36:00.009066')
('2015-03-21 10:36:00.038448', 'put_channel : channel tb0, group 1, time 2015-03-21 10:36:00.038305')
('2015-03-21 10:36:01.508606', 'put_channel : channel tb0, group 1, time 2015-03-21 10:36:01.508470')
('2015-03-21 10:36:01.542477', 'put_channel : channel tb0, group 1, time 2015-03-21 10:36:01.542343')
('2015-03-21 10:36:03.009613', 'put_channel : channel tb0, group 1, time 2015-03-21 10:36:03.009508')
('2015-03-21 10:36:04.071308', 'put_channel : channel tb0, group 1, time 2015-03-21 10:36:04.071162')
('2015-03-21 10:36:04.508543', 'put_channel : channel tb0, group 1, time 2015-03-21 10:36:04.508442')
('2015-03-21 10:36:05.574736', 'put_channel : channel tb0, group 1, time 2015-03-21 10:36:05.574592')
('2015-03-21 10:36:06.008625', 'put_channel : channel tb0, group 1, time 2015-03-21 10:36:06.008499')
('2015-03-21 10:36:07.046740', 'put_channel : channel tb0, group 1, time 2015-03-21 10:36:07.046592')
('2015-03-21 10:36:07.510141', 'put_channel : channel tb0, group 1, time 2015-03-21 10:36:07.510006')
('2015-03-21 10:36:12.042121', 'put_channel : channel tb0, group 0, time 2015-03-21 10:36:12.041985')
('2015-03-21 10:36:13.511146', 'put_channel : channel tb0, group 0, time 2015-03-21 10:36:13.511009')
('2015-03-21 10:36:13.513772', 'put_channel : channel tb0, group 0, time 2015-03-21 10:36:13.513686')
('2015-03-21 10:36:13.545581', 'put_channel : channel tb0, group 0, time 2015-03-21 10:36:13.545492')
('2015-03-21 10:36:14.520490', 'put_channel : channel tb0, group 0, time 2015-03-21 10:36:14.520331')
('2015-03-21 10:36:14.568418', 'put_channel : channel tb0, group 0, time 2015-03-21 10:36:14.568323')
('2015-03-21 10:36:15.011530', 'put_channel : channel tb0, group 0, time 2015-03-21 10:36:15.011401')
('2015-03-21 10:36:15.012270', 'put_channel : channel tb0, group 0, time 2015-03-21 10:36:15.012178')
('2015-03-21 10:36:15.032417', 'put_channel : channel tb0, group 0, time 2015-03-21 10:36:15.032328')
('2015-03-21 10:36:16.025230', 'put_channel : channel tb0, group 0, time 2015-03-21 10:36:16.025043')
('2015-03-21 10:36:16.072349', 'put_channel : channel tb0, group 0, time 2015-03-21 10:36:16.072261')
('2015-03-21 10:36:16.512508', 'put_channel : channel tb0, group 0, time 2015-03-21 10:36:16.512393')
('2015-03-21 10:36:16.536574', 'put_channel : channel tb0, group 0, time 2015-03-21 10:36:16.536471')
('2015-03-21 10:36:16.648251', 'put_channel : channel tb0, group 0, time 2015-03-21 10:36:16.648162')
('2015-03-21 10:36:17.578308', 'put_channel : channel tb0, group 0, time 2015-03-21 10:36:17.578164')
('2015-03-21 10:36:20.772239', 'fd_channel : login[0] 0 login[1] 0 , tb0[0] 76 tb0[1] 59 , tb1[0] 0 tb1[1] 0')
('2015-03-21 10:36:34.008410', 'put_channel : channel tb0, group 1, time 2015-03-21 10:36:34.008266')
('2015-03-21 10:36:34.022295', 'put_channel : channel tb0, group 1, time 2015-03-21 10:36:34.022201')
('2015-03-21 10:36:34.511227', 'put_channel : channel tb0, group 1, time 2015-03-21 10:36:34.511101')
('2015-03-21 10:36:34.513672', 'put_channel : channel tb0, group 1, time 2015-03-21 10:36:34.513586')
('2015-03-21 10:36:34.534569', 'put_channel : channel tb0, group 1, time 2015-03-21 10:36:34.534480')
('2015-03-21 10:36:35.526779', 'put_channel : channel tb0, group 1, time 2015-03-21 10:36:35.526612')
('2015-03-21 10:36:36.008593', 'put_channel : channel tb0, group 1, time 2015-03-21 10:36:36.008458')
('2015-03-21 10:36:48.040614', 'put_channel : channel tb0, group 0, time 2015-03-21 10:36:48.040481')
('2015-03-21 10:36:49.008800', 'put_channel : channel tb0, group 0, time 2015-03-21 10:36:49.008667')
('2015-03-21 10:36:49.017862', 'put_channel : channel tb0, group 0, time 2015-03-21 10:36:49.017770')
('2015-03-21 10:36:49.065770', 'put_channel : channel tb0, group 0, time 2015-03-21 10:36:49.065680')
('2015-03-21 10:36:49.509795', 'put_channel : channel tb0, group 0, time 2015-03-21 10:36:49.509669')
('2015-03-21 10:36:49.513772', 'put_channel : channel tb0, group 0, time 2015-03-21 10:36:49.513683')
('2015-03-21 10:36:49.544029', 'put_channel : channel tb0, group 0, time 2015-03-21 10:36:49.543937')
('2015-03-21 10:36:50.520592', 'put_channel : channel tb0, group 0, time 2015-03-21 10:36:50.520408')
('2015-03-21 10:36:50.568369', 'put_channel : channel tb0, group 0, time 2015-03-21 10:36:50.568275')
('2015-03-21 10:36:50.782768', 'fd_channel : login[0] 0 login[1] 0 , tb0[0] 85 tb0[1] 48 , tb1[0] 0 tb1[1] 0')
('2015-03-21 10:36:51.009235', 'put_channel : channel tb0, group 0, time 2015-03-21 10:36:51.009130')
('2015-03-21 10:36:51.032406', 'put_channel : channel tb0, group 0, time 2015-03-21 10:36:51.032315')
('2015-03-21 10:36:51.146309', 'put_channel : channel tb0, group 0, time 2015-03-21 10:36:51.146215')
('2015-03-21 10:36:52.026111', 'put_channel : channel tb0, group 0, time 2015-03-21 10:36:52.025964')
('2015-03-21 10:36:52.072797', 'put_channel : channel tb0, group 0, time 2015-03-21 10:36:52.072707')
('2015-03-21 10:36:53.506711', 'put_channel : channel tb0, group 1, time 2015-03-21 10:36:53.506565')
('2015-03-21 10:36:53.518456', 'put_channel : channel tb0, group 1, time 2015-03-21 10:36:53.518318')
('2015-03-21 10:36:53.576148', 'put_channel : channel tb0, group 1, time 2015-03-21 10:36:53.576060')
('2015-03-21 10:36:54.010675', 'put_channel : channel tb0, group 1, time 2015-03-21 10:36:54.010575')
('2015-03-21 10:36:54.012476', 'put_channel : channel tb0, group 1, time 2015-03-21 10:36:54.012390')
('2015-03-21 10:36:54.038171', 'put_channel : channel tb0, group 1, time 2015-03-21 10:36:54.038081')
('2015-03-21 10:36:55.014712', 'put_channel : channel tb0, group 1, time 2015-03-21 10:36:55.014566')
('2015-03-21 10:36:55.046702', 'put_channel : channel tb0, group 1, time 2015-03-21 10:36:55.046608')
('2015-03-21 10:36:55.508451', 'put_channel : channel tb0, group 1, time 2015-03-21 10:36:55.508327')
('2015-03-21 10:36:55.526334', 'put_channel : channel tb0, group 1, time 2015-03-21 10:36:55.526246')
('2015-03-21 10:36:56.520582', 'put_channel : channel tb0, group 1, time 2015-03-21 10:36:56.520437')
('2015-03-21 10:36:56.582684', 'put_channel : channel tb0, group 1, time 2015-03-21 10:36:56.582589')
('2015-03-21 10:36:57.008600', 'put_channel : channel tb0, group 1, time 2015-03-21 10:36:57.008481')
('2015-03-21 10:36:57.030299', 'put_channel : channel tb0, group 1, time 2015-03-21 10:36:57.030209')
('2015-03-21 10:36:58.508690', 'put_channel : channel tb0, group 1, time 2015-03-21 10:36:58.508554')
('2015-03-21 10:36:58.534334', 'put_channel : channel tb0, group 1, time 2015-03-21 10:36:58.534147')
('2015-03-21 10:37:00.008896', 'put_channel : channel tb0, group 1, time 2015-03-21 10:37:00.008758')
('2015-03-21 10:37:00.040066', 'put_channel : channel tb0, group 1, time 2015-03-21 10:37:00.039975')
('2015-03-21 10:37:01.064426', 'put_channel : channel tb0, group 1, time 2015-03-21 10:37:01.064282')
('2015-03-21 10:37:01.510642', 'put_channel : channel tb0, group 1, time 2015-03-21 10:37:01.510516')
('2015-03-21 10:37:03.008531', 'put_channel : channel tb0, group 1, time 2015-03-21 10:37:03.008435')
('2015-03-21 10:37:04.510014', 'put_channel : channel tb0, group 1, time 2015-03-21 10:37:04.509920')
('2015-03-21 10:37:06.008854', 'put_channel : channel tb0, group 1, time 2015-03-21 10:37:06.008718')
('2015-03-21 10:37:20.779483', 'fd_channel : login[0] 0 login[1] 0 , tb0[0] 90 tb0[1] 59 , tb1[0] 0 tb1[1] 0')
('2015-03-21 10:37:22.536954', 'put_channel : channel tb0, group 0, time 2015-03-21 10:37:22.536835')
('2015-03-21 10:37:23.508392', 'put_channel : channel tb0, group 0, time 2015-03-21 10:37:23.508249')
('2015-03-21 10:37:23.520387', 'put_channel : channel tb0, group 0, time 2015-03-21 10:37:23.520299')
('2015-03-21 10:37:23.560318', 'put_channel : channel tb0, group 0, time 2015-03-21 10:37:23.560231')
('2015-03-21 10:37:24.010118', 'put_channel : channel tb0, group 0, time 2015-03-21 10:37:24.009253')
('2015-03-21 10:37:24.012578', 'put_channel : channel tb0, group 0, time 2015-03-21 10:37:24.012491')
('2015-03-21 10:37:24.040516', 'put_channel : channel tb0, group 0, time 2015-03-21 10:37:24.040425')
('2015-03-21 10:37:25.016320', 'put_channel : channel tb0, group 0, time 2015-03-21 10:37:25.016176')
('2015-03-21 10:37:25.065688', 'put_channel : channel tb0, group 0, time 2015-03-21 10:37:25.065599')
('2015-03-21 10:37:25.640782', 'put_channel : channel tb0, group 0, time 2015-03-21 10:37:25.640673')
('2015-03-21 10:37:26.508443', 'put_channel : channel tb0, group 0, time 2015-03-21 10:37:26.508302')
('2015-03-21 10:37:26.522246', 'put_channel : channel tb0, group 0, time 2015-03-21 10:37:26.522152')
('2015-03-21 10:37:26.569922', 'put_channel : channel tb0, group 0, time 2015-03-21 10:37:26.569836')
('2015-03-21 10:37:27.010496', 'put_channel : channel tb0, group 0, time 2015-03-21 10:37:27.010304')
('2015-03-21 10:37:27.032306', 'put_channel : channel tb0, group 0, time 2015-03-21 10:37:27.032217')
('2015-03-21 10:37:28.508753', 'put_channel : channel tb0, group 1, time 2015-03-21 10:37:28.508633')
('2015-03-21 10:37:28.512323', 'put_channel : channel tb0, group 1, time 2015-03-21 10:37:28.512230')
('2015-03-21 10:37:28.534647', 'put_channel : channel tb0, group 1, time 2015-03-21 10:37:28.534557')
('2015-03-21 10:37:29.518741', 'put_channel : channel tb0, group 1, time 2015-03-21 10:37:29.518586')
('2015-03-21 10:37:30.008657', 'put_channel : channel tb0, group 1, time 2015-03-21 10:37:30.008520')
('2015-03-21 10:37:30.010769', 'put_channel : channel tb0, group 1, time 2015-03-21 10:37:30.010682')
('2015-03-21 10:37:30.038479', 'put_channel : channel tb0, group 1, time 2015-03-21 10:37:30.038343')
('2015-03-21 10:37:50.779306', 'fd_channel : login[0] 0 login[1] 0 , tb0[0] 105 tb0[1] 59 , tb1[0] 0 tb1[1] 0')
('2015-03-21 10:37:58.008633', 'put_channel : channel tb0, group 0, time 2015-03-21 10:37:58.008471')
('2015-03-21 10:37:58.028247', 'put_channel : channel tb0, group 0, time 2015-03-21 10:37:58.028158')
('2015-03-21 10:37:58.510172', 'put_channel : channel tb0, group 0, time 2015-03-21 10:37:58.510076')
('2015-03-21 10:37:58.514191', 'put_channel : channel tb0, group 0, time 2015-03-21 10:37:58.514101')
('2015-03-21 10:37:58.538040', 'put_channel : channel tb0, group 0, time 2015-03-21 10:37:58.537951')
('2015-03-21 10:37:59.506676', 'put_channel : channel tb0, group 1, time 2015-03-21 10:37:59.506535')
('2015-03-21 10:37:59.520281', 'put_channel : channel tb0, group 1, time 2015-03-21 10:37:59.520188')
('2015-03-21 10:37:59.521918', 'put_channel : channel tb0, group 0, time 2015-03-21 10:37:59.521828')
('2015-03-21 10:37:59.560116', 'put_channel : channel tb0, group 0, time 2015-03-21 10:37:59.560026')
('2015-03-21 10:38:00.009105', 'put_channel : channel tb0, group 1, time 2015-03-21 10:38:00.008995')
('2015-03-21 10:38:00.011058', 'put_channel : channel tb0, group 0, time 2015-03-21 10:38:00.010970')
('2015-03-21 10:38:00.014269', 'put_channel : channel tb0, group 1, time 2015-03-21 10:38:00.014181')
('2015-03-21 10:38:00.039906', 'put_channel : channel tb0, group 1, time 2015-03-21 10:38:00.039816')
('2015-03-21 10:38:00.041998', 'put_channel : channel tb0, group 0, time 2015-03-21 10:38:00.041911')
('2015-03-21 10:38:00.136217', 'put_channel : channel tb0, group 0, time 2015-03-21 10:38:00.136123')
('2015-03-21 10:38:01.017875', 'put_channel : channel tb0, group 1, time 2015-03-21 10:38:01.017652')
('2015-03-21 10:38:01.018853', 'put_channel : channel tb0, group 0, time 2015-03-21 10:38:01.018759')
('2015-03-21 10:38:01.064509', 'put_channel : channel tb0, group 0, time 2015-03-21 10:38:01.064404')
('2015-03-21 10:38:01.509932', 'put_channel : channel tb0, group 1, time 2015-03-21 10:38:01.509826')
('2015-03-21 10:38:01.510663', 'put_channel : channel tb0, group 0, time 2015-03-21 10:38:01.510580')
('2015-03-21 10:38:01.544385', 'put_channel : channel tb0, group 1, time 2015-03-21 10:38:01.544296')
('2015-03-21 10:38:01.545005', 'put_channel : channel tb0, group 0, time 2015-03-21 10:38:01.544922')
('2015-03-21 10:38:02.518885', 'put_channel : channel tb0, group 1, time 2015-03-21 10:38:02.518742')
('2015-03-21 10:38:02.566468', 'put_channel : channel tb0, group 1, time 2015-03-21 10:38:02.566328')
('2015-03-21 10:38:03.010999', 'put_channel : channel tb0, group 1, time 2015-03-21 10:38:03.010856')
('2015-03-21 10:38:03.030497', 'put_channel : channel tb0, group 1, time 2015-03-21 10:38:03.030343')
('2015-03-21 10:38:04.070916', 'put_channel : channel tb0, group 1, time 2015-03-21 10:38:04.070727')
('2015-03-21 10:38:04.508783', 'put_channel : channel tb0, group 1, time 2015-03-21 10:38:04.508660')
('2015-03-21 10:38:04.536283', 'put_channel : channel tb0, group 1, time 2015-03-21 10:38:04.536189')
('2015-03-21 10:38:05.576383', 'put_channel : channel tb0, group 1, time 2015-03-21 10:38:05.576294')
('2015-03-21 10:38:06.010854', 'put_channel : channel tb0, group 1, time 2015-03-21 10:38:06.010724')
('2015-03-21 10:38:06.038622', 'put_channel : channel tb0, group 1, time 2015-03-21 10:38:06.038532')
('2015-03-21 10:38:07.048370', 'put_channel : channel tb0, group 1, time 2015-03-21 10:38:07.048222')
('2015-03-21 10:38:07.508346', 'put_channel : channel tb0, group 1, time 2015-03-21 10:38:07.508210')
('2015-03-21 10:38:08.582769', 'put_channel : channel tb0, group 1, time 2015-03-21 10:38:08.582625')
('2015-03-21 10:38:09.009116', 'put_channel : channel tb0, group 1, time 2015-03-21 10:38:09.008992')
('2015-03-21 10:38:10.056329', 'put_channel : channel tb0, group 1, time 2015-03-21 10:38:10.056184')
('2015-03-21 10:38:13.904666', 'fd_channel : login[0] 0 login[1] 0 , tb0[0] 94 tb0[1] 59 , tb1[0] 0 tb1[1] 0')
('2015-03-21 10:38:13.942752', 'fd_channel : login[0] 0 login[1] 0 , tb0[0] 42 tb0[1] 59 , tb1[0] 0 tb1[1] 0')
('2015-03-21 10:38:15.874985', 'fd_channel : login[0] 0 login[1] 0 , tb0[0] 41 tb0[1] 59 , tb1[0] 0 tb1[1] 0')
('2015-03-21 10:38:15.877186', 'fd_channel : login[0] 0 login[1] 0 , tb0[0] 41 tb0[1] 58 , tb1[0] 0 tb1[1] 0')
('2015-03-21 10:38:27.010658', 'put_channel : channel tb0, group 1, time 2015-03-21 10:38:27.010561')
('2015-03-21 10:38:27.030305', 'put_channel : channel tb0, group 1, time 2015-03-21 10:38:27.030216')
('2015-03-21 10:38:28.022887', 'put_channel : channel tb0, group 1, time 2015-03-21 10:38:28.022734')
('2015-03-21 10:38:28.510668', 'put_channel : channel tb0, group 1, time 2015-03-21 10:38:28.510570')
('2015-03-21 10:38:28.536110', 'put_channel : channel tb0, group 1, time 2015-03-21 10:38:28.536019')
('2015-03-21 10:38:29.518672', 'put_channel : channel tb0, group 1, time 2015-03-21 10:38:29.518573')
('2015-03-21 10:38:32.526050', 'put_channel : channel tb0, group 0, time 2015-03-21 10:38:32.525901')
('2015-03-21 10:38:33.032299', 'put_channel : channel tb0, group 0, time 2015-03-21 10:38:33.032172')
('2015-03-21 10:38:34.056311', 'put_channel : channel tb0, group 0, time 2015-03-21 10:38:34.056168')
('2015-03-21 10:38:34.538290', 'put_channel : channel tb0, group 0, time 2015-03-21 10:38:34.538163')
('2015-03-21 10:38:34.633945', 'put_channel : channel tb0, group 0, time 2015-03-21 10:38:34.633849')
('2015-03-21 10:38:35.560781', 'put_channel : channel tb0, group 0, time 2015-03-21 10:38:35.560636')
('2015-03-21 10:38:36.040550', 'put_channel : channel tb0, group 0, time 2015-03-21 10:38:36.040415')
('2015-03-21 10:38:36.105875', 'put_channel : channel tb0, group 0, time 2015-03-21 10:38:36.105783')
('2015-03-21 10:38:37.066145', 'put_channel : channel tb0, group 0, time 2015-03-21 10:38:37.065997')
('2015-03-21 10:38:37.544189', 'put_channel : channel tb0, group 0, time 2015-03-21 10:38:37.544072')
('2015-03-21 10:38:37.640359', 'put_channel : channel tb0, group 0, time 2015-03-21 10:38:37.640261')
('2015-03-21 10:38:38.568802', 'put_channel : channel tb0, group 0, time 2015-03-21 10:38:38.568659')
('2015-03-21 10:38:39.034077', 'put_channel : channel tb0, group 0, time 2015-03-21 10:38:39.033972')
('2015-03-21 10:38:39.113918', 'put_channel : channel tb0, group 0, time 2015-03-21 10:38:39.113820')
('2015-03-21 10:38:40.074326', 'put_channel : channel tb0, group 0, time 2015-03-21 10:38:40.074226')
('2015-03-21 10:38:40.650312', 'put_channel : channel tb0, group 0, time 2015-03-21 10:38:40.650172')
('2015-03-21 10:38:44.286294', 'fd_channel : login[0] 0 login[1] 0 , tb0[0] 56 tb0[1] 64 , tb1[0] 0 tb1[1] 0')
('2015-03-21 10:38:55.801298', 'fd_channel : login[0] 0 login[1] 0 , tb0[0] 56 tb0[1] 42 , tb1[0] 0 tb1[1] 0')
('2015-03-21 10:39:13.606696', 'put_channel : channel tb0, group 1, time 2015-03-21 10:39:13.606579')
('2015-03-21 10:39:13.608157', 'put_channel : channel tb0, group 0, time 2015-03-21 10:39:13.608072')
('2015-03-21 10:39:18.150983', 'put_channel : channel tb0, group 1, time 2015-03-21 10:39:18.150847')
('2015-03-21 10:39:18.160623', 'put_channel : channel tb0, group 0, time 2015-03-21 10:39:18.160530')
('2015-03-21 10:39:19.622765', 'put_channel : channel tb0, group 1, time 2015-03-21 10:39:19.622661')
('2015-03-21 10:39:21.160446', 'put_channel : channel tb0, group 1, time 2015-03-21 10:39:21.160324')
('2015-03-21 10:39:22.632864', 'put_channel : channel tb0, group 1, time 2015-03-21 10:39:22.632710')
('2015-03-21 10:39:40.609167', 'fd_channel : login[0] 0 login[1] 0 , tb0[0] 31 tb0[1] 47 , tb1[0] 0 tb1[1] 0')
('2015-03-21 10:40:00.265382', 'put_channel : channel tb0, group 0, time 2015-03-21 10:40:00.265234')
('2015-03-21 10:40:04.743099', 'put_channel : channel tb0, group 0, time 2015-03-21 10:40:04.742941')
('2015-03-21 10:40:15.943301', 'fd_channel : login[0] 0 login[1] 0 , tb0[0] 33 tb0[1] 10 , tb1[0] 0 tb1[1] 0')
('2015-03-21 10:40:16.439109', 'fd_channel : login[0] 0 login[1] 0 , tb0[0] 19 tb0[1] 10 , tb1[0] 0 tb1[1] 0')
('2015-03-21 10:40:28.970729', 'fd_channel : login[0] 0 login[1] 0 , tb0[0] 18 tb0[1] 10 , tb1[0] 0 tb1[1] 0')
('2015-03-21 10:40:50.221219', 'fd_channel : login[0] 0 login[1] 0 , tb0[0] 18 tb0[1] 4 , tb1[0] 0 tb1[1] 0')
('2015-03-21 10:41:42.455556', 'fd_channel : login[0] 0 login[1] 0 , tb0[0] 1 tb0[1] 4 , tb1[0] 0 tb1[1] 0')
('2015-03-21 11:27:42.011834', 'put_channel : channel tb1, group 0, time 2015-03-21 11:27:42.011630')
('2015-03-21 11:27:43.006784', 'put_channel : channel tb1, group 1, time 2015-03-21 11:27:43.006636')
('2015-03-21 11:27:43.509243', 'put_channel : channel tb1, group 0, time 2015-03-21 11:27:43.509101')
('2015-03-21 11:27:44.506714', 'put_channel : channel tb1, group 1, time 2015-03-21 11:27:44.506575')
('2015-03-21 11:27:45.008515', 'put_channel : channel tb1, group 1, time 2015-03-21 11:27:45.008359')
('2015-03-21 11:27:46.008859', 'put_channel : channel tb1, group 0, time 2015-03-21 11:27:46.008716')
('2015-03-21 11:27:46.508875', 'put_channel : channel tb1, group 1, time 2015-03-21 11:27:46.508743')
('2015-03-21 11:27:46.511117', 'put_channel : channel tb1, group 0, time 2015-03-21 11:27:46.511025')
('2015-03-21 11:27:48.012352', 'put_channel : channel tb1, group 0, time 2015-03-21 11:27:48.012218')
('2015-03-21 11:27:49.006712', 'put_channel : channel tb1, group 1, time 2015-03-21 11:27:49.006581')
('2015-03-21 11:27:49.508571', 'put_channel : channel tb1, group 1, time 2015-03-21 11:27:49.508440')
('2015-03-21 11:27:49.510214', 'put_channel : channel tb1, group 0, time 2015-03-21 11:27:49.510131')
('2015-03-21 11:27:51.009163', 'put_channel : channel tb1, group 1, time 2015-03-21 11:27:51.009028')
('2015-03-21 11:27:51.011875', 'put_channel : channel tb1, group 0, time 2015-03-21 11:27:51.011793')
('2015-03-21 11:27:52.512294', 'put_channel : channel tb1, group 0, time 2015-03-21 11:27:52.512160')
('2015-03-21 11:27:53.508551', 'put_channel : channel tb1, group 1, time 2015-03-21 11:27:53.508409')
('2015-03-21 11:27:54.009095', 'put_channel : channel tb1, group 0, time 2015-03-21 11:27:54.008967')
('2015-03-21 11:27:55.006871', 'put_channel : channel tb1, group 1, time 2015-03-21 11:27:55.006729')
('2015-03-21 11:27:55.510292', 'put_channel : channel tb1, group 1, time 2015-03-21 11:27:55.510105')
('2015-03-21 11:27:55.510691', 'put_channel : channel tb1, group 0, time 2015-03-21 11:27:55.510598')
('2015-03-21 11:27:58.006730', 'put_channel : channel tb1, group 1, time 2015-03-21 11:27:58.006586')
('2015-03-21 11:27:58.508635', 'put_channel : channel tb1, group 1, time 2015-03-21 11:27:58.508502')
('2015-03-21 11:28:01.008266', 'put_channel : channel tb1, group 1, time 2015-03-21 11:28:01.008124')
('2015-03-21 11:28:01.010123', 'put_channel : channel tb1, group 0, time 2015-03-21 11:28:01.010030')
('2015-03-21 11:28:01.509042', 'put_channel : channel tb1, group 1, time 2015-03-21 11:28:01.508913')
('2015-03-21 11:28:01.511906', 'put_channel : channel tb1, group 0, time 2015-03-21 11:28:01.511818')
('2015-03-21 11:28:01.512703', 'put_channel : channel tb1, group 0, time 2015-03-21 11:28:01.512620')
('2015-03-21 11:28:04.008015', 'put_channel : channel tb1, group 1, time 2015-03-21 11:28:04.007879')
('2015-03-21 11:28:04.510595', 'put_channel : channel tb1, group 1, time 2015-03-21 11:28:04.510461')
('2015-03-21 11:28:04.510951', 'put_channel : channel tb1, group 0, time 2015-03-21 11:28:04.510859')
('2015-03-21 11:28:06.008703', 'put_channel : channel tb1, group 1, time 2015-03-21 11:28:06.008568')
('2015-03-21 11:28:06.010659', 'put_channel : channel tb1, group 0, time 2015-03-21 11:28:06.010565')
('2015-03-21 11:28:06.012871', 'put_channel : channel tb1, group 0, time 2015-03-21 11:28:06.012785')
('2015-03-21 11:28:07.510544', 'put_channel : channel tb1, group 1, time 2015-03-21 11:28:07.510406')
('2015-03-21 11:28:07.511274', 'put_channel : channel tb1, group 0, time 2015-03-21 11:28:07.511193')
('2015-03-21 11:28:09.009183', 'put_channel : channel tb1, group 1, time 2015-03-21 11:28:09.009055')
('2015-03-21 11:28:09.009623', 'put_channel : channel tb1, group 0, time 2015-03-21 11:28:09.009542')
('2015-03-21 11:28:10.507365', 'put_channel : channel tb1, group 1, time 2015-03-21 11:28:10.507252')
('2015-03-21 11:28:10.509602', 'put_channel : channel tb1, group 0, time 2015-03-21 11:28:10.509537')
('2015-03-21 11:28:12.008930', 'put_channel : channel tb1, group 1, time 2015-03-21 11:28:12.008792')
('2015-03-21 11:28:12.010325', 'put_channel : channel tb1, group 0, time 2015-03-21 11:28:12.010243')
('2015-03-21 11:28:12.042313', 'put_channel : channel tb1, group 0, time 2015-03-21 11:28:12.042181')
('2015-03-21 11:28:18.008358', 'put_channel : channel tb1, group 1, time 2015-03-21 11:28:18.008222')
('2015-03-21 11:28:19.508748', 'put_channel : channel tb1, group 1, time 2015-03-21 11:28:19.508614')
('2015-03-21 11:28:19.513013', 'put_channel : channel tb1, group 1, time 2015-03-21 11:28:19.512927')
('2015-03-21 11:28:20.518510', 'put_channel : channel tb1, group 1, time 2015-03-21 11:28:20.518326')
('2015-03-21 11:28:21.008165', 'put_channel : channel tb1, group 1, time 2015-03-21 11:28:21.008037')
('2015-03-21 11:28:21.014146', 'put_channel : channel tb1, group 0, time 2015-03-21 11:28:21.014061')
('2015-03-21 11:28:22.512527', 'put_channel : channel tb1, group 0, time 2015-03-21 11:28:22.512405')
('2015-03-21 11:28:24.010899', 'put_channel : channel tb1, group 1, time 2015-03-21 11:28:24.010769')
('2015-03-21 11:28:24.012966', 'put_channel : channel tb1, group 0, time 2015-03-21 11:28:24.012874')
('2015-03-21 11:28:25.510626', 'put_channel : channel tb1, group 1, time 2015-03-21 11:28:25.510471')
('2015-03-21 11:28:25.511370', 'put_channel : channel tb1, group 1, time 2015-03-21 11:28:25.511288')
('2015-03-21 11:28:25.512254', 'put_channel : channel tb1, group 0, time 2015-03-21 11:28:25.512172')
('2015-03-21 11:28:27.008414', 'put_channel : channel tb1, group 1, time 2015-03-21 11:28:27.008280')
('2015-03-21 11:28:27.012408', 'put_channel : channel tb1, group 0, time 2015-03-21 11:28:27.012316')
('2015-03-21 11:28:28.512325', 'put_channel : channel tb1, group 0, time 2015-03-21 11:28:28.512192')
('2015-03-21 11:28:30.014351', 'put_channel : channel tb1, group 0, time 2015-03-21 11:28:30.014217')
('2015-03-21 11:28:31.514695', 'put_channel : channel tb1, group 0, time 2015-03-21 11:28:31.514546')
('2015-03-21 11:28:35.122838', 'put_channel : channel tb1, group 1, time 2015-03-21 11:28:35.122690')
('2015-03-21 11:28:36.010782', 'put_channel : channel tb1, group 1, time 2015-03-21 11:28:36.010647')
('2015-03-21 11:28:37.014718', 'put_channel : channel tb1, group 1, time 2015-03-21 11:28:37.014578')
('2015-03-21 11:28:39.010838', 'put_channel : channel tb1, group 1, time 2015-03-21 11:28:39.010715')
('2015-03-21 11:28:40.510699', 'put_channel : channel tb1, group 1, time 2015-03-21 11:28:40.510565')
('2015-03-21 11:28:41.507016', 'put_channel : channel tb1, group 1, time 2015-03-21 11:28:41.506864')
('2015-03-21 11:28:41.510745', 'put_channel : channel tb1, group 0, time 2015-03-21 11:28:41.510660')
('2015-03-21 11:28:42.011994', 'put_channel : channel tb1, group 1, time 2015-03-21 11:28:42.011863')
('2015-03-21 11:28:42.014156', 'put_channel : channel tb1, group 0, time 2015-03-21 11:28:42.014051')
('2015-03-21 11:28:43.016710', 'put_channel : channel tb1, group 0, time 2015-03-21 11:28:43.016568')
('2015-03-21 11:28:44.506709', 'put_channel : channel tb1, group 1, time 2015-03-21 11:28:44.506569')
('2015-03-21 11:28:46.006105', 'put_channel : channel tb1, group 1, time 2015-03-21 11:28:46.005992')
('2015-03-21 11:28:46.007822', 'put_channel : channel tb1, group 0, time 2015-03-21 11:28:46.007774')
('2015-03-21 11:28:46.538220', 'put_channel : channel tb1, group 0, time 2015-03-21 11:28:46.538085')
('2015-03-21 11:28:47.506767', 'put_channel : channel tb1, group 1, time 2015-03-21 11:28:47.506624')
('2015-03-21 11:28:47.508444', 'put_channel : channel tb1, group 0, time 2015-03-21 11:28:47.508354')
('2015-03-21 11:28:47.566927', 'put_channel : channel tb1, group 0, time 2015-03-21 11:28:47.566840')
('2015-03-21 11:28:49.006954', 'put_channel : channel tb1, group 1, time 2015-03-21 11:28:49.006857')
('2015-03-21 11:28:49.014285', 'put_channel : channel tb1, group 1, time 2015-03-21 11:28:49.014232')
('2015-03-21 11:28:49.544633', 'put_channel : channel tb1, group 0, time 2015-03-21 11:28:49.544497')
('2015-03-21 11:28:52.508784', 'put_channel : channel tb1, group 0, time 2015-03-21 11:28:52.508673')
('2015-03-21 11:28:53.586284', 'put_channel : channel tb1, group 1, time 2015-03-21 11:28:53.586146')
('2015-03-21 11:28:55.008394', 'put_channel : channel tb1, group 0, time 2015-03-21 11:28:55.008251')
('2015-03-21 11:28:55.507088', 'put_channel : channel tb1, group 1, time 2015-03-21 11:28:55.506987')
('2015-03-21 11:28:58.024413', 'put_channel : channel tb1, group 1, time 2015-03-21 11:28:58.024269')
('2015-03-21 11:28:59.508720', 'put_channel : channel tb1, group 1, time 2015-03-21 11:28:59.508582')
('2015-03-21 11:29:01.014752', 'put_channel : channel tb1, group 1, time 2015-03-21 11:29:01.014610')
('2015-03-21 11:29:07.015010', 'put_channel : channel tb1, group 1, time 2015-03-21 11:29:07.014868')
('2015-03-21 11:29:07.016701', 'put_channel : channel tb1, group 0, time 2015-03-21 11:29:07.016611')
('2015-03-21 11:29:08.508439', 'put_channel : channel tb1, group 1, time 2015-03-21 11:29:08.508298')
('2015-03-21 11:29:09.014452', 'put_channel : channel tb1, group 1, time 2015-03-21 11:29:09.014259')
('2015-03-21 11:29:09.016549', 'put_channel : channel tb1, group 0, time 2015-03-21 11:29:09.016465')
('2015-03-21 11:29:10.511287', 'put_channel : channel tb1, group 0, time 2015-03-21 11:29:10.511114')
('2015-03-21 11:29:10.536389', 'put_channel : channel tb1, group 0, time 2015-03-21 11:29:10.536305')
('2015-03-21 11:29:11.508433', 'put_channel : channel tb1, group 1, time 2015-03-21 11:29:11.508291')
('2015-03-21 11:29:13.006799', 'put_channel : channel tb1, group 1, time 2015-03-21 11:29:13.006658')
('2015-03-21 11:29:13.014451', 'put_channel : channel tb1, group 1, time 2015-03-21 11:29:13.014297')
('2015-03-21 11:29:13.016846', 'put_channel : channel tb1, group 0, time 2015-03-21 11:29:13.016755')
('2015-03-21 11:29:14.508110', 'put_channel : channel tb1, group 1, time 2015-03-21 11:29:14.507969')
('2015-03-21 11:29:14.568447', 'put_channel : channel tb1, group 0, time 2015-03-21 11:29:14.568355')
('2015-03-21 11:29:16.534791', 'put_channel : channel tb1, group 1, time 2015-03-21 11:29:16.534659')
('2015-03-21 11:29:16.536578', 'put_channel : channel tb1, group 0, time 2015-03-21 11:29:16.536489')
('2015-03-21 11:29:16.616492', 'put_channel : channel tb1, group 0, time 2015-03-21 11:29:16.616383')
('2015-03-21 11:29:17.506590', 'put_channel : channel tb1, group 1, time 2015-03-21 11:29:17.506449')
('2015-03-21 11:29:19.006665', 'put_channel : channel tb1, group 1, time 2015-03-21 11:29:19.006535')
('2015-03-21 11:29:19.017868', 'put_channel : channel tb1, group 0, time 2015-03-21 11:29:19.017767')
('2015-03-21 11:29:19.048233', 'put_channel : channel tb1, group 0, time 2015-03-21 11:29:19.048141')
('2015-03-21 11:29:19.508778', 'put_channel : channel tb1, group 1, time 2015-03-21 11:29:19.508655')
('2015-03-21 11:29:19.527975', 'put_channel : channel tb1, group 1, time 2015-03-21 11:29:19.527889')
('2015-03-21 11:29:19.530097', 'put_channel : channel tb1, group 0, time 2015-03-21 11:29:19.530015')
('2015-03-21 11:29:20.508834', 'put_channel : channel tb1, group 0, time 2015-03-21 11:29:20.508689')
('2015-03-21 11:29:20.520028', 'put_channel : channel tb1, group 0, time 2015-03-21 11:29:20.519936')
('2015-03-21 11:29:23.508439', 'put_channel : channel tb1, group 0, time 2015-03-21 11:29:23.508299')
('2015-03-21 11:29:23.520938', 'put_channel : channel tb1, group 0, time 2015-03-21 11:29:23.520852')
('2015-03-21 11:29:26.508662', 'put_channel : channel tb1, group 0, time 2015-03-21 11:29:26.508514')
('2015-03-21 11:29:28.009614', 'put_channel : channel tb1, group 0, time 2015-03-21 11:29:28.009499')
('2015-03-21 11:29:28.510766', 'put_channel : channel tb1, group 0, time 2015-03-21 11:29:28.510628')
('2015-03-21 11:29:29.577997', 'put_channel : channel tb1, group 0, time 2015-03-21 11:29:29.577896')
('2015-03-21 11:29:31.008153', 'put_channel : channel tb1, group 1, time 2015-03-21 11:29:31.007995')
('2015-03-21 11:29:32.508634', 'put_channel : channel tb1, group 1, time 2015-03-21 11:29:32.508483')
('2015-03-21 11:29:34.006882', 'put_channel : channel tb1, group 1, time 2015-03-21 11:29:34.006741')
('2015-03-21 11:29:34.086556', 'put_channel : channel tb1, group 1, time 2015-03-21 11:29:34.086450')
('2015-03-21 11:29:35.506252', 'put_channel : channel tb1, group 1, time 2015-03-21 11:29:35.506126')
('2015-03-21 11:29:35.518618', 'put_channel : channel tb1, group 1, time 2015-03-21 11:29:35.518534')
('2015-03-21 11:29:36.925237', 'fd_channel : login[0] 0 login[1] 0 , tb0[0] 1 tb0[1] 4 , tb1[0] 58 tb1[1] 64')
('2015-03-21 11:29:36.928782', 'fd_channel : login[0] 0 login[1] 0 , tb0[0] 1 tb0[1] 4 , tb1[0] 58 tb1[1] 63')
('2015-03-21 11:29:36.930552', 'fd_channel : login[0] 0 login[1] 0 , tb0[0] 1 tb0[1] 4 , tb1[0] 58 tb1[1] 62')
('2015-03-21 11:29:36.933283', 'fd_channel : login[0] 0 login[1] 0 , tb0[0] 1 tb0[1] 4 , tb1[0] 58 tb1[1] 61')
('2015-03-21 11:29:36.935095', 'fd_channel : login[0] 0 login[1] 0 , tb0[0] 1 tb0[1] 4 , tb1[0] 58 tb1[1] 60')
('2015-03-21 11:29:36.936640', 'fd_channel : login[0] 0 login[1] 0 , tb0[0] 1 tb0[1] 4 , tb1[0] 58 tb1[1] 59')
('2015-03-21 11:29:36.938821', 'fd_channel : login[0] 0 login[1] 0 , tb0[0] 1 tb0[1] 4 , tb1[0] 58 tb1[1] 58')
('2015-03-21 11:29:36.940441', 'fd_channel : login[0] 0 login[1] 0 , tb0[0] 1 tb0[1] 4 , tb1[0] 58 tb1[1] 57')
('2015-03-21 11:29:37.006590', 'put_channel : channel tb1, group 1, time 2015-03-21 11:29:37.006498')
('2015-03-21 11:29:37.508403', 'put_channel : channel tb1, group 1, time 2015-03-21 11:29:37.508310')
('2015-03-21 11:29:37.509501', 'put_channel : channel tb1, group 0, time 2015-03-21 11:29:37.509410')
('2015-03-21 11:29:38.569588', 'put_channel : channel tb1, group 0, time 2015-03-21 11:29:38.569495')
('2015-03-21 11:29:40.008023', 'put_channel : channel tb1, group 1, time 2015-03-21 11:29:40.007878')
('2015-03-21 11:29:40.510266', 'put_channel : channel tb1, group 0, time 2015-03-21 11:29:40.510130')
('2015-03-21 11:29:42.008472', 'put_channel : channel tb1, group 1, time 2015-03-21 11:29:42.008335')
('2015-03-21 11:29:42.011806', 'put_channel : channel tb1, group 0, time 2015-03-21 11:29:42.011711')
('2015-03-21 11:29:43.509866', 'put_channel : channel tb1, group 0, time 2015-03-21 11:29:43.509754')
('2015-03-21 11:29:43.933658', 'fd_channel : login[0] 0 login[1] 0 , tb0[0] 1 tb0[1] 4 , tb1[0] 63 tb1[1] 60')
('2015-03-21 11:29:43.939238', 'fd_channel : login[0] 0 login[1] 0 , tb0[0] 1 tb0[1] 4 , tb1[0] 63 tb1[1] 59')
('2015-03-21 11:29:51.009216', 'put_channel : channel tb1, group 0, time 2015-03-21 11:29:51.009079')
('2015-03-21 11:29:52.651232', 'put_channel : channel tb1, group 0, time 2015-03-21 11:29:52.651094')
('2015-03-21 11:29:54.011500', 'put_channel : channel tb1, group 0, time 2015-03-21 11:29:54.011370')
('2015-03-21 11:29:54.120621', 'put_channel : channel tb1, group 0, time 2015-03-21 11:29:54.120532')
('2015-03-21 11:29:56.694731', 'fd_channel : login[0] 0 login[1] 0 , tb0[0] 1 tb0[1] 4 , tb1[0] 67 tb1[1] 56')
('2015-03-21 11:29:56.696268', 'fd_channel : login[0] 0 login[1] 0 , tb0[0] 1 tb0[1] 4 , tb1[0] 67 tb1[1] 55')
('2015-03-21 11:29:56.698738', 'fd_channel : login[0] 0 login[1] 0 , tb0[0] 1 tb0[1] 4 , tb1[0] 67 tb1[1] 54')
('2015-03-21 11:29:56.701177', 'fd_channel : login[0] 0 login[1] 0 , tb0[0] 1 tb0[1] 4 , tb1[0] 67 tb1[1] 53')
('2015-03-21 11:29:56.703203', 'fd_channel : login[0] 0 login[1] 0 , tb0[0] 1 tb0[1] 4 , tb1[0] 67 tb1[1] 52')
('2015-03-21 11:29:56.704802', 'fd_channel : login[0] 0 login[1] 0 , tb0[0] 1 tb0[1] 4 , tb1[0] 67 tb1[1] 51')
('2015-03-21 11:29:56.707327', 'fd_channel : login[0] 0 login[1] 0 , tb0[0] 1 tb0[1] 4 , tb1[0] 67 tb1[1] 50')
('2015-03-21 11:29:56.708874', 'fd_channel : login[0] 0 login[1] 0 , tb0[0] 1 tb0[1] 4 , tb1[0] 67 tb1[1] 49')
('2015-03-21 11:29:57.010026', 'put_channel : channel tb1, group 1, time 2015-03-21 11:29:57.009907')
('2015-03-21 11:29:57.047809', 'fd_channel : login[0] 0 login[1] 0 , tb0[0] 1 tb0[1] 4 , tb1[0] 60 tb1[1] 49')
('2015-03-21 11:29:57.053074', 'fd_channel : login[0] 0 login[1] 0 , tb0[0] 1 tb0[1] 4 , tb1[0] 55 tb1[1] 49')
('2015-03-21 11:29:57.664013', 'fd_channel : login[0] 0 login[1] 0 , tb0[0] 1 tb0[1] 4 , tb1[0] 53 tb1[1] 49')
('2015-03-21 11:29:57.665674', 'fd_channel : login[0] 0 login[1] 0 , tb0[0] 1 tb0[1] 4 , tb1[0] 53 tb1[1] 48')
('2015-03-21 11:29:58.509964', 'put_channel : channel tb1, group 0, time 2015-03-21 11:29:58.509827')
('2015-03-21 11:29:59.051514', 'fd_channel : login[0] 0 login[1] 0 , tb0[0] 1 tb0[1] 4 , tb1[0] 53 tb1[1] 48')
('2015-03-21 11:29:59.053170', 'fd_channel : login[0] 0 login[1] 0 , tb0[0] 1 tb0[1] 4 , tb1[0] 53 tb1[1] 47')
('2015-03-21 11:29:59.668646', 'fd_channel : login[0] 0 login[1] 0 , tb0[0] 1 tb0[1] 4 , tb1[0] 52 tb1[1] 47')
('2015-03-21 11:29:59.669790', 'fd_channel : login[0] 0 login[1] 0 , tb0[0] 1 tb0[1] 4 , tb1[0] 52 tb1[1] 46')
('2015-03-21 11:30:01.511082', 'put_channel : channel tb1, group 1, time 2015-03-21 11:30:01.510945')
('2015-03-21 11:30:01.686059', 'worker [8] stopping')
('2015-03-21 11:30:03.013086', 'put_channel : channel tb1, group 0, time 2015-03-21 11:30:03.012886')
('2015-03-21 11:30:03.699021', 'fd_channel : login[0] 0 login[1] 0 , tb0[0] 1 tb0[1] 4 , tb1[0] 53 tb1[1] 46')
('2015-03-21 11:30:03.704447', 'fd_channel : login[0] 0 login[1] 0 , tb0[0] 1 tb0[1] 4 , tb1[0] 53 tb1[1] 45')
('2015-03-21 11:30:03.706622', 'fd_channel : login[0] 0 login[1] 0 , tb0[0] 1 tb0[1] 4 , tb1[0] 53 tb1[1] 44')
('2015-03-21 11:30:03.713610', 'fd_channel : login[0] 0 login[1] 0 , tb0[0] 1 tb0[1] 4 , tb1[0] 53 tb1[1] 43')
('2015-03-21 11:30:03.715080', 'fd_channel : login[0] 0 login[1] 0 , tb0[0] 1 tb0[1] 4 , tb1[0] 53 tb1[1] 42')
('2015-03-21 11:30:03.719381', 'fd_channel : login[0] 0 login[1] 0 , tb0[0] 1 tb0[1] 4 , tb1[0] 53 tb1[1] 41')
('2015-03-21 11:30:04.512061', 'put_channel : channel tb1, group 1, time 2015-03-21 11:30:04.511874')
('2015-03-21 11:30:04.512993', 'put_channel : channel tb1, group 0, time 2015-03-21 11:30:04.512892')
('2015-03-21 11:30:06.709670', 'fd_channel : login[0] 0 login[1] 0 , tb0[0] 1 tb0[1] 4 , tb1[0] 54 tb1[1] 41')
('2015-03-21 11:30:06.719576', 'fd_channel : login[0] 0 login[1] 0 , tb0[0] 1 tb0[1] 4 , tb1[0] 54 tb1[1] 40')
('2015-03-21 11:30:06.722591', 'fd_channel : login[0] 0 login[1] 0 , tb0[0] 1 tb0[1] 4 , tb1[0] 54 tb1[1] 39')
('2015-03-21 11:30:10.701860', 'fd_channel : login[0] 0 login[1] 0 , tb0[0] 1 tb0[1] 4 , tb1[0] 54 tb1[1] 38')
('2015-03-21 11:30:10.708789', 'fd_channel : login[0] 0 login[1] 0 , tb0[0] 1 tb0[1] 4 , tb1[0] 54 tb1[1] 37')
('2015-03-21 11:30:10.720550', 'fd_channel : login[0] 0 login[1] 0 , tb0[0] 1 tb0[1] 4 , tb1[0] 54 tb1[1] 36')
('2015-03-21 11:30:16.071850', 'put_channel : channel tb1, group 1, time 2015-03-21 11:30:16.071685')
('2015-03-21 11:30:20.555645', 'put_channel : channel tb1, group 1, time 2015-03-21 11:30:20.555496')
('2015-03-21 11:30:43.659737', 'put_channel : channel tb1, group 1, time 2015-03-21 11:30:43.659589')
('2015-03-21 11:30:46.599343', 'put_channel : channel tb1, group 1, time 2015-03-21 11:30:46.599182')
('2015-03-21 11:30:58.630848', 'put_channel : channel tb1, group 1, time 2015-03-21 11:30:58.630699')
