('2015-03-21 09:55:30.032993', 'client 52537981 login 钱立瑛 310112198209172429')
('2015-03-21 09:55:30.036935', 'client 52701109 login 张彩凤 310112198111290929')
('2015-03-21 09:55:31.519196', 'client 52269413 login 程路 310101198602111519')
('2015-03-21 09:55:31.530194', 'client 52452621 login 吴涵 310110198507292055')
('2015-03-21 09:55:33.018570', 'client 52549253 login 宋林红 610115198102136786')
('2015-03-21 09:55:33.031493', 'client 52781514 login 陆修颀 310113198701260021')
('2015-03-21 09:55:34.520388', 'client 52535818 login 李骏超 310112199006272133')
('2015-03-21 09:55:34.533951', 'client 52739303 login 贺闰 310103198206165024')
('2015-03-21 10:34:07.583769', 'client 52549253 bid 0 image 6BB7B1E1AC82942FD7AF41E42986FB2C 915063 ')
('2015-03-21 10:34:07.604405', 'client 52549253 bid 0 price 73700 宋林红 610115198102136786')
('2015-03-21 10:34:11.916977', 'client 52269413 bid 0 image E286A255C96F9185EFC87D5EE5D4136C 945193 ')
('2015-03-21 10:34:12.256877', 'client 52701109 bid 0 image 7891FCA04569218761098CFC6BC60EC9 636394 ')
('2015-03-21 10:34:18.265128', 'client 52269413 bid 0 price 73700 程路 310101198602111519')
('2015-03-21 10:34:18.823746', 'client 52537981 bid 0 image 2BA190514CE35A049BA69D5A31517372 509460 ')
('2015-03-21 10:34:18.839458', 'client 52537981 bid 0 price 73700 钱立瑛 310112198209172429')
('2015-03-21 10:34:31.249498', 'client 52535818 bid 0 image ABDF1C657913B84E964E7B20CB583932 928082 ')
('2015-03-21 10:34:31.275974', 'client 52535818 bid 0 price 73700 李骏超 310112199006272133')
('2015-03-21 10:34:33.213720', 'client 52781514 bid 0 image C055214A27CA2CDD3137231F46A0E41F 364618 ')
('2015-03-21 10:34:41.594209', 'client 52452621 bid 0 image Failed')
('2015-03-21 10:34:41.594300', 'client 52452621 bid 0 failed. Abort.....')
('2015-03-21 10:34:46.266793', 'client 52701109 bid 0 price Failed')
('2015-03-21 10:34:46.266967', 'client 52701109 bid 0 failed. Abort.....')
('2015-03-21 10:34:48.129285', 'client 52781514 bid 0 price 73700 陆修颀 310113198701260021')
('2015-03-21 10:35:12.199550', 'client 52452621 bid 0 image 5AECFAF0D3BDB197F30EE5A9ABB0D3F6 816162 ')
('2015-03-21 10:35:14.231556', 'client 52452621 bid 0 price 73700 吴涵 310110198507292055')
('2015-03-21 10:35:27.893413', 'client 52701109 bid 0 image 5261633ADB048D59B97CCCAFD01ED423 519050 ')
('2015-03-21 10:35:29.896579', 'client 52701109 bid 0 price 73700 meet err_112 张彩凤 310112198111290929')
('2015-03-21 10:35:34.718438', 'client 52739303 bid 0 image 2DF2E0D63C49F7F986127E0812CBADA0 883948 ')
('2015-03-21 10:35:59.897074', 'client 52701109 bid 0 price Failed')
('2015-03-21 10:35:59.897318', 'client 52701109 bid 0 failed. Abort.....')
('2015-03-21 10:36:08.725185', 'client 52739303 bid 0 price Failed')
('2015-03-21 10:36:08.725386', 'client 52739303 bid 0 failed. Abort.....')
('2015-03-21 10:36:56.133050', 'client 52739303 bid 0 image D170CB0227EFB1D886DC8BD7999EC2EE 361808 ')
('2015-03-21 10:37:09.051867', 'client 52739303 bid 0 price 73700 贺闰 310103198206165024')
('2015-03-21 11:29:36.894328', 'client 52452621 bid 1 image 5E101DD25E690ABCB63BE6E62F39C6CB 938264 ')
('2015-03-21 11:29:36.944809', 'client 52269413 bid 1 image 994BDFB41ECD8C92AC022CACC38B56DC 380929 ')
('2015-03-21 11:29:36.952128', 'client 52549253 bid 1 image 8F31082646A94C7F9E9C0AC7DC21C31F 906392 ')
('2015-03-21 11:29:37.423656', 'client 52781514 bid 1 image 2879B7D11CA15FA1A83441020EC16535 529051 ')
('2015-03-21 11:29:38.320760', 'client 52701109 bid 1 image BA051F5B44D84F5572B4A7BC10BAB98C 361938 ')
('2015-03-21 11:29:43.903444', 'client 52739303 bid 1 image DD71109971CFAAA798D067111657A0B5 183638 ')
('2015-03-21 11:29:44.113051', 'client 52535818 bid 1 image FB0A5A1B82A6C806826B4AA8791D927B 454815 ')
('2015-03-21 11:29:50.325634', 'client 52537981 bid 1 image 7DE62BF9F961B447E92D8EB800256E31 825463 ')
('2015-03-21 11:29:56.606522', 'client 52452621 bid 1 cancel')
('2015-03-21 11:29:56.606685', 'client 52452621 bid 1 price Failed')
('2015-03-21 11:29:56.606781', 'client 52452621 bid 1 failed. Abort.....')
('2015-03-21 11:29:56.608510', 'client 52269413 bid 1 cancel')
('2015-03-21 11:29:56.608610', 'client 52269413 bid 1 price Failed')
('2015-03-21 11:29:56.608753', 'client 52269413 bid 1 failed. Abort.....')
('2015-03-21 11:29:56.609387', 'client 52549253 bid 1 cancel')
('2015-03-21 11:29:56.609539', 'client 52549253 bid 1 price Failed')
('2015-03-21 11:29:56.609626', 'client 52549253 bid 1 failed. Abort.....')
('2015-03-21 11:29:56.611687', 'client 52701109 bid 1 cancel')
('2015-03-21 11:29:56.611783', 'client 52701109 bid 1 price Failed')
('2015-03-21 11:29:56.611858', 'client 52701109 bid 1 failed. Abort.....')
('2015-03-21 11:29:56.615509', 'client 52739303 bid 1 cancel')
('2015-03-21 11:29:56.615645', 'client 52739303 bid 1 price Failed')
('2015-03-21 11:29:56.615725', 'client 52739303 bid 1 failed. Abort.....')
('2015-03-21 11:29:56.616493', 'client 52535818 bid 1 cancel')
('2015-03-21 11:29:56.616603', 'client 52535818 bid 1 price Failed')
('2015-03-21 11:29:56.616710', 'client 52535818 bid 1 failed. Abort.....')
('2015-03-21 11:29:56.618985', 'client 52781514 bid 1 cancel')
('2015-03-21 11:29:56.619091', 'client 52781514 bid 1 price Failed')
('2015-03-21 11:29:56.619181', 'client 52781514 bid 1 failed. Abort.....')
('2015-03-21 11:29:56.621453', 'client 52537981 bid 1 cancel')
('2015-03-21 11:29:56.621607', 'client 52537981 bid 1 price Failed')
('2015-03-21 11:29:56.621689', 'client 52537981 bid 1 failed. Abort.....')
('2015-03-21 11:29:56.825555', 'client 52781514 bid 2 image 8B2246BA47B21FAF77BE631C77030F55 161946 ')
('2015-03-21 11:29:56.856779', 'client 52549253 bid 2 image D301C8D2D4C519CBA3EBEA8C889ECE7C 926082 ')
('2015-03-21 11:29:57.016372', 'client 52739303 bid 2 image 417D2B3C6019217D04527DE8CC5DB5DC 648481 ')
('2015-03-21 11:29:58.326069', 'client 52537981 bid 2 image 0883E82AEE5D971943994823C74D84A7 482606 ')
('2015-03-21 11:29:58.411904', 'client 52269413 bid 2 image 15778F767C98A85A203F0F1F3D79D470 262628 ')
('2015-03-21 11:29:58.515156', 'client 52701109 bid 2 image 957CBF65FF41F4B218A81006ADDCCB9D 616350 ')
('2015-03-21 11:30:07.318637', 'client 52535818 bid 2 image Failed')
('2015-03-21 11:30:07.318709', 'client 52535818 bid 2 failed. Abort.....')
('2015-03-21 11:30:08.060464', 'client 52452621 bid 2 image Failed')
('2015-03-21 11:30:08.060613', 'client 52452621 bid 2 failed. Abort.....')
('2015-03-21 11:30:10.839223', 'client 52781514 bid 2 price Failed')
('2015-03-21 11:30:10.839380', 'client 52781514 bid 2 failed. Abort.....')
('2015-03-21 11:30:10.866134', 'client 52549253 bid 2 price Failed')
('2015-03-21 11:30:10.866279', 'client 52549253 bid 2 failed. Abort.....')
('2015-03-21 11:30:11.025166', 'client 52739303 bid 2 price Failed')
('2015-03-21 11:30:11.025300', 'client 52739303 bid 2 failed. Abort.....')
('2015-03-21 11:30:12.335920', 'client 52537981 bid 2 price Failed')
('2015-03-21 11:30:12.336135', 'client 52537981 bid 2 failed. Abort.....')
('2015-03-21 11:30:12.420206', 'client 52269413 bid 2 price Failed')
('2015-03-21 11:30:12.420333', 'client 52269413 bid 2 failed. Abort.....')
('2015-03-21 11:30:12.525080', 'client 52701109 bid 2 price Failed')
('2015-03-21 11:30:12.525156', 'client 52701109 bid 2 failed. Abort.....')
('2015-03-21 11:30:17.328935', "client 52535818 bids finished. price : ['73700', None, None] . Quit.....")
('2015-03-21 11:30:18.070861', "client 52452621 bids finished. price : ['73700', None, None] . Quit.....")
('2015-03-21 11:30:20.849630', "client 52781514 bids finished. price : ['73700', None, None] . Quit.....")
('2015-03-21 11:30:20.876500', "client 52549253 bids finished. price : ['73700', None, None] . Quit.....")
('2015-03-21 11:30:21.035500', "client 52739303 bids finished. price : ['73700', None, None] . Quit.....")
('2015-03-21 11:30:22.336984', "client 52537981 bids finished. price : ['73700', None, None] . Quit.....")
('2015-03-21 11:30:22.430539', "client 52269413 bids finished. price : ['73700', None, None] . Quit.....")
('2015-03-21 11:30:22.535288', 'client 52701109 bids finished. price : [None, None, None] . Quit.....')
