('2015-03-21 09:55:28.822839', 'worker [9] started')
('2015-03-21 09:55:28.822975', 'client 8 initted')
('2015-03-21 09:55:30.009791', 'put_channel : channel login, group 0, time 2015-03-21 09:55:30.009666')
('2015-03-21 09:55:30.010627', 'put_channel : channel login, group 1, time 2015-03-21 09:55:30.010470')
('2015-03-21 09:55:30.018582', 'fd_channel : login[0] 1 login[1] 0 , tb0[0] 0 tb0[1] 0 , tb1[0] 0 tb1[1] 0')
('2015-03-21 09:55:30.019761', 'fd_channel : login[0] 0 login[1] 0 , tb0[0] 0 tb0[1] 0 , tb1[0] 0 tb1[1] 0')
('2015-03-21 09:55:31.509085', 'put_channel : channel login, group 0, time 2015-03-21 09:55:31.508862')
('2015-03-21 09:55:31.510350', 'put_channel : channel login, group 1, time 2015-03-21 09:55:31.510261')
('2015-03-21 09:55:31.511202', 'fd_channel : login[0] 1 login[1] 0 , tb0[0] 0 tb0[1] 0 , tb1[0] 0 tb1[1] 0')
('2015-03-21 09:55:31.522885', 'fd_channel : login[0] 0 login[1] 0 , tb0[0] 0 tb0[1] 0 , tb1[0] 0 tb1[1] 0')
('2015-03-21 09:55:33.008780', 'put_channel : channel login, group 0, time 2015-03-21 09:55:33.008660')
('2015-03-21 09:55:33.010265', 'put_channel : channel login, group 1, time 2015-03-21 09:55:33.010175')
('2015-03-21 09:55:33.011054', 'fd_channel : login[0] 1 login[1] 0 , tb0[0] 0 tb0[1] 0 , tb1[0] 0 tb1[1] 0')
('2015-03-21 09:55:33.025103', 'fd_channel : login[0] 0 login[1] 0 , tb0[0] 0 tb0[1] 0 , tb1[0] 0 tb1[1] 0')
('2015-03-21 09:55:34.508578', 'put_channel : channel login, group 0, time 2015-03-21 09:55:34.508447')
('2015-03-21 09:55:34.511914', 'put_channel : channel login, group 1, time 2015-03-21 09:55:34.511829')
('2015-03-21 09:55:34.512846', 'fd_channel : login[0] 1 login[1] 0 , tb0[0] 0 tb0[1] 0 , tb1[0] 0 tb1[1] 0')
('2015-03-21 09:55:34.527306', 'fd_channel : login[0] 0 login[1] 0 , tb0[0] 0 tb0[1] 0 , tb1[0] 0 tb1[1] 0')
('2015-03-21 10:32:31.510475', 'put_channel : channel tb0, group 0, time 2015-03-21 10:32:31.510253')
('2015-03-21 10:32:31.513840', 'put_channel : channel tb0, group 1, time 2015-03-21 10:32:31.513748')
('2015-03-21 10:32:33.008409', 'put_channel : channel tb0, group 0, time 2015-03-21 10:32:33.008288')
('2015-03-21 10:32:33.011701', 'put_channel : channel tb0, group 1, time 2015-03-21 10:32:33.011609')
('2015-03-21 10:32:34.509717', 'put_channel : channel tb0, group 0, time 2015-03-21 10:32:34.509584')
('2015-03-21 10:32:34.510529', 'put_channel : channel tb0, group 1, time 2015-03-21 10:32:34.510446')
('2015-03-21 10:32:36.005877', 'put_channel : channel tb0, group 0, time 2015-03-21 10:32:36.005779')
('2015-03-21 10:32:36.008026', 'put_channel : channel tb0, group 1, time 2015-03-21 10:32:36.007972')
('2015-03-21 10:32:37.509731', 'put_channel : channel tb0, group 0, time 2015-03-21 10:32:37.509600')
('2015-03-21 10:32:37.510422', 'put_channel : channel tb0, group 1, time 2015-03-21 10:32:37.510341')
('2015-03-21 10:32:39.009270', 'put_channel : channel tb0, group 0, time 2015-03-21 10:32:39.009106')
('2015-03-21 10:32:39.012006', 'put_channel : channel tb0, group 1, time 2015-03-21 10:32:39.011922')
('2015-03-21 10:32:40.510137', 'put_channel : channel tb0, group 0, time 2015-03-21 10:32:40.509990')
('2015-03-21 10:32:40.510828', 'put_channel : channel tb0, group 1, time 2015-03-21 10:32:40.510712')
('2015-03-21 10:32:42.008647', 'put_channel : channel tb0, group 0, time 2015-03-21 10:32:42.008512')
('2015-03-21 10:32:42.012239', 'put_channel : channel tb0, group 1, time 2015-03-21 10:32:42.012071')
('2015-03-21 10:32:43.508263', 'put_channel : channel tb0, group 0, time 2015-03-21 10:32:43.508090')
('2015-03-21 10:32:43.510126', 'put_channel : channel tb0, group 1, time 2015-03-21 10:32:43.510042')
('2015-03-21 10:32:45.009870', 'put_channel : channel tb0, group 0, time 2015-03-21 10:32:45.009737')
('2015-03-21 10:32:45.010508', 'put_channel : channel tb0, group 1, time 2015-03-21 10:32:45.010426')
('2015-03-21 10:32:46.508207', 'put_channel : channel tb0, group 0, time 2015-03-21 10:32:46.508028')
('2015-03-21 10:32:46.510491', 'put_channel : channel tb0, group 1, time 2015-03-21 10:32:46.510400')
('2015-03-21 10:32:48.008677', 'put_channel : channel tb0, group 0, time 2015-03-21 10:32:48.008544')
('2015-03-21 10:32:48.009967', 'put_channel : channel tb0, group 1, time 2015-03-21 10:32:48.009883')
('2015-03-21 10:32:49.507914', 'put_channel : channel tb0, group 0, time 2015-03-21 10:32:49.507781')
('2015-03-21 10:32:49.512119', 'put_channel : channel tb0, group 1, time 2015-03-21 10:32:49.512032')
('2015-03-21 10:32:51.007805', 'put_channel : channel tb0, group 0, time 2015-03-21 10:32:51.007700')
('2015-03-21 10:32:51.008226', 'put_channel : channel tb0, group 1, time 2015-03-21 10:32:51.008178')
('2015-03-21 10:32:52.509901', 'put_channel : channel tb0, group 0, time 2015-03-21 10:32:52.509769')
('2015-03-21 10:32:52.510586', 'put_channel : channel tb0, group 1, time 2015-03-21 10:32:52.510494')
('2015-03-21 10:32:54.010578', 'put_channel : channel tb0, group 1, time 2015-03-21 10:32:54.010418')
('2015-03-21 10:32:54.011024', 'put_channel : channel tb0, group 0, time 2015-03-21 10:32:54.010893')
('2015-03-21 10:32:55.508413', 'put_channel : channel tb0, group 0, time 2015-03-21 10:32:55.508279')
('2015-03-21 10:32:55.511654', 'put_channel : channel tb0, group 1, time 2015-03-21 10:32:55.511561')
('2015-03-21 10:32:57.008407', 'put_channel : channel tb0, group 0, time 2015-03-21 10:32:57.008274')
('2015-03-21 10:32:57.010100', 'put_channel : channel tb0, group 1, time 2015-03-21 10:32:57.010017')
('2015-03-21 10:32:58.508117', 'put_channel : channel tb0, group 0, time 2015-03-21 10:32:58.508024')
('2015-03-21 10:32:58.510131', 'put_channel : channel tb0, group 1, time 2015-03-21 10:32:58.510078')
('2015-03-21 10:33:00.008217', 'put_channel : channel tb0, group 0, time 2015-03-21 10:33:00.008019')
('2015-03-21 10:33:00.011141', 'put_channel : channel tb0, group 1, time 2015-03-21 10:33:00.011048')
('2015-03-21 10:33:01.508441', 'put_channel : channel tb0, group 0, time 2015-03-21 10:33:01.508328')
('2015-03-21 10:33:01.509877', 'put_channel : channel tb0, group 1, time 2015-03-21 10:33:01.509786')
('2015-03-21 10:33:03.009582', 'put_channel : channel tb0, group 0, time 2015-03-21 10:33:03.009459')
('2015-03-21 10:33:03.010259', 'put_channel : channel tb0, group 1, time 2015-03-21 10:33:03.010177')
('2015-03-21 10:33:04.508701', 'put_channel : channel tb0, group 0, time 2015-03-21 10:33:04.508566')
('2015-03-21 10:33:04.510757', 'put_channel : channel tb0, group 1, time 2015-03-21 10:33:04.510664')
('2015-03-21 10:33:06.007601', 'put_channel : channel tb0, group 0, time 2015-03-21 10:33:06.007466')
('2015-03-21 10:33:06.010318', 'put_channel : channel tb0, group 1, time 2015-03-21 10:33:06.010225')
('2015-03-21 10:33:07.506718', 'put_channel : channel tb0, group 0, time 2015-03-21 10:33:07.506623')
('2015-03-21 10:33:07.510030', 'put_channel : channel tb0, group 1, time 2015-03-21 10:33:07.509981')
('2015-03-21 10:33:09.008224', 'put_channel : channel tb0, group 0, time 2015-03-21 10:33:09.008048')
('2015-03-21 10:33:09.009576', 'put_channel : channel tb0, group 1, time 2015-03-21 10:33:09.009485')
('2015-03-21 10:33:10.509642', 'put_channel : channel tb0, group 0, time 2015-03-21 10:33:10.509508')
('2015-03-21 10:33:10.510317', 'put_channel : channel tb0, group 1, time 2015-03-21 10:33:10.510235')
('2015-03-21 10:33:12.010251', 'put_channel : channel tb0, group 1, time 2015-03-21 10:33:12.010070')
('2015-03-21 10:33:12.010939', 'put_channel : channel tb0, group 0, time 2015-03-21 10:33:12.010857')
('2015-03-21 10:33:13.509030', 'put_channel : channel tb0, group 0, time 2015-03-21 10:33:13.508903')
('2015-03-21 10:33:13.511827', 'put_channel : channel tb0, group 1, time 2015-03-21 10:33:13.511745')
('2015-03-21 10:33:15.008725', 'put_channel : channel tb0, group 0, time 2015-03-21 10:33:15.008592')
('2015-03-21 10:33:15.010043', 'put_channel : channel tb0, group 1, time 2015-03-21 10:33:15.009958')
('2015-03-21 10:33:23.506147', 'put_channel : channel tb0, group 0, time 2015-03-21 10:33:23.506012')
('2015-03-21 10:33:23.521638', 'put_channel : channel tb0, group 0, time 2015-03-21 10:33:23.521550')
('2015-03-21 10:33:26.506235', 'put_channel : channel tb0, group 0, time 2015-03-21 10:33:26.506095')
('2015-03-21 10:33:26.520215', 'put_channel : channel tb0, group 0, time 2015-03-21 10:33:26.520080')
('2015-03-21 10:33:28.012105', 'put_channel : channel tb0, group 1, time 2015-03-21 10:33:28.011963')
('2015-03-21 10:33:28.511348', 'put_channel : channel tb0, group 1, time 2015-03-21 10:33:28.511203')
('2015-03-21 10:33:30.008090', 'put_channel : channel tb0, group 0, time 2015-03-21 10:33:30.007959')
('2015-03-21 10:33:30.010994', 'put_channel : channel tb0, group 1, time 2015-03-21 10:33:30.010863')
('2015-03-21 10:33:30.012526', 'put_channel : channel tb0, group 0, time 2015-03-21 10:33:30.012440')
('2015-03-21 10:33:31.016446', 'put_channel : channel tb0, group 0, time 2015-03-21 10:33:31.016314')
('2015-03-21 10:33:31.510291', 'put_channel : channel tb0, group 1, time 2015-03-21 10:33:31.510163')
('2015-03-21 10:33:33.010209', 'put_channel : channel tb0, group 1, time 2015-03-21 10:33:33.010087')
('2015-03-21 10:33:34.508789', 'put_channel : channel tb0, group 0, time 2015-03-21 10:33:34.508656')
('2015-03-21 10:33:34.509488', 'put_channel : channel tb0, group 0, time 2015-03-21 10:33:34.509394')
('2015-03-21 10:33:34.510652', 'put_channel : channel tb0, group 1, time 2015-03-21 10:33:34.510568')
('2015-03-21 10:33:35.520302', 'put_channel : channel tb0, group 0, time 2015-03-21 10:33:35.520122')
('2015-03-21 10:33:36.009683', 'put_channel : channel tb0, group 1, time 2015-03-21 10:33:36.009550')
('2015-03-21 10:33:37.511919', 'put_channel : channel tb0, group 1, time 2015-03-21 10:33:37.511787')
('2015-03-21 10:33:39.008659', 'put_channel : channel tb0, group 0, time 2015-03-21 10:33:39.008487')
('2015-03-21 10:33:39.009436', 'put_channel : channel tb0, group 0, time 2015-03-21 10:33:39.009344')
('2015-03-21 10:33:39.010048', 'put_channel : channel tb0, group 1, time 2015-03-21 10:33:39.009893')
('2015-03-21 10:33:40.016512', 'put_channel : channel tb0, group 0, time 2015-03-21 10:33:40.016365')
('2015-03-21 10:33:40.511787', 'put_channel : channel tb0, group 1, time 2015-03-21 10:33:40.511662')
('2015-03-21 10:33:42.010101', 'put_channel : channel tb0, group 1, time 2015-03-21 10:33:42.009966')
('2015-03-21 10:33:43.510693', 'put_channel : channel tb0, group 1, time 2015-03-21 10:33:43.510565')
('2015-03-21 10:33:44.504499', 'put_channel : channel tb0, group 0, time 2015-03-21 10:33:44.504360')
('2015-03-21 10:33:44.512198', 'put_channel : channel tb0, group 0, time 2015-03-21 10:33:44.512070')
('2015-03-21 10:33:45.008519', 'put_channel : channel tb0, group 0, time 2015-03-21 10:33:45.008388')
('2015-03-21 10:33:45.013597', 'put_channel : channel tb0, group 1, time 2015-03-21 10:33:45.013510')
('2015-03-21 10:33:46.509830', 'put_channel : channel tb0, group 1, time 2015-03-21 10:33:46.509697')
('2015-03-21 10:33:48.012272', 'put_channel : channel tb0, group 1, time 2015-03-21 10:33:48.012096')
('2015-03-21 10:33:49.508682', 'put_channel : channel tb0, group 0, time 2015-03-21 10:33:49.508551')
('2015-03-21 10:33:49.510097', 'put_channel : channel tb0, group 1, time 2015-03-21 10:33:49.510004')
('2015-03-21 10:33:49.513089', 'put_channel : channel tb0, group 0, time 2015-03-21 10:33:49.513002')
('2015-03-21 10:33:51.006542', 'put_channel : channel tb0, group 0, time 2015-03-21 10:33:51.006441')
('2015-03-21 10:33:51.010340', 'put_channel : channel tb0, group 1, time 2015-03-21 10:33:51.010285')
('2015-03-21 10:33:51.011974', 'put_channel : channel tb0, group 0, time 2015-03-21 10:33:51.011921')
('2015-03-21 10:33:52.048804', 'put_channel : channel tb0, group 0, time 2015-03-21 10:33:52.048657')
('2015-03-21 10:33:52.509766', 'put_channel : channel tb0, group 1, time 2015-03-21 10:33:52.509637')
('2015-03-21 10:33:54.009795', 'put_channel : channel tb0, group 1, time 2015-03-21 10:33:54.009664')
('2015-03-21 10:33:55.510519', 'put_channel : channel tb0, group 1, time 2015-03-21 10:33:55.510386')
('2015-03-21 10:33:57.011986', 'put_channel : channel tb0, group 1, time 2015-03-21 10:33:57.011853')
('2015-03-21 10:33:58.512693', 'put_channel : channel tb0, group 1, time 2015-03-21 10:33:58.512566')
('2015-03-21 10:33:59.508398', 'put_channel : channel tb0, group 0, time 2015-03-21 10:33:59.508259')
('2015-03-21 10:33:59.520251', 'put_channel : channel tb0, group 0, time 2015-03-21 10:33:59.520118')
('2015-03-21 10:34:00.008651', 'put_channel : channel tb0, group 0, time 2015-03-21 10:34:00.008516')
('2015-03-21 10:34:00.011016', 'put_channel : channel tb0, group 1, time 2015-03-21 10:34:00.010865')
('2015-03-21 10:34:00.012512', 'put_channel : channel tb0, group 0, time 2015-03-21 10:34:00.012426')
('2015-03-21 10:34:01.018208', 'put_channel : channel tb0, group 0, time 2015-03-21 10:34:01.018062')
('2015-03-21 10:34:01.508481', 'put_channel : channel tb0, group 0, time 2015-03-21 10:34:01.508368')
('2015-03-21 10:34:01.510111', 'put_channel : channel tb0, group 1, time 2015-03-21 10:34:01.510021')
('2015-03-21 10:34:01.753948', 'fd_channel : login[0] 0 login[1] 0 , tb0[0] 57 tb0[1] 53 , tb1[0] 0 tb1[1] 0')
('2015-03-21 10:34:01.755865', 'fd_channel : login[0] 0 login[1] 0 , tb0[0] 57 tb0[1] 52 , tb1[0] 0 tb1[1] 0')
('2015-03-21 10:34:01.757909', 'fd_channel : login[0] 0 login[1] 0 , tb0[0] 57 tb0[1] 51 , tb1[0] 0 tb1[1] 0')
('2015-03-21 10:34:01.760074', 'fd_channel : login[0] 0 login[1] 0 , tb0[0] 57 tb0[1] 50 , tb1[0] 0 tb1[1] 0')
('2015-03-21 10:34:01.762043', 'fd_channel : login[0] 0 login[1] 0 , tb0[0] 57 tb0[1] 49 , tb1[0] 0 tb1[1] 0')
('2015-03-21 10:34:01.764676', 'fd_channel : login[0] 0 login[1] 0 , tb0[0] 57 tb0[1] 48 , tb1[0] 0 tb1[1] 0')
('2015-03-21 10:34:01.766428', 'fd_channel : login[0] 0 login[1] 0 , tb0[0] 57 tb0[1] 47 , tb1[0] 0 tb1[1] 0')
('2015-03-21 10:34:01.781378', 'fd_channel : login[0] 0 login[1] 0 , tb0[0] 57 tb0[1] 46 , tb1[0] 0 tb1[1] 0')
('2015-03-21 10:34:02.514189', 'put_channel : channel tb0, group 0, time 2015-03-21 10:34:02.514047')
('2015-03-21 10:34:03.008409', 'put_channel : channel tb0, group 1, time 2015-03-21 10:34:03.008325')
('2015-03-21 10:34:03.539894', 'fd_channel : login[0] 0 login[1] 0 , tb0[0] 58 tb0[1] 46 , tb1[0] 0 tb1[1] 0')
('2015-03-21 10:34:03.541602', 'fd_channel : login[0] 0 login[1] 0 , tb0[0] 58 tb0[1] 45 , tb1[0] 0 tb1[1] 0')
('2015-03-21 10:34:03.543130', 'fd_channel : login[0] 0 login[1] 0 , tb0[0] 58 tb0[1] 44 , tb1[0] 0 tb1[1] 0')
('2015-03-21 10:34:04.510413', 'put_channel : channel tb0, group 1, time 2015-03-21 10:34:04.510186')
('2015-03-21 10:34:05.276395', 'fd_channel : login[0] 0 login[1] 0 , tb0[0] 58 tb0[1] 44 , tb1[0] 0 tb1[1] 0')
('2015-03-21 10:34:06.010503', 'put_channel : channel tb0, group 1, time 2015-03-21 10:34:06.010368')
('2015-03-21 10:34:06.546526', 'fd_channel : login[0] 0 login[1] 0 , tb0[0] 58 tb0[1] 44 , tb1[0] 0 tb1[1] 0')
('2015-03-21 10:34:06.852456', 'fd_channel : login[0] 0 login[1] 0 , tb0[0] 58 tb0[1] 43 , tb1[0] 0 tb1[1] 0')
('2015-03-21 10:34:07.511592', 'put_channel : channel tb0, group 1, time 2015-03-21 10:34:07.511458')
('2015-03-21 10:34:07.585470', 'fd_channel : login[0] 0 login[1] 0 , tb0[0] 57 tb0[1] 44 , tb1[0] 0 tb1[1] 0')
('2015-03-21 10:34:07.587539', 'fd_channel : login[0] 0 login[1] 0 , tb0[0] 57 tb0[1] 43 , tb1[0] 0 tb1[1] 0')
('2015-03-21 10:34:08.588043', 'fd_channel : login[0] 0 login[1] 0 , tb0[0] 57 tb0[1] 42 , tb1[0] 0 tb1[1] 0')
('2015-03-21 10:34:09.010371', 'put_channel : channel tb0, group 1, time 2015-03-21 10:34:09.010252')
('2015-03-21 10:34:10.004818', 'put_channel : channel tb0, group 0, time 2015-03-21 10:34:10.004674')
('2015-03-21 10:34:10.016050', 'put_channel : channel tb0, group 0, time 2015-03-21 10:34:10.015962')
('2015-03-21 10:34:10.510208', 'put_channel : channel tb0, group 1, time 2015-03-21 10:34:10.510079')
('2015-03-21 10:34:11.593015', 'fd_channel : login[0] 0 login[1] 0 , tb0[0] 59 tb0[1] 43 , tb1[0] 0 tb1[1] 0')
('2015-03-21 10:34:11.900346', 'fd_channel : login[0] 0 login[1] 0 , tb0[0] 59 tb0[1] 42 , tb1[0] 0 tb1[1] 0')
('2015-03-21 10:34:11.918599', 'fd_channel : login[0] 0 login[1] 0 , tb0[0] 58 tb0[1] 42 , tb1[0] 0 tb1[1] 0')
('2015-03-21 10:34:11.920508', 'fd_channel : login[0] 0 login[1] 0 , tb0[0] 58 tb0[1] 41 , tb1[0] 0 tb1[1] 0')
('2015-03-21 10:34:12.258071', 'fd_channel : login[0] 0 login[1] 0 , tb0[0] 57 tb0[1] 41 , tb1[0] 0 tb1[1] 0')
('2015-03-21 10:34:12.260369', 'fd_channel : login[0] 0 login[1] 0 , tb0[0] 57 tb0[1] 40 , tb1[0] 0 tb1[1] 0')
('2015-03-21 10:34:13.923163', 'fd_channel : login[0] 0 login[1] 0 , tb0[0] 56 tb0[1] 40 , tb1[0] 0 tb1[1] 0')
('2015-03-21 10:34:13.925166', 'fd_channel : login[0] 0 login[1] 0 , tb0[0] 56 tb0[1] 39 , tb1[0] 0 tb1[1] 0')
('2015-03-21 10:34:14.263438', 'fd_channel : login[0] 0 login[1] 0 , tb0[0] 55 tb0[1] 39 , tb1[0] 0 tb1[1] 0')
('2015-03-21 10:34:14.265512', 'fd_channel : login[0] 0 login[1] 0 , tb0[0] 55 tb0[1] 38 , tb1[0] 0 tb1[1] 0')
('2015-03-21 10:34:17.508526', 'put_channel : channel tb0, group 0, time 2015-03-21 10:34:17.508404')
('2015-03-21 10:34:17.520275', 'put_channel : channel tb0, group 0, time 2015-03-21 10:34:17.520186')
('2015-03-21 10:34:18.007748', 'put_channel : channel tb0, group 0, time 2015-03-21 10:34:18.007637')
('2015-03-21 10:34:18.008678', 'put_channel : channel tb0, group 0, time 2015-03-21 10:34:18.008594')
('2015-03-21 10:34:18.825531', 'fd_channel : login[0] 0 login[1] 0 , tb0[0] 58 tb0[1] 38 , tb1[0] 0 tb1[1] 0')
('2015-03-21 10:34:18.827087', 'fd_channel : login[0] 0 login[1] 0 , tb0[0] 58 tb0[1] 37 , tb1[0] 0 tb1[1] 0')
('2015-03-21 10:34:28.006681', 'put_channel : channel tb0, group 0, time 2015-03-21 10:34:28.006538')
('2015-03-21 10:34:28.016237', 'put_channel : channel tb0, group 0, time 2015-03-21 10:34:28.016105')
('2015-03-21 10:34:28.508431', 'put_channel : channel tb0, group 0, time 2015-03-21 10:34:28.508323')
('2015-03-21 10:34:28.510333', 'put_channel : channel tb0, group 0, time 2015-03-21 10:34:28.510245')
('2015-03-21 10:34:28.528003', 'put_channel : channel tb0, group 0, time 2015-03-21 10:34:28.527917')
('2015-03-21 10:34:29.520604', 'put_channel : channel tb0, group 0, time 2015-03-21 10:34:29.520467')
('2015-03-21 10:34:30.008714', 'put_channel : channel tb0, group 0, time 2015-03-21 10:34:30.008595')
('2015-03-21 10:34:31.016473', 'put_channel : channel tb0, group 0, time 2015-03-21 10:34:31.016325')
('2015-03-21 10:34:31.250768', 'fd_channel : login[0] 0 login[1] 0 , tb0[0] 65 tb0[1] 37 , tb1[0] 0 tb1[1] 0')
('2015-03-21 10:34:31.252878', 'fd_channel : login[0] 0 login[1] 0 , tb0[0] 65 tb0[1] 36 , tb1[0] 0 tb1[1] 0')
('2015-03-21 10:34:31.507800', 'put_channel : channel tb0, group 0, time 2015-03-21 10:34:31.507697')
('2015-03-21 10:34:31.784621', 'fd_channel : login[0] 0 login[1] 0 , tb0[0] 66 tb0[1] 35 , tb1[0] 0 tb1[1] 0')
('2015-03-21 10:34:33.215005', 'fd_channel : login[0] 0 login[1] 0 , tb0[0] 65 tb0[1] 35 , tb1[0] 0 tb1[1] 0')
('2015-03-21 10:34:33.217351', 'fd_channel : login[0] 0 login[1] 0 , tb0[0] 65 tb0[1] 34 , tb1[0] 0 tb1[1] 0')
('2015-03-21 10:34:35.219810', 'fd_channel : login[0] 0 login[1] 0 , tb0[0] 64 tb0[1] 34 , tb1[0] 0 tb1[1] 0')
('2015-03-21 10:34:35.222002', 'fd_channel : login[0] 0 login[1] 0 , tb0[0] 64 tb0[1] 33 , tb1[0] 0 tb1[1] 0')
('2015-03-21 10:34:41.595955', 'fd_channel : login[0] 0 login[1] 0 , tb0[0] 64 tb0[1] 32 , tb1[0] 0 tb1[1] 0')
('2015-03-21 10:34:42.034437', 'put_channel : channel tb0, group 1, time 2015-03-21 10:34:42.034303')
('2015-03-21 10:34:43.009934', 'put_channel : channel tb0, group 1, time 2015-03-21 10:34:43.009836')
('2015-03-21 10:34:43.025862', 'put_channel : channel tb0, group 1, time 2015-03-21 10:34:43.025775')
('2015-03-21 10:34:43.057760', 'put_channel : channel tb0, group 1, time 2015-03-21 10:34:43.057669')
('2015-03-21 10:34:43.511413', 'put_channel : channel tb0, group 1, time 2015-03-21 10:34:43.511288')
('2015-03-21 10:34:43.513907', 'put_channel : channel tb0, group 1, time 2015-03-21 10:34:43.513820')
('2015-03-21 10:34:43.538123', 'put_channel : channel tb0, group 1, time 2015-03-21 10:34:43.538035')
('2015-03-21 10:34:44.521871', 'put_channel : channel tb0, group 1, time 2015-03-21 10:34:44.521735')
('2015-03-21 10:34:45.012622', 'put_channel : channel tb0, group 1, time 2015-03-21 10:34:45.012497')
('2015-03-21 10:34:45.041622', 'put_channel : channel tb0, group 1, time 2015-03-21 10:34:45.041535')
('2015-03-21 10:34:46.018501', 'put_channel : channel tb0, group 1, time 2015-03-21 10:34:46.018360')
('2015-03-21 10:34:46.268911', 'fd_channel : login[0] 0 login[1] 0 , tb0[0] 64 tb0[1] 42 , tb1[0] 0 tb1[1] 0')
('2015-03-21 10:34:46.511306', 'put_channel : channel tb0, group 1, time 2015-03-21 10:34:46.511190')
('2015-03-21 10:34:46.546004', 'put_channel : channel tb0, group 1, time 2015-03-21 10:34:46.545917')
('2015-03-21 10:34:48.004626', 'fd_channel : login[0] 0 login[1] 0 , tb0[0] 64 tb0[1] 43 , tb1[0] 0 tb1[1] 0')
('2015-03-21 10:34:48.011829', 'put_channel : channel tb0, group 1, time 2015-03-21 10:34:48.011740')
('2015-03-21 10:34:48.033816', 'put_channel : channel tb0, group 1, time 2015-03-21 10:34:48.033728')
('2015-03-21 10:34:49.010217', 'put_channel : channel tb0, group 0, time 2015-03-21 10:34:49.010074')
('2015-03-21 10:34:49.024439', 'put_channel : channel tb0, group 0, time 2015-03-21 10:34:49.024346')
('2015-03-21 10:34:49.507993', 'put_channel : channel tb0, group 0, time 2015-03-21 10:34:49.507858')
('2015-03-21 10:34:49.509691', 'put_channel : channel tb0, group 0, time 2015-03-21 10:34:49.509606')
('2015-03-21 10:34:49.536221', 'put_channel : channel tb0, group 0, time 2015-03-21 10:34:49.536085')
('2015-03-21 10:34:50.512422', 'put_channel : channel tb0, group 0, time 2015-03-21 10:34:50.512277')
('2015-03-21 10:34:50.577799', 'put_channel : channel tb0, group 0, time 2015-03-21 10:34:50.577711')
('2015-03-21 10:34:51.005758', 'put_channel : channel tb0, group 0, time 2015-03-21 10:34:51.005663')
('2015-03-21 10:34:51.025261', 'put_channel : channel tb0, group 0, time 2015-03-21 10:34:51.025212')
('2015-03-21 10:34:52.016484', 'put_channel : channel tb0, group 0, time 2015-03-21 10:34:52.016338')
('2015-03-21 10:34:52.509280', 'put_channel : channel tb0, group 0, time 2015-03-21 10:34:52.509152')
('2015-03-21 10:34:52.528184', 'put_channel : channel tb0, group 0, time 2015-03-21 10:34:52.528057')
('2015-03-21 10:34:54.007905', 'put_channel : channel tb0, group 0, time 2015-03-21 10:34:54.007775')
('2015-03-21 10:34:54.032275', 'put_channel : channel tb0, group 0, time 2015-03-21 10:34:54.032187')
('2015-03-21 10:34:55.509304', 'put_channel : channel tb0, group 0, time 2015-03-21 10:34:55.509171')
('2015-03-21 10:35:01.787462', 'fd_channel : login[0] 0 login[1] 0 , tb0[0] 79 tb0[1] 44 , tb1[0] 0 tb1[1] 0')
('2015-03-21 10:35:07.010095', 'put_channel : channel tb0, group 1, time 2015-03-21 10:35:07.009954')
('2015-03-21 10:35:07.512401', 'put_channel : channel tb0, group 1, time 2015-03-21 10:35:07.512274')
('2015-03-21 10:35:07.514230', 'put_channel : channel tb0, group 1, time 2015-03-21 10:35:07.514144')
('2015-03-21 10:35:09.010321', 'put_channel : channel tb0, group 1, time 2015-03-21 10:35:09.010185')
('2015-03-21 10:35:10.018178', 'put_channel : channel tb0, group 1, time 2015-03-21 10:35:10.018035')
('2015-03-21 10:35:10.510043', 'put_channel : channel tb0, group 1, time 2015-03-21 10:35:10.509911')
('2015-03-21 10:35:10.546030', 'put_channel : channel tb0, group 1, time 2015-03-21 10:35:10.545924')
('2015-03-21 10:35:12.011637', 'put_channel : channel tb0, group 1, time 2015-03-21 10:35:12.011500')
('2015-03-21 10:35:12.033809', 'put_channel : channel tb0, group 1, time 2015-03-21 10:35:12.033722')
('2015-03-21 10:35:12.203750', 'fd_channel : login[0] 0 login[1] 0 , tb0[0] 76 tb0[1] 52 , tb1[0] 0 tb1[1] 0')
('2015-03-21 10:35:12.218317', 'fd_channel : login[0] 0 login[1] 0 , tb0[0] 57 tb0[1] 52 , tb1[0] 0 tb1[1] 0')
('2015-03-21 10:35:13.510543', 'put_channel : channel tb0, group 1, time 2015-03-21 10:35:13.510408')
('2015-03-21 10:35:13.538239', 'put_channel : channel tb0, group 1, time 2015-03-21 10:35:13.538138')
('2015-03-21 10:35:14.206669', 'fd_channel : login[0] 0 login[1] 0 , tb0[0] 56 tb0[1] 54 , tb1[0] 0 tb1[1] 0')
('2015-03-21 10:35:14.208426', 'fd_channel : login[0] 0 login[1] 0 , tb0[0] 56 tb0[1] 53 , tb1[0] 0 tb1[1] 0')
('2015-03-21 10:35:15.011528', 'put_channel : channel tb0, group 1, time 2015-03-21 10:35:15.011397')
('2015-03-21 10:35:16.272262', 'fd_channel : login[0] 0 login[1] 0 , tb0[0] 56 tb0[1] 53 , tb1[0] 0 tb1[1] 0')
('2015-03-21 10:35:16.508425', 'put_channel : channel tb0, group 0, time 2015-03-21 10:35:16.508320')
('2015-03-21 10:35:16.512332', 'put_channel : channel tb0, group 1, time 2015-03-21 10:35:16.512242')
('2015-03-21 10:35:16.512652', 'put_channel : channel tb0, group 0, time 2015-03-21 10:35:16.512560')
('2015-03-21 10:35:16.529732', 'put_channel : channel tb0, group 0, time 2015-03-21 10:35:16.529645')
('2015-03-21 10:35:18.009625', 'put_channel : channel tb0, group 0, time 2015-03-21 10:35:18.009491')
('2015-03-21 10:35:18.011396', 'put_channel : channel tb0, group 1, time 2015-03-21 10:35:18.011303')
('2015-03-21 10:35:18.012517', 'put_channel : channel tb0, group 0, time 2015-03-21 10:35:18.012433')
('2015-03-21 10:35:18.032062', 'put_channel : channel tb0, group 0, time 2015-03-21 10:35:18.031975')
('2015-03-21 10:35:19.016419', 'put_channel : channel tb0, group 0, time 2015-03-21 10:35:19.016319')
('2015-03-21 10:35:19.508365', 'put_channel : channel tb0, group 0, time 2015-03-21 10:35:19.508237')
('2015-03-21 10:35:19.509900', 'put_channel : channel tb0, group 1, time 2015-03-21 10:35:19.509815')
('2015-03-21 10:35:19.537782', 'put_channel : channel tb0, group 0, time 2015-03-21 10:35:19.537692')
('2015-03-21 10:35:21.008481', 'put_channel : channel tb0, group 0, time 2015-03-21 10:35:21.008384')
('2015-03-21 10:35:21.041227', 'put_channel : channel tb0, group 0, time 2015-03-21 10:35:21.041174')
('2015-03-21 10:35:22.507184', 'put_channel : channel tb0, group 0, time 2015-03-21 10:35:22.507075')
('2015-03-21 10:35:22.529323', 'put_channel : channel tb0, group 0, time 2015-03-21 10:35:22.529253')
('2015-03-21 10:35:24.008447', 'put_channel : channel tb0, group 0, time 2015-03-21 10:35:24.008349')
('2015-03-21 10:35:27.895634', 'fd_channel : login[0] 0 login[1] 0 , tb0[0] 68 tb0[1] 55 , tb1[0] 0 tb1[1] 0')
('2015-03-21 10:35:27.898201', 'fd_channel : login[0] 0 login[1] 0 , tb0[0] 64 tb0[1] 55 , tb1[0] 0 tb1[1] 0')
('2015-03-21 10:35:34.724118', 'fd_channel : login[0] 0 login[1] 0 , tb0[0] 61 tb0[1] 52 , tb1[0] 0 tb1[1] 0')
('2015-03-21 10:35:34.725749', 'fd_channel : login[0] 0 login[1] 0 , tb0[0] 61 tb0[1] 51 , tb1[0] 0 tb1[1] 0')
('2015-03-21 10:35:36.726084', 'fd_channel : login[0] 0 login[1] 0 , tb0[0] 59 tb0[1] 49 , tb1[0] 0 tb1[1] 0')
('2015-03-21 10:35:36.728056', 'fd_channel : login[0] 0 login[1] 0 , tb0[0] 58 tb0[1] 49 , tb1[0] 0 tb1[1] 0')
('2015-03-21 10:35:49.509905', 'put_channel : channel tb0, group 1, time 2015-03-21 10:35:49.509779')
('2015-03-21 10:35:49.513756', 'put_channel : channel tb0, group 1, time 2015-03-21 10:35:49.513669')
('2015-03-21 10:35:49.537805', 'put_channel : channel tb0, group 1, time 2015-03-21 10:35:49.537714')
('2015-03-21 10:35:50.529987', 'put_channel : channel tb0, group 1, time 2015-03-21 10:35:50.529850')
('2015-03-21 10:35:51.008662', 'put_channel : channel tb0, group 1, time 2015-03-21 10:35:51.008566')
('2015-03-21 10:35:51.013360', 'put_channel : channel tb0, group 1, time 2015-03-21 10:35:51.013308')
('2015-03-21 10:35:51.041139', 'put_channel : channel tb0, group 1, time 2015-03-21 10:35:51.041090')
('2015-03-21 10:35:52.017745', 'put_channel : channel tb0, group 1, time 2015-03-21 10:35:52.017642')
('2015-03-21 10:35:52.049516', 'put_channel : channel tb0, group 1, time 2015-03-21 10:35:52.049464')
('2015-03-21 10:35:52.507887', 'put_channel : channel tb0, group 1, time 2015-03-21 10:35:52.507791')
('2015-03-21 10:35:52.531000', 'put_channel : channel tb0, group 1, time 2015-03-21 10:35:52.530948')
('2015-03-21 10:35:53.585278', 'put_channel : channel tb0, group 1, time 2015-03-21 10:35:53.585181')
('2015-03-21 10:35:54.008696', 'put_channel : channel tb0, group 1, time 2015-03-21 10:35:54.008599')
('2015-03-21 10:35:54.035157', 'put_channel : channel tb0, group 1, time 2015-03-21 10:35:54.035107')
('2015-03-21 10:35:55.004297', 'put_channel : channel tb0, group 0, time 2015-03-21 10:35:55.004191')
('2015-03-21 10:35:55.015610', 'put_channel : channel tb0, group 0, time 2015-03-21 10:35:55.015557')
('2015-03-21 10:35:55.057582', 'put_channel : channel tb0, group 1, time 2015-03-21 10:35:55.057533')
('2015-03-21 10:35:55.506070', 'put_channel : channel tb0, group 0, time 2015-03-21 10:35:55.505975')
('2015-03-21 10:35:55.509068', 'put_channel : channel tb0, group 0, time 2015-03-21 10:35:55.509015')
('2015-03-21 10:35:55.535515', 'put_channel : channel tb0, group 0, time 2015-03-21 10:35:55.535466')
('2015-03-21 10:35:56.512504', 'put_channel : channel tb0, group 0, time 2015-03-21 10:35:56.512365')
('2015-03-21 10:35:56.572670', 'put_channel : channel tb0, group 0, time 2015-03-21 10:35:56.572583')
('2015-03-21 10:35:57.005854', 'put_channel : channel tb0, group 0, time 2015-03-21 10:35:57.005803')
('2015-03-21 10:35:57.039630', 'put_channel : channel tb0, group 0, time 2015-03-21 10:35:57.039577')
('2015-03-21 10:35:57.080898', 'fd_channel : login[0] 0 login[1] 0 , tb0[0] 54 tb0[1] 64 , tb1[0] 0 tb1[1] 0')
('2015-03-21 10:35:58.018213', 'put_channel : channel tb0, group 0, time 2015-03-21 10:35:58.018086')
('2015-03-21 10:35:58.065000', 'put_channel : channel tb0, group 0, time 2015-03-21 10:35:58.064910')
('2015-03-21 10:35:58.507614', 'put_channel : channel tb0, group 0, time 2015-03-21 10:35:58.507506')
('2015-03-21 10:35:58.544239', 'put_channel : channel tb0, group 0, time 2015-03-21 10:35:58.544089')
('2015-03-21 10:35:59.570772', 'put_channel : channel tb0, group 0, time 2015-03-21 10:35:59.570631')
('2015-03-21 10:36:00.008136', 'put_channel : channel tb0, group 0, time 2015-03-21 10:36:00.008043')
('2015-03-21 10:36:08.740857', 'fd_channel : login[0] 0 login[1] 0 , tb0[0] 60 tb0[1] 44 , tb1[0] 0 tb1[1] 0')
('2015-03-21 10:36:23.512244', 'put_channel : channel tb0, group 1, time 2015-03-21 10:36:23.512064')
('2015-03-21 10:36:23.524039', 'put_channel : channel tb0, group 1, time 2015-03-21 10:36:23.523949')
('2015-03-21 10:36:24.011371', 'put_channel : channel tb0, group 1, time 2015-03-21 10:36:24.011242')
('2015-03-21 10:36:24.012094', 'put_channel : channel tb0, group 1, time 2015-03-21 10:36:24.012001')
('2015-03-21 10:36:24.033813', 'put_channel : channel tb0, group 1, time 2015-03-21 10:36:24.033727')
('2015-03-21 10:36:25.026150', 'put_channel : channel tb0, group 1, time 2015-03-21 10:36:25.026010')
('2015-03-21 10:36:25.510132', 'put_channel : channel tb0, group 1, time 2015-03-21 10:36:25.510022')
('2015-03-21 10:36:25.537736', 'put_channel : channel tb0, group 1, time 2015-03-21 10:36:25.537650')
('2015-03-21 10:36:26.523865', 'put_channel : channel tb0, group 1, time 2015-03-21 10:36:26.523727')
('2015-03-21 10:36:26.547529', 'put_channel : channel tb0, group 1, time 2015-03-21 10:36:26.547438')
('2015-03-21 10:36:27.008963', 'put_channel : channel tb0, group 1, time 2015-03-21 10:36:27.008858')
('2015-03-21 10:36:27.026273', 'put_channel : channel tb0, group 1, time 2015-03-21 10:36:27.026185')
('2015-03-21 10:36:27.196797', 'fd_channel : login[0] 0 login[1] 0 , tb0[0] 60 tb0[1] 55 , tb1[0] 0 tb1[1] 0')
('2015-03-21 10:36:27.259472', 'fd_channel : login[0] 0 login[1] 0 , tb0[0] 60 tb0[1] 54 , tb1[0] 0 tb1[1] 0')
('2015-03-21 10:36:28.082603', 'put_channel : channel tb0, group 1, time 2015-03-21 10:36:28.082463')
('2015-03-21 10:36:28.510290', 'put_channel : channel tb0, group 1, time 2015-03-21 10:36:28.510163')
('2015-03-21 10:36:28.529753', 'put_channel : channel tb0, group 1, time 2015-03-21 10:36:28.529663')
('2015-03-21 10:36:31.004662', 'put_channel : channel tb0, group 0, time 2015-03-21 10:36:31.004520')
('2015-03-21 10:36:31.017722', 'put_channel : channel tb0, group 0, time 2015-03-21 10:36:31.017632')
('2015-03-21 10:36:31.509178', 'put_channel : channel tb0, group 0, time 2015-03-21 10:36:31.509053')
('2015-03-21 10:36:31.509771', 'put_channel : channel tb0, group 0, time 2015-03-21 10:36:31.509690')
('2015-03-21 10:36:31.535991', 'put_channel : channel tb0, group 0, time 2015-03-21 10:36:31.535907')
('2015-03-21 10:36:32.512726', 'put_channel : channel tb0, group 0, time 2015-03-21 10:36:32.512589')
('2015-03-21 10:36:32.561727', 'put_channel : channel tb0, group 0, time 2015-03-21 10:36:32.561613')
('2015-03-21 10:36:33.010151', 'put_channel : channel tb0, group 0, time 2015-03-21 10:36:33.010037')
('2015-03-21 10:36:33.040200', 'put_channel : channel tb0, group 0, time 2015-03-21 10:36:33.040068')
('2015-03-21 10:36:33.136313', 'put_channel : channel tb0, group 0, time 2015-03-21 10:36:33.136224')
('2015-03-21 10:36:34.016465', 'put_channel : channel tb0, group 0, time 2015-03-21 10:36:34.016321')
('2015-03-21 10:36:34.064465', 'put_channel : channel tb0, group 0, time 2015-03-21 10:36:34.064364')
('2015-03-21 10:36:34.508791', 'put_channel : channel tb0, group 0, time 2015-03-21 10:36:34.508662')
('2015-03-21 10:36:34.528456', 'put_channel : channel tb0, group 0, time 2015-03-21 10:36:34.528362')
('2015-03-21 10:36:34.608024', 'put_channel : channel tb0, group 0, time 2015-03-21 10:36:34.607938')
('2015-03-21 10:36:38.729839', 'fd_channel : login[0] 0 login[1] 0 , tb0[0] 75 tb0[1] 56 , tb1[0] 0 tb1[1] 0')
('2015-03-21 10:36:43.543460', 'fd_channel : login[0] 0 login[1] 0 , tb0[0] 58 tb0[1] 56 , tb1[0] 0 tb1[1] 0')
('2015-03-21 10:36:46.012022', 'put_channel : channel tb0, group 1, time 2015-03-21 10:36:46.011881')
('2015-03-21 10:36:46.019810', 'put_channel : channel tb0, group 1, time 2015-03-21 10:36:46.019721')
('2015-03-21 10:36:46.067527', 'put_channel : channel tb0, group 1, time 2015-03-21 10:36:46.067440')
('2015-03-21 10:36:46.510424', 'put_channel : channel tb0, group 1, time 2015-03-21 10:36:46.510303')
('2015-03-21 10:36:46.513938', 'put_channel : channel tb0, group 1, time 2015-03-21 10:36:46.513848')
('2015-03-21 10:36:46.530086', 'put_channel : channel tb0, group 1, time 2015-03-21 10:36:46.530001')
('2015-03-21 10:36:47.522106', 'put_channel : channel tb0, group 1, time 2015-03-21 10:36:47.521981')
('2015-03-21 10:36:48.010665', 'put_channel : channel tb0, group 1, time 2015-03-21 10:36:48.010550')
('2015-03-21 10:36:48.034086', 'put_channel : channel tb0, group 1, time 2015-03-21 10:36:48.033997')
('2015-03-21 10:36:49.028084', 'put_channel : channel tb0, group 1, time 2015-03-21 10:36:49.027943')
('2015-03-21 10:36:49.509591', 'put_channel : channel tb0, group 1, time 2015-03-21 10:36:49.509462')
('2015-03-21 10:36:49.539667', 'put_channel : channel tb0, group 1, time 2015-03-21 10:36:49.539580')
('2015-03-21 10:36:51.010572', 'put_channel : channel tb0, group 1, time 2015-03-21 10:36:51.010477')
('2015-03-21 10:36:51.041502', 'put_channel : channel tb0, group 1, time 2015-03-21 10:36:51.041449')
('2015-03-21 10:36:52.511067', 'put_channel : channel tb0, group 1, time 2015-03-21 10:36:52.510939')
('2015-03-21 10:36:56.150403', 'fd_channel : login[0] 0 login[1] 0 , tb0[0] 49 tb0[1] 59 , tb1[0] 0 tb1[1] 0')
('2015-03-21 10:36:56.156054', 'fd_channel : login[0] 0 login[1] 0 , tb0[0] 43 tb0[1] 59 , tb1[0] 0 tb1[1] 0')
('2015-03-21 10:36:58.139344', 'fd_channel : login[0] 0 login[1] 0 , tb0[0] 42 tb0[1] 59 , tb1[0] 0 tb1[1] 0')
('2015-03-21 10:36:58.141243', 'fd_channel : login[0] 0 login[1] 0 , tb0[0] 42 tb0[1] 58 , tb1[0] 0 tb1[1] 0')
('2015-03-21 10:36:58.596643', 'fd_channel : login[0] 0 login[1] 0 , tb0[0] 41 tb0[1] 58 , tb1[0] 0 tb1[1] 0')
('2015-03-21 10:37:06.008784', 'put_channel : channel tb0, group 0, time 2015-03-21 10:37:06.008693')
('2015-03-21 10:37:06.012414', 'put_channel : channel tb0, group 0, time 2015-03-21 10:37:06.012327')
('2015-03-21 10:37:06.032269', 'put_channel : channel tb0, group 0, time 2015-03-21 10:37:06.032179')
('2015-03-21 10:37:07.016569', 'put_channel : channel tb0, group 0, time 2015-03-21 10:37:07.016426')
('2015-03-21 10:37:07.057735', 'put_channel : channel tb0, group 0, time 2015-03-21 10:37:07.057647')
('2015-03-21 10:37:07.509668', 'put_channel : channel tb0, group 0, time 2015-03-21 10:37:07.509565')
('2015-03-21 10:37:07.512104', 'put_channel : channel tb0, group 0, time 2015-03-21 10:37:07.512015')
('2015-03-21 10:37:07.538087', 'put_channel : channel tb0, group 0, time 2015-03-21 10:37:07.537999')
('2015-03-21 10:37:07.632284', 'put_channel : channel tb0, group 0, time 2015-03-21 10:37:07.632113')
('2015-03-21 10:37:08.512471', 'put_channel : channel tb0, group 0, time 2015-03-21 10:37:08.512340')
('2015-03-21 10:37:08.560467', 'put_channel : channel tb0, group 0, time 2015-03-21 10:37:08.560376')
('2015-03-21 10:37:09.008293', 'put_channel : channel tb0, group 0, time 2015-03-21 10:37:09.008173')
('2015-03-21 10:37:09.040103', 'put_channel : channel tb0, group 0, time 2015-03-21 10:37:09.040016')
('2015-03-21 10:37:09.168217', 'put_channel : channel tb0, group 0, time 2015-03-21 10:37:09.168085')
('2015-03-21 10:37:10.066036', 'put_channel : channel tb0, group 0, time 2015-03-21 10:37:10.065917')
('2015-03-21 10:37:33.106588', 'put_channel : channel tb0, group 1, time 2015-03-21 10:37:33.106457')
('2015-03-21 10:37:34.065976', 'put_channel : channel tb0, group 1, time 2015-03-21 10:37:34.065837')
('2015-03-21 10:37:35.570744', 'put_channel : channel tb0, group 1, time 2015-03-21 10:37:35.570592')
('2015-03-21 10:37:37.074523', 'put_channel : channel tb0, group 1, time 2015-03-21 10:37:37.074382')
('2015-03-21 10:37:38.578851', 'put_channel : channel tb0, group 1, time 2015-03-21 10:37:38.578665')
('2015-03-21 10:37:40.082394', 'put_channel : channel tb0, group 1, time 2015-03-21 10:37:40.082236')
('2015-03-21 10:37:40.657989', 'put_channel : channel tb0, group 1, time 2015-03-21 10:37:40.657847')
('2015-03-21 10:37:41.279072', 'fd_channel : login[0] 0 login[1] 0 , tb0[0] 56 tb0[1] 51 , tb1[0] 0 tb1[1] 0')
('2015-03-21 10:37:41.779269', 'fd_channel : login[0] 0 login[1] 0 , tb0[0] 56 tb0[1] 50 , tb1[0] 0 tb1[1] 0')
('2015-03-21 10:37:43.324202', 'fd_channel : login[0] 0 login[1] 0 , tb0[0] 44 tb0[1] 50 , tb1[0] 0 tb1[1] 0')
('2015-03-21 10:37:43.601960', 'put_channel : channel tb0, group 0, time 2015-03-21 10:37:43.601845')
('2015-03-21 10:37:43.826801', 'fd_channel : login[0] 0 login[1] 0 , tb0[0] 44 tb0[1] 50 , tb1[0] 0 tb1[1] 0')
('2015-03-21 10:37:45.136341', 'put_channel : channel tb0, group 0, time 2015-03-21 10:37:45.136229')
('2015-03-21 10:37:46.610069', 'put_channel : channel tb0, group 0, time 2015-03-21 10:37:46.609966')
('2015-03-21 10:37:48.144484', 'put_channel : channel tb0, group 0, time 2015-03-21 10:37:48.144350')
('2015-03-21 10:37:49.616569', 'put_channel : channel tb0, group 0, time 2015-03-21 10:37:49.616434')
('2015-03-21 10:37:51.154198', 'put_channel : channel tb0, group 0, time 2015-03-21 10:37:51.154031')
('2015-03-21 10:37:52.624527', 'put_channel : channel tb0, group 0, time 2015-03-21 10:37:52.624425')
('2015-03-21 10:37:57.169922', 'put_channel : channel tb0, group 1, time 2015-03-21 10:37:57.169784')
('2015-03-21 10:37:58.640478', 'put_channel : channel tb0, group 0, time 2015-03-21 10:37:58.640343')
('2015-03-21 10:37:58.642013', 'put_channel : channel tb0, group 1, time 2015-03-21 10:37:58.641931')
('2015-03-21 10:38:00.113900', 'put_channel : channel tb0, group 0, time 2015-03-21 10:38:00.113765')
('2015-03-21 10:38:00.114528', 'put_channel : channel tb0, group 1, time 2015-03-21 10:38:00.114479')
('2015-03-21 10:38:01.649950', 'put_channel : channel tb0, group 0, time 2015-03-21 10:38:01.649831')
('2015-03-21 10:38:01.651916', 'put_channel : channel tb0, group 1, time 2015-03-21 10:38:01.651825')
('2015-03-21 10:38:02.786941', 'fd_channel : login[0] 0 login[1] 0 , tb0[0] 39 tb0[1] 47 , tb1[0] 0 tb1[1] 0')
('2015-03-21 10:38:02.797501', 'fd_channel : login[0] 0 login[1] 0 , tb0[0] 39 tb0[1] 40 , tb1[0] 0 tb1[1] 0')
('2015-03-21 10:38:03.121897', 'put_channel : channel tb0, group 1, time 2015-03-21 10:38:03.121797')
('2015-03-21 10:38:04.594152', 'put_channel : channel tb0, group 1, time 2015-03-21 10:38:04.594009')
('2015-03-21 10:38:41.695246', 'fd_channel : login[0] 0 login[1] 0 , tb0[0] 39 tb0[1] 27 , tb1[0] 0 tb1[1] 0')
('2015-03-21 10:38:44.097188', 'fd_channel : login[0] 0 login[1] 0 , tb0[0] 24 tb0[1] 27 , tb1[0] 0 tb1[1] 0')
('2015-03-21 10:38:44.099072', 'fd_channel : login[0] 0 login[1] 0 , tb0[0] 23 tb0[1] 27 , tb1[0] 0 tb1[1] 0')
('2015-03-21 10:38:44.100888', 'fd_channel : login[0] 0 login[1] 0 , tb0[0] 22 tb0[1] 27 , tb1[0] 0 tb1[1] 0')
('2015-03-21 10:39:04.223409', 'fd_channel : login[0] 0 login[1] 0 , tb0[0] 22 tb0[1] 12 , tb1[0] 0 tb1[1] 0')
('2015-03-21 10:39:06.259748', 'fd_channel : login[0] 0 login[1] 0 , tb0[0] 22 tb0[1] 11 , tb1[0] 0 tb1[1] 0')
('2015-03-21 11:27:42.011364', 'put_channel : channel tb1, group 1, time 2015-03-21 11:27:42.011111')
('2015-03-21 11:27:43.006658', 'put_channel : channel tb1, group 0, time 2015-03-21 11:27:43.006511')
('2015-03-21 11:27:43.510535', 'put_channel : channel tb1, group 1, time 2015-03-21 11:27:43.510379')
('2015-03-21 11:27:44.510058', 'put_channel : channel tb1, group 0, time 2015-03-21 11:27:44.509920')
('2015-03-21 11:27:45.008439', 'put_channel : channel tb1, group 0, time 2015-03-21 11:27:45.008347')
('2015-03-21 11:27:46.006731', 'put_channel : channel tb1, group 1, time 2015-03-21 11:27:46.006588')
('2015-03-21 11:27:46.510554', 'put_channel : channel tb1, group 0, time 2015-03-21 11:27:46.510429')
('2015-03-21 11:27:49.004635', 'put_channel : channel tb1, group 0, time 2015-03-21 11:27:49.004501')
('2015-03-21 11:27:49.010314', 'put_channel : channel tb1, group 1, time 2015-03-21 11:27:49.010224')
('2015-03-21 11:27:49.515628', 'put_channel : channel tb1, group 1, time 2015-03-21 11:27:49.515498')
('2015-03-21 11:27:50.512435', 'put_channel : channel tb1, group 1, time 2015-03-21 11:27:50.512297')
('2015-03-21 11:27:51.008398', 'put_channel : channel tb1, group 0, time 2015-03-21 11:27:51.008267')
('2015-03-21 11:27:52.007826', 'put_channel : channel tb1, group 1, time 2015-03-21 11:27:52.007688')
('2015-03-21 11:27:52.514028', 'put_channel : channel tb1, group 0, time 2015-03-21 11:27:52.513901')
('2015-03-21 11:27:53.504794', 'put_channel : channel tb1, group 0, time 2015-03-21 11:27:53.504657')
('2015-03-21 11:27:53.508614', 'put_channel : channel tb1, group 1, time 2015-03-21 11:27:53.508530')
('2015-03-21 11:27:54.008214', 'put_channel : channel tb1, group 0, time 2015-03-21 11:27:54.008075')
('2015-03-21 11:27:55.508475', 'put_channel : channel tb1, group 0, time 2015-03-21 11:27:55.508346')
('2015-03-21 11:27:56.507182', 'put_channel : channel tb1, group 1, time 2015-03-21 11:27:56.507043')
('2015-03-21 11:27:57.008986', 'put_channel : channel tb1, group 0, time 2015-03-21 11:27:57.008896')
('2015-03-21 11:27:57.014094', 'put_channel : channel tb1, group 1, time 2015-03-21 11:27:57.014007')
('2015-03-21 11:27:58.011599', 'put_channel : channel tb1, group 1, time 2015-03-21 11:27:58.011460')
('2015-03-21 11:27:58.507812', 'put_channel : channel tb1, group 0, time 2015-03-21 11:27:58.507691')
('2015-03-21 11:27:58.509716', 'put_channel : channel tb1, group 1, time 2015-03-21 11:27:58.509625')
('2015-03-21 11:28:01.006549', 'put_channel : channel tb1, group 0, time 2015-03-21 11:28:01.006411')
('2015-03-21 11:28:01.007031', 'put_channel : channel tb1, group 1, time 2015-03-21 11:28:01.006893')
('2015-03-21 11:28:01.508671', 'put_channel : channel tb1, group 0, time 2015-03-21 11:28:01.508560')
('2015-03-21 11:28:02.506444', 'put_channel : channel tb1, group 1, time 2015-03-21 11:28:02.506307')
('2015-03-21 11:28:04.507846', 'put_channel : channel tb1, group 0, time 2015-03-21 11:28:04.507715')
('2015-03-21 11:28:06.010508', 'put_channel : channel tb1, group 0, time 2015-03-21 11:28:06.010376')
('2015-03-21 11:28:06.013987', 'put_channel : channel tb1, group 0, time 2015-03-21 11:28:06.013895')
('2015-03-21 11:28:06.014694', 'put_channel : channel tb1, group 1, time 2015-03-21 11:28:06.014612')
('2015-03-21 11:28:07.509125', 'put_channel : channel tb1, group 0, time 2015-03-21 11:28:07.508995')
('2015-03-21 11:28:07.510278', 'put_channel : channel tb1, group 1, time 2015-03-21 11:28:07.510195')
('2015-03-21 11:28:07.514147', 'put_channel : channel tb1, group 1, time 2015-03-21 11:28:07.514062')
('2015-03-21 11:28:10.006151', 'put_channel : channel tb1, group 1, time 2015-03-21 11:28:10.006011')
('2015-03-21 11:28:11.511620', 'put_channel : channel tb1, group 1, time 2015-03-21 11:28:11.511515')
('2015-03-21 11:28:12.008226', 'put_channel : channel tb1, group 0, time 2015-03-21 11:28:12.008056')
('2015-03-21 11:28:13.006156', 'put_channel : channel tb1, group 0, time 2015-03-21 11:28:13.006030')
('2015-03-21 11:28:13.025977', 'put_channel : channel tb1, group 1, time 2015-03-21 11:28:13.025887')
('2015-03-21 11:28:13.507793', 'put_channel : channel tb1, group 0, time 2015-03-21 11:28:13.507696')
('2015-03-21 11:28:13.510210', 'put_channel : channel tb1, group 1, time 2015-03-21 11:28:13.510157')
('2015-03-21 11:28:16.008469', 'put_channel : channel tb1, group 0, time 2015-03-21 11:28:16.008330')
('2015-03-21 11:28:16.508136', 'put_channel : channel tb1, group 0, time 2015-03-21 11:28:16.508010')
('2015-03-21 11:28:17.520447', 'put_channel : channel tb1, group 0, time 2015-03-21 11:28:17.520323')
('2015-03-21 11:28:18.010473', 'put_channel : channel tb1, group 0, time 2015-03-21 11:28:18.010347')
('2015-03-21 11:28:19.025714', 'put_channel : channel tb1, group 1, time 2015-03-21 11:28:19.025611')
('2015-03-21 11:28:19.512208', 'put_channel : channel tb1, group 1, time 2015-03-21 11:28:19.512045')
('2015-03-21 11:28:21.010819', 'put_channel : channel tb1, group 1, time 2015-03-21 11:28:21.010688')
('2015-03-21 11:28:22.019980', 'put_channel : channel tb1, group 1, time 2015-03-21 11:28:22.019840')
('2015-03-21 11:28:22.510321', 'put_channel : channel tb1, group 1, time 2015-03-21 11:28:22.510193')
('2015-03-21 11:28:23.524363', 'put_channel : channel tb1, group 1, time 2015-03-21 11:28:23.524227')
('2015-03-21 11:28:24.011756', 'put_channel : channel tb1, group 1, time 2015-03-21 11:28:24.011640')
('2015-03-21 11:28:25.026057', 'put_channel : channel tb1, group 1, time 2015-03-21 11:28:25.025918')
('2015-03-21 11:28:25.508625', 'put_channel : channel tb1, group 0, time 2015-03-21 11:28:25.508439')
('2015-03-21 11:28:25.509807', 'put_channel : channel tb1, group 0, time 2015-03-21 11:28:25.509724')
('2015-03-21 11:28:25.511525', 'put_channel : channel tb1, group 1, time 2015-03-21 11:28:25.511440')
('2015-03-21 11:28:27.008562', 'put_channel : channel tb1, group 0, time 2015-03-21 11:28:27.008433')
('2015-03-21 11:28:28.016599', 'put_channel : channel tb1, group 0, time 2015-03-21 11:28:28.016455')
('2015-03-21 11:28:30.010385', 'put_channel : channel tb1, group 0, time 2015-03-21 11:28:30.010255')
('2015-03-21 11:28:34.008484', 'put_channel : channel tb1, group 0, time 2015-03-21 11:28:34.008347')
('2015-03-21 11:28:34.009968', 'put_channel : channel tb1, group 1, time 2015-03-21 11:28:34.009876')
('2015-03-21 11:28:34.017836', 'put_channel : channel tb1, group 1, time 2015-03-21 11:28:34.017749')
('2015-03-21 11:28:35.520367', 'put_channel : channel tb1, group 0, time 2015-03-21 11:28:35.520228')
('2015-03-21 11:28:36.008913', 'put_channel : channel tb1, group 0, time 2015-03-21 11:28:36.008784')
('2015-03-21 11:28:37.010560', 'put_channel : channel tb1, group 1, time 2015-03-21 11:28:37.010410')
('2015-03-21 11:28:38.119451', 'put_channel : channel tb1, group 0, time 2015-03-21 11:28:38.119307')
('2015-03-21 11:28:40.509746', 'put_channel : channel tb1, group 1, time 2015-03-21 11:28:40.509616')
('2015-03-21 11:28:40.510700', 'put_channel : channel tb1, group 1, time 2015-03-21 11:28:40.510597')
('2015-03-21 11:28:41.521243', 'put_channel : channel tb1, group 1, time 2015-03-21 11:28:41.521140')
('2015-03-21 11:28:43.011857', 'put_channel : channel tb1, group 1, time 2015-03-21 11:28:43.011657')
('2015-03-21 11:28:45.010656', 'put_channel : channel tb1, group 1, time 2015-03-21 11:28:45.010525')
('2015-03-21 11:28:47.510452', 'put_channel : channel tb1, group 0, time 2015-03-21 11:28:47.510314')
('2015-03-21 11:28:47.511385', 'put_channel : channel tb1, group 1, time 2015-03-21 11:28:47.511233')
('2015-03-21 11:28:47.520338', 'put_channel : channel tb1, group 0, time 2015-03-21 11:28:47.520251')
('2015-03-21 11:28:48.008622', 'put_channel : channel tb1, group 1, time 2015-03-21 11:28:48.008526')
('2015-03-21 11:28:48.009012', 'put_channel : channel tb1, group 0, time 2015-03-21 11:28:48.008966')
('2015-03-21 11:28:49.004663', 'put_channel : channel tb1, group 0, time 2015-03-21 11:28:49.004523')
('2015-03-21 11:28:49.510179', 'put_channel : channel tb1, group 1, time 2015-03-21 11:28:49.510048')
('2015-03-21 11:28:49.513342', 'put_channel : channel tb1, group 0, time 2015-03-21 11:28:49.513251')
('2015-03-21 11:28:50.522220', 'put_channel : channel tb1, group 0, time 2015-03-21 11:28:50.522078')
('2015-03-21 11:28:51.008232', 'put_channel : channel tb1, group 0, time 2015-03-21 11:28:51.008054')
('2015-03-21 11:28:51.009656', 'put_channel : channel tb1, group 1, time 2015-03-21 11:28:51.009564')
('2015-03-21 11:28:52.509084', 'put_channel : channel tb1, group 0, time 2015-03-21 11:28:52.508954')
('2015-03-21 11:28:52.512877', 'put_channel : channel tb1, group 1, time 2015-03-21 11:28:52.512785')
('2015-03-21 11:28:52.529929', 'put_channel : channel tb1, group 0, time 2015-03-21 11:28:52.529842')
('2015-03-21 11:28:54.008979', 'put_channel : channel tb1, group 0, time 2015-03-21 11:28:54.008851')
('2015-03-21 11:28:54.010308', 'put_channel : channel tb1, group 1, time 2015-03-21 11:28:54.010216')
('2015-03-21 11:28:55.088532', 'put_channel : channel tb1, group 0, time 2015-03-21 11:28:55.088391')
('2015-03-21 11:28:56.510225', 'put_channel : channel tb1, group 1, time 2015-03-21 11:28:56.510084')
('2015-03-21 11:28:57.010345', 'put_channel : channel tb1, group 0, time 2015-03-21 11:28:57.010201')
('2015-03-21 11:28:57.040419', 'put_channel : channel tb1, group 0, time 2015-03-21 11:28:57.040333')
('2015-03-21 11:28:58.010327', 'put_channel : channel tb1, group 1, time 2015-03-21 11:28:58.010184')
('2015-03-21 11:28:58.510110', 'put_channel : channel tb1, group 1, time 2015-03-21 11:28:58.509982')
('2015-03-21 11:28:59.119595', 'put_channel : channel tb1, group 0, time 2015-03-21 11:28:59.119455')
('2015-03-21 11:29:01.010457', 'put_channel : channel tb1, group 1, time 2015-03-21 11:29:01.010314')
('2015-03-21 11:29:04.011977', 'put_channel : channel tb1, group 1, time 2015-03-21 11:29:04.011839')
('2015-03-21 11:29:04.510237', 'put_channel : channel tb1, group 1, time 2015-03-21 11:29:04.510106')
('2015-03-21 11:29:07.512625', 'put_channel : channel tb1, group 1, time 2015-03-21 11:29:07.512492')
('2015-03-21 11:29:10.512601', 'put_channel : channel tb1, group 1, time 2015-03-21 11:29:10.512469')
('2015-03-21 11:29:13.512355', 'put_channel : channel tb1, group 0, time 2015-03-21 11:29:13.512223')
('2015-03-21 11:29:14.506445', 'put_channel : channel tb1, group 1, time 2015-03-21 11:29:14.506306')
('2015-03-21 11:29:15.042214', 'put_channel : channel tb1, group 0, time 2015-03-21 11:29:15.042100')
('2015-03-21 11:29:16.512216', 'put_channel : channel tb1, group 0, time 2015-03-21 11:29:16.512039')
('2015-03-21 11:29:19.512444', 'put_channel : channel tb1, group 0, time 2015-03-21 11:29:19.512314')
('2015-03-21 11:29:19.514258', 'put_channel : channel tb1, group 1, time 2015-03-21 11:29:19.514157')
('2015-03-21 11:29:21.013847', 'put_channel : channel tb1, group 1, time 2015-03-21 11:29:21.013751')
('2015-03-21 11:29:21.041021', 'put_channel : channel tb1, group 1, time 2015-03-21 11:29:21.040972')
('2015-03-21 11:29:22.514148', 'put_channel : channel tb1, group 1, time 2015-03-21 11:29:22.514016')
('2015-03-21 11:29:24.012815', 'put_channel : channel tb1, group 1, time 2015-03-21 11:29:24.012728')
('2015-03-21 11:29:26.506492', 'put_channel : channel tb1, group 0, time 2015-03-21 11:29:26.506352')
('2015-03-21 11:29:26.513790', 'put_channel : channel tb1, group 0, time 2015-03-21 11:29:26.513704')
('2015-03-21 11:29:27.011522', 'put_channel : channel tb1, group 0, time 2015-03-21 11:29:27.011427')
('2015-03-21 11:29:28.513981', 'put_channel : channel tb1, group 1, time 2015-03-21 11:29:28.513852')
('2015-03-21 11:29:29.521933', 'put_channel : channel tb1, group 0, time 2015-03-21 11:29:29.521838')
('2015-03-21 11:29:30.034421', 'put_channel : channel tb1, group 0, time 2015-03-21 11:29:30.034292')
('2015-03-21 11:29:30.035223', 'put_channel : channel tb1, group 1, time 2015-03-21 11:29:30.035140')
('2015-03-21 11:29:31.006629', 'put_channel : channel tb1, group 1, time 2015-03-21 11:29:31.006489')
('2015-03-21 11:29:31.512290', 'put_channel : channel tb1, group 0, time 2015-03-21 11:29:31.512117')
('2015-03-21 11:29:31.634009', 'put_channel : channel tb1, group 1, time 2015-03-21 11:29:31.633918')
('2015-03-21 11:29:34.064302', 'put_channel : channel tb1, group 0, time 2015-03-21 11:29:34.064121')
('2015-03-21 11:29:34.513239', 'put_channel : channel tb1, group 1, time 2015-03-21 11:29:34.513138')
('2015-03-21 11:29:35.506486', 'put_channel : channel tb1, group 1, time 2015-03-21 11:29:35.506347')
('2015-03-21 11:29:36.032507', 'put_channel : channel tb1, group 0, time 2015-03-21 11:29:36.032373')
('2015-03-21 11:29:36.592243', 'fd_channel : login[0] 0 login[1] 0 , tb0[0] 22 tb0[1] 11 , tb1[0] 60 tb1[1] 63')
('2015-03-21 11:29:36.593635', 'fd_channel : login[0] 0 login[1] 0 , tb0[0] 22 tb0[1] 11 , tb1[0] 60 tb1[1] 62')
('2015-03-21 11:29:36.594817', 'fd_channel : login[0] 0 login[1] 0 , tb0[0] 22 tb0[1] 11 , tb1[0] 60 tb1[1] 61')
('2015-03-21 11:29:36.595624', 'fd_channel : login[0] 0 login[1] 0 , tb0[0] 22 tb0[1] 11 , tb1[0] 60 tb1[1] 60')
('2015-03-21 11:29:36.598210', 'fd_channel : login[0] 0 login[1] 0 , tb0[0] 22 tb0[1] 11 , tb1[0] 60 tb1[1] 59')
('2015-03-21 11:29:36.599129', 'fd_channel : login[0] 0 login[1] 0 , tb0[0] 22 tb0[1] 11 , tb1[0] 60 tb1[1] 58')
('2015-03-21 11:29:36.600212', 'fd_channel : login[0] 0 login[1] 0 , tb0[0] 22 tb0[1] 11 , tb1[0] 60 tb1[1] 57')
('2015-03-21 11:29:36.601460', 'fd_channel : login[0] 0 login[1] 0 , tb0[0] 22 tb0[1] 11 , tb1[0] 60 tb1[1] 56')
('2015-03-21 11:29:39.014359', 'put_channel : channel tb1, group 1, time 2015-03-21 11:29:39.014226')
('2015-03-21 11:29:42.034016', 'put_channel : channel tb1, group 1, time 2015-03-21 11:29:42.033925')
('2015-03-21 11:29:43.538171', 'put_channel : channel tb1, group 1, time 2015-03-21 11:29:43.538041')
('2015-03-21 11:29:43.599549', 'fd_channel : login[0] 0 login[1] 0 , tb0[0] 22 tb0[1] 11 , tb1[0] 60 tb1[1] 58')
('2015-03-21 11:29:43.602689', 'fd_channel : login[0] 0 login[1] 0 , tb0[0] 22 tb0[1] 11 , tb1[0] 60 tb1[1] 57')
('2015-03-21 11:29:43.604700', 'fd_channel : login[0] 0 login[1] 0 , tb0[0] 22 tb0[1] 11 , tb1[0] 60 tb1[1] 56')
('2015-03-21 11:29:49.007891', 'put_channel : channel tb1, group 1, time 2015-03-21 11:29:49.007764')
('2015-03-21 11:29:53.588108', 'put_channel : channel tb1, group 1, time 2015-03-21 11:29:53.587967')
('2015-03-21 11:29:55.535937', 'put_channel : channel tb1, group 0, time 2015-03-21 11:29:55.535841')
('2015-03-21 11:29:56.508308', 'put_channel : channel tb1, group 1, time 2015-03-21 11:29:56.508101')
('2015-03-21 11:29:56.611028', 'fd_channel : login[0] 0 login[1] 0 , tb0[0] 22 tb0[1] 11 , tb1[0] 61 tb1[1] 57')
('2015-03-21 11:29:56.613498', 'fd_channel : login[0] 0 login[1] 0 , tb0[0] 22 tb0[1] 11 , tb1[0] 61 tb1[1] 56')
('2015-03-21 11:29:56.614902', 'fd_channel : login[0] 0 login[1] 0 , tb0[0] 22 tb0[1] 11 , tb1[0] 61 tb1[1] 55')
('2015-03-21 11:29:56.618108', 'fd_channel : login[0] 0 login[1] 0 , tb0[0] 22 tb0[1] 11 , tb1[0] 61 tb1[1] 54')
('2015-03-21 11:29:56.620833', 'fd_channel : login[0] 0 login[1] 0 , tb0[0] 22 tb0[1] 11 , tb1[0] 61 tb1[1] 53')
('2015-03-21 11:29:56.623817', 'fd_channel : login[0] 0 login[1] 0 , tb0[0] 22 tb0[1] 11 , tb1[0] 61 tb1[1] 52')
('2015-03-21 11:29:56.625374', 'fd_channel : login[0] 0 login[1] 0 , tb0[0] 22 tb0[1] 11 , tb1[0] 61 tb1[1] 51')
('2015-03-21 11:29:56.631293', 'fd_channel : login[0] 0 login[1] 0 , tb0[0] 22 tb0[1] 11 , tb1[0] 61 tb1[1] 50')
('2015-03-21 11:29:56.828624', 'fd_channel : login[0] 0 login[1] 0 , tb0[0] 22 tb0[1] 11 , tb1[0] 60 tb1[1] 49')
('2015-03-21 11:29:56.843852', 'fd_channel : login[0] 0 login[1] 0 , tb0[0] 22 tb0[1] 11 , tb1[0] 48 tb1[1] 49')
('2015-03-21 11:29:56.858575', 'fd_channel : login[0] 0 login[1] 0 , tb0[0] 22 tb0[1] 11 , tb1[0] 47 tb1[1] 49')
('2015-03-21 11:29:56.860600', 'fd_channel : login[0] 0 login[1] 0 , tb0[0] 22 tb0[1] 11 , tb1[0] 47 tb1[1] 48')
('2015-03-21 11:29:57.017883', 'fd_channel : login[0] 0 login[1] 0 , tb0[0] 22 tb0[1] 11 , tb1[0] 46 tb1[1] 48')
('2015-03-21 11:29:57.019713', 'fd_channel : login[0] 0 login[1] 0 , tb0[0] 22 tb0[1] 11 , tb1[0] 46 tb1[1] 47')
('2015-03-21 11:29:58.327699', 'fd_channel : login[0] 0 login[1] 0 , tb0[0] 22 tb0[1] 11 , tb1[0] 45 tb1[1] 47')
('2015-03-21 11:29:58.329591', 'fd_channel : login[0] 0 login[1] 0 , tb0[0] 22 tb0[1] 11 , tb1[0] 45 tb1[1] 46')
('2015-03-21 11:29:58.413643', 'fd_channel : login[0] 0 login[1] 0 , tb0[0] 22 tb0[1] 11 , tb1[0] 44 tb1[1] 46')
('2015-03-21 11:29:58.415148', 'fd_channel : login[0] 0 login[1] 0 , tb0[0] 22 tb0[1] 11 , tb1[0] 44 tb1[1] 45')
('2015-03-21 11:29:58.516992', 'fd_channel : login[0] 0 login[1] 0 , tb0[0] 22 tb0[1] 11 , tb1[0] 43 tb1[1] 45')
('2015-03-21 11:29:58.519031', 'fd_channel : login[0] 0 login[1] 0 , tb0[0] 22 tb0[1] 11 , tb1[0] 43 tb1[1] 44')
('2015-03-21 11:29:58.835966', 'fd_channel : login[0] 0 login[1] 0 , tb0[0] 22 tb0[1] 11 , tb1[0] 42 tb1[1] 44')
('2015-03-21 11:29:58.838111', 'fd_channel : login[0] 0 login[1] 0 , tb0[0] 22 tb0[1] 11 , tb1[0] 42 tb1[1] 43')
('2015-03-21 11:29:58.863115', 'fd_channel : login[0] 0 login[1] 0 , tb0[0] 22 tb0[1] 11 , tb1[0] 41 tb1[1] 43')
('2015-03-21 11:29:58.865109', 'fd_channel : login[0] 0 login[1] 0 , tb0[0] 22 tb0[1] 11 , tb1[0] 41 tb1[1] 42')
('2015-03-21 11:29:59.022073', 'fd_channel : login[0] 0 login[1] 0 , tb0[0] 22 tb0[1] 11 , tb1[0] 40 tb1[1] 42')
('2015-03-21 11:29:59.024005', 'fd_channel : login[0] 0 login[1] 0 , tb0[0] 22 tb0[1] 11 , tb1[0] 40 tb1[1] 41')
('2015-03-21 11:30:00.332332', 'fd_channel : login[0] 0 login[1] 0 , tb0[0] 22 tb0[1] 11 , tb1[0] 39 tb1[1] 41')
('2015-03-21 11:30:00.334172', 'fd_channel : login[0] 0 login[1] 0 , tb0[0] 22 tb0[1] 11 , tb1[0] 39 tb1[1] 40')
('2015-03-21 11:30:00.417541', 'fd_channel : login[0] 0 login[1] 0 , tb0[0] 22 tb0[1] 11 , tb1[0] 38 tb1[1] 40')
('2015-03-21 11:30:00.419028', 'fd_channel : login[0] 0 login[1] 0 , tb0[0] 22 tb0[1] 11 , tb1[0] 38 tb1[1] 39')
('2015-03-21 11:30:00.521411', 'fd_channel : login[0] 0 login[1] 0 , tb0[0] 22 tb0[1] 11 , tb1[0] 37 tb1[1] 39')
('2015-03-21 11:30:00.523254', 'fd_channel : login[0] 0 login[1] 0 , tb0[0] 22 tb0[1] 11 , tb1[0] 37 tb1[1] 38')
('2015-03-21 11:30:01.538338', 'put_channel : channel tb1, group 1, time 2015-03-21 11:30:01.538268')
('2015-03-21 11:30:01.620443', 'worker [9] stopping')
('2015-03-21 11:30:03.623782', 'fd_channel : login[0] 0 login[1] 0 , tb0[0] 22 tb0[1] 11 , tb1[0] 37 tb1[1] 38')
('2015-03-21 11:30:03.628453', 'fd_channel : login[0] 0 login[1] 0 , tb0[0] 22 tb0[1] 11 , tb1[0] 37 tb1[1] 37')
('2015-03-21 11:30:04.529558', 'put_channel : channel tb1, group 1, time 2015-03-21 11:30:04.529445')
('2015-03-21 11:30:06.627108', 'fd_channel : login[0] 0 login[1] 0 , tb0[0] 22 tb0[1] 11 , tb1[0] 37 tb1[1] 37')
('2015-03-21 11:30:06.703284', 'fd_channel : login[0] 0 login[1] 0 , tb0[0] 22 tb0[1] 11 , tb1[0] 37 tb1[1] 36')
('2015-03-21 11:30:10.528728', 'put_channel : channel tb1, group 0, time 2015-03-21 11:30:10.528586')
('2015-03-21 11:30:10.608337', 'put_channel : channel tb1, group 0, time 2015-03-21 11:30:10.608245')
('2015-03-21 11:30:14.578740', 'put_channel : channel tb1, group 1, time 2015-03-21 11:30:14.578596')
('2015-03-21 11:30:15.090279', 'put_channel : channel tb1, group 1, time 2015-03-21 11:30:15.090147')
('2015-03-21 11:30:15.093137', 'put_channel : channel tb1, group 0, time 2015-03-21 11:30:15.093050')
('2015-03-21 11:30:31.094990', 'put_channel : channel tb1, group 1, time 2015-03-21 11:30:31.094847')
