('2014-11-15 10:35:11.830910', '\r\n\r\n\r\n\r\n\r\n\r\n\r\n\r\n\r\n\r\n<XML><ERRORCODE>311</ERRORCODE><ERRORSTRING>图像校验码错误！</ERRORSTRING><ERRORSTRING_EN>Image checksum error！</ERRORSTRING_EN></XML>')
('2014-11-15 10:35:11.831016', "client 52344781 bid 0 fd_price ack error {'errstring': '图像校验码错误！', 'errcode': '311'}")
('2014-11-15 10:35:11.891073', '\r\n\r\n\r\n\r\n\r\n\r\n\r\n\r\n\r\n\r\n<XML><ERRORCODE>311</ERRORCODE><ERRORSTRING>图像校验码错误！</ERRORSTRING><ERRORSTRING_EN>Image checksum error！</ERRORSTRING_EN></XML>')
('2014-11-15 10:35:11.891180', "client 52365445 bid 0 fd_price ack error {'errstring': '图像校验码错误！', 'errcode': '311'}")
('2014-11-15 10:35:11.893450', '\r\n\r\n\r\n\r\n\r\n\r\n\r\n\r\n\r\n\r\n<XML><ERRORCODE>311</ERRORCODE><ERRORSTRING>图像校验码错误！</ERRORSTRING><ERRORSTRING_EN>Image checksum error！</ERRORSTRING_EN></XML>')
('2014-11-15 10:35:11.893555', "client 52365445 bid 0 fd_price ack error {'errstring': '图像校验码错误！', 'errcode': '311'}")
('2014-11-15 10:35:12.286368', '\r\n\r\n\r\n\r\n\r\n\r\n\r\n\r\n\r\n\r\n<XML><ERRORCODE>311</ERRORCODE><ERRORSTRING>图像校验码错误！</ERRORSTRING><ERRORSTRING_EN>Image checksum error！</ERRORSTRING_EN></XML>')
('2014-11-15 10:35:12.286478', "client 52491338 bid 0 fd_price ack error {'errstring': '图像校验码错误！', 'errcode': '311'}")
('2014-11-15 10:35:13.689705', '\r\n\r\n\r\n\r\n\r\n\r\n\r\n\r\n\r\n\r\n<XML><ERRORCODE>311</ERRORCODE><ERRORSTRING>图像校验码错误！</ERRORSTRING><ERRORSTRING_EN>Image checksum error！</ERRORSTRING_EN></XML>')
('2014-11-15 10:35:13.689811', "client 52332228 bid 0 fd_price ack error {'errstring': '图像校验码错误！', 'errcode': '311'}")
('2014-11-15 10:35:20.793309', '\r\n\r\n\r\n\r\n\r\n\r\n\r\n\r\n\r\n\r\n<XML><ERRORCODE>311</ERRORCODE><ERRORSTRING>图像校验码错误！</ERRORSTRING><ERRORSTRING_EN>Image checksum error！</ERRORSTRING_EN></XML>')
('2014-11-15 10:35:20.793369', "client 52468060 bid 0 fd_price ack error {'errstring': '图像校验码错误！', 'errcode': '311'}")
('2014-11-15 10:35:30.422415', '\r\n\r\n\r\n\r\n\r\n\r\n\r\n\r\n\r\n\r\n<XML><ERRORCODE>311</ERRORCODE><ERRORSTRING>图像校验码错误！</ERRORSTRING><ERRORSTRING_EN>Image checksum error！</ERRORSTRING_EN></XML>')
('2014-11-15 10:35:30.422536', "client 52506384 bid 0 fd_price ack error {'errstring': '图像校验码错误！', 'errcode': '311'}")
('2014-11-15 10:35:31.294506', '\r\n\r\n\r\n\r\n\r\n\r\n\r\n\r\n\r\n\r\n<XML><ERRORCODE>311</ERRORCODE><ERRORSTRING>图像校验码错误！</ERRORSTRING><ERRORSTRING_EN>Image checksum error！</ERRORSTRING_EN></XML>')
('2014-11-15 10:35:31.294614', "client 52475079 bid 0 fd_price ack error {'errstring': '图像校验码错误！', 'errcode': '311'}")
('2014-11-15 10:35:32.195042', '\r\n\r\n\r\n\r\n\r\n\r\n\r\n\r\n\r\n\r\n<XML><ERRORCODE>311</ERRORCODE><ERRORSTRING>图像校验码错误！</ERRORSTRING><ERRORSTRING_EN>Image checksum error！</ERRORSTRING_EN></XML>')
('2014-11-15 10:35:32.195150', "client 52359380 bid 0 fd_price ack error {'errstring': '图像校验码错误！', 'errcode': '311'}")
('2014-11-15 10:35:32.205112', '\r\n\r\n\r\n\r\n\r\n\r\n\r\n\r\n\r\n\r\n<XML><ERRORCODE>311</ERRORCODE><ERRORSTRING>图像校验码错误！</ERRORSTRING><ERRORSTRING_EN>Image checksum error！</ERRORSTRING_EN></XML>')
('2014-11-15 10:35:32.205215', "client 52295550 bid 0 fd_price ack error {'errstring': '图像校验码错误！', 'errcode': '311'}")
('2014-11-15 10:35:32.216174', '\r\n\r\n\r\n\r\n\r\n\r\n\r\n\r\n\r\n\r\n<XML><ERRORCODE>311</ERRORCODE><ERRORSTRING>图像校验码错误！</ERRORSTRING><ERRORSTRING_EN>Image checksum error！</ERRORSTRING_EN></XML>')
('2014-11-15 10:35:32.216277', "client 52342148 bid 0 fd_price ack error {'errstring': '图像校验码错误！', 'errcode': '311'}")
('2014-11-15 10:35:55.747898', '\r\n\r\n\r\n\r\n\r\n\r\n\r\n\r\n\r\n\r\n<XML><ERRORCODE>311</ERRORCODE><ERRORSTRING>图像校验码错误！</ERRORSTRING><ERRORSTRING_EN>Image checksum error！</ERRORSTRING_EN></XML>')
('2014-11-15 10:35:55.748003', "client 52365445 bid 0 fd_price ack error {'errstring': '图像校验码错误！', 'errcode': '311'}")
('2014-11-15 11:29:45.659860', 'client 52332228 bid 1 fd_image Timeout')
('2014-11-15 11:29:49.293884', 'client 52295550 bid 1 fd_price status 503')
('2014-11-15 11:29:49.321737', 'client 52365445 bid 1 fd_price status 503')
('2014-11-15 11:29:49.324599', 'client 52475079 bid 1 fd_price status 503')
('2014-11-15 11:29:49.337493', 'client 52468060 bid 1 fd_price status 503')
('2014-11-15 11:29:49.349749', 'client 52506384 bid 1 fd_price status 503')
('2014-11-15 11:29:50.706394', '\r\n\r\n\r\n\r\n\r\n\r\n\r\n\r\n\r\n\r\n<XML><ERRORCODE>311</ERRORCODE><ERRORSTRING>图像校验码错误！</ERRORSTRING><ERRORSTRING_EN>Image checksum error！</ERRORSTRING_EN></XML>')
('2014-11-15 11:29:50.706510', "client 52342148 bid 1 fd_price ack error {'errstring': '图像校验码错误！', 'errcode': '311'}")
('2014-11-15 11:29:50.723474', '\r\n\r\n\r\n\r\n\r\n\r\n\r\n\r\n\r\n\r\n<XML><ERRORCODE>311</ERRORCODE><ERRORSTRING>图像校验码错误！</ERRORSTRING><ERRORSTRING_EN>Image checksum error！</ERRORSTRING_EN></XML>')
('2014-11-15 11:29:50.723578', "client 52359380 bid 1 fd_price ack error {'errstring': '图像校验码错误！', 'errcode': '311'}")
('2014-11-15 11:29:50.730951', '\r\n\r\n\r\n\r\n\r\n\r\n\r\n\r\n\r\n\r\n<XML><ERRORCODE>311</ERRORCODE><ERRORSTRING>图像校验码错误！</ERRORSTRING><ERRORSTRING_EN>Image checksum error！</ERRORSTRING_EN></XML>')
('2014-11-15 11:29:50.731057', "client 52491338 bid 1 fd_price ack error {'errstring': '图像校验码错误！', 'errcode': '311'}")
('2014-11-15 11:29:50.744912', '\r\n\r\n\r\n\r\n\r\n\r\n\r\n\r\n\r\n\r\n<XML><ERRORCODE>311</ERRORCODE><ERRORSTRING>图像校验码错误！</ERRORSTRING><ERRORSTRING_EN>Image checksum error！</ERRORSTRING_EN></XML>')
('2014-11-15 11:29:50.745017', "client 52344781 bid 1 fd_price ack error {'errstring': '图像校验码错误！', 'errcode': '311'}")
('2014-11-15 11:29:54.587324', '\r\n\r\n\r\n\r\n\r\n\r\n\r\n\r\n\r\n\r\n<XML><ERRORCODE>311</ERRORCODE><ERRORSTRING>图像校验码错误！</ERRORSTRING><ERRORSTRING_EN>Image checksum error！</ERRORSTRING_EN></XML>')
('2014-11-15 11:29:54.587436', "client 52332228 bid 1 fd_price ack error {'errstring': '图像校验码错误！', 'errcode': '311'}")
('2014-11-15 11:29:55.646249', '\r\n\r\n\r\n\r\n\r\n\r\n\r\n\r\n\r\n\r\n<XML><ERRORCODE>311</ERRORCODE><ERRORSTRING>图像校验码错误！</ERRORSTRING><ERRORSTRING_EN>Image checksum error！</ERRORSTRING_EN></XML>')
('2014-11-15 11:29:55.646319', "client 52342148 bid 1 fd_price ack error {'errstring': '图像校验码错误！', 'errcode': '311'}")
('2014-11-15 11:29:55.676360', '\r\n\r\n\r\n\r\n\r\n\r\n\r\n\r\n\r\n\r\n<XML><ERRORCODE>311</ERRORCODE><ERRORSTRING>图像校验码错误！</ERRORSTRING><ERRORSTRING_EN>Image checksum error！</ERRORSTRING_EN></XML>')
('2014-11-15 11:29:55.676426', "client 52365445 bid 1 fd_price ack error {'errstring': '图像校验码错误！', 'errcode': '311'}")
('2014-11-15 11:29:56.637260', 'client 52342148 bid 2 fd_image status 503')
('2014-11-15 11:29:56.640551', 'client 52468060 bid 2 fd_image status 503')
('2014-11-15 11:29:56.654810', 'client 52506384 bid 2 fd_image status 503')
('2014-11-15 11:29:56.782447', 'client 52365445 bid 2 fd_price status 503')
('2014-11-15 11:29:57.350602', 'client 52359380 bid 2 fd_price status 503')
('2014-11-15 11:29:57.486064', 'client 52475079 bid 2 fd_price status 503')
('2014-11-15 11:29:57.502266', 'client 52295550 bid 2 fd_price status 503')
('2014-11-15 11:29:58.344613', 'client 52332228 bid 2 fd_image status 503')
('2014-11-15 11:29:58.823203', '\r\n\r\n\r\n\r\n\r\n\r\n\r\n\r\n\r\n\r\n<XML><ERRORCODE>311</ERRORCODE><ERRORSTRING>图像校验码错误！</ERRORSTRING><ERRORSTRING_EN>Image checksum error！</ERRORSTRING_EN></XML>')
('2014-11-15 11:29:58.823313', "client 52491338 bid 2 fd_price ack error {'errstring': '图像校验码错误！', 'errcode': '311'}")
('2014-11-15 11:29:58.887909', '\r\n\r\n\r\n\r\n\r\n\r\n\r\n\r\n\r\n\r\n<XML><ERRORCODE>311</ERRORCODE><ERRORSTRING>图像校验码错误！</ERRORSTRING><ERRORSTRING_EN>Image checksum error！</ERRORSTRING_EN></XML>')
('2014-11-15 11:29:58.888016', "client 52344781 bid 2 fd_price ack error {'errstring': '图像校验码错误！', 'errcode': '311'}")
('2014-11-15 11:29:59.627178', 'client 52342148 bid 2 fd_image Timeout')
('2014-11-15 11:29:59.633890', 'client 52468060 bid 2 fd_image Timeout')
('2014-11-15 11:29:59.637466', 'client 52342148 bid 2 fd_image got max_retry 2')
('2014-11-15 11:29:59.642796', 'client 52506384 bid 2 fd_image Timeout')
('2014-11-15 11:29:59.645469', 'client 52506384 bid 2 fd_image got max_retry 2')
('2014-11-15 11:30:00.110952', 'client 52468060 bid 2 fd_image got max_retry 2')
('2014-11-15 11:30:01.339200', 'client 52332228 bid 2 fd_image Timeout')
('2014-11-15 11:30:01.347993', 'client 52332228 bid 2 fd_image got max_retry 2')
('2014-11-15 11:30:01.625664', '\r\n\r\n\r\n\r\n\r\n\r\n\r\n\r\n\r\n\r\n<XML><ERRORCODE>110</ERRORCODE><ERRORSTRING>没有正在举行的拍卖会，请注意拍卖公告！</ERRORSTRING><ERRORSTRING_EN>Auction is not begin!</ERRORSTRING_EN></XML>\r\n')
('2014-11-15 11:30:01.625772', "client 52506384 bid 2 fd_price ack error {'errstring': '没有正在举行的拍卖会，请注意拍卖公告！', 'errcode': '110'}")
('2014-11-15 11:30:02.206647', '\r\n\r\n\r\n\r\n\r\n\r\n\r\n\r\n\r\n\r\n<XML><ERRORCODE>311</ERRORCODE><ERRORSTRING>图像校验码错误！</ERRORSTRING><ERRORSTRING_EN>Image checksum error！</ERRORSTRING_EN></XML>')
('2014-11-15 11:30:02.206756', "client 52475079 bid 1 fd_price ack error {'errstring': '图像校验码错误！', 'errcode': '311'}")
('2014-11-15 11:30:02.237277', '\r\n\r\n\r\n\r\n\r\n\r\n\r\n\r\n\r\n\r\n<XML><ERRORCODE>311</ERRORCODE><ERRORSTRING>图像校验码错误！</ERRORSTRING><ERRORSTRING_EN>Image checksum error！</ERRORSTRING_EN></XML>')
('2014-11-15 11:30:02.237408', "client 52506384 bid 1 fd_price ack error {'errstring': '图像校验码错误！', 'errcode': '311'}")
('2014-11-15 11:30:02.637899', '\r\n\r\n\r\n\r\n\r\n\r\n\r\n\r\n\r\n\r\n\r\n<XML><ERRORCODE>110</ERRORCODE><ERRORSTRING>没有正在举行的拍卖会，请注意拍卖公告！</ERRORSTRING><ERRORSTRING_EN>Auction is not begin!</ERRORSTRING_EN></XML>')
('2014-11-15 11:30:02.638023', "client 52342148 bid 2 fd_image ack error {'head': 'Connection: close\\nDate: Sat, 15 Nov 2014 03:30:02 GMT\\nServer: Microsoft-IIS/6.0\\nSet-Cookie: JSESSIONID=67B1B489C9AC64664B507A95A8A381FF; Path=/car\\nContent-Type: text/html;charset=GBK\\nContent-Length: 178\\n\\n', 'body': '\\r\\n\\r\\n\\r\\n\\r\\n\\r\\n\\r\\n\\r\\n\\r\\n\\r\\n\\r\\n\\r\\n<XML><ERRORCODE>110</ERRORCODE><ERRORSTRING>没有正在举行的拍卖会，请注意拍卖公告！</ERRORSTRING><ERRORSTRING_EN>Auction is not begin!</ERRORSTRING_EN></XML>', 'status': 200}")
('2014-11-15 11:30:02.647146', '\r\n\r\n\r\n\r\n\r\n\r\n\r\n\r\n\r\n\r\n\r\n<XML><ERRORCODE>110</ERRORCODE><ERRORSTRING>没有正在举行的拍卖会，请注意拍卖公告！</ERRORSTRING><ERRORSTRING_EN>Auction is not begin!</ERRORSTRING_EN></XML>')
('2014-11-15 11:30:02.647266', "client 52468060 bid 2 fd_image ack error {'head': 'Connection: close\\nDate: Sat, 15 Nov 2014 03:30:02 GMT\\nServer: Microsoft-IIS/6.0\\nSet-Cookie: JSESSIONID=76C98CE7813A1E825DB3DE6A21FDC9E8; Path=/car\\nContent-Type: text/html;charset=GBK\\nContent-Length: 178\\n\\n', 'body': '\\r\\n\\r\\n\\r\\n\\r\\n\\r\\n\\r\\n\\r\\n\\r\\n\\r\\n\\r\\n\\r\\n<XML><ERRORCODE>110</ERRORCODE><ERRORSTRING>没有正在举行的拍卖会，请注意拍卖公告！</ERRORSTRING><ERRORSTRING_EN>Auction is not begin!</ERRORSTRING_EN></XML>', 'status': 200}")
('2014-11-15 11:30:03.122852', '\r\n\r\n\r\n\r\n\r\n\r\n\r\n\r\n\r\n\r\n<XML><ERRORCODE>110</ERRORCODE><ERRORSTRING>没有正在举行的拍卖会，请注意拍卖公告！</ERRORSTRING><ERRORSTRING_EN>Auction is not begin!</ERRORSTRING_EN></XML>\r\n')
('2014-11-15 11:30:03.122962', "client 52365445 bid 2 fd_price ack error {'errstring': '没有正在举行的拍卖会，请注意拍卖公告！', 'errcode': '110'}")
('2014-11-15 11:30:04.351838', '\r\n\r\n\r\n\r\n\r\n\r\n\r\n\r\n\r\n\r\n\r\n<XML><ERRORCODE>110</ERRORCODE><ERRORSTRING>没有正在举行的拍卖会，请注意拍卖公告！</ERRORSTRING><ERRORSTRING_EN>Auction is not begin!</ERRORSTRING_EN></XML>')
('2014-11-15 11:30:04.351962', "client 52332228 bid 2 fd_image ack error {'head': 'Connection: close\\nDate: Sat, 15 Nov 2014 03:30:04 GMT\\nServer: Microsoft-IIS/6.0\\nSet-Cookie: JSESSIONID=9C42937B87C4C8B8B30A8745A228A80E; Path=/car\\nContent-Type: text/html;charset=GBK\\nContent-Length: 178\\n\\n', 'body': '\\r\\n\\r\\n\\r\\n\\r\\n\\r\\n\\r\\n\\r\\n\\r\\n\\r\\n\\r\\n\\r\\n<XML><ERRORCODE>110</ERRORCODE><ERRORSTRING>没有正在举行的拍卖会，请注意拍卖公告！</ERRORSTRING><ERRORSTRING_EN>Auction is not begin!</ERRORSTRING_EN></XML>', 'status': 200}")
('2014-11-15 11:30:05.646192', '\r\n\r\n\r\n\r\n\r\n\r\n\r\n\r\n\r\n\r\n\r\n<XML><ERRORCODE>110</ERRORCODE><ERRORSTRING>没有正在举行的拍卖会，请注意拍卖公告！</ERRORSTRING><ERRORSTRING_EN>Auction is not begin!</ERRORSTRING_EN></XML>')
('2014-11-15 11:30:05.646326', "client 52342148 bid 2 fd_image ack error {'head': 'Connection: close\\nDate: Sat, 15 Nov 2014 03:30:05 GMT\\nServer: Microsoft-IIS/6.0\\nSet-Cookie: JSESSIONID=A511C536D58C40AAF2A32CC65D64481B; Path=/car\\nContent-Type: text/html;charset=GBK\\nContent-Length: 178\\n\\n', 'body': '\\r\\n\\r\\n\\r\\n\\r\\n\\r\\n\\r\\n\\r\\n\\r\\n\\r\\n\\r\\n\\r\\n<XML><ERRORCODE>110</ERRORCODE><ERRORSTRING>没有正在举行的拍卖会，请注意拍卖公告！</ERRORSTRING><ERRORSTRING_EN>Auction is not begin!</ERRORSTRING_EN></XML>', 'status': 200}")
('2014-11-15 11:30:05.655668', '\r\n\r\n\r\n\r\n\r\n\r\n\r\n\r\n\r\n\r\n\r\n<XML><ERRORCODE>110</ERRORCODE><ERRORSTRING>没有正在举行的拍卖会，请注意拍卖公告！</ERRORSTRING><ERRORSTRING_EN>Auction is not begin!</ERRORSTRING_EN></XML>')
('2014-11-15 11:30:05.655789', "client 52468060 bid 2 fd_image ack error {'head': 'Connection: close\\nDate: Sat, 15 Nov 2014 03:30:05 GMT\\nServer: Microsoft-IIS/6.0\\nSet-Cookie: JSESSIONID=CFA44FC97F8BCECF5AABC3579BD43BDE; Path=/car\\nContent-Type: text/html;charset=GBK\\nContent-Length: 178\\n\\n', 'body': '\\r\\n\\r\\n\\r\\n\\r\\n\\r\\n\\r\\n\\r\\n\\r\\n\\r\\n\\r\\n\\r\\n<XML><ERRORCODE>110</ERRORCODE><ERRORSTRING>没有正在举行的拍卖会，请注意拍卖公告！</ERRORSTRING><ERRORSTRING_EN>Auction is not begin!</ERRORSTRING_EN></XML>', 'status': 200}")
('2014-11-15 11:30:10.347927', 'client 52332228 bid 2 fd_image Timeout')
('2014-11-15 11:30:15.332637', '\r\n\r\n\r\n\r\n\r\n\r\n\r\n\r\n\r\n\r\n<XML><ERRORCODE>311</ERRORCODE><ERRORSTRING>图像校验码错误！</ERRORSTRING><ERRORSTRING_EN>Image checksum error！</ERRORSTRING_EN></XML>')
('2014-11-15 11:30:15.332753', "client 52468060 bid 1 fd_price ack error {'errstring': '图像校验码错误！', 'errcode': '311'}")
('2014-11-15 11:30:33.821844', 'client 52332228 bid 1 fd_image got max_retry 2')
('2014-11-15 11:30:49.441166', '\r\n\r\n\r\n\r\n\r\n\r\n\r\n\r\n\r\n\r\n<XML><ERRORCODE>311</ERRORCODE><ERRORSTRING>图像校验码错误！</ERRORSTRING><ERRORSTRING_EN>Image checksum error！</ERRORSTRING_EN></XML>')
('2014-11-15 11:30:49.441307', "client 52491338 bid 2 fd_price ack error {'errstring': '图像校验码错误！', 'errcode': '311'}")
