('2014-11-15 09:01:22.034914', 'client 52354010 login 黄卫忠 31023019700713417x')
('2014-11-15 09:01:22.035835', 'client 52343234 login 张丽 370102198105234144')
('2014-11-15 09:01:24.018126', 'client 52443981 login 赵佳林 31010819810123331x')
('2014-11-15 09:01:24.020935', 'client 52370981 login 陈怡婉 330822197808060023')
('2014-11-15 09:01:26.019884', 'client 52459981 login 魏保建 372930198208267054')
('2014-11-15 09:01:26.022531', 'client 52413970 login 洪梅 61010219790422356x')
('2014-11-15 09:01:28.019989', 'client 52441882 login 洪? 310112197606291013')
('2014-11-15 09:01:28.022826', 'client 52410388 login 蔡国平 310224195508207617')
('2014-11-15 09:01:30.019413', 'client 52412034 login 郑博玮 330124198605282231')
('2014-11-15 09:01:30.021891', 'client 52250379 login 王一帆 310110198508101580')
('2014-11-15 10:35:09.559900', 'client 52413970 bid 0 image CAB88F97ADBB355646CE659588207DAB 262525 ')
('2014-11-15 10:35:10.589184', 'client 52370981 bid 0 image 729F5755045F73D316C1027C485BB0A5 451839 ')
('2014-11-15 10:35:11.566753', 'client 52413970 bid 0 price 72600 meet err_112 洪梅 61010219790422356x')
('2014-11-15 10:35:11.566898', 'client 52413970 bid 0 price 72600 洪梅 61010219790422356x')
('2014-11-15 10:35:11.666084', 'client 52410388 bid 0 image B469325CF5B97E04C6E2D7B5BC96E825 360616 ')
('2014-11-15 10:35:12.596561', 'client 52370981 bid 0 price 72600 陈怡婉 330822197808060023')
('2014-11-15 10:35:12.664618', 'client 52441882 bid 0 image D4590C345B8D0D201BF1A6CABA207FA6 646361 ')
('2014-11-15 10:35:13.672691', 'client 52410388 bid 0 price 72600 蔡国平 310224195508207617')
('2014-11-15 10:35:13.882425', 'client 52354010 bid 0 image 83F79548280C89D8616F9456CFCD6714 506280 ')
('2014-11-15 10:35:14.671043', 'client 52441882 bid 0 price 72600 洪? 310112197606291013')
('2014-11-15 10:35:14.820022', 'client 52443981 bid 0 image 9C8A2263D050B961CE9A3F242BC225F3 050615 ')
('2014-11-15 10:35:15.847499', 'client 52250379 bid 0 image BAEE567C3A086C155752F0F8B2569730 549062 ')
('2014-11-15 10:35:15.888725', 'client 52354010 bid 0 price 72600 黄卫忠 31023019700713417x')
('2014-11-15 10:35:16.826935', 'client 52443981 bid 0 price 72600 赵佳林 31010819810123331x')
('2014-11-15 10:35:17.853908', 'client 52250379 bid 0 price 72600 王一帆 310110198508101580')
('2014-11-15 10:35:21.530216', 'client 52343234 bid 0 image E4421A691F17A3CD743A572DB1EB0EFF 161649 ')
('2014-11-15 10:35:23.536559', 'client 52343234 bid 0 price 72600 张丽 370102198105234144')
('2014-11-15 10:35:24.334049', 'client 52459981 bid 0 image 5BE890D593306658A55370F7803B24A9 494505 ')
('2014-11-15 10:35:26.340981', 'client 52459981 bid 0 price 72600 魏保建 372930198208267054')
('2014-11-15 10:35:26.378962', 'client 52412034 bid 0 image 343BB9F3B8EF72A541C12A8C70852BBC 492506 ')
('2014-11-15 10:35:28.385763', 'client 52412034 bid 0 price 72600 郑博玮 330124198605282231')
('2014-11-15 11:29:48.759148', 'client 52459981 bid 1 image 5FAD0FDEA678A1627DD10DA37FB562B5 806192 ')
('2014-11-15 11:29:48.822056', 'client 52370981 bid 1 image 9A18EAB942771C1732AA48AD08AACEBE 063816 ')
('2014-11-15 11:29:48.822560', 'client 52343234 bid 1 image E305FBD1215631285699A60B68D654DE 829193 ')
('2014-11-15 11:29:48.825889', 'client 52410388 bid 1 image EBA9E2D8B5ED11B72B835328BE06050F 462545 ')
('2014-11-15 11:29:48.850014', 'client 52413970 bid 1 image E4BE1A24290185F18E5B95F6E76372C9 462506 ')
('2014-11-15 11:29:48.853648', 'client 52441882 bid 1 image C00729748626A82CF3FECED874FB71DE 463609 ')
('2014-11-15 11:29:48.855285', 'client 52443981 bid 1 image A2E13EC99B5DD96000AF21CE61656943 081836 ')
('2014-11-15 11:29:48.856959', 'client 52412034 bid 1 image 5BDD05969455B54F43D0B933A187E5BC 629254 ')
('2014-11-15 11:29:49.804126', 'client 52250379 bid 1 image C64CB1B93B0F35537696B4D39D8D7A26 184648 ')
('2014-11-15 11:29:50.766055', 'client 52459981 bid 1 price 73500 魏保建 372930198208267054')
('2014-11-15 11:29:50.839473', 'client 52410388 bid 1 price 73500 蔡国平 310224195508207617')
('2014-11-15 11:29:50.842552', 'client 52370981 bid 1 price 73500 陈怡婉 330822197808060023')
('2014-11-15 11:29:50.849430', 'client 52343234 bid 1 price 73500 张丽 370102198105234144')
('2014-11-15 11:29:50.866007', 'client 52413970 bid 1 price 73500 洪梅 61010219790422356x')
('2014-11-15 11:29:50.881342', 'client 52412034 bid 1 price 73500 郑博玮 330124198605282231')
('2014-11-15 11:29:50.884128', 'client 52441882 bid 1 price 73500 洪? 310112197606291013')
('2014-11-15 11:29:51.769747', 'client 52354010 bid 1 image 561E8DC5C0BB721831AE28BA74061598 493645 ')
('2014-11-15 11:29:51.809428', 'client 52250379 bid 1 price 73500 王一帆 310110198508101580')
('2014-11-15 11:29:51.960002', 'client 52443981 bid 1 price 73500 赵佳林 31010819810123331x')
('2014-11-15 11:29:53.776375', 'client 52354010 bid 1 price 73500 黄卫忠 31023019700713417x')
('2014-11-15 11:29:58.759626', 'client 52250379 bid 2 image 4483E78F43E1389EAF41C75D503A3D6B 291738 ')
('2014-11-15 11:29:58.762487', 'client 52343234 bid 2 image B93FF4E265B5CED0039B60C0A60DCD8D 639191 ')
('2014-11-15 11:29:58.764530', 'client 52354010 bid 2 image A563BB97FE8C622C9A1E9061D6899D69 839381 ')
('2014-11-15 11:29:58.768674', 'client 52441882 bid 2 image 5EE8572F2F833489190BBBFEC43A9E5D 074845 ')
('2014-11-15 11:29:58.784927', 'client 52413970 bid 2 image 8317B5CDE4E06929CA4C20DF35D3ED63 545001 ')
('2014-11-15 11:29:58.792976', 'client 52443981 bid 2 image 8D836D88D096FF1A1B03FE1FFE89C82B 746391 ')
('2014-11-15 11:29:58.804597', 'client 52459981 bid 2 image DCB5BCD81AE795D1502014AB2D27E6C8 806362 ')
('2014-11-15 11:30:00.050333', 'client 52370981 bid 2 image F9E7DD2715128465A777995A641B991C 390747 ')
('2014-11-15 11:30:00.212270', 'client 52410388 bid 2 image Failed')
('2014-11-15 11:30:00.212375', 'client 52410388 bid 2 failed. Abort.....')
('2014-11-15 11:30:00.782806', 'client 52354010 bid 2 price 73700 黄卫忠 31023019700713417x')
('2014-11-15 11:30:00.786870', 'client 52441882 bid 2 price 73700 洪? 310112197606291013')
('2014-11-15 11:30:00.795004', 'client 52250379 bid 2 price 73700 王一帆 310110198508101580')
('2014-11-15 11:30:00.795214', 'client 52343234 bid 2 price 73700 张丽 370102198105234144')
('2014-11-15 11:30:00.809737', 'client 52413970 bid 2 price 73700 洪梅 61010219790422356x')
('2014-11-15 11:30:00.822328', 'client 52459981 bid 2 price 73700 魏保建 372930198208267054')
('2014-11-15 11:30:00.826587', 'client 52443981 bid 2 price 73700 赵佳林 31010819810123331x')
('2014-11-15 11:30:02.907397', 'client 52412034 bid 2 image Failed')
('2014-11-15 11:30:02.907499', 'client 52412034 bid 2 failed. Abort.....')
('2014-11-15 11:30:10.222657', "client 52410388 bids finished. price : ['72600', '73500', None] . Quit.....")
('2014-11-15 11:30:10.793131', "client 52441882 bids finished. price : ['72600', '73500', '73700'] . Quit.....")
('2014-11-15 11:30:10.793547', "client 52354010 bids finished. price : ['72600', '73500', '73700'] . Quit.....")
('2014-11-15 11:30:10.798790', "client 52343234 bids finished. price : ['72600', '73500', '73700'] . Quit.....")
('2014-11-15 11:30:10.799298', "client 52250379 bids finished. price : ['72600', '73500', '73700'] . Quit.....")
('2014-11-15 11:30:10.817362', "client 52413970 bids finished. price : ['72600', '73500', '73700'] . Quit.....")
('2014-11-15 11:30:10.832518', "client 52459981 bids finished. price : ['72600', '73500', '73700'] . Quit.....")
('2014-11-15 11:30:10.832776', "client 52443981 bids finished. price : ['72600', '73500', '73700'] . Quit.....")
('2014-11-15 11:30:12.057204', 'client 52370981 bid 2 price Failed')
('2014-11-15 11:30:12.057473', 'client 52370981 bid 2 failed. Abort.....')
('2014-11-15 11:30:12.917744', "client 52412034 bids finished. price : ['72600', '73500', None] . Quit.....")
('2014-11-15 11:30:22.067701', "client 52370981 bids finished. price : ['72600', '73500', None] . Quit.....")
