('2014-11-15 09:01:32.023290', 'client 52337869 login 蔡旭峰 310224197111255011')
('2014-11-15 09:01:32.024865', 'client 52405120 login 杨连 31010719810212301x')
('2014-11-15 09:01:34.018374', 'client 52421955 login 刘青 310225197609280018')
('2014-11-15 09:01:34.022215', 'client 52382780 login 薛佳君 310115198308102919')
('2014-11-15 09:01:36.018618', 'client 52415322 login 任洁 310108198112153323')
('2014-11-15 09:01:36.519317', 'client 52424824 login 黄诚 310230198809194371')
('2014-11-15 09:01:38.020672', 'client 52496736 login 钱曙光 310106196002241216')
('2014-11-15 09:01:38.023643', 'client 52401211 login 石达祺 230183198005110213')
('2014-11-15 09:01:40.023630', 'client 52542854 login 江煜敏 310110198112035150')
('2014-11-15 09:01:40.025803', 'client 52438321 login 姜燕 310110199108050520')
('2014-11-15 10:35:11.092659', 'client 52401211 bid 0 image F999BD417D9B1A02931431F35527AAAD 905153 ')
('2014-11-15 10:35:11.835280', 'client 52337869 bid 0 image BEDE6EA3C4822EAFFC0F558E0B42AB87 183836 ')
('2014-11-15 10:35:12.416934', 'client 52405120 bid 0 image F3407FE5FE5679288D9331C554A23008 809493 ')
('2014-11-15 10:35:13.098628', 'client 52401211 bid 0 price 72600 石达祺 230183198005110213')
('2014-11-15 10:35:13.682762', 'client 52438321 bid 0 image 0293F66E184F5D5D31D835566065F625 061636 ')
('2014-11-15 10:35:13.841487', 'client 52337869 bid 0 price 72600 蔡旭峰 310224197111255011')
('2014-11-15 10:35:14.423011', 'client 52405120 bid 0 price 72600 杨连 31010719810212301x')
('2014-11-15 10:35:14.737190', 'client 52415322 bid 0 image EDD36BC59663BD5CDEFD1D808079732A 150516 ')
('2014-11-15 10:35:15.688782', 'client 52438321 bid 0 price 72600 姜燕 310110199108050520')
('2014-11-15 10:35:16.689581', 'client 52382780 bid 0 image 4B94393B2D7CC7FDCAD743655A4C5311 628080 ')
('2014-11-15 10:35:16.741624', 'client 52415322 bid 0 price 72600 任洁 310108198112153323')
('2014-11-15 10:35:17.954214', 'client 52496736 bid 0 image B7FF84F85FADF73077CD4B74DB30CB88 163619 ')
('2014-11-15 10:35:18.696045', 'client 52382780 bid 0 price 72600 薛佳君 310115198308102919')
('2014-11-15 10:35:19.960435', 'client 52496736 bid 0 price 72600 钱曙光 310106196002241216')
('2014-11-15 10:35:27.391387', 'client 52424824 bid 0 image F5314C5D81A2779D500983304CA01D5B 353625 ')
('2014-11-15 10:35:28.405472', 'client 52542854 bid 0 image 66552D5D0812636D948250EF2C135302 538084 ')
('2014-11-15 10:35:29.397535', 'client 52424824 bid 0 price 72600 黄诚 310230198809194371')
('2014-11-15 10:35:30.410015', 'client 52542854 bid 0 price 72600 江煜敏 310110198112035150')
('2014-11-15 10:35:32.180339', 'client 52421955 bid 0 image 5B62EEFB1A6181A42D9AB352B2A4E5E0 946260 ')
('2014-11-15 10:35:34.186463', 'client 52421955 bid 0 price 72600 刘青 310225197609280018')
('2014-11-15 11:29:56.014188', 'client 52405120 bid 1 image FF92C2FEEE9A31B889E1F15761D2229A 939250 ')
('2014-11-15 11:29:56.535368', 'client 52382780 bid 1 image 7BB01B55C6137FA74FDA698A582927A2 261519 ')
('2014-11-15 11:29:56.554251', 'client 52496736 bid 1 image A5BF4D2D40134AD5E251B3ECECAB3C6D 907062 ')
('2014-11-15 11:29:56.576109', 'client 52438321 bid 1 image 712F64063C629763DF872B259F4F7083 937490 ')
('2014-11-15 11:29:56.615873', 'client 52542854 bid 1 image 10A4B02C0D8FAC44559BB9ACDBAFF11E 726290 ')
('2014-11-15 11:29:56.617988', 'client 52337869 bid 1 image 882721B45D6EFBB40AF107D9D25CD37E 806371 ')
('2014-11-15 11:29:56.632529', 'client 52421955 bid 1 image 184B9916BA31C102CF792ED264B3D169 092506 ')
('2014-11-15 11:29:56.633150', 'client 52401211 bid 1 image 41AE1914FB3E92238B3DA248DB146475 394506 ')
('2014-11-15 11:29:56.637051', 'client 52415322 bid 1 image D62490152E2121D6C6F51AAE51A63A11 729353 ')
('2014-11-15 11:29:57.417882', 'client 52424824 bid 1 image 779BCD095A54C8BBA896B30D2AD63DC5 170927 ')
('2014-11-15 11:29:58.020198', 'client 52405120 bid 1 price 73700 杨连 31010719810212301x')
('2014-11-15 11:29:58.541267', 'client 52382780 bid 1 price 73700 薛佳君 310115198308102919')
('2014-11-15 11:29:58.560289', 'client 52496736 bid 1 price 73700 钱曙光 310106196002241216')
('2014-11-15 11:29:58.582061', 'client 52438321 bid 1 price 73700 姜燕 310110199108050520')
('2014-11-15 11:29:58.623881', 'client 52542854 bid 1 price 73700 江煜敏 310110198112035150')
('2014-11-15 11:29:58.632919', 'client 52337869 bid 1 price 73700 蔡旭峰 310224197111255011')
('2014-11-15 11:29:58.647701', 'client 52401211 bid 1 price 73700 石达祺 230183198005110213')
('2014-11-15 11:29:58.655530', 'client 52421955 bid 1 price 73700 刘青 310225197609280018')
('2014-11-15 11:29:58.662597', 'client 52415322 bid 1 price 73700 任洁 310108198112153323')
('2014-11-15 11:29:59.424320', 'client 52424824 bid 1 price 73700 黄诚 310230198809194371')
('2014-11-15 11:30:11.033522', "client 52405120 bids finished. price : ['72600', '73700', None] . Quit.....")
('2014-11-15 11:30:11.554618', "client 52382780 bids finished. price : ['72600', '73700', None] . Quit.....")
('2014-11-15 11:30:11.573600', "client 52496736 bids finished. price : ['72600', '73700', None] . Quit.....")
('2014-11-15 11:30:11.595352', "client 52438321 bids finished. price : ['72600', '73700', None] . Quit.....")
('2014-11-15 11:30:11.637183', "client 52337869 bids finished. price : ['72600', '73700', None] . Quit.....")
('2014-11-15 11:30:11.637687', "client 52542854 bids finished. price : ['72600', '73700', None] . Quit.....")
('2014-11-15 11:30:11.660980', "client 52401211 bids finished. price : ['72600', '73700', None] . Quit.....")
('2014-11-15 11:30:11.668599', "client 52421955 bids finished. price : ['72600', '73700', None] . Quit.....")
('2014-11-15 11:30:11.675888', "client 52415322 bids finished. price : ['72600', '73700', None] . Quit.....")
('2014-11-15 11:30:12.437632', "client 52424824 bids finished. price : ['72600', '73700', None] . Quit.....")
