('2014-12-20 10:34:12.043913', 'client 52452243 bid 0 fd_image Timeout')
('2014-12-20 10:34:12.045636', 'client 52394406 bid 0 fd_image Timeout')
('2014-12-20 10:34:12.047021', 'client 52354652 bid 0 fd_image Timeout')
('2014-12-20 10:34:12.047969', 'client 52514721 bid 0 fd_image Timeout')
('2014-12-20 10:34:12.048297', 'client 52396155 bid 0 fd_image Timeout')
('2014-12-20 10:34:12.048589', 'client 52534226 bid 0 fd_image Timeout')
('2014-12-20 10:34:12.051062', 'client 52374324 bid 0 fd_image Timeout')
('2014-12-20 10:34:22.046191', 'client 52452243 bid 0 fd_image Timeout')
('2014-12-20 10:34:22.047585', 'client 52394406 bid 0 fd_image Timeout')
('2014-12-20 10:34:22.051548', 'client 52354652 bid 0 fd_image Timeout')
('2014-12-20 10:34:22.051860', 'client 52514721 bid 0 fd_image Timeout')
('2014-12-20 10:34:22.052953', 'client 52396155 bid 0 fd_image Timeout')
('2014-12-20 10:34:22.053865', 'client 52374324 bid 0 fd_image Timeout')
('2014-12-20 10:34:22.054816', 'client 52534226 bid 0 fd_image Timeout')
('2014-12-20 10:34:28.525960', '\r\n\r\n\r\n\r\n\r\n\r\n\r\n\r\n\r\n\r\n\r\n<XML><ERRORCODE>101</ERRORCODE><ERRORSTRING>您的操作太过频繁，请稍后再试！</ERRORSTRING><ERRORSTRING_EN>Please try again slightly!</ERRORSTRING_EN></XML>')
('2014-12-20 10:34:28.526014', "client 52396155 bid 0 fd_image ack error {'head': 'Connection: close\\nDate: Sat, 20 Dec 2014 02:34:28 GMT\\nServer: Microsoft-IIS/6.0\\nSet-Cookie: JSESSIONID=A9908B53654A9B2D441235637857745B; Path=/car\\nContent-Type: text/html;charset=GBK\\nContent-Length: 175\\n\\n', 'status': 200, 'body': '\\r\\n\\r\\n\\r\\n\\r\\n\\r\\n\\r\\n\\r\\n\\r\\n\\r\\n\\r\\n\\r\\n<XML><ERRORCODE>101</ERRORCODE><ERRORSTRING>您的操作太过频繁，请稍后再试！</ERRORSTRING><ERRORSTRING_EN>Please try again slightly!</ERRORSTRING_EN></XML>'}")
('2014-12-20 10:34:36.540865', '\r\n\r\n\r\n\r\n\r\n\r\n\r\n\r\n\r\n\r\n<XML><ERRORCODE>311</ERRORCODE><ERRORSTRING>图像校验码错误！</ERRORSTRING><ERRORSTRING_EN>Image checksum error！</ERRORSTRING_EN></XML>')
('2014-12-20 10:34:36.540910', "client 52374324 bid 0 fd_price ack error {'errcode': '311', 'errstring': '图像校验码错误！'}")
('2014-12-20 10:34:37.574473', '\r\n\r\n\r\n\r\n\r\n\r\n\r\n\r\n\r\n\r\n<XML><ERRORCODE>311</ERRORCODE><ERRORSTRING>图像校验码错误！</ERRORSTRING><ERRORSTRING_EN>Image checksum error！</ERRORSTRING_EN></XML>')
('2014-12-20 10:34:37.574520', "client 52394406 bid 0 fd_price ack error {'errcode': '311', 'errstring': '图像校验码错误！'}")
('2014-12-20 10:34:38.527932', 'client 52396155 bid 0 fd_image Timeout')
('2014-12-20 10:34:38.633644', '\r\n\r\n\r\n\r\n\r\n\r\n\r\n\r\n\r\n\r\n<XML><ERRORCODE>311</ERRORCODE><ERRORSTRING>图像校验码错误！</ERRORSTRING><ERRORSTRING_EN>Image checksum error！</ERRORSTRING_EN></XML>')
('2014-12-20 10:34:38.633691', "client 52354652 bid 0 fd_price ack error {'errcode': '311', 'errstring': '图像校验码错误！'}")
('2014-12-20 10:34:48.529618', 'client 52396155 bid 0 fd_image Timeout')
('2014-12-20 10:34:58.531087', 'client 52396155 bid 0 fd_image Timeout')
('2014-12-20 10:35:02.454379', '\r\n\r\n\r\n\r\n\r\n\r\n\r\n\r\n\r\n\r\n<XML><ERRORCODE>311</ERRORCODE><ERRORSTRING>图像校验码错误！</ERRORSTRING><ERRORSTRING_EN>Image checksum error！</ERRORSTRING_EN></XML>')
('2014-12-20 10:35:02.454433', "client 52452243 bid 0 fd_price ack error {'errcode': '311', 'errstring': '图像校验码错误！'}")
('2014-12-20 10:35:03.030256', '\r\n\r\n\r\n\r\n\r\n\r\n\r\n\r\n\r\n\r\n<XML><ERRORCODE>311</ERRORCODE><ERRORSTRING>图像校验码错误！</ERRORSTRING><ERRORSTRING_EN>Image checksum error！</ERRORSTRING_EN></XML>')
('2014-12-20 10:35:03.030390', "client 52374324 bid 0 fd_price ack error {'errcode': '311', 'errstring': '图像校验码错误！'}")
('2014-12-20 10:35:03.542903', '\r\n\r\n\r\n\r\n\r\n\r\n\r\n\r\n\r\n\r\n<XML><ERRORCODE>311</ERRORCODE><ERRORSTRING>图像校验码错误！</ERRORSTRING><ERRORSTRING_EN>Image checksum error！</ERRORSTRING_EN></XML>')
('2014-12-20 10:35:03.542953', "client 52394406 bid 0 fd_price ack error {'errcode': '311', 'errstring': '图像校验码错误！'}")
('2014-12-20 10:35:05.110285', '\r\n\r\n\r\n\r\n\r\n\r\n\r\n\r\n\r\n\r\n<XML><ERRORCODE>311</ERRORCODE><ERRORSTRING>图像校验码错误！</ERRORSTRING><ERRORSTRING_EN>Image checksum error！</ERRORSTRING_EN></XML>')
('2014-12-20 10:35:05.110383', "client 52354652 bid 0 fd_price ack error {'errcode': '311', 'errstring': '图像校验码错误！'}")
('2014-12-20 10:35:06.199313', '\r\n\r\n\r\n\r\n\r\n\r\n\r\n\r\n\r\n\r\n<XML><ERRORCODE>311</ERRORCODE><ERRORSTRING>图像校验码错误！</ERRORSTRING><ERRORSTRING_EN>Image checksum error！</ERRORSTRING_EN></XML>')
('2014-12-20 10:35:06.199365', "client 52514721 bid 0 fd_price ack error {'errcode': '311', 'errstring': '图像校验码错误！'}")
('2014-12-20 10:35:11.038236', '\r\n\r\n\r\n\r\n\r\n\r\n\r\n\r\n\r\n\r\n<XML><ERRORCODE>311</ERRORCODE><ERRORSTRING>图像校验码错误！</ERRORSTRING><ERRORSTRING_EN>Image checksum error！</ERRORSTRING_EN></XML>')
('2014-12-20 10:35:11.038287', "client 52534226 bid 0 fd_price ack error {'errcode': '311', 'errstring': '图像校验码错误！'}")
('2014-12-20 10:35:21.567811', 'client 52394406 bid 0 fd_image Timeout')
('2014-12-20 10:35:22.628039', 'client 52354652 bid 0 fd_image Timeout')
('2014-12-20 10:35:22.872037', '\r\n\r\n\r\n\r\n\r\n\r\n\r\n\r\n\r\n\r\n<XML><ERRORCODE>311</ERRORCODE><ERRORSTRING>图像校验码错误！</ERRORSTRING><ERRORSTRING_EN>Image checksum error！</ERRORSTRING_EN></XML>')
('2014-12-20 10:35:22.872088', "client 52374324 bid 0 fd_price ack error {'errcode': '311', 'errstring': '图像校验码错误！'}")
('2014-12-20 10:35:31.569238', 'client 52394406 bid 0 fd_image Timeout')
('2014-12-20 10:35:32.629383', 'client 52354652 bid 0 fd_image Timeout')
('2014-12-20 10:35:33.917583', '\r\n\r\n\r\n\r\n\r\n\r\n\r\n\r\n\r\n\r\n<XML><ERRORCODE>311</ERRORCODE><ERRORSTRING>图像校验码错误！</ERRORSTRING><ERRORSTRING_EN>Image checksum error！</ERRORSTRING_EN></XML>')
('2014-12-20 10:35:33.917629', "client 52396155 bid 0 fd_price ack error {'errcode': '311', 'errstring': '图像校验码错误！'}")
('2014-12-20 10:35:41.570728', 'client 52394406 bid 0 fd_image Timeout')
('2014-12-20 10:35:42.247472', '\r\n\r\n\r\n\r\n\r\n\r\n\r\n\r\n\r\n\r\n<XML><ERRORCODE>311</ERRORCODE><ERRORSTRING>图像校验码错误！</ERRORSTRING><ERRORSTRING_EN>Image checksum error！</ERRORSTRING_EN></XML>')
('2014-12-20 10:35:42.247543', "client 52396155 bid 0 fd_price ack error {'errcode': '311', 'errstring': '图像校验码错误！'}")
('2014-12-20 10:35:42.630741', 'client 52354652 bid 0 fd_image Timeout')
('2014-12-20 10:35:43.030497', '\r\n\r\n\r\n\r\n\r\n\r\n\r\n\r\n\r\n\r\n<XML><ERRORCODE>311</ERRORCODE><ERRORSTRING>图像校验码错误！</ERRORSTRING><ERRORSTRING_EN>Image checksum error！</ERRORSTRING_EN></XML>')
('2014-12-20 10:35:43.030551', "client 52374324 bid 0 fd_price ack error {'errcode': '311', 'errstring': '图像校验码错误！'}")
('2014-12-20 10:36:00.531121', 'client 52374324 bid 0 fd_image Timeout')
('2014-12-20 10:36:10.532633', 'client 52374324 bid 0 fd_image Timeout')
('2014-12-20 10:36:16.996786', '\r\n\r\n\r\n\r\n\r\n\r\n\r\n\r\n\r\n\r\n\r\n<XML><ERRORCODE>101</ERRORCODE><ERRORSTRING>您的操作太过频繁，请稍后再试！</ERRORSTRING><ERRORSTRING_EN>Please try again slightly!</ERRORSTRING_EN></XML>')
('2014-12-20 10:36:16.996845', "client 52374324 bid 0 fd_image ack error {'head': 'Connection: close\\nDate: Sat, 20 Dec 2014 02:36:16 GMT\\nServer: Microsoft-IIS/6.0\\nSet-Cookie: JSESSIONID=410FFA7A2806E1E6E1BD34661D310EA9; Path=/car\\nContent-Type: text/html;charset=GBK\\nContent-Length: 175\\n\\n', 'status': 200, 'body': '\\r\\n\\r\\n\\r\\n\\r\\n\\r\\n\\r\\n\\r\\n\\r\\n\\r\\n\\r\\n\\r\\n<XML><ERRORCODE>101</ERRORCODE><ERRORSTRING>您的操作太过频繁，请稍后再试！</ERRORSTRING><ERRORSTRING_EN>Please try again slightly!</ERRORSTRING_EN></XML>'}")
('2014-12-20 10:36:17.908067', 'client 52396155 bid 0 fd_image Timeout')
('2014-12-20 10:36:26.998560', 'client 52374324 bid 0 fd_image Timeout')
('2014-12-20 10:36:30.598205', 'client 52394406 bid 0 fd_image Timeout')
('2014-12-20 10:36:37.000177', 'client 52374324 bid 0 fd_image Timeout')
('2014-12-20 10:36:40.599697', 'client 52394406 bid 0 fd_image Timeout')
('2014-12-20 10:36:42.066394', 'client 52354652 bid 0 fd_image Timeout')
('2014-12-20 10:36:47.001870', 'client 52374324 bid 0 fd_image Timeout')
('2014-12-20 10:36:50.601266', 'client 52394406 bid 0 fd_image Timeout')
('2014-12-20 10:36:51.254601', '\r\n\r\n\r\n\r\n\r\n\r\n\r\n\r\n\r\n\r\n<XML><ERRORCODE>311</ERRORCODE><ERRORSTRING>图像校验码错误！</ERRORSTRING><ERRORSTRING_EN>Image checksum error！</ERRORSTRING_EN></XML>')
('2014-12-20 10:36:51.254652', "client 52354652 bid 0 fd_price ack error {'errcode': '311', 'errstring': '图像校验码错误！'}")
('2014-12-20 10:36:53.238681', '\r\n\r\n\r\n\r\n\r\n\r\n\r\n\r\n\r\n\r\n<XML><ERRORCODE>311</ERRORCODE><ERRORSTRING>图像校验码错误！</ERRORSTRING><ERRORSTRING_EN>Image checksum error！</ERRORSTRING_EN></XML>')
('2014-12-20 10:36:53.238730', "client 52354652 bid 0 fd_price ack error {'errcode': '311', 'errstring': '图像校验码错误！'}")
('2014-12-20 10:36:53.750154', '\r\n\r\n\r\n\r\n\r\n\r\n\r\n\r\n\r\n\r\n<XML><ERRORCODE>311</ERRORCODE><ERRORSTRING>图像校验码错误！</ERRORSTRING><ERRORSTRING_EN>Image checksum error！</ERRORSTRING_EN></XML>')
('2014-12-20 10:36:53.750207', "client 52396155 bid 0 fd_price ack error {'errcode': '311', 'errstring': '图像校验码错误！'}")
('2014-12-20 10:36:58.646979', '\r\n\r\n\r\n\r\n\r\n\r\n\r\n\r\n\r\n\r\n<XML><ERRORCODE>311</ERRORCODE><ERRORSTRING>图像校验码错误！</ERRORSTRING><ERRORSTRING_EN>Image checksum error！</ERRORSTRING_EN></XML>')
('2014-12-20 10:36:58.647027', "client 52354652 bid 0 fd_price ack error {'errcode': '311', 'errstring': '图像校验码错误！'}")
('2014-12-20 10:36:58.648096', '\r\n\r\n\r\n\r\n\r\n\r\n\r\n\r\n\r\n\r\n<XML><ERRORCODE>311</ERRORCODE><ERRORSTRING>图像校验码错误！</ERRORSTRING><ERRORSTRING_EN>Image checksum error！</ERRORSTRING_EN></XML>')
('2014-12-20 10:36:58.648141', "client 52354652 bid 0 fd_price ack error {'errcode': '311', 'errstring': '图像校验码错误！'}")
('2014-12-20 10:36:59.591344', '\r\n\r\n\r\n\r\n\r\n\r\n\r\n\r\n\r\n\r\n<XML><ERRORCODE>311</ERRORCODE><ERRORSTRING>图像校验码错误！</ERRORSTRING><ERRORSTRING_EN>Image checksum error！</ERRORSTRING_EN></XML>')
('2014-12-20 10:36:59.591389', "client 52374324 bid 0 fd_price ack error {'errcode': '311', 'errstring': '图像校验码错误！'}")
('2014-12-20 10:37:33.046064', '\r\n\r\n\r\n\r\n\r\n\r\n\r\n\r\n\r\n\r\n<XML><ERRORCODE>311</ERRORCODE><ERRORSTRING>图像校验码错误！</ERRORSTRING><ERRORSTRING_EN>Image checksum error！</ERRORSTRING_EN></XML>')
('2014-12-20 10:37:33.046115', "client 52394406 bid 0 fd_price ack error {'errcode': '311', 'errstring': '图像校验码错误！'}")
('2014-12-20 10:37:33.173518', '\r\n\r\n\r\n\r\n\r\n\r\n\r\n\r\n\r\n\r\n<XML><ERRORCODE>311</ERRORCODE><ERRORSTRING>图像校验码错误！</ERRORSTRING><ERRORSTRING_EN>Image checksum error！</ERRORSTRING_EN></XML>')
('2014-12-20 10:37:33.173566', "client 52394406 bid 0 fd_price ack error {'errcode': '311', 'errstring': '图像校验码错误！'}")
('2014-12-20 10:37:45.784132', 'client 52396155 bid 0 fd_image info channel error')
('2014-12-20 10:37:57.632635', 'client 52394406 bid 0 fd_image Timeout')
('2014-12-20 10:38:05.814589', '\r\n\r\n\r\n\r\n\r\n\r\n\r\n\r\n\r\n\r\n<XML><ERRORCODE>311</ERRORCODE><ERRORSTRING>图像校验码错误！</ERRORSTRING><ERRORSTRING_EN>Image checksum error！</ERRORSTRING_EN></XML>')
('2014-12-20 10:38:05.814640', "client 52394406 bid 0 fd_price ack error {'errcode': '311', 'errstring': '图像校验码错误！'}")
('2014-12-20 10:38:08.822799', '\r\n\r\n\r\n\r\n\r\n\r\n\r\n\r\n\r\n\r\n<XML><ERRORCODE>311</ERRORCODE><ERRORSTRING>图像校验码错误！</ERRORSTRING><ERRORSTRING_EN>Image checksum error！</ERRORSTRING_EN></XML>')
('2014-12-20 10:38:08.822850', "client 52394406 bid 0 fd_price ack error {'errcode': '311', 'errstring': '图像校验码错误！'}")
('2014-12-20 10:38:09.212264', '\r\n\r\n\r\n\r\n\r\n\r\n\r\n\r\n\r\n\r\n<XML><ERRORCODE>112</ERRORCODE><ERRORSTRING>首次出价时段不能进行修改出价！</ERRORSTRING><ERRORSTRING_EN>Can not modify the bid amount in bid time!</ERRORSTRING_EN></XML>\r\n')
('2014-12-20 10:38:09.212315', "client 52354652 bid 0 fd_price ack error {'errcode': '112', 'errstring': '首次出价时段不能进行修改出价！'}")
('2014-12-20 10:38:10.295014', '\r\n\r\n\r\n\r\n\r\n\r\n\r\n\r\n\r\n\r\n<XML><ERRORCODE>311</ERRORCODE><ERRORSTRING>图像校验码错误！</ERRORSTRING><ERRORSTRING_EN>Image checksum error！</ERRORSTRING_EN></XML>')
('2014-12-20 10:38:10.295066', "client 52396155 bid 0 fd_price ack error {'errcode': '311', 'errstring': '图像校验码错误！'}")
('2014-12-20 10:38:12.711402', '\r\n\r\n\r\n\r\n\r\n\r\n\r\n\r\n\r\n\r\n<XML><ERRORCODE>311</ERRORCODE><ERRORSTRING>图像校验码错误！</ERRORSTRING><ERRORSTRING_EN>Image checksum error！</ERRORSTRING_EN></XML>')
('2014-12-20 10:38:12.711451', "client 52394406 bid 0 fd_price ack error {'errcode': '311', 'errstring': '图像校验码错误！'}")
('2014-12-20 10:38:52.708704', 'client 52354652 bid 0 fd_price info channel error')
('2014-12-20 10:39:21.526788', '\r\n\r\n\r\n\r\n\r\n\r\n\r\n\r\n\r\n\r\n<XML><ERRORCODE>311</ERRORCODE><ERRORSTRING>图像校验码错误！</ERRORSTRING><ERRORSTRING_EN>Image checksum error！</ERRORSTRING_EN></XML>')
('2014-12-20 10:39:21.526838', "client 52394406 bid 0 fd_price ack error {'errcode': '311', 'errstring': '图像校验码错误！'}")
('2014-12-20 10:39:26.431852', 'client 52396155 bid 0 fd_price info channel error')
('2014-12-20 10:39:26.439320', 'client 52354652 bid 0 fd_image info channel error')
('2014-12-20 10:39:26.545512', '\r\n\r\n\r\n\r\n\r\n\r\n\r\n\r\n\r\n\r\n<XML><ERRORCODE>311</ERRORCODE><ERRORSTRING>图像校验码错误！</ERRORSTRING><ERRORSTRING_EN>Image checksum error！</ERRORSTRING_EN></XML>')
('2014-12-20 10:39:26.545559', "client 52396155 bid 0 fd_price ack error {'errcode': '311', 'errstring': '图像校验码错误！'}")
('2014-12-20 10:39:27.395227', 'client 52394406 bid 0 fd_image info channel error')
('2014-12-20 10:40:21.692726', 'client 52394406 bid 0 fd_price info channel error')
('2014-12-20 10:40:21.812706', '\r\n\r\n\r\n\r\n\r\n\r\n\r\n\r\n\r\n\r\n<XML><ERRORCODE>311</ERRORCODE><ERRORSTRING>图像校验码错误！</ERRORSTRING><ERRORSTRING_EN>Image checksum error！</ERRORSTRING_EN></XML>')
('2014-12-20 10:40:21.812755', "client 52394406 bid 0 fd_price ack error {'errcode': '311', 'errstring': '图像校验码错误！'}")
('2014-12-20 10:40:39.414334', '\r\n\r\n\r\n\r\n\r\n\r\n\r\n\r\n\r\n\r\n<XML><ERRORCODE>311</ERRORCODE><ERRORSTRING>图像校验码错误！</ERRORSTRING><ERRORSTRING_EN>Image checksum error！</ERRORSTRING_EN></XML>')
('2014-12-20 10:40:39.414388', "client 52354652 bid 0 fd_price ack error {'errcode': '311', 'errstring': '图像校验码错误！'}")
('2014-12-20 10:41:20.131106', 'client 52394406 bid 0 fd_price info channel error')
('2014-12-20 10:41:20.250268', '\r\n\r\n\r\n\r\n\r\n\r\n\r\n\r\n\r\n\r\n<XML><ERRORCODE>311</ERRORCODE><ERRORSTRING>图像校验码错误！</ERRORSTRING><ERRORSTRING_EN>Image checksum error！</ERRORSTRING_EN></XML>')
('2014-12-20 10:41:20.250370', "client 52394406 bid 0 fd_price ack error {'errcode': '311', 'errstring': '图像校验码错误！'}")
('2014-12-20 11:29:47.112443', 'client 52534226 bid 1 fd_price status 503')
('2014-12-20 11:29:47.113153', 'client 52396155 bid 1 fd_price status 503')
('2014-12-20 11:29:47.114207', 'client 52394406 bid 1 fd_price status 503')
('2014-12-20 11:29:47.115049', 'client 52452243 bid 1 fd_price status 503')
('2014-12-20 11:29:47.116135', 'client 52514721 bid 1 fd_price status 503')
('2014-12-20 11:29:47.117507', 'client 52354652 bid 1 fd_price status 503')
('2014-12-20 11:29:53.524060', '\r\n\r\n\r\n\r\n\r\n\r\n\r\n\r\n\r\n\r\n<XML><ERRORCODE>311</ERRORCODE><ERRORSTRING>图像校验码错误！</ERRORSTRING><ERRORSTRING_EN>Image checksum error！</ERRORSTRING_EN></XML>')
('2014-12-20 11:29:53.524111', "client 52396155 bid 1 fd_price ack error {'errcode': '311', 'errstring': '图像校验码错误！'}")
('2014-12-20 11:29:53.696076', '\r\n\r\n\r\n\r\n\r\n\r\n\r\n\r\n\r\n\r\n<XML><ERRORCODE>311</ERRORCODE><ERRORSTRING>图像校验码错误！</ERRORSTRING><ERRORSTRING_EN>Image checksum error！</ERRORSTRING_EN></XML>')
('2014-12-20 11:29:53.696126', "client 52374324 bid 1 fd_price ack error {'errcode': '311', 'errstring': '图像校验码错误！'}")
('2014-12-20 11:29:54.137560', 'client 52534226 bid 2 fd_price status 503')
('2014-12-20 11:29:54.138816', 'client 52394406 bid 2 fd_price status 503')
('2014-12-20 11:29:54.139424', 'client 52396155 bid 2 fd_price status 503')
('2014-12-20 11:29:54.140815', 'client 52374324 bid 2 fd_price status 503')
('2014-12-20 11:29:54.141783', 'client 52452243 bid 2 fd_price status 503')
('2014-12-20 11:29:54.647190', 'client 52514721 bid 2 fd_price status 503')
('2014-12-20 11:29:55.593001', 'client 52354652 bid 2 fd_price status 503')
('2014-12-20 11:30:13.079845', '\r\n\r\n\r\n\r\n\r\n\r\n\r\n\r\n\r\n\r\n<XML><ERRORCODE>311</ERRORCODE><ERRORSTRING>图像校验码错误！</ERRORSTRING><ERRORSTRING_EN>Image checksum error！</ERRORSTRING_EN></XML>')
('2014-12-20 11:30:13.079896', "client 52534226 bid 1 fd_price ack error {'errcode': '311', 'errstring': '图像校验码错误！'}")
