('2014-12-20 09:48:18.042090', 'client 52518461 login 杨晓薇 310115198509270986')
('2014-12-20 09:48:18.117716', 'client 52511215 login 钱健明 310108198310222852')
('2014-12-20 09:48:20.037254', 'client 52370600 login 汤清莹 310109198112143041')
('2014-12-20 09:48:20.220605', 'client 52542667 login 瞿萌 310103197808270441')
('2014-12-20 09:48:22.036609', 'client 52349099 login 吴彤 310104197312174823')
('2014-12-20 09:48:22.322612', 'client 52401101 login 张新晔 310104198602024414')
('2014-12-20 09:48:24.038776', 'client 52337522 login 沈捷 410305197707082027')
('2014-12-20 09:48:24.124332', 'client 52317257 login 史良 310110198311053239')
('2014-12-20 10:34:11.959365', 'client 52518461 bid 0 image 60B24FAFF6AEFBA5874084E302C7124F 290528 ')
('2014-12-20 10:34:11.978944', 'client 52518461 bid 0 price 72600 杨晓薇 310115198509270986')
('2014-12-20 10:34:12.908525', 'client 52401101 bid 0 image D6A6B53D3FEECB1C56D5E017C868E1F3 364939 ')
('2014-12-20 10:34:12.928007', 'client 52401101 bid 0 price 72600 张新晔 310104198602024414')
('2014-12-20 10:34:13.100212', 'client 52337522 bid 0 image 5EA9F51A59636286FB3E2B623F3F7D44 193805 ')
('2014-12-20 10:34:13.119455', 'client 52337522 bid 0 price 72600 沈捷 410305197707082027')
('2014-12-20 10:34:15.719875', 'client 52317257 bid 0 image 04D5A2C998115586703EF23984777214 362809 ')
('2014-12-20 10:34:15.739053', 'client 52317257 bid 0 price 72600 史良 310110198311053239')
('2014-12-20 10:34:19.354651', 'client 52370600 bid 0 image A7B1988EBFC254D2490A37083E4E052E 848691 ')
('2014-12-20 10:34:21.183810', 'client 52511215 bid 0 image 60AD7471D5456A8F494167847077BC4D 361619 ')
('2014-12-20 10:34:21.205960', 'client 52511215 bid 0 price 72600 钱健明 310108198310222852')
('2014-12-20 10:34:23.480406', 'client 52542667 bid 0 image 128D92AD1304655B5FD87990C391DD50 846364 ')
('2014-12-20 10:34:23.500036', 'client 52542667 bid 0 price 72600 瞿萌 310103197808270441')
('2014-12-20 10:34:31.953291', 'client 52349099 bid 0 image C02B65FB7A5A3BB06C153CA698296D47 636363 ')
('2014-12-20 10:34:31.973693', 'client 52349099 bid 0 price 72600 吴彤 310104197312174823')
('2014-12-20 10:34:53.359622', 'client 52370600 bid 0 price Failed')
('2014-12-20 10:34:53.359770', 'client 52370600 bid 0 failed. Abort.....')
('2014-12-20 10:35:05.109833', 'client 52370600 bid 0 image BF9713D025B0EBE2DA714E054B2665CF 361845 ')
('2014-12-20 10:35:05.134058', 'client 52370600 bid 0 price 72600 汤清莹 310109198112143041')
('2014-12-20 11:29:50.669942', 'client 52511215 bid 1 image 0CBF3772810E88E9D567267FC8281C52 505381 ')
('2014-12-20 11:29:51.317221', 'client 52542667 bid 1 image 72817D4DA6AE6D636B51898D32CADEC1 392906 ')
('2014-12-20 11:29:51.347303', 'client 52401101 bid 1 image 8FDC94A9F7659B8B6961F6911EA9F573 382648 ')
('2014-12-20 11:29:51.358695', 'client 52337522 bid 1 image 90B75B5016DFAE66BABF3B03AD0F873D 515261 ')
('2014-12-20 11:29:51.426367', 'client 52317257 bid 1 image 7255C7C43FCE22A0E9DE75E6B9C96905 529081 ')
('2014-12-20 11:29:53.264160', 'client 52542667 bid 1 price 73600 瞿萌 310103197808270441')
('2014-12-20 11:29:53.492284', 'client 52401101 bid 1 price 73600 张新晔 310104198602024414')
('2014-12-20 11:29:53.492452', 'client 52337522 bid 1 price 73600 沈捷 410305197707082027')
('2014-12-20 11:29:53.795588', 'client 52370600 bid 1 image 53465397830050D1040E19C4982FADB5 451648 ')
('2014-12-20 11:29:54.456551', 'client 52370600 bid 1 price 73600 汤清莹 310109198112143041')
('2014-12-20 11:29:54.839997', 'client 52349099 bid 1 image 4E5180616EBE1EA10F9943413B4298BB 506463 ')
('2014-12-20 11:29:54.846018', 'client 52518461 bid 1 image 71B3FB32733304432256123CBC258AAE 636051 ')
('2014-12-20 11:29:55.692789', 'client 52511215 bid 1 price 73600 钱健明 310108198310222852')
('2014-12-20 11:29:55.752937', 'client 52317257 bid 1 price 73600 史良 310110198311053239')
('2014-12-20 11:29:56.633582', 'client 52542667 bid 2 image 5441B36A11DDE92D8C675FFC2602417D 190605 ')
('2014-12-20 11:29:56.642750', 'client 52349099 bid 1 price 73600 吴彤 310104197312174823')
('2014-12-20 11:29:57.829533', 'client 52370600 bid 2 image C7B78C4514A74CD7F242B62975F53E8F 364645 ')
('2014-12-20 11:29:58.041219', 'client 52401101 bid 2 image F5045A418C0DB9503C21EAE47275CD6C 916360 ')
('2014-12-20 11:29:58.072672', 'client 52337522 bid 2 image FB510EF2E7BFDDEC6EE90D0711A3614E 505253 ')
('2014-12-20 11:29:59.603745', 'client 52518461 bid 1 price 73600 杨晓薇 310115198509270986')
('2014-12-20 11:30:07.700841', 'client 52511215 bid 2 image Failed')
('2014-12-20 11:30:07.700889', 'client 52511215 bid 2 failed. Abort.....')
('2014-12-20 11:30:07.760784', 'client 52317257 bid 2 image Failed')
('2014-12-20 11:30:07.760825', 'client 52317257 bid 2 failed. Abort.....')
('2014-12-20 11:30:08.650582', 'client 52349099 bid 2 image Failed')
('2014-12-20 11:30:08.650642', 'client 52349099 bid 2 failed. Abort.....')
('2014-12-20 11:30:11.520888', 'client 52370600 bid 2 price Failed')
('2014-12-20 11:30:11.521015', 'client 52370600 bid 2 failed. Abort.....')
('2014-12-20 11:30:11.522256', 'client 52542667 bid 2 price Failed')
('2014-12-20 11:30:11.522367', 'client 52542667 bid 2 failed. Abort.....')
('2014-12-20 11:30:11.522872', 'client 52401101 bid 2 price Failed')
('2014-12-20 11:30:11.522929', 'client 52401101 bid 2 failed. Abort.....')
('2014-12-20 11:30:11.523148', 'client 52337522 bid 2 price Failed')
('2014-12-20 11:30:11.523203', 'client 52337522 bid 2 failed. Abort.....')
('2014-12-20 11:30:12.616947', "client 52518461 bids finished. price : ['72600', '73600', None] . Quit.....")
('2014-12-20 11:30:17.708516', "client 52511215 bids finished. price : ['72600', '73600', None] . Quit.....")
('2014-12-20 11:30:17.770919', "client 52317257 bids finished. price : ['72600', '73600', None] . Quit.....")
('2014-12-20 11:30:18.660557', "client 52349099 bids finished. price : ['72600', '73600', None] . Quit.....")
('2014-12-20 11:30:21.531154', "client 52401101 bids finished. price : ['72600', '73600', None] . Quit.....")
('2014-12-20 11:30:21.531599', "client 52370600 bids finished. price : ['72600', '73600', None] . Quit.....")
('2014-12-20 11:30:21.532453', "client 52542667 bids finished. price : ['72600', '73600', None] . Quit.....")
('2014-12-20 11:30:21.532648', "client 52337522 bids finished. price : ['72600', '73600', None] . Quit.....")
