('2014-12-20 09:48:18.044022', 'client 52451708 login 叶如楠 310101198207300571')
('2014-12-20 09:48:18.081867', 'client 52517796 login 金文福 310227198211181818')
('2014-12-20 09:48:20.037414', 'client 52379256 login 沈云岗 310225196212180014')
('2014-12-20 09:48:20.184256', 'client 52508501 login 傅芸蓓 310104197911080829')
('2014-12-20 09:48:22.036704', 'client 52484974 login 吴琴 31010419820630406x')
('2014-12-20 09:48:22.286784', 'client 52521595 login 唐颖秋 310105197108083226')
('2014-12-20 09:48:24.040160', 'client 52261655 login 郑晶晶 310115197903083228')
('2014-12-20 09:48:24.089255', 'client 52531375 login 张月芳 310102195609072447')
('2014-12-20 10:34:10.921241', 'client 52379256 bid 0 image 3C9C80C154484C6DC2808AACBBE9C4D9 264608 ')
('2014-12-20 10:34:11.950282', 'client 52379256 bid 0 price 72600 沈云岗 310225196212180014')
('2014-12-20 10:34:15.378789', 'client 52531375 bid 0 image 36A41B3AB54AA7B45E70A6C55254D317 383635 ')
('2014-12-20 10:34:15.381092', 'client 52508501 bid 0 image 40504779AEB7726EDDC02AE6F35FC9AD 826481 ')
('2014-12-20 10:34:15.398623', 'client 52531375 bid 0 price 72600 张月芳 310102195609072447')
('2014-12-20 10:34:15.399623', 'client 52508501 bid 0 price 72600 傅芸蓓 310104197911080829')
('2014-12-20 10:34:17.500303', 'client 52517796 bid 0 image 53F81C5DA8F91DF1DC1A0177817DECE2 848061 ')
('2014-12-20 10:34:17.521397', 'client 52517796 bid 0 price 72600 金文福 310227198211181818')
('2014-12-20 10:34:17.547774', 'client 52451708 bid 0 image 22B1408A0D215891B7FE03307C65B1EE 360626 ')
('2014-12-20 10:34:23.221393', 'client 52261655 bid 0 image 54B2F5753F93BA97DC86FD42E8B2D93E 451606 ')
('2014-12-20 10:34:23.241598', 'client 52261655 bid 0 price 72600 郑晶晶 310115197903083228')
('2014-12-20 10:34:24.111467', 'client 52521595 bid 0 image 5C0E17F9B05D9A9999D864E9C46C37E3 391845 ')
('2014-12-20 10:34:24.126906', 'client 52484974 bid 0 image 4E993010D916C515861902EFE12E90AB 948063 ')
('2014-12-20 10:34:24.133320', 'client 52521595 bid 0 price 72600 唐颖秋 310105197108083226')
('2014-12-20 10:34:24.146505', 'client 52484974 bid 0 price 72600 吴琴 31010419820630406x')
('2014-12-20 10:34:51.552182', 'client 52451708 bid 0 price Failed')
('2014-12-20 10:34:51.552350', 'client 52451708 bid 0 failed. Abort.....')
('2014-12-20 10:35:07.207451', 'client 52451708 bid 0 image CAD308FB3F9AA6595D213D50783870C4 636153 ')
('2014-12-20 10:35:07.243325', 'client 52451708 bid 0 price 72600 叶如楠 310101198207300571')
('2014-12-20 11:29:41.061753', 'client 52517796 bid 1 image A2A636033A1C20F47184244980C31B7A 164835 ')
('2014-12-20 11:29:41.089293', 'client 52261655 bid 1 image 5E5E1BDA0AEDBBE122FBFB21004C097E 181815 ')
('2014-12-20 11:29:41.090231', 'client 52484974 bid 1 image 9211228CFF35DFD20923744ED06B0868 080918 ')
('2014-12-20 11:29:41.150100', 'client 52451708 bid 1 image 713F2C04CFE73872F1318CB9430041E7 391505 ')
('2014-12-20 11:29:41.254338', 'client 52531375 bid 1 image CC4E57F70D4201157333AC89883AFEDD 609090 ')
('2014-12-20 11:29:41.257441', 'client 52508501 bid 1 image B7C4334CEE8D476A3C497DC72C62D842 916281 ')
('2014-12-20 11:29:41.270784', 'client 52379256 bid 1 image 75D33737681670F60DE2F5685D2DC48B 918253 ')
('2014-12-20 11:29:41.375058', 'client 52521595 bid 1 image 55BE242CF691FCBF1BE9DA8AF4C3E1A1 946483 ')
('2014-12-20 11:29:46.964368', 'client 52484974 bid 1 price 73500 吴琴 31010419820630406x')
('2014-12-20 11:29:46.965239', 'client 52508501 bid 1 price 73500 傅芸蓓 310104197911080829')
('2014-12-20 11:29:48.196284', 'client 52451708 bid 1 price 73500 叶如楠 310101198207300571')
('2014-12-20 11:29:48.221488', 'client 52517796 bid 1 price 73500 金文福 310227198211181818')
('2014-12-20 11:29:48.251631', 'client 52261655 bid 1 price 73500 郑晶晶 310115197903083228')
('2014-12-20 11:29:48.252590', 'client 52379256 bid 1 price 73500 沈云岗 310225196212180014')
('2014-12-20 11:29:48.291909', 'client 52531375 bid 1 price 73500 张月芳 310102195609072447')
('2014-12-20 11:29:48.307254', 'client 52521595 bid 1 price 73500 唐颖秋 310105197108083226')
('2014-12-20 11:29:55.654769', 'client 52451708 bid 2 image 6D6777A96187D41A36049ED7A5FB1879 164835 ')
('2014-12-20 11:29:55.682694', 'client 52517796 bid 2 image 717AA231D213C70A1D27698EACBD2C86 919494 ')
('2014-12-20 11:29:55.804564', 'client 52261655 bid 2 image 7375848100586F0EA4CD14474AE61B1F 264618 ')
('2014-12-20 11:29:57.089783', 'client 52521595 bid 2 image 620E883A6CF1D0AB1DC005EBA6D9ED90 290626 ')
('2014-12-20 11:29:57.105138', 'client 52484974 bid 2 image B5FC11AA454D0DEEFD13A5E4D15F974D 281605 ')
('2014-12-20 11:29:57.168366', 'client 52508501 bid 2 image C8D56DE433BB9769FEE0E42CDBC01BC3 392809 ')
('2014-12-20 11:29:57.682843', 'client 52451708 bid 2 price 73800 叶如楠 310101198207300571')
('2014-12-20 11:29:58.584757', 'client 52379256 bid 2 image D7BB8E8265CC9EF0C87CCC2D36DD2774 463536 ')
('2014-12-20 11:29:58.670489', 'client 52484974 bid 2 price 73800 吴琴 31010419820630406x')
('2014-12-20 11:29:58.800144', 'client 52508501 bid 2 price 73800 傅芸蓓 310104197911080829')
('2014-12-20 11:29:59.288273', 'client 52531375 bid 2 image 604B580B4973FC75889FA89BC0FB49FF 483916 ')
('2014-12-20 11:29:59.322106', 'client 52261655 bid 2 price 73800 郑晶晶 310115197903083228')
('2014-12-20 11:29:59.487280', 'client 52517796 bid 2 price 73800 金文福 310227198211181818')
('2014-12-20 11:29:59.801945', 'client 52379256 bid 2 price 73800 沈云岗 310225196212180014')
('2014-12-20 11:30:07.693031', "client 52451708 bids finished. price : ['72600', '73500', '73800'] . Quit.....")
('2014-12-20 11:30:08.680666', "client 52484974 bids finished. price : ['72600', '73500', '73800'] . Quit.....")
('2014-12-20 11:30:08.810271', "client 52508501 bids finished. price : ['72600', '73500', '73800'] . Quit.....")
('2014-12-20 11:30:09.330264', "client 52261655 bids finished. price : ['72600', '73500', '73800'] . Quit.....")
('2014-12-20 11:30:09.494556', "client 52517796 bids finished. price : ['72600', '73500', '73800'] . Quit.....")
('2014-12-20 11:30:09.812093', "client 52379256 bids finished. price : ['72600', '73500', '73800'] . Quit.....")
('2014-12-20 11:30:11.094670', 'client 52521595 bid 2 price Failed')
('2014-12-20 11:30:11.094785', 'client 52521595 bid 2 failed. Abort.....')
('2014-12-20 11:30:11.291131', 'client 52531375 bid 2 price Failed')
('2014-12-20 11:30:11.291230', 'client 52531375 bid 2 failed. Abort.....')
('2014-12-20 11:30:21.104688', "client 52521595 bids finished. price : ['72600', '73500', None] . Quit.....")
('2014-12-20 11:30:21.301327', "client 52531375 bids finished. price : ['72600', '73500', None] . Quit.....")
