('2014-12-20 10:34:11.106730', '\r\n\r\n\r\n\r\n\r\n\r\n\r\n\r\n\r\n\r\n<XML><ERRORCODE>311</ERRORCODE><ERRORSTRING>图像校验码错误！</ERRORSTRING><ERRORSTRING_EN>Image checksum error！</ERRORSTRING_EN></XML>')
('2014-12-20 10:34:11.106783', "client 52500247 bid 0 fd_price ack error {'errstring': '图像校验码错误！', 'errcode': '311'}")
('2014-12-20 10:34:11.257107', '\r\n\r\n\r\n\r\n\r\n\r\n\r\n\r\n\r\n\r\n<XML><ERRORCODE>311</ERRORCODE><ERRORSTRING>图像校验码错误！</ERRORSTRING><ERRORSTRING_EN>Image checksum error！</ERRORSTRING_EN></XML>')
('2014-12-20 10:34:11.257157', "client 52540123 bid 0 fd_price ack error {'errstring': '图像校验码错误！', 'errcode': '311'}")
('2014-12-20 10:34:13.505377', '\r\n\r\n\r\n\r\n\r\n\r\n\r\n\r\n\r\n\r\n<XML><ERRORCODE>311</ERRORCODE><ERRORSTRING>图像校验码错误！</ERRORSTRING><ERRORSTRING_EN>Image checksum error！</ERRORSTRING_EN></XML>')
('2014-12-20 10:34:13.505425', "client 52466454 bid 0 fd_price ack error {'errstring': '图像校验码错误！', 'errcode': '311'}")
('2014-12-20 10:34:14.988072', '\r\n\r\n\r\n\r\n\r\n\r\n\r\n\r\n\r\n\r\n<XML><ERRORCODE>311</ERRORCODE><ERRORSTRING>图像校验码错误！</ERRORSTRING><ERRORSTRING_EN>Image checksum error！</ERRORSTRING_EN></XML>')
('2014-12-20 10:34:14.988120', "client 52497073 bid 0 fd_price ack error {'errstring': '图像校验码错误！', 'errcode': '311'}")
('2014-12-20 10:34:15.353621', '\r\n\r\n\r\n\r\n\r\n\r\n\r\n\r\n\r\n\r\n<XML><ERRORCODE>311</ERRORCODE><ERRORSTRING>图像校验码错误！</ERRORSTRING><ERRORSTRING_EN>Image checksum error！</ERRORSTRING_EN></XML>')
('2014-12-20 10:34:15.353670', "client 52545856 bid 0 fd_price ack error {'errstring': '图像校验码错误！', 'errcode': '311'}")
('2014-12-20 10:34:18.847159', '\r\n\r\n\r\n\r\n\r\n\r\n\r\n\r\n\r\n\r\n<XML><ERRORCODE>311</ERRORCODE><ERRORSTRING>图像校验码错误！</ERRORSTRING><ERRORSTRING_EN>Image checksum error！</ERRORSTRING_EN></XML>')
('2014-12-20 10:34:18.847208', "client 52329330 bid 0 fd_price ack error {'errstring': '图像校验码错误！', 'errcode': '311'}")
('2014-12-20 10:34:19.254105', '\r\n\r\n\r\n\r\n\r\n\r\n\r\n\r\n\r\n\r\n<XML><ERRORCODE>311</ERRORCODE><ERRORSTRING>图像校验码错误！</ERRORSTRING><ERRORSTRING_EN>Image checksum error！</ERRORSTRING_EN></XML>')
('2014-12-20 10:34:19.254152', "client 52463492 bid 0 fd_price ack error {'errstring': '图像校验码错误！', 'errcode': '311'}")
('2014-12-20 10:34:20.706919', '\r\n\r\n\r\n\r\n\r\n\r\n\r\n\r\n\r\n\r\n<XML><ERRORCODE>311</ERRORCODE><ERRORSTRING>图像校验码错误！</ERRORSTRING><ERRORSTRING_EN>Image checksum error！</ERRORSTRING_EN></XML>')
('2014-12-20 10:34:20.706968', "client 52523753 bid 0 fd_price ack error {'errstring': '图像校验码错误！', 'errcode': '311'}")
('2014-12-20 11:29:52.982947', 'client 52545856 bid 1 fd_price status 503')
('2014-12-20 11:29:52.983853', 'client 52497073 bid 1 fd_price status 503')
('2014-12-20 11:29:52.984401', 'client 52466454 bid 1 fd_price status 503')
('2014-12-20 11:29:52.985200', 'client 52523753 bid 1 fd_price status 503')
('2014-12-20 11:29:53.792808', 'client 52329330 bid 1 fd_price status 503')
('2014-12-20 11:29:54.522024', 'client 52463492 bid 1 fd_image Timeout')
('2014-12-20 11:29:54.522538', 'client 52540123 bid 1 fd_image Timeout')
('2014-12-20 11:29:54.538739', '\r\n\r\n\r\n\r\n\r\n\r\n\r\n\r\n\r\n\r\n<XML><ERRORCODE>311</ERRORCODE><ERRORSTRING>图像校验码错误！</ERRORSTRING><ERRORSTRING_EN>Image checksum error！</ERRORSTRING_EN></XML>')
('2014-12-20 11:29:54.538788', "client 52500247 bid 1 fd_price ack error {'errstring': '图像校验码错误！', 'errcode': '311'}")
('2014-12-20 11:29:54.862080', 'client 52540123 bid 1 fd_price status 503')
('2014-12-20 11:29:55.643307', 'client 52545856 bid 1 fd_price info channel error')
('2014-12-20 11:29:55.643920', 'client 52497073 bid 1 fd_price info channel error')
('2014-12-20 11:29:55.644423', 'client 52523753 bid 1 fd_price info channel error')
('2014-12-20 11:29:56.322153', 'client 52463492 bid 1 fd_price status 503')
('2014-12-20 11:29:59.527304', 'client 52466454 bid 2 fd_price status 503')
('2014-12-20 11:30:00.514631', '\r\n\r\n\r\n\r\n\r\n\r\n\r\n\r\n\r\n\r\n<XML><ERRORCODE>110</ERRORCODE><ERRORSTRING>没有正在举行的拍卖会，请注意拍卖公告！</ERRORSTRING><ERRORSTRING_EN>Auction is not begin!</ERRORSTRING_EN></XML>\r\n')
('2014-12-20 11:30:00.514681', "client 52329330 bid 2 fd_price ack error {'errstring': '没有正在举行的拍卖会，请注意拍卖公告！', 'errcode': '110'}")
('2014-12-20 11:30:00.594149', '\r\n\r\n\r\n\r\n\r\n\r\n\r\n\r\n\r\n\r\n<XML><ERRORCODE>110</ERRORCODE><ERRORSTRING>没有正在举行的拍卖会，请注意拍卖公告！</ERRORSTRING><ERRORSTRING_EN>Auction is not begin!</ERRORSTRING_EN></XML>\r\n')
('2014-12-20 11:30:00.594200', "client 52500247 bid 2 fd_price ack error {'errstring': '没有正在举行的拍卖会，请注意拍卖公告！', 'errcode': '110'}")
('2014-12-20 11:30:01.178209', 'client 52523753 bid 2 fd_image Timeout')
('2014-12-20 11:30:01.225147', 'client 52497073 bid 2 fd_image Timeout')
('2014-12-20 11:30:02.312939', 'client 52540123 bid 2 fd_image Timeout')
('2014-12-20 11:30:02.574654', 'client 52463492 bid 2 fd_image Timeout')
('2014-12-20 11:30:02.816074', 'client 52545856 bid 2 fd_image Timeout')
('2014-12-20 11:30:04.180362', 'client 52523753 bid 2 fd_image Timeout')
('2014-12-20 11:30:04.226941', 'client 52497073 bid 2 fd_image Timeout')
('2014-12-20 11:30:05.314996', 'client 52540123 bid 2 fd_image Timeout')
('2014-12-20 11:30:05.576618', 'client 52463492 bid 2 fd_image Timeout')
('2014-12-20 11:30:05.817679', 'client 52545856 bid 2 fd_image Timeout')
('2014-12-20 11:30:07.182274', 'client 52523753 bid 2 fd_image Timeout')
('2014-12-20 11:30:07.228713', 'client 52497073 bid 2 fd_image Timeout')
('2014-12-20 11:30:08.317026', 'client 52540123 bid 2 fd_image Timeout')
('2014-12-20 11:30:08.578531', 'client 52463492 bid 2 fd_image Timeout')
('2014-12-20 11:30:08.819336', 'client 52545856 bid 2 fd_image Timeout')
