('2014-10-18 09:19:14.019867', 'client 52360479 login 郑伽 310102198711252886')
('2014-10-18 09:19:14.078406', 'client 52359026 login 张雯 310102198312171288')
('2014-10-18 09:19:15.016845', 'client 52214527 login 王晓红 320825198101144743')
('2014-10-18 09:19:15.079606', 'client 52424464 login 吴广 330324198810020434')
('2014-10-18 09:19:16.016158', 'client 52516803 login 文婕 62010219800930532x')
('2014-10-18 09:19:16.080784', 'client 52472623 login 郭欣 211002197606024723')
('2014-10-18 09:19:17.018173', 'client 52511900 login 张磊 310109197902163210')
('2014-10-18 09:19:17.082272', 'client 52354421 login 龚欢 310115198901255019')
('2014-10-18 09:19:18.016473', 'client 52262014 login 傅歆 310108198205051510')
('2014-10-18 09:19:18.083517', 'client 52369521 login 黄兴华 310110590219421')
('2014-10-18 09:19:19.015438', 'client 52359768 login 朱琰 310115198510114227')
('2014-10-18 09:19:19.083427', 'client 52371053 login 田娜 132437197705220407')
('2014-10-18 10:35:05.702856', 'client 52371053 bid 0 image 13D9910D7A613A33B8AEBC146A9DD2F7 492936 ')
('2014-10-18 10:35:05.716964', 'client 52371053 bid 0 price 72600 田娜 132437197705220407')
('2014-10-18 10:35:07.045500', 'client 52360479 bid 0 image 4EEECE7DF96BCEF3F55123198246F33B 384646 ')
('2014-10-18 10:35:07.063861', 'client 52360479 bid 0 price 72600 meet err_112 郑伽 310102198711252886')
('2014-10-18 10:35:07.063999', 'client 52360479 bid 0 price 72600 郑伽 310102198711252886')
('2014-10-18 10:35:07.497573', 'client 52511900 bid 0 image 7749DF996AEF17848BBB9711F3F377CF 646182 ')
('2014-10-18 10:35:07.501417', 'client 52516803 bid 0 image AC2AA3F21B137335C9AC5BE26C8D1FDB 636163 ')
('2014-10-18 10:35:07.512571', 'client 52511900 bid 0 price 72600 张磊 310109197902163210')
('2014-10-18 10:35:07.518680', 'client 52516803 bid 0 price 72600 meet err_112 文婕 62010219800930532x')
('2014-10-18 10:35:07.518743', 'client 52516803 bid 0 price 72600 文婕 62010219800930532x')
('2014-10-18 10:35:07.719517', 'client 52214527 bid 0 image 4FD16454C58D4E2515EE85320E322D6B 383616 ')
('2014-10-18 10:35:07.727734', 'client 52359768 bid 0 image 96CEE92D5884FE8212BD01F3B406C05D 163938 ')
('2014-10-18 10:35:07.734206', 'client 52214527 bid 0 price 72600 王晓红 320825198101144743')
('2014-10-18 10:35:07.741300', 'client 52359768 bid 0 price 72600 朱琰 310115198510114227')
('2014-10-18 10:35:08.827620', 'client 52472623 bid 0 image B5A4D0F0498EB3681D340B00B3D40FA8 606463 ')
('2014-10-18 10:35:08.840212', 'client 52472623 bid 0 price 72600 郭欣 211002197606024723')
('2014-10-18 10:35:10.351322', 'client 52262014 bid 0 image 41A97DF0D4D878C5D823792F04392315 128811 ')
('2014-10-18 10:35:10.361736', 'client 52354421 bid 0 image 93686C87B6269602D81455B15DE23530 926063 ')
('2014-10-18 10:35:10.366645', 'client 52359026 bid 0 image 46A6802E07066A3BE753139ED608D334 291448 ')
('2014-10-18 10:35:10.374591', 'client 52369521 bid 0 image F5A93965E95EF43C77FF332B54ED7868 928384 ')
('2014-10-18 10:35:10.378061', 'client 52354421 bid 0 price 72600 龚欢 310115198901255019')
('2014-10-18 10:35:10.379168', 'client 52424464 bid 0 image C4273D481B8CCCE44E1B4580665A110C 360816 ')
('2014-10-18 10:35:34.356467', 'client 52262014 bid 0 price Failed')
('2014-10-18 10:35:34.356608', 'client 52262014 bid 0 failed. Abort.....')
('2014-10-18 10:35:34.369967', 'client 52359026 bid 0 price Failed')
('2014-10-18 10:35:34.370027', 'client 52359026 bid 0 failed. Abort.....')
('2014-10-18 10:35:34.381477', 'client 52369521 bid 0 price Failed')
('2014-10-18 10:35:34.381538', 'client 52369521 bid 0 failed. Abort.....')
('2014-10-18 10:35:34.384139', 'client 52424464 bid 0 price Failed')
('2014-10-18 10:35:34.384235', 'client 52424464 bid 0 failed. Abort.....')
('2014-10-18 10:47:26.022611', 'client 52360479 login 郑伽 310102198711252886')
('2014-10-18 10:47:26.452000', 'client 52359026 login 张雯 310102198312171288')
('2014-10-18 10:47:27.021237', 'client 52214527 login 王晓红 320825198101144743')
('2014-10-18 10:47:27.455048', 'client 52424464 login 吴广 330324198810020434')
('2014-10-18 10:47:28.019693', 'client 52516803 login 文婕 62010219800930532x')
('2014-10-18 10:47:28.458208', 'client 52511900 login 张磊 310109197902163210')
('2014-10-18 10:47:29.028081', 'client 52472623 login 郭欣 211002197606024723')
('2014-10-18 10:47:29.457534', 'client 52354421 login 龚欢 310115198901255019')
('2014-10-18 10:47:30.028296', 'client 52262014 login 傅歆 310108198205051510')
('2014-10-18 10:47:30.460816', 'client 52371053 login 田娜 132437197705220407')
('2014-10-18 10:47:31.017512', 'client 52369521 login 黄兴华 310110590219421')
('2014-10-18 10:47:31.460546', 'client 52359768 login 朱琰 310115198510114227')
('2014-10-18 10:50:07.043374', 'client 52360479 bid 0 image CE9E12F9A4EEB21B7500F4F1F747334A 939363 ')
('2014-10-18 10:50:09.044980', 'client 52360479 bid 0 price 72600 meet err_112 郑伽 310102198711252886')
('2014-10-18 10:50:09.819551', 'client 52262014 bid 0 image 087F3D675250AA37B0CCAD476F360C9C 162508 ')
('2014-10-18 10:50:09.823645', 'client 52354421 bid 0 image 7743AEA4EA6826B2C59520945ED8B87D 061526 ')
('2014-10-18 10:50:09.843861', 'client 52262014 bid 0 price 72600 傅歆 310108198205051510')
('2014-10-18 10:50:09.918474', 'client 52516803 bid 0 image AD6DCA216BAF022898B421FD08E400D4 150646 ')
('2014-10-18 10:50:10.834200', 'client 52214527 bid 0 image 326A30A13872A3FCE0FBD889677AD7A4 182626 ')
('2014-10-18 10:50:10.840625', 'client 52359026 bid 0 image 5E27930A30A8058D47EF25FC1DD6561C 619191 ')
('2014-10-18 10:50:10.844639', 'client 52359768 bid 0 image 9A6C36B1E3256CA431DFCE500A6BB544 845154 ')
('2014-10-18 10:50:10.848014', 'client 52369521 bid 0 image 9982808862893FB6C7E3EDC7B28BF2F2 164525 ')
('2014-10-18 10:50:10.854432', 'client 52371053 bid 0 image 7DAE47BB830C31D82BBBDBD729A45D93 126191 ')
('2014-10-18 10:50:10.860958', 'client 52424464 bid 0 image 2007E1877AACDA01CB1D7F4FE9DF153A 211818 ')
('2014-10-18 10:50:10.862458', 'client 52472623 bid 0 image 086FA57D6405241ED523CEC5BBA5DE59 211919 ')
('2014-10-18 10:50:10.866276', 'client 52511900 bid 0 image 9D3CA688FCF005D777DC64CDF2B33D06 616182 ')
('2014-10-18 10:50:11.919982', 'client 52516803 bid 0 price 72600 meet err_112 文婕 62010219800930532x')
('2014-10-18 10:50:12.847433', 'client 52359768 bid 0 price 72600 meet err_112 朱琰 310115198510114227')
('2014-10-18 10:50:29.045224', 'client 52360479 bid 0 price Failed')
('2014-10-18 10:50:29.045429', 'client 52360479 bid 0 failed. Abort.....')
('2014-10-18 10:50:31.920327', 'client 52516803 bid 0 price Failed')
('2014-10-18 10:50:31.920449', 'client 52516803 bid 0 failed. Abort.....')
('2014-10-18 10:50:32.847654', 'client 52359768 bid 0 price Failed')
('2014-10-18 10:50:32.847756', 'client 52359768 bid 0 failed. Abort.....')
('2014-10-18 10:50:33.828062', 'client 52354421 bid 0 price Failed')
('2014-10-18 10:50:33.828156', 'client 52354421 bid 0 failed. Abort.....')
('2014-10-18 10:50:34.839180', 'client 52214527 bid 0 price Failed')
('2014-10-18 10:50:34.839294', 'client 52214527 bid 0 failed. Abort.....')
('2014-10-18 10:50:34.846116', 'client 52359026 bid 0 price Failed')
('2014-10-18 10:50:34.846174', 'client 52359026 bid 0 failed. Abort.....')
('2014-10-18 10:50:34.851700', 'client 52369521 bid 0 price Failed')
('2014-10-18 10:50:34.851764', 'client 52369521 bid 0 failed. Abort.....')
('2014-10-18 10:50:34.865108', 'client 52371053 bid 0 price Failed')
('2014-10-18 10:50:34.865164', 'client 52371053 bid 0 failed. Abort.....')
('2014-10-18 10:50:34.868884', 'client 52424464 bid 0 price Failed')
('2014-10-18 10:50:34.868966', 'client 52424464 bid 0 failed. Abort.....')
('2014-10-18 10:50:34.869750', 'client 52472623 bid 0 price Failed')
('2014-10-18 10:50:34.869796', 'client 52472623 bid 0 failed. Abort.....')
('2014-10-18 10:50:34.871892', 'client 52511900 bid 0 price Failed')
('2014-10-18 10:50:34.871987', 'client 52511900 bid 0 failed. Abort.....')
('2014-10-18 11:29:45.286004', 'client 52424464 bid 1 image A25AB17D72CD75A4D7131532E705C6EF 261146 ')
('2014-10-18 11:29:45.287360', 'client 52511900 bid 1 image 89B32F70BA6C7175DFA2D032AD400821 313115 ')
('2014-10-18 11:29:46.301115', 'client 52214527 bid 1 image 42C840041C3E86663EE2F5113E51D409 011526 ')
('2014-10-18 11:29:46.304075', 'client 52359026 bid 1 image A3A385B43C6DB365E7CA9834A3A6BFFE 284548 ')
('2014-10-18 11:29:46.307536', 'client 52359768 bid 1 image 5D3AC531FAB71777D716C25EA09ED6D1 636494 ')
('2014-10-18 11:29:46.310852', 'client 52360479 bid 1 image AC0A430C9A79DB71CC4FDC97B61D0C07 631192 ')
('2014-10-18 11:29:46.312055', 'client 52369521 bid 1 image 5C4F695F74943969DCBE3F139B6387B2 569615 ')
('2014-10-18 11:29:46.313652', 'client 52472623 bid 1 image 1E64861A70D1E048001DC5AEE22D0FC3 929250 ')
('2014-10-18 11:29:46.315421', 'client 52516803 bid 1 image 47B7CB1256BC0D4766C1806601A80354 548063 ')
('2014-10-18 11:29:47.330152', 'client 52262014 bid 1 image 64BF3CC6D78B05A0B0BAFE1BFD636934 060916 ')
('2014-10-18 11:29:47.333274', 'client 52354421 bid 1 image 3A837FE6849DE7C9C51F2B5A49163E08 492636 ')
('2014-10-18 11:29:47.337754', 'client 52371053 bid 1 image 217DCD767B55F97EAFF3643B658DD163 926192 ')
('2014-10-18 11:29:48.067513', 'client 52516803 bid 1 price 73900 文婕 62010219800930532x')
('2014-10-18 11:29:48.074191', 'client 52359768 bid 1 price 73900 朱琰 310115198510114227')
('2014-10-18 11:29:58.077791', "client 52516803 bids finished. price : [None, '73900', None] . Quit.....")
('2014-10-18 11:29:58.084402', "client 52359768 bids finished. price : [None, '73900', None] . Quit.....")
('2014-10-18 11:30:10.621948', 'client 52424464 bid 1 price Failed')
('2014-10-18 11:30:10.622068', 'client 52424464 bid 1 failed. Abort.....')
('2014-10-18 11:30:10.628683', 'client 52511900 bid 1 price Failed')
('2014-10-18 11:30:10.628747', 'client 52511900 bid 1 failed. Abort.....')
('2014-10-18 11:30:10.631568', 'client 52359026 bid 1 price Failed')
('2014-10-18 11:30:10.631623', 'client 52359026 bid 1 failed. Abort.....')
('2014-10-18 11:30:10.636906', 'client 52369521 bid 1 price Failed')
('2014-10-18 11:30:10.636968', 'client 52369521 bid 1 failed. Abort.....')
('2014-10-18 11:30:10.639941', 'client 52214527 bid 1 price Failed')
('2014-10-18 11:30:10.639993', 'client 52214527 bid 1 failed. Abort.....')
('2014-10-18 11:30:10.641847', 'client 52360479 bid 1 price Failed')
('2014-10-18 11:30:10.641934', 'client 52360479 bid 1 failed. Abort.....')
('2014-10-18 11:30:10.641986', 'client 52472623 bid 1 price Failed')
('2014-10-18 11:30:10.642044', 'client 52472623 bid 1 failed. Abort.....')
('2014-10-18 11:30:11.334042', 'client 52262014 bid 1 price Failed')
('2014-10-18 11:30:11.334168', 'client 52262014 bid 1 failed. Abort.....')
('2014-10-18 11:30:11.336970', 'client 52354421 bid 1 price Failed')
('2014-10-18 11:30:11.337067', 'client 52354421 bid 1 failed. Abort.....')
('2014-10-18 11:30:11.343404', 'client 52371053 bid 1 price Failed')
('2014-10-18 11:30:11.343462', 'client 52371053 bid 1 failed. Abort.....')
('2014-10-18 11:30:20.624861', 'client 52424464 bids finished. price : [None, None, None] . Quit.....')
('2014-10-18 11:30:20.638901', 'client 52511900 bids finished. price : [None, None, None] . Quit.....')
('2014-10-18 11:30:20.639074', 'client 52359026 bids finished. price : [None, None, None] . Quit.....')
('2014-10-18 11:30:20.647129', 'client 52214527 bids finished. price : [None, None, None] . Quit.....')
('2014-10-18 11:30:20.647272', 'client 52369521 bids finished. price : [None, None, None] . Quit.....')
('2014-10-18 11:30:20.650914', 'client 52360479 bids finished. price : [None, None, None] . Quit.....')
('2014-10-18 11:30:20.651147', 'client 52472623 bids finished. price : [None, None, None] . Quit.....')
('2014-10-18 11:30:21.344394', 'client 52371053 bids finished. price : [None, None, None] . Quit.....')
('2014-10-18 11:30:21.344876', "client 52262014 bids finished. price : ['72600', None, None] . Quit.....")
('2014-10-18 11:30:21.344990', 'client 52354421 bids finished. price : [None, None, None] . Quit.....')
