('2015-03-21 10:34:31.795780', 'client 52783335 bid 0 fd_image Timeout')
('2015-03-21 10:34:31.796293', 'client 52570944 bid 0 fd_image Timeout')
('2015-03-21 10:34:31.798317', 'client 52776594 bid 0 fd_image Timeout')
('2015-03-21 10:34:31.798886', 'client 52524872 bid 0 fd_image Timeout')
('2015-03-21 10:34:35.184929', '\r\n\r\n\r\n\r\n\r\n\r\n\r\n\r\n\r\n\r\n<XML><ERRORCODE>311</ERRORCODE><ERRORSTRING>图像校验码错误！</ERRORSTRING><ERRORSTRING_EN>Image checksum error！</ERRORSTRING_EN></XML>')
('2015-03-21 10:34:35.185045', "client 52774746 bid 0 fd_price ack error {'errstring': '图像校验码错误！', 'errcode': '311'}")
('2015-03-21 10:34:36.815166', '\r\n\r\n\r\n\r\n\r\n\r\n\r\n\r\n\r\n\r\n<XML><ERRORCODE>311</ERRORCODE><ERRORSTRING>图像校验码错误！</ERRORSTRING><ERRORSTRING_EN>Image checksum error！</ERRORSTRING_EN></XML>')
('2015-03-21 10:34:36.815228', "client 52540397 bid 0 fd_price ack error {'errstring': '图像校验码错误！', 'errcode': '311'}")
('2015-03-21 10:34:40.623097', '\r\n\r\n\r\n\r\n\r\n\r\n\r\n\r\n\r\n\r\n<XML><ERRORCODE>311</ERRORCODE><ERRORSTRING>图像校验码错误！</ERRORSTRING><ERRORSTRING_EN>Image checksum error！</ERRORSTRING_EN></XML>')
('2015-03-21 10:34:40.623164', "client 52724457 bid 0 fd_price ack error {'errstring': '图像校验码错误！', 'errcode': '311'}")
('2015-03-21 10:34:54.175577', 'client 52783335 bid 0 fd_image info channel error')
('2015-03-21 10:35:01.797728', 'client 52783335 bid 0 fd_image Timeout')
('2015-03-21 10:35:01.800195', 'client 52570944 bid 0 fd_image Timeout')
('2015-03-21 10:35:01.800967', 'client 52776594 bid 0 fd_image Timeout')
('2015-03-21 10:35:01.804022', 'client 52524872 bid 0 fd_image Timeout')
('2015-03-21 10:35:03.564184', 'client 52774746 bid 0 fd_price info channel error')
('2015-03-21 10:35:31.805832', 'client 52776594 bid 0 fd_image Timeout')
('2015-03-21 10:35:31.809520', 'client 52570944 bid 0 fd_image Timeout')
('2015-03-21 10:36:04.491659', 'client 52783335 bid 0 fd_price info channel error')
('2015-03-21 10:36:04.604766', '\r\n\r\n\r\n\r\n\r\n\r\n\r\n\r\n\r\n\r\n<XML><ERRORCODE>311</ERRORCODE><ERRORSTRING>图像校验码错误！</ERRORSTRING><ERRORSTRING_EN>Image checksum error！</ERRORSTRING_EN></XML>')
('2015-03-21 10:36:04.604888', "client 52783335 bid 0 fd_price ack error {'errstring': '图像校验码错误！', 'errcode': '311'}")
('2015-03-21 10:36:04.977652', '\r\n\r\n\r\n\r\n\r\n\r\n\r\n\r\n\r\n\r\n<XML><ERRORCODE>311</ERRORCODE><ERRORSTRING>图像校验码错误！</ERRORSTRING><ERRORSTRING_EN>Image checksum error！</ERRORSTRING_EN></XML>')
('2015-03-21 10:36:04.977773', "client 52776594 bid 0 fd_price ack error {'errstring': '图像校验码错误！', 'errcode': '311'}")
('2015-03-21 10:36:06.318703', '\r\n\r\n\r\n\r\n\r\n\r\n\r\n\r\n\r\n\r\n<XML><ERRORCODE>311</ERRORCODE><ERRORSTRING>图像校验码错误！</ERRORSTRING><ERRORSTRING_EN>Image checksum error！</ERRORSTRING_EN></XML>')
('2015-03-21 10:36:06.318758', "client 52570944 bid 0 fd_price ack error {'errstring': '图像校验码错误！', 'errcode': '311'}")
('2015-03-21 10:36:16.524109', 'client 52524872 bid 0 fd_image info channel error')
('2015-03-21 10:36:16.524330', 'client 52776594 bid 0 fd_image info channel error')
('2015-03-21 10:36:16.525439', 'client 52783335 bid 0 fd_image info channel error')
('2015-03-21 10:36:33.356282', 'client 52776594 bid 0 fd_price info channel error')
('2015-03-21 10:36:33.466621', '\r\n\r\n\r\n\r\n\r\n\r\n\r\n\r\n\r\n\r\n<XML><ERRORCODE>311</ERRORCODE><ERRORSTRING>图像校验码错误！</ERRORSTRING><ERRORSTRING_EN>Image checksum error！</ERRORSTRING_EN></XML>')
('2015-03-21 10:36:33.466673', "client 52776594 bid 0 fd_price ack error {'errstring': '图像校验码错误！', 'errcode': '311'}")
('2015-03-21 10:36:48.395592', 'client 52774746 bid 0 fd_price info channel error')
('2015-03-21 10:37:31.276135', 'client 52524872 bid 0 fd_image info channel error')
('2015-03-21 10:37:31.276817', 'client 52776594 bid 0 fd_image info channel error')
('2015-03-21 10:37:31.277160', 'client 52570944 bid 0 fd_image info channel error')
('2015-03-21 10:37:38.187876', 'client 52540397 bid 0 fd_price info channel error')
('2015-03-21 10:37:38.305143', '\r\n\r\n\r\n\r\n\r\n\r\n\r\n\r\n\r\n\r\n<XML><ERRORCODE>311</ERRORCODE><ERRORSTRING>图像校验码错误！</ERRORSTRING><ERRORSTRING_EN>Image checksum error！</ERRORSTRING_EN></XML>')
('2015-03-21 10:37:38.305321', "client 52540397 bid 0 fd_price ack error {'errstring': '图像校验码错误！', 'errcode': '311'}")
('2015-03-21 10:37:40.875330', 'client 52774746 bid 0 fd_price info channel error')
('2015-03-21 10:37:40.984452', '\r\n\r\n\r\n\r\n\r\n\r\n\r\n\r\n\r\n\r\n<XML><ERRORCODE>311</ERRORCODE><ERRORSTRING>图像校验码错误！</ERRORSTRING><ERRORSTRING_EN>Image checksum error！</ERRORSTRING_EN></XML>')
('2015-03-21 10:37:40.984569', "client 52774746 bid 0 fd_price ack error {'errstring': '图像校验码错误！', 'errcode': '311'}")
('2015-03-21 10:37:44.076012', 'client 52536852 bid 0 fd_price info channel error')
('2015-03-21 10:37:44.185607', '\r\n\r\n\r\n\r\n\r\n\r\n\r\n\r\n\r\n\r\n<XML><ERRORCODE>311</ERRORCODE><ERRORSTRING>图像校验码错误！</ERRORSTRING><ERRORSTRING_EN>Image checksum error！</ERRORSTRING_EN></XML>')
('2015-03-21 10:37:44.185752', "client 52536852 bid 0 fd_price ack error {'errstring': '图像校验码错误！', 'errcode': '311'}")
('2015-03-21 10:38:01.228045', 'client 52570944 bid 0 fd_image info channel error')
('2015-03-21 10:38:31.180280', 'client 52776594 bid 0 fd_image info channel error')
('2015-03-21 10:38:31.181782', 'client 52570944 bid 0 fd_image info channel error')
('2015-03-21 10:40:43.019594', 'client 52524872 bid 0 fd_price info channel error')
('2015-03-21 10:40:44.326960', 'client 52524872 bid 0 fd_price get channel Failed')
('2015-03-21 11:30:03.651191', 'client 52536852 bid 2 fd_image Timeout')
('2015-03-21 11:30:03.651656', 'client 52776594 bid 2 fd_image Timeout')
('2015-03-21 11:30:03.654542', 'client 52540397 bid 2 fd_image Timeout')
('2015-03-21 11:30:03.655025', 'client 52774746 bid 2 fd_image Timeout')
('2015-03-21 11:30:03.659747', '\r\n\r\n\r\n\r\n\r\n\r\n\r\n\r\n\r\n\r\n\r\n<XML><ERRORCODE>110</ERRORCODE><ERRORSTRING>没有正在举行的拍卖会，请注意拍卖公告！</ERRORSTRING><ERRORSTRING_EN>Auction is not begin!</ERRORSTRING_EN></XML>')
('2015-03-21 11:30:03.659807', "client 52536852 bid 2 fd_image ack error {'status': 200, 'head': 'Connection: close\\nDate: Sat, 21 Mar 2015 03:30:03 GMT\\nServer: Microsoft-IIS/6.0\\nSet-Cookie: JSESSIONID=AE266C7643985F6870353D6AC9890A7A; Path=/car\\nContent-Type: text/html;charset=GBK\\nContent-Length: 178\\n\\n', 'body': '\\r\\n\\r\\n\\r\\n\\r\\n\\r\\n\\r\\n\\r\\n\\r\\n\\r\\n\\r\\n\\r\\n<XML><ERRORCODE>110</ERRORCODE><ERRORSTRING>没有正在举行的拍卖会，请注意拍卖公告！</ERRORSTRING><ERRORSTRING_EN>Auction is not begin!</ERRORSTRING_EN></XML>'}")
('2015-03-21 11:30:04.270799', '\r\n\r\n\r\n\r\n\r\n\r\n\r\n\r\n\r\n\r\n\r\n<XML><ERRORCODE>110</ERRORCODE><ERRORSTRING>没有正在举行的拍卖会，请注意拍卖公告！</ERRORSTRING><ERRORSTRING_EN>Auction is not begin!</ERRORSTRING_EN></XML>')
('2015-03-21 11:30:04.270863', "client 52540397 bid 2 fd_image ack error {'status': 200, 'head': 'Connection: close\\nDate: Sat, 21 Mar 2015 03:30:04 GMT\\nServer: Microsoft-IIS/6.0\\nSet-Cookie: JSESSIONID=7DA6D2353F103FFC9BC0B9CCCE9C234E; Path=/car\\nContent-Type: text/html;charset=GBK\\nContent-Length: 178\\n\\n', 'body': '\\r\\n\\r\\n\\r\\n\\r\\n\\r\\n\\r\\n\\r\\n\\r\\n\\r\\n\\r\\n\\r\\n<XML><ERRORCODE>110</ERRORCODE><ERRORSTRING>没有正在举行的拍卖会，请注意拍卖公告！</ERRORSTRING><ERRORSTRING_EN>Auction is not begin!</ERRORSTRING_EN></XML>'}")
('2015-03-21 11:30:05.091245', '\r\n\r\n\r\n\r\n\r\n\r\n\r\n\r\n\r\n\r\n\r\n<XML><ERRORCODE>110</ERRORCODE><ERRORSTRING>没有正在举行的拍卖会，请注意拍卖公告！</ERRORSTRING><ERRORSTRING_EN>Auction is not begin!</ERRORSTRING_EN></XML>')
('2015-03-21 11:30:05.091309', "client 52774746 bid 2 fd_image ack error {'status': 200, 'head': 'Connection: close\\nDate: Sat, 21 Mar 2015 03:30:05 GMT\\nServer: Microsoft-IIS/6.0\\nSet-Cookie: JSESSIONID=92948CFA6BC5D7D0D175CBDE9BFFF8A2; Path=/car\\nContent-Type: text/html;charset=GBK\\nContent-Length: 178\\n\\n', 'body': '\\r\\n\\r\\n\\r\\n\\r\\n\\r\\n\\r\\n\\r\\n\\r\\n\\r\\n\\r\\n\\r\\n<XML><ERRORCODE>110</ERRORCODE><ERRORSTRING>没有正在举行的拍卖会，请注意拍卖公告！</ERRORSTRING><ERRORSTRING_EN>Auction is not begin!</ERRORSTRING_EN></XML>'}")
('2015-03-21 11:30:06.665855', '\r\n\r\n\r\n\r\n\r\n\r\n\r\n\r\n\r\n\r\n\r\n<XML><ERRORCODE>101</ERRORCODE><ERRORSTRING>您的操作太过频繁，请稍后再试！</ERRORSTRING><ERRORSTRING_EN>Please try again slightly!</ERRORSTRING_EN></XML>')
('2015-03-21 11:30:06.665993', "client 52774746 bid 2 fd_image ack error {'status': 200, 'head': 'Connection: close\\nDate: Sat, 21 Mar 2015 03:30:06 GMT\\nServer: Microsoft-IIS/6.0\\nSet-Cookie: JSESSIONID=2958B1D1D20C3C3B460085C169B1354F; Path=/car\\nContent-Type: text/html;charset=GBK\\nContent-Length: 175\\n\\n', 'body': '\\r\\n\\r\\n\\r\\n\\r\\n\\r\\n\\r\\n\\r\\n\\r\\n\\r\\n\\r\\n\\r\\n<XML><ERRORCODE>101</ERRORCODE><ERRORSTRING>您的操作太过频繁，请稍后再试！</ERRORSTRING><ERRORSTRING_EN>Please try again slightly!</ERRORSTRING_EN></XML>'}")
('2015-03-21 11:30:10.653689', 'client 52776594 bid 2 fd_image Timeout')
('2015-03-21 11:30:13.657126', 'client 52536852 bid 2 fd_image Timeout')
('2015-03-21 11:30:13.658287', 'client 52540397 bid 2 fd_image Timeout')
('2015-03-21 11:30:17.655211', 'client 52776594 bid 2 fd_image Timeout')
