('2015-03-21 09:55:32.328168', 'worker [2] started')
('2015-03-21 09:55:32.328237', 'client 8 initted')
('2015-03-21 09:55:33.010608', 'put_channel : channel login, group 0, time 2015-03-21 09:55:33.010468')
('2015-03-21 09:55:33.227400', 'fd_channel : login[0] 0 login[1] 0 , tb0[0] 0 tb0[1] 0 , tb1[0] 0 tb1[1] 0')
('2015-03-21 09:55:34.508739', 'put_channel : channel login, group 0, time 2015-03-21 09:55:34.508647')
('2015-03-21 09:55:34.729602', 'fd_channel : login[0] 0 login[1] 0 , tb0[0] 0 tb0[1] 0 , tb1[0] 0 tb1[1] 0')
('2015-03-21 09:55:36.008011', 'put_channel : channel login, group 0, time 2015-03-21 09:55:36.007932')
('2015-03-21 09:55:36.231294', 'fd_channel : login[0] 0 login[1] 0 , tb0[0] 0 tb0[1] 0 , tb1[0] 0 tb1[1] 0')
('2015-03-21 09:55:37.507883', 'put_channel : channel login, group 0, time 2015-03-21 09:55:37.507752')
('2015-03-21 09:55:37.733967', 'fd_channel : login[0] 0 login[1] 0 , tb0[0] 0 tb0[1] 0 , tb1[0] 0 tb1[1] 0')
('2015-03-21 09:55:39.009320', 'put_channel : channel login, group 0, time 2015-03-21 09:55:39.009188')
('2015-03-21 09:55:39.237105', 'fd_channel : login[0] 0 login[1] 0 , tb0[0] 0 tb0[1] 0 , tb1[0] 0 tb1[1] 0')
('2015-03-21 09:55:40.508607', 'put_channel : channel login, group 0, time 2015-03-21 09:55:40.508476')
('2015-03-21 09:55:40.740071', 'fd_channel : login[0] 0 login[1] 0 , tb0[0] 0 tb0[1] 0 , tb1[0] 0 tb1[1] 0')
('2015-03-21 09:55:42.009170', 'put_channel : channel login, group 0, time 2015-03-21 09:55:42.009023')
('2015-03-21 09:55:42.242514', 'fd_channel : login[0] 0 login[1] 0 , tb0[0] 0 tb0[1] 0 , tb1[0] 0 tb1[1] 0')
('2015-03-21 09:55:43.510903', 'put_channel : channel login, group 0, time 2015-03-21 09:55:43.510770')
('2015-03-21 09:55:43.745113', 'fd_channel : login[0] 0 login[1] 0 , tb0[0] 0 tb0[1] 0 , tb1[0] 0 tb1[1] 0')
('2015-03-21 09:56:04.047338', 'put_channel : channel login, group 1, time 2015-03-21 09:56:04.047193')
('2015-03-21 09:56:05.583833', 'put_channel : channel login, group 1, time 2015-03-21 09:56:05.583674')
('2015-03-21 09:56:07.057491', 'put_channel : channel login, group 1, time 2015-03-21 09:56:07.057345')
('2015-03-21 09:56:08.561512', 'put_channel : channel login, group 1, time 2015-03-21 09:56:08.561372')
('2015-03-21 09:56:10.063716', 'put_channel : channel login, group 1, time 2015-03-21 09:56:10.063599')
('2015-03-21 09:56:11.569459', 'put_channel : channel login, group 1, time 2015-03-21 09:56:11.569270')
('2015-03-21 09:56:13.071959', 'put_channel : channel login, group 1, time 2015-03-21 09:56:13.071804')
('2015-03-21 09:56:14.576243', 'put_channel : channel login, group 1, time 2015-03-21 09:56:14.576161')
('2015-03-21 10:32:31.509649', 'put_channel : channel tb0, group 0, time 2015-03-21 10:32:31.509265')
('2015-03-21 10:32:31.513559', 'put_channel : channel tb0, group 1, time 2015-03-21 10:32:31.513517')
('2015-03-21 10:32:33.010192', 'put_channel : channel tb0, group 0, time 2015-03-21 10:32:33.010015')
('2015-03-21 10:32:33.014113', 'put_channel : channel tb0, group 1, time 2015-03-21 10:32:33.014064')
('2015-03-21 10:32:34.509386', 'put_channel : channel tb0, group 0, time 2015-03-21 10:32:34.509274')
('2015-03-21 10:32:34.512532', 'put_channel : channel tb0, group 1, time 2015-03-21 10:32:34.512434')
('2015-03-21 10:32:36.005697', 'put_channel : channel tb0, group 0, time 2015-03-21 10:32:36.005628')
('2015-03-21 10:32:36.007824', 'put_channel : channel tb0, group 1, time 2015-03-21 10:32:36.007778')
('2015-03-21 10:32:37.506365', 'put_channel : channel tb0, group 0, time 2015-03-21 10:32:37.506291')
('2015-03-21 10:32:37.508015', 'put_channel : channel tb0, group 1, time 2015-03-21 10:32:37.507969')
('2015-03-21 10:32:39.006855', 'put_channel : channel tb0, group 0, time 2015-03-21 10:32:39.006773')
('2015-03-21 10:32:39.008952', 'put_channel : channel tb0, group 1, time 2015-03-21 10:32:39.008885')
('2015-03-21 10:32:40.509978', 'put_channel : channel tb0, group 0, time 2015-03-21 10:32:40.509835')
('2015-03-21 10:32:40.510641', 'put_channel : channel tb0, group 1, time 2015-03-21 10:32:40.510462')
('2015-03-21 10:32:42.010791', 'put_channel : channel tb0, group 0, time 2015-03-21 10:32:42.010716')
('2015-03-21 10:32:42.011680', 'put_channel : channel tb0, group 1, time 2015-03-21 10:32:42.011570')
('2015-03-21 10:32:43.508757', 'put_channel : channel tb0, group 0, time 2015-03-21 10:32:43.508569')
('2015-03-21 10:32:43.511817', 'put_channel : channel tb0, group 1, time 2015-03-21 10:32:43.511709')
('2015-03-21 10:32:45.011197', 'put_channel : channel tb0, group 0, time 2015-03-21 10:32:45.010991')
('2015-03-21 10:32:45.012316', 'put_channel : channel tb0, group 1, time 2015-03-21 10:32:45.012213')
('2015-03-21 10:32:46.510507', 'put_channel : channel tb0, group 0, time 2015-03-21 10:32:46.510356')
('2015-03-21 10:32:46.511298', 'put_channel : channel tb0, group 1, time 2015-03-21 10:32:46.511201')
('2015-03-21 10:32:48.010129', 'put_channel : channel tb0, group 0, time 2015-03-21 10:32:48.009981')
('2015-03-21 10:32:48.013501', 'put_channel : channel tb0, group 1, time 2015-03-21 10:32:48.013451')
('2015-03-21 10:32:49.510272', 'put_channel : channel tb0, group 0, time 2015-03-21 10:32:49.510083')
('2015-03-21 10:32:49.510945', 'put_channel : channel tb0, group 1, time 2015-03-21 10:32:49.510863')
('2015-03-21 10:32:51.008763', 'put_channel : channel tb0, group 0, time 2015-03-21 10:32:51.008547')
('2015-03-21 10:32:51.010898', 'put_channel : channel tb0, group 1, time 2015-03-21 10:32:51.010851')
('2015-03-21 10:32:52.509575', 'put_channel : channel tb0, group 0, time 2015-03-21 10:32:52.509443')
('2015-03-21 10:32:52.512973', 'put_channel : channel tb0, group 1, time 2015-03-21 10:32:52.512865')
('2015-03-21 10:32:54.010193', 'put_channel : channel tb0, group 0, time 2015-03-21 10:32:54.010034')
('2015-03-21 10:32:54.011338', 'put_channel : channel tb0, group 1, time 2015-03-21 10:32:54.011238')
('2015-03-21 10:32:55.508375', 'put_channel : channel tb0, group 0, time 2015-03-21 10:32:55.508245')
('2015-03-21 10:32:55.512524', 'put_channel : channel tb0, group 1, time 2015-03-21 10:32:55.512425')
('2015-03-21 10:32:57.009164', 'put_channel : channel tb0, group 1, time 2015-03-21 10:32:57.009063')
('2015-03-21 10:32:57.009439', 'put_channel : channel tb0, group 0, time 2015-03-21 10:32:57.009392')
('2015-03-21 10:32:58.511074', 'put_channel : channel tb0, group 0, time 2015-03-21 10:32:58.510940')
('2015-03-21 10:32:58.511887', 'put_channel : channel tb0, group 1, time 2015-03-21 10:32:58.511787')
('2015-03-21 10:33:00.009275', 'put_channel : channel tb0, group 0, time 2015-03-21 10:33:00.009013')
('2015-03-21 10:33:00.010700', 'put_channel : channel tb0, group 1, time 2015-03-21 10:33:00.010611')
('2015-03-21 10:33:01.510271', 'put_channel : channel tb0, group 0, time 2015-03-21 10:33:01.510139')
('2015-03-21 10:33:01.511583', 'put_channel : channel tb0, group 1, time 2015-03-21 10:33:01.511451')
('2015-03-21 10:33:03.006892', 'put_channel : channel tb0, group 0, time 2015-03-21 10:33:03.006779')
('2015-03-21 10:33:03.010485', 'put_channel : channel tb0, group 1, time 2015-03-21 10:33:03.010441')
('2015-03-21 10:33:04.508751', 'put_channel : channel tb0, group 0, time 2015-03-21 10:33:04.508547')
('2015-03-21 10:33:04.510721', 'put_channel : channel tb0, group 1, time 2015-03-21 10:33:04.510631')
('2015-03-21 10:33:06.008468', 'put_channel : channel tb0, group 0, time 2015-03-21 10:33:06.008399')
('2015-03-21 10:33:06.010999', 'put_channel : channel tb0, group 1, time 2015-03-21 10:33:06.010911')
('2015-03-21 10:33:07.509946', 'put_channel : channel tb0, group 0, time 2015-03-21 10:33:07.509803')
('2015-03-21 10:33:07.513452', 'put_channel : channel tb0, group 1, time 2015-03-21 10:33:07.513335')
('2015-03-21 10:33:09.009406', 'put_channel : channel tb0, group 0, time 2015-03-21 10:33:09.009290')
('2015-03-21 10:33:09.010142', 'put_channel : channel tb0, group 1, time 2015-03-21 10:33:09.010027')
('2015-03-21 10:33:10.509387', 'put_channel : channel tb0, group 0, time 2015-03-21 10:33:10.509313')
('2015-03-21 10:33:10.509998', 'put_channel : channel tb0, group 1, time 2015-03-21 10:33:10.509959')
('2015-03-21 10:33:12.010726', 'put_channel : channel tb0, group 0, time 2015-03-21 10:33:12.010584')
('2015-03-21 10:33:12.012337', 'put_channel : channel tb0, group 1, time 2015-03-21 10:33:12.012255')
('2015-03-21 10:33:13.510952', 'put_channel : channel tb0, group 0, time 2015-03-21 10:33:13.510824')
('2015-03-21 10:33:13.513541', 'put_channel : channel tb0, group 1, time 2015-03-21 10:33:13.513399')
('2015-03-21 10:33:15.008788', 'put_channel : channel tb0, group 0, time 2015-03-21 10:33:15.008655')
('2015-03-21 10:33:15.012266', 'put_channel : channel tb0, group 1, time 2015-03-21 10:33:15.012178')
('2015-03-21 10:33:23.511041', 'put_channel : channel tb0, group 0, time 2015-03-21 10:33:23.510910')
('2015-03-21 10:33:23.517172', 'put_channel : channel tb0, group 0, time 2015-03-21 10:33:23.517071')
('2015-03-21 10:33:25.023419', 'put_channel : channel tb0, group 1, time 2015-03-21 10:33:25.023336')
('2015-03-21 10:33:25.513282', 'put_channel : channel tb0, group 1, time 2015-03-21 10:33:25.513210')
('2015-03-21 10:33:25.515128', 'put_channel : channel tb0, group 1, time 2015-03-21 10:33:25.515086')
('2015-03-21 10:33:26.507376', 'put_channel : channel tb0, group 0, time 2015-03-21 10:33:26.507190')
('2015-03-21 10:33:26.517558', 'put_channel : channel tb0, group 0, time 2015-03-21 10:33:26.517452')
('2015-03-21 10:33:26.527562', 'put_channel : channel tb0, group 1, time 2015-03-21 10:33:26.527467')
('2015-03-21 10:33:30.008901', 'put_channel : channel tb0, group 0, time 2015-03-21 10:33:30.008798')
('2015-03-21 10:33:30.009331', 'put_channel : channel tb0, group 0, time 2015-03-21 10:33:30.009291')
('2015-03-21 10:33:31.021754', 'put_channel : channel tb0, group 0, time 2015-03-21 10:33:31.021552')
('2015-03-21 10:33:34.005878', 'put_channel : channel tb0, group 0, time 2015-03-21 10:33:34.005735')
('2015-03-21 10:33:34.507103', 'put_channel : channel tb0, group 0, time 2015-03-21 10:33:34.507019')
('2015-03-21 10:33:41.511782', 'put_channel : channel tb0, group 1, time 2015-03-21 10:33:41.511613')
('2015-03-21 10:33:41.518346', 'put_channel : channel tb0, group 1, time 2015-03-21 10:33:41.518300')
('2015-03-21 10:33:42.009353', 'put_channel : channel tb0, group 1, time 2015-03-21 10:33:42.009277')
('2015-03-21 10:33:42.010775', 'put_channel : channel tb0, group 1, time 2015-03-21 10:33:42.010733')
('2015-03-21 10:33:42.030579', 'put_channel : channel tb0, group 1, time 2015-03-21 10:33:42.030508')
('2015-03-21 10:33:43.022660', 'put_channel : channel tb0, group 1, time 2015-03-21 10:33:43.022569')
('2015-03-21 10:33:43.511243', 'put_channel : channel tb0, group 1, time 2015-03-21 10:33:43.511055')
('2015-03-21 10:33:43.535184', 'put_channel : channel tb0, group 1, time 2015-03-21 10:33:43.535055')
('2015-03-21 10:33:44.519609', 'put_channel : channel tb0, group 1, time 2015-03-21 10:33:44.519468')
('2015-03-21 10:33:45.010575', 'put_channel : channel tb0, group 1, time 2015-03-21 10:33:45.010473')
('2015-03-21 10:33:45.039541', 'put_channel : channel tb0, group 1, time 2015-03-21 10:33:45.039443')
('2015-03-21 10:33:46.510893', 'put_channel : channel tb0, group 1, time 2015-03-21 10:33:46.510763')
('2015-03-21 10:33:47.506110', 'put_channel : channel tb0, group 0, time 2015-03-21 10:33:47.505965')
('2015-03-21 10:33:47.517064', 'put_channel : channel tb0, group 0, time 2015-03-21 10:33:47.516944')
('2015-03-21 10:33:48.009907', 'put_channel : channel tb0, group 0, time 2015-03-21 10:33:48.009773')
('2015-03-21 10:33:48.010617', 'put_channel : channel tb0, group 0, time 2015-03-21 10:33:48.010514')
('2015-03-21 10:33:48.011784', 'put_channel : channel tb0, group 1, time 2015-03-21 10:33:48.011622')
('2015-03-21 10:33:49.020486', 'put_channel : channel tb0, group 0, time 2015-03-21 10:33:49.020405')
('2015-03-21 10:33:49.068477', 'put_channel : channel tb0, group 0, time 2015-03-21 10:33:49.068406')
('2015-03-21 10:33:49.507014', 'put_channel : channel tb0, group 0, time 2015-03-21 10:33:49.506918')
('2015-03-21 10:33:49.510264', 'put_channel : channel tb0, group 1, time 2015-03-21 10:33:49.510221')
('2015-03-21 10:33:50.517422', 'put_channel : channel tb0, group 0, time 2015-03-21 10:33:50.517286')
('2015-03-21 10:33:51.008161', 'put_channel : channel tb0, group 0, time 2015-03-21 10:33:51.008075')
('2015-03-21 10:33:51.008525', 'put_channel : channel tb0, group 1, time 2015-03-21 10:33:51.008485')
('2015-03-21 10:33:51.036767', 'put_channel : channel tb0, group 0, time 2015-03-21 10:33:51.036697')
('2015-03-21 10:33:52.076880', 'put_channel : channel tb0, group 0, time 2015-03-21 10:33:52.076791')
('2015-03-21 10:33:52.078834', 'put_channel : channel tb0, group 1, time 2015-03-21 10:33:52.078785')
('2015-03-21 10:33:52.511409', 'put_channel : channel tb0, group 1, time 2015-03-21 10:33:52.511274')
('2015-03-21 10:33:54.008078', 'put_channel : channel tb0, group 1, time 2015-03-21 10:33:54.007987')
('2015-03-21 10:33:55.507671', 'put_channel : channel tb0, group 1, time 2015-03-21 10:33:55.507583')
('2015-03-21 10:33:57.010103', 'put_channel : channel tb0, group 1, time 2015-03-21 10:33:57.010027')
('2015-03-21 10:33:58.510847', 'put_channel : channel tb0, group 1, time 2015-03-21 10:33:58.510689')
('2015-03-21 10:34:00.012596', 'put_channel : channel tb0, group 1, time 2015-03-21 10:34:00.012466')
('2015-03-21 10:34:01.509085', 'put_channel : channel tb0, group 1, time 2015-03-21 10:34:01.509010')
('2015-03-21 10:34:01.789867', 'fd_channel : login[0] 0 login[1] 8 , tb0[0] 50 tb0[1] 56 , tb1[0] 0 tb1[1] 0')
('2015-03-21 10:34:01.791850', 'fd_channel : login[0] 0 login[1] 8 , tb0[0] 50 tb0[1] 55 , tb1[0] 0 tb1[1] 0')
('2015-03-21 10:34:01.792873', 'fd_channel : login[0] 0 login[1] 8 , tb0[0] 50 tb0[1] 54 , tb1[0] 0 tb1[1] 0')
('2015-03-21 10:34:01.794255', 'fd_channel : login[0] 0 login[1] 8 , tb0[0] 50 tb0[1] 53 , tb1[0] 0 tb1[1] 0')
('2015-03-21 10:34:01.795183', 'fd_channel : login[0] 0 login[1] 8 , tb0[0] 50 tb0[1] 52 , tb1[0] 0 tb1[1] 0')
('2015-03-21 10:34:01.796281', 'fd_channel : login[0] 0 login[1] 8 , tb0[0] 50 tb0[1] 51 , tb1[0] 0 tb1[1] 0')
('2015-03-21 10:34:01.797053', 'fd_channel : login[0] 0 login[1] 8 , tb0[0] 50 tb0[1] 50 , tb1[0] 0 tb1[1] 0')
('2015-03-21 10:34:01.797926', 'fd_channel : login[0] 0 login[1] 8 , tb0[0] 50 tb0[1] 49 , tb1[0] 0 tb1[1] 0')
('2015-03-21 10:34:03.010955', 'put_channel : channel tb0, group 1, time 2015-03-21 10:34:03.010879')
('2015-03-21 10:34:04.510248', 'put_channel : channel tb0, group 1, time 2015-03-21 10:34:04.510126')
('2015-03-21 10:34:06.011252', 'put_channel : channel tb0, group 1, time 2015-03-21 10:34:06.011105')
('2015-03-21 10:34:08.812050', 'fd_channel : login[0] 0 login[1] 8 , tb0[0] 49 tb0[1] 52 , tb1[0] 0 tb1[1] 0')
('2015-03-21 10:34:08.815016', 'fd_channel : login[0] 0 login[1] 8 , tb0[0] 49 tb0[1] 51 , tb1[0] 0 tb1[1] 0')
('2015-03-21 10:34:09.198153', 'fd_channel : login[0] 0 login[1] 8 , tb0[0] 48 tb0[1] 51 , tb1[0] 0 tb1[1] 0')
('2015-03-21 10:34:09.200248', 'fd_channel : login[0] 0 login[1] 8 , tb0[0] 48 tb0[1] 50 , tb1[0] 0 tb1[1] 0')
('2015-03-21 10:34:10.821146', 'fd_channel : login[0] 0 login[1] 8 , tb0[0] 47 tb0[1] 50 , tb1[0] 0 tb1[1] 0')
('2015-03-21 10:34:10.824237', 'fd_channel : login[0] 0 login[1] 8 , tb0[0] 47 tb0[1] 49 , tb1[0] 0 tb1[1] 0')
('2015-03-21 10:34:11.203878', 'fd_channel : login[0] 0 login[1] 8 , tb0[0] 46 tb0[1] 49 , tb1[0] 0 tb1[1] 0')
('2015-03-21 10:34:11.205834', 'fd_channel : login[0] 0 login[1] 8 , tb0[0] 46 tb0[1] 48 , tb1[0] 0 tb1[1] 0')
('2015-03-21 10:34:13.007709', 'put_channel : channel tb0, group 0, time 2015-03-21 10:34:13.007573')
('2015-03-21 10:34:13.021237', 'put_channel : channel tb0, group 0, time 2015-03-21 10:34:13.021128')
('2015-03-21 10:34:13.509872', 'put_channel : channel tb0, group 0, time 2015-03-21 10:34:13.509742')
('2015-03-21 10:34:13.510447', 'put_channel : channel tb0, group 0, time 2015-03-21 10:34:13.510364')
('2015-03-21 10:34:13.533406', 'put_channel : channel tb0, group 0, time 2015-03-21 10:34:13.533242')
('2015-03-21 10:34:14.527202', 'put_channel : channel tb0, group 0, time 2015-03-21 10:34:14.527052')
('2015-03-21 10:34:14.605975', 'fd_channel : login[0] 0 login[1] 8 , tb0[0] 51 tb0[1] 48 , tb1[0] 0 tb1[1] 0')
('2015-03-21 10:34:14.608225', 'fd_channel : login[0] 0 login[1] 8 , tb0[0] 51 tb0[1] 47 , tb1[0] 0 tb1[1] 0')
('2015-03-21 10:34:14.649903', 'fd_channel : login[0] 0 login[1] 8 , tb0[0] 50 tb0[1] 47 , tb1[0] 0 tb1[1] 0')
('2015-03-21 10:34:14.652102', 'fd_channel : login[0] 0 login[1] 8 , tb0[0] 50 tb0[1] 46 , tb1[0] 0 tb1[1] 0')
('2015-03-21 10:34:15.009811', 'put_channel : channel tb0, group 0, time 2015-03-21 10:34:15.009669')
('2015-03-21 10:34:15.037475', 'put_channel : channel tb0, group 0, time 2015-03-21 10:34:15.037347')
('2015-03-21 10:34:16.015669', 'put_channel : channel tb0, group 0, time 2015-03-21 10:34:16.015538')
('2015-03-21 10:34:16.508955', 'put_channel : channel tb0, group 0, time 2015-03-21 10:34:16.508817')
('2015-03-21 10:34:16.526703', 'put_channel : channel tb0, group 0, time 2015-03-21 10:34:16.526594')
('2015-03-21 10:34:18.007685', 'put_channel : channel tb0, group 0, time 2015-03-21 10:34:18.007591')
('2015-03-21 10:34:18.029463', 'put_channel : channel tb0, group 0, time 2015-03-21 10:34:18.029333')
('2015-03-21 10:34:19.508905', 'put_channel : channel tb0, group 0, time 2015-03-21 10:34:19.508771')
('2015-03-21 10:34:31.512793', 'put_channel : channel tb0, group 1, time 2015-03-21 10:34:31.512612')
('2015-03-21 10:34:31.517561', 'put_channel : channel tb0, group 1, time 2015-03-21 10:34:31.517469')
('2015-03-21 10:34:31.797101', 'fd_channel : login[0] 0 login[1] 8 , tb0[0] 58 tb0[1] 47 , tb1[0] 0 tb1[1] 0')
('2015-03-21 10:34:31.798052', 'fd_channel : login[0] 0 login[1] 8 , tb0[0] 58 tb0[1] 46 , tb1[0] 0 tb1[1] 0')
('2015-03-21 10:34:31.799611', 'fd_channel : login[0] 0 login[1] 8 , tb0[0] 58 tb0[1] 45 , tb1[0] 0 tb1[1] 0')
('2015-03-21 10:34:31.800511', 'fd_channel : login[0] 0 login[1] 8 , tb0[0] 58 tb0[1] 44 , tb1[0] 0 tb1[1] 0')
('2015-03-21 10:34:32.519857', 'put_channel : channel tb0, group 1, time 2015-03-21 10:34:32.519719')
('2015-03-21 10:34:33.012026', 'put_channel : channel tb0, group 1, time 2015-03-21 10:34:33.011850')
('2015-03-21 10:34:33.012842', 'put_channel : channel tb0, group 1, time 2015-03-21 10:34:33.012754')
('2015-03-21 10:34:33.039642', 'put_channel : channel tb0, group 1, time 2015-03-21 10:34:33.039532')
('2015-03-21 10:34:34.510388', 'put_channel : channel tb0, group 1, time 2015-03-21 10:34:34.510257')
('2015-03-21 10:34:34.543590', 'put_channel : channel tb0, group 1, time 2015-03-21 10:34:34.543467')
('2015-03-21 10:34:36.010641', 'put_channel : channel tb0, group 1, time 2015-03-21 10:34:36.010575')
('2015-03-21 10:34:36.030340', 'put_channel : channel tb0, group 1, time 2015-03-21 10:34:36.030285')
('2015-03-21 10:34:37.510260', 'put_channel : channel tb0, group 1, time 2015-03-21 10:34:37.510135')
('2015-03-21 10:34:37.535176', 'put_channel : channel tb0, group 1, time 2015-03-21 10:34:37.535060')
('2015-03-21 10:34:39.010846', 'put_channel : channel tb0, group 1, time 2015-03-21 10:34:39.010759')
('2015-03-21 10:34:40.510587', 'put_channel : channel tb0, group 1, time 2015-03-21 10:34:40.510448')
('2015-03-21 10:34:42.010994', 'put_channel : channel tb0, group 1, time 2015-03-21 10:34:42.010865')
('2015-03-21 10:34:43.511504', 'put_channel : channel tb0, group 1, time 2015-03-21 10:34:43.511431')
('2015-03-21 10:34:45.011056', 'put_channel : channel tb0, group 1, time 2015-03-21 10:34:45.010951')
('2015-03-21 10:34:46.063748', 'put_channel : channel tb0, group 1, time 2015-03-21 10:34:46.063634')
('2015-03-21 10:34:46.509089', 'put_channel : channel tb0, group 0, time 2015-03-21 10:34:46.509016')
('2015-03-21 10:34:46.510390', 'put_channel : channel tb0, group 1, time 2015-03-21 10:34:46.510337')
('2015-03-21 10:34:46.510769', 'put_channel : channel tb0, group 0, time 2015-03-21 10:34:46.510720')
('2015-03-21 10:34:46.541160', 'put_channel : channel tb0, group 0, time 2015-03-21 10:34:46.541036')
('2015-03-21 10:34:47.517633', 'put_channel : channel tb0, group 0, time 2015-03-21 10:34:47.517476')
('2015-03-21 10:34:48.007280', 'put_channel : channel tb0, group 0, time 2015-03-21 10:34:48.007201')
('2015-03-21 10:34:48.010304', 'put_channel : channel tb0, group 1, time 2015-03-21 10:34:48.010256')
('2015-03-21 10:34:48.011001', 'put_channel : channel tb0, group 0, time 2015-03-21 10:34:48.010893')
('2015-03-21 10:34:48.030261', 'put_channel : channel tb0, group 0, time 2015-03-21 10:34:48.030156')
('2015-03-21 10:34:49.021732', 'put_channel : channel tb0, group 0, time 2015-03-21 10:34:49.021584')
('2015-03-21 10:34:49.510367', 'put_channel : channel tb0, group 0, time 2015-03-21 10:34:49.510237')
('2015-03-21 10:34:49.510862', 'put_channel : channel tb0, group 1, time 2015-03-21 10:34:49.510811')
('2015-03-21 10:34:49.533119', 'put_channel : channel tb0, group 0, time 2015-03-21 10:34:49.533018')
('2015-03-21 10:34:51.009928', 'put_channel : channel tb0, group 0, time 2015-03-21 10:34:51.009804')
('2015-03-21 10:34:51.012484', 'put_channel : channel tb0, group 1, time 2015-03-21 10:34:51.012392')
('2015-03-21 10:34:52.509487', 'put_channel : channel tb0, group 1, time 2015-03-21 10:34:52.509353')
('2015-03-21 10:34:54.009321', 'put_channel : channel tb0, group 1, time 2015-03-21 10:34:54.009246')
('2015-03-21 10:34:55.511576', 'put_channel : channel tb0, group 1, time 2015-03-21 10:34:55.511488')
('2015-03-21 10:34:57.010723', 'put_channel : channel tb0, group 1, time 2015-03-21 10:34:57.010590')
('2015-03-21 10:34:58.511444', 'put_channel : channel tb0, group 1, time 2015-03-21 10:34:58.511288')
('2015-03-21 10:35:00.010948', 'put_channel : channel tb0, group 1, time 2015-03-21 10:35:00.010869')
('2015-03-21 10:35:01.510546', 'put_channel : channel tb0, group 1, time 2015-03-21 10:35:01.510418')
('2015-03-21 10:35:01.806576', 'fd_channel : login[0] 0 login[1] 8 , tb0[0] 69 tb0[1] 65 , tb1[0] 0 tb1[1] 0')
('2015-03-21 10:35:01.808237', 'fd_channel : login[0] 0 login[1] 8 , tb0[0] 69 tb0[1] 64 , tb1[0] 0 tb1[1] 0')
('2015-03-21 10:35:01.810039', 'fd_channel : login[0] 0 login[1] 8 , tb0[0] 69 tb0[1] 63 , tb1[0] 0 tb1[1] 0')
('2015-03-21 10:35:01.811274', 'fd_channel : login[0] 0 login[1] 8 , tb0[0] 69 tb0[1] 62 , tb1[0] 0 tb1[1] 0')
('2015-03-21 10:35:03.009293', 'put_channel : channel tb0, group 1, time 2015-03-21 10:35:03.009217')
('2015-03-21 10:35:03.664983', 'fd_channel : login[0] 0 login[1] 8 , tb0[0] 69 tb0[1] 62 , tb1[0] 0 tb1[1] 0')
('2015-03-21 10:35:08.505081', 'put_channel : channel tb0, group 0, time 2015-03-21 10:35:08.504984')
('2015-03-21 10:35:08.516589', 'put_channel : channel tb0, group 0, time 2015-03-21 10:35:08.516532')
('2015-03-21 10:35:08.556521', 'put_channel : channel tb0, group 0, time 2015-03-21 10:35:08.556446')
('2015-03-21 10:35:09.008081', 'put_channel : channel tb0, group 0, time 2015-03-21 10:35:09.007950')
('2015-03-21 10:35:09.009333', 'put_channel : channel tb0, group 0, time 2015-03-21 10:35:09.009293')
('2015-03-21 10:35:09.036695', 'put_channel : channel tb0, group 0, time 2015-03-21 10:35:09.036585')
('2015-03-21 10:35:10.013507', 'put_channel : channel tb0, group 0, time 2015-03-21 10:35:10.013387')
('2015-03-21 10:35:10.060526', 'put_channel : channel tb0, group 0, time 2015-03-21 10:35:10.060456')
('2015-03-21 10:35:10.506356', 'put_channel : channel tb0, group 0, time 2015-03-21 10:35:10.506275')
('2015-03-21 10:35:10.541805', 'put_channel : channel tb0, group 0, time 2015-03-21 10:35:10.541667')
('2015-03-21 10:35:11.517939', 'put_channel : channel tb0, group 0, time 2015-03-21 10:35:11.517794')
('2015-03-21 10:35:12.008321', 'put_channel : channel tb0, group 0, time 2015-03-21 10:35:12.008164')
('2015-03-21 10:35:12.029443', 'put_channel : channel tb0, group 0, time 2015-03-21 10:35:12.029351')
('2015-03-21 10:35:12.138201', 'fd_channel : login[0] 0 login[1] 8 , tb0[0] 57 tb0[1] 62 , tb1[0] 0 tb1[1] 0')
('2015-03-21 10:35:12.140745', 'fd_channel : login[0] 0 login[1] 8 , tb0[0] 57 tb0[1] 59 , tb1[0] 0 tb1[1] 0')
('2015-03-21 10:35:13.506597', 'put_channel : channel tb0, group 0, time 2015-03-21 10:35:13.506512')
('2015-03-21 10:35:13.534442', 'put_channel : channel tb0, group 0, time 2015-03-21 10:35:13.534369')
('2015-03-21 10:35:13.602799', 'fd_channel : login[0] 0 login[1] 8 , tb0[0] 58 tb0[1] 59 , tb1[0] 0 tb1[1] 0')
('2015-03-21 10:35:13.604565', 'fd_channel : login[0] 0 login[1] 8 , tb0[0] 58 tb0[1] 58 , tb1[0] 0 tb1[1] 0')
('2015-03-21 10:35:25.510504', 'put_channel : channel tb0, group 1, time 2015-03-21 10:35:25.510373')
('2015-03-21 10:35:25.512577', 'put_channel : channel tb0, group 1, time 2015-03-21 10:35:25.512516')
('2015-03-21 10:35:25.536231', 'put_channel : channel tb0, group 1, time 2015-03-21 10:35:25.536180')
('2015-03-21 10:35:26.528971', 'put_channel : channel tb0, group 1, time 2015-03-21 10:35:26.528812')
('2015-03-21 10:35:27.008686', 'put_channel : channel tb0, group 1, time 2015-03-21 10:35:27.008586')
('2015-03-21 10:35:27.010276', 'put_channel : channel tb0, group 1, time 2015-03-21 10:35:27.010213')
('2015-03-21 10:35:27.039087', 'put_channel : channel tb0, group 1, time 2015-03-21 10:35:27.038983')
('2015-03-21 10:35:28.015487', 'put_channel : channel tb0, group 1, time 2015-03-21 10:35:28.015315')
('2015-03-21 10:35:28.511613', 'put_channel : channel tb0, group 1, time 2015-03-21 10:35:28.511466')
('2015-03-21 10:35:28.528573', 'put_channel : channel tb0, group 1, time 2015-03-21 10:35:28.528528')
('2015-03-21 10:35:30.010322', 'put_channel : channel tb0, group 1, time 2015-03-21 10:35:30.010247')
('2015-03-21 10:35:30.032328', 'put_channel : channel tb0, group 1, time 2015-03-21 10:35:30.032238')
('2015-03-21 10:35:31.510520', 'put_channel : channel tb0, group 1, time 2015-03-21 10:35:31.510437')
('2015-03-21 10:35:31.535290', 'put_channel : channel tb0, group 1, time 2015-03-21 10:35:31.535204')
('2015-03-21 10:35:31.810964', 'fd_channel : login[0] 0 login[1] 8 , tb0[0] 58 tb0[1] 69 , tb1[0] 0 tb1[1] 0')
('2015-03-21 10:35:31.813594', 'fd_channel : login[0] 0 login[1] 8 , tb0[0] 58 tb0[1] 68 , tb1[0] 0 tb1[1] 0')
('2015-03-21 10:35:33.011023', 'put_channel : channel tb0, group 1, time 2015-03-21 10:35:33.010894')
('2015-03-21 10:35:39.003177', 'fd_channel : login[0] 0 login[1] 8 , tb0[0] 55 tb0[1] 65 , tb1[0] 0 tb1[1] 0')
('2015-03-21 10:35:39.008432', 'fd_channel : login[0] 0 login[1] 8 , tb0[0] 50 tb0[1] 65 , tb1[0] 0 tb1[1] 0')
('2015-03-21 10:35:40.346486', 'fd_channel : login[0] 0 login[1] 8 , tb0[0] 49 tb0[1] 65 , tb1[0] 0 tb1[1] 0')
('2015-03-21 10:35:40.351013', 'fd_channel : login[0] 0 login[1] 8 , tb0[0] 49 tb0[1] 62 , tb1[0] 0 tb1[1] 0')
('2015-03-21 10:35:41.000804', 'fd_channel : login[0] 0 login[1] 8 , tb0[0] 48 tb0[1] 62 , tb1[0] 0 tb1[1] 0')
('2015-03-21 10:35:41.002419', 'fd_channel : login[0] 0 login[1] 8 , tb0[0] 48 tb0[1] 61 , tb1[0] 0 tb1[1] 0')
('2015-03-21 10:35:42.351226', 'fd_channel : login[0] 0 login[1] 8 , tb0[0] 47 tb0[1] 61 , tb1[0] 0 tb1[1] 0')
('2015-03-21 10:35:42.354648', 'fd_channel : login[0] 0 login[1] 8 , tb0[0] 47 tb0[1] 59 , tb1[0] 0 tb1[1] 0')
('2015-03-21 10:35:44.507387', 'put_channel : channel tb0, group 0, time 2015-03-21 10:35:44.507230')
('2015-03-21 10:35:44.516746', 'put_channel : channel tb0, group 0, time 2015-03-21 10:35:44.516697')
('2015-03-21 10:35:45.009141', 'put_channel : channel tb0, group 0, time 2015-03-21 10:35:45.009058')
('2015-03-21 10:35:45.037646', 'put_channel : channel tb0, group 0, time 2015-03-21 10:35:45.037542')
('2015-03-21 10:35:46.021419', 'put_channel : channel tb0, group 0, time 2015-03-21 10:35:46.021346')
('2015-03-21 10:35:46.062246', 'put_channel : channel tb0, group 0, time 2015-03-21 10:35:46.062172')
('2015-03-21 10:35:46.541703', 'put_channel : channel tb0, group 0, time 2015-03-21 10:35:46.541564')
('2015-03-21 10:35:47.519153', 'put_channel : channel tb0, group 0, time 2015-03-21 10:35:47.519017')
('2015-03-21 10:35:47.565931', 'put_channel : channel tb0, group 0, time 2015-03-21 10:35:47.565791')
('2015-03-21 10:35:48.047379', 'put_channel : channel tb0, group 0, time 2015-03-21 10:35:48.047234')
('2015-03-21 10:35:49.071536', 'put_channel : channel tb0, group 0, time 2015-03-21 10:35:49.071396')
('2015-03-21 10:35:49.533246', 'put_channel : channel tb0, group 0, time 2015-03-21 10:35:49.533138')
('2015-03-21 10:35:50.572979', 'put_channel : channel tb0, group 0, time 2015-03-21 10:35:50.572829')
('2015-03-21 10:35:51.037240', 'put_channel : channel tb0, group 0, time 2015-03-21 10:35:51.037148')
('2015-03-21 10:35:52.076958', 'put_channel : channel tb0, group 0, time 2015-03-21 10:35:52.076877')
('2015-03-21 10:36:04.597854', 'fd_channel : login[0] 0 login[1] 8 , tb0[0] 62 tb0[1] 44 , tb1[0] 0 tb1[1] 0')
('2015-03-21 10:36:05.585129', 'put_channel : channel tb0, group 1, time 2015-03-21 10:36:05.585045')
('2015-03-21 10:36:07.055568', 'put_channel : channel tb0, group 1, time 2015-03-21 10:36:07.055423')
('2015-03-21 10:36:07.631761', 'put_channel : channel tb0, group 1, time 2015-03-21 10:36:07.631619')
('2015-03-21 10:36:08.561181', 'put_channel : channel tb0, group 1, time 2015-03-21 10:36:08.561019')
('2015-03-21 10:36:09.103291', 'put_channel : channel tb0, group 1, time 2015-03-21 10:36:09.103140')
('2015-03-21 10:36:10.063751', 'put_channel : channel tb0, group 1, time 2015-03-21 10:36:10.063598')
('2015-03-21 10:36:10.638881', 'put_channel : channel tb0, group 1, time 2015-03-21 10:36:10.638798')
('2015-03-21 10:36:11.566651', 'put_channel : channel tb0, group 1, time 2015-03-21 10:36:11.566559')
('2015-03-21 10:36:12.112910', 'put_channel : channel tb0, group 1, time 2015-03-21 10:36:12.112772')
('2015-03-21 10:36:13.070650', 'put_channel : channel tb0, group 1, time 2015-03-21 10:36:13.070569')
('2015-03-21 10:36:14.577199', 'put_channel : channel tb0, group 1, time 2015-03-21 10:36:14.577020')
('2015-03-21 10:36:21.135615', 'put_channel : channel tb0, group 1, time 2015-03-21 10:36:21.135473')
('2015-03-21 10:36:25.615877', 'put_channel : channel tb0, group 0, time 2015-03-21 10:36:25.615696')
('2015-03-21 10:36:27.149262', 'put_channel : channel tb0, group 0, time 2015-03-21 10:36:27.149118')
('2015-03-21 10:36:28.622532', 'put_channel : channel tb0, group 0, time 2015-03-21 10:36:28.622451')
('2015-03-21 10:36:30.092983', 'put_channel : channel tb0, group 0, time 2015-03-21 10:36:30.092900')
('2015-03-21 10:36:31.629918', 'put_channel : channel tb0, group 0, time 2015-03-21 10:36:31.629760')
('2015-03-21 10:36:33.460506', 'fd_channel : login[0] 0 login[1] 8 , tb0[0] 67 tb0[1] 46 , tb1[0] 0 tb1[1] 0')
('2015-03-21 10:36:48.502922', 'fd_channel : login[0] 0 login[1] 8 , tb0[0] 67 tb0[1] 34 , tb1[0] 0 tb1[1] 0')
('2015-03-21 10:37:38.295331', 'fd_channel : login[0] 0 login[1] 8 , tb0[0] 67 tb0[1] 11 , tb1[0] 0 tb1[1] 0')
('2015-03-21 10:37:40.976506', 'fd_channel : login[0] 0 login[1] 8 , tb0[0] 67 tb0[1] 10 , tb1[0] 0 tb1[1] 0')
('2015-03-21 10:37:44.177204', 'fd_channel : login[0] 0 login[1] 8 , tb0[0] 67 tb0[1] 9 , tb1[0] 0 tb1[1] 0')
('2015-03-21 10:40:44.326717', 'fd_channel : login[0] 0 login[1] 8 , tb0[0] 67 tb0[1] 0 , tb1[0] 0 tb1[1] 0')
('2015-03-21 11:27:42.009807', 'put_channel : channel tb1, group 0, time 2015-03-21 11:27:42.009641')
('2015-03-21 11:27:43.506484', 'put_channel : channel tb1, group 0, time 2015-03-21 11:27:43.506409')
('2015-03-21 11:27:43.508420', 'put_channel : channel tb1, group 1, time 2015-03-21 11:27:43.508380')
('2015-03-21 11:27:45.005888', 'put_channel : channel tb1, group 0, time 2015-03-21 11:27:45.005814')
('2015-03-21 11:27:45.009390', 'put_channel : channel tb1, group 1, time 2015-03-21 11:27:45.009332')
('2015-03-21 11:27:45.012079', 'put_channel : channel tb1, group 1, time 2015-03-21 11:27:45.012037')
('2015-03-21 11:27:46.509081', 'put_channel : channel tb1, group 1, time 2015-03-21 11:27:46.508941')
('2015-03-21 11:27:52.004944', 'put_channel : channel tb1, group 0, time 2015-03-21 11:27:52.004860')
('2015-03-21 11:27:52.507841', 'put_channel : channel tb1, group 0, time 2015-03-21 11:27:52.507682')
('2015-03-21 11:27:52.509548', 'put_channel : channel tb1, group 0, time 2015-03-21 11:27:52.509467')
('2015-03-21 11:27:53.517530', 'put_channel : channel tb1, group 0, time 2015-03-21 11:27:53.517436')
('2015-03-21 11:27:54.007553', 'put_channel : channel tb1, group 0, time 2015-03-21 11:27:54.007478')
('2015-03-21 11:27:55.508138', 'put_channel : channel tb1, group 0, time 2015-03-21 11:27:55.508056')
('2015-03-21 11:27:58.009120', 'put_channel : channel tb1, group 1, time 2015-03-21 11:27:58.009037')
('2015-03-21 11:27:58.509454', 'put_channel : channel tb1, group 1, time 2015-03-21 11:27:58.509370')
('2015-03-21 11:27:59.519185', 'put_channel : channel tb1, group 1, time 2015-03-21 11:27:59.519096')
('2015-03-21 11:28:01.007078', 'put_channel : channel tb1, group 1, time 2015-03-21 11:28:01.006958')
('2015-03-21 11:28:01.508839', 'put_channel : channel tb1, group 1, time 2015-03-21 11:28:01.508756')
('2015-03-21 11:28:08.508531', 'put_channel : channel tb1, group 1, time 2015-03-21 11:28:08.508451')
('2015-03-21 11:28:09.008950', 'put_channel : channel tb1, group 1, time 2015-03-21 11:28:09.008874')
('2015-03-21 11:28:09.011000', 'put_channel : channel tb1, group 1, time 2015-03-21 11:28:09.010960')
('2015-03-21 11:28:09.038521', 'put_channel : channel tb1, group 1, time 2015-03-21 11:28:09.038467')
('2015-03-21 11:28:10.509840', 'put_channel : channel tb1, group 1, time 2015-03-21 11:28:10.509765')
('2015-03-21 11:28:11.517163', 'put_channel : channel tb1, group 0, time 2015-03-21 11:28:11.517082')
('2015-03-21 11:28:11.519973', 'put_channel : channel tb1, group 1, time 2015-03-21 11:28:11.519917')
('2015-03-21 11:28:12.008832', 'put_channel : channel tb1, group 0, time 2015-03-21 11:28:12.008756')
('2015-03-21 11:28:12.009175', 'put_channel : channel tb1, group 0, time 2015-03-21 11:28:12.009136')
('2015-03-21 11:28:12.015373', 'put_channel : channel tb1, group 1, time 2015-03-21 11:28:12.015321')
('2015-03-21 11:28:12.028431', 'put_channel : channel tb1, group 0, time 2015-03-21 11:28:12.028369')
('2015-03-21 11:28:13.509004', 'put_channel : channel tb1, group 0, time 2015-03-21 11:28:13.508930')
('2015-03-21 11:28:13.509551', 'put_channel : channel tb1, group 0, time 2015-03-21 11:28:13.509465')
('2015-03-21 11:28:14.518704', 'put_channel : channel tb1, group 0, time 2015-03-21 11:28:14.518611')
('2015-03-21 11:28:15.007028', 'put_channel : channel tb1, group 0, time 2015-03-21 11:28:15.006953')
('2015-03-21 11:28:15.036505', 'put_channel : channel tb1, group 0, time 2015-03-21 11:28:15.036439')
('2015-03-21 11:28:28.511642', 'put_channel : channel tb1, group 1, time 2015-03-21 11:28:28.511559')
('2015-03-21 11:28:29.507414', 'put_channel : channel tb1, group 1, time 2015-03-21 11:28:29.507116')
('2015-03-21 11:28:29.521400', 'put_channel : channel tb1, group 1, time 2015-03-21 11:28:29.521233')
('2015-03-21 11:28:30.010811', 'put_channel : channel tb1, group 1, time 2015-03-21 11:28:30.010725')
('2015-03-21 11:28:30.030386', 'put_channel : channel tb1, group 1, time 2015-03-21 11:28:30.030318')
('2015-03-21 11:28:31.006788', 'put_channel : channel tb1, group 1, time 2015-03-21 11:28:31.006697')
('2015-03-21 11:28:31.510636', 'put_channel : channel tb1, group 1, time 2015-03-21 11:28:31.510548')
('2015-03-21 11:28:33.008867', 'put_channel : channel tb1, group 0, time 2015-03-21 11:28:33.008784')
('2015-03-21 11:28:34.060540', 'put_channel : channel tb1, group 0, time 2015-03-21 11:28:34.060460')
('2015-03-21 11:28:34.509396', 'put_channel : channel tb1, group 0, time 2015-03-21 11:28:34.509312')
('2015-03-21 11:28:34.541006', 'put_channel : channel tb1, group 0, time 2015-03-21 11:28:34.540939')
('2015-03-21 11:28:35.525023', 'put_channel : channel tb1, group 0, time 2015-03-21 11:28:35.524884')
('2015-03-21 11:28:36.028774', 'put_channel : channel tb1, group 0, time 2015-03-21 11:28:36.028694')
('2015-03-21 11:28:37.070493', 'put_channel : channel tb1, group 0, time 2015-03-21 11:28:37.070403')
('2015-03-21 11:28:40.510955', 'put_channel : channel tb1, group 1, time 2015-03-21 11:28:40.510879')
('2015-03-21 11:28:41.507264', 'put_channel : channel tb1, group 1, time 2015-03-21 11:28:41.507126')
('2015-03-21 11:28:42.012185', 'put_channel : channel tb1, group 1, time 2015-03-21 11:28:42.012106')
('2015-03-21 11:28:46.005353', 'put_channel : channel tb1, group 0, time 2015-03-21 11:28:46.005280')
('2015-03-21 11:28:46.012305', 'put_channel : channel tb1, group 0, time 2015-03-21 11:28:46.012213')
('2015-03-21 11:28:47.504906', 'put_channel : channel tb1, group 0, time 2015-03-21 11:28:47.504816')
('2015-03-21 11:28:47.516731', 'put_channel : channel tb1, group 0, time 2015-03-21 11:28:47.516651')
('2015-03-21 11:28:49.023608', 'put_channel : channel tb1, group 0, time 2015-03-21 11:28:49.023515')
('2015-03-21 11:29:01.007474', 'put_channel : channel tb1, group 1, time 2015-03-21 11:29:01.007390')
('2015-03-21 11:29:01.023460', 'put_channel : channel tb1, group 1, time 2015-03-21 11:29:01.023376')
('2015-03-21 11:29:01.514979', 'put_channel : channel tb1, group 1, time 2015-03-21 11:29:01.514898')
('2015-03-21 11:29:02.507312', 'put_channel : channel tb1, group 1, time 2015-03-21 11:29:02.507200')
('2015-03-21 11:29:07.532479', 'put_channel : channel tb1, group 0, time 2015-03-21 11:29:07.532394')
('2015-03-21 11:29:08.504880', 'put_channel : channel tb1, group 0, time 2015-03-21 11:29:08.504796')
('2015-03-21 11:29:09.008660', 'put_channel : channel tb1, group 0, time 2015-03-21 11:29:09.008561')
('2015-03-21 11:29:10.012732', 'put_channel : channel tb1, group 0, time 2015-03-21 11:29:10.012626')
('2015-03-21 11:29:10.506883', 'put_channel : channel tb1, group 0, time 2015-03-21 11:29:10.506808')
('2015-03-21 11:29:21.167099', 'put_channel : channel tb1, group 1, time 2015-03-21 11:29:21.167007')
('2015-03-21 11:29:22.016586', 'put_channel : channel tb1, group 1, time 2015-03-21 11:29:22.016436')
('2015-03-21 11:29:23.507358', 'put_channel : channel tb1, group 1, time 2015-03-21 11:29:23.507179')
('2015-03-21 11:29:23.518773', 'put_channel : channel tb1, group 1, time 2015-03-21 11:29:23.518725')
('2015-03-21 11:29:23.566765', 'put_channel : channel tb1, group 1, time 2015-03-21 11:29:23.566679')
('2015-03-21 11:29:26.506831', 'put_channel : channel tb1, group 0, time 2015-03-21 11:29:26.506740')
('2015-03-21 11:29:28.510275', 'put_channel : channel tb1, group 1, time 2015-03-21 11:29:28.510200')
('2015-03-21 11:29:28.511214', 'put_channel : channel tb1, group 1, time 2015-03-21 11:29:28.511166')
('2015-03-21 11:29:28.527108', 'put_channel : channel tb1, group 1, time 2015-03-21 11:29:28.527052')
('2015-03-21 11:29:30.127060', 'put_channel : channel tb1, group 0, time 2015-03-21 11:29:30.126922')
('2015-03-21 11:29:31.005238', 'put_channel : channel tb1, group 0, time 2015-03-21 11:29:31.005155')
('2015-03-21 11:29:31.006745', 'put_channel : channel tb1, group 1, time 2015-03-21 11:29:31.006703')
('2015-03-21 11:29:31.084932', 'put_channel : channel tb1, group 0, time 2015-03-21 11:29:31.084850')
('2015-03-21 11:29:32.507539', 'put_channel : channel tb1, group 1, time 2015-03-21 11:29:32.507430')
('2015-03-21 11:29:32.557342', 'put_channel : channel tb1, group 0, time 2015-03-21 11:29:32.557294')
('2015-03-21 11:29:33.007075', 'put_channel : channel tb1, group 0, time 2015-03-21 11:29:33.007000')
('2015-03-21 11:29:36.629837', 'fd_channel : login[0] 0 login[1] 8 , tb0[0] 67 tb0[1] 0 , tb1[0] 41 tb1[1] 39')
('2015-03-21 11:29:36.632734', 'fd_channel : login[0] 0 login[1] 8 , tb0[0] 67 tb0[1] 0 , tb1[0] 41 tb1[1] 38')
('2015-03-21 11:29:36.635261', 'fd_channel : login[0] 0 login[1] 8 , tb0[0] 67 tb0[1] 0 , tb1[0] 41 tb1[1] 37')
('2015-03-21 11:29:36.636441', 'fd_channel : login[0] 0 login[1] 8 , tb0[0] 67 tb0[1] 0 , tb1[0] 41 tb1[1] 36')
('2015-03-21 11:29:36.637448', 'fd_channel : login[0] 0 login[1] 8 , tb0[0] 67 tb0[1] 0 , tb1[0] 41 tb1[1] 35')
('2015-03-21 11:29:36.638554', 'fd_channel : login[0] 0 login[1] 8 , tb0[0] 67 tb0[1] 0 , tb1[0] 41 tb1[1] 34')
('2015-03-21 11:29:36.639406', 'fd_channel : login[0] 0 login[1] 8 , tb0[0] 67 tb0[1] 0 , tb1[0] 41 tb1[1] 33')
('2015-03-21 11:29:36.640458', 'fd_channel : login[0] 0 login[1] 8 , tb0[0] 67 tb0[1] 0 , tb1[0] 41 tb1[1] 32')
('2015-03-21 11:29:44.518554', 'put_channel : channel tb1, group 1, time 2015-03-21 11:29:44.518442')
('2015-03-21 11:29:46.509696', 'put_channel : channel tb1, group 1, time 2015-03-21 11:29:46.509544')
('2015-03-21 11:29:47.518761', 'put_channel : channel tb1, group 1, time 2015-03-21 11:29:47.518671')
('2015-03-21 11:29:47.566560', 'put_channel : channel tb1, group 0, time 2015-03-21 11:29:47.566466')
('2015-03-21 11:29:48.009277', 'put_channel : channel tb1, group 0, time 2015-03-21 11:29:48.009195')
('2015-03-21 11:29:48.009620', 'put_channel : channel tb1, group 1, time 2015-03-21 11:29:48.009580')
('2015-03-21 11:29:49.509665', 'put_channel : channel tb1, group 0, time 2015-03-21 11:29:49.509588')
('2015-03-21 11:29:50.519077', 'put_channel : channel tb1, group 1, time 2015-03-21 11:29:50.518996')
('2015-03-21 11:29:51.008414', 'put_channel : channel tb1, group 0, time 2015-03-21 11:29:51.008315')
('2015-03-21 11:29:51.009195', 'put_channel : channel tb1, group 1, time 2015-03-21 11:29:51.009147')
('2015-03-21 11:29:51.036695', 'put_channel : channel tb1, group 0, time 2015-03-21 11:29:51.036582')
('2015-03-21 11:29:51.039126', 'put_channel : channel tb1, group 1, time 2015-03-21 11:29:51.039085')
('2015-03-21 11:29:51.119367', 'put_channel : channel tb1, group 0, time 2015-03-21 11:29:51.119246')
('2015-03-21 11:29:51.119972', 'put_channel : channel tb1, group 1, time 2015-03-21 11:29:51.119919')
('2015-03-21 11:29:52.508567', 'put_channel : channel tb1, group 0, time 2015-03-21 11:29:52.508492')
('2015-03-21 11:29:56.641346', 'fd_channel : login[0] 0 login[1] 8 , tb0[0] 67 tb0[1] 0 , tb1[0] 48 tb1[1] 39')
('2015-03-21 11:29:56.642974', 'fd_channel : login[0] 0 login[1] 8 , tb0[0] 67 tb0[1] 0 , tb1[0] 48 tb1[1] 38')
('2015-03-21 11:29:56.648113', 'fd_channel : login[0] 0 login[1] 8 , tb0[0] 67 tb0[1] 0 , tb1[0] 48 tb1[1] 37')
('2015-03-21 11:29:56.648969', 'fd_channel : login[0] 0 login[1] 8 , tb0[0] 67 tb0[1] 0 , tb1[0] 48 tb1[1] 36')
('2015-03-21 11:29:56.649897', 'fd_channel : login[0] 0 login[1] 8 , tb0[0] 67 tb0[1] 0 , tb1[0] 48 tb1[1] 35')
('2015-03-21 11:29:56.651650', 'fd_channel : login[0] 0 login[1] 8 , tb0[0] 67 tb0[1] 0 , tb1[0] 48 tb1[1] 34')
('2015-03-21 11:29:56.652893', 'fd_channel : login[0] 0 login[1] 8 , tb0[0] 67 tb0[1] 0 , tb1[0] 48 tb1[1] 33')
('2015-03-21 11:29:56.653901', 'fd_channel : login[0] 0 login[1] 8 , tb0[0] 67 tb0[1] 0 , tb1[0] 48 tb1[1] 32')
('2015-03-21 11:29:56.877315', 'fd_channel : login[0] 0 login[1] 8 , tb0[0] 67 tb0[1] 0 , tb1[0] 44 tb1[1] 31')
('2015-03-21 11:29:56.880348', 'fd_channel : login[0] 0 login[1] 8 , tb0[0] 67 tb0[1] 0 , tb1[0] 41 tb1[1] 30')
('2015-03-21 11:29:56.881857', 'fd_channel : login[0] 0 login[1] 8 , tb0[0] 67 tb0[1] 0 , tb1[0] 38 tb1[1] 30')
('2015-03-21 11:29:56.882624', 'fd_channel : login[0] 0 login[1] 8 , tb0[0] 67 tb0[1] 0 , tb1[0] 38 tb1[1] 29')
('2015-03-21 11:29:56.884024', 'fd_channel : login[0] 0 login[1] 8 , tb0[0] 67 tb0[1] 0 , tb1[0] 37 tb1[1] 29')
('2015-03-21 11:29:56.885373', 'fd_channel : login[0] 0 login[1] 8 , tb0[0] 67 tb0[1] 0 , tb1[0] 36 tb1[1] 29')
('2015-03-21 11:29:58.318041', 'fd_channel : login[0] 0 login[1] 8 , tb0[0] 67 tb0[1] 0 , tb1[0] 35 tb1[1] 29')
('2015-03-21 11:29:58.319126', 'fd_channel : login[0] 0 login[1] 8 , tb0[0] 67 tb0[1] 0 , tb1[0] 35 tb1[1] 28')
('2015-03-21 11:29:58.879962', 'fd_channel : login[0] 0 login[1] 8 , tb0[0] 67 tb0[1] 0 , tb1[0] 34 tb1[1] 28')
('2015-03-21 11:29:58.881090', 'fd_channel : login[0] 0 login[1] 8 , tb0[0] 67 tb0[1] 0 , tb1[0] 34 tb1[1] 27')
('2015-03-21 11:29:58.883238', 'fd_channel : login[0] 0 login[1] 8 , tb0[0] 67 tb0[1] 0 , tb1[0] 33 tb1[1] 27')
('2015-03-21 11:29:58.884231', 'fd_channel : login[0] 0 login[1] 8 , tb0[0] 67 tb0[1] 0 , tb1[0] 33 tb1[1] 26')
('2015-03-21 11:29:58.885355', 'fd_channel : login[0] 0 login[1] 8 , tb0[0] 67 tb0[1] 0 , tb1[0] 32 tb1[1] 26')
('2015-03-21 11:29:58.886620', 'fd_channel : login[0] 0 login[1] 8 , tb0[0] 67 tb0[1] 0 , tb1[0] 32 tb1[1] 25')
('2015-03-21 11:30:00.321017', 'fd_channel : login[0] 0 login[1] 8 , tb0[0] 67 tb0[1] 0 , tb1[0] 31 tb1[1] 25')
('2015-03-21 11:30:00.322391', 'fd_channel : login[0] 0 login[1] 8 , tb0[0] 67 tb0[1] 0 , tb1[0] 31 tb1[1] 24')
('2015-03-21 11:30:01.507750', 'put_channel : channel tb1, group 0, time 2015-03-21 11:30:01.507634')
('2015-03-21 11:30:01.631138', 'worker [2] stopping')
('2015-03-21 11:30:03.652469', 'fd_channel : login[0] 0 login[1] 8 , tb0[0] 67 tb0[1] 0 , tb1[0] 32 tb1[1] 23')
('2015-03-21 11:30:03.653242', 'fd_channel : login[0] 0 login[1] 8 , tb0[0] 67 tb0[1] 0 , tb1[0] 32 tb1[1] 22')
('2015-03-21 11:30:03.655996', 'fd_channel : login[0] 0 login[1] 8 , tb0[0] 67 tb0[1] 0 , tb1[0] 32 tb1[1] 21')
('2015-03-21 11:30:03.656950', 'fd_channel : login[0] 0 login[1] 8 , tb0[0] 67 tb0[1] 0 , tb1[0] 32 tb1[1] 20')
('2015-03-21 11:30:04.511125', 'put_channel : channel tb1, group 1, time 2015-03-21 11:30:04.511008')
('2015-03-21 11:30:05.583293', 'put_channel : channel tb1, group 1, time 2015-03-21 11:30:05.583209')
('2015-03-21 11:30:06.656496', 'fd_channel : login[0] 0 login[1] 8 , tb0[0] 67 tb0[1] 0 , tb1[0] 32 tb1[1] 21')
('2015-03-21 11:30:06.657684', 'fd_channel : login[0] 0 login[1] 8 , tb0[0] 67 tb0[1] 0 , tb1[0] 32 tb1[1] 20')
('2015-03-21 11:30:06.659863', 'fd_channel : login[0] 0 login[1] 8 , tb0[0] 67 tb0[1] 0 , tb1[0] 32 tb1[1] 19')
('2015-03-21 11:30:07.630999', 'put_channel : channel tb1, group 1, time 2015-03-21 11:30:07.630912')
('2015-03-21 11:30:10.654676', 'fd_channel : login[0] 0 login[1] 8 , tb0[0] 67 tb0[1] 0 , tb1[0] 32 tb1[1] 19')
('2015-03-21 11:30:24.143064', 'put_channel : channel tb1, group 1, time 2015-03-21 11:30:24.142976')
('2015-03-21 11:30:25.076954', 'put_channel : channel tb1, group 1, time 2015-03-21 11:30:25.076798')
('2015-03-21 11:30:27.154043', 'put_channel : channel tb1, group 0, time 2015-03-21 11:30:27.153946')
('2015-03-21 11:30:29.588533', 'put_channel : channel tb1, group 1, time 2015-03-21 11:30:29.588438')
('2015-03-21 11:30:55.631252', 'put_channel : channel tb1, group 1, time 2015-03-21 11:30:55.631168')
