('2015-03-21 09:55:36.023882', 'client 52573228 login 钟劲硅 310221196411160870')
('2015-03-21 09:55:36.025293', 'client 52464974 login 邱实 410105198202091618')
('2015-03-21 09:55:37.517015', 'client 52737372 login 张蓓琼 310224197209302824')
('2015-03-21 09:55:37.524176', 'client 52549400 login 徐? 310110198812164412')
('2015-03-21 09:55:39.018592', 'client 52493503 login 周莉君 310108198401261144')
('2015-03-21 09:55:39.028298', 'client 52785954 login 张一航 310108198812052873')
('2015-03-21 09:55:40.516966', 'client 52734013 login 李卿 150203198406154210')
('2015-03-21 09:55:40.531723', 'client 52775549 login 鲁峰 310108197503122802')
('2015-03-21 10:34:11.219633', 'client 52493503 bid 0 image 1AB56758EBCBE65D76585CCC0C7231B1 451616 ')
('2015-03-21 10:34:11.439363', 'client 52493503 bid 0 price 73700 周莉君 310108198401261144')
('2015-03-21 10:34:11.914024', 'client 52549400 bid 0 image 75CC4F3B42ACABE49DCFDCBAD01B9C12 806261 ')
('2015-03-21 10:34:16.999623', 'client 52549400 bid 0 price 73700 徐? 310110198812164412')
('2015-03-21 10:34:19.873203', 'client 52737372 bid 0 image C459ED03231FFCA8616D69A86250A3AC 909261 ')
('2015-03-21 10:34:25.871943', 'client 52775549 bid 0 image D565E0F76D1676C9BBBF5016C89BCF37 928062 ')
('2015-03-21 10:34:25.888810', 'client 52775549 bid 0 price 73700 鲁峰 310108197503122802')
('2015-03-21 10:34:44.617725', 'client 52573228 bid 0 image D1FDB588EC74E3A94A268D862454F5C2 183648 ')
('2015-03-21 10:34:46.636803', 'client 52573228 bid 0 price 73700 钟劲硅 310221196411160870')
('2015-03-21 10:34:47.211718', 'client 52734013 bid 0 image 24D29069C51468CB555027A242352A83 948160 ')
('2015-03-21 10:34:53.882389', 'client 52737372 bid 0 price Failed')
('2015-03-21 10:34:53.882616', 'client 52737372 bid 0 failed. Abort.....')
('2015-03-21 10:35:06.696527', 'client 52464974 bid 0 image EE3B91FD221F199D4EB86EA65C2A230B 290605 ')
('2015-03-21 10:35:07.414213', 'client 52785954 bid 0 image B8CBD15B967C27EE44A422DFB4D60DCD 160538 ')
('2015-03-21 10:35:07.428814', 'client 52785954 bid 0 price 73700 张一航 310108198812052873')
('2015-03-21 10:35:08.721659', 'client 52464974 bid 0 price 73700 邱实 410105198202091618')
('2015-03-21 10:35:21.221096', 'client 52734013 bid 0 price Failed')
('2015-03-21 10:35:21.221333', 'client 52734013 bid 0 failed. Abort.....')
('2015-03-21 10:35:45.907843', 'client 52737372 bid 0 image 82B183628070DAD0A09CD2E66EFEDE80 928651 ')
('2015-03-21 10:36:07.583106', 'client 52734013 bid 0 image 76B07EE65C0252BDEF4DC4BC929B65F8 093936 ')
('2015-03-21 10:36:19.923357', 'client 52737372 bid 0 price Failed')
('2015-03-21 10:36:19.923582', 'client 52737372 bid 0 failed. Abort.....')
('2015-03-21 10:36:41.592808', 'client 52734013 bid 0 price Failed')
('2015-03-21 10:36:41.593037', 'client 52734013 bid 0 failed. Abort.....')
('2015-03-21 10:36:55.910600', 'client 52737372 bid 0 image FF90FDD68FB28AF8CBFCF7C8C3489889 181606 ')
('2015-03-21 10:36:55.927760', 'client 52737372 bid 0 price 73700 张蓓琼 310224197209302824')
('2015-03-21 11:29:36.829961', 'client 52549400 bid 1 image 250CE53980F0C1E4A66B2602EB09E825 505081 ')
('2015-03-21 11:29:36.905593', 'client 52775549 bid 1 image 05CA12FCDAA8ABCFA48043B867F88558 160838 ')
('2015-03-21 11:29:36.977367', 'client 52573228 bid 1 image F79CB919C04CD633CADE8613AD273C83 918384 ')
('2015-03-21 11:29:37.001028', 'client 52785954 bid 1 image 632C04821B6DEA578682BB7AE97C2087 460848 ')
('2015-03-21 11:29:37.054563', 'client 52737372 bid 1 image 5C84420DE21DBC94F277C93C8922778B 929290 ')
('2015-03-21 11:29:37.081680', 'client 52493503 bid 1 image EB847FA61B1A5F798F09B352C3BCD2AE 092536 ')
('2015-03-21 11:29:50.836410', 'client 52734013 bid 1 image 584954267D396B71A4F9940403CB064A 848352 ')
('2015-03-21 11:29:50.859394', 'client 52464974 bid 1 image 1F3D88C851423F8674AD395F8CA2C961 283545 ')
('2015-03-21 11:29:56.740387', 'client 52464974 bid 1 cancel')
('2015-03-21 11:29:56.740508', 'client 52464974 bid 1 price Failed')
('2015-03-21 11:29:56.740561', 'client 52464974 bid 1 failed. Abort.....')
('2015-03-21 11:29:56.740975', 'client 52493503 bid 1 cancel')
('2015-03-21 11:29:56.741023', 'client 52493503 bid 1 price Failed')
('2015-03-21 11:29:56.741057', 'client 52493503 bid 1 failed. Abort.....')
('2015-03-21 11:29:56.741363', 'client 52775549 bid 1 cancel')
('2015-03-21 11:29:56.741418', 'client 52775549 bid 1 price Failed')
('2015-03-21 11:29:56.741453', 'client 52775549 bid 1 failed. Abort.....')
('2015-03-21 11:29:56.741751', 'client 52573228 bid 1 cancel')
('2015-03-21 11:29:56.741799', 'client 52573228 bid 1 price Failed')
('2015-03-21 11:29:56.741832', 'client 52573228 bid 1 failed. Abort.....')
('2015-03-21 11:29:56.742214', 'client 52549400 bid 1 cancel')
('2015-03-21 11:29:56.742262', 'client 52549400 bid 1 price Failed')
('2015-03-21 11:29:56.742296', 'client 52549400 bid 1 failed. Abort.....')
('2015-03-21 11:29:56.742626', 'client 52737372 bid 1 cancel')
('2015-03-21 11:29:56.742690', 'client 52737372 bid 1 price Failed')
('2015-03-21 11:29:56.742729', 'client 52737372 bid 1 failed. Abort.....')
('2015-03-21 11:29:56.743058', 'client 52734013 bid 1 cancel')
('2015-03-21 11:29:56.743109', 'client 52734013 bid 1 price Failed')
('2015-03-21 11:29:56.743144', 'client 52734013 bid 1 failed. Abort.....')
('2015-03-21 11:29:56.747453', 'client 52785954 bid 1 cancel')
('2015-03-21 11:29:56.747521', 'client 52785954 bid 1 price Failed')
('2015-03-21 11:29:56.747559', 'client 52785954 bid 1 failed. Abort.....')
('2015-03-21 11:29:56.894662', 'client 52464974 bid 2 image 929E3484741EA5E6872FAA149DA99468 153808 ')
('2015-03-21 11:29:56.929355', 'client 52775549 bid 2 image 0DFD1A55BEBBE6F2DFA9B955420D7442 062806 ')
('2015-03-21 11:29:58.293985', 'client 52573228 bid 2 image E2FE1B90EED393E6591329CA3E67D158 845253 ')
('2015-03-21 11:29:58.315637', 'client 52549400 bid 2 image 7D9F1C9B47CF2F9C3CC8872AAC7D79EE 380929 ')
('2015-03-21 11:29:58.348733', 'client 52734013 bid 2 image 215E0408F1AEF7D810FF7820C4F8A248 262906 ')
('2015-03-21 11:29:58.364682', 'client 52785954 bid 2 image 278C6F378389ACEB67B276402494F3F9 493928 ')
('2015-03-21 11:30:07.444401', 'client 52493503 bid 2 image Failed')
('2015-03-21 11:30:07.444451', 'client 52493503 bid 2 failed. Abort.....')
('2015-03-21 11:30:10.958205', 'client 52775549 bid 2 price Failed')
('2015-03-21 11:30:10.958364', 'client 52775549 bid 2 failed. Abort.....')
('2015-03-21 11:30:10.961336', 'client 52464974 bid 2 price Failed')
('2015-03-21 11:30:10.961420', 'client 52464974 bid 2 failed. Abort.....')
('2015-03-21 11:30:12.300456', 'client 52573228 bid 2 price Failed')
('2015-03-21 11:30:12.300595', 'client 52573228 bid 2 failed. Abort.....')
('2015-03-21 11:30:12.322921', 'client 52549400 bid 2 price Failed')
('2015-03-21 11:30:12.323047', 'client 52549400 bid 2 failed. Abort.....')
('2015-03-21 11:30:12.355941', 'client 52734013 bid 2 price Failed')
('2015-03-21 11:30:12.356149', 'client 52734013 bid 2 failed. Abort.....')
('2015-03-21 11:30:12.371517', 'client 52785954 bid 2 price Failed')
('2015-03-21 11:30:12.371632', 'client 52785954 bid 2 failed. Abort.....')
('2015-03-21 11:30:17.454697', "client 52493503 bids finished. price : ['73700', None, None] . Quit.....")
('2015-03-21 11:30:17.757730', 'client 52737372 bid 2 image Failed')
('2015-03-21 11:30:17.757772', 'client 52737372 bid 2 failed. Abort.....')
('2015-03-21 11:30:20.968564', "client 52775549 bids finished. price : ['73700', None, None] . Quit.....")
('2015-03-21 11:30:20.969074', "client 52464974 bids finished. price : ['73700', None, None] . Quit.....")
('2015-03-21 11:30:22.309283', "client 52573228 bids finished. price : ['73700', None, None] . Quit.....")
('2015-03-21 11:30:22.333231', "client 52549400 bids finished. price : ['73700', None, None] . Quit.....")
('2015-03-21 11:30:22.366328', 'client 52734013 bids finished. price : [None, None, None] . Quit.....')
('2015-03-21 11:30:22.381750', "client 52785954 bids finished. price : ['73700', None, None] . Quit.....")
('2015-03-21 11:30:27.767976', "client 52737372 bids finished. price : ['73700', None, None] . Quit.....")
