('2015-03-21 10:34:26.218208', '\r\n\r\n\r\n\r\n\r\n\r\n\r\n\r\n\r\n\r\n<XML><ERRORCODE>311</ERRORCODE><ERRORSTRING>图像校验码错误！</ERRORSTRING><ERRORSTRING_EN>Image checksum error！</ERRORSTRING_EN></XML>')
('2015-03-21 10:34:26.218330', "client 52737372 bid 0 fd_price ack error {'errcode': '311', 'errstring': '图像校验码错误！'}")
('2015-03-21 10:34:31.788582', 'client 52464974 bid 0 fd_image Timeout')
('2015-03-21 10:34:31.793983', 'client 52734013 bid 0 fd_image Timeout')
('2015-03-21 10:34:31.794783', 'client 52785954 bid 0 fd_image Timeout')
('2015-03-21 10:34:31.795808', 'client 52573228 bid 0 fd_image Timeout')
('2015-03-21 10:34:37.879808', '\r\n\r\n\r\n\r\n\r\n\r\n\r\n\r\n\r\n\r\n<XML><ERRORCODE>311</ERRORCODE><ERRORSTRING>图像校验码错误！</ERRORSTRING><ERRORSTRING_EN>Image checksum error！</ERRORSTRING_EN></XML>')
('2015-03-21 10:34:37.879865', "client 52549400 bid 0 fd_price ack error {'errcode': '311', 'errstring': '图像校验码错误！'}")
('2015-03-21 10:34:38.760858', '\r\n\r\n\r\n\r\n\r\n\r\n\r\n\r\n\r\n\r\n<XML><ERRORCODE>311</ERRORCODE><ERRORSTRING>图像校验码错误！</ERRORSTRING><ERRORSTRING_EN>Image checksum error！</ERRORSTRING_EN></XML>')
('2015-03-21 10:34:38.760972', "client 52775549 bid 0 fd_price ack error {'errcode': '311', 'errstring': '图像校验码错误！'}")
('2015-03-21 10:34:45.848877', '\r\n\r\n\r\n\r\n\r\n\r\n\r\n\r\n\r\n\r\n<XML><ERRORCODE>311</ERRORCODE><ERRORSTRING>图像校验码错误！</ERRORSTRING><ERRORSTRING_EN>Image checksum error！</ERRORSTRING_EN></XML>')
('2015-03-21 10:34:45.848985', "client 52737372 bid 0 fd_price ack error {'errcode': '311', 'errstring': '图像校验码错误！'}")
('2015-03-21 10:34:54.145784', 'client 52785954 bid 0 fd_image info channel error')
('2015-03-21 10:34:54.148145', 'client 52573228 bid 0 fd_image info channel error')
('2015-03-21 10:34:54.148325', 'client 52464974 bid 0 fd_image info channel error')
('2015-03-21 10:35:09.318149', '\r\n\r\n\r\n\r\n\r\n\r\n\r\n\r\n\r\n\r\n<XML><ERRORCODE>311</ERRORCODE><ERRORSTRING>图像校验码错误！</ERRORSTRING><ERRORSTRING_EN>Image checksum error！</ERRORSTRING_EN></XML>')
('2015-03-21 10:35:09.318262', "client 52464974 bid 0 fd_price ack error {'errcode': '311', 'errstring': '图像校验码错误！'}")
('2015-03-21 10:35:10.484138', '\r\n\r\n\r\n\r\n\r\n\r\n\r\n\r\n\r\n\r\n<XML><ERRORCODE>311</ERRORCODE><ERRORSTRING>图像校验码错误！</ERRORSTRING><ERRORSTRING_EN>Image checksum error！</ERRORSTRING_EN></XML>')
('2015-03-21 10:35:10.484198', "client 52785954 bid 0 fd_price ack error {'errcode': '311', 'errstring': '图像校验码错误！'}")
('2015-03-21 10:35:23.885850', 'client 52737372 bid 0 fd_image Timeout')
('2015-03-21 10:35:48.131623', '\r\n\r\n\r\n\r\n\r\n\r\n\r\n\r\n\r\n\r\n<XML><ERRORCODE>311</ERRORCODE><ERRORSTRING>图像校验码错误！</ERRORSTRING><ERRORSTRING_EN>Image checksum error！</ERRORSTRING_EN></XML>')
('2015-03-21 10:35:48.131738', "client 52737372 bid 0 fd_price ack error {'errcode': '311', 'errstring': '图像校验码错误！'}")
('2015-03-21 10:35:51.224484', 'client 52734013 bid 0 fd_image Timeout')
('2015-03-21 10:35:55.956177', 'client 52493503 bid 0 fd_price info channel error')
('2015-03-21 10:36:22.479358', '\r\n\r\n\r\n\r\n\r\n\r\n\r\n\r\n\r\n\r\n<XML><ERRORCODE>112</ERRORCODE><ERRORSTRING>首次出价时段不能进行修改出价！</ERRORSTRING><ERRORSTRING_EN>Can not modify the bid amount in bid time!</ERRORSTRING_EN></XML>\r\n')
('2015-03-21 10:36:22.479471', "client 52734013 bid 0 fd_price ack error {'errcode': '112', 'errstring': '首次出价时段不能进行修改出价！'}")
('2015-03-21 10:36:24.231014', 'client 52734013 bid 0 fd_price info channel error')
('2015-03-21 10:36:33.560141', '\r\n\r\n\r\n\r\n\r\n\r\n\r\n\r\n\r\n\r\n<XML><ERRORCODE>311</ERRORCODE><ERRORSTRING>图像校验码错误！</ERRORSTRING><ERRORSTRING_EN>Image checksum error！</ERRORSTRING_EN></XML>')
('2015-03-21 10:36:33.560215', "client 52734013 bid 0 fd_price ack error {'errcode': '311', 'errstring': '图像校验码错误！'}")
('2015-03-21 10:36:33.972285', 'client 52734013 bid 0 fd_price info channel error')
('2015-03-21 10:36:39.481969', 'client 52549400 bid 0 fd_price info channel error')
('2015-03-21 10:36:49.927380', 'client 52737372 bid 0 fd_image Timeout')
('2015-03-21 10:36:59.767878', '\r\n\r\n\r\n\r\n\r\n\r\n\r\n\r\n\r\n\r\n<XML><ERRORCODE>311</ERRORCODE><ERRORSTRING>图像校验码错误！</ERRORSTRING><ERRORSTRING_EN>Image checksum error！</ERRORSTRING_EN></XML>')
('2015-03-21 10:36:59.767934', "client 52734013 bid 0 fd_price ack error {'errcode': '311', 'errstring': '图像校验码错误！'}")
('2015-03-21 10:37:00.250692', 'client 52573228 bid 0 fd_price info channel error')
('2015-03-21 10:37:01.255719', 'client 52734013 bid 0 fd_price info channel error')
('2015-03-21 10:37:30.547753', 'client 52737372 bid 0 fd_price info channel error')
('2015-03-21 10:37:30.660025', '\r\n\r\n\r\n\r\n\r\n\r\n\r\n\r\n\r\n\r\n<XML><ERRORCODE>311</ERRORCODE><ERRORSTRING>图像校验码错误！</ERRORSTRING><ERRORSTRING_EN>Image checksum error！</ERRORSTRING_EN></XML>')
('2015-03-21 10:37:30.660075', "client 52737372 bid 0 fd_price ack error {'errcode': '311', 'errstring': '图像校验码错误！'}")
('2015-03-21 10:37:31.060808', 'client 52734013 bid 0 fd_image info channel error')
('2015-03-21 10:37:31.706221', '\r\n\r\n\r\n\r\n\r\n\r\n\r\n\r\n\r\n\r\n<XML><ERRORCODE>311</ERRORCODE><ERRORSTRING>图像校验码错误！</ERRORSTRING><ERRORSTRING_EN>Image checksum error！</ERRORSTRING_EN></XML>')
('2015-03-21 10:37:31.706356', "client 52549400 bid 0 fd_price ack error {'errcode': '311', 'errstring': '图像校验码错误！'}")
('2015-03-21 10:37:48.088824', '\r\n\r\n\r\n\r\n\r\n\r\n\r\n\r\n\r\n\r\n<XML><ERRORCODE>311</ERRORCODE><ERRORSTRING>图像校验码错误！</ERRORSTRING><ERRORSTRING_EN>Image checksum error！</ERRORSTRING_EN></XML>')
('2015-03-21 10:37:48.088938', "client 52737372 bid 0 fd_price ack error {'errcode': '311', 'errstring': '图像校验码错误！'}")
('2015-03-21 10:37:52.505771', '\r\n\r\n\r\n\r\n\r\n\r\n\r\n\r\n\r\n\r\n<XML><ERRORCODE>311</ERRORCODE><ERRORSTRING>图像校验码错误！</ERRORSTRING><ERRORSTRING_EN>Image checksum error！</ERRORSTRING_EN></XML>')
('2015-03-21 10:37:52.505904', "client 52573228 bid 0 fd_price ack error {'errcode': '311', 'errstring': '图像校验码错误！'}")
('2015-03-21 10:37:53.463956', '\r\n\r\n\r\n\r\n\r\n\r\n\r\n\r\n\r\n\r\n<XML><ERRORCODE>311</ERRORCODE><ERRORSTRING>图像校验码错误！</ERRORSTRING><ERRORSTRING_EN>Image checksum error！</ERRORSTRING_EN></XML>')
('2015-03-21 10:37:53.464012', "client 52734013 bid 0 fd_price ack error {'errcode': '311', 'errstring': '图像校验码错误！'}")
('2015-03-21 10:38:08.823884', '\r\n\r\n\r\n\r\n\r\n\r\n\r\n\r\n\r\n\r\n<XML><ERRORCODE>311</ERRORCODE><ERRORSTRING>图像校验码错误！</ERRORSTRING><ERRORSTRING_EN>Image checksum error！</ERRORSTRING_EN></XML>')
('2015-03-21 10:38:08.823961', "client 52734013 bid 0 fd_price ack error {'errcode': '311', 'errstring': '图像校验码错误！'}")
('2015-03-21 10:38:14.069445', 'client 52573228 bid 0 fd_price info channel error')
('2015-03-21 10:38:14.069711', 'client 52573228 bid 0 fd_price info channel error')
('2015-03-21 10:38:14.187933', '\r\n\r\n\r\n\r\n\r\n\r\n\r\n\r\n\r\n\r\n<XML><ERRORCODE>311</ERRORCODE><ERRORSTRING>图像校验码错误！</ERRORSTRING><ERRORSTRING_EN>Image checksum error！</ERRORSTRING_EN></XML>')
('2015-03-21 10:38:14.187988', "client 52573228 bid 0 fd_price ack error {'errcode': '311', 'errstring': '图像校验码错误！'}")
('2015-03-21 10:38:14.198326', '\r\n\r\n\r\n\r\n\r\n\r\n\r\n\r\n\r\n\r\n<XML><ERRORCODE>311</ERRORCODE><ERRORSTRING>图像校验码错误！</ERRORSTRING><ERRORSTRING_EN>Image checksum error！</ERRORSTRING_EN></XML>')
('2015-03-21 10:38:14.198376', "client 52573228 bid 0 fd_price ack error {'errcode': '311', 'errstring': '图像校验码错误！'}")
('2015-03-21 10:38:16.628533', 'client 52734013 bid 0 fd_price info channel error')
('2015-03-21 10:38:16.736924', '\r\n\r\n\r\n\r\n\r\n\r\n\r\n\r\n\r\n\r\n<XML><ERRORCODE>311</ERRORCODE><ERRORSTRING>图像校验码错误！</ERRORSTRING><ERRORSTRING_EN>Image checksum error！</ERRORSTRING_EN></XML>')
('2015-03-21 10:38:16.737057', "client 52734013 bid 0 fd_price ack error {'errcode': '311', 'errstring': '图像校验码错误！'}")
('2015-03-21 10:38:23.284355', 'client 52737372 bid 0 fd_image info channel error')
('2015-03-21 10:38:36.083770', 'client 52464974 bid 0 fd_price info channel error')
('2015-03-21 10:38:36.195125', '\r\n\r\n\r\n\r\n\r\n\r\n\r\n\r\n\r\n\r\n<XML><ERRORCODE>311</ERRORCODE><ERRORSTRING>图像校验码错误！</ERRORSTRING><ERRORSTRING_EN>Image checksum error！</ERRORSTRING_EN></XML>')
('2015-03-21 10:38:36.195180', "client 52464974 bid 0 fd_price ack error {'errcode': '311', 'errstring': '图像校验码错误！'}")
('2015-03-21 10:38:50.676085', 'client 52734013 bid 0 fd_image info channel error')
('2015-03-21 10:39:25.492442', 'client 52493503 bid 0 fd_price info channel error')
('2015-03-21 10:39:25.610013', '\r\n\r\n\r\n\r\n\r\n\r\n\r\n\r\n\r\n\r\n<XML><ERRORCODE>311</ERRORCODE><ERRORSTRING>图像校验码错误！</ERRORSTRING><ERRORSTRING_EN>Image checksum error！</ERRORSTRING_EN></XML>')
('2015-03-21 10:39:25.610199', "client 52493503 bid 0 fd_price ack error {'errcode': '311', 'errstring': '图像校验码错误！'}")
('2015-03-21 10:39:39.060608', 'client 52734013 bid 0 fd_price info channel error')
('2015-03-21 10:39:40.364064', 'client 52734013 bid 0 fd_price get channel Failed')
('2015-03-21 10:39:49.299841', 'client 52737372 bid 0 fd_image info channel error')
('2015-03-21 11:29:43.684396', 'client 52464974 bid 1 fd_image Timeout')
('2015-03-21 11:29:43.685003', 'client 52734013 bid 1 fd_image Timeout')
('2015-03-21 11:29:50.686406', 'client 52464974 bid 1 fd_image Timeout')
('2015-03-21 11:29:50.688219', 'client 52734013 bid 1 fd_image Timeout')
('2015-03-21 11:30:03.751297', 'client 52493503 bid 2 fd_image Timeout')
('2015-03-21 11:30:03.752166', 'client 52737372 bid 2 fd_image Timeout')
('2015-03-21 11:30:06.825677', '\r\n\r\n\r\n\r\n\r\n\r\n\r\n\r\n\r\n\r\n\r\n<XML><ERRORCODE>110</ERRORCODE><ERRORSTRING>没有正在举行的拍卖会，请注意拍卖公告！</ERRORSTRING><ERRORSTRING_EN>Auction is not begin!</ERRORSTRING_EN></XML>')
('2015-03-21 11:30:06.825758', "client 52493503 bid 2 fd_image ack error {'head': 'Connection: close\\nDate: Sat, 21 Mar 2015 03:30:06 GMT\\nServer: Microsoft-IIS/6.0\\nSet-Cookie: JSESSIONID=E6FA860C02695BAFA3B81A2737B23CCE; Path=/car\\nContent-Type: text/html;charset=GBK\\nContent-Length: 178\\n\\n', 'status': 200, 'body': '\\r\\n\\r\\n\\r\\n\\r\\n\\r\\n\\r\\n\\r\\n\\r\\n\\r\\n\\r\\n\\r\\n<XML><ERRORCODE>110</ERRORCODE><ERRORSTRING>没有正在举行的拍卖会，请注意拍卖公告！</ERRORSTRING><ERRORSTRING_EN>Auction is not begin!</ERRORSTRING_EN></XML>'}")
('2015-03-21 11:30:07.444065', '\r\n\r\n\r\n\r\n\r\n\r\n\r\n\r\n\r\n\r\n\r\n<XML><ERRORCODE>110</ERRORCODE><ERRORSTRING>没有正在举行的拍卖会，请注意拍卖公告！</ERRORSTRING><ERRORSTRING_EN>Auction is not begin!</ERRORSTRING_EN></XML>')
('2015-03-21 11:30:07.444127', "client 52493503 bid 2 fd_image ack error {'head': 'Connection: close\\nDate: Sat, 21 Mar 2015 03:30:07 GMT\\nServer: Microsoft-IIS/6.0\\nSet-Cookie: JSESSIONID=F0E07A85A5211080B1952067FBC7EC5C; Path=/car\\nContent-Type: text/html;charset=GBK\\nContent-Length: 178\\n\\n', 'status': 200, 'body': '\\r\\n\\r\\n\\r\\n\\r\\n\\r\\n\\r\\n\\r\\n\\r\\n\\r\\n\\r\\n\\r\\n<XML><ERRORCODE>110</ERRORCODE><ERRORSTRING>没有正在举行的拍卖会，请注意拍卖公告！</ERRORSTRING><ERRORSTRING_EN>Auction is not begin!</ERRORSTRING_EN></XML>'}")
('2015-03-21 11:30:10.755781', 'client 52737372 bid 2 fd_image Timeout')
('2015-03-21 11:30:13.180611', '\r\n\r\n\r\n\r\n\r\n\r\n\r\n\r\n\r\n\r\n<XML><ERRORCODE>110</ERRORCODE><ERRORSTRING>没有正在举行的拍卖会，请注意拍卖公告！</ERRORSTRING><ERRORSTRING_EN>Auction is not begin!</ERRORSTRING_EN></XML>\r\n')
('2015-03-21 11:30:13.180667', "client 52573228 bid 2 fd_price ack error {'errcode': '110', 'errstring': '没有正在举行的拍卖会，请注意拍卖公告！'}")
('2015-03-21 11:30:17.757584', 'client 52737372 bid 2 fd_image Timeout')
('2015-03-21 11:30:50.491378', '\r\n\r\n\r\n\r\n\r\n\r\n\r\n\r\n\r\n\r\n<XML><ERRORCODE>110</ERRORCODE><ERRORSTRING>没有正在举行的拍卖会，请注意拍卖公告！</ERRORSTRING><ERRORSTRING_EN>Auction is not begin!</ERRORSTRING_EN></XML>\r\n')
('2015-03-21 11:30:50.491434', "client 52734013 bid 2 fd_price ack error {'errcode': '110', 'errstring': '没有正在举行的拍卖会，请注意拍卖公告！'}")
