('2015-01-17 09:36:35.489376', 'worker [1] started')
('2015-01-17 09:36:35.489456', 'client 9 initted')
('2015-01-17 09:36:36.009942', 'put_channel : channel login, group 0, time 2015-01-17 09:36:36.009808')
('2015-01-17 09:36:36.010711', 'put_channel : channel login, group 1, time 2015-01-17 09:36:36.010620')
('2015-01-17 09:36:36.018833', 'fd_channel : login[0] 1 login[1] 0 , tb0[0] 0 tb0[1] 0 , tb1[0] 0 tb1[1] 0')
('2015-01-17 09:36:36.085980', 'fd_channel : login[0] 0 login[1] 0 , tb0[0] 0 tb0[1] 0 , tb1[0] 0 tb1[1] 0')
('2015-01-17 09:36:37.511912', 'put_channel : channel login, group 1, time 2015-01-17 09:36:37.511775')
('2015-01-17 09:36:37.512294', 'put_channel : channel login, group 0, time 2015-01-17 09:36:37.512201')
('2015-01-17 09:36:37.513250', 'fd_channel : login[0] 1 login[1] 0 , tb0[0] 0 tb0[1] 0 , tb1[0] 0 tb1[1] 0')
('2015-01-17 09:36:37.588864', 'fd_channel : login[0] 0 login[1] 0 , tb0[0] 0 tb0[1] 0 , tb1[0] 0 tb1[1] 0')
('2015-01-17 09:36:39.009399', 'put_channel : channel login, group 0, time 2015-01-17 09:36:39.009262')
('2015-01-17 09:36:39.010826', 'put_channel : channel login, group 1, time 2015-01-17 09:36:39.010734')
('2015-01-17 09:36:39.011654', 'fd_channel : login[0] 1 login[1] 0 , tb0[0] 0 tb0[1] 0 , tb1[0] 0 tb1[1] 0')
('2015-01-17 09:36:39.091679', 'fd_channel : login[0] 0 login[1] 0 , tb0[0] 0 tb0[1] 0 , tb1[0] 0 tb1[1] 0')
('2015-01-17 09:36:40.511400', 'put_channel : channel login, group 0, time 2015-01-17 09:36:40.511262')
('2015-01-17 09:36:40.511988', 'put_channel : channel login, group 1, time 2015-01-17 09:36:40.511899')
('2015-01-17 09:36:40.512528', 'fd_channel : login[0] 1 login[1] 0 , tb0[0] 0 tb0[1] 0 , tb1[0] 0 tb1[1] 0')
('2015-01-17 09:36:40.594325', 'fd_channel : login[0] 0 login[1] 0 , tb0[0] 0 tb0[1] 0 , tb1[0] 0 tb1[1] 0')
('2015-01-17 09:36:42.008478', 'put_channel : channel login, group 0, time 2015-01-17 09:36:42.008343')
('2015-01-17 09:36:42.009816', 'put_channel : channel login, group 1, time 2015-01-17 09:36:42.009724')
('2015-01-17 09:36:42.010634', 'fd_channel : login[0] 1 login[1] 0 , tb0[0] 0 tb0[1] 0 , tb1[0] 0 tb1[1] 0')
('2015-01-17 10:32:33.011567', 'put_channel : channel tb0, group 1, time 2015-01-17 10:32:33.011334')
('2015-01-17 10:32:34.510352', 'put_channel : channel tb0, group 1, time 2015-01-17 10:32:34.510217')
('2015-01-17 10:32:36.008960', 'put_channel : channel tb0, group 1, time 2015-01-17 10:32:36.008860')
('2015-01-17 10:32:37.508912', 'put_channel : channel tb0, group 0, time 2015-01-17 10:32:37.508776')
('2015-01-17 10:32:37.513205', 'put_channel : channel tb0, group 0, time 2015-01-17 10:32:37.513112')
('2015-01-17 10:32:38.509193', 'put_channel : channel tb0, group 1, time 2015-01-17 10:32:38.509049')
('2015-01-17 10:32:39.010135', 'put_channel : channel tb0, group 1, time 2015-01-17 10:32:39.009998')
('2015-01-17 10:32:39.049532', 'put_channel : channel tb0, group 0, time 2015-01-17 10:32:39.049437')
('2015-01-17 10:32:40.055271', 'put_channel : channel tb0, group 0, time 2015-01-17 10:32:40.055135')
('2015-01-17 10:32:40.511664', 'put_channel : channel tb0, group 1, time 2015-01-17 10:32:40.511528')
('2015-01-17 10:32:40.512351', 'put_channel : channel tb0, group 0, time 2015-01-17 10:32:40.512260')
('2015-01-17 10:32:42.010965', 'put_channel : channel tb0, group 1, time 2015-01-17 10:32:42.010826')
('2015-01-17 10:32:43.508916', 'put_channel : channel tb0, group 0, time 2015-01-17 10:32:43.508779')
('2015-01-17 10:32:43.510555', 'put_channel : channel tb0, group 1, time 2015-01-17 10:32:43.510462')
('2015-01-17 10:32:45.010272', 'put_channel : channel tb0, group 1, time 2015-01-17 10:32:45.010121')
('2015-01-17 10:32:45.046482', 'put_channel : channel tb0, group 0, time 2015-01-17 10:32:45.046388')
('2015-01-17 10:32:46.507770', 'put_channel : channel tb0, group 0, time 2015-01-17 10:32:46.507668')
('2015-01-17 10:32:46.508263', 'put_channel : channel tb0, group 1, time 2015-01-17 10:32:46.508216')
('2015-01-17 10:32:48.010859', 'put_channel : channel tb0, group 1, time 2015-01-17 10:32:48.010723')
('2015-01-17 10:32:48.047370', 'put_channel : channel tb0, group 0, time 2015-01-17 10:32:48.047280')
('2015-01-17 10:32:49.510251', 'put_channel : channel tb0, group 0, time 2015-01-17 10:32:49.510115')
('2015-01-17 10:32:49.510973', 'put_channel : channel tb0, group 1, time 2015-01-17 10:32:49.510891')
('2015-01-17 10:32:50.095454', 'put_channel : channel tb0, group 0, time 2015-01-17 10:32:50.095309')
('2015-01-17 10:32:51.011789', 'put_channel : channel tb0, group 1, time 2015-01-17 10:32:51.011651')
('2015-01-17 10:32:52.511095', 'put_channel : channel tb0, group 0, time 2015-01-17 10:32:52.510910')
('2015-01-17 10:32:52.512302', 'put_channel : channel tb0, group 1, time 2015-01-17 10:32:52.512208')
('2015-01-17 10:32:54.012495', 'put_channel : channel tb0, group 1, time 2015-01-17 10:32:54.012356')
('2015-01-17 10:32:54.047810', 'put_channel : channel tb0, group 0, time 2015-01-17 10:32:54.047709')
('2015-01-17 10:32:54.070907', 'put_channel : channel tb0, group 0, time 2015-01-17 10:32:54.070820')
('2015-01-17 10:32:55.511922', 'put_channel : channel tb0, group 1, time 2015-01-17 10:32:55.511786')
('2015-01-17 10:32:55.512584', 'put_channel : channel tb0, group 0, time 2015-01-17 10:32:55.512503')
('2015-01-17 10:32:57.010778', 'put_channel : channel tb0, group 1, time 2015-01-17 10:32:57.010642')
('2015-01-17 10:32:58.509951', 'put_channel : channel tb0, group 0, time 2015-01-17 10:32:58.509812')
('2015-01-17 10:32:58.510639', 'put_channel : channel tb0, group 1, time 2015-01-17 10:32:58.510557')
('2015-01-17 10:33:00.012358', 'put_channel : channel tb0, group 1, time 2015-01-17 10:33:00.012232')
('2015-01-17 10:33:00.074871', 'put_channel : channel tb0, group 0, time 2015-01-17 10:33:00.074759')
('2015-01-17 10:33:01.510601', 'put_channel : channel tb0, group 1, time 2015-01-17 10:33:01.510465')
('2015-01-17 10:33:03.010767', 'put_channel : channel tb0, group 1, time 2015-01-17 10:33:03.010631')
('2015-01-17 10:33:04.512644', 'put_channel : channel tb0, group 1, time 2015-01-17 10:33:04.512505')
('2015-01-17 10:33:06.012363', 'put_channel : channel tb0, group 1, time 2015-01-17 10:33:06.012224')
('2015-01-17 10:33:07.510877', 'put_channel : channel tb0, group 1, time 2015-01-17 10:33:07.510740')
('2015-01-17 10:33:09.010777', 'put_channel : channel tb0, group 1, time 2015-01-17 10:33:09.010641')
('2015-01-17 10:33:10.510461', 'put_channel : channel tb0, group 1, time 2015-01-17 10:33:10.510324')
('2015-01-17 10:33:12.010199', 'put_channel : channel tb0, group 1, time 2015-01-17 10:33:12.010065')
('2015-01-17 10:33:13.510214', 'put_channel : channel tb0, group 1, time 2015-01-17 10:33:13.510064')
('2015-01-17 10:33:15.012497', 'put_channel : channel tb0, group 1, time 2015-01-17 10:33:15.012361')
('2015-01-17 10:33:16.510593', 'put_channel : channel tb0, group 1, time 2015-01-17 10:33:16.510458')
('2015-01-17 10:33:48.033432', 'put_channel : channel tb0, group 1, time 2015-01-17 10:33:48.033279')
('2015-01-17 10:33:49.011357', 'put_channel : channel tb0, group 1, time 2015-01-17 10:33:49.011214')
('2015-01-17 10:33:49.025219', 'put_channel : channel tb0, group 1, time 2015-01-17 10:33:49.025108')
('2015-01-17 10:33:49.072974', 'put_channel : channel tb0, group 1, time 2015-01-17 10:33:49.072885')
('2015-01-17 10:33:49.512358', 'put_channel : channel tb0, group 1, time 2015-01-17 10:33:49.512222')
('2015-01-17 10:33:49.513711', 'put_channel : channel tb0, group 1, time 2015-01-17 10:33:49.513626')
('2015-01-17 10:33:49.538584', 'put_channel : channel tb0, group 1, time 2015-01-17 10:33:49.538497')
('2015-01-17 10:33:50.523048', 'put_channel : channel tb0, group 1, time 2015-01-17 10:33:50.522863')
('2015-01-17 10:33:50.578717', 'put_channel : channel tb0, group 1, time 2015-01-17 10:33:50.578630')
('2015-01-17 10:33:51.010458', 'put_channel : channel tb0, group 1, time 2015-01-17 10:33:51.010310')
('2015-01-17 10:33:51.040963', 'put_channel : channel tb0, group 1, time 2015-01-17 10:33:51.040870')
('2015-01-17 10:33:52.017545', 'put_channel : channel tb0, group 1, time 2015-01-17 10:33:52.017401')
('2015-01-17 10:33:52.082915', 'put_channel : channel tb0, group 1, time 2015-01-17 10:33:52.082820')
('2015-01-17 10:33:52.511041', 'put_channel : channel tb0, group 1, time 2015-01-17 10:33:52.510862')
('2015-01-17 10:33:52.529084', 'put_channel : channel tb0, group 1, time 2015-01-17 10:33:52.528996')
('2015-01-17 10:33:53.553576', 'put_channel : channel tb0, group 1, time 2015-01-17 10:33:53.553428')
('2015-01-17 10:33:54.010853', 'put_channel : channel tb0, group 1, time 2015-01-17 10:33:54.010617')
('2015-01-17 10:33:54.034914', 'put_channel : channel tb0, group 1, time 2015-01-17 10:33:54.034825')
('2015-01-17 10:33:55.090978', 'put_channel : channel tb0, group 1, time 2015-01-17 10:33:55.090834')
('2015-01-17 10:33:55.510838', 'put_channel : channel tb0, group 1, time 2015-01-17 10:33:55.510701')
('2015-01-17 10:33:55.538693', 'put_channel : channel tb0, group 1, time 2015-01-17 10:33:55.538601')
('2015-01-17 10:33:56.561642', 'put_channel : channel tb0, group 1, time 2015-01-17 10:33:56.561484')
('2015-01-17 10:33:57.010931', 'put_channel : channel tb0, group 1, time 2015-01-17 10:33:57.010775')
('2015-01-17 10:33:58.065511', 'put_channel : channel tb0, group 1, time 2015-01-17 10:33:58.065366')
('2015-01-17 10:34:02.423990', 'fd_channel : login[0] 1 login[1] 0 , tb0[0] 17 tb0[1] 53 , tb1[0] 0 tb1[1] 0')
('2015-01-17 10:34:02.426068', 'fd_channel : login[0] 1 login[1] 0 , tb0[0] 17 tb0[1] 52 , tb1[0] 0 tb1[1] 0')
('2015-01-17 10:34:02.428559', 'fd_channel : login[0] 1 login[1] 0 , tb0[0] 17 tb0[1] 51 , tb1[0] 0 tb1[1] 0')
('2015-01-17 10:34:02.430585', 'fd_channel : login[0] 1 login[1] 0 , tb0[0] 17 tb0[1] 50 , tb1[0] 0 tb1[1] 0')
('2015-01-17 10:34:02.433491', 'fd_channel : login[0] 1 login[1] 0 , tb0[0] 17 tb0[1] 49 , tb1[0] 0 tb1[1] 0')
('2015-01-17 10:34:02.436007', 'fd_channel : login[0] 1 login[1] 0 , tb0[0] 17 tb0[1] 48 , tb1[0] 0 tb1[1] 0')
('2015-01-17 10:34:02.438082', 'fd_channel : login[0] 1 login[1] 0 , tb0[0] 17 tb0[1] 47 , tb1[0] 0 tb1[1] 0')
('2015-01-17 10:34:02.440108', 'fd_channel : login[0] 1 login[1] 0 , tb0[0] 17 tb0[1] 46 , tb1[0] 0 tb1[1] 0')
('2015-01-17 10:34:02.441794', 'fd_channel : login[0] 1 login[1] 0 , tb0[0] 17 tb0[1] 45 , tb1[0] 0 tb1[1] 0')
('2015-01-17 10:34:22.440096', 'fd_channel : login[0] 1 login[1] 0 , tb0[0] 17 tb0[1] 44 , tb1[0] 0 tb1[1] 0')
('2015-01-17 10:34:22.441822', 'fd_channel : login[0] 1 login[1] 0 , tb0[0] 17 tb0[1] 43 , tb1[0] 0 tb1[1] 0')
('2015-01-17 10:34:22.444994', 'fd_channel : login[0] 1 login[1] 0 , tb0[0] 17 tb0[1] 42 , tb1[0] 0 tb1[1] 0')
('2015-01-17 10:34:22.448859', 'fd_channel : login[0] 1 login[1] 0 , tb0[0] 17 tb0[1] 41 , tb1[0] 0 tb1[1] 0')
('2015-01-17 10:34:22.450354', 'fd_channel : login[0] 1 login[1] 0 , tb0[0] 17 tb0[1] 40 , tb1[0] 0 tb1[1] 0')
('2015-01-17 10:34:22.451805', 'fd_channel : login[0] 1 login[1] 0 , tb0[0] 17 tb0[1] 39 , tb1[0] 0 tb1[1] 0')
('2015-01-17 10:34:22.454827', 'fd_channel : login[0] 1 login[1] 0 , tb0[0] 17 tb0[1] 38 , tb1[0] 0 tb1[1] 0')
('2015-01-17 10:34:22.457028', 'fd_channel : login[0] 1 login[1] 0 , tb0[0] 17 tb0[1] 37 , tb1[0] 0 tb1[1] 0')
('2015-01-17 10:34:22.459163', 'fd_channel : login[0] 1 login[1] 0 , tb0[0] 17 tb0[1] 36 , tb1[0] 0 tb1[1] 0')
('2015-01-17 10:34:28.529371', 'put_channel : channel tb0, group 1, time 2015-01-17 10:34:28.529232')
('2015-01-17 10:34:29.509428', 'put_channel : channel tb0, group 1, time 2015-01-17 10:34:29.509277')
('2015-01-17 10:34:29.521239', 'put_channel : channel tb0, group 1, time 2015-01-17 10:34:29.521133')
('2015-01-17 10:34:29.585059', 'put_channel : channel tb0, group 1, time 2015-01-17 10:34:29.584969')
('2015-01-17 10:34:30.009843', 'put_channel : channel tb0, group 1, time 2015-01-17 10:34:30.009720')
('2015-01-17 10:34:30.013235', 'put_channel : channel tb0, group 1, time 2015-01-17 10:34:30.013145')
('2015-01-17 10:34:36.529994', 'fd_channel : login[0] 1 login[1] 0 , tb0[0] 16 tb0[1] 41 , tb1[0] 0 tb1[1] 0')
('2015-01-17 10:34:36.535821', 'fd_channel : login[0] 1 login[1] 0 , tb0[0] 11 tb0[1] 41 , tb1[0] 0 tb1[1] 0')
('2015-01-17 10:34:36.864486', 'fd_channel : login[0] 1 login[1] 0 , tb0[0] 10 tb0[1] 41 , tb1[0] 0 tb1[1] 0')
('2015-01-17 10:34:36.866836', 'fd_channel : login[0] 1 login[1] 0 , tb0[0] 10 tb0[1] 40 , tb1[0] 0 tb1[1] 0')
('2015-01-17 10:34:37.102273', 'fd_channel : login[0] 1 login[1] 0 , tb0[0] 9 tb0[1] 40 , tb1[0] 0 tb1[1] 0')
('2015-01-17 10:34:37.104516', 'fd_channel : login[0] 1 login[1] 0 , tb0[0] 9 tb0[1] 39 , tb1[0] 0 tb1[1] 0')
('2015-01-17 10:34:37.590343', 'fd_channel : login[0] 1 login[1] 0 , tb0[0] 8 tb0[1] 39 , tb1[0] 0 tb1[1] 0')
('2015-01-17 10:34:37.592511', 'fd_channel : login[0] 1 login[1] 0 , tb0[0] 8 tb0[1] 38 , tb1[0] 0 tb1[1] 0')
('2015-01-17 10:34:38.534245', 'fd_channel : login[0] 1 login[1] 0 , tb0[0] 7 tb0[1] 38 , tb1[0] 0 tb1[1] 0')
('2015-01-17 10:34:38.536181', 'fd_channel : login[0] 1 login[1] 0 , tb0[0] 7 tb0[1] 37 , tb1[0] 0 tb1[1] 0')
('2015-01-17 10:34:38.648415', 'fd_channel : login[0] 1 login[1] 0 , tb0[0] 6 tb0[1] 37 , tb1[0] 0 tb1[1] 0')
('2015-01-17 10:34:38.650369', 'fd_channel : login[0] 1 login[1] 0 , tb0[0] 6 tb0[1] 36 , tb1[0] 0 tb1[1] 0')
('2015-01-17 10:34:38.870432', 'fd_channel : login[0] 1 login[1] 0 , tb0[0] 5 tb0[1] 36 , tb1[0] 0 tb1[1] 0')
('2015-01-17 10:34:38.872783', 'fd_channel : login[0] 1 login[1] 0 , tb0[0] 5 tb0[1] 35 , tb1[0] 0 tb1[1] 0')
('2015-01-17 10:34:39.107489', 'fd_channel : login[0] 1 login[1] 0 , tb0[0] 4 tb0[1] 35 , tb1[0] 0 tb1[1] 0')
('2015-01-17 10:34:39.110509', 'fd_channel : login[0] 1 login[1] 0 , tb0[0] 4 tb0[1] 34 , tb1[0] 0 tb1[1] 0')
('2015-01-17 10:34:39.595824', 'fd_channel : login[0] 1 login[1] 0 , tb0[0] 3 tb0[1] 34 , tb1[0] 0 tb1[1] 0')
('2015-01-17 10:34:39.598406', 'fd_channel : login[0] 1 login[1] 0 , tb0[0] 3 tb0[1] 33 , tb1[0] 0 tb1[1] 0')
('2015-01-17 10:34:39.707567', 'fd_channel : login[0] 1 login[1] 0 , tb0[0] 2 tb0[1] 33 , tb1[0] 0 tb1[1] 0')
('2015-01-17 10:34:39.709727', 'fd_channel : login[0] 1 login[1] 0 , tb0[0] 2 tb0[1] 32 , tb1[0] 0 tb1[1] 0')
('2015-01-17 10:34:40.653081', 'fd_channel : login[0] 1 login[1] 0 , tb0[0] 1 tb0[1] 32 , tb1[0] 0 tb1[1] 0')
('2015-01-17 10:34:40.654782', 'fd_channel : login[0] 1 login[1] 0 , tb0[0] 1 tb0[1] 31 , tb1[0] 0 tb1[1] 0')
('2015-01-17 10:34:40.858124', 'fd_channel : login[0] 1 login[1] 0 , tb0[0] 0 tb0[1] 31 , tb1[0] 0 tb1[1] 0')
('2015-01-17 10:34:40.860824', 'fd_channel : login[0] 1 login[1] 0 , tb0[0] 0 tb0[1] 30 , tb1[0] 0 tb1[1] 0')
('2015-01-17 10:34:41.713948', 'fd_channel : login[0] 1 login[1] 0 , tb0[0] 0 tb0[1] 29 , tb1[0] 0 tb1[1] 0')
('2015-01-17 10:34:42.864832', 'fd_channel : login[0] 1 login[1] 0 , tb0[0] 0 tb0[1] 28 , tb1[0] 0 tb1[1] 0')
('2015-01-17 10:34:42.915495', 'fd_channel : login[0] 1 login[1] 0 , tb0[0] 0 tb0[1] 28 , tb1[0] 0 tb1[1] 0')
('2015-01-17 10:34:43.517145', 'fd_channel : login[0] 1 login[1] 0 , tb0[0] 0 tb0[1] 27 , tb1[0] 0 tb1[1] 0')
('2015-01-17 10:34:44.066452', 'fd_channel : login[0] 1 login[1] 0 , tb0[0] 0 tb0[1] 27 , tb1[0] 0 tb1[1] 0')
('2015-01-17 10:34:44.077191', 'fd_channel : login[0] 1 login[1] 0 , tb0[0] 0 tb0[1] 26 , tb1[0] 0 tb1[1] 0')
('2015-01-17 10:34:44.718220', 'fd_channel : login[0] 1 login[1] 0 , tb0[0] 0 tb0[1] 26 , tb1[0] 0 tb1[1] 0')
('2015-01-17 10:34:45.278526', 'fd_channel : login[0] 1 login[1] 0 , tb0[0] 0 tb0[1] 26 , tb1[0] 0 tb1[1] 0')
('2015-01-17 10:34:45.520584', 'fd_channel : login[0] 1 login[1] 0 , tb0[0] 0 tb0[1] 25 , tb1[0] 0 tb1[1] 0')
('2015-01-17 10:34:46.080682', 'fd_channel : login[0] 1 login[1] 0 , tb0[0] 0 tb0[1] 24 , tb1[0] 0 tb1[1] 0')
('2015-01-17 10:34:46.722030', 'fd_channel : login[0] 1 login[1] 0 , tb0[0] 0 tb0[1] 24 , tb1[0] 0 tb1[1] 0')
('2015-01-17 10:34:47.282388', 'fd_channel : login[0] 1 login[1] 0 , tb0[0] 0 tb0[1] 24 , tb1[0] 0 tb1[1] 0')
('2015-01-17 10:35:02.579035', 'put_channel : channel tb0, group 1, time 2015-01-17 10:35:02.578902')
('2015-01-17 10:35:03.121081', 'put_channel : channel tb0, group 1, time 2015-01-17 10:35:03.120987')
('2015-01-17 10:35:04.081223', 'put_channel : channel tb0, group 1, time 2015-01-17 10:35:04.081095')
('2015-01-17 10:35:04.510959', 'put_channel : channel tb0, group 1, time 2015-01-17 10:35:04.510819')
('2015-01-17 10:35:04.593194', 'put_channel : channel tb0, group 1, time 2015-01-17 10:35:04.593098')
('2015-01-17 10:35:05.553719', 'put_channel : channel tb0, group 1, time 2015-01-17 10:35:05.553568')
('2015-01-17 10:35:06.010654', 'put_channel : channel tb0, group 1, time 2015-01-17 10:35:06.010520')
('2015-01-17 10:35:06.131686', 'put_channel : channel tb0, group 1, time 2015-01-17 10:35:06.131593')
('2015-01-17 10:35:07.089432', 'put_channel : channel tb0, group 1, time 2015-01-17 10:35:07.089323')
('2015-01-17 10:35:07.510826', 'put_channel : channel tb0, group 1, time 2015-01-17 10:35:07.510696')
('2015-01-17 10:35:07.666814', 'put_channel : channel tb0, group 1, time 2015-01-17 10:35:07.666708')
('2015-01-17 10:35:08.561550', 'put_channel : channel tb0, group 1, time 2015-01-17 10:35:08.561401')
('2015-01-17 10:35:09.010931', 'put_channel : channel tb0, group 1, time 2015-01-17 10:35:09.010792')
('2015-01-17 10:35:09.137309', 'put_channel : channel tb0, group 1, time 2015-01-17 10:35:09.137201')
('2015-01-17 10:35:10.066837', 'put_channel : channel tb0, group 1, time 2015-01-17 10:35:10.066744')
('2015-01-17 10:35:10.610962', 'put_channel : channel tb0, group 1, time 2015-01-17 10:35:10.610807')
('2015-01-17 10:35:11.571200', 'put_channel : channel tb0, group 1, time 2015-01-17 10:35:11.571045')
('2015-01-17 10:35:12.145604', 'put_channel : channel tb0, group 1, time 2015-01-17 10:35:12.145459')
('2015-01-17 10:35:13.073448', 'put_channel : channel tb0, group 1, time 2015-01-17 10:35:13.073303')
('2015-01-17 10:35:13.617335', 'put_channel : channel tb0, group 1, time 2015-01-17 10:35:13.617195')
('2015-01-17 10:35:14.577500', 'put_channel : channel tb0, group 1, time 2015-01-17 10:35:14.577351')
('2015-01-17 10:35:15.153317', 'put_channel : channel tb0, group 1, time 2015-01-17 10:35:15.153159')
('2015-01-17 10:35:16.050373', 'put_channel : channel tb0, group 1, time 2015-01-17 10:35:16.050262')
('2015-01-17 10:35:18.161268', 'put_channel : channel tb0, group 1, time 2015-01-17 10:35:18.161127')
('2015-01-17 10:35:19.633508', 'put_channel : channel tb0, group 1, time 2015-01-17 10:35:19.633352')
('2015-01-17 10:35:21.134453', 'put_channel : channel tb0, group 1, time 2015-01-17 10:35:21.134309')
('2015-01-17 10:35:22.641577', 'put_channel : channel tb0, group 1, time 2015-01-17 10:35:22.641428')
('2015-01-17 10:35:24.115242', 'put_channel : channel tb0, group 1, time 2015-01-17 10:35:24.115098')
('2015-01-17 10:35:27.121816', 'put_channel : channel tb0, group 1, time 2015-01-17 10:35:27.121670')
('2015-01-17 10:35:28.658485', 'put_channel : channel tb0, group 1, time 2015-01-17 10:35:28.658286')
('2015-01-17 10:35:46.640155', 'put_channel : channel tb0, group 0, time 2015-01-17 10:35:46.640006')
('2015-01-17 10:35:49.157905', 'put_channel : channel tb0, group 0, time 2015-01-17 10:35:49.157756')
('2015-01-17 10:36:07.632603', 'put_channel : channel tb0, group 0, time 2015-01-17 10:36:07.632453')
('2015-01-17 10:36:10.156813', 'put_channel : channel tb0, group 0, time 2015-01-17 10:36:10.156673')
('2015-01-17 10:36:10.642243', 'put_channel : channel tb0, group 0, time 2015-01-17 10:36:10.642095')
('2015-01-17 10:36:13.163481', 'put_channel : channel tb0, group 0, time 2015-01-17 10:36:13.163325')
('2015-01-17 10:36:29.593958', 'fd_channel : login[0] 1 login[1] 0 , tb0[0] 5 tb0[1] 54 , tb1[0] 0 tb1[1] 0')
('2015-01-17 11:27:46.511656', 'put_channel : channel tb1, group 1, time 2015-01-17 11:27:46.511470')
('2015-01-17 11:27:46.512012', 'put_channel : channel tb1, group 0, time 2015-01-17 11:27:46.511938')
('2015-01-17 11:27:48.009687', 'put_channel : channel tb1, group 0, time 2015-01-17 11:27:48.009553')
('2015-01-17 11:27:48.013898', 'put_channel : channel tb1, group 1, time 2015-01-17 11:27:48.013807')
('2015-01-17 11:27:49.519427', 'put_channel : channel tb1, group 0, time 2015-01-17 11:27:49.519278')
('2015-01-17 11:27:49.522943', 'put_channel : channel tb1, group 1, time 2015-01-17 11:27:49.522851')
('2015-01-17 11:27:51.011334', 'put_channel : channel tb1, group 0, time 2015-01-17 11:27:51.011200')
('2015-01-17 11:27:51.012445', 'put_channel : channel tb1, group 1, time 2015-01-17 11:27:51.012362')
('2015-01-17 11:27:52.510234', 'put_channel : channel tb1, group 0, time 2015-01-17 11:27:52.510071')
('2015-01-17 11:27:52.510849', 'put_channel : channel tb1, group 1, time 2015-01-17 11:27:52.510759')
('2015-01-17 11:27:54.009536', 'put_channel : channel tb1, group 0, time 2015-01-17 11:27:54.009401')
('2015-01-17 11:27:54.010749', 'put_channel : channel tb1, group 1, time 2015-01-17 11:27:54.010659')
('2015-01-17 11:27:55.510292', 'put_channel : channel tb1, group 0, time 2015-01-17 11:27:55.510160')
('2015-01-17 11:27:55.510921', 'put_channel : channel tb1, group 1, time 2015-01-17 11:27:55.510840')
('2015-01-17 11:27:57.010438', 'put_channel : channel tb1, group 1, time 2015-01-17 11:27:57.010255')
('2015-01-17 11:27:57.011798', 'put_channel : channel tb1, group 0, time 2015-01-17 11:27:57.011712')
('2015-01-17 11:27:58.509822', 'put_channel : channel tb1, group 0, time 2015-01-17 11:27:58.509692')
('2015-01-17 11:27:58.511696', 'put_channel : channel tb1, group 1, time 2015-01-17 11:27:58.511605')
('2015-01-17 11:28:00.009980', 'put_channel : channel tb1, group 0, time 2015-01-17 11:28:00.009892')
('2015-01-17 11:28:00.010613', 'put_channel : channel tb1, group 1, time 2015-01-17 11:28:00.010561')
('2015-01-17 11:28:01.506796', 'put_channel : channel tb1, group 0, time 2015-01-17 11:28:01.506699')
('2015-01-17 11:28:01.508304', 'put_channel : channel tb1, group 1, time 2015-01-17 11:28:01.508256')
('2015-01-17 11:28:03.011045', 'put_channel : channel tb1, group 1, time 2015-01-17 11:28:03.010870')
('2015-01-17 11:28:03.012159', 'put_channel : channel tb1, group 0, time 2015-01-17 11:28:03.012076')
('2015-01-17 11:28:04.510810', 'put_channel : channel tb1, group 1, time 2015-01-17 11:28:04.510679')
('2015-01-17 11:28:04.511538', 'put_channel : channel tb1, group 0, time 2015-01-17 11:28:04.511457')
('2015-01-17 11:28:06.011241', 'put_channel : channel tb1, group 0, time 2015-01-17 11:28:06.011138')
('2015-01-17 11:28:06.014256', 'put_channel : channel tb1, group 1, time 2015-01-17 11:28:06.014209')
('2015-01-17 11:28:07.517865', 'put_channel : channel tb1, group 0, time 2015-01-17 11:28:07.517733')
('2015-01-17 11:28:07.518519', 'put_channel : channel tb1, group 1, time 2015-01-17 11:28:07.518439')
('2015-01-17 11:28:09.010418', 'put_channel : channel tb1, group 0, time 2015-01-17 11:28:09.010286')
('2015-01-17 11:28:09.011211', 'put_channel : channel tb1, group 1, time 2015-01-17 11:28:09.011127')
('2015-01-17 11:28:10.510985', 'put_channel : channel tb1, group 0, time 2015-01-17 11:28:10.510847')
('2015-01-17 11:28:10.513831', 'put_channel : channel tb1, group 1, time 2015-01-17 11:28:10.513704')
('2015-01-17 11:28:12.012262', 'put_channel : channel tb1, group 0, time 2015-01-17 11:28:12.012129')
('2015-01-17 11:28:12.012972', 'put_channel : channel tb1, group 1, time 2015-01-17 11:28:12.012890')
('2015-01-17 11:28:13.514145', 'put_channel : channel tb1, group 0, time 2015-01-17 11:28:13.514011')
('2015-01-17 11:28:13.514738', 'put_channel : channel tb1, group 1, time 2015-01-17 11:28:13.514649')
('2015-01-17 11:28:15.007457', 'put_channel : channel tb1, group 0, time 2015-01-17 11:28:15.007359')
('2015-01-17 11:28:15.010750', 'put_channel : channel tb1, group 1, time 2015-01-17 11:28:15.010697')
('2015-01-17 11:28:16.510776', 'put_channel : channel tb1, group 0, time 2015-01-17 11:28:16.510609')
('2015-01-17 11:28:16.511520', 'put_channel : channel tb1, group 1, time 2015-01-17 11:28:16.511426')
('2015-01-17 11:28:18.009743', 'put_channel : channel tb1, group 0, time 2015-01-17 11:28:18.009608')
('2015-01-17 11:28:18.012735', 'put_channel : channel tb1, group 1, time 2015-01-17 11:28:18.012651')
('2015-01-17 11:28:19.510395', 'put_channel : channel tb1, group 0, time 2015-01-17 11:28:19.510264')
('2015-01-17 11:28:19.512100', 'put_channel : channel tb1, group 1, time 2015-01-17 11:28:19.512008')
('2015-01-17 11:28:21.011850', 'put_channel : channel tb1, group 1, time 2015-01-17 11:28:21.011666')
('2015-01-17 11:28:21.012276', 'put_channel : channel tb1, group 0, time 2015-01-17 11:28:21.012145')
('2015-01-17 11:28:22.509346', 'put_channel : channel tb1, group 0, time 2015-01-17 11:28:22.509198')
('2015-01-17 11:28:22.511780', 'put_channel : channel tb1, group 1, time 2015-01-17 11:28:22.511699')
('2015-01-17 11:28:24.022264', 'put_channel : channel tb1, group 0, time 2015-01-17 11:28:24.022127')
('2015-01-17 11:28:24.026336', 'put_channel : channel tb1, group 1, time 2015-01-17 11:28:24.026253')
('2015-01-17 11:28:25.508402', 'put_channel : channel tb1, group 0, time 2015-01-17 11:28:25.508302')
('2015-01-17 11:28:25.510197', 'put_channel : channel tb1, group 1, time 2015-01-17 11:28:25.510148')
('2015-01-17 11:28:27.010693', 'put_channel : channel tb1, group 0, time 2015-01-17 11:28:27.010558')
('2015-01-17 11:28:27.011503', 'put_channel : channel tb1, group 1, time 2015-01-17 11:28:27.011265')
('2015-01-17 11:28:28.508086', 'put_channel : channel tb1, group 1, time 2015-01-17 11:28:28.507983')
('2015-01-17 11:28:28.508469', 'put_channel : channel tb1, group 0, time 2015-01-17 11:28:28.508424')
('2015-01-17 11:28:30.009918', 'put_channel : channel tb1, group 0, time 2015-01-17 11:28:30.009795')
('2015-01-17 11:28:30.010684', 'put_channel : channel tb1, group 1, time 2015-01-17 11:28:30.010576')
('2015-01-17 11:28:31.510805', 'put_channel : channel tb1, group 0, time 2015-01-17 11:28:31.510672')
('2015-01-17 11:28:33.008952', 'put_channel : channel tb1, group 0, time 2015-01-17 11:28:33.008819')
('2015-01-17 11:28:34.509299', 'put_channel : channel tb1, group 0, time 2015-01-17 11:28:34.509165')
('2015-01-17 11:28:36.016080', 'put_channel : channel tb1, group 0, time 2015-01-17 11:28:36.015981')
('2015-01-17 11:28:37.510044', 'put_channel : channel tb1, group 0, time 2015-01-17 11:28:37.509898')
('2015-01-17 11:28:39.007510', 'put_channel : channel tb1, group 0, time 2015-01-17 11:28:39.007410')
('2015-01-17 11:28:40.510315', 'put_channel : channel tb1, group 0, time 2015-01-17 11:28:40.510183')
('2015-01-17 11:28:42.012004', 'put_channel : channel tb1, group 0, time 2015-01-17 11:28:42.011867')
('2015-01-17 11:28:42.012757', 'put_channel : channel tb1, group 1, time 2015-01-17 11:28:42.012675')
('2015-01-17 11:28:42.015229', 'put_channel : channel tb1, group 1, time 2015-01-17 11:28:42.015143')
('2015-01-17 11:28:43.027127', 'put_channel : channel tb1, group 1, time 2015-01-17 11:28:43.026931')
('2015-01-17 11:28:43.508305', 'put_channel : channel tb1, group 0, time 2015-01-17 11:28:43.508150')
('2015-01-17 11:28:43.508973', 'put_channel : channel tb1, group 1, time 2015-01-17 11:28:43.508924')
('2015-01-17 11:28:43.512281', 'put_channel : channel tb1, group 1, time 2015-01-17 11:28:43.512232')
('2015-01-17 11:28:44.521620', 'put_channel : channel tb1, group 1, time 2015-01-17 11:28:44.521480')
('2015-01-17 11:28:45.009739', 'put_channel : channel tb1, group 0, time 2015-01-17 11:28:45.009584')
('2015-01-17 11:28:46.507459', 'put_channel : channel tb1, group 0, time 2015-01-17 11:28:46.507362')
('2015-01-17 11:28:48.013580', 'put_channel : channel tb1, group 0, time 2015-01-17 11:28:48.013431')
('2015-01-17 11:28:49.510949', 'put_channel : channel tb1, group 0, time 2015-01-17 11:28:49.510813')
('2015-01-17 11:28:51.011197', 'put_channel : channel tb1, group 0, time 2015-01-17 11:28:51.010993')
('2015-01-17 11:28:51.011906', 'put_channel : channel tb1, group 1, time 2015-01-17 11:28:51.011824')
('2015-01-17 11:28:51.013010', 'put_channel : channel tb1, group 1, time 2015-01-17 11:28:51.012925')
('2015-01-17 11:28:52.019353', 'put_channel : channel tb1, group 1, time 2015-01-17 11:28:52.019205')
('2015-01-17 11:28:52.509076', 'put_channel : channel tb1, group 0, time 2015-01-17 11:28:52.508946')
('2015-01-17 11:28:52.511163', 'put_channel : channel tb1, group 1, time 2015-01-17 11:28:52.510966')
('2015-01-17 11:28:52.513220', 'put_channel : channel tb1, group 1, time 2015-01-17 11:28:52.513135')
('2015-01-17 11:28:53.520688', 'put_channel : channel tb1, group 1, time 2015-01-17 11:28:53.520580')
('2015-01-17 11:28:54.016065', 'put_channel : channel tb1, group 0, time 2015-01-17 11:28:54.015930')
('2015-01-17 11:28:55.514106', 'put_channel : channel tb1, group 0, time 2015-01-17 11:28:55.513972')
('2015-01-17 11:28:57.009636', 'put_channel : channel tb1, group 0, time 2015-01-17 11:28:57.009501')
('2015-01-17 11:28:58.010597', 'put_channel : channel tb1, group 1, time 2015-01-17 11:28:58.010452')
('2015-01-17 11:28:58.507565', 'put_channel : channel tb1, group 0, time 2015-01-17 11:28:58.507469')
('2015-01-17 11:28:58.508555', 'put_channel : channel tb1, group 1, time 2015-01-17 11:28:58.508509')
('2015-01-17 11:28:58.513962', 'put_channel : channel tb1, group 1, time 2015-01-17 11:28:58.513900')
('2015-01-17 11:29:00.009404', 'put_channel : channel tb1, group 0, time 2015-01-17 11:29:00.009267')
('2015-01-17 11:29:00.012691', 'put_channel : channel tb1, group 1, time 2015-01-17 11:29:00.012599')
('2015-01-17 11:29:01.509447', 'put_channel : channel tb1, group 0, time 2015-01-17 11:29:01.509314')
('2015-01-17 11:29:03.011753', 'put_channel : channel tb1, group 0, time 2015-01-17 11:29:03.011617')
('2015-01-17 11:29:04.511694', 'put_channel : channel tb1, group 0, time 2015-01-17 11:29:04.511563')
('2015-01-17 11:29:05.511318', 'put_channel : channel tb1, group 1, time 2015-01-17 11:29:05.511174')
('2015-01-17 11:29:05.553264', 'put_channel : channel tb1, group 1, time 2015-01-17 11:29:05.553171')
('2015-01-17 11:29:06.006665', 'put_channel : channel tb1, group 0, time 2015-01-17 11:29:06.006567')
('2015-01-17 11:29:06.007923', 'put_channel : channel tb1, group 1, time 2015-01-17 11:29:06.007871')
('2015-01-17 11:29:06.013878', 'put_channel : channel tb1, group 1, time 2015-01-17 11:29:06.013829')
('2015-01-17 11:29:07.510170', 'put_channel : channel tb1, group 0, time 2015-01-17 11:29:07.510035')
('2015-01-17 11:29:07.511087', 'put_channel : channel tb1, group 1, time 2015-01-17 11:29:07.510919')
('2015-01-17 11:29:08.523326', 'put_channel : channel tb1, group 1, time 2015-01-17 11:29:08.523182')
('2015-01-17 11:29:09.007499', 'put_channel : channel tb1, group 0, time 2015-01-17 11:29:09.007384')
('2015-01-17 11:29:10.006074', 'put_channel : channel tb1, group 1, time 2015-01-17 11:29:10.005941')
('2015-01-17 11:29:10.511266', 'put_channel : channel tb1, group 0, time 2015-01-17 11:29:10.511122')
('2015-01-17 11:29:11.509470', 'put_channel : channel tb1, group 1, time 2015-01-17 11:29:11.509266')
('2015-01-17 11:29:12.012238', 'put_channel : channel tb1, group 0, time 2015-01-17 11:29:12.012102')
('2015-01-17 11:29:13.009769', 'put_channel : channel tb1, group 1, time 2015-01-17 11:29:13.009594')
('2015-01-17 11:29:13.534767', 'put_channel : channel tb1, group 0, time 2015-01-17 11:29:13.534658')
('2015-01-17 11:29:14.505757', 'put_channel : channel tb1, group 1, time 2015-01-17 11:29:14.505602')
('2015-01-17 11:29:15.013889', 'put_channel : channel tb1, group 0, time 2015-01-17 11:29:15.013753')
('2015-01-17 11:29:16.010285', 'put_channel : channel tb1, group 1, time 2015-01-17 11:29:16.010140')
('2015-01-17 11:29:18.013096', 'put_channel : channel tb1, group 0, time 2015-01-17 11:29:18.012962')
('2015-01-17 11:29:19.544948', 'put_channel : channel tb1, group 0, time 2015-01-17 11:29:19.544814')
('2015-01-17 11:29:20.553788', 'put_channel : channel tb1, group 0, time 2015-01-17 11:29:20.553533')
('2015-01-17 11:29:21.008364', 'put_channel : channel tb1, group 0, time 2015-01-17 11:29:21.008235')
('2015-01-17 11:29:24.011177', 'put_channel : channel tb1, group 0, time 2015-01-17 11:29:24.011040')
('2015-01-17 11:29:25.568699', 'put_channel : channel tb1, group 0, time 2015-01-17 11:29:25.568563')
('2015-01-17 11:29:26.535896', 'put_channel : channel tb1, group 0, time 2015-01-17 11:29:26.535754')
('2015-01-17 11:29:27.012874', 'put_channel : channel tb1, group 1, time 2015-01-17 11:29:27.012738')
('2015-01-17 11:29:27.039328', 'put_channel : channel tb1, group 0, time 2015-01-17 11:29:27.039236')
('2015-01-17 11:29:28.542507', 'put_channel : channel tb1, group 0, time 2015-01-17 11:29:28.542404')
('2015-01-17 11:29:30.009701', 'put_channel : channel tb1, group 0, time 2015-01-17 11:29:30.009575')
('2015-01-17 11:29:32.535691', 'put_channel : channel tb1, group 0, time 2015-01-17 11:29:32.535546')
('2015-01-17 11:29:33.011654', 'put_channel : channel tb1, group 0, time 2015-01-17 11:29:33.011518')
('2015-01-17 11:29:34.513292', 'put_channel : channel tb1, group 1, time 2015-01-17 11:29:34.513158')
('2015-01-17 11:29:34.533923', 'put_channel : channel tb1, group 0, time 2015-01-17 11:29:34.533832')
('2015-01-17 11:29:36.013027', 'put_channel : channel tb1, group 0, time 2015-01-17 11:29:36.012927')
('2015-01-17 11:29:36.015189', 'put_channel : channel tb1, group 1, time 2015-01-17 11:29:36.015141')
('2015-01-17 11:29:36.023325', 'fd_channel : login[0] 1 login[1] 0 , tb0[0] 5 tb0[1] 54 , tb1[0] 74 tb1[1] 59')
('2015-01-17 11:29:36.025072', 'fd_channel : login[0] 1 login[1] 0 , tb0[0] 5 tb0[1] 54 , tb1[0] 74 tb1[1] 58')
('2015-01-17 11:29:36.026522', 'fd_channel : login[0] 1 login[1] 0 , tb0[0] 5 tb0[1] 54 , tb1[0] 74 tb1[1] 57')
('2015-01-17 11:29:36.027387', 'fd_channel : login[0] 1 login[1] 0 , tb0[0] 5 tb0[1] 54 , tb1[0] 74 tb1[1] 56')
('2015-01-17 11:29:36.029080', 'fd_channel : login[0] 1 login[1] 0 , tb0[0] 5 tb0[1] 54 , tb1[0] 74 tb1[1] 55')
('2015-01-17 11:29:36.029929', 'fd_channel : login[0] 1 login[1] 0 , tb0[0] 5 tb0[1] 54 , tb1[0] 74 tb1[1] 54')
('2015-01-17 11:29:36.030835', 'fd_channel : login[0] 1 login[1] 0 , tb0[0] 5 tb0[1] 54 , tb1[0] 74 tb1[1] 53')
('2015-01-17 11:29:36.031899', 'fd_channel : login[0] 1 login[1] 0 , tb0[0] 5 tb0[1] 54 , tb1[0] 74 tb1[1] 52')
('2015-01-17 11:29:36.033062', 'fd_channel : login[0] 1 login[1] 0 , tb0[0] 5 tb0[1] 54 , tb1[0] 74 tb1[1] 51')
('2015-01-17 11:29:36.146954', 'put_channel : channel tb1, group 1, time 2015-01-17 11:29:36.146846')
('2015-01-17 11:29:37.515145', 'put_channel : channel tb1, group 1, time 2015-01-17 11:29:37.514975')
('2015-01-17 11:29:37.536732', 'put_channel : channel tb1, group 0, time 2015-01-17 11:29:37.536645')
('2015-01-17 11:29:39.019443', 'put_channel : channel tb1, group 0, time 2015-01-17 11:29:39.019306')
('2015-01-17 11:29:40.546927', 'put_channel : channel tb1, group 0, time 2015-01-17 11:29:40.546793')
('2015-01-17 11:29:42.014912', 'put_channel : channel tb1, group 1, time 2015-01-17 11:29:42.014776')
('2015-01-17 11:29:42.024410', 'put_channel : channel tb1, group 0, time 2015-01-17 11:29:42.024323')
('2015-01-17 11:29:43.034157', 'fd_channel : login[0] 1 login[1] 0 , tb0[0] 5 tb0[1] 54 , tb1[0] 78 tb1[1] 53')
('2015-01-17 11:29:43.036331', 'fd_channel : login[0] 1 login[1] 0 , tb0[0] 5 tb0[1] 54 , tb1[0] 78 tb1[1] 52')
('2015-01-17 11:29:43.037687', 'fd_channel : login[0] 1 login[1] 0 , tb0[0] 5 tb0[1] 54 , tb1[0] 78 tb1[1] 51')
('2015-01-17 11:29:43.044685', 'fd_channel : login[0] 1 login[1] 0 , tb0[0] 5 tb0[1] 54 , tb1[0] 78 tb1[1] 50')
('2015-01-17 11:29:43.046788', 'fd_channel : login[0] 1 login[1] 0 , tb0[0] 5 tb0[1] 54 , tb1[0] 78 tb1[1] 49')
('2015-01-17 11:29:43.048503', 'fd_channel : login[0] 1 login[1] 0 , tb0[0] 5 tb0[1] 54 , tb1[0] 78 tb1[1] 48')
('2015-01-17 11:29:43.513674', 'put_channel : channel tb1, group 1, time 2015-01-17 11:29:43.513545')
('2015-01-17 11:29:43.537138', 'put_channel : channel tb1, group 1, time 2015-01-17 11:29:43.537049')
('2015-01-17 11:29:44.535608', 'put_channel : channel tb1, group 0, time 2015-01-17 11:29:44.535464')
('2015-01-17 11:29:45.010242', 'put_channel : channel tb1, group 0, time 2015-01-17 11:29:45.010108')
('2015-01-17 11:29:46.049204', 'fd_channel : login[0] 1 login[1] 0 , tb0[0] 5 tb0[1] 54 , tb1[0] 80 tb1[1] 49')
('2015-01-17 11:29:46.050894', 'fd_channel : login[0] 1 login[1] 0 , tb0[0] 5 tb0[1] 54 , tb1[0] 80 tb1[1] 48')
('2015-01-17 11:29:46.053285', 'fd_channel : login[0] 1 login[1] 0 , tb0[0] 5 tb0[1] 54 , tb1[0] 80 tb1[1] 47')
('2015-01-17 11:29:48.019087', 'put_channel : channel tb1, group 0, time 2015-01-17 11:29:48.018910')
('2015-01-17 11:29:49.541591', 'put_channel : channel tb1, group 0, time 2015-01-17 11:29:49.541439')
('2015-01-17 11:29:50.577355', 'put_channel : channel tb1, group 1, time 2015-01-17 11:29:50.577198')
('2015-01-17 11:29:51.040837', 'put_channel : channel tb1, group 0, time 2015-01-17 11:29:51.040701')
('2015-01-17 11:29:52.019110', 'put_channel : channel tb1, group 1, time 2015-01-17 11:29:52.018916')
('2015-01-17 11:29:53.508605', 'put_channel : channel tb1, group 1, time 2015-01-17 11:29:53.508496')
('2015-01-17 11:29:54.043392', 'put_channel : channel tb1, group 0, time 2015-01-17 11:29:54.043257')
('2015-01-17 11:29:54.584852', 'put_channel : channel tb1, group 0, time 2015-01-17 11:29:54.584706')
('2015-01-17 11:29:56.426275', 'fd_channel : login[0] 1 login[1] 0 , tb0[0] 5 tb0[1] 54 , tb1[0] 85 tb1[1] 49')
('2015-01-17 11:29:56.428947', 'fd_channel : login[0] 1 login[1] 0 , tb0[0] 5 tb0[1] 54 , tb1[0] 85 tb1[1] 48')
('2015-01-17 11:29:56.432613', 'fd_channel : login[0] 1 login[1] 0 , tb0[0] 5 tb0[1] 54 , tb1[0] 85 tb1[1] 47')
('2015-01-17 11:29:56.435545', 'fd_channel : login[0] 1 login[1] 0 , tb0[0] 5 tb0[1] 54 , tb1[0] 85 tb1[1] 46')
('2015-01-17 11:29:56.437971', 'fd_channel : login[0] 1 login[1] 0 , tb0[0] 5 tb0[1] 54 , tb1[0] 85 tb1[1] 45')
('2015-01-17 11:29:56.440298', 'fd_channel : login[0] 1 login[1] 0 , tb0[0] 5 tb0[1] 54 , tb1[0] 85 tb1[1] 44')
('2015-01-17 11:29:56.442269', 'fd_channel : login[0] 1 login[1] 0 , tb0[0] 5 tb0[1] 54 , tb1[0] 85 tb1[1] 43')
('2015-01-17 11:29:56.444893', 'fd_channel : login[0] 1 login[1] 0 , tb0[0] 5 tb0[1] 54 , tb1[0] 85 tb1[1] 42')
('2015-01-17 11:29:56.446756', 'fd_channel : login[0] 1 login[1] 0 , tb0[0] 5 tb0[1] 54 , tb1[0] 85 tb1[1] 41')
('2015-01-17 11:29:56.539425', 'put_channel : channel tb1, group 0, time 2015-01-17 11:29:56.539322')
('2015-01-17 11:29:56.564527', 'put_channel : channel tb1, group 0, time 2015-01-17 11:29:56.564437')
('2015-01-17 11:29:57.137288', 'put_channel : channel tb1, group 1, time 2015-01-17 11:29:57.137192')
('2015-01-17 11:29:58.031130', 'put_channel : channel tb1, group 1, time 2015-01-17 11:29:58.030956')
('2015-01-17 11:29:58.056133', 'put_channel : channel tb1, group 0, time 2015-01-17 11:29:58.056047')
('2015-01-17 11:29:59.431342', 'fd_channel : login[0] 1 login[1] 0 , tb0[0] 5 tb0[1] 54 , tb1[0] 88 tb1[1] 42')
('2015-01-17 11:29:59.433922', 'fd_channel : login[0] 1 login[1] 0 , tb0[0] 5 tb0[1] 54 , tb1[0] 88 tb1[1] 41')
('2015-01-17 11:29:59.436675', 'fd_channel : login[0] 1 login[1] 0 , tb0[0] 5 tb0[1] 54 , tb1[0] 88 tb1[1] 40')
('2015-01-17 11:29:59.440359', 'fd_channel : login[0] 1 login[1] 0 , tb0[0] 5 tb0[1] 54 , tb1[0] 88 tb1[1] 39')
('2015-01-17 11:29:59.448093', 'fd_channel : login[0] 1 login[1] 0 , tb0[0] 5 tb0[1] 54 , tb1[0] 88 tb1[1] 38')
('2015-01-17 11:29:59.450970', 'fd_channel : login[0] 1 login[1] 0 , tb0[0] 5 tb0[1] 54 , tb1[0] 88 tb1[1] 37')
('2015-01-17 11:29:59.539446', 'put_channel : channel tb1, group 0, time 2015-01-17 11:29:59.539353')
('2015-01-17 11:30:00.059639', 'put_channel : channel tb1, group 0, time 2015-01-17 11:30:00.059513')
('2015-01-17 11:30:01.025280', 'put_channel : channel tb1, group 1, time 2015-01-17 11:30:01.025145')
('2015-01-17 11:30:01.503706', 'worker [1] stopping')
('2015-01-17 11:30:01.537437', 'put_channel : channel tb1, group 1, time 2015-01-17 11:30:01.537345')
('2015-01-17 11:30:02.434936', 'fd_channel : login[0] 1 login[1] 0 , tb0[0] 5 tb0[1] 54 , tb1[0] 90 tb1[1] 38')
('2015-01-17 11:30:02.437370', 'fd_channel : login[0] 1 login[1] 0 , tb0[0] 5 tb0[1] 54 , tb1[0] 90 tb1[1] 37')
('2015-01-17 11:30:02.441048', 'fd_channel : login[0] 1 login[1] 0 , tb0[0] 5 tb0[1] 54 , tb1[0] 90 tb1[1] 36')
('2015-01-17 11:30:02.444075', 'fd_channel : login[0] 1 login[1] 0 , tb0[0] 5 tb0[1] 54 , tb1[0] 90 tb1[1] 35')
('2015-01-17 11:30:02.451969', 'fd_channel : login[0] 1 login[1] 0 , tb0[0] 5 tb0[1] 54 , tb1[0] 90 tb1[1] 34')
('2015-01-17 11:30:02.454205', 'fd_channel : login[0] 1 login[1] 0 , tb0[0] 5 tb0[1] 54 , tb1[0] 90 tb1[1] 33')
('2015-01-17 11:30:02.792734', 'fd_channel : login[0] 1 login[1] 0 , tb0[0] 5 tb0[1] 54 , tb1[0] 90 tb1[1] 32')
('2015-01-17 11:30:02.797511', 'fd_channel : login[0] 1 login[1] 0 , tb0[0] 5 tb0[1] 54 , tb1[0] 90 tb1[1] 31')
('2015-01-17 11:30:02.799436', 'fd_channel : login[0] 1 login[1] 0 , tb0[0] 5 tb0[1] 54 , tb1[0] 90 tb1[1] 30')
('2015-01-17 11:30:03.025146', 'put_channel : channel tb1, group 1, time 2015-01-17 11:30:03.025053')
('2015-01-17 11:30:05.797011', 'fd_channel : login[0] 1 login[1] 0 , tb0[0] 5 tb0[1] 54 , tb1[0] 90 tb1[1] 30')
('2015-01-17 11:30:05.802304', 'fd_channel : login[0] 1 login[1] 0 , tb0[0] 5 tb0[1] 54 , tb1[0] 90 tb1[1] 29')
('2015-01-17 11:30:05.804063', 'fd_channel : login[0] 1 login[1] 0 , tb0[0] 5 tb0[1] 54 , tb1[0] 90 tb1[1] 28')
('2015-01-17 11:30:13.537251', 'put_channel : channel tb1, group 1, time 2015-01-17 11:30:13.537131')
('2015-01-17 11:30:20.561584', 'put_channel : channel tb1, group 1, time 2015-01-17 11:30:20.561426')
('2015-01-17 11:30:21.137040', 'put_channel : channel tb1, group 1, time 2015-01-17 11:30:21.136923')
('2015-01-17 11:30:58.640642', 'put_channel : channel tb1, group 1, time 2015-01-17 11:30:58.640529')
