('2015-01-17 09:36:36.062913', 'worker [2] started')
('2015-01-17 09:36:36.062992', 'client 9 initted')
('2015-01-17 09:36:37.510800', 'put_channel : channel login, group 1, time 2015-01-17 09:36:37.510616')
('2015-01-17 09:36:37.511211', 'put_channel : channel login, group 0, time 2015-01-17 09:36:37.511084')
('2015-01-17 09:36:37.518836', 'fd_channel : login[0] 1 login[1] 0 , tb0[0] 0 tb0[1] 0 , tb1[0] 0 tb1[1] 0')
('2015-01-17 09:36:37.560314', 'fd_channel : login[0] 0 login[1] 0 , tb0[0] 0 tb0[1] 0 , tb1[0] 0 tb1[1] 0')
('2015-01-17 09:36:39.008597', 'put_channel : channel login, group 1, time 2015-01-17 09:36:39.008462')
('2015-01-17 09:36:39.009796', 'fd_channel : login[0] 0 login[1] 0 , tb0[0] 0 tb0[1] 0 , tb1[0] 0 tb1[1] 0')
('2015-01-17 09:36:39.014583', 'put_channel : channel login, group 0, time 2015-01-17 09:36:39.014492')
('2015-01-17 09:36:39.062897', 'fd_channel : login[0] 0 login[1] 0 , tb0[0] 0 tb0[1] 0 , tb1[0] 0 tb1[1] 0')
('2015-01-17 09:36:40.506535', 'put_channel : channel login, group 1, time 2015-01-17 09:36:40.506438')
('2015-01-17 09:36:40.506980', 'fd_channel : login[0] 0 login[1] 0 , tb0[0] 0 tb0[1] 0 , tb1[0] 0 tb1[1] 0')
('2015-01-17 09:36:40.509573', 'put_channel : channel login, group 0, time 2015-01-17 09:36:40.509523')
('2015-01-17 09:36:40.565419', 'fd_channel : login[0] 0 login[1] 0 , tb0[0] 0 tb0[1] 0 , tb1[0] 0 tb1[1] 0')
('2015-01-17 09:36:42.008266', 'put_channel : channel login, group 1, time 2015-01-17 09:36:42.008143')
('2015-01-17 09:36:42.009271', 'fd_channel : login[0] 0 login[1] 0 , tb0[0] 0 tb0[1] 0 , tb1[0] 0 tb1[1] 0')
('2015-01-17 09:36:42.010613', 'put_channel : channel login, group 0, time 2015-01-17 09:36:42.010531')
('2015-01-17 09:36:42.067533', 'fd_channel : login[0] 0 login[1] 0 , tb0[0] 0 tb0[1] 0 , tb1[0] 0 tb1[1] 0')
('2015-01-17 09:36:43.509311', 'put_channel : channel login, group 1, time 2015-01-17 09:36:43.509178')
('2015-01-17 09:36:43.510169', 'fd_channel : login[0] 0 login[1] 0 , tb0[0] 0 tb0[1] 0 , tb1[0] 0 tb1[1] 0')
('2015-01-17 09:36:43.512106', 'put_channel : channel login, group 0, time 2015-01-17 09:36:43.512020')
('2015-01-17 10:32:31.511107', 'put_channel : channel tb0, group 1, time 2015-01-17 10:32:31.510909')
('2015-01-17 10:32:33.008458', 'put_channel : channel tb0, group 1, time 2015-01-17 10:32:33.008322')
('2015-01-17 10:32:34.510926', 'put_channel : channel tb0, group 1, time 2015-01-17 10:32:34.510778')
('2015-01-17 10:32:35.508690', 'put_channel : channel tb0, group 0, time 2015-01-17 10:32:35.508549')
('2015-01-17 10:32:36.008384', 'put_channel : channel tb0, group 1, time 2015-01-17 10:32:36.008262')
('2015-01-17 10:32:36.048385', 'put_channel : channel tb0, group 0, time 2015-01-17 10:32:36.048297')
('2015-01-17 10:32:37.512828', 'put_channel : channel tb0, group 0, time 2015-01-17 10:32:37.512691')
('2015-01-17 10:32:37.518042', 'put_channel : channel tb0, group 0, time 2015-01-17 10:32:37.517949')
('2015-01-17 10:32:38.509741', 'put_channel : channel tb0, group 1, time 2015-01-17 10:32:38.509599')
('2015-01-17 10:32:39.008661', 'put_channel : channel tb0, group 1, time 2015-01-17 10:32:39.008526')
('2015-01-17 10:32:40.506560', 'put_channel : channel tb0, group 1, time 2015-01-17 10:32:40.506446')
('2015-01-17 10:32:40.508578', 'put_channel : channel tb0, group 0, time 2015-01-17 10:32:40.508525')
('2015-01-17 10:32:42.008480', 'put_channel : channel tb0, group 1, time 2015-01-17 10:32:42.008352')
('2015-01-17 10:32:43.048796', 'put_channel : channel tb0, group 0, time 2015-01-17 10:32:43.048658')
('2015-01-17 10:32:43.508155', 'put_channel : channel tb0, group 1, time 2015-01-17 10:32:43.508031')
('2015-01-17 10:32:43.510300', 'put_channel : channel tb0, group 0, time 2015-01-17 10:32:43.510217')
('2015-01-17 10:32:45.009972', 'put_channel : channel tb0, group 1, time 2015-01-17 10:32:45.009837')
('2015-01-17 10:32:46.510674', 'put_channel : channel tb0, group 1, time 2015-01-17 10:32:46.510539')
('2015-01-17 10:32:46.512002', 'put_channel : channel tb0, group 0, time 2015-01-17 10:32:46.511908')
('2015-01-17 10:32:48.008573', 'put_channel : channel tb0, group 1, time 2015-01-17 10:32:48.008442')
('2015-01-17 10:32:48.049283', 'put_channel : channel tb0, group 0, time 2015-01-17 10:32:48.049194')
('2015-01-17 10:32:48.076897', 'put_channel : channel tb0, group 0, time 2015-01-17 10:32:48.076803')
('2015-01-17 10:32:49.510149', 'put_channel : channel tb0, group 1, time 2015-01-17 10:32:49.510004')
('2015-01-17 10:32:49.511461', 'put_channel : channel tb0, group 0, time 2015-01-17 10:32:49.511376')
('2015-01-17 10:32:51.006832', 'put_channel : channel tb0, group 1, time 2015-01-17 10:32:51.006729')
('2015-01-17 10:32:52.052971', 'put_channel : channel tb0, group 0, time 2015-01-17 10:32:52.052835')
('2015-01-17 10:32:52.508200', 'put_channel : channel tb0, group 1, time 2015-01-17 10:32:52.508095')
('2015-01-17 10:32:54.007243', 'put_channel : channel tb0, group 1, time 2015-01-17 10:32:54.007131')
('2015-01-17 10:32:55.509010', 'put_channel : channel tb0, group 1, time 2015-01-17 10:32:55.508875')
('2015-01-17 10:32:57.008430', 'put_channel : channel tb0, group 1, time 2015-01-17 10:32:57.008285')
('2015-01-17 10:32:58.509106', 'put_channel : channel tb0, group 1, time 2015-01-17 10:32:58.508970')
('2015-01-17 10:33:00.007905', 'put_channel : channel tb0, group 1, time 2015-01-17 10:33:00.007768')
('2015-01-17 10:33:01.508564', 'put_channel : channel tb0, group 1, time 2015-01-17 10:33:01.508432')
('2015-01-17 10:33:03.008595', 'put_channel : channel tb0, group 1, time 2015-01-17 10:33:03.008463')
('2015-01-17 10:33:04.510264', 'put_channel : channel tb0, group 1, time 2015-01-17 10:33:04.510128')
('2015-01-17 10:33:06.010653', 'put_channel : channel tb0, group 1, time 2015-01-17 10:33:06.010530')
('2015-01-17 10:33:07.509953', 'put_channel : channel tb0, group 1, time 2015-01-17 10:33:07.509817')
('2015-01-17 10:33:09.008085', 'put_channel : channel tb0, group 1, time 2015-01-17 10:33:09.007949')
('2015-01-17 10:33:10.508408', 'put_channel : channel tb0, group 1, time 2015-01-17 10:33:10.508273')
('2015-01-17 10:33:12.010519', 'put_channel : channel tb0, group 1, time 2015-01-17 10:33:12.010384')
('2015-01-17 10:33:13.508987', 'put_channel : channel tb0, group 1, time 2015-01-17 10:33:13.508852')
('2015-01-17 10:33:15.008834', 'put_channel : channel tb0, group 1, time 2015-01-17 10:33:15.008700')
('2015-01-17 10:33:46.540674', 'put_channel : channel tb0, group 1, time 2015-01-17 10:33:46.540562')
('2015-01-17 10:33:47.508216', 'put_channel : channel tb0, group 1, time 2015-01-17 10:33:47.508074')
('2015-01-17 10:33:47.517507', 'put_channel : channel tb0, group 1, time 2015-01-17 10:33:47.517413')
('2015-01-17 10:33:47.565267', 'put_channel : channel tb0, group 1, time 2015-01-17 10:33:47.565179')
('2015-01-17 10:33:48.008003', 'put_channel : channel tb0, group 1, time 2015-01-17 10:33:48.007876')
('2015-01-17 10:33:48.010418', 'put_channel : channel tb0, group 1, time 2015-01-17 10:33:48.010312')
('2015-01-17 10:33:48.027679', 'put_channel : channel tb0, group 1, time 2015-01-17 10:33:48.027590')
('2015-01-17 10:33:49.020075', 'put_channel : channel tb0, group 1, time 2015-01-17 10:33:49.019932')
('2015-01-17 10:33:49.067624', 'put_channel : channel tb0, group 1, time 2015-01-17 10:33:49.067530')
('2015-01-17 10:33:49.508459', 'put_channel : channel tb0, group 1, time 2015-01-17 10:33:49.508338')
('2015-01-17 10:33:49.533393', 'put_channel : channel tb0, group 1, time 2015-01-17 10:33:49.533305')
('2015-01-17 10:33:50.517875', 'put_channel : channel tb0, group 1, time 2015-01-17 10:33:50.517733')
('2015-01-17 10:33:50.573299', 'put_channel : channel tb0, group 1, time 2015-01-17 10:33:50.573206')
('2015-01-17 10:33:51.008505', 'put_channel : channel tb0, group 1, time 2015-01-17 10:33:51.008375')
('2015-01-17 10:33:51.035842', 'put_channel : channel tb0, group 1, time 2015-01-17 10:33:51.035753')
('2015-01-17 10:33:52.076562', 'put_channel : channel tb0, group 1, time 2015-01-17 10:33:52.076433')
('2015-01-17 10:33:52.509108', 'put_channel : channel tb0, group 1, time 2015-01-17 10:33:52.508984')
('2015-01-17 10:33:52.523915', 'put_channel : channel tb0, group 1, time 2015-01-17 10:33:52.523825')
('2015-01-17 10:33:53.549729', 'put_channel : channel tb0, group 1, time 2015-01-17 10:33:53.549589')
('2015-01-17 10:33:54.009182', 'put_channel : channel tb0, group 1, time 2015-01-17 10:33:54.009049')
('2015-01-17 10:33:54.028670', 'put_channel : channel tb0, group 1, time 2015-01-17 10:33:54.028578')
('2015-01-17 10:33:55.084054', 'put_channel : channel tb0, group 1, time 2015-01-17 10:33:55.083911')
('2015-01-17 10:33:55.510157', 'put_channel : channel tb0, group 1, time 2015-01-17 10:33:55.510028')
('2015-01-17 10:33:56.556080', 'put_channel : channel tb0, group 1, time 2015-01-17 10:33:56.555938')
('2015-01-17 10:34:02.376673', 'fd_channel : login[0] 1 login[1] 0 , tb0[0] 12 tb0[1] 53 , tb1[0] 0 tb1[1] 0')
('2015-01-17 10:34:02.378644', 'fd_channel : login[0] 1 login[1] 0 , tb0[0] 12 tb0[1] 52 , tb1[0] 0 tb1[1] 0')
('2015-01-17 10:34:02.380937', 'fd_channel : login[0] 1 login[1] 0 , tb0[0] 12 tb0[1] 51 , tb1[0] 0 tb1[1] 0')
('2015-01-17 10:34:02.383410', 'fd_channel : login[0] 1 login[1] 0 , tb0[0] 12 tb0[1] 50 , tb1[0] 0 tb1[1] 0')
('2015-01-17 10:34:02.385169', 'fd_channel : login[0] 1 login[1] 0 , tb0[0] 12 tb0[1] 49 , tb1[0] 0 tb1[1] 0')
('2015-01-17 10:34:02.388613', 'fd_channel : login[0] 1 login[1] 0 , tb0[0] 12 tb0[1] 48 , tb1[0] 0 tb1[1] 0')
('2015-01-17 10:34:02.390963', 'fd_channel : login[0] 1 login[1] 0 , tb0[0] 12 tb0[1] 47 , tb1[0] 0 tb1[1] 0')
('2015-01-17 10:34:02.392889', 'fd_channel : login[0] 1 login[1] 0 , tb0[0] 12 tb0[1] 46 , tb1[0] 0 tb1[1] 0')
('2015-01-17 10:34:02.394865', 'fd_channel : login[0] 1 login[1] 0 , tb0[0] 12 tb0[1] 45 , tb1[0] 0 tb1[1] 0')
('2015-01-17 10:34:22.388283', 'fd_channel : login[0] 1 login[1] 0 , tb0[0] 12 tb0[1] 44 , tb1[0] 0 tb1[1] 0')
('2015-01-17 10:34:22.390943', 'fd_channel : login[0] 1 login[1] 0 , tb0[0] 12 tb0[1] 43 , tb1[0] 0 tb1[1] 0')
('2015-01-17 10:34:22.393384', 'fd_channel : login[0] 1 login[1] 0 , tb0[0] 12 tb0[1] 42 , tb1[0] 0 tb1[1] 0')
('2015-01-17 10:34:22.397020', 'fd_channel : login[0] 1 login[1] 0 , tb0[0] 12 tb0[1] 41 , tb1[0] 0 tb1[1] 0')
('2015-01-17 10:34:22.401170', 'fd_channel : login[0] 1 login[1] 0 , tb0[0] 12 tb0[1] 40 , tb1[0] 0 tb1[1] 0')
('2015-01-17 10:34:22.403420', 'fd_channel : login[0] 1 login[1] 0 , tb0[0] 12 tb0[1] 39 , tb1[0] 0 tb1[1] 0')
('2015-01-17 10:34:22.404796', 'fd_channel : login[0] 1 login[1] 0 , tb0[0] 12 tb0[1] 38 , tb1[0] 0 tb1[1] 0')
('2015-01-17 10:34:22.407296', 'fd_channel : login[0] 1 login[1] 0 , tb0[0] 12 tb0[1] 37 , tb1[0] 0 tb1[1] 0')
('2015-01-17 10:34:22.409049', 'fd_channel : login[0] 1 login[1] 0 , tb0[0] 12 tb0[1] 36 , tb1[0] 0 tb1[1] 0')
('2015-01-17 10:34:27.036237', 'put_channel : channel tb0, group 1, time 2015-01-17 10:34:27.036100')
('2015-01-17 10:34:28.008373', 'put_channel : channel tb0, group 1, time 2015-01-17 10:34:28.008157')
('2015-01-17 10:34:28.019611', 'put_channel : channel tb0, group 1, time 2015-01-17 10:34:28.019522')
('2015-01-17 10:34:28.077501', 'put_channel : channel tb0, group 1, time 2015-01-17 10:34:28.077408')
('2015-01-17 10:34:28.510966', 'put_channel : channel tb0, group 1, time 2015-01-17 10:34:28.510876')
('2015-01-17 10:34:28.512794', 'put_channel : channel tb0, group 1, time 2015-01-17 10:34:28.512708')
('2015-01-17 10:34:42.393872', 'fd_channel : login[0] 1 login[1] 0 , tb0[0] 12 tb0[1] 41 , tb1[0] 0 tb1[1] 0')
('2015-01-17 10:34:42.397068', 'fd_channel : login[0] 1 login[1] 0 , tb0[0] 12 tb0[1] 40 , tb1[0] 0 tb1[1] 0')
('2015-01-17 10:34:42.400449', 'fd_channel : login[0] 1 login[1] 0 , tb0[0] 12 tb0[1] 39 , tb1[0] 0 tb1[1] 0')
('2015-01-17 10:34:42.408477', 'fd_channel : login[0] 1 login[1] 0 , tb0[0] 12 tb0[1] 38 , tb1[0] 0 tb1[1] 0')
('2015-01-17 10:34:42.409914', 'fd_channel : login[0] 1 login[1] 0 , tb0[0] 12 tb0[1] 37 , tb1[0] 0 tb1[1] 0')
('2015-01-17 10:34:42.412416', 'fd_channel : login[0] 1 login[1] 0 , tb0[0] 12 tb0[1] 36 , tb1[0] 0 tb1[1] 0')
('2015-01-17 10:34:42.415599', 'fd_channel : login[0] 1 login[1] 0 , tb0[0] 12 tb0[1] 35 , tb1[0] 0 tb1[1] 0')
('2015-01-17 10:34:42.419059', 'fd_channel : login[0] 1 login[1] 0 , tb0[0] 12 tb0[1] 34 , tb1[0] 0 tb1[1] 0')
('2015-01-17 10:34:42.420586', 'fd_channel : login[0] 1 login[1] 0 , tb0[0] 12 tb0[1] 33 , tb1[0] 0 tb1[1] 0')
('2015-01-17 10:35:00.007496', 'put_channel : channel tb0, group 1, time 2015-01-17 10:35:00.007385')
('2015-01-17 10:35:01.068095', 'put_channel : channel tb0, group 1, time 2015-01-17 10:35:01.067960')
('2015-01-17 10:35:01.509685', 'put_channel : channel tb0, group 1, time 2015-01-17 10:35:01.509586')
('2015-01-17 10:35:01.643982', 'put_channel : channel tb0, group 1, time 2015-01-17 10:35:01.643892')
('2015-01-17 10:35:02.396973', 'fd_channel : login[0] 1 login[1] 0 , tb0[0] 12 tb0[1] 36 , tb1[0] 0 tb1[1] 0')
('2015-01-17 10:35:02.400456', 'fd_channel : login[0] 1 login[1] 0 , tb0[0] 12 tb0[1] 35 , tb1[0] 0 tb1[1] 0')
('2015-01-17 10:35:02.404285', 'fd_channel : login[0] 1 login[1] 0 , tb0[0] 12 tb0[1] 34 , tb1[0] 0 tb1[1] 0')
('2015-01-17 10:35:02.415252', 'fd_channel : login[0] 1 login[1] 0 , tb0[0] 12 tb0[1] 33 , tb1[0] 0 tb1[1] 0')
('2015-01-17 10:35:02.419512', 'fd_channel : login[0] 1 login[1] 0 , tb0[0] 12 tb0[1] 32 , tb1[0] 0 tb1[1] 0')
('2015-01-17 10:35:02.420927', 'fd_channel : login[0] 1 login[1] 0 , tb0[0] 12 tb0[1] 31 , tb1[0] 0 tb1[1] 0')
('2015-01-17 10:35:02.425893', 'fd_channel : login[0] 1 login[1] 0 , tb0[0] 12 tb0[1] 30 , tb1[0] 0 tb1[1] 0')
('2015-01-17 10:35:02.429964', 'fd_channel : login[0] 1 login[1] 0 , tb0[0] 12 tb0[1] 29 , tb1[0] 0 tb1[1] 0')
('2015-01-17 10:35:02.435908', 'fd_channel : login[0] 1 login[1] 0 , tb0[0] 12 tb0[1] 28 , tb1[0] 0 tb1[1] 0')
('2015-01-17 10:35:02.572068', 'put_channel : channel tb0, group 1, time 2015-01-17 10:35:02.571977')
('2015-01-17 10:35:03.009526', 'put_channel : channel tb0, group 1, time 2015-01-17 10:35:03.009427')
('2015-01-17 10:35:03.117832', 'put_channel : channel tb0, group 1, time 2015-01-17 10:35:03.117720')
('2015-01-17 10:35:04.077645', 'put_channel : channel tb0, group 1, time 2015-01-17 10:35:04.077504')
('2015-01-17 10:35:04.508417', 'put_channel : channel tb0, group 1, time 2015-01-17 10:35:04.508317')
('2015-01-17 10:35:04.653247', 'put_channel : channel tb0, group 1, time 2015-01-17 10:35:04.653154')
('2015-01-17 10:35:05.548058', 'put_channel : channel tb0, group 1, time 2015-01-17 10:35:05.547917')
('2015-01-17 10:35:06.008296', 'put_channel : channel tb0, group 1, time 2015-01-17 10:35:06.008182')
('2015-01-17 10:35:06.125463', 'put_channel : channel tb0, group 1, time 2015-01-17 10:35:06.125367')
('2015-01-17 10:35:07.085905', 'put_channel : channel tb0, group 1, time 2015-01-17 10:35:07.085761')
('2015-01-17 10:35:07.510375', 'put_channel : channel tb0, group 1, time 2015-01-17 10:35:07.510269')
('2015-01-17 10:35:07.661581', 'put_channel : channel tb0, group 1, time 2015-01-17 10:35:07.661491')
('2015-01-17 10:35:08.192106', 'fd_channel : login[0] 1 login[1] 0 , tb0[0] 11 tb0[1] 39 , tb1[0] 0 tb1[1] 0')
('2015-01-17 10:35:08.309329', 'fd_channel : login[0] 1 login[1] 0 , tb0[0] 0 tb0[1] 38 , tb1[0] 0 tb1[1] 0')
('2015-01-17 10:35:08.557434', 'put_channel : channel tb0, group 1, time 2015-01-17 10:35:08.557343')
('2015-01-17 10:35:09.009690', 'put_channel : channel tb0, group 1, time 2015-01-17 10:35:09.009597')
('2015-01-17 10:35:09.133959', 'put_channel : channel tb0, group 1, time 2015-01-17 10:35:09.133868')
('2015-01-17 10:35:09.403589', 'fd_channel : login[0] 1 login[1] 0 , tb0[0] 0 tb0[1] 41 , tb1[0] 0 tb1[1] 0')
('2015-01-17 10:35:09.510087', 'fd_channel : login[0] 1 login[1] 0 , tb0[0] 0 tb0[1] 41 , tb1[0] 0 tb1[1] 0')
('2015-01-17 10:35:10.406579', 'fd_channel : login[0] 1 login[1] 0 , tb0[0] 0 tb0[1] 40 , tb1[0] 0 tb1[1] 0')
('2015-01-17 10:35:11.190625', 'fd_channel : login[0] 1 login[1] 0 , tb0[0] 0 tb0[1] 39 , tb1[0] 0 tb1[1] 0')
('2015-01-17 10:35:11.569711', 'fd_channel : login[0] 1 login[1] 0 , tb0[0] 0 tb0[1] 38 , tb1[0] 0 tb1[1] 0')
('2015-01-17 10:35:11.607348', 'fd_channel : login[0] 1 login[1] 0 , tb0[0] 0 tb0[1] 38 , tb1[0] 0 tb1[1] 0')
('2015-01-17 10:35:12.391283', 'fd_channel : login[0] 1 login[1] 0 , tb0[0] 0 tb0[1] 38 , tb1[0] 0 tb1[1] 0')
('2015-01-17 10:35:12.409679', 'fd_channel : login[0] 1 login[1] 0 , tb0[0] 0 tb0[1] 37 , tb1[0] 0 tb1[1] 0')
('2015-01-17 10:35:12.770325', 'fd_channel : login[0] 1 login[1] 0 , tb0[0] 0 tb0[1] 37 , tb1[0] 0 tb1[1] 0')
('2015-01-17 10:35:13.193901', 'fd_channel : login[0] 1 login[1] 0 , tb0[0] 0 tb0[1] 36 , tb1[0] 0 tb1[1] 0')
('2015-01-17 10:35:13.572975', 'fd_channel : login[0] 1 login[1] 0 , tb0[0] 0 tb0[1] 35 , tb1[0] 0 tb1[1] 0')
('2015-01-17 10:35:13.610721', 'fd_channel : login[0] 1 login[1] 0 , tb0[0] 0 tb0[1] 35 , tb1[0] 0 tb1[1] 0')
('2015-01-17 10:35:14.395230', 'fd_channel : login[0] 1 login[1] 0 , tb0[0] 0 tb0[1] 35 , tb1[0] 0 tb1[1] 0')
('2015-01-17 10:35:14.483162', 'fd_channel : login[0] 1 login[1] 0 , tb0[0] 0 tb0[1] 34 , tb1[0] 0 tb1[1] 0')
('2015-01-17 10:35:14.773918', 'fd_channel : login[0] 1 login[1] 0 , tb0[0] 0 tb0[1] 34 , tb1[0] 0 tb1[1] 0')
('2015-01-17 10:35:15.684584', 'fd_channel : login[0] 1 login[1] 0 , tb0[0] 0 tb0[1] 34 , tb1[0] 0 tb1[1] 0')
('2015-01-17 10:35:15.850893', 'fd_channel : login[0] 1 login[1] 0 , tb0[0] 0 tb0[1] 33 , tb1[0] 0 tb1[1] 0')
('2015-01-17 10:35:16.485925', 'fd_channel : login[0] 1 login[1] 0 , tb0[0] 0 tb0[1] 32 , tb1[0] 0 tb1[1] 0')
('2015-01-17 10:35:17.051932', 'fd_channel : login[0] 1 login[1] 0 , tb0[0] 0 tb0[1] 32 , tb1[0] 0 tb1[1] 0')
('2015-01-17 10:35:17.687651', 'fd_channel : login[0] 1 login[1] 0 , tb0[0] 0 tb0[1] 32 , tb1[0] 0 tb1[1] 0')
('2015-01-17 10:35:17.853991', 'fd_channel : login[0] 1 login[1] 0 , tb0[0] 0 tb0[1] 31 , tb1[0] 0 tb1[1] 0')
('2015-01-17 10:35:19.055536', 'fd_channel : login[0] 1 login[1] 0 , tb0[0] 0 tb0[1] 31 , tb1[0] 0 tb1[1] 0')
('2015-01-17 10:35:19.637455', 'fd_channel : login[0] 1 login[1] 0 , tb0[0] 0 tb0[1] 30 , tb1[0] 0 tb1[1] 0')
('2015-01-17 10:35:20.838687', 'fd_channel : login[0] 1 login[1] 0 , tb0[0] 0 tb0[1] 30 , tb1[0] 0 tb1[1] 0')
('2015-01-17 10:35:21.641221', 'fd_channel : login[0] 1 login[1] 0 , tb0[0] 0 tb0[1] 29 , tb1[0] 0 tb1[1] 0')
('2015-01-17 10:35:22.842700', 'fd_channel : login[0] 1 login[1] 0 , tb0[0] 0 tb0[1] 29 , tb1[0] 0 tb1[1] 0')
('2015-01-17 10:35:32.394078', 'fd_channel : login[0] 1 login[1] 0 , tb0[0] 0 tb0[1] 28 , tb1[0] 0 tb1[1] 0')
('2015-01-17 10:35:33.596261', 'fd_channel : login[0] 1 login[1] 0 , tb0[0] 0 tb0[1] 28 , tb1[0] 0 tb1[1] 0')
('2015-01-17 10:35:34.396942', 'fd_channel : login[0] 1 login[1] 0 , tb0[0] 0 tb0[1] 27 , tb1[0] 0 tb1[1] 0')
('2015-01-17 10:35:35.598327', 'fd_channel : login[0] 1 login[1] 0 , tb0[0] 0 tb0[1] 27 , tb1[0] 0 tb1[1] 0')
('2015-01-17 10:35:40.511216', 'put_channel : channel tb0, group 1, time 2015-01-17 10:35:40.511164')
('2015-01-17 10:35:40.539262', 'put_channel : channel tb0, group 1, time 2015-01-17 10:35:40.539210')
('2015-01-17 10:35:41.516181', 'put_channel : channel tb0, group 1, time 2015-01-17 10:35:41.516039')
('2015-01-17 10:35:41.581494', 'put_channel : channel tb0, group 1, time 2015-01-17 10:35:41.581404')
('2015-01-17 10:35:42.010319', 'put_channel : channel tb0, group 1, time 2015-01-17 10:35:42.009402')
('2015-01-17 10:35:42.012643', 'put_channel : channel tb0, group 1, time 2015-01-17 10:35:42.012557')
('2015-01-17 10:35:42.027793', 'put_channel : channel tb0, group 1, time 2015-01-17 10:35:42.027660')
('2015-01-17 10:35:42.091925', 'put_channel : channel tb0, group 1, time 2015-01-17 10:35:42.091835')
('2015-01-17 10:35:43.022010', 'put_channel : channel tb0, group 1, time 2015-01-17 10:35:43.021816')
('2015-01-17 10:35:43.053688', 'put_channel : channel tb0, group 1, time 2015-01-17 10:35:43.053595')
('2015-01-17 10:35:43.508179', 'put_channel : channel tb0, group 1, time 2015-01-17 10:35:43.508049')
('2015-01-17 10:35:44.412371', 'fd_channel : login[0] 1 login[1] 0 , tb0[0] 0 tb0[1] 37 , tb1[0] 0 tb1[1] 0')
('2015-01-17 10:35:45.197344', 'fd_channel : login[0] 1 login[1] 0 , tb0[0] 0 tb0[1] 36 , tb1[0] 0 tb1[1] 0')
('2015-01-17 10:35:45.576374', 'fd_channel : login[0] 1 login[1] 0 , tb0[0] 0 tb0[1] 35 , tb1[0] 0 tb1[1] 0')
('2015-01-17 10:35:48.489431', 'fd_channel : login[0] 1 login[1] 0 , tb0[0] 0 tb0[1] 34 , tb1[0] 0 tb1[1] 0')
('2015-01-17 10:35:49.857009', 'fd_channel : login[0] 1 login[1] 0 , tb0[0] 0 tb0[1] 33 , tb1[0] 0 tb1[1] 0')
('2015-01-17 10:35:53.644513', 'fd_channel : login[0] 1 login[1] 0 , tb0[0] 0 tb0[1] 32 , tb1[0] 0 tb1[1] 0')
('2015-01-17 10:36:04.414985', 'fd_channel : login[0] 1 login[1] 0 , tb0[0] 0 tb0[1] 31 , tb1[0] 0 tb1[1] 0')
('2015-01-17 10:36:05.201241', 'fd_channel : login[0] 1 login[1] 0 , tb0[0] 0 tb0[1] 30 , tb1[0] 0 tb1[1] 0')
('2015-01-17 10:36:05.579692', 'fd_channel : login[0] 1 login[1] 0 , tb0[0] 0 tb0[1] 29 , tb1[0] 0 tb1[1] 0')
('2015-01-17 10:36:06.399646', 'fd_channel : login[0] 1 login[1] 0 , tb0[0] 0 tb0[1] 28 , tb1[0] 0 tb1[1] 0')
('2015-01-17 10:36:08.496645', 'fd_channel : login[0] 1 login[1] 0 , tb0[0] 0 tb0[1] 27 , tb1[0] 0 tb1[1] 0')
('2015-01-17 10:36:09.860327', 'fd_channel : login[0] 1 login[1] 0 , tb0[0] 0 tb0[1] 26 , tb1[0] 0 tb1[1] 0')
('2015-01-17 10:36:13.647340', 'fd_channel : login[0] 1 login[1] 0 , tb0[0] 0 tb0[1] 25 , tb1[0] 0 tb1[1] 0')
('2015-01-17 10:36:14.511541', 'put_channel : channel tb0, group 1, time 2015-01-17 10:36:14.511473')
('2015-01-17 10:36:14.523286', 'put_channel : channel tb0, group 1, time 2015-01-17 10:36:14.523224')
('2015-01-17 10:36:15.010407', 'put_channel : channel tb0, group 1, time 2015-01-17 10:36:15.010250')
('2015-01-17 10:36:16.076039', 'put_channel : channel tb0, group 1, time 2015-01-17 10:36:16.075924')
('2015-01-17 10:36:16.508418', 'put_channel : channel tb0, group 1, time 2015-01-17 10:36:16.508310')
('2015-01-17 10:36:16.541674', 'put_channel : channel tb0, group 1, time 2015-01-17 10:36:16.541585')
('2015-01-17 10:36:16.653694', 'put_channel : channel tb0, group 1, time 2015-01-17 10:36:16.653605')
('2015-01-17 10:36:17.517630', 'put_channel : channel tb0, group 1, time 2015-01-17 10:36:17.517535')
('2015-01-17 10:36:17.547636', 'put_channel : channel tb0, group 1, time 2015-01-17 10:36:17.547543')
('2015-01-17 10:36:18.011025', 'put_channel : channel tb0, group 1, time 2015-01-17 10:36:18.010929')
('2015-01-17 10:36:18.123759', 'put_channel : channel tb0, group 1, time 2015-01-17 10:36:18.123626')
('2015-01-17 10:36:18.484756', 'fd_channel : login[0] 1 login[1] 0 , tb0[0] 0 tb0[1] 35 , tb1[0] 0 tb1[1] 0')
('2015-01-17 10:36:19.085837', 'put_channel : channel tb0, group 1, time 2015-01-17 10:36:19.085738')
('2015-01-17 10:36:19.507416', 'put_channel : channel tb0, group 1, time 2015-01-17 10:36:19.507125')
('2015-01-17 10:36:19.531869', 'put_channel : channel tb0, group 1, time 2015-01-17 10:36:19.531781')
('2015-01-17 10:36:19.595593', 'put_channel : channel tb0, group 1, time 2015-01-17 10:36:19.595500')
('2015-01-17 10:36:19.685554', 'fd_channel : login[0] 1 login[1] 0 , tb0[0] 0 tb0[1] 39 , tb1[0] 0 tb1[1] 0')
('2015-01-17 10:36:20.488111', 'fd_channel : login[0] 1 login[1] 0 , tb0[0] 0 tb0[1] 38 , tb1[0] 0 tb1[1] 0')
('2015-01-17 10:36:20.555762', 'put_channel : channel tb0, group 1, time 2015-01-17 10:36:20.555619')
('2015-01-17 10:36:21.010199', 'put_channel : channel tb0, group 1, time 2015-01-17 10:36:21.010089')
('2015-01-17 10:36:21.131814', 'put_channel : channel tb0, group 1, time 2015-01-17 10:36:21.131687')
('2015-01-17 10:36:21.400874', 'fd_channel : login[0] 1 login[1] 0 , tb0[0] 0 tb0[1] 40 , tb1[0] 0 tb1[1] 0')
('2015-01-17 10:36:21.689681', 'fd_channel : login[0] 1 login[1] 0 , tb0[0] 0 tb0[1] 40 , tb1[0] 0 tb1[1] 0')
('2015-01-17 10:36:22.062490', 'put_channel : channel tb0, group 1, time 2015-01-17 10:36:22.062359')
('2015-01-17 10:36:22.602166', 'fd_channel : login[0] 1 login[1] 0 , tb0[0] 0 tb0[1] 41 , tb1[0] 0 tb1[1] 0')
('2015-01-17 10:36:27.033630', 'fd_channel : login[0] 1 login[1] 0 , tb0[0] 0 tb0[1] 40 , tb1[0] 0 tb1[1] 0')
('2015-01-17 10:36:27.047993', 'fd_channel : login[0] 1 login[1] 0 , tb0[0] 0 tb0[1] 39 , tb1[0] 0 tb1[1] 0')
('2015-01-17 10:36:27.177384', 'fd_channel : login[0] 1 login[1] 0 , tb0[0] 0 tb0[1] 38 , tb1[0] 0 tb1[1] 0')
('2015-01-17 10:36:28.234871', 'fd_channel : login[0] 1 login[1] 0 , tb0[0] 0 tb0[1] 38 , tb1[0] 0 tb1[1] 0')
('2015-01-17 10:36:28.248849', 'fd_channel : login[0] 1 login[1] 0 , tb0[0] 0 tb0[1] 38 , tb1[0] 0 tb1[1] 0')
('2015-01-17 10:36:28.378002', 'fd_channel : login[0] 1 login[1] 0 , tb0[0] 0 tb0[1] 38 , tb1[0] 0 tb1[1] 0')
('2015-01-17 10:36:29.037640', 'fd_channel : login[0] 1 login[1] 0 , tb0[0] 0 tb0[1] 37 , tb1[0] 0 tb1[1] 0')
('2015-01-17 10:36:29.050936', 'fd_channel : login[0] 1 login[1] 0 , tb0[0] 0 tb0[1] 36 , tb1[0] 0 tb1[1] 0')
('2015-01-17 10:36:29.180494', 'fd_channel : login[0] 1 login[1] 0 , tb0[0] 0 tb0[1] 35 , tb1[0] 0 tb1[1] 0')
('2015-01-17 10:36:30.238995', 'fd_channel : login[0] 1 login[1] 0 , tb0[0] 0 tb0[1] 35 , tb1[0] 0 tb1[1] 0')
('2015-01-17 10:36:30.252011', 'fd_channel : login[0] 1 login[1] 0 , tb0[0] 0 tb0[1] 35 , tb1[0] 0 tb1[1] 0')
('2015-01-17 10:36:30.381423', 'fd_channel : login[0] 1 login[1] 0 , tb0[0] 0 tb0[1] 35 , tb1[0] 0 tb1[1] 0')
('2015-01-17 10:36:30.680158', 'fd_channel : login[0] 1 login[1] 0 , tb0[0] 0 tb0[1] 34 , tb1[0] 0 tb1[1] 0')
('2015-01-17 10:36:31.881538', 'fd_channel : login[0] 1 login[1] 0 , tb0[0] 0 tb0[1] 34 , tb1[0] 0 tb1[1] 0')
('2015-01-17 10:36:32.683371', 'fd_channel : login[0] 1 login[1] 0 , tb0[0] 0 tb0[1] 33 , tb1[0] 0 tb1[1] 0')
('2015-01-17 10:36:33.884979', 'fd_channel : login[0] 1 login[1] 0 , tb0[0] 0 tb0[1] 33 , tb1[0] 0 tb1[1] 0')
('2015-01-17 10:36:37.263280', 'fd_channel : login[0] 1 login[1] 0 , tb0[0] 0 tb0[1] 32 , tb1[0] 0 tb1[1] 0')
('2015-01-17 10:36:38.464584', 'fd_channel : login[0] 1 login[1] 0 , tb0[0] 0 tb0[1] 32 , tb1[0] 0 tb1[1] 0')
('2015-01-17 10:36:39.266659', 'fd_channel : login[0] 1 login[1] 0 , tb0[0] 0 tb0[1] 31 , tb1[0] 0 tb1[1] 0')
('2015-01-17 10:36:40.467821', 'fd_channel : login[0] 1 login[1] 0 , tb0[0] 0 tb0[1] 31 , tb1[0] 0 tb1[1] 0')
('2015-01-17 10:36:52.490677', 'fd_channel : login[0] 1 login[1] 0 , tb0[0] 0 tb0[1] 30 , tb1[0] 0 tb1[1] 0')
('2015-01-17 10:36:52.541031', 'put_channel : channel tb0, group 1, time 2015-01-17 10:36:52.540942')
('2015-01-17 10:36:53.506383', 'put_channel : channel tb0, group 1, time 2015-01-17 10:36:53.506239')
('2015-01-17 10:36:53.521254', 'put_channel : channel tb0, group 1, time 2015-01-17 10:36:53.521167')
('2015-01-17 10:36:53.581326', 'put_channel : channel tb0, group 1, time 2015-01-17 10:36:53.581227')
('2015-01-17 10:36:54.006618', 'put_channel : channel tb0, group 1, time 2015-01-17 10:36:54.006518')
('2015-01-17 10:36:54.007537', 'put_channel : channel tb0, group 1, time 2015-01-17 10:36:54.007483')
('2015-01-17 10:36:54.027672', 'put_channel : channel tb0, group 1, time 2015-01-17 10:36:54.027585')
('2015-01-17 10:36:55.021595', 'put_channel : channel tb0, group 1, time 2015-01-17 10:36:55.021499')
('2015-01-17 10:36:55.053517', 'put_channel : channel tb0, group 1, time 2015-01-17 10:36:55.053429')
('2015-01-17 10:36:55.508663', 'put_channel : channel tb0, group 1, time 2015-01-17 10:36:55.508533')
('2015-01-17 10:36:55.531913', 'put_channel : channel tb0, group 1, time 2015-01-17 10:36:55.531823')
('2015-01-17 10:36:57.256924', 'fd_channel : login[0] 1 login[1] 0 , tb0[0] 0 tb0[1] 40 , tb1[0] 0 tb1[1] 0')
('2015-01-17 10:36:58.458261', 'fd_channel : login[0] 1 login[1] 0 , tb0[0] 0 tb0[1] 40 , tb1[0] 0 tb1[1] 0')
('2015-01-17 10:36:59.260631', 'fd_channel : login[0] 1 login[1] 0 , tb0[0] 0 tb0[1] 39 , tb1[0] 0 tb1[1] 0')
('2015-01-17 10:37:00.461765', 'fd_channel : login[0] 1 login[1] 0 , tb0[0] 0 tb0[1] 39 , tb1[0] 0 tb1[1] 0')
('2015-01-17 10:37:01.042358', 'fd_channel : login[0] 1 login[1] 0 , tb0[0] 0 tb0[1] 38 , tb1[0] 0 tb1[1] 0')
('2015-01-17 10:37:04.686535', 'fd_channel : login[0] 1 login[1] 0 , tb0[0] 0 tb0[1] 37 , tb1[0] 0 tb1[1] 0')
('2015-01-17 10:37:07.148915', 'fd_channel : login[0] 1 login[1] 0 , tb0[0] 0 tb0[1] 36 , tb1[0] 0 tb1[1] 0')
('2015-01-17 10:37:07.574524', 'fd_channel : login[0] 1 login[1] 0 , tb0[0] 0 tb0[1] 35 , tb1[0] 0 tb1[1] 0')
('2015-01-17 10:37:07.667571', 'fd_channel : login[0] 1 login[1] 0 , tb0[0] 0 tb0[1] 34 , tb1[0] 0 tb1[1] 0')
('2015-01-17 10:37:07.762625', 'fd_channel : login[0] 1 login[1] 0 , tb0[0] 0 tb0[1] 33 , tb1[0] 0 tb1[1] 0')
('2015-01-17 10:37:08.011026', 'fd_channel : login[0] 1 login[1] 0 , tb0[0] 0 tb0[1] 32 , tb1[0] 0 tb1[1] 0')
('2015-01-17 10:37:08.123217', 'fd_channel : login[0] 1 login[1] 0 , tb0[0] 0 tb0[1] 31 , tb1[0] 0 tb1[1] 0')
('2015-01-17 10:37:08.140622', 'fd_channel : login[0] 1 login[1] 0 , tb0[0] 0 tb0[1] 30 , tb1[0] 0 tb1[1] 0')
('2015-01-17 10:37:09.176581', 'fd_channel : login[0] 1 login[1] 0 , tb0[0] 0 tb0[1] 29 , tb1[0] 0 tb1[1] 0')
('2015-01-17 10:37:11.269730', 'fd_channel : login[0] 1 login[1] 0 , tb0[0] 0 tb0[1] 28 , tb1[0] 0 tb1[1] 0')
('2015-01-17 10:37:21.045154', 'fd_channel : login[0] 1 login[1] 0 , tb0[0] 0 tb0[1] 27 , tb1[0] 0 tb1[1] 0')
('2015-01-17 10:37:24.689680', 'fd_channel : login[0] 1 login[1] 0 , tb0[0] 0 tb0[1] 26 , tb1[0] 0 tb1[1] 0')
('2015-01-17 10:37:27.006780', 'put_channel : channel tb0, group 1, time 2015-01-17 10:37:27.006668')
('2015-01-17 10:37:27.011058', 'put_channel : channel tb0, group 1, time 2015-01-17 10:37:27.011008')
('2015-01-17 10:37:27.037358', 'put_channel : channel tb0, group 1, time 2015-01-17 10:37:27.037233')
('2015-01-17 10:37:27.391967', 'fd_channel : login[0] 1 login[1] 0 , tb0[0] 0 tb0[1] 28 , tb1[0] 0 tb1[1] 0')
('2015-01-17 10:37:28.012364', 'put_channel : channel tb0, group 1, time 2015-01-17 10:37:28.012219')
('2015-01-17 10:37:28.075780', 'put_channel : channel tb0, group 1, time 2015-01-17 10:37:28.075641')
('2015-01-17 10:37:28.506532', 'put_channel : channel tb0, group 1, time 2015-01-17 10:37:28.506434')
('2015-01-17 10:37:28.651973', 'put_channel : channel tb0, group 1, time 2015-01-17 10:37:28.651840')
('2015-01-17 10:37:29.549500', 'put_channel : channel tb0, group 1, time 2015-01-17 10:37:29.549382')
('2015-01-17 10:37:30.006501', 'put_channel : channel tb0, group 1, time 2015-01-17 10:37:30.006402')
('2015-01-17 10:37:30.028925', 'put_channel : channel tb0, group 1, time 2015-01-17 10:37:30.028875')
('2015-01-17 10:37:30.123204', 'put_channel : channel tb0, group 1, time 2015-01-17 10:37:30.123146')
('2015-01-17 10:37:31.085951', 'put_channel : channel tb0, group 1, time 2015-01-17 10:37:31.085804')
('2015-01-17 10:37:31.263648', 'fd_channel : login[0] 1 login[1] 0 , tb0[0] 0 tb0[1] 36 , tb1[0] 0 tb1[1] 0')
('2015-01-17 10:37:31.272240', 'fd_channel : login[0] 1 login[1] 0 , tb0[0] 0 tb0[1] 35 , tb1[0] 0 tb1[1] 0')
('2015-01-17 10:37:31.508340', 'put_channel : channel tb0, group 1, time 2015-01-17 10:37:31.508215')
('2015-01-17 10:37:31.659988', 'put_channel : channel tb0, group 1, time 2015-01-17 10:37:31.659895')
('2015-01-17 10:37:32.558020', 'put_channel : channel tb0, group 1, time 2015-01-17 10:37:32.557880')
('2015-01-17 10:37:33.008745', 'put_channel : channel tb0, group 1, time 2015-01-17 10:37:33.008617')
('2015-01-17 10:37:33.037611', 'put_channel : channel tb0, group 1, time 2015-01-17 10:37:33.037519')
('2015-01-17 10:37:33.136232', 'put_channel : channel tb0, group 1, time 2015-01-17 10:37:33.136144')
('2015-01-17 10:37:33.231326', 'fd_channel : login[0] 1 login[1] 0 , tb0[0] 0 tb0[1] 40 , tb1[0] 0 tb1[1] 0')
('2015-01-17 10:37:34.432678', 'fd_channel : login[0] 1 login[1] 0 , tb0[0] 0 tb0[1] 40 , tb1[0] 0 tb1[1] 0')
('2015-01-17 10:37:34.508553', 'put_channel : channel tb0, group 1, time 2015-01-17 10:37:34.508464')
('2015-01-17 10:37:35.234630', 'fd_channel : login[0] 1 login[1] 0 , tb0[0] 0 tb0[1] 40 , tb1[0] 0 tb1[1] 0')
('2015-01-17 10:37:36.436055', 'fd_channel : login[0] 1 login[1] 0 , tb0[0] 0 tb0[1] 40 , tb1[0] 0 tb1[1] 0')
('2015-01-17 10:37:42.113663', 'fd_channel : login[0] 1 login[1] 0 , tb0[0] 0 tb0[1] 39 , tb1[0] 0 tb1[1] 0')
('2015-01-17 10:37:43.314909', 'fd_channel : login[0] 1 login[1] 0 , tb0[0] 0 tb0[1] 39 , tb1[0] 0 tb1[1] 0')
('2015-01-17 10:37:44.117115', 'fd_channel : login[0] 1 login[1] 0 , tb0[0] 0 tb0[1] 38 , tb1[0] 0 tb1[1] 0')
('2015-01-17 10:37:45.318727', 'fd_channel : login[0] 1 login[1] 0 , tb0[0] 0 tb0[1] 38 , tb1[0] 0 tb1[1] 0')
('2015-01-17 10:37:47.395602', 'fd_channel : login[0] 1 login[1] 0 , tb0[0] 0 tb0[1] 37 , tb1[0] 0 tb1[1] 0')
('2015-01-17 10:37:47.453213', 'fd_channel : login[0] 1 login[1] 0 , tb0[0] 0 tb0[1] 36 , tb1[0] 0 tb1[1] 0')
('2015-01-17 10:37:48.654175', 'fd_channel : login[0] 1 login[1] 0 , tb0[0] 0 tb0[1] 36 , tb1[0] 0 tb1[1] 0')
('2015-01-17 10:37:49.456468', 'fd_channel : login[0] 1 login[1] 0 , tb0[0] 0 tb0[1] 35 , tb1[0] 0 tb1[1] 0')
('2015-01-17 10:37:50.657914', 'fd_channel : login[0] 1 login[1] 0 , tb0[0] 0 tb0[1] 35 , tb1[0] 0 tb1[1] 0')
('2015-01-17 10:38:05.508059', 'put_channel : channel tb0, group 1, time 2015-01-17 10:38:05.507905')
('2015-01-17 10:38:05.517540', 'put_channel : channel tb0, group 1, time 2015-01-17 10:38:05.517452')
('2015-01-17 10:38:06.010654', 'put_channel : channel tb0, group 1, time 2015-01-17 10:38:06.010558')
('2015-01-17 10:38:06.012958', 'put_channel : channel tb0, group 1, time 2015-01-17 10:38:06.012871')
('2015-01-17 10:38:06.029402', 'put_channel : channel tb0, group 1, time 2015-01-17 10:38:06.029313')
('2015-01-17 10:38:07.020150', 'put_channel : channel tb0, group 1, time 2015-01-17 10:38:07.020004')
('2015-01-17 10:38:07.052037', 'put_channel : channel tb0, group 1, time 2015-01-17 10:38:07.051944')
('2015-01-17 10:38:07.237662', 'fd_channel : login[0] 1 login[1] 0 , tb0[0] 0 tb0[1] 41 , tb1[0] 0 tb1[1] 0')
('2015-01-17 10:38:07.398013', 'fd_channel : login[0] 1 login[1] 0 , tb0[0] 0 tb0[1] 40 , tb1[0] 0 tb1[1] 0')
('2015-01-17 10:38:07.508058', 'put_channel : channel tb0, group 1, time 2015-01-17 10:38:07.507962')
('2015-01-17 10:38:07.531909', 'put_channel : channel tb0, group 1, time 2015-01-17 10:38:07.531811')
('2015-01-17 10:38:08.524201', 'put_channel : channel tb0, group 1, time 2015-01-17 10:38:08.524064')
('2015-01-17 10:38:08.588002', 'put_channel : channel tb0, group 1, time 2015-01-17 10:38:08.587910')
('2015-01-17 10:38:16.123405', 'fd_channel : login[0] 1 login[1] 0 , tb0[0] 0 tb0[1] 40 , tb1[0] 0 tb1[1] 0')
('2015-01-17 10:38:17.018212', 'fd_channel : login[0] 1 login[1] 0 , tb0[0] 0 tb0[1] 39 , tb1[0] 0 tb1[1] 0')
('2015-01-17 10:38:17.468560', 'fd_channel : login[0] 1 login[1] 0 , tb0[0] 0 tb0[1] 38 , tb1[0] 0 tb1[1] 0')
('2015-01-17 10:38:18.218926', 'fd_channel : login[0] 1 login[1] 0 , tb0[0] 0 tb0[1] 38 , tb1[0] 0 tb1[1] 0')
('2015-01-17 10:38:18.669690', 'fd_channel : login[0] 1 login[1] 0 , tb0[0] 0 tb0[1] 38 , tb1[0] 0 tb1[1] 0')
('2015-01-17 10:38:19.021393', 'fd_channel : login[0] 1 login[1] 0 , tb0[0] 0 tb0[1] 37 , tb1[0] 0 tb1[1] 0')
('2015-01-17 10:38:19.472121', 'fd_channel : login[0] 1 login[1] 0 , tb0[0] 0 tb0[1] 36 , tb1[0] 0 tb1[1] 0')
('2015-01-17 10:38:20.222328', 'fd_channel : login[0] 1 login[1] 0 , tb0[0] 0 tb0[1] 36 , tb1[0] 0 tb1[1] 0')
('2015-01-17 10:38:20.673310', 'fd_channel : login[0] 1 login[1] 0 , tb0[0] 0 tb0[1] 36 , tb1[0] 0 tb1[1] 0')
('2015-01-17 10:38:21.460139', 'fd_channel : login[0] 1 login[1] 0 , tb0[0] 0 tb0[1] 35 , tb1[0] 0 tb1[1] 0')
('2015-01-17 10:38:36.123312', 'fd_channel : login[0] 1 login[1] 0 , tb0[0] 0 tb0[1] 34 , tb1[0] 0 tb1[1] 0')
('2015-01-17 10:38:40.005140', 'put_channel : channel tb0, group 1, time 2015-01-17 10:38:40.004992')
('2015-01-17 10:38:40.077678', 'put_channel : channel tb0, group 1, time 2015-01-17 10:38:40.077572')
('2015-01-17 10:38:40.507045', 'put_channel : channel tb0, group 1, time 2015-01-17 10:38:40.506941')
('2015-01-17 10:38:40.507511', 'put_channel : channel tb0, group 1, time 2015-01-17 10:38:40.507458')
('2015-01-17 10:38:40.539331', 'put_channel : channel tb0, group 1, time 2015-01-17 10:38:40.539270')
('2015-01-17 10:38:41.463528', 'fd_channel : login[0] 1 login[1] 0 , tb0[0] 0 tb0[1] 38 , tb1[0] 0 tb1[1] 0')
('2015-01-17 10:38:41.516076', 'put_channel : channel tb0, group 1, time 2015-01-17 10:38:41.515987')
('2015-01-17 10:38:41.547753', 'put_channel : channel tb0, group 1, time 2015-01-17 10:38:41.547624')
('2015-01-17 10:38:42.007854', 'put_channel : channel tb0, group 1, time 2015-01-17 10:38:42.007754')
('2015-01-17 10:38:42.125581', 'put_channel : channel tb0, group 1, time 2015-01-17 10:38:42.125491')
('2015-01-17 10:38:43.085359', 'put_channel : channel tb0, group 1, time 2015-01-17 10:38:43.085262')
('2015-01-17 10:38:43.509223', 'put_channel : channel tb0, group 1, time 2015-01-17 10:38:43.509132')
('2015-01-17 10:38:43.533458', 'put_channel : channel tb0, group 1, time 2015-01-17 10:38:43.533367')
('2015-01-17 10:38:43.595759', 'put_channel : channel tb0, group 1, time 2015-01-17 10:38:43.595630')
('2015-01-17 10:38:44.557345', 'put_channel : channel tb0, group 1, time 2015-01-17 10:38:44.557211')
('2015-01-17 10:38:45.008517', 'put_channel : channel tb0, group 1, time 2015-01-17 10:38:45.008397')
('2015-01-17 10:38:45.131838', 'put_channel : channel tb0, group 1, time 2015-01-17 10:38:45.131704')
('2015-01-17 10:38:46.061864', 'put_channel : channel tb0, group 1, time 2015-01-17 10:38:46.061720')
('2015-01-17 10:38:46.510106', 'put_channel : channel tb0, group 1, time 2015-01-17 10:38:46.509994')
('2015-01-17 10:38:46.541477', 'put_channel : channel tb0, group 1, time 2015-01-17 10:38:46.541386')
('2015-01-17 10:38:50.937812', 'fd_channel : login[0] 1 login[1] 0 , tb0[0] 0 tb0[1] 48 , tb1[0] 0 tb1[1] 0')
('2015-01-17 10:38:50.939280', 'fd_channel : login[0] 1 login[1] 0 , tb0[0] 0 tb0[1] 47 , tb1[0] 0 tb1[1] 0')
('2015-01-17 10:38:51.024464', 'fd_channel : login[0] 1 login[1] 0 , tb0[0] 0 tb0[1] 46 , tb1[0] 0 tb1[1] 0')
('2015-01-17 10:38:53.051460', 'fd_channel : login[0] 1 login[1] 0 , tb0[0] 0 tb0[1] 45 , tb1[0] 0 tb1[1] 0')
('2015-01-17 10:38:54.253069', 'fd_channel : login[0] 1 login[1] 0 , tb0[0] 0 tb0[1] 45 , tb1[0] 0 tb1[1] 0')
('2015-01-17 10:38:55.054866', 'fd_channel : login[0] 1 login[1] 0 , tb0[0] 0 tb0[1] 44 , tb1[0] 0 tb1[1] 0')
('2015-01-17 10:38:56.256181', 'fd_channel : login[0] 1 login[1] 0 , tb0[0] 0 tb0[1] 44 , tb1[0] 0 tb1[1] 0')
('2015-01-17 10:39:00.747311', 'fd_channel : login[0] 1 login[1] 0 , tb0[0] 0 tb0[1] 43 , tb1[0] 0 tb1[1] 0')
('2015-01-17 10:39:01.948204', 'fd_channel : login[0] 1 login[1] 0 , tb0[0] 0 tb0[1] 43 , tb1[0] 0 tb1[1] 0')
('2015-01-17 10:39:11.027494', 'fd_channel : login[0] 1 login[1] 0 , tb0[0] 0 tb0[1] 42 , tb1[0] 0 tb1[1] 0')
('2015-01-17 10:39:17.509356', 'put_channel : channel tb0, group 1, time 2015-01-17 10:39:17.509258')
('2015-01-17 10:39:17.515692', 'put_channel : channel tb0, group 1, time 2015-01-17 10:39:17.515603')
('2015-01-17 10:39:18.008788', 'put_channel : channel tb0, group 1, time 2015-01-17 10:39:18.008659')
('2015-01-17 10:39:18.029299', 'put_channel : channel tb0, group 1, time 2015-01-17 10:39:18.029202')
('2015-01-17 10:39:19.023137', 'put_channel : channel tb0, group 1, time 2015-01-17 10:39:19.023043')
('2015-01-17 10:39:19.052108', 'put_channel : channel tb0, group 1, time 2015-01-17 10:39:19.051983')
('2015-01-17 10:39:19.508674', 'put_channel : channel tb0, group 1, time 2015-01-17 10:39:19.508571')
('2015-01-17 10:39:19.533569', 'put_channel : channel tb0, group 1, time 2015-01-17 10:39:19.533480')
('2015-01-17 10:39:19.629741', 'put_channel : channel tb0, group 1, time 2015-01-17 10:39:19.629634')
('2015-01-17 10:39:20.515601', 'put_channel : channel tb0, group 1, time 2015-01-17 10:39:20.515269')
('2015-01-17 10:39:20.588027', 'put_channel : channel tb0, group 1, time 2015-01-17 10:39:20.587905')
('2015-01-17 10:39:23.686621', 'fd_channel : login[0] 1 login[1] 0 , tb0[0] 0 tb0[1] 51 , tb1[0] 0 tb1[1] 0')
('2015-01-17 10:39:24.887247', 'fd_channel : login[0] 1 login[1] 0 , tb0[0] 0 tb0[1] 51 , tb1[0] 0 tb1[1] 0')
('2015-01-17 10:39:25.692114', 'fd_channel : login[0] 1 login[1] 0 , tb0[0] 0 tb0[1] 45 , tb1[0] 0 tb1[1] 0')
('2015-01-17 10:39:26.889805', 'fd_channel : login[0] 1 login[1] 0 , tb0[0] 0 tb0[1] 45 , tb1[0] 0 tb1[1] 0')
('2015-01-17 10:39:27.060496', 'fd_channel : login[0] 1 login[1] 0 , tb0[0] 0 tb0[1] 42 , tb1[0] 0 tb1[1] 0')
('2015-01-17 10:39:47.062749', 'fd_channel : login[0] 1 login[1] 0 , tb0[0] 0 tb0[1] 40 , tb1[0] 0 tb1[1] 0')
('2015-01-17 10:39:51.036067', 'put_channel : channel tb0, group 1, time 2015-01-17 10:39:51.035929')
('2015-01-17 10:39:52.005077', 'put_channel : channel tb0, group 1, time 2015-01-17 10:39:52.004899')
('2015-01-17 10:39:52.020048', 'put_channel : channel tb0, group 1, time 2015-01-17 10:39:52.019957')
('2015-01-17 10:39:52.077477', 'put_channel : channel tb0, group 1, time 2015-01-17 10:39:52.077385')
('2015-01-17 10:39:52.508442', 'put_channel : channel tb0, group 1, time 2015-01-17 10:39:52.508342')
('2015-01-17 10:39:53.549605', 'put_channel : channel tb0, group 1, time 2015-01-17 10:39:53.549502')
('2015-01-17 10:39:54.006893', 'put_channel : channel tb0, group 1, time 2015-01-17 10:39:54.006791')
('2015-01-17 10:39:54.027046', 'put_channel : channel tb0, group 1, time 2015-01-17 10:39:54.026995')
('2015-01-17 10:39:54.125387', 'put_channel : channel tb0, group 1, time 2015-01-17 10:39:54.125285')
('2015-01-17 10:39:55.021875', 'put_channel : channel tb0, group 1, time 2015-01-17 10:39:55.021730')
('2015-01-17 10:39:55.085445', 'put_channel : channel tb0, group 1, time 2015-01-17 10:39:55.085356')
('2015-01-17 10:39:55.508521', 'put_channel : channel tb0, group 1, time 2015-01-17 10:39:55.508410')
('2015-01-17 10:39:55.661387', 'put_channel : channel tb0, group 1, time 2015-01-17 10:39:55.661295')
('2015-01-17 10:39:56.557909', 'put_channel : channel tb0, group 1, time 2015-01-17 10:39:56.557765')
('2015-01-17 10:39:57.010244', 'put_channel : channel tb0, group 1, time 2015-01-17 10:39:57.010126')
('2015-01-17 10:39:57.035991', 'put_channel : channel tb0, group 1, time 2015-01-17 10:39:57.035899')
('2015-01-17 10:39:57.131784', 'put_channel : channel tb0, group 1, time 2015-01-17 10:39:57.131650')
('2015-01-17 10:39:58.060050', 'put_channel : channel tb0, group 1, time 2015-01-17 10:39:58.059913')
('2015-01-17 10:39:58.510037', 'put_channel : channel tb0, group 1, time 2015-01-17 10:39:58.509907')
('2015-01-17 10:40:23.372282', 'fd_channel : login[0] 1 login[1] 0 , tb0[0] 0 tb0[1] 48 , tb1[0] 0 tb1[1] 0')
('2015-01-17 10:40:24.566316', 'fd_channel : login[0] 1 login[1] 0 , tb0[0] 0 tb0[1] 48 , tb1[0] 0 tb1[1] 0')
('2015-01-17 10:40:25.368287', 'fd_channel : login[0] 1 login[1] 0 , tb0[0] 0 tb0[1] 47 , tb1[0] 0 tb1[1] 0')
('2015-01-17 10:40:26.569788', 'fd_channel : login[0] 1 login[1] 0 , tb0[0] 0 tb0[1] 47 , tb1[0] 0 tb1[1] 0')
('2015-01-17 10:40:28.987279', 'fd_channel : login[0] 1 login[1] 0 , tb0[0] 0 tb0[1] 46 , tb1[0] 0 tb1[1] 0')
('2015-01-17 10:40:29.063039', 'fd_channel : login[0] 1 login[1] 0 , tb0[0] 0 tb0[1] 45 , tb1[0] 0 tb1[1] 0')
('2015-01-17 10:40:29.504976', 'put_channel : channel tb0, group 1, time 2015-01-17 10:40:29.504797')
('2015-01-17 10:40:29.515886', 'put_channel : channel tb0, group 1, time 2015-01-17 10:40:29.515787')
('2015-01-17 10:40:30.006689', 'put_channel : channel tb0, group 1, time 2015-01-17 10:40:30.006584')
('2015-01-17 10:40:30.011168', 'put_channel : channel tb0, group 1, time 2015-01-17 10:40:30.011113')
('2015-01-17 10:40:30.026916', 'put_channel : channel tb0, group 1, time 2015-01-17 10:40:30.026864')
('2015-01-17 10:40:31.020072', 'put_channel : channel tb0, group 1, time 2015-01-17 10:40:31.019920')
('2015-01-17 10:40:31.051832', 'put_channel : channel tb0, group 1, time 2015-01-17 10:40:31.051692')
('2015-01-17 10:40:31.508641', 'put_channel : channel tb0, group 1, time 2015-01-17 10:40:31.508511')
('2015-01-17 10:40:31.533610', 'put_channel : channel tb0, group 1, time 2015-01-17 10:40:31.533518')
('2015-01-17 10:40:32.523973', 'put_channel : channel tb0, group 1, time 2015-01-17 10:40:32.523872')
('2015-01-17 10:40:32.587875', 'put_channel : channel tb0, group 1, time 2015-01-17 10:40:32.587785')
('2015-01-17 10:40:57.384212', 'fd_channel : login[0] 1 login[1] 0 , tb0[0] 0 tb0[1] 40 , tb1[0] 0 tb1[1] 0')
('2015-01-17 10:41:04.008053', 'put_channel : channel tb0, group 1, time 2015-01-17 10:41:04.007913')
('2015-01-17 10:41:04.076131', 'put_channel : channel tb0, group 1, time 2015-01-17 10:41:04.076030')
('2015-01-17 10:41:04.510960', 'put_channel : channel tb0, group 1, time 2015-01-17 10:41:04.510835')
('2015-01-17 10:41:04.513430', 'put_channel : channel tb0, group 1, time 2015-01-17 10:41:04.513343')
('2015-01-17 10:41:04.541527', 'put_channel : channel tb0, group 1, time 2015-01-17 10:41:04.541433')
('2015-01-17 10:41:05.516130', 'put_channel : channel tb0, group 1, time 2015-01-17 10:41:05.515985')
('2015-01-17 10:41:05.551915', 'put_channel : channel tb0, group 1, time 2015-01-17 10:41:05.551823')
('2015-01-17 10:41:06.010643', 'put_channel : channel tb0, group 1, time 2015-01-17 10:41:06.010530')
('2015-01-17 10:41:06.123902', 'put_channel : channel tb0, group 1, time 2015-01-17 10:41:06.123807')
('2015-01-17 10:41:07.084196', 'put_channel : channel tb0, group 1, time 2015-01-17 10:41:07.084049')
('2015-01-17 10:41:07.514344', 'put_channel : channel tb0, group 1, time 2015-01-17 10:41:07.514237')
('2015-01-17 10:41:07.533207', 'put_channel : channel tb0, group 1, time 2015-01-17 10:41:07.533116')
('2015-01-17 10:41:07.597076', 'put_channel : channel tb0, group 1, time 2015-01-17 10:41:07.596984')
('2015-01-17 10:41:08.556342', 'put_channel : channel tb0, group 1, time 2015-01-17 10:41:08.556202')
('2015-01-17 10:41:09.016865', 'put_channel : channel tb0, group 1, time 2015-01-17 10:41:09.016757')
('2015-01-17 10:41:09.137737', 'put_channel : channel tb0, group 1, time 2015-01-17 10:41:09.137647')
('2015-01-17 10:41:10.065287', 'put_channel : channel tb0, group 1, time 2015-01-17 10:41:10.065140')
('2015-01-17 10:41:10.513511', 'put_channel : channel tb0, group 1, time 2015-01-17 10:41:10.513402')
('2015-01-17 10:41:10.542021', 'put_channel : channel tb0, group 1, time 2015-01-17 10:41:10.541933')
('2015-01-17 10:41:13.909897', 'fd_channel : login[0] 1 login[1] 0 , tb0[0] 0 tb0[1] 50 , tb1[0] 0 tb1[1] 0')
('2015-01-17 10:41:15.104649', 'fd_channel : login[0] 1 login[1] 0 , tb0[0] 0 tb0[1] 50 , tb1[0] 0 tb1[1] 0')
('2015-01-17 10:41:15.907226', 'fd_channel : login[0] 1 login[1] 0 , tb0[0] 0 tb0[1] 48 , tb1[0] 0 tb1[1] 0')
('2015-01-17 10:41:17.107870', 'fd_channel : login[0] 1 login[1] 0 , tb0[0] 0 tb0[1] 48 , tb1[0] 0 tb1[1] 0')
('2015-01-17 10:41:41.520592', 'put_channel : channel tb0, group 1, time 2015-01-17 10:41:41.520447')
('2015-01-17 10:41:42.014071', 'put_channel : channel tb0, group 1, time 2015-01-17 10:41:42.013971')
('2015-01-17 10:41:43.025361', 'put_channel : channel tb0, group 1, time 2015-01-17 10:41:43.025215')
('2015-01-17 10:41:43.056063', 'put_channel : channel tb0, group 1, time 2015-01-17 10:41:43.055973')
('2015-01-17 10:41:43.536962', 'put_channel : channel tb0, group 1, time 2015-01-17 10:41:43.536834')
('2015-01-17 10:41:43.633634', 'put_channel : channel tb0, group 1, time 2015-01-17 10:41:43.633542')
('2015-01-17 10:41:44.527358', 'put_channel : channel tb0, group 1, time 2015-01-17 10:41:44.527249')
('2015-01-17 10:41:44.588771', 'put_channel : channel tb0, group 1, time 2015-01-17 10:41:44.588719')
('2015-01-17 10:41:45.038699', 'put_channel : channel tb0, group 1, time 2015-01-17 10:41:45.038488')
('2015-01-17 10:41:45.103639', 'put_channel : channel tb0, group 1, time 2015-01-17 10:41:45.103546')
('2015-01-17 10:42:08.688402', 'fd_channel : login[0] 1 login[1] 0 , tb0[0] 0 tb0[1] 39 , tb1[0] 0 tb1[1] 0')
('2015-01-17 10:42:16.679981', 'put_channel : channel tb0, group 0, time 2015-01-17 10:42:16.679834')
('2015-01-17 10:42:18.124332', 'put_channel : channel tb0, group 1, time 2015-01-17 10:42:18.124193')
('2015-01-17 10:42:18.127094', 'put_channel : channel tb0, group 0, time 2015-01-17 10:42:18.127004')
('2015-01-17 10:42:19.660043', 'put_channel : channel tb0, group 1, time 2015-01-17 10:42:19.659921')
('2015-01-17 10:42:19.687118', 'put_channel : channel tb0, group 0, time 2015-01-17 10:42:19.687024')
('2015-01-17 10:42:21.134954', 'put_channel : channel tb0, group 0, time 2015-01-17 10:42:21.134851')
('2015-01-17 10:42:22.605987', 'put_channel : channel tb0, group 1, time 2015-01-17 10:42:22.605831')
('2015-01-17 10:42:24.140282', 'put_channel : channel tb0, group 1, time 2015-01-17 10:42:24.140138')
('2015-01-17 10:42:24.144893', 'put_channel : channel tb0, group 0, time 2015-01-17 10:42:24.144801')
('2015-01-17 10:42:25.613843', 'put_channel : channel tb0, group 1, time 2015-01-17 10:42:25.613701')
('2015-01-17 10:42:25.641716', 'put_channel : channel tb0, group 0, time 2015-01-17 10:42:25.641618')
('2015-01-17 10:42:27.148339', 'put_channel : channel tb0, group 1, time 2015-01-17 10:42:27.148194')
('2015-01-17 10:42:27.151327', 'put_channel : channel tb0, group 0, time 2015-01-17 10:42:27.151239')
('2015-01-17 10:42:28.619845', 'put_channel : channel tb0, group 1, time 2015-01-17 10:42:28.619682')
('2015-01-17 10:42:30.156765', 'put_channel : channel tb0, group 1, time 2015-01-17 10:42:30.156624')
('2015-01-17 10:42:30.159451', 'put_channel : channel tb0, group 0, time 2015-01-17 10:42:30.159364')
('2015-01-17 10:42:33.102945', 'put_channel : channel tb0, group 0, time 2015-01-17 10:42:33.102832')
('2015-01-17 10:42:34.636055', 'put_channel : channel tb0, group 1, time 2015-01-17 10:42:34.635913')
('2015-01-17 10:42:34.650179', 'put_channel : channel tb0, group 0, time 2015-01-17 10:42:34.650089')
('2015-01-17 10:42:36.111041', 'put_channel : channel tb0, group 0, time 2015-01-17 10:42:36.110905')
('2015-01-17 10:42:36.171861', 'put_channel : channel tb0, group 1, time 2015-01-17 10:42:36.171758')
('2015-01-17 10:42:37.654956', 'put_channel : channel tb0, group 0, time 2015-01-17 10:42:37.654813')
('2015-01-17 10:42:39.118754', 'put_channel : channel tb0, group 0, time 2015-01-17 10:42:39.118617')
('2015-01-17 10:42:40.664503', 'put_channel : channel tb0, group 0, time 2015-01-17 10:42:40.664361')
('2015-01-17 10:42:42.126982', 'put_channel : channel tb0, group 0, time 2015-01-17 10:42:42.126850')
('2015-01-17 11:27:46.512191', 'put_channel : channel tb1, group 1, time 2015-01-17 11:27:46.511961')
('2015-01-17 11:27:46.512944', 'put_channel : channel tb1, group 0, time 2015-01-17 11:27:46.512851')
('2015-01-17 11:27:48.009198', 'put_channel : channel tb1, group 1, time 2015-01-17 11:27:48.009064')
('2015-01-17 11:27:48.016148', 'put_channel : channel tb1, group 0, time 2015-01-17 11:27:48.016056')
('2015-01-17 11:27:49.523094', 'put_channel : channel tb1, group 1, time 2015-01-17 11:27:49.522909')
('2015-01-17 11:27:49.523856', 'put_channel : channel tb1, group 0, time 2015-01-17 11:27:49.523674')
('2015-01-17 11:27:51.006677', 'put_channel : channel tb1, group 1, time 2015-01-17 11:27:51.006580')
('2015-01-17 11:27:51.010338', 'put_channel : channel tb1, group 0, time 2015-01-17 11:27:51.010289')
('2015-01-17 11:27:52.509442', 'put_channel : channel tb1, group 1, time 2015-01-17 11:27:52.509289')
('2015-01-17 11:27:52.512212', 'put_channel : channel tb1, group 0, time 2015-01-17 11:27:52.512119')
('2015-01-17 11:27:54.009019', 'put_channel : channel tb1, group 1, time 2015-01-17 11:27:54.008862')
('2015-01-17 11:27:54.012094', 'put_channel : channel tb1, group 0, time 2015-01-17 11:27:54.012007')
('2015-01-17 11:27:55.509386', 'put_channel : channel tb1, group 1, time 2015-01-17 11:27:55.509195')
('2015-01-17 11:27:55.512619', 'put_channel : channel tb1, group 0, time 2015-01-17 11:27:55.512526')
('2015-01-17 11:27:57.009235', 'put_channel : channel tb1, group 1, time 2015-01-17 11:27:57.009100')
('2015-01-17 11:27:57.012369', 'put_channel : channel tb1, group 0, time 2015-01-17 11:27:57.012276')
('2015-01-17 11:27:58.510715', 'put_channel : channel tb1, group 1, time 2015-01-17 11:27:58.510560')
('2015-01-17 11:27:58.513109', 'put_channel : channel tb1, group 0, time 2015-01-17 11:27:58.513011')
('2015-01-17 11:28:00.011058', 'put_channel : channel tb1, group 1, time 2015-01-17 11:28:00.010925')
('2015-01-17 11:28:00.014888', 'put_channel : channel tb1, group 0, time 2015-01-17 11:28:00.014696')
('2015-01-17 11:28:01.509483', 'put_channel : channel tb1, group 1, time 2015-01-17 11:28:01.509363')
('2015-01-17 11:28:01.514304', 'put_channel : channel tb1, group 0, time 2015-01-17 11:28:01.514212')
('2015-01-17 11:28:03.009542', 'put_channel : channel tb1, group 1, time 2015-01-17 11:28:03.009404')
('2015-01-17 11:28:03.012922', 'put_channel : channel tb1, group 0, time 2015-01-17 11:28:03.012767')
('2015-01-17 11:28:04.507278', 'put_channel : channel tb1, group 1, time 2015-01-17 11:28:04.507180')
('2015-01-17 11:28:04.513021', 'put_channel : channel tb1, group 0, time 2015-01-17 11:28:04.512972')
('2015-01-17 11:28:06.019193', 'put_channel : channel tb1, group 1, time 2015-01-17 11:28:06.019070')
('2015-01-17 11:28:06.022832', 'put_channel : channel tb1, group 0, time 2015-01-17 11:28:06.022747')
('2015-01-17 11:28:07.522855', 'put_channel : channel tb1, group 1, time 2015-01-17 11:28:07.522721')
('2015-01-17 11:28:07.526430', 'put_channel : channel tb1, group 0, time 2015-01-17 11:28:07.526338')
('2015-01-17 11:28:09.009646', 'put_channel : channel tb1, group 1, time 2015-01-17 11:28:09.009511')
('2015-01-17 11:28:09.012071', 'put_channel : channel tb1, group 0, time 2015-01-17 11:28:09.011977')
('2015-01-17 11:28:10.509700', 'put_channel : channel tb1, group 1, time 2015-01-17 11:28:10.509567')
('2015-01-17 11:28:10.514526', 'put_channel : channel tb1, group 0, time 2015-01-17 11:28:10.514439')
('2015-01-17 11:28:12.017840', 'put_channel : channel tb1, group 1, time 2015-01-17 11:28:12.017715')
('2015-01-17 11:28:12.022371', 'put_channel : channel tb1, group 0, time 2015-01-17 11:28:12.022284')
('2015-01-17 11:28:13.515899', 'put_channel : channel tb1, group 1, time 2015-01-17 11:28:13.515764')
('2015-01-17 11:28:13.522272', 'put_channel : channel tb1, group 0, time 2015-01-17 11:28:13.522185')
('2015-01-17 11:28:15.009242', 'put_channel : channel tb1, group 1, time 2015-01-17 11:28:15.009109')
('2015-01-17 11:28:15.013615', 'put_channel : channel tb1, group 0, time 2015-01-17 11:28:15.013522')
('2015-01-17 11:28:16.509335', 'put_channel : channel tb1, group 1, time 2015-01-17 11:28:16.509201')
('2015-01-17 11:28:16.512914', 'put_channel : channel tb1, group 0, time 2015-01-17 11:28:16.512823')
('2015-01-17 11:28:18.012235', 'put_channel : channel tb1, group 1, time 2015-01-17 11:28:18.012101')
('2015-01-17 11:28:18.012936', 'put_channel : channel tb1, group 0, time 2015-01-17 11:28:18.012853')
('2015-01-17 11:28:19.512702', 'put_channel : channel tb1, group 1, time 2015-01-17 11:28:19.512551')
('2015-01-17 11:28:19.516322', 'put_channel : channel tb1, group 0, time 2015-01-17 11:28:19.516230')
('2015-01-17 11:28:21.008518', 'put_channel : channel tb1, group 1, time 2015-01-17 11:28:21.008419')
('2015-01-17 11:28:21.011675', 'put_channel : channel tb1, group 0, time 2015-01-17 11:28:21.011607')
('2015-01-17 11:28:22.510453', 'put_channel : channel tb1, group 1, time 2015-01-17 11:28:22.510318')
('2015-01-17 11:28:22.513438', 'put_channel : channel tb1, group 0, time 2015-01-17 11:28:22.513353')
('2015-01-17 11:28:24.021900', 'put_channel : channel tb1, group 1, time 2015-01-17 11:28:24.021743')
('2015-01-17 11:28:24.025501', 'put_channel : channel tb1, group 0, time 2015-01-17 11:28:24.025408')
('2015-01-17 11:28:25.510485', 'put_channel : channel tb1, group 1, time 2015-01-17 11:28:25.509534')
('2015-01-17 11:28:25.513932', 'put_channel : channel tb1, group 0, time 2015-01-17 11:28:25.513847')
('2015-01-17 11:28:27.009432', 'put_channel : channel tb1, group 1, time 2015-01-17 11:28:27.009283')
('2015-01-17 11:28:27.012251', 'put_channel : channel tb1, group 0, time 2015-01-17 11:28:27.012158')
('2015-01-17 11:28:28.509130', 'put_channel : channel tb1, group 1, time 2015-01-17 11:28:28.508946')
('2015-01-17 11:28:28.512711', 'put_channel : channel tb1, group 0, time 2015-01-17 11:28:28.512625')
('2015-01-17 11:28:30.009468', 'put_channel : channel tb1, group 1, time 2015-01-17 11:28:30.009313')
('2015-01-17 11:28:30.011337', 'put_channel : channel tb1, group 0, time 2015-01-17 11:28:30.011252')
('2015-01-17 11:28:31.512180', 'put_channel : channel tb1, group 0, time 2015-01-17 11:28:31.512021')
('2015-01-17 11:28:33.011915', 'put_channel : channel tb1, group 0, time 2015-01-17 11:28:33.011778')
('2015-01-17 11:28:34.512139', 'put_channel : channel tb1, group 0, time 2015-01-17 11:28:34.512003')
('2015-01-17 11:28:36.023916', 'put_channel : channel tb1, group 0, time 2015-01-17 11:28:36.023753')
('2015-01-17 11:28:37.512996', 'put_channel : channel tb1, group 0, time 2015-01-17 11:28:37.512862')
('2015-01-17 11:28:39.014265', 'put_channel : channel tb1, group 0, time 2015-01-17 11:28:39.014129')
('2015-01-17 11:28:40.513986', 'put_channel : channel tb1, group 0, time 2015-01-17 11:28:40.513849')
('2015-01-17 11:28:42.011134', 'put_channel : channel tb1, group 0, time 2015-01-17 11:28:42.011010')
('2015-01-17 11:28:43.007832', 'put_channel : channel tb1, group 1, time 2015-01-17 11:28:43.007661')
('2015-01-17 11:28:43.019560', 'put_channel : channel tb1, group 1, time 2015-01-17 11:28:43.019488')
('2015-01-17 11:28:43.509258', 'put_channel : channel tb1, group 1, time 2015-01-17 11:28:43.509125')
('2015-01-17 11:28:43.512284', 'put_channel : channel tb1, group 1, time 2015-01-17 11:28:43.512195')
('2015-01-17 11:28:43.514285', 'put_channel : channel tb1, group 0, time 2015-01-17 11:28:43.514199')
('2015-01-17 11:28:44.523978', 'put_channel : channel tb1, group 1, time 2015-01-17 11:28:44.523870')
('2015-01-17 11:28:45.008591', 'put_channel : channel tb1, group 1, time 2015-01-17 11:28:45.008471')
('2015-01-17 11:28:45.012033', 'put_channel : channel tb1, group 0, time 2015-01-17 11:28:45.011961')
('2015-01-17 11:28:46.032804', 'put_channel : channel tb1, group 1, time 2015-01-17 11:28:46.032660')
('2015-01-17 11:28:46.513728', 'put_channel : channel tb1, group 0, time 2015-01-17 11:28:46.513590')
('2015-01-17 11:28:48.011758', 'put_channel : channel tb1, group 0, time 2015-01-17 11:28:48.011575')
('2015-01-17 11:28:49.513216', 'put_channel : channel tb1, group 0, time 2015-01-17 11:28:49.513079')
('2015-01-17 11:28:51.011130', 'put_channel : channel tb1, group 0, time 2015-01-17 11:28:51.010992')
('2015-01-17 11:28:52.512272', 'put_channel : channel tb1, group 1, time 2015-01-17 11:28:52.512136')
('2015-01-17 11:28:52.513654', 'put_channel : channel tb1, group 1, time 2015-01-17 11:28:52.513567')
('2015-01-17 11:28:52.514294', 'put_channel : channel tb1, group 0, time 2015-01-17 11:28:52.514210')
('2015-01-17 11:28:53.517291', 'put_channel : channel tb1, group 1, time 2015-01-17 11:28:53.517148')
('2015-01-17 11:28:54.022782', 'put_channel : channel tb1, group 1, time 2015-01-17 11:28:54.022632')
('2015-01-17 11:28:54.023281', 'put_channel : channel tb1, group 1, time 2015-01-17 11:28:54.023135')
('2015-01-17 11:28:54.026245', 'put_channel : channel tb1, group 0, time 2015-01-17 11:28:54.026115')
('2015-01-17 11:28:55.020032', 'put_channel : channel tb1, group 1, time 2015-01-17 11:28:55.019889')
('2015-01-17 11:28:55.519511', 'put_channel : channel tb1, group 0, time 2015-01-17 11:28:55.519376')
('2015-01-17 11:28:57.010272', 'put_channel : channel tb1, group 0, time 2015-01-17 11:28:57.010160')
('2015-01-17 11:28:58.508605', 'put_channel : channel tb1, group 1, time 2015-01-17 11:28:58.508455')
('2015-01-17 11:28:58.511076', 'put_channel : channel tb1, group 0, time 2015-01-17 11:28:58.510988')
('2015-01-17 11:28:58.513337', 'put_channel : channel tb1, group 1, time 2015-01-17 11:28:58.513246')
('2015-01-17 11:29:00.014281', 'put_channel : channel tb1, group 0, time 2015-01-17 11:29:00.014148')
('2015-01-17 11:29:01.009643', 'put_channel : channel tb1, group 1, time 2015-01-17 11:29:01.009498')
('2015-01-17 11:29:01.441487', 'put_channel : channel tb1, group 1, time 2015-01-17 11:29:01.441340')
('2015-01-17 11:29:01.514471', 'put_channel : channel tb1, group 0, time 2015-01-17 11:29:01.514359')
('2015-01-17 11:29:02.508286', 'put_channel : channel tb1, group 1, time 2015-01-17 11:29:02.508142')
('2015-01-17 11:29:03.013109', 'put_channel : channel tb1, group 0, time 2015-01-17 11:29:03.012977')
('2015-01-17 11:29:04.017996', 'put_channel : channel tb1, group 1, time 2015-01-17 11:29:04.017853')
('2015-01-17 11:29:04.512685', 'put_channel : channel tb1, group 0, time 2015-01-17 11:29:04.512552')
('2015-01-17 11:29:05.510599', 'put_channel : channel tb1, group 1, time 2015-01-17 11:29:05.510457')
('2015-01-17 11:29:06.012904', 'put_channel : channel tb1, group 0, time 2015-01-17 11:29:06.012782')
('2015-01-17 11:29:07.513029', 'put_channel : channel tb1, group 0, time 2015-01-17 11:29:07.512894')
('2015-01-17 11:29:08.508143', 'put_channel : channel tb1, group 1, time 2015-01-17 11:29:08.507998')
('2015-01-17 11:29:09.011640', 'put_channel : channel tb1, group 0, time 2015-01-17 11:29:09.011505')
('2015-01-17 11:29:10.010400', 'put_channel : channel tb1, group 1, time 2015-01-17 11:29:10.010259')
('2015-01-17 11:29:10.515037', 'put_channel : channel tb1, group 0, time 2015-01-17 11:29:10.514904')
('2015-01-17 11:29:11.508190', 'put_channel : channel tb1, group 1, time 2015-01-17 11:29:11.508051')
('2015-01-17 11:29:12.015270', 'put_channel : channel tb1, group 0, time 2015-01-17 11:29:12.015148')
('2015-01-17 11:29:13.009807', 'put_channel : channel tb1, group 1, time 2015-01-17 11:29:13.009667')
('2015-01-17 11:29:13.535099', 'put_channel : channel tb1, group 0, time 2015-01-17 11:29:13.534944')
('2015-01-17 11:29:14.509714', 'put_channel : channel tb1, group 1, time 2015-01-17 11:29:14.509570')
('2015-01-17 11:29:15.017723', 'put_channel : channel tb1, group 0, time 2015-01-17 11:29:15.017590')
('2015-01-17 11:29:16.008708', 'put_channel : channel tb1, group 1, time 2015-01-17 11:29:16.008565')
('2015-01-17 11:29:16.542407', 'put_channel : channel tb1, group 0, time 2015-01-17 11:29:16.542260')
('2015-01-17 11:29:18.015953', 'put_channel : channel tb1, group 0, time 2015-01-17 11:29:18.015819')
('2015-01-17 11:29:19.546753', 'put_channel : channel tb1, group 0, time 2015-01-17 11:29:19.546618')
('2015-01-17 11:29:21.013663', 'put_channel : channel tb1, group 0, time 2015-01-17 11:29:21.013530')
('2015-01-17 11:29:22.542035', 'put_channel : channel tb1, group 0, time 2015-01-17 11:29:22.541899')
('2015-01-17 11:29:24.020521', 'put_channel : channel tb1, group 0, time 2015-01-17 11:29:24.020386')
('2015-01-17 11:29:25.539126', 'put_channel : channel tb1, group 0, time 2015-01-17 11:29:25.538990')
('2015-01-17 11:29:27.038173', 'put_channel : channel tb1, group 0, time 2015-01-17 11:29:27.038039')
('2015-01-17 11:29:28.512125', 'put_channel : channel tb1, group 1, time 2015-01-17 11:29:28.511992')
('2015-01-17 11:29:28.544078', 'put_channel : channel tb1, group 0, time 2015-01-17 11:29:28.543987')
('2015-01-17 11:29:30.014095', 'put_channel : channel tb1, group 0, time 2015-01-17 11:29:30.013877')
('2015-01-17 11:29:30.060005', 'put_channel : channel tb1, group 1, time 2015-01-17 11:29:30.059910')
('2015-01-17 11:29:32.534781', 'put_channel : channel tb1, group 0, time 2015-01-17 11:29:32.534636')
('2015-01-17 11:29:33.011640', 'put_channel : channel tb1, group 0, time 2015-01-17 11:29:33.011504')
('2015-01-17 11:29:34.531212', 'put_channel : channel tb1, group 0, time 2015-01-17 11:29:34.531075')
('2015-01-17 11:29:36.013561', 'put_channel : channel tb1, group 1, time 2015-01-17 11:29:36.013434')
('2015-01-17 11:29:36.018410', 'fd_channel : login[0] 1 login[1] 0 , tb0[0] 15 tb0[1] 49 , tb1[0] 73 tb1[1] 58')
('2015-01-17 11:29:36.020699', 'fd_channel : login[0] 1 login[1] 0 , tb0[0] 15 tb0[1] 49 , tb1[0] 73 tb1[1] 57')
('2015-01-17 11:29:36.023465', 'fd_channel : login[0] 1 login[1] 0 , tb0[0] 15 tb0[1] 49 , tb1[0] 73 tb1[1] 56')
('2015-01-17 11:29:36.025984', 'fd_channel : login[0] 1 login[1] 0 , tb0[0] 15 tb0[1] 49 , tb1[0] 73 tb1[1] 55')
('2015-01-17 11:29:36.027567', 'fd_channel : login[0] 1 login[1] 0 , tb0[0] 15 tb0[1] 49 , tb1[0] 73 tb1[1] 54')
('2015-01-17 11:29:36.028380', 'put_channel : channel tb1, group 0, time 2015-01-17 11:29:36.028259')
('2015-01-17 11:29:36.032742', 'fd_channel : login[0] 1 login[1] 0 , tb0[0] 15 tb0[1] 49 , tb1[0] 74 tb1[1] 53')
('2015-01-17 11:29:36.034141', 'fd_channel : login[0] 1 login[1] 0 , tb0[0] 15 tb0[1] 49 , tb1[0] 74 tb1[1] 52')
('2015-01-17 11:29:36.035562', 'fd_channel : login[0] 1 login[1] 0 , tb0[0] 15 tb0[1] 49 , tb1[0] 74 tb1[1] 51')
('2015-01-17 11:29:36.038193', 'fd_channel : login[0] 1 login[1] 0 , tb0[0] 15 tb0[1] 49 , tb1[0] 74 tb1[1] 50')
('2015-01-17 11:29:37.512240', 'put_channel : channel tb1, group 1, time 2015-01-17 11:29:37.512102')
('2015-01-17 11:29:37.531908', 'put_channel : channel tb1, group 1, time 2015-01-17 11:29:37.531817')
('2015-01-17 11:29:37.534035', 'put_channel : channel tb1, group 0, time 2015-01-17 11:29:37.533951')
('2015-01-17 11:29:39.012064', 'put_channel : channel tb1, group 1, time 2015-01-17 11:29:39.011940')
('2015-01-17 11:29:39.019084', 'put_channel : channel tb1, group 0, time 2015-01-17 11:29:39.018994')
('2015-01-17 11:29:40.518415', 'put_channel : channel tb1, group 1, time 2015-01-17 11:29:40.518267')
('2015-01-17 11:29:40.546291', 'put_channel : channel tb1, group 0, time 2015-01-17 11:29:40.546204')
('2015-01-17 11:29:41.504296', 'put_channel : channel tb1, group 1, time 2015-01-17 11:29:41.504195')
('2015-01-17 11:29:42.028020', 'put_channel : channel tb1, group 0, time 2015-01-17 11:29:42.027894')
('2015-01-17 11:29:42.374211', 'fd_channel : login[0] 1 login[1] 0 , tb0[0] 15 tb0[1] 49 , tb1[0] 78 tb1[1] 54')
('2015-01-17 11:29:43.028998', 'fd_channel : login[0] 1 login[1] 0 , tb0[0] 15 tb0[1] 49 , tb1[0] 78 tb1[1] 53')
('2015-01-17 11:29:43.033419', 'fd_channel : login[0] 1 login[1] 0 , tb0[0] 15 tb0[1] 49 , tb1[0] 78 tb1[1] 52')
('2015-01-17 11:29:43.034924', 'fd_channel : login[0] 1 login[1] 0 , tb0[0] 15 tb0[1] 49 , tb1[0] 78 tb1[1] 51')
('2015-01-17 11:29:43.047894', 'fd_channel : login[0] 1 login[1] 0 , tb0[0] 15 tb0[1] 49 , tb1[0] 78 tb1[1] 50')
('2015-01-17 11:29:43.543835', 'put_channel : channel tb1, group 0, time 2015-01-17 11:29:43.543663')
('2015-01-17 11:29:45.015054', 'put_channel : channel tb1, group 0, time 2015-01-17 11:29:45.014922')
('2015-01-17 11:29:46.012111', 'put_channel : channel tb1, group 1, time 2015-01-17 11:29:46.012013')
('2015-01-17 11:29:46.052132', 'fd_channel : login[0] 1 login[1] 0 , tb0[0] 15 tb0[1] 49 , tb1[0] 80 tb1[1] 50')
('2015-01-17 11:29:46.512295', 'put_channel : channel tb1, group 1, time 2015-01-17 11:29:46.512185')
('2015-01-17 11:29:46.542133', 'put_channel : channel tb1, group 0, time 2015-01-17 11:29:46.542045')
('2015-01-17 11:29:48.019525', 'put_channel : channel tb1, group 0, time 2015-01-17 11:29:48.019390')
('2015-01-17 11:29:49.376874', 'fd_channel : login[0] 1 login[1] 0 , tb0[0] 15 tb0[1] 49 , tb1[0] 82 tb1[1] 50')
('2015-01-17 11:29:49.381056', 'fd_channel : login[0] 1 login[1] 0 , tb0[0] 15 tb0[1] 49 , tb1[0] 82 tb1[1] 49')
('2015-01-17 11:29:49.382921', 'fd_channel : login[0] 1 login[1] 0 , tb0[0] 15 tb0[1] 49 , tb1[0] 82 tb1[1] 48')
('2015-01-17 11:29:49.514753', 'put_channel : channel tb1, group 1, time 2015-01-17 11:29:49.514662')
('2015-01-17 11:29:49.545788', 'put_channel : channel tb1, group 0, time 2015-01-17 11:29:49.545700')
('2015-01-17 11:29:51.040859', 'put_channel : channel tb1, group 0, time 2015-01-17 11:29:51.040767')
('2015-01-17 11:29:52.083639', 'put_channel : channel tb1, group 1, time 2015-01-17 11:29:52.083543')
('2015-01-17 11:29:54.057417', 'put_channel : channel tb1, group 0, time 2015-01-17 11:29:54.057280')
('2015-01-17 11:29:55.083866', 'put_channel : channel tb1, group 1, time 2015-01-17 11:29:55.083681')
('2015-01-17 11:29:56.079551', 'fd_channel : login[0] 1 login[1] 0 , tb0[0] 15 tb0[1] 49 , tb1[0] 85 tb1[1] 50')
('2015-01-17 11:29:56.081847', 'fd_channel : login[0] 1 login[1] 0 , tb0[0] 15 tb0[1] 49 , tb1[0] 85 tb1[1] 49')
('2015-01-17 11:29:56.084142', 'fd_channel : login[0] 1 login[1] 0 , tb0[0] 15 tb0[1] 49 , tb1[0] 85 tb1[1] 48')
('2015-01-17 11:29:56.087571', 'fd_channel : login[0] 1 login[1] 0 , tb0[0] 15 tb0[1] 49 , tb1[0] 85 tb1[1] 47')
('2015-01-17 11:29:56.090017', 'fd_channel : login[0] 1 login[1] 0 , tb0[0] 15 tb0[1] 49 , tb1[0] 85 tb1[1] 46')
('2015-01-17 11:29:56.094805', 'fd_channel : login[0] 1 login[1] 0 , tb0[0] 15 tb0[1] 49 , tb1[0] 85 tb1[1] 45')
('2015-01-17 11:29:56.097245', 'fd_channel : login[0] 1 login[1] 0 , tb0[0] 15 tb0[1] 49 , tb1[0] 85 tb1[1] 44')
('2015-01-17 11:29:56.101093', 'fd_channel : login[0] 1 login[1] 0 , tb0[0] 15 tb0[1] 49 , tb1[0] 85 tb1[1] 43')
('2015-01-17 11:29:56.102442', 'fd_channel : login[0] 1 login[1] 0 , tb0[0] 15 tb0[1] 49 , tb1[0] 85 tb1[1] 42')
('2015-01-17 11:29:56.564609', 'put_channel : channel tb1, group 0, time 2015-01-17 11:29:56.564465')
('2015-01-17 11:29:57.036786', 'put_channel : channel tb1, group 0, time 2015-01-17 11:29:57.036636')
('2015-01-17 11:29:58.889246', 'fd_channel : login[0] 1 login[1] 0 , tb0[0] 15 tb0[1] 49 , tb1[0] 86 tb1[1] 41')
('2015-01-17 11:29:58.900324', 'fd_channel : login[0] 1 login[1] 0 , tb0[0] 15 tb0[1] 49 , tb1[0] 73 tb1[1] 41')
('2015-01-17 11:29:59.084867', 'fd_channel : login[0] 1 login[1] 0 , tb0[0] 15 tb0[1] 49 , tb1[0] 73 tb1[1] 40')
('2015-01-17 11:29:59.086187', 'fd_channel : login[0] 1 login[1] 0 , tb0[0] 15 tb0[1] 49 , tb1[0] 73 tb1[1] 39')
('2015-01-17 11:29:59.092310', 'fd_channel : login[0] 1 login[1] 0 , tb0[0] 15 tb0[1] 49 , tb1[0] 73 tb1[1] 38')
('2015-01-17 11:29:59.094518', 'fd_channel : login[0] 1 login[1] 0 , tb0[0] 15 tb0[1] 49 , tb1[0] 73 tb1[1] 37')
('2015-01-17 11:29:59.099116', 'fd_channel : login[0] 1 login[1] 0 , tb0[0] 15 tb0[1] 49 , tb1[0] 73 tb1[1] 36')
('2015-01-17 11:29:59.105142', 'fd_channel : login[0] 1 login[1] 0 , tb0[0] 15 tb0[1] 49 , tb1[0] 73 tb1[1] 35')
('2015-01-17 11:29:59.106548', 'fd_channel : login[0] 1 login[1] 0 , tb0[0] 15 tb0[1] 49 , tb1[0] 73 tb1[1] 34')
('2015-01-17 11:29:59.542843', 'put_channel : channel tb1, group 0, time 2015-01-17 11:29:59.542730')
('2015-01-17 11:30:01.054245', 'put_channel : channel tb1, group 0, time 2015-01-17 11:30:01.054094')
('2015-01-17 11:30:01.194046', 'worker [2] stopping')
('2015-01-17 11:30:02.088265', 'fd_channel : login[0] 1 login[1] 0 , tb0[0] 15 tb0[1] 49 , tb1[0] 75 tb1[1] 33')
('2015-01-17 11:30:02.090441', 'fd_channel : login[0] 1 login[1] 0 , tb0[0] 15 tb0[1] 49 , tb1[0] 75 tb1[1] 32')
('2015-01-17 11:30:02.095435', 'fd_channel : login[0] 1 login[1] 0 , tb0[0] 15 tb0[1] 49 , tb1[0] 75 tb1[1] 31')
('2015-01-17 11:30:02.097484', 'fd_channel : login[0] 1 login[1] 0 , tb0[0] 15 tb0[1] 49 , tb1[0] 75 tb1[1] 30')
('2015-01-17 11:30:02.108226', 'fd_channel : login[0] 1 login[1] 0 , tb0[0] 15 tb0[1] 49 , tb1[0] 75 tb1[1] 29')
('2015-01-17 11:30:02.539217', 'put_channel : channel tb1, group 1, time 2015-01-17 11:30:02.539109')
('2015-01-17 11:30:02.572039', 'put_channel : channel tb1, group 0, time 2015-01-17 11:30:02.571944')
('2015-01-17 11:30:03.092866', 'fd_channel : login[0] 1 login[1] 0 , tb0[0] 15 tb0[1] 49 , tb1[0] 76 tb1[1] 29')
('2015-01-17 11:30:06.095282', 'fd_channel : login[0] 1 login[1] 0 , tb0[0] 15 tb0[1] 49 , tb1[0] 76 tb1[1] 28')
('2015-01-17 11:30:06.101610', 'fd_channel : login[0] 1 login[1] 0 , tb0[0] 15 tb0[1] 49 , tb1[0] 76 tb1[1] 27')
('2015-01-17 11:30:06.109245', 'fd_channel : login[0] 1 login[1] 0 , tb0[0] 15 tb0[1] 49 , tb1[0] 76 tb1[1] 26')
('2015-01-17 11:30:31.628472', 'put_channel : channel tb1, group 1, time 2015-01-17 11:30:31.628283')
('2015-01-17 11:30:55.628172', 'put_channel : channel tb1, group 1, time 2015-01-17 11:30:55.628022')
