('2015-01-17 10:35:02.506678', 'client 52494825 bid 0 fd_image Timeout')
('2015-01-17 10:35:03.045623', 'client 52512481 bid 0 fd_image Timeout')
('2015-01-17 10:35:03.338167', 'client 52365935 bid 0 fd_image Timeout')
('2015-01-17 10:35:03.360870', 'client 52312655 bid 0 fd_image Timeout')
('2015-01-17 10:35:03.849936', 'client 52465815 bid 0 fd_image Timeout')
('2015-01-17 10:35:04.251669', 'client 52496916 bid 0 fd_image Timeout')
('2015-01-17 10:35:04.391702', '\r\n\r\n\r\n\r\n\r\n\r\n\r\n\r\n\r\n\r\n<XML><ERRORCODE>311</ERRORCODE><ERRORSTRING>图像校验码错误！</ERRORSTRING><ERRORSTRING_EN>Image checksum error！</ERRORSTRING_EN></XML>')
('2015-01-17 10:35:04.391809', "client 52496916 bid 0 fd_price ack error {'errcode': '311', 'errstring': '图像校验码错误！'}")
('2015-01-17 10:35:05.604634', 'client 52774752 bid 0 fd_image Timeout')
('2015-01-17 10:35:05.734026', '\r\n\r\n\r\n\r\n\r\n\r\n\r\n\r\n\r\n\r\n<XML><ERRORCODE>311</ERRORCODE><ERRORSTRING>图像校验码错误！</ERRORSTRING><ERRORSTRING_EN>Image checksum error！</ERRORSTRING_EN></XML>')
('2015-01-17 10:35:05.734132', "client 52774752 bid 0 fd_price ack error {'errcode': '311', 'errstring': '图像校验码错误！'}")
('2015-01-17 10:35:09.508939', '\r\n\r\n\r\n\r\n\r\n\r\n\r\n\r\n\r\n\r\n<XML><ERRORCODE>311</ERRORCODE><ERRORSTRING>图像校验码错误！</ERRORSTRING><ERRORSTRING_EN>Image checksum error！</ERRORSTRING_EN></XML>')
('2015-01-17 10:35:09.509056', "client 52526236 bid 0 fd_price ack error {'errcode': '311', 'errstring': '图像校验码错误！'}")
('2015-01-17 10:35:10.450853', '\r\n\r\n\r\n\r\n\r\n\r\n\r\n\r\n\r\n\r\n<XML><ERRORCODE>311</ERRORCODE><ERRORSTRING>图像校验码错误！</ERRORSTRING><ERRORSTRING_EN>Image checksum error！</ERRORSTRING_EN></XML>')
('2015-01-17 10:35:10.450961', "client 52465815 bid 0 fd_price ack error {'errcode': '311', 'errstring': '图像校验码错误！'}")
('2015-01-17 10:35:10.983135', '\r\n\r\n\r\n\r\n\r\n\r\n\r\n\r\n\r\n\r\n<XML><ERRORCODE>311</ERRORCODE><ERRORSTRING>图像校验码错误！</ERRORSTRING><ERRORSTRING_EN>Image checksum error！</ERRORSTRING_EN></XML>')
('2015-01-17 10:35:10.983243', "client 52496916 bid 0 fd_price ack error {'errcode': '311', 'errstring': '图像校验码错误！'}")
('2015-01-17 10:35:11.643882', 'client 52465815 bid 0 fd_price get channel Failed')
('2015-01-17 10:35:12.172444', 'client 52496916 bid 0 fd_price get channel Failed')
('2015-01-17 10:35:13.646809', 'client 52465815 bid 0 fd_price get channel Failed')
('2015-01-17 10:35:14.176372', 'client 52496916 bid 0 fd_price get channel Failed')
('2015-01-17 10:35:14.439261', '\r\n\r\n\r\n\r\n\r\n\r\n\r\n\r\n\r\n\r\n<XML><ERRORCODE>311</ERRORCODE><ERRORSTRING>图像校验码错误！</ERRORSTRING><ERRORSTRING_EN>Image checksum error！</ERRORSTRING_EN></XML>')
('2015-01-17 10:35:14.439446', "client 52312655 bid 0 fd_price ack error {'errcode': '311', 'errstring': '图像校验码错误！'}")
('2015-01-17 10:35:15.632779', 'client 52312655 bid 0 fd_price get channel Failed')
('2015-01-17 10:35:16.112542', '\r\n\r\n\r\n\r\n\r\n\r\n\r\n\r\n\r\n\r\n<XML><ERRORCODE>311</ERRORCODE><ERRORSTRING>图像校验码错误！</ERRORSTRING><ERRORSTRING_EN>Image checksum error！</ERRORSTRING_EN></XML>')
('2015-01-17 10:35:16.112650', "client 52526236 bid 0 fd_price ack error {'errcode': '311', 'errstring': '图像校验码错误！'}")
('2015-01-17 10:35:17.303336', 'client 52526236 bid 0 fd_price get channel Failed')
('2015-01-17 10:35:17.635912', 'client 52312655 bid 0 fd_price get channel Failed')
('2015-01-17 10:35:18.792919', '\r\n\r\n\r\n\r\n\r\n\r\n\r\n\r\n\r\n\r\n<XML><ERRORCODE>311</ERRORCODE><ERRORSTRING>图像校验码错误！</ERRORSTRING><ERRORSTRING_EN>Image checksum error！</ERRORSTRING_EN></XML>')
('2015-01-17 10:35:18.793033', "client 52494825 bid 0 fd_price ack error {'errcode': '311', 'errstring': '图像校验码错误！'}")
('2015-01-17 10:35:19.306648', 'client 52526236 bid 0 fd_price get channel Failed')
('2015-01-17 10:35:19.985932', 'client 52494825 bid 0 fd_price get channel Failed')
('2015-01-17 10:35:21.989229', 'client 52494825 bid 0 fd_price get channel Failed')
('2015-01-17 10:35:24.736500', 'client 52365935 bid 0 fd_price get channel Failed')
('2015-01-17 10:35:26.740117', 'client 52365935 bid 0 fd_price get channel Failed')
('2015-01-17 10:35:30.274393', 'client 52774752 bid 0 fd_price get channel Failed')
('2015-01-17 10:35:32.277696', 'client 52774752 bid 0 fd_price get channel Failed')
('2015-01-17 10:35:32.541440', 'client 52512481 bid 0 fd_price get channel Failed')
('2015-01-17 10:35:34.544713', 'client 52512481 bid 0 fd_price get channel Failed')
('2015-01-17 10:35:49.506917', '\r\n\r\n\r\n\r\n\r\n\r\n\r\n\r\n\r\n\r\n<XML><ERRORCODE>311</ERRORCODE><ERRORSTRING>图像校验码错误！</ERRORSTRING><ERRORSTRING_EN>Image checksum error！</ERRORSTRING_EN></XML>')
('2015-01-17 10:35:49.507047', "client 52365935 bid 0 fd_price ack error {'errcode': '311', 'errstring': '图像校验码错误！'}")
('2015-01-17 10:35:58.025015', 'client 52496916 bid 0 fd_price get channel Failed')
('2015-01-17 10:35:58.177263', 'client 52312655 bid 0 fd_price get channel Failed')
('2015-01-17 10:36:00.028100', 'client 52496916 bid 0 fd_price get channel Failed')
('2015-01-17 10:36:00.180473', 'client 52312655 bid 0 fd_price get channel Failed')
('2015-01-17 10:36:04.449444', 'client 52465815 bid 0 fd_image Timeout')
('2015-01-17 10:36:07.116747', 'client 52526236 bid 0 fd_price get channel Failed')
('2015-01-17 10:36:09.121188', 'client 52526236 bid 0 fd_price get channel Failed')
('2015-01-17 10:36:12.791862', 'client 52494825 bid 0 fd_image Timeout')
('2015-01-17 10:36:17.542695', 'client 52365935 bid 0 fd_image Timeout')
('2015-01-17 10:36:21.186653', '\r\n\r\n\r\n\r\n\r\n\r\n\r\n\r\n\r\n\r\n<XML><ERRORCODE>311</ERRORCODE><ERRORSTRING>图像校验码错误！</ERRORSTRING><ERRORSTRING_EN>Image checksum error！</ERRORSTRING_EN></XML>')
('2015-01-17 10:36:21.186762', "client 52774752 bid 0 fd_price ack error {'errcode': '311', 'errstring': '图像校验码错误！'}")
('2015-01-17 10:36:23.080517', 'client 52774752 bid 0 fd_image Timeout')
('2015-01-17 10:36:23.490272', '\r\n\r\n\r\n\r\n\r\n\r\n\r\n\r\n\r\n\r\n<XML><ERRORCODE>311</ERRORCODE><ERRORSTRING>图像校验码错误！</ERRORSTRING><ERRORSTRING_EN>Image checksum error！</ERRORSTRING_EN></XML>')
('2015-01-17 10:36:23.490389', "client 52512481 bid 0 fd_price ack error {'errcode': '311', 'errstring': '图像校验码错误！'}")
('2015-01-17 10:36:24.451903', 'client 52465815 bid 0 fd_image Timeout')
('2015-01-17 10:36:25.347431', 'client 52512481 bid 0 fd_image Timeout')
('2015-01-17 10:36:29.642980', '\r\n\r\n\r\n\r\n\r\n\r\n\r\n\r\n\r\n\r\n<XML><ERRORCODE>311</ERRORCODE><ERRORSTRING>图像校验码错误！</ERRORSTRING><ERRORSTRING_EN>Image checksum error！</ERRORSTRING_EN></XML>')
('2015-01-17 10:36:29.643041', "client 52365935 bid 0 fd_price ack error {'errcode': '311', 'errstring': '图像校验码错误！'}")
('2015-01-17 10:36:30.838409', 'client 52365935 bid 0 fd_price get channel Failed')
('2015-01-17 10:36:31.873731', '\r\n\r\n\r\n\r\n\r\n\r\n\r\n\r\n\r\n\r\n<XML><ERRORCODE>311</ERRORCODE><ERRORSTRING>图像校验码错误！</ERRORSTRING><ERRORSTRING_EN>Image checksum error！</ERRORSTRING_EN></XML>')
('2015-01-17 10:36:31.873844', "client 52526236 bid 0 fd_price ack error {'errcode': '311', 'errstring': '图像校验码错误！'}")
('2015-01-17 10:36:32.840717', 'client 52365935 bid 0 fd_price get channel Failed')
('2015-01-17 10:36:33.140152', '\r\n\r\n\r\n\r\n\r\n\r\n\r\n\r\n\r\n\r\n<XML><ERRORCODE>311</ERRORCODE><ERRORSTRING>图像校验码错误！</ERRORSTRING><ERRORSTRING_EN>Image checksum error！</ERRORSTRING_EN></XML>')
('2015-01-17 10:36:33.140258', "client 52774752 bid 0 fd_price ack error {'errcode': '311', 'errstring': '图像校验码错误！'}")
('2015-01-17 10:36:34.332695', 'client 52774752 bid 0 fd_price get channel Failed')
('2015-01-17 10:36:34.911846', 'client 52512481 bid 0 fd_price get channel Failed')
('2015-01-17 10:36:36.336242', 'client 52774752 bid 0 fd_price get channel Failed')
('2015-01-17 10:36:36.915434', 'client 52512481 bid 0 fd_price get channel Failed')
('2015-01-17 10:36:38.154087', 'client 52465815 bid 0 fd_price get channel Failed')
('2015-01-17 10:36:40.157093', 'client 52465815 bid 0 fd_price get channel Failed')
('2015-01-17 10:36:42.319130', 'client 52494825 bid 0 fd_price get channel Failed')
('2015-01-17 10:36:44.322476', 'client 52494825 bid 0 fd_price get channel Failed')
('2015-01-17 10:37:03.499728', 'client 52496916 bid 0 fd_price info channel error')
('2015-01-17 10:37:04.802387', 'client 52496916 bid 0 fd_price get channel Failed')
('2015-01-17 10:37:07.138400', 'client 52494825 bid 0 fd_price info channel error')
('2015-01-17 10:37:07.583510', 'client 52465815 bid 0 fd_price info channel error')
('2015-01-17 10:37:08.399063', 'client 52774752 bid 0 fd_price info channel error')
('2015-01-17 10:37:08.684786', 'client 52496916 bid 0 fd_price info channel error')
('2015-01-17 10:37:08.886396', 'client 52465815 bid 0 fd_price get channel Failed')
('2015-01-17 10:37:09.701667', 'client 52774752 bid 0 fd_price get channel Failed')
('2015-01-17 10:37:09.987347', 'client 52496916 bid 0 fd_price get channel Failed')
('2015-01-17 10:37:12.291723', 'client 52465815 bid 0 fd_price info channel error')
('2015-01-17 10:37:12.403961', 'client 52494825 bid 0 fd_price info channel error')
('2015-01-17 10:37:12.552601', 'client 52365935 bid 0 fd_price info channel error')
('2015-01-17 10:37:13.667441', 'client 52507677 bid 0 fd_price info channel error')
('2015-01-17 10:37:13.855265', 'client 52365935 bid 0 fd_price get channel Failed')
('2015-01-17 10:37:14.389830', 'client 52512481 bid 0 fd_price info channel error')
('2015-01-17 10:37:14.969986', 'client 52507677 bid 0 fd_price get channel Failed')
('2015-01-17 10:37:15.692453', 'client 52512481 bid 0 fd_price get channel Failed')
('2015-01-17 10:37:15.750039', 'client 52774752 bid 0 fd_price info channel error')
('2015-01-17 10:37:16.350038', 'client 52312655 bid 0 fd_price info channel error')
('2015-01-17 10:37:16.375799', 'client 52774752 bid 0 fd_price info channel error')
('2015-01-17 10:37:17.678375', 'client 52774752 bid 0 fd_price get channel Failed')
('2015-01-17 10:37:18.561315', 'client 52312655 bid 0 fd_price info channel error')
('2015-01-17 10:37:18.561473', 'client 52365935 bid 0 fd_price info channel error')
('2015-01-17 10:37:18.561601', 'client 52512481 bid 0 fd_price info channel error')
('2015-01-17 10:37:19.109936', 'client 52494825 bid 0 fd_price info channel error')
('2015-01-17 10:37:20.930884', 'client 52512481 bid 0 fd_price info channel error')
('2015-01-17 10:37:22.750231', 'client 52365935 bid 0 fd_price info channel error')
('2015-01-17 10:37:22.779125', 'client 52496916 bid 0 fd_price info channel error')
('2015-01-17 10:37:23.887524', 'client 52465815 bid 0 fd_price info channel error')
('2015-01-17 10:37:25.932119', 'client 52507677 bid 0 fd_price info channel error')
('2015-01-17 10:37:27.140187', 'client 52774752 bid 0 fd_image Timeout')
('2015-01-17 10:37:27.718536', 'client 52512481 bid 0 fd_image Timeout')
('2015-01-17 10:37:30.959867', 'client 52465815 bid 0 fd_image Timeout')
('2015-01-17 10:37:34.538032', 'client 52365935 bid 0 fd_price get channel Failed')
('2015-01-17 10:37:35.125073', 'client 52494825 bid 0 fd_image Timeout')
('2015-01-17 10:37:35.297978', '\r\n\r\n\r\n\r\n\r\n\r\n\r\n\r\n\r\n\r\n<XML><ERRORCODE>311</ERRORCODE><ERRORSTRING>图像校验码错误！</ERRORSTRING><ERRORSTRING_EN>Image checksum error！</ERRORSTRING_EN></XML>')
('2015-01-17 10:37:35.298093', "client 52494825 bid 0 fd_price ack error {'errcode': '311', 'errstring': '图像校验码错误！'}")
('2015-01-17 10:37:35.762347', '\r\n\r\n\r\n\r\n\r\n\r\n\r\n\r\n\r\n\r\n<XML><ERRORCODE>311</ERRORCODE><ERRORSTRING>图像校验码错误！</ERRORSTRING><ERRORSTRING_EN>Image checksum error！</ERRORSTRING_EN></XML>')
('2015-01-17 10:37:35.762455', "client 52496916 bid 0 fd_price ack error {'errcode': '311', 'errstring': '图像校验码错误！'}")
('2015-01-17 10:37:36.866544', '\r\n\r\n\r\n\r\n\r\n\r\n\r\n\r\n\r\n\r\n<XML><ERRORCODE>311</ERRORCODE><ERRORSTRING>图像校验码错误！</ERRORSTRING><ERRORSTRING_EN>Image checksum error！</ERRORSTRING_EN></XML>')
('2015-01-17 10:37:36.866651', "client 52465815 bid 0 fd_price ack error {'errcode': '311', 'errstring': '图像校验码错误！'}")
('2015-01-17 10:37:37.296487', '\r\n\r\n\r\n\r\n\r\n\r\n\r\n\r\n\r\n\r\n\r\n<XML><ERRORCODE>101</ERRORCODE><ERRORSTRING>您的操作太过频繁，请稍后再试！</ERRORSTRING><ERRORSTRING_EN>Please try again slightly!</ERRORSTRING_EN></XML>')
('2015-01-17 10:37:37.296612', "client 52465815 bid 0 fd_image ack error {'status': 200, 'head': 'Connection: close\\nDate: Sat, 17 Jan 2015 02:37:37 GMT\\nServer: Microsoft-IIS/6.0\\nSet-Cookie: JSESSIONID=A4A699237BA7B4792FD2B1F042EC28E9; Path=/car\\nContent-Type: text/html;charset=GBK\\nContent-Length: 175\\n\\n', 'body': '\\r\\n\\r\\n\\r\\n\\r\\n\\r\\n\\r\\n\\r\\n\\r\\n\\r\\n\\r\\n\\r\\n<XML><ERRORCODE>101</ERRORCODE><ERRORSTRING>您的操作太过频繁，请稍后再试！</ERRORSTRING><ERRORSTRING_EN>Please try again slightly!</ERRORSTRING_EN></XML>'}")
('2015-01-17 10:37:38.913315', '\r\n\r\n\r\n\r\n\r\n\r\n\r\n\r\n\r\n\r\n<XML><ERRORCODE>311</ERRORCODE><ERRORSTRING>图像校验码错误！</ERRORSTRING><ERRORSTRING_EN>Image checksum error！</ERRORSTRING_EN></XML>')
('2015-01-17 10:37:38.913425', "client 52507677 bid 0 fd_price ack error {'errcode': '311', 'errstring': '图像校验码错误！'}")
('2015-01-17 10:37:41.825896', '\r\n\r\n\r\n\r\n\r\n\r\n\r\n\r\n\r\n\r\n<XML><ERRORCODE>311</ERRORCODE><ERRORSTRING>图像校验码错误！</ERRORSTRING><ERRORSTRING_EN>Image checksum error！</ERRORSTRING_EN></XML>')
('2015-01-17 10:37:41.826005', "client 52774752 bid 0 fd_price ack error {'errcode': '311', 'errstring': '图像校验码错误！'}")
('2015-01-17 10:37:42.433894', '\r\n\r\n\r\n\r\n\r\n\r\n\r\n\r\n\r\n\r\n<XML><ERRORCODE>311</ERRORCODE><ERRORSTRING>图像校验码错误！</ERRORSTRING><ERRORSTRING_EN>Image checksum error！</ERRORSTRING_EN></XML>')
('2015-01-17 10:37:42.434003', "client 52312655 bid 0 fd_price ack error {'errcode': '311', 'errstring': '图像校验码错误！'}")
('2015-01-17 10:37:44.643031', '\r\n\r\n\r\n\r\n\r\n\r\n\r\n\r\n\r\n\r\n<XML><ERRORCODE>311</ERRORCODE><ERRORSTRING>图像校验码错误！</ERRORSTRING><ERRORSTRING_EN>Image checksum error！</ERRORSTRING_EN></XML>')
('2015-01-17 10:37:44.643144', "client 52512481 bid 0 fd_price ack error {'errcode': '311', 'errstring': '图像校验码错误！'}")
('2015-01-17 10:37:44.644960', '\r\n\r\n\r\n\r\n\r\n\r\n\r\n\r\n\r\n\r\n<XML><ERRORCODE>311</ERRORCODE><ERRORSTRING>图像校验码错误！</ERRORSTRING><ERRORSTRING_EN>Image checksum error！</ERRORSTRING_EN></XML>')
('2015-01-17 10:37:44.645066', "client 52365935 bid 0 fd_price ack error {'errcode': '311', 'errstring': '图像校验码错误！'}")
('2015-01-17 10:37:45.186229', '\r\n\r\n\r\n\r\n\r\n\r\n\r\n\r\n\r\n\r\n<XML><ERRORCODE>311</ERRORCODE><ERRORSTRING>图像校验码错误！</ERRORSTRING><ERRORSTRING_EN>Image checksum error！</ERRORSTRING_EN></XML>')
('2015-01-17 10:37:45.186382', "client 52494825 bid 0 fd_price ack error {'errcode': '311', 'errstring': '图像校验码错误！'}")
('2015-01-17 10:37:47.030854', '\r\n\r\n\r\n\r\n\r\n\r\n\r\n\r\n\r\n\r\n<XML><ERRORCODE>311</ERRORCODE><ERRORSTRING>图像校验码错误！</ERRORSTRING><ERRORSTRING_EN>Image checksum error！</ERRORSTRING_EN></XML>')
('2015-01-17 10:37:47.030963', "client 52774752 bid 0 fd_price ack error {'errcode': '311', 'errstring': '图像校验码错误！'}")
('2015-01-17 10:37:47.049738', 'client 52512481 bid 0 fd_price get channel Failed')
('2015-01-17 10:37:48.223854', 'client 52774752 bid 0 fd_price get channel Failed')
('2015-01-17 10:37:49.052750', 'client 52512481 bid 0 fd_price get channel Failed')
('2015-01-17 10:37:50.227325', 'client 52774752 bid 0 fd_price get channel Failed')
('2015-01-17 10:37:57.299200', 'client 52465815 bid 0 fd_image Timeout')
('2015-01-17 10:38:05.568731', 'client 52494825 bid 0 fd_price get channel Failed')
('2015-01-17 10:38:07.571888', 'client 52494825 bid 0 fd_price get channel Failed')
('2015-01-17 10:38:17.302009', 'client 52465815 bid 0 fd_image Timeout')
('2015-01-17 10:38:19.714772', '\r\n\r\n\r\n\r\n\r\n\r\n\r\n\r\n\r\n\r\n<XML><ERRORCODE>311</ERRORCODE><ERRORSTRING>图像校验码错误！</ERRORSTRING><ERRORSTRING_EN>Image checksum error！</ERRORSTRING_EN></XML>')
('2015-01-17 10:38:19.714891', "client 52774752 bid 0 fd_price ack error {'errcode': '311', 'errstring': '图像校验码错误！'}")
('2015-01-17 10:38:20.227588', '\r\n\r\n\r\n\r\n\r\n\r\n\r\n\r\n\r\n\r\n<XML><ERRORCODE>311</ERRORCODE><ERRORSTRING>图像校验码错误！</ERRORSTRING><ERRORSTRING_EN>Image checksum error！</ERRORSTRING_EN></XML>')
('2015-01-17 10:38:20.227702', "client 52512481 bid 0 fd_price ack error {'errcode': '311', 'errstring': '图像校验码错误！'}")
('2015-01-17 10:38:26.806470', 'client 52512481 bid 0 fd_price get channel Failed')
('2015-01-17 10:38:28.809904', 'client 52512481 bid 0 fd_price get channel Failed')
('2015-01-17 10:38:35.006036', 'client 52465815 bid 0 fd_price get channel Failed')
('2015-01-17 10:38:37.009253', 'client 52465815 bid 0 fd_price get channel Failed')
('2015-01-17 10:38:37.383340', 'client 52774752 bid 0 fd_price get channel Failed')
('2015-01-17 10:38:39.386335', 'client 52774752 bid 0 fd_price get channel Failed')
('2015-01-17 10:38:49.113996', 'client 52465815 bid 0 fd_image info channel error')
('2015-01-17 10:38:49.925683', 'client 52494825 bid 0 fd_price info channel error')
('2015-01-17 10:38:50.880688', 'client 52465815 bid 0 fd_price info channel error')
('2015-01-17 10:38:50.884800', 'client 52465815 bid 0 fd_price info channel error')
('2015-01-17 10:38:51.190842', '\r\n\r\n\r\n\r\n\r\n\r\n\r\n\r\n\r\n\r\n<XML><ERRORCODE>311</ERRORCODE><ERRORSTRING>图像校验码错误！</ERRORSTRING><ERRORSTRING_EN>Image checksum error！</ERRORSTRING_EN></XML>')
('2015-01-17 10:38:51.190954', "client 52465815 bid 0 fd_price ack error {'errcode': '311', 'errstring': '图像校验码错误！'}")
('2015-01-17 10:38:51.462606', '\r\n\r\n\r\n\r\n\r\n\r\n\r\n\r\n\r\n\r\n<XML><ERRORCODE>311</ERRORCODE><ERRORSTRING>图像校验码错误！</ERRORSTRING><ERRORSTRING_EN>Image checksum error！</ERRORSTRING_EN></XML>')
('2015-01-17 10:38:51.462714', "client 52494825 bid 0 fd_price ack error {'errcode': '311', 'errstring': '图像校验码错误！'}")
('2015-01-17 10:38:51.585621', '\r\n\r\n\r\n\r\n\r\n\r\n\r\n\r\n\r\n\r\n<XML><ERRORCODE>311</ERRORCODE><ERRORSTRING>图像校验码错误！</ERRORSTRING><ERRORSTRING_EN>Image checksum error！</ERRORSTRING_EN></XML>')
('2015-01-17 10:38:51.585747', "client 52512481 bid 0 fd_price ack error {'errcode': '311', 'errstring': '图像校验码错误！'}")
('2015-01-17 10:38:56.514272', '\r\n\r\n\r\n\r\n\r\n\r\n\r\n\r\n\r\n\r\n<XML><ERRORCODE>311</ERRORCODE><ERRORSTRING>图像校验码错误！</ERRORSTRING><ERRORSTRING_EN>Image checksum error！</ERRORSTRING_EN></XML>')
('2015-01-17 10:38:56.514386', "client 52494825 bid 0 fd_price ack error {'errcode': '311', 'errstring': '图像校验码错误！'}")
('2015-01-17 10:38:59.780963', '\r\n\r\n\r\n\r\n\r\n\r\n\r\n\r\n\r\n\r\n<XML><ERRORCODE>311</ERRORCODE><ERRORSTRING>图像校验码错误！</ERRORSTRING><ERRORSTRING_EN>Image checksum error！</ERRORSTRING_EN></XML>')
('2015-01-17 10:38:59.781101', "client 52465815 bid 0 fd_price ack error {'errcode': '311', 'errstring': '图像校验码错误！'}")
('2015-01-17 10:39:02.146943', '\r\n\r\n\r\n\r\n\r\n\r\n\r\n\r\n\r\n\r\n<XML><ERRORCODE>311</ERRORCODE><ERRORSTRING>图像校验码错误！</ERRORSTRING><ERRORSTRING_EN>Image checksum error！</ERRORSTRING_EN></XML>')
('2015-01-17 10:39:02.147056', "client 52774752 bid 0 fd_price ack error {'errcode': '311', 'errstring': '图像校验码错误！'}")
('2015-01-17 10:39:05.369997', 'client 52512481 bid 0 fd_price get channel Failed')
('2015-01-17 10:39:09.043534', 'client 52494825 bid 0 fd_price get channel Failed')
('2015-01-17 10:39:11.046851', 'client 52494825 bid 0 fd_price get channel Failed')
('2015-01-17 10:39:17.569679', 'client 52512481 bid 0 fd_price info channel error')
('2015-01-17 10:39:27.812326', 'client 52465815 bid 0 fd_image Timeout')
('2015-01-17 10:39:47.815020', 'client 52465815 bid 0 fd_image Timeout')
('2015-01-17 10:40:01.849210', 'client 52494825 bid 0 fd_image Timeout')
('2015-01-17 10:40:07.816999', 'client 52465815 bid 0 fd_image Timeout')
('2015-01-17 10:40:09.798567', '\r\n\r\n\r\n\r\n\r\n\r\n\r\n\r\n\r\n\r\n<XML><ERRORCODE>311</ERRORCODE><ERRORSTRING>图像校验码错误！</ERRORSTRING><ERRORSTRING_EN>Image checksum error！</ERRORSTRING_EN></XML>')
('2015-01-17 10:40:09.798699', "client 52512481 bid 0 fd_price ack error {'errcode': '311', 'errstring': '图像校验码错误！'}")
('2015-01-17 10:40:19.439854', 'client 52494825 bid 0 fd_price get channel Failed')
('2015-01-17 10:40:21.443202', 'client 52494825 bid 0 fd_price get channel Failed')
('2015-01-17 10:40:22.062219', 'client 52465815 bid 0 fd_price get channel Failed')
('2015-01-17 10:40:24.065525', 'client 52465815 bid 0 fd_price get channel Failed')
('2015-01-17 10:40:46.850480', '\r\n\r\n\r\n\r\n\r\n\r\n\r\n\r\n\r\n\r\n<XML><ERRORCODE>311</ERRORCODE><ERRORSTRING>图像校验码错误！</ERRORSTRING><ERRORSTRING_EN>Image checksum error！</ERRORSTRING_EN></XML>')
('2015-01-17 10:40:46.850593', "client 52465815 bid 0 fd_price ack error {'errcode': '311', 'errstring': '图像校验码错误！'}")
('2015-01-17 10:40:53.299699', '\r\n\r\n\r\n\r\n\r\n\r\n\r\n\r\n\r\n\r\n<XML><ERRORCODE>311</ERRORCODE><ERRORSTRING>图像校验码错误！</ERRORSTRING><ERRORSTRING_EN>Image checksum error！</ERRORSTRING_EN></XML>')
('2015-01-17 10:40:53.299813', "client 52494825 bid 0 fd_price ack error {'errcode': '311', 'errstring': '图像校验码错误！'}")
('2015-01-17 10:40:56.833587', 'client 52465815 bid 0 fd_image info channel error')
('2015-01-17 10:41:04.266578', 'client 52494825 bid 0 fd_price get channel Failed')
('2015-01-17 10:41:06.270039', 'client 52494825 bid 0 fd_price get channel Failed')
('2015-01-17 10:41:14.867717', 'client 52465815 bid 0 fd_image Timeout')
('2015-01-17 10:41:29.026005', '\r\n\r\n\r\n\r\n\r\n\r\n\r\n\r\n\r\n\r\n<XML><ERRORCODE>311</ERRORCODE><ERRORSTRING>图像校验码错误！</ERRORSTRING><ERRORSTRING_EN>Image checksum error！</ERRORSTRING_EN></XML>')
('2015-01-17 10:41:29.026118', "client 52494825 bid 0 fd_price ack error {'errcode': '311', 'errstring': '图像校验码错误！'}")
('2015-01-17 10:41:38.353156', 'client 52465815 bid 0 fd_price get channel Failed')
('2015-01-17 10:41:40.356312', 'client 52465815 bid 0 fd_price get channel Failed')
('2015-01-17 10:41:57.072970', 'client 52494825 bid 0 fd_image Timeout')
('2015-01-17 10:42:02.694875', '\r\n\r\n\r\n\r\n\r\n\r\n\r\n\r\n\r\n\r\n<XML><ERRORCODE>311</ERRORCODE><ERRORSTRING>图像校验码错误！</ERRORSTRING><ERRORSTRING_EN>Image checksum error！</ERRORSTRING_EN></XML>')
('2015-01-17 10:42:02.694992', "client 52494825 bid 0 fd_price ack error {'errcode': '311', 'errstring': '图像校验码错误！'}")
('2015-01-17 10:42:06.884864', 'client 52465815 bid 0 fd_image info channel error')
('2015-01-17 10:42:07.923157', 'client 52494825 bid 0 fd_price info channel error')
('2015-01-17 10:42:09.056379', 'client 52465815 bid 0 fd_image info channel error')
('2015-01-17 10:42:17.442347', 'client 52494825 bid 0 fd_price info channel error')
('2015-01-17 10:42:20.736825', 'client 52494825 bid 0 fd_price get channel Failed')
('2015-01-17 10:42:22.740393', 'client 52494825 bid 0 fd_price get channel Failed')
('2015-01-17 10:43:13.542613', 'client 52494825 bid 0 fd_image Timeout')
('2015-01-17 10:43:13.733119', '\r\n\r\n\r\n\r\n\r\n\r\n\r\n\r\n\r\n\r\n<XML><ERRORCODE>311</ERRORCODE><ERRORSTRING>图像校验码错误！</ERRORSTRING><ERRORSTRING_EN>Image checksum error！</ERRORSTRING_EN></XML>')
('2015-01-17 10:43:13.733233', "client 52494825 bid 0 fd_price ack error {'errcode': '311', 'errstring': '图像校验码错误！'}")
('2015-01-17 10:43:21.662555', 'client 52494825 bid 0 fd_price get channel Failed')
('2015-01-17 10:43:23.664764', 'client 52494825 bid 0 fd_price get channel Failed')
('2015-01-17 10:43:48.417708', '\r\n\r\n\r\n\r\n\r\n\r\n\r\n\r\n\r\n\r\n<XML><ERRORCODE>311</ERRORCODE><ERRORSTRING>图像校验码错误！</ERRORSTRING><ERRORSTRING_EN>Image checksum error！</ERRORSTRING_EN></XML>')
('2015-01-17 10:43:48.417824', "client 52494825 bid 0 fd_price ack error {'errcode': '311', 'errstring': '图像校验码错误！'}")
('2015-01-17 10:43:49.266869', 'client 52494825 bid 0 fd_price info channel error')
('2015-01-17 10:43:52.509012', 'client 52494825 bid 0 fd_price info channel error')
('2015-01-17 10:43:55.382334', 'client 52465815 bid 0 fd_price info channel error')
('2015-01-17 10:43:55.489983', '\r\n\r\n\r\n\r\n\r\n\r\n\r\n\r\n\r\n\r\n<XML><ERRORCODE>311</ERRORCODE><ERRORSTRING>图像校验码错误！</ERRORSTRING><ERRORSTRING_EN>Image checksum error！</ERRORSTRING_EN></XML>')
('2015-01-17 10:43:55.490095', "client 52465815 bid 0 fd_price ack error {'errcode': '311', 'errstring': '图像校验码错误！'}")
('2015-01-17 10:44:05.151285', 'client 52494825 bid 0 fd_price get channel Failed')
('2015-01-17 10:44:07.154195', 'client 52494825 bid 0 fd_price get channel Failed')
('2015-01-17 10:45:04.962425', '\r\n\r\n\r\n\r\n\r\n\r\n\r\n\r\n\r\n\r\n<XML><ERRORCODE>311</ERRORCODE><ERRORSTRING>图像校验码错误！</ERRORSTRING><ERRORSTRING_EN>Image checksum error！</ERRORSTRING_EN></XML>')
('2015-01-17 10:45:04.962554', "client 52494825 bid 0 fd_price ack error {'errcode': '311', 'errstring': '图像校验码错误！'}")
('2015-01-17 10:45:29.877343', 'client 52494825 bid 0 fd_price info channel error')
('2015-01-17 10:45:30.009349', '\r\n\r\n\r\n\r\n\r\n\r\n\r\n\r\n\r\n\r\n<XML><ERRORCODE>311</ERRORCODE><ERRORSTRING>图像校验码错误！</ERRORSTRING><ERRORSTRING_EN>Image checksum error！</ERRORSTRING_EN></XML>')
('2015-01-17 10:45:30.009481', "client 52494825 bid 0 fd_price ack error {'errcode': '311', 'errstring': '图像校验码错误！'}")
('2015-01-17 10:45:31.259731', 'client 52494825 bid 0 fd_image info channel error')
('2015-01-17 10:45:36.799702', 'client 52494825 bid 0 fd_price info channel error')
('2015-01-17 10:45:36.911545', '\r\n\r\n\r\n\r\n\r\n\r\n\r\n\r\n\r\n\r\n<XML><ERRORCODE>311</ERRORCODE><ERRORSTRING>图像校验码错误！</ERRORSTRING><ERRORSTRING_EN>Image checksum error！</ERRORSTRING_EN></XML>')
('2015-01-17 10:45:36.911666', "client 52494825 bid 0 fd_price ack error {'errcode': '311', 'errstring': '图像校验码错误！'}")
('2015-01-17 10:45:39.005883', 'client 52494825 bid 0 fd_price info channel error')
('2015-01-17 10:45:39.114782', '\r\n\r\n\r\n\r\n\r\n\r\n\r\n\r\n\r\n\r\n<XML><ERRORCODE>311</ERRORCODE><ERRORSTRING>图像校验码错误！</ERRORSTRING><ERRORSTRING_EN>Image checksum error！</ERRORSTRING_EN></XML>')
('2015-01-17 10:45:39.114912', "client 52494825 bid 0 fd_price ack error {'errcode': '311', 'errstring': '图像校验码错误！'}")
('2015-01-17 10:45:39.530547', 'client 52512481 bid 0 fd_price info channel error')
('2015-01-17 10:45:39.652534', '\r\n\r\n\r\n\r\n\r\n\r\n\r\n\r\n\r\n\r\n<XML><ERRORCODE>311</ERRORCODE><ERRORSTRING>图像校验码错误！</ERRORSTRING><ERRORSTRING_EN>Image checksum error！</ERRORSTRING_EN></XML>')
('2015-01-17 10:45:39.652643', "client 52512481 bid 0 fd_price ack error {'errcode': '311', 'errstring': '图像校验码错误！'}")
('2015-01-17 10:45:41.576525', 'client 52312655 bid 0 fd_price info channel error')
('2015-01-17 10:45:41.694756', '\r\n\r\n\r\n\r\n\r\n\r\n\r\n\r\n\r\n\r\n<XML><ERRORCODE>311</ERRORCODE><ERRORSTRING>图像校验码错误！</ERRORSTRING><ERRORSTRING_EN>Image checksum error！</ERRORSTRING_EN></XML>')
('2015-01-17 10:45:41.694866', "client 52312655 bid 0 fd_price ack error {'errcode': '311', 'errstring': '图像校验码错误！'}")
('2015-01-17 10:45:42.077698', 'client 52465815 bid 0 fd_price info channel error')
('2015-01-17 10:45:42.186014', '\r\n\r\n\r\n\r\n\r\n\r\n\r\n\r\n\r\n\r\n<XML><ERRORCODE>311</ERRORCODE><ERRORSTRING>图像校验码错误！</ERRORSTRING><ERRORSTRING_EN>Image checksum error！</ERRORSTRING_EN></XML>')
('2015-01-17 10:45:42.186127', "client 52465815 bid 0 fd_price ack error {'errcode': '311', 'errstring': '图像校验码错误！'}")
('2015-01-17 10:45:47.733841', 'client 52526236 bid 0 fd_price info channel error')
('2015-01-17 10:45:47.850341', '\r\n\r\n\r\n\r\n\r\n\r\n\r\n\r\n\r\n\r\n<XML><ERRORCODE>311</ERRORCODE><ERRORSTRING>图像校验码错误！</ERRORSTRING><ERRORSTRING_EN>Image checksum error！</ERRORSTRING_EN></XML>')
('2015-01-17 10:45:47.850453', "client 52526236 bid 0 fd_price ack error {'errcode': '311', 'errstring': '图像校验码错误！'}")
('2015-01-17 10:45:49.245591', 'client 52494825 bid 0 fd_price info channel error')
('2015-01-17 10:45:49.365765', '\r\n\r\n\r\n\r\n\r\n\r\n\r\n\r\n\r\n\r\n<XML><ERRORCODE>311</ERRORCODE><ERRORSTRING>图像校验码错误！</ERRORSTRING><ERRORSTRING_EN>Image checksum error！</ERRORSTRING_EN></XML>')
('2015-01-17 10:45:49.365875', "client 52494825 bid 0 fd_price ack error {'errcode': '311', 'errstring': '图像校验码错误！'}")
('2015-01-17 10:45:49.760227', 'client 52365935 bid 0 fd_price info channel error')
('2015-01-17 10:45:49.869140', '\r\n\r\n\r\n\r\n\r\n\r\n\r\n\r\n\r\n\r\n<XML><ERRORCODE>311</ERRORCODE><ERRORSTRING>图像校验码错误！</ERRORSTRING><ERRORSTRING_EN>Image checksum error！</ERRORSTRING_EN></XML>')
('2015-01-17 10:45:49.869249', "client 52365935 bid 0 fd_price ack error {'errcode': '311', 'errstring': '图像校验码错误！'}")
('2015-01-17 10:45:50.530644', '\r\n\r\n\r\n\r\n\r\n\r\n\r\n\r\n\r\n\r\n<XML><ERRORCODE>311</ERRORCODE><ERRORSTRING>图像校验码错误！</ERRORSTRING><ERRORSTRING_EN>Image checksum error！</ERRORSTRING_EN></XML>')
('2015-01-17 10:45:50.530769', "client 52494825 bid 0 fd_price ack error {'errcode': '311', 'errstring': '图像校验码错误！'}")
('2015-01-17 10:45:52.319506', 'client 52312655 bid 0 fd_price info channel error')
('2015-01-17 10:45:52.440787', '\r\n\r\n\r\n\r\n\r\n\r\n\r\n\r\n\r\n\r\n<XML><ERRORCODE>311</ERRORCODE><ERRORSTRING>图像校验码错误！</ERRORSTRING><ERRORSTRING_EN>Image checksum error！</ERRORSTRING_EN></XML>')
('2015-01-17 10:45:52.440896', "client 52312655 bid 0 fd_price ack error {'errcode': '311', 'errstring': '图像校验码错误！'}")
('2015-01-17 10:45:57.950333', 'client 52526236 bid 0 fd_price info channel error')
('2015-01-17 10:45:58.059169', '\r\n\r\n\r\n\r\n\r\n\r\n\r\n\r\n\r\n\r\n<XML><ERRORCODE>311</ERRORCODE><ERRORSTRING>图像校验码错误！</ERRORSTRING><ERRORSTRING_EN>Image checksum error！</ERRORSTRING_EN></XML>')
('2015-01-17 10:45:58.059280', "client 52526236 bid 0 fd_price ack error {'errcode': '311', 'errstring': '图像校验码错误！'}")
('2015-01-17 10:45:58.974289', 'client 52507677 bid 0 fd_price info channel error')
('2015-01-17 10:45:59.082771', '\r\n\r\n\r\n\r\n\r\n\r\n\r\n\r\n\r\n\r\n<XML><ERRORCODE>311</ERRORCODE><ERRORSTRING>图像校验码错误！</ERRORSTRING><ERRORSTRING_EN>Image checksum error！</ERRORSTRING_EN></XML>')
('2015-01-17 10:45:59.082879', "client 52507677 bid 0 fd_price ack error {'errcode': '311', 'errstring': '图像校验码错误！'}")
('2015-01-17 11:29:43.027019', 'client 52312655 bid 1 fd_image Timeout')
('2015-01-17 11:29:43.029759', 'client 52465815 bid 1 fd_image Timeout')
('2015-01-17 11:29:43.034565', 'client 52312655 bid 1 fd_image status 503')
('2015-01-17 11:29:43.036591', 'client 52526236 bid 1 fd_image Timeout')
('2015-01-17 11:29:43.037330', 'client 52496916 bid 1 fd_image Timeout')
('2015-01-17 11:29:43.037960', 'client 52512481 bid 1 fd_image Timeout')
('2015-01-17 11:29:43.042341', 'client 52507677 bid 1 fd_image Timeout')
('2015-01-17 11:29:43.043473', 'client 52365935 bid 1 fd_image Timeout')
('2015-01-17 11:29:43.663802', 'client 52365935 bid 1 fd_image status 503')
('2015-01-17 11:29:49.382967', 'client 52507677 bid 1 fd_image status 503')
('2015-01-17 11:29:50.032383', 'client 52465815 bid 1 fd_image Timeout')
('2015-01-17 11:29:50.047612', 'client 52496916 bid 1 fd_image Timeout')
('2015-01-17 11:29:50.646764', 'client 52465815 bid 1 fd_image status 503')
('2015-01-17 11:29:51.062014', 'client 52496916 bid 1 fd_image status 503')
('2015-01-17 11:29:56.494195', 'client 52465815 bid 2 fd_image status 503')
('2015-01-17 11:29:56.495205', 'client 52526236 bid 2 fd_image status 503')
('2015-01-17 11:29:56.496794', 'client 52494825 bid 2 fd_image status 503')
('2015-01-17 11:29:56.499325', 'client 52507677 bid 2 fd_image status 503')
('2015-01-17 11:29:56.694528', 'client 52496916 bid 2 fd_image status 503')
('2015-01-17 11:29:56.703104', 'client 52312655 bid 2 fd_image status 503')
('2015-01-17 11:29:57.918167', 'client 52512481 bid 2 fd_image status 503')
('2015-01-17 11:29:57.920209', 'client 52365935 bid 2 fd_image status 503')
('2015-01-17 11:29:59.502882', 'client 52365935 bid 2 fd_image status 503')
('2015-01-17 11:29:59.504819', 'client 52512481 bid 2 fd_image status 503')
('2015-01-17 11:29:59.698691', 'client 52496916 bid 2 fd_image status 503')
('2015-01-17 11:30:00.454180', '\r\n\r\n\r\n\r\n\r\n\r\n\r\n\r\n\r\n\r\n\r\n<XML><ERRORCODE>110</ERRORCODE><ERRORSTRING>没有正在举行的拍卖会，请注意拍卖公告！</ERRORSTRING><ERRORSTRING_EN>Auction is not begin!</ERRORSTRING_EN></XML>')
('2015-01-17 11:30:00.454307', "client 52465815 bid 2 fd_image ack error {'status': 200, 'head': 'Connection: close\\nDate: Sat, 17 Jan 2015 03:30:00 GMT\\nServer: Microsoft-IIS/6.0\\nSet-Cookie: JSESSIONID=9703116AA9EDF4AFE1536204E4A1FB83; Path=/car\\nContent-Type: text/html;charset=GBK\\nContent-Length: 178\\n\\n', 'body': '\\r\\n\\r\\n\\r\\n\\r\\n\\r\\n\\r\\n\\r\\n\\r\\n\\r\\n\\r\\n\\r\\n<XML><ERRORCODE>110</ERRORCODE><ERRORSTRING>没有正在举行的拍卖会，请注意拍卖公告！</ERRORSTRING><ERRORSTRING_EN>Auction is not begin!</ERRORSTRING_EN></XML>'}")
('2015-01-17 11:30:00.492717', '\r\n\r\n\r\n\r\n\r\n\r\n\r\n\r\n\r\n\r\n\r\n<XML><ERRORCODE>110</ERRORCODE><ERRORSTRING>没有正在举行的拍卖会，请注意拍卖公告！</ERRORSTRING><ERRORSTRING_EN>Auction is not begin!</ERRORSTRING_EN></XML>')
('2015-01-17 11:30:00.492843', "client 52312655 bid 2 fd_image ack error {'status': 200, 'head': 'Connection: close\\nDate: Sat, 17 Jan 2015 03:30:00 GMT\\nServer: Microsoft-IIS/6.0\\nSet-Cookie: JSESSIONID=665B06C00D605B7E110B74DADCE5331C; Path=/car\\nContent-Type: text/html;charset=GBK\\nContent-Length: 178\\n\\n', 'body': '\\r\\n\\r\\n\\r\\n\\r\\n\\r\\n\\r\\n\\r\\n\\r\\n\\r\\n\\r\\n\\r\\n<XML><ERRORCODE>110</ERRORCODE><ERRORSTRING>没有正在举行的拍卖会，请注意拍卖公告！</ERRORSTRING><ERRORSTRING_EN>Auction is not begin!</ERRORSTRING_EN></XML>'}")
('2015-01-17 11:30:00.777149', '\r\n\r\n\r\n\r\n\r\n\r\n\r\n\r\n\r\n\r\n<XML><ERRORCODE>311</ERRORCODE><ERRORSTRING>图像校验码错误！</ERRORSTRING><ERRORSTRING_EN>Image checksum error！</ERRORSTRING_EN></XML>')
('2015-01-17 11:30:00.777261', "client 52774752 bid 2 fd_price ack error {'errcode': '311', 'errstring': '图像校验码错误！'}")
('2015-01-17 11:30:00.930567', '\r\n\r\n\r\n\r\n\r\n\r\n\r\n\r\n\r\n\r\n\r\n<XML><ERRORCODE>110</ERRORCODE><ERRORSTRING>没有正在举行的拍卖会，请注意拍卖公告！</ERRORSTRING><ERRORSTRING_EN>Auction is not begin!</ERRORSTRING_EN></XML>')
('2015-01-17 11:30:00.930693', "client 52494825 bid 2 fd_image ack error {'status': 200, 'head': 'Connection: close\\nDate: Sat, 17 Jan 2015 03:30:01 GMT\\nServer: Microsoft-IIS/6.0\\nSet-Cookie: JSESSIONID=D11BA2DC31A54E9B18792A33F5A720E6; Path=/car\\nContent-Type: text/html;charset=GBK\\nContent-Length: 178\\n\\n', 'body': '\\r\\n\\r\\n\\r\\n\\r\\n\\r\\n\\r\\n\\r\\n\\r\\n\\r\\n\\r\\n\\r\\n<XML><ERRORCODE>110</ERRORCODE><ERRORSTRING>没有正在举行的拍卖会，请注意拍卖公告！</ERRORSTRING><ERRORSTRING_EN>Auction is not begin!</ERRORSTRING_EN></XML>'}")
('2015-01-17 11:30:00.932577', '\r\n\r\n\r\n\r\n\r\n\r\n\r\n\r\n\r\n\r\n\r\n<XML><ERRORCODE>110</ERRORCODE><ERRORSTRING>没有正在举行的拍卖会，请注意拍卖公告！</ERRORSTRING><ERRORSTRING_EN>Auction is not begin!</ERRORSTRING_EN></XML>')
('2015-01-17 11:30:00.932699', "client 52526236 bid 2 fd_image ack error {'status': 200, 'head': 'Connection: close\\nDate: Sat, 17 Jan 2015 03:30:01 GMT\\nServer: Microsoft-IIS/6.0\\nSet-Cookie: JSESSIONID=56A1D1005F31E00812F45C963196FCCD; Path=/car\\nContent-Type: text/html;charset=GBK\\nContent-Length: 178\\n\\n', 'body': '\\r\\n\\r\\n\\r\\n\\r\\n\\r\\n\\r\\n\\r\\n\\r\\n\\r\\n\\r\\n\\r\\n<XML><ERRORCODE>110</ERRORCODE><ERRORSTRING>没有正在举行的拍卖会，请注意拍卖公告！</ERRORSTRING><ERRORSTRING_EN>Auction is not begin!</ERRORSTRING_EN></XML>'}")
('2015-01-17 11:30:02.505018', '\r\n\r\n\r\n\r\n\r\n\r\n\r\n\r\n\r\n\r\n\r\n<XML><ERRORCODE>110</ERRORCODE><ERRORSTRING>没有正在举行的拍卖会，请注意拍卖公告！</ERRORSTRING><ERRORSTRING_EN>Auction is not begin!</ERRORSTRING_EN></XML>')
('2015-01-17 11:30:02.505146', "client 52465815 bid 2 fd_image ack error {'status': 200, 'head': 'Connection: close\\nDate: Sat, 17 Jan 2015 03:30:02 GMT\\nServer: Microsoft-IIS/6.0\\nSet-Cookie: JSESSIONID=F80FCCF3A6155C0577CF0C905E43C7B5; Path=/car\\nContent-Type: text/html;charset=GBK\\nContent-Length: 178\\n\\n', 'body': '\\r\\n\\r\\n\\r\\n\\r\\n\\r\\n\\r\\n\\r\\n\\r\\n\\r\\n\\r\\n\\r\\n<XML><ERRORCODE>110</ERRORCODE><ERRORSTRING>没有正在举行的拍卖会，请注意拍卖公告！</ERRORSTRING><ERRORSTRING_EN>Auction is not begin!</ERRORSTRING_EN></XML>'}")
('2015-01-17 11:30:02.511821', '\r\n\r\n\r\n\r\n\r\n\r\n\r\n\r\n\r\n\r\n\r\n<XML><ERRORCODE>101</ERRORCODE><ERRORSTRING>您的操作太过频繁，请稍后再试！</ERRORSTRING><ERRORSTRING_EN>Please try again slightly!</ERRORSTRING_EN></XML>')
('2015-01-17 11:30:02.511947', "client 52526236 bid 2 fd_image ack error {'status': 200, 'head': 'Connection: close\\nDate: Sat, 17 Jan 2015 03:30:02 GMT\\nServer: Microsoft-IIS/6.0\\nSet-Cookie: JSESSIONID=0BE6C3DC2DC451F30836E679CA6D311D; Path=/car\\nContent-Type: text/html;charset=GBK\\nContent-Length: 175\\n\\n', 'body': '\\r\\n\\r\\n\\r\\n\\r\\n\\r\\n\\r\\n\\r\\n\\r\\n\\r\\n\\r\\n\\r\\n<XML><ERRORCODE>101</ERRORCODE><ERRORSTRING>您的操作太过频繁，请稍后再试！</ERRORSTRING><ERRORSTRING_EN>Please try again slightly!</ERRORSTRING_EN></XML>'}")
('2015-01-17 11:30:02.708418', '\r\n\r\n\r\n\r\n\r\n\r\n\r\n\r\n\r\n\r\n\r\n<XML><ERRORCODE>101</ERRORCODE><ERRORSTRING>您的操作太过频繁，请稍后再试！</ERRORSTRING><ERRORSTRING_EN>Please try again slightly!</ERRORSTRING_EN></XML>')
('2015-01-17 11:30:02.708542', "client 52494825 bid 2 fd_image ack error {'status': 200, 'head': 'Connection: close\\nDate: Sat, 17 Jan 2015 03:30:02 GMT\\nServer: Microsoft-IIS/6.0\\nSet-Cookie: JSESSIONID=C5876D2D27ADEB668C0EF30A864D4246; Path=/car\\nContent-Type: text/html;charset=GBK\\nContent-Length: 175\\n\\n', 'body': '\\r\\n\\r\\n\\r\\n\\r\\n\\r\\n\\r\\n\\r\\n\\r\\n\\r\\n\\r\\n\\r\\n<XML><ERRORCODE>101</ERRORCODE><ERRORSTRING>您的操作太过频繁，请稍后再试！</ERRORSTRING><ERRORSTRING_EN>Please try again slightly!</ERRORSTRING_EN></XML>'}")
('2015-01-17 11:30:03.930672', '\r\n\r\n\r\n\r\n\r\n\r\n\r\n\r\n\r\n\r\n\r\n<XML><ERRORCODE>110</ERRORCODE><ERRORSTRING>没有正在举行的拍卖会，请注意拍卖公告！</ERRORSTRING><ERRORSTRING_EN>Auction is not begin!</ERRORSTRING_EN></XML>')
('2015-01-17 11:30:03.930797', "client 52496916 bid 2 fd_image ack error {'status': 200, 'head': 'Connection: close\\nDate: Sat, 17 Jan 2015 03:30:04 GMT\\nServer: Microsoft-IIS/6.0\\nSet-Cookie: JSESSIONID=31188FD84FD55E0F857601736F7B9955; Path=/car\\nContent-Type: text/html;charset=GBK\\nContent-Length: 178\\n\\n', 'body': '\\r\\n\\r\\n\\r\\n\\r\\n\\r\\n\\r\\n\\r\\n\\r\\n\\r\\n\\r\\n\\r\\n<XML><ERRORCODE>110</ERRORCODE><ERRORSTRING>没有正在举行的拍卖会，请注意拍卖公告！</ERRORSTRING><ERRORSTRING_EN>Auction is not begin!</ERRORSTRING_EN></XML>'}")
('2015-01-17 11:30:03.934081', '\r\n\r\n\r\n\r\n\r\n\r\n\r\n\r\n\r\n\r\n\r\n<XML><ERRORCODE>110</ERRORCODE><ERRORSTRING>没有正在举行的拍卖会，请注意拍卖公告！</ERRORSTRING><ERRORSTRING_EN>Auction is not begin!</ERRORSTRING_EN></XML>')
('2015-01-17 11:30:03.934207', "client 52512481 bid 2 fd_image ack error {'status': 200, 'head': 'Connection: close\\nDate: Sat, 17 Jan 2015 03:30:04 GMT\\nServer: Microsoft-IIS/6.0\\nSet-Cookie: JSESSIONID=1881A9AE10B51338C9E9B7A86FCBCEDB; Path=/car\\nContent-Type: text/html;charset=GBK\\nContent-Length: 178\\n\\n', 'body': '\\r\\n\\r\\n\\r\\n\\r\\n\\r\\n\\r\\n\\r\\n\\r\\n\\r\\n\\r\\n\\r\\n<XML><ERRORCODE>110</ERRORCODE><ERRORSTRING>没有正在举行的拍卖会，请注意拍卖公告！</ERRORSTRING><ERRORSTRING_EN>Auction is not begin!</ERRORSTRING_EN></XML>'}")
('2015-01-17 11:30:04.163241', '\r\n\r\n\r\n\r\n\r\n\r\n\r\n\r\n\r\n\r\n\r\n<XML><ERRORCODE>110</ERRORCODE><ERRORSTRING>没有正在举行的拍卖会，请注意拍卖公告！</ERRORSTRING><ERRORSTRING_EN>Auction is not begin!</ERRORSTRING_EN></XML>')
('2015-01-17 11:30:04.163366', "client 52312655 bid 2 fd_image ack error {'status': 200, 'head': 'Connection: close\\nDate: Sat, 17 Jan 2015 03:30:04 GMT\\nServer: Microsoft-IIS/6.0\\nSet-Cookie: JSESSIONID=1D92AF26410CEF185D04F746DE84863B; Path=/car\\nContent-Type: text/html;charset=GBK\\nContent-Length: 178\\n\\n', 'body': '\\r\\n\\r\\n\\r\\n\\r\\n\\r\\n\\r\\n\\r\\n\\r\\n\\r\\n\\r\\n\\r\\n<XML><ERRORCODE>110</ERRORCODE><ERRORSTRING>没有正在举行的拍卖会，请注意拍卖公告！</ERRORSTRING><ERRORSTRING_EN>Auction is not begin!</ERRORSTRING_EN></XML>'}")
('2015-01-17 11:30:06.508109', 'client 52507677 bid 2 fd_image Timeout')
('2015-01-17 11:30:06.718038', '\r\n\r\n\r\n\r\n\r\n\r\n\r\n\r\n\r\n\r\n\r\n<XML><ERRORCODE>110</ERRORCODE><ERRORSTRING>没有正在举行的拍卖会，请注意拍卖公告！</ERRORSTRING><ERRORSTRING_EN>Auction is not begin!</ERRORSTRING_EN></XML>')
('2015-01-17 11:30:06.718165', "client 52507677 bid 2 fd_image ack error {'status': 200, 'head': 'Connection: close\\nDate: Sat, 17 Jan 2015 03:30:06 GMT\\nServer: Microsoft-IIS/6.0\\nSet-Cookie: JSESSIONID=030CBC9913CEE6781E18C54F1F7BD9D3; Path=/car\\nContent-Type: text/html;charset=GBK\\nContent-Length: 178\\n\\n', 'body': '\\r\\n\\r\\n\\r\\n\\r\\n\\r\\n\\r\\n\\r\\n\\r\\n\\r\\n\\r\\n\\r\\n<XML><ERRORCODE>110</ERRORCODE><ERRORSTRING>没有正在举行的拍卖会，请注意拍卖公告！</ERRORSTRING><ERRORSTRING_EN>Auction is not begin!</ERRORSTRING_EN></XML>'}")
('2015-01-17 11:30:09.496593', 'client 52365935 bid 2 fd_image Timeout')
('2015-01-17 11:30:54.792986', 'client 52496916 bid 1 fd_image info channel error')
('2015-01-17 11:30:54.793397', 'client 52365935 bid 1 fd_image info channel error')
('2015-01-17 11:30:54.835875', 'client 52465815 bid 1 fd_image info channel error')
('2015-01-17 11:30:54.838511', 'client 52312655 bid 1 fd_image info channel error')
('2015-01-17 11:30:55.812147', 'client 52512481 bid 1 fd_image info channel error')
