('2015-01-17 09:36:36.669463', 'worker [3] started')
('2015-01-17 09:36:36.669604', 'client 9 initted')
('2015-01-17 09:36:37.509002', 'put_channel : channel login, group 1, time 2015-01-17 09:36:37.508841')
('2015-01-17 09:36:37.515913', 'put_channel : channel login, group 0, time 2015-01-17 09:36:37.515819')
('2015-01-17 09:36:37.517658', 'fd_channel : login[0] 1 login[1] 0 , tb0[0] 0 tb0[1] 0 , tb1[0] 0 tb1[1] 0')
('2015-01-17 09:36:37.563198', 'fd_channel : login[0] 0 login[1] 0 , tb0[0] 0 tb0[1] 0 , tb1[0] 0 tb1[1] 0')
('2015-01-17 09:36:39.008998', 'put_channel : channel login, group 1, time 2015-01-17 09:36:39.008867')
('2015-01-17 09:36:39.009665', 'fd_channel : login[0] 0 login[1] 0 , tb0[0] 0 tb0[1] 0 , tb1[0] 0 tb1[1] 0')
('2015-01-17 09:36:39.012138', 'put_channel : channel login, group 0, time 2015-01-17 09:36:39.012045')
('2015-01-17 09:36:39.065893', 'fd_channel : login[0] 0 login[1] 0 , tb0[0] 0 tb0[1] 0 , tb1[0] 0 tb1[1] 0')
('2015-01-17 09:36:40.510169', 'put_channel : channel login, group 1, time 2015-01-17 09:36:40.510052')
('2015-01-17 09:36:40.510950', 'fd_channel : login[0] 0 login[1] 0 , tb0[0] 0 tb0[1] 0 , tb1[0] 0 tb1[1] 0')
('2015-01-17 09:36:40.513764', 'put_channel : channel login, group 0, time 2015-01-17 09:36:40.513678')
('2015-01-17 09:36:40.568397', 'fd_channel : login[0] 0 login[1] 0 , tb0[0] 0 tb0[1] 0 , tb1[0] 0 tb1[1] 0')
('2015-01-17 09:36:42.011165', 'put_channel : channel login, group 1, time 2015-01-17 09:36:42.011043')
('2015-01-17 09:36:42.012096', 'fd_channel : login[0] 0 login[1] 0 , tb0[0] 0 tb0[1] 0 , tb1[0] 0 tb1[1] 0')
('2015-01-17 09:36:42.013587', 'put_channel : channel login, group 0, time 2015-01-17 09:36:42.013501')
('2015-01-17 09:36:42.071679', 'fd_channel : login[0] 0 login[1] 0 , tb0[0] 0 tb0[1] 0 , tb1[0] 0 tb1[1] 0')
('2015-01-17 09:36:43.508254', 'put_channel : channel login, group 1, time 2015-01-17 09:36:43.508154')
('2015-01-17 09:36:43.509065', 'fd_channel : login[0] 0 login[1] 0 , tb0[0] 0 tb0[1] 0 , tb1[0] 0 tb1[1] 0')
('2015-01-17 09:36:43.510853', 'put_channel : channel login, group 0, time 2015-01-17 09:36:43.510760')
('2015-01-17 10:32:33.010760', 'put_channel : channel tb0, group 1, time 2015-01-17 10:32:33.010567')
('2015-01-17 10:32:34.507964', 'put_channel : channel tb0, group 1, time 2015-01-17 10:32:34.507857')
('2015-01-17 10:32:36.008323', 'put_channel : channel tb0, group 1, time 2015-01-17 10:32:36.008216')
('2015-01-17 10:32:36.230035', 'put_channel : channel tb0, group 0, time 2015-01-17 10:32:36.229945')
('2015-01-17 10:32:37.510482', 'put_channel : channel tb0, group 0, time 2015-01-17 10:32:37.510383')
('2015-01-17 10:32:37.511062', 'put_channel : channel tb0, group 0, time 2015-01-17 10:32:37.510949')
('2015-01-17 10:32:38.507533', 'put_channel : channel tb0, group 1, time 2015-01-17 10:32:38.507437')
('2015-01-17 10:32:39.008090', 'put_channel : channel tb0, group 1, time 2015-01-17 10:32:39.008001')
('2015-01-17 10:32:39.042605', 'put_channel : channel tb0, group 0, time 2015-01-17 10:32:39.042517')
('2015-01-17 10:32:39.048440', 'put_channel : channel tb0, group 0, time 2015-01-17 10:32:39.048359')
('2015-01-17 10:32:40.509230', 'put_channel : channel tb0, group 1, time 2015-01-17 10:32:40.509106')
('2015-01-17 10:32:40.509898', 'put_channel : channel tb0, group 0, time 2015-01-17 10:32:40.509818')
('2015-01-17 10:32:42.008528', 'put_channel : channel tb0, group 1, time 2015-01-17 10:32:42.008403')
('2015-01-17 10:32:42.049086', 'put_channel : channel tb0, group 0, time 2015-01-17 10:32:42.048996')
('2015-01-17 10:32:43.509194', 'put_channel : channel tb0, group 1, time 2015-01-17 10:32:43.509092')
('2015-01-17 10:32:43.513567', 'put_channel : channel tb0, group 0, time 2015-01-17 10:32:43.513483')
('2015-01-17 10:32:45.008178', 'put_channel : channel tb0, group 1, time 2015-01-17 10:32:45.008074')
('2015-01-17 10:32:45.046949', 'put_channel : channel tb0, group 0, time 2015-01-17 10:32:45.046864')
('2015-01-17 10:32:46.508213', 'put_channel : channel tb0, group 1, time 2015-01-17 10:32:46.508110')
('2015-01-17 10:32:46.510108', 'put_channel : channel tb0, group 0, time 2015-01-17 10:32:46.510029')
('2015-01-17 10:32:48.008116', 'put_channel : channel tb0, group 1, time 2015-01-17 10:32:48.008015')
('2015-01-17 10:32:48.047692', 'put_channel : channel tb0, group 0, time 2015-01-17 10:32:48.047605')
('2015-01-17 10:32:49.508372', 'put_channel : channel tb0, group 1, time 2015-01-17 10:32:49.508271')
('2015-01-17 10:32:49.510689', 'put_channel : channel tb0, group 0, time 2015-01-17 10:32:49.510602')
('2015-01-17 10:32:51.008160', 'put_channel : channel tb0, group 1, time 2015-01-17 10:32:51.008054')
('2015-01-17 10:32:52.058933', 'put_channel : channel tb0, group 0, time 2015-01-17 10:32:52.058831')
('2015-01-17 10:32:52.508162', 'put_channel : channel tb0, group 1, time 2015-01-17 10:32:52.508073')
('2015-01-17 10:32:52.509871', 'put_channel : channel tb0, group 0, time 2015-01-17 10:32:52.509785')
('2015-01-17 10:32:54.008097', 'put_channel : channel tb0, group 1, time 2015-01-17 10:32:54.007995')
('2015-01-17 10:32:55.507542', 'put_channel : channel tb0, group 1, time 2015-01-17 10:32:55.507439')
('2015-01-17 10:32:55.512643', 'put_channel : channel tb0, group 0, time 2015-01-17 10:32:55.512555')
('2015-01-17 10:32:57.008459', 'put_channel : channel tb0, group 1, time 2015-01-17 10:32:57.008350')
('2015-01-17 10:32:57.050861', 'put_channel : channel tb0, group 0, time 2015-01-17 10:32:57.050771')
('2015-01-17 10:32:58.508888', 'put_channel : channel tb0, group 1, time 2015-01-17 10:32:58.508782')
('2015-01-17 10:32:58.511896', 'put_channel : channel tb0, group 0, time 2015-01-17 10:32:58.511814')
('2015-01-17 10:33:00.009883', 'put_channel : channel tb0, group 1, time 2015-01-17 10:33:00.009781')
('2015-01-17 10:33:01.055134', 'put_channel : channel tb0, group 0, time 2015-01-17 10:33:01.054965')
('2015-01-17 10:33:01.508154', 'put_channel : channel tb0, group 1, time 2015-01-17 10:33:01.508066')
('2015-01-17 10:33:01.509832', 'put_channel : channel tb0, group 0, time 2015-01-17 10:33:01.509752')
('2015-01-17 10:33:03.007953', 'put_channel : channel tb0, group 1, time 2015-01-17 10:33:03.007826')
('2015-01-17 10:33:04.507738', 'put_channel : channel tb0, group 1, time 2015-01-17 10:33:04.507643')
('2015-01-17 10:33:06.008460', 'put_channel : channel tb0, group 1, time 2015-01-17 10:33:06.008371')
('2015-01-17 10:33:07.509192', 'put_channel : channel tb0, group 1, time 2015-01-17 10:33:07.509095')
('2015-01-17 10:33:09.008670', 'put_channel : channel tb0, group 1, time 2015-01-17 10:33:09.008517')
('2015-01-17 10:33:09.140752', 'put_channel : channel tb0, group 0, time 2015-01-17 10:33:09.140661')
('2015-01-17 10:33:10.508011', 'put_channel : channel tb0, group 1, time 2015-01-17 10:33:10.507923')
('2015-01-17 10:33:12.008270', 'put_channel : channel tb0, group 1, time 2015-01-17 10:33:12.008148')
('2015-01-17 10:33:13.508030', 'put_channel : channel tb0, group 1, time 2015-01-17 10:33:13.507941')
('2015-01-17 10:33:15.008345', 'put_channel : channel tb0, group 1, time 2015-01-17 10:33:15.008231')
('2015-01-17 10:33:16.508110', 'put_channel : channel tb0, group 1, time 2015-01-17 10:33:16.508020')
('2015-01-17 10:33:48.031435', 'put_channel : channel tb0, group 1, time 2015-01-17 10:33:48.031272')
('2015-01-17 10:33:49.007662', 'put_channel : channel tb0, group 1, time 2015-01-17 10:33:49.007570')
('2015-01-17 10:33:49.023327', 'put_channel : channel tb0, group 1, time 2015-01-17 10:33:49.023239')
('2015-01-17 10:33:49.055468', 'put_channel : channel tb0, group 1, time 2015-01-17 10:33:49.055340')
('2015-01-17 10:33:49.508129', 'put_channel : channel tb0, group 1, time 2015-01-17 10:33:49.508041')
('2015-01-17 10:33:49.513134', 'put_channel : channel tb0, group 1, time 2015-01-17 10:33:49.513047')
('2015-01-17 10:33:49.535540', 'put_channel : channel tb0, group 1, time 2015-01-17 10:33:49.535455')
('2015-01-17 10:33:50.522858', 'put_channel : channel tb0, group 1, time 2015-01-17 10:33:50.522768')
('2015-01-17 10:33:50.559543', 'put_channel : channel tb0, group 1, time 2015-01-17 10:33:50.559458')
('2015-01-17 10:33:51.010504', 'put_channel : channel tb0, group 1, time 2015-01-17 10:33:51.010382')
('2015-01-17 10:33:51.039304', 'put_channel : channel tb0, group 1, time 2015-01-17 10:33:51.039216')
('2015-01-17 10:33:52.016916', 'put_channel : channel tb0, group 1, time 2015-01-17 10:33:52.016808')
('2015-01-17 10:33:52.065243', 'put_channel : channel tb0, group 1, time 2015-01-17 10:33:52.065157')
('2015-01-17 10:33:52.507985', 'put_channel : channel tb0, group 1, time 2015-01-17 10:33:52.507896')
('2015-01-17 10:33:52.543212', 'put_channel : channel tb0, group 1, time 2015-01-17 10:33:52.543126')
('2015-01-17 10:33:53.569004', 'put_channel : channel tb0, group 1, time 2015-01-17 10:33:53.568918')
('2015-01-17 10:33:54.008084', 'put_channel : channel tb0, group 1, time 2015-01-17 10:33:54.007995')
('2015-01-17 10:33:54.032313', 'put_channel : channel tb0, group 1, time 2015-01-17 10:33:54.032228')
('2015-01-17 10:33:55.071313', 'put_channel : channel tb0, group 1, time 2015-01-17 10:33:55.071224')
('2015-01-17 10:33:55.508429', 'put_channel : channel tb0, group 1, time 2015-01-17 10:33:55.508341')
('2015-01-17 10:33:55.535654', 'put_channel : channel tb0, group 1, time 2015-01-17 10:33:55.535570')
('2015-01-17 10:33:56.577161', 'put_channel : channel tb0, group 1, time 2015-01-17 10:33:56.577056')
('2015-01-17 10:33:57.008630', 'put_channel : channel tb0, group 1, time 2015-01-17 10:33:57.008543')
('2015-01-17 10:33:58.081147', 'put_channel : channel tb0, group 1, time 2015-01-17 10:33:58.081055')
('2015-01-17 10:34:02.420153', 'fd_channel : login[0] 1 login[1] 0 , tb0[0] 20 tb0[1] 53 , tb1[0] 0 tb1[1] 0')
('2015-01-17 10:34:02.422372', 'fd_channel : login[0] 1 login[1] 0 , tb0[0] 20 tb0[1] 52 , tb1[0] 0 tb1[1] 0')
('2015-01-17 10:34:02.425895', 'fd_channel : login[0] 1 login[1] 0 , tb0[0] 20 tb0[1] 51 , tb1[0] 0 tb1[1] 0')
('2015-01-17 10:34:02.427512', 'fd_channel : login[0] 1 login[1] 0 , tb0[0] 20 tb0[1] 50 , tb1[0] 0 tb1[1] 0')
('2015-01-17 10:34:02.428958', 'fd_channel : login[0] 1 login[1] 0 , tb0[0] 20 tb0[1] 49 , tb1[0] 0 tb1[1] 0')
('2015-01-17 10:34:02.430784', 'fd_channel : login[0] 1 login[1] 0 , tb0[0] 20 tb0[1] 48 , tb1[0] 0 tb1[1] 0')
('2015-01-17 10:34:02.432976', 'fd_channel : login[0] 1 login[1] 0 , tb0[0] 20 tb0[1] 47 , tb1[0] 0 tb1[1] 0')
('2015-01-17 10:34:02.434894', 'fd_channel : login[0] 1 login[1] 0 , tb0[0] 20 tb0[1] 46 , tb1[0] 0 tb1[1] 0')
('2015-01-17 10:34:02.437194', 'fd_channel : login[0] 1 login[1] 0 , tb0[0] 20 tb0[1] 45 , tb1[0] 0 tb1[1] 0')
('2015-01-17 10:34:02.509084', 'put_channel : channel tb0, group 1, time 2015-01-17 10:34:02.508997')
('2015-01-17 10:34:02.559283', 'put_channel : channel tb0, group 1, time 2015-01-17 10:34:02.559197')
('2015-01-17 10:34:03.008181', 'put_channel : channel tb0, group 1, time 2015-01-17 10:34:03.008091')
('2015-01-17 10:34:08.495219', 'fd_channel : login[0] 1 login[1] 0 , tb0[0] 19 tb0[1] 48 , tb1[0] 0 tb1[1] 0')
('2015-01-17 10:34:08.497754', 'fd_channel : login[0] 1 login[1] 0 , tb0[0] 19 tb0[1] 47 , tb1[0] 0 tb1[1] 0')
('2015-01-17 10:34:09.035535', 'fd_channel : login[0] 1 login[1] 0 , tb0[0] 18 tb0[1] 47 , tb1[0] 0 tb1[1] 0')
('2015-01-17 10:34:09.037771', 'fd_channel : login[0] 1 login[1] 0 , tb0[0] 18 tb0[1] 46 , tb1[0] 0 tb1[1] 0')
('2015-01-17 10:34:09.327722', 'fd_channel : login[0] 1 login[1] 0 , tb0[0] 17 tb0[1] 46 , tb1[0] 0 tb1[1] 0')
('2015-01-17 10:34:09.329172', 'fd_channel : login[0] 1 login[1] 0 , tb0[0] 17 tb0[1] 45 , tb1[0] 0 tb1[1] 0')
('2015-01-17 10:34:09.350336', 'fd_channel : login[0] 1 login[1] 0 , tb0[0] 16 tb0[1] 45 , tb1[0] 0 tb1[1] 0')
('2015-01-17 10:34:09.352728', 'fd_channel : login[0] 1 login[1] 0 , tb0[0] 16 tb0[1] 44 , tb1[0] 0 tb1[1] 0')
('2015-01-17 10:34:09.839803', 'fd_channel : login[0] 1 login[1] 0 , tb0[0] 15 tb0[1] 44 , tb1[0] 0 tb1[1] 0')
('2015-01-17 10:34:09.842166', 'fd_channel : login[0] 1 login[1] 0 , tb0[0] 15 tb0[1] 43 , tb1[0] 0 tb1[1] 0')
('2015-01-17 10:34:10.241668', 'fd_channel : login[0] 1 login[1] 0 , tb0[0] 14 tb0[1] 43 , tb1[0] 0 tb1[1] 0')
('2015-01-17 10:34:10.243670', 'fd_channel : login[0] 1 login[1] 0 , tb0[0] 14 tb0[1] 42 , tb1[0] 0 tb1[1] 0')
('2015-01-17 10:34:10.499994', 'fd_channel : login[0] 1 login[1] 0 , tb0[0] 13 tb0[1] 42 , tb1[0] 0 tb1[1] 0')
('2015-01-17 10:34:10.501602', 'fd_channel : login[0] 1 login[1] 0 , tb0[0] 13 tb0[1] 41 , tb1[0] 0 tb1[1] 0')
('2015-01-17 10:34:11.040094', 'fd_channel : login[0] 1 login[1] 0 , tb0[0] 12 tb0[1] 41 , tb1[0] 0 tb1[1] 0')
('2015-01-17 10:34:11.041674', 'fd_channel : login[0] 1 login[1] 0 , tb0[0] 12 tb0[1] 40 , tb1[0] 0 tb1[1] 0')
('2015-01-17 10:34:11.331915', 'fd_channel : login[0] 1 login[1] 0 , tb0[0] 11 tb0[1] 40 , tb1[0] 0 tb1[1] 0')
('2015-01-17 10:34:11.333823', 'fd_channel : login[0] 1 login[1] 0 , tb0[0] 11 tb0[1] 39 , tb1[0] 0 tb1[1] 0')
('2015-01-17 10:34:11.355236', 'fd_channel : login[0] 1 login[1] 0 , tb0[0] 10 tb0[1] 39 , tb1[0] 0 tb1[1] 0')
('2015-01-17 10:34:11.356764', 'fd_channel : login[0] 1 login[1] 0 , tb0[0] 10 tb0[1] 38 , tb1[0] 0 tb1[1] 0')
('2015-01-17 10:34:11.594287', 'fd_channel : login[0] 1 login[1] 0 , tb0[0] 9 tb0[1] 38 , tb1[0] 0 tb1[1] 0')
('2015-01-17 10:34:11.596218', 'fd_channel : login[0] 1 login[1] 0 , tb0[0] 9 tb0[1] 37 , tb1[0] 0 tb1[1] 0')
('2015-01-17 10:34:11.844613', 'fd_channel : login[0] 1 login[1] 0 , tb0[0] 8 tb0[1] 37 , tb1[0] 0 tb1[1] 0')
('2015-01-17 10:34:11.846076', 'fd_channel : login[0] 1 login[1] 0 , tb0[0] 8 tb0[1] 36 , tb1[0] 0 tb1[1] 0')
('2015-01-17 10:34:12.246135', 'fd_channel : login[0] 1 login[1] 0 , tb0[0] 7 tb0[1] 36 , tb1[0] 0 tb1[1] 0')
('2015-01-17 10:34:12.248174', 'fd_channel : login[0] 1 login[1] 0 , tb0[0] 7 tb0[1] 35 , tb1[0] 0 tb1[1] 0')
('2015-01-17 10:34:13.598548', 'fd_channel : login[0] 1 login[1] 0 , tb0[0] 6 tb0[1] 35 , tb1[0] 0 tb1[1] 0')
('2015-01-17 10:34:13.600448', 'fd_channel : login[0] 1 login[1] 0 , tb0[0] 6 tb0[1] 34 , tb1[0] 0 tb1[1] 0')
('2015-01-17 10:34:17.341715', 'fd_channel : login[0] 1 login[1] 0 , tb0[0] 5 tb0[1] 34 , tb1[0] 0 tb1[1] 0')
('2015-01-17 10:34:17.343673', 'fd_channel : login[0] 1 login[1] 0 , tb0[0] 5 tb0[1] 33 , tb1[0] 0 tb1[1] 0')
('2015-01-17 10:34:19.346016', 'fd_channel : login[0] 1 login[1] 0 , tb0[0] 4 tb0[1] 33 , tb1[0] 0 tb1[1] 0')
('2015-01-17 10:34:19.347546', 'fd_channel : login[0] 1 login[1] 0 , tb0[0] 4 tb0[1] 32 , tb1[0] 0 tb1[1] 0')
('2015-01-17 10:34:28.572782', 'fd_channel : login[0] 1 login[1] 0 , tb0[0] 3 tb0[1] 32 , tb1[0] 0 tb1[1] 0')
('2015-01-17 10:34:28.574691', 'fd_channel : login[0] 1 login[1] 0 , tb0[0] 3 tb0[1] 31 , tb1[0] 0 tb1[1] 0')
('2015-01-17 10:34:30.577009', 'fd_channel : login[0] 1 login[1] 0 , tb0[0] 2 tb0[1] 31 , tb1[0] 0 tb1[1] 0')
('2015-01-17 10:34:30.578980', 'fd_channel : login[0] 1 login[1] 0 , tb0[0] 2 tb0[1] 30 , tb1[0] 0 tb1[1] 0')
('2015-01-17 10:34:33.041327', 'put_channel : channel tb0, group 1, time 2015-01-17 10:34:33.041178')
('2015-01-17 10:34:33.153221', 'put_channel : channel tb0, group 1, time 2015-01-17 10:34:33.153135')
('2015-01-17 10:34:34.007539', 'put_channel : channel tb0, group 1, time 2015-01-17 10:34:34.007427')
('2015-01-17 10:34:42.505774', 'fd_channel : login[0] 1 login[1] 0 , tb0[0] 2 tb0[1] 32 , tb1[0] 0 tb1[1] 0')
('2015-01-17 10:34:43.044385', 'fd_channel : login[0] 1 login[1] 0 , tb0[0] 2 tb0[1] 31 , tb1[0] 0 tb1[1] 0')
('2015-01-17 10:34:43.336870', 'fd_channel : login[0] 1 login[1] 0 , tb0[0] 2 tb0[1] 30 , tb1[0] 0 tb1[1] 0')
('2015-01-17 10:34:43.360064', 'fd_channel : login[0] 1 login[1] 0 , tb0[0] 2 tb0[1] 29 , tb1[0] 0 tb1[1] 0')
('2015-01-17 10:34:43.849099', 'fd_channel : login[0] 1 login[1] 0 , tb0[0] 2 tb0[1] 28 , tb1[0] 0 tb1[1] 0')
('2015-01-17 10:34:44.250862', 'fd_channel : login[0] 1 login[1] 0 , tb0[0] 2 tb0[1] 27 , tb1[0] 0 tb1[1] 0')
('2015-01-17 10:34:45.603842', 'fd_channel : login[0] 1 login[1] 0 , tb0[0] 2 tb0[1] 26 , tb1[0] 0 tb1[1] 0')
('2015-01-17 10:34:51.350725', 'fd_channel : login[0] 1 login[1] 0 , tb0[0] 2 tb0[1] 25 , tb1[0] 0 tb1[1] 0')
('2015-01-17 10:35:02.508671', 'fd_channel : login[0] 1 login[1] 0 , tb0[0] 2 tb0[1] 24 , tb1[0] 0 tb1[1] 0')
('2015-01-17 10:35:03.047860', 'fd_channel : login[0] 1 login[1] 0 , tb0[0] 2 tb0[1] 23 , tb1[0] 0 tb1[1] 0')
('2015-01-17 10:35:03.339881', 'fd_channel : login[0] 1 login[1] 0 , tb0[0] 2 tb0[1] 22 , tb1[0] 0 tb1[1] 0')
('2015-01-17 10:35:03.362614', 'fd_channel : login[0] 1 login[1] 0 , tb0[0] 2 tb0[1] 21 , tb1[0] 0 tb1[1] 0')
('2015-01-17 10:35:03.851597', 'fd_channel : login[0] 1 login[1] 0 , tb0[0] 2 tb0[1] 20 , tb1[0] 0 tb1[1] 0')
('2015-01-17 10:35:04.253028', 'fd_channel : login[0] 1 login[1] 0 , tb0[0] 2 tb0[1] 19 , tb1[0] 0 tb1[1] 0')
('2015-01-17 10:35:05.567480', 'put_channel : channel tb0, group 1, time 2015-01-17 10:35:05.567339')
('2015-01-17 10:35:05.606415', 'fd_channel : login[0] 1 login[1] 0 , tb0[0] 2 tb0[1] 19 , tb1[0] 0 tb1[1] 0')
('2015-01-17 10:35:06.008140', 'put_channel : channel tb0, group 1, time 2015-01-17 10:35:06.008054')
('2015-01-17 10:35:07.071433', 'put_channel : channel tb0, group 1, time 2015-01-17 10:35:07.071296')
('2015-01-17 10:35:07.509792', 'put_channel : channel tb0, group 1, time 2015-01-17 10:35:07.509704')
('2015-01-17 10:35:07.647350', 'put_channel : channel tb0, group 1, time 2015-01-17 10:35:07.647265')
('2015-01-17 10:35:08.575188', 'put_channel : channel tb0, group 1, time 2015-01-17 10:35:08.575087')
('2015-01-17 10:35:09.008328', 'put_channel : channel tb0, group 1, time 2015-01-17 10:35:09.008240')
('2015-01-17 10:35:09.119367', 'put_channel : channel tb0, group 1, time 2015-01-17 10:35:09.119225')
('2015-01-17 10:35:10.079268', 'put_channel : channel tb0, group 1, time 2015-01-17 10:35:10.079181')
('2015-01-17 10:35:10.442598', 'fd_channel : login[0] 1 login[1] 0 , tb0[0] 0 tb0[1] 26 , tb1[0] 0 tb1[1] 0')
('2015-01-17 10:35:10.508267', 'put_channel : channel tb0, group 1, time 2015-01-17 10:35:10.508181')
('2015-01-17 10:35:10.655348', 'put_channel : channel tb0, group 1, time 2015-01-17 10:35:10.655262')
('2015-01-17 10:35:10.971797', 'fd_channel : login[0] 1 login[1] 0 , tb0[0] 0 tb0[1] 27 , tb1[0] 0 tb1[1] 0')
('2015-01-17 10:35:11.551560', 'put_channel : channel tb0, group 1, time 2015-01-17 10:35:11.551471')
('2015-01-17 10:35:11.643780', 'fd_channel : login[0] 1 login[1] 0 , tb0[0] 0 tb0[1] 28 , tb1[0] 0 tb1[1] 0')
('2015-01-17 10:35:12.009960', 'put_channel : channel tb0, group 1, time 2015-01-17 10:35:12.009871')
('2015-01-17 10:35:12.127427', 'put_channel : channel tb0, group 1, time 2015-01-17 10:35:12.127302')
('2015-01-17 10:35:12.172340', 'fd_channel : login[0] 1 login[1] 0 , tb0[0] 0 tb0[1] 30 , tb1[0] 0 tb1[1] 0')
('2015-01-17 10:35:12.445570', 'fd_channel : login[0] 1 login[1] 0 , tb0[0] 0 tb0[1] 29 , tb1[0] 0 tb1[1] 0')
('2015-01-17 10:35:12.975241', 'fd_channel : login[0] 1 login[1] 0 , tb0[0] 0 tb0[1] 28 , tb1[0] 0 tb1[1] 0')
('2015-01-17 10:35:13.089172', 'put_channel : channel tb0, group 1, time 2015-01-17 10:35:13.089086')
('2015-01-17 10:35:13.508224', 'put_channel : channel tb0, group 1, time 2015-01-17 10:35:13.508137')
('2015-01-17 10:35:13.599173', 'put_channel : channel tb0, group 1, time 2015-01-17 10:35:13.599089')
('2015-01-17 10:35:13.646707', 'fd_channel : login[0] 1 login[1] 0 , tb0[0] 0 tb0[1] 31 , tb1[0] 0 tb1[1] 0')
('2015-01-17 10:35:14.176257', 'fd_channel : login[0] 1 login[1] 0 , tb0[0] 0 tb0[1] 31 , tb1[0] 0 tb1[1] 0')
('2015-01-17 10:35:14.431993', 'fd_channel : login[0] 1 login[1] 0 , tb0[0] 0 tb0[1] 30 , tb1[0] 0 tb1[1] 0')
('2015-01-17 10:35:14.560821', 'put_channel : channel tb0, group 1, time 2015-01-17 10:35:14.560735')
('2015-01-17 10:35:15.007908', 'put_channel : channel tb0, group 1, time 2015-01-17 10:35:15.007821')
('2015-01-17 10:35:15.137008', 'put_channel : channel tb0, group 1, time 2015-01-17 10:35:15.136923')
('2015-01-17 10:35:15.632652', 'fd_channel : login[0] 1 login[1] 0 , tb0[0] 0 tb0[1] 33 , tb1[0] 0 tb1[1] 0')
('2015-01-17 10:35:16.065212', 'put_channel : channel tb0, group 1, time 2015-01-17 10:35:16.065126')
('2015-01-17 10:35:16.102563', 'fd_channel : login[0] 1 login[1] 0 , tb0[0] 0 tb0[1] 33 , tb1[0] 0 tb1[1] 0')
('2015-01-17 10:35:16.434751', 'fd_channel : login[0] 1 login[1] 0 , tb0[0] 0 tb0[1] 32 , tb1[0] 0 tb1[1] 0')
('2015-01-17 10:35:16.508108', 'put_channel : channel tb0, group 1, time 2015-01-17 10:35:16.508020')
('2015-01-17 10:35:16.673139', 'put_channel : channel tb0, group 1, time 2015-01-17 10:35:16.673053')
('2015-01-17 10:35:17.303196', 'fd_channel : login[0] 1 login[1] 0 , tb0[0] 0 tb0[1] 34 , tb1[0] 0 tb1[1] 0')
('2015-01-17 10:35:17.569066', 'put_channel : channel tb0, group 1, time 2015-01-17 10:35:17.568978')
('2015-01-17 10:35:17.635813', 'fd_channel : login[0] 1 login[1] 0 , tb0[0] 0 tb0[1] 35 , tb1[0] 0 tb1[1] 0')
('2015-01-17 10:35:18.007918', 'put_channel : channel tb0, group 1, time 2015-01-17 10:35:18.007830')
('2015-01-17 10:35:18.105399', 'fd_channel : login[0] 1 login[1] 0 , tb0[0] 0 tb0[1] 35 , tb1[0] 0 tb1[1] 0')
('2015-01-17 10:35:18.145189', 'put_channel : channel tb0, group 1, time 2015-01-17 10:35:18.145101')
('2015-01-17 10:35:18.785195', 'fd_channel : login[0] 1 login[1] 0 , tb0[0] 0 tb0[1] 35 , tb1[0] 0 tb1[1] 0')
('2015-01-17 10:35:19.306533', 'fd_channel : login[0] 1 login[1] 0 , tb0[0] 0 tb0[1] 35 , tb1[0] 0 tb1[1] 0')
('2015-01-17 10:35:19.509087', 'put_channel : channel tb0, group 1, time 2015-01-17 10:35:19.509000')
('2015-01-17 10:35:19.985831', 'fd_channel : login[0] 1 login[1] 0 , tb0[0] 0 tb0[1] 36 , tb1[0] 0 tb1[1] 0')
('2015-01-17 10:35:20.788045', 'fd_channel : login[0] 1 login[1] 0 , tb0[0] 0 tb0[1] 35 , tb1[0] 0 tb1[1] 0')
('2015-01-17 10:35:21.989120', 'fd_channel : login[0] 1 login[1] 0 , tb0[0] 0 tb0[1] 35 , tb1[0] 0 tb1[1] 0')
('2015-01-17 10:35:23.535873', 'fd_channel : login[0] 1 login[1] 0 , tb0[0] 0 tb0[1] 34 , tb1[0] 0 tb1[1] 0')
('2015-01-17 10:35:24.736394', 'fd_channel : login[0] 1 login[1] 0 , tb0[0] 0 tb0[1] 34 , tb1[0] 0 tb1[1] 0')
('2015-01-17 10:35:25.538859', 'fd_channel : login[0] 1 login[1] 0 , tb0[0] 0 tb0[1] 33 , tb1[0] 0 tb1[1] 0')
('2015-01-17 10:35:26.739993', 'fd_channel : login[0] 1 login[1] 0 , tb0[0] 0 tb0[1] 33 , tb1[0] 0 tb1[1] 0')
('2015-01-17 10:35:29.073574', 'fd_channel : login[0] 1 login[1] 0 , tb0[0] 0 tb0[1] 32 , tb1[0] 0 tb1[1] 0')
('2015-01-17 10:35:30.274285', 'fd_channel : login[0] 1 login[1] 0 , tb0[0] 0 tb0[1] 32 , tb1[0] 0 tb1[1] 0')
('2015-01-17 10:35:31.076641', 'fd_channel : login[0] 1 login[1] 0 , tb0[0] 0 tb0[1] 31 , tb1[0] 0 tb1[1] 0')
('2015-01-17 10:35:31.340385', 'fd_channel : login[0] 1 login[1] 0 , tb0[0] 0 tb0[1] 30 , tb1[0] 0 tb1[1] 0')
('2015-01-17 10:35:32.277589', 'fd_channel : login[0] 1 login[1] 0 , tb0[0] 0 tb0[1] 30 , tb1[0] 0 tb1[1] 0')
('2015-01-17 10:35:32.541342', 'fd_channel : login[0] 1 login[1] 0 , tb0[0] 0 tb0[1] 30 , tb1[0] 0 tb1[1] 0')
('2015-01-17 10:35:33.343653', 'fd_channel : login[0] 1 login[1] 0 , tb0[0] 0 tb0[1] 29 , tb1[0] 0 tb1[1] 0')
('2015-01-17 10:35:34.544608', 'fd_channel : login[0] 1 login[1] 0 , tb0[0] 0 tb0[1] 29 , tb1[0] 0 tb1[1] 0')
('2015-01-17 10:35:44.448568', 'fd_channel : login[0] 1 login[1] 0 , tb0[0] 0 tb0[1] 28 , tb1[0] 0 tb1[1] 0')
('2015-01-17 10:35:44.977958', 'fd_channel : login[0] 1 login[1] 0 , tb0[0] 0 tb0[1] 27 , tb1[0] 0 tb1[1] 0')
('2015-01-17 10:35:48.031672', 'put_channel : channel tb0, group 1, time 2015-01-17 10:35:48.031583')
('2015-01-17 10:35:48.437493', 'fd_channel : login[0] 1 login[1] 0 , tb0[0] 0 tb0[1] 27 , tb1[0] 0 tb1[1] 0')
('2015-01-17 10:35:49.023237', 'put_channel : channel tb0, group 1, time 2015-01-17 10:35:49.023148')
('2015-01-17 10:35:50.108250', 'fd_channel : login[0] 1 login[1] 0 , tb0[0] 0 tb0[1] 27 , tb1[0] 0 tb1[1] 0')
('2015-01-17 10:35:52.790862', 'fd_channel : login[0] 1 login[1] 0 , tb0[0] 0 tb0[1] 26 , tb1[0] 0 tb1[1] 0')
('2015-01-17 10:35:56.823860', 'fd_channel : login[0] 1 login[1] 0 , tb0[0] 0 tb0[1] 25 , tb1[0] 0 tb1[1] 0')
('2015-01-17 10:35:56.976622', 'fd_channel : login[0] 1 login[1] 0 , tb0[0] 0 tb0[1] 24 , tb1[0] 0 tb1[1] 0')
('2015-01-17 10:35:57.541872', 'fd_channel : login[0] 1 login[1] 0 , tb0[0] 0 tb0[1] 23 , tb1[0] 0 tb1[1] 0')
('2015-01-17 10:35:58.024899', 'fd_channel : login[0] 1 login[1] 0 , tb0[0] 0 tb0[1] 23 , tb1[0] 0 tb1[1] 0')
('2015-01-17 10:35:58.177163', 'fd_channel : login[0] 1 login[1] 0 , tb0[0] 0 tb0[1] 23 , tb1[0] 0 tb1[1] 0')
('2015-01-17 10:35:58.826976', 'fd_channel : login[0] 1 login[1] 0 , tb0[0] 0 tb0[1] 22 , tb1[0] 0 tb1[1] 0')
('2015-01-17 10:35:58.979689', 'fd_channel : login[0] 1 login[1] 0 , tb0[0] 0 tb0[1] 21 , tb1[0] 0 tb1[1] 0')
('2015-01-17 10:36:00.027996', 'fd_channel : login[0] 1 login[1] 0 , tb0[0] 0 tb0[1] 21 , tb1[0] 0 tb1[1] 0')
('2015-01-17 10:36:00.180416', 'fd_channel : login[0] 1 login[1] 0 , tb0[0] 0 tb0[1] 21 , tb1[0] 0 tb1[1] 0')
('2015-01-17 10:36:03.079594', 'fd_channel : login[0] 1 login[1] 0 , tb0[0] 0 tb0[1] 20 , tb1[0] 0 tb1[1] 0')
('2015-01-17 10:36:04.451005', 'fd_channel : login[0] 1 login[1] 0 , tb0[0] 0 tb0[1] 19 , tb1[0] 0 tb1[1] 0')
('2015-01-17 10:36:05.346674', 'fd_channel : login[0] 1 login[1] 0 , tb0[0] 0 tb0[1] 18 , tb1[0] 0 tb1[1] 0')
('2015-01-17 10:36:05.916157', 'fd_channel : login[0] 1 login[1] 0 , tb0[0] 0 tb0[1] 17 , tb1[0] 0 tb1[1] 0')
('2015-01-17 10:36:07.116644', 'fd_channel : login[0] 1 login[1] 0 , tb0[0] 0 tb0[1] 17 , tb1[0] 0 tb1[1] 0')
('2015-01-17 10:36:07.920190', 'fd_channel : login[0] 1 login[1] 0 , tb0[0] 0 tb0[1] 16 , tb1[0] 0 tb1[1] 0')
('2015-01-17 10:36:09.121054', 'fd_channel : login[0] 1 login[1] 0 , tb0[0] 0 tb0[1] 16 , tb1[0] 0 tb1[1] 0')
('2015-01-17 10:36:12.794096', 'fd_channel : login[0] 1 login[1] 0 , tb0[0] 0 tb0[1] 15 , tb1[0] 0 tb1[1] 0')
('2015-01-17 10:36:17.544267', 'fd_channel : login[0] 1 login[1] 0 , tb0[0] 0 tb0[1] 14 , tb1[0] 0 tb1[1] 0')
('2015-01-17 10:36:19.535550', 'put_channel : channel tb0, group 1, time 2015-01-17 10:36:19.535459')
('2015-01-17 10:36:20.506943', 'put_channel : channel tb0, group 1, time 2015-01-17 10:36:20.506857')
('2015-01-17 10:36:20.526518', 'put_channel : channel tb0, group 1, time 2015-01-17 10:36:20.526466')
('2015-01-17 10:36:21.009563', 'put_channel : channel tb0, group 1, time 2015-01-17 10:36:21.009474')
('2015-01-17 10:36:21.041251', 'put_channel : channel tb0, group 1, time 2015-01-17 10:36:21.041164')
('2015-01-17 10:36:22.080984', 'put_channel : channel tb0, group 1, time 2015-01-17 10:36:22.080883')
('2015-01-17 10:36:22.508980', 'put_channel : channel tb0, group 1, time 2015-01-17 10:36:22.508893')
('2015-01-17 10:36:22.527430', 'put_channel : channel tb0, group 1, time 2015-01-17 10:36:22.527285')
('2015-01-17 10:36:23.082176', 'fd_channel : login[0] 1 login[1] 0 , tb0[0] 0 tb0[1] 21 , tb1[0] 0 tb1[1] 0')
('2015-01-17 10:36:23.521045', 'put_channel : channel tb0, group 1, time 2015-01-17 10:36:23.520958')
('2015-01-17 10:36:23.551556', 'put_channel : channel tb0, group 1, time 2015-01-17 10:36:23.551467')
('2015-01-17 10:36:24.009815', 'put_channel : channel tb0, group 1, time 2015-01-17 10:36:24.009727')
('2015-01-17 10:36:24.128791', 'put_channel : channel tb0, group 1, time 2015-01-17 10:36:24.128704')
('2015-01-17 10:36:24.453254', 'fd_channel : login[0] 1 login[1] 0 , tb0[0] 0 tb0[1] 24 , tb1[0] 0 tb1[1] 0')
('2015-01-17 10:36:25.349156', 'fd_channel : login[0] 1 login[1] 0 , tb0[0] 0 tb0[1] 23 , tb1[0] 0 tb1[1] 0')
('2015-01-17 10:36:25.507903', 'put_channel : channel tb0, group 1, time 2015-01-17 10:36:25.507816')
('2015-01-17 10:36:25.535249', 'put_channel : channel tb0, group 1, time 2015-01-17 10:36:25.535163')
('2015-01-17 10:36:25.663350', 'put_channel : channel tb0, group 1, time 2015-01-17 10:36:25.663265')
('2015-01-17 10:36:26.561231', 'put_channel : channel tb0, group 1, time 2015-01-17 10:36:26.561126')
('2015-01-17 10:36:27.010120', 'put_channel : channel tb0, group 1, time 2015-01-17 10:36:27.010033')
('2015-01-17 10:36:27.135516', 'put_channel : channel tb0, group 1, time 2015-01-17 10:36:27.135427')
('2015-01-17 10:36:28.507895', 'put_channel : channel tb0, group 1, time 2015-01-17 10:36:28.507795')
('2015-01-17 10:36:28.607226', 'put_channel : channel tb0, group 1, time 2015-01-17 10:36:28.607139')
('2015-01-17 10:36:29.568697', 'put_channel : channel tb0, group 1, time 2015-01-17 10:36:29.568599')
('2015-01-17 10:36:29.636899', 'fd_channel : login[0] 1 login[1] 0 , tb0[0] 0 tb0[1] 31 , tb1[0] 0 tb1[1] 0')
('2015-01-17 10:36:30.008494', 'put_channel : channel tb0, group 1, time 2015-01-17 10:36:30.008438')
('2015-01-17 10:36:30.142803', 'put_channel : channel tb0, group 1, time 2015-01-17 10:36:30.142737')
('2015-01-17 10:36:30.838287', 'fd_channel : login[0] 1 login[1] 0 , tb0[0] 0 tb0[1] 33 , tb1[0] 0 tb1[1] 0')
('2015-01-17 10:36:31.508157', 'put_channel : channel tb0, group 1, time 2015-01-17 10:36:31.508060')
('2015-01-17 10:36:31.615208', 'put_channel : channel tb0, group 1, time 2015-01-17 10:36:31.615115')
('2015-01-17 10:36:31.639643', 'fd_channel : login[0] 1 login[1] 0 , tb0[0] 0 tb0[1] 34 , tb1[0] 0 tb1[1] 0')
('2015-01-17 10:36:32.575355', 'put_channel : channel tb0, group 1, time 2015-01-17 10:36:32.575269')
('2015-01-17 10:36:32.840614', 'fd_channel : login[0] 1 login[1] 0 , tb0[0] 0 tb0[1] 35 , tb1[0] 0 tb1[1] 0')
('2015-01-17 10:36:33.009820', 'put_channel : channel tb0, group 1, time 2015-01-17 10:36:33.009733')
('2015-01-17 10:36:33.131984', 'fd_channel : login[0] 1 login[1] 0 , tb0[0] 0 tb0[1] 35 , tb1[0] 0 tb1[1] 0')
('2015-01-17 10:36:33.710762', 'fd_channel : login[0] 1 login[1] 0 , tb0[0] 0 tb0[1] 34 , tb1[0] 0 tb1[1] 0')
('2015-01-17 10:36:34.332579', 'fd_channel : login[0] 1 login[1] 0 , tb0[0] 0 tb0[1] 34 , tb1[0] 0 tb1[1] 0')
('2015-01-17 10:36:34.911746', 'fd_channel : login[0] 1 login[1] 0 , tb0[0] 0 tb0[1] 34 , tb1[0] 0 tb1[1] 0')
('2015-01-17 10:36:35.135059', 'fd_channel : login[0] 1 login[1] 0 , tb0[0] 0 tb0[1] 33 , tb1[0] 0 tb1[1] 0')
('2015-01-17 10:36:35.714229', 'fd_channel : login[0] 1 login[1] 0 , tb0[0] 0 tb0[1] 32 , tb1[0] 0 tb1[1] 0')
('2015-01-17 10:36:36.336124', 'fd_channel : login[0] 1 login[1] 0 , tb0[0] 0 tb0[1] 32 , tb1[0] 0 tb1[1] 0')
('2015-01-17 10:36:36.915279', 'fd_channel : login[0] 1 login[1] 0 , tb0[0] 0 tb0[1] 32 , tb1[0] 0 tb1[1] 0')
('2015-01-17 10:36:36.953150', 'fd_channel : login[0] 1 login[1] 0 , tb0[0] 0 tb0[1] 31 , tb1[0] 0 tb1[1] 0')
('2015-01-17 10:36:38.153981', 'fd_channel : login[0] 1 login[1] 0 , tb0[0] 0 tb0[1] 31 , tb1[0] 0 tb1[1] 0')
('2015-01-17 10:36:38.956152', 'fd_channel : login[0] 1 login[1] 0 , tb0[0] 0 tb0[1] 30 , tb1[0] 0 tb1[1] 0')
('2015-01-17 10:36:40.157018', 'fd_channel : login[0] 1 login[1] 0 , tb0[0] 0 tb0[1] 30 , tb1[0] 0 tb1[1] 0')
('2015-01-17 10:36:41.118184', 'fd_channel : login[0] 1 login[1] 0 , tb0[0] 0 tb0[1] 29 , tb1[0] 0 tb1[1] 0')
('2015-01-17 10:36:42.319002', 'fd_channel : login[0] 1 login[1] 0 , tb0[0] 0 tb0[1] 29 , tb1[0] 0 tb1[1] 0')
('2015-01-17 10:36:43.121312', 'fd_channel : login[0] 1 login[1] 0 , tb0[0] 0 tb0[1] 28 , tb1[0] 0 tb1[1] 0')
('2015-01-17 10:36:44.322358', 'fd_channel : login[0] 1 login[1] 0 , tb0[0] 0 tb0[1] 28 , tb1[0] 0 tb1[1] 0')
('2015-01-17 10:37:03.642822', 'fd_channel : login[0] 1 login[1] 0 , tb0[0] 0 tb0[1] 27 , tb1[0] 0 tb1[1] 0')
('2015-01-17 10:37:04.007534', 'put_channel : channel tb0, group 1, time 2015-01-17 10:37:04.007445')
('2015-01-17 10:37:04.016858', 'put_channel : channel tb0, group 1, time 2015-01-17 10:37:04.016769')
('2015-01-17 10:37:04.508022', 'put_channel : channel tb0, group 1, time 2015-01-17 10:37:04.507935')
('2015-01-17 10:37:04.802260', 'fd_channel : login[0] 1 login[1] 0 , tb0[0] 0 tb0[1] 30 , tb1[0] 0 tb1[1] 0')
('2015-01-17 10:37:07.139295', 'fd_channel : login[0] 1 login[1] 0 , tb0[0] 0 tb0[1] 29 , tb1[0] 0 tb1[1] 0')
('2015-01-17 10:37:07.239296', 'fd_channel : login[0] 1 login[1] 0 , tb0[0] 0 tb0[1] 28 , tb1[0] 0 tb1[1] 0')
('2015-01-17 10:37:07.717595', 'fd_channel : login[0] 1 login[1] 0 , tb0[0] 0 tb0[1] 27 , tb1[0] 0 tb1[1] 0')
('2015-01-17 10:37:08.886275', 'fd_channel : login[0] 1 login[1] 0 , tb0[0] 0 tb0[1] 27 , tb1[0] 0 tb1[1] 0')
('2015-01-17 10:37:09.701496', 'fd_channel : login[0] 1 login[1] 0 , tb0[0] 0 tb0[1] 27 , tb1[0] 0 tb1[1] 0')
('2015-01-17 10:37:09.987208', 'fd_channel : login[0] 1 login[1] 0 , tb0[0] 0 tb0[1] 27 , tb1[0] 0 tb1[1] 0')
('2015-01-17 10:37:10.958982', 'fd_channel : login[0] 1 login[1] 0 , tb0[0] 0 tb0[1] 26 , tb1[0] 0 tb1[1] 0')
('2015-01-17 10:37:12.392655', 'fd_channel : login[0] 1 login[1] 0 , tb0[0] 0 tb0[1] 25 , tb1[0] 0 tb1[1] 0')
('2015-01-17 10:37:12.504820', 'fd_channel : login[0] 1 login[1] 0 , tb0[0] 0 tb0[1] 24 , tb1[0] 0 tb1[1] 0')
('2015-01-17 10:37:13.855126', 'fd_channel : login[0] 1 login[1] 0 , tb0[0] 0 tb0[1] 24 , tb1[0] 0 tb1[1] 0')
('2015-01-17 10:37:14.969863', 'fd_channel : login[0] 1 login[1] 0 , tb0[0] 0 tb0[1] 24 , tb1[0] 0 tb1[1] 0')
('2015-01-17 10:37:15.124047', 'fd_channel : login[0] 1 login[1] 0 , tb0[0] 0 tb0[1] 23 , tb1[0] 0 tb1[1] 0')
('2015-01-17 10:37:15.692328', 'fd_channel : login[0] 1 login[1] 0 , tb0[0] 0 tb0[1] 23 , tb1[0] 0 tb1[1] 0')
('2015-01-17 10:37:15.850943', 'fd_channel : login[0] 1 login[1] 0 , tb0[0] 0 tb0[1] 22 , tb1[0] 0 tb1[1] 0')
('2015-01-17 10:37:16.450956', 'fd_channel : login[0] 1 login[1] 0 , tb0[0] 0 tb0[1] 21 , tb1[0] 0 tb1[1] 0')
('2015-01-17 10:37:17.678227', 'fd_channel : login[0] 1 login[1] 0 , tb0[0] 0 tb0[1] 21 , tb1[0] 0 tb1[1] 0')
('2015-01-17 10:37:18.662264', 'fd_channel : login[0] 1 login[1] 0 , tb0[0] 0 tb0[1] 20 , tb1[0] 0 tb1[1] 0')
('2015-01-17 10:37:18.663679', 'fd_channel : login[0] 1 login[1] 0 , tb0[0] 0 tb0[1] 19 , tb1[0] 0 tb1[1] 0')
('2015-01-17 10:37:18.665025', 'fd_channel : login[0] 1 login[1] 0 , tb0[0] 0 tb0[1] 18 , tb1[0] 0 tb1[1] 0')
('2015-01-17 10:37:19.210867', 'fd_channel : login[0] 1 login[1] 0 , tb0[0] 0 tb0[1] 17 , tb1[0] 0 tb1[1] 0')
('2015-01-17 10:37:21.031914', 'fd_channel : login[0] 1 login[1] 0 , tb0[0] 0 tb0[1] 16 , tb1[0] 0 tb1[1] 0')
('2015-01-17 10:37:22.851158', 'fd_channel : login[0] 1 login[1] 0 , tb0[0] 0 tb0[1] 15 , tb1[0] 0 tb1[1] 0')
('2015-01-17 10:37:22.880120', 'fd_channel : login[0] 1 login[1] 0 , tb0[0] 0 tb0[1] 14 , tb1[0] 0 tb1[1] 0')
('2015-01-17 10:37:23.988405', 'fd_channel : login[0] 1 login[1] 0 , tb0[0] 0 tb0[1] 13 , tb1[0] 0 tb1[1] 0')
('2015-01-17 10:37:26.033104', 'fd_channel : login[0] 1 login[1] 0 , tb0[0] 0 tb0[1] 12 , tb1[0] 0 tb1[1] 0')
('2015-01-17 10:37:27.141771', 'fd_channel : login[0] 1 login[1] 0 , tb0[0] 0 tb0[1] 11 , tb1[0] 0 tb1[1] 0')
('2015-01-17 10:37:27.720241', 'fd_channel : login[0] 1 login[1] 0 , tb0[0] 0 tb0[1] 10 , tb1[0] 0 tb1[1] 0')
('2015-01-17 10:37:30.961448', 'fd_channel : login[0] 1 login[1] 0 , tb0[0] 0 tb0[1] 9 , tb1[0] 0 tb1[1] 0')
('2015-01-17 10:37:33.337203', 'fd_channel : login[0] 1 login[1] 0 , tb0[0] 0 tb0[1] 8 , tb1[0] 0 tb1[1] 0')
('2015-01-17 10:37:34.527516', 'put_channel : channel tb0, group 1, time 2015-01-17 10:37:34.527422')
('2015-01-17 10:37:34.537906', 'fd_channel : login[0] 1 login[1] 0 , tb0[0] 0 tb0[1] 9 , tb1[0] 0 tb1[1] 0')
('2015-01-17 10:37:35.126560', 'fd_channel : login[0] 1 login[1] 0 , tb0[0] 0 tb0[1] 8 , tb1[0] 0 tb1[1] 0')
('2015-01-17 10:37:35.509184', 'put_channel : channel tb0, group 1, time 2015-01-17 10:37:35.509093')
('2015-01-17 10:37:35.519153', 'put_channel : channel tb0, group 1, time 2015-01-17 10:37:35.519065')
('2015-01-17 10:37:36.007758', 'put_channel : channel tb0, group 1, time 2015-01-17 10:37:36.007671')
('2015-01-17 10:37:37.056882', 'put_channel : channel tb0, group 1, time 2015-01-17 10:37:37.056791')
('2015-01-17 10:37:37.298178', 'fd_channel : login[0] 1 login[1] 0 , tb0[0] 0 tb0[1] 11 , tb1[0] 0 tb1[1] 0')
('2015-01-17 10:37:37.507736', 'put_channel : channel tb0, group 1, time 2015-01-17 10:37:37.507647')
('2015-01-17 10:37:37.535645', 'put_channel : channel tb0, group 1, time 2015-01-17 10:37:37.535559')
('2015-01-17 10:37:37.601061', 'put_channel : channel tb0, group 1, time 2015-01-17 10:37:37.600973')
('2015-01-17 10:37:38.521230', 'put_channel : channel tb0, group 1, time 2015-01-17 10:37:38.521141')
('2015-01-17 10:37:39.007930', 'put_channel : channel tb0, group 1, time 2015-01-17 10:37:39.007842')
('2015-01-17 10:37:39.135418', 'put_channel : channel tb0, group 1, time 2015-01-17 10:37:39.135288')
('2015-01-17 10:37:40.509385', 'put_channel : channel tb0, group 1, time 2015-01-17 10:37:40.509298')
('2015-01-17 10:37:40.543478', 'put_channel : channel tb0, group 1, time 2015-01-17 10:37:40.543352')
('2015-01-17 10:37:40.672828', 'put_channel : channel tb0, group 1, time 2015-01-17 10:37:40.672739')
('2015-01-17 10:37:42.007916', 'put_channel : channel tb0, group 1, time 2015-01-17 10:37:42.007828')
('2015-01-17 10:37:42.145002', 'put_channel : channel tb0, group 1, time 2015-01-17 10:37:42.144915')
('2015-01-17 10:37:43.508542', 'put_channel : channel tb0, group 1, time 2015-01-17 10:37:43.508452')
('2015-01-17 10:37:43.615556', 'put_channel : channel tb0, group 1, time 2015-01-17 10:37:43.615469')
('2015-01-17 10:37:44.575649', 'put_channel : channel tb0, group 1, time 2015-01-17 10:37:44.575539')
('2015-01-17 10:37:45.008188', 'put_channel : channel tb0, group 1, time 2015-01-17 10:37:45.008099')
('2015-01-17 10:37:45.151520', 'put_channel : channel tb0, group 1, time 2015-01-17 10:37:45.151432')
('2015-01-17 10:37:45.848796', 'fd_channel : login[0] 1 login[1] 0 , tb0[0] 0 tb0[1] 26 , tb1[0] 0 tb1[1] 0')
('2015-01-17 10:37:46.508148', 'put_channel : channel tb0, group 1, time 2015-01-17 10:37:46.508061')
('2015-01-17 10:37:46.625011', 'put_channel : channel tb0, group 1, time 2015-01-17 10:37:46.624924')
('2015-01-17 10:37:47.023058', 'fd_channel : login[0] 1 login[1] 0 , tb0[0] 0 tb0[1] 27 , tb1[0] 0 tb1[1] 0')
('2015-01-17 10:37:47.049624', 'fd_channel : login[0] 1 login[1] 0 , tb0[0] 0 tb0[1] 27 , tb1[0] 0 tb1[1] 0')
('2015-01-17 10:37:47.584984', 'put_channel : channel tb0, group 1, time 2015-01-17 10:37:47.584896')
('2015-01-17 10:37:47.851692', 'fd_channel : login[0] 1 login[1] 0 , tb0[0] 0 tb0[1] 27 , tb1[0] 0 tb1[1] 0')
('2015-01-17 10:37:48.008167', 'put_channel : channel tb0, group 1, time 2015-01-17 10:37:48.008080')
('2015-01-17 10:37:48.095494', 'put_channel : channel tb0, group 1, time 2015-01-17 10:37:48.095405')
('2015-01-17 10:37:48.223751', 'fd_channel : login[0] 1 login[1] 0 , tb0[0] 0 tb0[1] 29 , tb1[0] 0 tb1[1] 0')
('2015-01-17 10:37:49.026050', 'fd_channel : login[0] 1 login[1] 0 , tb0[0] 0 tb0[1] 28 , tb1[0] 0 tb1[1] 0')
('2015-01-17 10:37:49.052649', 'fd_channel : login[0] 1 login[1] 0 , tb0[0] 0 tb0[1] 28 , tb1[0] 0 tb1[1] 0')
('2015-01-17 10:37:49.509396', 'put_channel : channel tb0, group 1, time 2015-01-17 10:37:49.509311')
('2015-01-17 10:37:50.227221', 'fd_channel : login[0] 1 login[1] 0 , tb0[0] 0 tb0[1] 29 , tb1[0] 0 tb1[1] 0')
('2015-01-17 10:37:57.300931', 'fd_channel : login[0] 1 login[1] 0 , tb0[0] 0 tb0[1] 28 , tb1[0] 0 tb1[1] 0')
('2015-01-17 10:38:04.367496', 'fd_channel : login[0] 1 login[1] 0 , tb0[0] 0 tb0[1] 27 , tb1[0] 0 tb1[1] 0')
('2015-01-17 10:38:05.568626', 'fd_channel : login[0] 1 login[1] 0 , tb0[0] 0 tb0[1] 27 , tb1[0] 0 tb1[1] 0')
('2015-01-17 10:38:06.370518', 'fd_channel : login[0] 1 login[1] 0 , tb0[0] 0 tb0[1] 26 , tb1[0] 0 tb1[1] 0')
('2015-01-17 10:38:07.571760', 'fd_channel : login[0] 1 login[1] 0 , tb0[0] 0 tb0[1] 26 , tb1[0] 0 tb1[1] 0')
('2015-01-17 10:38:17.303957', 'fd_channel : login[0] 1 login[1] 0 , tb0[0] 0 tb0[1] 25 , tb1[0] 0 tb1[1] 0')
('2015-01-17 10:38:19.854562', 'fd_channel : login[0] 1 login[1] 0 , tb0[0] 0 tb0[1] 24 , tb1[0] 0 tb1[1] 0')
('2015-01-17 10:38:20.519714', 'put_channel : channel tb0, group 1, time 2015-01-17 10:38:20.519626')
('2015-01-17 10:38:21.009847', 'put_channel : channel tb0, group 1, time 2015-01-17 10:38:21.009758')
('2015-01-17 10:38:21.012661', 'put_channel : channel tb0, group 1, time 2015-01-17 10:38:21.012571')
('2015-01-17 10:38:21.029011', 'fd_channel : login[0] 1 login[1] 0 , tb0[0] 0 tb0[1] 26 , tb1[0] 0 tb1[1] 0')
('2015-01-17 10:38:25.605641', 'fd_channel : login[0] 1 login[1] 0 , tb0[0] 0 tb0[1] 25 , tb1[0] 0 tb1[1] 0')
('2015-01-17 10:38:26.806348', 'fd_channel : login[0] 1 login[1] 0 , tb0[0] 0 tb0[1] 25 , tb1[0] 0 tb1[1] 0')
('2015-01-17 10:38:27.608783', 'fd_channel : login[0] 1 login[1] 0 , tb0[0] 0 tb0[1] 24 , tb1[0] 0 tb1[1] 0')
('2015-01-17 10:38:28.809756', 'fd_channel : login[0] 1 login[1] 0 , tb0[0] 0 tb0[1] 24 , tb1[0] 0 tb1[1] 0')
('2015-01-17 10:38:33.804973', 'fd_channel : login[0] 1 login[1] 0 , tb0[0] 0 tb0[1] 23 , tb1[0] 0 tb1[1] 0')
('2015-01-17 10:38:35.005916', 'fd_channel : login[0] 1 login[1] 0 , tb0[0] 0 tb0[1] 23 , tb1[0] 0 tb1[1] 0')
('2015-01-17 10:38:35.808110', 'fd_channel : login[0] 1 login[1] 0 , tb0[0] 0 tb0[1] 22 , tb1[0] 0 tb1[1] 0')
('2015-01-17 10:38:36.182185', 'fd_channel : login[0] 1 login[1] 0 , tb0[0] 0 tb0[1] 21 , tb1[0] 0 tb1[1] 0')
('2015-01-17 10:38:37.009149', 'fd_channel : login[0] 1 login[1] 0 , tb0[0] 0 tb0[1] 21 , tb1[0] 0 tb1[1] 0')
('2015-01-17 10:38:37.383209', 'fd_channel : login[0] 1 login[1] 0 , tb0[0] 0 tb0[1] 21 , tb1[0] 0 tb1[1] 0')
('2015-01-17 10:38:38.185116', 'fd_channel : login[0] 1 login[1] 0 , tb0[0] 0 tb0[1] 20 , tb1[0] 0 tb1[1] 0')
('2015-01-17 10:38:38.373470', 'fd_channel : login[0] 1 login[1] 0 , tb0[0] 0 tb0[1] 19 , tb1[0] 0 tb1[1] 0')
('2015-01-17 10:38:39.386230', 'fd_channel : login[0] 1 login[1] 0 , tb0[0] 0 tb0[1] 19 , tb1[0] 0 tb1[1] 0')
('2015-01-17 10:38:50.026655', 'fd_channel : login[0] 1 login[1] 0 , tb0[0] 0 tb0[1] 18 , tb1[0] 0 tb1[1] 0')
('2015-01-17 10:38:50.981641', 'fd_channel : login[0] 1 login[1] 0 , tb0[0] 0 tb0[1] 17 , tb1[0] 0 tb1[1] 0')
('2015-01-17 10:38:50.985708', 'fd_channel : login[0] 1 login[1] 0 , tb0[0] 0 tb0[1] 16 , tb1[0] 0 tb1[1] 0')
('2015-01-17 10:38:52.007302', 'put_channel : channel tb0, group 1, time 2015-01-17 10:38:52.007213')
('2015-01-17 10:38:52.015465', 'put_channel : channel tb0, group 1, time 2015-01-17 10:38:52.015334')
('2015-01-17 10:38:52.509714', 'put_channel : channel tb0, group 1, time 2015-01-17 10:38:52.509623')
('2015-01-17 10:38:53.568997', 'put_channel : channel tb0, group 1, time 2015-01-17 10:38:53.568905')
('2015-01-17 10:38:54.008090', 'put_channel : channel tb0, group 1, time 2015-01-17 10:38:54.007998')
('2015-01-17 10:38:54.047075', 'put_channel : channel tb0, group 1, time 2015-01-17 10:38:54.046987')
('2015-01-17 10:38:54.144837', 'put_channel : channel tb0, group 1, time 2015-01-17 10:38:54.144749')
('2015-01-17 10:38:55.023548', 'put_channel : channel tb0, group 1, time 2015-01-17 10:38:55.023458')
('2015-01-17 10:38:55.507731', 'put_channel : channel tb0, group 1, time 2015-01-17 10:38:55.507642')
('2015-01-17 10:38:55.615296', 'put_channel : channel tb0, group 1, time 2015-01-17 10:38:55.615209')
('2015-01-17 10:38:57.008833', 'put_channel : channel tb0, group 1, time 2015-01-17 10:38:57.008697')
('2015-01-17 10:38:57.040981', 'put_channel : channel tb0, group 1, time 2015-01-17 10:38:57.040868')
('2015-01-17 10:38:57.151219', 'put_channel : channel tb0, group 1, time 2015-01-17 10:38:57.151131')
('2015-01-17 10:38:58.047356', 'put_channel : channel tb0, group 1, time 2015-01-17 10:38:58.047254')
('2015-01-17 10:38:58.509683', 'put_channel : channel tb0, group 1, time 2015-01-17 10:38:58.509595')
('2015-01-17 10:38:58.623597', 'put_channel : channel tb0, group 1, time 2015-01-17 10:38:58.623509')
('2015-01-17 10:38:59.611611', 'fd_channel : login[0] 1 login[1] 0 , tb0[0] 0 tb0[1] 31 , tb1[0] 0 tb1[1] 0')
('2015-01-17 10:39:00.007016', 'put_channel : channel tb0, group 1, time 2015-01-17 10:39:00.006928')
('2015-01-17 10:39:00.160932', 'put_channel : channel tb0, group 1, time 2015-01-17 10:39:00.160844')
('2015-01-17 10:39:01.055328', 'put_channel : channel tb0, group 1, time 2015-01-17 10:39:01.055241')
('2015-01-17 10:39:01.507305', 'put_channel : channel tb0, group 1, time 2015-01-17 10:39:01.507216')
('2015-01-17 10:39:01.631443', 'put_channel : channel tb0, group 1, time 2015-01-17 10:39:01.631312')
('2015-01-17 10:39:03.009507', 'put_channel : channel tb0, group 1, time 2015-01-17 10:39:03.009418')
('2015-01-17 10:39:03.104990', 'put_channel : channel tb0, group 1, time 2015-01-17 10:39:03.104904')
('2015-01-17 10:39:04.063453', 'put_channel : channel tb0, group 1, time 2015-01-17 10:39:04.063312')
('2015-01-17 10:39:04.168723', 'fd_channel : login[0] 1 login[1] 0 , tb0[0] 0 tb0[1] 38 , tb1[0] 0 tb1[1] 0')
('2015-01-17 10:39:04.509800', 'put_channel : channel tb0, group 1, time 2015-01-17 10:39:04.509713')
('2015-01-17 10:39:04.639613', 'put_channel : channel tb0, group 1, time 2015-01-17 10:39:04.639525')
('2015-01-17 10:39:05.369894', 'fd_channel : login[0] 1 login[1] 0 , tb0[0] 0 tb0[1] 40 , tb1[0] 0 tb1[1] 0')
('2015-01-17 10:39:06.009369', 'put_channel : channel tb0, group 1, time 2015-01-17 10:39:06.009280')
('2015-01-17 10:39:07.811119', 'fd_channel : login[0] 1 login[1] 0 , tb0[0] 0 tb0[1] 40 , tb1[0] 0 tb1[1] 0')
('2015-01-17 10:39:07.842746', 'fd_channel : login[0] 1 login[1] 0 , tb0[0] 0 tb0[1] 39 , tb1[0] 0 tb1[1] 0')
('2015-01-17 10:39:09.043422', 'fd_channel : login[0] 1 login[1] 0 , tb0[0] 0 tb0[1] 39 , tb1[0] 0 tb1[1] 0')
('2015-01-17 10:39:09.845731', 'fd_channel : login[0] 1 login[1] 0 , tb0[0] 0 tb0[1] 38 , tb1[0] 0 tb1[1] 0')
('2015-01-17 10:39:11.046748', 'fd_channel : login[0] 1 login[1] 0 , tb0[0] 0 tb0[1] 38 , tb1[0] 0 tb1[1] 0')
('2015-01-17 10:39:17.670639', 'fd_channel : login[0] 1 login[1] 0 , tb0[0] 0 tb0[1] 37 , tb1[0] 0 tb1[1] 0')
('2015-01-17 10:39:27.814146', 'fd_channel : login[0] 1 login[1] 0 , tb0[0] 0 tb0[1] 36 , tb1[0] 0 tb1[1] 0')
('2015-01-17 10:39:37.007607', 'put_channel : channel tb0, group 1, time 2015-01-17 10:39:37.007505')
('2015-01-17 10:39:37.025057', 'put_channel : channel tb0, group 1, time 2015-01-17 10:39:37.024967')
('2015-01-17 10:39:37.507571', 'put_channel : channel tb0, group 1, time 2015-01-17 10:39:37.507482')
('2015-01-17 10:39:41.851463', 'fd_channel : login[0] 1 login[1] 0 , tb0[0] 0 tb0[1] 35 , tb1[0] 0 tb1[1] 0')
('2015-01-17 10:39:47.818172', 'fd_channel : login[0] 1 login[1] 0 , tb0[0] 0 tb0[1] 32 , tb1[0] 0 tb1[1] 0')
('2015-01-17 10:40:01.850756', 'fd_channel : login[0] 1 login[1] 0 , tb0[0] 0 tb0[1] 31 , tb1[0] 0 tb1[1] 0')
('2015-01-17 10:40:07.819080', 'fd_channel : login[0] 1 login[1] 0 , tb0[0] 0 tb0[1] 30 , tb1[0] 0 tb1[1] 0')
('2015-01-17 10:40:08.507489', 'put_channel : channel tb0, group 1, time 2015-01-17 10:40:08.507362')
('2015-01-17 10:40:08.529106', 'put_channel : channel tb0, group 1, time 2015-01-17 10:40:08.529017')
('2015-01-17 10:40:09.009901', 'put_channel : channel tb0, group 1, time 2015-01-17 10:40:09.009813')
('2015-01-17 10:40:10.049067', 'put_channel : channel tb0, group 1, time 2015-01-17 10:40:10.048971')
('2015-01-17 10:40:10.508145', 'put_channel : channel tb0, group 1, time 2015-01-17 10:40:10.508059')
('2015-01-17 10:40:10.528965', 'put_channel : channel tb0, group 1, time 2015-01-17 10:40:10.528878')
('2015-01-17 10:40:10.625250', 'put_channel : channel tb0, group 1, time 2015-01-17 10:40:10.625160')
('2015-01-17 10:40:11.519459', 'put_channel : channel tb0, group 1, time 2015-01-17 10:40:11.519321')
('2015-01-17 10:40:12.007839', 'put_channel : channel tb0, group 1, time 2015-01-17 10:40:12.007745')
('2015-01-17 10:40:12.095472', 'put_channel : channel tb0, group 1, time 2015-01-17 10:40:12.095345')
('2015-01-17 10:40:13.508125', 'put_channel : channel tb0, group 1, time 2015-01-17 10:40:13.508037')
('2015-01-17 10:40:13.537075', 'put_channel : channel tb0, group 1, time 2015-01-17 10:40:13.536986')
('2015-01-17 10:40:13.633228', 'put_channel : channel tb0, group 1, time 2015-01-17 10:40:13.633141')
('2015-01-17 10:40:14.559804', 'put_channel : channel tb0, group 1, time 2015-01-17 10:40:14.559711')
('2015-01-17 10:40:15.008320', 'put_channel : channel tb0, group 1, time 2015-01-17 10:40:15.008231')
('2015-01-17 10:40:15.167452', 'put_channel : channel tb0, group 1, time 2015-01-17 10:40:15.167316')
('2015-01-17 10:40:16.510587', 'put_channel : channel tb0, group 1, time 2015-01-17 10:40:16.510498')
('2015-01-17 10:40:18.239038', 'fd_channel : login[0] 1 login[1] 0 , tb0[0] 0 tb0[1] 46 , tb1[0] 0 tb1[1] 0')
('2015-01-17 10:40:19.439750', 'fd_channel : login[0] 1 login[1] 0 , tb0[0] 0 tb0[1] 46 , tb1[0] 0 tb1[1] 0')
('2015-01-17 10:40:20.242038', 'fd_channel : login[0] 1 login[1] 0 , tb0[0] 0 tb0[1] 45 , tb1[0] 0 tb1[1] 0')
('2015-01-17 10:40:20.861435', 'fd_channel : login[0] 1 login[1] 0 , tb0[0] 0 tb0[1] 44 , tb1[0] 0 tb1[1] 0')
('2015-01-17 10:40:21.443100', 'fd_channel : login[0] 1 login[1] 0 , tb0[0] 0 tb0[1] 44 , tb1[0] 0 tb1[1] 0')
('2015-01-17 10:40:22.062118', 'fd_channel : login[0] 1 login[1] 0 , tb0[0] 0 tb0[1] 44 , tb1[0] 0 tb1[1] 0')
('2015-01-17 10:40:22.864432', 'fd_channel : login[0] 1 login[1] 0 , tb0[0] 0 tb0[1] 43 , tb1[0] 0 tb1[1] 0')
('2015-01-17 10:40:24.065407', 'fd_channel : login[0] 1 login[1] 0 , tb0[0] 0 tb0[1] 43 , tb1[0] 0 tb1[1] 0')
('2015-01-17 10:40:47.507440', 'put_channel : channel tb0, group 1, time 2015-01-17 10:40:47.507307')
('2015-01-17 10:40:48.031424', 'put_channel : channel tb0, group 1, time 2015-01-17 10:40:48.031281')
('2015-01-17 10:40:49.087459', 'put_channel : channel tb0, group 1, time 2015-01-17 10:40:49.087320')
('2015-01-17 10:40:49.507885', 'put_channel : channel tb0, group 1, time 2015-01-17 10:40:49.507797')
('2015-01-17 10:40:49.537087', 'put_channel : channel tb0, group 1, time 2015-01-17 10:40:49.537001')
('2015-01-17 10:40:49.601134', 'put_channel : channel tb0, group 1, time 2015-01-17 10:40:49.601047')
('2015-01-17 10:40:50.519934', 'put_channel : channel tb0, group 1, time 2015-01-17 10:40:50.519833')
('2015-01-17 10:40:50.559527', 'put_channel : channel tb0, group 1, time 2015-01-17 10:40:50.559438')
('2015-01-17 10:40:51.009661', 'put_channel : channel tb0, group 1, time 2015-01-17 10:40:51.009574')
('2015-01-17 10:40:51.040940', 'put_channel : channel tb0, group 1, time 2015-01-17 10:40:51.040853')
('2015-01-17 10:40:52.252936', 'fd_channel : login[0] 1 login[1] 0 , tb0[0] 0 tb0[1] 42 , tb1[0] 0 tb1[1] 0')
('2015-01-17 10:40:52.510785', 'put_channel : channel tb0, group 1, time 2015-01-17 10:40:52.510694')
('2015-01-17 10:40:52.547498', 'put_channel : channel tb0, group 1, time 2015-01-17 10:40:52.547354')
('2015-01-17 10:40:53.077980', 'put_channel : channel tb0, group 1, time 2015-01-17 10:40:53.077890')
('2015-01-17 10:40:54.870212', 'fd_channel : login[0] 1 login[1] 0 , tb0[0] 0 tb0[1] 41 , tb1[0] 0 tb1[1] 0')
('2015-01-17 10:41:03.071311', 'fd_channel : login[0] 1 login[1] 0 , tb0[0] 0 tb0[1] 32 , tb1[0] 0 tb1[1] 0')
('2015-01-17 10:41:04.266470', 'fd_channel : login[0] 1 login[1] 0 , tb0[0] 0 tb0[1] 32 , tb1[0] 0 tb1[1] 0')
('2015-01-17 10:41:05.068882', 'fd_channel : login[0] 1 login[1] 0 , tb0[0] 0 tb0[1] 31 , tb1[0] 0 tb1[1] 0')
('2015-01-17 10:41:06.269930', 'fd_channel : login[0] 1 login[1] 0 , tb0[0] 0 tb0[1] 31 , tb1[0] 0 tb1[1] 0')
('2015-01-17 10:41:14.869660', 'fd_channel : login[0] 1 login[1] 0 , tb0[0] 0 tb0[1] 30 , tb1[0] 0 tb1[1] 0')
('2015-01-17 10:41:23.509163', 'put_channel : channel tb0, group 1, time 2015-01-17 10:41:23.509059')
('2015-01-17 10:41:24.010099', 'put_channel : channel tb0, group 1, time 2015-01-17 10:41:24.009998')
('2015-01-17 10:41:24.011840', 'put_channel : channel tb0, group 1, time 2015-01-17 10:41:24.011753')
('2015-01-17 10:41:24.031317', 'put_channel : channel tb0, group 1, time 2015-01-17 10:41:24.031227')
('2015-01-17 10:41:25.025779', 'put_channel : channel tb0, group 1, time 2015-01-17 10:41:25.025688')
('2015-01-17 10:41:25.055064', 'put_channel : channel tb0, group 1, time 2015-01-17 10:41:25.054975')
('2015-01-17 10:41:25.512091', 'put_channel : channel tb0, group 1, time 2015-01-17 10:41:25.512003')
('2015-01-17 10:41:25.634719', 'put_channel : channel tb0, group 1, time 2015-01-17 10:41:25.634630')
('2015-01-17 10:41:26.561230', 'put_channel : channel tb0, group 1, time 2015-01-17 10:41:26.561110')
('2015-01-17 10:41:27.017411', 'put_channel : channel tb0, group 1, time 2015-01-17 10:41:27.017322')
('2015-01-17 10:41:27.041680', 'put_channel : channel tb0, group 1, time 2015-01-17 10:41:27.041594')
('2015-01-17 10:41:27.105802', 'put_channel : channel tb0, group 1, time 2015-01-17 10:41:27.105714')
('2015-01-17 10:41:28.067672', 'put_channel : channel tb0, group 1, time 2015-01-17 10:41:28.067573')
('2015-01-17 10:41:28.509559', 'put_channel : channel tb0, group 1, time 2015-01-17 10:41:28.509458')
('2015-01-17 10:41:28.639175', 'put_channel : channel tb0, group 1, time 2015-01-17 10:41:28.639086')
('2015-01-17 10:41:29.568783', 'put_channel : channel tb0, group 1, time 2015-01-17 10:41:29.568694')
('2015-01-17 10:41:30.014868', 'put_channel : channel tb0, group 1, time 2015-01-17 10:41:30.014780')
('2015-01-17 10:41:37.072086', 'fd_channel : login[0] 1 login[1] 0 , tb0[0] 0 tb0[1] 46 , tb1[0] 0 tb1[1] 0')
('2015-01-17 10:41:37.152113', 'fd_channel : login[0] 1 login[1] 0 , tb0[0] 0 tb0[1] 45 , tb1[0] 0 tb1[1] 0')
('2015-01-17 10:41:38.353048', 'fd_channel : login[0] 1 login[1] 0 , tb0[0] 0 tb0[1] 45 , tb1[0] 0 tb1[1] 0')
('2015-01-17 10:41:39.155109', 'fd_channel : login[0] 1 login[1] 0 , tb0[0] 0 tb0[1] 44 , tb1[0] 0 tb1[1] 0')
('2015-01-17 10:41:40.356194', 'fd_channel : login[0] 1 login[1] 0 , tb0[0] 0 tb0[1] 44 , tb1[0] 0 tb1[1] 0')
('2015-01-17 10:41:57.074751', 'fd_channel : login[0] 1 login[1] 0 , tb0[0] 0 tb0[1] 43 , tb1[0] 0 tb1[1] 0')
('2015-01-17 10:42:01.007757', 'put_channel : channel tb0, group 1, time 2015-01-17 10:42:01.007589')
('2015-01-17 10:42:01.025090', 'put_channel : channel tb0, group 1, time 2015-01-17 10:42:01.025000')
('2015-01-17 10:42:01.508492', 'put_channel : channel tb0, group 1, time 2015-01-17 10:42:01.508404')
('2015-01-17 10:42:01.511162', 'put_channel : channel tb0, group 1, time 2015-01-17 10:42:01.511072')
('2015-01-17 10:42:01.535407', 'put_channel : channel tb0, group 1, time 2015-01-17 10:42:01.535281')
('2015-01-17 10:42:02.521327', 'put_channel : channel tb0, group 1, time 2015-01-17 10:42:02.521225')
('2015-01-17 10:42:02.559343', 'put_channel : channel tb0, group 1, time 2015-01-17 10:42:02.559257')
('2015-01-17 10:42:03.009700', 'put_channel : channel tb0, group 1, time 2015-01-17 10:42:03.009609')
('2015-01-17 10:42:03.039564', 'put_channel : channel tb0, group 1, time 2015-01-17 10:42:03.039476')
('2015-01-17 10:42:03.135519', 'put_channel : channel tb0, group 1, time 2015-01-17 10:42:03.135431')
('2015-01-17 10:42:04.016853', 'put_channel : channel tb0, group 1, time 2015-01-17 10:42:04.016764')
('2015-01-17 10:42:04.063190', 'put_channel : channel tb0, group 1, time 2015-01-17 10:42:04.063103')
('2015-01-17 10:42:04.509727', 'put_channel : channel tb0, group 1, time 2015-01-17 10:42:04.509635')
('2015-01-17 10:42:08.030438', 'fd_channel : login[0] 1 login[1] 0 , tb0[0] 0 tb0[1] 46 , tb1[0] 0 tb1[1] 0')
('2015-01-17 10:42:17.545532', 'fd_channel : login[0] 1 login[1] 0 , tb0[0] 0 tb0[1] 42 , tb1[0] 0 tb1[1] 0')
('2015-01-17 10:42:19.536216', 'fd_channel : login[0] 1 login[1] 0 , tb0[0] 0 tb0[1] 41 , tb1[0] 0 tb1[1] 0')
('2015-01-17 10:42:20.736753', 'fd_channel : login[0] 1 login[1] 0 , tb0[0] 0 tb0[1] 41 , tb1[0] 0 tb1[1] 0')
('2015-01-17 10:42:21.539267', 'fd_channel : login[0] 1 login[1] 0 , tb0[0] 0 tb0[1] 40 , tb1[0] 0 tb1[1] 0')
('2015-01-17 10:42:22.740285', 'fd_channel : login[0] 1 login[1] 0 , tb0[0] 0 tb0[1] 40 , tb1[0] 0 tb1[1] 0')
('2015-01-17 10:42:35.507505', 'put_channel : channel tb0, group 1, time 2015-01-17 10:42:35.507407')
('2015-01-17 10:42:36.006888', 'put_channel : channel tb0, group 1, time 2015-01-17 10:42:36.006799')
('2015-01-17 10:42:36.011261', 'put_channel : channel tb0, group 1, time 2015-01-17 10:42:36.011174')
('2015-01-17 10:42:36.032410', 'put_channel : channel tb0, group 1, time 2015-01-17 10:42:36.032322')
('2015-01-17 10:42:37.023528', 'put_channel : channel tb0, group 1, time 2015-01-17 10:42:37.023422')
('2015-01-17 10:42:37.055278', 'put_channel : channel tb0, group 1, time 2015-01-17 10:42:37.055185')
('2015-01-17 10:42:37.508169', 'put_channel : channel tb0, group 1, time 2015-01-17 10:42:37.508080')
('2015-01-17 10:42:37.633001', 'put_channel : channel tb0, group 1, time 2015-01-17 10:42:37.632914')
('2015-01-17 10:42:38.559440', 'put_channel : channel tb0, group 1, time 2015-01-17 10:42:38.559294')
('2015-01-17 10:42:39.008080', 'put_channel : channel tb0, group 1, time 2015-01-17 10:42:39.007991')
('2015-01-17 10:42:39.039174', 'put_channel : channel tb0, group 1, time 2015-01-17 10:42:39.039061')
('2015-01-17 10:42:39.167452', 'put_channel : channel tb0, group 1, time 2015-01-17 10:42:39.167319')
('2015-01-17 10:42:40.063354', 'put_channel : channel tb0, group 1, time 2015-01-17 10:42:40.063262')
('2015-01-17 10:42:40.509116', 'put_channel : channel tb0, group 1, time 2015-01-17 10:42:40.509027')
('2015-01-17 10:42:40.641215', 'put_channel : channel tb0, group 1, time 2015-01-17 10:42:40.641126')
('2015-01-17 10:42:41.567425', 'put_channel : channel tb0, group 1, time 2015-01-17 10:42:41.567279')
('2015-01-17 10:42:42.007893', 'put_channel : channel tb0, group 1, time 2015-01-17 10:42:42.007803')
('2015-01-17 10:42:53.550385', 'fd_channel : login[0] 1 login[1] 0 , tb0[0] 0 tb0[1] 46 , tb1[0] 0 tb1[1] 0')
('2015-01-17 10:43:13.025095', 'put_channel : channel tb0, group 1, time 2015-01-17 10:43:13.024964')
('2015-01-17 10:43:13.507747', 'put_channel : channel tb0, group 1, time 2015-01-17 10:43:13.507660')
('2015-01-17 10:43:13.511554', 'put_channel : channel tb0, group 1, time 2015-01-17 10:43:13.511466')
('2015-01-17 10:43:13.535376', 'put_channel : channel tb0, group 1, time 2015-01-17 10:43:13.535274')
('2015-01-17 10:43:13.544328', 'fd_channel : login[0] 1 login[1] 0 , tb0[0] 0 tb0[1] 49 , tb1[0] 0 tb1[1] 0')
('2015-01-17 10:43:14.559484', 'put_channel : channel tb0, group 1, time 2015-01-17 10:43:14.559347')
('2015-01-17 10:43:15.009283', 'put_channel : channel tb0, group 1, time 2015-01-17 10:43:15.009193')
('2015-01-17 10:43:15.039335', 'put_channel : channel tb0, group 1, time 2015-01-17 10:43:15.039247')
('2015-01-17 10:43:15.135231', 'put_channel : channel tb0, group 1, time 2015-01-17 10:43:15.135145')
('2015-01-17 10:43:16.015299', 'put_channel : channel tb0, group 1, time 2015-01-17 10:43:16.015209')
('2015-01-17 10:43:16.063435', 'put_channel : channel tb0, group 1, time 2015-01-17 10:43:16.063306')
('2015-01-17 10:43:16.507435', 'put_channel : channel tb0, group 1, time 2015-01-17 10:43:16.507290')
('2015-01-17 10:43:17.567328', 'put_channel : channel tb0, group 1, time 2015-01-17 10:43:17.567241')
('2015-01-17 10:43:18.008970', 'put_channel : channel tb0, group 1, time 2015-01-17 10:43:18.008882')
('2015-01-17 10:43:20.464263', 'fd_channel : login[0] 1 login[1] 0 , tb0[0] 0 tb0[1] 51 , tb1[0] 0 tb1[1] 0')
('2015-01-17 10:43:21.662433', 'fd_channel : login[0] 1 login[1] 0 , tb0[0] 0 tb0[1] 51 , tb1[0] 0 tb1[1] 0')
('2015-01-17 10:43:22.466351', 'fd_channel : login[0] 1 login[1] 0 , tb0[0] 0 tb0[1] 46 , tb1[0] 0 tb1[1] 0')
('2015-01-17 10:43:23.664648', 'fd_channel : login[0] 1 login[1] 0 , tb0[0] 0 tb0[1] 46 , tb1[0] 0 tb1[1] 0')
('2015-01-17 10:43:49.007505', 'put_channel : channel tb0, group 1, time 2015-01-17 10:43:49.007347')
('2015-01-17 10:43:49.369823', 'fd_channel : login[0] 1 login[1] 0 , tb0[0] 0 tb0[1] 43 , tb1[0] 0 tb1[1] 0')
('2015-01-17 10:43:49.508192', 'put_channel : channel tb0, group 1, time 2015-01-17 10:43:49.508104')
('2015-01-17 10:43:49.511826', 'put_channel : channel tb0, group 1, time 2015-01-17 10:43:49.511737')
('2015-01-17 10:43:49.535166', 'put_channel : channel tb0, group 1, time 2015-01-17 10:43:49.535079')
('2015-01-17 10:43:50.519568', 'put_channel : channel tb0, group 1, time 2015-01-17 10:43:50.519471')
('2015-01-17 10:43:50.559296', 'put_channel : channel tb0, group 1, time 2015-01-17 10:43:50.559211')
('2015-01-17 10:43:51.007925', 'put_channel : channel tb0, group 1, time 2015-01-17 10:43:51.007838')
('2015-01-17 10:43:51.103083', 'put_channel : channel tb0, group 1, time 2015-01-17 10:43:51.102995')
('2015-01-17 10:43:52.063253', 'put_channel : channel tb0, group 1, time 2015-01-17 10:43:52.063158')
('2015-01-17 10:43:52.507968', 'put_channel : channel tb0, group 1, time 2015-01-17 10:43:52.507879')
('2015-01-17 10:43:52.545214', 'put_channel : channel tb0, group 1, time 2015-01-17 10:43:52.545129')
('2015-01-17 10:43:52.609930', 'fd_channel : login[0] 1 login[1] 0 , tb0[0] 0 tb0[1] 52 , tb1[0] 0 tb1[1] 0')
('2015-01-17 10:43:52.639196', 'put_channel : channel tb0, group 1, time 2015-01-17 10:43:52.639108')
('2015-01-17 10:43:53.567558', 'put_channel : channel tb0, group 1, time 2015-01-17 10:43:53.567430')
('2015-01-17 10:43:54.007869', 'put_channel : channel tb0, group 1, time 2015-01-17 10:43:54.007782')
('2015-01-17 10:43:54.111295', 'put_channel : channel tb0, group 1, time 2015-01-17 10:43:54.111208')
('2015-01-17 10:43:54.465825', 'fd_channel : login[0] 1 login[1] 0 , tb0[0] 0 tb0[1] 55 , tb1[0] 0 tb1[1] 0')
('2015-01-17 10:43:55.072986', 'put_channel : channel tb0, group 1, time 2015-01-17 10:43:55.072896')
('2015-01-17 10:43:55.483210', 'fd_channel : login[0] 1 login[1] 0 , tb0[0] 0 tb0[1] 55 , tb1[0] 0 tb1[1] 0')
('2015-01-17 10:43:55.508319', 'put_channel : channel tb0, group 1, time 2015-01-17 10:43:55.508232')
('2015-01-17 10:44:03.956987', 'fd_channel : login[0] 1 login[1] 0 , tb0[0] 0 tb0[1] 46 , tb1[0] 0 tb1[1] 0')
('2015-01-17 10:44:05.151179', 'fd_channel : login[0] 1 login[1] 0 , tb0[0] 0 tb0[1] 46 , tb1[0] 0 tb1[1] 0')
('2015-01-17 10:44:05.953035', 'fd_channel : login[0] 1 login[1] 0 , tb0[0] 0 tb0[1] 45 , tb1[0] 0 tb1[1] 0')
('2015-01-17 10:44:07.154073', 'fd_channel : login[0] 1 login[1] 0 , tb0[0] 0 tb0[1] 45 , tb1[0] 0 tb1[1] 0')
('2015-01-17 10:44:26.509390', 'put_channel : channel tb0, group 1, time 2015-01-17 10:44:26.509257')
('2015-01-17 10:44:26.527486', 'put_channel : channel tb0, group 1, time 2015-01-17 10:44:26.527350')
('2015-01-17 10:44:27.008474', 'put_channel : channel tb0, group 1, time 2015-01-17 10:44:27.008385')
('2015-01-17 10:44:27.039458', 'put_channel : channel tb0, group 1, time 2015-01-17 10:44:27.039325')
('2015-01-17 10:44:28.015318', 'put_channel : channel tb0, group 1, time 2015-01-17 10:44:28.015222')
('2015-01-17 10:44:28.063224', 'put_channel : channel tb0, group 1, time 2015-01-17 10:44:28.063136')
('2015-01-17 10:44:28.508001', 'put_channel : channel tb0, group 1, time 2015-01-17 10:44:28.507911')
('2015-01-17 10:44:28.543427', 'put_channel : channel tb0, group 1, time 2015-01-17 10:44:28.543299')
('2015-01-17 10:44:28.608929', 'put_channel : channel tb0, group 1, time 2015-01-17 10:44:28.608842')
('2015-01-17 10:44:29.519352', 'put_channel : channel tb0, group 1, time 2015-01-17 10:44:29.519261')
('2015-01-17 10:44:29.567244', 'put_channel : channel tb0, group 1, time 2015-01-17 10:44:29.567156')
('2015-01-17 10:44:30.031511', 'put_channel : channel tb0, group 1, time 2015-01-17 10:44:30.031423')
('2015-01-17 10:44:30.145089', 'put_channel : channel tb0, group 1, time 2015-01-17 10:44:30.145004')
('2015-01-17 10:45:03.167634', 'put_channel : channel tb0, group 1, time 2015-01-17 10:45:03.167546')
('2015-01-17 10:45:04.639212', 'put_channel : channel tb0, group 1, time 2015-01-17 10:45:04.639123')
('2015-01-17 10:45:06.112278', 'put_channel : channel tb0, group 1, time 2015-01-17 10:45:06.112189')
('2015-01-17 10:45:06.114899', 'put_channel : channel tb0, group 0, time 2015-01-17 10:45:06.114815')
('2015-01-17 10:45:07.654443', 'put_channel : channel tb0, group 1, time 2015-01-17 10:45:07.654353')
('2015-01-17 10:45:07.688928', 'put_channel : channel tb0, group 0, time 2015-01-17 10:45:07.688841')
('2015-01-17 10:45:09.121334', 'put_channel : channel tb0, group 1, time 2015-01-17 10:45:09.121126')
('2015-01-17 10:45:09.123715', 'put_channel : channel tb0, group 0, time 2015-01-17 10:45:09.123625')
('2015-01-17 10:45:10.591621', 'put_channel : channel tb0, group 1, time 2015-01-17 10:45:10.591532')
('2015-01-17 10:45:10.632677', 'put_channel : channel tb0, group 0, time 2015-01-17 10:45:10.632588')
('2015-01-17 10:45:12.129376', 'put_channel : channel tb0, group 1, time 2015-01-17 10:45:12.129274')
('2015-01-17 10:45:12.130356', 'put_channel : channel tb0, group 0, time 2015-01-17 10:45:12.130272')
('2015-01-17 10:45:13.663541', 'put_channel : channel tb0, group 1, time 2015-01-17 10:45:13.663452')
('2015-01-17 10:45:13.702678', 'put_channel : channel tb0, group 0, time 2015-01-17 10:45:13.702590')
('2015-01-17 10:45:15.139668', 'put_channel : channel tb0, group 0, time 2015-01-17 10:45:15.139570')
('2015-01-17 10:45:18.146048', 'put_channel : channel tb0, group 0, time 2015-01-17 10:45:18.145957')
('2015-01-17 10:45:19.615147', 'put_channel : channel tb0, group 1, time 2015-01-17 10:45:19.615034')
('2015-01-17 10:45:19.655309', 'put_channel : channel tb0, group 0, time 2015-01-17 10:45:19.655220')
('2015-01-17 10:45:19.670448', 'put_channel : channel tb0, group 0, time 2015-01-17 10:45:19.670362')
('2015-01-17 10:45:21.151923', 'put_channel : channel tb0, group 1, time 2015-01-17 10:45:21.151780')
('2015-01-17 10:45:21.155295', 'put_channel : channel tb0, group 0, time 2015-01-17 10:45:21.155208')
('2015-01-17 10:45:22.664685', 'put_channel : channel tb0, group 0, time 2015-01-17 10:45:22.664586')
('2015-01-17 10:45:24.162140', 'put_channel : channel tb0, group 0, time 2015-01-17 10:45:24.162051')
('2015-01-17 10:45:25.674915', 'put_channel : channel tb0, group 0, time 2015-01-17 10:45:25.674824')
('2015-01-17 10:45:29.690335', 'put_channel : channel tb0, group 0, time 2015-01-17 10:45:29.690234')
('2015-01-17 10:45:30.001533', 'fd_channel : login[0] 1 login[1] 0 , tb0[0] 15 tb0[1] 39 , tb1[0] 0 tb1[1] 0')
('2015-01-17 10:45:30.115671', 'put_channel : channel tb0, group 0, time 2015-01-17 10:45:30.115583')
('2015-01-17 10:45:31.679032', 'put_channel : channel tb0, group 0, time 2015-01-17 10:45:31.678938')
('2015-01-17 10:45:36.900669', 'fd_channel : login[0] 1 login[1] 0 , tb0[0] 17 tb0[1] 38 , tb1[0] 0 tb1[1] 0')
('2015-01-17 10:45:39.106846', 'fd_channel : login[0] 1 login[1] 0 , tb0[0] 16 tb0[1] 38 , tb1[0] 0 tb1[1] 0')
('2015-01-17 10:45:39.631493', 'fd_channel : login[0] 1 login[1] 0 , tb0[0] 15 tb0[1] 38 , tb1[0] 0 tb1[1] 0')
('2015-01-17 10:45:41.677503', 'fd_channel : login[0] 1 login[1] 0 , tb0[0] 14 tb0[1] 38 , tb1[0] 0 tb1[1] 0')
('2015-01-17 10:45:42.178630', 'fd_channel : login[0] 1 login[1] 0 , tb0[0] 13 tb0[1] 38 , tb1[0] 0 tb1[1] 0')
('2015-01-17 10:45:47.836154', 'fd_channel : login[0] 1 login[1] 0 , tb0[0] 12 tb0[1] 38 , tb1[0] 0 tb1[1] 0')
('2015-01-17 10:45:49.346562', 'fd_channel : login[0] 1 login[1] 0 , tb0[0] 11 tb0[1] 38 , tb1[0] 0 tb1[1] 0')
('2015-01-17 10:45:49.861115', 'fd_channel : login[0] 1 login[1] 0 , tb0[0] 10 tb0[1] 38 , tb1[0] 0 tb1[1] 0')
('2015-01-17 10:45:52.420450', 'fd_channel : login[0] 1 login[1] 0 , tb0[0] 9 tb0[1] 38 , tb1[0] 0 tb1[1] 0')
('2015-01-17 10:45:58.051306', 'fd_channel : login[0] 1 login[1] 0 , tb0[0] 8 tb0[1] 38 , tb1[0] 0 tb1[1] 0')
('2015-01-17 10:45:59.075187', 'fd_channel : login[0] 1 login[1] 0 , tb0[0] 7 tb0[1] 38 , tb1[0] 0 tb1[1] 0')
('2015-01-17 11:27:46.511687', 'put_channel : channel tb1, group 1, time 2015-01-17 11:27:46.511348')
('2015-01-17 11:27:46.515551', 'put_channel : channel tb1, group 0, time 2015-01-17 11:27:46.515450')
('2015-01-17 11:27:48.010832', 'put_channel : channel tb1, group 1, time 2015-01-17 11:27:48.010738')
('2015-01-17 11:27:48.014140', 'put_channel : channel tb1, group 0, time 2015-01-17 11:27:48.014039')
('2015-01-17 11:27:49.518531', 'put_channel : channel tb1, group 1, time 2015-01-17 11:27:49.518430')
('2015-01-17 11:27:49.518905', 'put_channel : channel tb1, group 0, time 2015-01-17 11:27:49.518816')
('2015-01-17 11:27:51.008364', 'put_channel : channel tb1, group 1, time 2015-01-17 11:27:51.008264')
('2015-01-17 11:27:51.011142', 'put_channel : channel tb1, group 0, time 2015-01-17 11:27:51.011058')
('2015-01-17 11:27:52.508288', 'put_channel : channel tb1, group 1, time 2015-01-17 11:27:52.508152')
('2015-01-17 11:27:52.510872', 'put_channel : channel tb1, group 0, time 2015-01-17 11:27:52.510780')
('2015-01-17 11:27:54.010689', 'put_channel : channel tb1, group 1, time 2015-01-17 11:27:54.010597')
('2015-01-17 11:27:54.011316', 'put_channel : channel tb1, group 0, time 2015-01-17 11:27:54.011234')
('2015-01-17 11:27:55.508497', 'put_channel : channel tb1, group 1, time 2015-01-17 11:27:55.508404')
('2015-01-17 11:27:55.511603', 'put_channel : channel tb1, group 0, time 2015-01-17 11:27:55.511520')
('2015-01-17 11:27:57.010545', 'put_channel : channel tb1, group 1, time 2015-01-17 11:27:57.010438')
('2015-01-17 11:27:57.011365', 'put_channel : channel tb1, group 0, time 2015-01-17 11:27:57.011281')
('2015-01-17 11:27:58.508503', 'put_channel : channel tb1, group 1, time 2015-01-17 11:27:58.508408')
('2015-01-17 11:27:58.510760', 'put_channel : channel tb1, group 0, time 2015-01-17 11:27:58.510670')
('2015-01-17 11:28:00.010019', 'put_channel : channel tb1, group 1, time 2015-01-17 11:28:00.009926')
('2015-01-17 11:28:00.014388', 'put_channel : channel tb1, group 0, time 2015-01-17 11:28:00.014301')
('2015-01-17 11:28:01.508813', 'put_channel : channel tb1, group 1, time 2015-01-17 11:28:01.508665')
('2015-01-17 11:28:01.511745', 'put_channel : channel tb1, group 0, time 2015-01-17 11:28:01.511653')
('2015-01-17 11:28:03.010501', 'put_channel : channel tb1, group 1, time 2015-01-17 11:28:03.010406')
('2015-01-17 11:28:03.012061', 'put_channel : channel tb1, group 0, time 2015-01-17 11:28:03.011975')
('2015-01-17 11:28:04.509628', 'put_channel : channel tb1, group 1, time 2015-01-17 11:28:04.509519')
('2015-01-17 11:28:04.513040', 'put_channel : channel tb1, group 0, time 2015-01-17 11:28:04.512949')
('2015-01-17 11:28:07.023625', 'put_channel : channel tb1, group 1, time 2015-01-17 11:28:07.023511')
('2015-01-17 11:28:07.024615', 'put_channel : channel tb1, group 0, time 2015-01-17 11:28:07.024528')
('2015-01-17 11:28:07.516077', 'put_channel : channel tb1, group 1, time 2015-01-17 11:28:07.515971')
('2015-01-17 11:28:07.522854', 'put_channel : channel tb1, group 0, time 2015-01-17 11:28:07.522763')
('2015-01-17 11:28:09.010401', 'put_channel : channel tb1, group 1, time 2015-01-17 11:28:09.010305')
('2015-01-17 11:28:09.011073', 'put_channel : channel tb1, group 0, time 2015-01-17 11:28:09.010949')
('2015-01-17 11:28:10.510737', 'put_channel : channel tb1, group 1, time 2015-01-17 11:28:10.510611')
('2015-01-17 11:28:10.511671', 'put_channel : channel tb1, group 0, time 2015-01-17 11:28:10.511583')
('2015-01-17 11:28:12.014170', 'put_channel : channel tb1, group 1, time 2015-01-17 11:28:12.014065')
('2015-01-17 11:28:12.018072', 'put_channel : channel tb1, group 0, time 2015-01-17 11:28:12.017988')
('2015-01-17 11:28:13.514014', 'put_channel : channel tb1, group 1, time 2015-01-17 11:28:13.513908')
('2015-01-17 11:28:13.519691', 'put_channel : channel tb1, group 0, time 2015-01-17 11:28:13.519603')
('2015-01-17 11:28:15.008484', 'put_channel : channel tb1, group 1, time 2015-01-17 11:28:15.008337')
('2015-01-17 11:28:15.010763', 'put_channel : channel tb1, group 0, time 2015-01-17 11:28:15.010672')
('2015-01-17 11:28:16.509518', 'put_channel : channel tb1, group 1, time 2015-01-17 11:28:16.509431')
('2015-01-17 11:28:16.511303', 'put_channel : channel tb1, group 0, time 2015-01-17 11:28:16.511217')
('2015-01-17 11:28:18.012475', 'put_channel : channel tb1, group 1, time 2015-01-17 11:28:18.012378')
('2015-01-17 11:28:18.013153', 'put_channel : channel tb1, group 0, time 2015-01-17 11:28:18.013065')
('2015-01-17 11:28:19.510255', 'put_channel : channel tb1, group 1, time 2015-01-17 11:28:19.510159')
('2015-01-17 11:28:19.511511', 'put_channel : channel tb1, group 0, time 2015-01-17 11:28:19.511366')
('2015-01-17 11:28:21.008381', 'put_channel : channel tb1, group 1, time 2015-01-17 11:28:21.008270')
('2015-01-17 11:28:21.011229', 'put_channel : channel tb1, group 0, time 2015-01-17 11:28:21.011141')
('2015-01-17 11:28:22.508010', 'put_channel : channel tb1, group 1, time 2015-01-17 11:28:22.507914')
('2015-01-17 11:28:22.510055', 'put_channel : channel tb1, group 0, time 2015-01-17 11:28:22.509967')
('2015-01-17 11:28:25.023171', 'put_channel : channel tb1, group 1, time 2015-01-17 11:28:25.023069')
('2015-01-17 11:28:25.035414', 'put_channel : channel tb1, group 0, time 2015-01-17 11:28:25.035284')
('2015-01-17 11:28:25.508443', 'put_channel : channel tb1, group 1, time 2015-01-17 11:28:25.508357')
('2015-01-17 11:28:25.509978', 'put_channel : channel tb1, group 0, time 2015-01-17 11:28:25.509889')
('2015-01-17 11:28:27.009446', 'put_channel : channel tb1, group 1, time 2015-01-17 11:28:27.009344')
('2015-01-17 11:28:27.011834', 'put_channel : channel tb1, group 0, time 2015-01-17 11:28:27.011746')
('2015-01-17 11:28:28.510140', 'put_channel : channel tb1, group 1, time 2015-01-17 11:28:28.510050')
('2015-01-17 11:28:28.511061', 'put_channel : channel tb1, group 0, time 2015-01-17 11:28:28.510974')
('2015-01-17 11:28:30.010512', 'put_channel : channel tb1, group 1, time 2015-01-17 11:28:30.010421')
('2015-01-17 11:28:30.011303', 'put_channel : channel tb1, group 0, time 2015-01-17 11:28:30.011220')
('2015-01-17 11:28:31.510414', 'put_channel : channel tb1, group 0, time 2015-01-17 11:28:31.510324')
('2015-01-17 11:28:33.013925', 'put_channel : channel tb1, group 0, time 2015-01-17 11:28:33.013831')
('2015-01-17 11:28:34.510612', 'put_channel : channel tb1, group 0, time 2015-01-17 11:28:34.510523')
('2015-01-17 11:28:36.023757', 'put_channel : channel tb1, group 0, time 2015-01-17 11:28:36.023637')
('2015-01-17 11:28:37.511448', 'put_channel : channel tb1, group 0, time 2015-01-17 11:28:37.511313')
('2015-01-17 11:28:39.010543', 'put_channel : channel tb1, group 0, time 2015-01-17 11:28:39.010449')
('2015-01-17 11:28:40.512142', 'put_channel : channel tb1, group 0, time 2015-01-17 11:28:40.512040')
('2015-01-17 11:28:42.013358', 'put_channel : channel tb1, group 0, time 2015-01-17 11:28:42.013263')
('2015-01-17 11:28:43.007275', 'put_channel : channel tb1, group 1, time 2015-01-17 11:28:43.007187')
('2015-01-17 11:28:43.023410', 'put_channel : channel tb1, group 1, time 2015-01-17 11:28:43.023286')
('2015-01-17 11:28:43.510774', 'put_channel : channel tb1, group 1, time 2015-01-17 11:28:43.510687')
('2015-01-17 11:28:43.511767', 'put_channel : channel tb1, group 0, time 2015-01-17 11:28:43.511683')
('2015-01-17 11:28:43.512471', 'put_channel : channel tb1, group 1, time 2015-01-17 11:28:43.512389')
('2015-01-17 11:28:44.519522', 'put_channel : channel tb1, group 1, time 2015-01-17 11:28:44.519433')
('2015-01-17 11:28:45.008501', 'put_channel : channel tb1, group 1, time 2015-01-17 11:28:45.008413')
('2015-01-17 11:28:45.010469', 'put_channel : channel tb1, group 0, time 2015-01-17 11:28:45.010381')
('2015-01-17 11:28:46.031737', 'put_channel : channel tb1, group 1, time 2015-01-17 11:28:46.031648')
('2015-01-17 11:28:46.510502', 'put_channel : channel tb1, group 0, time 2015-01-17 11:28:46.510415')
('2015-01-17 11:28:48.018301', 'put_channel : channel tb1, group 0, time 2015-01-17 11:28:48.018189')
('2015-01-17 11:28:49.510730', 'put_channel : channel tb1, group 0, time 2015-01-17 11:28:49.510638')
('2015-01-17 11:28:51.010156', 'put_channel : channel tb1, group 0, time 2015-01-17 11:28:51.010062')
('2015-01-17 11:28:52.507893', 'put_channel : channel tb1, group 1, time 2015-01-17 11:28:52.507791')
('2015-01-17 11:28:52.511533', 'put_channel : channel tb1, group 0, time 2015-01-17 11:28:52.511443')
('2015-01-17 11:28:52.513459', 'put_channel : channel tb1, group 1, time 2015-01-17 11:28:52.513375')
('2015-01-17 11:28:53.521123', 'put_channel : channel tb1, group 1, time 2015-01-17 11:28:53.521035')
('2015-01-17 11:28:54.018383', 'put_channel : channel tb1, group 1, time 2015-01-17 11:28:54.018296')
('2015-01-17 11:28:54.019567', 'put_channel : channel tb1, group 1, time 2015-01-17 11:28:54.019478')
('2015-01-17 11:28:54.025203', 'put_channel : channel tb1, group 0, time 2015-01-17 11:28:54.025118')
('2015-01-17 11:28:55.023272', 'put_channel : channel tb1, group 1, time 2015-01-17 11:28:55.023183')
('2015-01-17 11:28:55.512387', 'put_channel : channel tb1, group 0, time 2015-01-17 11:28:55.512300')
('2015-01-17 11:28:57.010331', 'put_channel : channel tb1, group 0, time 2015-01-17 11:28:57.010226')
('2015-01-17 11:28:58.509252', 'put_channel : channel tb1, group 1, time 2015-01-17 11:28:58.509121')
('2015-01-17 11:28:58.512239', 'put_channel : channel tb1, group 0, time 2015-01-17 11:28:58.512151')
('2015-01-17 11:28:58.513319', 'put_channel : channel tb1, group 1, time 2015-01-17 11:28:58.513233')
('2015-01-17 11:29:00.015928', 'put_channel : channel tb1, group 0, time 2015-01-17 11:29:00.015836')
('2015-01-17 11:29:01.439085', 'put_channel : channel tb1, group 1, time 2015-01-17 11:29:01.438990')
('2015-01-17 11:29:01.507624', 'put_channel : channel tb1, group 1, time 2015-01-17 11:29:01.507467')
('2015-01-17 11:29:01.510874', 'put_channel : channel tb1, group 0, time 2015-01-17 11:29:01.510786')
('2015-01-17 11:29:02.559476', 'put_channel : channel tb1, group 1, time 2015-01-17 11:29:02.559348')
('2015-01-17 11:29:03.010130', 'put_channel : channel tb1, group 0, time 2015-01-17 11:29:03.010042')
('2015-01-17 11:29:04.511103', 'put_channel : channel tb1, group 0, time 2015-01-17 11:29:04.511014')
('2015-01-17 11:29:05.441624', 'put_channel : channel tb1, group 1, time 2015-01-17 11:29:05.441536')
('2015-01-17 11:29:05.507175', 'put_channel : channel tb1, group 1, time 2015-01-17 11:29:05.507088')
('2015-01-17 11:29:06.014113', 'put_channel : channel tb1, group 0, time 2015-01-17 11:29:06.014028')
('2015-01-17 11:29:07.511708', 'put_channel : channel tb1, group 0, time 2015-01-17 11:29:07.511618')
('2015-01-17 11:29:09.010438', 'put_channel : channel tb1, group 0, time 2015-01-17 11:29:09.010348')
('2015-01-17 11:29:10.513675', 'put_channel : channel tb1, group 0, time 2015-01-17 11:29:10.513531')
('2015-01-17 11:29:11.508224', 'put_channel : channel tb1, group 1, time 2015-01-17 11:29:11.508137')
('2015-01-17 11:29:12.008244', 'put_channel : channel tb1, group 1, time 2015-01-17 11:29:12.008011')
('2015-01-17 11:29:12.012205', 'put_channel : channel tb1, group 1, time 2015-01-17 11:29:12.012119')
('2015-01-17 11:29:12.012944', 'put_channel : channel tb1, group 0, time 2015-01-17 11:29:12.012861')
('2015-01-17 11:29:12.031697', 'put_channel : channel tb1, group 1, time 2015-01-17 11:29:12.031610')
('2015-01-17 11:29:13.023501', 'put_channel : channel tb1, group 1, time 2015-01-17 11:29:13.023413')
('2015-01-17 11:29:13.533724', 'put_channel : channel tb1, group 0, time 2015-01-17 11:29:13.533637')
('2015-01-17 11:29:14.503675', 'put_channel : channel tb1, group 1, time 2015-01-17 11:29:14.503582')
('2015-01-17 11:29:15.016856', 'put_channel : channel tb1, group 0, time 2015-01-17 11:29:15.016768')
('2015-01-17 11:29:16.010554', 'put_channel : channel tb1, group 1, time 2015-01-17 11:29:16.010467')
('2015-01-17 11:29:16.540604', 'put_channel : channel tb1, group 0, time 2015-01-17 11:29:16.540517')
('2015-01-17 11:29:17.507579', 'put_channel : channel tb1, group 1, time 2015-01-17 11:29:17.507492')
('2015-01-17 11:29:18.011640', 'put_channel : channel tb1, group 0, time 2015-01-17 11:29:18.011552')
('2015-01-17 11:29:19.007531', 'put_channel : channel tb1, group 1, time 2015-01-17 11:29:19.007429')
('2015-01-17 11:29:20.507671', 'put_channel : channel tb1, group 1, time 2015-01-17 11:29:20.507584')
('2015-01-17 11:29:20.553913', 'put_channel : channel tb1, group 0, time 2015-01-17 11:29:20.553825')
('2015-01-17 11:29:21.014906', 'put_channel : channel tb1, group 0, time 2015-01-17 11:29:21.014820')
('2015-01-17 11:29:22.539344', 'put_channel : channel tb1, group 0, time 2015-01-17 11:29:22.539238')
('2015-01-17 11:29:24.015068', 'put_channel : channel tb1, group 0, time 2015-01-17 11:29:24.014981')
('2015-01-17 11:29:25.539664', 'put_channel : channel tb1, group 0, time 2015-01-17 11:29:25.539576')
('2015-01-17 11:29:27.039217', 'put_channel : channel tb1, group 0, time 2015-01-17 11:29:27.039117')
('2015-01-17 11:29:28.544002', 'put_channel : channel tb1, group 0, time 2015-01-17 11:29:28.543906')
('2015-01-17 11:29:30.014385', 'put_channel : channel tb1, group 0, time 2015-01-17 11:29:30.014221')
('2015-01-17 11:29:31.541907', 'put_channel : channel tb1, group 0, time 2015-01-17 11:29:31.541796')
('2015-01-17 11:29:33.011920', 'put_channel : channel tb1, group 0, time 2015-01-17 11:29:33.011807')
('2015-01-17 11:29:34.529034', 'put_channel : channel tb1, group 0, time 2015-01-17 11:29:34.528930')
('2015-01-17 11:29:36.017357', 'fd_channel : login[0] 1 login[1] 0 , tb0[0] 7 tb0[1] 38 , tb1[0] 73 tb1[1] 59')
('2015-01-17 11:29:36.020925', 'fd_channel : login[0] 1 login[1] 0 , tb0[0] 7 tb0[1] 38 , tb1[0] 73 tb1[1] 58')
('2015-01-17 11:29:36.023019', 'fd_channel : login[0] 1 login[1] 0 , tb0[0] 7 tb0[1] 38 , tb1[0] 73 tb1[1] 57')
('2015-01-17 11:29:36.025924', 'fd_channel : login[0] 1 login[1] 0 , tb0[0] 7 tb0[1] 38 , tb1[0] 73 tb1[1] 56')
('2015-01-17 11:29:36.028794', 'fd_channel : login[0] 1 login[1] 0 , tb0[0] 7 tb0[1] 38 , tb1[0] 73 tb1[1] 55')
('2015-01-17 11:29:36.029783', 'put_channel : channel tb1, group 0, time 2015-01-17 11:29:36.029688')
('2015-01-17 11:29:36.030768', 'fd_channel : login[0] 1 login[1] 0 , tb0[0] 7 tb0[1] 38 , tb1[0] 74 tb1[1] 54')
('2015-01-17 11:29:36.032401', 'fd_channel : login[0] 1 login[1] 0 , tb0[0] 7 tb0[1] 38 , tb1[0] 74 tb1[1] 53')
('2015-01-17 11:29:36.033789', 'fd_channel : login[0] 1 login[1] 0 , tb0[0] 7 tb0[1] 38 , tb1[0] 74 tb1[1] 52')
('2015-01-17 11:29:36.035739', 'fd_channel : login[0] 1 login[1] 0 , tb0[0] 7 tb0[1] 38 , tb1[0] 74 tb1[1] 51')
('2015-01-17 11:29:38.537433', 'put_channel : channel tb1, group 0, time 2015-01-17 11:29:38.537343')
('2015-01-17 11:29:39.017855', 'put_channel : channel tb1, group 0, time 2015-01-17 11:29:39.017767')
('2015-01-17 11:29:40.543454', 'put_channel : channel tb1, group 1, time 2015-01-17 11:29:40.543303')
('2015-01-17 11:29:40.545492', 'put_channel : channel tb1, group 0, time 2015-01-17 11:29:40.545409')
('2015-01-17 11:29:42.026330', 'put_channel : channel tb1, group 0, time 2015-01-17 11:29:42.026236')
('2015-01-17 11:29:43.028502', 'fd_channel : login[0] 1 login[1] 0 , tb0[0] 7 tb0[1] 38 , tb1[0] 78 tb1[1] 51')
('2015-01-17 11:29:43.031224', 'fd_channel : login[0] 1 login[1] 0 , tb0[0] 7 tb0[1] 38 , tb1[0] 78 tb1[1] 50')
('2015-01-17 11:29:43.040031', 'fd_channel : login[0] 1 login[1] 0 , tb0[0] 7 tb0[1] 38 , tb1[0] 78 tb1[1] 49')
('2015-01-17 11:29:43.041328', 'fd_channel : login[0] 1 login[1] 0 , tb0[0] 7 tb0[1] 38 , tb1[0] 78 tb1[1] 48')
('2015-01-17 11:29:43.044864', 'fd_channel : login[0] 1 login[1] 0 , tb0[0] 7 tb0[1] 38 , tb1[0] 78 tb1[1] 47')
('2015-01-17 11:29:43.046609', 'fd_channel : login[0] 1 login[1] 0 , tb0[0] 7 tb0[1] 38 , tb1[0] 78 tb1[1] 46')
('2015-01-17 11:29:43.048187', 'fd_channel : login[0] 1 login[1] 0 , tb0[0] 7 tb0[1] 38 , tb1[0] 78 tb1[1] 45')
('2015-01-17 11:29:45.015924', 'put_channel : channel tb1, group 0, time 2015-01-17 11:29:45.015819')
('2015-01-17 11:29:45.542894', 'put_channel : channel tb1, group 0, time 2015-01-17 11:29:45.542805')
('2015-01-17 11:29:46.033190', 'fd_channel : login[0] 1 login[1] 0 , tb0[0] 7 tb0[1] 38 , tb1[0] 80 tb1[1] 44')
('2015-01-17 11:29:46.052101', 'fd_channel : login[0] 1 login[1] 0 , tb0[0] 7 tb0[1] 38 , tb1[0] 80 tb1[1] 43')
('2015-01-17 11:29:47.548815', 'put_channel : channel tb1, group 0, time 2015-01-17 11:29:47.548715')
('2015-01-17 11:29:48.020386', 'put_channel : channel tb1, group 0, time 2015-01-17 11:29:48.020298')
('2015-01-17 11:29:49.384954', 'fd_channel : login[0] 1 login[1] 0 , tb0[0] 7 tb0[1] 38 , tb1[0] 82 tb1[1] 42')
('2015-01-17 11:29:49.535851', 'put_channel : channel tb1, group 1, time 2015-01-17 11:29:49.535763')
('2015-01-17 11:29:50.033970', 'fd_channel : login[0] 1 login[1] 0 , tb0[0] 7 tb0[1] 38 , tb1[0] 82 tb1[1] 42')
('2015-01-17 11:29:50.048915', 'fd_channel : login[0] 1 login[1] 0 , tb0[0] 7 tb0[1] 38 , tb1[0] 82 tb1[1] 41')
('2015-01-17 11:29:50.545289', 'put_channel : channel tb1, group 0, time 2015-01-17 11:29:50.545200')
('2015-01-17 11:29:51.042566', 'put_channel : channel tb1, group 0, time 2015-01-17 11:29:51.042478')
('2015-01-17 11:29:54.045420', 'put_channel : channel tb1, group 0, time 2015-01-17 11:29:54.045328')
('2015-01-17 11:29:55.542724', 'put_channel : channel tb1, group 0, time 2015-01-17 11:29:55.542626')
('2015-01-17 11:29:55.573355', 'put_channel : channel tb1, group 0, time 2015-01-17 11:29:55.573270')
('2015-01-17 11:29:56.481406', 'fd_channel : login[0] 1 login[1] 0 , tb0[0] 7 tb0[1] 38 , tb1[0] 87 tb1[1] 40')
('2015-01-17 11:29:56.482662', 'fd_channel : login[0] 1 login[1] 0 , tb0[0] 7 tb0[1] 38 , tb1[0] 87 tb1[1] 39')
('2015-01-17 11:29:56.483969', 'fd_channel : login[0] 1 login[1] 0 , tb0[0] 7 tb0[1] 38 , tb1[0] 87 tb1[1] 38')
('2015-01-17 11:29:56.486031', 'fd_channel : login[0] 1 login[1] 0 , tb0[0] 7 tb0[1] 38 , tb1[0] 87 tb1[1] 37')
('2015-01-17 11:29:56.488179', 'fd_channel : login[0] 1 login[1] 0 , tb0[0] 7 tb0[1] 38 , tb1[0] 87 tb1[1] 36')
('2015-01-17 11:29:56.489457', 'fd_channel : login[0] 1 login[1] 0 , tb0[0] 7 tb0[1] 38 , tb1[0] 87 tb1[1] 35')
('2015-01-17 11:29:56.491345', 'fd_channel : login[0] 1 login[1] 0 , tb0[0] 7 tb0[1] 38 , tb1[0] 87 tb1[1] 34')
('2015-01-17 11:29:56.492302', 'fd_channel : login[0] 1 login[1] 0 , tb0[0] 7 tb0[1] 38 , tb1[0] 87 tb1[1] 33')
('2015-01-17 11:29:56.497499', 'fd_channel : login[0] 1 login[1] 0 , tb0[0] 7 tb0[1] 38 , tb1[0] 87 tb1[1] 32')
('2015-01-17 11:29:57.034300', 'put_channel : channel tb1, group 0, time 2015-01-17 11:29:57.034204')
('2015-01-17 11:29:59.343118', 'fd_channel : login[0] 1 login[1] 0 , tb0[0] 7 tb0[1] 38 , tb1[0] 87 tb1[1] 31')
('2015-01-17 11:29:59.353893', 'fd_channel : login[0] 1 login[1] 0 , tb0[0] 7 tb0[1] 38 , tb1[0] 74 tb1[1] 31')
('2015-01-17 11:29:59.485812', 'fd_channel : login[0] 1 login[1] 0 , tb0[0] 7 tb0[1] 38 , tb1[0] 74 tb1[1] 30')
('2015-01-17 11:29:59.488973', 'fd_channel : login[0] 1 login[1] 0 , tb0[0] 7 tb0[1] 38 , tb1[0] 74 tb1[1] 29')
('2015-01-17 11:29:59.490729', 'fd_channel : login[0] 1 login[1] 0 , tb0[0] 7 tb0[1] 38 , tb1[0] 74 tb1[1] 28')
('2015-01-17 11:29:59.493420', 'fd_channel : login[0] 1 login[1] 0 , tb0[0] 7 tb0[1] 38 , tb1[0] 74 tb1[1] 27')
('2015-01-17 11:29:59.495269', 'fd_channel : login[0] 1 login[1] 0 , tb0[0] 7 tb0[1] 38 , tb1[0] 74 tb1[1] 26')
('2015-01-17 11:29:59.497106', 'fd_channel : login[0] 1 login[1] 0 , tb0[0] 7 tb0[1] 38 , tb1[0] 74 tb1[1] 25')
('2015-01-17 11:29:59.501115', 'fd_channel : login[0] 1 login[1] 0 , tb0[0] 7 tb0[1] 38 , tb1[0] 74 tb1[1] 24')
('2015-01-17 11:29:59.506391', 'fd_channel : login[0] 1 login[1] 0 , tb0[0] 7 tb0[1] 38 , tb1[0] 74 tb1[1] 23')
('2015-01-17 11:29:59.544740', 'put_channel : channel tb1, group 0, time 2015-01-17 11:29:59.544649')
('2015-01-17 11:30:01.031848', 'put_channel : channel tb1, group 0, time 2015-01-17 11:30:01.031757')
('2015-01-17 11:30:01.161954', 'worker [3] stopping')
('2015-01-17 11:30:01.536948', 'put_channel : channel tb1, group 1, time 2015-01-17 11:30:01.536792')
('2015-01-17 11:30:02.489593', 'fd_channel : login[0] 1 login[1] 0 , tb0[0] 7 tb0[1] 38 , tb1[0] 76 tb1[1] 23')
('2015-01-17 11:30:02.493755', 'fd_channel : login[0] 1 login[1] 0 , tb0[0] 7 tb0[1] 38 , tb1[0] 76 tb1[1] 22')
('2015-01-17 11:30:02.495214', 'fd_channel : login[0] 1 login[1] 0 , tb0[0] 7 tb0[1] 38 , tb1[0] 76 tb1[1] 21')
('2015-01-17 11:30:02.497328', 'fd_channel : login[0] 1 login[1] 0 , tb0[0] 7 tb0[1] 38 , tb1[0] 76 tb1[1] 20')
('2015-01-17 11:30:02.499500', 'fd_channel : login[0] 1 login[1] 0 , tb0[0] 7 tb0[1] 38 , tb1[0] 76 tb1[1] 19')
('2015-01-17 11:30:02.501349', 'fd_channel : login[0] 1 login[1] 0 , tb0[0] 7 tb0[1] 38 , tb1[0] 76 tb1[1] 18')
('2015-01-17 11:30:02.506928', 'fd_channel : login[0] 1 login[1] 0 , tb0[0] 7 tb0[1] 38 , tb1[0] 76 tb1[1] 17')
('2015-01-17 11:30:03.533271', 'put_channel : channel tb1, group 1, time 2015-01-17 11:30:03.533178')
('2015-01-17 11:30:06.509724', 'fd_channel : login[0] 1 login[1] 0 , tb0[0] 7 tb0[1] 38 , tb1[0] 76 tb1[1] 17')
('2015-01-17 11:30:14.570326', 'put_channel : channel tb1, group 1, time 2015-01-17 11:30:14.570232')
('2015-01-17 11:30:24.127699', 'put_channel : channel tb1, group 1, time 2015-01-17 11:30:24.127567')
('2015-01-17 11:30:43.647746', 'put_channel : channel tb1, group 1, time 2015-01-17 11:30:43.647622')
('2015-01-17 11:30:48.132981', 'put_channel : channel tb1, group 1, time 2015-01-17 11:30:48.132851')
('2015-01-17 11:30:52.608307', 'put_channel : channel tb1, group 1, time 2015-01-17 11:30:52.608205')
