('2015-01-17 10:34:22.421944', 'client 52545368 bid 0 fd_image Timeout')
('2015-01-17 10:34:22.422806', 'client 52273399 bid 0 fd_image Timeout')
('2015-01-17 10:34:22.427128', 'client 52514721 bid 0 fd_image Timeout')
('2015-01-17 10:34:22.427866', 'client 52375332 bid 0 fd_image Timeout')
('2015-01-17 10:34:22.430728', 'client 52318179 bid 0 fd_image Timeout')
('2015-01-17 10:34:22.431480', 'client 52500420 bid 0 fd_image Timeout')
('2015-01-17 10:34:22.434013', 'client 52587520 bid 0 fd_image Timeout')
('2015-01-17 10:34:22.436546', 'client 52477639 bid 0 fd_image Timeout')
('2015-01-17 10:34:22.438682', 'client 52396155 bid 0 fd_image Timeout')
('2015-01-17 10:34:40.415281', 'client 52514721 bid 0 fd_price get channel Failed')
('2015-01-17 10:34:41.152906', 'client 52587520 bid 0 fd_price get channel Failed')
('2015-01-17 10:34:42.417572', 'client 52514721 bid 0 fd_price get channel Failed')
('2015-01-17 10:34:43.156877', 'client 52587520 bid 0 fd_price get channel Failed')
('2015-01-17 10:34:43.466252', 'client 52545368 bid 0 fd_price get channel Failed')
('2015-01-17 10:34:45.469540', 'client 52545368 bid 0 fd_price get channel Failed')
('2015-01-17 10:34:56.530837', 'client 52396155 bid 0 fd_price get channel Failed')
('2015-01-17 10:34:58.534113', 'client 52396155 bid 0 fd_price get channel Failed')
('2015-01-17 10:34:58.619204', '\r\n\r\n\r\n\r\n\r\n\r\n\r\n\r\n\r\n\r\n<XML><ERRORCODE>311</ERRORCODE><ERRORSTRING>图像校验码错误！</ERRORSTRING><ERRORSTRING_EN>Image checksum error！</ERRORSTRING_EN></XML>')
('2015-01-17 10:34:58.619316', "client 52500420 bid 0 fd_price ack error {'errcode': '311', 'errstring': '图像校验码错误！'}")
('2015-01-17 10:34:58.767156', '\r\n\r\n\r\n\r\n\r\n\r\n\r\n\r\n\r\n\r\n<XML><ERRORCODE>311</ERRORCODE><ERRORSTRING>图像校验码错误！</ERRORSTRING><ERRORSTRING_EN>Image checksum error！</ERRORSTRING_EN></XML>')
('2015-01-17 10:34:58.767267', "client 52396155 bid 0 fd_price ack error {'errcode': '311', 'errstring': '图像校验码错误！'}")
('2015-01-17 10:35:00.092477', '\r\n\r\n\r\n\r\n\r\n\r\n\r\n\r\n\r\n\r\n<XML><ERRORCODE>311</ERRORCODE><ERRORSTRING>图像校验码错误！</ERRORSTRING><ERRORSTRING_EN>Image checksum error！</ERRORSTRING_EN></XML>')
('2015-01-17 10:35:00.092586', "client 52375332 bid 0 fd_price ack error {'errcode': '311', 'errstring': '图像校验码错误！'}")
('2015-01-17 10:35:00.416459', '\r\n\r\n\r\n\r\n\r\n\r\n\r\n\r\n\r\n\r\n<XML><ERRORCODE>311</ERRORCODE><ERRORSTRING>图像校验码错误！</ERRORSTRING><ERRORSTRING_EN>Image checksum error！</ERRORSTRING_EN></XML>')
('2015-01-17 10:35:00.416567', "client 52477639 bid 0 fd_price ack error {'errcode': '311', 'errstring': '图像校验码错误！'}")
('2015-01-17 10:35:01.601218', '\r\n\r\n\r\n\r\n\r\n\r\n\r\n\r\n\r\n\r\n<XML><ERRORCODE>311</ERRORCODE><ERRORSTRING>图像校验码错误！</ERRORSTRING><ERRORSTRING_EN>Image checksum error！</ERRORSTRING_EN></XML>')
('2015-01-17 10:35:01.601327', "client 52318179 bid 0 fd_price ack error {'errcode': '311', 'errstring': '图像校验码错误！'}")
('2015-01-17 10:35:01.659230', '\r\n\r\n\r\n\r\n\r\n\r\n\r\n\r\n\r\n\r\n<XML><ERRORCODE>311</ERRORCODE><ERRORSTRING>图像校验码错误！</ERRORSTRING><ERRORSTRING_EN>Image checksum error！</ERRORSTRING_EN></XML>')
('2015-01-17 10:35:01.659344', "client 52273399 bid 0 fd_price ack error {'errcode': '311', 'errstring': '图像校验码错误！'}")
('2015-01-17 10:35:05.179415', '\r\n\r\n\r\n\r\n\r\n\r\n\r\n\r\n\r\n\r\n<XML><ERRORCODE>311</ERRORCODE><ERRORSTRING>图像校验码错误！</ERRORSTRING><ERRORSTRING_EN>Image checksum error！</ERRORSTRING_EN></XML>')
('2015-01-17 10:35:05.179526', "client 52514721 bid 0 fd_price ack error {'errcode': '311', 'errstring': '图像校验码错误！'}")
('2015-01-17 10:35:05.956645', '\r\n\r\n\r\n\r\n\r\n\r\n\r\n\r\n\r\n\r\n<XML><ERRORCODE>311</ERRORCODE><ERRORSTRING>图像校验码错误！</ERRORSTRING><ERRORSTRING_EN>Image checksum error！</ERRORSTRING_EN></XML>')
('2015-01-17 10:35:05.956753', "client 52587520 bid 0 fd_price ack error {'errcode': '311', 'errstring': '图像校验码错误！'}")
('2015-01-17 10:35:08.257133', '\r\n\r\n\r\n\r\n\r\n\r\n\r\n\r\n\r\n\r\n<XML><ERRORCODE>311</ERRORCODE><ERRORSTRING>图像校验码错误！</ERRORSTRING><ERRORSTRING_EN>Image checksum error！</ERRORSTRING_EN></XML>')
('2015-01-17 10:35:08.257241', "client 52545368 bid 0 fd_price ack error {'errcode': '311', 'errstring': '图像校验码错误！'}")
('2015-01-17 10:35:17.072939', 'client 52500420 bid 0 fd_price get channel Failed')
('2015-01-17 10:35:19.075604', 'client 52500420 bid 0 fd_price get channel Failed')
('2015-01-17 10:35:20.483715', 'client 52477639 bid 0 fd_price get channel Failed')
('2015-01-17 10:35:22.487128', 'client 52477639 bid 0 fd_price get channel Failed')
('2015-01-17 10:35:29.642597', 'client 52318179 bid 0 fd_image Timeout')
('2015-01-17 10:35:29.700574', 'client 52273399 bid 0 fd_image Timeout')
('2015-01-17 10:35:33.220233', 'client 52514721 bid 0 fd_image Timeout')
('2015-01-17 10:35:33.961302', 'client 52587520 bid 0 fd_image Timeout')
('2015-01-17 10:35:35.976253', 'client 52375332 bid 0 fd_price get channel Failed')
('2015-01-17 10:35:36.272221', 'client 52545368 bid 0 fd_image Timeout')
('2015-01-17 10:35:37.979324', 'client 52375332 bid 0 fd_price get channel Failed')
('2015-01-17 10:35:40.296298', '\r\n\r\n\r\n\r\n\r\n\r\n\r\n\r\n\r\n\r\n\r\n<XML><ERRORCODE>101</ERRORCODE><ERRORSTRING>您的操作太过频繁，请稍后再试！</ERRORSTRING><ERRORSTRING_EN>Please try again slightly!</ERRORSTRING_EN></XML>')
('2015-01-17 10:35:40.296370', "client 52587520 bid 0 fd_image ack error {'head': 'Connection: close\\nDate: Sat, 17 Jan 2015 02:35:40 GMT\\nServer: Microsoft-IIS/6.0\\nSet-Cookie: JSESSIONID=00FC4D9FB3B3912602707515E01C2607; Path=/car\\nContent-Type: text/html;charset=GBK\\nContent-Length: 175\\n\\n', 'body': '\\r\\n\\r\\n\\r\\n\\r\\n\\r\\n\\r\\n\\r\\n\\r\\n\\r\\n\\r\\n\\r\\n<XML><ERRORCODE>101</ERRORCODE><ERRORSTRING>您的操作太过频繁，请稍后再试！</ERRORSTRING><ERRORSTRING_EN>Please try again slightly!</ERRORSTRING_EN></XML>', 'status': 200}")
('2015-01-17 10:35:47.779185', 'client 52545368 bid 0 fd_price get channel Failed')
('2015-01-17 10:35:49.782610', 'client 52545368 bid 0 fd_price get channel Failed')
('2015-01-17 10:35:54.016086', 'client 52514721 bid 0 fd_price get channel Failed')
('2015-01-17 10:35:56.020384', 'client 52514721 bid 0 fd_price get channel Failed')
('2015-01-17 10:35:59.405370', 'client 52396155 bid 0 fd_price get channel Failed')
('2015-01-17 10:36:00.298189', 'client 52587520 bid 0 fd_image Timeout')
('2015-01-17 10:36:00.783737', 'client 52273399 bid 0 fd_price get channel Failed')
('2015-01-17 10:36:01.407106', 'client 52396155 bid 0 fd_price get channel Failed')
('2015-01-17 10:36:02.787507', 'client 52273399 bid 0 fd_price get channel Failed')
('2015-01-17 10:36:13.290092', 'client 52477639 bid 0 fd_image Timeout')
('2015-01-17 10:36:13.521466', 'client 52318179 bid 0 fd_price get channel Failed')
('2015-01-17 10:36:14.560381', '\r\n\r\n\r\n\r\n\r\n\r\n\r\n\r\n\r\n\r\n<XML><ERRORCODE>311</ERRORCODE><ERRORSTRING>图像校验码错误！</ERRORSTRING><ERRORSTRING_EN>Image checksum error！</ERRORSTRING_EN></XML>')
('2015-01-17 10:36:14.560497', "client 52545368 bid 0 fd_price ack error {'errcode': '311', 'errstring': '图像校验码错误！'}")
('2015-01-17 10:36:15.073684', '\r\n\r\n\r\n\r\n\r\n\r\n\r\n\r\n\r\n\r\n<XML><ERRORCODE>311</ERRORCODE><ERRORSTRING>图像校验码错误！</ERRORSTRING><ERRORSTRING_EN>Image checksum error！</ERRORSTRING_EN></XML>')
('2015-01-17 10:36:15.073746', "client 52500420 bid 0 fd_price ack error {'errcode': '311', 'errstring': '图像校验码错误！'}")
('2015-01-17 10:36:20.301032', 'client 52587520 bid 0 fd_image Timeout')
('2015-01-17 10:36:28.599507', 'client 52587520 bid 0 fd_price get channel Failed')
('2015-01-17 10:36:30.603429', 'client 52587520 bid 0 fd_price get channel Failed')
('2015-01-17 10:36:40.585095', 'client 52545368 bid 0 fd_image Timeout')
('2015-01-17 10:36:44.551776', 'client 52477639 bid 0 fd_price get channel Failed')
('2015-01-17 10:36:46.555530', 'client 52477639 bid 0 fd_price get channel Failed')
('2015-01-17 10:36:51.691959', '\r\n\r\n\r\n\r\n\r\n\r\n\r\n\r\n\r\n\r\n<XML><ERRORCODE>311</ERRORCODE><ERRORSTRING>图像校验码错误！</ERRORSTRING><ERRORSTRING_EN>Image checksum error！</ERRORSTRING_EN></XML>')
('2015-01-17 10:36:51.692085', "client 52477639 bid 0 fd_price ack error {'errcode': '311', 'errstring': '图像校验码错误！'}")
('2015-01-17 10:36:51.740095', '\r\n\r\n\r\n\r\n\r\n\r\n\r\n\r\n\r\n\r\n<XML><ERRORCODE>311</ERRORCODE><ERRORSTRING>图像校验码错误！</ERRORSTRING><ERRORSTRING_EN>Image checksum error！</ERRORSTRING_EN></XML>')
('2015-01-17 10:36:51.740361', "client 52273399 bid 0 fd_price ack error {'errcode': '311', 'errstring': '图像校验码错误！'}")
('2015-01-17 10:36:52.209952', 'client 52396155 bid 0 fd_image Timeout')
('2015-01-17 10:36:52.315841', '\r\n\r\n\r\n\r\n\r\n\r\n\r\n\r\n\r\n\r\n<XML><ERRORCODE>311</ERRORCODE><ERRORSTRING>图像校验码错误！</ERRORSTRING><ERRORSTRING_EN>Image checksum error！</ERRORSTRING_EN></XML>')
('2015-01-17 10:36:52.315949', "client 52396155 bid 0 fd_price ack error {'errcode': '311', 'errstring': '图像校验码错误！'}")
('2015-01-17 10:36:53.371298', '\r\n\r\n\r\n\r\n\r\n\r\n\r\n\r\n\r\n\r\n<XML><ERRORCODE>311</ERRORCODE><ERRORSTRING>图像校验码错误！</ERRORSTRING><ERRORSTRING_EN>Image checksum error！</ERRORSTRING_EN></XML>')
('2015-01-17 10:36:53.371406', "client 52587520 bid 0 fd_price ack error {'errcode': '311', 'errstring': '图像校验码错误！'}")
('2015-01-17 10:37:00.158316', 'client 52396155 bid 0 fd_price get channel Failed')
('2015-01-17 10:37:02.161939', 'client 52396155 bid 0 fd_price get channel Failed')
('2015-01-17 10:37:04.292031', 'client 52545368 bid 0 fd_price get channel Failed')
('2015-01-17 10:37:05.520420', 'client 52375332 bid 0 fd_price info channel error')
('2015-01-17 10:37:05.531964', 'client 52500420 bid 0 fd_price info channel error')
('2015-01-17 10:37:06.295022', 'client 52545368 bid 0 fd_price get channel Failed')
('2015-01-17 10:37:06.823014', 'client 52375332 bid 0 fd_price get channel Failed')
('2015-01-17 10:37:06.834479', 'client 52500420 bid 0 fd_price get channel Failed')
('2015-01-17 10:37:07.575553', 'client 52500420 bid 0 fd_price info channel error')
('2015-01-17 10:37:07.634441', 'client 52500420 bid 0 fd_price info channel error')
('2015-01-17 10:37:08.096987', 'client 52545368 bid 0 fd_price info channel error')
('2015-01-17 10:37:08.669379', 'client 52477639 bid 0 fd_price info channel error')
('2015-01-17 10:37:08.878174', 'client 52500420 bid 0 fd_price get channel Failed')
('2015-01-17 10:37:09.971945', 'client 52477639 bid 0 fd_price get channel Failed')
('2015-01-17 10:37:14.404471', 'client 52375332 bid 0 fd_price info channel error')
('2015-01-17 10:37:14.813720', 'client 52318179 bid 0 fd_price info channel error')
('2015-01-17 10:37:15.706971', 'client 52375332 bid 0 fd_price get channel Failed')
('2015-01-17 10:37:16.116385', 'client 52318179 bid 0 fd_price get channel Failed')
('2015-01-17 10:37:16.367932', 'client 52318179 bid 0 fd_price info channel error')
('2015-01-17 10:37:17.670564', 'client 52318179 bid 0 fd_price get channel Failed')
('2015-01-17 10:37:21.405182', 'client 52587520 bid 0 fd_image Timeout')
('2015-01-17 10:37:26.938649', '\r\n\r\n\r\n\r\n\r\n\r\n\r\n\r\n\r\n\r\n<XML><ERRORCODE>311</ERRORCODE><ERRORSTRING>图像校验码错误！</ERRORSTRING><ERRORSTRING_EN>Image checksum error！</ERRORSTRING_EN></XML>')
('2015-01-17 10:37:26.938777', "client 52396155 bid 0 fd_price ack error {'errcode': '311', 'errstring': '图像校验码错误！'}")
('2015-01-17 10:37:33.733881', 'client 52587520 bid 0 fd_price get channel Failed')
('2015-01-17 10:37:41.440567', 'client 52477639 bid 0 fd_price get channel Failed')
('2015-01-17 10:37:43.443548', 'client 52477639 bid 0 fd_price get channel Failed')
('2015-01-17 10:37:45.213436', 'client 52396155 bid 0 fd_price get channel Failed')
('2015-01-17 10:37:47.216975', 'client 52396155 bid 0 fd_price get channel Failed')
('2015-01-17 10:38:38.019351', 'client 52396155 bid 0 fd_image Timeout')
('2015-01-17 10:38:43.423029', '\r\n\r\n\r\n\r\n\r\n\r\n\r\n\r\n\r\n\r\n<XML><ERRORCODE>311</ERRORCODE><ERRORSTRING>图像校验码错误！</ERRORSTRING><ERRORSTRING_EN>Image checksum error！</ERRORSTRING_EN></XML>')
('2015-01-17 10:38:43.423157', "client 52396155 bid 0 fd_price ack error {'errcode': '311', 'errstring': '图像校验码错误！'}")
('2015-01-17 10:38:46.591289', 'client 52500420 bid 0 fd_price info channel error')
('2015-01-17 10:38:46.801964', 'client 52545368 bid 0 fd_price info channel error')
('2015-01-17 10:38:51.167544', 'client 52477639 bid 0 fd_price info channel error')
('2015-01-17 10:38:55.023646', 'client 52514721 bid 0 fd_price info channel error')
('2015-01-17 10:39:07.800346', 'client 52477639 bid 0 fd_price info channel error')
('2015-01-17 10:39:08.281767', 'client 52477639 bid 0 fd_price info channel error')
('2015-01-17 10:39:09.498396', 'client 52396155 bid 0 fd_price get channel Failed')
('2015-01-17 10:39:11.501716', 'client 52396155 bid 0 fd_price get channel Failed')
('2015-01-17 10:39:15.399861', 'client 52396155 bid 0 fd_price info channel error')
('2015-01-17 10:39:15.509683', '\r\n\r\n\r\n\r\n\r\n\r\n\r\n\r\n\r\n\r\n<XML><ERRORCODE>311</ERRORCODE><ERRORSTRING>图像校验码错误！</ERRORSTRING><ERRORSTRING_EN>Image checksum error！</ERRORSTRING_EN></XML>')
('2015-01-17 10:39:15.509792', "client 52396155 bid 0 fd_price ack error {'errcode': '311', 'errstring': '图像校验码错误！'}")
('2015-01-17 10:39:17.242411', '\r\n\r\n\r\n\r\n\r\n\r\n\r\n\r\n\r\n\r\n<XML><ERRORCODE>311</ERRORCODE><ERRORSTRING>图像校验码错误！</ERRORSTRING><ERRORSTRING_EN>Image checksum error！</ERRORSTRING_EN></XML>')
('2015-01-17 10:39:17.242523', "client 52477639 bid 0 fd_price ack error {'errcode': '311', 'errstring': '图像校验码错误！'}")
('2015-01-17 10:39:17.543092', 'client 52396155 bid 0 fd_image info channel error')
('2015-01-17 10:40:10.588085', 'client 52396155 bid 0 fd_price get channel Failed')
('2015-01-17 10:40:12.591109', 'client 52396155 bid 0 fd_price get channel Failed')
('2015-01-17 10:40:28.904943', 'client 52396155 bid 0 fd_price info channel error')
('2015-01-17 10:40:28.906976', 'client 52396155 bid 0 fd_price info channel error')
('2015-01-17 10:40:29.013382', '\r\n\r\n\r\n\r\n\r\n\r\n\r\n\r\n\r\n\r\n<XML><ERRORCODE>311</ERRORCODE><ERRORSTRING>图像校验码错误！</ERRORSTRING><ERRORSTRING_EN>Image checksum error！</ERRORSTRING_EN></XML>')
('2015-01-17 10:40:29.013491', "client 52396155 bid 0 fd_price ack error {'errcode': '311', 'errstring': '图像校验码错误！'}")
('2015-01-17 10:40:31.231111', 'client 52500420 bid 0 fd_price info channel error')
('2015-01-17 10:40:31.317606', 'client 52545368 bid 0 fd_price info channel error')
('2015-01-17 10:40:31.339852', '\r\n\r\n\r\n\r\n\r\n\r\n\r\n\r\n\r\n\r\n<XML><ERRORCODE>311</ERRORCODE><ERRORSTRING>图像校验码错误！</ERRORSTRING><ERRORSTRING_EN>Image checksum error！</ERRORSTRING_EN></XML>')
('2015-01-17 10:40:31.339983', "client 52500420 bid 0 fd_price ack error {'errcode': '311', 'errstring': '图像校验码错误！'}")
('2015-01-17 10:40:31.425795', '\r\n\r\n\r\n\r\n\r\n\r\n\r\n\r\n\r\n\r\n<XML><ERRORCODE>311</ERRORCODE><ERRORSTRING>图像校验码错误！</ERRORSTRING><ERRORSTRING_EN>Image checksum error！</ERRORSTRING_EN></XML>')
('2015-01-17 10:40:31.425904', "client 52545368 bid 0 fd_price ack error {'errcode': '311', 'errstring': '图像校验码错误！'}")
('2015-01-17 10:41:03.394170', 'client 52396155 bid 0 fd_image Timeout')
('2015-01-17 10:41:03.578750', '\r\n\r\n\r\n\r\n\r\n\r\n\r\n\r\n\r\n\r\n<XML><ERRORCODE>311</ERRORCODE><ERRORSTRING>图像校验码错误！</ERRORSTRING><ERRORSTRING_EN>Image checksum error！</ERRORSTRING_EN></XML>')
('2015-01-17 10:41:03.578859', "client 52396155 bid 0 fd_price ack error {'errcode': '311', 'errstring': '图像校验码错误！'}")
('2015-01-17 10:41:13.439477', 'client 52396155 bid 0 fd_price get channel Failed')
('2015-01-17 10:41:15.442384', 'client 52396155 bid 0 fd_price get channel Failed')
('2015-01-17 10:41:40.219595', '\r\n\r\n\r\n\r\n\r\n\r\n\r\n\r\n\r\n\r\n<XML><ERRORCODE>311</ERRORCODE><ERRORSTRING>图像校验码错误！</ERRORSTRING><ERRORSTRING_EN>Image checksum error！</ERRORSTRING_EN></XML>')
('2015-01-17 10:41:40.219727', "client 52396155 bid 0 fd_price ack error {'errcode': '311', 'errstring': '图像校验码错误！'}")
('2015-01-17 10:42:06.244198', 'client 52396155 bid 0 fd_image Timeout')
('2015-01-17 10:42:08.505868', 'client 52396155 bid 0 fd_price info channel error')
('2015-01-17 10:42:15.534473', 'client 52396155 bid 0 fd_price info channel error')
('2015-01-17 10:42:16.251180', '\r\n\r\n\r\n\r\n\r\n\r\n\r\n\r\n\r\n\r\n<XML><ERRORCODE>311</ERRORCODE><ERRORSTRING>图像校验码错误！</ERRORSTRING><ERRORSTRING_EN>Image checksum error！</ERRORSTRING_EN></XML>')
('2015-01-17 10:42:16.251290', "client 52396155 bid 0 fd_price ack error {'errcode': '311', 'errstring': '图像校验码错误！'}")
('2015-01-17 10:42:18.118285', 'client 52477639 bid 0 fd_price info channel error')
('2015-01-17 10:42:18.212305', 'client 52514721 bid 0 fd_price info channel error')
('2015-01-17 10:42:18.230928', '\r\n\r\n\r\n\r\n\r\n\r\n\r\n\r\n\r\n\r\n<XML><ERRORCODE>311</ERRORCODE><ERRORSTRING>图像校验码错误！</ERRORSTRING><ERRORSTRING_EN>Image checksum error！</ERRORSTRING_EN></XML>')
('2015-01-17 10:42:18.231067', "client 52477639 bid 0 fd_price ack error {'errcode': '311', 'errstring': '图像校验码错误！'}")
('2015-01-17 10:42:18.321330', '\r\n\r\n\r\n\r\n\r\n\r\n\r\n\r\n\r\n\r\n<XML><ERRORCODE>311</ERRORCODE><ERRORSTRING>图像校验码错误！</ERRORSTRING><ERRORSTRING_EN>Image checksum error！</ERRORSTRING_EN></XML>')
('2015-01-17 10:42:18.321439', "client 52514721 bid 0 fd_price ack error {'errcode': '311', 'errstring': '图像校验码错误！'}")
('2015-01-17 10:42:21.502550', '\r\n\r\n\r\n\r\n\r\n\r\n\r\n\r\n\r\n\r\n<XML><ERRORCODE>311</ERRORCODE><ERRORSTRING>图像校验码错误！</ERRORSTRING><ERRORSTRING_EN>Image checksum error！</ERRORSTRING_EN></XML>')
('2015-01-17 10:42:21.502663', "client 52396155 bid 0 fd_price ack error {'errcode': '311', 'errstring': '图像校验码错误！'}")
('2015-01-17 10:42:35.532358', 'client 52396155 bid 0 fd_price get channel Failed')
('2015-01-17 10:42:37.535445', 'client 52396155 bid 0 fd_price get channel Failed')
('2015-01-17 10:42:56.731933', '\r\n\r\n\r\n\r\n\r\n\r\n\r\n\r\n\r\n\r\n<XML><ERRORCODE>311</ERRORCODE><ERRORSTRING>图像校验码错误！</ERRORSTRING><ERRORSTRING_EN>Image checksum error！</ERRORSTRING_EN></XML>')
('2015-01-17 10:42:56.732049', "client 52396155 bid 0 fd_price ack error {'errcode': '311', 'errstring': '图像校验码错误！'}")
('2015-01-17 10:43:28.338032', 'client 52396155 bid 0 fd_image Timeout')
('2015-01-17 10:43:44.712607', 'client 52396155 bid 0 fd_price get channel Failed')
('2015-01-17 10:43:46.715451', 'client 52396155 bid 0 fd_price get channel Failed')
('2015-01-17 10:44:09.499743', '\r\n\r\n\r\n\r\n\r\n\r\n\r\n\r\n\r\n\r\n<XML><ERRORCODE>311</ERRORCODE><ERRORSTRING>图像校验码错误！</ERRORSTRING><ERRORSTRING_EN>Image checksum error！</ERRORSTRING_EN></XML>')
('2015-01-17 10:44:09.499856', "client 52396155 bid 0 fd_price ack error {'errcode': '311', 'errstring': '图像校验码错误！'}")
('2015-01-17 10:44:37.517752', 'client 52396155 bid 0 fd_image Timeout')
('2015-01-17 10:44:50.585252', 'client 52396155 bid 0 fd_price get channel Failed')
('2015-01-17 10:44:52.588069', 'client 52396155 bid 0 fd_price get channel Failed')
('2015-01-17 10:45:27.681857', 'client 52396155 bid 0 fd_price info channel error')
('2015-01-17 10:45:29.890190', 'client 52396155 bid 0 fd_price info channel error')
('2015-01-17 10:45:29.890522', 'client 52396155 bid 0 fd_price info channel error')
('2015-01-17 10:45:43.389522', 'client 52396155 bid 0 fd_image Timeout')
('2015-01-17 10:45:53.755623', '\r\n\r\n\r\n\r\n\r\n\r\n\r\n\r\n\r\n\r\n<XML><ERRORCODE>311</ERRORCODE><ERRORSTRING>图像校验码错误！</ERRORSTRING><ERRORSTRING_EN>Image checksum error！</ERRORSTRING_EN></XML>')
('2015-01-17 10:45:53.755739', "client 52396155 bid 0 fd_price ack error {'errcode': '311', 'errstring': '图像校验码错误！'}")
('2015-01-17 10:46:06.528027', 'client 52396155 bid 0 fd_price get channel Failed')
('2015-01-17 10:46:08.530814', 'client 52396155 bid 0 fd_price get channel Failed')
('2015-01-17 10:47:07.862476', 'client 52396155 bid 0 fd_image info channel error')
('2015-01-17 10:48:15.459458', 'client 52477639 bid 0 fd_price info channel error')
('2015-01-17 10:48:15.600395', '\r\n\r\n\r\n\r\n\r\n\r\n\r\n\r\n\r\n\r\n<XML><ERRORCODE>311</ERRORCODE><ERRORSTRING>图像校验码错误！</ERRORSTRING><ERRORSTRING_EN>Image checksum error！</ERRORSTRING_EN></XML>')
('2015-01-17 10:48:15.600515', "client 52477639 bid 0 fd_price ack error {'errcode': '311', 'errstring': '图像校验码错误！'}")
('2015-01-17 10:48:18.517332', 'client 52273399 bid 0 fd_price info channel error')
('2015-01-17 10:48:18.657038', '\r\n\r\n\r\n\r\n\r\n\r\n\r\n\r\n\r\n\r\n<XML><ERRORCODE>311</ERRORCODE><ERRORSTRING>图像校验码错误！</ERRORSTRING><ERRORSTRING_EN>Image checksum error！</ERRORSTRING_EN></XML>')
('2015-01-17 10:48:18.657148', "client 52273399 bid 0 fd_price ack error {'errcode': '311', 'errstring': '图像校验码错误！'}")
('2015-01-17 10:48:20.565287', 'client 52273399 bid 0 fd_price info channel error')
('2015-01-17 11:29:37.456267', 'client 52545368 bid 1 fd_image status 503')
('2015-01-17 11:29:42.368725', 'client 52587520 bid 1 fd_image status 503')
('2015-01-17 11:29:42.370124', 'client 52514721 bid 1 fd_image status 503')
('2015-01-17 11:29:42.377572', 'client 52587520 bid 1 fd_image status 503')
('2015-01-17 11:29:42.381478', 'client 52514721 bid 1 fd_image status 503')
('2015-01-17 11:29:43.020120', 'client 52477639 bid 1 fd_image Timeout')
('2015-01-17 11:29:43.022560', 'client 52273399 bid 1 fd_image Timeout')
('2015-01-17 11:29:43.027050', 'client 52375332 bid 1 fd_image Timeout')
('2015-01-17 11:29:43.027727', 'client 52318179 bid 1 fd_image Timeout')
('2015-01-17 11:29:46.029928', 'client 52545368 bid 1 fd_image Timeout')
('2015-01-17 11:29:49.369230', 'client 52375332 bid 1 fd_image status 503')
('2015-01-17 11:29:52.379194', 'client 52587520 bid 1 fd_image Timeout')
('2015-01-17 11:29:52.380881', 'client 52514721 bid 1 fd_image Timeout')
('2015-01-17 11:29:53.032462', 'client 52545368 bid 1 fd_image Timeout')
('2015-01-17 11:29:56.322392', 'client 52375332 bid 2 fd_image status 503')
('2015-01-17 11:29:59.698439', '\r\n\r\n\r\n\r\n\r\n\r\n\r\n\r\n\r\n\r\n<XML><ERRORCODE>311</ERRORCODE><ERRORSTRING>图像校验码错误！</ERRORSTRING><ERRORSTRING_EN>Image checksum error！</ERRORSTRING_EN></XML>')
('2015-01-17 11:29:59.698547', "client 52318179 bid 2 fd_price ack error {'errcode': '311', 'errstring': '图像校验码错误！'}")
('2015-01-17 11:30:00.184327', '\r\n\r\n\r\n\r\n\r\n\r\n\r\n\r\n\r\n\r\n\r\n<XML><ERRORCODE>110</ERRORCODE><ERRORSTRING>没有正在举行的拍卖会，请注意拍卖公告！</ERRORSTRING><ERRORSTRING_EN>Auction is not begin!</ERRORSTRING_EN></XML>')
('2015-01-17 11:30:00.184400', "client 52477639 bid 2 fd_image ack error {'head': 'Connection: close\\nDate: Sat, 17 Jan 2015 03:30:00 GMT\\nServer: Microsoft-IIS/6.0\\nSet-Cookie: JSESSIONID=6D202F0926001962BB39D2DB4FE5A305; Path=/car\\nContent-Type: text/html;charset=GBK\\nContent-Length: 178\\n\\n', 'body': '\\r\\n\\r\\n\\r\\n\\r\\n\\r\\n\\r\\n\\r\\n\\r\\n\\r\\n\\r\\n\\r\\n<XML><ERRORCODE>110</ERRORCODE><ERRORSTRING>没有正在举行的拍卖会，请注意拍卖公告！</ERRORSTRING><ERRORSTRING_EN>Auction is not begin!</ERRORSTRING_EN></XML>', 'status': 200}")
('2015-01-17 11:30:00.236410', '\r\n\r\n\r\n\r\n\r\n\r\n\r\n\r\n\r\n\r\n<XML><ERRORCODE>110</ERRORCODE><ERRORSTRING>没有正在举行的拍卖会，请注意拍卖公告！</ERRORSTRING><ERRORSTRING_EN>Auction is not begin!</ERRORSTRING_EN></XML>\r\n')
('2015-01-17 11:30:00.236473', "client 52273399 bid 2 fd_price ack error {'errcode': '110', 'errstring': '没有正在举行的拍卖会，请注意拍卖公告！'}")
('2015-01-17 11:30:00.459810', '\r\n\r\n\r\n\r\n\r\n\r\n\r\n\r\n\r\n\r\n\r\n<XML><ERRORCODE>110</ERRORCODE><ERRORSTRING>没有正在举行的拍卖会，请注意拍卖公告！</ERRORSTRING><ERRORSTRING_EN>Auction is not begin!</ERRORSTRING_EN></XML>')
('2015-01-17 11:30:00.459883', "client 52375332 bid 2 fd_image ack error {'head': 'Connection: close\\nDate: Sat, 17 Jan 2015 03:30:00 GMT\\nServer: Microsoft-IIS/6.0\\nSet-Cookie: JSESSIONID=4BEA7B3F0C4E2B525A69CDBDE739B099; Path=/car\\nContent-Type: text/html;charset=GBK\\nContent-Length: 178\\n\\n', 'body': '\\r\\n\\r\\n\\r\\n\\r\\n\\r\\n\\r\\n\\r\\n\\r\\n\\r\\n\\r\\n\\r\\n<XML><ERRORCODE>110</ERRORCODE><ERRORSTRING>没有正在举行的拍卖会，请注意拍卖公告！</ERRORSTRING><ERRORSTRING_EN>Auction is not begin!</ERRORSTRING_EN></XML>', 'status': 200}")
('2015-01-17 11:30:00.563107', '\r\n\r\n\r\n\r\n\r\n\r\n\r\n\r\n\r\n\r\n<XML><ERRORCODE>311</ERRORCODE><ERRORSTRING>图像校验码错误！</ERRORSTRING><ERRORSTRING_EN>Image checksum error！</ERRORSTRING_EN></XML>')
('2015-01-17 11:30:00.563169', "client 52545368 bid 2 fd_price ack error {'errcode': '311', 'errstring': '图像校验码错误！'}")
('2015-01-17 11:30:01.197456', '\r\n\r\n\r\n\r\n\r\n\r\n\r\n\r\n\r\n\r\n\r\n<XML><ERRORCODE>110</ERRORCODE><ERRORSTRING>没有正在举行的拍卖会，请注意拍卖公告！</ERRORSTRING><ERRORSTRING_EN>Auction is not begin!</ERRORSTRING_EN></XML>')
('2015-01-17 11:30:01.197583', "client 52587520 bid 2 fd_image ack error {'head': 'Connection: close\\nDate: Sat, 17 Jan 2015 03:30:00 GMT\\nServer: Microsoft-IIS/6.0\\nSet-Cookie: JSESSIONID=925C2E650164DD363A75BC06783F5EA9; Path=/car\\nContent-Type: text/html;charset=GBK\\nContent-Length: 178\\n\\n', 'body': '\\r\\n\\r\\n\\r\\n\\r\\n\\r\\n\\r\\n\\r\\n\\r\\n\\r\\n\\r\\n\\r\\n<XML><ERRORCODE>110</ERRORCODE><ERRORSTRING>没有正在举行的拍卖会，请注意拍卖公告！</ERRORSTRING><ERRORSTRING_EN>Auction is not begin!</ERRORSTRING_EN></XML>', 'status': 200}")
('2015-01-17 11:30:01.517530', '\r\n\r\n\r\n\r\n\r\n\r\n\r\n\r\n\r\n\r\n\r\n<XML><ERRORCODE>110</ERRORCODE><ERRORSTRING>没有正在举行的拍卖会，请注意拍卖公告！</ERRORSTRING><ERRORSTRING_EN>Auction is not begin!</ERRORSTRING_EN></XML>')
('2015-01-17 11:30:01.517658', "client 52477639 bid 2 fd_image ack error {'head': 'Connection: close\\nDate: Sat, 17 Jan 2015 03:30:00 GMT\\nServer: Microsoft-IIS/6.0\\nSet-Cookie: JSESSIONID=5EE99885503AEE4E12546D8EF98C904D; Path=/car\\nContent-Type: text/html;charset=GBK\\nContent-Length: 178\\n\\n', 'body': '\\r\\n\\r\\n\\r\\n\\r\\n\\r\\n\\r\\n\\r\\n\\r\\n\\r\\n\\r\\n\\r\\n<XML><ERRORCODE>110</ERRORCODE><ERRORSTRING>没有正在举行的拍卖会，请注意拍卖公告！</ERRORSTRING><ERRORSTRING_EN>Auction is not begin!</ERRORSTRING_EN></XML>', 'status': 200}")
('2015-01-17 11:30:01.757909', 'client 52545368 bid 2 fd_price info channel error')
('2015-01-17 11:30:02.637075', '\r\n\r\n\r\n\r\n\r\n\r\n\r\n\r\n\r\n\r\n\r\n<XML><ERRORCODE>110</ERRORCODE><ERRORSTRING>没有正在举行的拍卖会，请注意拍卖公告！</ERRORSTRING><ERRORSTRING_EN>Auction is not begin!</ERRORSTRING_EN></XML>')
('2015-01-17 11:30:02.637203', "client 52587520 bid 2 fd_image ack error {'head': 'Connection: close\\nDate: Sat, 17 Jan 2015 03:30:02 GMT\\nServer: Microsoft-IIS/6.0\\nSet-Cookie: JSESSIONID=3745025160EBE44DE2EFE0C4C6BDB558; Path=/car\\nContent-Type: text/html;charset=GBK\\nContent-Length: 178\\n\\n', 'body': '\\r\\n\\r\\n\\r\\n\\r\\n\\r\\n\\r\\n\\r\\n\\r\\n\\r\\n\\r\\n\\r\\n<XML><ERRORCODE>110</ERRORCODE><ERRORSTRING>没有正在举行的拍卖会，请注意拍卖公告！</ERRORSTRING><ERRORSTRING_EN>Auction is not begin!</ERRORSTRING_EN></XML>', 'status': 200}")
('2015-01-17 11:30:02.644524', '\r\n\r\n\r\n\r\n\r\n\r\n\r\n\r\n\r\n\r\n\r\n<XML><ERRORCODE>110</ERRORCODE><ERRORSTRING>没有正在举行的拍卖会，请注意拍卖公告！</ERRORSTRING><ERRORSTRING_EN>Auction is not begin!</ERRORSTRING_EN></XML>')
('2015-01-17 11:30:02.644651', "client 52500420 bid 2 fd_image ack error {'head': 'Connection: close\\nDate: Sat, 17 Jan 2015 03:30:02 GMT\\nServer: Microsoft-IIS/6.0\\nSet-Cookie: JSESSIONID=6E1459C2C473F27E4C195304165BB9A5; Path=/car\\nContent-Type: text/html;charset=GBK\\nContent-Length: 178\\n\\n', 'body': '\\r\\n\\r\\n\\r\\n\\r\\n\\r\\n\\r\\n\\r\\n\\r\\n\\r\\n\\r\\n\\r\\n<XML><ERRORCODE>110</ERRORCODE><ERRORSTRING>没有正在举行的拍卖会，请注意拍卖公告！</ERRORSTRING><ERRORSTRING_EN>Auction is not begin!</ERRORSTRING_EN></XML>', 'status': 200}")
('2015-01-17 11:30:02.854503', '\r\n\r\n\r\n\r\n\r\n\r\n\r\n\r\n\r\n\r\n\r\n<XML><ERRORCODE>101</ERRORCODE><ERRORSTRING>您的操作太过频繁，请稍后再试！</ERRORSTRING><ERRORSTRING_EN>Please try again slightly!</ERRORSTRING_EN></XML>')
('2015-01-17 11:30:02.854631', "client 52500420 bid 2 fd_image ack error {'head': 'Connection: close\\nDate: Sat, 17 Jan 2015 03:30:03 GMT\\nServer: Microsoft-IIS/6.0\\nSet-Cookie: JSESSIONID=635323EDCFE9D09812B83D1706546589; Path=/car\\nContent-Type: text/html;charset=GBK\\nContent-Length: 175\\n\\n', 'body': '\\r\\n\\r\\n\\r\\n\\r\\n\\r\\n\\r\\n\\r\\n\\r\\n\\r\\n\\r\\n\\r\\n<XML><ERRORCODE>101</ERRORCODE><ERRORSTRING>您的操作太过频繁，请稍后再试！</ERRORSTRING><ERRORSTRING_EN>Please try again slightly!</ERRORSTRING_EN></XML>', 'status': 200}")
('2015-01-17 11:30:03.318910', 'client 52514721 bid 2 fd_image Timeout')
('2015-01-17 11:30:03.754647', '\r\n\r\n\r\n\r\n\r\n\r\n\r\n\r\n\r\n\r\n\r\n<XML><ERRORCODE>110</ERRORCODE><ERRORSTRING>没有正在举行的拍卖会，请注意拍卖公告！</ERRORSTRING><ERRORSTRING_EN>Auction is not begin!</ERRORSTRING_EN></XML>')
('2015-01-17 11:30:03.754838', "client 52375332 bid 2 fd_image ack error {'head': 'Connection: close\\nDate: Sat, 17 Jan 2015 03:30:03 GMT\\nServer: Microsoft-IIS/6.0\\nSet-Cookie: JSESSIONID=0D77816AE8BBAE3ED00269CB8CD4FA06; Path=/car\\nContent-Type: text/html;charset=GBK\\nContent-Length: 178\\n\\n', 'body': '\\r\\n\\r\\n\\r\\n\\r\\n\\r\\n\\r\\n\\r\\n\\r\\n\\r\\n\\r\\n\\r\\n<XML><ERRORCODE>110</ERRORCODE><ERRORSTRING>没有正在举行的拍卖会，请注意拍卖公告！</ERRORSTRING><ERRORSTRING_EN>Auction is not begin!</ERRORSTRING_EN></XML>', 'status': 200}")
('2015-01-17 11:30:04.624285', '\r\n\r\n\r\n\r\n\r\n\r\n\r\n\r\n\r\n\r\n\r\n<XML><ERRORCODE>110</ERRORCODE><ERRORSTRING>没有正在举行的拍卖会，请注意拍卖公告！</ERRORSTRING><ERRORSTRING_EN>Auction is not begin!</ERRORSTRING_EN></XML>')
('2015-01-17 11:30:04.624419', "client 52477639 bid 2 fd_image ack error {'head': 'Connection: close\\nDate: Sat, 17 Jan 2015 03:30:04 GMT\\nServer: Microsoft-IIS/6.0\\nSet-Cookie: JSESSIONID=403A2929877C9F9EA07C80E95C2B12AB; Path=/car\\nContent-Type: text/html;charset=GBK\\nContent-Length: 178\\n\\n', 'body': '\\r\\n\\r\\n\\r\\n\\r\\n\\r\\n\\r\\n\\r\\n\\r\\n\\r\\n\\r\\n\\r\\n<XML><ERRORCODE>110</ERRORCODE><ERRORSTRING>没有正在举行的拍卖会，请注意拍卖公告！</ERRORSTRING><ERRORSTRING_EN>Auction is not begin!</ERRORSTRING_EN></XML>', 'status': 200}")
('2015-01-17 11:30:04.755793', '\r\n\r\n\r\n\r\n\r\n\r\n\r\n\r\n\r\n\r\n\r\n<XML><ERRORCODE>110</ERRORCODE><ERRORSTRING>没有正在举行的拍卖会，请注意拍卖公告！</ERRORSTRING><ERRORSTRING_EN>Auction is not begin!</ERRORSTRING_EN></XML>')
('2015-01-17 11:30:04.755921', "client 52514721 bid 2 fd_image ack error {'head': 'Connection: close\\nDate: Sat, 17 Jan 2015 03:30:04 GMT\\nServer: Microsoft-IIS/6.0\\nSet-Cookie: JSESSIONID=775611BC7AC488156C5A7A159159F817; Path=/car\\nContent-Type: text/html;charset=GBK\\nContent-Length: 178\\n\\n', 'body': '\\r\\n\\r\\n\\r\\n\\r\\n\\r\\n\\r\\n\\r\\n\\r\\n\\r\\n\\r\\n\\r\\n<XML><ERRORCODE>110</ERRORCODE><ERRORSTRING>没有正在举行的拍卖会，请注意拍卖公告！</ERRORSTRING><ERRORSTRING_EN>Auction is not begin!</ERRORSTRING_EN></XML>', 'status': 200}")
('2015-01-17 11:30:05.635112', '\r\n\r\n\r\n\r\n\r\n\r\n\r\n\r\n\r\n\r\n\r\n<XML><ERRORCODE>110</ERRORCODE><ERRORSTRING>没有正在举行的拍卖会，请注意拍卖公告！</ERRORSTRING><ERRORSTRING_EN>Auction is not begin!</ERRORSTRING_EN></XML>')
('2015-01-17 11:30:05.635240', "client 52587520 bid 2 fd_image ack error {'head': 'Connection: close\\nDate: Sat, 17 Jan 2015 03:30:05 GMT\\nServer: Microsoft-IIS/6.0\\nSet-Cookie: JSESSIONID=8A8E99FEA7693DA1DEC93284D3DB4A64; Path=/car\\nContent-Type: text/html;charset=GBK\\nContent-Length: 178\\n\\n', 'body': '\\r\\n\\r\\n\\r\\n\\r\\n\\r\\n\\r\\n\\r\\n\\r\\n\\r\\n\\r\\n\\r\\n<XML><ERRORCODE>110</ERRORCODE><ERRORSTRING>没有正在举行的拍卖会，请注意拍卖公告！</ERRORSTRING><ERRORSTRING_EN>Auction is not begin!</ERRORSTRING_EN></XML>', 'status': 200}")
('2015-01-17 11:30:06.942692', '\r\n\r\n\r\n\r\n\r\n\r\n\r\n\r\n\r\n\r\n\r\n<XML><ERRORCODE>110</ERRORCODE><ERRORSTRING>没有正在举行的拍卖会，请注意拍卖公告！</ERRORSTRING><ERRORSTRING_EN>Auction is not begin!</ERRORSTRING_EN></XML>')
('2015-01-17 11:30:06.942820', "client 52514721 bid 2 fd_image ack error {'head': 'Connection: close\\nDate: Sat, 17 Jan 2015 03:30:07 GMT\\nServer: Microsoft-IIS/6.0\\nSet-Cookie: JSESSIONID=F44CFDE9A43C85D90ED0A68C745000E4; Path=/car\\nContent-Type: text/html;charset=GBK\\nContent-Length: 178\\n\\n', 'body': '\\r\\n\\r\\n\\r\\n\\r\\n\\r\\n\\r\\n\\r\\n\\r\\n\\r\\n\\r\\n\\r\\n<XML><ERRORCODE>110</ERRORCODE><ERRORSTRING>没有正在举行的拍卖会，请注意拍卖公告！</ERRORSTRING><ERRORSTRING_EN>Auction is not begin!</ERRORSTRING_EN></XML>', 'status': 200}")
('2015-01-17 11:30:12.651791', 'client 52500420 bid 2 fd_image Timeout')
('2015-01-17 11:30:54.797205', 'client 52273399 bid 1 fd_image info channel error')
('2015-01-17 11:30:54.798165', 'client 52477639 bid 1 fd_image info channel error')
