('2015-01-17 09:36:37.189692', 'worker [4] started')
('2015-01-17 09:36:37.189827', 'client 9 initted')
('2015-01-17 09:36:37.508536', 'put_channel : channel login, group 1, time 2015-01-17 09:36:37.508442')
('2015-01-17 09:36:37.515999', 'fd_channel : login[0] 0 login[1] 0 , tb0[0] 0 tb0[1] 0 , tb1[0] 0 tb1[1] 0')
('2015-01-17 09:36:37.517225', 'put_channel : channel login, group 0, time 2015-01-17 09:36:37.517135')
('2015-01-17 09:36:37.783647', 'fd_channel : login[0] 0 login[1] 0 , tb0[0] 0 tb0[1] 0 , tb1[0] 0 tb1[1] 0')
('2015-01-17 09:36:39.008362', 'put_channel : channel login, group 1, time 2015-01-17 09:36:39.008221')
('2015-01-17 09:36:39.009123', 'fd_channel : login[0] 0 login[1] 0 , tb0[0] 0 tb0[1] 0 , tb1[0] 0 tb1[1] 0')
('2015-01-17 09:36:39.012977', 'put_channel : channel login, group 0, time 2015-01-17 09:36:39.012889')
('2015-01-17 09:36:39.286224', 'fd_channel : login[0] 0 login[1] 0 , tb0[0] 0 tb0[1] 0 , tb1[0] 0 tb1[1] 0')
('2015-01-17 09:36:40.508546', 'put_channel : channel login, group 1, time 2015-01-17 09:36:40.508442')
('2015-01-17 09:36:40.509390', 'fd_channel : login[0] 0 login[1] 0 , tb0[0] 0 tb0[1] 0 , tb1[0] 0 tb1[1] 0')
('2015-01-17 09:36:40.514333', 'put_channel : channel login, group 0, time 2015-01-17 09:36:40.514245')
('2015-01-17 09:36:40.789474', 'fd_channel : login[0] 0 login[1] 0 , tb0[0] 0 tb0[1] 0 , tb1[0] 0 tb1[1] 0')
('2015-01-17 09:36:42.009931', 'put_channel : channel login, group 1, time 2015-01-17 09:36:42.009818')
('2015-01-17 09:36:42.010322', 'put_channel : channel login, group 0, time 2015-01-17 09:36:42.010233')
('2015-01-17 09:36:42.011068', 'fd_channel : login[0] 1 login[1] 0 , tb0[0] 0 tb0[1] 0 , tb1[0] 0 tb1[1] 0')
('2015-01-17 09:36:42.291901', 'fd_channel : login[0] 0 login[1] 0 , tb0[0] 0 tb0[1] 0 , tb1[0] 0 tb1[1] 0')
('2015-01-17 09:36:43.510246', 'put_channel : channel login, group 1, time 2015-01-17 09:36:43.510113')
('2015-01-17 09:36:43.510891', 'fd_channel : login[0] 0 login[1] 0 , tb0[0] 0 tb0[1] 0 , tb1[0] 0 tb1[1] 0')
('2015-01-17 09:36:43.512096', 'put_channel : channel login, group 0, time 2015-01-17 09:36:43.512012')
('2015-01-17 10:32:33.010431', 'put_channel : channel tb0, group 1, time 2015-01-17 10:32:33.010200')
('2015-01-17 10:32:34.507526', 'put_channel : channel tb0, group 1, time 2015-01-17 10:32:34.507420')
('2015-01-17 10:32:36.009535', 'put_channel : channel tb0, group 1, time 2015-01-17 10:32:36.009434')
('2015-01-17 10:32:37.511503', 'put_channel : channel tb0, group 0, time 2015-01-17 10:32:37.511401')
('2015-01-17 10:32:37.512429', 'put_channel : channel tb0, group 0, time 2015-01-17 10:32:37.512343')
('2015-01-17 10:32:38.505766', 'put_channel : channel tb0, group 1, time 2015-01-17 10:32:38.505673')
('2015-01-17 10:32:39.007252', 'put_channel : channel tb0, group 1, time 2015-01-17 10:32:39.007160')
('2015-01-17 10:32:40.053091', 'put_channel : channel tb0, group 0, time 2015-01-17 10:32:40.052997')
('2015-01-17 10:32:40.508404', 'put_channel : channel tb0, group 1, time 2015-01-17 10:32:40.508307')
('2015-01-17 10:32:40.510264', 'put_channel : channel tb0, group 0, time 2015-01-17 10:32:40.510177')
('2015-01-17 10:32:42.007990', 'put_channel : channel tb0, group 1, time 2015-01-17 10:32:42.007894')
('2015-01-17 10:32:43.509690', 'put_channel : channel tb0, group 1, time 2015-01-17 10:32:43.509592')
('2015-01-17 10:32:43.510501', 'put_channel : channel tb0, group 0, time 2015-01-17 10:32:43.510415')
('2015-01-17 10:32:45.006416', 'put_channel : channel tb0, group 1, time 2015-01-17 10:32:45.006341')
('2015-01-17 10:32:46.509667', 'put_channel : channel tb0, group 1, time 2015-01-17 10:32:46.509566')
('2015-01-17 10:32:46.512768', 'put_channel : channel tb0, group 0, time 2015-01-17 10:32:46.512682')
('2015-01-17 10:32:48.008009', 'put_channel : channel tb0, group 1, time 2015-01-17 10:32:48.007915')
('2015-01-17 10:32:48.074606', 'put_channel : channel tb0, group 0, time 2015-01-17 10:32:48.074514')
('2015-01-17 10:32:49.508261', 'put_channel : channel tb0, group 1, time 2015-01-17 10:32:49.508099')
('2015-01-17 10:32:49.512836', 'put_channel : channel tb0, group 0, time 2015-01-17 10:32:49.512746')
('2015-01-17 10:32:51.007752', 'put_channel : channel tb0, group 1, time 2015-01-17 10:32:51.007654')
('2015-01-17 10:32:51.047768', 'put_channel : channel tb0, group 0, time 2015-01-17 10:32:51.047675')
('2015-01-17 10:32:52.508400', 'put_channel : channel tb0, group 1, time 2015-01-17 10:32:52.508299')
('2015-01-17 10:32:52.510199', 'put_channel : channel tb0, group 0, time 2015-01-17 10:32:52.510107')
('2015-01-17 10:32:54.007807', 'put_channel : channel tb0, group 1, time 2015-01-17 10:32:54.007715')
('2015-01-17 10:32:55.509666', 'put_channel : channel tb0, group 1, time 2015-01-17 10:32:55.509570')
('2015-01-17 10:32:57.009292', 'put_channel : channel tb0, group 1, time 2015-01-17 10:32:57.009198')
('2015-01-17 10:32:58.507936', 'put_channel : channel tb0, group 1, time 2015-01-17 10:32:58.507842')
('2015-01-17 10:33:00.008433', 'put_channel : channel tb0, group 1, time 2015-01-17 10:33:00.008338')
('2015-01-17 10:33:00.130126', 'put_channel : channel tb0, group 0, time 2015-01-17 10:33:00.130074')
('2015-01-17 10:33:01.507893', 'put_channel : channel tb0, group 1, time 2015-01-17 10:33:01.507768')
('2015-01-17 10:33:03.008355', 'put_channel : channel tb0, group 1, time 2015-01-17 10:33:03.008254')
('2015-01-17 10:33:04.508091', 'put_channel : channel tb0, group 1, time 2015-01-17 10:33:04.507987')
('2015-01-17 10:33:06.007961', 'put_channel : channel tb0, group 1, time 2015-01-17 10:33:06.007863')
('2015-01-17 10:33:07.507509', 'put_channel : channel tb0, group 1, time 2015-01-17 10:33:07.507408')
('2015-01-17 10:33:09.010083', 'put_channel : channel tb0, group 1, time 2015-01-17 10:33:09.009983')
('2015-01-17 10:33:10.508027', 'put_channel : channel tb0, group 1, time 2015-01-17 10:33:10.507930')
('2015-01-17 10:33:12.009792', 'put_channel : channel tb0, group 1, time 2015-01-17 10:33:12.009690')
('2015-01-17 10:33:13.509877', 'put_channel : channel tb0, group 1, time 2015-01-17 10:33:13.509781')
('2015-01-17 10:33:15.006729', 'put_channel : channel tb0, group 1, time 2015-01-17 10:33:15.006653')
('2015-01-17 10:33:16.508112', 'put_channel : channel tb0, group 1, time 2015-01-17 10:33:16.508017')
('2015-01-17 10:33:48.041936', 'put_channel : channel tb0, group 1, time 2015-01-17 10:33:48.041789')
('2015-01-17 10:33:49.009975', 'put_channel : channel tb0, group 1, time 2015-01-17 10:33:49.009857')
('2015-01-17 10:33:49.016299', 'put_channel : channel tb0, group 1, time 2015-01-17 10:33:49.016206')
('2015-01-17 10:33:49.081710', 'put_channel : channel tb0, group 1, time 2015-01-17 10:33:49.081620')
('2015-01-17 10:33:49.508069', 'put_channel : channel tb0, group 1, time 2015-01-17 10:33:49.507977')
('2015-01-17 10:33:49.513861', 'put_channel : channel tb0, group 1, time 2015-01-17 10:33:49.513773')
('2015-01-17 10:33:49.528303', 'put_channel : channel tb0, group 1, time 2015-01-17 10:33:49.528211')
('2015-01-17 10:33:50.521898', 'put_channel : channel tb0, group 1, time 2015-01-17 10:33:50.521795')
('2015-01-17 10:33:50.553870', 'put_channel : channel tb0, group 1, time 2015-01-17 10:33:50.553782')
('2015-01-17 10:33:51.009673', 'put_channel : channel tb0, group 1, time 2015-01-17 10:33:51.009576')
('2015-01-17 10:33:51.033988', 'put_channel : channel tb0, group 1, time 2015-01-17 10:33:51.033898')
('2015-01-17 10:33:52.017862', 'put_channel : channel tb0, group 1, time 2015-01-17 10:33:52.017751')
('2015-01-17 10:33:52.088240', 'put_channel : channel tb0, group 1, time 2015-01-17 10:33:52.088100')
('2015-01-17 10:33:52.509731', 'put_channel : channel tb0, group 1, time 2015-01-17 10:33:52.509639')
('2015-01-17 10:33:52.537934', 'put_channel : channel tb0, group 1, time 2015-01-17 10:33:52.537846')
('2015-01-17 10:33:53.560571', 'put_channel : channel tb0, group 1, time 2015-01-17 10:33:53.560474')
('2015-01-17 10:33:54.008243', 'put_channel : channel tb0, group 1, time 2015-01-17 10:33:54.008100')
('2015-01-17 10:34:02.411896', 'fd_channel : login[0] 1 login[1] 0 , tb0[0] 11 tb0[1] 46 , tb1[0] 0 tb1[1] 0')
('2015-01-17 10:34:02.413854', 'fd_channel : login[0] 1 login[1] 0 , tb0[0] 11 tb0[1] 45 , tb1[0] 0 tb1[1] 0')
('2015-01-17 10:34:02.415609', 'fd_channel : login[0] 1 login[1] 0 , tb0[0] 11 tb0[1] 44 , tb1[0] 0 tb1[1] 0')
('2015-01-17 10:34:02.417693', 'fd_channel : login[0] 1 login[1] 0 , tb0[0] 11 tb0[1] 43 , tb1[0] 0 tb1[1] 0')
('2015-01-17 10:34:02.421159', 'fd_channel : login[0] 1 login[1] 0 , tb0[0] 11 tb0[1] 42 , tb1[0] 0 tb1[1] 0')
('2015-01-17 10:34:02.423150', 'fd_channel : login[0] 1 login[1] 0 , tb0[0] 11 tb0[1] 41 , tb1[0] 0 tb1[1] 0')
('2015-01-17 10:34:02.425889', 'fd_channel : login[0] 1 login[1] 0 , tb0[0] 11 tb0[1] 40 , tb1[0] 0 tb1[1] 0')
('2015-01-17 10:34:02.427838', 'fd_channel : login[0] 1 login[1] 0 , tb0[0] 11 tb0[1] 39 , tb1[0] 0 tb1[1] 0')
('2015-01-17 10:34:02.429980', 'fd_channel : login[0] 1 login[1] 0 , tb0[0] 11 tb0[1] 38 , tb1[0] 0 tb1[1] 0')
('2015-01-17 10:34:22.424330', 'fd_channel : login[0] 1 login[1] 0 , tb0[0] 11 tb0[1] 37 , tb1[0] 0 tb1[1] 0')
('2015-01-17 10:34:22.426319', 'fd_channel : login[0] 1 login[1] 0 , tb0[0] 11 tb0[1] 36 , tb1[0] 0 tb1[1] 0')
('2015-01-17 10:34:22.429741', 'fd_channel : login[0] 1 login[1] 0 , tb0[0] 11 tb0[1] 35 , tb1[0] 0 tb1[1] 0')
('2015-01-17 10:34:22.432976', 'fd_channel : login[0] 1 login[1] 0 , tb0[0] 11 tb0[1] 34 , tb1[0] 0 tb1[1] 0')
('2015-01-17 10:34:22.435782', 'fd_channel : login[0] 1 login[1] 0 , tb0[0] 11 tb0[1] 33 , tb1[0] 0 tb1[1] 0')
('2015-01-17 10:34:22.438009', 'fd_channel : login[0] 1 login[1] 0 , tb0[0] 11 tb0[1] 32 , tb1[0] 0 tb1[1] 0')
('2015-01-17 10:34:22.441144', 'fd_channel : login[0] 1 login[1] 0 , tb0[0] 11 tb0[1] 31 , tb1[0] 0 tb1[1] 0')
('2015-01-17 10:34:22.442800', 'fd_channel : login[0] 1 login[1] 0 , tb0[0] 11 tb0[1] 30 , tb1[0] 0 tb1[1] 0')
('2015-01-17 10:34:22.444263', 'fd_channel : login[0] 1 login[1] 0 , tb0[0] 11 tb0[1] 29 , tb1[0] 0 tb1[1] 0')
('2015-01-17 10:34:25.006037', 'put_channel : channel tb0, group 1, time 2015-01-17 10:34:25.005923')
('2015-01-17 10:34:25.016627', 'put_channel : channel tb0, group 1, time 2015-01-17 10:34:25.016536')
('2015-01-17 10:34:25.508058', 'put_channel : channel tb0, group 1, time 2015-01-17 10:34:25.507966')
('2015-01-17 10:34:25.523932', 'put_channel : channel tb0, group 1, time 2015-01-17 10:34:25.523854')
('2015-01-17 10:34:25.544038', 'put_channel : channel tb0, group 1, time 2015-01-17 10:34:25.543954')
('2015-01-17 10:34:26.520058', 'put_channel : channel tb0, group 1, time 2015-01-17 10:34:26.519965')
('2015-01-17 10:34:26.585650', 'put_channel : channel tb0, group 1, time 2015-01-17 10:34:26.585561')
('2015-01-17 10:34:27.007598', 'put_channel : channel tb0, group 1, time 2015-01-17 10:34:27.007506')
('2015-01-17 10:34:27.031828', 'put_channel : channel tb0, group 1, time 2015-01-17 10:34:27.031740')
('2015-01-17 10:34:27.161616', 'put_channel : channel tb0, group 1, time 2015-01-17 10:34:27.161526')
('2015-01-17 10:34:28.016365', 'put_channel : channel tb0, group 1, time 2015-01-17 10:34:28.016271')
('2015-01-17 10:34:28.057804', 'put_channel : channel tb0, group 1, time 2015-01-17 10:34:28.057715')
('2015-01-17 10:34:28.507645', 'put_channel : channel tb0, group 1, time 2015-01-17 10:34:28.507554')
('2015-01-17 10:34:30.631008', 'fd_channel : login[0] 1 login[1] 0 , tb0[0] 10 tb0[1] 42 , tb1[0] 0 tb1[1] 0')
('2015-01-17 10:34:30.633223', 'fd_channel : login[0] 1 login[1] 0 , tb0[0] 10 tb0[1] 41 , tb1[0] 0 tb1[1] 0')
('2015-01-17 10:34:32.636587', 'fd_channel : login[0] 1 login[1] 0 , tb0[0] 9 tb0[1] 40 , tb1[0] 0 tb1[1] 0')
('2015-01-17 10:34:32.638310', 'fd_channel : login[0] 1 login[1] 0 , tb0[0] 8 tb0[1] 40 , tb1[0] 0 tb1[1] 0')
('2015-01-17 10:34:34.119427', 'fd_channel : login[0] 1 login[1] 0 , tb0[0] 7 tb0[1] 40 , tb1[0] 0 tb1[1] 0')
('2015-01-17 10:34:34.121411', 'fd_channel : login[0] 1 login[1] 0 , tb0[0] 7 tb0[1] 39 , tb1[0] 0 tb1[1] 0')
('2015-01-17 10:34:34.445263', 'fd_channel : login[0] 1 login[1] 0 , tb0[0] 6 tb0[1] 39 , tb1[0] 0 tb1[1] 0')
('2015-01-17 10:34:34.446816', 'fd_channel : login[0] 1 login[1] 0 , tb0[0] 6 tb0[1] 38 , tb1[0] 0 tb1[1] 0')
('2015-01-17 10:34:35.632891', 'fd_channel : login[0] 1 login[1] 0 , tb0[0] 5 tb0[1] 38 , tb1[0] 0 tb1[1] 0')
('2015-01-17 10:34:35.634704', 'fd_channel : login[0] 1 login[1] 0 , tb0[0] 5 tb0[1] 37 , tb1[0] 0 tb1[1] 0')
('2015-01-17 10:34:35.690564', 'fd_channel : login[0] 1 login[1] 0 , tb0[0] 4 tb0[1] 37 , tb1[0] 0 tb1[1] 0')
('2015-01-17 10:34:35.692508', 'fd_channel : login[0] 1 login[1] 0 , tb0[0] 4 tb0[1] 36 , tb1[0] 0 tb1[1] 0')
('2015-01-17 10:34:36.123974', 'fd_channel : login[0] 1 login[1] 0 , tb0[0] 3 tb0[1] 36 , tb1[0] 0 tb1[1] 0')
('2015-01-17 10:34:36.127146', 'fd_channel : login[0] 1 login[1] 0 , tb0[0] 3 tb0[1] 35 , tb1[0] 0 tb1[1] 0')
('2015-01-17 10:34:36.449320', 'fd_channel : login[0] 1 login[1] 0 , tb0[0] 2 tb0[1] 35 , tb1[0] 0 tb1[1] 0')
('2015-01-17 10:34:36.451019', 'fd_channel : login[0] 1 login[1] 0 , tb0[0] 2 tb0[1] 34 , tb1[0] 0 tb1[1] 0')
('2015-01-17 10:34:37.637198', 'fd_channel : login[0] 1 login[1] 0 , tb0[0] 1 tb0[1] 34 , tb1[0] 0 tb1[1] 0')
('2015-01-17 10:34:37.638918', 'fd_channel : login[0] 1 login[1] 0 , tb0[0] 1 tb0[1] 33 , tb1[0] 0 tb1[1] 0')
('2015-01-17 10:34:37.694960', 'fd_channel : login[0] 1 login[1] 0 , tb0[0] 0 tb0[1] 33 , tb1[0] 0 tb1[1] 0')
('2015-01-17 10:34:37.697015', 'fd_channel : login[0] 1 login[1] 0 , tb0[0] 0 tb0[1] 32 , tb1[0] 0 tb1[1] 0')
('2015-01-17 10:34:39.213508', 'fd_channel : login[0] 1 login[1] 0 , tb0[0] 0 tb0[1] 31 , tb1[0] 0 tb1[1] 0')
('2015-01-17 10:34:39.951839', 'fd_channel : login[0] 1 login[1] 0 , tb0[0] 0 tb0[1] 30 , tb1[0] 0 tb1[1] 0')
('2015-01-17 10:34:40.415178', 'fd_channel : login[0] 1 login[1] 0 , tb0[0] 0 tb0[1] 30 , tb1[0] 0 tb1[1] 0')
('2015-01-17 10:34:41.152803', 'fd_channel : login[0] 1 login[1] 0 , tb0[0] 0 tb0[1] 30 , tb1[0] 0 tb1[1] 0')
('2015-01-17 10:34:41.216485', 'fd_channel : login[0] 1 login[1] 0 , tb0[0] 0 tb0[1] 29 , tb1[0] 0 tb1[1] 0')
('2015-01-17 10:34:41.955801', 'fd_channel : login[0] 1 login[1] 0 , tb0[0] 0 tb0[1] 28 , tb1[0] 0 tb1[1] 0')
('2015-01-17 10:34:42.265623', 'fd_channel : login[0] 1 login[1] 0 , tb0[0] 0 tb0[1] 27 , tb1[0] 0 tb1[1] 0')
('2015-01-17 10:34:42.417470', 'fd_channel : login[0] 1 login[1] 0 , tb0[0] 0 tb0[1] 27 , tb1[0] 0 tb1[1] 0')
('2015-01-17 10:34:43.156776', 'fd_channel : login[0] 1 login[1] 0 , tb0[0] 0 tb0[1] 27 , tb1[0] 0 tb1[1] 0')
('2015-01-17 10:34:43.466151', 'fd_channel : login[0] 1 login[1] 0 , tb0[0] 0 tb0[1] 27 , tb1[0] 0 tb1[1] 0')
('2015-01-17 10:34:44.268465', 'fd_channel : login[0] 1 login[1] 0 , tb0[0] 0 tb0[1] 26 , tb1[0] 0 tb1[1] 0')
('2015-01-17 10:34:45.469418', 'fd_channel : login[0] 1 login[1] 0 , tb0[0] 0 tb0[1] 26 , tb1[0] 0 tb1[1] 0')
('2015-01-17 10:34:55.330108', 'fd_channel : login[0] 1 login[1] 0 , tb0[0] 0 tb0[1] 25 , tb1[0] 0 tb1[1] 0')
('2015-01-17 10:34:56.530717', 'fd_channel : login[0] 1 login[1] 0 , tb0[0] 0 tb0[1] 25 , tb1[0] 0 tb1[1] 0')
('2015-01-17 10:34:57.333030', 'fd_channel : login[0] 1 login[1] 0 , tb0[0] 0 tb0[1] 24 , tb1[0] 0 tb1[1] 0')
('2015-01-17 10:34:58.533981', 'fd_channel : login[0] 1 login[1] 0 , tb0[0] 0 tb0[1] 24 , tb1[0] 0 tb1[1] 0')
('2015-01-17 10:35:01.080311', 'put_channel : channel tb0, group 1, time 2015-01-17 10:35:01.080220')
('2015-01-17 10:35:01.507784', 'put_channel : channel tb0, group 1, time 2015-01-17 10:35:01.507695')
('2015-01-17 10:35:01.592067', 'put_channel : channel tb0, group 1, time 2015-01-17 10:35:01.591978')
('2015-01-17 10:35:02.552055', 'put_channel : channel tb0, group 1, time 2015-01-17 10:35:02.551954')
('2015-01-17 10:35:03.009240', 'put_channel : channel tb0, group 1, time 2015-01-17 10:35:03.009151')
('2015-01-17 10:35:03.129586', 'put_channel : channel tb0, group 1, time 2015-01-17 10:35:03.129497')
('2015-01-17 10:35:04.089541', 'put_channel : channel tb0, group 1, time 2015-01-17 10:35:04.089450')
('2015-01-17 10:35:04.509125', 'put_channel : channel tb0, group 1, time 2015-01-17 10:35:04.509037')
('2015-01-17 10:35:04.639468', 'fd_channel : login[0] 1 login[1] 0 , tb0[0] 0 tb0[1] 31 , tb1[0] 0 tb1[1] 0')
('2015-01-17 10:35:04.665744', 'put_channel : channel tb0, group 1, time 2015-01-17 10:35:04.665656')
('2015-01-17 10:35:05.561642', 'put_channel : channel tb0, group 1, time 2015-01-17 10:35:05.561554')
('2015-01-17 10:35:06.008008', 'put_channel : channel tb0, group 1, time 2015-01-17 10:35:06.007919')
('2015-01-17 10:35:06.136027', 'put_channel : channel tb0, group 1, time 2015-01-17 10:35:06.135939')
('2015-01-17 10:35:07.065612', 'put_channel : channel tb0, group 1, time 2015-01-17 10:35:07.065519')
('2015-01-17 10:35:07.507999', 'put_channel : channel tb0, group 1, time 2015-01-17 10:35:07.507911')
('2015-01-17 10:35:07.608132', 'put_channel : channel tb0, group 1, time 2015-01-17 10:35:07.608044')
('2015-01-17 10:35:08.130029', 'fd_channel : login[0] 1 login[1] 0 , tb0[0] 0 tb0[1] 37 , tb1[0] 0 tb1[1] 0')
('2015-01-17 10:35:08.453627', 'fd_channel : login[0] 1 login[1] 0 , tb0[0] 0 tb0[1] 36 , tb1[0] 0 tb1[1] 0')
('2015-01-17 10:35:08.568111', 'put_channel : channel tb0, group 1, time 2015-01-17 10:35:08.568023')
('2015-01-17 10:35:09.641811', 'fd_channel : login[0] 1 login[1] 0 , tb0[0] 0 tb0[1] 36 , tb1[0] 0 tb1[1] 0')
('2015-01-17 10:35:09.699763', 'fd_channel : login[0] 1 login[1] 0 , tb0[0] 0 tb0[1] 35 , tb1[0] 0 tb1[1] 0')
('2015-01-17 10:35:13.219393', 'fd_channel : login[0] 1 login[1] 0 , tb0[0] 0 tb0[1] 34 , tb1[0] 0 tb1[1] 0')
('2015-01-17 10:35:13.959956', 'fd_channel : login[0] 1 login[1] 0 , tb0[0] 0 tb0[1] 33 , tb1[0] 0 tb1[1] 0')
('2015-01-17 10:35:15.871300', 'fd_channel : login[0] 1 login[1] 0 , tb0[0] 0 tb0[1] 32 , tb1[0] 0 tb1[1] 0')
('2015-01-17 10:35:16.271339', 'fd_channel : login[0] 1 login[1] 0 , tb0[0] 0 tb0[1] 31 , tb1[0] 0 tb1[1] 0')
('2015-01-17 10:35:17.072819', 'fd_channel : login[0] 1 login[1] 0 , tb0[0] 0 tb0[1] 31 , tb1[0] 0 tb1[1] 0')
('2015-01-17 10:35:17.874349', 'fd_channel : login[0] 1 login[1] 0 , tb0[0] 0 tb0[1] 30 , tb1[0] 0 tb1[1] 0')
('2015-01-17 10:35:19.075500', 'fd_channel : login[0] 1 login[1] 0 , tb0[0] 0 tb0[1] 30 , tb1[0] 0 tb1[1] 0')
('2015-01-17 10:35:19.282570', 'fd_channel : login[0] 1 login[1] 0 , tb0[0] 0 tb0[1] 29 , tb1[0] 0 tb1[1] 0')
('2015-01-17 10:35:20.483613', 'fd_channel : login[0] 1 login[1] 0 , tb0[0] 0 tb0[1] 29 , tb1[0] 0 tb1[1] 0')
('2015-01-17 10:35:21.286088', 'fd_channel : login[0] 1 login[1] 0 , tb0[0] 0 tb0[1] 28 , tb1[0] 0 tb1[1] 0')
('2015-01-17 10:35:22.487026', 'fd_channel : login[0] 1 login[1] 0 , tb0[0] 0 tb0[1] 28 , tb1[0] 0 tb1[1] 0')
('2015-01-17 10:35:29.335754', 'fd_channel : login[0] 1 login[1] 0 , tb0[0] 0 tb0[1] 27 , tb1[0] 0 tb1[1] 0')
('2015-01-17 10:35:29.644199', 'fd_channel : login[0] 1 login[1] 0 , tb0[0] 0 tb0[1] 26 , tb1[0] 0 tb1[1] 0')
('2015-01-17 10:35:29.702255', 'fd_channel : login[0] 1 login[1] 0 , tb0[0] 0 tb0[1] 25 , tb1[0] 0 tb1[1] 0')
('2015-01-17 10:35:33.222147', 'fd_channel : login[0] 1 login[1] 0 , tb0[0] 0 tb0[1] 24 , tb1[0] 0 tb1[1] 0')
('2015-01-17 10:35:33.962939', 'fd_channel : login[0] 1 login[1] 0 , tb0[0] 0 tb0[1] 23 , tb1[0] 0 tb1[1] 0')
('2015-01-17 10:35:34.775081', 'fd_channel : login[0] 1 login[1] 0 , tb0[0] 0 tb0[1] 22 , tb1[0] 0 tb1[1] 0')
('2015-01-17 10:35:35.976096', 'fd_channel : login[0] 1 login[1] 0 , tb0[0] 0 tb0[1] 22 , tb1[0] 0 tb1[1] 0')
('2015-01-17 10:35:36.273759', 'fd_channel : login[0] 1 login[1] 0 , tb0[0] 0 tb0[1] 21 , tb1[0] 0 tb1[1] 0')
('2015-01-17 10:35:36.778123', 'fd_channel : login[0] 1 login[1] 0 , tb0[0] 0 tb0[1] 20 , tb1[0] 0 tb1[1] 0')
('2015-01-17 10:35:37.979200', 'fd_channel : login[0] 1 login[1] 0 , tb0[0] 0 tb0[1] 20 , tb1[0] 0 tb1[1] 0')
('2015-01-17 10:35:39.032459', 'put_channel : channel tb0, group 1, time 2015-01-17 10:35:39.032371')
('2015-01-17 10:35:40.005959', 'put_channel : channel tb0, group 1, time 2015-01-17 10:35:40.005870')
('2015-01-17 10:35:40.024219', 'put_channel : channel tb0, group 1, time 2015-01-17 10:35:40.024089')
('2015-01-17 10:35:40.056086', 'put_channel : channel tb0, group 1, time 2015-01-17 10:35:40.055996')
('2015-01-17 10:35:40.297421', 'fd_channel : login[0] 1 login[1] 0 , tb0[0] 0 tb0[1] 23 , tb1[0] 0 tb1[1] 0')
('2015-01-17 10:35:40.505363', 'put_channel : channel tb0, group 1, time 2015-01-17 10:35:40.505307')
('2015-01-17 10:35:40.511315', 'put_channel : channel tb0, group 1, time 2015-01-17 10:35:40.511265')
('2015-01-17 10:35:40.535532', 'put_channel : channel tb0, group 1, time 2015-01-17 10:35:40.535482')
('2015-01-17 10:35:41.514086', 'put_channel : channel tb0, group 1, time 2015-01-17 10:35:41.513964')
('2015-01-17 10:35:41.561799', 'put_channel : channel tb0, group 1, time 2015-01-17 10:35:41.561708')
('2015-01-17 10:35:42.007720', 'put_channel : channel tb0, group 1, time 2015-01-17 10:35:42.007629')
('2015-01-17 10:35:42.188642', 'put_channel : channel tb0, group 1, time 2015-01-17 10:35:42.188553')
('2015-01-17 10:35:43.016131', 'put_channel : channel tb0, group 1, time 2015-01-17 10:35:43.016043')
('2015-01-17 10:35:43.065761', 'put_channel : channel tb0, group 1, time 2015-01-17 10:35:43.065651')
('2015-01-17 10:35:43.507378', 'put_channel : channel tb0, group 1, time 2015-01-17 10:35:43.507288')
('2015-01-17 10:35:46.578451', 'fd_channel : login[0] 1 login[1] 0 , tb0[0] 0 tb0[1] 32 , tb1[0] 0 tb1[1] 0')
('2015-01-17 10:35:47.779082', 'fd_channel : login[0] 1 login[1] 0 , tb0[0] 0 tb0[1] 32 , tb1[0] 0 tb1[1] 0')
('2015-01-17 10:35:48.581429', 'fd_channel : login[0] 1 login[1] 0 , tb0[0] 0 tb0[1] 31 , tb1[0] 0 tb1[1] 0')
('2015-01-17 10:35:49.782492', 'fd_channel : login[0] 1 login[1] 0 , tb0[0] 0 tb0[1] 31 , tb1[0] 0 tb1[1] 0')
('2015-01-17 10:35:52.814991', 'fd_channel : login[0] 1 login[1] 0 , tb0[0] 0 tb0[1] 30 , tb1[0] 0 tb1[1] 0')
('2015-01-17 10:35:53.288934', 'fd_channel : login[0] 1 login[1] 0 , tb0[0] 0 tb0[1] 29 , tb1[0] 0 tb1[1] 0')
('2015-01-17 10:35:54.015982', 'fd_channel : login[0] 1 login[1] 0 , tb0[0] 0 tb0[1] 29 , tb1[0] 0 tb1[1] 0')
('2015-01-17 10:35:54.819139', 'fd_channel : login[0] 1 login[1] 0 , tb0[0] 0 tb0[1] 28 , tb1[0] 0 tb1[1] 0')
('2015-01-17 10:35:56.020254', 'fd_channel : login[0] 1 login[1] 0 , tb0[0] 0 tb0[1] 28 , tb1[0] 0 tb1[1] 0')
('2015-01-17 10:35:58.203009', 'fd_channel : login[0] 1 login[1] 0 , tb0[0] 0 tb0[1] 27 , tb1[0] 0 tb1[1] 0')
('2015-01-17 10:35:59.405252', 'fd_channel : login[0] 1 login[1] 0 , tb0[0] 0 tb0[1] 27 , tb1[0] 0 tb1[1] 0')
('2015-01-17 10:35:59.583014', 'fd_channel : login[0] 1 login[1] 0 , tb0[0] 0 tb0[1] 26 , tb1[0] 0 tb1[1] 0')
('2015-01-17 10:36:00.205896', 'fd_channel : login[0] 1 login[1] 0 , tb0[0] 0 tb0[1] 25 , tb1[0] 0 tb1[1] 0')
('2015-01-17 10:36:00.300212', 'fd_channel : login[0] 1 login[1] 0 , tb0[0] 0 tb0[1] 24 , tb1[0] 0 tb1[1] 0')
('2015-01-17 10:36:00.783636', 'fd_channel : login[0] 1 login[1] 0 , tb0[0] 0 tb0[1] 24 , tb1[0] 0 tb1[1] 0')
('2015-01-17 10:36:01.406990', 'fd_channel : login[0] 1 login[1] 0 , tb0[0] 0 tb0[1] 24 , tb1[0] 0 tb1[1] 0')
('2015-01-17 10:36:01.586463', 'fd_channel : login[0] 1 login[1] 0 , tb0[0] 0 tb0[1] 23 , tb1[0] 0 tb1[1] 0')
('2015-01-17 10:36:02.787404', 'fd_channel : login[0] 1 login[1] 0 , tb0[0] 0 tb0[1] 23 , tb1[0] 0 tb1[1] 0')
('2015-01-17 10:36:12.320773', 'fd_channel : login[0] 1 login[1] 0 , tb0[0] 0 tb0[1] 22 , tb1[0] 0 tb1[1] 0')
('2015-01-17 10:36:13.291719', 'fd_channel : login[0] 1 login[1] 0 , tb0[0] 0 tb0[1] 21 , tb1[0] 0 tb1[1] 0')
('2015-01-17 10:36:13.521339', 'fd_channel : login[0] 1 login[1] 0 , tb0[0] 0 tb0[1] 21 , tb1[0] 0 tb1[1] 0')
('2015-01-17 10:36:14.505875', 'put_channel : channel tb0, group 1, time 2015-01-17 10:36:14.505785')
('2015-01-17 10:36:15.006331', 'put_channel : channel tb0, group 1, time 2015-01-17 10:36:15.006278')
('2015-01-17 10:36:15.011365', 'put_channel : channel tb0, group 1, time 2015-01-17 10:36:15.011316')
('2015-01-17 10:36:15.031445', 'put_channel : channel tb0, group 1, time 2015-01-17 10:36:15.031395')
('2015-01-17 10:36:16.017705', 'put_channel : channel tb0, group 1, time 2015-01-17 10:36:16.017614')
('2015-01-17 10:36:16.057489', 'put_channel : channel tb0, group 1, time 2015-01-17 10:36:16.057402')
('2015-01-17 10:36:16.509388', 'put_channel : channel tb0, group 1, time 2015-01-17 10:36:16.509300')
('2015-01-17 10:36:16.537870', 'put_channel : channel tb0, group 1, time 2015-01-17 10:36:16.537783')
('2015-01-17 10:36:16.599999', 'put_channel : channel tb0, group 1, time 2015-01-17 10:36:16.599911')
('2015-01-17 10:36:17.560057', 'put_channel : channel tb0, group 1, time 2015-01-17 10:36:17.559969')
('2015-01-17 10:36:18.008004', 'put_channel : channel tb0, group 1, time 2015-01-17 10:36:18.007915')
('2015-01-17 10:36:18.040264', 'put_channel : channel tb0, group 1, time 2015-01-17 10:36:18.040173')
('2015-01-17 10:36:18.136371', 'put_channel : channel tb0, group 1, time 2015-01-17 10:36:18.136284')
('2015-01-17 10:36:19.064198', 'put_channel : channel tb0, group 1, time 2015-01-17 10:36:19.064063')
('2015-01-17 10:36:19.507922', 'put_channel : channel tb0, group 1, time 2015-01-17 10:36:19.507835')
('2015-01-17 10:36:19.673652', 'put_channel : channel tb0, group 1, time 2015-01-17 10:36:19.673562')
('2015-01-17 10:36:20.302563', 'fd_channel : login[0] 1 login[1] 0 , tb0[0] 0 tb0[1] 36 , tb1[0] 0 tb1[1] 0')
('2015-01-17 10:36:20.584236', 'fd_channel : login[0] 1 login[1] 0 , tb0[0] 0 tb0[1] 35 , tb1[0] 0 tb1[1] 0')
('2015-01-17 10:36:27.398581', 'fd_channel : login[0] 1 login[1] 0 , tb0[0] 0 tb0[1] 34 , tb1[0] 0 tb1[1] 0')
('2015-01-17 10:36:28.599404', 'fd_channel : login[0] 1 login[1] 0 , tb0[0] 0 tb0[1] 34 , tb1[0] 0 tb1[1] 0')
('2015-01-17 10:36:29.401543', 'fd_channel : login[0] 1 login[1] 0 , tb0[0] 0 tb0[1] 33 , tb1[0] 0 tb1[1] 0')
('2015-01-17 10:36:30.603295', 'fd_channel : login[0] 1 login[1] 0 , tb0[0] 0 tb0[1] 33 , tb1[0] 0 tb1[1] 0')
('2015-01-17 10:36:32.209037', 'fd_channel : login[0] 1 login[1] 0 , tb0[0] 0 tb0[1] 32 , tb1[0] 0 tb1[1] 0')
('2015-01-17 10:36:40.587004', 'fd_channel : login[0] 1 login[1] 0 , tb0[0] 0 tb0[1] 31 , tb1[0] 0 tb1[1] 0')
('2015-01-17 10:36:43.350763', 'fd_channel : login[0] 1 login[1] 0 , tb0[0] 0 tb0[1] 30 , tb1[0] 0 tb1[1] 0')
('2015-01-17 10:36:44.551673', 'fd_channel : login[0] 1 login[1] 0 , tb0[0] 0 tb0[1] 30 , tb1[0] 0 tb1[1] 0')
('2015-01-17 10:36:45.354379', 'fd_channel : login[0] 1 login[1] 0 , tb0[0] 0 tb0[1] 29 , tb1[0] 0 tb1[1] 0')
('2015-01-17 10:36:46.555411', 'fd_channel : login[0] 1 login[1] 0 , tb0[0] 0 tb0[1] 29 , tb1[0] 0 tb1[1] 0')
('2015-01-17 10:36:51.014132', 'put_channel : channel tb0, group 1, time 2015-01-17 10:36:51.014007')
('2015-01-17 10:36:51.032083', 'put_channel : channel tb0, group 1, time 2015-01-17 10:36:51.031996')
('2015-01-17 10:36:52.018058', 'put_channel : channel tb0, group 1, time 2015-01-17 10:36:52.017964')
('2015-01-17 10:36:52.057789', 'put_channel : channel tb0, group 1, time 2015-01-17 10:36:52.057700')
('2015-01-17 10:36:52.211532', 'fd_channel : login[0] 1 login[1] 0 , tb0[0] 0 tb0[1] 32 , tb1[0] 0 tb1[1] 0')
('2015-01-17 10:36:52.509904', 'put_channel : channel tb0, group 1, time 2015-01-17 10:36:52.509815')
('2015-01-17 10:36:52.536123', 'put_channel : channel tb0, group 1, time 2015-01-17 10:36:52.536034')
('2015-01-17 10:36:52.632045', 'put_channel : channel tb0, group 1, time 2015-01-17 10:36:52.631957')
('2015-01-17 10:36:53.560079', 'put_channel : channel tb0, group 1, time 2015-01-17 10:36:53.559989')
('2015-01-17 10:36:54.008112', 'put_channel : channel tb0, group 1, time 2015-01-17 10:36:54.008022')
('2015-01-17 10:36:54.040126', 'put_channel : channel tb0, group 1, time 2015-01-17 10:36:54.040039')
('2015-01-17 10:36:54.104712', 'put_channel : channel tb0, group 1, time 2015-01-17 10:36:54.104624')
('2015-01-17 10:36:55.065761', 'put_channel : channel tb0, group 1, time 2015-01-17 10:36:55.065665')
('2015-01-17 10:36:55.508467', 'put_channel : channel tb0, group 1, time 2015-01-17 10:36:55.508378')
('2015-01-17 10:36:55.545996', 'put_channel : channel tb0, group 1, time 2015-01-17 10:36:55.545908')
('2015-01-17 10:36:58.957191', 'fd_channel : login[0] 1 login[1] 0 , tb0[0] 0 tb0[1] 41 , tb1[0] 0 tb1[1] 0')
('2015-01-17 10:37:00.158196', 'fd_channel : login[0] 1 login[1] 0 , tb0[0] 0 tb0[1] 41 , tb1[0] 0 tb1[1] 0')
('2015-01-17 10:37:00.960735', 'fd_channel : login[0] 1 login[1] 0 , tb0[0] 0 tb0[1] 40 , tb1[0] 0 tb1[1] 0')
('2015-01-17 10:37:01.404360', 'fd_channel : login[0] 1 login[1] 0 , tb0[0] 0 tb0[1] 39 , tb1[0] 0 tb1[1] 0')
('2015-01-17 10:37:02.161805', 'fd_channel : login[0] 1 login[1] 0 , tb0[0] 0 tb0[1] 39 , tb1[0] 0 tb1[1] 0')
('2015-01-17 10:37:03.090734', 'fd_channel : login[0] 1 login[1] 0 , tb0[0] 0 tb0[1] 38 , tb1[0] 0 tb1[1] 0')
('2015-01-17 10:37:04.291913', 'fd_channel : login[0] 1 login[1] 0 , tb0[0] 0 tb0[1] 38 , tb1[0] 0 tb1[1] 0')
('2015-01-17 10:37:05.094019', 'fd_channel : login[0] 1 login[1] 0 , tb0[0] 0 tb0[1] 37 , tb1[0] 0 tb1[1] 0')
('2015-01-17 10:37:06.294920', 'fd_channel : login[0] 1 login[1] 0 , tb0[0] 0 tb0[1] 37 , tb1[0] 0 tb1[1] 0')
('2015-01-17 10:37:06.822889', 'fd_channel : login[0] 1 login[1] 0 , tb0[0] 0 tb0[1] 37 , tb1[0] 0 tb1[1] 0')
('2015-01-17 10:37:06.834355', 'fd_channel : login[0] 1 login[1] 0 , tb0[0] 0 tb0[1] 37 , tb1[0] 0 tb1[1] 0')
('2015-01-17 10:37:07.735328', 'fd_channel : login[0] 1 login[1] 0 , tb0[0] 0 tb0[1] 36 , tb1[0] 0 tb1[1] 0')
('2015-01-17 10:37:08.197879', 'fd_channel : login[0] 1 login[1] 0 , tb0[0] 0 tb0[1] 35 , tb1[0] 0 tb1[1] 0')
('2015-01-17 10:37:08.878050', 'fd_channel : login[0] 1 login[1] 0 , tb0[0] 0 tb0[1] 35 , tb1[0] 0 tb1[1] 0')
('2015-01-17 10:37:09.971819', 'fd_channel : login[0] 1 login[1] 0 , tb0[0] 0 tb0[1] 35 , tb1[0] 0 tb1[1] 0')
('2015-01-17 10:37:15.706824', 'fd_channel : login[0] 1 login[1] 0 , tb0[0] 0 tb0[1] 35 , tb1[0] 0 tb1[1] 0')
('2015-01-17 10:37:16.116257', 'fd_channel : login[0] 1 login[1] 0 , tb0[0] 0 tb0[1] 35 , tb1[0] 0 tb1[1] 0')
('2015-01-17 10:37:17.357159', 'fd_channel : login[0] 1 login[1] 0 , tb0[0] 0 tb0[1] 34 , tb1[0] 0 tb1[1] 0')
('2015-01-17 10:37:17.670440', 'fd_channel : login[0] 1 login[1] 0 , tb0[0] 0 tb0[1] 34 , tb1[0] 0 tb1[1] 0')
('2015-01-17 10:37:21.406588', 'fd_channel : login[0] 1 login[1] 0 , tb0[0] 0 tb0[1] 33 , tb1[0] 0 tb1[1] 0')
('2015-01-17 10:37:26.508377', 'put_channel : channel tb0, group 1, time 2015-01-17 10:37:26.508288')
('2015-01-17 10:37:27.007967', 'put_channel : channel tb0, group 1, time 2015-01-17 10:37:27.007880')
('2015-01-17 10:37:27.013596', 'put_channel : channel tb0, group 1, time 2015-01-17 10:37:27.013508')
('2015-01-17 10:37:27.031965', 'put_channel : channel tb0, group 1, time 2015-01-17 10:37:27.031877')
('2015-01-17 10:37:28.015943', 'put_channel : channel tb0, group 1, time 2015-01-17 10:37:28.015854')
('2015-01-17 10:37:28.056313', 'put_channel : channel tb0, group 1, time 2015-01-17 10:37:28.056220')
('2015-01-17 10:37:28.508047', 'put_channel : channel tb0, group 1, time 2015-01-17 10:37:28.507957')
('2015-01-17 10:37:28.664222', 'put_channel : channel tb0, group 1, time 2015-01-17 10:37:28.664088')
('2015-01-17 10:37:29.560257', 'put_channel : channel tb0, group 1, time 2015-01-17 10:37:29.560127')
('2015-01-17 10:37:30.009758', 'put_channel : channel tb0, group 1, time 2015-01-17 10:37:30.009671')
('2015-01-17 10:37:30.041813', 'put_channel : channel tb0, group 1, time 2015-01-17 10:37:30.041723')
('2015-01-17 10:37:30.137861', 'put_channel : channel tb0, group 1, time 2015-01-17 10:37:30.137773')
('2015-01-17 10:37:31.064297', 'put_channel : channel tb0, group 1, time 2015-01-17 10:37:31.064133')
('2015-01-17 10:37:31.508019', 'put_channel : channel tb0, group 1, time 2015-01-17 10:37:31.507932')
('2015-01-17 10:37:31.608307', 'put_channel : channel tb0, group 1, time 2015-01-17 10:37:31.608218')
('2015-01-17 10:37:32.533260', 'fd_channel : login[0] 1 login[1] 0 , tb0[0] 0 tb0[1] 47 , tb1[0] 0 tb1[1] 0')
('2015-01-17 10:37:32.568200', 'put_channel : channel tb0, group 1, time 2015-01-17 10:37:32.568070')
('2015-01-17 10:37:32.963366', 'fd_channel : login[0] 1 login[1] 0 , tb0[0] 0 tb0[1] 47 , tb1[0] 0 tb1[1] 0')
('2015-01-17 10:37:33.733777', 'fd_channel : login[0] 1 login[1] 0 , tb0[0] 0 tb0[1] 47 , tb1[0] 0 tb1[1] 0')
('2015-01-17 10:37:40.241128', 'fd_channel : login[0] 1 login[1] 0 , tb0[0] 0 tb0[1] 45 , tb1[0] 0 tb1[1] 0')
('2015-01-17 10:37:41.440452', 'fd_channel : login[0] 1 login[1] 0 , tb0[0] 0 tb0[1] 45 , tb1[0] 0 tb1[1] 0')
('2015-01-17 10:37:42.242324', 'fd_channel : login[0] 1 login[1] 0 , tb0[0] 0 tb0[1] 44 , tb1[0] 0 tb1[1] 0')
('2015-01-17 10:37:43.443417', 'fd_channel : login[0] 1 login[1] 0 , tb0[0] 0 tb0[1] 44 , tb1[0] 0 tb1[1] 0')
('2015-01-17 10:37:44.012803', 'fd_channel : login[0] 1 login[1] 0 , tb0[0] 0 tb0[1] 43 , tb1[0] 0 tb1[1] 0')
('2015-01-17 10:37:45.213327', 'fd_channel : login[0] 1 login[1] 0 , tb0[0] 0 tb0[1] 43 , tb1[0] 0 tb1[1] 0')
('2015-01-17 10:37:46.015815', 'fd_channel : login[0] 1 login[1] 0 , tb0[0] 0 tb0[1] 42 , tb1[0] 0 tb1[1] 0')
('2015-01-17 10:37:47.216871', 'fd_channel : login[0] 1 login[1] 0 , tb0[0] 0 tb0[1] 42 , tb1[0] 0 tb1[1] 0')
('2015-01-17 10:38:03.033961', 'put_channel : channel tb0, group 1, time 2015-01-17 10:38:03.033869')
('2015-01-17 10:38:04.008275', 'put_channel : channel tb0, group 1, time 2015-01-17 10:38:04.008176')
('2015-01-17 10:38:04.025846', 'put_channel : channel tb0, group 1, time 2015-01-17 10:38:04.025757')
('2015-01-17 10:38:04.056260', 'put_channel : channel tb0, group 1, time 2015-01-17 10:38:04.056129')
('2015-01-17 10:38:04.508130', 'put_channel : channel tb0, group 1, time 2015-01-17 10:38:04.508025')
('2015-01-17 10:38:04.513542', 'put_channel : channel tb0, group 1, time 2015-01-17 10:38:04.513453')
('2015-01-17 10:38:04.536118', 'put_channel : channel tb0, group 1, time 2015-01-17 10:38:04.536031')
('2015-01-17 10:38:05.561961', 'put_channel : channel tb0, group 1, time 2015-01-17 10:38:05.561872')
('2015-01-17 10:38:06.009467', 'put_channel : channel tb0, group 1, time 2015-01-17 10:38:06.009378')
('2015-01-17 10:38:06.040249', 'put_channel : channel tb0, group 1, time 2015-01-17 10:38:06.040119')
('2015-01-17 10:38:07.016047', 'put_channel : channel tb0, group 1, time 2015-01-17 10:38:07.015957')
('2015-01-17 10:38:07.064127', 'put_channel : channel tb0, group 1, time 2015-01-17 10:38:07.064037')
('2015-01-17 10:38:07.509414', 'put_channel : channel tb0, group 1, time 2015-01-17 10:38:07.509324')
('2015-01-17 10:38:07.527898', 'put_channel : channel tb0, group 1, time 2015-01-17 10:38:07.527808')
('2015-01-17 10:38:18.028282', 'fd_channel : login[0] 1 login[1] 0 , tb0[0] 0 tb0[1] 43 , tb1[0] 0 tb1[1] 0')
('2015-01-17 10:38:38.021224', 'fd_channel : login[0] 1 login[1] 0 , tb0[0] 0 tb0[1] 42 , tb1[0] 0 tb1[1] 0')
('2015-01-17 10:38:39.007956', 'put_channel : channel tb0, group 1, time 2015-01-17 10:38:39.007867')
('2015-01-17 10:38:39.032310', 'put_channel : channel tb0, group 1, time 2015-01-17 10:38:39.032222')
('2015-01-17 10:38:40.056129', 'put_channel : channel tb0, group 1, time 2015-01-17 10:38:40.056038')
('2015-01-17 10:38:40.508487', 'put_channel : channel tb0, group 1, time 2015-01-17 10:38:40.508387')
('2015-01-17 10:38:40.509112', 'put_channel : channel tb0, group 1, time 2015-01-17 10:38:40.509020')
('2015-01-17 10:38:40.536238', 'put_channel : channel tb0, group 1, time 2015-01-17 10:38:40.536110')
('2015-01-17 10:38:40.600352', 'put_channel : channel tb0, group 1, time 2015-01-17 10:38:40.600254')
('2015-01-17 10:38:41.521876', 'put_channel : channel tb0, group 1, time 2015-01-17 10:38:41.521786')
('2015-01-17 10:38:41.560222', 'put_channel : channel tb0, group 1, time 2015-01-17 10:38:41.560067')
('2015-01-17 10:38:42.010220', 'put_channel : channel tb0, group 1, time 2015-01-17 10:38:42.010134')
('2015-01-17 10:38:42.138004', 'put_channel : channel tb0, group 1, time 2015-01-17 10:38:42.137915')
('2015-01-17 10:38:43.064369', 'put_channel : channel tb0, group 1, time 2015-01-17 10:38:43.064276')
('2015-01-17 10:38:43.508194', 'put_channel : channel tb0, group 1, time 2015-01-17 10:38:43.508062')
('2015-01-17 10:38:43.529884', 'put_channel : channel tb0, group 1, time 2015-01-17 10:38:43.529797')
('2015-01-17 10:38:43.672187', 'put_channel : channel tb0, group 1, time 2015-01-17 10:38:43.672058')
('2015-01-17 10:38:44.568254', 'put_channel : channel tb0, group 1, time 2015-01-17 10:38:44.568126')
('2015-01-17 10:38:46.695858', 'fd_channel : login[0] 1 login[1] 0 , tb0[0] 0 tb0[1] 52 , tb1[0] 0 tb1[1] 0')
('2015-01-17 10:38:46.902914', 'fd_channel : login[0] 1 login[1] 0 , tb0[0] 0 tb0[1] 51 , tb1[0] 0 tb1[1] 0')
('2015-01-17 10:38:51.271959', 'fd_channel : login[0] 1 login[1] 0 , tb0[0] 0 tb0[1] 45 , tb1[0] 0 tb1[1] 0')
('2015-01-17 10:38:55.124657', 'fd_channel : login[0] 1 login[1] 0 , tb0[0] 0 tb0[1] 44 , tb1[0] 0 tb1[1] 0')
('2015-01-17 10:39:07.901323', 'fd_channel : login[0] 1 login[1] 0 , tb0[0] 0 tb0[1] 43 , tb1[0] 0 tb1[1] 0')
('2015-01-17 10:39:08.297466', 'fd_channel : login[0] 1 login[1] 0 , tb0[0] 0 tb0[1] 42 , tb1[0] 0 tb1[1] 0')
('2015-01-17 10:39:08.382790', 'fd_channel : login[0] 1 login[1] 0 , tb0[0] 0 tb0[1] 41 , tb1[0] 0 tb1[1] 0')
('2015-01-17 10:39:09.498337', 'fd_channel : login[0] 1 login[1] 0 , tb0[0] 0 tb0[1] 41 , tb1[0] 0 tb1[1] 0')
('2015-01-17 10:39:10.301109', 'fd_channel : login[0] 1 login[1] 0 , tb0[0] 0 tb0[1] 40 , tb1[0] 0 tb1[1] 0')
('2015-01-17 10:39:11.501639', 'fd_channel : login[0] 1 login[1] 0 , tb0[0] 0 tb0[1] 40 , tb1[0] 0 tb1[1] 0')
('2015-01-17 10:39:15.033638', 'put_channel : channel tb0, group 1, time 2015-01-17 10:39:15.033535')
('2015-01-17 10:39:15.500832', 'fd_channel : login[0] 1 login[1] 0 , tb0[0] 0 tb0[1] 40 , tb1[0] 0 tb1[1] 0')
('2015-01-17 10:39:16.025698', 'put_channel : channel tb0, group 1, time 2015-01-17 10:39:16.025606')
('2015-01-17 10:39:16.057897', 'put_channel : channel tb0, group 1, time 2015-01-17 10:39:16.057808')
('2015-01-17 10:39:16.507850', 'put_channel : channel tb0, group 1, time 2015-01-17 10:39:16.507760')
('2015-01-17 10:39:16.543081', 'put_channel : channel tb0, group 1, time 2015-01-17 10:39:16.542993')
('2015-01-17 10:39:17.560295', 'put_channel : channel tb0, group 1, time 2015-01-17 10:39:17.560205')
('2015-01-17 10:39:18.008255', 'put_channel : channel tb0, group 1, time 2015-01-17 10:39:18.008123')
('2015-01-17 10:39:18.041717', 'put_channel : channel tb0, group 1, time 2015-01-17 10:39:18.041628')
('2015-01-17 10:39:18.104098', 'put_channel : channel tb0, group 1, time 2015-01-17 10:39:18.103988')
('2015-01-17 10:39:19.065826', 'put_channel : channel tb0, group 1, time 2015-01-17 10:39:19.065732')
('2015-01-17 10:39:19.509947', 'put_channel : channel tb0, group 1, time 2015-01-17 10:39:19.509858')
('2015-01-17 10:39:19.529454', 'put_channel : channel tb0, group 1, time 2015-01-17 10:39:19.529365')
('2015-01-17 10:39:19.640465', 'put_channel : channel tb0, group 1, time 2015-01-17 10:39:19.640376')
('2015-01-17 10:39:20.568452', 'put_channel : channel tb0, group 1, time 2015-01-17 10:39:20.568307')
('2015-01-17 10:39:42.311321', 'fd_channel : login[0] 1 login[1] 0 , tb0[0] 0 tb0[1] 43 , tb1[0] 0 tb1[1] 0')
('2015-01-17 10:39:52.006117', 'put_channel : channel tb0, group 1, time 2015-01-17 10:39:52.006000')
('2015-01-17 10:39:52.056299', 'put_channel : channel tb0, group 1, time 2015-01-17 10:39:52.056205')
('2015-01-17 10:39:52.508542', 'put_channel : channel tb0, group 1, time 2015-01-17 10:39:52.508209')
('2015-01-17 10:39:52.509770', 'put_channel : channel tb0, group 1, time 2015-01-17 10:39:52.509663')
('2015-01-17 10:39:52.536350', 'put_channel : channel tb0, group 1, time 2015-01-17 10:39:52.536258')
('2015-01-17 10:39:53.512193', 'put_channel : channel tb0, group 1, time 2015-01-17 10:39:53.512053')
('2015-01-17 10:39:53.561828', 'put_channel : channel tb0, group 1, time 2015-01-17 10:39:53.561739')
('2015-01-17 10:39:54.007365', 'put_channel : channel tb0, group 1, time 2015-01-17 10:39:54.007275')
('2015-01-17 10:39:54.136508', 'put_channel : channel tb0, group 1, time 2015-01-17 10:39:54.136419')
('2015-01-17 10:39:55.064178', 'put_channel : channel tb0, group 1, time 2015-01-17 10:39:55.064042')
('2015-01-17 10:39:55.508954', 'put_channel : channel tb0, group 1, time 2015-01-17 10:39:55.508864')
('2015-01-17 10:39:55.543804', 'put_channel : channel tb0, group 1, time 2015-01-17 10:39:55.543715')
('2015-01-17 10:39:55.608177', 'put_channel : channel tb0, group 1, time 2015-01-17 10:39:55.608048')
('2015-01-17 10:39:56.568059', 'put_channel : channel tb0, group 1, time 2015-01-17 10:39:56.567965')
('2015-01-17 10:39:57.009820', 'put_channel : channel tb0, group 1, time 2015-01-17 10:39:57.009731')
('2015-01-17 10:39:57.144215', 'put_channel : channel tb0, group 1, time 2015-01-17 10:39:57.144080')
('2015-01-17 10:40:09.396861', 'fd_channel : login[0] 1 login[1] 0 , tb0[0] 0 tb0[1] 45 , tb1[0] 0 tb1[1] 0')
('2015-01-17 10:40:10.587966', 'fd_channel : login[0] 1 login[1] 0 , tb0[0] 0 tb0[1] 45 , tb1[0] 0 tb1[1] 0')
('2015-01-17 10:40:11.389897', 'fd_channel : login[0] 1 login[1] 0 , tb0[0] 0 tb0[1] 44 , tb1[0] 0 tb1[1] 0')
('2015-01-17 10:40:12.591001', 'fd_channel : login[0] 1 login[1] 0 , tb0[0] 0 tb0[1] 44 , tb1[0] 0 tb1[1] 0')
('2015-01-17 10:40:28.508128', 'put_channel : channel tb0, group 1, time 2015-01-17 10:40:28.508038')
('2015-01-17 10:40:28.510067', 'put_channel : channel tb0, group 1, time 2015-01-17 10:40:28.509975')
('2015-01-17 10:40:28.537681', 'put_channel : channel tb0, group 1, time 2015-01-17 10:40:28.537594')
('2015-01-17 10:40:29.005878', 'fd_channel : login[0] 1 login[1] 0 , tb0[0] 0 tb0[1] 46 , tb1[0] 0 tb1[1] 0')
('2015-01-17 10:40:29.007855', 'fd_channel : login[0] 1 login[1] 0 , tb0[0] 0 tb0[1] 45 , tb1[0] 0 tb1[1] 0')
('2015-01-17 10:40:29.561909', 'put_channel : channel tb0, group 1, time 2015-01-17 10:40:29.561817')
('2015-01-17 10:40:30.008126', 'put_channel : channel tb0, group 1, time 2015-01-17 10:40:30.008034')
('2015-01-17 10:40:30.010130', 'put_channel : channel tb0, group 1, time 2015-01-17 10:40:30.010039')
('2015-01-17 10:40:30.041612', 'put_channel : channel tb0, group 1, time 2015-01-17 10:40:30.041523')
('2015-01-17 10:40:30.168285', 'put_channel : channel tb0, group 1, time 2015-01-17 10:40:30.168135')
('2015-01-17 10:40:31.016448', 'put_channel : channel tb0, group 1, time 2015-01-17 10:40:31.016247')
('2015-01-17 10:40:31.064189', 'put_channel : channel tb0, group 1, time 2015-01-17 10:40:31.064061')
('2015-01-17 10:40:31.332112', 'fd_channel : login[0] 1 login[1] 0 , tb0[0] 0 tb0[1] 51 , tb1[0] 0 tb1[1] 0')
('2015-01-17 10:40:31.418486', 'fd_channel : login[0] 1 login[1] 0 , tb0[0] 0 tb0[1] 50 , tb1[0] 0 tb1[1] 0')
('2015-01-17 10:40:31.509684', 'put_channel : channel tb0, group 1, time 2015-01-17 10:40:31.509592')
('2015-01-17 10:40:31.543950', 'put_channel : channel tb0, group 1, time 2015-01-17 10:40:31.543859')
('2015-01-17 10:40:31.640098', 'put_channel : channel tb0, group 1, time 2015-01-17 10:40:31.640008')
('2015-01-17 10:40:32.568212', 'put_channel : channel tb0, group 1, time 2015-01-17 10:40:32.568073')
('2015-01-17 10:40:43.401671', 'fd_channel : login[0] 1 login[1] 0 , tb0[0] 0 tb0[1] 43 , tb1[0] 0 tb1[1] 0')
('2015-01-17 10:41:03.395992', 'fd_channel : login[0] 1 login[1] 0 , tb0[0] 0 tb0[1] 42 , tb1[0] 0 tb1[1] 0')
('2015-01-17 10:41:04.004288', 'put_channel : channel tb0, group 1, time 2015-01-17 10:41:04.004194')
('2015-01-17 10:41:04.057841', 'put_channel : channel tb0, group 1, time 2015-01-17 10:41:04.057752')
('2015-01-17 10:41:04.512353', 'put_channel : channel tb0, group 1, time 2015-01-17 10:41:04.512262')
('2015-01-17 10:41:04.513778', 'put_channel : channel tb0, group 1, time 2015-01-17 10:41:04.513691')
('2015-01-17 10:41:04.535809', 'put_channel : channel tb0, group 1, time 2015-01-17 10:41:04.535719')
('2015-01-17 10:41:05.512230', 'put_channel : channel tb0, group 1, time 2015-01-17 10:41:05.512092')
('2015-01-17 10:41:05.565543', 'put_channel : channel tb0, group 1, time 2015-01-17 10:41:05.565455')
('2015-01-17 10:41:06.008105', 'put_channel : channel tb0, group 1, time 2015-01-17 10:41:06.008015')
('2015-01-17 10:41:06.137792', 'put_channel : channel tb0, group 1, time 2015-01-17 10:41:06.137704')
('2015-01-17 10:41:07.065758', 'put_channel : channel tb0, group 1, time 2015-01-17 10:41:07.065664')
('2015-01-17 10:41:07.513745', 'put_channel : channel tb0, group 1, time 2015-01-17 10:41:07.513654')
('2015-01-17 10:41:07.547255', 'put_channel : channel tb0, group 1, time 2015-01-17 10:41:07.547165')
('2015-01-17 10:41:07.608105', 'put_channel : channel tb0, group 1, time 2015-01-17 10:41:07.608017')
('2015-01-17 10:41:08.569487', 'put_channel : channel tb0, group 1, time 2015-01-17 10:41:08.569393')
('2015-01-17 10:41:09.146750', 'put_channel : channel tb0, group 1, time 2015-01-17 10:41:09.146659')
('2015-01-17 10:41:10.010230', 'put_channel : channel tb0, group 1, time 2015-01-17 10:41:10.010138')
('2015-01-17 10:41:12.243916', 'fd_channel : login[0] 1 login[1] 0 , tb0[0] 0 tb0[1] 50 , tb1[0] 0 tb1[1] 0')
('2015-01-17 10:41:13.439362', 'fd_channel : login[0] 1 login[1] 0 , tb0[0] 0 tb0[1] 50 , tb1[0] 0 tb1[1] 0')
('2015-01-17 10:41:14.243445', 'fd_channel : login[0] 1 login[1] 0 , tb0[0] 0 tb0[1] 46 , tb1[0] 0 tb1[1] 0')
('2015-01-17 10:41:15.442276', 'fd_channel : login[0] 1 login[1] 0 , tb0[0] 0 tb0[1] 46 , tb1[0] 0 tb1[1] 0')
('2015-01-17 10:41:40.513155', 'put_channel : channel tb0, group 1, time 2015-01-17 10:41:40.513061')
('2015-01-17 10:41:41.562006', 'put_channel : channel tb0, group 1, time 2015-01-17 10:41:41.561915')
('2015-01-17 10:41:42.013309', 'put_channel : channel tb0, group 1, time 2015-01-17 10:41:42.013220')
('2015-01-17 10:41:42.015290', 'put_channel : channel tb0, group 1, time 2015-01-17 10:41:42.015204')
('2015-01-17 10:41:42.044647', 'put_channel : channel tb0, group 1, time 2015-01-17 10:41:42.044557')
('2015-01-17 10:41:42.104110', 'put_channel : channel tb0, group 1, time 2015-01-17 10:41:42.104020')
('2015-01-17 10:41:43.020779', 'put_channel : channel tb0, group 1, time 2015-01-17 10:41:43.020690')
('2015-01-17 10:41:43.070162', 'put_channel : channel tb0, group 1, time 2015-01-17 10:41:43.070074')
('2015-01-17 10:41:43.519094', 'put_channel : channel tb0, group 1, time 2015-01-17 10:41:43.519005')
('2015-01-17 10:41:43.644558', 'put_channel : channel tb0, group 1, time 2015-01-17 10:41:43.644469')
('2015-01-17 10:41:44.571996', 'put_channel : channel tb0, group 1, time 2015-01-17 10:41:44.571906')
('2015-01-17 10:41:45.008511', 'put_channel : channel tb0, group 1, time 2015-01-17 10:41:45.008416')
('2015-01-17 10:41:45.031418', 'put_channel : channel tb0, group 1, time 2015-01-17 10:41:45.031367')
('2015-01-17 10:41:45.112294', 'put_channel : channel tb0, group 1, time 2015-01-17 10:41:45.112244')
('2015-01-17 10:41:46.246031', 'fd_channel : login[0] 1 login[1] 0 , tb0[0] 0 tb0[1] 57 , tb1[0] 0 tb1[1] 0')
('2015-01-17 10:42:06.255160', 'fd_channel : login[0] 1 login[1] 0 , tb0[0] 0 tb0[1] 43 , tb1[0] 0 tb1[1] 0')
('2015-01-17 10:42:08.606807', 'fd_channel : login[0] 1 login[1] 0 , tb0[0] 0 tb0[1] 42 , tb1[0] 0 tb1[1] 0')
('2015-01-17 10:42:15.635419', 'fd_channel : login[0] 1 login[1] 0 , tb0[0] 0 tb0[1] 41 , tb1[0] 0 tb1[1] 0')
('2015-01-17 10:42:16.509704', 'put_channel : channel tb0, group 1, time 2015-01-17 10:42:16.509611')
('2015-01-17 10:42:17.561888', 'put_channel : channel tb0, group 1, time 2015-01-17 10:42:17.561791')
('2015-01-17 10:42:18.009473', 'put_channel : channel tb0, group 1, time 2015-01-17 10:42:18.009379')
('2015-01-17 10:42:18.014805', 'put_channel : channel tb0, group 1, time 2015-01-17 10:42:18.014715')
('2015-01-17 10:42:18.039966', 'put_channel : channel tb0, group 1, time 2015-01-17 10:42:18.039876')
('2015-01-17 10:42:18.135946', 'put_channel : channel tb0, group 1, time 2015-01-17 10:42:18.135855')
('2015-01-17 10:42:18.219185', 'fd_channel : login[0] 1 login[1] 0 , tb0[0] 0 tb0[1] 46 , tb1[0] 0 tb1[1] 0')
('2015-01-17 10:42:18.313258', 'fd_channel : login[0] 1 login[1] 0 , tb0[0] 0 tb0[1] 45 , tb1[0] 0 tb1[1] 0')
('2015-01-17 10:42:19.016348', 'put_channel : channel tb0, group 1, time 2015-01-17 10:42:19.016254')
('2015-01-17 10:42:19.063816', 'put_channel : channel tb0, group 1, time 2015-01-17 10:42:19.063723')
('2015-01-17 10:42:19.509406', 'put_channel : channel tb0, group 1, time 2015-01-17 10:42:19.509296')
('2015-01-17 10:42:19.608361', 'put_channel : channel tb0, group 1, time 2015-01-17 10:42:19.608269')
('2015-01-17 10:42:20.567973', 'put_channel : channel tb0, group 1, time 2015-01-17 10:42:20.567879')
('2015-01-17 10:42:21.007293', 'put_channel : channel tb0, group 1, time 2015-01-17 10:42:21.007201')
('2015-01-17 10:42:21.031854', 'put_channel : channel tb0, group 1, time 2015-01-17 10:42:21.031763')
('2015-01-17 10:42:21.144212', 'put_channel : channel tb0, group 1, time 2015-01-17 10:42:21.144081')
('2015-01-17 10:42:22.072282', 'put_channel : channel tb0, group 1, time 2015-01-17 10:42:22.072188')
('2015-01-17 10:42:22.509043', 'put_channel : channel tb0, group 1, time 2015-01-17 10:42:22.508951')
('2015-01-17 10:42:34.338200', 'fd_channel : login[0] 1 login[1] 0 , tb0[0] 0 tb0[1] 45 , tb1[0] 0 tb1[1] 0')
('2015-01-17 10:42:35.532237', 'fd_channel : login[0] 1 login[1] 0 , tb0[0] 0 tb0[1] 45 , tb1[0] 0 tb1[1] 0')
('2015-01-17 10:42:36.334318', 'fd_channel : login[0] 1 login[1] 0 , tb0[0] 0 tb0[1] 44 , tb1[0] 0 tb1[1] 0')
('2015-01-17 10:42:37.535341', 'fd_channel : login[0] 1 login[1] 0 , tb0[0] 0 tb0[1] 44 , tb1[0] 0 tb1[1] 0')
('2015-01-17 10:42:53.510009', 'put_channel : channel tb0, group 1, time 2015-01-17 10:42:53.509916')
('2015-01-17 10:42:54.008075', 'put_channel : channel tb0, group 1, time 2015-01-17 10:42:54.007984')
('2015-01-17 10:42:54.009792', 'put_channel : channel tb0, group 1, time 2015-01-17 10:42:54.009706')
('2015-01-17 10:42:54.040069', 'put_channel : channel tb0, group 1, time 2015-01-17 10:42:54.039981')
('2015-01-17 10:42:55.016134', 'put_channel : channel tb0, group 1, time 2015-01-17 10:42:55.016044')
('2015-01-17 10:42:55.065592', 'put_channel : channel tb0, group 1, time 2015-01-17 10:42:55.065504')
('2015-01-17 10:42:55.508055', 'put_channel : channel tb0, group 1, time 2015-01-17 10:42:55.507966')
('2015-01-17 10:42:55.528118', 'put_channel : channel tb0, group 1, time 2015-01-17 10:42:55.528028')
('2015-01-17 10:42:55.640219', 'put_channel : channel tb0, group 1, time 2015-01-17 10:42:55.640085')
('2015-01-17 10:42:56.568236', 'put_channel : channel tb0, group 1, time 2015-01-17 10:42:56.568103')
('2015-01-17 10:42:57.007685', 'put_channel : channel tb0, group 1, time 2015-01-17 10:42:57.007595')
('2015-01-17 10:42:57.031835', 'put_channel : channel tb0, group 1, time 2015-01-17 10:42:57.031747')
('2015-01-17 10:42:57.112096', 'put_channel : channel tb0, group 1, time 2015-01-17 10:42:57.112008')
('2015-01-17 10:42:58.072250', 'put_channel : channel tb0, group 1, time 2015-01-17 10:42:58.072120')
('2015-01-17 10:43:08.348136', 'fd_channel : login[0] 1 login[1] 0 , tb0[0] 0 tb0[1] 43 , tb1[0] 0 tb1[1] 0')
('2015-01-17 10:43:28.339606', 'fd_channel : login[0] 1 login[1] 0 , tb0[0] 0 tb0[1] 42 , tb1[0] 0 tb1[1] 0')
('2015-01-17 10:43:28.536250', 'put_channel : channel tb0, group 1, time 2015-01-17 10:43:28.536118')
('2015-01-17 10:43:29.505789', 'put_channel : channel tb0, group 1, time 2015-01-17 10:43:29.505694')
('2015-01-17 10:43:29.512279', 'put_channel : channel tb0, group 1, time 2015-01-17 10:43:29.512189')
('2015-01-17 10:43:29.561831', 'put_channel : channel tb0, group 1, time 2015-01-17 10:43:29.561741')
('2015-01-17 10:43:30.008357', 'put_channel : channel tb0, group 1, time 2015-01-17 10:43:30.008256')
('2015-01-17 10:43:30.009014', 'put_channel : channel tb0, group 1, time 2015-01-17 10:43:30.008929')
('2015-01-17 10:43:31.064012', 'put_channel : channel tb0, group 1, time 2015-01-17 10:43:31.063922')
('2015-01-17 10:43:31.508057', 'put_channel : channel tb0, group 1, time 2015-01-17 10:43:31.507965')
('2015-01-17 10:43:31.544101', 'put_channel : channel tb0, group 1, time 2015-01-17 10:43:31.544012')
('2015-01-17 10:43:31.608261', 'put_channel : channel tb0, group 1, time 2015-01-17 10:43:31.608130')
('2015-01-17 10:43:32.521902', 'put_channel : channel tb0, group 1, time 2015-01-17 10:43:32.521811')
('2015-01-17 10:43:32.567996', 'put_channel : channel tb0, group 1, time 2015-01-17 10:43:32.567908')
('2015-01-17 10:43:33.007847', 'put_channel : channel tb0, group 1, time 2015-01-17 10:43:33.007756')
('2015-01-17 10:43:33.144260', 'put_channel : channel tb0, group 1, time 2015-01-17 10:43:33.144133')
('2015-01-17 10:43:34.072246', 'put_channel : channel tb0, group 1, time 2015-01-17 10:43:34.072117')
('2015-01-17 10:43:34.507882', 'put_channel : channel tb0, group 1, time 2015-01-17 10:43:34.507793')
('2015-01-17 10:43:43.521680', 'fd_channel : login[0] 1 login[1] 0 , tb0[0] 0 tb0[1] 45 , tb1[0] 0 tb1[1] 0')
('2015-01-17 10:43:44.712502', 'fd_channel : login[0] 1 login[1] 0 , tb0[0] 0 tb0[1] 45 , tb1[0] 0 tb1[1] 0')
('2015-01-17 10:43:45.514435', 'fd_channel : login[0] 1 login[1] 0 , tb0[0] 0 tb0[1] 44 , tb1[0] 0 tb1[1] 0')
('2015-01-17 10:43:46.715348', 'fd_channel : login[0] 1 login[1] 0 , tb0[0] 0 tb0[1] 44 , tb1[0] 0 tb1[1] 0')
('2015-01-17 10:44:05.509871', 'put_channel : channel tb0, group 1, time 2015-01-17 10:44:05.509772')
('2015-01-17 10:44:05.514801', 'put_channel : channel tb0, group 1, time 2015-01-17 10:44:05.514714')
('2015-01-17 10:44:06.008980', 'put_channel : channel tb0, group 1, time 2015-01-17 10:44:06.008880')
('2015-01-17 10:44:06.009303', 'put_channel : channel tb0, group 1, time 2015-01-17 10:44:06.009216')
('2015-01-17 10:44:07.064326', 'put_channel : channel tb0, group 1, time 2015-01-17 10:44:07.064224')
('2015-01-17 10:44:07.509802', 'put_channel : channel tb0, group 1, time 2015-01-17 10:44:07.509710')
('2015-01-17 10:44:07.528395', 'put_channel : channel tb0, group 1, time 2015-01-17 10:44:07.528307')
('2015-01-17 10:44:07.640225', 'put_channel : channel tb0, group 1, time 2015-01-17 10:44:07.640090')
('2015-01-17 10:44:08.520375', 'put_channel : channel tb0, group 1, time 2015-01-17 10:44:08.520279')
('2015-01-17 10:44:08.569546', 'put_channel : channel tb0, group 1, time 2015-01-17 10:44:08.569456')
('2015-01-17 10:44:09.009070', 'put_channel : channel tb0, group 1, time 2015-01-17 10:44:09.008978')
('2015-01-17 10:44:09.113749', 'put_channel : channel tb0, group 1, time 2015-01-17 10:44:09.113658')
('2015-01-17 10:44:10.072079', 'put_channel : channel tb0, group 1, time 2015-01-17 10:44:10.071989')
('2015-01-17 10:44:10.509130', 'put_channel : channel tb0, group 1, time 2015-01-17 10:44:10.509040')
('2015-01-17 10:44:17.527737', 'fd_channel : login[0] 1 login[1] 0 , tb0[0] 0 tb0[1] 43 , tb1[0] 0 tb1[1] 0')
('2015-01-17 10:44:37.519414', 'fd_channel : login[0] 1 login[1] 0 , tb0[0] 0 tb0[1] 42 , tb1[0] 0 tb1[1] 0')
('2015-01-17 10:44:41.506047', 'put_channel : channel tb0, group 1, time 2015-01-17 10:44:41.505952')
('2015-01-17 10:44:41.520423', 'put_channel : channel tb0, group 1, time 2015-01-17 10:44:41.520333')
('2015-01-17 10:44:42.007325', 'put_channel : channel tb0, group 1, time 2015-01-17 10:44:42.007234')
('2015-01-17 10:44:42.012423', 'put_channel : channel tb0, group 1, time 2015-01-17 10:44:42.012332')
('2015-01-17 10:44:43.065811', 'put_channel : channel tb0, group 1, time 2015-01-17 10:44:43.065717')
('2015-01-17 10:44:43.510339', 'put_channel : channel tb0, group 1, time 2015-01-17 10:44:43.510250')
('2015-01-17 10:44:43.529456', 'put_channel : channel tb0, group 1, time 2015-01-17 10:44:43.529367')
('2015-01-17 10:44:43.607913', 'put_channel : channel tb0, group 1, time 2015-01-17 10:44:43.607822')
('2015-01-17 10:44:44.520319', 'put_channel : channel tb0, group 1, time 2015-01-17 10:44:44.520227')
('2015-01-17 10:44:44.568094', 'put_channel : channel tb0, group 1, time 2015-01-17 10:44:44.568005')
('2015-01-17 10:44:45.009686', 'put_channel : channel tb0, group 1, time 2015-01-17 10:44:45.009590')
('2015-01-17 10:44:45.143590', 'put_channel : channel tb0, group 1, time 2015-01-17 10:44:45.143538')
('2015-01-17 10:44:46.073883', 'put_channel : channel tb0, group 1, time 2015-01-17 10:44:46.073791')
('2015-01-17 10:44:46.507820', 'put_channel : channel tb0, group 1, time 2015-01-17 10:44:46.507730')
('2015-01-17 10:44:46.537476', 'put_channel : channel tb0, group 1, time 2015-01-17 10:44:46.537387')
('2015-01-17 10:44:46.616221', 'put_channel : channel tb0, group 1, time 2015-01-17 10:44:46.616086')
('2015-01-17 10:44:49.387262', 'fd_channel : login[0] 1 login[1] 0 , tb0[0] 0 tb0[1] 53 , tb1[0] 0 tb1[1] 0')
('2015-01-17 10:44:50.585147', 'fd_channel : login[0] 1 login[1] 0 , tb0[0] 0 tb0[1] 53 , tb1[0] 0 tb1[1] 0')
('2015-01-17 10:44:51.391134', 'fd_channel : login[0] 1 login[1] 0 , tb0[0] 0 tb0[1] 46 , tb1[0] 0 tb1[1] 0')
('2015-01-17 10:44:52.587938', 'fd_channel : login[0] 1 login[1] 0 , tb0[0] 0 tb0[1] 46 , tb1[0] 0 tb1[1] 0')
('2015-01-17 10:45:18.010205', 'put_channel : channel tb0, group 1, time 2015-01-17 10:45:18.010115')
('2015-01-17 10:45:18.014579', 'put_channel : channel tb0, group 1, time 2015-01-17 10:45:18.014489')
('2015-01-17 10:45:18.041915', 'put_channel : channel tb0, group 1, time 2015-01-17 10:45:18.041823')
('2015-01-17 10:45:19.016036', 'put_channel : channel tb0, group 1, time 2015-01-17 10:45:19.015945')
('2015-01-17 10:45:19.065665', 'put_channel : channel tb0, group 1, time 2015-01-17 10:45:19.065576')
('2015-01-17 10:45:19.508632', 'put_channel : channel tb0, group 1, time 2015-01-17 10:45:19.508497')
('2015-01-17 10:45:19.509304', 'put_channel : channel tb0, group 1, time 2015-01-17 10:45:19.509218')
('2015-01-17 10:45:19.529150', 'put_channel : channel tb0, group 1, time 2015-01-17 10:45:19.529060')
('2015-01-17 10:45:19.640083', 'put_channel : channel tb0, group 1, time 2015-01-17 10:45:19.639993')
('2015-01-17 10:45:20.569351', 'put_channel : channel tb0, group 1, time 2015-01-17 10:45:20.569260')
('2015-01-17 10:45:21.007673', 'put_channel : channel tb0, group 1, time 2015-01-17 10:45:21.007581')
('2015-01-17 10:45:21.032316', 'put_channel : channel tb0, group 1, time 2015-01-17 10:45:21.032225')
('2015-01-17 10:45:21.112266', 'put_channel : channel tb0, group 1, time 2015-01-17 10:45:21.112175')
('2015-01-17 10:45:22.072402', 'put_channel : channel tb0, group 1, time 2015-01-17 10:45:22.072308')
('2015-01-17 10:45:23.390283', 'fd_channel : login[0] 1 login[1] 0 , tb0[0] 0 tb0[1] 58 , tb1[0] 0 tb1[1] 0')
('2015-01-17 10:45:27.790874', 'fd_channel : login[0] 1 login[1] 0 , tb0[0] 0 tb0[1] 45 , tb1[0] 0 tb1[1] 0')
('2015-01-17 10:45:29.991885', 'fd_channel : login[0] 1 login[1] 0 , tb0[0] 0 tb0[1] 43 , tb1[0] 0 tb1[1] 0')
('2015-01-17 10:45:29.993427', 'fd_channel : login[0] 1 login[1] 0 , tb0[0] 0 tb0[1] 42 , tb1[0] 0 tb1[1] 0')
('2015-01-17 10:45:43.391375', 'fd_channel : login[0] 1 login[1] 0 , tb0[0] 0 tb0[1] 41 , tb1[0] 0 tb1[1] 0')
('2015-01-17 10:45:52.536204', 'put_channel : channel tb0, group 1, time 2015-01-17 10:45:52.536064')
('2015-01-17 10:45:53.504318', 'put_channel : channel tb0, group 1, time 2015-01-17 10:45:53.504227')
('2015-01-17 10:45:53.511819', 'put_channel : channel tb0, group 1, time 2015-01-17 10:45:53.511732')
('2015-01-17 10:45:53.560362', 'put_channel : channel tb0, group 1, time 2015-01-17 10:45:53.560273')
('2015-01-17 10:45:54.007330', 'put_channel : channel tb0, group 1, time 2015-01-17 10:45:54.007240')
('2015-01-17 10:45:55.064191', 'put_channel : channel tb0, group 1, time 2015-01-17 10:45:55.064052')
('2015-01-17 10:45:55.507739', 'put_channel : channel tb0, group 1, time 2015-01-17 10:45:55.507649')
('2015-01-17 10:45:55.528264', 'put_channel : channel tb0, group 1, time 2015-01-17 10:45:55.528173')
('2015-01-17 10:45:55.608081', 'put_channel : channel tb0, group 1, time 2015-01-17 10:45:55.607990')
('2015-01-17 10:45:56.520016', 'put_channel : channel tb0, group 1, time 2015-01-17 10:45:56.519926')
('2015-01-17 10:45:56.568019', 'put_channel : channel tb0, group 1, time 2015-01-17 10:45:56.567928')
('2015-01-17 10:45:57.007908', 'put_channel : channel tb0, group 1, time 2015-01-17 10:45:57.007818')
('2015-01-17 10:45:57.144029', 'put_channel : channel tb0, group 1, time 2015-01-17 10:45:57.143940')
('2015-01-17 10:45:58.072257', 'put_channel : channel tb0, group 1, time 2015-01-17 10:45:58.072128')
('2015-01-17 10:45:58.509338', 'put_channel : channel tb0, group 1, time 2015-01-17 10:45:58.509248')
('2015-01-17 10:45:58.536080', 'put_channel : channel tb0, group 1, time 2015-01-17 10:45:58.535990')
('2015-01-17 10:46:05.334951', 'fd_channel : login[0] 1 login[1] 0 , tb0[0] 0 tb0[1] 45 , tb1[0] 0 tb1[1] 0')
('2015-01-17 10:46:06.527907', 'fd_channel : login[0] 1 login[1] 0 , tb0[0] 0 tb0[1] 45 , tb1[0] 0 tb1[1] 0')
('2015-01-17 10:46:07.329427', 'fd_channel : login[0] 1 login[1] 0 , tb0[0] 0 tb0[1] 44 , tb1[0] 0 tb1[1] 0')
('2015-01-17 10:46:08.530691', 'fd_channel : login[0] 1 login[1] 0 , tb0[0] 0 tb0[1] 44 , tb1[0] 0 tb1[1] 0')
('2015-01-17 10:46:30.008255', 'put_channel : channel tb0, group 1, time 2015-01-17 10:46:30.008104')
('2015-01-17 10:46:30.014407', 'put_channel : channel tb0, group 1, time 2015-01-17 10:46:30.014312')
('2015-01-17 10:46:30.040111', 'put_channel : channel tb0, group 1, time 2015-01-17 10:46:30.040021')
('2015-01-17 10:46:31.016307', 'put_channel : channel tb0, group 1, time 2015-01-17 10:46:31.016209')
('2015-01-17 10:46:31.064117', 'put_channel : channel tb0, group 1, time 2015-01-17 10:46:31.064029')
('2015-01-17 10:46:31.529755', 'put_channel : channel tb0, group 1, time 2015-01-17 10:46:31.529662')
('2015-01-17 10:46:31.640399', 'put_channel : channel tb0, group 1, time 2015-01-17 10:46:31.640307')
('2015-01-17 10:46:32.568259', 'put_channel : channel tb0, group 1, time 2015-01-17 10:46:32.568099')
('2015-01-17 10:46:33.032127', 'put_channel : channel tb0, group 1, time 2015-01-17 10:46:33.032035')
('2015-01-17 10:46:33.113832', 'put_channel : channel tb0, group 1, time 2015-01-17 10:46:33.113742')
('2015-01-17 10:46:34.072077', 'put_channel : channel tb0, group 1, time 2015-01-17 10:46:34.071985')
('2015-01-17 10:46:34.648231', 'put_channel : channel tb0, group 1, time 2015-01-17 10:46:34.648098')
('2015-01-17 10:46:35.577608', 'put_channel : channel tb0, group 1, time 2015-01-17 10:46:35.577517')
('2015-01-17 10:46:36.024192', 'put_channel : channel tb0, group 1, time 2015-01-17 10:46:36.024059')
('2015-01-17 10:47:06.139059', 'put_channel : channel tb0, group 0, time 2015-01-17 10:47:06.138951')
('2015-01-17 10:47:09.144527', 'put_channel : channel tb0, group 1, time 2015-01-17 10:47:09.144406')
('2015-01-17 10:47:09.146805', 'put_channel : channel tb0, group 0, time 2015-01-17 10:47:09.146714')
('2015-01-17 10:47:10.617836', 'put_channel : channel tb0, group 1, time 2015-01-17 10:47:10.617732')
('2015-01-17 10:47:12.090831', 'put_channel : channel tb0, group 0, time 2015-01-17 10:47:12.090738')
('2015-01-17 10:47:12.153918', 'put_channel : channel tb0, group 1, time 2015-01-17 10:47:12.153826')
('2015-01-17 10:47:13.624330', 'put_channel : channel tb0, group 1, time 2015-01-17 10:47:13.624236')
('2015-01-17 10:47:15.160652', 'put_channel : channel tb0, group 1, time 2015-01-17 10:47:15.160548')
('2015-01-17 10:47:15.163048', 'put_channel : channel tb0, group 0, time 2015-01-17 10:47:15.162964')
('2015-01-17 10:47:16.632213', 'put_channel : channel tb0, group 1, time 2015-01-17 10:47:16.632080')
('2015-01-17 10:47:17.684385', 'put_channel : channel tb0, group 0, time 2015-01-17 10:47:17.684277')
('2015-01-17 10:47:18.106819', 'put_channel : channel tb0, group 0, time 2015-01-17 10:47:18.106729')
('2015-01-17 10:47:19.681119', 'put_channel : channel tb0, group 0, time 2015-01-17 10:47:19.681027')
('2015-01-17 10:47:21.114904', 'put_channel : channel tb0, group 0, time 2015-01-17 10:47:21.114774')
('2015-01-17 10:47:24.122896', 'put_channel : channel tb0, group 0, time 2015-01-17 10:47:24.122800')
('2015-01-17 10:47:27.132935', 'put_channel : channel tb0, group 0, time 2015-01-17 10:47:27.132820')
('2015-01-17 10:47:30.138872', 'put_channel : channel tb0, group 0, time 2015-01-17 10:47:30.138781')
('2015-01-17 10:47:33.148934', 'put_channel : channel tb0, group 0, time 2015-01-17 10:47:33.148838')
('2015-01-17 10:48:15.560563', 'fd_channel : login[0] 1 login[1] 0 , tb0[0] 11 tb0[1] 64 , tb1[0] 0 tb1[1] 0')
('2015-01-17 10:48:18.618288', 'fd_channel : login[0] 1 login[1] 0 , tb0[0] 10 tb0[1] 64 , tb1[0] 0 tb1[1] 0')
('2015-01-17 10:48:20.666255', 'fd_channel : login[0] 1 login[1] 0 , tb0[0] 9 tb0[1] 64 , tb1[0] 0 tb1[1] 0')
('2015-01-17 11:27:46.509322', 'put_channel : channel tb1, group 1, time 2015-01-17 11:27:46.509152')
('2015-01-17 11:27:46.513054', 'put_channel : channel tb1, group 0, time 2015-01-17 11:27:46.512964')
('2015-01-17 11:27:48.015286', 'put_channel : channel tb1, group 1, time 2015-01-17 11:27:48.015192')
('2015-01-17 11:27:48.015920', 'put_channel : channel tb1, group 0, time 2015-01-17 11:27:48.015837')
('2015-01-17 11:27:49.517750', 'put_channel : channel tb1, group 0, time 2015-01-17 11:27:49.517652')
('2015-01-17 11:27:49.518396', 'put_channel : channel tb1, group 1, time 2015-01-17 11:27:49.518312')
('2015-01-17 11:27:51.007651', 'put_channel : channel tb1, group 1, time 2015-01-17 11:27:51.007557')
('2015-01-17 11:27:51.012790', 'put_channel : channel tb1, group 0, time 2015-01-17 11:27:51.012701')
('2015-01-17 11:27:52.508383', 'put_channel : channel tb1, group 1, time 2015-01-17 11:27:52.508283')
('2015-01-17 11:27:52.510615', 'put_channel : channel tb1, group 0, time 2015-01-17 11:27:52.510532')
('2015-01-17 11:27:54.009875', 'put_channel : channel tb1, group 1, time 2015-01-17 11:27:54.009781')
('2015-01-17 11:27:54.011765', 'put_channel : channel tb1, group 0, time 2015-01-17 11:27:54.011672')
('2015-01-17 11:27:55.508518', 'put_channel : channel tb1, group 1, time 2015-01-17 11:27:55.508360')
('2015-01-17 11:27:55.511690', 'put_channel : channel tb1, group 0, time 2015-01-17 11:27:55.511599')
('2015-01-17 11:27:57.008212', 'put_channel : channel tb1, group 1, time 2015-01-17 11:27:57.008069')
('2015-01-17 11:27:57.012826', 'put_channel : channel tb1, group 0, time 2015-01-17 11:27:57.012736')
('2015-01-17 11:27:58.508422', 'put_channel : channel tb1, group 1, time 2015-01-17 11:27:58.508327')
('2015-01-17 11:27:58.513121', 'put_channel : channel tb1, group 0, time 2015-01-17 11:27:58.513032')
('2015-01-17 11:28:00.013098', 'put_channel : channel tb1, group 1, time 2015-01-17 11:28:00.013003')
('2015-01-17 11:28:00.013737', 'put_channel : channel tb1, group 0, time 2015-01-17 11:28:00.013653')
('2015-01-17 11:28:01.510286', 'put_channel : channel tb1, group 1, time 2015-01-17 11:28:01.510193')
('2015-01-17 11:28:01.511586', 'put_channel : channel tb1, group 0, time 2015-01-17 11:28:01.511500')
('2015-01-17 11:28:03.010268', 'put_channel : channel tb1, group 1, time 2015-01-17 11:28:03.010154')
('2015-01-17 11:28:03.011545', 'put_channel : channel tb1, group 0, time 2015-01-17 11:28:03.011458')
('2015-01-17 11:28:04.509932', 'put_channel : channel tb1, group 1, time 2015-01-17 11:28:04.509840')
('2015-01-17 11:28:04.511878', 'put_channel : channel tb1, group 0, time 2015-01-17 11:28:04.511785')
('2015-01-17 11:28:06.025632', 'put_channel : channel tb1, group 1, time 2015-01-17 11:28:06.025526')
('2015-01-17 11:28:07.006956', 'put_channel : channel tb1, group 0, time 2015-01-17 11:28:07.006862')
('2015-01-17 11:28:07.522120', 'put_channel : channel tb1, group 1, time 2015-01-17 11:28:07.522011')
('2015-01-17 11:28:07.522695', 'put_channel : channel tb1, group 0, time 2015-01-17 11:28:07.522609')
('2015-01-17 11:28:09.008063', 'put_channel : channel tb1, group 1, time 2015-01-17 11:28:09.007970')
('2015-01-17 11:28:09.012312', 'put_channel : channel tb1, group 0, time 2015-01-17 11:28:09.012224')
('2015-01-17 11:28:10.510006', 'put_channel : channel tb1, group 1, time 2015-01-17 11:28:10.509912')
('2015-01-17 11:28:10.511912', 'put_channel : channel tb1, group 0, time 2015-01-17 11:28:10.511820')
('2015-01-17 11:28:12.013177', 'put_channel : channel tb1, group 1, time 2015-01-17 11:28:12.013080')
('2015-01-17 11:28:12.019748', 'put_channel : channel tb1, group 0, time 2015-01-17 11:28:12.019657')
('2015-01-17 11:28:13.516642', 'put_channel : channel tb1, group 0, time 2015-01-17 11:28:13.516549')
('2015-01-17 11:28:15.011167', 'put_channel : channel tb1, group 0, time 2015-01-17 11:28:15.011053')
('2015-01-17 11:28:16.511422', 'put_channel : channel tb1, group 0, time 2015-01-17 11:28:16.511314')
('2015-01-17 11:28:18.013065', 'put_channel : channel tb1, group 0, time 2015-01-17 11:28:18.012970')
('2015-01-17 11:28:19.511976', 'put_channel : channel tb1, group 0, time 2015-01-17 11:28:19.511879')
('2015-01-17 11:28:21.012329', 'put_channel : channel tb1, group 0, time 2015-01-17 11:28:21.012208')
('2015-01-17 11:28:22.509811', 'put_channel : channel tb1, group 0, time 2015-01-17 11:28:22.509710')
('2015-01-17 11:28:25.029938', 'put_channel : channel tb1, group 0, time 2015-01-17 11:28:25.029827')
('2015-01-17 11:28:25.511836', 'put_channel : channel tb1, group 0, time 2015-01-17 11:28:25.511744')
('2015-01-17 11:28:27.011284', 'put_channel : channel tb1, group 0, time 2015-01-17 11:28:27.011188')
('2015-01-17 11:28:28.510023', 'put_channel : channel tb1, group 0, time 2015-01-17 11:28:28.509927')
('2015-01-17 11:28:30.011073', 'put_channel : channel tb1, group 0, time 2015-01-17 11:28:30.010977')
('2015-01-17 11:28:31.510985', 'put_channel : channel tb1, group 0, time 2015-01-17 11:28:31.510891')
('2015-01-17 11:28:33.012291', 'put_channel : channel tb1, group 0, time 2015-01-17 11:28:33.012134')
('2015-01-17 11:28:34.511474', 'put_channel : channel tb1, group 0, time 2015-01-17 11:28:34.511325')
('2015-01-17 11:28:36.027034', 'put_channel : channel tb1, group 1, time 2015-01-17 11:28:36.026935')
('2015-01-17 11:28:36.030578', 'put_channel : channel tb1, group 0, time 2015-01-17 11:28:36.030491')
('2015-01-17 11:28:36.056612', 'put_channel : channel tb1, group 1, time 2015-01-17 11:28:36.056523')
('2015-01-17 11:28:37.016413', 'put_channel : channel tb1, group 1, time 2015-01-17 11:28:37.016318')
('2015-01-17 11:28:37.019049', 'put_channel : channel tb1, group 1, time 2015-01-17 11:28:37.018960')
('2015-01-17 11:28:37.508783', 'put_channel : channel tb1, group 1, time 2015-01-17 11:28:37.508690')
('2015-01-17 11:28:37.510871', 'put_channel : channel tb1, group 1, time 2015-01-17 11:28:37.510781')
('2015-01-17 11:28:37.514827', 'put_channel : channel tb1, group 0, time 2015-01-17 11:28:37.514738')
('2015-01-17 11:28:37.528798', 'put_channel : channel tb1, group 1, time 2015-01-17 11:28:37.528708')
('2015-01-17 11:28:38.520286', 'put_channel : channel tb1, group 1, time 2015-01-17 11:28:38.520193')
('2015-01-17 11:28:39.010100', 'put_channel : channel tb1, group 1, time 2015-01-17 11:28:39.010009')
('2015-01-17 11:28:39.011939', 'put_channel : channel tb1, group 0, time 2015-01-17 11:28:39.011852')
('2015-01-17 11:28:39.033755', 'put_channel : channel tb1, group 1, time 2015-01-17 11:28:39.033665')
('2015-01-17 11:28:40.506580', 'put_channel : channel tb1, group 1, time 2015-01-17 11:28:40.506489')
('2015-01-17 11:28:40.509794', 'put_channel : channel tb1, group 0, time 2015-01-17 11:28:40.509740')
('2015-01-17 11:28:40.537102', 'put_channel : channel tb1, group 1, time 2015-01-17 11:28:40.537051')
('2015-01-17 11:28:42.010496', 'put_channel : channel tb1, group 1, time 2015-01-17 11:28:42.010400')
('2015-01-17 11:28:42.014674', 'put_channel : channel tb1, group 0, time 2015-01-17 11:28:42.014583')
('2015-01-17 11:28:42.042678', 'put_channel : channel tb1, group 1, time 2015-01-17 11:28:42.042586')
('2015-01-17 11:28:43.508480', 'put_channel : channel tb1, group 1, time 2015-01-17 11:28:43.508358')
('2015-01-17 11:28:43.511446', 'put_channel : channel tb1, group 0, time 2015-01-17 11:28:43.511355')
('2015-01-17 11:28:43.528243', 'put_channel : channel tb1, group 1, time 2015-01-17 11:28:43.528102')
('2015-01-17 11:28:44.568385', 'put_channel : channel tb1, group 1, time 2015-01-17 11:28:44.568293')
('2015-01-17 11:28:45.011336', 'put_channel : channel tb1, group 0, time 2015-01-17 11:28:45.011242')
('2015-01-17 11:28:46.509460', 'put_channel : channel tb1, group 0, time 2015-01-17 11:28:46.509349')
('2015-01-17 11:28:48.016503', 'put_channel : channel tb1, group 0, time 2015-01-17 11:28:48.016410')
('2015-01-17 11:28:49.513009', 'put_channel : channel tb1, group 0, time 2015-01-17 11:28:49.512912')
('2015-01-17 11:28:51.011176', 'put_channel : channel tb1, group 0, time 2015-01-17 11:28:51.011082')
('2015-01-17 11:28:52.512656', 'put_channel : channel tb1, group 0, time 2015-01-17 11:28:52.512556')
('2015-01-17 11:28:54.017821', 'put_channel : channel tb1, group 0, time 2015-01-17 11:28:54.017730')
('2015-01-17 11:28:55.514910', 'put_channel : channel tb1, group 0, time 2015-01-17 11:28:55.514817')
('2015-01-17 11:28:56.504391', 'put_channel : channel tb1, group 1, time 2015-01-17 11:28:56.504300')
('2015-01-17 11:28:56.521740', 'put_channel : channel tb1, group 1, time 2015-01-17 11:28:56.521650')
('2015-01-17 11:28:57.008747', 'put_channel : channel tb1, group 1, time 2015-01-17 11:28:57.008601')
('2015-01-17 11:28:57.009358', 'put_channel : channel tb1, group 1, time 2015-01-17 11:28:57.009265')
('2015-01-17 11:28:57.012896', 'put_channel : channel tb1, group 0, time 2015-01-17 11:28:57.012806')
('2015-01-17 11:28:58.019029', 'put_channel : channel tb1, group 1, time 2015-01-17 11:28:58.018912')
('2015-01-17 11:28:58.509507', 'put_channel : channel tb1, group 1, time 2015-01-17 11:28:58.509414')
('2015-01-17 11:28:58.511529', 'put_channel : channel tb1, group 0, time 2015-01-17 11:28:58.511438')
('2015-01-17 11:28:59.512099', 'put_channel : channel tb1, group 1, time 2015-01-17 11:28:59.512007')
('2015-01-17 11:29:00.016015', 'put_channel : channel tb1, group 0, time 2015-01-17 11:29:00.015921')
('2015-01-17 11:29:00.016610', 'put_channel : channel tb1, group 1, time 2015-01-17 11:29:00.016523')
('2015-01-17 11:29:00.047318', 'put_channel : channel tb1, group 1, time 2015-01-17 11:29:00.047229')
('2015-01-17 11:29:01.511193', 'put_channel : channel tb1, group 1, time 2015-01-17 11:29:01.511072')
('2015-01-17 11:29:01.511970', 'put_channel : channel tb1, group 0, time 2015-01-17 11:29:01.511876')
('2015-01-17 11:29:01.530178', 'put_channel : channel tb1, group 1, time 2015-01-17 11:29:01.530087')
('2015-01-17 11:29:03.010310', 'put_channel : channel tb1, group 1, time 2015-01-17 11:29:03.010214')
('2015-01-17 11:29:03.013396', 'put_channel : channel tb1, group 0, time 2015-01-17 11:29:03.013307')
('2015-01-17 11:29:03.033839', 'put_channel : channel tb1, group 1, time 2015-01-17 11:29:03.033750')
('2015-01-17 11:29:04.512493', 'put_channel : channel tb1, group 0, time 2015-01-17 11:29:04.512395')
('2015-01-17 11:29:06.012839', 'put_channel : channel tb1, group 0, time 2015-01-17 11:29:06.012744')
('2015-01-17 11:29:07.511971', 'put_channel : channel tb1, group 0, time 2015-01-17 11:29:07.511871')
('2015-01-17 11:29:09.010509', 'put_channel : channel tb1, group 0, time 2015-01-17 11:29:09.010417')
('2015-01-17 11:29:10.512442', 'put_channel : channel tb1, group 0, time 2015-01-17 11:29:10.512345')
('2015-01-17 11:29:12.016072', 'put_channel : channel tb1, group 0, time 2015-01-17 11:29:12.015971')
('2015-01-17 11:29:13.535512', 'put_channel : channel tb1, group 0, time 2015-01-17 11:29:13.535419')
('2015-01-17 11:29:15.014812', 'put_channel : channel tb1, group 0, time 2015-01-17 11:29:15.014693')
('2015-01-17 11:29:16.540847', 'put_channel : channel tb1, group 0, time 2015-01-17 11:29:16.540734')
('2015-01-17 11:29:18.012492', 'put_channel : channel tb1, group 0, time 2015-01-17 11:29:18.012398')
('2015-01-17 11:29:19.546295', 'put_channel : channel tb1, group 0, time 2015-01-17 11:29:19.546195')
('2015-01-17 11:29:21.011478', 'put_channel : channel tb1, group 0, time 2015-01-17 11:29:21.011359')
('2015-01-17 11:29:23.545181', 'put_channel : channel tb1, group 0, time 2015-01-17 11:29:23.545067')
('2015-01-17 11:29:24.020308', 'put_channel : channel tb1, group 0, time 2015-01-17 11:29:24.020214')
('2015-01-17 11:29:25.539360', 'put_channel : channel tb1, group 0, time 2015-01-17 11:29:25.539266')
('2015-01-17 11:29:28.012671', 'put_channel : channel tb1, group 0, time 2015-01-17 11:29:28.012537')
('2015-01-17 11:29:29.539245', 'put_channel : channel tb1, group 0, time 2015-01-17 11:29:29.539142')
('2015-01-17 11:29:30.012904', 'put_channel : channel tb1, group 0, time 2015-01-17 11:29:30.012814')
('2015-01-17 11:29:32.533617', 'put_channel : channel tb1, group 0, time 2015-01-17 11:29:32.533404')
('2015-01-17 11:29:33.010798', 'put_channel : channel tb1, group 0, time 2015-01-17 11:29:33.010708')
('2015-01-17 11:29:34.529639', 'put_channel : channel tb1, group 0, time 2015-01-17 11:29:34.529507')
('2015-01-17 11:29:36.013879', 'fd_channel : login[0] 1 login[1] 0 , tb0[0] 9 tb0[1] 64 , tb1[0] 73 tb1[1] 47')
('2015-01-17 11:29:36.016041', 'fd_channel : login[0] 1 login[1] 0 , tb0[0] 9 tb0[1] 64 , tb1[0] 73 tb1[1] 46')
('2015-01-17 11:29:36.017590', 'fd_channel : login[0] 1 login[1] 0 , tb0[0] 9 tb0[1] 64 , tb1[0] 73 tb1[1] 45')
('2015-01-17 11:29:36.022151', 'fd_channel : login[0] 1 login[1] 0 , tb0[0] 9 tb0[1] 64 , tb1[0] 73 tb1[1] 44')
('2015-01-17 11:29:36.023597', 'fd_channel : login[0] 1 login[1] 0 , tb0[0] 9 tb0[1] 64 , tb1[0] 73 tb1[1] 43')
('2015-01-17 11:29:36.025940', 'fd_channel : login[0] 1 login[1] 0 , tb0[0] 9 tb0[1] 64 , tb1[0] 73 tb1[1] 42')
('2015-01-17 11:29:36.027064', 'put_channel : channel tb1, group 0, time 2015-01-17 11:29:36.026965')
('2015-01-17 11:29:36.029206', 'fd_channel : login[0] 1 login[1] 0 , tb0[0] 9 tb0[1] 64 , tb1[0] 74 tb1[1] 41')
('2015-01-17 11:29:36.030601', 'fd_channel : login[0] 1 login[1] 0 , tb0[0] 9 tb0[1] 64 , tb1[0] 74 tb1[1] 40')
('2015-01-17 11:29:36.032995', 'fd_channel : login[0] 1 login[1] 0 , tb0[0] 9 tb0[1] 64 , tb1[0] 74 tb1[1] 39')
('2015-01-17 11:29:37.531194', 'put_channel : channel tb1, group 0, time 2015-01-17 11:29:37.531094')
('2015-01-17 11:29:39.021527', 'put_channel : channel tb1, group 0, time 2015-01-17 11:29:39.021436')
('2015-01-17 11:29:39.029112', 'fd_channel : login[0] 1 login[1] 0 , tb0[0] 9 tb0[1] 64 , tb1[0] 76 tb1[1] 38')
('2015-01-17 11:29:40.543572', 'put_channel : channel tb1, group 0, time 2015-01-17 11:29:40.543462')
('2015-01-17 11:29:42.027530', 'put_channel : channel tb1, group 0, time 2015-01-17 11:29:42.027421')
('2015-01-17 11:29:42.372687', 'fd_channel : login[0] 1 login[1] 0 , tb0[0] 9 tb0[1] 64 , tb1[0] 78 tb1[1] 37')
('2015-01-17 11:29:42.374591', 'fd_channel : login[0] 1 login[1] 0 , tb0[0] 9 tb0[1] 64 , tb1[0] 78 tb1[1] 36')
('2015-01-17 11:29:43.021634', 'fd_channel : login[0] 1 login[1] 0 , tb0[0] 9 tb0[1] 64 , tb1[0] 78 tb1[1] 35')
('2015-01-17 11:29:43.023918', 'fd_channel : login[0] 1 login[1] 0 , tb0[0] 9 tb0[1] 64 , tb1[0] 78 tb1[1] 34')
('2015-01-17 11:29:43.029428', 'fd_channel : login[0] 1 login[1] 0 , tb0[0] 9 tb0[1] 64 , tb1[0] 78 tb1[1] 33')
('2015-01-17 11:29:43.031085', 'fd_channel : login[0] 1 login[1] 0 , tb0[0] 9 tb0[1] 64 , tb1[0] 78 tb1[1] 32')
('2015-01-17 11:29:43.064227', 'put_channel : channel tb1, group 1, time 2015-01-17 11:29:43.064087')
('2015-01-17 11:29:43.508433', 'put_channel : channel tb1, group 1, time 2015-01-17 11:29:43.508342')
('2015-01-17 11:29:43.528110', 'put_channel : channel tb1, group 1, time 2015-01-17 11:29:43.528019')
('2015-01-17 11:29:43.541091', 'put_channel : channel tb1, group 0, time 2015-01-17 11:29:43.540998')
('2015-01-17 11:29:44.568198', 'put_channel : channel tb1, group 1, time 2015-01-17 11:29:44.568056')
('2015-01-17 11:29:45.013245', 'put_channel : channel tb1, group 0, time 2015-01-17 11:29:45.013146')
('2015-01-17 11:29:45.377944', 'fd_channel : login[0] 1 login[1] 0 , tb0[0] 9 tb0[1] 64 , tb1[0] 80 tb1[1] 35')
('2015-01-17 11:29:45.379893', 'fd_channel : login[0] 1 login[1] 0 , tb0[0] 9 tb0[1] 64 , tb1[0] 80 tb1[1] 34')
('2015-01-17 11:29:46.031608', 'fd_channel : login[0] 1 login[1] 0 , tb0[0] 9 tb0[1] 64 , tb1[0] 80 tb1[1] 33')
('2015-01-17 11:29:46.509877', 'put_channel : channel tb1, group 1, time 2015-01-17 11:29:46.509785')
('2015-01-17 11:29:46.541218', 'put_channel : channel tb1, group 0, time 2015-01-17 11:29:46.541126')
('2015-01-17 11:29:48.019806', 'put_channel : channel tb1, group 0, time 2015-01-17 11:29:48.019713')
('2015-01-17 11:29:49.370777', 'fd_channel : login[0] 1 login[1] 0 , tb0[0] 9 tb0[1] 64 , tb1[0] 82 tb1[1] 33')
('2015-01-17 11:29:50.544512', 'put_channel : channel tb1, group 0, time 2015-01-17 11:29:50.544419')
('2015-01-17 11:29:51.009686', 'put_channel : channel tb1, group 1, time 2015-01-17 11:29:51.009591')
('2015-01-17 11:29:52.032954', 'put_channel : channel tb1, group 0, time 2015-01-17 11:29:52.032858')
('2015-01-17 11:29:53.517808', 'put_channel : channel tb1, group 1, time 2015-01-17 11:29:53.517714')
('2015-01-17 11:29:53.561904', 'put_channel : channel tb1, group 1, time 2015-01-17 11:29:53.561813')
('2015-01-17 11:29:54.044635', 'put_channel : channel tb1, group 0, time 2015-01-17 11:29:54.044544')
('2015-01-17 11:29:55.008393', 'put_channel : channel tb1, group 1, time 2015-01-17 11:29:55.008299')
('2015-01-17 11:29:55.508504', 'put_channel : channel tb1, group 1, time 2015-01-17 11:29:55.508411')
('2015-01-17 11:29:55.542032', 'put_channel : channel tb1, group 0, time 2015-01-17 11:29:55.541943')
('2015-01-17 11:29:56.302365', 'fd_channel : login[0] 1 login[1] 0 , tb0[0] 9 tb0[1] 64 , tb1[0] 86 tb1[1] 37')
('2015-01-17 11:29:56.304608', 'fd_channel : login[0] 1 login[1] 0 , tb0[0] 9 tb0[1] 64 , tb1[0] 86 tb1[1] 36')
('2015-01-17 11:29:56.311092', 'fd_channel : login[0] 1 login[1] 0 , tb0[0] 9 tb0[1] 64 , tb1[0] 86 tb1[1] 35')
('2015-01-17 11:29:56.312624', 'fd_channel : login[0] 1 login[1] 0 , tb0[0] 9 tb0[1] 64 , tb1[0] 86 tb1[1] 34')
('2015-01-17 11:29:56.314475', 'fd_channel : login[0] 1 login[1] 0 , tb0[0] 9 tb0[1] 64 , tb1[0] 86 tb1[1] 33')
('2015-01-17 11:29:56.316101', 'fd_channel : login[0] 1 login[1] 0 , tb0[0] 9 tb0[1] 64 , tb1[0] 86 tb1[1] 32')
('2015-01-17 11:29:56.317626', 'fd_channel : login[0] 1 login[1] 0 , tb0[0] 9 tb0[1] 64 , tb1[0] 86 tb1[1] 31')
('2015-01-17 11:29:56.319680', 'fd_channel : login[0] 1 login[1] 0 , tb0[0] 9 tb0[1] 64 , tb1[0] 86 tb1[1] 30')
('2015-01-17 11:29:56.323820', 'fd_channel : login[0] 1 login[1] 0 , tb0[0] 9 tb0[1] 64 , tb1[0] 86 tb1[1] 29')
('2015-01-17 11:29:56.537733', 'put_channel : channel tb1, group 0, time 2015-01-17 11:29:56.537641')
('2015-01-17 11:29:57.038306', 'put_channel : channel tb1, group 0, time 2015-01-17 11:29:57.038216')
('2015-01-17 11:29:59.060590', 'fd_channel : login[0] 1 login[1] 0 , tb0[0] 9 tb0[1] 64 , tb1[0] 87 tb1[1] 28')
('2015-01-17 11:29:59.076934', 'fd_channel : login[0] 1 login[1] 0 , tb0[0] 9 tb0[1] 64 , tb1[0] 74 tb1[1] 28')
('2015-01-17 11:29:59.126074', 'fd_channel : login[0] 1 login[1] 0 , tb0[0] 9 tb0[1] 64 , tb1[0] 73 tb1[1] 28')
('2015-01-17 11:29:59.128053', 'fd_channel : login[0] 1 login[1] 0 , tb0[0] 9 tb0[1] 64 , tb1[0] 73 tb1[1] 27')
('2015-01-17 11:29:59.283411', 'fd_channel : login[0] 1 login[1] 0 , tb0[0] 9 tb0[1] 64 , tb1[0] 72 tb1[1] 27')
('2015-01-17 11:29:59.285375', 'fd_channel : login[0] 1 login[1] 0 , tb0[0] 9 tb0[1] 64 , tb1[0] 72 tb1[1] 26')
('2015-01-17 11:29:59.319014', 'fd_channel : login[0] 1 login[1] 0 , tb0[0] 9 tb0[1] 64 , tb1[0] 72 tb1[1] 25')
('2015-01-17 11:29:59.540809', 'put_channel : channel tb1, group 0, time 2015-01-17 11:29:59.540719')
('2015-01-17 11:29:59.762554', 'fd_channel : login[0] 1 login[1] 0 , tb0[0] 9 tb0[1] 64 , tb1[0] 72 tb1[1] 25')
('2015-01-17 11:29:59.764079', 'fd_channel : login[0] 1 login[1] 0 , tb0[0] 9 tb0[1] 64 , tb1[0] 72 tb1[1] 24')
('2015-01-17 11:30:00.185248', 'fd_channel : login[0] 1 login[1] 0 , tb0[0] 9 tb0[1] 64 , tb1[0] 72 tb1[1] 23')
('2015-01-17 11:30:01.130633', 'fd_channel : login[0] 1 login[1] 0 , tb0[0] 9 tb0[1] 64 , tb1[0] 71 tb1[1] 23')
('2015-01-17 11:30:01.132690', 'fd_channel : login[0] 1 login[1] 0 , tb0[0] 9 tb0[1] 64 , tb1[0] 71 tb1[1] 22')
('2015-01-17 11:30:01.140542', 'worker [4] stopping')
('2015-01-17 11:30:01.199318', 'fd_channel : login[0] 1 login[1] 0 , tb0[0] 9 tb0[1] 64 , tb1[0] 71 tb1[1] 21')
('2015-01-17 11:30:01.858830', 'fd_channel : login[0] 1 login[1] 0 , tb0[0] 9 tb0[1] 64 , tb1[0] 70 tb1[1] 21')
('2015-01-17 11:30:02.322458', 'fd_channel : login[0] 1 login[1] 0 , tb0[0] 9 tb0[1] 64 , tb1[0] 70 tb1[1] 20')
('2015-01-17 11:30:02.646544', 'fd_channel : login[0] 1 login[1] 0 , tb0[0] 9 tb0[1] 64 , tb1[0] 70 tb1[1] 19')
('2015-01-17 11:30:03.070498', 'put_channel : channel tb1, group 0, time 2015-01-17 11:30:03.070405')
('2015-01-17 11:30:03.188491', 'fd_channel : login[0] 1 login[1] 0 , tb0[0] 9 tb0[1] 64 , tb1[0] 71 tb1[1] 18')
('2015-01-17 11:30:03.320591', 'fd_channel : login[0] 1 login[1] 0 , tb0[0] 9 tb0[1] 64 , tb1[0] 71 tb1[1] 17')
('2015-01-17 11:30:04.202452', 'fd_channel : login[0] 1 login[1] 0 , tb0[0] 9 tb0[1] 64 , tb1[0] 71 tb1[1] 16')
('2015-01-17 11:30:05.513856', 'put_channel : channel tb1, group 1, time 2015-01-17 11:30:05.513758')
('2015-01-17 11:30:05.650932', 'fd_channel : login[0] 1 login[1] 0 , tb0[0] 9 tb0[1] 64 , tb1[0] 71 tb1[1] 16')
('2015-01-17 11:30:06.323758', 'fd_channel : login[0] 1 login[1] 0 , tb0[0] 9 tb0[1] 64 , tb1[0] 71 tb1[1] 15')
('2015-01-17 11:30:12.125188', 'put_channel : channel tb1, group 1, time 2015-01-17 11:30:12.125088')
('2015-01-17 11:30:18.137995', 'put_channel : channel tb1, group 1, time 2015-01-17 11:30:18.137895')
('2015-01-17 11:30:19.609985', 'put_channel : channel tb1, group 1, time 2015-01-17 11:30:19.609864')
('2015-01-17 11:30:30.106536', 'put_channel : channel tb1, group 1, time 2015-01-17 11:30:30.106394')
('2015-01-17 11:30:40.606830', 'put_channel : channel tb1, group 1, time 2015-01-17 11:30:40.606703')
('2015-01-17 11:30:52.632273', 'put_channel : channel tb1, group 1, time 2015-01-17 11:30:52.632102')
('2015-01-17 11:31:00.120406', 'put_channel : channel tb1, group 1, time 2015-01-17 11:31:00.120267')
