('2015-01-17 09:36:39.030669', 'client 52391372 login 崔岩 211202197408291012')
('2015-01-17 09:36:39.230629', 'client 52496901 login 肖宏 360403197701020034')
('2015-01-17 09:36:40.519245', 'client 52370170 login 唐吉海 422431197304091318')
('2015-01-17 09:36:40.733089', 'client 52480495 login 张志杰 310115198411180958')
('2015-01-17 09:36:42.020672', 'client 52497799 login 苑世民 130981198410175616')
('2015-01-17 09:36:42.239623', 'client 52342316 login 王兴建 370102198407192111')
('2015-01-17 09:36:43.517377', 'client 52472272 login 徐霖翔 310110198702091013')
('2015-01-17 09:36:43.739719', 'client 52468792 login 丁忠华 310113195608037315')
('2015-01-17 09:36:45.018509', 'client 52783352 login 陆彩云 310115198212083864')
('2015-01-17 10:34:34.437693', 'client 52497799 bid 0 image ACEDB6F363C5F732C1B57C6998D0D40B 464526 ')
('2015-01-17 10:34:35.365561', 'client 52391372 bid 0 image 49D54ED3C2AA447D394A92A63F220D28 616391 ')
('2015-01-17 10:34:35.403864', 'client 52472272 bid 0 image 44DE2EC99FE44A9E9BCCE0F6CC664E8F 150928 ')
('2015-01-17 10:34:36.495719', 'client 52783352 bid 0 image D9A8E48E6A6C0E1C522E7E7FA06C6131 806160 ')
('2015-01-17 10:34:38.606016', 'client 52370170 bid 0 image 7A1E0885E5C5FFBC3AEDA99CECA73A98 519160 ')
('2015-01-17 10:34:38.683836', 'client 52496901 bid 0 image 9DDF1F5916F3DC0057053BD346C450CB 949252 ')
('2015-01-17 10:34:39.745316', 'client 52480495 bid 0 image 22D8A1EEACCE813FF053CC86B0568058 261648 ')
('2015-01-17 10:34:40.803603', 'client 52342316 bid 0 image B9DBDF5A69686C3709BA73AC3113710D 461939 ')
('2015-01-17 10:34:43.893621', 'client 52468792 bid 0 image 05A4506E85F595BA340893F542F82075 806461 ')
('2015-01-17 10:35:00.434618', 'client 52497799 bid 0 price 73700 苑世民 130981198410175616')
('2015-01-17 10:35:01.351430', 'client 52391372 bid 0 price 73700 崔岩 211202197408291012')
('2015-01-17 10:35:01.380844', 'client 52472272 bid 0 price 73700 徐霖翔 310110198702091013')
('2015-01-17 10:35:02.501730', 'client 52783352 bid 0 price 73700 陆彩云 310115198212083864')
('2015-01-17 10:35:04.623832', 'client 52370170 bid 0 price 73700 唐吉海 422431197304091318')
('2015-01-17 10:35:04.688347', 'client 52496901 bid 0 price 73700 肖宏 360403197701020034')
('2015-01-17 10:35:05.745185', 'client 52480495 bid 0 price 73700 张志杰 310115198411180958')
('2015-01-17 10:35:06.798805', 'client 52342316 bid 0 price 73700 王兴建 370102198407192111')
('2015-01-17 10:35:09.864475', 'client 52468792 bid 0 price 73700 丁忠华 310113195608037315')
('2015-01-17 11:29:38.368272', 'client 52480495 bid 1 image F76C592308A7DC6622DDB8F0F0082849 462938 ')
('2015-01-17 11:29:38.936056', 'client 52496901 bid 1 image 5016FBB1B3CA668398ED1917B5E0AEBF 625152 ')
('2015-01-17 11:29:38.941638', 'client 52342316 bid 1 image 80F04952386BEA310A42E31115CF94CB 929290 ')
('2015-01-17 11:29:42.996712', 'client 52370170 bid 1 image 00113C2E93C76E40606D622EE1EC7DCD 490939 ')
('2015-01-17 11:29:46.170045', 'client 52497799 bid 1 image 2C74C84CB1EA27553460D62C6E48635E 054606 ')
('2015-01-17 11:29:47.124075', 'client 52472272 bid 1 image 5233773CB804F31D6D7C7D1CD5FC1300 284905 ')
('2015-01-17 11:29:49.406829', 'client 52783352 bid 1 image 3ED645F47598EB03DAEA1AF7B5918735 180616 ')
('2015-01-17 11:29:49.637651', 'client 52391372 bid 1 image A42D9D7B625D2E527289E9AE6050B721 618164 ')
('2015-01-17 11:29:52.382685', 'client 52468792 bid 1 image Failed')
('2015-01-17 11:29:52.382793', 'client 52468792 bid 1 failed. Abort.....')
('2015-01-17 11:29:56.386483', 'client 52391372 bid 1 cancel')
('2015-01-17 11:29:56.386625', 'client 52391372 bid 1 price Failed')
('2015-01-17 11:29:56.386671', 'client 52391372 bid 1 failed. Abort.....')
('2015-01-17 11:29:56.387524', 'client 52370170 bid 1 cancel')
('2015-01-17 11:29:56.387604', 'client 52370170 bid 1 price Failed')
('2015-01-17 11:29:56.387649', 'client 52370170 bid 1 failed. Abort.....')
('2015-01-17 11:29:56.388918', 'client 52497799 bid 1 cancel')
('2015-01-17 11:29:56.388972', 'client 52497799 bid 1 price Failed')
('2015-01-17 11:29:56.389011', 'client 52497799 bid 1 failed. Abort.....')
('2015-01-17 11:29:56.389427', 'client 52342316 bid 1 cancel')
('2015-01-17 11:29:56.389492', 'client 52342316 bid 1 price Failed')
('2015-01-17 11:29:56.389536', 'client 52342316 bid 1 failed. Abort.....')
('2015-01-17 11:29:56.390627', 'client 52472272 bid 1 cancel')
('2015-01-17 11:29:56.390688', 'client 52472272 bid 1 price Failed')
('2015-01-17 11:29:56.390731', 'client 52472272 bid 1 failed. Abort.....')
('2015-01-17 11:29:56.392878', 'client 52496901 bid 1 cancel')
('2015-01-17 11:29:56.392937', 'client 52496901 bid 1 price Failed')
('2015-01-17 11:29:56.392979', 'client 52496901 bid 1 failed. Abort.....')
('2015-01-17 11:29:56.394355', 'client 52480495 bid 1 cancel')
('2015-01-17 11:29:56.394418', 'client 52480495 bid 1 price Failed')
('2015-01-17 11:29:56.394483', 'client 52480495 bid 1 failed. Abort.....')
('2015-01-17 11:29:56.396712', 'client 52783352 bid 1 cancel')
('2015-01-17 11:29:56.396777', 'client 52783352 bid 1 price Failed')
('2015-01-17 11:29:56.396818', 'client 52783352 bid 1 failed. Abort.....')
('2015-01-17 11:29:59.107609', 'client 52391372 bid 2 image A3C9B02930CF62F72A1EF9C37CEB8BBF 451849 ')
('2015-01-17 11:29:59.305153', 'client 52342316 bid 2 image E099EF263F8A2C4BA2C50250F25611B8 949161 ')
('2015-01-17 11:29:59.319500', 'client 52370170 bid 2 image EAD2338B2452BD548E36D099FE229BBC 252536 ')
('2015-01-17 11:30:00.815644', 'client 52391372 bid 2 price 74300 崔岩 211202197408291012')
('2015-01-17 11:30:02.481336', 'client 52472272 bid 2 image Failed')
('2015-01-17 11:30:02.481392', 'client 52472272 bid 2 failed. Abort.....')
('2015-01-17 11:30:03.006284', 'client 52342316 bid 2 price 74300 王兴建 370102198407192111')
('2015-01-17 11:30:03.832011', 'client 52496901 bid 2 image Failed')
('2015-01-17 11:30:03.832066', 'client 52496901 bid 2 failed. Abort.....')
('2015-01-17 11:30:05.759186', 'client 52783352 bid 2 image Failed')
('2015-01-17 11:30:05.759280', 'client 52783352 bid 2 failed. Abort.....')
('2015-01-17 11:30:09.406365', 'client 52480495 bid 2 image Failed')
('2015-01-17 11:30:09.406415', 'client 52480495 bid 2 failed. Abort.....')
('2015-01-17 11:30:09.754634', 'client 52468792 bid 2 image Failed')
('2015-01-17 11:30:09.754714', 'client 52468792 bid 2 failed. Abort.....')
('2015-01-17 11:30:10.825907', "client 52391372 bids finished. price : ['73700', None, '74300'] . Quit.....")
('2015-01-17 11:30:12.491663', "client 52472272 bids finished. price : ['73700', None, None] . Quit.....")
('2015-01-17 11:30:12.748216', 'client 52497799 bid 2 image Failed')
('2015-01-17 11:30:12.748301', 'client 52497799 bid 2 failed. Abort.....')
('2015-01-17 11:30:13.016600', "client 52342316 bids finished. price : ['73700', None, '74300'] . Quit.....")
('2015-01-17 11:30:13.325037', 'client 52370170 bid 2 price Failed')
('2015-01-17 11:30:13.325338', 'client 52370170 bid 2 failed. Abort.....')
('2015-01-17 11:30:13.842224', "client 52496901 bids finished. price : ['73700', None, None] . Quit.....")
('2015-01-17 11:30:15.769599', "client 52783352 bids finished. price : ['73700', None, None] . Quit.....")
('2015-01-17 11:30:19.416776', "client 52480495 bids finished. price : ['73700', None, None] . Quit.....")
('2015-01-17 11:30:19.765007', "client 52468792 bids finished. price : ['73700', None, None] . Quit.....")
('2015-01-17 11:30:22.758546', "client 52497799 bids finished. price : ['73700', None, None] . Quit.....")
('2015-01-17 11:30:23.335735', "client 52370170 bids finished. price : ['73700', None, '74300'] . Quit.....")
