('2015-01-17 09:36:40.528157', 'client 52500364 login 印瑛 310104198512134046')
('2015-01-17 09:36:40.629161', 'client 52468060 login 余江楠 610103197512282428')
('2015-01-17 09:36:42.018226', 'client 52521008 login 范文坤 310110198501223219')
('2015-01-17 09:36:42.133523', 'client 52590276 login 庞礼俊 310107197704244017')
('2015-01-17 09:36:43.517209', 'client 52711019 login 马锡彩 370405198006070637')
('2015-01-17 09:36:43.636349', 'client 52563288 login 翁晓隽 31010719760310121x')
('2015-01-17 09:36:45.017006', 'client 52520617 login 王诗超 310110198509132741')
('2015-01-17 09:36:45.140811', 'client 52429118 login 顾超 310115198212043248')
('2015-01-17 09:36:46.518670', 'client 52745902 login 徐晶 310226198108231630')
('2015-01-17 10:34:37.621292', 'client 52500364 bid 0 image 74BB1A7A32132521452991347BB1F8AB 481636 ')
('2015-01-17 10:34:38.068868', 'client 52590276 bid 0 image BF8D94F646D67B92760FA2220A736322 092838 ')
('2015-01-17 10:34:38.418758', 'client 52745902 bid 0 image D361341D4896604A163F3C6CB342DE49 191916 ')
('2015-01-17 10:34:39.327959', 'client 52563288 bid 0 image E3C9E47C0BF59DBC5DE84B68BEDA8B30 061638 ')
('2015-01-17 10:34:42.833605', 'client 52520617 bid 0 image 6FEC719F5F9E766385E2F31DD68C97A3 925362 ')
('2015-01-17 10:34:42.837825', 'client 52521008 bid 0 image EF99DBB487602FB1D5809A4E9271E34C 363636 ')
('2015-01-17 10:34:46.561572', 'client 52711019 bid 0 image D893CC3D3A880978CBADEF7419D58817 646160 ')
('2015-01-17 10:34:47.573655', 'client 52429118 bid 0 image DFD6285D21B0BFF40E970115524CEF0D 054506 ')
('2015-01-17 10:34:58.057162', 'client 52468060 bid 0 image A7826C774B48680665A0403A118DF3BA 806480 ')
('2015-01-17 10:35:00.085317', 'client 52468060 bid 0 price 73700 余江楠 610103197512282428')
('2015-01-17 10:35:00.476747', 'client 52429118 bid 0 price 73700 顾超 310115198212043248')
('2015-01-17 10:35:01.455694', 'client 52711019 bid 0 price 73700 马锡彩 370405198006070637')
('2015-01-17 10:35:03.633063', 'client 52500364 bid 0 price 73700 印瑛 310104198512134046')
('2015-01-17 10:35:04.061642', 'client 52590276 bid 0 price 73700 庞礼俊 310107197704244017')
('2015-01-17 10:35:04.416650', 'client 52745902 bid 0 price 73700 徐晶 310226198108231630')
('2015-01-17 10:35:05.296696', 'client 52563288 bid 0 price 73700 翁晓隽 31010719760310121x')
('2015-01-17 10:35:08.842711', 'client 52520617 bid 0 price 73700 王诗超 310110198509132741')
('2015-01-17 10:35:08.845040', 'client 52521008 bid 0 price 73700 范文坤 310110198501223219')
('2015-01-17 11:29:38.407440', 'client 52745902 bid 1 image C0E3C05DAABDF471E74213009B13F382 060926 ')
('2015-01-17 11:29:39.580936', 'client 52521008 bid 1 image C002F1585F8902D75C8BA6AB32364310 838380 ')
('2015-01-17 11:29:46.157961', 'client 52468060 bid 1 image 85B0C9652C50D44FCEC042740016AB18 463609 ')
('2015-01-17 11:29:46.319662', 'client 52429118 bid 1 image 9EDA646D81D5D59F07E22AF19F06B7B9 629381 ')
('2015-01-17 11:29:46.667726', 'client 52520617 bid 1 image Failed')
('2015-01-17 11:29:46.667849', 'client 52520617 bid 1 failed. Abort.....')
('2015-01-17 11:29:48.975835', 'client 52590276 bid 1 image 4FE8D93852FB68F2D0DD5FB4E7F6E0DF 848352 ')
('2015-01-17 11:29:50.668440', 'client 52500364 bid 1 image Failed')
('2015-01-17 11:29:50.668581', 'client 52500364 bid 1 failed. Abort.....')
('2015-01-17 11:29:52.679372', 'client 52563288 bid 1 image 4705DAA44E259FB74807A54251119E1A 945351 ')
('2015-01-17 11:29:53.380713', 'client 52711019 bid 1 image 88BAE4F9C7BBF241C36AB1C8A0A6E31E 825463 ')
('2015-01-17 11:29:56.416820', 'client 52711019 bid 1 cancel')
('2015-01-17 11:29:56.417019', 'client 52711019 bid 1 price Failed')
('2015-01-17 11:29:56.417104', 'client 52711019 bid 1 failed. Abort.....')
('2015-01-17 11:29:56.417831', 'client 52563288 bid 1 cancel')
('2015-01-17 11:29:56.417932', 'client 52563288 bid 1 price Failed')
('2015-01-17 11:29:56.418022', 'client 52563288 bid 1 failed. Abort.....')
('2015-01-17 11:29:56.420761', 'client 52745902 bid 1 cancel')
('2015-01-17 11:29:56.420971', 'client 52745902 bid 1 price Failed')
('2015-01-17 11:29:56.421052', 'client 52745902 bid 1 failed. Abort.....')
('2015-01-17 11:29:56.426035', 'client 52521008 bid 1 cancel')
('2015-01-17 11:29:56.426244', 'client 52521008 bid 1 price Failed')
('2015-01-17 11:29:56.426388', 'client 52521008 bid 1 failed. Abort.....')
('2015-01-17 11:29:56.431621', 'client 52468060 bid 1 cancel')
('2015-01-17 11:29:56.431736', 'client 52468060 bid 1 price Failed')
('2015-01-17 11:29:56.431812', 'client 52468060 bid 1 failed. Abort.....')
('2015-01-17 11:29:56.438772', 'client 52429118 bid 1 cancel')
('2015-01-17 11:29:56.438884', 'client 52429118 bid 1 price Failed')
('2015-01-17 11:29:56.438960', 'client 52429118 bid 1 failed. Abort.....')
('2015-01-17 11:29:56.443137', 'client 52590276 bid 1 cancel')
('2015-01-17 11:29:56.443258', 'client 52590276 bid 1 price Failed')
('2015-01-17 11:29:56.443334', 'client 52590276 bid 1 failed. Abort.....')
('2015-01-17 11:29:59.132917', 'client 52711019 bid 2 image 920E8365A5019E8272C9BE5FB0D0625D 392649 ')
('2015-01-17 11:29:59.198205', 'client 52590276 bid 2 image AD1EA0AAF12A5A7E9FD0EACDCAE5CE56 626163 ')
('2015-01-17 11:29:59.889374', 'client 52590276 bid 2 price 74300 庞礼俊 310107197704244017')
('2015-01-17 11:30:00.595269', 'client 52711019 bid 2 price 74300 马锡彩 370405198006070637')
('2015-01-17 11:30:02.659007', 'client 52429118 bid 2 image Failed')
('2015-01-17 11:30:02.659120', 'client 52429118 bid 2 failed. Abort.....')
('2015-01-17 11:30:03.060287', 'client 52745902 bid 2 image Failed')
('2015-01-17 11:30:03.060461', 'client 52745902 bid 2 failed. Abort.....')
('2015-01-17 11:30:06.442141', 'client 52563288 bid 2 image Failed')
('2015-01-17 11:30:06.442289', 'client 52563288 bid 2 failed. Abort.....')
('2015-01-17 11:30:06.461681', 'client 52468060 bid 2 image Failed')
('2015-01-17 11:30:06.461787', 'client 52468060 bid 2 failed. Abort.....')
('2015-01-17 11:30:07.870359', 'client 52500364 bid 2 image Failed')
('2015-01-17 11:30:07.870463', 'client 52500364 bid 2 failed. Abort.....')
('2015-01-17 11:30:09.441407', 'client 52520617 bid 2 image Failed')
('2015-01-17 11:30:09.441456', 'client 52520617 bid 2 failed. Abort.....')
('2015-01-17 11:30:09.443920', 'client 52521008 bid 2 image Failed')
('2015-01-17 11:30:09.443966', 'client 52521008 bid 2 failed. Abort.....')
('2015-01-17 11:30:09.899711', "client 52590276 bids finished. price : ['73700', None, '74300'] . Quit.....")
('2015-01-17 11:30:10.605506', "client 52711019 bids finished. price : ['73700', None, '74300'] . Quit.....")
('2015-01-17 11:30:12.669344', "client 52429118 bids finished. price : ['73700', None, None] . Quit.....")
('2015-01-17 11:30:13.070709', "client 52745902 bids finished. price : ['73700', None, None] . Quit.....")
('2015-01-17 11:30:16.452562', "client 52563288 bids finished. price : ['73700', None, None] . Quit.....")
('2015-01-17 11:30:16.471987', "client 52468060 bids finished. price : ['73700', None, None] . Quit.....")
('2015-01-17 11:30:17.880634', "client 52500364 bids finished. price : ['73700', None, None] . Quit.....")
('2015-01-17 11:30:19.451706', "client 52520617 bids finished. price : ['73700', None, None] . Quit.....")
('2015-01-17 11:30:19.454060', "client 52521008 bids finished. price : ['73700', None, None] . Quit.....")
