('2015-01-17 09:36:43.527177', 'client 52344937 login 王蒙 232103197503196326')
('2015-01-17 09:36:43.628348', 'client 52447343 login 章蕾 340802198511240024')
('2015-01-17 09:36:45.021483', 'client 52488029 login 单婷婷 310110199102040540')
('2015-01-17 09:36:45.132656', 'client 52578503 login 马俊华 31011519831026321x')
('2015-01-17 09:36:46.517565', 'client 52387909 login 罗艳宁 610103196210182443')
('2015-01-17 09:36:46.634653', 'client 52539291 login 张洁 31011019680226201x')
('2015-01-17 09:36:48.015967', 'client 52421957 login 龚文浩 310105198212161639')
('2015-01-17 09:36:48.136446', 'client 52398964 login 包俊刚 310102198402294417')
('2015-01-17 09:36:49.517268', 'client 52473949 login 张雯青 310106197611101627')
('2015-01-17 10:35:02.815984', 'client 52421957 bid 0 image Failed')
('2015-01-17 10:35:02.816028', 'client 52421957 bid 0 failed. Abort.....')
('2015-01-17 10:35:02.826473', 'client 52447343 bid 0 image Failed')
('2015-01-17 10:35:02.826514', 'client 52447343 bid 0 failed. Abort.....')
('2015-01-17 10:35:02.831326', 'client 52344937 bid 0 image Failed')
('2015-01-17 10:35:02.831365', 'client 52344937 bid 0 failed. Abort.....')
('2015-01-17 10:35:02.832893', 'client 52578503 bid 0 image Failed')
('2015-01-17 10:35:02.832928', 'client 52578503 bid 0 failed. Abort.....')
('2015-01-17 10:35:02.833378', 'client 52387909 bid 0 image Failed')
('2015-01-17 10:35:02.833414', 'client 52387909 bid 0 failed. Abort.....')
('2015-01-17 10:35:02.835523', 'client 52539291 bid 0 image Failed')
('2015-01-17 10:35:02.835560', 'client 52539291 bid 0 failed. Abort.....')
('2015-01-17 10:35:02.835915', 'client 52488029 bid 0 image Failed')
('2015-01-17 10:35:02.835951', 'client 52488029 bid 0 failed. Abort.....')
('2015-01-17 10:35:02.836906', 'client 52398964 bid 0 image Failed')
('2015-01-17 10:35:02.836942', 'client 52398964 bid 0 failed. Abort.....')
('2015-01-17 10:35:02.838973', 'client 52473949 bid 0 image Failed')
('2015-01-17 10:35:02.839068', 'client 52473949 bid 0 failed. Abort.....')
('2015-01-17 10:36:02.820284', 'client 52421957 bid 0 image Failed')
('2015-01-17 10:36:02.820392', 'client 52421957 bid 0 failed. Abort.....')
('2015-01-17 10:36:02.829631', 'client 52447343 bid 0 image Failed')
('2015-01-17 10:36:02.829700', 'client 52447343 bid 0 failed. Abort.....')
('2015-01-17 10:36:02.834409', 'client 52344937 bid 0 image Failed')
('2015-01-17 10:36:02.834447', 'client 52344937 bid 0 failed. Abort.....')
('2015-01-17 10:36:02.837598', 'client 52387909 bid 0 image Failed')
('2015-01-17 10:36:02.837636', 'client 52387909 bid 0 failed. Abort.....')
('2015-01-17 10:36:02.837965', 'client 52578503 bid 0 image Failed')
('2015-01-17 10:36:02.838001', 'client 52578503 bid 0 failed. Abort.....')
('2015-01-17 10:36:02.840883', 'client 52539291 bid 0 image Failed')
('2015-01-17 10:36:02.840927', 'client 52539291 bid 0 failed. Abort.....')
('2015-01-17 10:36:02.841714', 'client 52488029 bid 0 image Failed')
('2015-01-17 10:36:02.841777', 'client 52488029 bid 0 failed. Abort.....')
('2015-01-17 10:36:02.842952', 'client 52398964 bid 0 image Failed')
('2015-01-17 10:36:02.842988', 'client 52398964 bid 0 failed. Abort.....')
('2015-01-17 10:36:02.844039', 'client 52473949 bid 0 image Failed')
('2015-01-17 10:36:02.844091', 'client 52473949 bid 0 failed. Abort.....')
('2015-01-17 10:37:02.824493', 'client 52421957 bid 0 image Failed')
('2015-01-17 10:37:02.824576', 'client 52421957 bid 0 failed. Abort.....')
('2015-01-17 10:37:02.833057', 'client 52447343 bid 0 image Failed')
('2015-01-17 10:37:02.833096', 'client 52447343 bid 0 failed. Abort.....')
('2015-01-17 10:37:02.837973', 'client 52344937 bid 0 image Failed')
('2015-01-17 10:37:02.838016', 'client 52344937 bid 0 failed. Abort.....')
('2015-01-17 10:37:02.842676', 'client 52578503 bid 0 image Failed')
('2015-01-17 10:37:02.842715', 'client 52578503 bid 0 failed. Abort.....')
('2015-01-17 10:37:02.843201', 'client 52387909 bid 0 image Failed')
('2015-01-17 10:37:02.843239', 'client 52387909 bid 0 failed. Abort.....')
('2015-01-17 10:37:02.846729', 'client 52539291 bid 0 image Failed')
('2015-01-17 10:37:02.846768', 'client 52539291 bid 0 failed. Abort.....')
('2015-01-17 10:37:02.847115', 'client 52488029 bid 0 image Failed')
('2015-01-17 10:37:02.847159', 'client 52488029 bid 0 failed. Abort.....')
('2015-01-17 10:37:02.849902', 'client 52473949 bid 0 image Failed')
('2015-01-17 10:37:02.849978', 'client 52473949 bid 0 failed. Abort.....')
('2015-01-17 10:37:02.850391', 'client 52398964 bid 0 image Failed')
('2015-01-17 10:37:02.850428', 'client 52398964 bid 0 failed. Abort.....')
('2015-01-17 10:38:02.831039', 'client 52421957 bid 0 image Failed')
('2015-01-17 10:38:02.831082', 'client 52421957 bid 0 failed. Abort.....')
('2015-01-17 10:38:02.836656', 'client 52447343 bid 0 image Failed')
('2015-01-17 10:38:02.836695', 'client 52447343 bid 0 failed. Abort.....')
('2015-01-17 10:38:02.842040', 'client 52344937 bid 0 image Failed')
('2015-01-17 10:38:02.842086', 'client 52344937 bid 0 failed. Abort.....')
('2015-01-17 10:38:02.847734', 'client 52387909 bid 0 image Failed')
('2015-01-17 10:38:02.847772', 'client 52387909 bid 0 failed. Abort.....')
('2015-01-17 10:38:02.848167', 'client 52578503 bid 0 image Failed')
('2015-01-17 10:38:02.848205', 'client 52578503 bid 0 failed. Abort.....')
('2015-01-17 10:38:02.850723', 'client 52488029 bid 0 image Failed')
('2015-01-17 10:38:02.850760', 'client 52488029 bid 0 failed. Abort.....')
('2015-01-17 10:38:02.851117', 'client 52539291 bid 0 image Failed')
('2015-01-17 10:38:02.851172', 'client 52539291 bid 0 failed. Abort.....')
('2015-01-17 10:38:02.854487', 'client 52473949 bid 0 image Failed')
('2015-01-17 10:38:02.854523', 'client 52473949 bid 0 failed. Abort.....')
('2015-01-17 10:38:02.855264', 'client 52398964 bid 0 image Failed')
('2015-01-17 10:38:02.855298', 'client 52398964 bid 0 failed. Abort.....')
('2015-01-17 10:38:25.117541', 'client 52578503 bid 0 image 89C41BAEE32B08A9222396F08580296D 152618 ')
('2015-01-17 10:38:25.255014', 'client 52387909 bid 0 image CBA2C742B662B6DC093784D023974292 192838 ')
('2015-01-17 10:38:26.625636', 'client 52539291 bid 0 image A5C8840F232072280A0A1ECBF7455801 454826 ')
('2015-01-17 10:38:29.586837', 'client 52344937 bid 0 image 60466C261D8A5536207E70DDABCD1A43 164638 ')
('2015-01-17 10:38:31.351364', 'client 52447343 bid 0 image 4D872546B1D761E50E034B05D35AA255 054949 ')
('2015-01-17 10:38:41.234787', 'client 52421957 bid 0 image 21FD422D12D14A72AC4465F6C5B0C8E2 054906 ')
('2015-01-17 10:38:59.123580', 'client 52578503 bid 0 price Failed')
('2015-01-17 10:38:59.123707', 'client 52578503 bid 0 failed. Abort.....')
('2015-01-17 10:38:59.261478', 'client 52387909 bid 0 price Failed')
('2015-01-17 10:38:59.261599', 'client 52387909 bid 0 failed. Abort.....')
('2015-01-17 10:39:00.633415', 'client 52539291 bid 0 price Failed')
('2015-01-17 10:39:00.633489', 'client 52539291 bid 0 failed. Abort.....')
('2015-01-17 10:39:02.855962', 'client 52488029 bid 0 image Failed')
('2015-01-17 10:39:02.856047', 'client 52488029 bid 0 failed. Abort.....')
('2015-01-17 10:39:02.858358', 'client 52473949 bid 0 image Failed')
('2015-01-17 10:39:02.858441', 'client 52473949 bid 0 failed. Abort.....')
('2015-01-17 10:39:02.859946', 'client 52398964 bid 0 image Failed')
('2015-01-17 10:39:02.859983', 'client 52398964 bid 0 failed. Abort.....')
('2015-01-17 10:39:03.593970', 'client 52344937 bid 0 price Failed')
('2015-01-17 10:39:03.594087', 'client 52344937 bid 0 failed. Abort.....')
('2015-01-17 10:39:05.359317', 'client 52447343 bid 0 price Failed')
('2015-01-17 10:39:05.359484', 'client 52447343 bid 0 failed. Abort.....')
('2015-01-17 10:39:15.240611', 'client 52421957 bid 0 price Failed')
('2015-01-17 10:39:15.240761', 'client 52421957 bid 0 failed. Abort.....')
('2015-01-17 10:39:58.510081', 'client 52539291 bid 0 image 2D29CC19F61C95B8619B8AF63BD8CA04 062649 ')
('2015-01-17 10:39:58.512100', 'client 52539291 bid 0 price 73700 张洁 31011019680226201x')
('2015-01-17 10:39:58.553908', 'client 52447343 bid 0 image BE48E6294021CF89362E405D5CE1A0DE 615050 ')
('2015-01-17 10:39:58.556103', 'client 52447343 bid 0 price 73700 章蕾 340802198511240024')
('2015-01-17 10:39:59.935413', 'client 52421957 bid 0 image DBE6CFA6BC3C7101490EB5A18F597F9C 948182 ')
('2015-01-17 10:39:59.938444', 'client 52421957 bid 0 price 73700 龚文浩 310105198212161639')
('2015-01-17 10:40:00.462654', 'client 52344937 bid 0 image 06C028101CABD9DD54663EA51D340446 539392 ')
('2015-01-17 10:40:00.664186', 'client 52398964 bid 0 image FD4846B183EB643F7CB47DFFCD249B6C 384548 ')
('2015-01-17 10:40:00.670198', 'client 52387909 bid 0 image B9FDD34C1DD01117DA7C8AD58B3E2527 916381 ')
('2015-01-17 10:40:00.672169', 'client 52387909 bid 0 price 73700 罗艳宁 610103196210182443')
('2015-01-17 10:40:01.060246', 'client 52578503 bid 0 image B9B77D936B35BE208BAC4ED594111685 183648 ')
('2015-01-17 10:40:01.062801', 'client 52578503 bid 0 price 73700 马俊华 31011519831026321x')
('2015-01-17 10:40:02.898292', 'client 52473949 bid 0 image BC69DE92CD81932AE73ACCD402BDDF29 649064 ')
('2015-01-17 10:40:14.709073', 'client 52488029 bid 0 image 80404B3BE669F7E027F0D9791E9E3E16 193616 ')
('2015-01-17 10:40:28.649639', 'client 52398964 bid 0 price 73700 包俊刚 310102198402294417')
('2015-01-17 10:40:28.872468', 'client 52473949 bid 0 price 73700 张雯青 310106197611101627')
('2015-01-17 10:40:34.468152', 'client 52344937 bid 0 price Failed')
('2015-01-17 10:40:34.468346', 'client 52344937 bid 0 failed. Abort.....')
('2015-01-17 10:40:48.714088', 'client 52488029 bid 0 price Failed')
('2015-01-17 10:40:48.714236', 'client 52488029 bid 0 failed. Abort.....')
('2015-01-17 10:41:34.474645', 'client 52344937 bid 0 image Failed')
('2015-01-17 10:41:34.474688', 'client 52344937 bid 0 failed. Abort.....')
('2015-01-17 10:41:48.721992', 'client 52488029 bid 0 image Failed')
('2015-01-17 10:41:48.722082', 'client 52488029 bid 0 failed. Abort.....')
('2015-01-17 10:42:27.362458', 'client 52344937 bid 0 image Failed')
('2015-01-17 10:42:27.362500', 'client 52344937 bid 0 failed. Abort.....')
('2015-01-17 10:42:37.929392', 'client 52488029 bid 0 image 7AF64DB7B64110A4233F7ECB6FE1C973 182605 ')
('2015-01-17 10:42:44.293485', 'client 52488029 bid 0 price 73700 单婷婷 310110199102040540')
('2015-01-17 11:29:38.182728', 'client 52387909 bid 1 image 06055BE3FC872012E6F32AC219E396C5 063616 ')
('2015-01-17 11:29:38.710887', 'client 52578503 bid 1 image ACF77472249098E73D1E744058827BEF 392645 ')
('2015-01-17 11:29:45.611562', 'client 52539291 bid 1 image 00F4F784634D8F0FE6C88CAA76CD00CF 150618 ')
('2015-01-17 11:29:45.945130', 'client 52421957 bid 1 image 021D2C2141B8C4A6F3420FDAD60C1CF4 836160 ')
('2015-01-17 11:29:48.763122', 'client 52473949 bid 1 image A9352382C2C4CDAC5BB5B9DE9DE5F93E 539490 ')
('2015-01-17 11:29:50.244279', 'client 52344937 bid 1 image Failed')
('2015-01-17 11:29:50.244344', 'client 52344937 bid 1 failed. Abort.....')
('2015-01-17 11:29:50.655861', 'client 52398964 bid 1 image Failed')
('2015-01-17 11:29:50.655922', 'client 52398964 bid 1 failed. Abort.....')
('2015-01-17 11:29:51.476316', 'client 52447343 bid 1 image Failed')
('2015-01-17 11:29:51.476382', 'client 52447343 bid 1 failed. Abort.....')
('2015-01-17 11:29:51.477438', 'client 52488029 bid 1 image Failed')
('2015-01-17 11:29:51.477486', 'client 52488029 bid 1 failed. Abort.....')
('2015-01-17 11:29:56.043246', 'client 52473949 bid 1 cancel')
('2015-01-17 11:29:56.043365', 'client 52473949 bid 1 price Failed')
('2015-01-17 11:29:56.043410', 'client 52473949 bid 1 failed. Abort.....')
('2015-01-17 11:29:56.045100', 'client 52421957 bid 1 cancel')
('2015-01-17 11:29:56.045157', 'client 52421957 bid 1 price Failed')
('2015-01-17 11:29:56.045195', 'client 52421957 bid 1 failed. Abort.....')
('2015-01-17 11:29:56.045551', 'client 52539291 bid 1 cancel')
('2015-01-17 11:29:56.045603', 'client 52539291 bid 1 price Failed')
('2015-01-17 11:29:56.045639', 'client 52539291 bid 1 failed. Abort.....')
('2015-01-17 11:29:56.045933', 'client 52387909 bid 1 cancel')
('2015-01-17 11:29:56.045983', 'client 52387909 bid 1 price Failed')
('2015-01-17 11:29:56.046019', 'client 52387909 bid 1 failed. Abort.....')
('2015-01-17 11:29:56.046781', 'client 52578503 bid 1 cancel')
('2015-01-17 11:29:56.046828', 'client 52578503 bid 1 price Failed')
('2015-01-17 11:29:56.046863', 'client 52578503 bid 1 failed. Abort.....')
('2015-01-17 11:29:59.305646', 'client 52447343 bid 2 image 01AE58D71813AC138163675326C63614 519352 ')
('2015-01-17 11:30:02.057836', 'client 52473949 bid 2 image Failed')
('2015-01-17 11:30:02.057883', 'client 52473949 bid 2 failed. Abort.....')
('2015-01-17 11:30:03.492643', 'client 52421957 bid 2 image Failed')
('2015-01-17 11:30:03.492761', 'client 52421957 bid 2 failed. Abort.....')
('2015-01-17 11:30:06.064332', 'client 52539291 bid 2 image Failed')
('2015-01-17 11:30:06.064384', 'client 52539291 bid 2 failed. Abort.....')
('2015-01-17 11:30:06.070723', 'client 52344937 bid 2 image Failed')
('2015-01-17 11:30:06.070775', 'client 52344937 bid 2 failed. Abort.....')
('2015-01-17 11:30:06.071868', 'client 52578503 bid 2 image Failed')
('2015-01-17 11:30:06.071917', 'client 52578503 bid 2 failed. Abort.....')
('2015-01-17 11:30:06.271558', 'client 52488029 bid 2 image Failed')
('2015-01-17 11:30:06.271634', 'client 52488029 bid 2 failed. Abort.....')
('2015-01-17 11:30:07.491276', 'client 52387909 bid 2 image Failed')
('2015-01-17 11:30:07.491326', 'client 52387909 bid 2 failed. Abort.....')
('2015-01-17 11:30:07.492369', 'client 52398964 bid 2 image Failed')
('2015-01-17 11:30:07.492418', 'client 52398964 bid 2 failed. Abort.....')
('2015-01-17 11:30:12.068077', "client 52473949 bids finished. price : ['73700', None, None] . Quit.....")
('2015-01-17 11:30:13.313262', 'client 52447343 bid 2 price Failed')
('2015-01-17 11:30:13.313402', 'client 52447343 bid 2 failed. Abort.....')
('2015-01-17 11:30:13.500819', "client 52421957 bids finished. price : ['73700', None, None] . Quit.....")
('2015-01-17 11:30:16.074574', "client 52539291 bids finished. price : ['73700', None, None] . Quit.....")
('2015-01-17 11:30:16.074877', "client 52344937 bids finished. price : ['73700', None, None] . Quit.....")
('2015-01-17 11:30:16.080601', "client 52578503 bids finished. price : ['73700', None, None] . Quit.....")
('2015-01-17 11:30:16.281828', "client 52488029 bids finished. price : ['73700', None, None] . Quit.....")
('2015-01-17 11:30:17.500678', "client 52387909 bids finished. price : ['73700', None, None] . Quit.....")
('2015-01-17 11:30:17.502507', "client 52398964 bids finished. price : ['73700', None, None] . Quit.....")
('2015-01-17 11:30:23.323717', "client 52447343 bids finished. price : ['73700', None, None] . Quit.....")
