('2015-01-17 09:36:43.521729', 'client 52449881 login 陶枫 310108198308182046')
('2015-01-17 09:36:43.613116', 'client 52544528 login 王家正 321123197902015816')
('2015-01-17 09:36:45.017201', 'client 52542536 login 沈娟 320481198810101227')
('2015-01-17 09:36:45.119219', 'client 52790124 login 张君 310104197211211648')
('2015-01-17 09:36:46.521106', 'client 52366427 login 唐余庆 310108198409292850')
('2015-01-17 09:36:46.620795', 'client 52504167 login 余雅萍 310104195911023622')
('2015-01-17 09:36:48.022656', 'client 52467954 login 王明华 310102197612133211')
('2015-01-17 09:36:48.130314', 'client 52543395 login 鲁伊 310107198803273045')
('2015-01-17 09:36:49.522369', 'client 52749537 login 叶吉羊 310110199111194437')
('2015-01-17 10:34:28.296185', 'client 52749537 bid 0 image 0C3D34E95D08FC70DB78CB10FDBBD447 193646 ')
('2015-01-17 10:34:32.441294', 'client 52366427 bid 0 image F4B49141E24B6228C502937A07C05D02 481515 ')
('2015-01-17 10:34:32.834397', 'client 52504167 bid 0 image 514EEB8BC5A27E6F0D8EDC6E5B7DF1F5 053608 ')
('2015-01-17 10:34:32.880867', 'client 52543395 bid 0 image 7C90843EBCA0A7135B009993E085B1AF 535463 ')
('2015-01-17 10:34:33.884332', 'client 52467954 bid 0 image 8FBA2A0E191E07E5A949AA68120A7DAF 929264 ')
('2015-01-17 10:34:34.103322', 'client 52790124 bid 0 image 30D99D54D50DA1FDC1684DFBCA270676 153548 ')
('2015-01-17 10:34:34.195472', 'client 52542536 bid 0 image 549284CC16BE37E3B5C9DBCDA484C817 625082 ')
('2015-01-17 10:34:35.036227', 'client 52544528 bid 0 image 17E4FB5541E9103262BC221F2E28FDE5 649261 ')
('2015-01-17 10:34:35.042179', 'client 52449881 bid 0 image B448607D8EDB8DB80DD22B63F0198A51 919061 ')
('2015-01-17 10:34:58.631998', 'client 52366427 bid 0 price 73700 唐余庆 310108198409292850')
('2015-01-17 10:34:58.825591', 'client 52504167 bid 0 price 73700 余雅萍 310104195911023622')
('2015-01-17 10:34:58.849816', 'client 52543395 bid 0 price 73700 鲁伊 310107198803273045')
('2015-01-17 10:34:59.885448', 'client 52467954 bid 0 price 73700 王明华 310102197612133211')
('2015-01-17 10:35:00.098322', 'client 52790124 bid 0 price 73700 张君 310104197211211648')
('2015-01-17 10:35:00.196018', 'client 52542536 bid 0 price 73700 沈娟 320481198810101227')
('2015-01-17 10:35:01.026824', 'client 52449881 bid 0 price 73700 陶枫 310108198308182046')
('2015-01-17 10:35:01.030027', 'client 52544528 bid 0 price 73700 王家正 321123197902015816')
('2015-01-17 10:35:02.305676', 'client 52749537 bid 0 price Failed')
('2015-01-17 10:35:02.305788', 'client 52749537 bid 0 failed. Abort.....')
('2015-01-17 10:35:09.096873', 'client 52749537 bid 0 image 64A6E62E71D7AB15900C3A847752D41C 935360 ')
('2015-01-17 10:35:43.102201', 'client 52749537 bid 0 price Failed')
('2015-01-17 10:35:43.102334', 'client 52749537 bid 0 failed. Abort.....')
('2015-01-17 10:36:20.537382', 'client 52749537 bid 0 image 5932A821BD505D1250C87575B3BC189A 453948 ')
('2015-01-17 10:36:54.540998', 'client 52749537 bid 0 price Failed')
('2015-01-17 10:36:54.541237', 'client 52749537 bid 0 failed. Abort.....')
('2015-01-17 10:37:34.232859', 'client 52749537 bid 0 image 744114B7431E4F03ADCDDCE066F2EB19 836251 ')
('2015-01-17 10:38:02.209730', 'client 52749537 bid 0 price 73700 叶吉羊 310110199111194437')
('2015-01-17 11:29:38.286784', 'client 52544528 bid 1 image 95A6F0659744BBB1D5D6CB66E3E394A9 846450 ')
('2015-01-17 11:29:38.325087', 'client 52467954 bid 1 image 830EEA06A91767508C02B2E1B0739AB7 483916 ')
('2015-01-17 11:29:38.359322', 'client 52366427 bid 1 image BCE5E55C5157F09D1EF5C96EFCD97F7D 064608 ')
('2015-01-17 11:29:39.453729', 'client 52542536 bid 1 image 52B6ED054ECD22F267C460D43C4407AA 364606 ')
('2015-01-17 11:29:41.018089', 'client 52790124 bid 1 image B4AA3DA60E5CE2FC50882DD2539C0D78 281605 ')
('2015-01-17 11:29:42.637300', 'client 52504167 bid 1 image B9736CD1F4BBF05607DC1915F10314FA 381536 ')
('2015-01-17 11:29:50.144498', 'client 52543395 bid 1 image Failed')
('2015-01-17 11:29:50.144568', 'client 52543395 bid 1 failed. Abort.....')
('2015-01-17 11:29:52.359593', 'client 52449881 bid 1 image 4F4041C48F16D5BCA101C86D9615A21B 083619 ')
('2015-01-17 11:29:52.589698', 'client 52749537 bid 1 image 6EE5A885B0B9A2C3656FB8363CE6E658 351846 ')
('2015-01-17 11:29:55.941066', 'client 52749537 bid 1 cancel')
('2015-01-17 11:29:55.941287', 'client 52749537 bid 1 price Failed')
('2015-01-17 11:29:55.941380', 'client 52749537 bid 1 failed. Abort.....')
('2015-01-17 11:29:55.943456', 'client 52467954 bid 1 cancel')
('2015-01-17 11:29:55.943513', 'client 52467954 bid 1 price Failed')
('2015-01-17 11:29:55.943554', 'client 52467954 bid 1 failed. Abort.....')
('2015-01-17 11:29:55.945453', 'client 52449881 bid 1 cancel')
('2015-01-17 11:29:55.945660', 'client 52449881 bid 1 price Failed')
('2015-01-17 11:29:55.945748', 'client 52449881 bid 1 failed. Abort.....')
('2015-01-17 11:29:55.946435', 'client 52504167 bid 1 cancel')
('2015-01-17 11:29:55.946628', 'client 52504167 bid 1 price Failed')
('2015-01-17 11:29:55.946711', 'client 52504167 bid 1 failed. Abort.....')
('2015-01-17 11:29:55.947551', 'client 52544528 bid 1 cancel')
('2015-01-17 11:29:55.947671', 'client 52544528 bid 1 price Failed')
('2015-01-17 11:29:55.947747', 'client 52544528 bid 1 failed. Abort.....')
('2015-01-17 11:29:55.948449', 'client 52542536 bid 1 cancel')
('2015-01-17 11:29:55.948528', 'client 52542536 bid 1 price Failed')
('2015-01-17 11:29:55.948658', 'client 52542536 bid 1 failed. Abort.....')
('2015-01-17 11:29:55.954276', 'client 52366427 bid 1 cancel')
('2015-01-17 11:29:55.954382', 'client 52366427 bid 1 price Failed')
('2015-01-17 11:29:55.954456', 'client 52366427 bid 1 failed. Abort.....')
('2015-01-17 11:29:55.961294', 'client 52790124 bid 1 cancel')
('2015-01-17 11:29:55.961406', 'client 52790124 bid 1 price Failed')
('2015-01-17 11:29:55.961480', 'client 52790124 bid 1 failed. Abort.....')
('2015-01-17 11:29:58.601621', 'client 52449881 bid 2 image 042B820D1E64DF01CDC1A64546821464 938062 ')
('2015-01-17 11:29:58.746418', 'client 52366427 bid 2 image 2989BCB99AB43D8EFA37C5D28AEB8A68 094935 ')
('2015-01-17 11:29:58.808219', 'client 52449881 bid 2 price 74300 陶枫 310108198308182046')
('2015-01-17 11:29:59.093600', 'client 52366427 bid 2 price 74300 唐余庆 310108198409292850')
('2015-01-17 11:29:59.171072', 'client 52543395 bid 2 image B43E164511CA0A1C6C9717335128AE95 505083 ')
('2015-01-17 11:30:00.004621', 'client 52504167 bid 2 image 257B34A728B9AC9FC729452A40E28363 053639 ')
('2015-01-17 11:30:01.961311', 'client 52749537 bid 2 image Failed')
('2015-01-17 11:30:01.961419', 'client 52749537 bid 2 failed. Abort.....')
('2015-01-17 11:30:01.971534', 'client 52542536 bid 2 image Failed')
('2015-01-17 11:30:01.971640', 'client 52542536 bid 2 failed. Abort.....')
('2015-01-17 11:30:01.987300', 'client 52790124 bid 2 image Failed')
('2015-01-17 11:30:01.987411', 'client 52790124 bid 2 failed. Abort.....')
('2015-01-17 11:30:02.178830', 'client 52544528 bid 2 image Failed')
('2015-01-17 11:30:02.178892', 'client 52544528 bid 2 failed. Abort.....')
('2015-01-17 11:30:06.889475', 'client 52543395 bid 2 price 74300 鲁伊 310107198803273045')
('2015-01-17 11:30:08.818365', "client 52449881 bids finished. price : ['73700', None, '74300'] . Quit.....")
('2015-01-17 11:30:09.103868', "client 52366427 bids finished. price : ['73700', None, '74300'] . Quit.....")
('2015-01-17 11:30:11.971805', "client 52749537 bids finished. price : ['73700', None, None] . Quit.....")
('2015-01-17 11:30:11.981917', "client 52542536 bids finished. price : ['73700', None, None] . Quit.....")
('2015-01-17 11:30:11.997635', "client 52790124 bids finished. price : ['73700', None, None] . Quit.....")
('2015-01-17 11:30:12.007434', 'client 52504167 bid 2 price Failed')
('2015-01-17 11:30:12.007519', 'client 52504167 bid 2 failed. Abort.....')
('2015-01-17 11:30:12.189154', "client 52544528 bids finished. price : ['73700', None, None] . Quit.....")
('2015-01-17 11:30:12.296130', 'client 52467954 bid 2 image Failed')
('2015-01-17 11:30:12.296228', 'client 52467954 bid 2 failed. Abort.....')
('2015-01-17 11:30:16.899831', "client 52543395 bids finished. price : ['73700', None, '74300'] . Quit.....")
('2015-01-17 11:30:22.017756', "client 52504167 bids finished. price : ['73700', None, None] . Quit.....")
('2015-01-17 11:30:22.303901', "client 52467954 bids finished. price : ['73700', None, None] . Quit.....")
