('2015-01-17 10:34:22.871594', 'client 52413311 bid 0 fd_image Timeout')
('2015-01-17 10:34:22.872384', 'client 52504282 bid 0 fd_image Timeout')
('2015-01-17 10:34:22.875056', 'client 52396468 bid 0 fd_image Timeout')
('2015-01-17 10:34:22.877021', 'client 52456021 bid 0 fd_image Timeout')
('2015-01-17 10:34:22.877699', 'client 52499129 bid 0 fd_image Timeout')
('2015-01-17 10:34:22.880014', 'client 52753130 bid 0 fd_image Timeout')
('2015-01-17 10:34:22.880737', 'client 52451512 bid 0 fd_image Timeout')
('2015-01-17 10:34:22.882725', 'client 52549868 bid 0 fd_image Timeout')
('2015-01-17 10:34:22.886201', 'client 52562774 bid 0 fd_image Timeout')
('2015-01-17 10:34:42.880927', 'client 52504282 bid 0 fd_image Timeout')
('2015-01-17 10:34:42.886302', 'client 52413311 bid 0 fd_image Timeout')
('2015-01-17 10:34:42.886910', 'client 52499129 bid 0 fd_image Timeout')
('2015-01-17 10:34:42.889465', 'client 52562774 bid 0 fd_image Timeout')
('2015-01-17 10:34:42.890112', 'client 52549868 bid 0 fd_image Timeout')
('2015-01-17 10:34:42.892108', 'client 52753130 bid 0 fd_image Timeout')
('2015-01-17 10:34:42.893166', 'client 52451512 bid 0 fd_image Timeout')
('2015-01-17 10:34:42.895168', 'client 52456021 bid 0 fd_image Timeout')
('2015-01-17 10:34:42.897553', 'client 52396468 bid 0 fd_image Timeout')
('2015-01-17 10:35:02.883838', 'client 52504282 bid 0 fd_image Timeout')
('2015-01-17 10:35:02.893287', 'client 52413311 bid 0 fd_image Timeout')
('2015-01-17 10:35:02.896903', 'client 52549868 bid 0 fd_image Timeout')
('2015-01-17 10:35:02.899296', 'client 52562774 bid 0 fd_image Timeout')
('2015-01-17 10:35:02.902122', 'client 52451512 bid 0 fd_image Timeout')
('2015-01-17 10:35:02.902937', 'client 52499129 bid 0 fd_image Timeout')
('2015-01-17 10:35:02.903977', 'client 52456021 bid 0 fd_image Timeout')
('2015-01-17 10:35:02.906059', 'client 52396468 bid 0 fd_image Timeout')
('2015-01-17 10:35:02.910881', 'client 52753130 bid 0 fd_image Timeout')
('2015-01-17 10:35:08.025288', '\r\n\r\n\r\n\r\n\r\n\r\n\r\n\r\n\r\n\r\n<XML><ERRORCODE>311</ERRORCODE><ERRORSTRING>图像校验码错误！</ERRORSTRING><ERRORSTRING_EN>Image checksum error！</ERRORSTRING_EN></XML>')
('2015-01-17 10:35:08.025339', "client 52504282 bid 0 fd_price ack error {'errstring': '图像校验码错误！', 'errcode': '311'}")
('2015-01-17 10:35:08.778776', 'client 52562774 bid 0 fd_price get channel Failed')
('2015-01-17 10:35:09.221060', 'client 52504282 bid 0 fd_price get channel Failed')
('2015-01-17 10:35:09.762458', '\r\n\r\n\r\n\r\n\r\n\r\n\r\n\r\n\r\n\r\n<XML><ERRORCODE>311</ERRORCODE><ERRORSTRING>图像校验码错误！</ERRORSTRING><ERRORSTRING_EN>Image checksum error！</ERRORSTRING_EN></XML>')
('2015-01-17 10:35:09.762565', "client 52549868 bid 0 fd_price ack error {'errstring': '图像校验码错误！', 'errcode': '311'}")
('2015-01-17 10:35:09.821219', '\r\n\r\n\r\n\r\n\r\n\r\n\r\n\r\n\r\n\r\n<XML><ERRORCODE>311</ERRORCODE><ERRORSTRING>图像校验码错误！</ERRORSTRING><ERRORSTRING_EN>Image checksum error！</ERRORSTRING_EN></XML>')
('2015-01-17 10:35:09.821325', "client 52753130 bid 0 fd_price ack error {'errstring': '图像校验码错误！', 'errcode': '311'}")
('2015-01-17 10:35:10.956302', 'client 52549868 bid 0 fd_price get channel Failed')
('2015-01-17 10:35:11.014652', 'client 52753130 bid 0 fd_price get channel Failed')
('2015-01-17 10:35:11.221414', 'client 52504282 bid 0 fd_price get channel Failed')
('2015-01-17 10:35:12.960716', 'client 52549868 bid 0 fd_price get channel Failed')
('2015-01-17 10:35:13.018405', 'client 52753130 bid 0 fd_price get channel Failed')
('2015-01-17 10:35:16.482797', 'client 52396468 bid 0 fd_price get channel Failed')
('2015-01-17 10:35:18.135820', 'client 52451512 bid 0 fd_price get channel Failed')
('2015-01-17 10:35:18.485835', 'client 52396468 bid 0 fd_price get channel Failed')
('2015-01-17 10:35:18.751809', 'client 52456021 bid 0 fd_price get channel Failed')
('2015-01-17 10:35:19.922759', 'client 52499129 bid 0 fd_price get channel Failed')
('2015-01-17 10:35:20.138846', 'client 52451512 bid 0 fd_price get channel Failed')
('2015-01-17 10:35:20.755212', 'client 52456021 bid 0 fd_price get channel Failed')
('2015-01-17 10:35:20.894914', 'client 52413311 bid 0 fd_price get channel Failed')
('2015-01-17 10:35:21.926433', 'client 52499129 bid 0 fd_price get channel Failed')
('2015-01-17 10:35:22.897798', 'client 52413311 bid 0 fd_price get channel Failed')
('2015-01-17 10:35:44.698092', '\r\n\r\n\r\n\r\n\r\n\r\n\r\n\r\n\r\n\r\n<XML><ERRORCODE>311</ERRORCODE><ERRORSTRING>图像校验码错误！</ERRORSTRING><ERRORSTRING_EN>Image checksum error！</ERRORSTRING_EN></XML>')
('2015-01-17 10:35:44.698203', "client 52499129 bid 0 fd_price ack error {'errstring': '图像校验码错误！', 'errcode': '311'}")
('2015-01-17 10:35:44.925402', '\r\n\r\n\r\n\r\n\r\n\r\n\r\n\r\n\r\n\r\n<XML><ERRORCODE>311</ERRORCODE><ERRORSTRING>图像校验码错误！</ERRORSTRING><ERRORSTRING_EN>Image checksum error！</ERRORSTRING_EN></XML>')
('2015-01-17 10:35:44.925518', "client 52451512 bid 0 fd_price ack error {'errstring': '图像校验码错误！', 'errcode': '311'}")
('2015-01-17 10:35:45.530369', '\r\n\r\n\r\n\r\n\r\n\r\n\r\n\r\n\r\n\r\n<XML><ERRORCODE>311</ERRORCODE><ERRORSTRING>图像校验码错误！</ERRORSTRING><ERRORSTRING_EN>Image checksum error！</ERRORSTRING_EN></XML>')
('2015-01-17 10:35:45.530480', "client 52456021 bid 0 fd_price ack error {'errstring': '图像校验码错误！', 'errcode': '311'}")
('2015-01-17 10:35:45.656935', '\r\n\r\n\r\n\r\n\r\n\r\n\r\n\r\n\r\n\r\n<XML><ERRORCODE>311</ERRORCODE><ERRORSTRING>图像校验码错误！</ERRORSTRING><ERRORSTRING_EN>Image checksum error！</ERRORSTRING_EN></XML>')
('2015-01-17 10:35:45.656989', "client 52413311 bid 0 fd_price ack error {'errstring': '图像校验码错误！', 'errcode': '311'}")
('2015-01-17 10:35:54.236856', 'client 52753130 bid 0 fd_price get channel Failed')
('2015-01-17 10:35:54.713634', 'client 52549868 bid 0 fd_price get channel Failed')
('2015-01-17 10:35:55.575517', 'client 52504282 bid 0 fd_price get channel Failed')
('2015-01-17 10:35:56.240173', 'client 52753130 bid 0 fd_price get channel Failed')
('2015-01-17 10:35:56.716638', 'client 52549868 bid 0 fd_price get channel Failed')
('2015-01-17 10:35:57.577752', 'client 52504282 bid 0 fd_price get channel Failed')
('2015-01-17 10:36:09.286461', 'client 52396468 bid 0 fd_image Timeout')
('2015-01-17 10:36:10.940567', 'client 52451512 bid 0 fd_image Timeout')
('2015-01-17 10:36:11.557262', 'client 52456021 bid 0 fd_image Timeout')
('2015-01-17 10:36:12.729468', 'client 52499129 bid 0 fd_image Timeout')
('2015-01-17 10:36:13.699671', 'client 52413311 bid 0 fd_image Timeout')
('2015-01-17 10:36:17.894925', '\r\n\r\n\r\n\r\n\r\n\r\n\r\n\r\n\r\n\r\n\r\n<XML><ERRORCODE>101</ERRORCODE><ERRORSTRING>您的操作太过频繁，请稍后再试！</ERRORSTRING><ERRORSTRING_EN>Please try again slightly!</ERRORSTRING_EN></XML>')
('2015-01-17 10:36:17.895021', "client 52456021 bid 0 fd_image ack error {'body': '\\r\\n\\r\\n\\r\\n\\r\\n\\r\\n\\r\\n\\r\\n\\r\\n\\r\\n\\r\\n\\r\\n<XML><ERRORCODE>101</ERRORCODE><ERRORSTRING>您的操作太过频繁，请稍后再试！</ERRORSTRING><ERRORSTRING_EN>Please try again slightly!</ERRORSTRING_EN></XML>', 'head': 'Connection: close\\nDate: Sat, 17 Jan 2015 02:36:18 GMT\\nServer: Microsoft-IIS/6.0\\nSet-Cookie: JSESSIONID=525F8C39BA7D42090D5DB28DF65CB827; Path=/car\\nContent-Type: text/html;charset=GBK\\nContent-Length: 175\\n\\n', 'status': 200}")
('2015-01-17 10:36:19.071975', '\r\n\r\n\r\n\r\n\r\n\r\n\r\n\r\n\r\n\r\n\r\n<XML><ERRORCODE>101</ERRORCODE><ERRORSTRING>您的操作太过频繁，请稍后再试！</ERRORSTRING><ERRORSTRING_EN>Please try again slightly!</ERRORSTRING_EN></XML>')
('2015-01-17 10:36:19.072107', "client 52499129 bid 0 fd_image ack error {'body': '\\r\\n\\r\\n\\r\\n\\r\\n\\r\\n\\r\\n\\r\\n\\r\\n\\r\\n\\r\\n\\r\\n<XML><ERRORCODE>101</ERRORCODE><ERRORSTRING>您的操作太过频繁，请稍后再试！</ERRORSTRING><ERRORSTRING_EN>Please try again slightly!</ERRORSTRING_EN></XML>', 'head': 'Connection: close\\nDate: Sat, 17 Jan 2015 02:36:19 GMT\\nServer: Microsoft-IIS/6.0\\nSet-Cookie: JSESSIONID=0A5ABDCFA619402C1160289B59CA8CB4; Path=/car\\nContent-Type: text/html;charset=GBK\\nContent-Length: 175\\n\\n', 'status': 200}")
('2015-01-17 10:36:25.435909', '\r\n\r\n\r\n\r\n\r\n\r\n\r\n\r\n\r\n\r\n<XML><ERRORCODE>311</ERRORCODE><ERRORSTRING>图像校验码错误！</ERRORSTRING><ERRORSTRING_EN>Image checksum error！</ERRORSTRING_EN></XML>')
('2015-01-17 10:36:25.436013', "client 52413311 bid 0 fd_price ack error {'errstring': '图像校验码错误！', 'errcode': '311'}")
('2015-01-17 10:36:26.629469', 'client 52413311 bid 0 fd_price get channel Failed')
('2015-01-17 10:36:27.051337', 'client 52451512 bid 0 fd_price get channel Failed')
('2015-01-17 10:36:28.633022', 'client 52413311 bid 0 fd_price get channel Failed')
('2015-01-17 10:36:32.485111', 'client 52396468 bid 0 fd_price get channel Failed')
('2015-01-17 10:36:34.488553', 'client 52396468 bid 0 fd_price get channel Failed')
('2015-01-17 10:36:37.896558', 'client 52456021 bid 0 fd_image Timeout')
('2015-01-17 10:36:39.074527', 'client 52499129 bid 0 fd_image Timeout')
('2015-01-17 10:36:57.899360', 'client 52456021 bid 0 fd_image Timeout')
('2015-01-17 10:36:59.078022', 'client 52499129 bid 0 fd_image Timeout')
('2015-01-17 10:37:06.335871', 'client 52396468 bid 0 fd_price info channel error')
('2015-01-17 10:37:06.713422', 'client 52413311 bid 0 fd_price info channel error')
('2015-01-17 10:37:06.770090', 'client 52499129 bid 0 fd_price info channel error')
('2015-01-17 10:37:07.779822', 'client 52396468 bid 0 fd_price info channel error')
('2015-01-17 10:37:07.871619', 'client 52451512 bid 0 fd_price info channel error')
('2015-01-17 10:37:08.135335', 'client 52456021 bid 0 fd_price info channel error')
('2015-01-17 10:37:08.255189', 'client 52456021 bid 0 fd_price get channel Failed')
('2015-01-17 10:37:08.475925', 'client 52413311 bid 0 fd_price get channel Failed')
('2015-01-17 10:37:10.001742', 'client 52499129 bid 0 fd_image info channel error')
('2015-01-17 10:37:10.190004', 'client 52451512 bid 0 fd_image info channel error')
('2015-01-17 10:37:10.257763', 'client 52456021 bid 0 fd_price get channel Failed')
('2015-01-17 10:37:10.478320', 'client 52413311 bid 0 fd_price get channel Failed')
('2015-01-17 10:37:10.879812', 'client 52499129 bid 0 fd_price get channel Failed')
('2015-01-17 10:37:11.081478', 'client 52504282 bid 0 fd_image info channel error')
('2015-01-17 10:37:12.255483', 'client 52456021 bid 0 fd_image info channel error')
('2015-01-17 10:37:12.255659', 'client 52396468 bid 0 fd_image info channel error')
('2015-01-17 10:37:12.257010', 'client 52549868 bid 0 fd_image info channel error')
('2015-01-17 10:37:12.884343', 'client 52499129 bid 0 fd_price get channel Failed')
('2015-01-17 10:37:15.744503', 'client 52451512 bid 0 fd_image info channel error')
('2015-01-17 10:37:15.779847', 'client 52753130 bid 0 fd_image info channel error')
('2015-01-17 10:37:15.838358', 'client 52413311 bid 0 fd_image info channel error')
('2015-01-17 10:37:16.402459', 'client 52499129 bid 0 fd_image info channel error')
('2015-01-17 10:37:18.895219', 'client 52504282 bid 0 fd_image info channel error')
('2015-01-17 10:37:18.895698', 'client 52456021 bid 0 fd_image info channel error')
('2015-01-17 10:37:19.794189', 'client 52753130 bid 0 fd_image info channel error')
('2015-01-17 10:37:19.906516', 'client 52562774 bid 0 fd_image info channel error')
('2015-01-17 10:37:22.777093', 'client 52562774 bid 0 fd_image info channel error')
('2015-01-17 10:37:23.152916', 'client 52549868 bid 0 fd_image info channel error')
('2015-01-17 10:37:26.596178', 'client 52396468 bid 0 fd_image info channel error')
('2015-01-17 10:37:26.654391', 'client 52413311 bid 0 fd_image info channel error')
('2015-01-17 10:37:32.409895', '\r\n\r\n\r\n\r\n\r\n\r\n\r\n\r\n\r\n\r\n<XML><ERRORCODE>311</ERRORCODE><ERRORSTRING>图像校验码错误！</ERRORSTRING><ERRORSTRING_EN>Image checksum error！</ERRORSTRING_EN></XML>')
('2015-01-17 10:37:32.410013', "client 52396468 bid 0 fd_price ack error {'errstring': '图像校验码错误！', 'errcode': '311'}")
('2015-01-17 10:37:32.794665', '\r\n\r\n\r\n\r\n\r\n\r\n\r\n\r\n\r\n\r\n<XML><ERRORCODE>311</ERRORCODE><ERRORSTRING>图像校验码错误！</ERRORSTRING><ERRORSTRING_EN>Image checksum error！</ERRORSTRING_EN></XML>')
('2015-01-17 10:37:32.794777', "client 52413311 bid 0 fd_price ack error {'errstring': '图像校验码错误！', 'errcode': '311'}")
('2015-01-17 10:37:32.826251', '\r\n\r\n\r\n\r\n\r\n\r\n\r\n\r\n\r\n\r\n<XML><ERRORCODE>311</ERRORCODE><ERRORSTRING>图像校验码错误！</ERRORSTRING><ERRORSTRING_EN>Image checksum error！</ERRORSTRING_EN></XML>')
('2015-01-17 10:37:32.826360', "client 52499129 bid 0 fd_price ack error {'errstring': '图像校验码错误！', 'errcode': '311'}")
('2015-01-17 10:37:33.016813', '\r\n\r\n\r\n\r\n\r\n\r\n\r\n\r\n\r\n\r\n<XML><ERRORCODE>311</ERRORCODE><ERRORSTRING>图像校验码错误！</ERRORSTRING><ERRORSTRING_EN>Image checksum error！</ERRORSTRING_EN></XML>')
('2015-01-17 10:37:33.016864', "client 52456021 bid 0 fd_price ack error {'errstring': '图像校验码错误！', 'errcode': '311'}")
('2015-01-17 10:37:33.946044', '\r\n\r\n\r\n\r\n\r\n\r\n\r\n\r\n\r\n\r\n<XML><ERRORCODE>311</ERRORCODE><ERRORSTRING>图像校验码错误！</ERRORSTRING><ERRORSTRING_EN>Image checksum error！</ERRORSTRING_EN></XML>')
('2015-01-17 10:37:33.946162', "client 52451512 bid 0 fd_price ack error {'errstring': '图像校验码错误！', 'errcode': '311'}")
('2015-01-17 10:38:01.059703', 'client 52456021 bid 0 fd_image Timeout')
('2015-01-17 10:38:01.280737', 'client 52413311 bid 0 fd_image Timeout')
('2015-01-17 10:38:03.684479', 'client 52499129 bid 0 fd_image Timeout')
('2015-01-17 10:38:21.061878', 'client 52456021 bid 0 fd_image Timeout')
('2015-01-17 10:38:21.283703', 'client 52413311 bid 0 fd_image Timeout')
('2015-01-17 10:38:23.687169', 'client 52499129 bid 0 fd_image Timeout')
('2015-01-17 10:38:41.064865', 'client 52456021 bid 0 fd_image Timeout')
('2015-01-17 10:38:41.286599', 'client 52413311 bid 0 fd_image Timeout')
('2015-01-17 10:38:43.690163', 'client 52499129 bid 0 fd_image Timeout')
('2015-01-17 10:38:47.765309', 'client 52456021 bid 0 fd_price get channel Failed')
('2015-01-17 10:38:51.306723', '\r\n\r\n\r\n\r\n\r\n\r\n\r\n\r\n\r\n\r\n<XML><ERRORCODE>311</ERRORCODE><ERRORSTRING>图像校验码错误！</ERRORSTRING><ERRORSTRING_EN>Image checksum error！</ERRORSTRING_EN></XML>')
('2015-01-17 10:38:51.306898', "client 52413311 bid 0 fd_price ack error {'errstring': '图像校验码错误！', 'errcode': '311'}")
('2015-01-17 10:38:52.499258', 'client 52413311 bid 0 fd_price get channel Failed')
('2015-01-17 10:38:54.503640', 'client 52413311 bid 0 fd_price get channel Failed')
('2015-01-17 10:38:54.885818', '\r\n\r\n\r\n\r\n\r\n\r\n\r\n\r\n\r\n\r\n<XML><ERRORCODE>311</ERRORCODE><ERRORSTRING>图像校验码错误！</ERRORSTRING><ERRORSTRING_EN>Image checksum error！</ERRORSTRING_EN></XML>')
('2015-01-17 10:38:54.885923', "client 52499129 bid 0 fd_price ack error {'errstring': '图像校验码错误！', 'errcode': '311'}")
('2015-01-17 10:38:56.079197', 'client 52499129 bid 0 fd_price get channel Failed')
('2015-01-17 10:38:58.083565', 'client 52499129 bid 0 fd_price get channel Failed')
('2015-01-17 10:39:17.564195', 'client 52413311 bid 0 fd_price info channel error')
('2015-01-17 10:39:36.735985', 'client 52499129 bid 0 fd_price get channel Failed')
('2015-01-17 10:39:38.738826', 'client 52499129 bid 0 fd_price get channel Failed')
('2015-01-17 10:39:45.304380', 'client 52413311 bid 0 fd_image Timeout')
('2015-01-17 10:40:05.306941', 'client 52413311 bid 0 fd_image Timeout')
('2015-01-17 10:40:09.819617', '\r\n\r\n\r\n\r\n\r\n\r\n\r\n\r\n\r\n\r\n<XML><ERRORCODE>311</ERRORCODE><ERRORSTRING>图像校验码错误！</ERRORSTRING><ERRORSTRING_EN>Image checksum error！</ERRORSTRING_EN></XML>')
('2015-01-17 10:40:09.819731', "client 52413311 bid 0 fd_price ack error {'errstring': '图像校验码错误！', 'errcode': '311'}")
('2015-01-17 10:40:21.078810', 'client 52413311 bid 0 fd_price get channel Failed')
('2015-01-17 10:40:23.082837', 'client 52413311 bid 0 fd_price get channel Failed')
('2015-01-17 10:40:28.993541', 'client 52413311 bid 0 fd_image info channel error')
('2015-01-17 10:40:29.036979', 'client 52499129 bid 0 fd_image info channel error')
('2015-01-17 10:40:44.263767', 'client 52456021 bid 0 fd_image info channel error')
('2015-01-17 10:41:13.886297', 'client 52413311 bid 0 fd_image Timeout')
('2015-01-17 10:41:28.686337', '\r\n\r\n\r\n\r\n\r\n\r\n\r\n\r\n\r\n\r\n<XML><ERRORCODE>311</ERRORCODE><ERRORSTRING>图像校验码错误！</ERRORSTRING><ERRORSTRING_EN>Image checksum error！</ERRORSTRING_EN></XML>')
('2015-01-17 10:41:28.686443', "client 52413311 bid 0 fd_price ack error {'errstring': '图像校验码错误！', 'errcode': '311'}")
('2015-01-17 10:41:29.874662', 'client 52413311 bid 0 fd_price get channel Failed')
('2015-01-17 10:41:31.878844', 'client 52413311 bid 0 fd_price get channel Failed')
('2015-01-17 10:42:08.495925', 'client 52413311 bid 0 fd_price info channel error')
('2015-01-17 10:42:15.062711', 'client 52413311 bid 0 fd_price get channel Failed')
('2015-01-17 10:42:15.913136', 'client 52413311 bid 0 fd_price info channel error')
('2015-01-17 10:42:17.065892', 'client 52413311 bid 0 fd_price get channel Failed')
('2015-01-17 10:42:17.658141', 'client 52413311 bid 0 fd_image info channel error')
('2015-01-17 10:42:34.586014', '\r\n\r\n\r\n\r\n\r\n\r\n\r\n\r\n\r\n\r\n<XML><ERRORCODE>311</ERRORCODE><ERRORSTRING>图像校验码错误！</ERRORSTRING><ERRORSTRING_EN>Image checksum error！</ERRORSTRING_EN></XML>')
('2015-01-17 10:42:34.586124', "client 52413311 bid 0 fd_price ack error {'errstring': '图像校验码错误！', 'errcode': '311'}")
('2015-01-17 10:42:39.834014', '\r\n\r\n\r\n\r\n\r\n\r\n\r\n\r\n\r\n\r\n<XML><ERRORCODE>311</ERRORCODE><ERRORSTRING>图像校验码错误！</ERRORSTRING><ERRORSTRING_EN>Image checksum error！</ERRORSTRING_EN></XML>')
('2015-01-17 10:42:39.834125', "client 52413311 bid 0 fd_price ack error {'errstring': '图像校验码错误！', 'errcode': '311'}")
('2015-01-17 10:43:07.868093', 'client 52413311 bid 0 fd_image Timeout')
('2015-01-17 10:43:27.871116', 'client 52413311 bid 0 fd_image Timeout')
('2015-01-17 10:43:47.873497', 'client 52413311 bid 0 fd_image Timeout')
('2015-01-17 10:43:55.450111', '\r\n\r\n\r\n\r\n\r\n\r\n\r\n\r\n\r\n\r\n<XML><ERRORCODE>311</ERRORCODE><ERRORSTRING>图像校验码错误！</ERRORSTRING><ERRORSTRING_EN>Image checksum error！</ERRORSTRING_EN></XML>')
('2015-01-17 10:43:55.450216', "client 52413311 bid 0 fd_price ack error {'errstring': '图像校验码错误！', 'errcode': '311'}")
('2015-01-17 10:43:56.642362', 'client 52413311 bid 0 fd_price get channel Failed')
('2015-01-17 10:43:58.646455', 'client 52413311 bid 0 fd_price get channel Failed')
('2015-01-17 10:44:44.129900', 'client 52413311 bid 0 fd_price get channel Failed')
('2015-01-17 10:44:46.132510', 'client 52413311 bid 0 fd_price get channel Failed')
('2015-01-17 10:45:08.925580', '\r\n\r\n\r\n\r\n\r\n\r\n\r\n\r\n\r\n\r\n<XML><ERRORCODE>311</ERRORCODE><ERRORSTRING>图像校验码错误！</ERRORSTRING><ERRORSTRING_EN>Image checksum error！</ERRORSTRING_EN></XML>')
('2015-01-17 10:45:08.925637', "client 52413311 bid 0 fd_price ack error {'errstring': '图像校验码错误！', 'errcode': '311'}")
('2015-01-17 10:45:32.119729', 'client 52413311 bid 0 fd_image info channel error')
('2015-01-17 10:45:36.935291', 'client 52413311 bid 0 fd_image Timeout')
('2015-01-17 10:45:41.978070', '\r\n\r\n\r\n\r\n\r\n\r\n\r\n\r\n\r\n\r\n<XML><ERRORCODE>311</ERRORCODE><ERRORSTRING>图像校验码错误！</ERRORSTRING><ERRORSTRING_EN>Image checksum error！</ERRORSTRING_EN></XML>')
('2015-01-17 10:45:41.978182', "client 52413311 bid 0 fd_price ack error {'errstring': '图像校验码错误！', 'errcode': '311'}")
('2015-01-17 10:45:52.403725', 'client 52413311 bid 0 fd_price get channel Failed')
('2015-01-17 10:45:54.406400', 'client 52413311 bid 0 fd_price get channel Failed')
('2015-01-17 10:47:11.399925', 'client 52413311 bid 0 fd_price info channel error')
('2015-01-17 10:47:11.520335', '\r\n\r\n\r\n\r\n\r\n\r\n\r\n\r\n\r\n\r\n<XML><ERRORCODE>311</ERRORCODE><ERRORSTRING>图像校验码错误！</ERRORSTRING><ERRORSTRING_EN>Image checksum error！</ERRORSTRING_EN></XML>')
('2015-01-17 10:47:11.520448', "client 52413311 bid 0 fd_price ack error {'errstring': '图像校验码错误！', 'errcode': '311'}")
('2015-01-17 11:29:37.459274', 'client 52456021 bid 1 fd_image status 503')
('2015-01-17 11:29:40.459221', 'client 52456021 bid 1 fd_image status 503')
('2015-01-17 11:29:42.360172', 'client 52396468 bid 1 fd_image status 503')
('2015-01-17 11:29:43.025498', 'client 52451512 bid 1 fd_image Timeout')
('2015-01-17 11:29:43.027560', 'client 52753130 bid 1 fd_image Timeout')
('2015-01-17 11:29:43.027927', 'client 52504282 bid 1 fd_image Timeout')
('2015-01-17 11:29:43.029993', 'client 52413311 bid 1 fd_image Timeout')
('2015-01-17 11:29:49.032079', 'client 52456021 bid 1 fd_image Timeout')
('2015-01-17 11:29:50.027711', 'client 52451512 bid 1 fd_image Timeout')
('2015-01-17 11:29:50.033727', 'client 52753130 bid 1 fd_image Timeout')
('2015-01-17 11:29:50.035247', 'client 52413311 bid 1 fd_image Timeout')
('2015-01-17 11:29:50.040754', 'client 52753130 bid 1 fd_image status 503')
('2015-01-17 11:29:50.041912', 'client 52413311 bid 1 fd_image status 503')
('2015-01-17 11:29:50.641961', 'client 52451512 bid 1 fd_image status 503')
('2015-01-17 11:29:56.058309', 'client 52753130 bid 2 fd_image status 503')
('2015-01-17 11:29:56.061024', 'client 52504282 bid 2 fd_image status 503')
('2015-01-17 11:29:56.062084', 'client 52456021 bid 2 fd_image status 503')
('2015-01-17 11:29:56.251051', 'client 52396468 bid 2 fd_image status 503')
('2015-01-17 11:29:56.262335', 'client 52451512 bid 2 fd_image status 503')
('2015-01-17 11:29:58.747601', '\r\n\r\n\r\n\r\n\r\n\r\n\r\n\r\n\r\n\r\n<XML><ERRORCODE>311</ERRORCODE><ERRORSTRING>图像校验码错误！</ERRORSTRING><ERRORSTRING_EN>Image checksum error！</ERRORSTRING_EN></XML>')
('2015-01-17 11:29:58.747654', "client 52413311 bid 2 fd_price ack error {'errstring': '图像校验码错误！', 'errcode': '311'}")
('2015-01-17 11:29:59.994995', '\r\n\r\n\r\n\r\n\r\n\r\n\r\n\r\n\r\n\r\n<XML><ERRORCODE>311</ERRORCODE><ERRORSTRING>图像校验码错误！</ERRORSTRING><ERRORSTRING_EN>Image checksum error！</ERRORSTRING_EN></XML>')
('2015-01-17 11:29:59.995051', "client 52562774 bid 2 fd_price ack error {'errstring': '图像校验码错误！', 'errcode': '311'}")
('2015-01-17 11:30:00.371717', '\r\n\r\n\r\n\r\n\r\n\r\n\r\n\r\n\r\n\r\n\r\n<XML><ERRORCODE>110</ERRORCODE><ERRORSTRING>没有正在举行的拍卖会，请注意拍卖公告！</ERRORSTRING><ERRORSTRING_EN>Auction is not begin!</ERRORSTRING_EN></XML>')
('2015-01-17 11:30:00.371779', "client 52396468 bid 2 fd_image ack error {'body': '\\r\\n\\r\\n\\r\\n\\r\\n\\r\\n\\r\\n\\r\\n\\r\\n\\r\\n\\r\\n\\r\\n<XML><ERRORCODE>110</ERRORCODE><ERRORSTRING>没有正在举行的拍卖会，请注意拍卖公告！</ERRORSTRING><ERRORSTRING_EN>Auction is not begin!</ERRORSTRING_EN></XML>', 'head': 'Connection: close\\nDate: Sat, 17 Jan 2015 03:30:00 GMT\\nServer: Microsoft-IIS/6.0\\nSet-Cookie: JSESSIONID=17BB2B5A2028817B3EC59EA06DEADC74; Path=/car\\nContent-Type: text/html;charset=GBK\\nContent-Length: 178\\n\\n', 'status': 200}")
('2015-01-17 11:30:00.399707', '\r\n\r\n\r\n\r\n\r\n\r\n\r\n\r\n\r\n\r\n\r\n<XML><ERRORCODE>110</ERRORCODE><ERRORSTRING>没有正在举行的拍卖会，请注意拍卖公告！</ERRORSTRING><ERRORSTRING_EN>Auction is not begin!</ERRORSTRING_EN></XML>')
('2015-01-17 11:30:00.399830', "client 52456021 bid 2 fd_image ack error {'body': '\\r\\n\\r\\n\\r\\n\\r\\n\\r\\n\\r\\n\\r\\n\\r\\n\\r\\n\\r\\n\\r\\n<XML><ERRORCODE>110</ERRORCODE><ERRORSTRING>没有正在举行的拍卖会，请注意拍卖公告！</ERRORSTRING><ERRORSTRING_EN>Auction is not begin!</ERRORSTRING_EN></XML>', 'head': 'Connection: close\\nDate: Sat, 17 Jan 2015 03:30:00 GMT\\nServer: Microsoft-IIS/6.0\\nSet-Cookie: JSESSIONID=BC095A3704A30380B635732B27E72E69; Path=/car\\nContent-Type: text/html;charset=GBK\\nContent-Length: 178\\n\\n', 'status': 200}")
('2015-01-17 11:30:00.766573', '\r\n\r\n\r\n\r\n\r\n\r\n\r\n\r\n\r\n\r\n<XML><ERRORCODE>311</ERRORCODE><ERRORSTRING>图像校验码错误！</ERRORSTRING><ERRORSTRING_EN>Image checksum error！</ERRORSTRING_EN></XML>')
('2015-01-17 11:30:00.766687', "client 52499129 bid 2 fd_price ack error {'errstring': '图像校验码错误！', 'errcode': '311'}")
('2015-01-17 11:30:02.057006', '\r\n\r\n\r\n\r\n\r\n\r\n\r\n\r\n\r\n\r\n\r\n<XML><ERRORCODE>110</ERRORCODE><ERRORSTRING>没有正在举行的拍卖会，请注意拍卖公告！</ERRORSTRING><ERRORSTRING_EN>Auction is not begin!</ERRORSTRING_EN></XML>')
('2015-01-17 11:30:02.057064', "client 52396468 bid 2 fd_image ack error {'body': '\\r\\n\\r\\n\\r\\n\\r\\n\\r\\n\\r\\n\\r\\n\\r\\n\\r\\n\\r\\n\\r\\n<XML><ERRORCODE>110</ERRORCODE><ERRORSTRING>没有正在举行的拍卖会，请注意拍卖公告！</ERRORSTRING><ERRORSTRING_EN>Auction is not begin!</ERRORSTRING_EN></XML>', 'head': 'Connection: close\\nDate: Sat, 17 Jan 2015 03:30:02 GMT\\nServer: Microsoft-IIS/6.0\\nSet-Cookie: JSESSIONID=2FDFE4A0DFC73C2768123E93C66F431E; Path=/car\\nContent-Type: text/html;charset=GBK\\nContent-Length: 178\\n\\n', 'status': 200}")
('2015-01-17 11:30:02.393830', '\r\n\r\n\r\n\r\n\r\n\r\n\r\n\r\n\r\n\r\n\r\n<XML><ERRORCODE>110</ERRORCODE><ERRORSTRING>没有正在举行的拍卖会，请注意拍卖公告！</ERRORSTRING><ERRORSTRING_EN>Auction is not begin!</ERRORSTRING_EN></XML>')
('2015-01-17 11:30:02.393895', "client 52549868 bid 2 fd_image ack error {'body': '\\r\\n\\r\\n\\r\\n\\r\\n\\r\\n\\r\\n\\r\\n\\r\\n\\r\\n\\r\\n\\r\\n<XML><ERRORCODE>110</ERRORCODE><ERRORSTRING>没有正在举行的拍卖会，请注意拍卖公告！</ERRORSTRING><ERRORSTRING_EN>Auction is not begin!</ERRORSTRING_EN></XML>', 'head': 'Connection: close\\nDate: Sat, 17 Jan 2015 03:30:02 GMT\\nServer: Microsoft-IIS/6.0\\nSet-Cookie: JSESSIONID=FA73786145C293437D5372624CC19ACA; Path=/car\\nContent-Type: text/html;charset=GBK\\nContent-Length: 178\\n\\n', 'status': 200}")
('2015-01-17 11:30:02.602862', '\r\n\r\n\r\n\r\n\r\n\r\n\r\n\r\n\r\n\r\n\r\n<XML><ERRORCODE>101</ERRORCODE><ERRORSTRING>您的操作太过频繁，请稍后再试！</ERRORSTRING><ERRORSTRING_EN>Please try again slightly!</ERRORSTRING_EN></XML>')
('2015-01-17 11:30:02.602923', "client 52549868 bid 2 fd_image ack error {'body': '\\r\\n\\r\\n\\r\\n\\r\\n\\r\\n\\r\\n\\r\\n\\r\\n\\r\\n\\r\\n\\r\\n<XML><ERRORCODE>101</ERRORCODE><ERRORSTRING>您的操作太过频繁，请稍后再试！</ERRORSTRING><ERRORSTRING_EN>Please try again slightly!</ERRORSTRING_EN></XML>', 'head': 'Connection: close\\nDate: Sat, 17 Jan 2015 03:30:02 GMT\\nServer: Microsoft-IIS/6.0\\nSet-Cookie: JSESSIONID=7D5CCD781082643C8221AB35EFB7201D; Path=/car\\nContent-Type: text/html;charset=GBK\\nContent-Length: 175\\n\\n', 'status': 200}")
('2015-01-17 11:30:03.485636', '\r\n\r\n\r\n\r\n\r\n\r\n\r\n\r\n\r\n\r\n\r\n<XML><ERRORCODE>110</ERRORCODE><ERRORSTRING>没有正在举行的拍卖会，请注意拍卖公告！</ERRORSTRING><ERRORSTRING_EN>Auction is not begin!</ERRORSTRING_EN></XML>')
('2015-01-17 11:30:03.485699', "client 52456021 bid 2 fd_image ack error {'body': '\\r\\n\\r\\n\\r\\n\\r\\n\\r\\n\\r\\n\\r\\n\\r\\n\\r\\n\\r\\n\\r\\n<XML><ERRORCODE>110</ERRORCODE><ERRORSTRING>没有正在举行的拍卖会，请注意拍卖公告！</ERRORSTRING><ERRORSTRING_EN>Auction is not begin!</ERRORSTRING_EN></XML>', 'head': 'Connection: close\\nDate: Sat, 17 Jan 2015 03:30:03 GMT\\nServer: Microsoft-IIS/6.0\\nSet-Cookie: JSESSIONID=AC31D6533D8DA65F5820AB4F080BC896; Path=/car\\nContent-Type: text/html;charset=GBK\\nContent-Length: 178\\n\\n', 'status': 200}")
('2015-01-17 11:30:06.052849', 'client 52753130 bid 2 fd_image Timeout')
('2015-01-17 11:30:06.054182', 'client 52504282 bid 2 fd_image Timeout')
('2015-01-17 11:30:06.059739', 'client 52451512 bid 2 fd_image Timeout')
('2015-01-17 11:30:06.266936', '\r\n\r\n\r\n\r\n\r\n\r\n\r\n\r\n\r\n\r\n\r\n<XML><ERRORCODE>110</ERRORCODE><ERRORSTRING>没有正在举行的拍卖会，请注意拍卖公告！</ERRORSTRING><ERRORSTRING_EN>Auction is not begin!</ERRORSTRING_EN></XML>')
('2015-01-17 11:30:06.267036', "client 52504282 bid 2 fd_image ack error {'body': '\\r\\n\\r\\n\\r\\n\\r\\n\\r\\n\\r\\n\\r\\n\\r\\n\\r\\n\\r\\n\\r\\n<XML><ERRORCODE>110</ERRORCODE><ERRORSTRING>没有正在举行的拍卖会，请注意拍卖公告！</ERRORSTRING><ERRORSTRING_EN>Auction is not begin!</ERRORSTRING_EN></XML>', 'head': 'Connection: close\\nDate: Sat, 17 Jan 2015 03:30:06 GMT\\nServer: Microsoft-IIS/6.0\\nSet-Cookie: JSESSIONID=986741744044DE3DDA69A44FBD29621D; Path=/car\\nContent-Type: text/html;charset=GBK\\nContent-Length: 178\\n\\n', 'status': 200}")
('2015-01-17 11:30:06.678169', '\r\n\r\n\r\n\r\n\r\n\r\n\r\n\r\n\r\n\r\n\r\n<XML><ERRORCODE>110</ERRORCODE><ERRORSTRING>没有正在举行的拍卖会，请注意拍卖公告！</ERRORSTRING><ERRORSTRING_EN>Auction is not begin!</ERRORSTRING_EN></XML>')
('2015-01-17 11:30:06.678327', "client 52451512 bid 2 fd_image ack error {'body': '\\r\\n\\r\\n\\r\\n\\r\\n\\r\\n\\r\\n\\r\\n\\r\\n\\r\\n\\r\\n\\r\\n<XML><ERRORCODE>110</ERRORCODE><ERRORSTRING>没有正在举行的拍卖会，请注意拍卖公告！</ERRORSTRING><ERRORSTRING_EN>Auction is not begin!</ERRORSTRING_EN></XML>', 'head': 'Connection: close\\nDate: Sat, 17 Jan 2015 03:30:06 GMT\\nServer: Microsoft-IIS/6.0\\nSet-Cookie: JSESSIONID=6BF3403F3BB0944AC6C7C23C2FCAADA9; Path=/car\\nContent-Type: text/html;charset=GBK\\nContent-Length: 178\\n\\n', 'status': 200}")
('2015-01-17 11:30:07.484610', '\r\n\r\n\r\n\r\n\r\n\r\n\r\n\r\n\r\n\r\n\r\n<XML><ERRORCODE>110</ERRORCODE><ERRORSTRING>没有正在举行的拍卖会，请注意拍卖公告！</ERRORSTRING><ERRORSTRING_EN>Auction is not begin!</ERRORSTRING_EN></XML>')
('2015-01-17 11:30:07.484671', "client 52753130 bid 2 fd_image ack error {'body': '\\r\\n\\r\\n\\r\\n\\r\\n\\r\\n\\r\\n\\r\\n\\r\\n\\r\\n\\r\\n\\r\\n<XML><ERRORCODE>110</ERRORCODE><ERRORSTRING>没有正在举行的拍卖会，请注意拍卖公告！</ERRORSTRING><ERRORSTRING_EN>Auction is not begin!</ERRORSTRING_EN></XML>', 'head': 'Connection: close\\nDate: Sat, 17 Jan 2015 03:30:07 GMT\\nServer: Microsoft-IIS/6.0\\nSet-Cookie: JSESSIONID=6BD3E25B0A5E3FD2A75685E8F8604149; Path=/car\\nContent-Type: text/html;charset=GBK\\nContent-Length: 178\\n\\n', 'status': 200}")
('2015-01-17 11:30:12.399774', 'client 52549868 bid 2 fd_image Timeout')
('2015-01-17 11:30:55.809091', 'client 52413311 bid 1 fd_image info channel error')
