('2015-01-17 09:36:46.523850', 'client 52451512 login 刘丽英 31011219770104642x')
('2015-01-17 09:36:46.722712', 'client 52504282 login 缪晟弘 310104198812132894')
('2015-01-17 09:36:48.019072', 'client 52456021 login 陈彦 310104198309092450')
('2015-01-17 09:36:48.225934', 'client 52396468 login 张呈杰 310102198910294499')
('2015-01-17 09:36:49.516422', 'client 52753130 login 程江陵 340822198202136210')
('2015-01-17 09:36:49.729892', 'client 52499129 login 张毅 310104197101102416')
('2015-01-17 09:36:51.015416', 'client 52413311 login 张智浩 31022619890722471x')
('2015-01-17 09:36:51.230926', 'client 52549868 login 孙玉霞 410204197912036044')
('2015-01-17 09:36:52.517825', 'client 52562774 login 王泽骏 310109198504200017')
('2015-01-17 10:35:02.884044', 'client 52504282 bid 0 image Failed')
('2015-01-17 10:35:02.884130', 'client 52504282 bid 0 failed. Abort.....')
('2015-01-17 10:35:02.893436', 'client 52413311 bid 0 image Failed')
('2015-01-17 10:35:02.893566', 'client 52413311 bid 0 failed. Abort.....')
('2015-01-17 10:35:02.897117', 'client 52549868 bid 0 image Failed')
('2015-01-17 10:35:02.897195', 'client 52549868 bid 0 failed. Abort.....')
('2015-01-17 10:35:02.899417', 'client 52562774 bid 0 image Failed')
('2015-01-17 10:35:02.899491', 'client 52562774 bid 0 failed. Abort.....')
('2015-01-17 10:35:02.902232', 'client 52451512 bid 0 image Failed')
('2015-01-17 10:35:02.902311', 'client 52451512 bid 0 failed. Abort.....')
('2015-01-17 10:35:02.903120', 'client 52499129 bid 0 image Failed')
('2015-01-17 10:35:02.903210', 'client 52499129 bid 0 failed. Abort.....')
('2015-01-17 10:35:02.904123', 'client 52456021 bid 0 image Failed')
('2015-01-17 10:35:02.904202', 'client 52456021 bid 0 failed. Abort.....')
('2015-01-17 10:35:02.906205', 'client 52396468 bid 0 image Failed')
('2015-01-17 10:35:02.906293', 'client 52396468 bid 0 failed. Abort.....')
('2015-01-17 10:35:02.911084', 'client 52753130 bid 0 image Failed')
('2015-01-17 10:35:02.911226', 'client 52753130 bid 0 failed. Abort.....')
('2015-01-17 10:35:07.564085', 'client 52562774 bid 0 image 3BD3E654740B1152620266463B00AADC 062649 ')
('2015-01-17 10:35:07.581245', 'client 52562774 bid 0 price 73700 王泽骏 310109198504200017')
('2015-01-17 10:35:08.016140', 'client 52504282 bid 0 image 847ACC457A027CFB2B8D101397BA2FA2 526281 ')
('2015-01-17 10:35:09.753749', 'client 52549868 bid 0 image D1B07205B5F118C8A94BACC0A8996E9D 189062 ')
('2015-01-17 10:35:09.811713', 'client 52753130 bid 0 image 24C5E0BFC8D77FE2E7A9484A66A616A2 945361 ')
('2015-01-17 10:35:15.279328', 'client 52396468 bid 0 image 7F18584419D469CF5B1B8E10CFC36BFD 452645 ')
('2015-01-17 10:35:16.932470', 'client 52451512 bid 0 image CC8B444D773BB086E58198EAA86BA85D 835291 ')
('2015-01-17 10:35:17.547998', 'client 52456021 bid 0 image 0659B24A2D410F5E539B0B943BA2C850 649251 ')
('2015-01-17 10:35:18.719630', 'client 52499129 bid 0 image 9BAA4A2B5FE924B8115CE77C4040BA0B 064826 ')
('2015-01-17 10:35:19.690799', 'client 52413311 bid 0 image B21C3A3684536B1FA5B40486C34DF019 264915 ')
('2015-01-17 10:35:42.021078', 'client 52504282 bid 0 price Failed')
('2015-01-17 10:35:42.021305', 'client 52504282 bid 0 failed. Abort.....')
('2015-01-17 10:35:43.760226', 'client 52549868 bid 0 price Failed')
('2015-01-17 10:35:43.760435', 'client 52549868 bid 0 failed. Abort.....')
('2015-01-17 10:35:43.818373', 'client 52753130 bid 0 price Failed')
('2015-01-17 10:35:43.818519', 'client 52753130 bid 0 failed. Abort.....')
('2015-01-17 10:35:49.284643', 'client 52396468 bid 0 price Failed')
('2015-01-17 10:35:49.284796', 'client 52396468 bid 0 failed. Abort.....')
('2015-01-17 10:35:50.937498', 'client 52451512 bid 0 price Failed')
('2015-01-17 10:35:50.937707', 'client 52451512 bid 0 failed. Abort.....')
('2015-01-17 10:35:51.555231', 'client 52456021 bid 0 price Failed')
('2015-01-17 10:35:51.555359', 'client 52456021 bid 0 failed. Abort.....')
('2015-01-17 10:35:52.726129', 'client 52499129 bid 0 price Failed')
('2015-01-17 10:35:52.726348', 'client 52499129 bid 0 failed. Abort.....')
('2015-01-17 10:35:53.032589', 'client 52753130 bid 0 image FBACA36CA6AE6117C23AE1536984B67F 616282 ')
('2015-01-17 10:35:53.509433', 'client 52549868 bid 0 image BFE29A1C7C57205FE59188D77E67A30B 084946 ')
('2015-01-17 10:35:53.697422', 'client 52413311 bid 0 price Failed')
('2015-01-17 10:35:53.697530', 'client 52413311 bid 0 failed. Abort.....')
('2015-01-17 10:35:54.371892', 'client 52504282 bid 0 image 478B9A3AC418C06D7DFF58E9681F5464 636193 ')
('2015-01-17 10:36:19.014391', 'client 52753130 bid 0 price 73700 程江陵 340822198202136210')
('2015-01-17 10:36:19.496813', 'client 52549868 bid 0 price 73700 孙玉霞 410204197912036044')
('2015-01-17 10:36:20.351259', 'client 52504282 bid 0 price 73700 缪晟弘 310104198812132894')
('2015-01-17 10:36:25.425212', 'client 52413311 bid 0 image 04C277799323F49872EBACE22F8951F0 393516 ')
('2015-01-17 10:36:25.847347', 'client 52451512 bid 0 image BA9A9E1916574DEDF4199ADE779B3FFA 493915 ')
('2015-01-17 10:36:25.873298', 'client 52451512 bid 0 price 73700 刘丽英 31011219770104642x')
('2015-01-17 10:36:31.281262', 'client 52396468 bid 0 image 8A24195B3FEC968B9F2B87F2BBBB4C42 252916 ')
('2015-01-17 10:36:37.896776', 'client 52456021 bid 0 image Failed')
('2015-01-17 10:36:37.896866', 'client 52456021 bid 0 failed. Abort.....')
('2015-01-17 10:36:39.074739', 'client 52499129 bid 0 image Failed')
('2015-01-17 10:36:39.074826', 'client 52499129 bid 0 failed. Abort.....')
('2015-01-17 10:36:57.254157', 'client 52396468 bid 0 price 73700 张呈杰 310102198910294499')
('2015-01-17 10:36:59.432712', 'client 52413311 bid 0 price Failed')
('2015-01-17 10:36:59.432932', 'client 52413311 bid 0 failed. Abort.....')
('2015-01-17 10:37:07.050670', 'client 52456021 bid 0 image 5FAC7A32AB86800C39D7E0AA7E8289C4 516182 ')
('2015-01-17 10:37:07.271432', 'client 52413311 bid 0 image 9BFEBA4223B42C6C47A2EB7824309A74 606053 ')
('2015-01-17 10:37:09.676204', 'client 52499129 bid 0 image 7DD7B18F9DAF706F90A00A384E0115CF 250949 ')
('2015-01-17 10:37:41.056854', 'client 52456021 bid 0 price Failed')
('2015-01-17 10:37:41.057083', 'client 52456021 bid 0 failed. Abort.....')
('2015-01-17 10:37:41.277440', 'client 52413311 bid 0 price Failed')
('2015-01-17 10:37:41.277642', 'client 52413311 bid 0 failed. Abort.....')
('2015-01-17 10:37:43.682276', 'client 52499129 bid 0 price Failed')
('2015-01-17 10:37:43.682448', 'client 52499129 bid 0 failed. Abort.....')
('2015-01-17 10:38:41.065102', 'client 52456021 bid 0 image Failed')
('2015-01-17 10:38:41.065207', 'client 52456021 bid 0 failed. Abort.....')
('2015-01-17 10:38:41.286827', 'client 52413311 bid 0 image Failed')
('2015-01-17 10:38:41.286914', 'client 52413311 bid 0 failed. Abort.....')
('2015-01-17 10:38:43.690335', 'client 52499129 bid 0 image Failed')
('2015-01-17 10:38:43.690427', 'client 52499129 bid 0 failed. Abort.....')
('2015-01-17 10:38:46.559331', 'client 52456021 bid 0 image 480C052AD438BDEB45E8B5A9337CB91B 061919 ')
('2015-01-17 10:38:46.581195', 'client 52456021 bid 0 price 73700 陈彦 310104198309092450')
('2015-01-17 10:38:51.295680', 'client 52413311 bid 0 image D54DBA22698369B82FD16E064014AB55 645381 ')
('2015-01-17 10:38:54.874942', 'client 52499129 bid 0 image 2007234992AFA6ADB6889111A96EBF46 605461 ')
('2015-01-17 10:39:25.302736', 'client 52413311 bid 0 price Failed')
('2015-01-17 10:39:25.302850', 'client 52413311 bid 0 failed. Abort.....')
('2015-01-17 10:39:28.882827', 'client 52499129 bid 0 price Failed')
('2015-01-17 10:39:28.883077', 'client 52499129 bid 0 failed. Abort.....')
('2015-01-17 10:39:35.531545', 'client 52499129 bid 0 image 0551C020C7CBB4349E4A053D9E2DE247 946184 ')
('2015-01-17 10:40:01.515159', 'client 52499129 bid 0 price 73700 张毅 310104197101102416')
('2015-01-17 10:40:19.874524', 'client 52413311 bid 0 image AA7B93F2269E488EA979A3BC29800EE7 626362 ')
('2015-01-17 10:40:53.883430', 'client 52413311 bid 0 price Failed')
('2015-01-17 10:40:53.883641', 'client 52413311 bid 0 failed. Abort.....')
('2015-01-17 10:41:28.670715', 'client 52413311 bid 0 image B7B6917D79837AC6371D1ACCCA1D3366 164906 ')
('2015-01-17 10:42:02.678251', 'client 52413311 bid 0 price Failed')
('2015-01-17 10:42:02.678419', 'client 52413311 bid 0 failed. Abort.....')
('2015-01-17 10:42:13.858065', 'client 52413311 bid 0 image AA7D0E42270B6C9DEA3FC333A5011162 936382 ')
('2015-01-17 10:42:47.865104', 'client 52413311 bid 0 price Failed')
('2015-01-17 10:42:47.865351', 'client 52413311 bid 0 failed. Abort.....')
('2015-01-17 10:43:47.873792', 'client 52413311 bid 0 image Failed')
('2015-01-17 10:43:47.873947', 'client 52413311 bid 0 failed. Abort.....')
('2015-01-17 10:43:55.438475', 'client 52413311 bid 0 image 49CC38B708FBAE4F62CB13C020FC5EFA 638364 ')
('2015-01-17 10:44:29.445322', 'client 52413311 bid 0 price Failed')
('2015-01-17 10:44:29.445517', 'client 52413311 bid 0 failed. Abort.....')
('2015-01-17 10:44:42.925843', 'client 52413311 bid 0 image 4B4E9068100C2F7D67D5469C4AE2DD69 628291 ')
('2015-01-17 10:45:16.932678', 'client 52413311 bid 0 price Failed')
('2015-01-17 10:45:16.932900', 'client 52413311 bid 0 failed. Abort.....')
('2015-01-17 10:45:51.198698', 'client 52413311 bid 0 image 90DED7999C3D310D69F8F41D61555BDC 539392 ')
('2015-01-17 10:46:17.185424', 'client 52413311 bid 0 price 73700 张智浩 31022619890722471x')
('2015-01-17 11:29:38.186903', 'client 52549868 bid 1 image FE2354A8AEA431C07B059A6807EDC12C 815291 ')
('2015-01-17 11:29:38.267132', 'client 52499129 bid 1 image 47BE24E889CA740CCE6566201D8ED648 815361 ')
('2015-01-17 11:29:38.750788', 'client 52562774 bid 1 image 68D8B066A96201C61AF79D199910EBB2 391505 ')
('2015-01-17 11:29:46.085292', 'client 52396468 bid 1 image E7A60B4F4603D486D355F9ED7903EBAA 260636 ')
('2015-01-17 11:29:46.841945', 'client 52504282 bid 1 image 00A180B6D6623D4A5093C45028403C8D 183638 ')
('2015-01-17 11:29:49.032292', 'client 52456021 bid 1 image Failed')
('2015-01-17 11:29:49.032383', 'client 52456021 bid 1 failed. Abort.....')
('2015-01-17 11:29:50.041313', 'client 52753130 bid 1 image Failed')
('2015-01-17 11:29:50.041368', 'client 52753130 bid 1 failed. Abort.....')
('2015-01-17 11:29:50.042158', 'client 52413311 bid 1 image Failed')
('2015-01-17 11:29:50.042248', 'client 52413311 bid 1 failed. Abort.....')
('2015-01-17 11:29:50.642252', 'client 52451512 bid 1 image Failed')
('2015-01-17 11:29:50.642301', 'client 52451512 bid 1 failed. Abort.....')
('2015-01-17 11:29:56.040226', 'client 52504282 bid 1 cancel')
('2015-01-17 11:29:56.040418', 'client 52504282 bid 1 price Failed')
('2015-01-17 11:29:56.040460', 'client 52504282 bid 1 failed. Abort.....')
('2015-01-17 11:29:56.041186', 'client 52549868 bid 1 cancel')
('2015-01-17 11:29:56.041313', 'client 52549868 bid 1 price Failed')
('2015-01-17 11:29:56.041394', 'client 52549868 bid 1 failed. Abort.....')
('2015-01-17 11:29:56.042025', 'client 52396468 bid 1 cancel')
('2015-01-17 11:29:56.042125', 'client 52396468 bid 1 price Failed')
('2015-01-17 11:29:56.042214', 'client 52396468 bid 1 failed. Abort.....')
('2015-01-17 11:29:56.048127', 'client 52499129 bid 1 cancel')
('2015-01-17 11:29:56.048300', 'client 52499129 bid 1 price Failed')
('2015-01-17 11:29:56.048432', 'client 52499129 bid 1 failed. Abort.....')
('2015-01-17 11:29:56.056062', 'client 52562774 bid 1 cancel')
('2015-01-17 11:29:56.056192', 'client 52562774 bid 1 price Failed')
('2015-01-17 11:29:56.056255', 'client 52562774 bid 1 failed. Abort.....')
('2015-01-17 11:29:58.587103', 'client 52413311 bid 2 image 700D432836B370A53CD055ED3D4E8EB1 548152 ')
('2015-01-17 11:29:58.834226', 'client 52562774 bid 2 image ADB1AFF5160F6A7FCFFE873B2E23088F 452946 ')
('2015-01-17 11:29:59.327993', 'client 52499129 bid 2 image EB5FF6CA11E3748E9BE9FEBF3318FDF1 849254 ')
('2015-01-17 11:30:00.222420', 'client 52562774 bid 2 price 74300 王泽骏 310109198504200017')
('2015-01-17 11:30:02.057207', 'client 52396468 bid 2 image Failed')
('2015-01-17 11:30:02.057251', 'client 52396468 bid 2 failed. Abort.....')
('2015-01-17 11:30:03.486079', 'client 52456021 bid 2 image Failed')
('2015-01-17 11:30:03.486208', 'client 52456021 bid 2 failed. Abort.....')
('2015-01-17 11:30:06.267289', 'client 52504282 bid 2 image Failed')
('2015-01-17 11:30:06.267343', 'client 52504282 bid 2 failed. Abort.....')
('2015-01-17 11:30:06.678823', 'client 52451512 bid 2 image Failed')
('2015-01-17 11:30:06.678927', 'client 52451512 bid 2 failed. Abort.....')
('2015-01-17 11:30:07.003874', 'client 52499129 bid 2 price 74300 张毅 310104197101102416')
('2015-01-17 11:30:07.484836', 'client 52753130 bid 2 image Failed')
('2015-01-17 11:30:07.484879', 'client 52753130 bid 2 failed. Abort.....')
('2015-01-17 11:30:10.232648', "client 52562774 bids finished. price : ['73700', None, '74300'] . Quit.....")
('2015-01-17 11:30:12.067424', "client 52396468 bids finished. price : ['73700', None, None] . Quit.....")
('2015-01-17 11:30:12.399961', 'client 52549868 bid 2 image Failed')
('2015-01-17 11:30:12.400009', 'client 52549868 bid 2 failed. Abort.....')
('2015-01-17 11:30:12.592383', 'client 52413311 bid 2 price Failed')
('2015-01-17 11:30:12.592587', 'client 52413311 bid 2 failed. Abort.....')
('2015-01-17 11:30:13.496531', "client 52456021 bids finished. price : ['73700', None, None] . Quit.....")
('2015-01-17 11:30:16.277529', "client 52504282 bids finished. price : ['73700', None, None] . Quit.....")
('2015-01-17 11:30:16.689149', "client 52451512 bids finished. price : ['73700', None, None] . Quit.....")
('2015-01-17 11:30:17.014133', "client 52499129 bids finished. price : ['73700', None, '74300'] . Quit.....")
('2015-01-17 11:30:17.495059', "client 52753130 bids finished. price : ['73700', None, None] . Quit.....")
('2015-01-17 11:30:22.402397', "client 52549868 bids finished. price : ['73700', None, None] . Quit.....")
('2015-01-17 11:30:22.602781', "client 52413311 bids finished. price : ['73700', None, None] . Quit.....")
