('2015-01-17 09:36:46.336703', 'worker [9] started')
('2015-01-17 09:36:46.336774', 'client 9 initted')
('2015-01-17 09:36:46.509266', 'put_channel : channel login, group 1, time 2015-01-17 09:36:46.509133')
('2015-01-17 09:36:46.509932', 'put_channel : channel login, group 0, time 2015-01-17 09:36:46.509828')
('2015-01-17 09:36:46.518363', 'fd_channel : login[0] 1 login[1] 0 , tb0[0] 0 tb0[1] 0 , tb1[0] 0 tb1[1] 0')
('2015-01-17 09:36:46.634250', 'fd_channel : login[0] 0 login[1] 0 , tb0[0] 0 tb0[1] 0 , tb1[0] 0 tb1[1] 0')
('2015-01-17 09:36:48.009157', 'put_channel : channel login, group 0, time 2015-01-17 09:36:48.009068')
('2015-01-17 09:36:48.009971', 'put_channel : channel login, group 1, time 2015-01-17 09:36:48.009932')
('2015-01-17 09:36:48.010394', 'fd_channel : login[0] 1 login[1] 0 , tb0[0] 0 tb0[1] 0 , tb1[0] 0 tb1[1] 0')
('2015-01-17 09:36:48.136445', 'fd_channel : login[0] 0 login[1] 0 , tb0[0] 0 tb0[1] 0 , tb1[0] 0 tb1[1] 0')
('2015-01-17 09:36:49.507199', 'put_channel : channel login, group 0, time 2015-01-17 09:36:49.507126')
('2015-01-17 09:36:49.510635', 'put_channel : channel login, group 1, time 2015-01-17 09:36:49.510580')
('2015-01-17 09:36:49.511069', 'fd_channel : login[0] 1 login[1] 0 , tb0[0] 0 tb0[1] 0 , tb1[0] 0 tb1[1] 0')
('2015-01-17 09:36:49.639066', 'fd_channel : login[0] 0 login[1] 0 , tb0[0] 0 tb0[1] 0 , tb1[0] 0 tb1[1] 0')
('2015-01-17 09:36:51.007065', 'put_channel : channel login, group 0, time 2015-01-17 09:36:51.006994')
('2015-01-17 09:36:51.010146', 'put_channel : channel login, group 1, time 2015-01-17 09:36:51.010106')
('2015-01-17 09:36:51.010497', 'fd_channel : login[0] 1 login[1] 0 , tb0[0] 0 tb0[1] 0 , tb1[0] 0 tb1[1] 0')
('2015-01-17 09:36:51.140943', 'fd_channel : login[0] 0 login[1] 0 , tb0[0] 0 tb0[1] 0 , tb1[0] 0 tb1[1] 0')
('2015-01-17 09:36:52.509466', 'put_channel : channel login, group 0, time 2015-01-17 09:36:52.509397')
('2015-01-17 09:36:52.512822', 'put_channel : channel login, group 1, time 2015-01-17 09:36:52.512783')
('2015-01-17 09:36:52.513292', 'fd_channel : login[0] 1 login[1] 0 , tb0[0] 0 tb0[1] 0 , tb1[0] 0 tb1[1] 0')
('2015-01-17 10:32:31.507780', 'put_channel : channel tb0, group 0, time 2015-01-17 10:32:31.507658')
('2015-01-17 10:32:31.510186', 'put_channel : channel tb0, group 1, time 2015-01-17 10:32:31.510141')
('2015-01-17 10:32:33.008277', 'put_channel : channel tb0, group 1, time 2015-01-17 10:32:33.008214')
('2015-01-17 10:32:34.509499', 'put_channel : channel tb0, group 0, time 2015-01-17 10:32:34.509429')
('2015-01-17 10:32:34.510459', 'put_channel : channel tb0, group 1, time 2015-01-17 10:32:34.510421')
('2015-01-17 10:32:36.010326', 'put_channel : channel tb0, group 1, time 2015-01-17 10:32:36.010256')
('2015-01-17 10:32:37.507657', 'put_channel : channel tb0, group 0, time 2015-01-17 10:32:37.507577')
('2015-01-17 10:32:38.506344', 'put_channel : channel tb0, group 1, time 2015-01-17 10:32:38.506265')
('2015-01-17 10:32:39.011463', 'put_channel : channel tb0, group 1, time 2015-01-17 10:32:39.011392')
('2015-01-17 10:32:39.046812', 'put_channel : channel tb0, group 0, time 2015-01-17 10:32:39.046752')
('2015-01-17 10:32:40.507190', 'put_channel : channel tb0, group 0, time 2015-01-17 10:32:40.507110')
('2015-01-17 10:32:40.508546', 'put_channel : channel tb0, group 1, time 2015-01-17 10:32:40.508500')
('2015-01-17 10:32:42.008840', 'put_channel : channel tb0, group 1, time 2015-01-17 10:32:42.008769')
('2015-01-17 10:32:42.045630', 'put_channel : channel tb0, group 0, time 2015-01-17 10:32:42.045547')
('2015-01-17 10:32:43.509091', 'put_channel : channel tb0, group 0, time 2015-01-17 10:32:43.509020')
('2015-01-17 10:32:43.510439', 'put_channel : channel tb0, group 1, time 2015-01-17 10:32:43.510399')
('2015-01-17 10:32:45.008993', 'put_channel : channel tb0, group 1, time 2015-01-17 10:32:45.008922')
('2015-01-17 10:32:46.509222', 'put_channel : channel tb0, group 1, time 2015-01-17 10:32:46.509152')
('2015-01-17 10:32:46.509599', 'put_channel : channel tb0, group 0, time 2015-01-17 10:32:46.509553')
('2015-01-17 10:32:48.009320', 'put_channel : channel tb0, group 1, time 2015-01-17 10:32:48.009228')
('2015-01-17 10:32:48.046784', 'put_channel : channel tb0, group 0, time 2015-01-17 10:32:48.046697')
('2015-01-17 10:32:49.509081', 'put_channel : channel tb0, group 1, time 2015-01-17 10:32:49.509010')
('2015-01-17 10:32:49.509732', 'put_channel : channel tb0, group 0, time 2015-01-17 10:32:49.509687')
('2015-01-17 10:32:51.009880', 'put_channel : channel tb0, group 1, time 2015-01-17 10:32:51.009753')
('2015-01-17 10:32:52.043031', 'put_channel : channel tb0, group 0, time 2015-01-17 10:32:52.042946')
('2015-01-17 10:32:52.508638', 'put_channel : channel tb0, group 0, time 2015-01-17 10:32:52.508556')
('2015-01-17 10:32:52.509394', 'put_channel : channel tb0, group 1, time 2015-01-17 10:32:52.509349')
('2015-01-17 10:32:54.010293', 'put_channel : channel tb0, group 1, time 2015-01-17 10:32:54.010222')
('2015-01-17 10:32:55.059799', 'put_channel : channel tb0, group 0, time 2015-01-17 10:32:55.059684')
('2015-01-17 10:32:55.509683', 'put_channel : channel tb0, group 0, time 2015-01-17 10:32:55.509610')
('2015-01-17 10:32:55.510029', 'put_channel : channel tb0, group 1, time 2015-01-17 10:32:55.509981')
('2015-01-17 10:32:57.009608', 'put_channel : channel tb0, group 1, time 2015-01-17 10:32:57.009536')
('2015-01-17 10:32:58.061806', 'put_channel : channel tb0, group 0, time 2015-01-17 10:32:58.061708')
('2015-01-17 10:32:58.508614', 'put_channel : channel tb0, group 0, time 2015-01-17 10:32:58.508541')
('2015-01-17 10:32:58.509288', 'put_channel : channel tb0, group 1, time 2015-01-17 10:32:58.509248')
('2015-01-17 10:33:00.009000', 'put_channel : channel tb0, group 1, time 2015-01-17 10:33:00.008927')
('2015-01-17 10:33:00.127398', 'put_channel : channel tb0, group 0, time 2015-01-17 10:33:00.127297')
('2015-01-17 10:33:01.509058', 'put_channel : channel tb0, group 1, time 2015-01-17 10:33:01.508987')
('2015-01-17 10:33:03.008243', 'put_channel : channel tb0, group 1, time 2015-01-17 10:33:03.008179')
('2015-01-17 10:33:04.509140', 'put_channel : channel tb0, group 1, time 2015-01-17 10:33:04.509071')
('2015-01-17 10:33:06.008889', 'put_channel : channel tb0, group 1, time 2015-01-17 10:33:06.008818')
('2015-01-17 10:33:07.509229', 'put_channel : channel tb0, group 1, time 2015-01-17 10:33:07.509157')
('2015-01-17 10:33:09.009391', 'put_channel : channel tb0, group 1, time 2015-01-17 10:33:09.009320')
('2015-01-17 10:33:10.510303', 'put_channel : channel tb0, group 1, time 2015-01-17 10:33:10.510217')
('2015-01-17 10:33:12.008972', 'put_channel : channel tb0, group 1, time 2015-01-17 10:33:12.008890')
('2015-01-17 10:33:13.509823', 'put_channel : channel tb0, group 1, time 2015-01-17 10:33:13.509732')
('2015-01-17 10:33:15.009248', 'put_channel : channel tb0, group 1, time 2015-01-17 10:33:15.009175')
('2015-01-17 10:33:46.533994', 'put_channel : channel tb0, group 1, time 2015-01-17 10:33:46.533920')
('2015-01-17 10:33:47.508388', 'put_channel : channel tb0, group 1, time 2015-01-17 10:33:47.508294')
('2015-01-17 10:33:47.519396', 'put_channel : channel tb0, group 1, time 2015-01-17 10:33:47.519354')
('2015-01-17 10:33:47.575379', 'put_channel : channel tb0, group 1, time 2015-01-17 10:33:47.575299')
('2015-01-17 10:33:48.009474', 'put_channel : channel tb0, group 1, time 2015-01-17 10:33:48.009392')
('2015-01-17 10:33:48.011688', 'put_channel : channel tb0, group 1, time 2015-01-17 10:33:48.011647')
('2015-01-17 10:33:48.038228', 'put_channel : channel tb0, group 1, time 2015-01-17 10:33:48.038163')
('2015-01-17 10:33:49.013755', 'put_channel : channel tb0, group 1, time 2015-01-17 10:33:49.013679')
('2015-01-17 10:33:49.045927', 'put_channel : channel tb0, group 1, time 2015-01-17 10:33:49.045853')
('2015-01-17 10:33:49.509423', 'put_channel : channel tb0, group 1, time 2015-01-17 10:33:49.509353')
('2015-01-17 10:33:49.525878', 'put_channel : channel tb0, group 1, time 2015-01-17 10:33:49.525830')
('2015-01-17 10:33:50.518226', 'put_channel : channel tb0, group 1, time 2015-01-17 10:33:50.518147')
('2015-01-17 10:33:50.581663', 'put_channel : channel tb0, group 1, time 2015-01-17 10:33:50.581596')
('2015-01-17 10:33:51.009519', 'put_channel : channel tb0, group 1, time 2015-01-17 10:33:51.009449')
('2015-01-17 10:33:51.031462', 'put_channel : channel tb0, group 1, time 2015-01-17 10:33:51.031418')
('2015-01-17 10:33:52.055134', 'put_channel : channel tb0, group 1, time 2015-01-17 10:33:52.054977')
('2015-01-17 10:33:52.508731', 'put_channel : channel tb0, group 1, time 2015-01-17 10:33:52.508660')
('2015-01-17 10:33:52.535483', 'put_channel : channel tb0, group 1, time 2015-01-17 10:33:52.535431')
('2015-01-17 10:33:53.559777', 'put_channel : channel tb0, group 1, time 2015-01-17 10:33:53.559698')
('2015-01-17 10:33:54.009583', 'put_channel : channel tb0, group 1, time 2015-01-17 10:33:54.009511')
('2015-01-17 10:34:02.911951', 'fd_channel : login[0] 1 login[1] 0 , tb0[0] 17 tb0[1] 49 , tb1[0] 0 tb1[1] 0')
('2015-01-17 10:34:02.913422', 'fd_channel : login[0] 1 login[1] 0 , tb0[0] 17 tb0[1] 48 , tb1[0] 0 tb1[1] 0')
('2015-01-17 10:34:02.914035', 'fd_channel : login[0] 1 login[1] 0 , tb0[0] 17 tb0[1] 47 , tb1[0] 0 tb1[1] 0')
('2015-01-17 10:34:02.914809', 'fd_channel : login[0] 1 login[1] 0 , tb0[0] 17 tb0[1] 46 , tb1[0] 0 tb1[1] 0')
('2015-01-17 10:34:02.915704', 'fd_channel : login[0] 1 login[1] 0 , tb0[0] 17 tb0[1] 45 , tb1[0] 0 tb1[1] 0')
('2015-01-17 10:34:02.916931', 'fd_channel : login[0] 1 login[1] 0 , tb0[0] 17 tb0[1] 44 , tb1[0] 0 tb1[1] 0')
('2015-01-17 10:34:02.917856', 'fd_channel : login[0] 1 login[1] 0 , tb0[0] 17 tb0[1] 43 , tb1[0] 0 tb1[1] 0')
('2015-01-17 10:34:02.918628', 'fd_channel : login[0] 1 login[1] 0 , tb0[0] 17 tb0[1] 42 , tb1[0] 0 tb1[1] 0')
('2015-01-17 10:34:02.919579', 'fd_channel : login[0] 1 login[1] 0 , tb0[0] 17 tb0[1] 41 , tb1[0] 0 tb1[1] 0')
('2015-01-17 10:34:22.914981', 'fd_channel : login[0] 1 login[1] 0 , tb0[0] 17 tb0[1] 40 , tb1[0] 0 tb1[1] 0')
('2015-01-17 10:34:22.917185', 'fd_channel : login[0] 1 login[1] 0 , tb0[0] 17 tb0[1] 39 , tb1[0] 0 tb1[1] 0')
('2015-01-17 10:34:22.919068', 'fd_channel : login[0] 1 login[1] 0 , tb0[0] 17 tb0[1] 38 , tb1[0] 0 tb1[1] 0')
('2015-01-17 10:34:22.922140', 'fd_channel : login[0] 1 login[1] 0 , tb0[0] 17 tb0[1] 37 , tb1[0] 0 tb1[1] 0')
('2015-01-17 10:34:22.922787', 'fd_channel : login[0] 1 login[1] 0 , tb0[0] 17 tb0[1] 36 , tb1[0] 0 tb1[1] 0')
('2015-01-17 10:34:22.924197', 'fd_channel : login[0] 1 login[1] 0 , tb0[0] 17 tb0[1] 35 , tb1[0] 0 tb1[1] 0')
('2015-01-17 10:34:22.924791', 'fd_channel : login[0] 1 login[1] 0 , tb0[0] 17 tb0[1] 34 , tb1[0] 0 tb1[1] 0')
('2015-01-17 10:34:22.925729', 'fd_channel : login[0] 1 login[1] 0 , tb0[0] 17 tb0[1] 33 , tb1[0] 0 tb1[1] 0')
('2015-01-17 10:34:22.926641', 'fd_channel : login[0] 1 login[1] 0 , tb0[0] 17 tb0[1] 32 , tb1[0] 0 tb1[1] 0')
('2015-01-17 10:34:25.007503', 'put_channel : channel tb0, group 1, time 2015-01-17 10:34:25.007424')
('2015-01-17 10:34:25.015068', 'put_channel : channel tb0, group 1, time 2015-01-17 10:34:25.015022')
('2015-01-17 10:34:25.508984', 'put_channel : channel tb0, group 1, time 2015-01-17 10:34:25.508901')
('2015-01-17 10:34:25.511442', 'put_channel : channel tb0, group 1, time 2015-01-17 10:34:25.511402')
('2015-01-17 10:34:25.527192', 'put_channel : channel tb0, group 1, time 2015-01-17 10:34:25.527142')
('2015-01-17 10:34:26.519324', 'put_channel : channel tb0, group 1, time 2015-01-17 10:34:26.519248')
('2015-01-17 10:34:26.551514', 'put_channel : channel tb0, group 1, time 2015-01-17 10:34:26.551465')
('2015-01-17 10:34:27.008264', 'put_channel : channel tb0, group 1, time 2015-01-17 10:34:27.008193')
('2015-01-17 10:34:27.031476', 'put_channel : channel tb0, group 1, time 2015-01-17 10:34:27.031419')
('2015-01-17 10:34:27.127624', 'put_channel : channel tb0, group 1, time 2015-01-17 10:34:27.127546')
('2015-01-17 10:34:28.511307', 'fd_channel : login[0] 1 login[1] 0 , tb0[0] 16 tb0[1] 41 , tb1[0] 0 tb1[1] 0')
('2015-01-17 10:34:28.512584', 'fd_channel : login[0] 1 login[1] 0 , tb0[0] 14 tb0[1] 41 , tb1[0] 0 tb1[1] 0')
('2015-01-17 10:34:30.512795', 'fd_channel : login[0] 1 login[1] 0 , tb0[0] 13 tb0[1] 41 , tb1[0] 0 tb1[1] 0')
('2015-01-17 10:34:30.513842', 'fd_channel : login[0] 1 login[1] 0 , tb0[0] 13 tb0[1] 40 , tb1[0] 0 tb1[1] 0')
('2015-01-17 10:34:31.659136', 'fd_channel : login[0] 1 login[1] 0 , tb0[0] 12 tb0[1] 40 , tb1[0] 0 tb1[1] 0')
('2015-01-17 10:34:31.660111', 'fd_channel : login[0] 1 login[1] 0 , tb0[0] 12 tb0[1] 39 , tb1[0] 0 tb1[1] 0')
('2015-01-17 10:34:32.923753', 'fd_channel : login[0] 1 login[1] 0 , tb0[0] 11 tb0[1] 39 , tb1[0] 0 tb1[1] 0')
('2015-01-17 10:34:32.924582', 'fd_channel : login[0] 1 login[1] 0 , tb0[0] 11 tb0[1] 38 , tb1[0] 0 tb1[1] 0')
('2015-01-17 10:34:33.140423', 'fd_channel : login[0] 1 login[1] 0 , tb0[0] 10 tb0[1] 38 , tb1[0] 0 tb1[1] 0')
('2015-01-17 10:34:33.141355', 'fd_channel : login[0] 1 login[1] 0 , tb0[0] 10 tb0[1] 37 , tb1[0] 0 tb1[1] 0')
('2015-01-17 10:34:33.191382', 'fd_channel : login[0] 1 login[1] 0 , tb0[0] 9 tb0[1] 37 , tb1[0] 0 tb1[1] 0')
('2015-01-17 10:34:33.192104', 'fd_channel : login[0] 1 login[1] 0 , tb0[0] 9 tb0[1] 36 , tb1[0] 0 tb1[1] 0')
('2015-01-17 10:34:33.662168', 'fd_channel : login[0] 1 login[1] 0 , tb0[0] 8 tb0[1] 36 , tb1[0] 0 tb1[1] 0')
('2015-01-17 10:34:33.663245', 'fd_channel : login[0] 1 login[1] 0 , tb0[0] 8 tb0[1] 35 , tb1[0] 0 tb1[1] 0')
('2015-01-17 10:34:34.926139', 'fd_channel : login[0] 1 login[1] 0 , tb0[0] 7 tb0[1] 35 , tb1[0] 0 tb1[1] 0')
('2015-01-17 10:34:34.927745', 'fd_channel : login[0] 1 login[1] 0 , tb0[0] 7 tb0[1] 34 , tb1[0] 0 tb1[1] 0')
('2015-01-17 10:34:35.142934', 'fd_channel : login[0] 1 login[1] 0 , tb0[0] 6 tb0[1] 34 , tb1[0] 0 tb1[1] 0')
('2015-01-17 10:34:35.144048', 'fd_channel : login[0] 1 login[1] 0 , tb0[0] 6 tb0[1] 33 , tb1[0] 0 tb1[1] 0')
('2015-01-17 10:34:35.194661', 'fd_channel : login[0] 1 login[1] 0 , tb0[0] 5 tb0[1] 33 , tb1[0] 0 tb1[1] 0')
('2015-01-17 10:34:35.195958', 'fd_channel : login[0] 1 login[1] 0 , tb0[0] 5 tb0[1] 32 , tb1[0] 0 tb1[1] 0')
('2015-01-17 10:34:37.431867', 'fd_channel : login[0] 1 login[1] 0 , tb0[0] 4 tb0[1] 32 , tb1[0] 0 tb1[1] 0')
('2015-01-17 10:34:37.432878', 'fd_channel : login[0] 1 login[1] 0 , tb0[0] 4 tb0[1] 31 , tb1[0] 0 tb1[1] 0')
('2015-01-17 10:34:37.434393', 'fd_channel : login[0] 1 login[1] 0 , tb0[0] 3 tb0[1] 31 , tb1[0] 0 tb1[1] 0')
('2015-01-17 10:34:37.435251', 'fd_channel : login[0] 1 login[1] 0 , tb0[0] 3 tb0[1] 30 , tb1[0] 0 tb1[1] 0')
('2015-01-17 10:34:39.434601', 'fd_channel : login[0] 1 login[1] 0 , tb0[0] 2 tb0[1] 30 , tb1[0] 0 tb1[1] 0')
('2015-01-17 10:34:39.435377', 'fd_channel : login[0] 1 login[1] 0 , tb0[0] 2 tb0[1] 29 , tb1[0] 0 tb1[1] 0')
('2015-01-17 10:34:39.436618', 'fd_channel : login[0] 1 login[1] 0 , tb0[0] 1 tb0[1] 29 , tb1[0] 0 tb1[1] 0')
('2015-01-17 10:34:39.437901', 'fd_channel : login[0] 1 login[1] 0 , tb0[0] 1 tb0[1] 28 , tb1[0] 0 tb1[1] 0')
('2015-01-17 10:34:42.459981', 'fd_channel : login[0] 1 login[1] 0 , tb0[0] 0 tb0[1] 28 , tb1[0] 0 tb1[1] 0')
('2015-01-17 10:34:42.460907', 'fd_channel : login[0] 1 login[1] 0 , tb0[0] 0 tb0[1] 27 , tb1[0] 0 tb1[1] 0')
('2015-01-17 10:34:44.462666', 'fd_channel : login[0] 1 login[1] 0 , tb0[0] 0 tb0[1] 26 , tb1[0] 0 tb1[1] 0')
('2015-01-17 10:34:44.857443', 'fd_channel : login[0] 1 login[1] 0 , tb0[0] 0 tb0[1] 25 , tb1[0] 0 tb1[1] 0')
('2015-01-17 10:34:45.663943', 'fd_channel : login[0] 1 login[1] 0 , tb0[0] 0 tb0[1] 25 , tb1[0] 0 tb1[1] 0')
('2015-01-17 10:34:46.058534', 'fd_channel : login[0] 1 login[1] 0 , tb0[0] 0 tb0[1] 25 , tb1[0] 0 tb1[1] 0')
('2015-01-17 10:34:46.859632', 'fd_channel : login[0] 1 login[1] 0 , tb0[0] 0 tb0[1] 24 , tb1[0] 0 tb1[1] 0')
('2015-01-17 10:34:48.060874', 'fd_channel : login[0] 1 login[1] 0 , tb0[0] 0 tb0[1] 24 , tb1[0] 0 tb1[1] 0')
('2015-01-17 10:34:58.535653', 'put_channel : channel tb0, group 1, time 2015-01-17 10:34:58.535554')
('2015-01-17 10:34:59.574322', 'put_channel : channel tb0, group 1, time 2015-01-17 10:34:59.574242')
('2015-01-17 10:35:00.008804', 'put_channel : channel tb0, group 1, time 2015-01-17 10:35:00.008731')
('2015-01-17 10:35:00.149931', 'put_channel : channel tb0, group 1, time 2015-01-17 10:35:00.149850')
('2015-01-17 10:35:01.045717', 'put_channel : channel tb0, group 1, time 2015-01-17 10:35:01.045612')
('2015-01-17 10:35:01.508774', 'put_channel : channel tb0, group 1, time 2015-01-17 10:35:01.508704')
('2015-01-17 10:35:01.623841', 'put_channel : channel tb0, group 1, time 2015-01-17 10:35:01.623734')
('2015-01-17 10:35:02.515489', 'fd_channel : login[0] 1 login[1] 0 , tb0[0] 0 tb0[1] 30 , tb1[0] 0 tb1[1] 0')
('2015-01-17 10:35:02.582138', 'put_channel : channel tb0, group 1, time 2015-01-17 10:35:02.582059')
('2015-01-17 10:35:03.009967', 'put_channel : channel tb0, group 1, time 2015-01-17 10:35:03.009903')
('2015-01-17 10:35:03.095548', 'put_channel : channel tb0, group 1, time 2015-01-17 10:35:03.095469')
('2015-01-17 10:35:04.053840', 'put_channel : channel tb0, group 1, time 2015-01-17 10:35:04.053759')
('2015-01-17 10:35:04.508579', 'put_channel : channel tb0, group 1, time 2015-01-17 10:35:04.508508')
('2015-01-17 10:35:04.631686', 'put_channel : channel tb0, group 1, time 2015-01-17 10:35:04.631607')
('2015-01-17 10:35:05.557723', 'put_channel : channel tb0, group 1, time 2015-01-17 10:35:05.557620')
('2015-01-17 10:35:06.008857', 'put_channel : channel tb0, group 1, time 2015-01-17 10:35:06.008787')
('2015-01-17 10:35:06.165981', 'put_channel : channel tb0, group 1, time 2015-01-17 10:35:06.165899')
('2015-01-17 10:35:07.063332', 'put_channel : channel tb0, group 1, time 2015-01-17 10:35:07.063252')
('2015-01-17 10:35:07.508710', 'put_channel : channel tb0, group 1, time 2015-01-17 10:35:07.508637')
('2015-01-17 10:35:07.639449', 'put_channel : channel tb0, group 1, time 2015-01-17 10:35:07.639372')
('2015-01-17 10:35:08.566000', 'put_channel : channel tb0, group 1, time 2015-01-17 10:35:08.565918')
('2015-01-17 10:35:18.132281', 'fd_channel : login[0] 1 login[1] 0 , tb0[0] 0 tb0[1] 42 , tb1[0] 0 tb1[1] 0')
('2015-01-17 10:35:19.333504', 'fd_channel : login[0] 1 login[1] 0 , tb0[0] 0 tb0[1] 42 , tb1[0] 0 tb1[1] 0')
('2015-01-17 10:35:20.134069', 'fd_channel : login[0] 1 login[1] 0 , tb0[0] 0 tb0[1] 41 , tb1[0] 0 tb1[1] 0')
('2015-01-17 10:35:21.335312', 'fd_channel : login[0] 1 login[1] 0 , tb0[0] 0 tb0[1] 41 , tb1[0] 0 tb1[1] 0')
('2015-01-17 10:35:39.031952', 'put_channel : channel tb0, group 1, time 2015-01-17 10:35:39.031876')
('2015-01-17 10:35:40.010092', 'put_channel : channel tb0, group 1, time 2015-01-17 10:35:40.010017')
('2015-01-17 10:35:40.021485', 'put_channel : channel tb0, group 1, time 2015-01-17 10:35:40.021436')
('2015-01-17 10:35:40.085334', 'put_channel : channel tb0, group 1, time 2015-01-17 10:35:40.085262')
('2015-01-17 10:35:40.509328', 'put_channel : channel tb0, group 1, time 2015-01-17 10:35:40.509256')
('2015-01-17 10:35:40.512311', 'put_channel : channel tb0, group 1, time 2015-01-17 10:35:40.512270')
('2015-01-17 10:35:41.518384', 'put_channel : channel tb0, group 1, time 2015-01-17 10:35:41.518304')
('2015-01-17 10:35:41.559773', 'put_channel : channel tb0, group 1, time 2015-01-17 10:35:41.559706')
('2015-01-17 10:35:42.009548', 'put_channel : channel tb0, group 1, time 2015-01-17 10:35:42.009388')
('2015-01-17 10:35:42.039515', 'put_channel : channel tb0, group 1, time 2015-01-17 10:35:42.039441')
('2015-01-17 10:35:52.139516', 'fd_channel : login[0] 1 login[1] 0 , tb0[0] 0 tb0[1] 39 , tb1[0] 0 tb1[1] 0')
('2015-01-17 10:36:12.137130', 'fd_channel : login[0] 1 login[1] 0 , tb0[0] 0 tb0[1] 38 , tb1[0] 0 tb1[1] 0')
('2015-01-17 10:36:13.509639', 'put_channel : channel tb0, group 1, time 2015-01-17 10:36:13.509568')
('2015-01-17 10:36:13.510017', 'put_channel : channel tb0, group 1, time 2015-01-17 10:36:13.509966')
('2015-01-17 10:36:13.525707', 'put_channel : channel tb0, group 1, time 2015-01-17 10:36:13.525658')
('2015-01-17 10:36:14.518031', 'put_channel : channel tb0, group 1, time 2015-01-17 10:36:14.517953')
('2015-01-17 10:36:14.581545', 'put_channel : channel tb0, group 1, time 2015-01-17 10:36:14.581474')
('2015-01-17 10:36:15.010328', 'put_channel : channel tb0, group 1, time 2015-01-17 10:36:15.010253')
('2015-01-17 10:36:15.157819', 'put_channel : channel tb0, group 1, time 2015-01-17 10:36:15.157732')
('2015-01-17 10:36:16.054175', 'put_channel : channel tb0, group 1, time 2015-01-17 10:36:16.054073')
('2015-01-17 10:36:16.510450', 'put_channel : channel tb0, group 1, time 2015-01-17 10:36:16.510379')
('2015-01-17 10:36:16.535516', 'put_channel : channel tb0, group 1, time 2015-01-17 10:36:16.535470')
('2015-01-17 10:36:16.629738', 'put_channel : channel tb0, group 1, time 2015-01-17 10:36:16.629622')
('2015-01-17 10:36:17.558290', 'put_channel : channel tb0, group 1, time 2015-01-17 10:36:17.558211')
('2015-01-17 10:36:18.010669', 'put_channel : channel tb0, group 1, time 2015-01-17 10:36:18.010595')
('2015-01-17 10:36:18.102017', 'put_channel : channel tb0, group 1, time 2015-01-17 10:36:18.101942')
('2015-01-17 10:36:19.061899', 'put_channel : channel tb0, group 1, time 2015-01-17 10:36:19.061821')
('2015-01-17 10:36:19.509831', 'put_channel : channel tb0, group 1, time 2015-01-17 10:36:19.509760')
('2015-01-17 10:36:19.543446', 'put_channel : channel tb0, group 1, time 2015-01-17 10:36:19.543392')
('2015-01-17 10:36:19.637843', 'put_channel : channel tb0, group 1, time 2015-01-17 10:36:19.637763')
('2015-01-17 10:36:20.565962', 'put_channel : channel tb0, group 1, time 2015-01-17 10:36:20.565882')
('2015-01-17 10:36:21.009187', 'put_channel : channel tb0, group 1, time 2015-01-17 10:36:21.009114')
('2015-01-17 10:36:29.045020', 'fd_channel : login[0] 1 login[1] 0 , tb0[0] 0 tb0[1] 49 , tb1[0] 0 tb1[1] 0')
('2015-01-17 10:36:30.243639', 'fd_channel : login[0] 1 login[1] 0 , tb0[0] 0 tb0[1] 49 , tb1[0] 0 tb1[1] 0')
('2015-01-17 10:36:53.558727', 'put_channel : channel tb0, group 1, time 2015-01-17 10:36:53.558647')
('2015-01-17 10:36:54.135712', 'put_channel : channel tb0, group 1, time 2015-01-17 10:36:54.135634')
('2015-01-17 10:36:55.063383', 'put_channel : channel tb0, group 1, time 2015-01-17 10:36:55.063310')
('2015-01-17 10:36:55.608010', 'put_channel : channel tb0, group 1, time 2015-01-17 10:36:55.607929')
('2015-01-17 10:36:56.567735', 'put_channel : channel tb0, group 1, time 2015-01-17 10:36:56.567655')
('2015-01-17 10:36:57.143788', 'put_channel : channel tb0, group 1, time 2015-01-17 10:36:57.143639')
('2015-01-17 10:36:58.070073', 'put_channel : channel tb0, group 1, time 2015-01-17 10:36:58.069996')
('2015-01-17 10:36:58.613958', 'put_channel : channel tb0, group 1, time 2015-01-17 10:36:58.613879')
('2015-01-17 10:36:59.575511', 'put_channel : channel tb0, group 1, time 2015-01-17 10:36:59.575431')
('2015-01-17 10:37:04.800015', 'fd_channel : login[0] 1 login[1] 0 , tb0[0] 0 tb0[1] 58 , tb1[0] 0 tb1[1] 0')
('2015-01-17 10:37:05.623789', 'fd_channel : login[0] 1 login[1] 0 , tb0[0] 0 tb0[1] 58 , tb1[0] 0 tb1[1] 0')
('2015-01-17 10:37:08.300867', 'fd_channel : login[0] 1 login[1] 0 , tb0[0] 0 tb0[1] 38 , tb1[0] 0 tb1[1] 0')
('2015-01-17 10:37:09.978918', 'fd_channel : login[0] 1 login[1] 0 , tb0[0] 0 tb0[1] 38 , tb1[0] 0 tb1[1] 0')
('2015-01-17 10:37:10.644828', 'put_channel : channel tb0, group 0, time 2015-01-17 10:37:10.644749')
('2015-01-17 10:37:10.645258', 'fd_channel : login[0] 1 login[1] 0 , tb0[0] 0 tb0[1] 38 , tb1[0] 0 tb1[1] 0')
('2015-01-17 10:37:11.718332', 'fd_channel : login[0] 1 login[1] 0 , tb0[0] 0 tb0[1] 38 , tb1[0] 0 tb1[1] 0')
('2015-01-17 10:37:13.653188', 'put_channel : channel tb0, group 0, time 2015-01-17 10:37:13.653082')
('2015-01-17 10:37:13.907452', 'fd_channel : login[0] 1 login[1] 0 , tb0[0] 0 tb0[1] 38 , tb1[0] 0 tb1[1] 0')
('2015-01-17 10:37:16.597293', 'put_channel : channel tb0, group 0, time 2015-01-17 10:37:16.597212')
('2015-01-17 10:37:16.597715', 'fd_channel : login[0] 1 login[1] 0 , tb0[0] 0 tb0[1] 38 , tb1[0] 0 tb1[1] 0')
('2015-01-17 10:37:17.678189', 'fd_channel : login[0] 1 login[1] 0 , tb0[0] 0 tb0[1] 38 , tb1[0] 0 tb1[1] 0')
('2015-01-17 10:37:17.678653', 'fd_channel : login[0] 1 login[1] 0 , tb0[0] 0 tb0[1] 38 , tb1[0] 0 tb1[1] 0')
('2015-01-17 10:37:19.180247', 'put_channel : channel tb0, group 0, time 2015-01-17 10:37:19.180161')
('2015-01-17 10:37:19.180642', 'fd_channel : login[0] 1 login[1] 0 , tb0[0] 0 tb0[1] 38 , tb1[0] 0 tb1[1] 0')
('2015-01-17 10:37:19.670347', 'put_channel : channel tb0, group 0, time 2015-01-17 10:37:19.670260')
('2015-01-17 10:37:19.730790', 'fd_channel : login[0] 1 login[1] 0 , tb0[0] 1 tb0[1] 37 , tb1[0] 0 tb1[1] 0')
('2015-01-17 10:37:22.613472', 'put_channel : channel tb0, group 0, time 2015-01-17 10:37:22.613391')
('2015-01-17 10:37:24.189213', 'put_channel : channel tb0, group 0, time 2015-01-17 10:37:24.189119')
('2015-01-17 10:37:25.621371', 'put_channel : channel tb0, group 0, time 2015-01-17 10:37:25.621289')
('2015-01-17 10:37:28.628777', 'put_channel : channel tb0, group 0, time 2015-01-17 10:37:28.628696')
('2015-01-17 10:37:30.203787', 'put_channel : channel tb0, group 0, time 2015-01-17 10:37:30.203687')
('2015-01-17 10:37:31.637113', 'put_channel : channel tb0, group 0, time 2015-01-17 10:37:31.637033')
('2015-01-17 10:37:36.278334', 'put_channel : channel tb0, group 0, time 2015-01-17 10:37:36.278235')
('2015-01-17 10:38:01.132554', 'fd_channel : login[0] 1 login[1] 0 , tb0[0] 7 tb0[1] 37 , tb1[0] 0 tb1[1] 0')
('2015-01-17 10:38:08.022254', 'fd_channel : login[0] 1 login[1] 0 , tb0[0] 6 tb0[1] 37 , tb1[0] 0 tb1[1] 0')
('2015-01-17 10:38:16.982964', 'fd_channel : login[0] 1 login[1] 0 , tb0[0] 5 tb0[1] 37 , tb1[0] 0 tb1[1] 0')
('2015-01-17 10:38:19.030918', 'fd_channel : login[0] 1 login[1] 0 , tb0[0] 4 tb0[1] 37 , tb1[0] 0 tb1[1] 0')
('2015-01-17 10:38:24.150178', 'fd_channel : login[0] 1 login[1] 0 , tb0[0] 3 tb0[1] 37 , tb1[0] 0 tb1[1] 0')
('2015-01-17 11:27:46.507615', 'put_channel : channel tb1, group 0, time 2015-01-17 11:27:46.507505')
('2015-01-17 11:27:46.508626', 'put_channel : channel tb1, group 1, time 2015-01-17 11:27:46.508580')
('2015-01-17 11:27:48.008702', 'put_channel : channel tb1, group 1, time 2015-01-17 11:27:48.008616')
('2015-01-17 11:27:48.009130', 'put_channel : channel tb1, group 0, time 2015-01-17 11:27:48.009083')
('2015-01-17 11:27:49.508358', 'put_channel : channel tb1, group 0, time 2015-01-17 11:27:49.508288')
('2015-01-17 11:27:49.508744', 'put_channel : channel tb1, group 1, time 2015-01-17 11:27:49.508696')
('2015-01-17 11:27:51.008751', 'put_channel : channel tb1, group 1, time 2015-01-17 11:27:51.008681')
('2015-01-17 11:27:51.009435', 'put_channel : channel tb1, group 0, time 2015-01-17 11:27:51.009389')
('2015-01-17 11:27:52.509366', 'put_channel : channel tb1, group 1, time 2015-01-17 11:27:52.509294')
('2015-01-17 11:27:52.509714', 'put_channel : channel tb1, group 0, time 2015-01-17 11:27:52.509665')
('2015-01-17 11:27:54.008383', 'put_channel : channel tb1, group 0, time 2015-01-17 11:27:54.008314')
('2015-01-17 11:27:54.008969', 'put_channel : channel tb1, group 1, time 2015-01-17 11:27:54.008928')
('2015-01-17 11:27:55.508420', 'put_channel : channel tb1, group 1, time 2015-01-17 11:27:55.508349')
('2015-01-17 11:27:55.510569', 'put_channel : channel tb1, group 0, time 2015-01-17 11:27:55.510527')
('2015-01-17 11:27:57.009013', 'put_channel : channel tb1, group 1, time 2015-01-17 11:27:57.008942')
('2015-01-17 11:27:57.009802', 'put_channel : channel tb1, group 0, time 2015-01-17 11:27:57.009761')
('2015-01-17 11:27:58.508606', 'put_channel : channel tb1, group 1, time 2015-01-17 11:27:58.508534')
('2015-01-17 11:27:58.509402', 'put_channel : channel tb1, group 0, time 2015-01-17 11:27:58.509355')
('2015-01-17 11:28:00.009166', 'put_channel : channel tb1, group 1, time 2015-01-17 11:28:00.009095')
('2015-01-17 11:28:00.009513', 'put_channel : channel tb1, group 0, time 2015-01-17 11:28:00.009466')
('2015-01-17 11:28:01.508375', 'put_channel : channel tb1, group 1, time 2015-01-17 11:28:01.508305')
('2015-01-17 11:28:01.509282', 'put_channel : channel tb1, group 0, time 2015-01-17 11:28:01.509243')
('2015-01-17 11:28:03.007631', 'put_channel : channel tb1, group 0, time 2015-01-17 11:28:03.007567')
('2015-01-17 11:28:03.009468', 'put_channel : channel tb1, group 1, time 2015-01-17 11:28:03.009428')
('2015-01-17 11:28:04.510481', 'put_channel : channel tb1, group 1, time 2015-01-17 11:28:04.510399')
('2015-01-17 11:28:04.511629', 'put_channel : channel tb1, group 0, time 2015-01-17 11:28:04.511588')
('2015-01-17 11:28:06.007796', 'put_channel : channel tb1, group 0, time 2015-01-17 11:28:06.007724')
('2015-01-17 11:28:06.009142', 'put_channel : channel tb1, group 1, time 2015-01-17 11:28:06.009094')
('2015-01-17 11:28:07.509283', 'put_channel : channel tb1, group 1, time 2015-01-17 11:28:07.509211')
('2015-01-17 11:28:07.509860', 'put_channel : channel tb1, group 0, time 2015-01-17 11:28:07.509779')
('2015-01-17 11:28:09.007911', 'put_channel : channel tb1, group 0, time 2015-01-17 11:28:09.007839')
('2015-01-17 11:28:09.010348', 'put_channel : channel tb1, group 1, time 2015-01-17 11:28:09.010302')
('2015-01-17 11:28:10.509773', 'put_channel : channel tb1, group 0, time 2015-01-17 11:28:10.509704')
('2015-01-17 11:28:12.006842', 'put_channel : channel tb1, group 0, time 2015-01-17 11:28:12.006767')
('2015-01-17 11:28:13.509680', 'put_channel : channel tb1, group 0, time 2015-01-17 11:28:13.509610')
('2015-01-17 11:28:15.009494', 'put_channel : channel tb1, group 0, time 2015-01-17 11:28:15.009421')
('2015-01-17 11:28:16.508734', 'put_channel : channel tb1, group 0, time 2015-01-17 11:28:16.508663')
('2015-01-17 11:28:18.009421', 'put_channel : channel tb1, group 0, time 2015-01-17 11:28:18.009296')
('2015-01-17 11:28:19.508252', 'put_channel : channel tb1, group 0, time 2015-01-17 11:28:19.508182')
('2015-01-17 11:28:21.006586', 'put_channel : channel tb1, group 0, time 2015-01-17 11:28:21.006508')
('2015-01-17 11:28:22.508765', 'put_channel : channel tb1, group 0, time 2015-01-17 11:28:22.508691')
('2015-01-17 11:28:24.008204', 'put_channel : channel tb1, group 0, time 2015-01-17 11:28:24.008133')
('2015-01-17 11:28:25.509952', 'put_channel : channel tb1, group 0, time 2015-01-17 11:28:25.509882')
('2015-01-17 11:28:27.007417', 'put_channel : channel tb1, group 0, time 2015-01-17 11:28:27.007346')
('2015-01-17 11:28:28.507857', 'put_channel : channel tb1, group 0, time 2015-01-17 11:28:28.507761')
('2015-01-17 11:28:30.007691', 'put_channel : channel tb1, group 0, time 2015-01-17 11:28:30.007622')
('2015-01-17 11:28:31.507746', 'put_channel : channel tb1, group 0, time 2015-01-17 11:28:31.507654')
('2015-01-17 11:28:33.007531', 'put_channel : channel tb1, group 0, time 2015-01-17 11:28:33.007465')
('2015-01-17 11:28:34.509270', 'put_channel : channel tb1, group 0, time 2015-01-17 11:28:34.509198')
('2015-01-17 11:28:34.510074', 'put_channel : channel tb1, group 1, time 2015-01-17 11:28:34.510028')
('2015-01-17 11:28:34.511407', 'put_channel : channel tb1, group 1, time 2015-01-17 11:28:34.511366')
('2015-01-17 11:28:34.533997', 'put_channel : channel tb1, group 1, time 2015-01-17 11:28:34.533944')
('2015-01-17 11:28:35.518193', 'put_channel : channel tb1, group 1, time 2015-01-17 11:28:35.518114')
('2015-01-17 11:28:36.009114', 'put_channel : channel tb1, group 1, time 2015-01-17 11:28:36.009044')
('2015-01-17 11:28:36.010017', 'put_channel : channel tb1, group 1, time 2015-01-17 11:28:36.009970')
('2015-01-17 11:28:36.010352', 'put_channel : channel tb1, group 0, time 2015-01-17 11:28:36.010313')
('2015-01-17 11:28:36.037902', 'put_channel : channel tb1, group 1, time 2015-01-17 11:28:36.037836')
('2015-01-17 11:28:37.015258', 'put_channel : channel tb1, group 1, time 2015-01-17 11:28:37.015182')
('2015-01-17 11:28:37.508305', 'put_channel : channel tb1, group 0, time 2015-01-17 11:28:37.508233')
('2015-01-17 11:28:39.008941', 'put_channel : channel tb1, group 0, time 2015-01-17 11:28:39.008868')
('2015-01-17 11:28:40.508079', 'put_channel : channel tb1, group 0, time 2015-01-17 11:28:40.508009')
('2015-01-17 11:28:42.008904', 'put_channel : channel tb1, group 0, time 2015-01-17 11:28:42.008831')
('2015-01-17 11:28:43.509778', 'put_channel : channel tb1, group 0, time 2015-01-17 11:28:43.509652')
('2015-01-17 11:28:45.008041', 'put_channel : channel tb1, group 0, time 2015-01-17 11:28:45.007971')
('2015-01-17 11:28:46.006185', 'put_channel : channel tb1, group 1, time 2015-01-17 11:28:46.006102')
('2015-01-17 11:28:46.021889', 'put_channel : channel tb1, group 1, time 2015-01-17 11:28:46.021835')
('2015-01-17 11:28:46.071760', 'put_channel : channel tb1, group 1, time 2015-01-17 11:28:46.071688')
('2015-01-17 11:28:46.508193', 'put_channel : channel tb1, group 0, time 2015-01-17 11:28:46.508106')
('2015-01-17 11:28:46.510117', 'put_channel : channel tb1, group 1, time 2015-01-17 11:28:46.510065')
('2015-01-17 11:28:46.511087', 'put_channel : channel tb1, group 1, time 2015-01-17 11:28:46.511046')
('2015-01-17 11:28:47.518223', 'put_channel : channel tb1, group 1, time 2015-01-17 11:28:47.518133')
('2015-01-17 11:28:47.573840', 'put_channel : channel tb1, group 1, time 2015-01-17 11:28:47.573783')
('2015-01-17 11:28:48.009357', 'put_channel : channel tb1, group 1, time 2015-01-17 11:28:48.009253')
('2015-01-17 11:28:48.009779', 'put_channel : channel tb1, group 0, time 2015-01-17 11:28:48.009731')
('2015-01-17 11:28:49.014205', 'put_channel : channel tb1, group 1, time 2015-01-17 11:28:49.014128')
('2015-01-17 11:28:49.078410', 'put_channel : channel tb1, group 1, time 2015-01-17 11:28:49.078301')
('2015-01-17 11:28:49.507390', 'put_channel : channel tb1, group 0, time 2015-01-17 11:28:49.507318')
('2015-01-17 11:28:49.510308', 'put_channel : channel tb1, group 1, time 2015-01-17 11:28:49.510267')
('2015-01-17 11:28:51.007846', 'put_channel : channel tb1, group 1, time 2015-01-17 11:28:51.007750')
('2015-01-17 11:28:51.008636', 'put_channel : channel tb1, group 0, time 2015-01-17 11:28:51.008596')
('2015-01-17 11:28:52.507871', 'put_channel : channel tb1, group 0, time 2015-01-17 11:28:52.507777')
('2015-01-17 11:28:54.008179', 'put_channel : channel tb1, group 0, time 2015-01-17 11:28:54.008109')
('2015-01-17 11:28:55.507507', 'put_channel : channel tb1, group 0, time 2015-01-17 11:28:55.507436')
('2015-01-17 11:28:57.006663', 'put_channel : channel tb1, group 0, time 2015-01-17 11:28:57.006590')
('2015-01-17 11:28:58.510710', 'put_channel : channel tb1, group 0, time 2015-01-17 11:28:58.510308')
('2015-01-17 11:29:00.007659', 'put_channel : channel tb1, group 0, time 2015-01-17 11:29:00.007589')
('2015-01-17 11:29:01.507901', 'put_channel : channel tb1, group 0, time 2015-01-17 11:29:01.507809')
('2015-01-17 11:29:02.506064', 'put_channel : channel tb1, group 1, time 2015-01-17 11:29:02.505987')
('2015-01-17 11:29:02.519786', 'put_channel : channel tb1, group 1, time 2015-01-17 11:29:02.519722')
('2015-01-17 11:29:03.007471', 'put_channel : channel tb1, group 0, time 2015-01-17 11:29:03.007406')
('2015-01-17 11:29:03.009818', 'put_channel : channel tb1, group 1, time 2015-01-17 11:29:03.009778')
('2015-01-17 11:29:03.010129', 'put_channel : channel tb1, group 1, time 2015-01-17 11:29:03.010090')
('2015-01-17 11:29:04.022004', 'put_channel : channel tb1, group 1, time 2015-01-17 11:29:04.021926')
('2015-01-17 11:29:04.509108', 'put_channel : channel tb1, group 1, time 2015-01-17 11:29:04.509037')
('2015-01-17 11:29:04.510150', 'put_channel : channel tb1, group 0, time 2015-01-17 11:29:04.510109')
('2015-01-17 11:29:05.518299', 'put_channel : channel tb1, group 1, time 2015-01-17 11:29:05.518209')
('2015-01-17 11:29:06.012325', 'put_channel : channel tb1, group 0, time 2015-01-17 11:29:06.012243')
('2015-01-17 11:29:07.508664', 'put_channel : channel tb1, group 0, time 2015-01-17 11:29:07.508593')
('2015-01-17 11:29:09.010301', 'put_channel : channel tb1, group 0, time 2015-01-17 11:29:09.010230')
('2015-01-17 11:29:10.514240', 'put_channel : channel tb1, group 0, time 2015-01-17 11:29:10.514126')
('2015-01-17 11:29:12.013944', 'put_channel : channel tb1, group 0, time 2015-01-17 11:29:12.013421')
('2015-01-17 11:29:13.532724', 'put_channel : channel tb1, group 0, time 2015-01-17 11:29:13.532649')
('2015-01-17 11:29:15.013349', 'put_channel : channel tb1, group 0, time 2015-01-17 11:29:15.013277')
('2015-01-17 11:29:16.539732', 'put_channel : channel tb1, group 0, time 2015-01-17 11:29:16.539650')
('2015-01-17 11:29:18.009644', 'put_channel : channel tb1, group 0, time 2015-01-17 11:29:18.009572')
('2015-01-17 11:29:19.538497', 'put_channel : channel tb1, group 0, time 2015-01-17 11:29:19.538413')
('2015-01-17 11:29:21.010425', 'put_channel : channel tb1, group 0, time 2015-01-17 11:29:21.010353')
('2015-01-17 11:29:22.534098', 'put_channel : channel tb1, group 1, time 2015-01-17 11:29:22.534024')
('2015-01-17 11:29:23.539037', 'put_channel : channel tb1, group 0, time 2015-01-17 11:29:23.538949')
('2015-01-17 11:29:24.008902', 'put_channel : channel tb1, group 0, time 2015-01-17 11:29:24.008831')
('2015-01-17 11:29:25.538318', 'put_channel : channel tb1, group 0, time 2015-01-17 11:29:25.538183')
('2015-01-17 11:29:25.623770', 'put_channel : channel tb1, group 1, time 2015-01-17 11:29:25.623693')
('2015-01-17 11:29:27.037075', 'put_channel : channel tb1, group 0, time 2015-01-17 11:29:27.037001')
('2015-01-17 11:29:27.096337', 'put_channel : channel tb1, group 1, time 2015-01-17 11:29:27.096266')
('2015-01-17 11:29:28.023440', 'put_channel : channel tb1, group 1, time 2015-01-17 11:29:28.023364')
('2015-01-17 11:29:28.514172', 'put_channel : channel tb1, group 1, time 2015-01-17 11:29:28.514100')
('2015-01-17 11:29:28.534378', 'put_channel : channel tb1, group 1, time 2015-01-17 11:29:28.534330')
('2015-01-17 11:29:28.543099', 'put_channel : channel tb1, group 0, time 2015-01-17 11:29:28.543055')
('2015-01-17 11:29:30.009806', 'put_channel : channel tb1, group 0, time 2015-01-17 11:29:30.009735')
('2015-01-17 11:29:32.542212', 'put_channel : channel tb1, group 0, time 2015-01-17 11:29:32.542128')
('2015-01-17 11:29:33.008195', 'put_channel : channel tb1, group 0, time 2015-01-17 11:29:33.008130')
('2015-01-17 11:29:34.527841', 'put_channel : channel tb1, group 0, time 2015-01-17 11:29:34.527743')
('2015-01-17 11:29:34.535739', 'put_channel : channel tb1, group 1, time 2015-01-17 11:29:34.535691')
('2015-01-17 11:29:36.011367', 'put_channel : channel tb1, group 0, time 2015-01-17 11:29:36.011296')
('2015-01-17 11:29:36.017977', 'fd_channel : login[0] 1 login[1] 0 , tb0[0] 3 tb0[1] 37 , tb1[0] 74 tb1[1] 49')
('2015-01-17 11:29:36.019466', 'fd_channel : login[0] 1 login[1] 0 , tb0[0] 3 tb0[1] 37 , tb1[0] 74 tb1[1] 48')
('2015-01-17 11:29:36.020244', 'fd_channel : login[0] 1 login[1] 0 , tb0[0] 3 tb0[1] 37 , tb1[0] 74 tb1[1] 47')
('2015-01-17 11:29:36.020940', 'fd_channel : login[0] 1 login[1] 0 , tb0[0] 3 tb0[1] 37 , tb1[0] 74 tb1[1] 46')
('2015-01-17 11:29:36.022595', 'fd_channel : login[0] 1 login[1] 0 , tb0[0] 3 tb0[1] 37 , tb1[0] 74 tb1[1] 45')
('2015-01-17 11:29:36.024135', 'fd_channel : login[0] 1 login[1] 0 , tb0[0] 3 tb0[1] 37 , tb1[0] 74 tb1[1] 44')
('2015-01-17 11:29:36.024810', 'fd_channel : login[0] 1 login[1] 0 , tb0[0] 3 tb0[1] 37 , tb1[0] 74 tb1[1] 43')
('2015-01-17 11:29:36.025719', 'fd_channel : login[0] 1 login[1] 0 , tb0[0] 3 tb0[1] 37 , tb1[0] 74 tb1[1] 42')
('2015-01-17 11:29:36.027021', 'fd_channel : login[0] 1 login[1] 0 , tb0[0] 3 tb0[1] 37 , tb1[0] 74 tb1[1] 41')
('2015-01-17 11:29:37.530847', 'put_channel : channel tb1, group 0, time 2015-01-17 11:29:37.530773')
('2015-01-17 11:29:39.017665', 'put_channel : channel tb1, group 0, time 2015-01-17 11:29:39.017591')
('2015-01-17 11:29:41.531652', 'put_channel : channel tb1, group 0, time 2015-01-17 11:29:41.531558')
('2015-01-17 11:29:42.024947', 'put_channel : channel tb1, group 0, time 2015-01-17 11:29:42.024862')
('2015-01-17 11:29:43.023384', 'fd_channel : login[0] 1 login[1] 0 , tb0[0] 3 tb0[1] 37 , tb1[0] 78 tb1[1] 40')
('2015-01-17 11:29:43.024402', 'fd_channel : login[0] 1 login[1] 0 , tb0[0] 3 tb0[1] 37 , tb1[0] 78 tb1[1] 39')
('2015-01-17 11:29:43.027055', 'fd_channel : login[0] 1 login[1] 0 , tb0[0] 3 tb0[1] 37 , tb1[0] 78 tb1[1] 38')
('2015-01-17 11:29:43.541057', 'put_channel : channel tb1, group 0, time 2015-01-17 11:29:43.540982')
('2015-01-17 11:29:44.506064', 'put_channel : channel tb1, group 1, time 2015-01-17 11:29:44.505987')
('2015-01-17 11:29:45.009762', 'put_channel : channel tb1, group 0, time 2015-01-17 11:29:45.009637')
('2015-01-17 11:29:46.028283', 'fd_channel : login[0] 1 login[1] 0 , tb0[0] 3 tb0[1] 37 , tb1[0] 80 tb1[1] 38')
('2015-01-17 11:29:46.029206', 'fd_channel : login[0] 1 login[1] 0 , tb0[0] 3 tb0[1] 37 , tb1[0] 80 tb1[1] 37')
('2015-01-17 11:29:46.534964', 'put_channel : channel tb1, group 1, time 2015-01-17 11:29:46.534833')
('2015-01-17 11:29:46.539473', 'put_channel : channel tb1, group 0, time 2015-01-17 11:29:46.539386')
('2015-01-17 11:29:47.506699', 'put_channel : channel tb1, group 1, time 2015-01-17 11:29:47.506599')
('2015-01-17 11:29:47.573993', 'put_channel : channel tb1, group 1, time 2015-01-17 11:29:47.573914')
('2015-01-17 11:29:48.017096', 'put_channel : channel tb1, group 0, time 2015-01-17 11:29:48.017015')
('2015-01-17 11:29:50.537565', 'put_channel : channel tb1, group 0, time 2015-01-17 11:29:50.537483')
('2015-01-17 11:29:52.031024', 'put_channel : channel tb1, group 0, time 2015-01-17 11:29:52.030942')
('2015-01-17 11:29:54.037317', 'put_channel : channel tb1, group 0, time 2015-01-17 11:29:54.037235')
('2015-01-17 11:29:54.548411', 'put_channel : channel tb1, group 0, time 2015-01-17 11:29:54.548309')
('2015-01-17 11:29:56.044726', 'fd_channel : login[0] 1 login[1] 0 , tb0[0] 3 tb0[1] 37 , tb1[0] 86 tb1[1] 39')
('2015-01-17 11:29:56.046587', 'fd_channel : login[0] 1 login[1] 0 , tb0[0] 3 tb0[1] 37 , tb1[0] 86 tb1[1] 38')
('2015-01-17 11:29:56.047593', 'fd_channel : login[0] 1 login[1] 0 , tb0[0] 3 tb0[1] 37 , tb1[0] 86 tb1[1] 37')
('2015-01-17 11:29:56.048980', 'fd_channel : login[0] 1 login[1] 0 , tb0[0] 3 tb0[1] 37 , tb1[0] 86 tb1[1] 36')
('2015-01-17 11:29:56.049782', 'fd_channel : login[0] 1 login[1] 0 , tb0[0] 3 tb0[1] 37 , tb1[0] 86 tb1[1] 35')
('2015-01-17 11:29:56.051199', 'fd_channel : login[0] 1 login[1] 0 , tb0[0] 3 tb0[1] 37 , tb1[0] 86 tb1[1] 34')
('2015-01-17 11:29:56.052775', 'fd_channel : login[0] 1 login[1] 0 , tb0[0] 3 tb0[1] 37 , tb1[0] 86 tb1[1] 33')
('2015-01-17 11:29:56.056005', 'fd_channel : login[0] 1 login[1] 0 , tb0[0] 3 tb0[1] 37 , tb1[0] 86 tb1[1] 32')
('2015-01-17 11:29:56.058904', 'fd_channel : login[0] 1 login[1] 0 , tb0[0] 3 tb0[1] 37 , tb1[0] 86 tb1[1] 31')
('2015-01-17 11:29:56.505796', 'put_channel : channel tb1, group 1, time 2015-01-17 11:29:56.505715')
('2015-01-17 11:29:57.032661', 'put_channel : channel tb1, group 0, time 2015-01-17 11:29:57.032582')
('2015-01-17 11:29:57.547039', 'put_channel : channel tb1, group 0, time 2015-01-17 11:29:57.546879')
('2015-01-17 11:29:58.006127', 'put_channel : channel tb1, group 1, time 2015-01-17 11:29:58.006048')
('2015-01-17 11:29:58.664387', 'fd_channel : login[0] 1 login[1] 0 , tb0[0] 3 tb0[1] 37 , tb1[0] 74 tb1[1] 33')
('2015-01-17 11:29:58.665105', 'fd_channel : login[0] 1 login[1] 0 , tb0[0] 3 tb0[1] 37 , tb1[0] 74 tb1[1] 32')
('2015-01-17 11:29:59.051080', 'fd_channel : login[0] 1 login[1] 0 , tb0[0] 3 tb0[1] 37 , tb1[0] 74 tb1[1] 31')
('2015-01-17 11:29:59.051754', 'fd_channel : login[0] 1 login[1] 0 , tb0[0] 3 tb0[1] 37 , tb1[0] 74 tb1[1] 30')
('2015-01-17 11:29:59.053518', 'fd_channel : login[0] 1 login[1] 0 , tb0[0] 3 tb0[1] 37 , tb1[0] 74 tb1[1] 29')
('2015-01-17 11:29:59.054533', 'fd_channel : login[0] 1 login[1] 0 , tb0[0] 3 tb0[1] 37 , tb1[0] 74 tb1[1] 28')
('2015-01-17 11:29:59.059579', 'fd_channel : login[0] 1 login[1] 0 , tb0[0] 3 tb0[1] 37 , tb1[0] 74 tb1[1] 27')
('2015-01-17 11:29:59.506090', 'put_channel : channel tb1, group 1, time 2015-01-17 11:29:59.506010')
('2015-01-17 11:29:59.540799', 'put_channel : channel tb1, group 0, time 2015-01-17 11:29:59.540711')
('2015-01-17 11:30:00.025124', 'fd_channel : login[0] 1 login[1] 0 , tb0[0] 3 tb0[1] 37 , tb1[0] 74 tb1[1] 28')
('2015-01-17 11:30:00.026044', 'fd_channel : login[0] 1 login[1] 0 , tb0[0] 3 tb0[1] 37 , tb1[0] 74 tb1[1] 27')
('2015-01-17 11:30:00.042300', 'put_channel : channel tb1, group 0, time 2015-01-17 11:30:00.042238')
('2015-01-17 11:30:00.666741', 'fd_channel : login[0] 1 login[1] 0 , tb0[0] 3 tb0[1] 37 , tb1[0] 74 tb1[1] 27')
('2015-01-17 11:30:00.667856', 'fd_channel : login[0] 1 login[1] 0 , tb0[0] 3 tb0[1] 37 , tb1[0] 74 tb1[1] 26')
('2015-01-17 11:30:01.006478', 'put_channel : channel tb1, group 1, time 2015-01-17 11:30:01.006397')
('2015-01-17 11:30:01.832561', 'worker [9] stopping')
('2015-01-17 11:30:02.053751', 'fd_channel : login[0] 1 login[1] 0 , tb0[0] 3 tb0[1] 37 , tb1[0] 74 tb1[1] 26')
('2015-01-17 11:30:02.054492', 'fd_channel : login[0] 1 login[1] 0 , tb0[0] 3 tb0[1] 37 , tb1[0] 74 tb1[1] 25')
('2015-01-17 11:30:02.055940', 'fd_channel : login[0] 1 login[1] 0 , tb0[0] 3 tb0[1] 37 , tb1[0] 74 tb1[1] 24')
('2015-01-17 11:30:02.057170', 'fd_channel : login[0] 1 login[1] 0 , tb0[0] 3 tb0[1] 37 , tb1[0] 74 tb1[1] 23')
('2015-01-17 11:30:02.063409', 'fd_channel : login[0] 1 login[1] 0 , tb0[0] 3 tb0[1] 37 , tb1[0] 74 tb1[1] 22')
('2015-01-17 11:30:02.206560', 'fd_channel : login[0] 1 login[1] 0 , tb0[0] 3 tb0[1] 37 , tb1[0] 73 tb1[1] 22')
('2015-01-17 11:30:02.930874', 'fd_channel : login[0] 1 login[1] 0 , tb0[0] 3 tb0[1] 37 , tb1[0] 72 tb1[1] 22')
('2015-01-17 11:30:03.050778', 'fd_channel : login[0] 1 login[1] 0 , tb0[0] 3 tb0[1] 37 , tb1[0] 72 tb1[1] 21')
('2015-01-17 11:30:03.054732', 'fd_channel : login[0] 1 login[1] 0 , tb0[0] 3 tb0[1] 37 , tb1[0] 72 tb1[1] 20')
('2015-01-17 11:30:06.055050', 'fd_channel : login[0] 1 login[1] 0 , tb0[0] 3 tb0[1] 37 , tb1[0] 72 tb1[1] 19')
('2015-01-17 11:30:06.057059', 'fd_channel : login[0] 1 login[1] 0 , tb0[0] 3 tb0[1] 37 , tb1[0] 72 tb1[1] 18')
('2015-01-17 11:30:25.078223', 'put_channel : channel tb1, group 1, time 2015-01-17 11:30:25.078141')
('2015-01-17 11:30:48.118133', 'put_channel : channel tb1, group 1, time 2015-01-17 11:30:48.118034')
('2015-01-17 11:30:54.134285', 'put_channel : channel tb1, group 1, time 2015-01-17 11:30:54.134209')
('2015-01-17 11:30:55.670334', 'put_channel : channel tb1, group 1, time 2015-01-17 11:30:55.670194')
