('2015-04-18 10:04:19.895391', 'worker [1] started')
('2015-04-18 10:04:19.895489', 'client 8 initted')
('2015-04-18 10:04:21.007404', 'put_channel : 2015-04-18 10:04:21.007258 : channel login, group 1')
('2015-04-18 10:04:21.008904', 'put_channel : 2015-04-18 10:04:21.008852 : channel login, group 0')
('2015-04-18 10:04:21.013748', 'get_channel: 2015-04-18 10:04:21.007258 : 1 ')
('2015-04-18 10:04:21.013874', 'fd_channel : login[0] 1 login[1] 0 , tb0[0] 0 tb0[1] 0 , tb1[0] 0 tb1[1] 0')
('2015-04-18 10:04:21.014406', 'get_channel: 2015-04-18 10:04:21.008852 : 0 ')
('2015-04-18 10:04:21.014511', 'fd_channel : login[0] 0 login[1] 0 , tb0[0] 0 tb0[1] 0 , tb1[0] 0 tb1[1] 0')
('2015-04-18 10:04:21.019720', 'close_channel : 2015-04-18 10:04:21.008852')
('2015-04-18 10:04:21.023853', 'close_channel : 2015-04-18 10:04:21.007258')
('2015-04-18 10:04:22.506795', 'put_channel : 2015-04-18 10:04:22.506723 : channel login, group 1')
('2015-04-18 10:04:22.507194', 'get_channel: 2015-04-18 10:04:22.506723 : 1 ')
('2015-04-18 10:04:22.507246', 'fd_channel : login[0] 0 login[1] 0 , tb0[0] 0 tb0[1] 0 , tb1[0] 0 tb1[1] 0')
('2015-04-18 10:04:22.511121', 'put_channel : 2015-04-18 10:04:22.511079 : channel login, group 0')
('2015-04-18 10:04:22.511375', 'get_channel: 2015-04-18 10:04:22.511079 : 0 ')
('2015-04-18 10:04:22.511420', 'fd_channel : login[0] 0 login[1] 0 , tb0[0] 0 tb0[1] 0 , tb1[0] 0 tb1[1] 0')
('2015-04-18 10:04:22.512141', 'close_channel : 2015-04-18 10:04:22.506723')
('2015-04-18 10:04:22.518981', 'close_channel : 2015-04-18 10:04:22.511079')
('2015-04-18 10:04:24.008907', 'put_channel : 2015-04-18 10:04:24.008775 : channel login, group 1')
('2015-04-18 10:04:24.009794', 'get_channel: 2015-04-18 10:04:24.008775 : 1 ')
('2015-04-18 10:04:24.009918', 'fd_channel : login[0] 0 login[1] 0 , tb0[0] 0 tb0[1] 0 , tb1[0] 0 tb1[1] 0')
('2015-04-18 10:04:24.011076', 'put_channel : 2015-04-18 10:04:24.010994 : channel login, group 0')
('2015-04-18 10:04:24.011588', 'get_channel: 2015-04-18 10:04:24.010994 : 0 ')
('2015-04-18 10:04:24.011677', 'fd_channel : login[0] 0 login[1] 0 , tb0[0] 0 tb0[1] 0 , tb1[0] 0 tb1[1] 0')
('2015-04-18 10:04:24.016469', 'close_channel : 2015-04-18 10:04:24.008775')
('2015-04-18 10:04:24.018426', 'close_channel : 2015-04-18 10:04:24.010994')
('2015-04-18 10:04:25.508756', 'put_channel : 2015-04-18 10:04:25.508670 : channel login, group 1')
('2015-04-18 10:04:25.509663', 'get_channel: 2015-04-18 10:04:25.508670 : 1 ')
('2015-04-18 10:04:25.509802', 'fd_channel : login[0] 0 login[1] 0 , tb0[0] 0 tb0[1] 0 , tb1[0] 0 tb1[1] 0')
('2015-04-18 10:04:25.511010', 'put_channel : 2015-04-18 10:04:25.510969 : channel login, group 0')
('2015-04-18 10:04:25.511263', 'get_channel: 2015-04-18 10:04:25.510969 : 0 ')
('2015-04-18 10:04:25.511319', 'fd_channel : login[0] 0 login[1] 0 , tb0[0] 0 tb0[1] 0 , tb1[0] 0 tb1[1] 0')
('2015-04-18 10:04:25.515653', 'close_channel : 2015-04-18 10:04:25.508670')
('2015-04-18 10:04:25.517445', 'close_channel : 2015-04-18 10:04:25.510969')
('2015-04-18 10:32:31.507381', 'put_channel : 2015-04-18 10:32:31.507263 : channel tb0, group 1')
('2015-04-18 10:32:31.510672', 'put_channel : 2015-04-18 10:32:31.510630 : channel tb0, group 0')
('2015-04-18 10:32:33.008793', 'put_channel : 2015-04-18 10:32:33.008717 : channel tb0, group 1')
('2015-04-18 10:32:33.010908', 'put_channel : 2015-04-18 10:32:33.010822 : channel tb0, group 0')
('2015-04-18 10:32:34.510256', 'put_channel : 2015-04-18 10:32:34.510166 : channel tb0, group 1')
('2015-04-18 10:32:34.510769', 'put_channel : 2015-04-18 10:32:34.510727 : channel tb0, group 0')
('2015-04-18 10:32:36.007734', 'put_channel : 2015-04-18 10:32:36.007577 : channel tb0, group 1')
('2015-04-18 10:32:36.011124', 'put_channel : 2015-04-18 10:32:36.011063 : channel tb0, group 0')
('2015-04-18 10:32:37.510799', 'put_channel : 2015-04-18 10:32:37.510708 : channel tb0, group 1')
('2015-04-18 10:32:37.512059', 'put_channel : 2015-04-18 10:32:37.512017 : channel tb0, group 0')
('2015-04-18 10:32:39.009060', 'put_channel : 2015-04-18 10:32:39.008919 : channel tb0, group 1')
('2015-04-18 10:32:39.012333', 'put_channel : 2015-04-18 10:32:39.012252 : channel tb0, group 0')
('2015-04-18 10:32:40.507496', 'put_channel : 2015-04-18 10:32:40.507419 : channel tb0, group 1')
('2015-04-18 10:32:40.511394', 'put_channel : 2015-04-18 10:32:40.511290 : channel tb0, group 0')
('2015-04-18 10:32:42.006802', 'put_channel : 2015-04-18 10:32:42.006695 : channel tb0, group 1')
('2015-04-18 10:32:42.009781', 'put_channel : 2015-04-18 10:32:42.009724 : channel tb0, group 0')
('2015-04-18 10:32:43.508179', 'put_channel : 2015-04-18 10:32:43.508095 : channel tb0, group 1')
('2015-04-18 10:32:43.510899', 'put_channel : 2015-04-18 10:32:43.510856 : channel tb0, group 0')
('2015-04-18 10:32:45.008143', 'put_channel : 2015-04-18 10:32:45.007998 : channel tb0, group 1')
('2015-04-18 10:32:45.008892', 'put_channel : 2015-04-18 10:32:45.008846 : channel tb0, group 0')
('2015-04-18 10:32:46.508585', 'put_channel : 2015-04-18 10:32:46.508364 : channel tb0, group 1')
('2015-04-18 10:32:46.509839', 'put_channel : 2015-04-18 10:32:46.509759 : channel tb0, group 0')
('2015-04-18 10:32:48.009724', 'put_channel : 2015-04-18 10:32:48.009595 : channel tb0, group 0')
('2015-04-18 10:32:48.010458', 'put_channel : 2015-04-18 10:32:48.010301 : channel tb0, group 1')
('2015-04-18 10:32:49.507746', 'put_channel : 2015-04-18 10:32:49.507664 : channel tb0, group 1')
('2015-04-18 10:32:49.511393', 'put_channel : 2015-04-18 10:32:49.511350 : channel tb0, group 0')
('2015-04-18 10:32:51.009318', 'put_channel : 2015-04-18 10:32:51.009244 : channel tb0, group 1')
('2015-04-18 10:32:51.009841', 'put_channel : 2015-04-18 10:32:51.009751 : channel tb0, group 0')
('2015-04-18 10:32:52.508472', 'put_channel : 2015-04-18 10:32:52.508336 : channel tb0, group 1')
('2015-04-18 10:32:52.510624', 'put_channel : 2015-04-18 10:32:52.510558 : channel tb0, group 0')
('2015-04-18 10:32:54.009091', 'put_channel : 2015-04-18 10:32:54.009018 : channel tb0, group 0')
('2015-04-18 10:32:54.009515', 'put_channel : 2015-04-18 10:32:54.009412 : channel tb0, group 1')
('2015-04-18 10:32:55.509474', 'put_channel : 2015-04-18 10:32:55.509392 : channel tb0, group 1')
('2015-04-18 10:32:55.510733', 'put_channel : 2015-04-18 10:32:55.510632 : channel tb0, group 0')
('2015-04-18 10:32:57.007693', 'put_channel : 2015-04-18 10:32:57.007616 : channel tb0, group 1')
('2015-04-18 10:32:57.009845', 'put_channel : 2015-04-18 10:32:57.009803 : channel tb0, group 0')
('2015-04-18 10:32:58.506371', 'put_channel : 2015-04-18 10:32:58.506288 : channel tb0, group 1')
('2015-04-18 10:32:58.509961', 'put_channel : 2015-04-18 10:32:58.509918 : channel tb0, group 0')
('2015-04-18 10:33:00.007098', 'put_channel : 2015-04-18 10:33:00.007025 : channel tb0, group 1')
('2015-04-18 10:33:00.008709', 'put_channel : 2015-04-18 10:33:00.008660 : channel tb0, group 0')
('2015-04-18 10:33:01.508157', 'put_channel : 2015-04-18 10:33:01.508017 : channel tb0, group 1')
('2015-04-18 10:33:01.510137', 'put_channel : 2015-04-18 10:33:01.510055 : channel tb0, group 0')
('2015-04-18 10:33:03.007984', 'put_channel : 2015-04-18 10:33:03.007798 : channel tb0, group 1')
('2015-04-18 10:33:03.009595', 'put_channel : 2015-04-18 10:33:03.009542 : channel tb0, group 0')
('2015-04-18 10:33:04.508255', 'put_channel : 2015-04-18 10:33:04.508129 : channel tb0, group 1')
('2015-04-18 10:33:04.509110', 'put_channel : 2015-04-18 10:33:04.508978 : channel tb0, group 0')
('2015-04-18 10:33:06.007781', 'put_channel : 2015-04-18 10:33:06.007697 : channel tb0, group 1')
('2015-04-18 10:33:06.009900', 'put_channel : 2015-04-18 10:33:06.009841 : channel tb0, group 0')
('2015-04-18 10:33:07.508474', 'put_channel : 2015-04-18 10:33:07.508334 : channel tb0, group 1')
('2015-04-18 10:33:07.509815', 'put_channel : 2015-04-18 10:33:07.509715 : channel tb0, group 0')
('2015-04-18 10:33:09.006428', 'put_channel : 2015-04-18 10:33:09.006354 : channel tb0, group 1')
('2015-04-18 10:33:09.007835', 'put_channel : 2015-04-18 10:33:09.007793 : channel tb0, group 0')
('2015-04-18 10:33:10.508426', 'put_channel : 2015-04-18 10:33:10.508294 : channel tb0, group 1')
('2015-04-18 10:33:10.509936', 'put_channel : 2015-04-18 10:33:10.509895 : channel tb0, group 0')
('2015-04-18 10:33:12.008643', 'put_channel : 2015-04-18 10:33:12.008520 : channel tb0, group 1')
('2015-04-18 10:33:12.009167', 'put_channel : 2015-04-18 10:33:12.009108 : channel tb0, group 0')
('2015-04-18 10:33:13.509049', 'put_channel : 2015-04-18 10:33:13.508966 : channel tb0, group 1')
('2015-04-18 10:33:13.509407', 'put_channel : 2015-04-18 10:33:13.509367 : channel tb0, group 0')
('2015-04-18 10:33:15.006470', 'put_channel : 2015-04-18 10:33:15.006403 : channel tb0, group 1')
('2015-04-18 10:33:15.007501', 'put_channel : 2015-04-18 10:33:15.007461 : channel tb0, group 0')
('2015-04-18 10:33:22.006586', 'put_channel : 2015-04-18 10:33:22.006502 : channel tb0, group 1')
('2015-04-18 10:33:23.505061', 'put_channel : 2015-04-18 10:33:23.504974 : channel tb0, group 1')
('2015-04-18 10:33:23.508923', 'put_channel : 2015-04-18 10:33:23.508859 : channel tb0, group 0')
('2015-04-18 10:33:23.518487', 'put_channel : 2015-04-18 10:33:23.518408 : channel tb0, group 0')
('2015-04-18 10:33:25.507664', 'put_channel : 2015-04-18 10:33:25.507580 : channel tb0, group 1')
('2015-04-18 10:33:26.507950', 'put_channel : 2015-04-18 10:33:26.507870 : channel tb0, group 0')
('2015-04-18 10:33:26.518386', 'put_channel : 2015-04-18 10:33:26.518342 : channel tb0, group 0')
('2015-04-18 10:33:26.518742', 'put_channel : 2015-04-18 10:33:26.518703 : channel tb0, group 1')
('2015-04-18 10:33:28.508457', 'put_channel : 2015-04-18 10:33:28.508324 : channel tb0, group 1')
('2015-04-18 10:33:29.508556', 'put_channel : 2015-04-18 10:33:29.508448 : channel tb0, group 0')
('2015-04-18 10:33:31.506615', 'put_channel : 2015-04-18 10:33:31.506543 : channel tb0, group 1')
('2015-04-18 10:33:32.506601', 'put_channel : 2015-04-18 10:33:32.506464 : channel tb0, group 0')
('2015-04-18 10:33:33.006932', 'put_channel : 2015-04-18 10:33:33.006858 : channel tb0, group 1')
('2015-04-18 10:33:33.010395', 'put_channel : 2015-04-18 10:33:33.010351 : channel tb0, group 0')
('2015-04-18 10:33:34.508639', 'put_channel : 2015-04-18 10:33:34.508436 : channel tb0, group 1')
('2015-04-18 10:33:35.507730', 'put_channel : 2015-04-18 10:33:35.507571 : channel tb0, group 0')
('2015-04-18 10:33:36.008284', 'put_channel : 2015-04-18 10:33:36.008145 : channel tb0, group 1')
('2015-04-18 10:33:36.012446', 'put_channel : 2015-04-18 10:33:36.012349 : channel tb0, group 0')
('2015-04-18 10:33:36.348821', 'put_channel : 2015-04-18 10:33:36.348717 : channel tb0, group 1')
('2015-04-18 10:33:37.506492', 'put_channel : 2015-04-18 10:33:37.506418 : channel tb0, group 1')
('2015-04-18 10:33:38.506857', 'put_channel : 2015-04-18 10:33:38.506780 : channel tb0, group 0')
('2015-04-18 10:33:39.006817', 'put_channel : 2015-04-18 10:33:39.006742 : channel tb0, group 1')
('2015-04-18 10:33:39.008618', 'put_channel : 2015-04-18 10:33:39.008495 : channel tb0, group 0')
('2015-04-18 10:33:41.505607', 'put_channel : 2015-04-18 10:33:41.505520 : channel tb0, group 1')
('2015-04-18 10:33:42.006729', 'put_channel : 2015-04-18 10:33:42.006654 : channel tb0, group 1')
('2015-04-18 10:33:42.008587', 'put_channel : 2015-04-18 10:33:42.008516 : channel tb0, group 0')
('2015-04-18 10:33:42.031009', 'put_channel : 2015-04-18 10:33:42.030962 : channel tb0, group 0')
('2015-04-18 10:33:42.891086', 'put_channel : 2015-04-18 10:33:42.890967 : channel tb0, group 0')
('2015-04-18 10:33:44.504826', 'put_channel : 2015-04-18 10:33:44.504745 : channel tb0, group 1')
('2015-04-18 10:33:45.008320', 'put_channel : 2015-04-18 10:33:45.008232 : channel tb0, group 1')
('2015-04-18 10:33:46.508831', 'put_channel : 2015-04-18 10:33:46.508650 : channel tb0, group 1')
('2015-04-18 10:33:46.509776', 'put_channel : 2015-04-18 10:33:46.509634 : channel tb0, group 0')
('2015-04-18 10:33:46.570848', 'put_channel : 2015-04-18 10:33:46.570760 : channel tb0, group 0')
('2015-04-18 10:33:47.519431', 'put_channel : 2015-04-18 10:33:47.519343 : channel tb0, group 0')
('2015-04-18 10:33:47.566760', 'put_channel : 2015-04-18 10:33:47.566646 : channel tb0, group 1')
('2015-04-18 10:33:50.506630', 'put_channel : 2015-04-18 10:33:50.506479 : channel tb0, group 1')
('2015-04-18 10:33:52.008448', 'put_channel : 2015-04-18 10:33:52.008339 : channel tb0, group 0')
('2015-04-18 10:33:52.013818', 'put_channel : 2015-04-18 10:33:52.013769 : channel tb0, group 0')
('2015-04-18 10:33:52.046283', 'put_channel : 2015-04-18 10:33:52.046208 : channel tb0, group 0')
('2015-04-18 10:33:54.007489', 'put_channel : 2015-04-18 10:33:54.007400 : channel tb0, group 1')
('2015-04-18 10:33:54.070696', 'put_channel : 2015-04-18 10:33:54.070524 : channel tb0, group 1')
('2015-04-18 10:33:55.020826', 'put_channel : 2015-04-18 10:33:55.020739 : channel tb0, group 1')
('2015-04-18 10:33:55.052878', 'put_channel : 2015-04-18 10:33:55.052805 : channel tb0, group 1')
('2015-04-18 10:33:58.007112', 'put_channel : 2015-04-18 10:33:58.006959 : channel tb0, group 0')
('2015-04-18 10:33:58.509262', 'put_channel : 2015-04-18 10:33:58.509142 : channel tb0, group 1')
('2015-04-18 10:33:58.510127', 'put_channel : 2015-04-18 10:33:58.510059 : channel tb0, group 0')
('2015-04-18 10:33:58.510759', 'put_channel : 2015-04-18 10:33:58.510662 : channel tb0, group 0')
('2015-04-18 10:33:58.511340', 'put_channel : 2015-04-18 10:33:58.511300 : channel tb0, group 1')
('2015-04-18 10:33:59.517498', 'put_channel : 2015-04-18 10:33:59.517363 : channel tb0, group 1')
('2015-04-18 10:33:59.519048', 'put_channel : 2015-04-18 10:33:59.518937 : channel tb0, group 0')
('2015-04-18 10:34:00.009315', 'put_channel : 2015-04-18 10:34:00.009241 : channel tb0, group 0')
('2015-04-18 10:34:00.894660', 'put_channel : 2015-04-18 10:34:00.894508 : channel tb0, group 0')
('2015-04-18 10:34:01.023004', 'put_channel : 2015-04-18 10:34:01.022913 : channel tb0, group 0')
('2015-04-18 10:34:02.516148', 'get_channel: 2015-04-18 10:32:31.507263 : 1 ')
('2015-04-18 10:34:02.516275', 'fd_channel : login[0] 0 login[1] 0 , tb0[0] 57 tb0[1] 55 , tb1[0] 0 tb1[1] 0')
('2015-04-18 10:34:02.518056', 'get_channel: 2015-04-18 10:32:33.008717 : 1 ')
('2015-04-18 10:34:02.518110', 'fd_channel : login[0] 0 login[1] 0 , tb0[0] 57 tb0[1] 54 , tb1[0] 0 tb1[1] 0')
('2015-04-18 10:34:02.518951', 'get_channel: 2015-04-18 10:32:34.510166 : 1 ')
('2015-04-18 10:34:02.519006', 'fd_channel : login[0] 0 login[1] 0 , tb0[0] 57 tb0[1] 53 , tb1[0] 0 tb1[1] 0')
('2015-04-18 10:34:02.520481', 'get_channel: 2015-04-18 10:32:36.007577 : 1 ')
('2015-04-18 10:34:02.520563', 'fd_channel : login[0] 0 login[1] 0 , tb0[0] 57 tb0[1] 52 , tb1[0] 0 tb1[1] 0')
('2015-04-18 10:34:02.521548', 'get_channel: 2015-04-18 10:32:37.510708 : 1 ')
('2015-04-18 10:34:02.521663', 'fd_channel : login[0] 0 login[1] 0 , tb0[0] 57 tb0[1] 51 , tb1[0] 0 tb1[1] 0')
('2015-04-18 10:34:02.522677', 'get_channel: 2015-04-18 10:32:39.008919 : 1 ')
('2015-04-18 10:34:02.522734', 'fd_channel : login[0] 0 login[1] 0 , tb0[0] 57 tb0[1] 50 , tb1[0] 0 tb1[1] 0')
('2015-04-18 10:34:02.524032', 'get_channel: 2015-04-18 10:32:40.507419 : 1 ')
('2015-04-18 10:34:02.524124', 'fd_channel : login[0] 0 login[1] 0 , tb0[0] 57 tb0[1] 49 , tb1[0] 0 tb1[1] 0')
('2015-04-18 10:34:02.525455', 'get_channel: 2015-04-18 10:32:42.006695 : 1 ')
('2015-04-18 10:34:02.525550', 'fd_channel : login[0] 0 login[1] 0 , tb0[0] 57 tb0[1] 48 , tb1[0] 0 tb1[1] 0')
('2015-04-18 10:34:03.007275', 'put_channel : 2015-04-18 10:34:03.007149 : channel tb0, group 1')
('2015-04-18 10:34:03.010702', 'put_channel : 2015-04-18 10:34:03.010609 : channel tb0, group 1')
('2015-04-18 10:34:03.135954', 'close_channel : 2015-04-18 10:32:31.507263')
('2015-04-18 10:34:03.136352', 'close_channel : 2015-04-18 10:32:33.008717')
('2015-04-18 10:34:03.136713', 'close_channel : 2015-04-18 10:32:34.510166')
('2015-04-18 10:34:03.140420', 'close_channel : 2015-04-18 10:32:36.007577')
('2015-04-18 10:34:03.141708', 'close_channel : 2015-04-18 10:32:39.008919')
('2015-04-18 10:34:03.143216', 'close_channel : 2015-04-18 10:32:37.510708')
('2015-04-18 10:34:03.143961', 'close_channel : 2015-04-18 10:32:40.507419')
('2015-04-18 10:34:03.147536', 'close_channel : 2015-04-18 10:32:42.006695')
('2015-04-18 10:34:04.012718', 'put_channel : 2015-04-18 10:34:04.012569 : channel tb0, group 1')
('2015-04-18 10:34:06.327849', 'get_channel: 2015-04-18 10:32:31.510630 : 0 ')
('2015-04-18 10:34:06.327931', 'fd_channel : login[0] 0 login[1] 0 , tb0[0] 56 tb0[1] 51 , tb1[0] 0 tb1[1] 0')
('2015-04-18 10:34:06.330973', 'get_channel: 2015-04-18 10:32:43.508095 : 1 ')
('2015-04-18 10:34:06.331021', 'fd_channel : login[0] 0 login[1] 0 , tb0[0] 56 tb0[1] 50 , tb1[0] 0 tb1[1] 0')
('2015-04-18 10:34:06.879430', 'get_channel: 2015-04-18 10:32:33.010822 : 0 ')
('2015-04-18 10:34:06.879515', 'fd_channel : login[0] 0 login[1] 0 , tb0[0] 55 tb0[1] 50 , tb1[0] 0 tb1[1] 0')
('2015-04-18 10:34:06.880721', 'get_channel: 2015-04-18 10:32:45.007998 : 1 ')
('2015-04-18 10:34:06.880770', 'fd_channel : login[0] 0 login[1] 0 , tb0[0] 55 tb0[1] 49 , tb1[0] 0 tb1[1] 0')
('2015-04-18 10:34:06.952374', 'close_channel : 2015-04-18 10:32:31.510630')
('2015-04-18 10:34:07.008327', 'put_channel : 2015-04-18 10:34:07.008244 : channel tb0, group 0')
('2015-04-18 10:34:07.092380', 'close_channel : 2015-04-18 10:32:33.010822')
('2015-04-18 10:34:07.508214', 'put_channel : 2015-04-18 10:34:07.508139 : channel tb0, group 0')
('2015-04-18 10:34:07.510244', 'put_channel : 2015-04-18 10:34:07.510202 : channel tb0, group 0')
('2015-04-18 10:34:07.680971', 'get_channel: 2015-04-18 10:32:34.510727 : 0 ')
('2015-04-18 10:34:07.681041', 'fd_channel : login[0] 0 login[1] 0 , tb0[0] 57 tb0[1] 49 , tb1[0] 0 tb1[1] 0')
('2015-04-18 10:34:07.682910', 'get_channel: 2015-04-18 10:32:46.508364 : 1 ')
('2015-04-18 10:34:07.682959', 'fd_channel : login[0] 0 login[1] 0 , tb0[0] 57 tb0[1] 48 , tb1[0] 0 tb1[1] 0')
('2015-04-18 10:34:07.684840', 'get_channel: 2015-04-18 10:32:36.011063 : 0 ')
('2015-04-18 10:34:07.684933', 'fd_channel : login[0] 0 login[1] 0 , tb0[0] 56 tb0[1] 48 , tb1[0] 0 tb1[1] 0')
('2015-04-18 10:34:07.686392', 'get_channel: 2015-04-18 10:32:48.010301 : 1 ')
('2015-04-18 10:34:07.686469', 'fd_channel : login[0] 0 login[1] 0 , tb0[0] 56 tb0[1] 47 , tb1[0] 0 tb1[1] 0')
('2015-04-18 10:34:07.695181', 'close_channel : 2015-04-18 10:32:34.510727')
('2015-04-18 10:34:07.699738', 'close_channel : 2015-04-18 10:32:36.011063')
('2015-04-18 10:34:08.297372', 'close_channel : 2015-04-18 10:32:46.508364')
('2015-04-18 10:34:08.301398', 'close_channel : 2015-04-18 10:32:48.010301')
('2015-04-18 10:34:08.312911', 'close_channel : 2015-04-18 10:32:45.007998')
('2015-04-18 10:34:08.504643', 'put_channel : 2015-04-18 10:34:08.504560 : channel tb0, group 1')
('2015-04-18 10:34:08.742329', 'get_channel: 2015-04-18 10:32:37.512017 : 0 ')
('2015-04-18 10:34:08.742379', 'fd_channel : login[0] 0 login[1] 0 , tb0[0] 55 tb0[1] 48 , tb1[0] 0 tb1[1] 0')
('2015-04-18 10:34:08.743455', 'get_channel: 2015-04-18 10:32:49.507664 : 1 ')
('2015-04-18 10:34:08.743514', 'fd_channel : login[0] 0 login[1] 0 , tb0[0] 55 tb0[1] 47 , tb1[0] 0 tb1[1] 0')
('2015-04-18 10:34:09.149704', 'get_channel: 2015-04-18 10:32:39.012252 : 0 ')
('2015-04-18 10:34:09.149757', 'fd_channel : login[0] 0 login[1] 0 , tb0[0] 54 tb0[1] 47 , tb1[0] 0 tb1[1] 0')
('2015-04-18 10:34:09.150736', 'get_channel: 2015-04-18 10:32:51.009244 : 1 ')
('2015-04-18 10:34:09.150781', 'fd_channel : login[0] 0 login[1] 0 , tb0[0] 54 tb0[1] 46 , tb1[0] 0 tb1[1] 0')
('2015-04-18 10:34:10.216761', 'get_channel: 2015-04-18 10:32:40.511290 : 0 ')
('2015-04-18 10:34:10.216889', 'fd_channel : login[0] 0 login[1] 0 , tb0[0] 53 tb0[1] 46 , tb1[0] 0 tb1[1] 0')
('2015-04-18 10:34:10.218313', 'get_channel: 2015-04-18 10:32:52.508336 : 1 ')
('2015-04-18 10:34:10.218417', 'fd_channel : login[0] 0 login[1] 0 , tb0[0] 53 tb0[1] 45 , tb1[0] 0 tb1[1] 0')
('2015-04-18 10:34:10.433518', 'close_channel : 2015-04-18 10:32:52.508336')
('2015-04-18 10:34:10.745360', 'get_channel: 2015-04-18 10:32:42.009724 : 0 ')
('2015-04-18 10:34:10.745432', 'fd_channel : login[0] 0 login[1] 0 , tb0[0] 52 tb0[1] 45 , tb1[0] 0 tb1[1] 0')
('2015-04-18 10:34:10.746517', 'get_channel: 2015-04-18 10:32:54.009412 : 1 ')
('2015-04-18 10:34:10.746562', 'fd_channel : login[0] 0 login[1] 0 , tb0[0] 52 tb0[1] 44 , tb1[0] 0 tb1[1] 0')
('2015-04-18 10:34:11.152691', 'get_channel: 2015-04-18 10:32:43.510856 : 0 ')
('2015-04-18 10:34:11.152768', 'fd_channel : login[0] 0 login[1] 0 , tb0[0] 51 tb0[1] 44 , tb1[0] 0 tb1[1] 0')
('2015-04-18 10:34:11.153801', 'get_channel: 2015-04-18 10:32:55.509392 : 1 ')
('2015-04-18 10:34:11.153911', 'fd_channel : login[0] 0 login[1] 0 , tb0[0] 51 tb0[1] 43 , tb1[0] 0 tb1[1] 0')
('2015-04-18 10:34:13.007171', 'put_channel : 2015-04-18 10:34:13.007068 : channel tb0, group 1')
('2015-04-18 10:34:15.134076', 'get_channel: 2015-04-18 10:32:45.008846 : 0 ')
('2015-04-18 10:34:15.134137', 'fd_channel : login[0] 0 login[1] 0 , tb0[0] 50 tb0[1] 44 , tb1[0] 0 tb1[1] 0')
('2015-04-18 10:34:15.135454', 'get_channel: 2015-04-18 10:32:57.007616 : 1 ')
('2015-04-18 10:34:15.135503', 'fd_channel : login[0] 0 login[1] 0 , tb0[0] 50 tb0[1] 43 , tb1[0] 0 tb1[1] 0')
('2015-04-18 10:34:15.757298', 'close_channel : 2015-04-18 10:32:57.007616')
('2015-04-18 10:34:16.011029', 'put_channel : 2015-04-18 10:34:16.010857 : channel tb0, group 1')
('2015-04-18 10:34:16.013019', 'put_channel : 2015-04-18 10:34:16.012924 : channel tb0, group 1')
('2015-04-18 10:34:21.009406', 'put_channel : 2015-04-18 10:34:21.009293 : channel tb0, group 1')
('2015-04-18 10:34:21.010303', 'put_channel : 2015-04-18 10:34:21.010043 : channel tb0, group 1')
('2015-04-18 10:34:21.010711', 'put_channel : 2015-04-18 10:34:21.010603 : channel tb0, group 0')
('2015-04-18 10:34:21.011290', 'put_channel : 2015-04-18 10:34:21.011185 : channel tb0, group 0')
('2015-04-18 10:34:21.037185', 'put_channel : 2015-04-18 10:34:21.037095 : channel tb0, group 1')
('2015-04-18 10:34:21.102451', 'put_channel : 2015-04-18 10:34:21.102378 : channel tb0, group 0')
('2015-04-18 10:34:21.469539', 'close_channel : 2015-04-18 10:32:45.008846')
('2015-04-18 10:34:21.636287', 'close_channel : 2015-04-18 10:32:37.512017')
('2015-04-18 10:34:22.022548', 'put_channel : 2015-04-18 10:34:22.022449 : channel tb0, group 0')
('2015-04-18 10:34:22.035686', 'close_channel : 2015-04-18 10:32:39.012252')
('2015-04-18 10:34:22.511693', 'put_channel : 2015-04-18 10:34:22.511468 : channel tb0, group 0')
('2015-04-18 10:34:23.101778', 'close_channel : 2015-04-18 10:32:40.511290')
('2015-04-18 10:34:23.594050', 'put_channel : 2015-04-18 10:34:23.593957 : channel tb0, group 0')
('2015-04-18 10:34:24.032272', 'put_channel : 2015-04-18 10:34:24.032188 : channel tb0, group 0')
('2015-04-18 10:34:25.534799', 'put_channel : 2015-04-18 10:34:25.534715 : channel tb0, group 0')
('2015-04-18 10:34:27.041233', 'put_channel : 2015-04-18 10:34:27.041068 : channel tb0, group 0')
('2015-04-18 10:34:27.120447', 'put_channel : 2015-04-18 10:34:27.120353 : channel tb0, group 0')
('2015-04-18 10:34:28.526660', 'put_channel : 2015-04-18 10:34:28.526567 : channel tb0, group 0')
('2015-04-18 10:34:30.125528', 'put_channel : 2015-04-18 10:34:30.125363 : channel tb0, group 1')
('2015-04-18 10:34:31.533151', 'put_channel : 2015-04-18 10:34:31.533004 : channel tb0, group 1')
('2015-04-18 10:34:32.301011', 'close_channel : 2015-04-18 10:32:43.508095')
('2015-04-18 10:34:32.557351', 'put_channel : 2015-04-18 10:34:32.557267 : channel tb0, group 1')
('2015-04-18 10:34:32.558523', 'put_channel : 2015-04-18 10:34:32.558462 : channel tb0, group 0')
('2015-04-18 10:34:34.063476', 'put_channel : 2015-04-18 10:34:34.063332 : channel tb0, group 0')
('2015-04-18 10:34:34.542659', 'put_channel : 2015-04-18 10:34:34.542530 : channel tb0, group 1')
('2015-04-18 10:34:34.733383', 'close_channel : 2015-04-18 10:32:49.507664')
('2015-04-18 10:34:35.117489', 'close_channel : 2015-04-18 10:32:51.009244')
('2015-04-18 10:34:35.564638', 'put_channel : 2015-04-18 10:34:35.564517 : channel tb0, group 1')
('2015-04-18 10:34:41.583019', 'put_channel : 2015-04-18 10:34:41.582937 : channel tb0, group 1')
('2015-04-18 10:34:44.590887', 'put_channel : 2015-04-18 10:34:44.590809 : channel tb0, group 1')
('2015-04-18 10:34:52.590111', 'put_channel : 2015-04-18 10:34:52.590021 : channel tb0, group 0')
('2015-04-18 11:27:42.008447', 'put_channel : 2015-04-18 11:27:42.008348 : channel tb1, group 1')
('2015-04-18 11:27:42.011623', 'put_channel : 2015-04-18 11:27:42.011547 : channel tb1, group 0')
('2015-04-18 11:27:43.507248', 'put_channel : 2015-04-18 11:27:43.507173 : channel tb1, group 1')
('2015-04-18 11:27:43.510757', 'put_channel : 2015-04-18 11:27:43.510701 : channel tb1, group 0')
('2015-04-18 11:27:45.007167', 'put_channel : 2015-04-18 11:27:45.007100 : channel tb1, group 1')
('2015-04-18 11:27:45.009509', 'put_channel : 2015-04-18 11:27:45.009467 : channel tb1, group 0')
('2015-04-18 11:27:46.509043', 'put_channel : 2015-04-18 11:27:46.508942 : channel tb1, group 0')
('2015-04-18 11:27:47.505684', 'put_channel : 2015-04-18 11:27:47.505585 : channel tb1, group 1')
('2015-04-18 11:27:48.007521', 'put_channel : 2015-04-18 11:27:48.007434 : channel tb1, group 1')
('2015-04-18 11:27:48.010243', 'put_channel : 2015-04-18 11:27:48.010193 : channel tb1, group 0')
('2015-04-18 11:27:50.506124', 'put_channel : 2015-04-18 11:27:50.506006 : channel tb1, group 1')
('2015-04-18 11:27:50.507085', 'put_channel : 2015-04-18 11:27:50.506987 : channel tb1, group 0')
('2015-04-18 11:27:51.008095', 'put_channel : 2015-04-18 11:27:51.008004 : channel tb1, group 1')
('2015-04-18 11:27:51.009022', 'put_channel : 2015-04-18 11:27:51.008980 : channel tb1, group 0')
('2015-04-18 11:27:52.510473', 'put_channel : 2015-04-18 11:27:52.510336 : channel tb1, group 0')
('2015-04-18 11:27:53.504950', 'put_channel : 2015-04-18 11:27:53.504806 : channel tb1, group 1')
('2015-04-18 11:27:54.006558', 'put_channel : 2015-04-18 11:27:54.006460 : channel tb1, group 1')
('2015-04-18 11:27:54.008406', 'put_channel : 2015-04-18 11:27:54.008343 : channel tb1, group 0')
('2015-04-18 11:27:55.508751', 'put_channel : 2015-04-18 11:27:55.508677 : channel tb1, group 0')
('2015-04-18 11:27:56.504942', 'put_channel : 2015-04-18 11:27:56.504861 : channel tb1, group 1')
('2015-04-18 11:27:57.008250', 'put_channel : 2015-04-18 11:27:57.008161 : channel tb1, group 1')
('2015-04-18 11:27:57.011390', 'put_channel : 2015-04-18 11:27:57.011325 : channel tb1, group 0')
('2015-04-18 11:28:00.009240', 'put_channel : 2015-04-18 11:28:00.009098 : channel tb1, group 0')
('2015-04-18 11:28:00.009636', 'put_channel : 2015-04-18 11:28:00.009588 : channel tb1, group 1')
('2015-04-18 11:28:01.511405', 'put_channel : 2015-04-18 11:28:01.511263 : channel tb1, group 1')
('2015-04-18 11:28:01.511708', 'put_channel : 2015-04-18 11:28:01.511630 : channel tb1, group 0')
('2015-04-18 11:28:02.507148', 'put_channel : 2015-04-18 11:28:02.507068 : channel tb1, group 1')
('2015-04-18 11:28:03.009955', 'put_channel : 2015-04-18 11:28:03.009813 : channel tb1, group 0')
('2015-04-18 11:28:04.006406', 'put_channel : 2015-04-18 11:28:04.006303 : channel tb1, group 1')
('2015-04-18 11:28:04.506728', 'put_channel : 2015-04-18 11:28:04.506610 : channel tb1, group 1')
('2015-04-18 11:28:08.507000', 'put_channel : 2015-04-18 11:28:08.506866 : channel tb1, group 1')
('2015-04-18 11:28:10.006338', 'put_channel : 2015-04-18 11:28:10.006254 : channel tb1, group 1')
('2015-04-18 11:28:10.510548', 'put_channel : 2015-04-18 11:28:10.510459 : channel tb1, group 0')
('2015-04-18 11:28:11.505084', 'put_channel : 2015-04-18 11:28:11.504944 : channel tb1, group 1')
('2015-04-18 11:28:12.009073', 'put_channel : 2015-04-18 11:28:12.008982 : channel tb1, group 0')
('2015-04-18 11:28:12.010597', 'put_channel : 2015-04-18 11:28:12.010553 : channel tb1, group 0')
('2015-04-18 11:28:13.005486', 'put_channel : 2015-04-18 11:28:13.005368 : channel tb1, group 1')
('2015-04-18 11:28:13.022830', 'put_channel : 2015-04-18 11:28:13.022775 : channel tb1, group 0')
('2015-04-18 11:28:13.508841', 'put_channel : 2015-04-18 11:28:13.508723 : channel tb1, group 1')
('2015-04-18 11:28:13.510793', 'put_channel : 2015-04-18 11:28:13.510745 : channel tb1, group 0')
('2015-04-18 11:28:15.007996', 'put_channel : 2015-04-18 11:28:15.007915 : channel tb1, group 1')
('2015-04-18 11:28:16.006666', 'put_channel : 2015-04-18 11:28:16.006582 : channel tb1, group 0')
('2015-04-18 11:28:16.506979', 'put_channel : 2015-04-18 11:28:16.506899 : channel tb1, group 1')
('2015-04-18 11:28:19.006890', 'put_channel : 2015-04-18 11:28:19.006804 : channel tb1, group 1')
('2015-04-18 11:28:19.507843', 'put_channel : 2015-04-18 11:28:19.507763 : channel tb1, group 1')
('2015-04-18 11:28:19.513121', 'put_channel : 2015-04-18 11:28:19.513071 : channel tb1, group 0')
('2015-04-18 11:28:21.009386', 'put_channel : 2015-04-18 11:28:21.009294 : channel tb1, group 1')
('2015-04-18 11:28:21.037132', 'put_channel : 2015-04-18 11:28:21.037047 : channel tb1, group 1')
('2015-04-18 11:28:22.507956', 'put_channel : 2015-04-18 11:28:22.507882 : channel tb1, group 1')
('2015-04-18 11:28:24.007530', 'put_channel : 2015-04-18 11:28:24.007446 : channel tb1, group 1')
('2015-04-18 11:28:25.022809', 'put_channel : 2015-04-18 11:28:25.022664 : channel tb1, group 0')
('2015-04-18 11:28:25.509216', 'put_channel : 2015-04-18 11:28:25.509142 : channel tb1, group 1')
('2015-04-18 11:28:28.509479', 'put_channel : 2015-04-18 11:28:28.509311 : channel tb1, group 0')
('2015-04-18 11:28:31.022616', 'put_channel : 2015-04-18 11:28:31.022528 : channel tb1, group 0')
('2015-04-18 11:28:31.508491', 'put_channel : 2015-04-18 11:28:31.508416 : channel tb1, group 0')
('2015-04-18 11:28:33.618484', 'put_channel : 2015-04-18 11:28:33.618270 : channel tb1, group 1')
('2015-04-18 11:28:34.006811', 'put_channel : 2015-04-18 11:28:34.006726 : channel tb1, group 0')
('2015-04-18 11:28:34.015238', 'put_channel : 2015-04-18 11:28:34.015189 : channel tb1, group 0')
('2015-04-18 11:28:34.542497', 'put_channel : 2015-04-18 11:28:34.542415 : channel tb1, group 0')
('2015-04-18 11:28:35.120395', 'put_channel : 2015-04-18 11:28:35.120237 : channel tb1, group 1')
('2015-04-18 11:28:35.519208', 'put_channel : 2015-04-18 11:28:35.519052 : channel tb1, group 1')
('2015-04-18 11:28:37.006573', 'put_channel : 2015-04-18 11:28:37.006489 : channel tb1, group 0')
('2015-04-18 11:28:37.535490', 'put_channel : 2015-04-18 11:28:37.535395 : channel tb1, group 0')
('2015-04-18 11:28:38.506191', 'put_channel : 2015-04-18 11:28:38.506099 : channel tb1, group 0')
('2015-04-18 11:28:39.009476', 'put_channel : 2015-04-18 11:28:39.009392 : channel tb1, group 1')
('2015-04-18 11:28:40.508652', 'put_channel : 2015-04-18 11:28:40.508568 : channel tb1, group 1')
('2015-04-18 11:28:40.526808', 'put_channel : 2015-04-18 11:28:40.526751 : channel tb1, group 0')
('2015-04-18 11:28:42.009220', 'put_channel : 2015-04-18 11:28:42.009145 : channel tb1, group 1')
('2015-04-18 11:28:42.009789', 'put_channel : 2015-04-18 11:28:42.009708 : channel tb1, group 1')
('2015-04-18 11:28:42.010233', 'put_channel : 2015-04-18 11:28:42.010193 : channel tb1, group 0')
('2015-04-18 11:28:44.506579', 'put_channel : 2015-04-18 11:28:44.506495 : channel tb1, group 0')
('2015-04-18 11:28:45.038357', 'put_channel : 2015-04-18 11:28:45.038251 : channel tb1, group 0')
('2015-04-18 11:28:46.006878', 'put_channel : 2015-04-18 11:28:46.006762 : channel tb1, group 0')
('2015-04-18 11:28:46.016571', 'put_channel : 2015-04-18 11:28:46.016435 : channel tb1, group 0')
('2015-04-18 11:28:47.508144', 'put_channel : 2015-04-18 11:28:47.508061 : channel tb1, group 0')
('2015-04-18 11:28:47.518227', 'put_channel : 2015-04-18 11:28:47.518178 : channel tb1, group 0')
('2015-04-18 11:28:49.006628', 'put_channel : 2015-04-18 11:28:49.006545 : channel tb1, group 0')
('2015-04-18 11:28:49.534361', 'put_channel : 2015-04-18 11:28:49.534273 : channel tb1, group 0')
('2015-04-18 11:28:51.008660', 'put_channel : 2015-04-18 11:28:51.008460 : channel tb1, group 0')
('2015-04-18 11:28:51.009348', 'put_channel : 2015-04-18 11:28:51.009288 : channel tb1, group 1')
('2015-04-18 11:28:52.080660', 'put_channel : 2015-04-18 11:28:52.080573 : channel tb1, group 0')
('2015-04-18 11:28:53.506767', 'put_channel : 2015-04-18 11:28:53.506680 : channel tb1, group 0')
('2015-04-18 11:28:58.062891', 'put_channel : 2015-04-18 11:28:58.062797 : channel tb1, group 1')
('2015-04-18 11:28:58.541520', 'put_channel : 2015-04-18 11:28:58.541375 : channel tb1, group 1')
('2015-04-18 11:29:01.006760', 'put_channel : 2015-04-18 11:29:01.006636 : channel tb1, group 0')
('2015-04-18 11:29:01.022587', 'put_channel : 2015-04-18 11:29:01.022524 : channel tb1, group 1')
('2015-04-18 11:29:02.507964', 'put_channel : 2015-04-18 11:29:02.507872 : channel tb1, group 0')
('2015-04-18 11:29:02.518255', 'put_channel : 2015-04-18 11:29:02.518179 : channel tb1, group 0')
('2015-04-18 11:29:04.509771', 'put_channel : 2015-04-18 11:29:04.509672 : channel tb1, group 0')
('2015-04-18 11:29:04.528279', 'put_channel : 2015-04-18 11:29:04.528226 : channel tb1, group 0')
('2015-04-18 11:29:07.020700', 'put_channel : 2015-04-18 11:29:07.020617 : channel tb1, group 1')
('2015-04-18 11:29:07.513419', 'put_channel : 2015-04-18 11:29:07.513342 : channel tb1, group 0')
('2015-04-18 11:29:07.532747', 'put_channel : 2015-04-18 11:29:07.532678 : channel tb1, group 1')
('2015-04-18 11:29:10.006987', 'put_channel : 2015-04-18 11:29:10.006852 : channel tb1, group 0')
('2015-04-18 11:29:13.533191', 'put_channel : 2015-04-18 11:29:13.533083 : channel tb1, group 1')
('2015-04-18 11:29:16.508809', 'put_channel : 2015-04-18 11:29:16.508723 : channel tb1, group 0')
('2015-04-18 11:29:17.506404', 'put_channel : 2015-04-18 11:29:17.506322 : channel tb1, group 1')
('2015-04-18 11:29:22.015301', 'put_channel : 2015-04-18 11:29:22.015211 : channel tb1, group 1')
('2015-04-18 11:29:22.509017', 'put_channel : 2015-04-18 11:29:22.508943 : channel tb1, group 0')
('2015-04-18 11:29:25.510075', 'put_channel : 2015-04-18 11:29:25.509944 : channel tb1, group 0')
('2015-04-18 11:29:26.518818', 'put_channel : 2015-04-18 11:29:26.518737 : channel tb1, group 0')
('2015-04-18 11:29:26.519058', 'put_channel : 2015-04-18 11:29:26.519009 : channel tb1, group 1')
('2015-04-18 11:29:27.038052', 'put_channel : 2015-04-18 11:29:27.037969 : channel tb1, group 0')
('2015-04-18 11:29:28.014546', 'put_channel : 2015-04-18 11:29:28.014458 : channel tb1, group 1')
('2015-04-18 11:29:28.714108', 'put_channel : 2015-04-18 11:29:28.714005 : channel tb1, group 0')
('2015-04-18 11:29:30.008745', 'put_channel : 2015-04-18 11:29:30.008668 : channel tb1, group 0')
('2015-04-18 11:29:31.509946', 'put_channel : 2015-04-18 11:29:31.509838 : channel tb1, group 0')
('2015-04-18 11:29:33.011237', 'put_channel : 2015-04-18 11:29:33.011116 : channel tb1, group 0')
('2015-04-18 11:29:33.040714', 'put_channel : 2015-04-18 11:29:33.040615 : channel tb1, group 0')
('2015-04-18 11:29:34.709165', 'put_channel : 2015-04-18 11:29:34.709059 : channel tb1, group 0')
('2015-04-18 11:29:35.919864', 'close_channel : 2015-04-18 11:27:42.008348')
('2015-04-18 11:29:35.921105', 'close_channel : 2015-04-18 11:27:43.507173')
('2015-04-18 11:29:35.921818', 'close_channel : 2015-04-18 11:27:45.007100')
('2015-04-18 11:29:35.922220', 'get_channel: 2015-04-18 11:27:47.505585 : 1 ')
('2015-04-18 11:29:35.922278', 'fd_channel : login[0] 0 login[1] 0 , tb0[0] 64 tb0[1] 55 , tb1[0] 62 tb1[1] 44')
('2015-04-18 11:29:35.923483', 'get_channel: 2015-04-18 11:27:48.007434 : 1 ')
('2015-04-18 11:29:35.923528', 'fd_channel : login[0] 0 login[1] 0 , tb0[0] 64 tb0[1] 55 , tb1[0] 62 tb1[1] 43')
('2015-04-18 11:29:35.924754', 'get_channel: 2015-04-18 11:27:50.506006 : 1 ')
('2015-04-18 11:29:35.924800', 'fd_channel : login[0] 0 login[1] 0 , tb0[0] 64 tb0[1] 55 , tb1[0] 62 tb1[1] 42')
('2015-04-18 11:29:35.925464', 'get_channel: 2015-04-18 11:27:51.008004 : 1 ')
('2015-04-18 11:29:35.925511', 'fd_channel : login[0] 0 login[1] 0 , tb0[0] 64 tb0[1] 55 , tb1[0] 62 tb1[1] 41')
('2015-04-18 11:29:35.926783', 'get_channel: 2015-04-18 11:27:53.504806 : 1 ')
('2015-04-18 11:29:35.926829', 'fd_channel : login[0] 0 login[1] 0 , tb0[0] 64 tb0[1] 55 , tb1[0] 62 tb1[1] 40')
('2015-04-18 11:29:35.927707', 'get_channel: 2015-04-18 11:27:54.006460 : 1 ')
('2015-04-18 11:29:35.927752', 'fd_channel : login[0] 0 login[1] 0 , tb0[0] 64 tb0[1] 55 , tb1[0] 62 tb1[1] 39')
('2015-04-18 11:29:35.928580', 'get_channel: 2015-04-18 11:27:56.504861 : 1 ')
('2015-04-18 11:29:35.928628', 'fd_channel : login[0] 0 login[1] 0 , tb0[0] 64 tb0[1] 55 , tb1[0] 62 tb1[1] 38')
('2015-04-18 11:29:35.929590', 'get_channel: 2015-04-18 11:27:57.008161 : 1 ')
('2015-04-18 11:29:35.929635', 'fd_channel : login[0] 0 login[1] 0 , tb0[0] 64 tb0[1] 55 , tb1[0] 62 tb1[1] 37')
('2015-04-18 11:29:35.939492', 'close_channel : 2015-04-18 11:27:57.008161')
('2015-04-18 11:29:36.030963', 'put_channel : 2015-04-18 11:29:36.030825 : channel tb1, group 0')
('2015-04-18 11:29:36.612315', 'close_channel : 2015-04-18 11:27:56.504861')
('2015-04-18 11:29:37.509435', 'put_channel : 2015-04-18 11:29:37.509309 : channel tb1, group 0')
('2015-04-18 11:29:39.010609', 'put_channel : 2015-04-18 11:29:39.010480 : channel tb1, group 0')
('2015-04-18 11:29:40.509154', 'put_channel : 2015-04-18 11:29:40.509073 : channel tb1, group 0')
('2015-04-18 11:29:40.526739', 'put_channel : 2015-04-18 11:29:40.526637 : channel tb1, group 1')
('2015-04-18 11:29:41.259110', 'close_channel : 2015-04-18 11:27:42.011547')
('2015-04-18 11:29:41.259717', 'get_channel: 2015-04-18 11:28:00.009588 : 1 ')
('2015-04-18 11:29:41.259767', 'fd_channel : login[0] 0 login[1] 0 , tb0[0] 64 tb0[1] 55 , tb1[0] 65 tb1[1] 37')
('2015-04-18 11:29:41.260397', 'close_channel : 2015-04-18 11:27:43.510701')
('2015-04-18 11:29:41.260776', 'close_channel : 2015-04-18 11:27:45.009467')
('2015-04-18 11:29:41.261165', 'close_channel : 2015-04-18 11:27:46.508942')
('2015-04-18 11:29:41.261676', 'close_channel : 2015-04-18 11:27:48.010193')
('2015-04-18 11:29:41.262111', 'close_channel : 2015-04-18 11:27:50.506987')
('2015-04-18 11:29:41.262627', 'close_channel : 2015-04-18 11:27:51.008980')
('2015-04-18 11:29:41.263024', 'get_channel: 2015-04-18 11:27:52.510336 : 0 ')
('2015-04-18 11:29:41.263069', 'fd_channel : login[0] 0 login[1] 0 , tb0[0] 64 tb0[1] 55 , tb1[0] 58 tb1[1] 37')
('2015-04-18 11:29:41.263753', 'get_channel: 2015-04-18 11:27:54.008343 : 0 ')
('2015-04-18 11:29:41.263796', 'fd_channel : login[0] 0 login[1] 0 , tb0[0] 64 tb0[1] 55 , tb1[0] 57 tb1[1] 37')
('2015-04-18 11:29:41.264714', 'get_channel: 2015-04-18 11:28:01.511263 : 1 ')
('2015-04-18 11:29:41.264759', 'fd_channel : login[0] 0 login[1] 0 , tb0[0] 64 tb0[1] 55 , tb1[0] 57 tb1[1] 36')
('2015-04-18 11:29:41.285158', 'close_channel : 2015-04-18 11:27:54.008343')
('2015-04-18 11:29:41.316693', 'close_channel : 2015-04-18 11:28:00.009588')
('2015-04-18 11:29:42.924601', 'get_channel: 2015-04-18 11:28:02.507068 : 1 ')
('2015-04-18 11:29:42.924673', 'fd_channel : login[0] 0 login[1] 0 , tb0[0] 64 tb0[1] 55 , tb1[0] 57 tb1[1] 35')
('2015-04-18 11:29:42.926585', 'get_channel: 2015-04-18 11:28:04.006303 : 1 ')
('2015-04-18 11:29:42.926678', 'fd_channel : login[0] 0 login[1] 0 , tb0[0] 64 tb0[1] 55 , tb1[0] 57 tb1[1] 34')
('2015-04-18 11:29:42.932229', 'get_channel: 2015-04-18 11:28:04.506610 : 1 ')
('2015-04-18 11:29:42.932288', 'fd_channel : login[0] 0 login[1] 0 , tb0[0] 64 tb0[1] 55 , tb1[0] 57 tb1[1] 33')
('2015-04-18 11:29:42.933633', 'get_channel: 2015-04-18 11:28:08.506866 : 1 ')
('2015-04-18 11:29:42.933706', 'fd_channel : login[0] 0 login[1] 0 , tb0[0] 64 tb0[1] 55 , tb1[0] 57 tb1[1] 32')
('2015-04-18 11:29:42.935197', 'get_channel: 2015-04-18 11:28:10.006254 : 1 ')
('2015-04-18 11:29:42.935290', 'fd_channel : login[0] 0 login[1] 0 , tb0[0] 64 tb0[1] 55 , tb1[0] 57 tb1[1] 31')
('2015-04-18 11:29:42.936816', 'get_channel: 2015-04-18 11:28:11.504944 : 1 ')
('2015-04-18 11:29:42.936916', 'fd_channel : login[0] 0 login[1] 0 , tb0[0] 64 tb0[1] 55 , tb1[0] 57 tb1[1] 30')
('2015-04-18 11:29:43.007285', 'put_channel : 2015-04-18 11:29:43.007191 : channel tb1, group 1')
('2015-04-18 11:29:43.149000', 'close_channel : 2015-04-18 11:28:11.504944')
('2015-04-18 11:29:43.358494', 'get_channel: 2015-04-18 11:27:55.508677 : 0 ')
('2015-04-18 11:29:43.358560', 'fd_channel : login[0] 0 login[1] 0 , tb0[0] 64 tb0[1] 55 , tb1[0] 56 tb1[1] 31')
('2015-04-18 11:29:43.359541', 'get_channel: 2015-04-18 11:28:13.005368 : 1 ')
('2015-04-18 11:29:43.359595', 'fd_channel : login[0] 0 login[1] 0 , tb0[0] 64 tb0[1] 55 , tb1[0] 56 tb1[1] 30')
('2015-04-18 11:29:43.509779', 'put_channel : 2015-04-18 11:29:43.509643 : channel tb1, group 1')
('2015-04-18 11:29:43.615874', 'close_channel : 2015-04-18 11:28:13.005368')
('2015-04-18 11:29:44.558131', 'put_channel : 2015-04-18 11:29:44.557998 : channel tb1, group 1')
('2015-04-18 11:29:44.789564', 'close_channel : 2015-04-18 11:27:55.508677')
('2015-04-18 11:29:45.010816', 'put_channel : 2015-04-18 11:29:45.010742 : channel tb1, group 0')
('2015-04-18 11:29:46.510337', 'put_channel : 2015-04-18 11:29:46.510223 : channel tb1, group 0')
('2015-04-18 11:29:47.608734', 'close_channel : 2015-04-18 11:28:01.511263')
('2015-04-18 11:29:48.010184', 'put_channel : 2015-04-18 11:29:48.010107 : channel tb1, group 0')
('2015-04-18 11:29:49.006778', 'put_channel : 2015-04-18 11:29:49.006696 : channel tb1, group 1')
('2015-04-18 11:29:49.709292', 'put_channel : 2015-04-18 11:29:49.709203 : channel tb1, group 0')
('2015-04-18 11:29:49.926760', 'get_channel: 2015-04-18 11:28:13.508723 : 1 ')
('2015-04-18 11:29:49.926813', 'fd_channel : login[0] 0 login[1] 0 , tb0[0] 64 tb0[1] 55 , tb1[0] 60 tb1[1] 32')
('2015-04-18 11:29:49.928444', 'get_channel: 2015-04-18 11:28:15.007915 : 1 ')
('2015-04-18 11:29:49.928493', 'fd_channel : login[0] 0 login[1] 0 , tb0[0] 64 tb0[1] 55 , tb1[0] 60 tb1[1] 31')
('2015-04-18 11:29:49.935992', 'get_channel: 2015-04-18 11:28:16.506899 : 1 ')
('2015-04-18 11:29:49.936074', 'fd_channel : login[0] 0 login[1] 0 , tb0[0] 64 tb0[1] 55 , tb1[0] 60 tb1[1] 30')
('2015-04-18 11:29:49.938998', 'get_channel: 2015-04-18 11:28:19.006804 : 1 ')
('2015-04-18 11:29:49.939140', 'fd_channel : login[0] 0 login[1] 0 , tb0[0] 64 tb0[1] 55 , tb1[0] 60 tb1[1] 29')
('2015-04-18 11:29:49.941114', 'get_channel: 2015-04-18 11:28:19.507763 : 1 ')
('2015-04-18 11:29:49.941227', 'fd_channel : login[0] 0 login[1] 0 , tb0[0] 64 tb0[1] 55 , tb1[0] 60 tb1[1] 28')
('2015-04-18 11:29:50.148834', 'close_channel : 2015-04-18 11:28:19.006804')
('2015-04-18 11:29:50.379512', 'close_channel : 2015-04-18 11:27:57.011325')
('2015-04-18 11:29:50.380218', 'close_channel : 2015-04-18 11:28:00.009098')
('2015-04-18 11:29:50.381001', 'get_channel: 2015-04-18 11:28:01.511630 : 0 ')
('2015-04-18 11:29:50.381105', 'fd_channel : login[0] 0 login[1] 0 , tb0[0] 64 tb0[1] 55 , tb1[0] 57 tb1[1] 28')
('2015-04-18 11:29:50.382439', 'get_channel: 2015-04-18 11:28:21.009294 : 1 ')
('2015-04-18 11:29:50.382546', 'fd_channel : login[0] 0 login[1] 0 , tb0[0] 64 tb0[1] 55 , tb1[0] 57 tb1[1] 27')
('2015-04-18 11:29:50.507487', 'put_channel : 2015-04-18 11:29:50.507327 : channel tb1, group 1')
('2015-04-18 11:29:50.553443', 'close_channel : 2015-04-18 11:28:15.007915')
('2015-04-18 11:29:50.731525', 'get_channel: 2015-04-18 11:28:03.009813 : 0 ')
('2015-04-18 11:29:50.731615', 'fd_channel : login[0] 0 login[1] 0 , tb0[0] 64 tb0[1] 55 , tb1[0] 56 tb1[1] 28')
('2015-04-18 11:29:50.733482', 'get_channel: 2015-04-18 11:28:21.037047 : 1 ')
('2015-04-18 11:29:50.733546', 'fd_channel : login[0] 0 login[1] 0 , tb0[0] 64 tb0[1] 55 , tb1[0] 56 tb1[1] 27')
('2015-04-18 11:29:50.751043', 'close_channel : 2015-04-18 11:28:03.009813')
('2015-04-18 11:29:50.921114', 'get_channel: 2015-04-18 11:28:22.507882 : 1 ')
('2015-04-18 11:29:50.921178', 'fd_channel : login[0] 0 login[1] 0 , tb0[0] 64 tb0[1] 55 , tb1[0] 56 tb1[1] 26')
('2015-04-18 11:29:50.922664', 'get_channel: 2015-04-18 11:28:24.007446 : 1 ')
('2015-04-18 11:29:50.922751', 'fd_channel : login[0] 0 login[1] 0 , tb0[0] 64 tb0[1] 55 , tb1[0] 56 tb1[1] 25')
('2015-04-18 11:29:50.923875', 'get_channel: 2015-04-18 11:28:25.509142 : 1 ')
('2015-04-18 11:29:50.923922', 'fd_channel : login[0] 0 login[1] 0 , tb0[0] 64 tb0[1] 55 , tb1[0] 56 tb1[1] 24')
('2015-04-18 11:29:51.012986', 'put_channel : 2015-04-18 11:29:51.012909 : channel tb1, group 0')
('2015-04-18 11:29:52.385347', 'get_channel: 2015-04-18 11:28:10.510459 : 0 ')
('2015-04-18 11:29:52.385513', 'fd_channel : login[0] 0 login[1] 0 , tb0[0] 64 tb0[1] 55 , tb1[0] 56 tb1[1] 24')
('2015-04-18 11:29:52.387613', 'get_channel: 2015-04-18 11:28:33.618270 : 1 ')
('2015-04-18 11:29:52.387700', 'fd_channel : login[0] 0 login[1] 0 , tb0[0] 64 tb0[1] 55 , tb1[0] 56 tb1[1] 23')
('2015-04-18 11:29:52.426832', 'close_channel : 2015-04-18 11:28:10.510459')
('2015-04-18 11:29:52.930418', 'get_channel: 2015-04-18 11:28:35.120237 : 1 ')
('2015-04-18 11:29:52.930582', 'fd_channel : login[0] 0 login[1] 0 , tb0[0] 64 tb0[1] 55 , tb1[0] 56 tb1[1] 22')
('2015-04-18 11:29:54.216116', 'put_channel : 2015-04-18 11:29:54.216015 : channel tb1, group 0')
('2015-04-18 11:29:54.433491', 'get_channel: 2015-04-18 11:28:35.519052 : 1 ')
('2015-04-18 11:29:54.433714', 'fd_channel : login[0] 0 login[1] 0 , tb0[0] 64 tb0[1] 55 , tb1[0] 57 tb1[1] 21')
('2015-04-18 11:29:55.712868', 'put_channel : 2015-04-18 11:29:55.712763 : channel tb1, group 0')
('2015-04-18 11:29:56.928920', 'get_channel: 2015-04-18 11:28:39.009392 : 1 ')
('2015-04-18 11:29:56.928970', 'fd_channel : login[0] 0 login[1] 0 , tb0[0] 64 tb0[1] 55 , tb1[0] 58 tb1[1] 20')
('2015-04-18 11:29:56.937960', 'get_channel: 2015-04-18 11:28:40.508568 : 1 ')
('2015-04-18 11:29:56.938046', 'fd_channel : login[0] 0 login[1] 0 , tb0[0] 64 tb0[1] 55 , tb1[0] 58 tb1[1] 19')
('2015-04-18 11:29:56.943109', 'get_channel: 2015-04-18 11:28:42.009145 : 1 ')
('2015-04-18 11:29:56.943186', 'fd_channel : login[0] 0 login[1] 0 , tb0[0] 64 tb0[1] 55 , tb1[0] 58 tb1[1] 18')
('2015-04-18 11:29:57.923546', 'get_channel: 2015-04-18 11:28:42.009708 : 1 ')
('2015-04-18 11:29:57.923598', 'fd_channel : login[0] 0 login[1] 0 , tb0[0] 64 tb0[1] 55 , tb1[0] 58 tb1[1] 17')
('2015-04-18 11:29:57.926088', 'get_channel: 2015-04-18 11:28:51.009288 : 1 ')
('2015-04-18 11:29:57.926137', 'fd_channel : login[0] 0 login[1] 0 , tb0[0] 64 tb0[1] 55 , tb1[0] 58 tb1[1] 16')
('2015-04-18 11:29:57.926903', 'get_channel: 2015-04-18 11:28:58.062797 : 1 ')
('2015-04-18 11:29:57.926949', 'fd_channel : login[0] 0 login[1] 0 , tb0[0] 64 tb0[1] 55 , tb1[0] 58 tb1[1] 15')
('2015-04-18 11:29:59.932292', 'get_channel: 2015-04-18 11:28:58.541375 : 1 ')
('2015-04-18 11:29:59.932343', 'fd_channel : login[0] 0 login[1] 0 , tb0[0] 64 tb0[1] 55 , tb1[0] 58 tb1[1] 14')
('2015-04-18 11:30:01.339593', 'worker [1] stopping')
('2015-04-18 11:30:01.436039', 'get_channel: 2015-04-18 11:29:01.022524 : 1 ')
('2015-04-18 11:30:01.436131', 'fd_channel : login[0] 0 login[1] 0 , tb0[0] 64 tb0[1] 55 , tb1[0] 58 tb1[1] 13')
('2015-04-18 11:30:03.261388', 'close_channel : 2015-04-18 11:28:01.511630')
('2015-04-18 11:30:03.930518', 'get_channel: 2015-04-18 11:29:07.020617 : 1 ')
('2015-04-18 11:30:03.930588', 'fd_channel : login[0] 0 login[1] 0 , tb0[0] 64 tb0[1] 55 , tb1[0] 58 tb1[1] 12')
('2015-04-18 11:30:03.939632', 'get_channel: 2015-04-18 11:29:07.532678 : 1 ')
('2015-04-18 11:30:03.939694', 'fd_channel : login[0] 0 login[1] 0 , tb0[0] 64 tb0[1] 55 , tb1[0] 58 tb1[1] 11')
('2015-04-18 11:30:03.944652', 'get_channel: 2015-04-18 11:29:13.533083 : 1 ')
('2015-04-18 11:30:03.944703', 'fd_channel : login[0] 0 login[1] 0 , tb0[0] 64 tb0[1] 55 , tb1[0] 58 tb1[1] 10')
('2015-04-18 11:30:04.925961', 'get_channel: 2015-04-18 11:29:17.506322 : 1 ')
('2015-04-18 11:30:04.926019', 'fd_channel : login[0] 0 login[1] 0 , tb0[0] 64 tb0[1] 55 , tb1[0] 58 tb1[1] 9')
('2015-04-18 11:30:04.928872', 'get_channel: 2015-04-18 11:29:22.015211 : 1 ')
('2015-04-18 11:30:04.928953', 'fd_channel : login[0] 0 login[1] 0 , tb0[0] 64 tb0[1] 55 , tb1[0] 58 tb1[1] 8')
('2015-04-18 11:30:04.930260', 'get_channel: 2015-04-18 11:29:26.519009 : 1 ')
('2015-04-18 11:30:04.930319', 'fd_channel : login[0] 0 login[1] 0 , tb0[0] 64 tb0[1] 55 , tb1[0] 58 tb1[1] 7')
('2015-04-18 11:30:04.934329', 'close_channel : 2015-04-18 11:29:17.506322')
('2015-04-18 11:30:04.936832', 'close_channel : 2015-04-18 11:29:26.519009')
('2015-04-18 11:30:04.937270', 'close_channel : 2015-04-18 11:29:22.015211')
('2015-04-18 11:30:05.518364', 'put_channel : 2015-04-18 11:30:05.518267 : channel tb1, group 1')
('2015-04-18 11:30:06.934375', 'get_channel: 2015-04-18 11:29:28.014458 : 1 ')
('2015-04-18 11:30:06.934479', 'fd_channel : login[0] 0 login[1] 0 , tb0[0] 64 tb0[1] 55 , tb1[0] 58 tb1[1] 7')
('2015-04-18 11:30:06.940101', 'close_channel : 2015-04-18 11:29:28.014458')
('2015-04-18 11:30:08.438477', 'get_channel: 2015-04-18 11:29:40.526637 : 1 ')
('2015-04-18 11:30:08.438529', 'fd_channel : login[0] 0 login[1] 0 , tb0[0] 64 tb0[1] 55 , tb1[0] 58 tb1[1] 6')
('2015-04-18 11:30:08.462107', 'close_channel : 2015-04-18 11:29:40.526637')
('2015-04-18 11:30:08.910686', 'close_channel : 2015-04-18 11:28:10.006254')
('2015-04-18 11:30:08.912991', 'close_channel : 2015-04-18 11:28:08.506866')
('2015-04-18 11:30:10.932958', 'get_channel: 2015-04-18 11:29:43.007191 : 1 ')
('2015-04-18 11:30:10.933034', 'fd_channel : login[0] 0 login[1] 0 , tb0[0] 64 tb0[1] 55 , tb1[0] 58 tb1[1] 5')
('2015-04-18 11:30:10.941334', 'get_channel: 2015-04-18 11:29:43.509643 : 1 ')
('2015-04-18 11:30:10.941385', 'fd_channel : login[0] 0 login[1] 0 , tb0[0] 64 tb0[1] 55 , tb1[0] 58 tb1[1] 4')
('2015-04-18 11:30:10.946886', 'get_channel: 2015-04-18 11:29:44.557998 : 1 ')
('2015-04-18 11:30:10.946933', 'fd_channel : login[0] 0 login[1] 0 , tb0[0] 64 tb0[1] 55 , tb1[0] 58 tb1[1] 3')
('2015-04-18 11:30:10.954710', 'close_channel : 2015-04-18 11:29:43.007191')
('2015-04-18 11:30:10.957036', 'close_channel : 2015-04-18 11:29:43.509643')
('2015-04-18 11:30:13.534756', 'put_channel : 2015-04-18 11:30:13.534676 : channel tb1, group 0')
('2015-04-18 11:30:35.052881', 'close_channel : 2015-04-18 11:28:04.506610')
('2015-04-18 11:30:36.140725', 'put_channel : 2015-04-18 11:30:36.140640 : channel tb1, group 1')
('2015-04-18 11:30:37.612748', 'put_channel : 2015-04-18 11:30:37.612650 : channel tb1, group 1')
('2015-04-18 11:30:42.093475', 'close_channel : 2015-04-18 11:28:13.508723')
('2015-04-18 11:30:42.096315', 'close_channel : 2015-04-18 11:28:19.507763')
('2015-04-18 11:30:42.098003', 'put_channel : 2015-04-18 11:30:42.097953 : channel tb1, group 1')
('2015-04-18 11:30:42.098609', 'close_channel : 2015-04-18 11:28:16.506899')
('2015-04-18 11:30:43.885130', 'close_channel : 2015-04-18 11:28:33.618270')
('2015-04-18 11:30:50.095925', 'close_channel : 2015-04-18 11:28:51.009288')
('2015-04-18 11:30:54.125697', 'put_channel : 2015-04-18 11:30:54.125594 : channel tb1, group 1')
