('2015-04-18 10:34:14.096406', '\r\n\r\n\r\n\r\n\r\n\r\n\r\n\r\n\r\n\r\n<XML><ERRORCODE>311</ERRORCODE><ERRORSTRING>图像校验码错误！</ERRORSTRING><ERRORSTRING_EN>Image checksum error！</ERRORSTRING_EN></XML>')
('2015-04-18 10:34:14.096465', "client 52870492 bid 0 fd_price ack error {'errcode': '311', 'errstring': '图像校验码错误！'}")
('2015-04-18 10:34:22.640512', '\r\n\r\n\r\n\r\n\r\n\r\n\r\n\r\n\r\n\r\n<XML><ERRORCODE>311</ERRORCODE><ERRORSTRING>图像校验码错误！</ERRORSTRING><ERRORSTRING_EN>Image checksum error！</ERRORSTRING_EN></XML>')
('2015-04-18 10:34:22.640564', "client 52870492 bid 0 fd_price ack error {'errcode': '311', 'errstring': '图像校验码错误！'}")
('2015-04-18 10:34:22.767526', '\r\n\r\n\r\n\r\n\r\n\r\n\r\n\r\n\r\n\r\n<XML><ERRORCODE>311</ERRORCODE><ERRORSTRING>图像校验码错误！</ERRORSTRING><ERRORSTRING_EN>Image checksum error！</ERRORSTRING_EN></XML>')
('2015-04-18 10:34:22.767590', "client 52521595 bid 0 fd_price ack error {'errcode': '311', 'errstring': '图像校验码错误！'}")
('2015-04-18 10:34:22.920232', '\r\n\r\n\r\n\r\n\r\n\r\n\r\n\r\n\r\n\r\n<XML><ERRORCODE>311</ERRORCODE><ERRORSTRING>图像校验码错误！</ERRORSTRING><ERRORSTRING_EN>Image checksum error！</ERRORSTRING_EN></XML>')
('2015-04-18 10:34:22.920335', "client 52769979 bid 0 fd_price ack error {'errcode': '311', 'errstring': '图像校验码错误！'}")
('2015-04-18 10:34:35.424066', '\r\n\r\n\r\n\r\n\r\n\r\n\r\n\r\n\r\n\r\n<XML><ERRORCODE>311</ERRORCODE><ERRORSTRING>图像校验码错误！</ERRORSTRING><ERRORSTRING_EN>Image checksum error！</ERRORSTRING_EN></XML>')
('2015-04-18 10:34:35.424142', "client 52723477 bid 0 fd_price ack error {'errcode': '311', 'errstring': '图像校验码错误！'}")
('2015-04-18 10:34:35.999801', '\r\n\r\n\r\n\r\n\r\n\r\n\r\n\r\n\r\n\r\n<XML><ERRORCODE>311</ERRORCODE><ERRORSTRING>图像校验码错误！</ERRORSTRING><ERRORSTRING_EN>Image checksum error！</ERRORSTRING_EN></XML>')
('2015-04-18 10:34:35.999852', "client 52769979 bid 0 fd_price ack error {'errcode': '311', 'errstring': '图像校验码错误！'}")
('2015-04-18 10:34:37.281189', '\r\n\r\n\r\n\r\n\r\n\r\n\r\n\r\n\r\n\r\n<XML><ERRORCODE>311</ERRORCODE><ERRORSTRING>图像校验码错误！</ERRORSTRING><ERRORSTRING_EN>Image checksum error！</ERRORSTRING_EN></XML>')
('2015-04-18 10:34:37.281299', "client 52595327 bid 0 fd_price ack error {'errcode': '311', 'errstring': '图像校验码错误！'}")
('2015-04-18 10:34:39.489225', '\r\n\r\n\r\n\r\n\r\n\r\n\r\n\r\n\r\n\r\n<XML><ERRORCODE>311</ERRORCODE><ERRORSTRING>图像校验码错误！</ERRORSTRING><ERRORSTRING_EN>Image checksum error！</ERRORSTRING_EN></XML>')
('2015-04-18 10:34:39.489278', "client 52835141 bid 0 fd_price ack error {'errcode': '311', 'errstring': '图像校验码错误！'}")
('2015-04-18 10:34:40.577608', '\r\n\r\n\r\n\r\n\r\n\r\n\r\n\r\n\r\n\r\n<XML><ERRORCODE>311</ERRORCODE><ERRORSTRING>图像校验码错误！</ERRORSTRING><ERRORSTRING_EN>Image checksum error！</ERRORSTRING_EN></XML>')
('2015-04-18 10:34:40.577772', "client 52843201 bid 0 fd_price ack error {'errcode': '311', 'errstring': '图像校验码错误！'}")
('2015-04-18 10:34:42.464180', '\r\n\r\n\r\n\r\n\r\n\r\n\r\n\r\n\r\n\r\n<XML><ERRORCODE>311</ERRORCODE><ERRORSTRING>图像校验码错误！</ERRORSTRING><ERRORSTRING_EN>Image checksum error！</ERRORSTRING_EN></XML>')
('2015-04-18 10:34:42.464233', "client 52778085 bid 0 fd_price ack error {'errcode': '311', 'errstring': '图像校验码错误！'}")
('2015-04-18 10:35:52.226642', '\r\n\r\n\r\n\r\n\r\n\r\n\r\n\r\n\r\n\r\n<XML><ERRORCODE>311</ERRORCODE><ERRORSTRING>图像校验码错误！</ERRORSTRING><ERRORSTRING_EN>Image checksum error！</ERRORSTRING_EN></XML>')
('2015-04-18 10:35:52.226763', "client 52870492 bid 0 fd_price ack error {'errcode': '311', 'errstring': '图像校验码错误！'}")
('2015-04-18 11:29:43.013961', 'client 52521595 bid 1 fd_image Timeout')
('2015-04-18 11:29:43.016741', 'client 52870492 bid 1 fd_image Timeout')
('2015-04-18 11:29:43.018731', 'client 52723477 bid 1 fd_image Timeout')
('2015-04-18 11:29:43.019324', 'client 52595327 bid 1 fd_image Timeout')
('2015-04-18 11:29:43.021460', 'client 52778085 bid 1 fd_image Timeout')
('2015-04-18 11:29:50.023690', 'client 52595327 bid 1 fd_image Timeout')
('2015-04-18 11:29:50.024246', 'client 52778085 bid 1 fd_image Timeout')
('2015-04-18 11:29:50.025907', 'client 52723477 bid 1 fd_image Timeout')
('2015-04-18 11:29:53.579448', '\r\n\r\n\r\n\r\n\r\n\r\n\r\n\r\n\r\n\r\n<XML><ERRORCODE>311</ERRORCODE><ERRORSTRING>图像校验码错误！</ERRORSTRING><ERRORSTRING_EN>Image checksum error！</ERRORSTRING_EN></XML>')
('2015-04-18 11:29:53.579527', "client 52521595 bid 1 fd_price ack error {'errcode': '311', 'errstring': '图像校验码错误！'}")
('2015-04-18 11:29:55.618025', '\r\n\r\n\r\n\r\n\r\n\r\n\r\n\r\n\r\n\r\n<XML><ERRORCODE>311</ERRORCODE><ERRORSTRING>图像校验码错误！</ERRORSTRING><ERRORSTRING_EN>Image checksum error！</ERRORSTRING_EN></XML>')
('2015-04-18 11:29:55.618077', "client 52835141 bid 1 fd_price ack error {'errcode': '311', 'errstring': '图像校验码错误！'}")
('2015-04-18 11:29:56.539755', 'client 52870492 bid 2 fd_price get channel Failed')
('2015-04-18 11:29:56.550233', 'client 52843201 bid 2 fd_price get channel Failed')
('2015-04-18 11:29:57.029000', 'client 52595327 bid 1 fd_image Timeout')
('2015-04-18 11:29:57.029614', 'client 52723477 bid 1 fd_image Timeout')
('2015-04-18 11:29:57.030033', 'client 52778085 bid 1 fd_image Timeout')
('2015-04-18 11:29:58.482962', 'client 52835141 bid 2 fd_price get channel Failed')
('2015-04-18 11:29:58.512618', 'client 52521595 bid 2 fd_price get channel Failed')
('2015-04-18 11:29:58.541096', 'client 52870492 bid 2 fd_price get channel Failed')
('2015-04-18 11:29:58.552278', 'client 52843201 bid 2 fd_price get channel Failed')
('2015-04-18 11:29:59.134007', 'client 52778085 bid 2 fd_image get channel Failed')
('2015-04-18 11:29:59.134371', 'client 52723477 bid 2 fd_image get channel Failed')
('2015-04-18 11:29:59.134653', 'client 52595327 bid 2 fd_image get channel Failed')
('2015-04-18 11:30:01.335643', 'client 52778085 bid 2 fd_price get channel Failed')
('2015-04-18 11:30:01.337065', 'client 52723477 bid 2 fd_image get channel Failed')
('2015-04-18 11:30:01.337328', 'client 52595327 bid 2 fd_image get channel Failed')
('2015-04-18 11:30:01.515774', '\r\n\r\n\r\n\r\n\r\n\r\n\r\n\r\n\r\n\r\n\r\n<XML><ERRORCODE>110</ERRORCODE><ERRORSTRING>没有正在举行的拍卖会，请注意拍卖公告！</ERRORSTRING><ERRORSTRING_EN>Auction is not begin!</ERRORSTRING_EN></XML>')
('2015-04-18 11:30:01.515830', "client 52723477 bid 2 fd_image ack error {'head': 'Connection: close\\nDate: Sat, 18 Apr 2015 03:30:01 GMT\\nServer: Microsoft-IIS/6.0\\nSet-Cookie: JSESSIONID=49131F86F21160E8F4E200222E0DE159; Path=/car\\nContent-Type: text/html;charset=GBK\\nContent-Length: 178\\n\\n', 'body': '\\r\\n\\r\\n\\r\\n\\r\\n\\r\\n\\r\\n\\r\\n\\r\\n\\r\\n\\r\\n\\r\\n<XML><ERRORCODE>110</ERRORCODE><ERRORSTRING>没有正在举行的拍卖会，请注意拍卖公告！</ERRORSTRING><ERRORSTRING_EN>Auction is not begin!</ERRORSTRING_EN></XML>', 'status': 200}")
('2015-04-18 11:30:01.567864', '\r\n\r\n\r\n\r\n\r\n\r\n\r\n\r\n\r\n\r\n<XML><ERRORCODE>110</ERRORCODE><ERRORSTRING>没有正在举行的拍卖会，请注意拍卖公告！</ERRORSTRING><ERRORSTRING_EN>Auction is not begin!</ERRORSTRING_EN></XML>\r\n')
('2015-04-18 11:30:01.567927', "client 52778085 bid 2 fd_price ack error {'errcode': '110', 'errstring': '没有正在举行的拍卖会，请注意拍卖公告！'}")
('2015-04-18 11:30:03.541102', 'client 52595327 bid 2 fd_image get channel Failed')
('2015-04-18 11:30:04.031732', 'client 52595327 bid 2 fd_image Timeout')
('2015-04-18 11:30:05.744000', 'client 52595327 bid 2 fd_image get channel Failed')
('2015-04-18 11:30:06.136157', 'client 52595327 bid 2 fd_image get channel Failed')
('2015-04-18 11:30:06.616670', 'client 52723477 bid 2 fd_image get channel Failed')
('2015-04-18 11:30:08.341081', 'client 52595327 bid 2 fd_image get channel Failed')
('2015-04-18 11:30:08.820960', 'client 52723477 bid 2 fd_image get channel Failed')
('2015-04-18 11:30:10.090704', '\r\n\r\n\r\n\r\n\r\n\r\n\r\n\r\n\r\n\r\n\r\n<XML><ERRORCODE>110</ERRORCODE><ERRORSTRING>没有正在举行的拍卖会，请注意拍卖公告！</ERRORSTRING><ERRORSTRING_EN>Auction is not begin!</ERRORSTRING_EN></XML>')
('2015-04-18 11:30:10.090802', "client 52723477 bid 2 fd_image ack error {'head': 'Connection: close\\nDate: Sat, 18 Apr 2015 03:30:09 GMT\\nServer: Microsoft-IIS/6.0\\nSet-Cookie: JSESSIONID=32C54B0257E421DB7C19A1A98E9BC655; Path=/car\\nContent-Type: text/html;charset=GBK\\nContent-Length: 178\\n\\n', 'body': '\\r\\n\\r\\n\\r\\n\\r\\n\\r\\n\\r\\n\\r\\n\\r\\n\\r\\n\\r\\n\\r\\n<XML><ERRORCODE>110</ERRORCODE><ERRORSTRING>没有正在举行的拍卖会，请注意拍卖公告！</ERRORSTRING><ERRORSTRING_EN>Auction is not begin!</ERRORSTRING_EN></XML>', 'status': 200}")
('2015-04-18 11:30:10.544749', 'client 52595327 bid 2 fd_image get channel Failed')
('2015-04-18 11:30:11.033006', 'client 52595327 bid 2 fd_image Timeout')
('2015-04-18 11:30:13.137433', 'client 52595327 bid 2 fd_image get channel Failed')
('2015-04-18 11:30:15.188984', 'client 52723477 bid 2 fd_image get channel Failed')
('2015-04-18 11:30:15.341247', 'client 52595327 bid 2 fd_image get channel Failed')
('2015-04-18 11:30:16.481789', '\r\n\r\n\r\n\r\n\r\n\r\n\r\n\r\n\r\n\r\n<XML><ERRORCODE>311</ERRORCODE><ERRORSTRING>图像校验码错误！</ERRORSTRING><ERRORSTRING_EN>Image checksum error！</ERRORSTRING_EN></XML>')
('2015-04-18 11:30:16.481841', "client 52835141 bid 1 fd_price ack error {'errcode': '311', 'errstring': '图像校验码错误！'}")
('2015-04-18 11:30:17.392713', 'client 52723477 bid 2 fd_image get channel Failed')
('2015-04-18 11:30:17.545802', 'client 52595327 bid 2 fd_image get channel Failed')
('2015-04-18 11:30:18.033917', 'client 52595327 bid 2 fd_image Timeout')
('2015-04-18 11:30:18.464507', '\r\n\r\n\r\n\r\n\r\n\r\n\r\n\r\n\r\n\r\n<XML><ERRORCODE>311</ERRORCODE><ERRORSTRING>图像校验码错误！</ERRORSTRING><ERRORSTRING_EN>Image checksum error！</ERRORSTRING_EN></XML>')
('2015-04-18 11:30:18.464560', "client 52843201 bid 1 fd_price ack error {'errcode': '311', 'errstring': '图像校验码错误！'}")
('2015-04-18 11:30:19.596695', 'client 52723477 bid 2 fd_image get channel Failed')
('2015-04-18 11:30:20.085360', 'client 52723477 bid 2 fd_image Timeout')
('2015-04-18 11:30:21.800857', 'client 52723477 bid 2 fd_image get channel Failed')
