('2015-04-18 10:04:20.734485', 'worker [3] started')
('2015-04-18 10:04:20.734541', 'client 8 initted')
('2015-04-18 10:04:21.006249', 'put_channel : 2015-04-18 10:04:21.006191 : channel login, group 0')
('2015-04-18 10:04:21.009047', 'get_channel: 2015-04-18 10:04:21.006191 : 0 ')
('2015-04-18 10:04:21.009096', 'fd_channel : login[0] 0 login[1] 0 , tb0[0] 0 tb0[1] 0 , tb1[0] 0 tb1[1] 0')
('2015-04-18 10:04:21.009692', 'put_channel : 2015-04-18 10:04:21.009620 : channel login, group 1')
('2015-04-18 10:04:21.009902', 'get_channel: 2015-04-18 10:04:21.009620 : 1 ')
('2015-04-18 10:04:21.009944', 'fd_channel : login[0] 0 login[1] 0 , tb0[0] 0 tb0[1] 0 , tb1[0] 0 tb1[1] 0')
('2015-04-18 10:04:21.013594', 'close_channel : 2015-04-18 10:04:21.006191')
('2015-04-18 10:04:21.017144', 'close_channel : 2015-04-18 10:04:21.009620')
('2015-04-18 10:04:22.508781', 'put_channel : 2015-04-18 10:04:22.508717 : channel login, group 0')
('2015-04-18 10:04:22.509215', 'get_channel: 2015-04-18 10:04:22.508717 : 0 ')
('2015-04-18 10:04:22.509263', 'fd_channel : login[0] 0 login[1] 0 , tb0[0] 0 tb0[1] 0 , tb1[0] 0 tb1[1] 0')
('2015-04-18 10:04:22.510896', 'put_channel : 2015-04-18 10:04:22.510803 : channel login, group 1')
('2015-04-18 10:04:22.511449', 'get_channel: 2015-04-18 10:04:22.510803 : 1 ')
('2015-04-18 10:04:22.511527', 'fd_channel : login[0] 0 login[1] 0 , tb0[0] 0 tb0[1] 0 , tb1[0] 0 tb1[1] 0')
('2015-04-18 10:04:22.515122', 'close_channel : 2015-04-18 10:04:22.508717')
('2015-04-18 10:04:22.518388', 'close_channel : 2015-04-18 10:04:22.510803')
('2015-04-18 10:04:24.010446', 'put_channel : 2015-04-18 10:04:24.010317 : channel login, group 0')
('2015-04-18 10:04:24.011300', 'get_channel: 2015-04-18 10:04:24.010317 : 0 ')
('2015-04-18 10:04:24.011406', 'fd_channel : login[0] 0 login[1] 0 , tb0[0] 0 tb0[1] 0 , tb1[0] 0 tb1[1] 0')
('2015-04-18 10:04:24.012730', 'put_channel : 2015-04-18 10:04:24.012650 : channel login, group 1')
('2015-04-18 10:04:24.013173', 'get_channel: 2015-04-18 10:04:24.012650 : 1 ')
('2015-04-18 10:04:24.013246', 'fd_channel : login[0] 0 login[1] 0 , tb0[0] 0 tb0[1] 0 , tb1[0] 0 tb1[1] 0')
('2015-04-18 10:04:24.018333', 'close_channel : 2015-04-18 10:04:24.010317')
('2015-04-18 10:04:24.021614', 'close_channel : 2015-04-18 10:04:24.012650')
('2015-04-18 10:04:25.506830', 'put_channel : 2015-04-18 10:04:25.506758 : channel login, group 0')
('2015-04-18 10:04:25.507146', 'get_channel: 2015-04-18 10:04:25.506758 : 0 ')
('2015-04-18 10:04:25.507201', 'fd_channel : login[0] 0 login[1] 0 , tb0[0] 0 tb0[1] 0 , tb1[0] 0 tb1[1] 0')
('2015-04-18 10:04:25.508379', 'put_channel : 2015-04-18 10:04:25.508340 : channel login, group 1')
('2015-04-18 10:04:25.508725', 'get_channel: 2015-04-18 10:04:25.508340 : 1 ')
('2015-04-18 10:04:25.508770', 'fd_channel : login[0] 0 login[1] 0 , tb0[0] 0 tb0[1] 0 , tb1[0] 0 tb1[1] 0')
('2015-04-18 10:04:25.511919', 'close_channel : 2015-04-18 10:04:25.506758')
('2015-04-18 10:04:25.514790', 'close_channel : 2015-04-18 10:04:25.508340')
('2015-04-18 10:32:31.507760', 'put_channel : 2015-04-18 10:32:31.507684 : channel tb0, group 0')
('2015-04-18 10:32:31.509750', 'put_channel : 2015-04-18 10:32:31.509710 : channel tb0, group 1')
('2015-04-18 10:32:33.007628', 'put_channel : 2015-04-18 10:32:33.007563 : channel tb0, group 0')
('2015-04-18 10:32:33.007877', 'put_channel : 2015-04-18 10:32:33.007843 : channel tb0, group 1')
('2015-04-18 10:32:34.506959', 'put_channel : 2015-04-18 10:32:34.506904 : channel tb0, group 0')
('2015-04-18 10:32:34.508163', 'put_channel : 2015-04-18 10:32:34.508129 : channel tb0, group 1')
('2015-04-18 10:32:36.007944', 'put_channel : 2015-04-18 10:32:36.007877 : channel tb0, group 0')
('2015-04-18 10:32:36.009917', 'put_channel : 2015-04-18 10:32:36.009869 : channel tb0, group 1')
('2015-04-18 10:32:37.506347', 'put_channel : 2015-04-18 10:32:37.506275 : channel tb0, group 0')
('2015-04-18 10:32:37.508213', 'put_channel : 2015-04-18 10:32:37.508177 : channel tb0, group 1')
('2015-04-18 10:32:39.006363', 'put_channel : 2015-04-18 10:32:39.006305 : channel tb0, group 0')
('2015-04-18 10:32:39.007724', 'put_channel : 2015-04-18 10:32:39.007686 : channel tb0, group 1')
('2015-04-18 10:32:40.507882', 'put_channel : 2015-04-18 10:32:40.507811 : channel tb0, group 0')
('2015-04-18 10:32:40.509798', 'put_channel : 2015-04-18 10:32:40.509757 : channel tb0, group 1')
('2015-04-18 10:32:42.009147', 'put_channel : 2015-04-18 10:32:42.009047 : channel tb0, group 0')
('2015-04-18 10:32:42.009540', 'put_channel : 2015-04-18 10:32:42.009500 : channel tb0, group 1')
('2015-04-18 10:32:43.508279', 'put_channel : 2015-04-18 10:32:43.508219 : channel tb0, group 1')
('2015-04-18 10:32:43.508549', 'put_channel : 2015-04-18 10:32:43.508516 : channel tb0, group 0')
('2015-04-18 10:32:45.006465', 'put_channel : 2015-04-18 10:32:45.006392 : channel tb0, group 0')
('2015-04-18 10:32:45.008196', 'put_channel : 2015-04-18 10:32:45.008157 : channel tb0, group 1')
('2015-04-18 10:32:46.506524', 'put_channel : 2015-04-18 10:32:46.506459 : channel tb0, group 0')
('2015-04-18 10:32:46.508034', 'put_channel : 2015-04-18 10:32:46.507998 : channel tb0, group 1')
('2015-04-18 10:32:48.006714', 'put_channel : 2015-04-18 10:32:48.006631 : channel tb0, group 0')
('2015-04-18 10:32:48.010025', 'put_channel : 2015-04-18 10:32:48.009981 : channel tb0, group 1')
('2015-04-18 10:32:49.506602', 'put_channel : 2015-04-18 10:32:49.506536 : channel tb0, group 0')
('2015-04-18 10:32:49.510124', 'put_channel : 2015-04-18 10:32:49.510079 : channel tb0, group 1')
('2015-04-18 10:32:51.006390', 'put_channel : 2015-04-18 10:32:51.006316 : channel tb0, group 0')
('2015-04-18 10:32:51.008640', 'put_channel : 2015-04-18 10:32:51.008593 : channel tb0, group 1')
('2015-04-18 10:32:52.508740', 'put_channel : 2015-04-18 10:32:52.508678 : channel tb0, group 0')
('2015-04-18 10:32:52.520251', 'put_channel : 2015-04-18 10:32:52.520208 : channel tb0, group 1')
('2015-04-18 10:32:54.006213', 'put_channel : 2015-04-18 10:32:54.006140 : channel tb0, group 0')
('2015-04-18 10:32:54.007813', 'put_channel : 2015-04-18 10:32:54.007770 : channel tb0, group 1')
('2015-04-18 10:32:55.508203', 'put_channel : 2015-04-18 10:32:55.508124 : channel tb0, group 0')
('2015-04-18 10:32:55.509544', 'put_channel : 2015-04-18 10:32:55.509505 : channel tb0, group 1')
('2015-04-18 10:32:57.007351', 'put_channel : 2015-04-18 10:32:57.007288 : channel tb0, group 0')
('2015-04-18 10:32:57.007686', 'put_channel : 2015-04-18 10:32:57.007653 : channel tb0, group 1')
('2015-04-18 10:32:58.506758', 'put_channel : 2015-04-18 10:32:58.506686 : channel tb0, group 0')
('2015-04-18 10:32:58.508022', 'put_channel : 2015-04-18 10:32:58.507987 : channel tb0, group 1')
('2015-04-18 10:33:00.006135', 'put_channel : 2015-04-18 10:33:00.006056 : channel tb0, group 0')
('2015-04-18 10:33:00.007260', 'put_channel : 2015-04-18 10:33:00.007225 : channel tb0, group 1')
('2015-04-18 10:33:01.506096', 'put_channel : 2015-04-18 10:33:01.506026 : channel tb0, group 0')
('2015-04-18 10:33:01.507615', 'put_channel : 2015-04-18 10:33:01.507582 : channel tb0, group 1')
('2015-04-18 10:33:03.006156', 'put_channel : 2015-04-18 10:33:03.006084 : channel tb0, group 0')
('2015-04-18 10:33:03.007995', 'put_channel : 2015-04-18 10:33:03.007955 : channel tb0, group 1')
('2015-04-18 10:33:04.507807', 'put_channel : 2015-04-18 10:33:04.507742 : channel tb0, group 0')
('2015-04-18 10:33:04.508080', 'put_channel : 2015-04-18 10:33:04.508039 : channel tb0, group 1')
('2015-04-18 10:33:06.008348', 'put_channel : 2015-04-18 10:33:06.008285 : channel tb0, group 0')
('2015-04-18 10:33:06.011034', 'put_channel : 2015-04-18 10:33:06.010953 : channel tb0, group 1')
('2015-04-18 10:33:07.506243', 'put_channel : 2015-04-18 10:33:07.506176 : channel tb0, group 0')
('2015-04-18 10:33:07.507861', 'put_channel : 2015-04-18 10:33:07.507828 : channel tb0, group 1')
('2015-04-18 10:33:09.006473', 'put_channel : 2015-04-18 10:33:09.006416 : channel tb0, group 0')
('2015-04-18 10:33:09.008494', 'put_channel : 2015-04-18 10:33:09.008453 : channel tb0, group 1')
('2015-04-18 10:33:10.507722', 'put_channel : 2015-04-18 10:33:10.507648 : channel tb0, group 0')
('2015-04-18 10:33:10.508076', 'put_channel : 2015-04-18 10:33:10.508035 : channel tb0, group 1')
('2015-04-18 10:33:12.006556', 'put_channel : 2015-04-18 10:33:12.006483 : channel tb0, group 0')
('2015-04-18 10:33:12.010125', 'put_channel : 2015-04-18 10:33:12.010089 : channel tb0, group 1')
('2015-04-18 10:33:13.506332', 'put_channel : 2015-04-18 10:33:13.506268 : channel tb0, group 0')
('2015-04-18 10:33:13.507849', 'put_channel : 2015-04-18 10:33:13.507813 : channel tb0, group 1')
('2015-04-18 10:33:15.006554', 'put_channel : 2015-04-18 10:33:15.006491 : channel tb0, group 0')
('2015-04-18 10:33:15.008199', 'put_channel : 2015-04-18 10:33:15.008158 : channel tb0, group 1')
('2015-04-18 10:33:22.007550', 'put_channel : 2015-04-18 10:33:22.007481 : channel tb0, group 1')
('2015-04-18 10:33:23.506359', 'put_channel : 2015-04-18 10:33:23.506230 : channel tb0, group 0')
('2015-04-18 10:33:23.508295', 'put_channel : 2015-04-18 10:33:23.508210 : channel tb0, group 1')
('2015-04-18 10:33:23.513515', 'put_channel : 2015-04-18 10:33:23.513480 : channel tb0, group 0')
('2015-04-18 10:33:25.007293', 'put_channel : 2015-04-18 10:33:25.007220 : channel tb0, group 1')
('2015-04-18 10:33:26.505596', 'put_channel : 2015-04-18 10:33:26.505508 : channel tb0, group 0')
('2015-04-18 10:33:26.507314', 'put_channel : 2015-04-18 10:33:26.507272 : channel tb0, group 1')
('2015-04-18 10:33:26.521622', 'put_channel : 2015-04-18 10:33:26.521581 : channel tb0, group 0')
('2015-04-18 10:33:28.007472', 'put_channel : 2015-04-18 10:33:28.007404 : channel tb0, group 1')
('2015-04-18 10:33:29.505454', 'put_channel : 2015-04-18 10:33:29.505386 : channel tb0, group 0')
('2015-04-18 10:33:30.012454', 'put_channel : 2015-04-18 10:33:30.012328 : channel tb0, group 1')
('2015-04-18 10:33:32.505526', 'put_channel : 2015-04-18 10:33:32.505448 : channel tb0, group 0')
('2015-04-18 10:33:33.008002', 'put_channel : 2015-04-18 10:33:33.007923 : channel tb0, group 0')
('2015-04-18 10:33:33.036654', 'put_channel : 2015-04-18 10:33:33.036605 : channel tb0, group 1')
('2015-04-18 10:33:34.008401', 'put_channel : 2015-04-18 10:33:34.008265 : channel tb0, group 1')
('2015-04-18 10:33:35.505905', 'put_channel : 2015-04-18 10:33:35.505828 : channel tb0, group 0')
('2015-04-18 10:33:36.008320', 'put_channel : 2015-04-18 10:33:36.008241 : channel tb0, group 0')
('2015-04-18 10:33:37.009083', 'put_channel : 2015-04-18 10:33:37.009007 : channel tb0, group 1')
('2015-04-18 10:33:40.009323', 'put_channel : 2015-04-18 10:33:40.009237 : channel tb0, group 1')
('2015-04-18 10:33:40.508412', 'put_channel : 2015-04-18 10:33:40.508343 : channel tb0, group 1')
('2015-04-18 10:33:40.572538', 'put_channel : 2015-04-18 10:33:40.572476 : channel tb0, group 1')
('2015-04-18 10:33:41.515569', 'put_channel : 2015-04-18 10:33:41.515491 : channel tb0, group 1')
('2015-04-18 10:33:44.392075', 'put_channel : 2015-04-18 10:33:44.391988 : channel tb0, group 1')
('2015-04-18 10:33:44.505710', 'put_channel : 2015-04-18 10:33:44.505618 : channel tb0, group 0')
('2015-04-18 10:33:44.508839', 'put_channel : 2015-04-18 10:33:44.508795 : channel tb0, group 1')
('2015-04-18 10:33:44.523048', 'put_channel : 2015-04-18 10:33:44.522990 : channel tb0, group 0')
('2015-04-18 10:33:45.006558', 'put_channel : 2015-04-18 10:33:45.006495 : channel tb0, group 0')
('2015-04-18 10:33:45.009759', 'put_channel : 2015-04-18 10:33:45.009722 : channel tb0, group 0')
('2015-04-18 10:33:46.017438', 'put_channel : 2015-04-18 10:33:46.017356 : channel tb0, group 0')
('2015-04-18 10:33:46.508150', 'put_channel : 2015-04-18 10:33:46.508075 : channel tb0, group 0')
('2015-04-18 10:33:47.507640', 'put_channel : 2015-04-18 10:33:47.507552 : channel tb0, group 1')
('2015-04-18 10:33:47.513342', 'put_channel : 2015-04-18 10:33:47.513301 : channel tb0, group 0')
('2015-04-18 10:33:47.579664', 'put_channel : 2015-04-18 10:33:47.579583 : channel tb0, group 1')
('2015-04-18 10:33:48.008082', 'put_channel : 2015-04-18 10:33:48.008016 : channel tb0, group 0')
('2015-04-18 10:33:49.049380', 'put_channel : 2015-04-18 10:33:49.049314 : channel tb0, group 0')
('2015-04-18 10:33:50.508901', 'put_channel : 2015-04-18 10:33:50.508828 : channel tb0, group 1')
('2015-04-18 10:33:50.587205', 'put_channel : 2015-04-18 10:33:50.587141 : channel tb0, group 1')
('2015-04-18 10:33:53.509108', 'put_channel : 2015-04-18 10:33:53.509039 : channel tb0, group 1')
('2015-04-18 10:33:54.008831', 'put_channel : 2015-04-18 10:33:54.008769 : channel tb0, group 0')
('2015-04-18 10:33:54.010951', 'put_channel : 2015-04-18 10:33:54.010917 : channel tb0, group 0')
('2015-04-18 10:33:55.067484', 'put_channel : 2015-04-18 10:33:55.067403 : channel tb0, group 0')
('2015-04-18 10:33:55.507798', 'put_channel : 2015-04-18 10:33:55.507727 : channel tb0, group 0')
('2015-04-18 10:33:56.507069', 'put_channel : 2015-04-18 10:33:56.506995 : channel tb0, group 1')
('2015-04-18 10:33:57.008053', 'put_channel : 2015-04-18 10:33:57.007984 : channel tb0, group 1')
('2015-04-18 10:33:59.508248', 'put_channel : 2015-04-18 10:33:59.508180 : channel tb0, group 1')
('2015-04-18 10:33:59.547293', 'put_channel : 2015-04-18 10:33:59.547228 : channel tb0, group 1')
('2015-04-18 10:34:00.006812', 'put_channel : 2015-04-18 10:34:00.006738 : channel tb0, group 0')
('2015-04-18 10:34:00.010941', 'put_channel : 2015-04-18 10:34:00.010896 : channel tb0, group 0')
('2015-04-18 10:34:01.506404', 'put_channel : 2015-04-18 10:34:01.506338 : channel tb0, group 0')
('2015-04-18 10:34:02.351261', 'get_channel: 2015-04-18 10:32:31.509710 : 1 ')
('2015-04-18 10:34:02.351326', 'fd_channel : login[0] 0 login[1] 0 , tb0[0] 55 tb0[1] 53 , tb1[0] 0 tb1[1] 0')
('2015-04-18 10:34:02.352664', 'get_channel: 2015-04-18 10:32:33.007843 : 1 ')
('2015-04-18 10:34:02.352705', 'fd_channel : login[0] 0 login[1] 0 , tb0[0] 55 tb0[1] 52 , tb1[0] 0 tb1[1] 0')
('2015-04-18 10:34:02.353531', 'get_channel: 2015-04-18 10:32:34.508129 : 1 ')
('2015-04-18 10:34:02.353602', 'fd_channel : login[0] 0 login[1] 0 , tb0[0] 55 tb0[1] 51 , tb1[0] 0 tb1[1] 0')
('2015-04-18 10:34:02.354545', 'get_channel: 2015-04-18 10:32:36.009869 : 1 ')
('2015-04-18 10:34:02.354583', 'fd_channel : login[0] 0 login[1] 0 , tb0[0] 55 tb0[1] 50 , tb1[0] 0 tb1[1] 0')
('2015-04-18 10:34:02.355241', 'get_channel: 2015-04-18 10:32:37.508177 : 1 ')
('2015-04-18 10:34:02.355285', 'fd_channel : login[0] 0 login[1] 0 , tb0[0] 55 tb0[1] 49 , tb1[0] 0 tb1[1] 0')
('2015-04-18 10:34:02.356133', 'get_channel: 2015-04-18 10:32:39.007686 : 1 ')
('2015-04-18 10:34:02.356170', 'fd_channel : login[0] 0 login[1] 0 , tb0[0] 55 tb0[1] 48 , tb1[0] 0 tb1[1] 0')
('2015-04-18 10:34:02.357134', 'get_channel: 2015-04-18 10:32:40.509757 : 1 ')
('2015-04-18 10:34:02.357171', 'fd_channel : login[0] 0 login[1] 0 , tb0[0] 55 tb0[1] 47 , tb1[0] 0 tb1[1] 0')
('2015-04-18 10:34:02.357858', 'get_channel: 2015-04-18 10:32:42.009500 : 1 ')
('2015-04-18 10:34:02.357897', 'fd_channel : login[0] 0 login[1] 0 , tb0[0] 55 tb0[1] 46 , tb1[0] 0 tb1[1] 0')
('2015-04-18 10:34:02.507523', 'put_channel : 2015-04-18 10:34:02.507450 : channel tb0, group 1')
('2015-04-18 10:34:02.561021', 'close_channel : 2015-04-18 10:32:31.509710')
('2015-04-18 10:34:02.561358', 'close_channel : 2015-04-18 10:32:33.007843')
('2015-04-18 10:34:02.565138', 'close_channel : 2015-04-18 10:32:39.007686')
('2015-04-18 10:34:02.565779', 'close_channel : 2015-04-18 10:32:34.508129')
('2015-04-18 10:34:02.567205', 'close_channel : 2015-04-18 10:32:36.009869')
('2015-04-18 10:34:02.569800', 'close_channel : 2015-04-18 10:32:40.509757')
('2015-04-18 10:34:02.570463', 'close_channel : 2015-04-18 10:32:37.508177')
('2015-04-18 10:34:02.570759', 'close_channel : 2015-04-18 10:32:42.009500')
('2015-04-18 10:34:06.044081', 'put_channel : 2015-04-18 10:34:06.043988 : channel tb0, group 1')
('2015-04-18 10:34:06.071901', 'put_channel : 2015-04-18 10:34:06.071806 : channel tb0, group 1')
('2015-04-18 10:34:06.887987', 'put_channel : 2015-04-18 10:34:06.887906 : channel tb0, group 1')
('2015-04-18 10:34:07.005735', 'put_channel : 2015-04-18 10:34:07.005628 : channel tb0, group 0')
('2015-04-18 10:34:07.009161', 'put_channel : 2015-04-18 10:34:07.009120 : channel tb0, group 1')
('2015-04-18 10:34:07.508473', 'put_channel : 2015-04-18 10:34:07.508403 : channel tb0, group 0')
('2015-04-18 10:34:07.511249', 'put_channel : 2015-04-18 10:34:07.511208 : channel tb0, group 0')
('2015-04-18 10:34:07.531417', 'put_channel : 2015-04-18 10:34:07.531346 : channel tb0, group 0')
('2015-04-18 10:34:08.188998', 'get_channel: 2015-04-18 10:32:31.507684 : 0 ')
('2015-04-18 10:34:08.189056', 'fd_channel : login[0] 0 login[1] 0 , tb0[0] 58 tb0[1] 51 , tb1[0] 0 tb1[1] 0')
('2015-04-18 10:34:08.190000', 'get_channel: 2015-04-18 10:32:43.508219 : 1 ')
('2015-04-18 10:34:08.190046', 'fd_channel : login[0] 0 login[1] 0 , tb0[0] 58 tb0[1] 50 , tb1[0] 0 tb1[1] 0')
('2015-04-18 10:34:08.201827', 'close_channel : 2015-04-18 10:32:31.507684')
('2015-04-18 10:34:08.372764', 'get_channel: 2015-04-18 10:32:33.007563 : 0 ')
('2015-04-18 10:34:08.372814', 'fd_channel : login[0] 0 login[1] 0 , tb0[0] 57 tb0[1] 50 , tb1[0] 0 tb1[1] 0')
('2015-04-18 10:34:08.373620', 'get_channel: 2015-04-18 10:32:45.008157 : 1 ')
('2015-04-18 10:34:08.373692', 'fd_channel : login[0] 0 login[1] 0 , tb0[0] 57 tb0[1] 49 , tb1[0] 0 tb1[1] 0')
('2015-04-18 10:34:08.385630', 'close_channel : 2015-04-18 10:32:33.007563')
('2015-04-18 10:34:09.304603', 'get_channel: 2015-04-18 10:32:34.506904 : 0 ')
('2015-04-18 10:34:09.304653', 'fd_channel : login[0] 0 login[1] 0 , tb0[0] 56 tb0[1] 49 , tb1[0] 0 tb1[1] 0')
('2015-04-18 10:34:09.305507', 'get_channel: 2015-04-18 10:32:46.507998 : 1 ')
('2015-04-18 10:34:09.305553', 'fd_channel : login[0] 0 login[1] 0 , tb0[0] 56 tb0[1] 48 , tb1[0] 0 tb1[1] 0')
('2015-04-18 10:34:09.521886', 'close_channel : 2015-04-18 10:32:46.507998')
('2015-04-18 10:34:09.539577', 'get_channel: 2015-04-18 10:32:36.007877 : 0 ')
('2015-04-18 10:34:09.539626', 'fd_channel : login[0] 0 login[1] 0 , tb0[0] 55 tb0[1] 48 , tb1[0] 0 tb1[1] 0')
('2015-04-18 10:34:09.540500', 'get_channel: 2015-04-18 10:32:48.009981 : 1 ')
('2015-04-18 10:34:09.540545', 'fd_channel : login[0] 0 login[1] 0 , tb0[0] 55 tb0[1] 47 , tb1[0] 0 tb1[1] 0')
('2015-04-18 10:34:09.554231', 'close_channel : 2015-04-18 10:32:48.009981')
('2015-04-18 10:34:09.623033', 'close_channel : 2015-04-18 10:32:43.508219')
('2015-04-18 10:34:09.806317', 'close_channel : 2015-04-18 10:32:45.008157')
('2015-04-18 10:34:11.068242', 'get_channel: 2015-04-18 10:32:37.506275 : 0 ')
('2015-04-18 10:34:11.068291', 'fd_channel : login[0] 0 login[1] 0 , tb0[0] 54 tb0[1] 47 , tb1[0] 0 tb1[1] 0')
('2015-04-18 10:34:11.069297', 'get_channel: 2015-04-18 10:32:49.510079 : 1 ')
('2015-04-18 10:34:11.069342', 'fd_channel : login[0] 0 login[1] 0 , tb0[0] 54 tb0[1] 46 , tb1[0] 0 tb1[1] 0')
('2015-04-18 10:34:11.346727', 'get_channel: 2015-04-18 10:32:39.006305 : 0 ')
('2015-04-18 10:34:11.346781', 'fd_channel : login[0] 0 login[1] 0 , tb0[0] 53 tb0[1] 46 , tb1[0] 0 tb1[1] 0')
('2015-04-18 10:34:11.347960', 'get_channel: 2015-04-18 10:32:51.008593 : 1 ')
('2015-04-18 10:34:11.348005', 'fd_channel : login[0] 0 login[1] 0 , tb0[0] 53 tb0[1] 45 , tb1[0] 0 tb1[1] 0')
('2015-04-18 10:34:12.406929', 'get_channel: 2015-04-18 10:32:40.507811 : 0 ')
('2015-04-18 10:34:12.406978', 'fd_channel : login[0] 0 login[1] 0 , tb0[0] 52 tb0[1] 45 , tb1[0] 0 tb1[1] 0')
('2015-04-18 10:34:12.407811', 'get_channel: 2015-04-18 10:32:52.520208 : 1 ')
('2015-04-18 10:34:12.407858', 'fd_channel : login[0] 0 login[1] 0 , tb0[0] 52 tb0[1] 44 , tb1[0] 0 tb1[1] 0')
('2015-04-18 10:34:13.070812', 'get_channel: 2015-04-18 10:32:42.009047 : 0 ')
('2015-04-18 10:34:13.070880', 'fd_channel : login[0] 0 login[1] 0 , tb0[0] 51 tb0[1] 44 , tb1[0] 0 tb1[1] 0')
('2015-04-18 10:34:13.071734', 'get_channel: 2015-04-18 10:32:54.007770 : 1 ')
('2015-04-18 10:34:13.071780', 'fd_channel : login[0] 0 login[1] 0 , tb0[0] 51 tb0[1] 43 , tb1[0] 0 tb1[1] 0')
('2015-04-18 10:34:13.349464', 'get_channel: 2015-04-18 10:32:43.508516 : 0 ')
('2015-04-18 10:34:13.349532', 'fd_channel : login[0] 0 login[1] 0 , tb0[0] 50 tb0[1] 43 , tb1[0] 0 tb1[1] 0')
('2015-04-18 10:34:13.350423', 'get_channel: 2015-04-18 10:32:55.509505 : 1 ')
('2015-04-18 10:34:13.350470', 'fd_channel : login[0] 0 login[1] 0 , tb0[0] 50 tb0[1] 42 , tb1[0] 0 tb1[1] 0')
('2015-04-18 10:34:14.140895', 'close_channel : 2015-04-18 10:32:37.506275')
('2015-04-18 10:34:14.409291', 'get_channel: 2015-04-18 10:32:45.006392 : 0 ')
('2015-04-18 10:34:14.409359', 'fd_channel : login[0] 0 login[1] 0 , tb0[0] 49 tb0[1] 42 , tb1[0] 0 tb1[1] 0')
('2015-04-18 10:34:14.410298', 'get_channel: 2015-04-18 10:32:57.007653 : 1 ')
('2015-04-18 10:34:14.410344', 'fd_channel : login[0] 0 login[1] 0 , tb0[0] 49 tb0[1] 41 , tb1[0] 0 tb1[1] 0')
('2015-04-18 10:34:14.423915', 'close_channel : 2015-04-18 10:32:39.006305')
('2015-04-18 10:34:14.425617', 'close_channel : 2015-04-18 10:32:45.006392')
('2015-04-18 10:34:14.507673', 'put_channel : 2015-04-18 10:34:14.507575 : channel tb0, group 0')
('2015-04-18 10:34:15.006602', 'put_channel : 2015-04-18 10:34:15.006532 : channel tb0, group 0')
('2015-04-18 10:34:15.012651', 'put_channel : 2015-04-18 10:34:15.012598 : channel tb0, group 1')
('2015-04-18 10:34:15.028129', 'close_channel : 2015-04-18 10:32:57.007653')
('2015-04-18 10:34:15.034693', 'put_channel : 2015-04-18 10:34:15.034650 : channel tb0, group 1')
('2015-04-18 10:34:16.009745', 'put_channel : 2015-04-18 10:34:16.009654 : channel tb0, group 1')
('2015-04-18 10:34:18.804301', 'get_channel: 2015-04-18 10:32:46.506459 : 0 ')
('2015-04-18 10:34:18.804350', 'fd_channel : login[0] 0 login[1] 0 , tb0[0] 50 tb0[1] 44 , tb1[0] 0 tb1[1] 0')
('2015-04-18 10:34:18.805216', 'get_channel: 2015-04-18 10:32:58.507987 : 1 ')
('2015-04-18 10:34:18.805263', 'fd_channel : login[0] 0 login[1] 0 , tb0[0] 50 tb0[1] 43 , tb1[0] 0 tb1[1] 0')
('2015-04-18 10:34:19.531100', 'put_channel : 2015-04-18 10:34:19.531029 : channel tb0, group 1')
('2015-04-18 10:34:19.692020', 'close_channel : 2015-04-18 10:32:55.509505')
('2015-04-18 10:34:20.241758', 'close_channel : 2015-04-18 10:32:58.507987')
('2015-04-18 10:34:20.509060', 'put_channel : 2015-04-18 10:34:20.508979 : channel tb0, group 1')
('2015-04-18 10:34:20.523478', 'put_channel : 2015-04-18 10:34:20.523429 : channel tb0, group 1')
('2015-04-18 10:34:21.869594', 'close_channel : 2015-04-18 10:32:46.506459')
('2015-04-18 10:34:22.135461', 'put_channel : 2015-04-18 10:34:22.135366 : channel tb0, group 0')
('2015-04-18 10:34:22.185960', 'close_channel : 2015-04-18 10:32:34.506904')
('2015-04-18 10:34:22.425394', 'close_channel : 2015-04-18 10:32:36.007877')
('2015-04-18 10:34:22.509709', 'put_channel : 2015-04-18 10:34:22.509598 : channel tb0, group 0')
('2015-04-18 10:34:23.526018', 'put_channel : 2015-04-18 10:34:23.525919 : channel tb0, group 0')
('2015-04-18 10:34:24.025953', 'put_channel : 2015-04-18 10:34:24.025861 : channel tb0, group 0')
('2015-04-18 10:34:24.123282', 'put_channel : 2015-04-18 10:34:24.123190 : channel tb0, group 0')
('2015-04-18 10:34:25.019148', 'put_channel : 2015-04-18 10:34:25.019069 : channel tb0, group 0')
('2015-04-18 10:34:25.290422', 'close_channel : 2015-04-18 10:32:40.507811')
('2015-04-18 10:34:25.541464', 'put_channel : 2015-04-18 10:34:25.541384 : channel tb0, group 0')
('2015-04-18 10:34:27.033789', 'put_channel : 2015-04-18 10:34:27.033699 : channel tb0, group 0')
('2015-04-18 10:34:29.563521', 'put_channel : 2015-04-18 10:34:29.563441 : channel tb0, group 0')
('2015-04-18 10:34:31.533218', 'put_channel : 2015-04-18 10:34:31.533138 : channel tb0, group 1')
('2015-04-18 10:34:33.035427', 'put_channel : 2015-04-18 10:34:33.035348 : channel tb0, group 1')
('2015-04-18 10:34:37.051105', 'close_channel : 2015-04-18 10:32:49.510079')
('2015-04-18 10:34:37.112530', 'put_channel : 2015-04-18 10:34:37.112440 : channel tb0, group 1')
('2015-04-18 10:34:37.306599', 'close_channel : 2015-04-18 10:32:51.008593')
('2015-04-18 10:34:38.589517', 'put_channel : 2015-04-18 10:34:38.589393 : channel tb0, group 1')
('2015-04-18 10:34:40.059595', 'put_channel : 2015-04-18 10:34:40.059506 : channel tb0, group 1')
('2015-04-18 10:34:41.564957', 'put_channel : 2015-04-18 10:34:41.564888 : channel tb0, group 1')
('2015-04-18 10:34:45.116814', 'put_channel : 2015-04-18 10:34:45.116743 : channel tb0, group 1')
('2015-04-18 10:34:51.131364', 'put_channel : 2015-04-18 10:34:51.131275 : channel tb0, group 1')
('2015-04-18 10:34:52.601425', 'put_channel : 2015-04-18 10:34:52.601345 : channel tb0, group 0')
('2015-04-18 10:35:06.169573', 'put_channel : 2015-04-18 10:35:06.169490 : channel tb0, group 0')
('2015-04-18 11:27:42.008791', 'put_channel : 2015-04-18 11:27:42.008717 : channel tb1, group 0')
('2015-04-18 11:27:42.010591', 'put_channel : 2015-04-18 11:27:42.010550 : channel tb1, group 1')
('2015-04-18 11:27:43.506519', 'put_channel : 2015-04-18 11:27:43.506433 : channel tb1, group 0')
('2015-04-18 11:27:45.006394', 'put_channel : 2015-04-18 11:27:45.006333 : channel tb1, group 0')
('2015-04-18 11:27:46.506565', 'put_channel : 2015-04-18 11:27:46.506475 : channel tb1, group 0')
('2015-04-18 11:27:46.511072', 'put_channel : 2015-04-18 11:27:46.511024 : channel tb1, group 1')
('2015-04-18 11:27:48.008278', 'put_channel : 2015-04-18 11:27:48.008211 : channel tb1, group 0')
('2015-04-18 11:27:48.012018', 'put_channel : 2015-04-18 11:27:48.011981 : channel tb1, group 1')
('2015-04-18 11:27:49.511416', 'put_channel : 2015-04-18 11:27:49.511353 : channel tb1, group 1')
('2015-04-18 11:27:49.553431', 'put_channel : 2015-04-18 11:27:49.553374 : channel tb1, group 0')
('2015-04-18 11:27:51.005971', 'put_channel : 2015-04-18 11:27:51.005908 : channel tb1, group 0')
('2015-04-18 11:27:51.010888', 'put_channel : 2015-04-18 11:27:51.010847 : channel tb1, group 1')
('2015-04-18 11:27:52.506474', 'put_channel : 2015-04-18 11:27:52.506411 : channel tb1, group 0')
('2015-04-18 11:27:52.511236', 'put_channel : 2015-04-18 11:27:52.511188 : channel tb1, group 1')
('2015-04-18 11:27:54.006376', 'put_channel : 2015-04-18 11:27:54.006301 : channel tb1, group 0')
('2015-04-18 11:27:54.011679', 'put_channel : 2015-04-18 11:27:54.011591 : channel tb1, group 1')
('2015-04-18 11:27:55.506254', 'put_channel : 2015-04-18 11:27:55.506167 : channel tb1, group 0')
('2015-04-18 11:27:55.511617', 'put_channel : 2015-04-18 11:27:55.511515 : channel tb1, group 1')
('2015-04-18 11:27:57.007932', 'put_channel : 2015-04-18 11:27:57.007857 : channel tb1, group 0')
('2015-04-18 11:27:57.010813', 'put_channel : 2015-04-18 11:27:57.010765 : channel tb1, group 1')
('2015-04-18 11:27:58.009483', 'put_channel : 2015-04-18 11:27:58.009411 : channel tb1, group 1')
('2015-04-18 11:27:58.506294', 'put_channel : 2015-04-18 11:27:58.506232 : channel tb1, group 0')
('2015-04-18 11:28:01.005595', 'put_channel : 2015-04-18 11:28:01.005527 : channel tb1, group 0')
('2015-04-18 11:28:01.009133', 'put_channel : 2015-04-18 11:28:01.009084 : channel tb1, group 1')
('2015-04-18 11:28:01.508277', 'put_channel : 2015-04-18 11:28:01.508214 : channel tb1, group 0')
('2015-04-18 11:28:01.512954', 'put_channel : 2015-04-18 11:28:01.512901 : channel tb1, group 1')
('2015-04-18 11:28:02.523730', 'put_channel : 2015-04-18 11:28:02.523657 : channel tb1, group 1')
('2015-04-18 11:28:04.005565', 'put_channel : 2015-04-18 11:28:04.005496 : channel tb1, group 0')
('2015-04-18 11:28:04.007165', 'put_channel : 2015-04-18 11:28:04.007130 : channel tb1, group 1')
('2015-04-18 11:28:05.505361', 'put_channel : 2015-04-18 11:28:05.505278 : channel tb1, group 0')
('2015-04-18 11:28:06.005658', 'put_channel : 2015-04-18 11:28:06.005579 : channel tb1, group 0')
('2015-04-18 11:28:07.507394', 'put_channel : 2015-04-18 11:28:07.507329 : channel tb1, group 0')
('2015-04-18 11:28:08.523112', 'put_channel : 2015-04-18 11:28:08.523044 : channel tb1, group 1')
('2015-04-18 11:28:09.006472', 'put_channel : 2015-04-18 11:28:09.006416 : channel tb1, group 0')
('2015-04-18 11:28:10.506318', 'put_channel : 2015-04-18 11:28:10.506243 : channel tb1, group 0')
('2015-04-18 11:28:12.006144', 'put_channel : 2015-04-18 11:28:12.006070 : channel tb1, group 0')
('2015-04-18 11:28:13.506595', 'put_channel : 2015-04-18 11:28:13.506524 : channel tb1, group 0')
('2015-04-18 11:28:14.523409', 'put_channel : 2015-04-18 11:28:14.523336 : channel tb1, group 1')
('2015-04-18 11:28:16.006737', 'put_channel : 2015-04-18 11:28:16.006671 : channel tb1, group 0')
('2015-04-18 11:28:17.505798', 'put_channel : 2015-04-18 11:28:17.505722 : channel tb1, group 0')
('2015-04-18 11:28:17.515333', 'put_channel : 2015-04-18 11:28:17.515293 : channel tb1, group 1')
('2015-04-18 11:28:18.006412', 'put_channel : 2015-04-18 11:28:18.006338 : channel tb1, group 0')
('2015-04-18 11:28:19.506587', 'put_channel : 2015-04-18 11:28:19.506514 : channel tb1, group 0')
('2015-04-18 11:28:21.008186', 'put_channel : 2015-04-18 11:28:21.008125 : channel tb1, group 0')
('2015-04-18 11:28:21.035159', 'put_channel : 2015-04-18 11:28:21.035119 : channel tb1, group 1')
('2015-04-18 11:28:22.506663', 'put_channel : 2015-04-18 11:28:22.506591 : channel tb1, group 0')
('2015-04-18 11:28:23.515670', 'put_channel : 2015-04-18 11:28:23.515600 : channel tb1, group 1')
('2015-04-18 11:28:24.007926', 'put_channel : 2015-04-18 11:28:24.007864 : channel tb1, group 0')
('2015-04-18 11:28:25.508140', 'put_channel : 2015-04-18 11:28:25.508067 : channel tb1, group 0')
('2015-04-18 11:28:27.008299', 'put_channel : 2015-04-18 11:28:27.008227 : channel tb1, group 1')
('2015-04-18 11:28:27.035231', 'put_channel : 2015-04-18 11:28:27.035183 : channel tb1, group 1')
('2015-04-18 11:28:29.517138', 'put_channel : 2015-04-18 11:28:29.517037 : channel tb1, group 1')
('2015-04-18 11:28:31.009296', 'put_channel : 2015-04-18 11:28:31.009219 : channel tb1, group 1')
('2015-04-18 11:28:31.508104', 'put_channel : 2015-04-18 11:28:31.508032 : channel tb1, group 1')
('2015-04-18 11:28:33.009599', 'put_channel : 2015-04-18 11:28:33.009537 : channel tb1, group 0')
('2015-04-18 11:28:33.035122', 'put_channel : 2015-04-18 11:28:33.035067 : channel tb1, group 1')
('2015-04-18 11:28:34.007912', 'put_channel : 2015-04-18 11:28:34.007830 : channel tb1, group 1')
('2015-04-18 11:28:34.017855', 'put_channel : 2015-04-18 11:28:34.017770 : channel tb1, group 0')
('2015-04-18 11:28:35.507850', 'put_channel : 2015-04-18 11:28:35.507759 : channel tb1, group 1')
('2015-04-18 11:28:35.516800', 'put_channel : 2015-04-18 11:28:35.516764 : channel tb1, group 1')
('2015-04-18 11:28:36.008677', 'put_channel : 2015-04-18 11:28:36.008612 : channel tb1, group 1')
('2015-04-18 11:28:37.005798', 'put_channel : 2015-04-18 11:28:37.005733 : channel tb1, group 0')
('2015-04-18 11:28:38.521810', 'put_channel : 2015-04-18 11:28:38.521741 : channel tb1, group 0')
('2015-04-18 11:28:40.509387', 'put_channel : 2015-04-18 11:28:40.509308 : channel tb1, group 0')
('2015-04-18 11:28:42.011891', 'put_channel : 2015-04-18 11:28:42.011768 : channel tb1, group 0')
('2015-04-18 11:28:43.007033', 'put_channel : 2015-04-18 11:28:43.006967 : channel tb1, group 1')
('2015-04-18 11:28:43.509592', 'put_channel : 2015-04-18 11:28:43.509530 : channel tb1, group 1')
('2015-04-18 11:28:43.689520', 'put_channel : 2015-04-18 11:28:43.689440 : channel tb1, group 0')
('2015-04-18 11:28:45.008856', 'put_channel : 2015-04-18 11:28:45.008791 : channel tb1, group 1')
('2015-04-18 11:28:46.021482', 'put_channel : 2015-04-18 11:28:46.021415 : channel tb1, group 1')
('2015-04-18 11:28:46.508729', 'put_channel : 2015-04-18 11:28:46.508625 : channel tb1, group 1')
('2015-04-18 11:28:48.010135', 'put_channel : 2015-04-18 11:28:48.010038 : channel tb1, group 1')
('2015-04-18 11:28:49.508599', 'put_channel : 2015-04-18 11:28:49.508484 : channel tb1, group 1')
('2015-04-18 11:28:51.008586', 'put_channel : 2015-04-18 11:28:51.008515 : channel tb1, group 1')
('2015-04-18 11:28:52.059360', 'put_channel : 2015-04-18 11:28:52.059295 : channel tb1, group 1')
('2015-04-18 11:28:52.508556', 'put_channel : 2015-04-18 11:28:52.508495 : channel tb1, group 1')
('2015-04-18 11:28:54.008572', 'put_channel : 2015-04-18 11:28:54.008494 : channel tb1, group 1')
('2015-04-18 11:28:55.509631', 'put_channel : 2015-04-18 11:28:55.509550 : channel tb1, group 1')
('2015-04-18 11:28:57.008511', 'put_channel : 2015-04-18 11:28:57.008430 : channel tb1, group 1')
('2015-04-18 11:28:58.508408', 'put_channel : 2015-04-18 11:28:58.508337 : channel tb1, group 1')
('2015-04-18 11:28:59.579514', 'put_channel : 2015-04-18 11:28:59.579423 : channel tb1, group 0')
('2015-04-18 11:29:00.010411', 'put_channel : 2015-04-18 11:29:00.010342 : channel tb1, group 1')
('2015-04-18 11:29:02.521825', 'put_channel : 2015-04-18 11:29:02.521745 : channel tb1, group 0')
('2015-04-18 11:29:05.561455', 'put_channel : 2015-04-18 11:29:05.561384 : channel tb1, group 0')
('2015-04-18 11:29:06.041465', 'put_channel : 2015-04-18 11:29:06.041398 : channel tb1, group 0')
('2015-04-18 11:29:08.521823', 'put_channel : 2015-04-18 11:29:08.521751 : channel tb1, group 0')
('2015-04-18 11:29:12.011352', 'put_channel : 2015-04-18 11:29:12.011289 : channel tb1, group 1')
('2015-04-18 11:29:13.020888', 'put_channel : 2015-04-18 11:29:13.020821 : channel tb1, group 1')
('2015-04-18 11:29:13.511466', 'put_channel : 2015-04-18 11:29:13.511404 : channel tb1, group 1')
('2015-04-18 11:29:14.523390', 'put_channel : 2015-04-18 11:29:14.523318 : channel tb1, group 0')
('2015-04-18 11:29:14.555321', 'put_channel : 2015-04-18 11:29:14.555257 : channel tb1, group 0')
('2015-04-18 11:29:16.603864', 'put_channel : 2015-04-18 11:29:16.603793 : channel tb1, group 1')
('2015-04-18 11:29:18.006404', 'put_channel : 2015-04-18 11:29:18.006342 : channel tb1, group 0')
('2015-04-18 11:29:18.011482', 'put_channel : 2015-04-18 11:29:18.011434 : channel tb1, group 1')
('2015-04-18 11:29:18.042994', 'put_channel : 2015-04-18 11:29:18.042942 : channel tb1, group 0')
('2015-04-18 11:29:19.020921', 'put_channel : 2015-04-18 11:29:19.020846 : channel tb1, group 1')
('2015-04-18 11:29:21.011702', 'put_channel : 2015-04-18 11:29:21.011591 : channel tb1, group 1')
('2015-04-18 11:29:21.035099', 'put_channel : 2015-04-18 11:29:21.035057 : channel tb1, group 0')
('2015-04-18 11:29:23.513698', 'put_channel : 2015-04-18 11:29:23.513613 : channel tb1, group 0')
('2015-04-18 11:29:24.025747', 'put_channel : 2015-04-18 11:29:24.025673 : channel tb1, group 0')
('2015-04-18 11:29:25.511269', 'put_channel : 2015-04-18 11:29:25.511187 : channel tb1, group 1')
('2015-04-18 11:29:27.033700', 'put_channel : 2015-04-18 11:29:27.033615 : channel tb1, group 0')
('2015-04-18 11:29:28.511994', 'put_channel : 2015-04-18 11:29:28.511928 : channel tb1, group 1')
('2015-04-18 11:29:29.563267', 'put_channel : 2015-04-18 11:29:29.563196 : channel tb1, group 0')
('2015-04-18 11:29:35.953011', 'close_channel : 2015-04-18 11:27:42.010550')
('2015-04-18 11:29:35.953690', 'get_channel: 2015-04-18 11:27:46.511024 : 1 ')
('2015-04-18 11:29:35.953740', 'fd_channel : login[0] 0 login[1] 0 , tb0[0] 61 tb0[1] 54 , tb1[0] 51 tb1[1] 51')
('2015-04-18 11:29:35.954606', 'get_channel: 2015-04-18 11:27:48.011981 : 1 ')
('2015-04-18 11:29:35.954648', 'fd_channel : login[0] 0 login[1] 0 , tb0[0] 61 tb0[1] 54 , tb1[0] 51 tb1[1] 50')
('2015-04-18 11:29:35.955417', 'get_channel: 2015-04-18 11:27:49.511353 : 1 ')
('2015-04-18 11:29:35.955455', 'fd_channel : login[0] 0 login[1] 0 , tb0[0] 61 tb0[1] 54 , tb1[0] 51 tb1[1] 49')
('2015-04-18 11:29:35.956292', 'get_channel: 2015-04-18 11:27:51.010847 : 1 ')
('2015-04-18 11:29:35.956329', 'fd_channel : login[0] 0 login[1] 0 , tb0[0] 61 tb0[1] 54 , tb1[0] 51 tb1[1] 48')
('2015-04-18 11:29:35.957269', 'get_channel: 2015-04-18 11:27:52.511188 : 1 ')
('2015-04-18 11:29:35.957306', 'fd_channel : login[0] 0 login[1] 0 , tb0[0] 61 tb0[1] 54 , tb1[0] 51 tb1[1] 47')
('2015-04-18 11:29:35.957849', 'get_channel: 2015-04-18 11:27:54.011591 : 1 ')
('2015-04-18 11:29:35.957887', 'fd_channel : login[0] 0 login[1] 0 , tb0[0] 61 tb0[1] 54 , tb1[0] 51 tb1[1] 46')
('2015-04-18 11:29:35.958634', 'get_channel: 2015-04-18 11:27:55.511515 : 1 ')
('2015-04-18 11:29:35.958670', 'fd_channel : login[0] 0 login[1] 0 , tb0[0] 61 tb0[1] 54 , tb1[0] 51 tb1[1] 45')
('2015-04-18 11:29:35.959767', 'get_channel: 2015-04-18 11:27:57.010765 : 1 ')
('2015-04-18 11:29:35.959804', 'fd_channel : login[0] 0 login[1] 0 , tb0[0] 61 tb0[1] 54 , tb1[0] 51 tb1[1] 44')
('2015-04-18 11:29:35.966709', 'close_channel : 2015-04-18 11:27:51.010847')
('2015-04-18 11:29:35.968059', 'close_channel : 2015-04-18 11:27:55.511515')
('2015-04-18 11:29:35.969206', 'close_channel : 2015-04-18 11:27:52.511188')
('2015-04-18 11:29:35.970867', 'close_channel : 2015-04-18 11:27:54.011591')
('2015-04-18 11:29:36.025560', 'put_channel : 2015-04-18 11:29:36.025518 : channel tb1, group 0')
('2015-04-18 11:29:36.165537', 'close_channel : 2015-04-18 11:27:48.011981')
('2015-04-18 11:29:36.167112', 'close_channel : 2015-04-18 11:27:46.511024')
('2015-04-18 11:29:36.168650', 'close_channel : 2015-04-18 11:27:49.511353')
('2015-04-18 11:29:37.507985', 'put_channel : 2015-04-18 11:29:37.507923 : channel tb1, group 0')
('2015-04-18 11:29:42.043142', 'put_channel : 2015-04-18 11:29:42.043069 : channel tb1, group 1')
('2015-04-18 11:29:42.961288', 'get_channel: 2015-04-18 11:27:58.009411 : 1 ')
('2015-04-18 11:29:42.961337', 'fd_channel : login[0] 0 login[1] 0 , tb0[0] 61 tb0[1] 54 , tb1[0] 53 tb1[1] 44')
('2015-04-18 11:29:43.506276', 'put_channel : 2015-04-18 11:29:43.506180 : channel tb1, group 0')
('2015-04-18 11:29:44.523838', 'put_channel : 2015-04-18 11:29:44.523765 : channel tb1, group 1')
('2015-04-18 11:29:45.145571', 'put_channel : 2015-04-18 11:29:45.145505 : channel tb1, group 0')
('2015-04-18 11:29:46.005530', 'put_channel : 2015-04-18 11:29:46.005460 : channel tb1, group 0')
('2015-04-18 11:29:46.506532', 'put_channel : 2015-04-18 11:29:46.506459 : channel tb1, group 0')
('2015-04-18 11:29:49.506803', 'put_channel : 2015-04-18 11:29:49.506740 : channel tb1, group 0')
('2015-04-18 11:29:49.625753', 'put_channel : 2015-04-18 11:29:49.625571 : channel tb1, group 0')
('2015-04-18 11:29:49.962707', 'get_channel: 2015-04-18 11:28:01.009084 : 1 ')
('2015-04-18 11:29:49.962823', 'fd_channel : login[0] 0 login[1] 0 , tb0[0] 61 tb0[1] 54 , tb1[0] 59 tb1[1] 44')
('2015-04-18 11:29:51.006526', 'put_channel : 2015-04-18 11:29:51.006452 : channel tb1, group 0')
('2015-04-18 11:29:52.008543', 'put_channel : 2015-04-18 11:29:52.008455 : channel tb1, group 0')
('2015-04-18 11:29:53.993922', 'close_channel : 2015-04-18 11:27:42.008717')
('2015-04-18 11:29:53.994882', 'close_channel : 2015-04-18 11:27:43.506433')
('2015-04-18 11:29:53.996612', 'close_channel : 2015-04-18 11:27:45.006333')
('2015-04-18 11:29:53.997338', 'close_channel : 2015-04-18 11:27:46.506475')
('2015-04-18 11:29:53.997606', 'close_channel : 2015-04-18 11:27:48.008211')
('2015-04-18 11:29:53.998035', 'close_channel : 2015-04-18 11:27:49.553374')
('2015-04-18 11:29:53.998498', 'close_channel : 2015-04-18 11:27:51.005908')
('2015-04-18 11:29:53.998900', 'close_channel : 2015-04-18 11:28:01.512901')
('2015-04-18 11:29:53.999374', 'close_channel : 2015-04-18 11:27:52.506411')
('2015-04-18 11:29:53.999647', 'close_channel : 2015-04-18 11:27:54.006301')
('2015-04-18 11:29:53.999993', 'close_channel : 2015-04-18 11:27:55.506167')
('2015-04-18 11:29:54.000315', 'close_channel : 2015-04-18 11:27:57.007857')
('2015-04-18 11:29:54.000700', 'close_channel : 2015-04-18 11:27:58.506232')
('2015-04-18 11:29:54.000977', 'close_channel : 2015-04-18 11:28:01.005527')
('2015-04-18 11:29:54.001285', 'close_channel : 2015-04-18 11:28:02.523657')
('2015-04-18 11:29:54.001742', 'get_channel: 2015-04-18 11:28:04.007130 : 1 ')
('2015-04-18 11:29:54.001782', 'fd_channel : login[0] 0 login[1] 0 , tb0[0] 61 tb0[1] 54 , tb1[0] 48 tb1[1] 41')
('2015-04-18 11:29:54.002370', 'get_channel: 2015-04-18 11:28:08.523044 : 1 ')
('2015-04-18 11:29:54.002407', 'fd_channel : login[0] 0 login[1] 0 , tb0[0] 61 tb0[1] 54 , tb1[0] 48 tb1[1] 40')
('2015-04-18 11:29:54.003161', 'get_channel: 2015-04-18 11:28:14.523336 : 1 ')
('2015-04-18 11:29:54.003208', 'fd_channel : login[0] 0 login[1] 0 , tb0[0] 61 tb0[1] 54 , tb1[0] 48 tb1[1] 39')
('2015-04-18 11:29:54.003668', 'close_channel : 2015-04-18 11:28:01.508214')
('2015-04-18 11:29:54.003986', 'get_channel: 2015-04-18 11:28:04.005496 : 0 ')
('2015-04-18 11:29:54.004023', 'fd_channel : login[0] 0 login[1] 0 , tb0[0] 61 tb0[1] 54 , tb1[0] 46 tb1[1] 39')
('2015-04-18 11:29:54.005025', 'get_channel: 2015-04-18 11:28:17.515293 : 1 ')
('2015-04-18 11:29:54.005067', 'fd_channel : login[0] 0 login[1] 0 , tb0[0] 61 tb0[1] 54 , tb1[0] 46 tb1[1] 38')
('2015-04-18 11:29:54.005489', 'get_channel: 2015-04-18 11:28:05.505278 : 0 ')
('2015-04-18 11:29:54.005526', 'fd_channel : login[0] 0 login[1] 0 , tb0[0] 61 tb0[1] 54 , tb1[0] 45 tb1[1] 38')
('2015-04-18 11:29:54.006550', 'get_channel: 2015-04-18 11:28:21.035119 : 1 ')
('2015-04-18 11:29:54.006590', 'fd_channel : login[0] 0 login[1] 0 , tb0[0] 61 tb0[1] 54 , tb1[0] 45 tb1[1] 37')
('2015-04-18 11:29:54.007204', 'get_channel: 2015-04-18 11:28:06.005579 : 0 ')
('2015-04-18 11:29:54.007241', 'fd_channel : login[0] 0 login[1] 0 , tb0[0] 61 tb0[1] 54 , tb1[0] 44 tb1[1] 37')
('2015-04-18 11:29:54.007753', 'get_channel: 2015-04-18 11:28:07.507329 : 0 ')
('2015-04-18 11:29:54.007789', 'fd_channel : login[0] 0 login[1] 0 , tb0[0] 61 tb0[1] 54 , tb1[0] 43 tb1[1] 37')
('2015-04-18 11:29:54.008764', 'get_channel: 2015-04-18 11:28:09.006416 : 0 ')
('2015-04-18 11:29:54.008803', 'fd_channel : login[0] 0 login[1] 0 , tb0[0] 61 tb0[1] 54 , tb1[0] 42 tb1[1] 37')
('2015-04-18 11:29:54.009874', 'get_channel: 2015-04-18 11:28:23.515600 : 1 ')
('2015-04-18 11:29:54.009919', 'fd_channel : login[0] 0 login[1] 0 , tb0[0] 61 tb0[1] 54 , tb1[0] 42 tb1[1] 36')
('2015-04-18 11:29:54.010457', 'get_channel: 2015-04-18 11:28:10.506243 : 0 ')
('2015-04-18 11:29:54.010494', 'fd_channel : login[0] 0 login[1] 0 , tb0[0] 61 tb0[1] 54 , tb1[0] 41 tb1[1] 36')
('2015-04-18 11:29:54.011037', 'get_channel: 2015-04-18 11:28:27.008227 : 1 ')
('2015-04-18 11:29:54.011076', 'fd_channel : login[0] 0 login[1] 0 , tb0[0] 61 tb0[1] 54 , tb1[0] 41 tb1[1] 35')
('2015-04-18 11:29:54.011994', 'get_channel: 2015-04-18 11:28:12.006070 : 0 ')
('2015-04-18 11:29:54.012033', 'fd_channel : login[0] 0 login[1] 0 , tb0[0] 61 tb0[1] 54 , tb1[0] 40 tb1[1] 35')
('2015-04-18 11:29:54.644888', 'close_channel : 2015-04-18 11:28:10.506243')
('2015-04-18 11:29:55.506678', 'put_channel : 2015-04-18 11:29:55.506613 : channel tb1, group 0')
('2015-04-18 11:29:55.649887', 'close_channel : 2015-04-18 11:28:08.523044')
('2015-04-18 11:29:56.005441', 'get_channel: 2015-04-18 11:28:13.506524 : 0 ')
('2015-04-18 11:29:56.005510', 'fd_channel : login[0] 0 login[1] 0 , tb0[0] 61 tb0[1] 54 , tb1[0] 40 tb1[1] 35')
('2015-04-18 11:29:56.006599', 'get_channel: 2015-04-18 11:28:27.035183 : 1 ')
('2015-04-18 11:29:56.006641', 'fd_channel : login[0] 0 login[1] 0 , tb0[0] 61 tb0[1] 54 , tb1[0] 40 tb1[1] 34')
('2015-04-18 11:29:56.007344', 'get_channel: 2015-04-18 11:28:16.006671 : 0 ')
('2015-04-18 11:29:56.007410', 'fd_channel : login[0] 0 login[1] 0 , tb0[0] 61 tb0[1] 54 , tb1[0] 39 tb1[1] 34')
('2015-04-18 11:29:56.008068', 'get_channel: 2015-04-18 11:28:29.517037 : 1 ')
('2015-04-18 11:29:56.008106', 'fd_channel : login[0] 0 login[1] 0 , tb0[0] 61 tb0[1] 54 , tb1[0] 39 tb1[1] 33')
('2015-04-18 11:29:56.012300', 'get_channel: 2015-04-18 11:28:17.505722 : 0 ')
('2015-04-18 11:29:56.012351', 'fd_channel : login[0] 0 login[1] 0 , tb0[0] 61 tb0[1] 54 , tb1[0] 38 tb1[1] 33')
('2015-04-18 11:29:56.012928', 'get_channel: 2015-04-18 11:28:31.009219 : 1 ')
('2015-04-18 11:29:56.012965', 'fd_channel : login[0] 0 login[1] 0 , tb0[0] 61 tb0[1] 54 , tb1[0] 38 tb1[1] 32')
('2015-04-18 11:29:56.013957', 'get_channel: 2015-04-18 11:28:18.006338 : 0 ')
('2015-04-18 11:29:56.013997', 'fd_channel : login[0] 0 login[1] 0 , tb0[0] 61 tb0[1] 54 , tb1[0] 37 tb1[1] 32')
('2015-04-18 11:29:56.014980', 'get_channel: 2015-04-18 11:28:19.506514 : 0 ')
('2015-04-18 11:29:56.015018', 'fd_channel : login[0] 0 login[1] 0 , tb0[0] 61 tb0[1] 54 , tb1[0] 36 tb1[1] 32')
('2015-04-18 11:29:56.016002', 'get_channel: 2015-04-18 11:28:31.508032 : 1 ')
('2015-04-18 11:29:56.016042', 'fd_channel : login[0] 0 login[1] 0 , tb0[0] 61 tb0[1] 54 , tb1[0] 36 tb1[1] 31')
('2015-04-18 11:29:56.016625', 'get_channel: 2015-04-18 11:28:33.035067 : 1 ')
('2015-04-18 11:29:56.016662', 'fd_channel : login[0] 0 login[1] 0 , tb0[0] 61 tb0[1] 54 , tb1[0] 36 tb1[1] 30')
('2015-04-18 11:29:56.043003', 'close_channel : 2015-04-18 11:28:17.505722')
('2015-04-18 11:29:56.231911', 'close_channel : 2015-04-18 11:28:13.506524')
('2015-04-18 11:29:56.649068', 'get_channel: 2015-04-18 11:28:34.007830 : 1 ')
('2015-04-18 11:29:56.649127', 'fd_channel : login[0] 0 login[1] 0 , tb0[0] 61 tb0[1] 54 , tb1[0] 36 tb1[1] 29')
('2015-04-18 11:29:56.858044', 'close_channel : 2015-04-18 11:28:34.007830')
('2015-04-18 11:29:56.922308', 'get_channel: 2015-04-18 11:28:21.008125 : 0 ')
('2015-04-18 11:29:56.922411', 'fd_channel : login[0] 0 login[1] 0 , tb0[0] 61 tb0[1] 54 , tb1[0] 35 tb1[1] 29')
('2015-04-18 11:29:56.924756', 'get_channel: 2015-04-18 11:28:35.507759 : 1 ')
('2015-04-18 11:29:56.924855', 'fd_channel : login[0] 0 login[1] 0 , tb0[0] 61 tb0[1] 54 , tb1[0] 35 tb1[1] 28')
('2015-04-18 11:29:56.965072', 'get_channel: 2015-04-18 11:28:35.516764 : 1 ')
('2015-04-18 11:29:56.965172', 'fd_channel : login[0] 0 login[1] 0 , tb0[0] 61 tb0[1] 54 , tb1[0] 35 tb1[1] 27')
('2015-04-18 11:29:57.035978', 'put_channel : 2015-04-18 11:29:57.035890 : channel tb1, group 1')
('2015-04-18 11:29:57.654112', 'get_channel: 2015-04-18 11:28:36.008612 : 1 ')
('2015-04-18 11:29:57.654181', 'fd_channel : login[0] 0 login[1] 0 , tb0[0] 61 tb0[1] 54 , tb1[0] 35 tb1[1] 27')
('2015-04-18 11:29:58.047008', 'get_channel: 2015-04-18 11:28:43.006967 : 1 ')
('2015-04-18 11:29:58.047065', 'fd_channel : login[0] 0 login[1] 0 , tb0[0] 61 tb0[1] 54 , tb1[0] 35 tb1[1] 26')
('2015-04-18 11:29:58.235835', 'get_channel: 2015-04-18 11:28:43.509530 : 1 ')
('2015-04-18 11:29:58.235895', 'fd_channel : login[0] 0 login[1] 0 , tb0[0] 61 tb0[1] 54 , tb1[0] 35 tb1[1] 25')
('2015-04-18 11:29:58.927035', 'get_channel: 2015-04-18 11:28:22.506591 : 0 ')
('2015-04-18 11:29:58.927097', 'fd_channel : login[0] 0 login[1] 0 , tb0[0] 61 tb0[1] 54 , tb1[0] 34 tb1[1] 25')
('2015-04-18 11:29:58.927850', 'get_channel: 2015-04-18 11:28:45.008791 : 1 ')
('2015-04-18 11:29:58.927892', 'fd_channel : login[0] 0 login[1] 0 , tb0[0] 61 tb0[1] 54 , tb1[0] 34 tb1[1] 24')
('2015-04-18 11:29:59.074773', 'close_channel : 2015-04-18 11:28:27.035183')
('2015-04-18 11:30:00.009689', 'get_channel: 2015-04-18 11:28:46.021415 : 1 ')
('2015-04-18 11:30:00.009733', 'fd_channel : login[0] 0 login[1] 0 , tb0[0] 61 tb0[1] 54 , tb1[0] 34 tb1[1] 23')
('2015-04-18 11:30:00.018209', 'get_channel: 2015-04-18 11:28:46.508625 : 1 ')
('2015-04-18 11:30:00.018254', 'fd_channel : login[0] 0 login[1] 0 , tb0[0] 61 tb0[1] 54 , tb1[0] 34 tb1[1] 22')
('2015-04-18 11:30:00.019109', 'get_channel: 2015-04-18 11:28:48.010038 : 1 ')
('2015-04-18 11:30:00.019146', 'fd_channel : login[0] 0 login[1] 0 , tb0[0] 61 tb0[1] 54 , tb1[0] 34 tb1[1] 21')
('2015-04-18 11:30:00.361543', 'close_channel : 2015-04-18 11:28:22.506591')
('2015-04-18 11:30:00.636326', 'close_channel : 2015-04-18 11:28:46.508625')
('2015-04-18 11:30:00.972839', 'worker [3] stopping')
('2015-04-18 11:30:01.035735', 'put_channel : 2015-04-18 11:30:01.035659 : channel tb1, group 1')
('2015-04-18 11:30:01.114758', 'close_channel : 2015-04-18 11:28:43.006967')
('2015-04-18 11:30:01.116464', 'get_channel: 2015-04-18 11:28:49.508484 : 1 ')
('2015-04-18 11:30:01.116509', 'fd_channel : login[0] 0 login[1] 0 , tb0[0] 61 tb0[1] 54 , tb1[0] 34 tb1[1] 21')
('2015-04-18 11:30:01.916072', 'close_channel : 2015-04-18 11:27:57.010765')
('2015-04-18 11:30:01.994200', 'close_channel : 2015-04-18 11:28:45.008791')
('2015-04-18 11:30:02.357744', 'close_channel : 2015-04-18 11:28:31.508032')
('2015-04-18 11:30:02.359269', 'close_channel : 2015-04-18 11:28:33.035067')
('2015-04-18 11:30:03.021550', 'get_channel: 2015-04-18 11:28:51.008515 : 1 ')
('2015-04-18 11:30:03.021619', 'fd_channel : login[0] 0 login[1] 0 , tb0[0] 61 tb0[1] 54 , tb1[0] 34 tb1[1] 20')
('2015-04-18 11:30:03.035795', 'put_channel : 2015-04-18 11:30:03.035747 : channel tb1, group 1')
('2015-04-18 11:30:03.967117', 'get_channel: 2015-04-18 11:28:52.059295 : 1 ')
('2015-04-18 11:30:03.967162', 'fd_channel : login[0] 0 login[1] 0 , tb0[0] 61 tb0[1] 54 , tb1[0] 34 tb1[1] 20')
('2015-04-18 11:30:03.994560', 'close_channel : 2015-04-18 11:28:36.008612')
('2015-04-18 11:30:03.996483', 'get_channel: 2015-04-18 11:28:52.508495 : 1 ')
('2015-04-18 11:30:03.996525', 'fd_channel : login[0] 0 login[1] 0 , tb0[0] 61 tb0[1] 54 , tb1[0] 34 tb1[1] 19')
('2015-04-18 11:30:04.176247', 'close_channel : 2015-04-18 11:28:52.059295')
('2015-04-18 11:30:04.455864', 'close_channel : 2015-04-18 11:28:51.008515')
('2015-04-18 11:30:04.604819', 'put_channel : 2015-04-18 11:30:04.604752 : channel tb1, group 1')
('2015-04-18 11:30:05.237117', 'get_channel: 2015-04-18 11:28:54.008494 : 1 ')
('2015-04-18 11:30:05.237160', 'fd_channel : login[0] 0 login[1] 0 , tb0[0] 61 tb0[1] 54 , tb1[0] 34 tb1[1] 19')
('2015-04-18 11:30:06.024063', 'get_channel: 2015-04-18 11:28:55.509550 : 1 ')
('2015-04-18 11:30:06.024123', 'fd_channel : login[0] 0 login[1] 0 , tb0[0] 61 tb0[1] 54 , tb1[0] 34 tb1[1] 18')
('2015-04-18 11:30:06.970910', 'get_channel: 2015-04-18 11:28:57.008430 : 1 ')
('2015-04-18 11:30:06.970969', 'fd_channel : login[0] 0 login[1] 0 , tb0[0] 61 tb0[1] 54 , tb1[0] 34 tb1[1] 17')
('2015-04-18 11:30:07.011839', 'get_channel: 2015-04-18 11:28:58.508337 : 1 ')
('2015-04-18 11:30:07.011942', 'fd_channel : login[0] 0 login[1] 0 , tb0[0] 61 tb0[1] 54 , tb1[0] 34 tb1[1] 16')
('2015-04-18 11:30:07.021170', 'get_channel: 2015-04-18 11:29:00.010342 : 1 ')
('2015-04-18 11:30:07.021265', 'fd_channel : login[0] 0 login[1] 0 , tb0[0] 61 tb0[1] 54 , tb1[0] 34 tb1[1] 15')
('2015-04-18 11:30:07.611078', 'put_channel : 2015-04-18 11:30:07.610988 : channel tb1, group 0')
('2015-04-18 11:30:08.117867', 'get_channel: 2015-04-18 11:29:12.011289 : 1 ')
('2015-04-18 11:30:08.117911', 'fd_channel : login[0] 0 login[1] 0 , tb0[0] 61 tb0[1] 54 , tb1[0] 35 tb1[1] 14')
('2015-04-18 11:30:08.456704', 'close_channel : 2015-04-18 11:29:00.010342')
('2015-04-18 11:30:08.909207', 'close_channel : 2015-04-18 11:28:16.006671')
('2015-04-18 11:30:08.955955', 'close_channel : 2015-04-18 11:27:58.009411')
('2015-04-18 11:30:10.023835', 'get_channel: 2015-04-18 11:29:13.020821 : 1 ')
('2015-04-18 11:30:10.023897', 'fd_channel : login[0] 0 login[1] 0 , tb0[0] 61 tb0[1] 54 , tb1[0] 35 tb1[1] 13')
('2015-04-18 11:30:10.998011', 'get_channel: 2015-04-18 11:29:13.511404 : 1 ')
('2015-04-18 11:30:10.998053', 'fd_channel : login[0] 0 login[1] 0 , tb0[0] 61 tb0[1] 54 , tb1[0] 35 tb1[1] 12')
('2015-04-18 11:30:11.187570', 'close_channel : 2015-04-18 11:29:12.011289')
('2015-04-18 11:30:11.206602', 'close_channel : 2015-04-18 11:29:13.511404')
('2015-04-18 11:30:12.238279', 'get_channel: 2015-04-18 11:29:16.603793 : 1 ')
('2015-04-18 11:30:12.238322', 'fd_channel : login[0] 0 login[1] 0 , tb0[0] 61 tb0[1] 54 , tb1[0] 35 tb1[1] 11')
('2015-04-18 11:30:13.529478', 'put_channel : 2015-04-18 11:30:13.529408 : channel tb1, group 0')
('2015-04-18 11:30:14.013515', 'get_channel: 2015-04-18 11:29:18.011434 : 1 ')
('2015-04-18 11:30:14.013563', 'fd_channel : login[0] 0 login[1] 0 , tb0[0] 61 tb0[1] 54 , tb1[0] 36 tb1[1] 10')
('2015-04-18 11:30:14.018932', 'close_channel : 2015-04-18 11:29:18.011434')
('2015-04-18 11:30:14.588766', 'put_channel : 2015-04-18 11:30:14.588687 : channel tb1, group 1')
('2015-04-18 11:30:18.972625', 'close_channel : 2015-04-18 11:28:55.509550')
('2015-04-18 11:30:19.919814', 'close_channel : 2015-04-18 11:28:58.508337')
('2015-04-18 11:30:19.968103', 'close_channel : 2015-04-18 11:28:21.035119')
('2015-04-18 11:30:19.969487', 'close_channel : 2015-04-18 11:28:27.008227')
('2015-04-18 11:30:19.969852', 'close_channel : 2015-04-18 11:28:07.507329')
('2015-04-18 11:30:23.548418', 'put_channel : 2015-04-18 11:30:23.548344 : channel tb1, group 1')
('2015-04-18 11:30:46.139478', 'close_channel : 2015-04-18 11:28:14.523336')
('2015-04-18 11:30:46.142358', 'close_channel : 2015-04-18 11:28:17.515293')
('2015-04-18 11:30:46.143472', 'close_channel : 2015-04-18 11:28:23.515600')
('2015-04-18 11:30:49.081963', 'close_channel : 2015-04-18 11:28:21.008125')
('2015-04-18 11:30:53.256287', 'close_channel : 2015-04-18 11:28:49.508484')
('2015-04-18 11:30:56.122456', 'close_channel : 2015-04-18 11:28:52.508495')
('2015-04-18 11:30:57.403441', 'close_channel : 2015-04-18 11:28:54.008494')
('2015-04-18 11:30:59.130907', 'close_channel : 2015-04-18 11:28:57.008430')
