('2015-04-18 10:04:21.204676', 'worker [4] started')
('2015-04-18 10:04:21.204751', 'client 8 initted')
('2015-04-18 10:04:22.510109', 'put_channel : 2015-04-18 10:04:22.509981 : channel login, group 0')
('2015-04-18 10:04:22.517676', 'get_channel: 2015-04-18 10:04:22.509981 : 0 ')
('2015-04-18 10:04:22.517752', 'fd_channel : login[0] 0 login[1] 0 , tb0[0] 0 tb0[1] 0 , tb1[0] 0 tb1[1] 0')
('2015-04-18 10:04:22.518803', 'put_channel : 2015-04-18 10:04:22.518703 : channel login, group 1')
('2015-04-18 10:04:22.519763', 'get_channel: 2015-04-18 10:04:22.518703 : 1 ')
('2015-04-18 10:04:22.519931', 'fd_channel : login[0] 0 login[1] 0 , tb0[0] 0 tb0[1] 0 , tb1[0] 0 tb1[1] 0')
('2015-04-18 10:04:22.523313', 'close_channel : 2015-04-18 10:04:22.509981')
('2015-04-18 10:04:22.527517', 'close_channel : 2015-04-18 10:04:22.518703')
('2015-04-18 10:04:24.007922', 'put_channel : 2015-04-18 10:04:24.007792 : channel login, group 0')
('2015-04-18 10:04:24.008992', 'get_channel: 2015-04-18 10:04:24.007792 : 0 ')
('2015-04-18 10:04:24.009112', 'fd_channel : login[0] 0 login[1] 0 , tb0[0] 0 tb0[1] 0 , tb1[0] 0 tb1[1] 0')
('2015-04-18 10:04:24.014507', 'close_channel : 2015-04-18 10:04:24.007792')
('2015-04-18 10:04:24.017636', 'put_channel : 2015-04-18 10:04:24.017512 : channel login, group 1')
('2015-04-18 10:04:24.018419', 'get_channel: 2015-04-18 10:04:24.017512 : 1 ')
('2015-04-18 10:04:24.018497', 'fd_channel : login[0] 0 login[1] 0 , tb0[0] 0 tb0[1] 0 , tb1[0] 0 tb1[1] 0')
('2015-04-18 10:04:24.024497', 'close_channel : 2015-04-18 10:04:24.017512')
('2015-04-18 10:04:25.509639', 'put_channel : 2015-04-18 10:04:25.509461 : channel login, group 0')
('2015-04-18 10:04:25.510213', 'get_channel: 2015-04-18 10:04:25.509461 : 0 ')
('2015-04-18 10:04:25.510376', 'fd_channel : login[0] 0 login[1] 0 , tb0[0] 0 tb0[1] 0 , tb1[0] 0 tb1[1] 0')
('2015-04-18 10:04:25.511120', 'put_channel : 2015-04-18 10:04:25.511084 : channel login, group 1')
('2015-04-18 10:04:25.511528', 'get_channel: 2015-04-18 10:04:25.511084 : 1 ')
('2015-04-18 10:04:25.511574', 'fd_channel : login[0] 0 login[1] 0 , tb0[0] 0 tb0[1] 0 , tb1[0] 0 tb1[1] 0')
('2015-04-18 10:04:25.516708', 'close_channel : 2015-04-18 10:04:25.509461')
('2015-04-18 10:04:25.518203', 'close_channel : 2015-04-18 10:04:25.511084')
('2015-04-18 10:04:27.008690', 'put_channel : 2015-04-18 10:04:27.008560 : channel login, group 0')
('2015-04-18 10:04:27.009719', 'get_channel: 2015-04-18 10:04:27.008560 : 0 ')
('2015-04-18 10:04:27.009834', 'fd_channel : login[0] 0 login[1] 0 , tb0[0] 0 tb0[1] 0 , tb1[0] 0 tb1[1] 0')
('2015-04-18 10:04:27.011741', 'put_channel : 2015-04-18 10:04:27.011626 : channel login, group 1')
('2015-04-18 10:04:27.012141', 'get_channel: 2015-04-18 10:04:27.011626 : 1 ')
('2015-04-18 10:04:27.012188', 'fd_channel : login[0] 0 login[1] 0 , tb0[0] 0 tb0[1] 0 , tb1[0] 0 tb1[1] 0')
('2015-04-18 10:04:27.014392', 'close_channel : 2015-04-18 10:04:27.008560')
('2015-04-18 10:04:27.017129', 'close_channel : 2015-04-18 10:04:27.011626')
('2015-04-18 10:32:33.011272', 'put_channel : 2015-04-18 10:32:33.011000 : channel tb0, group 0')
('2015-04-18 10:32:33.013795', 'put_channel : 2015-04-18 10:32:33.013695 : channel tb0, group 1')
('2015-04-18 10:32:34.508083', 'put_channel : 2015-04-18 10:32:34.507946 : channel tb0, group 0')
('2015-04-18 10:32:34.509893', 'put_channel : 2015-04-18 10:32:34.509783 : channel tb0, group 1')
('2015-04-18 10:32:36.010318', 'put_channel : 2015-04-18 10:32:36.010187 : channel tb0, group 1')
('2015-04-18 10:32:37.510872', 'put_channel : 2015-04-18 10:32:37.510738 : channel tb0, group 1')
('2015-04-18 10:32:38.505422', 'put_channel : 2015-04-18 10:32:38.505284 : channel tb0, group 0')
('2015-04-18 10:32:39.007983', 'put_channel : 2015-04-18 10:32:39.007905 : channel tb0, group 0')
('2015-04-18 10:32:39.010351', 'put_channel : 2015-04-18 10:32:39.010237 : channel tb0, group 0')
('2015-04-18 10:32:39.011755', 'put_channel : 2015-04-18 10:32:39.011709 : channel tb0, group 1')
('2015-04-18 10:32:40.510511', 'put_channel : 2015-04-18 10:32:40.510377 : channel tb0, group 0')
('2015-04-18 10:32:40.512443', 'put_channel : 2015-04-18 10:32:40.512342 : channel tb0, group 1')
('2015-04-18 10:32:42.010734', 'put_channel : 2015-04-18 10:32:42.010593 : channel tb0, group 0')
('2015-04-18 10:32:42.011547', 'put_channel : 2015-04-18 10:32:42.011447 : channel tb0, group 1')
('2015-04-18 10:32:43.510089', 'put_channel : 2015-04-18 10:32:43.509957 : channel tb0, group 0')
('2015-04-18 10:32:43.510889', 'put_channel : 2015-04-18 10:32:43.510715 : channel tb0, group 1')
('2015-04-18 10:32:45.009005', 'put_channel : 2015-04-18 10:32:45.008873 : channel tb0, group 0')
('2015-04-18 10:32:45.010496', 'put_channel : 2015-04-18 10:32:45.010412 : channel tb0, group 1')
('2015-04-18 10:32:46.508441', 'put_channel : 2015-04-18 10:32:46.508309 : channel tb0, group 0')
('2015-04-18 10:32:46.511191', 'put_channel : 2015-04-18 10:32:46.511090 : channel tb0, group 1')
('2015-04-18 10:32:48.010085', 'put_channel : 2015-04-18 10:32:48.010007 : channel tb0, group 1')
('2015-04-18 10:32:49.510632', 'put_channel : 2015-04-18 10:32:49.510500 : channel tb0, group 1')
('2015-04-18 10:32:52.511175', 'put_channel : 2015-04-18 10:32:52.511060 : channel tb0, group 1')
('2015-04-18 10:32:54.011046', 'put_channel : 2015-04-18 10:32:54.010904 : channel tb0, group 1')
('2015-04-18 10:32:54.011888', 'put_channel : 2015-04-18 10:32:54.011779 : channel tb0, group 1')
('2015-04-18 10:32:55.511964', 'put_channel : 2015-04-18 10:32:55.511870 : channel tb0, group 1')
('2015-04-18 10:32:57.011085', 'put_channel : 2015-04-18 10:32:57.010953 : channel tb0, group 1')
('2015-04-18 10:32:58.508891', 'put_channel : 2015-04-18 10:32:58.508774 : channel tb0, group 0')
('2015-04-18 10:32:58.511545', 'put_channel : 2015-04-18 10:32:58.511453 : channel tb0, group 1')
('2015-04-18 10:32:58.512963', 'put_channel : 2015-04-18 10:32:58.512873 : channel tb0, group 0')
('2015-04-18 10:32:59.514143', 'put_channel : 2015-04-18 10:32:59.514000 : channel tb0, group 0')
('2015-04-18 10:33:00.008422', 'put_channel : 2015-04-18 10:33:00.008236 : channel tb0, group 0')
('2015-04-18 10:33:00.011585', 'put_channel : 2015-04-18 10:33:00.011499 : channel tb0, group 1')
('2015-04-18 10:33:00.013694', 'put_channel : 2015-04-18 10:33:00.013604 : channel tb0, group 0')
('2015-04-18 10:33:01.017377', 'put_channel : 2015-04-18 10:33:01.017227 : channel tb0, group 0')
('2015-04-18 10:33:01.507687', 'put_channel : 2015-04-18 10:33:01.507617 : channel tb0, group 0')
('2015-04-18 10:33:01.511890', 'put_channel : 2015-04-18 10:33:01.511842 : channel tb0, group 1')
('2015-04-18 10:33:03.011445', 'put_channel : 2015-04-18 10:33:03.011259 : channel tb0, group 0')
('2015-04-18 10:33:03.012107', 'put_channel : 2015-04-18 10:33:03.012022 : channel tb0, group 1')
('2015-04-18 10:33:03.033304', 'put_channel : 2015-04-18 10:33:03.033176 : channel tb0, group 0')
('2015-04-18 10:33:04.507887', 'put_channel : 2015-04-18 10:33:04.507753 : channel tb0, group 0')
('2015-04-18 10:33:04.537528', 'put_channel : 2015-04-18 10:33:04.537429 : channel tb0, group 0')
('2015-04-18 10:33:06.008513', 'put_channel : 2015-04-18 10:33:06.008415 : channel tb0, group 0')
('2015-04-18 10:33:06.041381', 'put_channel : 2015-04-18 10:33:06.041261 : channel tb0, group 0')
('2015-04-18 10:33:07.508329', 'put_channel : 2015-04-18 10:33:07.508184 : channel tb0, group 0')
('2015-04-18 10:33:09.005563', 'put_channel : 2015-04-18 10:33:09.005488 : channel tb0, group 0')
('2015-04-18 10:33:13.008787', 'put_channel : 2015-04-18 10:33:13.008654 : channel tb0, group 1')
('2015-04-18 10:33:13.018813', 'put_channel : 2015-04-18 10:33:13.018721 : channel tb0, group 1')
('2015-04-18 10:33:13.511509', 'put_channel : 2015-04-18 10:33:13.511357 : channel tb0, group 1')
('2015-04-18 10:33:13.512781', 'put_channel : 2015-04-18 10:33:13.512691 : channel tb0, group 1')
('2015-04-18 10:33:14.525127', 'put_channel : 2015-04-18 10:33:14.524898 : channel tb0, group 1')
('2015-04-18 10:33:15.010253', 'put_channel : 2015-04-18 10:33:15.010120 : channel tb0, group 1')
('2015-04-18 10:33:16.019470', 'put_channel : 2015-04-18 10:33:16.019306 : channel tb0, group 1')
('2015-04-18 10:33:16.512543', 'put_channel : 2015-04-18 10:33:16.512391 : channel tb0, group 1')
('2015-04-18 10:33:18.011014', 'put_channel : 2015-04-18 10:33:18.010828 : channel tb0, group 1')
('2015-04-18 10:33:20.505496', 'put_channel : 2015-04-18 10:33:20.505402 : channel tb0, group 0')
('2015-04-18 10:33:20.521126', 'put_channel : 2015-04-18 10:33:20.521020 : channel tb0, group 0')
('2015-04-18 10:33:21.008605', 'put_channel : 2015-04-18 10:33:21.008397 : channel tb0, group 0')
('2015-04-18 10:33:21.009423', 'put_channel : 2015-04-18 10:33:21.009322 : channel tb0, group 0')
('2015-04-18 10:33:22.025380', 'put_channel : 2015-04-18 10:33:22.025239 : channel tb0, group 0')
('2015-04-18 10:33:23.507022', 'put_channel : 2015-04-18 10:33:23.506879 : channel tb0, group 0')
('2015-04-18 10:33:25.005375', 'put_channel : 2015-04-18 10:33:25.005236 : channel tb0, group 0')
('2015-04-18 10:33:29.505991', 'put_channel : 2015-04-18 10:33:29.505841 : channel tb0, group 0')
('2015-04-18 10:33:30.210569', 'put_channel : 2015-04-18 10:33:30.210384 : channel tb0, group 0')
('2015-04-18 10:33:31.508746', 'put_channel : 2015-04-18 10:33:31.508640 : channel tb0, group 0')
('2015-04-18 10:33:34.510435', 'put_channel : 2015-04-18 10:33:34.510350 : channel tb0, group 1')
('2015-04-18 10:33:34.514474', 'put_channel : 2015-04-18 10:33:34.514432 : channel tb0, group 1')
('2015-04-18 10:33:34.539446', 'put_channel : 2015-04-18 10:33:34.539334 : channel tb0, group 1')
('2015-04-18 10:33:35.517307', 'put_channel : 2015-04-18 10:33:35.517164 : channel tb0, group 1')
('2015-04-18 10:33:35.579353', 'put_channel : 2015-04-18 10:33:35.579228 : channel tb0, group 1')
('2015-04-18 10:33:36.012909', 'put_channel : 2015-04-18 10:33:36.012753 : channel tb0, group 1')
('2015-04-18 10:33:36.013424', 'put_channel : 2015-04-18 10:33:36.013376 : channel tb0, group 1')
('2015-04-18 10:33:36.028750', 'put_channel : 2015-04-18 10:33:36.028701 : channel tb0, group 1')
('2015-04-18 10:33:37.021232', 'put_channel : 2015-04-18 10:33:37.021090 : channel tb0, group 1')
('2015-04-18 10:33:44.509382', 'put_channel : 2015-04-18 10:33:44.509238 : channel tb0, group 0')
('2015-04-18 10:33:44.522717', 'put_channel : 2015-04-18 10:33:44.522598 : channel tb0, group 0')
('2015-04-18 10:33:45.010113', 'put_channel : 2015-04-18 10:33:45.009975 : channel tb0, group 0')
('2015-04-18 10:33:45.013601', 'put_channel : 2015-04-18 10:33:45.013510 : channel tb0, group 0')
('2015-04-18 10:33:46.006689', 'put_channel : 2015-04-18 10:33:46.006607 : channel tb0, group 1')
('2015-04-18 10:33:46.027265', 'put_channel : 2015-04-18 10:33:46.027169 : channel tb0, group 1')
('2015-04-18 10:33:46.508630', 'put_channel : 2015-04-18 10:33:46.508556 : channel tb0, group 1')
('2015-04-18 10:33:46.510263', 'put_channel : 2015-04-18 10:33:46.510222 : channel tb0, group 1')
('2015-04-18 10:33:47.517033', 'put_channel : 2015-04-18 10:33:47.516892 : channel tb0, group 1')
('2015-04-18 10:33:48.011235', 'put_channel : 2015-04-18 10:33:48.011100 : channel tb0, group 1')
('2015-04-18 10:33:49.007112', 'put_channel : 2015-04-18 10:33:49.006994 : channel tb0, group 0')
('2015-04-18 10:33:49.018259', 'put_channel : 2015-04-18 10:33:49.018211 : channel tb0, group 1')
('2015-04-18 10:33:49.511864', 'put_channel : 2015-04-18 10:33:49.511752 : channel tb0, group 1')
('2015-04-18 10:33:51.012767', 'put_channel : 2015-04-18 10:33:51.012587 : channel tb0, group 1')
('2015-04-18 10:33:52.512007', 'put_channel : 2015-04-18 10:33:52.511875 : channel tb0, group 1')
('2015-04-18 10:33:54.008436', 'put_channel : 2015-04-18 10:33:54.008303 : channel tb0, group 0')
('2015-04-18 10:33:54.009237', 'put_channel : 2015-04-18 10:33:54.009089 : channel tb0, group 0')
('2015-04-18 10:33:54.041390', 'put_channel : 2015-04-18 10:33:54.041292 : channel tb0, group 0')
('2015-04-18 10:33:55.509374', 'put_channel : 2015-04-18 10:33:55.509242 : channel tb0, group 0')
('2015-04-18 10:33:55.510519', 'put_channel : 2015-04-18 10:33:55.510433 : channel tb0, group 0')
('2015-04-18 10:33:55.528273', 'put_channel : 2015-04-18 10:33:55.528220 : channel tb0, group 0')
('2015-04-18 10:33:55.848806', 'put_channel : 2015-04-18 10:33:55.848684 : channel tb0, group 0')
('2015-04-18 10:33:56.569375', 'put_channel : 2015-04-18 10:33:56.569228 : channel tb0, group 0')
('2015-04-18 10:33:57.009257', 'put_channel : 2015-04-18 10:33:57.009178 : channel tb0, group 0')
('2015-04-18 10:33:58.508121', 'put_channel : 2015-04-18 10:33:58.508046 : channel tb0, group 0')
('2015-04-18 10:33:59.507492', 'put_channel : 2015-04-18 10:33:59.507350 : channel tb0, group 1')
('2015-04-18 10:34:00.008836', 'put_channel : 2015-04-18 10:34:00.008686 : channel tb0, group 0')
('2015-04-18 10:34:00.012612', 'put_channel : 2015-04-18 10:34:00.012530 : channel tb0, group 1')
('2015-04-18 10:34:01.508764', 'put_channel : 2015-04-18 10:34:01.508646 : channel tb0, group 0')
('2015-04-18 10:34:01.529170', 'put_channel : 2015-04-18 10:34:01.529070 : channel tb0, group 0')
('2015-04-18 10:34:02.660751', 'get_channel: 2015-04-18 10:32:33.013695 : 1 ')
('2015-04-18 10:34:02.660958', 'fd_channel : login[0] 0 login[1] 0 , tb0[0] 53 tb0[1] 50 , tb1[0] 0 tb1[1] 0')
('2015-04-18 10:34:02.662995', 'get_channel: 2015-04-18 10:32:34.509783 : 1 ')
('2015-04-18 10:34:02.663144', 'fd_channel : login[0] 0 login[1] 0 , tb0[0] 53 tb0[1] 49 , tb1[0] 0 tb1[1] 0')
('2015-04-18 10:34:02.665226', 'get_channel: 2015-04-18 10:32:36.010187 : 1 ')
('2015-04-18 10:34:02.665285', 'fd_channel : login[0] 0 login[1] 0 , tb0[0] 53 tb0[1] 48 , tb1[0] 0 tb1[1] 0')
('2015-04-18 10:34:02.666063', 'get_channel: 2015-04-18 10:32:37.510738 : 1 ')
('2015-04-18 10:34:02.666109', 'fd_channel : login[0] 0 login[1] 0 , tb0[0] 53 tb0[1] 47 , tb1[0] 0 tb1[1] 0')
('2015-04-18 10:34:02.666833', 'get_channel: 2015-04-18 10:32:39.011709 : 1 ')
('2015-04-18 10:34:02.666879', 'fd_channel : login[0] 0 login[1] 0 , tb0[0] 53 tb0[1] 46 , tb1[0] 0 tb1[1] 0')
('2015-04-18 10:34:02.668034', 'get_channel: 2015-04-18 10:32:40.512342 : 1 ')
('2015-04-18 10:34:02.668140', 'fd_channel : login[0] 0 login[1] 0 , tb0[0] 53 tb0[1] 45 , tb1[0] 0 tb1[1] 0')
('2015-04-18 10:34:02.669558', 'get_channel: 2015-04-18 10:32:42.011447 : 1 ')
('2015-04-18 10:34:02.669657', 'fd_channel : login[0] 0 login[1] 0 , tb0[0] 53 tb0[1] 44 , tb1[0] 0 tb1[1] 0')
('2015-04-18 10:34:02.671777', 'get_channel: 2015-04-18 10:32:43.510715 : 1 ')
('2015-04-18 10:34:02.671876', 'fd_channel : login[0] 0 login[1] 0 , tb0[0] 53 tb0[1] 43 , tb1[0] 0 tb1[1] 0')
('2015-04-18 10:34:03.010667', 'put_channel : 2015-04-18 10:34:03.010576 : channel tb0, group 0')
('2015-04-18 10:34:04.008348', 'put_channel : 2015-04-18 10:34:04.008234 : channel tb0, group 1')
('2015-04-18 10:34:04.020820', 'put_channel : 2015-04-18 10:34:04.020682 : channel tb0, group 1')
('2015-04-18 10:34:04.095763', 'close_channel : 2015-04-18 10:32:34.509783')
('2015-04-18 10:34:04.102288', 'close_channel : 2015-04-18 10:32:36.010187')
('2015-04-18 10:34:04.103192', 'close_channel : 2015-04-18 10:32:37.510738')
('2015-04-18 10:34:04.104617', 'close_channel : 2015-04-18 10:32:43.510715')
('2015-04-18 10:34:04.106482', 'close_channel : 2015-04-18 10:32:33.013695')
('2015-04-18 10:34:04.107328', 'close_channel : 2015-04-18 10:32:39.011709')
('2015-04-18 10:34:04.108244', 'close_channel : 2015-04-18 10:32:42.011447')
('2015-04-18 10:34:04.116976', 'close_channel : 2015-04-18 10:32:40.512342')
('2015-04-18 10:34:05.938923', 'put_channel : 2015-04-18 10:34:05.938754 : channel tb0, group 1')
('2015-04-18 10:34:08.831961', 'get_channel: 2015-04-18 10:32:33.011000 : 0 ')
('2015-04-18 10:34:08.832076', 'fd_channel : login[0] 0 login[1] 0 , tb0[0] 53 tb0[1] 46 , tb1[0] 0 tb1[1] 0')
('2015-04-18 10:34:08.834024', 'get_channel: 2015-04-18 10:32:45.010412 : 1 ')
('2015-04-18 10:34:08.834128', 'fd_channel : login[0] 0 login[1] 0 , tb0[0] 53 tb0[1] 45 , tb1[0] 0 tb1[1] 0')
('2015-04-18 10:34:09.348035', 'get_channel: 2015-04-18 10:32:34.507946 : 0 ')
('2015-04-18 10:34:09.348145', 'fd_channel : login[0] 0 login[1] 0 , tb0[0] 52 tb0[1] 45 , tb1[0] 0 tb1[1] 0')
('2015-04-18 10:34:09.349857', 'get_channel: 2015-04-18 10:32:46.511090 : 1 ')
('2015-04-18 10:34:09.349945', 'fd_channel : login[0] 0 login[1] 0 , tb0[0] 52 tb0[1] 44 , tb1[0] 0 tb1[1] 0')
('2015-04-18 10:34:09.455967', 'close_channel : 2015-04-18 10:32:45.010412')
('2015-04-18 10:34:09.565971', 'close_channel : 2015-04-18 10:32:46.511090')
('2015-04-18 10:34:10.251868', 'get_channel: 2015-04-18 10:32:38.505284 : 0 ')
('2015-04-18 10:34:10.251977', 'fd_channel : login[0] 0 login[1] 0 , tb0[0] 51 tb0[1] 44 , tb1[0] 0 tb1[1] 0')
('2015-04-18 10:34:10.253855', 'get_channel: 2015-04-18 10:32:48.010007 : 1 ')
('2015-04-18 10:34:10.253953', 'fd_channel : login[0] 0 login[1] 0 , tb0[0] 51 tb0[1] 43 , tb1[0] 0 tb1[1] 0')
('2015-04-18 10:34:10.264957', 'close_channel : 2015-04-18 10:32:38.505284')
('2015-04-18 10:34:10.265880', 'close_channel : 2015-04-18 10:32:33.011000')
('2015-04-18 10:34:10.283415', 'get_channel: 2015-04-18 10:32:39.007905 : 0 ')
('2015-04-18 10:34:10.283522', 'fd_channel : login[0] 0 login[1] 0 , tb0[0] 50 tb0[1] 43 , tb1[0] 0 tb1[1] 0')
('2015-04-18 10:34:10.285410', 'get_channel: 2015-04-18 10:32:49.510500 : 1 ')
('2015-04-18 10:34:10.285512', 'fd_channel : login[0] 0 login[1] 0 , tb0[0] 50 tb0[1] 42 , tb1[0] 0 tb1[1] 0')
('2015-04-18 10:34:10.295781', 'close_channel : 2015-04-18 10:32:39.007905')
('2015-04-18 10:34:10.486630', 'get_channel: 2015-04-18 10:32:39.010237 : 0 ')
('2015-04-18 10:34:10.486740', 'fd_channel : login[0] 0 login[1] 0 , tb0[0] 49 tb0[1] 42 , tb1[0] 0 tb1[1] 0')
('2015-04-18 10:34:10.488357', 'get_channel: 2015-04-18 10:32:52.511060 : 1 ')
('2015-04-18 10:34:10.488455', 'fd_channel : login[0] 0 login[1] 0 , tb0[0] 49 tb0[1] 41 , tb1[0] 0 tb1[1] 0')
('2015-04-18 10:34:10.503090', 'close_channel : 2015-04-18 10:32:39.010237')
('2015-04-18 10:34:10.951320', 'get_channel: 2015-04-18 10:32:40.510377 : 0 ')
('2015-04-18 10:34:10.951414', 'fd_channel : login[0] 0 login[1] 0 , tb0[0] 48 tb0[1] 41 , tb1[0] 0 tb1[1] 0')
('2015-04-18 10:34:10.953179', 'get_channel: 2015-04-18 10:32:54.010904 : 1 ')
('2015-04-18 10:34:10.953262', 'fd_channel : login[0] 0 login[1] 0 , tb0[0] 48 tb0[1] 40 , tb1[0] 0 tb1[1] 0')
('2015-04-18 10:34:12.956012', 'get_channel: 2015-04-18 10:32:42.010593 : 0 ')
('2015-04-18 10:34:12.956172', 'fd_channel : login[0] 0 login[1] 0 , tb0[0] 47 tb0[1] 40 , tb1[0] 0 tb1[1] 0')
('2015-04-18 10:34:12.958199', 'get_channel: 2015-04-18 10:32:54.011779 : 1 ')
('2015-04-18 10:34:12.958383', 'fd_channel : login[0] 0 login[1] 0 , tb0[0] 47 tb0[1] 39 , tb1[0] 0 tb1[1] 0')
('2015-04-18 10:34:14.123712', 'get_channel: 2015-04-18 10:32:43.509957 : 0 ')
('2015-04-18 10:34:14.123765', 'fd_channel : login[0] 0 login[1] 0 , tb0[0] 46 tb0[1] 39 , tb1[0] 0 tb1[1] 0')
('2015-04-18 10:34:14.124959', 'get_channel: 2015-04-18 10:32:55.511870 : 1 ')
('2015-04-18 10:34:14.125005', 'fd_channel : login[0] 0 login[1] 0 , tb0[0] 46 tb0[1] 38 , tb1[0] 0 tb1[1] 0')
('2015-04-18 10:34:14.459162', 'get_channel: 2015-04-18 10:32:45.008873 : 0 ')
('2015-04-18 10:34:14.459270', 'fd_channel : login[0] 0 login[1] 0 , tb0[0] 45 tb0[1] 38 , tb1[0] 0 tb1[1] 0')
('2015-04-18 10:34:14.461959', 'get_channel: 2015-04-18 10:32:57.010953 : 1 ')
('2015-04-18 10:34:14.462071', 'fd_channel : login[0] 0 login[1] 0 , tb0[0] 45 tb0[1] 37 , tb1[0] 0 tb1[1] 0')
('2015-04-18 10:34:15.085956', 'close_channel : 2015-04-18 10:32:57.010953')
('2015-04-18 10:34:15.558767', 'close_channel : 2015-04-18 10:32:55.511870')
('2015-04-18 10:34:16.008307', 'put_channel : 2015-04-18 10:34:16.008223 : channel tb0, group 1')
('2015-04-18 10:34:16.018270', 'put_channel : 2015-04-18 10:34:16.018221 : channel tb0, group 1')
('2015-04-18 10:34:16.048185', 'close_channel : 2015-04-18 10:32:54.011779')
('2015-04-18 10:34:16.127356', 'get_channel: 2015-04-18 10:32:46.508309 : 0 ')
('2015-04-18 10:34:16.127569', 'fd_channel : login[0] 0 login[1] 0 , tb0[0] 44 tb0[1] 39 , tb1[0] 0 tb1[1] 0')
('2015-04-18 10:34:16.129439', 'get_channel: 2015-04-18 10:32:58.511453 : 1 ')
('2015-04-18 10:34:16.129486', 'fd_channel : login[0] 0 login[1] 0 , tb0[0] 44 tb0[1] 38 , tb1[0] 0 tb1[1] 0')
('2015-04-18 10:34:16.509371', 'put_channel : 2015-04-18 10:34:16.509236 : channel tb0, group 0')
('2015-04-18 10:34:16.509790', 'put_channel : 2015-04-18 10:34:16.509651 : channel tb0, group 0')
('2015-04-18 10:34:16.510957', 'put_channel : 2015-04-18 10:34:16.510866 : channel tb0, group 1')
('2015-04-18 10:34:16.513542', 'put_channel : 2015-04-18 10:34:16.513421 : channel tb0, group 1')
('2015-04-18 10:34:16.593694', 'close_channel : 2015-04-18 10:32:48.010007')
('2015-04-18 10:34:16.626123', 'close_channel : 2015-04-18 10:32:49.510500')
('2015-04-18 10:34:16.740774', 'close_channel : 2015-04-18 10:32:46.508309')
('2015-04-18 10:34:16.825966', 'close_channel : 2015-04-18 10:32:52.511060')
('2015-04-18 10:34:17.290856', 'close_channel : 2015-04-18 10:32:40.510377')
('2015-04-18 10:34:17.515525', 'put_channel : 2015-04-18 10:34:17.515394 : channel tb0, group 0')
('2015-04-18 10:34:17.524753', 'close_channel : 2015-04-18 10:32:45.008873')
('2015-04-18 10:34:18.008041', 'put_channel : 2015-04-18 10:34:18.007966 : channel tb0, group 0')
('2015-04-18 10:34:18.009963', 'put_channel : 2015-04-18 10:34:18.009920 : channel tb0, group 0')
('2015-04-18 10:34:19.017210', 'put_channel : 2015-04-18 10:34:19.017063 : channel tb0, group 0')
('2015-04-18 10:34:19.517706', 'put_channel : 2015-04-18 10:34:19.517573 : channel tb0, group 0')
('2015-04-18 10:34:19.528767', 'put_channel : 2015-04-18 10:34:19.528673 : channel tb0, group 0')
('2015-04-18 10:34:22.005986', 'put_channel : 2015-04-18 10:34:22.005842 : channel tb0, group 0')
('2015-04-18 10:34:22.232959', 'close_channel : 2015-04-18 10:32:34.507946')
('2015-04-18 10:34:22.506671', 'put_channel : 2015-04-18 10:34:22.506565 : channel tb0, group 0')
('2015-04-18 10:34:22.538884', 'put_channel : 2015-04-18 10:34:22.538782 : channel tb0, group 0')
('2015-04-18 10:34:31.511381', 'put_channel : 2015-04-18 10:34:31.511204 : channel tb0, group 1')
('2015-04-18 10:34:31.511992', 'put_channel : 2015-04-18 10:34:31.511893 : channel tb0, group 1')
('2015-04-18 10:34:32.523536', 'put_channel : 2015-04-18 10:34:32.523392 : channel tb0, group 1')
('2015-04-18 10:34:33.008596', 'put_channel : 2015-04-18 10:34:33.008519 : channel tb0, group 1')
('2015-04-18 10:34:33.010761', 'put_channel : 2015-04-18 10:34:33.010715 : channel tb0, group 1')
('2015-04-18 10:34:33.037026', 'put_channel : 2015-04-18 10:34:33.036916 : channel tb0, group 1')
('2015-04-18 10:34:34.019858', 'put_channel : 2015-04-18 10:34:34.019688 : channel tb0, group 1')
('2015-04-18 10:34:34.511645', 'put_channel : 2015-04-18 10:34:34.511571 : channel tb0, group 1')
('2015-04-18 10:34:34.541028', 'put_channel : 2015-04-18 10:34:34.540914 : channel tb0, group 1')
('2015-04-18 10:34:36.010874', 'put_channel : 2015-04-18 10:34:36.010783 : channel tb0, group 1')
('2015-04-18 10:34:36.027157', 'put_channel : 2015-04-18 10:34:36.027053 : channel tb0, group 1')
('2015-04-18 10:34:37.085804', 'put_channel : 2015-04-18 10:34:37.085661 : channel tb0, group 1')
('2015-04-18 10:34:37.511396', 'put_channel : 2015-04-18 10:34:37.511261 : channel tb0, group 1')
('2015-04-18 10:34:44.507181', 'put_channel : 2015-04-18 10:34:44.507028 : channel tb0, group 0')
('2015-04-18 10:34:44.522572', 'put_channel : 2015-04-18 10:34:44.522479 : channel tb0, group 0')
('2015-04-18 10:34:45.089642', 'put_channel : 2015-04-18 10:34:45.089505 : channel tb0, group 0')
('2015-04-18 10:34:45.090575', 'put_channel : 2015-04-18 10:34:45.090471 : channel tb0, group 0')
('2015-04-18 10:34:46.016839', 'put_channel : 2015-04-18 10:34:46.016756 : channel tb0, group 0')
('2015-04-18 10:34:46.510013', 'put_channel : 2015-04-18 10:34:46.509884 : channel tb0, group 0')
('2015-04-18 10:34:46.537173', 'put_channel : 2015-04-18 10:34:46.537061 : channel tb0, group 0')
('2015-04-18 10:34:47.513089', 'put_channel : 2015-04-18 10:34:47.512945 : channel tb0, group 0')
('2015-04-18 10:34:48.008896', 'put_channel : 2015-04-18 10:34:48.008761 : channel tb0, group 0')
('2015-04-18 10:34:48.025381', 'put_channel : 2015-04-18 10:34:48.025275 : channel tb0, group 0')
('2015-04-18 10:34:48.132176', 'get_channel: 2015-04-18 10:33:00.011499 : 1 ')
('2015-04-18 10:34:48.132288', 'fd_channel : login[0] 0 login[1] 0 , tb0[0] 65 tb0[1] 52 , tb1[0] 0 tb1[1] 0')
('2015-04-18 10:34:49.508739', 'put_channel : 2015-04-18 10:34:49.508623 : channel tb0, group 0')
('2015-04-18 10:34:49.528195', 'put_channel : 2015-04-18 10:34:49.528090 : channel tb0, group 0')
('2015-04-18 10:34:51.008487', 'put_channel : 2015-04-18 10:34:51.008394 : channel tb0, group 0')
('2015-04-18 10:34:51.035010', 'put_channel : 2015-04-18 10:34:51.034885 : channel tb0, group 0')
('2015-04-18 10:34:52.509586', 'put_channel : 2015-04-18 10:34:52.509510 : channel tb0, group 0')
('2015-04-18 10:34:54.008692', 'put_channel : 2015-04-18 10:34:54.008555 : channel tb0, group 0')
('2015-04-18 10:34:55.065218', 'put_channel : 2015-04-18 10:34:55.065077 : channel tb0, group 0')
('2015-04-18 10:34:55.507085', 'put_channel : 2015-04-18 10:34:55.506996 : channel tb0, group 0')
('2015-04-18 10:34:58.539958', 'put_channel : 2015-04-18 10:34:58.539859 : channel tb0, group 1')
('2015-04-18 10:34:58.650669', 'put_channel : 2015-04-18 10:34:58.650567 : channel tb0, group 1')
('2015-04-18 10:34:59.509701', 'put_channel : 2015-04-18 10:34:59.509554 : channel tb0, group 1')
('2015-04-18 10:34:59.515627', 'put_channel : 2015-04-18 10:34:59.515526 : channel tb0, group 1')
('2015-04-18 10:35:00.011721', 'put_channel : 2015-04-18 10:35:00.011585 : channel tb0, group 1')
('2015-04-18 10:35:00.012690', 'put_channel : 2015-04-18 10:35:00.012592 : channel tb0, group 1')
('2015-04-18 10:35:00.027755', 'put_channel : 2015-04-18 10:35:00.027627 : channel tb0, group 1')
('2015-04-18 10:35:01.019235', 'put_channel : 2015-04-18 10:35:01.019049 : channel tb0, group 1')
('2015-04-18 10:35:01.020358', 'close_channel : 2015-04-18 10:33:00.011499')
('2015-04-18 10:35:01.511328', 'put_channel : 2015-04-18 10:35:01.511175 : channel tb0, group 1')
('2015-04-18 10:35:04.832219', 'close_channel : 2015-04-18 10:32:58.508774')
('2015-04-18 10:35:04.833319', 'close_channel : 2015-04-18 10:33:01.511842')
('2015-04-18 10:35:04.834220', 'close_channel : 2015-04-18 10:32:58.512873')
('2015-04-18 10:35:04.834693', 'close_channel : 2015-04-18 10:33:03.012022')
('2015-04-18 10:35:04.835369', 'close_channel : 2015-04-18 10:32:59.514000')
('2015-04-18 10:35:04.835831', 'close_channel : 2015-04-18 10:33:13.008654')
('2015-04-18 10:35:04.836664', 'close_channel : 2015-04-18 10:33:00.008236')
('2015-04-18 10:35:04.837123', 'close_channel : 2015-04-18 10:33:13.018721')
('2015-04-18 10:35:04.837893', 'close_channel : 2015-04-18 10:33:00.013604')
('2015-04-18 10:35:04.838337', 'close_channel : 2015-04-18 10:33:13.511357')
('2015-04-18 10:35:04.838902', 'close_channel : 2015-04-18 10:33:13.512691')
('2015-04-18 10:35:04.839414', 'close_channel : 2015-04-18 10:33:01.017227')
('2015-04-18 10:35:04.840103', 'close_channel : 2015-04-18 10:33:14.524898')
('2015-04-18 10:35:04.840939', 'close_channel : 2015-04-18 10:33:01.507617')
('2015-04-18 10:35:04.841385', 'get_channel: 2015-04-18 10:33:15.010120 : 1 ')
('2015-04-18 10:35:04.841435', 'fd_channel : login[0] 0 login[1] 0 , tb0[0] 66 tb0[1] 53 , tb1[0] 0 tb1[1] 0')
('2015-04-18 10:35:04.842507', 'close_channel : 2015-04-18 10:33:03.011259')
('2015-04-18 10:35:04.843384', 'close_channel : 2015-04-18 10:33:03.033176')
('2015-04-18 10:35:04.844356', 'close_channel : 2015-04-18 10:33:04.507753')
('2015-04-18 10:35:04.845068', 'close_channel : 2015-04-18 10:33:04.537429')
('2015-04-18 10:35:04.845466', 'close_channel : 2015-04-18 10:33:06.008415')
('2015-04-18 10:35:04.845755', 'close_channel : 2015-04-18 10:33:06.041261')
('2015-04-18 10:35:04.846046', 'close_channel : 2015-04-18 10:33:07.508184')
('2015-04-18 10:35:04.846333', 'close_channel : 2015-04-18 10:33:09.005488')
('2015-04-18 10:35:04.846622', 'get_channel: 2015-04-18 10:33:20.505402 : 0 ')
('2015-04-18 10:35:04.846666', 'fd_channel : login[0] 0 login[1] 0 , tb0[0] 57 tb0[1] 53 , tb1[0] 0 tb1[1] 0')
('2015-04-18 10:35:06.834599', 'get_channel: 2015-04-18 10:33:20.521020 : 0 ')
('2015-04-18 10:35:06.834672', 'fd_channel : login[0] 0 login[1] 0 , tb0[0] 56 tb0[1] 53 , tb1[0] 0 tb1[1] 0')
('2015-04-18 10:35:06.835650', 'close_channel : 2015-04-18 10:33:16.019306')
('2015-04-18 10:35:06.836354', 'close_channel : 2015-04-18 10:33:16.512391')
('2015-04-18 10:35:06.836724', 'get_channel: 2015-04-18 10:33:18.010828 : 1 ')
('2015-04-18 10:35:06.836770', 'fd_channel : login[0] 0 login[1] 0 , tb0[0] 56 tb0[1] 50 , tb1[0] 0 tb1[1] 0')
('2015-04-18 10:35:07.918622', 'close_channel : 2015-04-18 10:33:20.505402')
('2015-04-18 10:35:08.507343', 'put_channel : 2015-04-18 10:35:08.507199 : channel tb0, group 0')
('2015-04-18 10:35:25.595724', 'put_channel : 2015-04-18 10:35:25.595574 : channel tb0, group 1')
('2015-04-18 10:35:26.555409', 'put_channel : 2015-04-18 10:35:26.555322 : channel tb0, group 1')
('2015-04-18 10:35:27.133479', 'put_channel : 2015-04-18 10:35:27.133334 : channel tb0, group 1')
('2015-04-18 10:35:28.056445', 'put_channel : 2015-04-18 10:35:28.056360 : channel tb0, group 0')
('2015-04-18 10:35:28.665000', 'put_channel : 2015-04-18 10:35:28.664852 : channel tb0, group 0')
('2015-04-18 10:35:29.560966', 'put_channel : 2015-04-18 10:35:29.560821 : channel tb0, group 0')
('2015-04-18 10:35:30.137737', 'put_channel : 2015-04-18 10:35:30.137591 : channel tb0, group 0')
('2015-04-18 10:35:30.810226', 'close_channel : 2015-04-18 10:33:15.010120')
('2015-04-18 10:35:31.064756', 'put_channel : 2015-04-18 10:35:31.064675 : channel tb0, group 0')
('2015-04-18 10:35:31.608678', 'put_channel : 2015-04-18 10:35:31.608594 : channel tb0, group 0')
('2015-04-18 10:35:32.571118', 'put_channel : 2015-04-18 10:35:32.570979 : channel tb0, group 0')
('2015-04-18 10:35:33.145501', 'put_channel : 2015-04-18 10:35:33.145356 : channel tb0, group 0')
('2015-04-18 10:35:34.072947', 'put_channel : 2015-04-18 10:35:34.072865 : channel tb0, group 0')
('2015-04-18 10:35:34.074922', 'put_channel : 2015-04-18 10:35:34.074875 : channel tb0, group 1')
('2015-04-18 10:35:35.577887', 'put_channel : 2015-04-18 10:35:35.577647 : channel tb0, group 0')
('2015-04-18 10:35:35.579182', 'put_channel : 2015-04-18 10:35:35.579016 : channel tb0, group 1')
('2015-04-18 10:35:37.150367', 'put_channel : 2015-04-18 10:35:37.150226 : channel tb0, group 0')
('2015-04-18 10:35:49.659551', 'put_channel : 2015-04-18 10:35:49.659405 : channel tb0, group 1')
('2015-04-18 10:35:51.132905', 'put_channel : 2015-04-18 10:35:51.132762 : channel tb0, group 1')
('2015-04-18 10:35:52.603917', 'put_channel : 2015-04-18 10:35:52.603740 : channel tb0, group 1')
('2015-04-18 10:35:54.138783', 'put_channel : 2015-04-18 10:35:54.138699 : channel tb0, group 1')
('2015-04-18 10:36:09.116329', 'put_channel : 2015-04-18 10:36:09.116240 : channel tb0, group 1')
('2015-04-18 10:36:10.653232', 'put_channel : 2015-04-18 10:36:10.653083 : channel tb0, group 1')
('2015-04-18 10:37:13.882898', 'put_channel : 2015-04-18 10:37:13.882739 : channel tb0, group 1')
('2015-04-18 11:27:42.006577', 'put_channel : 2015-04-18 11:27:42.006441 : channel tb1, group 0')
('2015-04-18 11:27:43.007402', 'put_channel : 2015-04-18 11:27:43.007273 : channel tb1, group 1')
('2015-04-18 11:27:43.509906', 'put_channel : 2015-04-18 11:27:43.509773 : channel tb1, group 1')
('2015-04-18 11:27:49.556965', 'put_channel : 2015-04-18 11:27:49.556791 : channel tb1, group 0')
('2015-04-18 11:27:49.557679', 'put_channel : 2015-04-18 11:27:49.557596 : channel tb1, group 0')
('2015-04-18 11:27:50.521289', 'put_channel : 2015-04-18 11:27:50.521135 : channel tb1, group 0')
('2015-04-18 11:27:51.009780', 'put_channel : 2015-04-18 11:27:51.009647 : channel tb1, group 0')
('2015-04-18 11:27:51.010563', 'put_channel : 2015-04-18 11:27:51.010487 : channel tb1, group 0')
('2015-04-18 11:27:52.017554', 'put_channel : 2015-04-18 11:27:52.017414 : channel tb1, group 0')
('2015-04-18 11:27:52.508547', 'put_channel : 2015-04-18 11:27:52.508425 : channel tb1, group 0')
('2015-04-18 11:27:56.506576', 'put_channel : 2015-04-18 11:27:56.506493 : channel tb1, group 1')
('2015-04-18 11:27:57.008253', 'put_channel : 2015-04-18 11:27:57.008179 : channel tb1, group 1')
('2015-04-18 11:28:07.011071', 'put_channel : 2015-04-18 11:28:07.010933 : channel tb1, group 0')
('2015-04-18 11:28:07.508170', 'put_channel : 2015-04-18 11:28:07.508039 : channel tb1, group 0')
('2015-04-18 11:28:07.509940', 'put_channel : 2015-04-18 11:28:07.509824 : channel tb1, group 0')
('2015-04-18 11:28:08.520712', 'put_channel : 2015-04-18 11:28:08.520630 : channel tb1, group 0')
('2015-04-18 11:28:09.033680', 'put_channel : 2015-04-18 11:28:09.033511 : channel tb1, group 0')
('2015-04-18 11:28:16.059908', 'put_channel : 2015-04-18 11:28:16.059725 : channel tb1, group 1')
('2015-04-18 11:28:16.538572', 'put_channel : 2015-04-18 11:28:16.538490 : channel tb1, group 1')
('2015-04-18 11:28:19.019355', 'put_channel : 2015-04-18 11:28:19.019180 : channel tb1, group 1')
('2015-04-18 11:28:27.035055', 'put_channel : 2015-04-18 11:28:27.034923 : channel tb1, group 0')
('2015-04-18 11:28:29.505572', 'put_channel : 2015-04-18 11:28:29.505433 : channel tb1, group 0')
('2015-04-18 11:28:29.512618', 'put_channel : 2015-04-18 11:28:29.512540 : channel tb1, group 0')
('2015-04-18 11:28:29.562311', 'put_channel : 2015-04-18 11:28:29.562236 : channel tb1, group 0')
('2015-04-18 11:28:30.042633', 'put_channel : 2015-04-18 11:28:30.042495 : channel tb1, group 0')
('2015-04-18 11:28:32.522807', 'put_channel : 2015-04-18 11:28:32.522668 : channel tb1, group 0')
('2015-04-18 11:28:33.033174', 'put_channel : 2015-04-18 11:28:33.033041 : channel tb1, group 0')
('2015-04-18 11:28:37.085445', 'put_channel : 2015-04-18 11:28:37.085300 : channel tb1, group 1')
('2015-04-18 11:28:37.510710', 'put_channel : 2015-04-18 11:28:37.510635 : channel tb1, group 1')
('2015-04-18 11:28:37.531690', 'put_channel : 2015-04-18 11:28:37.531584 : channel tb1, group 1')
('2015-04-18 11:28:39.010396', 'put_channel : 2015-04-18 11:28:39.010324 : channel tb1, group 1')
('2015-04-18 11:28:44.569430', 'put_channel : 2015-04-18 11:28:44.569289 : channel tb1, group 0')
('2015-04-18 11:28:45.035304', 'put_channel : 2015-04-18 11:28:45.035155 : channel tb1, group 0')
('2015-04-18 11:28:46.006047', 'put_channel : 2015-04-18 11:28:46.005900 : channel tb1, group 0')
('2015-04-18 11:28:46.512297', 'put_channel : 2015-04-18 11:28:46.512222 : channel tb1, group 0')
('2015-04-18 11:28:52.513616', 'put_channel : 2015-04-18 11:28:52.513484 : channel tb1, group 1')
('2015-04-18 11:28:54.043980', 'put_channel : 2015-04-18 11:28:54.043809 : channel tb1, group 1')
('2015-04-18 11:28:55.005818', 'put_channel : 2015-04-18 11:28:55.005678 : channel tb1, group 0')
('2015-04-18 11:28:55.066763', 'put_channel : 2015-04-18 11:28:55.066656 : channel tb1, group 0')
('2015-04-18 11:28:55.515565', 'put_channel : 2015-04-18 11:28:55.515435 : channel tb1, group 0')
('2015-04-18 11:28:56.506672', 'put_channel : 2015-04-18 11:28:56.506592 : channel tb1, group 0')
('2015-04-18 11:28:58.005588', 'put_channel : 2015-04-18 11:28:58.005450 : channel tb1, group 0')
('2015-04-18 11:28:59.505237', 'put_channel : 2015-04-18 11:28:59.505102 : channel tb1, group 0')
('2015-04-18 11:29:07.005850', 'put_channel : 2015-04-18 11:29:07.005709 : channel tb1, group 0')
('2015-04-18 11:29:07.064074', 'put_channel : 2015-04-18 11:29:07.064013 : channel tb1, group 0')
('2015-04-18 11:29:08.504794', 'put_channel : 2015-04-18 11:29:08.504706 : channel tb1, group 0')
('2015-04-18 11:29:10.005437', 'put_channel : 2015-04-18 11:29:10.005296 : channel tb1, group 0')
('2015-04-18 11:29:10.016586', 'put_channel : 2015-04-18 11:29:10.016538 : channel tb1, group 0')
('2015-04-18 11:29:11.578977', 'put_channel : 2015-04-18 11:29:11.578897 : channel tb1, group 0')
('2015-04-18 11:29:13.508336', 'put_channel : 2015-04-18 11:29:13.508249 : channel tb1, group 0')
('2015-04-18 11:29:13.509025', 'put_channel : 2015-04-18 11:29:13.508983 : channel tb1, group 0')
('2015-04-18 11:29:13.626811', 'put_channel : 2015-04-18 11:29:13.626719 : channel tb1, group 0')
('2015-04-18 11:29:14.587202', 'put_channel : 2015-04-18 11:29:14.587117 : channel tb1, group 1')
('2015-04-18 11:29:16.636278', 'put_channel : 2015-04-18 11:29:16.636133 : channel tb1, group 1')
('2015-04-18 11:29:17.516166', 'put_channel : 2015-04-18 11:29:17.516012 : channel tb1, group 1')
('2015-04-18 11:29:28.018341', 'put_channel : 2015-04-18 11:29:28.018216 : channel tb1, group 0')
('2015-04-18 11:29:28.508700', 'put_channel : 2015-04-18 11:29:28.508627 : channel tb1, group 0')
('2015-04-18 11:29:30.008357', 'put_channel : 2015-04-18 11:29:30.008225 : channel tb1, group 0')
('2015-04-18 11:29:31.065567', 'put_channel : 2015-04-18 11:29:31.065417 : channel tb1, group 0')
('2015-04-18 11:29:32.571794', 'put_channel : 2015-04-18 11:29:32.571653 : channel tb1, group 0')
('2015-04-18 11:29:33.009150', 'put_channel : 2015-04-18 11:29:33.009027 : channel tb1, group 0')
('2015-04-18 11:29:34.007869', 'put_channel : 2015-04-18 11:29:34.007728 : channel tb1, group 1')
('2015-04-18 11:29:34.510201', 'put_channel : 2015-04-18 11:29:34.510065 : channel tb1, group 0')
('2015-04-18 11:29:35.511227', 'put_channel : 2015-04-18 11:29:35.511087 : channel tb1, group 1')
('2015-04-18 11:29:35.580403', 'put_channel : 2015-04-18 11:29:35.580302 : channel tb1, group 1')
('2015-04-18 11:29:36.010182', 'close_channel : 2015-04-18 11:27:43.007273')
('2015-04-18 11:29:36.012201', 'close_channel : 2015-04-18 11:27:43.509773')
('2015-04-18 11:29:36.012735', 'get_channel: 2015-04-18 11:27:56.506493 : 1 ')
('2015-04-18 11:29:36.012796', 'fd_channel : login[0] 0 login[1] 0 , tb0[0] 68 tb0[1] 62 , tb1[0] 46 tb1[1] 16')
('2015-04-18 11:29:36.014220', 'get_channel: 2015-04-18 11:27:57.008179 : 1 ')
('2015-04-18 11:29:36.014265', 'fd_channel : login[0] 0 login[1] 0 , tb0[0] 68 tb0[1] 62 , tb1[0] 46 tb1[1] 15')
('2015-04-18 11:29:36.015087', 'get_channel: 2015-04-18 11:28:16.059725 : 1 ')
('2015-04-18 11:29:36.015131', 'fd_channel : login[0] 0 login[1] 0 , tb0[0] 68 tb0[1] 62 , tb1[0] 46 tb1[1] 14')
('2015-04-18 11:29:36.016077', 'get_channel: 2015-04-18 11:28:16.538490 : 1 ')
('2015-04-18 11:29:36.016120', 'fd_channel : login[0] 0 login[1] 0 , tb0[0] 68 tb0[1] 62 , tb1[0] 46 tb1[1] 13')
('2015-04-18 11:29:36.016957', 'get_channel: 2015-04-18 11:28:19.019180 : 1 ')
('2015-04-18 11:29:36.017000', 'fd_channel : login[0] 0 login[1] 0 , tb0[0] 68 tb0[1] 62 , tb1[0] 46 tb1[1] 12')
('2015-04-18 11:29:36.017604', 'get_channel: 2015-04-18 11:28:37.085300 : 1 ')
('2015-04-18 11:29:36.017691', 'fd_channel : login[0] 0 login[1] 0 , tb0[0] 68 tb0[1] 62 , tb1[0] 46 tb1[1] 11')
('2015-04-18 11:29:36.018962', 'put_channel : 2015-04-18 11:29:36.018917 : channel tb1, group 0')
('2015-04-18 11:29:36.019696', 'get_channel: 2015-04-18 11:28:37.510635 : 1 ')
('2015-04-18 11:29:36.019778', 'fd_channel : login[0] 0 login[1] 0 , tb0[0] 68 tb0[1] 62 , tb1[0] 47 tb1[1] 10')
('2015-04-18 11:29:36.021127', 'get_channel: 2015-04-18 11:28:37.531584 : 1 ')
('2015-04-18 11:29:36.021209', 'fd_channel : login[0] 0 login[1] 0 , tb0[0] 68 tb0[1] 62 , tb1[0] 47 tb1[1] 9')
('2015-04-18 11:29:36.030799', 'close_channel : 2015-04-18 11:28:37.510635')
('2015-04-18 11:29:36.152988', 'close_channel : 2015-04-18 11:27:42.006441')
('2015-04-18 11:29:36.153892', 'get_channel: 2015-04-18 11:28:39.010324 : 1 ')
('2015-04-18 11:29:36.153994', 'fd_channel : login[0] 0 login[1] 0 , tb0[0] 68 tb0[1] 62 , tb1[0] 46 tb1[1] 8')
('2015-04-18 11:29:36.154882', 'get_channel: 2015-04-18 11:27:49.556791 : 0 ')
('2015-04-18 11:29:36.155053', 'fd_channel : login[0] 0 login[1] 0 , tb0[0] 68 tb0[1] 62 , tb1[0] 45 tb1[1] 8')
('2015-04-18 11:29:36.232404', 'close_channel : 2015-04-18 11:28:19.019180')
('2015-04-18 11:29:36.315103', 'get_channel: 2015-04-18 11:27:49.557596 : 0 ')
('2015-04-18 11:29:36.315190', 'fd_channel : login[0] 0 login[1] 0 , tb0[0] 68 tb0[1] 62 , tb1[0] 44 tb1[1] 8')
('2015-04-18 11:29:36.317026', 'get_channel: 2015-04-18 11:28:52.513484 : 1 ')
('2015-04-18 11:29:36.317123', 'fd_channel : login[0] 0 login[1] 0 , tb0[0] 68 tb0[1] 62 , tb1[0] 44 tb1[1] 7')
('2015-04-18 11:29:36.326766', 'close_channel : 2015-04-18 11:28:52.513484')
('2015-04-18 11:29:36.331296', 'close_channel : 2015-04-18 11:27:49.557596')
('2015-04-18 11:29:37.006635', 'put_channel : 2015-04-18 11:29:37.006544 : channel tb1, group 1')
('2015-04-18 11:29:37.451253', 'close_channel : 2015-04-18 11:28:16.538490')
('2015-04-18 11:29:37.451779', 'close_channel : 2015-04-18 11:27:57.008179')
('2015-04-18 11:29:37.454536', 'close_channel : 2015-04-18 11:28:16.059725')
('2015-04-18 11:29:37.455018', 'close_channel : 2015-04-18 11:27:56.506493')
('2015-04-18 11:29:37.509862', 'put_channel : 2015-04-18 11:29:37.509747 : channel tb1, group 0')
('2015-04-18 11:29:37.545421', 'get_channel: 2015-04-18 11:27:50.521135 : 0 ')
('2015-04-18 11:29:37.545553', 'fd_channel : login[0] 0 login[1] 0 , tb0[0] 68 tb0[1] 62 , tb1[0] 44 tb1[1] 8')
('2015-04-18 11:29:37.547543', 'get_channel: 2015-04-18 11:28:54.043809 : 1 ')
('2015-04-18 11:29:37.547643', 'fd_channel : login[0] 0 login[1] 0 , tb0[0] 68 tb0[1] 62 , tb1[0] 44 tb1[1] 7')
('2015-04-18 11:29:37.564337', 'close_channel : 2015-04-18 11:28:54.043809')
('2015-04-18 11:29:37.629965', 'get_channel: 2015-04-18 11:27:51.009647 : 0 ')
('2015-04-18 11:29:37.630068', 'fd_channel : login[0] 0 login[1] 0 , tb0[0] 68 tb0[1] 62 , tb1[0] 43 tb1[1] 7')
('2015-04-18 11:29:37.631276', 'get_channel: 2015-04-18 11:29:14.587117 : 1 ')
('2015-04-18 11:29:37.631393', 'fd_channel : login[0] 0 login[1] 0 , tb0[0] 68 tb0[1] 62 , tb1[0] 43 tb1[1] 6')
('2015-04-18 11:29:37.648367', 'close_channel : 2015-04-18 11:28:39.010324')
('2015-04-18 11:29:37.665089', 'close_channel : 2015-04-18 11:29:14.587117')
('2015-04-18 11:29:37.667144', 'get_channel: 2015-04-18 11:27:51.010487 : 0 ')
('2015-04-18 11:29:37.667255', 'fd_channel : login[0] 0 login[1] 0 , tb0[0] 68 tb0[1] 62 , tb1[0] 42 tb1[1] 6')
('2015-04-18 11:29:37.670712', 'get_channel: 2015-04-18 11:29:16.636133 : 1 ')
('2015-04-18 11:29:37.670812', 'fd_channel : login[0] 0 login[1] 0 , tb0[0] 68 tb0[1] 62 , tb1[0] 42 tb1[1] 5')
('2015-04-18 11:29:37.677171', 'get_channel: 2015-04-18 11:27:52.017414 : 0 ')
('2015-04-18 11:29:37.677218', 'fd_channel : login[0] 0 login[1] 0 , tb0[0] 68 tb0[1] 62 , tb1[0] 41 tb1[1] 5')
('2015-04-18 11:29:37.678047', 'get_channel: 2015-04-18 11:29:17.516012 : 1 ')
('2015-04-18 11:29:37.678091', 'fd_channel : login[0] 0 login[1] 0 , tb0[0] 68 tb0[1] 62 , tb1[0] 41 tb1[1] 4')
('2015-04-18 11:29:37.696555', 'close_channel : 2015-04-18 11:29:16.636133')
('2015-04-18 11:29:37.699482', 'close_channel : 2015-04-18 11:29:17.516012')
('2015-04-18 11:29:37.814223', 'close_channel : 2015-04-18 11:27:49.556791')
('2015-04-18 11:29:38.507848', 'put_channel : 2015-04-18 11:29:38.507703 : channel tb1, group 1')
('2015-04-18 11:29:38.587315', 'put_channel : 2015-04-18 11:29:38.587177 : channel tb1, group 1')
('2015-04-18 11:29:39.090292', 'close_channel : 2015-04-18 11:28:37.085300')
('2015-04-18 11:29:39.204020', 'get_channel: 2015-04-18 11:27:52.508425 : 0 ')
('2015-04-18 11:29:39.204071', 'fd_channel : login[0] 0 login[1] 0 , tb0[0] 68 tb0[1] 62 , tb1[0] 40 tb1[1] 6')
('2015-04-18 11:29:39.205067', 'get_channel: 2015-04-18 11:29:34.007728 : 1 ')
('2015-04-18 11:29:39.205113', 'fd_channel : login[0] 0 login[1] 0 , tb0[0] 68 tb0[1] 62 , tb1[0] 40 tb1[1] 5')
('2015-04-18 11:29:39.219969', 'close_channel : 2015-04-18 11:29:34.007728')
('2015-04-18 11:29:40.630923', 'close_channel : 2015-04-18 11:27:50.521135')
('2015-04-18 11:29:41.506914', 'put_channel : 2015-04-18 11:29:41.506793 : channel tb1, group 1')
('2015-04-18 11:29:42.010103', 'put_channel : 2015-04-18 11:29:42.009922 : channel tb1, group 0')
('2015-04-18 11:29:42.168784', 'put_channel : 2015-04-18 11:29:42.168640 : channel tb1, group 0')
('2015-04-18 11:29:43.023636', 'get_channel: 2015-04-18 11:29:35.511087 : 1 ')
('2015-04-18 11:29:43.023687', 'fd_channel : login[0] 0 login[1] 0 , tb0[0] 68 tb0[1] 62 , tb1[0] 42 tb1[1] 5')
('2015-04-18 11:29:43.032607', 'close_channel : 2015-04-18 11:29:35.511087')
('2015-04-18 11:29:43.236627', 'get_channel: 2015-04-18 11:28:07.010933 : 0 ')
('2015-04-18 11:29:43.236681', 'fd_channel : login[0] 0 login[1] 0 , tb0[0] 68 tb0[1] 62 , tb1[0] 41 tb1[1] 5')
('2015-04-18 11:29:43.237580', 'get_channel: 2015-04-18 11:29:35.580302 : 1 ')
('2015-04-18 11:29:43.237626', 'fd_channel : login[0] 0 login[1] 0 , tb0[0] 68 tb0[1] 62 , tb1[0] 41 tb1[1] 4')
('2015-04-18 11:29:43.259276', 'close_channel : 2015-04-18 11:29:35.580302')
('2015-04-18 11:29:43.906840', 'close_channel : 2015-04-18 11:28:07.010933')
('2015-04-18 11:29:47.579501', 'put_channel : 2015-04-18 11:29:47.579416 : channel tb1, group 1')
('2015-04-18 11:29:50.559370', 'close_channel : 2015-04-18 11:27:51.010487')
('2015-04-18 11:29:50.560429', 'close_channel : 2015-04-18 11:27:52.017414')
('2015-04-18 11:29:51.010167', 'get_channel: 2015-04-18 11:29:37.006544 : 1 ')
('2015-04-18 11:29:51.010238', 'fd_channel : login[0] 0 login[1] 0 , tb0[0] 68 tb0[1] 62 , tb1[0] 41 tb1[1] 4')
('2015-04-18 11:29:51.011825', 'get_channel: 2015-04-18 11:29:38.507703 : 1 ')
('2015-04-18 11:29:51.011872', 'fd_channel : login[0] 0 login[1] 0 , tb0[0] 68 tb0[1] 62 , tb1[0] 41 tb1[1] 3')
('2015-04-18 11:29:51.013938', 'get_channel: 2015-04-18 11:29:38.587177 : 1 ')
('2015-04-18 11:29:51.014049', 'fd_channel : login[0] 0 login[1] 0 , tb0[0] 68 tb0[1] 62 , tb1[0] 41 tb1[1] 2')
('2015-04-18 11:29:51.016092', 'get_channel: 2015-04-18 11:29:41.506793 : 1 ')
('2015-04-18 11:29:51.016288', 'fd_channel : login[0] 0 login[1] 0 , tb0[0] 68 tb0[1] 62 , tb1[0] 41 tb1[1] 1')
('2015-04-18 11:29:51.018380', 'get_channel: 2015-04-18 11:29:47.579416 : 1 ')
('2015-04-18 11:29:51.018426', 'fd_channel : login[0] 0 login[1] 0 , tb0[0] 68 tb0[1] 62 , tb1[0] 41 tb1[1] 0')
('2015-04-18 11:29:51.022438', 'close_channel : 2015-04-18 11:29:37.006544')
('2015-04-18 11:29:51.023426', 'close_channel : 2015-04-18 11:29:38.507703')
('2015-04-18 11:29:51.027062', 'close_channel : 2015-04-18 11:29:41.506793')
('2015-04-18 11:29:51.028307', 'close_channel : 2015-04-18 11:29:38.587177')
('2015-04-18 11:29:51.035488', 'close_channel : 2015-04-18 11:29:47.579416')
('2015-04-18 11:29:51.151980', 'get_channel: 2015-04-18 11:28:07.508039 : 0 ')
('2015-04-18 11:29:51.152092', 'fd_channel : login[0] 0 login[1] 0 , tb0[0] 68 tb0[1] 62 , tb1[0] 40 tb1[1] 0')
('2015-04-18 11:29:51.155321', 'get_channel: 2015-04-18 11:28:07.509824 : 0 ')
('2015-04-18 11:29:51.155367', 'fd_channel : login[0] 0 login[1] 0 , tb0[0] 68 tb0[1] 62 , tb1[0] 39 tb1[1] 0')
('2015-04-18 11:29:51.178892', 'get_channel: 2015-04-18 11:28:08.520630 : 0 ')
('2015-04-18 11:29:51.178951', 'fd_channel : login[0] 0 login[1] 0 , tb0[0] 68 tb0[1] 62 , tb1[0] 38 tb1[1] 0')
('2015-04-18 11:29:51.211018', 'get_channel: 2015-04-18 11:28:09.033511 : 0 ')
('2015-04-18 11:29:51.211158', 'fd_channel : login[0] 0 login[1] 0 , tb0[0] 68 tb0[1] 62 , tb1[0] 37 tb1[1] 0')
('2015-04-18 11:29:51.347386', 'get_channel: 2015-04-18 11:28:27.034923 : 0 ')
('2015-04-18 11:29:51.347492', 'fd_channel : login[0] 0 login[1] 0 , tb0[0] 68 tb0[1] 62 , tb1[0] 36 tb1[1] 0')
('2015-04-18 11:29:51.369254', 'close_channel : 2015-04-18 11:28:07.508039')
('2015-04-18 11:29:52.020100', 'put_channel : 2015-04-18 11:29:52.019955 : channel tb1, group 1')
('2015-04-18 11:29:52.020905', 'get_channel: 2015-04-18 11:29:52.019955 : 1 ')
('2015-04-18 11:29:52.021017', 'fd_channel : login[0] 0 login[1] 0 , tb0[0] 68 tb0[1] 62 , tb1[0] 36 tb1[1] 0')
('2015-04-18 11:29:52.028805', 'close_channel : 2015-04-18 11:29:52.019955')
('2015-04-18 11:29:52.358805', 'get_channel: None ')
('2015-04-18 11:29:52.358968', 'fd_channel : login[0] 0 login[1] 0 , tb0[0] 68 tb0[1] 62 , tb1[0] 36 tb1[1] 0')
('2015-04-18 11:29:52.381654', 'get_channel: None ')
('2015-04-18 11:29:52.381786', 'fd_channel : login[0] 0 login[1] 0 , tb0[0] 68 tb0[1] 62 , tb1[0] 36 tb1[1] 0')
('2015-04-18 11:29:52.414718', 'get_channel: None ')
('2015-04-18 11:29:52.414785', 'fd_channel : login[0] 0 login[1] 0 , tb0[0] 68 tb0[1] 62 , tb1[0] 36 tb1[1] 0')
('2015-04-18 11:29:52.550311', 'get_channel: None ')
('2015-04-18 11:29:52.550387', 'fd_channel : login[0] 0 login[1] 0 , tb0[0] 68 tb0[1] 62 , tb1[0] 36 tb1[1] 0')
('2015-04-18 11:29:52.653450', 'close_channel : 2015-04-18 11:28:09.033511')
('2015-04-18 11:29:53.124690', 'get_channel: None ')
('2015-04-18 11:29:53.124845', 'fd_channel : login[0] 0 login[1] 0 , tb0[0] 68 tb0[1] 62 , tb1[0] 36 tb1[1] 0')
('2015-04-18 11:29:53.125528', 'get_channel: None ')
('2015-04-18 11:29:53.125619', 'fd_channel : login[0] 0 login[1] 0 , tb0[0] 68 tb0[1] 62 , tb1[0] 36 tb1[1] 0')
('2015-04-18 11:29:53.126229', 'get_channel: None ')
('2015-04-18 11:29:53.126330', 'fd_channel : login[0] 0 login[1] 0 , tb0[0] 68 tb0[1] 62 , tb1[0] 36 tb1[1] 0')
('2015-04-18 11:29:53.158482', 'get_channel: 2015-04-18 11:28:29.505433 : 0 ')
('2015-04-18 11:29:53.158596', 'fd_channel : login[0] 0 login[1] 0 , tb0[0] 68 tb0[1] 62 , tb1[0] 35 tb1[1] 0')
('2015-04-18 11:29:53.181406', 'get_channel: 2015-04-18 11:28:29.512540 : 0 ')
('2015-04-18 11:29:53.181470', 'fd_channel : login[0] 0 login[1] 0 , tb0[0] 68 tb0[1] 62 , tb1[0] 34 tb1[1] 0')
('2015-04-18 11:29:53.351198', 'get_channel: 2015-04-18 11:28:29.562236 : 0 ')
('2015-04-18 11:29:53.351345', 'fd_channel : login[0] 0 login[1] 0 , tb0[0] 68 tb0[1] 62 , tb1[0] 33 tb1[1] 0')
('2015-04-18 11:29:54.139724', 'put_channel : 2015-04-18 11:29:54.139622 : channel tb1, group 1')
('2015-04-18 11:29:54.140656', 'get_channel: 2015-04-18 11:29:54.139622 : 1 ')
('2015-04-18 11:29:54.140815', 'fd_channel : login[0] 0 login[1] 0 , tb0[0] 68 tb0[1] 62 , tb1[0] 33 tb1[1] 0')
('2015-04-18 11:29:54.302578', 'close_channel : 2015-04-18 11:29:54.139622')
('2015-04-18 11:29:54.362060', 'get_channel: None ')
('2015-04-18 11:29:54.362238', 'fd_channel : login[0] 0 login[1] 0 , tb0[0] 68 tb0[1] 62 , tb1[0] 33 tb1[1] 0')
('2015-04-18 11:29:54.384740', 'get_channel: None ')
('2015-04-18 11:29:54.384891', 'fd_channel : login[0] 0 login[1] 0 , tb0[0] 68 tb0[1] 62 , tb1[0] 33 tb1[1] 0')
('2015-04-18 11:29:55.219980', 'put_channel : 2015-04-18 11:29:55.219846 : channel tb1, group 0')
('2015-04-18 11:29:55.329955', 'get_channel: None ')
('2015-04-18 11:29:55.330140', 'fd_channel : login[0] 0 login[1] 0 , tb0[0] 68 tb0[1] 62 , tb1[0] 34 tb1[1] 0')
('2015-04-18 11:29:55.330706', 'get_channel: None ')
('2015-04-18 11:29:55.330825', 'fd_channel : login[0] 0 login[1] 0 , tb0[0] 68 tb0[1] 62 , tb1[0] 34 tb1[1] 0')
('2015-04-18 11:29:55.331486', 'get_channel: None ')
('2015-04-18 11:29:55.331606', 'fd_channel : login[0] 0 login[1] 0 , tb0[0] 68 tb0[1] 62 , tb1[0] 34 tb1[1] 0')
('2015-04-18 11:29:57.535233', 'get_channel: None ')
('2015-04-18 11:29:57.535328', 'fd_channel : login[0] 0 login[1] 0 , tb0[0] 68 tb0[1] 62 , tb1[0] 34 tb1[1] 0')
('2015-04-18 11:29:57.535766', 'get_channel: None ')
('2015-04-18 11:29:57.535819', 'fd_channel : login[0] 0 login[1] 0 , tb0[0] 68 tb0[1] 62 , tb1[0] 34 tb1[1] 0')
('2015-04-18 11:29:57.536092', 'get_channel: None ')
('2015-04-18 11:29:57.536141', 'fd_channel : login[0] 0 login[1] 0 , tb0[0] 68 tb0[1] 62 , tb1[0] 34 tb1[1] 0')
('2015-04-18 11:29:59.530841', 'close_channel : 2015-04-18 11:28:29.512540')
('2015-04-18 11:29:59.740357', 'get_channel: None ')
('2015-04-18 11:29:59.740548', 'fd_channel : login[0] 0 login[1] 0 , tb0[0] 68 tb0[1] 62 , tb1[0] 34 tb1[1] 0')
('2015-04-18 11:29:59.740911', 'get_channel: None ')
('2015-04-18 11:29:59.741010', 'fd_channel : login[0] 0 login[1] 0 , tb0[0] 68 tb0[1] 62 , tb1[0] 34 tb1[1] 0')
('2015-04-18 11:29:59.741382', 'get_channel: None ')
('2015-04-18 11:29:59.741476', 'fd_channel : login[0] 0 login[1] 0 , tb0[0] 68 tb0[1] 62 , tb1[0] 34 tb1[1] 0')
('2015-04-18 11:30:00.127490', 'get_channel: None ')
('2015-04-18 11:30:00.127567', 'fd_channel : login[0] 0 login[1] 0 , tb0[0] 68 tb0[1] 62 , tb1[0] 34 tb1[1] 0')
('2015-04-18 11:30:00.128185', 'get_channel: None ')
('2015-04-18 11:30:00.128264', 'fd_channel : login[0] 0 login[1] 0 , tb0[0] 68 tb0[1] 62 , tb1[0] 34 tb1[1] 0')
('2015-04-18 11:30:00.130166', 'get_channel: None ')
('2015-04-18 11:30:00.130219', 'fd_channel : login[0] 0 login[1] 0 , tb0[0] 68 tb0[1] 62 , tb1[0] 34 tb1[1] 0')
('2015-04-18 11:30:00.753978', 'worker [4] stopping')
('2015-04-18 11:30:02.332761', 'get_channel: None ')
('2015-04-18 11:30:02.332923', 'fd_channel : login[0] 0 login[1] 0 , tb0[0] 68 tb0[1] 62 , tb1[0] 34 tb1[1] 0')
('2015-04-18 11:30:02.333540', 'get_channel: None ')
('2015-04-18 11:30:02.333594', 'fd_channel : login[0] 0 login[1] 0 , tb0[0] 68 tb0[1] 62 , tb1[0] 34 tb1[1] 0')
('2015-04-18 11:30:02.333963', 'get_channel: None ')
('2015-04-18 11:30:02.334060', 'fd_channel : login[0] 0 login[1] 0 , tb0[0] 68 tb0[1] 62 , tb1[0] 34 tb1[1] 0')
('2015-04-18 11:30:02.520750', 'put_channel : 2015-04-18 11:30:02.520671 : channel tb1, group 0')
('2015-04-18 11:30:04.539008', 'get_channel: None ')
('2015-04-18 11:30:04.539105', 'fd_channel : login[0] 0 login[1] 0 , tb0[0] 68 tb0[1] 62 , tb1[0] 35 tb1[1] 0')
('2015-04-18 11:30:04.539401', 'get_channel: None ')
('2015-04-18 11:30:04.539456', 'fd_channel : login[0] 0 login[1] 0 , tb0[0] 68 tb0[1] 62 , tb1[0] 35 tb1[1] 0')
('2015-04-18 11:30:04.539927', 'get_channel: None ')
('2015-04-18 11:30:04.540053', 'fd_channel : login[0] 0 login[1] 0 , tb0[0] 68 tb0[1] 62 , tb1[0] 35 tb1[1] 0')
('2015-04-18 11:30:04.654385', 'put_channel : 2015-04-18 11:30:04.654334 : channel tb1, group 0')
('2015-04-18 11:30:05.520789', 'put_channel : 2015-04-18 11:30:05.520708 : channel tb1, group 0')
('2015-04-18 11:30:06.041204', 'put_channel : 2015-04-18 11:30:06.041100 : channel tb1, group 0')
('2015-04-18 11:30:06.045171', 'close_channel : 2015-04-18 11:28:29.505433')
('2015-04-18 11:30:06.743875', 'get_channel: None ')
('2015-04-18 11:30:06.744059', 'fd_channel : login[0] 0 login[1] 0 , tb0[0] 68 tb0[1] 62 , tb1[0] 38 tb1[1] 0')
('2015-04-18 11:30:06.744599', 'get_channel: None ')
('2015-04-18 11:30:06.744688', 'fd_channel : login[0] 0 login[1] 0 , tb0[0] 68 tb0[1] 62 , tb1[0] 38 tb1[1] 0')
('2015-04-18 11:30:06.745079', 'get_channel: None ')
('2015-04-18 11:30:06.745141', 'fd_channel : login[0] 0 login[1] 0 , tb0[0] 68 tb0[1] 62 , tb1[0] 38 tb1[1] 0')
('2015-04-18 11:30:07.128933', 'get_channel: None ')
('2015-04-18 11:30:07.129035', 'fd_channel : login[0] 0 login[1] 0 , tb0[0] 68 tb0[1] 62 , tb1[0] 38 tb1[1] 0')
('2015-04-18 11:30:07.129654', 'get_channel: None ')
('2015-04-18 11:30:07.129777', 'fd_channel : login[0] 0 login[1] 0 , tb0[0] 68 tb0[1] 62 , tb1[0] 38 tb1[1] 0')
('2015-04-18 11:30:07.130839', 'get_channel: None ')
('2015-04-18 11:30:07.130900', 'fd_channel : login[0] 0 login[1] 0 , tb0[0] 68 tb0[1] 62 , tb1[0] 38 tb1[1] 0')
('2015-04-18 11:30:07.530726', 'put_channel : 2015-04-18 11:30:07.530686 : channel tb1, group 1')
('2015-04-18 11:30:07.531049', 'get_channel: 2015-04-18 11:30:07.530686 : 1 ')
('2015-04-18 11:30:07.531101', 'fd_channel : login[0] 0 login[1] 0 , tb0[0] 68 tb0[1] 62 , tb1[0] 38 tb1[1] 0')
('2015-04-18 11:30:07.537653', 'close_channel : 2015-04-18 11:30:07.530686')
('2015-04-18 11:30:07.641453', 'put_channel : 2015-04-18 11:30:07.641305 : channel tb1, group 0')
('2015-04-18 11:30:09.334049', 'get_channel: None ')
('2015-04-18 11:30:09.334151', 'fd_channel : login[0] 0 login[1] 0 , tb0[0] 68 tb0[1] 62 , tb1[0] 39 tb1[1] 0')
('2015-04-18 11:30:09.334376', 'get_channel: None ')
('2015-04-18 11:30:09.334427', 'fd_channel : login[0] 0 login[1] 0 , tb0[0] 68 tb0[1] 62 , tb1[0] 39 tb1[1] 0')
('2015-04-18 11:30:11.539425', 'get_channel: None ')
('2015-04-18 11:30:11.539590', 'fd_channel : login[0] 0 login[1] 0 , tb0[0] 68 tb0[1] 62 , tb1[0] 39 tb1[1] 0')
('2015-04-18 11:30:11.540280', 'get_channel: None ')
('2015-04-18 11:30:11.540382', 'fd_channel : login[0] 0 login[1] 0 , tb0[0] 68 tb0[1] 62 , tb1[0] 39 tb1[1] 0')
('2015-04-18 11:30:12.025409', 'put_channel : 2015-04-18 11:30:12.025271 : channel tb1, group 0')
('2015-04-18 11:30:13.532082', 'put_channel : 2015-04-18 11:30:13.531989 : channel tb1, group 1')
('2015-04-18 11:30:13.533074', 'get_channel: 2015-04-18 11:30:13.531989 : 1 ')
('2015-04-18 11:30:13.533212', 'fd_channel : login[0] 0 login[1] 0 , tb0[0] 68 tb0[1] 62 , tb1[0] 40 tb1[1] 0')
('2015-04-18 11:30:13.745618', 'get_channel: None ')
('2015-04-18 11:30:13.745752', 'fd_channel : login[0] 0 login[1] 0 , tb0[0] 68 tb0[1] 62 , tb1[0] 40 tb1[1] 0')
('2015-04-18 11:30:19.075434', 'put_channel : 2015-04-18 11:30:19.075350 : channel tb1, group 0')
('2015-04-18 11:30:29.784980', 'close_channel : 2015-04-18 11:27:51.009647')
('2015-04-18 11:30:31.065648', 'put_channel : 2015-04-18 11:30:31.065495 : channel tb1, group 0')
('2015-04-18 11:30:33.115830', 'put_channel : 2015-04-18 11:30:33.115701 : channel tb1, group 1')
('2015-04-18 11:30:43.610031', 'put_channel : 2015-04-18 11:30:43.609887 : channel tb1, group 0')
('2015-04-18 11:30:45.145044', 'put_channel : 2015-04-18 11:30:45.144965 : channel tb1, group 0')
('2015-04-18 11:30:55.641508', 'put_channel : 2015-04-18 11:30:55.641362 : channel tb1, group 0')
