('2015-04-18 10:04:22.527189', 'client 52749591 login 陈柏源 05870031')
('2015-04-18 10:04:22.528352', 'client 52765686 login 汪俊 342701197011142220')
('2015-04-18 10:04:24.016650', 'client 52729888 login 申冉 370828197811303220')
('2015-04-18 10:04:24.025404', 'client 52811561 login 任恽 310107198609062551')
('2015-04-18 10:04:25.517915', 'client 52764591 login 杨敏妍 310115198808270660')
('2015-04-18 10:04:25.519696', 'client 52459327 login 郑宜武 362301197809202036')
('2015-04-18 10:04:27.015445', 'client 52858097 login 刘丽 341122197709281028')
('2015-04-18 10:04:27.017939', 'client 52568443 login 尹曙光 320922198204263012')
('2015-04-18 10:34:08.830651', 'client 52811561 bid 0 image 93C4E712766390450058464D09A549F6 925363 ')
('2015-04-18 10:34:09.346471', 'client 52459327 bid 0 image EB789C6E9695D54DE915E0071D3EE826 352918 ')
('2015-04-18 10:34:09.457352', 'client 52811561 bid 0 price 75200 任恽 310107198609062551')
('2015-04-18 10:34:09.568757', 'client 52459327 bid 0 price 75200 郑宜武 362301197809202036')
('2015-04-18 10:34:10.250402', 'client 52765686 bid 0 image 6B145AD8DDE83BA1AE03202EB1986928 364939 ')
('2015-04-18 10:34:10.269873', 'client 52765686 bid 0 price 75200 汪俊 342701197011142220')
('2015-04-18 10:34:10.282100', 'client 52764591 bid 0 image 2E9F5362814ABFA2D49B1FF254EAD5C4 253638 ')
('2015-04-18 10:34:10.298167', 'client 52764591 bid 0 price 75200 杨敏妍 310115198808270660')
('2015-04-18 10:34:10.485301', 'client 52858097 bid 0 image 64882902ADA332CCEC32CB8D482664E2 626480 ')
('2015-04-18 10:34:10.504331', 'client 52858097 bid 0 price 75200 刘丽 341122197709281028')
('2015-04-18 10:34:10.950244', 'client 52729888 bid 0 image 034D2888DE494AB5AAB2CDA2A5FB9937 619252 ')
('2015-04-18 10:34:14.123036', 'client 52568443 bid 0 image 51B15EAD7D57FA330B8CEEE09A4C7876 182915 ')
('2015-04-18 10:34:14.457961', 'client 52749591 bid 0 image E22E84D2CA4D2A8516C07AB5351A9751 945364 ')
('2015-04-18 10:34:15.087383', 'client 52749591 bid 0 price 75200 陈柏源 05870031')
('2015-04-18 10:34:16.050505', 'client 52729888 bid 0 price 75200 申冉 370828197811303220')
('2015-04-18 10:34:48.130345', 'client 52568443 bid 0 price Failed')
('2015-04-18 10:34:48.130522', 'client 52568443 bid 0 failed. Abort.....')
('2015-04-18 10:35:04.831080', 'client 52568443 bid 0 image D8BC291BAB0D845269E75AA6D926538F 918052 ')
('2015-04-18 10:35:07.921402', 'client 52568443 bid 0 price 75200 尹曙光 320922198204263012')
('2015-04-18 11:29:36.151829', 'client 52459327 bid 1 image 08FBE0188FBE645C12BA64FDFC43BB38 193645 ')
('2015-04-18 11:29:36.313729', 'client 52858097 bid 1 image 78656FA893A5523F6E557BDD17FEE2A9 818263 ')
('2015-04-18 11:29:36.333350', 'client 52858097 bid 1 price 80400 刘丽 341122197709281028')
('2015-04-18 11:29:37.543475', 'client 52568443 bid 1 image 4F49B085E98846803CA230B5883A227F 825261 ')
('2015-04-18 11:29:37.567051', 'client 52568443 bid 1 price 80400 尹曙光 320922198204263012')
('2015-04-18 11:29:37.627964', 'client 52764591 bid 1 image 5F676B454EF4E761C75520B4855D7E2B 838380 ')
('2015-04-18 11:29:37.650430', 'client 52459327 bid 1 price 80400 郑宜武 362301197809202036')
('2015-04-18 11:29:37.665372', 'client 52729888 bid 1 image C14E02E3AC5A34B02FEF03A70AD16AF9 160838 ')
('2015-04-18 11:29:37.669900', 'client 52764591 bid 1 price 80400 杨敏妍 310115198808270660')
('2015-04-18 11:29:37.676026', 'client 52811561 bid 1 image 87D5B163706CD69EE01831269B340A21 626051 ')
('2015-04-18 11:29:37.698497', 'client 52729888 bid 1 price 80400 申冉 370828197811303220')
('2015-04-18 11:29:37.702167', 'client 52811561 bid 1 price 80400 任恽 310107198609062551')
('2015-04-18 11:29:39.202741', 'client 52749591 bid 1 image 8F39DA491F41ACC77937046AACE368F8 290645 ')
('2015-04-18 11:29:39.221210', 'client 52749591 bid 1 price 80400 陈柏源 05870031')
('2015-04-18 11:29:43.235689', 'client 52765686 bid 1 image 7D0570BC6FB0691A356EE9138A0B8654 452635 ')
('2015-04-18 11:29:43.262096', 'client 52765686 bid 1 price 80600 汪俊 342701197011142220')
('2015-04-18 11:29:51.150526', 'client 52459327 bid 2 image 922833F9BE6B8289EA9F3A279DF7405B 361645 ')
('2015-04-18 11:29:51.154281', 'client 52749591 bid 2 image 8EB33AEDDEE4DD08E98E1CD33984797E 492616 ')
('2015-04-18 11:29:51.178176', 'client 52811561 bid 2 image 6690DA01F01CB6DDC383013C8F2A19DB 493625 ')
('2015-04-18 11:29:51.209808', 'client 52568443 bid 2 image 1B68FD8B3F6B49D0EDA2D2C57D08E542 849294 ')
('2015-04-18 11:29:51.345682', 'client 52858097 bid 2 image F64C820A34BE97CE657C8DC6A019B8DE 182839 ')
('2015-04-18 11:29:51.371601', 'client 52459327 bid 2 price 80700 郑宜武 362301197809202036')
('2015-04-18 11:29:52.655979', 'client 52568443 bid 2 price 80700 尹曙光 320922198204263012')
('2015-04-18 11:29:54.305959', 'client 52858097 bid 2 price 80700 刘丽 341122197709281028')
('2015-04-18 11:29:59.533577', 'client 52811561 bid 2 price 80700 任恽 310107198609062551')
('2015-04-18 11:30:01.381903', "client 52459327 bids finished. price : ['75200', '80400', '80700'] . Quit.....")
('2015-04-18 11:30:02.666266', "client 52568443 bids finished. price : ['75200', '80400', '80700'] . Quit.....")
('2015-04-18 11:30:04.316228', "client 52858097 bids finished. price : ['75200', '80400', '80700'] . Quit.....")
('2015-04-18 11:30:05.160887', 'client 52749591 bid 2 price Failed')
('2015-04-18 11:30:05.161101', 'client 52749591 bid 2 failed. Abort.....')
('2015-04-18 11:30:07.538931', 'client 52764591 bid 2 image Failed')
('2015-04-18 11:30:07.538993', 'client 52764591 bid 2 failed. Abort.....')
('2015-04-18 11:30:09.540650', "client 52811561 bids finished. price : ['75200', '80400', '80700'] . Quit.....")
('2015-04-18 11:30:12.025939', 'client 52729888 bid 2 image Failed')
('2015-04-18 11:30:12.026018', 'client 52729888 bid 2 failed. Abort.....')
('2015-04-18 11:30:12.026943', 'client 52765686 bid 2 image Failed')
('2015-04-18 11:30:12.027024', 'client 52765686 bid 2 failed. Abort.....')
('2015-04-18 11:30:15.171412', "client 52749591 bids finished. price : ['75200', '80400', None] . Quit.....")
('2015-04-18 11:30:17.549205', "client 52764591 bids finished. price : ['75200', '80400', None] . Quit.....")
('2015-04-18 11:30:22.036247', "client 52729888 bids finished. price : ['75200', '80400', None] . Quit.....")
('2015-04-18 11:30:22.036931', "client 52765686 bids finished. price : ['75200', '80600', None] . Quit.....")
