('2015-02-07 10:34:31.811857', 'client 52509233 bid 0 fd_image Timeout')
('2015-02-07 10:34:34.739767', '\r\n\r\n\r\n\r\n\r\n\r\n\r\n\r\n\r\n\r\n<XML><ERRORCODE>311</ERRORCODE><ERRORSTRING>图像校验码错误！</ERRORSTRING><ERRORSTRING_EN>Image checksum error！</ERRORSTRING_EN></XML>')
('2015-02-07 10:34:34.739879', "client 52508366 bid 0 fd_price ack error {'errcode': '311', 'errstring': '图像校验码错误！'}")
('2015-02-07 10:34:43.403004', '\r\n\r\n\r\n\r\n\r\n\r\n\r\n\r\n\r\n\r\n<XML><ERRORCODE>311</ERRORCODE><ERRORSTRING>图像校验码错误！</ERRORSTRING><ERRORSTRING_EN>Image checksum error！</ERRORSTRING_EN></XML>')
('2015-02-07 10:34:43.403193', "client 52530745 bid 0 fd_price ack error {'errcode': '311', 'errstring': '图像校验码错误！'}")
('2015-02-07 10:34:43.535837', '\r\n\r\n\r\n\r\n\r\n\r\n\r\n\r\n\r\n\r\n<XML><ERRORCODE>311</ERRORCODE><ERRORSTRING>图像校验码错误！</ERRORSTRING><ERRORSTRING_EN>Image checksum error！</ERRORSTRING_EN></XML>')
('2015-02-07 10:34:43.535889', "client 52704697 bid 0 fd_price ack error {'errcode': '311', 'errstring': '图像校验码错误！'}")
('2015-02-07 10:34:44.874636', '\r\n\r\n\r\n\r\n\r\n\r\n\r\n\r\n\r\n\r\n<XML><ERRORCODE>311</ERRORCODE><ERRORSTRING>图像校验码错误！</ERRORSTRING><ERRORSTRING_EN>Image checksum error！</ERRORSTRING_EN></XML>')
('2015-02-07 10:34:44.874752', "client 52596397 bid 0 fd_price ack error {'errcode': '311', 'errstring': '图像校验码错误！'}")
('2015-02-07 10:34:45.755133', 'client 52704697 bid 0 fd_price info channel error')
('2015-02-07 10:35:01.814511', 'client 52509233 bid 0 fd_image Timeout')
('2015-02-07 10:35:31.816210', 'client 52509233 bid 0 fd_image Timeout')
('2015-02-07 10:35:38.245954', 'client 52704697 bid 0 fd_price info channel error')
('2015-02-07 10:35:38.353863', '\r\n\r\n\r\n\r\n\r\n\r\n\r\n\r\n\r\n\r\n<XML><ERRORCODE>311</ERRORCODE><ERRORSTRING>图像校验码错误！</ERRORSTRING><ERRORSTRING_EN>Image checksum error！</ERRORSTRING_EN></XML>')
('2015-02-07 10:35:38.353916', "client 52704697 bid 0 fd_price ack error {'errcode': '311', 'errstring': '图像校验码错误！'}")
('2015-02-07 10:36:01.818953', 'client 52509233 bid 0 fd_image Timeout')
('2015-02-07 10:36:38.090183', '\r\n\r\n\r\n\r\n\r\n\r\n\r\n\r\n\r\n\r\n<XML><ERRORCODE>311</ERRORCODE><ERRORSTRING>图像校验码错误！</ERRORSTRING><ERRORSTRING_EN>Image checksum error！</ERRORSTRING_EN></XML>')
('2015-02-07 10:36:38.090293', "client 52509233 bid 0 fd_price ack error {'errcode': '311', 'errstring': '图像校验码错误！'}")
('2015-02-07 10:37:08.421422', 'client 52530745 bid 0 fd_price info channel error')
('2015-02-07 10:37:12.110052', 'client 52538800 bid 0 fd_price info channel error')
('2015-02-07 10:37:12.110345', 'client 52704697 bid 0 fd_price info channel error')
('2015-02-07 10:37:13.269421', 'client 52596397 bid 0 fd_price info channel error')
('2015-02-07 10:37:21.417508', '\r\n\r\n\r\n\r\n\r\n\r\n\r\n\r\n\r\n\r\n<XML><ERRORCODE>311</ERRORCODE><ERRORSTRING>图像校验码错误！</ERRORSTRING><ERRORSTRING_EN>Image checksum error！</ERRORSTRING_EN></XML>')
('2015-02-07 10:37:21.417570', "client 52530745 bid 0 fd_price ack error {'errcode': '311', 'errstring': '图像校验码错误！'}")
('2015-02-07 10:37:25.098947', '\r\n\r\n\r\n\r\n\r\n\r\n\r\n\r\n\r\n\r\n<XML><ERRORCODE>311</ERRORCODE><ERRORSTRING>图像校验码错误！</ERRORSTRING><ERRORSTRING_EN>Image checksum error！</ERRORSTRING_EN></XML>')
('2015-02-07 10:37:25.099172', "client 52704697 bid 0 fd_price ack error {'errcode': '311', 'errstring': '图像校验码错误！'}")
('2015-02-07 10:37:25.101504', '\r\n\r\n\r\n\r\n\r\n\r\n\r\n\r\n\r\n\r\n<XML><ERRORCODE>311</ERRORCODE><ERRORSTRING>图像校验码错误！</ERRORSTRING><ERRORSTRING_EN>Image checksum error！</ERRORSTRING_EN></XML>')
('2015-02-07 10:37:25.101614', "client 52538800 bid 0 fd_price ack error {'errcode': '311', 'errstring': '图像校验码错误！'}")
('2015-02-07 10:37:26.251425', '\r\n\r\n\r\n\r\n\r\n\r\n\r\n\r\n\r\n\r\n<XML><ERRORCODE>311</ERRORCODE><ERRORSTRING>图像校验码错误！</ERRORSTRING><ERRORSTRING_EN>Image checksum error！</ERRORSTRING_EN></XML>')
('2015-02-07 10:37:26.251499', "client 52596397 bid 0 fd_price ack error {'errcode': '311', 'errstring': '图像校验码错误！'}")
('2015-02-07 10:37:31.141579', 'client 52509233 bid 0 fd_image info channel error')
('2015-02-07 10:37:42.405460', 'client 52360723 bid 0 fd_price info channel error')
('2015-02-07 10:37:42.525907', '\r\n\r\n\r\n\r\n\r\n\r\n\r\n\r\n\r\n\r\n<XML><ERRORCODE>311</ERRORCODE><ERRORSTRING>图像校验码错误！</ERRORSTRING><ERRORSTRING_EN>Image checksum error！</ERRORSTRING_EN></XML>')
('2015-02-07 10:37:42.526062', "client 52360723 bid 0 fd_price ack error {'errcode': '311', 'errstring': '图像校验码错误！'}")
('2015-02-07 10:38:01.349547', 'client 52509233 bid 0 fd_image info channel error')
('2015-02-07 10:38:31.301447', 'client 52509233 bid 0 fd_image info channel error')
('2015-02-07 10:39:01.253557', 'client 52509233 bid 0 fd_image info channel error')
('2015-02-07 10:39:42.725485', 'client 52273399 bid 0 fd_price info channel error')
('2015-02-07 10:39:44.041906', 'client 52273399 bid 0 fd_price get channel Failed')
('2015-02-07 10:39:48.357695', 'client 52538800 bid 0 fd_price info channel error')
('2015-02-07 10:39:48.868711', 'client 52530745 bid 0 fd_price info channel error')
('2015-02-07 10:39:49.660624', 'client 52538800 bid 0 fd_price get channel Failed')
('2015-02-07 10:39:50.171422', 'client 52530745 bid 0 fd_price get channel Failed')
('2015-02-07 10:39:50.405502', 'client 52538800 bid 0 fd_price info channel error')
('2015-02-07 10:39:51.708773', 'client 52538800 bid 0 fd_price get channel Failed')
('2015-02-07 11:30:00.284517', '\r\n\r\n\r\n\r\n\r\n\r\n\r\n\r\n\r\n\r\n<XML><ERRORCODE>110</ERRORCODE><ERRORSTRING>没有正在举行的拍卖会，请注意拍卖公告！</ERRORSTRING><ERRORSTRING_EN>Auction is not begin!</ERRORSTRING_EN></XML>\r\n')
('2015-02-07 11:30:00.284573', "client 52538800 bid 2 fd_price ack error {'errcode': '110', 'errstring': '没有正在举行的拍卖会，请注意拍卖公告！'}")
('2015-02-07 11:30:03.425909', 'client 52273399 bid 2 fd_image Timeout')
('2015-02-07 11:30:03.427939', 'client 52704697 bid 2 fd_image Timeout')
('2015-02-07 11:30:04.862731', '\r\n\r\n\r\n\r\n\r\n\r\n\r\n\r\n\r\n\r\n\r\n<XML><ERRORCODE>110</ERRORCODE><ERRORSTRING>没有正在举行的拍卖会，请注意拍卖公告！</ERRORSTRING><ERRORSTRING_EN>Auction is not begin!</ERRORSTRING_EN></XML>')
('2015-02-07 11:30:04.862877', "client 52704697 bid 2 fd_image ack error {'status': 200, 'body': '\\r\\n\\r\\n\\r\\n\\r\\n\\r\\n\\r\\n\\r\\n\\r\\n\\r\\n\\r\\n\\r\\n<XML><ERRORCODE>110</ERRORCODE><ERRORSTRING>没有正在举行的拍卖会，请注意拍卖公告！</ERRORSTRING><ERRORSTRING_EN>Auction is not begin!</ERRORSTRING_EN></XML>', 'head': 'Connection: close\\nDate: Sat, 07 Feb 2015 03:30:05 GMT\\nServer: Microsoft-IIS/6.0\\nSet-Cookie: JSESSIONID=062BCC3076B7DDB29BF9BDDE27B0E2CD; Path=/car\\nContent-Type: text/html;charset=GBK\\nContent-Length: 178\\n\\n'}")
('2015-02-07 11:30:04.865008', '\r\n\r\n\r\n\r\n\r\n\r\n\r\n\r\n\r\n\r\n\r\n<XML><ERRORCODE>110</ERRORCODE><ERRORSTRING>没有正在举行的拍卖会，请注意拍卖公告！</ERRORSTRING><ERRORSTRING_EN>Auction is not begin!</ERRORSTRING_EN></XML>')
('2015-02-07 11:30:04.865099', "client 52273399 bid 2 fd_image ack error {'status': 200, 'body': '\\r\\n\\r\\n\\r\\n\\r\\n\\r\\n\\r\\n\\r\\n\\r\\n\\r\\n\\r\\n\\r\\n<XML><ERRORCODE>110</ERRORCODE><ERRORSTRING>没有正在举行的拍卖会，请注意拍卖公告！</ERRORSTRING><ERRORSTRING_EN>Auction is not begin!</ERRORSTRING_EN></XML>', 'head': 'Connection: close\\nDate: Sat, 07 Feb 2015 03:30:05 GMT\\nServer: Microsoft-IIS/6.0\\nSet-Cookie: JSESSIONID=2A4D8DA478C96D95F5A583E2B1A16BFA; Path=/car\\nContent-Type: text/html;charset=GBK\\nContent-Length: 178\\n\\n'}")
('2015-02-07 11:30:05.562345', '\r\n\r\n\r\n\r\n\r\n\r\n\r\n\r\n\r\n\r\n<XML><ERRORCODE>311</ERRORCODE><ERRORSTRING>图像校验码错误！</ERRORSTRING><ERRORSTRING_EN>Image checksum error！</ERRORSTRING_EN></XML>')
('2015-02-07 11:30:05.562462', "client 52538800 bid 2 fd_price ack error {'errcode': '311', 'errstring': '图像校验码错误！'}")
('2015-02-07 11:30:06.640779', '\r\n\r\n\r\n\r\n\r\n\r\n\r\n\r\n\r\n\r\n\r\n<XML><ERRORCODE>101</ERRORCODE><ERRORSTRING>您的操作太过频繁，请稍后再试！</ERRORSTRING><ERRORSTRING_EN>Please try again slightly!</ERRORSTRING_EN></XML>')
('2015-02-07 11:30:06.640912', "client 52273399 bid 2 fd_image ack error {'status': 200, 'body': '\\r\\n\\r\\n\\r\\n\\r\\n\\r\\n\\r\\n\\r\\n\\r\\n\\r\\n\\r\\n\\r\\n<XML><ERRORCODE>101</ERRORCODE><ERRORSTRING>您的操作太过频繁，请稍后再试！</ERRORSTRING><ERRORSTRING_EN>Please try again slightly!</ERRORSTRING_EN></XML>', 'head': 'Connection: close\\nDate: Sat, 07 Feb 2015 03:30:07 GMT\\nServer: Microsoft-IIS/6.0\\nSet-Cookie: JSESSIONID=9EB8A74E0D81EF99AD721AB0F521A0B1; Path=/car\\nContent-Type: text/html;charset=GBK\\nContent-Length: 175\\n\\n'}")
('2015-02-07 11:30:06.644560', '\r\n\r\n\r\n\r\n\r\n\r\n\r\n\r\n\r\n\r\n\r\n<XML><ERRORCODE>110</ERRORCODE><ERRORSTRING>没有正在举行的拍卖会，请注意拍卖公告！</ERRORSTRING><ERRORSTRING_EN>Auction is not begin!</ERRORSTRING_EN></XML>')
('2015-02-07 11:30:06.644688', "client 52704697 bid 2 fd_image ack error {'status': 200, 'body': '\\r\\n\\r\\n\\r\\n\\r\\n\\r\\n\\r\\n\\r\\n\\r\\n\\r\\n\\r\\n\\r\\n<XML><ERRORCODE>110</ERRORCODE><ERRORSTRING>没有正在举行的拍卖会，请注意拍卖公告！</ERRORSTRING><ERRORSTRING_EN>Auction is not begin!</ERRORSTRING_EN></XML>', 'head': 'Connection: close\\nDate: Sat, 07 Feb 2015 03:30:07 GMT\\nServer: Microsoft-IIS/6.0\\nSet-Cookie: JSESSIONID=2FE18D5077DDBF94AC877EC66685BDDD; Path=/car\\nContent-Type: text/html;charset=GBK\\nContent-Length: 178\\n\\n'}")
('2015-02-07 11:30:23.178427', '\r\n\r\n\r\n\r\n\r\n\r\n\r\n\r\n\r\n\r\n<XML><ERRORCODE>311</ERRORCODE><ERRORSTRING>图像校验码错误！</ERRORSTRING><ERRORSTRING_EN>Image checksum error！</ERRORSTRING_EN></XML>')
('2015-02-07 11:30:23.178522', "client 52538800 bid 2 fd_price ack error {'errcode': '311', 'errstring': '图像校验码错误！'}")
