('2015-02-07 10:01:40.518762', 'client 52564051 login 朱巍 430111198407241318')
('2015-02-07 10:01:40.799664', 'client 52497907 login 朱毅敏 310115197701125223')
('2015-02-07 10:01:42.018215', 'client 52765655 login 徐斌 310227198211102024')
('2015-02-07 10:01:42.302217', 'client 52391269 login 刘溯 310113199109220826')
('2015-02-07 10:01:43.516430', 'client 52527130 login 唐唯 310225197812150016')
('2015-02-07 10:01:43.804273', 'client 52729328 login 胥天玮 310113198811122447')
('2015-02-07 10:01:45.014311', 'client 52444716 login 王思佳 342622198810070447')
('2015-02-07 10:01:45.306234', 'client 52770499 login 吴健峰 310107198104142513')
('2015-02-07 10:34:07.377478', 'client 52444716 bid 0 image EEB64221C7A72A58263068F8D31EFFD4 052646 ')
('2015-02-07 10:34:07.391191', 'client 52444716 bid 0 price 73700 王思佳 342622198810070447')
('2015-02-07 10:34:07.485786', 'client 52765655 bid 0 image C3232CEF2E25AD2158C7392754E679B7 505153 ')
('2015-02-07 10:34:07.503451', 'client 52765655 bid 0 price 73700 徐斌 310227198211102024')
('2015-02-07 10:34:08.475238', 'client 52391269 bid 0 image CAD1496F8E14512C9D75678FF02E7DE2 260536 ')
('2015-02-07 10:34:08.492217', 'client 52391269 bid 0 price 73700 刘溯 310113199109220826')
('2015-02-07 10:34:15.878291', 'client 52527130 bid 0 image ABF9C9B199A93EB50414DC3075952237 515052 ')
('2015-02-07 10:34:16.925955', 'client 52770499 bid 0 image DCF00BC2F699FE1FA547D663F8291D54 629292 ')
('2015-02-07 10:34:28.759493', 'client 52527130 bid 0 price 73700 唐唯 310225197812150016')
('2015-02-07 10:34:29.816689', 'client 52770499 bid 0 price 73700 吴健峰 310107198104142513')
('2015-02-07 10:34:45.630386', 'client 52729328 bid 0 image A5367BB01FADDAA33143FE5D9B0352EC 615361 ')
('2015-02-07 10:34:45.647833', 'client 52729328 bid 0 price 73700 胥天玮 310113198811122447')
('2015-02-07 10:35:15.534154', 'client 52497907 bid 0 image 40648974C99227847A2CD7A296B3E3D6 806080 ')
('2015-02-07 10:35:31.789639', 'client 52564051 bid 0 image Failed')
('2015-02-07 10:35:31.789678', 'client 52564051 bid 0 failed. Abort.....')
('2015-02-07 10:35:38.615829', 'client 52564051 bid 0 image D16DA7F98C647B568FFCE5EA3F366C30 636394 ')
('2015-02-07 10:35:38.633858', 'client 52564051 bid 0 price 73700 朱巍 430111198407241318')
('2015-02-07 10:35:49.538387', 'client 52497907 bid 0 price Failed')
('2015-02-07 10:35:49.538448', 'client 52497907 bid 0 failed. Abort.....')
('2015-02-07 10:37:19.541989', 'client 52497907 bid 0 image Failed')
('2015-02-07 10:37:19.542026', 'client 52497907 bid 0 failed. Abort.....')
('2015-02-07 11:29:35.910203', 'client 52765655 bid 1 image BB2B7C04B4D5DF9CC4ABF2CBB10C402C 626493 ')
('2015-02-07 11:29:35.931262', 'client 52444716 bid 1 image 5A2D3C6AD39C853B178F1D2C870A52AA 646290 ')
('2015-02-07 11:29:35.958437', 'client 52497907 bid 1 image 5D7603CCE5E81B7D6220E68CF50AAE23 835350 ')
('2015-02-07 11:29:35.989440', 'client 52391269 bid 1 image BCE1EB10F723C09140833453D6475B4B 492626 ')
('2015-02-07 11:29:35.997824', 'client 52729328 bid 1 image F4E74483800476DAAE9FE6E449EC12AE 262949 ')
('2015-02-07 11:29:43.050442', 'client 52527130 bid 1 image 99FEEC960635EEC67D8623BDBAB523CB 905262 ')
('2015-02-07 11:29:43.082173', 'client 52564051 bid 1 image E2E24258D52A84AAF8F1E394A39C4D68 050616 ')
('2015-02-07 11:29:43.161595', 'client 52770499 bid 1 image CE683EBCD8CEE310983F8B132E4B38CC 161639 ')
('2015-02-07 11:29:55.762809', 'client 52765655 bid 1 cancel')
('2015-02-07 11:29:55.762914', 'client 52765655 bid 1 price Failed')
('2015-02-07 11:29:55.762955', 'client 52765655 bid 1 failed. Abort.....')
('2015-02-07 11:29:55.763339', 'client 52444716 bid 1 cancel')
('2015-02-07 11:29:55.763387', 'client 52444716 bid 1 price Failed')
('2015-02-07 11:29:55.763421', 'client 52444716 bid 1 failed. Abort.....')
('2015-02-07 11:29:55.764156', 'client 52497907 bid 1 cancel')
('2015-02-07 11:29:55.764203', 'client 52497907 bid 1 price Failed')
('2015-02-07 11:29:55.764238', 'client 52497907 bid 1 failed. Abort.....')
('2015-02-07 11:29:55.765275', 'client 52729328 bid 1 cancel')
('2015-02-07 11:29:55.765320', 'client 52729328 bid 1 price Failed')
('2015-02-07 11:29:55.765353', 'client 52729328 bid 1 failed. Abort.....')
('2015-02-07 11:29:55.765655', 'client 52527130 bid 1 cancel')
('2015-02-07 11:29:55.765705', 'client 52527130 bid 1 price Failed')
('2015-02-07 11:29:55.765740', 'client 52527130 bid 1 failed. Abort.....')
('2015-02-07 11:29:55.766692', 'client 52770499 bid 1 cancel')
('2015-02-07 11:29:55.766756', 'client 52770499 bid 1 price Failed')
('2015-02-07 11:29:55.766792', 'client 52770499 bid 1 failed. Abort.....')
('2015-02-07 11:29:55.767850', 'client 52391269 bid 1 cancel')
('2015-02-07 11:29:55.767903', 'client 52391269 bid 1 price Failed')
('2015-02-07 11:29:55.767937', 'client 52391269 bid 1 failed. Abort.....')
('2015-02-07 11:29:55.769452', 'client 52564051 bid 1 cancel')
('2015-02-07 11:29:55.769514', 'client 52564051 bid 1 price Failed')
('2015-02-07 11:29:55.769549', 'client 52564051 bid 1 failed. Abort.....')
('2015-02-07 11:29:55.887821', 'client 52765655 bid 2 image 29A8FC482EE61BEC2D7E80FFDE163E32 280935 ')
('2015-02-07 11:29:55.958812', 'client 52729328 bid 2 image AA90439EC1CA30ABCF4410502EDC14CD 153645 ')
('2015-02-07 11:29:56.532660', 'client 52497907 bid 2 image 3733E043E6732387FC5FAF95A6E5167D 462906 ')
('2015-02-07 11:29:56.758764', 'client 52497907 bid 2 price 76700 朱毅敏 310115197701125223')
('2015-02-07 11:29:57.331613', 'client 52770499 bid 2 image AE10E9B13C2D5B705FBF01B9BE6A7926 826250 ')
('2015-02-07 11:29:57.335276', 'client 52765655 bid 2 price 76700 徐斌 310227198211102024')
('2015-02-07 11:29:57.361556', 'client 52391269 bid 2 image BF0978C19F2E863A522C1E4689487EF6 625152 ')
('2015-02-07 11:29:57.433156', 'client 52527130 bid 2 image EB55AF62B4BE02CF0A1B4DA84EEFEAD7 453646 ')
('2015-02-07 11:29:58.877997', 'client 52527130 bid 2 price 76700 唐唯 310225197812150016')
('2015-02-07 11:29:59.449819', 'client 52729328 bid 2 price 76700 胥天玮 310113198811122447')
('2015-02-07 11:30:06.768949', "client 52497907 bids finished. price : ['73700', None, '76700'] . Quit.....")
('2015-02-07 11:30:07.345446', "client 52765655 bids finished. price : ['73700', None, '76700'] . Quit.....")
('2015-02-07 11:30:08.888197', "client 52527130 bids finished. price : ['73700', None, '76700'] . Quit.....")
('2015-02-07 11:30:09.460045', "client 52729328 bids finished. price : ['73700', None, '76700'] . Quit.....")
('2015-02-07 11:30:11.336636', 'client 52770499 bid 2 price Failed')
('2015-02-07 11:30:11.336776', 'client 52770499 bid 2 failed. Abort.....')
('2015-02-07 11:30:11.366006', 'client 52391269 bid 2 price Failed')
('2015-02-07 11:30:11.366090', 'client 52391269 bid 2 failed. Abort.....')
('2015-02-07 11:30:12.123793', 'client 52444716 bid 2 image Failed')
('2015-02-07 11:30:12.123836', 'client 52444716 bid 2 failed. Abort.....')
('2015-02-07 11:30:12.124658', 'client 52564051 bid 2 image Failed')
('2015-02-07 11:30:12.124694', 'client 52564051 bid 2 failed. Abort.....')
('2015-02-07 11:30:21.346958', "client 52770499 bids finished. price : ['73700', None, None] . Quit.....")
('2015-02-07 11:30:21.369330', "client 52391269 bids finished. price : ['73700', None, None] . Quit.....")
('2015-02-07 11:30:22.132673', "client 52444716 bids finished. price : ['73700', None, None] . Quit.....")
('2015-02-07 11:30:22.132945', "client 52564051 bids finished. price : ['73700', None, None] . Quit.....")
