('2015-02-07 10:34:28.755711', '\r\n\r\n\r\n\r\n\r\n\r\n\r\n\r\n\r\n\r\n<XML><ERRORCODE>311</ERRORCODE><ERRORSTRING>图像校验码错误！</ERRORSTRING><ERRORSTRING_EN>Image checksum error！</ERRORSTRING_EN></XML>')
('2015-02-07 10:34:28.755764', "client 52527130 bid 0 fd_price ack error {'errcode': '311', 'errstring': '图像校验码错误！'}")
('2015-02-07 10:34:29.811147', '\r\n\r\n\r\n\r\n\r\n\r\n\r\n\r\n\r\n\r\n<XML><ERRORCODE>311</ERRORCODE><ERRORSTRING>图像校验码错误！</ERRORSTRING><ERRORSTRING_EN>Image checksum error！</ERRORSTRING_EN></XML>')
('2015-02-07 10:34:29.811200', "client 52770499 bid 0 fd_price ack error {'errcode': '311', 'errstring': '图像校验码错误！'}")
('2015-02-07 10:34:31.786826', 'client 52564051 bid 0 fd_image Timeout')
('2015-02-07 10:34:31.789262', 'client 52729328 bid 0 fd_image Timeout')
('2015-02-07 10:34:31.790610', 'client 52497907 bid 0 fd_image Timeout')
('2015-02-07 10:34:45.125696', 'client 52770499 bid 0 fd_price info channel error')
('2015-02-07 10:34:58.514090', '\r\n\r\n\r\n\r\n\r\n\r\n\r\n\r\n\r\n\r\n<XML><ERRORCODE>311</ERRORCODE><ERRORSTRING>图像校验码错误！</ERRORSTRING><ERRORSTRING_EN>Image checksum error！</ERRORSTRING_EN></XML>')
('2015-02-07 10:34:58.514140', "client 52729328 bid 0 fd_price ack error {'errcode': '311', 'errstring': '图像校验码错误！'}")
('2015-02-07 10:34:59.538041', '\r\n\r\n\r\n\r\n\r\n\r\n\r\n\r\n\r\n\r\n<XML><ERRORCODE>311</ERRORCODE><ERRORSTRING>图像校验码错误！</ERRORSTRING><ERRORSTRING_EN>Image checksum error！</ERRORSTRING_EN></XML>')
('2015-02-07 10:34:59.538088', "client 52444716 bid 0 fd_price ack error {'errcode': '311', 'errstring': '图像校验码错误！'}")
('2015-02-07 10:34:59.666210', '\r\n\r\n\r\n\r\n\r\n\r\n\r\n\r\n\r\n\r\n<XML><ERRORCODE>311</ERRORCODE><ERRORSTRING>图像校验码错误！</ERRORSTRING><ERRORSTRING_EN>Image checksum error！</ERRORSTRING_EN></XML>')
('2015-02-07 10:34:59.666257', "client 52765655 bid 0 fd_price ack error {'errcode': '311', 'errstring': '图像校验码错误！'}")
('2015-02-07 10:35:00.626412', '\r\n\r\n\r\n\r\n\r\n\r\n\r\n\r\n\r\n\r\n<XML><ERRORCODE>311</ERRORCODE><ERRORSTRING>图像校验码错误！</ERRORSTRING><ERRORSTRING_EN>Image checksum error！</ERRORSTRING_EN></XML>')
('2015-02-07 10:35:00.626459', "client 52391269 bid 0 fd_price ack error {'errcode': '311', 'errstring': '图像校验码错误！'}")
('2015-02-07 10:35:01.788312', 'client 52564051 bid 0 fd_image Timeout')
('2015-02-07 10:35:01.791788', 'client 52497907 bid 0 fd_image Timeout')
('2015-02-07 10:35:31.789480', 'client 52564051 bid 0 fd_image Timeout')
('2015-02-07 10:35:51.506011', '\r\n\r\n\r\n\r\n\r\n\r\n\r\n\r\n\r\n\r\n<XML><ERRORCODE>311</ERRORCODE><ERRORSTRING>图像校验码错误！</ERRORSTRING><ERRORSTRING_EN>Image checksum error！</ERRORSTRING_EN></XML>')
('2015-02-07 10:35:51.506060', "client 52564051 bid 0 fd_price ack error {'errcode': '311', 'errstring': '图像校验码错误！'}")
('2015-02-07 10:36:19.539507', 'client 52497907 bid 0 fd_image Timeout')
('2015-02-07 10:36:49.540698', 'client 52497907 bid 0 fd_image Timeout')
('2015-02-07 10:36:59.982563', 'client 52497907 bid 0 fd_price info channel error')
('2015-02-07 10:37:15.284154', 'client 52497907 bid 0 fd_price info channel error')
('2015-02-07 10:37:19.541830', 'client 52497907 bid 0 fd_image Timeout')
('2015-02-07 10:37:25.220178', 'client 52497907 bid 0 fd_price info channel error')
('2015-02-07 10:37:25.328751', '\r\n\r\n\r\n\r\n\r\n\r\n\r\n\r\n\r\n\r\n<XML><ERRORCODE>311</ERRORCODE><ERRORSTRING>图像校验码错误！</ERRORSTRING><ERRORSTRING_EN>Image checksum error！</ERRORSTRING_EN></XML>')
('2015-02-07 10:37:25.328805', "client 52497907 bid 0 fd_price ack error {'errcode': '311', 'errstring': '图像校验码错误！'}")
('2015-02-07 10:37:28.778614', 'client 52497907 bid 0 fd_price info channel error')
('2015-02-07 10:37:31.214617', 'client 52729328 bid 0 fd_image info channel error')
('2015-02-07 10:37:31.215081', 'client 52497907 bid 0 fd_image info channel error')
('2015-02-07 10:38:31.118452', 'client 52564051 bid 0 fd_image info channel error')
('2015-02-07 10:38:59.922617', '\r\n\r\n\r\n\r\n\r\n\r\n\r\n\r\n\r\n\r\n<XML><ERRORCODE>311</ERRORCODE><ERRORSTRING>图像校验码错误！</ERRORSTRING><ERRORSTRING_EN>Image checksum error！</ERRORSTRING_EN></XML>')
('2015-02-07 10:38:59.922663', "client 52497907 bid 0 fd_price ack error {'errcode': '311', 'errstring': '图像校验码错误！'}")
('2015-02-07 10:39:06.314059', 'client 52497907 bid 0 fd_image info channel error')
('2015-02-07 10:39:18.991551', 'client 52497907 bid 0 fd_image info channel error')
('2015-02-07 10:39:31.534982', 'client 52564051 bid 0 fd_image info channel error')
('2015-02-07 10:39:47.406984', 'client 52527130 bid 0 fd_price info channel error')
('2015-02-07 10:39:48.733510', 'client 52527130 bid 0 fd_price get channel Failed')
('2015-02-07 10:40:01.231002', 'client 52497907 bid 0 fd_image info channel error')
('2015-02-07 10:40:01.231201', 'client 52564051 bid 0 fd_image info channel error')
('2015-02-07 10:40:15.054606', 'client 52770499 bid 0 fd_price info channel error')
('2015-02-07 10:40:16.356750', 'client 52770499 bid 0 fd_price get channel Failed')
('2015-02-07 11:29:42.751277', 'client 52527130 bid 1 fd_image Timeout')
('2015-02-07 11:29:42.751811', 'client 52564051 bid 1 fd_image Timeout')
('2015-02-07 11:29:42.752136', 'client 52770499 bid 1 fd_image Timeout')
('2015-02-07 11:29:59.579663', '\r\n\r\n\r\n\r\n\r\n\r\n\r\n\r\n\r\n\r\n<XML><ERRORCODE>110</ERRORCODE><ERRORSTRING>没有正在举行的拍卖会，请注意拍卖公告！</ERRORSTRING><ERRORSTRING_EN>Auction is not begin!</ERRORSTRING_EN></XML>\r\n')
('2015-02-07 11:29:59.579718', "client 52391269 bid 2 fd_price ack error {'errcode': '110', 'errstring': '没有正在举行的拍卖会，请注意拍卖公告！'}")
('2015-02-07 11:30:02.117235', '\r\n\r\n\r\n\r\n\r\n\r\n\r\n\r\n\r\n\r\n\r\n<XML><ERRORCODE>110</ERRORCODE><ERRORSTRING>没有正在举行的拍卖会，请注意拍卖公告！</ERRORSTRING><ERRORSTRING_EN>Auction is not begin!</ERRORSTRING_EN></XML>')
('2015-02-07 11:30:02.117310', "client 52564051 bid 2 fd_image ack error {'body': '\\r\\n\\r\\n\\r\\n\\r\\n\\r\\n\\r\\n\\r\\n\\r\\n\\r\\n\\r\\n\\r\\n<XML><ERRORCODE>110</ERRORCODE><ERRORSTRING>没有正在举行的拍卖会，请注意拍卖公告！</ERRORSTRING><ERRORSTRING_EN>Auction is not begin!</ERRORSTRING_EN></XML>', 'status': 200, 'head': 'Connection: close\\nDate: Sat, 07 Feb 2015 03:30:03 GMT\\nServer: Microsoft-IIS/6.0\\nSet-Cookie: JSESSIONID=9A5600F7A04DB0920D8F5C7A6B8BBDDE; Path=/car\\nContent-Type: text/html;charset=GBK\\nContent-Length: 178\\n\\n'}")
('2015-02-07 11:30:02.118549', '\r\n\r\n\r\n\r\n\r\n\r\n\r\n\r\n\r\n\r\n\r\n<XML><ERRORCODE>110</ERRORCODE><ERRORSTRING>没有正在举行的拍卖会，请注意拍卖公告！</ERRORSTRING><ERRORSTRING_EN>Auction is not begin!</ERRORSTRING_EN></XML>')
('2015-02-07 11:30:02.118607', "client 52444716 bid 2 fd_image ack error {'body': '\\r\\n\\r\\n\\r\\n\\r\\n\\r\\n\\r\\n\\r\\n\\r\\n\\r\\n\\r\\n\\r\\n<XML><ERRORCODE>110</ERRORCODE><ERRORSTRING>没有正在举行的拍卖会，请注意拍卖公告！</ERRORSTRING><ERRORSTRING_EN>Auction is not begin!</ERRORSTRING_EN></XML>', 'status': 200, 'head': 'Connection: close\\nDate: Sat, 07 Feb 2015 03:30:03 GMT\\nServer: Microsoft-IIS/6.0\\nSet-Cookie: JSESSIONID=3F79E23714A7D452A3EF731DC666B61E; Path=/car\\nContent-Type: text/html;charset=GBK\\nContent-Length: 178\\n\\n'}")
('2015-02-07 11:30:02.127154', '\r\n\r\n\r\n\r\n\r\n\r\n\r\n\r\n\r\n\r\n\r\n<XML><ERRORCODE>110</ERRORCODE><ERRORSTRING>没有正在举行的拍卖会，请注意拍卖公告！</ERRORSTRING><ERRORSTRING_EN>Auction is not begin!</ERRORSTRING_EN></XML>')
('2015-02-07 11:30:02.127212', "client 52564051 bid 2 fd_image ack error {'body': '\\r\\n\\r\\n\\r\\n\\r\\n\\r\\n\\r\\n\\r\\n\\r\\n\\r\\n\\r\\n\\r\\n<XML><ERRORCODE>110</ERRORCODE><ERRORSTRING>没有正在举行的拍卖会，请注意拍卖公告！</ERRORSTRING><ERRORSTRING_EN>Auction is not begin!</ERRORSTRING_EN></XML>', 'status': 200, 'head': 'Connection: close\\nDate: Sat, 07 Feb 2015 03:30:02 GMT\\nServer: Microsoft-IIS/6.0\\nSet-Cookie: JSESSIONID=10308C36D5E32FFAFCBE380704A848B8; Path=/car\\nContent-Type: text/html;charset=GBK\\nContent-Length: 178\\n\\n'}")
('2015-02-07 11:30:03.552877', '\r\n\r\n\r\n\r\n\r\n\r\n\r\n\r\n\r\n\r\n\r\n<XML><ERRORCODE>101</ERRORCODE><ERRORSTRING>您的操作太过频繁，请稍后再试！</ERRORSTRING><ERRORSTRING_EN>Please try again slightly!</ERRORSTRING_EN></XML>')
('2015-02-07 11:30:03.552941', "client 52444716 bid 2 fd_image ack error {'body': '\\r\\n\\r\\n\\r\\n\\r\\n\\r\\n\\r\\n\\r\\n\\r\\n\\r\\n\\r\\n\\r\\n<XML><ERRORCODE>101</ERRORCODE><ERRORSTRING>您的操作太过频繁，请稍后再试！</ERRORSTRING><ERRORSTRING_EN>Please try again slightly!</ERRORSTRING_EN></XML>', 'status': 200, 'head': 'Connection: close\\nDate: Sat, 07 Feb 2015 03:30:04 GMT\\nServer: Microsoft-IIS/6.0\\nSet-Cookie: JSESSIONID=180D299C8A85FCE4D1EFF3EC126AA7D3; Path=/car\\nContent-Type: text/html;charset=GBK\\nContent-Length: 175\\n\\n'}")
('2015-02-07 11:30:03.680151', '\r\n\r\n\r\n\r\n\r\n\r\n\r\n\r\n\r\n\r\n<XML><ERRORCODE>110</ERRORCODE><ERRORSTRING>没有正在举行的拍卖会，请注意拍卖公告！</ERRORSTRING><ERRORSTRING_EN>Auction is not begin!</ERRORSTRING_EN></XML>\r\n')
('2015-02-07 11:30:03.680208', "client 52770499 bid 2 fd_price ack error {'errcode': '110', 'errstring': '没有正在举行的拍卖会，请注意拍卖公告！'}")
('2015-02-07 11:30:12.123649', 'client 52444716 bid 2 fd_image Timeout')
('2015-02-07 11:30:12.124594', 'client 52564051 bid 2 fd_image Timeout')
('2015-02-07 11:30:49.490377', '\r\n\r\n\r\n\r\n\r\n\r\n\r\n\r\n\r\n\r\n<XML><ERRORCODE>311</ERRORCODE><ERRORSTRING>图像校验码错误！</ERRORSTRING><ERRORSTRING_EN>Image checksum error！</ERRORSTRING_EN></XML>')
('2015-02-07 11:30:49.490427', "client 52391269 bid 2 fd_price ack error {'errcode': '311', 'errstring': '图像校验码错误！'}")
