('2015-02-07 10:01:39.749387', 'worker [5] started')
('2015-02-07 10:01:39.749455', 'client 9 initted')
('2015-02-07 10:01:40.506786', 'put_channel : channel login, group 1, time 2015-02-07 10:01:40.506716')
('2015-02-07 10:01:40.510579', 'fd_channel : login[0] 0 login[1] 0 , tb0[0] 0 tb0[1] 0 , tb1[0] 0 tb1[1] 0')
('2015-02-07 10:01:40.511344', 'put_channel : channel login, group 0, time 2015-02-07 10:01:40.511305')
('2015-02-07 10:01:40.646916', 'fd_channel : login[0] 0 login[1] 0 , tb0[0] 0 tb0[1] 0 , tb1[0] 0 tb1[1] 0')
('2015-02-07 10:01:42.006804', 'put_channel : channel login, group 1, time 2015-02-07 10:01:42.006736')
('2015-02-07 10:01:42.007234', 'fd_channel : login[0] 0 login[1] 0 , tb0[0] 0 tb0[1] 0 , tb1[0] 0 tb1[1] 0')
('2015-02-07 10:01:42.008312', 'put_channel : channel login, group 0, time 2015-02-07 10:01:42.008229')
('2015-02-07 10:01:42.149010', 'fd_channel : login[0] 0 login[1] 0 , tb0[0] 0 tb0[1] 0 , tb1[0] 0 tb1[1] 0')
('2015-02-07 10:01:43.508881', 'put_channel : channel login, group 1, time 2015-02-07 10:01:43.508808')
('2015-02-07 10:01:43.509248', 'fd_channel : login[0] 0 login[1] 0 , tb0[0] 0 tb0[1] 0 , tb1[0] 0 tb1[1] 0')
('2015-02-07 10:01:43.509871', 'put_channel : channel login, group 0, time 2015-02-07 10:01:43.509835')
('2015-02-07 10:01:43.650976', 'fd_channel : login[0] 0 login[1] 0 , tb0[0] 0 tb0[1] 0 , tb1[0] 0 tb1[1] 0')
('2015-02-07 10:01:45.008955', 'put_channel : channel login, group 1, time 2015-02-07 10:01:45.008872')
('2015-02-07 10:01:45.009400', 'fd_channel : login[0] 0 login[1] 0 , tb0[0] 0 tb0[1] 0 , tb1[0] 0 tb1[1] 0')
('2015-02-07 10:01:45.010725', 'put_channel : channel login, group 0, time 2015-02-07 10:01:45.010679')
('2015-02-07 10:01:45.152956', 'fd_channel : login[0] 0 login[1] 0 , tb0[0] 0 tb0[1] 0 , tb1[0] 0 tb1[1] 0')
('2015-02-07 10:01:46.506655', 'put_channel : channel login, group 1, time 2015-02-07 10:01:46.506584')
('2015-02-07 10:01:46.507043', 'fd_channel : login[0] 0 login[1] 0 , tb0[0] 0 tb0[1] 0 , tb1[0] 0 tb1[1] 0')
('2015-02-07 10:01:46.510594', 'put_channel : channel login, group 0, time 2015-02-07 10:01:46.510555')
('2015-02-07 10:32:31.507559', 'put_channel : channel tb0, group 1, time 2015-02-07 10:32:31.507423')
('2015-02-07 10:32:31.508672', 'put_channel : channel tb0, group 0, time 2015-02-07 10:32:31.508623')
('2015-02-07 10:32:33.007185', 'put_channel : channel tb0, group 1, time 2015-02-07 10:32:33.007042')
('2015-02-07 10:32:33.008469', 'put_channel : channel tb0, group 0, time 2015-02-07 10:32:33.008430')
('2015-02-07 10:32:34.507676', 'put_channel : channel tb0, group 1, time 2015-02-07 10:32:34.507607')
('2015-02-07 10:32:34.511473', 'put_channel : channel tb0, group 0, time 2015-02-07 10:32:34.511424')
('2015-02-07 10:32:36.007233', 'put_channel : channel tb0, group 1, time 2015-02-07 10:32:36.007161')
('2015-02-07 10:32:36.008999', 'put_channel : channel tb0, group 0, time 2015-02-07 10:32:36.008951')
('2015-02-07 10:32:37.507312', 'put_channel : channel tb0, group 1, time 2015-02-07 10:32:37.507240')
('2015-02-07 10:32:37.508965', 'put_channel : channel tb0, group 0, time 2015-02-07 10:32:37.508902')
('2015-02-07 10:32:39.008210', 'put_channel : channel tb0, group 1, time 2015-02-07 10:32:39.008139')
('2015-02-07 10:32:39.022824', 'put_channel : channel tb0, group 0, time 2015-02-07 10:32:39.022767')
('2015-02-07 10:32:40.507828', 'put_channel : channel tb0, group 1, time 2015-02-07 10:32:40.507697')
('2015-02-07 10:32:40.509546', 'put_channel : channel tb0, group 0, time 2015-02-07 10:32:40.509460')
('2015-02-07 10:32:42.006900', 'put_channel : channel tb0, group 1, time 2015-02-07 10:32:42.006838')
('2015-02-07 10:32:42.010250', 'put_channel : channel tb0, group 0, time 2015-02-07 10:32:42.010210')
('2015-02-07 10:32:43.508024', 'put_channel : channel tb0, group 1, time 2015-02-07 10:32:43.507938')
('2015-02-07 10:32:43.508370', 'put_channel : channel tb0, group 0, time 2015-02-07 10:32:43.508332')
('2015-02-07 10:32:45.006676', 'put_channel : channel tb0, group 1, time 2015-02-07 10:32:45.006607')
('2015-02-07 10:32:45.010561', 'put_channel : channel tb0, group 0, time 2015-02-07 10:32:45.010520')
('2015-02-07 10:32:46.506682', 'put_channel : channel tb0, group 1, time 2015-02-07 10:32:46.506611')
('2015-02-07 10:32:46.508241', 'put_channel : channel tb0, group 0, time 2015-02-07 10:32:46.508196')
('2015-02-07 10:32:48.009228', 'put_channel : channel tb0, group 1, time 2015-02-07 10:32:48.009157')
('2015-02-07 10:32:48.009422', 'put_channel : channel tb0, group 0, time 2015-02-07 10:32:48.009363')
('2015-02-07 10:32:49.510671', 'put_channel : channel tb0, group 1, time 2015-02-07 10:32:49.510530')
('2015-02-07 10:32:49.512491', 'put_channel : channel tb0, group 0, time 2015-02-07 10:32:49.512400')
('2015-02-07 10:32:51.006447', 'put_channel : channel tb0, group 1, time 2015-02-07 10:32:51.006376')
('2015-02-07 10:32:51.008654', 'put_channel : channel tb0, group 0, time 2015-02-07 10:32:51.008613')
('2015-02-07 10:32:52.508156', 'put_channel : channel tb0, group 1, time 2015-02-07 10:32:52.508050')
('2015-02-07 10:32:52.508495', 'put_channel : channel tb0, group 0, time 2015-02-07 10:32:52.508457')
('2015-02-07 10:32:54.008275', 'put_channel : channel tb0, group 1, time 2015-02-07 10:32:54.008204')
('2015-02-07 10:32:54.008741', 'put_channel : channel tb0, group 0, time 2015-02-07 10:32:54.008659')
('2015-02-07 10:32:55.508229', 'put_channel : channel tb0, group 1, time 2015-02-07 10:32:55.508149')
('2015-02-07 10:32:55.510181', 'put_channel : channel tb0, group 0, time 2015-02-07 10:32:55.510143')
('2015-02-07 10:32:57.008118', 'put_channel : channel tb0, group 0, time 2015-02-07 10:32:57.008048')
('2015-02-07 10:32:57.008478', 'put_channel : channel tb0, group 1, time 2015-02-07 10:32:57.008415')
('2015-02-07 10:32:58.508002', 'put_channel : channel tb0, group 1, time 2015-02-07 10:32:58.507938')
('2015-02-07 10:32:58.509926', 'put_channel : channel tb0, group 0, time 2015-02-07 10:32:58.509888')
('2015-02-07 10:33:00.007891', 'put_channel : channel tb0, group 1, time 2015-02-07 10:33:00.007830')
('2015-02-07 10:33:00.008141', 'put_channel : channel tb0, group 0, time 2015-02-07 10:33:00.008109')
('2015-02-07 10:33:01.507871', 'put_channel : channel tb0, group 1, time 2015-02-07 10:33:01.507789')
('2015-02-07 10:33:01.511278', 'put_channel : channel tb0, group 0, time 2015-02-07 10:33:01.511223')
('2015-02-07 10:33:03.006427', 'put_channel : channel tb0, group 1, time 2015-02-07 10:33:03.006365')
('2015-02-07 10:33:03.064541', 'put_channel : channel tb0, group 0, time 2015-02-07 10:33:03.064389')
('2015-02-07 10:33:04.509735', 'put_channel : channel tb0, group 1, time 2015-02-07 10:33:04.509619')
('2015-02-07 10:33:04.512584', 'put_channel : channel tb0, group 0, time 2015-02-07 10:33:04.512547')
('2015-02-07 10:33:06.006713', 'put_channel : channel tb0, group 1, time 2015-02-07 10:33:06.006589')
('2015-02-07 10:33:06.009032', 'put_channel : channel tb0, group 0, time 2015-02-07 10:33:06.008946')
('2015-02-07 10:33:07.507895', 'put_channel : channel tb0, group 1, time 2015-02-07 10:33:07.507814')
('2015-02-07 10:33:07.509936', 'put_channel : channel tb0, group 0, time 2015-02-07 10:33:07.509897')
('2015-02-07 10:33:09.006343', 'put_channel : channel tb0, group 1, time 2015-02-07 10:33:09.006273')
('2015-02-07 10:33:09.010170', 'put_channel : channel tb0, group 0, time 2015-02-07 10:33:09.010129')
('2015-02-07 10:33:10.507051', 'put_channel : channel tb0, group 1, time 2015-02-07 10:33:10.506971')
('2015-02-07 10:33:10.508736', 'put_channel : channel tb0, group 0, time 2015-02-07 10:33:10.508697')
('2015-02-07 10:33:12.008501', 'put_channel : channel tb0, group 1, time 2015-02-07 10:33:12.008437')
('2015-02-07 10:33:12.011634', 'put_channel : channel tb0, group 0, time 2015-02-07 10:33:12.011574')
('2015-02-07 10:33:13.509784', 'put_channel : channel tb0, group 1, time 2015-02-07 10:33:13.509715')
('2015-02-07 10:33:13.510485', 'put_channel : channel tb0, group 0, time 2015-02-07 10:33:13.510446')
('2015-02-07 10:33:15.006461', 'put_channel : channel tb0, group 1, time 2015-02-07 10:33:15.006388')
('2015-02-07 10:33:15.008086', 'put_channel : channel tb0, group 0, time 2015-02-07 10:33:15.008048')
('2015-02-07 10:33:25.510864', 'put_channel : channel tb0, group 0, time 2015-02-07 10:33:25.510794')
('2015-02-07 10:33:25.513606', 'put_channel : channel tb0, group 0, time 2015-02-07 10:33:25.513522')
('2015-02-07 10:33:26.529542', 'put_channel : channel tb0, group 0, time 2015-02-07 10:33:26.529465')
('2015-02-07 10:33:36.011266', 'put_channel : channel tb0, group 0, time 2015-02-07 10:33:36.011185')
('2015-02-07 10:33:36.012370', 'put_channel : channel tb0, group 0, time 2015-02-07 10:33:36.012329')
('2015-02-07 10:33:36.040481', 'put_channel : channel tb0, group 0, time 2015-02-07 10:33:36.040397')
('2015-02-07 10:33:37.510148', 'put_channel : channel tb0, group 0, time 2015-02-07 10:33:37.509915')
('2015-02-07 10:33:37.512855', 'put_channel : channel tb0, group 0, time 2015-02-07 10:33:37.512809')
('2015-02-07 10:33:38.521870', 'put_channel : channel tb0, group 0, time 2015-02-07 10:33:38.521792')
('2015-02-07 10:33:39.010437', 'put_channel : channel tb0, group 0, time 2015-02-07 10:33:39.010364')
('2015-02-07 10:33:46.508340', 'put_channel : channel tb0, group 0, time 2015-02-07 10:33:46.508269')
('2015-02-07 10:33:46.513309', 'put_channel : channel tb0, group 0, time 2015-02-07 10:33:46.513263')
('2015-02-07 10:33:46.533836', 'put_channel : channel tb0, group 1, time 2015-02-07 10:33:46.533770')
('2015-02-07 10:33:47.520559', 'put_channel : channel tb0, group 0, time 2015-02-07 10:33:47.520475')
('2015-02-07 10:33:47.576048', 'put_channel : channel tb0, group 0, time 2015-02-07 10:33:47.575955')
('2015-02-07 10:33:48.007048', 'put_channel : channel tb0, group 1, time 2015-02-07 10:33:48.006976')
('2015-02-07 10:33:48.010308', 'put_channel : channel tb0, group 0, time 2015-02-07 10:33:48.010261')
('2015-02-07 10:33:48.011810', 'put_channel : channel tb0, group 0, time 2015-02-07 10:33:48.011769')
('2015-02-07 10:33:49.017938', 'put_channel : channel tb0, group 0, time 2015-02-07 10:33:49.017860')
('2015-02-07 10:33:49.506838', 'put_channel : channel tb0, group 1, time 2015-02-07 10:33:49.506775')
('2015-02-07 10:33:50.517761', 'put_channel : channel tb0, group 1, time 2015-02-07 10:33:50.517685')
('2015-02-07 10:33:51.006837', 'put_channel : channel tb0, group 1, time 2015-02-07 10:33:51.006760')
('2015-02-07 10:33:52.507039', 'put_channel : channel tb0, group 1, time 2015-02-07 10:33:52.506939')
('2015-02-07 10:33:54.006497', 'put_channel : channel tb0, group 1, time 2015-02-07 10:33:54.006425')
('2015-02-07 10:33:55.506777', 'put_channel : channel tb0, group 1, time 2015-02-07 10:33:55.506715')
('2015-02-07 10:33:57.008509', 'put_channel : channel tb0, group 1, time 2015-02-07 10:33:57.008438')
('2015-02-07 10:33:57.009894', 'put_channel : channel tb0, group 0, time 2015-02-07 10:33:57.009848')
('2015-02-07 10:33:57.012185', 'put_channel : channel tb0, group 0, time 2015-02-07 10:33:57.012146')
('2015-02-07 10:33:58.024361', 'put_channel : channel tb0, group 0, time 2015-02-07 10:33:58.024259')
('2015-02-07 10:33:58.506542', 'put_channel : channel tb0, group 1, time 2015-02-07 10:33:58.506471')
('2015-02-07 10:33:58.509017', 'put_channel : channel tb0, group 0, time 2015-02-07 10:33:58.508977')
('2015-02-07 10:33:58.511773', 'put_channel : channel tb0, group 0, time 2015-02-07 10:33:58.511730')
('2015-02-07 10:33:59.520079', 'put_channel : channel tb0, group 0, time 2015-02-07 10:33:59.520000')
('2015-02-07 10:33:59.573842', 'put_channel : channel tb0, group 1, time 2015-02-07 10:33:59.573767')
('2015-02-07 10:33:59.575794', 'put_channel : channel tb0, group 0, time 2015-02-07 10:33:59.575748')
('2015-02-07 10:34:00.007028', 'put_channel : channel tb0, group 1, time 2015-02-07 10:34:00.006955')
('2015-02-07 10:34:01.508839', 'put_channel : channel tb0, group 1, time 2015-02-07 10:34:01.508695')
('2015-02-07 10:34:01.767361', 'fd_channel : login[0] 1 login[1] 0 , tb0[0] 54 tb0[1] 42 , tb1[0] 0 tb1[1] 0')
('2015-02-07 10:34:01.768342', 'fd_channel : login[0] 1 login[1] 0 , tb0[0] 54 tb0[1] 41 , tb1[0] 0 tb1[1] 0')
('2015-02-07 10:34:01.769121', 'fd_channel : login[0] 1 login[1] 0 , tb0[0] 54 tb0[1] 40 , tb1[0] 0 tb1[1] 0')
('2015-02-07 10:34:01.769781', 'fd_channel : login[0] 1 login[1] 0 , tb0[0] 54 tb0[1] 39 , tb1[0] 0 tb1[1] 0')
('2015-02-07 10:34:01.770732', 'fd_channel : login[0] 1 login[1] 0 , tb0[0] 54 tb0[1] 38 , tb1[0] 0 tb1[1] 0')
('2015-02-07 10:34:01.772024', 'fd_channel : login[0] 1 login[1] 0 , tb0[0] 54 tb0[1] 37 , tb1[0] 0 tb1[1] 0')
('2015-02-07 10:34:01.772726', 'fd_channel : login[0] 1 login[1] 0 , tb0[0] 54 tb0[1] 36 , tb1[0] 0 tb1[1] 0')
('2015-02-07 10:34:01.773577', 'fd_channel : login[0] 1 login[1] 0 , tb0[0] 54 tb0[1] 35 , tb1[0] 0 tb1[1] 0')
('2015-02-07 10:34:01.774548', 'fd_channel : login[0] 1 login[1] 0 , tb0[0] 54 tb0[1] 34 , tb1[0] 0 tb1[1] 0')
('2015-02-07 10:34:03.006525', 'put_channel : channel tb0, group 1, time 2015-02-07 10:34:03.006454')
('2015-02-07 10:34:04.506724', 'put_channel : channel tb0, group 1, time 2015-02-07 10:34:04.506653')
('2015-02-07 10:34:06.006804', 'put_channel : channel tb0, group 1, time 2015-02-07 10:34:06.006733')
('2015-02-07 10:34:07.509104', 'put_channel : channel tb0, group 1, time 2015-02-07 10:34:07.509032')
('2015-02-07 10:34:07.634865', 'fd_channel : login[0] 1 login[1] 0 , tb0[0] 53 tb0[1] 38 , tb1[0] 0 tb1[1] 0')
('2015-02-07 10:34:07.636155', 'fd_channel : login[0] 1 login[1] 0 , tb0[0] 53 tb0[1] 37 , tb1[0] 0 tb1[1] 0')
('2015-02-07 10:34:08.757604', 'fd_channel : login[0] 1 login[1] 0 , tb0[0] 52 tb0[1] 37 , tb1[0] 0 tb1[1] 0')
('2015-02-07 10:34:08.759084', 'fd_channel : login[0] 1 login[1] 0 , tb0[0] 52 tb0[1] 36 , tb1[0] 0 tb1[1] 0')
('2015-02-07 10:34:09.008765', 'put_channel : channel tb0, group 1, time 2015-02-07 10:34:09.008629')
('2015-02-07 10:34:09.638211', 'fd_channel : login[0] 1 login[1] 0 , tb0[0] 51 tb0[1] 37 , tb1[0] 0 tb1[1] 0')
('2015-02-07 10:34:09.639313', 'fd_channel : login[0] 1 login[1] 0 , tb0[0] 51 tb0[1] 36 , tb1[0] 0 tb1[1] 0')
('2015-02-07 10:34:10.506696', 'put_channel : channel tb0, group 1, time 2015-02-07 10:34:10.506619')
('2015-02-07 10:34:12.006343', 'put_channel : channel tb0, group 1, time 2015-02-07 10:34:12.006284')
('2015-02-07 10:34:12.009552', 'put_channel : channel tb0, group 0, time 2015-02-07 10:34:12.009512')
('2015-02-07 10:34:12.011269', 'put_channel : channel tb0, group 0, time 2015-02-07 10:34:12.011235')
('2015-02-07 10:34:12.020094', 'fd_channel : login[0] 1 login[1] 0 , tb0[0] 52 tb0[1] 38 , tb1[0] 0 tb1[1] 0')
('2015-02-07 10:34:12.020868', 'fd_channel : login[0] 1 login[1] 0 , tb0[0] 52 tb0[1] 37 , tb1[0] 0 tb1[1] 0')
('2015-02-07 10:34:13.017391', 'put_channel : channel tb0, group 0, time 2015-02-07 10:34:13.017321')
('2015-02-07 10:34:13.506775', 'put_channel : channel tb0, group 1, time 2015-02-07 10:34:13.506713')
('2015-02-07 10:34:14.426790', 'fd_channel : login[0] 1 login[1] 0 , tb0[0] 52 tb0[1] 38 , tb1[0] 0 tb1[1] 0')
('2015-02-07 10:34:14.427565', 'fd_channel : login[0] 1 login[1] 0 , tb0[0] 52 tb0[1] 37 , tb1[0] 0 tb1[1] 0')
('2015-02-07 10:34:15.008128', 'put_channel : channel tb0, group 1, time 2015-02-07 10:34:15.008050')
('2015-02-07 10:34:16.429016', 'fd_channel : login[0] 1 login[1] 0 , tb0[0] 51 tb0[1] 38 , tb1[0] 0 tb1[1] 0')
('2015-02-07 10:34:16.429905', 'fd_channel : login[0] 1 login[1] 0 , tb0[0] 51 tb0[1] 37 , tb1[0] 0 tb1[1] 0')
('2015-02-07 10:34:16.506227', 'put_channel : channel tb0, group 1, time 2015-02-07 10:34:16.506165')
('2015-02-07 10:34:18.005490', 'put_channel : channel tb0, group 1, time 2015-02-07 10:34:18.005427')
('2015-02-07 10:34:19.506745', 'put_channel : channel tb0, group 1, time 2015-02-07 10:34:19.506682')
('2015-02-07 10:34:21.006987', 'put_channel : channel tb0, group 1, time 2015-02-07 10:34:21.006924')
('2015-02-07 10:34:22.506640', 'put_channel : channel tb0, group 1, time 2015-02-07 10:34:22.506572')
('2015-02-07 10:34:23.123672', 'fd_channel : login[0] 1 login[1] 0 , tb0[0] 50 tb0[1] 42 , tb1[0] 0 tb1[1] 0')
('2015-02-07 10:34:23.124831', 'fd_channel : login[0] 1 login[1] 0 , tb0[0] 50 tb0[1] 41 , tb1[0] 0 tb1[1] 0')
('2015-02-07 10:34:24.008144', 'put_channel : channel tb0, group 1, time 2015-02-07 10:34:24.008080')
('2015-02-07 10:34:25.507867', 'put_channel : channel tb0, group 1, time 2015-02-07 10:34:25.507744')
('2015-02-07 10:34:26.303807', 'fd_channel : login[0] 1 login[1] 0 , tb0[0] 49 tb0[1] 43 , tb1[0] 0 tb1[1] 0')
('2015-02-07 10:34:26.304624', 'fd_channel : login[0] 1 login[1] 0 , tb0[0] 49 tb0[1] 42 , tb1[0] 0 tb1[1] 0')
('2015-02-07 10:34:27.008381', 'put_channel : channel tb0, group 1, time 2015-02-07 10:34:27.008320')
('2015-02-07 10:34:28.007938', 'put_channel : channel tb0, group 0, time 2015-02-07 10:34:28.007872')
('2015-02-07 10:34:28.024920', 'put_channel : channel tb0, group 0, time 2015-02-07 10:34:28.024875')
('2015-02-07 10:34:28.510964', 'put_channel : channel tb0, group 0, time 2015-02-07 10:34:28.510901')
('2015-02-07 10:34:28.513531', 'put_channel : channel tb0, group 0, time 2015-02-07 10:34:28.513484')
('2015-02-07 10:34:29.520360', 'put_channel : channel tb0, group 0, time 2015-02-07 10:34:29.520293')
('2015-02-07 10:34:30.009648', 'put_channel : channel tb0, group 0, time 2015-02-07 10:34:30.009529')
('2015-02-07 10:34:30.040150', 'put_channel : channel tb0, group 0, time 2015-02-07 10:34:30.040074')
('2015-02-07 10:34:31.016807', 'put_channel : channel tb0, group 0, time 2015-02-07 10:34:31.016727')
('2015-02-07 10:34:31.063824', 'put_channel : channel tb0, group 0, time 2015-02-07 10:34:31.063761')
('2015-02-07 10:34:31.509029', 'put_channel : channel tb0, group 0, time 2015-02-07 10:34:31.508948')
('2015-02-07 10:34:31.543658', 'put_channel : channel tb0, group 0, time 2015-02-07 10:34:31.543589')
('2015-02-07 10:34:31.775740', 'fd_channel : login[0] 1 login[1] 0 , tb0[0] 60 tb0[1] 42 , tb1[0] 0 tb1[1] 0')
('2015-02-07 10:34:31.776400', 'fd_channel : login[0] 1 login[1] 0 , tb0[0] 60 tb0[1] 41 , tb1[0] 0 tb1[1] 0')
('2015-02-07 10:34:31.777029', 'fd_channel : login[0] 1 login[1] 0 , tb0[0] 60 tb0[1] 40 , tb1[0] 0 tb1[1] 0')
('2015-02-07 10:34:32.569522', 'put_channel : channel tb0, group 0, time 2015-02-07 10:34:32.569446')
('2015-02-07 10:34:37.005704', 'put_channel : channel tb0, group 1, time 2015-02-07 10:34:37.005626')
('2015-02-07 10:34:48.006633', 'put_channel : channel tb0, group 1, time 2015-02-07 10:34:48.006562')
('2015-02-07 10:34:48.011297', 'put_channel : channel tb0, group 1, time 2015-02-07 10:34:48.011256')
('2015-02-07 10:34:48.039610', 'put_channel : channel tb0, group 1, time 2015-02-07 10:34:48.039538')
('2015-02-07 10:34:48.431906', 'fd_channel : login[0] 1 login[1] 0 , tb0[0] 61 tb0[1] 43 , tb1[0] 0 tb1[1] 0')
('2015-02-07 10:34:49.014156', 'put_channel : channel tb0, group 1, time 2015-02-07 10:34:49.014077')
('2015-02-07 10:34:49.510548', 'put_channel : channel tb0, group 1, time 2015-02-07 10:34:49.510415')
('2015-02-07 10:34:49.512841', 'put_channel : channel tb0, group 1, time 2015-02-07 10:34:49.512768')
('2015-02-07 10:34:49.526564', 'put_channel : channel tb0, group 1, time 2015-02-07 10:34:49.526472')
('2015-02-07 10:34:50.517973', 'put_channel : channel tb0, group 1, time 2015-02-07 10:34:50.517895')
('2015-02-07 10:34:51.006672', 'put_channel : channel tb0, group 1, time 2015-02-07 10:34:51.006550')
('2015-02-07 10:34:52.507749', 'put_channel : channel tb0, group 1, time 2015-02-07 10:34:52.507650')
('2015-02-07 10:34:52.534170', 'put_channel : channel tb0, group 1, time 2015-02-07 10:34:52.534096')
('2015-02-07 10:34:54.007502', 'put_channel : channel tb0, group 1, time 2015-02-07 10:34:54.007428')
('2015-02-07 10:34:54.038301', 'put_channel : channel tb0, group 1, time 2015-02-07 10:34:54.038221')
('2015-02-07 10:34:55.509293', 'put_channel : channel tb0, group 1, time 2015-02-07 10:34:55.509165')
('2015-02-07 10:34:58.009898', 'put_channel : channel tb0, group 0, time 2015-02-07 10:34:58.009795')
('2015-02-07 10:34:58.023761', 'put_channel : channel tb0, group 0, time 2015-02-07 10:34:58.023694')
('2015-02-07 10:34:58.509276', 'put_channel : channel tb0, group 0, time 2015-02-07 10:34:58.509180')
('2015-02-07 10:34:58.511972', 'put_channel : channel tb0, group 0, time 2015-02-07 10:34:58.511919')
('2015-02-07 10:34:58.535500', 'put_channel : channel tb0, group 0, time 2015-02-07 10:34:58.535447')
('2015-02-07 10:34:59.520116', 'put_channel : channel tb0, group 0, time 2015-02-07 10:34:59.520039')
('2015-02-07 10:35:00.008955', 'put_channel : channel tb0, group 0, time 2015-02-07 10:35:00.008880')
('2015-02-07 10:35:00.039973', 'put_channel : channel tb0, group 0, time 2015-02-07 10:35:00.039900')
('2015-02-07 10:35:01.015663', 'put_channel : channel tb0, group 0, time 2015-02-07 10:35:01.015586')
('2015-02-07 10:35:01.508853', 'put_channel : channel tb0, group 0, time 2015-02-07 10:35:01.508783')
('2015-02-07 10:35:01.528349', 'put_channel : channel tb0, group 0, time 2015-02-07 10:35:01.528301')
('2015-02-07 10:35:01.779153', 'fd_channel : login[0] 1 login[1] 0 , tb0[0] 72 tb0[1] 51 , tb1[0] 0 tb1[1] 0')
('2015-02-07 10:35:01.780248', 'fd_channel : login[0] 1 login[1] 0 , tb0[0] 72 tb0[1] 50 , tb1[0] 0 tb1[1] 0')
('2015-02-07 10:35:01.781117', 'fd_channel : login[0] 1 login[1] 0 , tb0[0] 72 tb0[1] 49 , tb1[0] 0 tb1[1] 0')
('2015-02-07 10:35:03.099457', 'put_channel : channel tb0, group 0, time 2015-02-07 10:35:03.099322')
('2015-02-07 10:35:04.056069', 'put_channel : channel tb0, group 0, time 2015-02-07 10:35:04.055994')
('2015-02-07 10:35:04.509341', 'put_channel : channel tb0, group 0, time 2015-02-07 10:35:04.509220')
('2015-02-07 10:35:04.536177', 'put_channel : channel tb0, group 0, time 2015-02-07 10:35:04.536111')
('2015-02-07 10:35:05.560447', 'put_channel : channel tb0, group 0, time 2015-02-07 10:35:05.560368')
('2015-02-07 10:35:05.652619', 'put_channel : channel tb0, group 0, time 2015-02-07 10:35:05.652516')
('2015-02-07 10:35:06.010577', 'put_channel : channel tb0, group 0, time 2015-02-07 10:35:06.010506')
('2015-02-07 10:35:13.509878', 'put_channel : channel tb0, group 1, time 2015-02-07 10:35:13.509796')
('2015-02-07 10:35:13.510918', 'put_channel : channel tb0, group 1, time 2015-02-07 10:35:13.510829')
('2015-02-07 10:35:13.526609', 'put_channel : channel tb0, group 1, time 2015-02-07 10:35:13.526541')
('2015-02-07 10:35:14.518781', 'put_channel : channel tb0, group 1, time 2015-02-07 10:35:14.518649')
('2015-02-07 10:35:15.009948', 'put_channel : channel tb0, group 1, time 2015-02-07 10:35:15.009877')
('2015-02-07 10:35:15.011615', 'put_channel : channel tb0, group 1, time 2015-02-07 10:35:15.011576')
('2015-02-07 10:35:15.029799', 'put_channel : channel tb0, group 1, time 2015-02-07 10:35:15.029716')
('2015-02-07 10:35:16.022229', 'put_channel : channel tb0, group 1, time 2015-02-07 10:35:16.022139')
('2015-02-07 10:35:16.508561', 'put_channel : channel tb0, group 1, time 2015-02-07 10:35:16.508401')
('2015-02-07 10:35:16.534148', 'put_channel : channel tb0, group 1, time 2015-02-07 10:35:16.534076')
('2015-02-07 10:35:18.006848', 'put_channel : channel tb0, group 1, time 2015-02-07 10:35:18.006749')
('2015-02-07 10:35:18.038331', 'put_channel : channel tb0, group 1, time 2015-02-07 10:35:18.038228')
('2015-02-07 10:35:18.435417', 'fd_channel : login[0] 1 login[1] 0 , tb0[0] 79 tb0[1] 56 , tb1[0] 0 tb1[1] 0')
('2015-02-07 10:35:19.508407', 'put_channel : channel tb0, group 1, time 2015-02-07 10:35:19.508324')
('2015-02-07 10:35:19.542031', 'put_channel : channel tb0, group 1, time 2015-02-07 10:35:19.541935')
('2015-02-07 10:35:21.006256', 'put_channel : channel tb0, group 1, time 2015-02-07 10:35:21.006193')
('2015-02-07 10:35:21.470889', 'fd_channel : login[0] 1 login[1] 0 , tb0[0] 77 tb0[1] 58 , tb1[0] 0 tb1[1] 0')
('2015-02-07 10:35:21.476337', 'fd_channel : login[0] 1 login[1] 0 , tb0[0] 56 tb0[1] 58 , tb1[0] 0 tb1[1] 0')
('2015-02-07 10:35:23.472780', 'fd_channel : login[0] 1 login[1] 0 , tb0[0] 55 tb0[1] 57 , tb1[0] 0 tb1[1] 0')
('2015-02-07 10:35:23.473702', 'fd_channel : login[0] 1 login[1] 0 , tb0[0] 53 tb0[1] 57 , tb1[0] 0 tb1[1] 0')
('2015-02-07 10:35:24.009928', 'put_channel : channel tb0, group 0, time 2015-02-07 10:35:24.009856')
('2015-02-07 10:35:24.011573', 'put_channel : channel tb0, group 0, time 2015-02-07 10:35:24.011514')
('2015-02-07 10:35:24.039849', 'put_channel : channel tb0, group 0, time 2015-02-07 10:35:24.039779')
('2015-02-07 10:35:24.995813', 'fd_channel : login[0] 1 login[1] 0 , tb0[0] 55 tb0[1] 57 , tb1[0] 0 tb1[1] 0')
('2015-02-07 10:35:24.996661', 'fd_channel : login[0] 1 login[1] 0 , tb0[0] 55 tb0[1] 56 , tb1[0] 0 tb1[1] 0')
('2015-02-07 10:35:25.016003', 'put_channel : channel tb0, group 0, time 2015-02-07 10:35:25.015951')
('2015-02-07 10:35:25.508410', 'put_channel : channel tb0, group 0, time 2015-02-07 10:35:25.508344')
('2015-02-07 10:35:25.513389', 'put_channel : channel tb0, group 0, time 2015-02-07 10:35:25.513348')
('2015-02-07 10:35:25.529342', 'put_channel : channel tb0, group 0, time 2015-02-07 10:35:25.529281')
('2015-02-07 10:35:26.520062', 'put_channel : channel tb0, group 0, time 2015-02-07 10:35:26.519982')
('2015-02-07 10:35:27.010302', 'put_channel : channel tb0, group 0, time 2015-02-07 10:35:27.010241')
('2015-02-07 10:35:27.032127', 'put_channel : channel tb0, group 0, time 2015-02-07 10:35:27.032047')
('2015-02-07 10:35:28.510454', 'put_channel : channel tb0, group 0, time 2015-02-07 10:35:28.510385')
('2015-02-07 10:35:28.536122', 'put_channel : channel tb0, group 0, time 2015-02-07 10:35:28.536052')
('2015-02-07 10:35:31.782377', 'fd_channel : login[0] 1 login[1] 0 , tb0[0] 64 tb0[1] 55 , tb1[0] 0 tb1[1] 0')
('2015-02-07 10:35:31.784071', 'fd_channel : login[0] 1 login[1] 0 , tb0[0] 64 tb0[1] 54 , tb1[0] 0 tb1[1] 0')
('2015-02-07 10:35:43.006260', 'put_channel : channel tb0, group 1, time 2015-02-07 10:35:43.006182')
('2015-02-07 10:35:43.014057', 'put_channel : channel tb0, group 1, time 2015-02-07 10:35:43.014010')
('2015-02-07 10:35:43.507731', 'put_channel : channel tb0, group 1, time 2015-02-07 10:35:43.507607')
('2015-02-07 10:35:43.513973', 'put_channel : channel tb0, group 1, time 2015-02-07 10:35:43.513929')
('2015-02-07 10:35:43.541766', 'put_channel : channel tb0, group 1, time 2015-02-07 10:35:43.541697')
('2015-02-07 10:35:43.670966', 'put_channel : channel tb0, group 1, time 2015-02-07 10:35:43.670869')
('2015-02-07 10:35:44.517882', 'put_channel : channel tb0, group 1, time 2015-02-07 10:35:44.517803')
('2015-02-07 10:35:45.007050', 'put_channel : channel tb0, group 1, time 2015-02-07 10:35:45.006979')
('2015-02-07 10:35:45.029939', 'put_channel : channel tb0, group 1, time 2015-02-07 10:35:45.029862')
('2015-02-07 10:35:46.023708', 'put_channel : channel tb0, group 1, time 2015-02-07 10:35:46.023575')
('2015-02-07 10:35:46.506739', 'put_channel : channel tb0, group 1, time 2015-02-07 10:35:46.506669')
('2015-02-07 10:35:46.534000', 'put_channel : channel tb0, group 1, time 2015-02-07 10:35:46.533901')
('2015-02-07 10:35:48.009345', 'put_channel : channel tb0, group 1, time 2015-02-07 10:35:48.009242')
('2015-02-07 10:35:48.039716', 'put_channel : channel tb0, group 1, time 2015-02-07 10:35:48.039652')
('2015-02-07 10:35:49.506870', 'put_channel : channel tb0, group 1, time 2015-02-07 10:35:49.506800')
('2015-02-07 10:35:50.529578', 'fd_channel : login[0] 1 login[1] 0 , tb0[0] 61 tb0[1] 67 , tb1[0] 0 tb1[1] 0')
('2015-02-07 10:35:50.533454', 'fd_channel : login[0] 1 login[1] 0 , tb0[0] 51 tb0[1] 67 , tb1[0] 0 tb1[1] 0')
('2015-02-07 10:35:52.530506', 'fd_channel : login[0] 1 login[1] 0 , tb0[0] 50 tb0[1] 67 , tb1[0] 0 tb1[1] 0')
('2015-02-07 10:35:52.532504', 'fd_channel : login[0] 1 login[1] 0 , tb0[0] 50 tb0[1] 66 , tb1[0] 0 tb1[1] 0')
('2015-02-07 10:36:00.040015', 'put_channel : channel tb0, group 0, time 2015-02-07 10:36:00.039885')
('2015-02-07 10:36:01.007905', 'put_channel : channel tb0, group 0, time 2015-02-07 10:36:01.007829')
('2015-02-07 10:36:01.016079', 'put_channel : channel tb0, group 0, time 2015-02-07 10:36:01.016020')
('2015-02-07 10:36:01.080154', 'put_channel : channel tb0, group 0, time 2015-02-07 10:36:01.080075')
('2015-02-07 10:36:01.509085', 'put_channel : channel tb0, group 0, time 2015-02-07 10:36:01.509013')
('2015-02-07 10:36:01.511979', 'put_channel : channel tb0, group 0, time 2015-02-07 10:36:01.511938')
('2015-02-07 10:36:01.529785', 'put_channel : channel tb0, group 0, time 2015-02-07 10:36:01.529729')
('2015-02-07 10:36:02.522220', 'put_channel : channel tb0, group 0, time 2015-02-07 10:36:02.522141')
('2015-02-07 10:36:02.554234', 'put_channel : channel tb0, group 0, time 2015-02-07 10:36:02.554113')
('2015-02-07 10:36:03.010543', 'put_channel : channel tb0, group 0, time 2015-02-07 10:36:03.010472')
('2015-02-07 10:36:03.033898', 'put_channel : channel tb0, group 0, time 2015-02-07 10:36:03.033807')
('2015-02-07 10:36:04.023857', 'put_channel : channel tb0, group 0, time 2015-02-07 10:36:04.023777')
('2015-02-07 10:36:04.089480', 'put_channel : channel tb0, group 0, time 2015-02-07 10:36:04.089413')
('2015-02-07 10:36:04.509041', 'put_channel : channel tb0, group 0, time 2015-02-07 10:36:04.508964')
('2015-02-07 10:36:04.537738', 'put_channel : channel tb0, group 0, time 2015-02-07 10:36:04.537662')
('2015-02-07 10:36:05.561740', 'put_channel : channel tb0, group 0, time 2015-02-07 10:36:05.561662')
('2015-02-07 10:36:06.007444', 'put_channel : channel tb0, group 1, time 2015-02-07 10:36:06.007370')
('2015-02-07 10:36:06.009888', 'put_channel : channel tb0, group 0, time 2015-02-07 10:36:06.009846')
('2015-02-07 10:36:06.011792', 'put_channel : channel tb0, group 1, time 2015-02-07 10:36:06.011753')
('2015-02-07 10:36:06.038044', 'put_channel : channel tb0, group 1, time 2015-02-07 10:36:06.037959')
('2015-02-07 10:36:07.015554', 'put_channel : channel tb0, group 1, time 2015-02-07 10:36:07.015478')
('2015-02-07 10:36:07.507102', 'put_channel : channel tb0, group 1, time 2015-02-07 10:36:07.506980')
('2015-02-07 10:36:07.509793', 'put_channel : channel tb0, group 1, time 2015-02-07 10:36:07.509740')
('2015-02-07 10:36:07.544112', 'put_channel : channel tb0, group 1, time 2015-02-07 10:36:07.544049')
('2015-02-07 10:36:08.520832', 'put_channel : channel tb0, group 1, time 2015-02-07 10:36:08.520694')
('2015-02-07 10:36:09.008430', 'put_channel : channel tb0, group 1, time 2015-02-07 10:36:09.008359')
('2015-02-07 10:36:09.032314', 'put_channel : channel tb0, group 1, time 2015-02-07 10:36:09.032253')
('2015-02-07 10:36:09.142445', 'put_channel : channel tb0, group 1, time 2015-02-07 10:36:09.142332')
('2015-02-07 10:36:10.507105', 'put_channel : channel tb0, group 1, time 2015-02-07 10:36:10.507031')
('2015-02-07 10:36:10.535509', 'put_channel : channel tb0, group 1, time 2015-02-07 10:36:10.535434')
('2015-02-07 10:36:12.006744', 'put_channel : channel tb0, group 1, time 2015-02-07 10:36:12.006677')
('2015-02-07 10:36:12.038606', 'put_channel : channel tb0, group 1, time 2015-02-07 10:36:12.038546')
('2015-02-07 10:36:14.262106', 'fd_channel : login[0] 1 login[1] 0 , tb0[0] 64 tb0[1] 65 , tb1[0] 0 tb1[1] 0')
('2015-02-07 10:36:14.264521', 'fd_channel : login[0] 1 login[1] 0 , tb0[0] 58 tb0[1] 65 , tb1[0] 0 tb1[1] 0')
('2015-02-07 10:36:16.258487', 'fd_channel : login[0] 1 login[1] 0 , tb0[0] 57 tb0[1] 65 , tb1[0] 0 tb1[1] 0')
('2015-02-07 10:36:16.259293', 'fd_channel : login[0] 1 login[1] 0 , tb0[0] 57 tb0[1] 64 , tb1[0] 0 tb1[1] 0')
('2015-02-07 10:36:43.508683', 'put_channel : channel tb0, group 1, time 2015-02-07 10:36:43.508618')
('2015-02-07 10:36:43.510422', 'put_channel : channel tb0, group 1, time 2015-02-07 10:36:43.510366')
('2015-02-07 10:36:43.542788', 'put_channel : channel tb0, group 1, time 2015-02-07 10:36:43.542689')
('2015-02-07 10:36:44.519376', 'put_channel : channel tb0, group 1, time 2015-02-07 10:36:44.519308')
('2015-02-07 10:36:44.566073', 'put_channel : channel tb0, group 1, time 2015-02-07 10:36:44.566005')
('2015-02-07 10:36:45.006467', 'put_channel : channel tb0, group 1, time 2015-02-07 10:36:45.006394')
('2015-02-07 10:36:45.011377', 'put_channel : channel tb0, group 1, time 2015-02-07 10:36:45.011342')
('2015-02-07 10:36:45.029606', 'put_channel : channel tb0, group 1, time 2015-02-07 10:36:45.029561')
('2015-02-07 10:36:46.021906', 'put_channel : channel tb0, group 1, time 2015-02-07 10:36:46.021837')
('2015-02-07 10:36:46.070024', 'put_channel : channel tb0, group 1, time 2015-02-07 10:36:46.069925')
('2015-02-07 10:36:46.506568', 'put_channel : channel tb0, group 1, time 2015-02-07 10:36:46.506509')
('2015-02-07 10:36:46.534686', 'put_channel : channel tb0, group 1, time 2015-02-07 10:36:46.534634')
('2015-02-07 10:36:47.574125', 'put_channel : channel tb0, group 1, time 2015-02-07 10:36:47.574058')
('2015-02-07 10:36:48.006918', 'put_channel : channel tb0, group 1, time 2015-02-07 10:36:48.006855')
('2015-02-07 10:36:48.039574', 'put_channel : channel tb0, group 1, time 2015-02-07 10:36:48.039523')
('2015-02-07 10:36:48.265094', 'fd_channel : login[0] 1 login[1] 0 , tb0[0] 57 tb0[1] 64 , tb1[0] 0 tb1[1] 0')
('2015-02-07 10:36:56.570775', 'put_channel : channel tb0, group 0, time 2015-02-07 10:36:56.570627')
('2015-02-07 10:36:57.009460', 'put_channel : channel tb0, group 0, time 2015-02-07 10:36:57.009348')
('2015-02-07 10:36:57.013570', 'put_channel : channel tb0, group 0, time 2015-02-07 10:36:57.013531')
('2015-02-07 10:36:57.031634', 'put_channel : channel tb0, group 0, time 2015-02-07 10:36:57.031562')
('2015-02-07 10:36:58.024260', 'put_channel : channel tb0, group 0, time 2015-02-07 10:36:58.024190')
('2015-02-07 10:36:58.072052', 'put_channel : channel tb0, group 0, time 2015-02-07 10:36:58.071982')
('2015-02-07 10:36:58.507580', 'put_channel : channel tb0, group 0, time 2015-02-07 10:36:58.507513')
('2015-02-07 10:36:58.511817', 'put_channel : channel tb0, group 0, time 2015-02-07 10:36:58.511777')
('2015-02-07 10:36:58.535776', 'put_channel : channel tb0, group 0, time 2015-02-07 10:36:58.535730')
('2015-02-07 10:36:59.519584', 'put_channel : channel tb0, group 0, time 2015-02-07 10:36:59.519516')
('2015-02-07 10:37:06.676377', 'fd_channel : login[0] 1 login[1] 0 , tb0[0] 63 tb0[1] 59 , tb1[0] 0 tb1[1] 0')
('2015-02-07 10:37:06.683550', 'fd_channel : login[0] 1 login[1] 0 , tb0[0] 38 tb0[1] 59 , tb1[0] 0 tb1[1] 0')
('2015-02-07 10:37:08.505776', 'put_channel : channel tb0, group 1, time 2015-02-07 10:37:08.505694')
('2015-02-07 10:37:08.518408', 'put_channel : channel tb0, group 1, time 2015-02-07 10:37:08.518363')
('2015-02-07 10:37:09.009670', 'put_channel : channel tb0, group 1, time 2015-02-07 10:37:09.009603')
('2015-02-07 10:37:09.029655', 'put_channel : channel tb0, group 1, time 2015-02-07 10:37:09.029608')
('2015-02-07 10:37:10.022216', 'put_channel : channel tb0, group 1, time 2015-02-07 10:37:10.022140')
('2015-02-07 10:37:10.533755', 'put_channel : channel tb0, group 1, time 2015-02-07 10:37:10.533657')
('2015-02-07 10:37:11.519716', 'put_channel : channel tb0, group 1, time 2015-02-07 10:37:11.519644')
('2015-02-07 10:37:12.039746', 'put_channel : channel tb0, group 1, time 2015-02-07 10:37:12.039656')
('2015-02-07 10:37:13.526127', 'put_channel : channel tb0, group 1, time 2015-02-07 10:37:13.526058')
('2015-02-07 10:37:15.031985', 'put_channel : channel tb0, group 1, time 2015-02-07 10:37:15.031920')
('2015-02-07 10:37:20.567558', 'put_channel : channel tb0, group 1, time 2015-02-07 10:37:20.567492')
('2015-02-07 10:37:21.141802', 'put_channel : channel tb0, group 1, time 2015-02-07 10:37:21.141724')
('2015-02-07 10:37:22.071007', 'put_channel : channel tb0, group 1, time 2015-02-07 10:37:22.070872')
('2015-02-07 10:37:22.615567', 'put_channel : channel tb0, group 1, time 2015-02-07 10:37:22.615497')
('2015-02-07 10:37:23.575974', 'put_channel : channel tb0, group 1, time 2015-02-07 10:37:23.575894')
('2015-02-07 10:37:24.013431', 'fd_channel : login[0] 1 login[1] 0 , tb0[0] 38 tb0[1] 59 , tb1[0] 0 tb1[1] 0')
('2015-02-07 10:37:34.072176', 'put_channel : channel tb0, group 0, time 2015-02-07 10:37:34.072127')
('2015-02-07 10:37:34.648530', 'put_channel : channel tb0, group 0, time 2015-02-07 10:37:34.648431')
('2015-02-07 10:37:36.121651', 'put_channel : channel tb0, group 0, time 2015-02-07 10:37:36.121566')
('2015-02-07 10:37:37.082262', 'put_channel : channel tb0, group 0, time 2015-02-07 10:37:37.082200')
('2015-02-07 10:37:37.181692', 'fd_channel : login[0] 1 login[1] 0 , tb0[0] 30 tb0[1] 59 , tb1[0] 0 tb1[1] 0')
('2015-02-07 10:37:37.592520', 'put_channel : channel tb0, group 0, time 2015-02-07 10:37:37.592385')
('2015-02-07 10:37:38.553959', 'put_channel : channel tb0, group 0, time 2015-02-07 10:37:38.553857')
('2015-02-07 10:37:39.130015', 'put_channel : channel tb0, group 0, time 2015-02-07 10:37:39.129913')
('2015-02-07 10:37:40.665855', 'put_channel : channel tb0, group 0, time 2015-02-07 10:37:40.665775')
('2015-02-07 10:37:42.137797', 'put_channel : channel tb0, group 0, time 2015-02-07 10:37:42.137716')
('2015-02-07 10:37:43.607905', 'put_channel : channel tb0, group 0, time 2015-02-07 10:37:43.607819')
('2015-02-07 10:37:48.151816', 'put_channel : channel tb0, group 0, time 2015-02-07 10:37:48.151744')
('2015-02-07 10:37:49.623843', 'put_channel : channel tb0, group 0, time 2015-02-07 10:37:49.623772')
('2015-02-07 10:37:51.160189', 'put_channel : channel tb0, group 0, time 2015-02-07 10:37:51.160110')
('2015-02-07 10:37:52.632639', 'put_channel : channel tb0, group 0, time 2015-02-07 10:37:52.632520')
('2015-02-07 10:38:03.127841', 'put_channel : channel tb0, group 0, time 2015-02-07 10:38:03.127769')
('2015-02-07 10:38:04.602217', 'put_channel : channel tb0, group 0, time 2015-02-07 10:38:04.602144')
('2015-02-07 10:38:07.671905', 'put_channel : channel tb0, group 0, time 2015-02-07 10:38:07.671833')
('2015-02-07 10:39:23.354910', 'fd_channel : login[0] 1 login[1] 0 , tb0[0] 43 tb0[1] 0 , tb1[0] 0 tb1[1] 0')
('2015-02-07 10:39:38.698304', 'fd_channel : login[0] 1 login[1] 0 , tb0[0] 43 tb0[1] 0 , tb1[0] 0 tb1[1] 0')
('2015-02-07 10:39:40.746285', 'fd_channel : login[0] 1 login[1] 0 , tb0[0] 43 tb0[1] 0 , tb1[0] 0 tb1[1] 0')
('2015-02-07 10:39:45.354367', 'fd_channel : login[0] 1 login[1] 0 , tb0[0] 43 tb0[1] 0 , tb1[0] 0 tb1[1] 0')
('2015-02-07 10:39:47.402752', 'fd_channel : login[0] 1 login[1] 0 , tb0[0] 43 tb0[1] 0 , tb1[0] 0 tb1[1] 0')
('2015-02-07 11:27:40.508399', 'put_channel : channel tb1, group 1, time 2015-02-07 11:27:40.508255')
('2015-02-07 11:27:40.509821', 'put_channel : channel tb1, group 0, time 2015-02-07 11:27:40.509763')
('2015-02-07 11:27:42.006778', 'put_channel : channel tb1, group 1, time 2015-02-07 11:27:42.006701')
('2015-02-07 11:27:43.509613', 'put_channel : channel tb1, group 1, time 2015-02-07 11:27:43.509538')
('2015-02-07 11:27:45.009114', 'put_channel : channel tb1, group 1, time 2015-02-07 11:27:45.009039')
('2015-02-07 11:27:46.506382', 'put_channel : channel tb1, group 1, time 2015-02-07 11:27:46.506309')
('2015-02-07 11:27:48.006908', 'put_channel : channel tb1, group 1, time 2015-02-07 11:27:48.006835')
('2015-02-07 11:27:49.508770', 'put_channel : channel tb1, group 1, time 2015-02-07 11:27:49.508642')
('2015-02-07 11:27:51.008075', 'put_channel : channel tb1, group 1, time 2015-02-07 11:27:51.007991')
('2015-02-07 11:27:52.506990', 'put_channel : channel tb1, group 1, time 2015-02-07 11:27:52.506917')
('2015-02-07 11:27:54.007223', 'put_channel : channel tb1, group 1, time 2015-02-07 11:27:54.007147')
('2015-02-07 11:27:55.010297', 'put_channel : channel tb1, group 0, time 2015-02-07 11:27:55.010120')
('2015-02-07 11:27:55.015956', 'put_channel : channel tb1, group 0, time 2015-02-07 11:27:55.015900')
('2015-02-07 11:27:55.508585', 'put_channel : channel tb1, group 0, time 2015-02-07 11:27:55.508512')
('2015-02-07 11:27:55.508927', 'put_channel : channel tb1, group 1, time 2015-02-07 11:27:55.508881')
('2015-02-07 11:27:55.511504', 'put_channel : channel tb1, group 0, time 2015-02-07 11:27:55.511455')
('2015-02-07 11:27:56.519874', 'put_channel : channel tb1, group 0, time 2015-02-07 11:27:56.519788')
('2015-02-07 11:27:57.006871', 'put_channel : channel tb1, group 1, time 2015-02-07 11:27:57.006798')
('2015-02-07 11:27:57.010205', 'put_channel : channel tb1, group 0, time 2015-02-07 11:27:57.010159')
('2015-02-07 11:27:57.033315', 'put_channel : channel tb1, group 0, time 2015-02-07 11:27:57.033256')
('2015-02-07 11:27:58.507230', 'put_channel : channel tb1, group 1, time 2015-02-07 11:27:58.507122')
('2015-02-07 11:28:00.008392', 'put_channel : channel tb1, group 1, time 2015-02-07 11:28:00.008319')
('2015-02-07 11:28:01.509288', 'put_channel : channel tb1, group 1, time 2015-02-07 11:28:01.509217')
('2015-02-07 11:28:03.008377', 'put_channel : channel tb1, group 1, time 2015-02-07 11:28:03.008294')
('2015-02-07 11:28:04.506788', 'put_channel : channel tb1, group 1, time 2015-02-07 11:28:04.506717')
('2015-02-07 11:28:06.006775', 'put_channel : channel tb1, group 1, time 2015-02-07 11:28:06.006704')
('2015-02-07 11:28:07.509008', 'put_channel : channel tb1, group 1, time 2015-02-07 11:28:07.508864')
('2015-02-07 11:28:08.508658', 'put_channel : channel tb1, group 0, time 2015-02-07 11:28:08.508556')
('2015-02-07 11:28:08.520030', 'put_channel : channel tb1, group 0, time 2015-02-07 11:28:08.519980')
('2015-02-07 11:28:09.009797', 'put_channel : channel tb1, group 0, time 2015-02-07 11:28:09.009713')
('2015-02-07 11:28:09.012092', 'put_channel : channel tb1, group 0, time 2015-02-07 11:28:09.012045')
('2015-02-07 11:28:10.023973', 'put_channel : channel tb1, group 0, time 2015-02-07 11:28:10.023884')
('2015-02-07 11:28:10.509354', 'put_channel : channel tb1, group 0, time 2015-02-07 11:28:10.509266')
('2015-02-07 11:28:11.519667', 'put_channel : channel tb1, group 0, time 2015-02-07 11:28:11.519588')
('2015-02-07 11:28:12.009632', 'put_channel : channel tb1, group 0, time 2015-02-07 11:28:12.009567')
('2015-02-07 11:28:13.510444', 'put_channel : channel tb1, group 0, time 2015-02-07 11:28:13.510371')
('2015-02-07 11:28:13.527762', 'put_channel : channel tb1, group 0, time 2015-02-07 11:28:13.527719')
('2015-02-07 11:28:18.008325', 'put_channel : channel tb1, group 1, time 2015-02-07 11:28:18.008254')
('2015-02-07 11:28:18.009746', 'put_channel : channel tb1, group 1, time 2015-02-07 11:28:18.009694')
('2015-02-07 11:28:19.013905', 'put_channel : channel tb1, group 1, time 2015-02-07 11:28:19.013830')
('2015-02-07 11:28:19.507304', 'put_channel : channel tb1, group 1, time 2015-02-07 11:28:19.507219')
('2015-02-07 11:28:19.511499', 'put_channel : channel tb1, group 1, time 2015-02-07 11:28:19.511452')
('2015-02-07 11:28:20.519757', 'put_channel : channel tb1, group 1, time 2015-02-07 11:28:20.519678')
('2015-02-07 11:28:21.006609', 'put_channel : channel tb1, group 1, time 2015-02-07 11:28:21.006527')
('2015-02-07 11:28:22.506746', 'put_channel : channel tb1, group 1, time 2015-02-07 11:28:22.506675')
('2015-02-07 11:28:26.506189', 'put_channel : channel tb1, group 1, time 2015-02-07 11:28:26.506113')
('2015-02-07 11:28:27.009835', 'put_channel : channel tb1, group 1, time 2015-02-07 11:28:27.009763')
('2015-02-07 11:28:27.011326', 'put_channel : channel tb1, group 1, time 2015-02-07 11:28:27.011286')
('2015-02-07 11:28:28.008678', 'put_channel : channel tb1, group 0, time 2015-02-07 11:28:28.008514')
('2015-02-07 11:28:28.023933', 'put_channel : channel tb1, group 0, time 2015-02-07 11:28:28.023882')
('2015-02-07 11:28:28.510876', 'put_channel : channel tb1, group 0, time 2015-02-07 11:28:28.510802')
('2015-02-07 11:28:28.511983', 'put_channel : channel tb1, group 0, time 2015-02-07 11:28:28.511926')
('2015-02-07 11:28:29.520070', 'put_channel : channel tb1, group 0, time 2015-02-07 11:28:29.519989')
('2015-02-07 11:28:30.008595', 'put_channel : channel tb1, group 0, time 2015-02-07 11:28:30.008518')
('2015-02-07 11:28:30.041804', 'put_channel : channel tb1, group 0, time 2015-02-07 11:28:30.041728')
('2015-02-07 11:28:31.007778', 'put_channel : channel tb1, group 1, time 2015-02-07 11:28:31.007659')
('2015-02-07 11:28:31.016525', 'put_channel : channel tb1, group 0, time 2015-02-07 11:28:31.016407')
('2015-02-07 11:28:31.065573', 'put_channel : channel tb1, group 0, time 2015-02-07 11:28:31.065501')
('2015-02-07 11:28:32.506743', 'put_channel : channel tb1, group 1, time 2015-02-07 11:28:32.506655')
('2015-02-07 11:28:37.006846', 'put_channel : channel tb1, group 1, time 2015-02-07 11:28:37.006768')
('2015-02-07 11:28:37.506242', 'put_channel : channel tb1, group 1, time 2015-02-07 11:28:37.506172')
('2015-02-07 11:28:37.509663', 'put_channel : channel tb1, group 1, time 2015-02-07 11:28:37.509622')
('2015-02-07 11:28:39.009109', 'put_channel : channel tb1, group 1, time 2015-02-07 11:28:39.008951')
('2015-02-07 11:28:40.023804', 'put_channel : channel tb1, group 1, time 2015-02-07 11:28:40.023726')
('2015-02-07 11:28:41.506185', 'put_channel : channel tb1, group 1, time 2015-02-07 11:28:41.506107')
('2015-02-07 11:28:47.507512', 'put_channel : channel tb1, group 1, time 2015-02-07 11:28:47.507434')
('2015-02-07 11:28:48.008563', 'put_channel : channel tb1, group 1, time 2015-02-07 11:28:48.008490')
('2015-02-07 11:28:48.010108', 'put_channel : channel tb1, group 1, time 2015-02-07 11:28:48.010067')
('2015-02-07 11:28:49.014238', 'put_channel : channel tb1, group 1, time 2015-02-07 11:28:49.014163')
('2015-02-07 11:28:49.506312', 'put_channel : channel tb1, group 1, time 2015-02-07 11:28:49.506247')
('2015-02-07 11:28:49.508263', 'put_channel : channel tb1, group 0, time 2015-02-07 11:28:49.508223')
('2015-02-07 11:28:49.511921', 'put_channel : channel tb1, group 0, time 2015-02-07 11:28:49.511880')
('2015-02-07 11:28:49.527993', 'put_channel : channel tb1, group 0, time 2015-02-07 11:28:49.527939')
('2015-02-07 11:28:49.592403', 'put_channel : channel tb1, group 0, time 2015-02-07 11:28:49.592323')
('2015-02-07 11:28:50.518557', 'put_channel : channel tb1, group 1, time 2015-02-07 11:28:50.518424')
('2015-02-07 11:28:50.520387', 'put_channel : channel tb1, group 0, time 2015-02-07 11:28:50.520301')
('2015-02-07 11:28:50.553577', 'put_channel : channel tb1, group 0, time 2015-02-07 11:28:50.553505')
('2015-02-07 11:28:51.008169', 'put_channel : channel tb1, group 0, time 2015-02-07 11:28:51.008091')
('2015-02-07 11:28:51.011958', 'put_channel : channel tb1, group 0, time 2015-02-07 11:28:51.011903')
('2015-02-07 11:28:51.033762', 'put_channel : channel tb1, group 0, time 2015-02-07 11:28:51.033696')
('2015-02-07 11:28:52.026228', 'put_channel : channel tb1, group 0, time 2015-02-07 11:28:52.026131')
('2015-02-07 11:28:52.511445', 'put_channel : channel tb1, group 0, time 2015-02-07 11:28:52.511319')
('2015-02-07 11:28:57.009093', 'put_channel : channel tb1, group 1, time 2015-02-07 11:28:57.009017')
('2015-02-07 11:28:57.009760', 'put_channel : channel tb1, group 1, time 2015-02-07 11:28:57.009697')
('2015-02-07 11:28:58.025138', 'put_channel : channel tb1, group 1, time 2015-02-07 11:28:58.025041')
('2015-02-07 11:28:58.508789', 'put_channel : channel tb1, group 1, time 2015-02-07 11:28:58.508711')
('2015-02-07 11:28:58.510047', 'put_channel : channel tb1, group 1, time 2015-02-07 11:28:58.509960')
('2015-02-07 11:29:01.007929', 'put_channel : channel tb1, group 0, time 2015-02-07 11:29:01.007848')
('2015-02-07 11:29:01.016117', 'put_channel : channel tb1, group 0, time 2015-02-07 11:29:01.016068')
('2015-02-07 11:29:01.510048', 'put_channel : channel tb1, group 0, time 2015-02-07 11:29:01.509395')
('2015-02-07 11:29:01.512108', 'put_channel : channel tb1, group 0, time 2015-02-07 11:29:01.512063')
('2015-02-07 11:29:02.521844', 'put_channel : channel tb1, group 0, time 2015-02-07 11:29:02.521755')
('2015-02-07 11:29:08.506032', 'put_channel : channel tb1, group 1, time 2015-02-07 11:29:08.505920')
('2015-02-07 11:29:08.520167', 'put_channel : channel tb1, group 1, time 2015-02-07 11:29:08.520089')
('2015-02-07 11:29:10.006285', 'put_channel : channel tb1, group 1, time 2015-02-07 11:29:10.006198')
('2015-02-07 11:29:10.508908', 'put_channel : channel tb1, group 1, time 2015-02-07 11:29:10.508774')
('2015-02-07 11:29:12.008783', 'put_channel : channel tb1, group 1, time 2015-02-07 11:29:12.008717')
('2015-02-07 11:29:12.119705', 'put_channel : channel tb1, group 1, time 2015-02-07 11:29:12.119621')
('2015-02-07 11:29:13.507132', 'put_channel : channel tb1, group 1, time 2015-02-07 11:29:13.507060')
('2015-02-07 11:29:21.010543', 'put_channel : channel tb1, group 0, time 2015-02-07 11:29:21.010468')
('2015-02-07 11:29:21.011937', 'put_channel : channel tb1, group 0, time 2015-02-07 11:29:21.011890')
('2015-02-07 11:29:21.031828', 'put_channel : channel tb1, group 0, time 2015-02-07 11:29:21.031769')
('2015-02-07 11:29:21.145465', 'put_channel : channel tb1, group 0, time 2015-02-07 11:29:21.145382')
('2015-02-07 11:29:23.509102', 'put_channel : channel tb1, group 0, time 2015-02-07 11:29:23.509021')
('2015-02-07 11:29:23.517966', 'put_channel : channel tb1, group 1, time 2015-02-07 11:29:23.517919')
('2015-02-07 11:29:24.008968', 'put_channel : channel tb1, group 1, time 2015-02-07 11:29:24.008895')
('2015-02-07 11:29:24.009298', 'put_channel : channel tb1, group 0, time 2015-02-07 11:29:24.009251')
('2015-02-07 11:29:24.010150', 'put_channel : channel tb1, group 1, time 2015-02-07 11:29:24.010103')
('2015-02-07 11:29:25.510459', 'put_channel : channel tb1, group 1, time 2015-02-07 11:29:25.510327')
('2015-02-07 11:29:26.520627', 'put_channel : channel tb1, group 1, time 2015-02-07 11:29:26.520529')
('2015-02-07 11:29:26.521917', 'put_channel : channel tb1, group 0, time 2015-02-07 11:29:26.521868')
('2015-02-07 11:29:27.007533', 'put_channel : channel tb1, group 1, time 2015-02-07 11:29:27.007440')
('2015-02-07 11:29:27.010178', 'put_channel : channel tb1, group 0, time 2015-02-07 11:29:27.010131')
('2015-02-07 11:29:28.507723', 'put_channel : channel tb1, group 1, time 2015-02-07 11:29:28.507649')
('2015-02-07 11:29:28.510235', 'put_channel : channel tb1, group 1, time 2015-02-07 11:29:28.510189')
('2015-02-07 11:29:35.965312', 'fd_channel : login[0] 1 login[1] 0 , tb0[0] 43 tb0[1] 0 , tb1[0] 51 tb1[1] 63')
('2015-02-07 11:29:35.966464', 'fd_channel : login[0] 1 login[1] 0 , tb0[0] 43 tb0[1] 0 , tb1[0] 51 tb1[1] 62')
('2015-02-07 11:29:35.967450', 'fd_channel : login[0] 1 login[1] 0 , tb0[0] 43 tb0[1] 0 , tb1[0] 51 tb1[1] 61')
('2015-02-07 11:29:35.968403', 'fd_channel : login[0] 1 login[1] 0 , tb0[0] 43 tb0[1] 0 , tb1[0] 51 tb1[1] 60')
('2015-02-07 11:29:35.969047', 'fd_channel : login[0] 1 login[1] 0 , tb0[0] 43 tb0[1] 0 , tb1[0] 51 tb1[1] 59')
('2015-02-07 11:29:35.970915', 'fd_channel : login[0] 1 login[1] 0 , tb0[0] 43 tb0[1] 0 , tb1[0] 51 tb1[1] 58')
('2015-02-07 11:29:35.972448', 'fd_channel : login[0] 1 login[1] 0 , tb0[0] 43 tb0[1] 0 , tb1[0] 51 tb1[1] 57')
('2015-02-07 11:29:35.973269', 'fd_channel : login[0] 1 login[1] 0 , tb0[0] 43 tb0[1] 0 , tb1[0] 51 tb1[1] 56')
('2015-02-07 11:29:35.974405', 'fd_channel : login[0] 1 login[1] 0 , tb0[0] 43 tb0[1] 0 , tb1[0] 51 tb1[1] 55')
('2015-02-07 11:29:43.510352', 'put_channel : channel tb1, group 1, time 2015-02-07 11:29:43.510186')
('2015-02-07 11:29:45.032265', 'put_channel : channel tb1, group 1, time 2015-02-07 11:29:45.032182')
('2015-02-07 11:29:46.535451', 'put_channel : channel tb1, group 1, time 2015-02-07 11:29:46.535371')
('2015-02-07 11:29:49.016615', 'put_channel : channel tb1, group 0, time 2015-02-07 11:29:49.016474')
('2015-02-07 11:29:49.694541', 'put_channel : channel tb1, group 0, time 2015-02-07 11:29:49.694457')
('2015-02-07 11:29:50.667193', 'put_channel : channel tb1, group 0, time 2015-02-07 11:29:50.667072')
('2015-02-07 11:29:56.199301', 'fd_channel : login[0] 1 login[1] 0 , tb0[0] 43 tb0[1] 0 , tb1[0] 54 tb1[1] 52')
('2015-02-07 11:29:56.200084', 'fd_channel : login[0] 1 login[1] 0 , tb0[0] 43 tb0[1] 0 , tb1[0] 54 tb1[1] 51')
('2015-02-07 11:29:56.200769', 'fd_channel : login[0] 1 login[1] 0 , tb0[0] 43 tb0[1] 0 , tb1[0] 54 tb1[1] 50')
('2015-02-07 11:29:56.201359', 'fd_channel : login[0] 1 login[1] 0 , tb0[0] 43 tb0[1] 0 , tb1[0] 54 tb1[1] 49')
('2015-02-07 11:29:56.204665', 'fd_channel : login[0] 1 login[1] 0 , tb0[0] 43 tb0[1] 0 , tb1[0] 54 tb1[1] 48')
('2015-02-07 11:29:56.205332', 'fd_channel : login[0] 1 login[1] 0 , tb0[0] 43 tb0[1] 0 , tb1[0] 54 tb1[1] 47')
('2015-02-07 11:29:56.206394', 'fd_channel : login[0] 1 login[1] 0 , tb0[0] 43 tb0[1] 0 , tb1[0] 54 tb1[1] 46')
('2015-02-07 11:29:56.206895', 'fd_channel : login[0] 1 login[1] 0 , tb0[0] 43 tb0[1] 0 , tb1[0] 54 tb1[1] 45')
('2015-02-07 11:29:56.207661', 'fd_channel : login[0] 1 login[1] 0 , tb0[0] 43 tb0[1] 0 , tb1[0] 54 tb1[1] 44')
('2015-02-07 11:29:56.350898', 'fd_channel : login[0] 1 login[1] 0 , tb0[0] 43 tb0[1] 0 , tb1[0] 46 tb1[1] 43')
('2015-02-07 11:29:56.351723', 'fd_channel : login[0] 1 login[1] 0 , tb0[0] 43 tb0[1] 0 , tb1[0] 45 tb1[1] 43')
('2015-02-07 11:29:56.376528', 'fd_channel : login[0] 1 login[1] 0 , tb0[0] 43 tb0[1] 0 , tb1[0] 44 tb1[1] 43')
('2015-02-07 11:29:56.377650', 'fd_channel : login[0] 1 login[1] 0 , tb0[0] 43 tb0[1] 0 , tb1[0] 44 tb1[1] 42')
('2015-02-07 11:29:56.444349', 'fd_channel : login[0] 1 login[1] 0 , tb0[0] 43 tb0[1] 0 , tb1[0] 43 tb1[1] 42')
('2015-02-07 11:29:56.445356', 'fd_channel : login[0] 1 login[1] 0 , tb0[0] 43 tb0[1] 0 , tb1[0] 43 tb1[1] 41')
('2015-02-07 11:29:56.500173', 'fd_channel : login[0] 1 login[1] 0 , tb0[0] 43 tb0[1] 0 , tb1[0] 42 tb1[1] 41')
('2015-02-07 11:29:56.501182', 'fd_channel : login[0] 1 login[1] 0 , tb0[0] 43 tb0[1] 0 , tb1[0] 42 tb1[1] 40')
('2015-02-07 11:29:57.751908', 'fd_channel : login[0] 1 login[1] 0 , tb0[0] 43 tb0[1] 0 , tb1[0] 41 tb1[1] 40')
('2015-02-07 11:29:57.752843', 'fd_channel : login[0] 1 login[1] 0 , tb0[0] 43 tb0[1] 0 , tb1[0] 41 tb1[1] 39')
('2015-02-07 11:29:57.762851', 'fd_channel : login[0] 1 login[1] 0 , tb0[0] 43 tb0[1] 0 , tb1[0] 40 tb1[1] 39')
('2015-02-07 11:29:57.763783', 'fd_channel : login[0] 1 login[1] 0 , tb0[0] 43 tb0[1] 0 , tb1[0] 40 tb1[1] 38')
('2015-02-07 11:29:58.353444', 'fd_channel : login[0] 1 login[1] 0 , tb0[0] 43 tb0[1] 0 , tb1[0] 39 tb1[1] 38')
('2015-02-07 11:29:58.354555', 'fd_channel : login[0] 1 login[1] 0 , tb0[0] 43 tb0[1] 0 , tb1[0] 39 tb1[1] 37')
('2015-02-07 11:29:58.446925', 'fd_channel : login[0] 1 login[1] 0 , tb0[0] 43 tb0[1] 0 , tb1[0] 38 tb1[1] 37')
('2015-02-07 11:29:58.448100', 'fd_channel : login[0] 1 login[1] 0 , tb0[0] 43 tb0[1] 0 , tb1[0] 38 tb1[1] 36')
('2015-02-07 11:30:01.182203', 'worker [5] stopping')
('2015-02-07 11:30:03.201738', 'fd_channel : login[0] 1 login[1] 0 , tb0[0] 43 tb0[1] 0 , tb1[0] 38 tb1[1] 35')
('2015-02-07 11:30:03.207064', 'fd_channel : login[0] 1 login[1] 0 , tb0[0] 43 tb0[1] 0 , tb1[0] 38 tb1[1] 34')
('2015-02-07 11:30:03.207886', 'fd_channel : login[0] 1 login[1] 0 , tb0[0] 43 tb0[1] 0 , tb1[0] 38 tb1[1] 33')
('2015-02-07 11:30:07.543761', 'put_channel : channel tb1, group 1, time 2015-02-07 11:30:07.543678')
('2015-02-07 11:30:10.203114', 'fd_channel : login[0] 1 login[1] 0 , tb0[0] 43 tb0[1] 0 , tb1[0] 38 tb1[1] 33')
('2015-02-07 11:30:10.209240', 'fd_channel : login[0] 1 login[1] 0 , tb0[0] 43 tb0[1] 0 , tb1[0] 38 tb1[1] 32')
('2015-02-07 11:30:10.210440', 'fd_channel : login[0] 1 login[1] 0 , tb0[0] 43 tb0[1] 0 , tb1[0] 38 tb1[1] 31')
('2015-02-07 11:30:10.536094', 'put_channel : channel tb1, group 1, time 2015-02-07 11:30:10.536014')
('2015-02-07 11:30:10.536527', 'put_channel : channel tb1, group 0, time 2015-02-07 11:30:10.536488')
('2015-02-07 11:30:16.067547', 'put_channel : channel tb1, group 0, time 2015-02-07 11:30:16.067453')
('2015-02-07 11:30:18.166307', 'put_channel : channel tb1, group 1, time 2015-02-07 11:30:18.166217')
('2015-02-07 11:30:29.561055', 'put_channel : channel tb1, group 0, time 2015-02-07 11:30:29.560915')
('2015-02-07 11:30:52.600891', 'put_channel : channel tb1, group 1, time 2015-02-07 11:30:52.600716')
