('2015-02-07 10:34:11.828419', '\r\n\r\n\r\n\r\n\r\n\r\n\r\n\r\n\r\n\r\n<XML><ERRORCODE>311</ERRORCODE><ERRORSTRING>图像校验码错误！</ERRORSTRING><ERRORSTRING_EN>Image checksum error！</ERRORSTRING_EN></XML>')
('2015-02-07 10:34:11.828473', "client 52451910 bid 0 fd_price ack error {'errcode': '311', 'errstring': '图像校验码错误！'}")
('2015-02-07 10:34:12.026690', '\r\n\r\n\r\n\r\n\r\n\r\n\r\n\r\n\r\n\r\n<XML><ERRORCODE>311</ERRORCODE><ERRORSTRING>图像校验码错误！</ERRORSTRING><ERRORSTRING_EN>Image checksum error！</ERRORSTRING_EN></XML>')
('2015-02-07 10:34:12.026733', "client 52531168 bid 0 fd_price ack error {'errcode': '311', 'errstring': '图像校验码错误！'}")
('2015-02-07 10:34:27.319966', '\r\n\r\n\r\n\r\n\r\n\r\n\r\n\r\n\r\n\r\n<XML><ERRORCODE>311</ERRORCODE><ERRORSTRING>图像校验码错误！</ERRORSTRING><ERRORSTRING_EN>Image checksum error！</ERRORSTRING_EN></XML>')
('2015-02-07 10:34:27.320014', "client 52497238 bid 0 fd_price ack error {'errcode': '311', 'errstring': '图像校验码错误！'}")
('2015-02-07 10:34:27.736457', '\r\n\r\n\r\n\r\n\r\n\r\n\r\n\r\n\r\n\r\n<XML><ERRORCODE>311</ERRORCODE><ERRORSTRING>图像校验码错误！</ERRORSTRING><ERRORSTRING_EN>Image checksum error！</ERRORSTRING_EN></XML>')
('2015-02-07 10:34:27.736502', "client 52746614 bid 0 fd_price ack error {'errcode': '311', 'errstring': '图像校验码错误！'}")
('2015-02-07 10:34:29.463970', '\r\n\r\n\r\n\r\n\r\n\r\n\r\n\r\n\r\n\r\n<XML><ERRORCODE>311</ERRORCODE><ERRORSTRING>图像校验码错误！</ERRORSTRING><ERRORSTRING_EN>Image checksum error！</ERRORSTRING_EN></XML>')
('2015-02-07 10:34:29.464017', "client 52776161 bid 0 fd_price ack error {'errcode': '311', 'errstring': '图像校验码错误！'}")
('2015-02-07 10:34:31.774088', 'client 52526849 bid 0 fd_image Timeout')
('2015-02-07 10:34:31.774585', 'client 52312655 bid 0 fd_image Timeout')
('2015-02-07 10:34:31.775116', 'client 52459831 bid 0 fd_image Timeout')
('2015-02-07 10:34:54.409093', 'client 52459831 bid 0 fd_image info channel error')
('2015-02-07 10:34:54.409573', 'client 52526849 bid 0 fd_image info channel error')
('2015-02-07 10:34:59.767851', '\r\n\r\n\r\n\r\n\r\n\r\n\r\n\r\n\r\n\r\n<XML><ERRORCODE>311</ERRORCODE><ERRORSTRING>图像校验码错误！</ERRORSTRING><ERRORSTRING_EN>Image checksum error！</ERRORSTRING_EN></XML>')
('2015-02-07 10:34:59.767904', "client 52251628 bid 0 fd_price ack error {'errcode': '311', 'errstring': '图像校验码错误！'}")
('2015-02-07 10:35:01.776861', 'client 52526849 bid 0 fd_image Timeout')
('2015-02-07 10:35:01.778138', 'client 52459831 bid 0 fd_image Timeout')
('2015-02-07 10:35:01.779589', 'client 52312655 bid 0 fd_image Timeout')
('2015-02-07 10:35:18.432588', 'client 52497238 bid 0 fd_image Timeout')
('2015-02-07 10:35:25.005171', '\r\n\r\n\r\n\r\n\r\n\r\n\r\n\r\n\r\n\r\n<XML><ERRORCODE>112</ERRORCODE><ERRORSTRING>首次出价时段不能进行修改出价！</ERRORSTRING><ERRORSTRING_EN>Can not modify the bid amount in bid time!</ERRORSTRING_EN></XML>\r\n')
('2015-02-07 10:35:25.005213', "client 52497238 bid 0 fd_price ack error {'errcode': '112', 'errstring': '首次出价时段不能进行修改出价！'}")
('2015-02-07 10:35:31.780906', 'client 52312655 bid 0 fd_image Timeout')
('2015-02-07 10:35:31.783149', 'client 52459831 bid 0 fd_image Timeout')
('2015-02-07 10:35:47.448318', '\r\n\r\n\r\n\r\n\r\n\r\n\r\n\r\n\r\n\r\n<XML><ERRORCODE>311</ERRORCODE><ERRORSTRING>图像校验码错误！</ERRORSTRING><ERRORSTRING_EN>Image checksum error！</ERRORSTRING_EN></XML>')
('2015-02-07 10:35:47.448385', "client 52526849 bid 0 fd_price ack error {'errcode': '311', 'errstring': '图像校验码错误！'}")
('2015-02-07 10:36:46.515699', 'client 52459831 bid 0 fd_image info channel error')
('2015-02-07 10:37:09.431210', '\r\n\r\n\r\n\r\n\r\n\r\n\r\n\r\n\r\n\r\n<XML><ERRORCODE>311</ERRORCODE><ERRORSTRING>图像校验码错误！</ERRORSTRING><ERRORSTRING_EN>Image checksum error！</ERRORSTRING_EN></XML>')
('2015-02-07 10:37:09.431265', "client 52497238 bid 0 fd_price ack error {'errcode': '311', 'errstring': '图像校验码错误！'}")
('2015-02-07 10:37:23.904172', 'client 52312655 bid 0 fd_price info channel error')
('2015-02-07 10:37:24.019426', '\r\n\r\n\r\n\r\n\r\n\r\n\r\n\r\n\r\n\r\n<XML><ERRORCODE>311</ERRORCODE><ERRORSTRING>图像校验码错误！</ERRORSTRING><ERRORSTRING_EN>Image checksum error！</ERRORSTRING_EN></XML>')
('2015-02-07 10:37:24.019478', "client 52312655 bid 0 fd_price ack error {'errcode': '311', 'errstring': '图像校验码错误！'}")
('2015-02-07 10:37:30.670174', 'client 52526849 bid 0 fd_image info channel error')
('2015-02-07 10:37:31.560828', 'client 52459831 bid 0 fd_image info channel error')
('2015-02-07 10:37:34.062499', 'client 52312655 bid 0 fd_image info channel error')
('2015-02-07 10:37:37.076366', 'client 52312655 bid 0 fd_price info channel error')
('2015-02-07 10:37:37.188401', '\r\n\r\n\r\n\r\n\r\n\r\n\r\n\r\n\r\n\r\n<XML><ERRORCODE>311</ERRORCODE><ERRORSTRING>图像校验码错误！</ERRORSTRING><ERRORSTRING_EN>Image checksum error！</ERRORSTRING_EN></XML>')
('2015-02-07 10:37:37.188452', "client 52312655 bid 0 fd_price ack error {'errcode': '311', 'errstring': '图像校验码错误！'}")
('2015-02-07 10:37:58.839822', '\r\n\r\n\r\n\r\n\r\n\r\n\r\n\r\n\r\n\r\n<XML><ERRORCODE>311</ERRORCODE><ERRORSTRING>图像校验码错误！</ERRORSTRING><ERRORSTRING_EN>Image checksum error！</ERRORSTRING_EN></XML>')
('2015-02-07 10:37:58.839871', "client 52459831 bid 0 fd_price ack error {'errcode': '311', 'errstring': '图像校验码错误！'}")
('2015-02-07 10:37:58.841097', '\r\n\r\n\r\n\r\n\r\n\r\n\r\n\r\n\r\n\r\n<XML><ERRORCODE>311</ERRORCODE><ERRORSTRING>图像校验码错误！</ERRORSTRING><ERRORSTRING_EN>Image checksum error！</ERRORSTRING_EN></XML>')
('2015-02-07 10:37:58.841141', "client 52459831 bid 0 fd_price ack error {'errcode': '311', 'errstring': '图像校验码错误！'}")
('2015-02-07 10:38:17.779558', 'client 52497238 bid 0 fd_image info channel error')
('2015-02-07 10:38:31.348288', 'client 52312655 bid 0 fd_image info channel error')
('2015-02-07 10:39:22.036037', 'client 52312655 bid 0 fd_price info channel error')
('2015-02-07 10:39:23.355026', 'client 52312655 bid 0 fd_price get channel Failed')
('2015-02-07 10:39:31.252139', 'client 52312655 bid 0 fd_image info channel error')
('2015-02-07 10:39:37.395647', 'client 52251628 bid 0 fd_price info channel error')
('2015-02-07 10:39:38.698390', 'client 52251628 bid 0 fd_price get channel Failed')
('2015-02-07 10:39:39.444151', 'client 52251628 bid 0 fd_price info channel error')
('2015-02-07 10:39:40.746360', 'client 52251628 bid 0 fd_price get channel Failed')
('2015-02-07 10:39:44.051680', 'client 52497238 bid 0 fd_price info channel error')
('2015-02-07 10:39:45.354457', 'client 52497238 bid 0 fd_price get channel Failed')
('2015-02-07 10:39:46.100308', 'client 52497238 bid 0 fd_price info channel error')
('2015-02-07 10:39:47.402861', 'client 52497238 bid 0 fd_price get channel Failed')
('2015-02-07 11:30:03.200707', 'client 52459831 bid 2 fd_image Timeout')
('2015-02-07 11:30:03.205860', 'client 52776161 bid 2 fd_image Timeout')
('2015-02-07 11:30:03.206409', 'client 52251628 bid 2 fd_image Timeout')
('2015-02-07 11:30:10.202270', 'client 52459831 bid 2 fd_image Timeout')
('2015-02-07 11:30:10.208377', 'client 52251628 bid 2 fd_image Timeout')
('2015-02-07 11:30:10.209648', 'client 52776161 bid 2 fd_image Timeout')
('2015-02-07 11:30:10.218150', '\r\n\r\n\r\n\r\n\r\n\r\n\r\n\r\n\r\n\r\n\r\n<XML><ERRORCODE>110</ERRORCODE><ERRORSTRING>没有正在举行的拍卖会，请注意拍卖公告！</ERRORSTRING><ERRORSTRING_EN>Auction is not begin!</ERRORSTRING_EN></XML>')
('2015-02-07 11:30:10.218212', "client 52776161 bid 2 fd_image ack error {'body': '\\r\\n\\r\\n\\r\\n\\r\\n\\r\\n\\r\\n\\r\\n\\r\\n\\r\\n\\r\\n\\r\\n<XML><ERRORCODE>110</ERRORCODE><ERRORSTRING>没有正在举行的拍卖会，请注意拍卖公告！</ERRORSTRING><ERRORSTRING_EN>Auction is not begin!</ERRORSTRING_EN></XML>', 'status': 200, 'head': 'Connection: close\\nDate: Sat, 07 Feb 2015 03:30:11 GMT\\nServer: Microsoft-IIS/6.0\\nSet-Cookie: JSESSIONID=61E1FAA6FE837026362E4A4C8F9A988D; Path=/car\\nContent-Type: text/html;charset=GBK\\nContent-Length: 178\\n\\n'}")
('2015-02-07 11:30:11.338172', '\r\n\r\n\r\n\r\n\r\n\r\n\r\n\r\n\r\n\r\n<XML><ERRORCODE>110</ERRORCODE><ERRORSTRING>没有正在举行的拍卖会，请注意拍卖公告！</ERRORSTRING><ERRORSTRING_EN>Auction is not begin!</ERRORSTRING_EN></XML>\r\n')
('2015-02-07 11:30:11.338227', "client 52312655 bid 2 fd_price ack error {'errcode': '110', 'errstring': '没有正在举行的拍卖会，请注意拍卖公告！'}")
('2015-02-07 11:30:17.203705', 'client 52459831 bid 2 fd_image Timeout')
('2015-02-07 11:30:17.211413', 'client 52251628 bid 2 fd_image Timeout')
('2015-02-07 11:30:48.504238', '\r\n\r\n\r\n\r\n\r\n\r\n\r\n\r\n\r\n\r\n<XML><ERRORCODE>311</ERRORCODE><ERRORSTRING>图像校验码错误！</ERRORSTRING><ERRORSTRING_EN>Image checksum error！</ERRORSTRING_EN></XML>')
('2015-02-07 11:30:48.504291', "client 52531168 bid 2 fd_price ack error {'errcode': '311', 'errstring': '图像校验码错误！'}")
