('2015-02-07 10:01:40.127530', 'worker [6] started')
('2015-02-07 10:01:40.127590', 'client 8 initted')
('2015-02-07 10:01:40.507985', 'put_channel : channel login, group 0, time 2015-02-07 10:01:40.507888')
('2015-02-07 10:01:40.508295', 'put_channel : channel login, group 1, time 2015-02-07 10:01:40.508262')
('2015-02-07 10:01:40.511755', 'fd_channel : login[0] 1 login[1] 0 , tb0[0] 0 tb0[1] 0 , tb1[0] 0 tb1[1] 0')
('2015-02-07 10:01:40.725876', 'fd_channel : login[0] 0 login[1] 0 , tb0[0] 0 tb0[1] 0 , tb1[0] 0 tb1[1] 0')
('2015-02-07 10:01:42.006418', 'put_channel : channel login, group 1, time 2015-02-07 10:01:42.006354')
('2015-02-07 10:01:42.006801', 'fd_channel : login[0] 0 login[1] 0 , tb0[0] 0 tb0[1] 0 , tb1[0] 0 tb1[1] 0')
('2015-02-07 10:01:42.008281', 'put_channel : channel login, group 0, time 2015-02-07 10:01:42.008230')
('2015-02-07 10:01:42.227876', 'fd_channel : login[0] 0 login[1] 0 , tb0[0] 0 tb0[1] 0 , tb1[0] 0 tb1[1] 0')
('2015-02-07 10:01:43.507994', 'put_channel : channel login, group 1, time 2015-02-07 10:01:43.507911')
('2015-02-07 10:01:43.508428', 'fd_channel : login[0] 0 login[1] 0 , tb0[0] 0 tb0[1] 0 , tb1[0] 0 tb1[1] 0')
('2015-02-07 10:01:43.509008', 'put_channel : channel login, group 0, time 2015-02-07 10:01:43.508973')
('2015-02-07 10:01:43.729675', 'fd_channel : login[0] 0 login[1] 0 , tb0[0] 0 tb0[1] 0 , tb1[0] 0 tb1[1] 0')
('2015-02-07 10:01:45.006394', 'put_channel : channel login, group 1, time 2015-02-07 10:01:45.006306')
('2015-02-07 10:01:45.006981', 'fd_channel : login[0] 0 login[1] 0 , tb0[0] 0 tb0[1] 0 , tb1[0] 0 tb1[1] 0')
('2015-02-07 10:01:45.010592', 'put_channel : channel login, group 0, time 2015-02-07 10:01:45.010556')
('2015-02-07 10:01:45.231410', 'fd_channel : login[0] 0 login[1] 0 , tb0[0] 0 tb0[1] 0 , tb1[0] 0 tb1[1] 0')
('2015-02-07 10:32:31.506446', 'put_channel : channel tb0, group 1, time 2015-02-07 10:32:31.506327')
('2015-02-07 10:32:31.508115', 'put_channel : channel tb0, group 0, time 2015-02-07 10:32:31.508070')
('2015-02-07 10:32:33.006323', 'put_channel : channel tb0, group 1, time 2015-02-07 10:32:33.006240')
('2015-02-07 10:32:33.008136', 'put_channel : channel tb0, group 0, time 2015-02-07 10:32:33.008077')
('2015-02-07 10:32:34.506168', 'put_channel : channel tb0, group 1, time 2015-02-07 10:32:34.506098')
('2015-02-07 10:32:34.510434', 'put_channel : channel tb0, group 0, time 2015-02-07 10:32:34.510391')
('2015-02-07 10:32:36.006120', 'put_channel : channel tb0, group 1, time 2015-02-07 10:32:36.006049')
('2015-02-07 10:32:36.008304', 'put_channel : channel tb0, group 0, time 2015-02-07 10:32:36.008258')
('2015-02-07 10:32:37.507417', 'put_channel : channel tb0, group 1, time 2015-02-07 10:32:37.507344')
('2015-02-07 10:32:37.508950', 'put_channel : channel tb0, group 0, time 2015-02-07 10:32:37.508911')
('2015-02-07 10:32:39.006515', 'put_channel : channel tb0, group 1, time 2015-02-07 10:32:39.006440')
('2015-02-07 10:32:39.010107', 'put_channel : channel tb0, group 0, time 2015-02-07 10:32:39.010058')
('2015-02-07 10:32:40.507888', 'put_channel : channel tb0, group 1, time 2015-02-07 10:32:40.507816')
('2015-02-07 10:32:40.508503', 'put_channel : channel tb0, group 0, time 2015-02-07 10:32:40.508465')
('2015-02-07 10:32:42.006326', 'put_channel : channel tb0, group 1, time 2015-02-07 10:32:42.006254')
('2015-02-07 10:32:42.008362', 'put_channel : channel tb0, group 0, time 2015-02-07 10:32:42.008315')
('2015-02-07 10:32:43.506496', 'put_channel : channel tb0, group 1, time 2015-02-07 10:32:43.506426')
('2015-02-07 10:32:43.508408', 'put_channel : channel tb0, group 0, time 2015-02-07 10:32:43.508368')
('2015-02-07 10:32:45.008042', 'put_channel : channel tb0, group 1, time 2015-02-07 10:32:45.007942')
('2015-02-07 10:32:45.008532', 'put_channel : channel tb0, group 0, time 2015-02-07 10:32:45.008455')
('2015-02-07 10:32:46.506172', 'put_channel : channel tb0, group 1, time 2015-02-07 10:32:46.506086')
('2015-02-07 10:32:46.508325', 'put_channel : channel tb0, group 0, time 2015-02-07 10:32:46.508280')
('2015-02-07 10:32:48.007661', 'put_channel : channel tb0, group 1, time 2015-02-07 10:32:48.007584')
('2015-02-07 10:32:48.008011', 'put_channel : channel tb0, group 0, time 2015-02-07 10:32:48.007968')
('2015-02-07 10:32:49.506679', 'put_channel : channel tb0, group 1, time 2015-02-07 10:32:49.506609')
('2015-02-07 10:32:49.509367', 'put_channel : channel tb0, group 0, time 2015-02-07 10:32:49.509321')
('2015-02-07 10:32:51.008965', 'put_channel : channel tb0, group 1, time 2015-02-07 10:32:51.008861')
('2015-02-07 10:32:51.009483', 'put_channel : channel tb0, group 0, time 2015-02-07 10:32:51.009444')
('2015-02-07 10:32:52.508688', 'put_channel : channel tb0, group 1, time 2015-02-07 10:32:52.508617')
('2015-02-07 10:32:52.509081', 'put_channel : channel tb0, group 0, time 2015-02-07 10:32:52.509023')
('2015-02-07 10:32:54.006760', 'put_channel : channel tb0, group 1, time 2015-02-07 10:32:54.006663')
('2015-02-07 10:32:54.008848', 'put_channel : channel tb0, group 0, time 2015-02-07 10:32:54.008801')
('2015-02-07 10:32:55.506428', 'put_channel : channel tb0, group 1, time 2015-02-07 10:32:55.506350')
('2015-02-07 10:32:55.510477', 'put_channel : channel tb0, group 0, time 2015-02-07 10:32:55.510429')
('2015-02-07 10:32:57.006216', 'put_channel : channel tb0, group 1, time 2015-02-07 10:32:57.006152')
('2015-02-07 10:32:57.009770', 'put_channel : channel tb0, group 0, time 2015-02-07 10:32:57.009679')
('2015-02-07 10:32:58.507250', 'put_channel : channel tb0, group 1, time 2015-02-07 10:32:58.507179')
('2015-02-07 10:32:58.509987', 'put_channel : channel tb0, group 0, time 2015-02-07 10:32:58.509947')
('2015-02-07 10:33:00.007965', 'put_channel : channel tb0, group 0, time 2015-02-07 10:33:00.007891')
('2015-02-07 10:33:00.008365', 'put_channel : channel tb0, group 1, time 2015-02-07 10:33:00.008300')
('2015-02-07 10:33:01.506206', 'put_channel : channel tb0, group 1, time 2015-02-07 10:33:01.506132')
('2015-02-07 10:33:01.509922', 'put_channel : channel tb0, group 0, time 2015-02-07 10:33:01.509879')
('2015-02-07 10:33:03.007381', 'put_channel : channel tb0, group 1, time 2015-02-07 10:33:03.007248')
('2015-02-07 10:33:04.508316', 'put_channel : channel tb0, group 1, time 2015-02-07 10:33:04.508243')
('2015-02-07 10:33:06.008953', 'put_channel : channel tb0, group 1, time 2015-02-07 10:33:06.008881')
('2015-02-07 10:33:07.506569', 'put_channel : channel tb0, group 1, time 2015-02-07 10:33:07.506498')
('2015-02-07 10:33:09.006907', 'put_channel : channel tb0, group 1, time 2015-02-07 10:33:09.006821')
('2015-02-07 10:33:10.508977', 'put_channel : channel tb0, group 1, time 2015-02-07 10:33:10.508884')
('2015-02-07 10:33:12.006601', 'put_channel : channel tb0, group 1, time 2015-02-07 10:33:12.006523')
('2015-02-07 10:33:13.507151', 'put_channel : channel tb0, group 1, time 2015-02-07 10:33:13.507079')
('2015-02-07 10:33:15.006783', 'put_channel : channel tb0, group 1, time 2015-02-07 10:33:15.006692')
('2015-02-07 10:33:16.510777', 'put_channel : channel tb0, group 0, time 2015-02-07 10:33:16.510641')
('2015-02-07 10:33:16.512016', 'put_channel : channel tb0, group 0, time 2015-02-07 10:33:16.511974')
('2015-02-07 10:33:17.519953', 'put_channel : channel tb0, group 0, time 2015-02-07 10:33:17.519849')
('2015-02-07 10:33:18.008423', 'put_channel : channel tb0, group 0, time 2015-02-07 10:33:18.008352')
('2015-02-07 10:33:18.013471', 'put_channel : channel tb0, group 0, time 2015-02-07 10:33:18.013419')
('2015-02-07 10:33:18.039702', 'put_channel : channel tb0, group 0, time 2015-02-07 10:33:18.039632')
('2015-02-07 10:33:19.017512', 'put_channel : channel tb0, group 0, time 2015-02-07 10:33:19.017427')
('2015-02-07 10:33:19.510834', 'put_channel : channel tb0, group 0, time 2015-02-07 10:33:19.510760')
('2015-02-07 10:33:19.527909', 'put_channel : channel tb0, group 0, time 2015-02-07 10:33:19.527842')
('2015-02-07 10:33:28.508620', 'put_channel : channel tb0, group 0, time 2015-02-07 10:33:28.508548')
('2015-02-07 10:33:28.511803', 'put_channel : channel tb0, group 0, time 2015-02-07 10:33:28.511757')
('2015-02-07 10:33:29.519842', 'put_channel : channel tb0, group 0, time 2015-02-07 10:33:29.519737')
('2015-02-07 10:33:30.008819', 'put_channel : channel tb0, group 0, time 2015-02-07 10:33:30.008746')
('2015-02-07 10:33:30.011760', 'put_channel : channel tb0, group 0, time 2015-02-07 10:33:30.011715')
('2015-02-07 10:33:31.016071', 'put_channel : channel tb0, group 0, time 2015-02-07 10:33:31.015983')
('2015-02-07 10:33:31.508647', 'put_channel : channel tb0, group 0, time 2015-02-07 10:33:31.508574')
('2015-02-07 10:33:33.010519', 'put_channel : channel tb0, group 0, time 2015-02-07 10:33:33.010449')
('2015-02-07 10:33:34.509372', 'put_channel : channel tb0, group 0, time 2015-02-07 10:33:34.509283')
('2015-02-07 10:33:36.009282', 'put_channel : channel tb0, group 0, time 2015-02-07 10:33:36.009150')
('2015-02-07 10:33:46.545948', 'put_channel : channel tb0, group 1, time 2015-02-07 10:33:46.533377')
('2015-02-07 10:33:47.557827', 'put_channel : channel tb0, group 1, time 2015-02-07 10:33:47.557747')
('2015-02-07 10:33:48.008119', 'put_channel : channel tb0, group 1, time 2015-02-07 10:33:48.008047')
('2015-02-07 10:33:48.009463', 'put_channel : channel tb0, group 1, time 2015-02-07 10:33:48.009415')
('2015-02-07 10:33:49.506718', 'put_channel : channel tb0, group 1, time 2015-02-07 10:33:49.506645')
('2015-02-07 10:33:49.508432', 'put_channel : channel tb0, group 0, time 2015-02-07 10:33:49.508387')
('2015-02-07 10:33:49.511460', 'put_channel : channel tb0, group 0, time 2015-02-07 10:33:49.511419')
('2015-02-07 10:33:50.519979', 'put_channel : channel tb0, group 0, time 2015-02-07 10:33:50.519899')
('2015-02-07 10:33:51.007988', 'put_channel : channel tb0, group 1, time 2015-02-07 10:33:51.007911')
('2015-02-07 10:33:51.009923', 'put_channel : channel tb0, group 0, time 2015-02-07 10:33:51.009876')
('2015-02-07 10:33:51.011222', 'put_channel : channel tb0, group 0, time 2015-02-07 10:33:51.011178')
('2015-02-07 10:33:52.024054', 'put_channel : channel tb0, group 0, time 2015-02-07 10:33:52.023969')
('2015-02-07 10:33:52.069877', 'put_channel : channel tb0, group 1, time 2015-02-07 10:33:52.069805')
('2015-02-07 10:33:52.071937', 'put_channel : channel tb0, group 0, time 2015-02-07 10:33:52.071890')
('2015-02-07 10:33:52.507365', 'put_channel : channel tb0, group 1, time 2015-02-07 10:33:52.507295')
('2015-02-07 10:33:52.509434', 'put_channel : channel tb0, group 0, time 2015-02-07 10:33:52.509393')
('2015-02-07 10:33:52.535983', 'put_channel : channel tb0, group 0, time 2015-02-07 10:33:52.535884')
('2015-02-07 10:33:53.573901', 'put_channel : channel tb0, group 1, time 2015-02-07 10:33:53.573817')
('2015-02-07 10:33:54.006673', 'put_channel : channel tb0, group 1, time 2015-02-07 10:33:54.006603')
('2015-02-07 10:33:54.009574', 'put_channel : channel tb0, group 0, time 2015-02-07 10:33:54.009490')
('2015-02-07 10:33:55.078186', 'put_channel : channel tb0, group 1, time 2015-02-07 10:33:55.078030')
('2015-02-07 10:33:55.509554', 'put_channel : channel tb0, group 1, time 2015-02-07 10:33:55.509364')
('2015-02-07 10:33:57.008534', 'put_channel : channel tb0, group 1, time 2015-02-07 10:33:57.008413')
('2015-02-07 10:33:58.085901', 'put_channel : channel tb0, group 1, time 2015-02-07 10:33:58.085820')
('2015-02-07 10:33:58.506701', 'put_channel : channel tb0, group 1, time 2015-02-07 10:33:58.506630')
('2015-02-07 10:34:00.007020', 'put_channel : channel tb0, group 1, time 2015-02-07 10:34:00.006851')
('2015-02-07 10:34:01.062069', 'put_channel : channel tb0, group 1, time 2015-02-07 10:34:01.061972')
('2015-02-07 10:34:01.506793', 'put_channel : channel tb0, group 1, time 2015-02-07 10:34:01.506723')
('2015-02-07 10:34:01.771830', 'fd_channel : login[0] 0 login[1] 0 , tb0[0] 50 tb0[1] 47 , tb1[0] 0 tb1[1] 0')
('2015-02-07 10:34:01.773546', 'fd_channel : login[0] 0 login[1] 0 , tb0[0] 50 tb0[1] 46 , tb1[0] 0 tb1[1] 0')
('2015-02-07 10:34:01.774533', 'fd_channel : login[0] 0 login[1] 0 , tb0[0] 50 tb0[1] 45 , tb1[0] 0 tb1[1] 0')
('2015-02-07 10:34:01.775688', 'fd_channel : login[0] 0 login[1] 0 , tb0[0] 50 tb0[1] 44 , tb1[0] 0 tb1[1] 0')
('2015-02-07 10:34:01.777057', 'fd_channel : login[0] 0 login[1] 0 , tb0[0] 50 tb0[1] 43 , tb1[0] 0 tb1[1] 0')
('2015-02-07 10:34:01.778065', 'fd_channel : login[0] 0 login[1] 0 , tb0[0] 50 tb0[1] 42 , tb1[0] 0 tb1[1] 0')
('2015-02-07 10:34:01.779278', 'fd_channel : login[0] 0 login[1] 0 , tb0[0] 50 tb0[1] 41 , tb1[0] 0 tb1[1] 0')
('2015-02-07 10:34:01.780598', 'fd_channel : login[0] 0 login[1] 0 , tb0[0] 50 tb0[1] 40 , tb1[0] 0 tb1[1] 0')
('2015-02-07 10:34:03.008317', 'put_channel : channel tb0, group 1, time 2015-02-07 10:34:03.008244')
('2015-02-07 10:34:04.508337', 'put_channel : channel tb0, group 1, time 2015-02-07 10:34:04.508268')
('2015-02-07 10:34:06.006171', 'put_channel : channel tb0, group 1, time 2015-02-07 10:34:06.006100')
('2015-02-07 10:34:07.506755', 'put_channel : channel tb0, group 1, time 2015-02-07 10:34:07.506684')
('2015-02-07 10:34:09.006703', 'put_channel : channel tb0, group 1, time 2015-02-07 10:34:09.006632')
('2015-02-07 10:34:10.506354', 'put_channel : channel tb0, group 1, time 2015-02-07 10:34:10.506282')
('2015-02-07 10:34:11.507322', 'put_channel : channel tb0, group 0, time 2015-02-07 10:34:11.507236')
('2015-02-07 10:34:11.519220', 'put_channel : channel tb0, group 0, time 2015-02-07 10:34:11.519169')
('2015-02-07 10:34:11.559688', 'put_channel : channel tb0, group 0, time 2015-02-07 10:34:11.559599')
('2015-02-07 10:34:11.957572', 'fd_channel : login[0] 0 login[1] 0 , tb0[0] 52 tb0[1] 46 , tb1[0] 0 tb1[1] 0')
('2015-02-07 10:34:11.958664', 'fd_channel : login[0] 0 login[1] 0 , tb0[0] 52 tb0[1] 45 , tb1[0] 0 tb1[1] 0')
('2015-02-07 10:34:11.972348', 'fd_channel : login[0] 0 login[1] 0 , tb0[0] 51 tb0[1] 45 , tb1[0] 0 tb1[1] 0')
('2015-02-07 10:34:11.973272', 'fd_channel : login[0] 0 login[1] 0 , tb0[0] 51 tb0[1] 44 , tb1[0] 0 tb1[1] 0')
('2015-02-07 10:34:12.006489', 'put_channel : channel tb0, group 1, time 2015-02-07 10:34:12.006420')
('2015-02-07 10:34:12.008243', 'put_channel : channel tb0, group 0, time 2015-02-07 10:34:12.008200')
('2015-02-07 10:34:12.011292', 'put_channel : channel tb0, group 0, time 2015-02-07 10:34:12.011246')
('2015-02-07 10:34:12.028043', 'fd_channel : login[0] 0 login[1] 0 , tb0[0] 52 tb0[1] 45 , tb1[0] 0 tb1[1] 0')
('2015-02-07 10:34:12.028769', 'fd_channel : login[0] 0 login[1] 0 , tb0[0] 52 tb0[1] 44 , tb1[0] 0 tb1[1] 0')
('2015-02-07 10:34:12.039719', 'put_channel : channel tb0, group 0, time 2015-02-07 10:34:12.039643')
('2015-02-07 10:34:12.167610', 'put_channel : channel tb0, group 0, time 2015-02-07 10:34:12.167519')
('2015-02-07 10:34:13.015520', 'put_channel : channel tb0, group 0, time 2015-02-07 10:34:13.015442')
('2015-02-07 10:34:13.064170', 'put_channel : channel tb0, group 0, time 2015-02-07 10:34:13.064081')
('2015-02-07 10:34:13.088140', 'fd_channel : login[0] 0 login[1] 0 , tb0[0] 55 tb0[1] 44 , tb1[0] 0 tb1[1] 0')
('2015-02-07 10:34:13.089363', 'fd_channel : login[0] 0 login[1] 0 , tb0[0] 55 tb0[1] 43 , tb1[0] 0 tb1[1] 0')
('2015-02-07 10:34:13.506523', 'put_channel : channel tb0, group 1, time 2015-02-07 10:34:13.506452')
('2015-02-07 10:34:13.510051', 'put_channel : channel tb0, group 0, time 2015-02-07 10:34:13.510005')
('2015-02-07 10:34:15.006626', 'put_channel : channel tb0, group 1, time 2015-02-07 10:34:15.006555')
('2015-02-07 10:34:16.506875', 'put_channel : channel tb0, group 1, time 2015-02-07 10:34:16.506804')
('2015-02-07 10:34:18.006620', 'put_channel : channel tb0, group 1, time 2015-02-07 10:34:18.006547')
('2015-02-07 10:34:18.625039', 'fd_channel : login[0] 0 login[1] 0 , tb0[0] 55 tb0[1] 47 , tb1[0] 0 tb1[1] 0')
('2015-02-07 10:34:18.626482', 'fd_channel : login[0] 0 login[1] 0 , tb0[0] 55 tb0[1] 46 , tb1[0] 0 tb1[1] 0')
('2015-02-07 10:34:19.506853', 'put_channel : channel tb0, group 1, time 2015-02-07 10:34:19.506781')
('2015-02-07 10:34:20.627968', 'fd_channel : login[0] 0 login[1] 0 , tb0[0] 54 tb0[1] 47 , tb1[0] 0 tb1[1] 0')
('2015-02-07 10:34:20.629089', 'fd_channel : login[0] 0 login[1] 0 , tb0[0] 54 tb0[1] 46 , tb1[0] 0 tb1[1] 0')
('2015-02-07 10:34:28.509910', 'put_channel : channel tb0, group 0, time 2015-02-07 10:34:28.509838')
('2015-02-07 10:34:28.513223', 'put_channel : channel tb0, group 0, time 2015-02-07 10:34:28.513181')
('2015-02-07 10:34:29.521511', 'put_channel : channel tb0, group 0, time 2015-02-07 10:34:29.521431')
('2015-02-07 10:34:31.777864', 'fd_channel : login[0] 0 login[1] 0 , tb0[0] 57 tb0[1] 45 , tb1[0] 0 tb1[1] 0')
('2015-02-07 10:34:31.781180', 'fd_channel : login[0] 0 login[1] 0 , tb0[0] 57 tb0[1] 44 , tb1[0] 0 tb1[1] 0')
('2015-02-07 10:34:31.782540', 'fd_channel : login[0] 0 login[1] 0 , tb0[0] 57 tb0[1] 43 , tb1[0] 0 tb1[1] 0')
('2015-02-07 10:34:38.507935', 'put_channel : channel tb0, group 1, time 2015-02-07 10:34:38.507828')
('2015-02-07 10:34:38.517476', 'put_channel : channel tb0, group 1, time 2015-02-07 10:34:38.517414')
('2015-02-07 10:34:39.007037', 'put_channel : channel tb0, group 1, time 2015-02-07 10:34:39.006968')
('2015-02-07 10:34:39.009633', 'put_channel : channel tb0, group 1, time 2015-02-07 10:34:39.009592')
('2015-02-07 10:34:52.507967', 'put_channel : channel tb0, group 1, time 2015-02-07 10:34:52.507896')
('2015-02-07 10:34:52.511225', 'put_channel : channel tb0, group 1, time 2015-02-07 10:34:52.511186')
('2015-02-07 10:34:52.631012', 'fd_channel : login[0] 0 login[1] 0 , tb0[0] 57 tb0[1] 48 , tb1[0] 0 tb1[1] 0')
('2015-02-07 10:34:53.517747', 'put_channel : channel tb0, group 1, time 2015-02-07 10:34:53.517657')
('2015-02-07 10:34:53.575683', 'put_channel : channel tb0, group 1, time 2015-02-07 10:34:53.575592')
('2015-02-07 10:34:54.006325', 'put_channel : channel tb0, group 1, time 2015-02-07 10:34:54.006263')
('2015-02-07 10:34:54.009408', 'put_channel : channel tb0, group 1, time 2015-02-07 10:34:54.009367')
('2015-02-07 10:34:55.008520', 'put_channel : channel tb0, group 0, time 2015-02-07 10:34:55.008361')
('2015-02-07 10:34:55.013795', 'put_channel : channel tb0, group 1, time 2015-02-07 10:34:55.013752')
('2015-02-07 10:34:55.015911', 'put_channel : channel tb0, group 0, time 2015-02-07 10:34:55.015869')
('2015-02-07 10:34:55.045928', 'put_channel : channel tb0, group 1, time 2015-02-07 10:34:55.045846')
('2015-02-07 10:34:55.048052', 'put_channel : channel tb0, group 0, time 2015-02-07 10:34:55.047964')
('2015-02-07 10:34:55.506357', 'put_channel : channel tb0, group 1, time 2015-02-07 10:34:55.506296')
('2015-02-07 10:34:55.508173', 'put_channel : channel tb0, group 0, time 2015-02-07 10:34:55.508138')
('2015-02-07 10:34:55.513017', 'put_channel : channel tb0, group 0, time 2015-02-07 10:34:55.512963')
('2015-02-07 10:34:55.525494', 'put_channel : channel tb0, group 1, time 2015-02-07 10:34:55.525439')
('2015-02-07 10:34:55.527070', 'put_channel : channel tb0, group 0, time 2015-02-07 10:34:55.527036')
('2015-02-07 10:34:56.521600', 'put_channel : channel tb0, group 0, time 2015-02-07 10:34:56.521523')
('2015-02-07 10:34:56.581948', 'put_channel : channel tb0, group 1, time 2015-02-07 10:34:56.581864')
('2015-02-07 10:34:57.007515', 'put_channel : channel tb0, group 1, time 2015-02-07 10:34:57.007445')
('2015-02-07 10:34:57.009440', 'put_channel : channel tb0, group 0, time 2015-02-07 10:34:57.009401')
('2015-02-07 10:34:57.031379', 'put_channel : channel tb0, group 1, time 2015-02-07 10:34:57.031326')
('2015-02-07 10:34:57.031825', 'put_channel : channel tb0, group 0, time 2015-02-07 10:34:57.031777')
('2015-02-07 10:34:58.023901', 'put_channel : channel tb0, group 0, time 2015-02-07 10:34:58.023825')
('2015-02-07 10:34:58.054046', 'put_channel : channel tb0, group 1, time 2015-02-07 10:34:58.053974')
('2015-02-07 10:34:58.508132', 'put_channel : channel tb0, group 1, time 2015-02-07 10:34:58.508007')
('2015-02-07 10:34:58.535534', 'put_channel : channel tb0, group 1, time 2015-02-07 10:34:58.535418')
('2015-02-07 10:34:59.559683', 'put_channel : channel tb0, group 1, time 2015-02-07 10:34:59.559603')
('2015-02-07 10:35:00.007800', 'put_channel : channel tb0, group 1, time 2015-02-07 10:35:00.007729')
('2015-02-07 10:35:00.038142', 'put_channel : channel tb0, group 1, time 2015-02-07 10:35:00.038044')
('2015-02-07 10:35:01.062013', 'put_channel : channel tb0, group 1, time 2015-02-07 10:35:01.061924')
('2015-02-07 10:35:01.784942', 'fd_channel : login[0] 0 login[1] 0 , tb0[0] 67 tb0[1] 60 , tb1[0] 0 tb1[1] 0')
('2015-02-07 10:35:08.503849', 'fd_channel : login[0] 0 login[1] 0 , tb0[0] 62 tb0[1] 55 , tb1[0] 0 tb1[1] 0')
('2015-02-07 10:35:08.507982', 'fd_channel : login[0] 0 login[1] 0 , tb0[0] 51 tb0[1] 55 , tb1[0] 0 tb1[1] 0')
('2015-02-07 10:35:10.502029', 'fd_channel : login[0] 0 login[1] 0 , tb0[0] 50 tb0[1] 55 , tb1[0] 0 tb1[1] 0')
('2015-02-07 10:35:10.503414', 'fd_channel : login[0] 0 login[1] 0 , tb0[0] 50 tb0[1] 54 , tb1[0] 0 tb1[1] 0')
('2015-02-07 10:35:13.009567', 'put_channel : channel tb0, group 0, time 2015-02-07 10:35:13.009483')
('2015-02-07 10:35:13.016981', 'put_channel : channel tb0, group 0, time 2015-02-07 10:35:13.016924')
('2015-02-07 10:35:13.133088', 'fd_channel : login[0] 0 login[1] 0 , tb0[0] 51 tb0[1] 54 , tb1[0] 0 tb1[1] 0')
('2015-02-07 10:35:13.134009', 'fd_channel : login[0] 0 login[1] 0 , tb0[0] 51 tb0[1] 53 , tb1[0] 0 tb1[1] 0')
('2015-02-07 10:35:13.508974', 'put_channel : channel tb0, group 0, time 2015-02-07 10:35:13.508900')
('2015-02-07 10:35:13.517387', 'put_channel : channel tb0, group 0, time 2015-02-07 10:35:13.517338')
('2015-02-07 10:35:13.545803', 'put_channel : channel tb0, group 0, time 2015-02-07 10:35:13.545683')
('2015-02-07 10:35:14.519857', 'put_channel : channel tb0, group 0, time 2015-02-07 10:35:14.519755')
('2015-02-07 10:35:14.567784', 'put_channel : channel tb0, group 0, time 2015-02-07 10:35:14.567706')
('2015-02-07 10:35:15.011242', 'put_channel : channel tb0, group 0, time 2015-02-07 10:35:15.011110')
('2015-02-07 10:35:15.033169', 'put_channel : channel tb0, group 0, time 2015-02-07 10:35:15.033079')
('2015-02-07 10:35:16.024643', 'put_channel : channel tb0, group 0, time 2015-02-07 10:35:16.024565')
('2015-02-07 10:35:16.071368', 'put_channel : channel tb0, group 0, time 2015-02-07 10:35:16.071292')
('2015-02-07 10:35:16.508691', 'put_channel : channel tb0, group 0, time 2015-02-07 10:35:16.508593')
('2015-02-07 10:35:16.537142', 'put_channel : channel tb0, group 0, time 2015-02-07 10:35:16.537063')
('2015-02-07 10:35:17.576547', 'put_channel : channel tb0, group 0, time 2015-02-07 10:35:17.576436')
('2015-02-07 10:35:18.008424', 'put_channel : channel tb0, group 0, time 2015-02-07 10:35:18.008352')
('2015-02-07 10:35:18.039769', 'put_channel : channel tb0, group 0, time 2015-02-07 10:35:18.039686')
('2015-02-07 10:35:18.151647', 'put_channel : channel tb0, group 0, time 2015-02-07 10:35:18.151567')
('2015-02-07 10:35:19.508823', 'put_channel : channel tb0, group 0, time 2015-02-07 10:35:19.508745')
('2015-02-07 10:35:19.527954', 'put_channel : channel tb0, group 0, time 2015-02-07 10:35:19.527838')
('2015-02-07 10:35:19.625279', 'put_channel : channel tb0, group 0, time 2015-02-07 10:35:19.625200')
('2015-02-07 10:35:22.360501', 'fd_channel : login[0] 0 login[1] 0 , tb0[0] 62 tb0[1] 53 , tb1[0] 0 tb1[1] 0')
('2015-02-07 10:35:22.361417', 'fd_channel : login[0] 0 login[1] 0 , tb0[0] 62 tb0[1] 52 , tb1[0] 0 tb1[1] 0')
('2015-02-07 10:35:24.362949', 'fd_channel : login[0] 0 login[1] 0 , tb0[0] 61 tb0[1] 52 , tb1[0] 0 tb1[1] 0')
('2015-02-07 10:35:24.363867', 'fd_channel : login[0] 0 login[1] 0 , tb0[0] 61 tb0[1] 51 , tb1[0] 0 tb1[1] 0')
('2015-02-07 10:35:25.005761', 'put_channel : channel tb0, group 1, time 2015-02-07 10:35:25.005627')
('2015-02-07 10:35:25.019360', 'put_channel : channel tb0, group 1, time 2015-02-07 10:35:25.019252')
('2015-02-07 10:35:25.517212', 'put_channel : channel tb0, group 1, time 2015-02-07 10:35:25.517121')
('2015-02-07 10:35:25.518505', 'put_channel : channel tb0, group 1, time 2015-02-07 10:35:25.518451')
('2015-02-07 10:35:25.541963', 'put_channel : channel tb0, group 1, time 2015-02-07 10:35:25.541882')
('2015-02-07 10:35:26.519640', 'put_channel : channel tb0, group 1, time 2015-02-07 10:35:26.519553')
('2015-02-07 10:35:31.784369', 'fd_channel : login[0] 0 login[1] 0 , tb0[0] 61 tb0[1] 56 , tb1[0] 0 tb1[1] 0')
('2015-02-07 10:35:49.541971', 'put_channel : channel tb0, group 1, time 2015-02-07 10:35:49.541865')
('2015-02-07 10:35:50.505657', 'put_channel : channel tb0, group 1, time 2015-02-07 10:35:50.505554')
('2015-02-07 10:35:50.517770', 'put_channel : channel tb0, group 1, time 2015-02-07 10:35:50.517668')
('2015-02-07 10:35:51.006925', 'put_channel : channel tb0, group 1, time 2015-02-07 10:35:51.006856')
('2015-02-07 10:35:51.009766', 'put_channel : channel tb0, group 1, time 2015-02-07 10:35:51.009686')
('2015-02-07 10:35:51.029440', 'put_channel : channel tb0, group 1, time 2015-02-07 10:35:51.029379')
('2015-02-07 10:35:52.021867', 'put_channel : channel tb0, group 1, time 2015-02-07 10:35:52.021789')
('2015-02-07 10:35:52.069770', 'put_channel : channel tb0, group 1, time 2015-02-07 10:35:52.069672')
('2015-02-07 10:35:52.508112', 'put_channel : channel tb0, group 1, time 2015-02-07 10:35:52.508037')
('2015-02-07 10:35:52.534071', 'put_channel : channel tb0, group 1, time 2015-02-07 10:35:52.533985')
('2015-02-07 10:35:53.517815', 'put_channel : channel tb0, group 1, time 2015-02-07 10:35:53.517705')
('2015-02-07 10:35:54.008699', 'put_channel : channel tb0, group 1, time 2015-02-07 10:35:54.008623')
('2015-02-07 10:35:54.039718', 'put_channel : channel tb0, group 1, time 2015-02-07 10:35:54.039642')
('2015-02-07 10:35:55.508014', 'put_channel : channel tb0, group 1, time 2015-02-07 10:35:55.507923')
('2015-02-07 10:35:56.372930', 'fd_channel : login[0] 0 login[1] 0 , tb0[0] 61 tb0[1] 57 , tb1[0] 0 tb1[1] 0')
('2015-02-07 10:36:01.787728', 'fd_channel : login[0] 0 login[1] 0 , tb0[0] 61 tb0[1] 53 , tb1[0] 0 tb1[1] 0')
('2015-02-07 10:36:10.535785', 'put_channel : channel tb0, group 0, time 2015-02-07 10:36:10.535674')
('2015-02-07 10:36:11.508149', 'put_channel : channel tb0, group 0, time 2015-02-07 10:36:11.508028')
('2015-02-07 10:36:11.519816', 'put_channel : channel tb0, group 0, time 2015-02-07 10:36:11.519705')
('2015-02-07 10:36:11.561608', 'put_channel : channel tb0, group 0, time 2015-02-07 10:36:11.561521')
('2015-02-07 10:36:12.008455', 'put_channel : channel tb0, group 0, time 2015-02-07 10:36:12.008374')
('2015-02-07 10:36:12.011274', 'put_channel : channel tb0, group 0, time 2015-02-07 10:36:12.011232')
('2015-02-07 10:36:12.039954', 'put_channel : channel tb0, group 0, time 2015-02-07 10:36:12.039878')
('2015-02-07 10:36:13.015795', 'put_channel : channel tb0, group 0, time 2015-02-07 10:36:13.015719')
('2015-02-07 10:36:13.063614', 'put_channel : channel tb0, group 0, time 2015-02-07 10:36:13.063537')
('2015-02-07 10:36:13.508668', 'put_channel : channel tb0, group 0, time 2015-02-07 10:36:13.508597')
('2015-02-07 10:36:13.545808', 'put_channel : channel tb0, group 0, time 2015-02-07 10:36:13.545645')
('2015-02-07 10:36:14.521212', 'put_channel : channel tb0, group 0, time 2015-02-07 10:36:14.521132')
('2015-02-07 10:36:14.567844', 'put_channel : channel tb0, group 0, time 2015-02-07 10:36:14.567773')
('2015-02-07 10:36:15.009376', 'put_channel : channel tb0, group 0, time 2015-02-07 10:36:15.009306')
('2015-02-07 10:36:15.031716', 'put_channel : channel tb0, group 0, time 2015-02-07 10:36:15.031650')
('2015-02-07 10:36:16.023504', 'put_channel : channel tb0, group 1, time 2015-02-07 10:36:16.023423')
('2015-02-07 10:36:16.071988', 'put_channel : channel tb0, group 0, time 2015-02-07 10:36:16.071882')
('2015-02-07 10:36:16.508609', 'put_channel : channel tb0, group 1, time 2015-02-07 10:36:16.508539')
('2015-02-07 10:36:16.508959', 'put_channel : channel tb0, group 0, time 2015-02-07 10:36:16.508912')
('2015-02-07 10:36:16.509261', 'put_channel : channel tb0, group 1, time 2015-02-07 10:36:16.509223')
('2015-02-07 10:36:16.533225', 'put_channel : channel tb0, group 1, time 2015-02-07 10:36:16.533109')
('2015-02-07 10:36:16.535289', 'put_channel : channel tb0, group 0, time 2015-02-07 10:36:16.535242')
('2015-02-07 10:36:16.647327', 'put_channel : channel tb0, group 1, time 2015-02-07 10:36:16.647246')
('2015-02-07 10:36:17.517765', 'put_channel : channel tb0, group 1, time 2015-02-07 10:36:17.517650')
('2015-02-07 10:36:17.576288', 'put_channel : channel tb0, group 0, time 2015-02-07 10:36:17.576206')
('2015-02-07 10:36:18.008884', 'put_channel : channel tb0, group 1, time 2015-02-07 10:36:18.008756')
('2015-02-07 10:36:18.009670', 'put_channel : channel tb0, group 0, time 2015-02-07 10:36:18.009624')
('2015-02-07 10:36:18.010100', 'put_channel : channel tb0, group 1, time 2015-02-07 10:36:18.010010')
('2015-02-07 10:36:18.038248', 'put_channel : channel tb0, group 1, time 2015-02-07 10:36:18.038132')
('2015-02-07 10:36:18.040110', 'put_channel : channel tb0, group 0, time 2015-02-07 10:36:18.040063')
('2015-02-07 10:36:18.118104', 'put_channel : channel tb0, group 1, time 2015-02-07 10:36:18.118024')
('2015-02-07 10:36:19.013631', 'put_channel : channel tb0, group 1, time 2015-02-07 10:36:19.013556')
('2015-02-07 10:36:19.079796', 'put_channel : channel tb0, group 0, time 2015-02-07 10:36:19.079715')
('2015-02-07 10:36:19.506760', 'put_channel : channel tb0, group 1, time 2015-02-07 10:36:19.506689')
('2015-02-07 10:36:19.508321', 'put_channel : channel tb0, group 0, time 2015-02-07 10:36:19.508276')
('2015-02-07 10:36:19.525354', 'put_channel : channel tb0, group 1, time 2015-02-07 10:36:19.525306')
('2015-02-07 10:36:19.653846', 'put_channel : channel tb0, group 1, time 2015-02-07 10:36:19.653750')
('2015-02-07 10:36:20.553493', 'put_channel : channel tb0, group 0, time 2015-02-07 10:36:20.553389')
('2015-02-07 10:36:21.006772', 'put_channel : channel tb0, group 1, time 2015-02-07 10:36:21.006701')
('2015-02-07 10:36:21.008809', 'put_channel : channel tb0, group 0, time 2015-02-07 10:36:21.008754')
('2015-02-07 10:36:21.029558', 'put_channel : channel tb0, group 1, time 2015-02-07 10:36:21.029499')
('2015-02-07 10:36:22.087985', 'put_channel : channel tb0, group 0, time 2015-02-07 10:36:22.087906')
('2015-02-07 10:36:22.508628', 'put_channel : channel tb0, group 0, time 2015-02-07 10:36:22.508557')
('2015-02-07 10:36:23.560265', 'put_channel : channel tb0, group 0, time 2015-02-07 10:36:23.560093')
('2015-02-07 10:36:24.010665', 'put_channel : channel tb0, group 0, time 2015-02-07 10:36:24.010594')
('2015-02-07 10:36:24.136277', 'put_channel : channel tb0, group 0, time 2015-02-07 10:36:24.136197')
('2015-02-07 10:36:31.797904', 'fd_channel : login[0] 0 login[1] 0 , tb0[0] 63 tb0[1] 59 , tb1[0] 0 tb1[1] 0')
('2015-02-07 10:36:31.799602', 'fd_channel : login[0] 0 login[1] 0 , tb0[0] 61 tb0[1] 58 , tb1[0] 0 tb1[1] 0')
('2015-02-07 10:36:31.800778', 'fd_channel : login[0] 0 login[1] 0 , tb0[0] 59 tb0[1] 58 , tb1[0] 0 tb1[1] 0')
('2015-02-07 10:36:33.787870', 'fd_channel : login[0] 0 login[1] 0 , tb0[0] 58 tb0[1] 58 , tb1[0] 0 tb1[1] 0')
('2015-02-07 10:36:33.788658', 'fd_channel : login[0] 0 login[1] 0 , tb0[0] 58 tb0[1] 57 , tb1[0] 0 tb1[1] 0')
('2015-02-07 10:36:48.006990', 'put_channel : channel tb0, group 1, time 2015-02-07 10:36:48.006919')
('2015-02-07 10:36:48.010136', 'put_channel : channel tb0, group 1, time 2015-02-07 10:36:48.010087')
('2015-02-07 10:36:48.037939', 'put_channel : channel tb0, group 1, time 2015-02-07 10:36:48.037862')
('2015-02-07 10:36:49.015601', 'put_channel : channel tb0, group 1, time 2015-02-07 10:36:49.015527')
('2015-02-07 10:36:49.506786', 'put_channel : channel tb0, group 1, time 2015-02-07 10:36:49.506715')
('2015-02-07 10:36:49.511030', 'put_channel : channel tb0, group 1, time 2015-02-07 10:36:49.510984')
('2015-02-07 10:36:49.541892', 'put_channel : channel tb0, group 1, time 2015-02-07 10:36:49.541813')
('2015-02-07 10:36:50.517802', 'put_channel : channel tb0, group 1, time 2015-02-07 10:36:50.517703')
('2015-02-07 10:36:51.008599', 'put_channel : channel tb0, group 1, time 2015-02-07 10:36:51.008525')
('2015-02-07 10:36:51.029833', 'put_channel : channel tb0, group 1, time 2015-02-07 10:36:51.029753')
('2015-02-07 10:36:52.508224', 'put_channel : channel tb0, group 1, time 2015-02-07 10:36:52.508142')
('2015-02-07 10:36:52.534089', 'put_channel : channel tb0, group 1, time 2015-02-07 10:36:52.533988')
('2015-02-07 10:36:53.574010', 'put_channel : channel tb0, group 1, time 2015-02-07 10:36:53.573914')
('2015-02-07 10:36:54.009092', 'put_channel : channel tb0, group 1, time 2015-02-07 10:36:54.009021')
('2015-02-07 10:37:01.800856', 'fd_channel : login[0] 0 login[1] 0 , tb0[0] 58 tb0[1] 49 , tb1[0] 0 tb1[1] 0')
('2015-02-07 10:37:05.790686', 'fd_channel : login[0] 0 login[1] 0 , tb0[0] 58 tb0[1] 48 , tb1[0] 0 tb1[1] 0')
('2015-02-07 10:37:12.326630', 'fd_channel : login[0] 0 login[1] 0 , tb0[0] 38 tb0[1] 48 , tb1[0] 0 tb1[1] 0')
('2015-02-07 10:37:13.508115', 'put_channel : channel tb0, group 1, time 2015-02-07 10:37:13.507927')
('2015-02-07 10:37:13.510122', 'put_channel : channel tb0, group 1, time 2015-02-07 10:37:13.510081')
('2015-02-07 10:37:13.542101', 'put_channel : channel tb0, group 1, time 2015-02-07 10:37:13.542015')
('2015-02-07 10:37:14.519307', 'put_channel : channel tb0, group 1, time 2015-02-07 10:37:14.519224')
('2015-02-07 10:37:15.006613', 'put_channel : channel tb0, group 1, time 2015-02-07 10:37:15.006541')
('2015-02-07 10:37:15.013342', 'put_channel : channel tb0, group 1, time 2015-02-07 10:37:15.013290')
('2015-02-07 10:37:15.031367', 'put_channel : channel tb0, group 1, time 2015-02-07 10:37:15.031296')
('2015-02-07 10:37:16.021891', 'put_channel : channel tb0, group 1, time 2015-02-07 10:37:16.021811')
('2015-02-07 10:37:16.506631', 'put_channel : channel tb0, group 1, time 2015-02-07 10:37:16.506559')
('2015-02-07 10:37:16.535505', 'put_channel : channel tb0, group 1, time 2015-02-07 10:37:16.535420')
('2015-02-07 10:37:18.008789', 'put_channel : channel tb0, group 1, time 2015-02-07 10:37:18.008713')
('2015-02-07 10:37:18.037909', 'put_channel : channel tb0, group 1, time 2015-02-07 10:37:18.037823')
('2015-02-07 10:37:19.506588', 'put_channel : channel tb0, group 1, time 2015-02-07 10:37:19.506516')
('2015-02-07 10:37:19.543259', 'put_channel : channel tb0, group 1, time 2015-02-07 10:37:19.543182')
('2015-02-07 10:37:21.006407', 'put_channel : channel tb0, group 1, time 2015-02-07 10:37:21.006335')
('2015-02-07 10:37:21.031251', 'put_channel : channel tb0, group 1, time 2015-02-07 10:37:21.031170')
('2015-02-07 10:37:23.114306', 'fd_channel : login[0] 0 login[1] 0 , tb0[0] 38 tb0[1] 59 , tb1[0] 0 tb1[1] 0')
('2015-02-07 10:37:25.064913', 'put_channel : channel tb0, group 0, time 2015-02-07 10:37:25.064814')
('2015-02-07 10:37:25.510068', 'put_channel : channel tb0, group 0, time 2015-02-07 10:37:25.509981')
('2015-02-07 10:37:25.511711', 'put_channel : channel tb0, group 0, time 2015-02-07 10:37:25.511645')
('2015-02-07 10:37:25.545693', 'put_channel : channel tb0, group 0, time 2015-02-07 10:37:25.545581')
('2015-02-07 10:37:26.520302', 'put_channel : channel tb0, group 0, time 2015-02-07 10:37:26.520218')
('2015-02-07 10:37:26.570006', 'put_channel : channel tb0, group 0, time 2015-02-07 10:37:26.569881')
('2015-02-07 10:37:27.009969', 'put_channel : channel tb0, group 0, time 2015-02-07 10:37:27.009901')
('2015-02-07 10:37:27.013207', 'put_channel : channel tb0, group 0, time 2015-02-07 10:37:27.013152')
('2015-02-07 10:37:27.033209', 'put_channel : channel tb0, group 0, time 2015-02-07 10:37:27.033137')
('2015-02-07 10:37:27.040946', 'fd_channel : login[0] 0 login[1] 0 , tb0[0] 46 tb0[1] 58 , tb1[0] 0 tb1[1] 0')
('2015-02-07 10:37:27.044791', 'fd_channel : login[0] 0 login[1] 0 , tb0[0] 38 tb0[1] 58 , tb1[0] 0 tb1[1] 0')
('2015-02-07 10:37:28.023619', 'put_channel : channel tb0, group 0, time 2015-02-07 10:37:28.023527')
('2015-02-07 10:37:28.071801', 'put_channel : channel tb0, group 0, time 2015-02-07 10:37:28.071719')
('2015-02-07 10:37:28.508759', 'put_channel : channel tb0, group 0, time 2015-02-07 10:37:28.508688')
('2015-02-07 10:37:28.537630', 'put_channel : channel tb0, group 0, time 2015-02-07 10:37:28.537551')
('2015-02-07 10:37:28.647994', 'put_channel : channel tb0, group 0, time 2015-02-07 10:37:28.647901')
('2015-02-07 10:37:29.359455', 'fd_channel : login[0] 0 login[1] 0 , tb0[0] 42 tb0[1] 58 , tb1[0] 0 tb1[1] 0')
('2015-02-07 10:37:29.360452', 'fd_channel : login[0] 0 login[1] 0 , tb0[0] 42 tb0[1] 57 , tb1[0] 0 tb1[1] 0')
('2015-02-07 10:37:31.361864', 'fd_channel : login[0] 0 login[1] 0 , tb0[0] 41 tb0[1] 57 , tb1[0] 0 tb1[1] 0')
('2015-02-07 10:37:31.362807', 'fd_channel : login[0] 0 login[1] 0 , tb0[0] 41 tb0[1] 56 , tb1[0] 0 tb1[1] 0')
('2015-02-07 10:37:52.535998', 'put_channel : channel tb0, group 1, time 2015-02-07 10:37:52.535913')
('2015-02-07 10:37:53.505751', 'put_channel : channel tb0, group 1, time 2015-02-07 10:37:53.505650')
('2015-02-07 10:37:53.519722', 'put_channel : channel tb0, group 1, time 2015-02-07 10:37:53.519671')
('2015-02-07 10:37:53.573678', 'put_channel : channel tb0, group 1, time 2015-02-07 10:37:53.573597')
('2015-02-07 10:37:54.006934', 'put_channel : channel tb0, group 1, time 2015-02-07 10:37:54.006860')
('2015-02-07 10:37:54.009600', 'put_channel : channel tb0, group 1, time 2015-02-07 10:37:54.009532')
('2015-02-07 10:37:54.038286', 'put_channel : channel tb0, group 1, time 2015-02-07 10:37:54.038173')
('2015-02-07 10:37:55.015895', 'put_channel : channel tb0, group 1, time 2015-02-07 10:37:55.015784')
('2015-02-07 10:37:55.078186', 'put_channel : channel tb0, group 1, time 2015-02-07 10:37:55.078109')
('2015-02-07 10:37:55.508438', 'put_channel : channel tb0, group 1, time 2015-02-07 10:37:55.508361')
('2015-02-07 10:37:55.525560', 'put_channel : channel tb0, group 1, time 2015-02-07 10:37:55.525491')
('2015-02-07 10:37:56.519705', 'put_channel : channel tb0, group 1, time 2015-02-07 10:37:56.519620')
('2015-02-07 10:37:56.550058', 'put_channel : channel tb0, group 1, time 2015-02-07 10:37:56.549965')
('2015-02-07 10:37:57.008999', 'put_channel : channel tb0, group 1, time 2015-02-07 10:37:57.008932')
('2015-02-07 10:38:00.011188', 'put_channel : channel tb0, group 0, time 2015-02-07 10:38:00.011112')
('2015-02-07 10:38:00.011797', 'put_channel : channel tb0, group 0, time 2015-02-07 10:38:00.011756')
('2015-02-07 10:38:00.041389', 'put_channel : channel tb0, group 0, time 2015-02-07 10:38:00.041306')
('2015-02-07 10:38:01.015789', 'put_channel : channel tb0, group 0, time 2015-02-07 10:38:01.015702')
('2015-02-07 10:38:01.064727', 'put_channel : channel tb0, group 0, time 2015-02-07 10:38:01.064579')
('2015-02-07 10:38:01.508924', 'put_channel : channel tb0, group 0, time 2015-02-07 10:38:01.508836')
('2015-02-07 10:38:01.511517', 'put_channel : channel tb0, group 0, time 2015-02-07 10:38:01.511471')
('2015-02-07 10:38:01.543697', 'put_channel : channel tb0, group 0, time 2015-02-07 10:38:01.543632')
('2015-02-07 10:38:01.671947', 'put_channel : channel tb0, group 0, time 2015-02-07 10:38:01.671861')
('2015-02-07 10:38:02.519890', 'put_channel : channel tb0, group 0, time 2015-02-07 10:38:02.519808')
('2015-02-07 10:38:02.568641', 'put_channel : channel tb0, group 0, time 2015-02-07 10:38:02.568456')
('2015-02-07 10:38:03.011189', 'put_channel : channel tb0, group 0, time 2015-02-07 10:38:03.011118')
('2015-02-07 10:38:03.033922', 'put_channel : channel tb0, group 0, time 2015-02-07 10:38:03.033865')
('2015-02-07 10:38:03.144226', 'put_channel : channel tb0, group 0, time 2015-02-07 10:38:03.144084')
('2015-02-07 10:38:03.368296', 'fd_channel : login[0] 0 login[1] 0 , tb0[0] 55 tb0[1] 59 , tb1[0] 0 tb1[1] 0')
('2015-02-07 10:38:04.072739', 'put_channel : channel tb0, group 0, time 2015-02-07 10:38:04.072602')
('2015-02-07 10:38:04.508617', 'put_channel : channel tb0, group 0, time 2015-02-07 10:38:04.508518')
('2015-02-07 10:38:27.046699', 'put_channel : channel tb0, group 1, time 2015-02-07 10:38:27.046573')
('2015-02-07 10:38:28.007679', 'put_channel : channel tb0, group 1, time 2015-02-07 10:38:28.007585')
('2015-02-07 10:38:28.021984', 'put_channel : channel tb0, group 1, time 2015-02-07 10:38:28.021911')
('2015-02-07 10:38:28.507810', 'put_channel : channel tb0, group 1, time 2015-02-07 10:38:28.507723')
('2015-02-07 10:38:28.509920', 'put_channel : channel tb0, group 1, time 2015-02-07 10:38:28.509876')
('2015-02-07 10:38:28.534210', 'put_channel : channel tb0, group 1, time 2015-02-07 10:38:28.534131')
('2015-02-07 10:38:29.519722', 'put_channel : channel tb0, group 1, time 2015-02-07 10:38:29.519627')
('2015-02-07 10:38:29.574005', 'put_channel : channel tb0, group 1, time 2015-02-07 10:38:29.573925')
('2015-02-07 10:38:30.009273', 'put_channel : channel tb0, group 1, time 2015-02-07 10:38:30.009200')
('2015-02-07 10:38:30.039927', 'put_channel : channel tb0, group 1, time 2015-02-07 10:38:30.039858')
('2015-02-07 10:38:30.150156', 'put_channel : channel tb0, group 1, time 2015-02-07 10:38:30.150074')
('2015-02-07 10:38:31.014293', 'put_channel : channel tb0, group 1, time 2015-02-07 10:38:31.014199')
('2015-02-07 10:38:31.047644', 'put_channel : channel tb0, group 1, time 2015-02-07 10:38:31.047564')
('2015-02-07 10:38:31.506884', 'put_channel : channel tb0, group 1, time 2015-02-07 10:38:31.506809')
('2015-02-07 10:38:31.525702', 'put_channel : channel tb0, group 1, time 2015-02-07 10:38:31.525630')
('2015-02-07 10:38:31.621807', 'put_channel : channel tb0, group 1, time 2015-02-07 10:38:31.621707')
('2015-02-07 10:38:35.508049', 'put_channel : channel tb0, group 0, time 2015-02-07 10:38:35.507969')
('2015-02-07 10:38:35.521353', 'put_channel : channel tb0, group 0, time 2015-02-07 10:38:35.521283')
('2015-02-07 10:38:36.010560', 'put_channel : channel tb0, group 0, time 2015-02-07 10:38:36.010489')
('2015-02-07 10:38:36.013266', 'put_channel : channel tb0, group 0, time 2015-02-07 10:38:36.013224')
('2015-02-07 10:38:36.041618', 'put_channel : channel tb0, group 0, time 2015-02-07 10:38:36.041537')
('2015-02-07 10:38:37.017177', 'put_channel : channel tb0, group 0, time 2015-02-07 10:38:37.017098')
('2015-02-07 10:38:37.065654', 'put_channel : channel tb0, group 0, time 2015-02-07 10:38:37.065573')
('2015-02-07 10:38:37.508580', 'put_channel : channel tb0, group 0, time 2015-02-07 10:38:37.508489')
('2015-02-07 10:38:37.543747', 'put_channel : channel tb0, group 0, time 2015-02-07 10:38:37.543660')
('2015-02-07 10:38:37.639780', 'put_channel : channel tb0, group 0, time 2015-02-07 10:38:37.639698')
('2015-02-07 10:38:38.521606', 'put_channel : channel tb0, group 0, time 2015-02-07 10:38:38.521500')
('2015-02-07 10:38:38.568845', 'put_channel : channel tb0, group 0, time 2015-02-07 10:38:38.568738')
('2015-02-07 10:38:39.010425', 'put_channel : channel tb0, group 0, time 2015-02-07 10:38:39.010339')
('2015-02-07 10:38:39.033279', 'put_channel : channel tb0, group 0, time 2015-02-07 10:38:39.033203')
('2015-02-07 10:38:43.683417', 'fd_channel : login[0] 0 login[1] 0 , tb0[0] 67 tb0[1] 59 , tb1[0] 0 tb1[1] 0')
('2015-02-07 10:38:43.694036', 'fd_channel : login[0] 0 login[1] 0 , tb0[0] 43 tb0[1] 59 , tb1[0] 0 tb1[1] 0')
('2015-02-07 10:38:45.677026', 'fd_channel : login[0] 0 login[1] 0 , tb0[0] 42 tb0[1] 59 , tb1[0] 0 tb1[1] 0')
('2015-02-07 10:38:45.680366', 'fd_channel : login[0] 0 login[1] 0 , tb0[0] 42 tb0[1] 52 , tb1[0] 0 tb1[1] 0')
('2015-02-07 10:38:52.846015', 'fd_channel : login[0] 0 login[1] 0 , tb0[0] 42 tb0[1] 45 , tb1[0] 0 tb1[1] 0')
('2015-02-07 10:38:53.129622', 'fd_channel : login[0] 0 login[1] 0 , tb0[0] 42 tb0[1] 44 , tb1[0] 0 tb1[1] 0')
('2015-02-07 10:39:03.008495', 'put_channel : channel tb0, group 1, time 2015-02-07 10:39:03.007808')
('2015-02-07 10:39:03.010342', 'put_channel : channel tb0, group 1, time 2015-02-07 10:39:03.010263')
('2015-02-07 10:39:03.029684', 'put_channel : channel tb0, group 1, time 2015-02-07 10:39:03.029619')
('2015-02-07 10:39:04.023296', 'put_channel : channel tb0, group 1, time 2015-02-07 10:39:04.023212')
('2015-02-07 10:39:04.071589', 'put_channel : channel tb0, group 1, time 2015-02-07 10:39:04.071508')
('2015-02-07 10:39:04.507933', 'put_channel : channel tb0, group 1, time 2015-02-07 10:39:04.507836')
('2015-02-07 10:39:04.510879', 'put_channel : channel tb0, group 1, time 2015-02-07 10:39:04.510835')
('2015-02-07 10:39:04.533611', 'put_channel : channel tb0, group 1, time 2015-02-07 10:39:04.533524')
('2015-02-07 10:39:04.645956', 'put_channel : channel tb0, group 1, time 2015-02-07 10:39:04.645875')
('2015-02-07 10:39:05.519749', 'put_channel : channel tb0, group 1, time 2015-02-07 10:39:05.519647')
('2015-02-07 10:39:05.573539', 'put_channel : channel tb0, group 1, time 2015-02-07 10:39:05.573460')
('2015-02-07 10:39:06.006407', 'put_channel : channel tb0, group 1, time 2015-02-07 10:39:06.006320')
('2015-02-07 10:39:06.037799', 'put_channel : channel tb0, group 1, time 2015-02-07 10:39:06.037689')
('2015-02-07 10:39:06.119787', 'put_channel : channel tb0, group 1, time 2015-02-07 10:39:06.119706')
('2015-02-07 10:39:06.335963', 'fd_channel : login[0] 0 login[1] 0 , tb0[0] 42 tb0[1] 57 , tb1[0] 0 tb1[1] 0')
('2015-02-07 10:39:10.007973', 'put_channel : channel tb0, group 0, time 2015-02-07 10:39:10.007891')
('2015-02-07 10:39:10.024304', 'put_channel : channel tb0, group 0, time 2015-02-07 10:39:10.024218')
('2015-02-07 10:39:10.509191', 'put_channel : channel tb0, group 0, time 2015-02-07 10:39:10.509120')
('2015-02-07 10:39:10.513179', 'put_channel : channel tb0, group 0, time 2015-02-07 10:39:10.513133')
('2015-02-07 10:39:10.535730', 'put_channel : channel tb0, group 0, time 2015-02-07 10:39:10.535671')
('2015-02-07 10:39:11.522130', 'put_channel : channel tb0, group 0, time 2015-02-07 10:39:11.521986')
('2015-02-07 10:39:11.561331', 'put_channel : channel tb0, group 0, time 2015-02-07 10:39:11.561252')
('2015-02-07 10:39:12.008905', 'put_channel : channel tb0, group 0, time 2015-02-07 10:39:12.008825')
('2015-02-07 10:39:12.039424', 'put_channel : channel tb0, group 0, time 2015-02-07 10:39:12.039342')
('2015-02-07 10:39:12.135968', 'put_channel : channel tb0, group 0, time 2015-02-07 10:39:12.135888')
('2015-02-07 10:39:13.017095', 'put_channel : channel tb0, group 0, time 2015-02-07 10:39:13.017019')
('2015-02-07 10:39:13.065147', 'put_channel : channel tb0, group 0, time 2015-02-07 10:39:13.065066')
('2015-02-07 10:39:13.092995', 'fd_channel : login[0] 0 login[1] 0 , tb0[0] 53 tb0[1] 57 , tb1[0] 0 tb1[1] 0')
('2015-02-07 10:39:13.508712', 'put_channel : channel tb0, group 0, time 2015-02-07 10:39:13.508627')
('2015-02-07 10:39:13.545386', 'put_channel : channel tb0, group 0, time 2015-02-07 10:39:13.545307')
('2015-02-07 10:39:13.607788', 'put_channel : channel tb0, group 0, time 2015-02-07 10:39:13.607703')
('2015-02-07 10:39:14.568154', 'put_channel : channel tb0, group 0, time 2015-02-07 10:39:14.568073')
('2015-02-07 10:39:17.684828', 'fd_channel : login[0] 0 login[1] 0 , tb0[0] 57 tb0[1] 43 , tb1[0] 0 tb1[1] 0')
('2015-02-07 10:39:18.516035', 'fd_channel : login[0] 0 login[1] 0 , tb0[0] 57 tb0[1] 42 , tb1[0] 0 tb1[1] 0')
('2015-02-07 10:39:45.031682', 'put_channel : channel tb0, group 0, time 2015-02-07 10:39:45.031602')
('2015-02-07 10:39:46.008436', 'put_channel : channel tb0, group 0, time 2015-02-07 10:39:46.008327')
('2015-02-07 10:39:46.024141', 'put_channel : channel tb0, group 0, time 2015-02-07 10:39:46.024088')
('2015-02-07 10:39:46.057804', 'put_channel : channel tb0, group 0, time 2015-02-07 10:39:46.057695')
('2015-02-07 10:39:46.509530', 'put_channel : channel tb0, group 0, time 2015-02-07 10:39:46.509456')
('2015-02-07 10:39:46.511829', 'put_channel : channel tb0, group 0, time 2015-02-07 10:39:46.511788')
('2015-02-07 10:39:46.535654', 'put_channel : channel tb0, group 0, time 2015-02-07 10:39:46.535581')
('2015-02-07 10:39:47.520021', 'put_channel : channel tb0, group 0, time 2015-02-07 10:39:47.519939')
('2015-02-07 10:39:47.559917', 'put_channel : channel tb0, group 0, time 2015-02-07 10:39:47.559838')
('2015-02-07 10:39:47.681985', 'fd_channel : login[0] 0 login[1] 0 , tb0[0] 66 tb0[1] 41 , tb1[0] 0 tb1[1] 0')
('2015-02-07 10:39:48.009488', 'put_channel : channel tb0, group 0, time 2015-02-07 10:39:48.009404')
('2015-02-07 10:39:48.039609', 'put_channel : channel tb0, group 0, time 2015-02-07 10:39:48.039543')
('2015-02-07 10:39:48.168076', 'put_channel : channel tb0, group 0, time 2015-02-07 10:39:48.167985')
('2015-02-07 10:39:49.017437', 'put_channel : channel tb0, group 0, time 2015-02-07 10:39:49.017305')
('2015-02-07 10:39:49.063760', 'put_channel : channel tb0, group 0, time 2015-02-07 10:39:49.063679')
('2015-02-07 10:40:07.525503', 'put_channel : channel tb0, group 1, time 2015-02-07 10:40:07.525428')
('2015-02-07 10:40:08.506167', 'put_channel : channel tb0, group 1, time 2015-02-07 10:40:08.506056')
('2015-02-07 10:40:08.517806', 'put_channel : channel tb0, group 1, time 2015-02-07 10:40:08.517755')
('2015-02-07 10:40:08.583746', 'put_channel : channel tb0, group 1, time 2015-02-07 10:40:08.583668')
('2015-02-07 10:40:09.008308', 'put_channel : channel tb0, group 1, time 2015-02-07 10:40:09.008227')
('2015-02-07 10:40:09.009756', 'put_channel : channel tb0, group 1, time 2015-02-07 10:40:09.009689')
('2015-02-07 10:40:09.031272', 'put_channel : channel tb0, group 1, time 2015-02-07 10:40:09.031201')
('2015-02-07 10:40:10.022049', 'put_channel : channel tb0, group 1, time 2015-02-07 10:40:10.021971')
('2015-02-07 10:40:10.055333', 'put_channel : channel tb0, group 1, time 2015-02-07 10:40:10.055270')
('2015-02-07 10:40:10.507191', 'put_channel : channel tb0, group 1, time 2015-02-07 10:40:10.507118')
('2015-02-07 10:40:10.535728', 'put_channel : channel tb0, group 1, time 2015-02-07 10:40:10.535639')
('2015-02-07 10:40:10.630032', 'put_channel : channel tb0, group 1, time 2015-02-07 10:40:10.629945')
('2015-02-07 10:40:11.518047', 'put_channel : channel tb0, group 1, time 2015-02-07 10:40:11.517956')
('2015-02-07 10:40:11.557901', 'put_channel : channel tb0, group 1, time 2015-02-07 10:40:11.557827')
('2015-02-07 10:40:12.006784', 'put_channel : channel tb0, group 1, time 2015-02-07 10:40:12.006713')
('2015-02-07 10:40:12.037840', 'put_channel : channel tb0, group 1, time 2015-02-07 10:40:12.037763')
('2015-02-07 10:40:12.101758', 'put_channel : channel tb0, group 1, time 2015-02-07 10:40:12.101645')
('2015-02-07 10:40:13.063704', 'put_channel : channel tb0, group 1, time 2015-02-07 10:40:13.063577')
('2015-02-07 10:40:13.508434', 'put_channel : channel tb0, group 1, time 2015-02-07 10:40:13.508363')
('2015-02-07 10:40:17.689780', 'fd_channel : login[0] 0 login[1] 0 , tb0[0] 71 tb0[1] 48 , tb1[0] 0 tb1[1] 0')
('2015-02-07 10:40:19.527969', 'put_channel : channel tb0, group 0, time 2015-02-07 10:40:19.527884')
('2015-02-07 10:40:20.509795', 'put_channel : channel tb0, group 0, time 2015-02-07 10:40:20.509686')
('2015-02-07 10:40:20.520072', 'put_channel : channel tb0, group 0, time 2015-02-07 10:40:20.520001')
('2015-02-07 10:40:20.552016', 'put_channel : channel tb0, group 0, time 2015-02-07 10:40:20.551937')
('2015-02-07 10:40:21.011359', 'put_channel : channel tb0, group 0, time 2015-02-07 10:40:21.011274')
('2015-02-07 10:40:21.013465', 'put_channel : channel tb0, group 0, time 2015-02-07 10:40:21.013424')
('2015-02-07 10:40:21.032307', 'put_channel : channel tb0, group 0, time 2015-02-07 10:40:21.032225')
('2015-02-07 10:40:22.024033', 'put_channel : channel tb0, group 0, time 2015-02-07 10:40:22.023953')
('2015-02-07 10:40:22.088759', 'put_channel : channel tb0, group 0, time 2015-02-07 10:40:22.088609')
('2015-02-07 10:40:22.511469', 'put_channel : channel tb0, group 0, time 2015-02-07 10:40:22.511396')
('2015-02-07 10:40:22.536006', 'put_channel : channel tb0, group 0, time 2015-02-07 10:40:22.535929')
('2015-02-07 10:40:22.600148', 'put_channel : channel tb0, group 0, time 2015-02-07 10:40:22.600070')
('2015-02-07 10:40:23.522243', 'put_channel : channel tb0, group 0, time 2015-02-07 10:40:23.522122')
('2015-02-07 10:40:23.560067', 'put_channel : channel tb0, group 0, time 2015-02-07 10:40:23.559988')
('2015-02-07 10:40:24.009055', 'put_channel : channel tb0, group 0, time 2015-02-07 10:40:24.008977')
('2015-02-07 10:40:24.039995', 'put_channel : channel tb0, group 0, time 2015-02-07 10:40:24.039924')
('2015-02-07 10:40:34.051008', 'fd_channel : login[0] 0 login[1] 0 , tb0[0] 87 tb0[1] 32 , tb1[0] 0 tb1[1] 0')
('2015-02-07 10:40:36.831915', 'fd_channel : login[0] 0 login[1] 0 , tb0[0] 87 tb0[1] 31 , tb1[0] 0 tb1[1] 0')
('2015-02-07 10:40:44.507618', 'put_channel : channel tb0, group 1, time 2015-02-07 10:40:44.507536')
('2015-02-07 10:40:44.519028', 'put_channel : channel tb0, group 1, time 2015-02-07 10:40:44.518978')
('2015-02-07 10:40:45.006881', 'put_channel : channel tb0, group 1, time 2015-02-07 10:40:45.006804')
('2015-02-07 10:40:45.009314', 'put_channel : channel tb0, group 1, time 2015-02-07 10:40:45.009271')
('2015-02-07 10:40:45.029695', 'put_channel : channel tb0, group 1, time 2015-02-07 10:40:45.029621')
('2015-02-07 10:40:46.021774', 'put_channel : channel tb0, group 1, time 2015-02-07 10:40:46.021660')
('2015-02-07 10:40:46.087170', 'put_channel : channel tb0, group 1, time 2015-02-07 10:40:46.087092')
('2015-02-07 10:40:46.506560', 'put_channel : channel tb0, group 1, time 2015-02-07 10:40:46.506487')
('2015-02-07 10:40:46.533690', 'put_channel : channel tb0, group 1, time 2015-02-07 10:40:46.533613')
('2015-02-07 10:40:46.662032', 'put_channel : channel tb0, group 1, time 2015-02-07 10:40:46.661943')
('2015-02-07 10:40:47.518038', 'put_channel : channel tb0, group 1, time 2015-02-07 10:40:47.517920')
('2015-02-07 10:40:55.008378', 'put_channel : channel tb0, group 0, time 2015-02-07 10:40:55.008213')
('2015-02-07 10:40:55.015968', 'put_channel : channel tb0, group 0, time 2015-02-07 10:40:55.015910')
('2015-02-07 10:40:55.508614', 'put_channel : channel tb0, group 0, time 2015-02-07 10:40:55.508543')
('2015-02-07 10:40:55.511533', 'put_channel : channel tb0, group 0, time 2015-02-07 10:40:55.511481')
('2015-02-07 10:40:55.529265', 'put_channel : channel tb0, group 0, time 2015-02-07 10:40:55.529200')
('2015-02-07 10:40:56.521790', 'put_channel : channel tb0, group 0, time 2015-02-07 10:40:56.521691')
('2015-02-07 10:40:56.583900', 'put_channel : channel tb0, group 0, time 2015-02-07 10:40:56.583786')
('2015-02-07 10:40:57.011755', 'put_channel : channel tb0, group 0, time 2015-02-07 10:40:57.011681')
('2015-02-07 10:40:57.031487', 'put_channel : channel tb0, group 0, time 2015-02-07 10:40:57.031424')
('2015-02-07 10:40:57.161819', 'put_channel : channel tb0, group 0, time 2015-02-07 10:40:57.161688')
('2015-02-07 10:40:58.024392', 'put_channel : channel tb0, group 0, time 2015-02-07 10:40:58.024313')
('2015-02-07 10:40:58.056322', 'put_channel : channel tb0, group 0, time 2015-02-07 10:40:58.056250')
('2015-02-07 10:40:58.512151', 'put_channel : channel tb0, group 0, time 2015-02-07 10:40:58.512064')
('2015-02-07 10:40:58.536548', 'put_channel : channel tb0, group 0, time 2015-02-07 10:40:58.536483')
('2015-02-07 10:41:13.286923', 'fd_channel : login[0] 0 login[1] 0 , tb0[0] 84 tb0[1] 29 , tb1[0] 0 tb1[1] 0')
('2015-02-07 10:41:13.299828', 'fd_channel : login[0] 0 login[1] 0 , tb0[0] 43 tb0[1] 29 , tb1[0] 0 tb1[1] 0')
('2015-02-07 10:41:13.558789', 'fd_channel : login[0] 0 login[1] 0 , tb0[0] 42 tb0[1] 29 , tb1[0] 0 tb1[1] 0')
('2015-02-07 10:41:15.275374', 'fd_channel : login[0] 0 login[1] 0 , tb0[0] 41 tb0[1] 29 , tb1[0] 0 tb1[1] 0')
('2015-02-07 10:41:15.276436', 'fd_channel : login[0] 0 login[1] 0 , tb0[0] 41 tb0[1] 28 , tb1[0] 0 tb1[1] 0')
('2015-02-07 10:41:18.008317', 'put_channel : channel tb0, group 1, time 2015-02-07 10:41:18.008244')
('2015-02-07 10:41:18.011765', 'put_channel : channel tb0, group 1, time 2015-02-07 10:41:18.011698')
('2015-02-07 10:41:18.037869', 'put_channel : channel tb0, group 1, time 2015-02-07 10:41:18.037793')
('2015-02-07 10:41:19.023465', 'put_channel : channel tb0, group 1, time 2015-02-07 10:41:19.023364')
('2015-02-07 10:41:19.045880', 'put_channel : channel tb0, group 1, time 2015-02-07 10:41:19.045797')
('2015-02-07 10:41:19.507108', 'put_channel : channel tb0, group 1, time 2015-02-07 10:41:19.506983')
('2015-02-07 10:41:19.511539', 'put_channel : channel tb0, group 1, time 2015-02-07 10:41:19.511492')
('2015-02-07 10:41:19.525821', 'put_channel : channel tb0, group 1, time 2015-02-07 10:41:19.525753')
('2015-02-07 10:41:19.622632', 'put_channel : channel tb0, group 1, time 2015-02-07 10:41:19.622549')
('2015-02-07 10:41:20.517519', 'put_channel : channel tb0, group 1, time 2015-02-07 10:41:20.517437')
('2015-02-07 10:41:20.581990', 'put_channel : channel tb0, group 1, time 2015-02-07 10:41:20.581907')
('2015-02-07 10:41:21.008662', 'put_channel : channel tb0, group 1, time 2015-02-07 10:41:21.008589')
('2015-02-07 10:41:21.031685', 'put_channel : channel tb0, group 1, time 2015-02-07 10:41:21.031606')
('2015-02-07 10:41:21.095792', 'put_channel : channel tb0, group 1, time 2015-02-07 10:41:21.095711')
('2015-02-07 10:41:22.054088', 'put_channel : channel tb0, group 1, time 2015-02-07 10:41:22.053996')
('2015-02-07 10:41:22.507547', 'put_channel : channel tb0, group 1, time 2015-02-07 10:41:22.507467')
('2015-02-07 10:41:22.535538', 'put_channel : channel tb0, group 1, time 2015-02-07 10:41:22.535456')
('2015-02-07 10:41:22.630157', 'put_channel : channel tb0, group 1, time 2015-02-07 10:41:22.630071')
('2015-02-07 10:41:29.508108', 'put_channel : channel tb0, group 0, time 2015-02-07 10:41:29.508029')
('2015-02-07 10:41:29.520055', 'put_channel : channel tb0, group 0, time 2015-02-07 10:41:29.520003')
('2015-02-07 10:41:30.011384', 'put_channel : channel tb0, group 0, time 2015-02-07 10:41:30.011280')
('2015-02-07 10:41:30.013204', 'put_channel : channel tb0, group 0, time 2015-02-07 10:41:30.013162')
('2015-02-07 10:41:30.041145', 'put_channel : channel tb0, group 0, time 2015-02-07 10:41:30.041057')
('2015-02-07 10:41:31.017257', 'put_channel : channel tb0, group 0, time 2015-02-07 10:41:31.017181')
('2015-02-07 10:41:31.080795', 'put_channel : channel tb0, group 0, time 2015-02-07 10:41:31.080668')
('2015-02-07 10:41:31.509000', 'put_channel : channel tb0, group 0, time 2015-02-07 10:41:31.508919')
('2015-02-07 10:41:31.527795', 'put_channel : channel tb0, group 0, time 2015-02-07 10:41:31.527708')
('2015-02-07 10:41:31.593877', 'put_channel : channel tb0, group 0, time 2015-02-07 10:41:31.593786')
('2015-02-07 10:41:32.521618', 'put_channel : channel tb0, group 0, time 2015-02-07 10:41:32.521514')
('2015-02-07 10:41:32.553834', 'put_channel : channel tb0, group 0, time 2015-02-07 10:41:32.553755')
('2015-02-07 10:41:33.009078', 'put_channel : channel tb0, group 0, time 2015-02-07 10:41:33.008990')
('2015-02-07 10:41:33.031803', 'put_channel : channel tb0, group 0, time 2015-02-07 10:41:33.031723')
('2015-02-07 10:41:33.127522', 'put_channel : channel tb0, group 0, time 2015-02-07 10:41:33.127434')
('2015-02-07 10:41:34.087910', 'put_channel : channel tb0, group 0, time 2015-02-07 10:41:34.087836')
('2015-02-07 10:41:47.278194', 'fd_channel : login[0] 0 login[1] 0 , tb0[0] 57 tb0[1] 45 , tb1[0] 0 tb1[1] 0')
('2015-02-07 10:41:54.009384', 'put_channel : channel tb0, group 1, time 2015-02-07 10:41:54.009292')
('2015-02-07 10:41:54.011483', 'put_channel : channel tb0, group 1, time 2015-02-07 10:41:54.011439')
('2015-02-07 10:41:54.039714', 'put_channel : channel tb0, group 1, time 2015-02-07 10:41:54.039620')
('2015-02-07 10:41:55.014177', 'put_channel : channel tb0, group 1, time 2015-02-07 10:41:55.014069')
('2015-02-07 10:41:55.079519', 'put_channel : channel tb0, group 1, time 2015-02-07 10:41:55.079442')
('2015-02-07 10:41:55.509128', 'put_channel : channel tb0, group 1, time 2015-02-07 10:41:55.509051')
('2015-02-07 10:41:55.511916', 'put_channel : channel tb0, group 1, time 2015-02-07 10:41:55.511866')
('2015-02-07 10:41:55.527737', 'put_channel : channel tb0, group 1, time 2015-02-07 10:41:55.527643')
('2015-02-07 10:41:55.654103', 'put_channel : channel tb0, group 1, time 2015-02-07 10:41:55.654020')
('2015-02-07 10:41:56.517798', 'put_channel : channel tb0, group 1, time 2015-02-07 10:41:56.517699')
('2015-02-07 10:41:56.549876', 'put_channel : channel tb0, group 1, time 2015-02-07 10:41:56.549797')
('2015-02-07 10:41:57.008209', 'put_channel : channel tb0, group 1, time 2015-02-07 10:41:57.008117')
('2015-02-07 10:42:04.536626', 'put_channel : channel tb0, group 0, time 2015-02-07 10:42:04.536487')
('2015-02-07 10:42:05.509769', 'put_channel : channel tb0, group 0, time 2015-02-07 10:42:05.509625')
('2015-02-07 10:42:05.521324', 'put_channel : channel tb0, group 0, time 2015-02-07 10:42:05.521255')
('2015-02-07 10:42:05.575872', 'put_channel : channel tb0, group 0, time 2015-02-07 10:42:05.575796')
('2015-02-07 10:42:06.008734', 'put_channel : channel tb0, group 0, time 2015-02-07 10:42:06.008664')
('2015-02-07 10:42:06.013703', 'put_channel : channel tb0, group 0, time 2015-02-07 10:42:06.013661')
('2015-02-07 10:42:06.041052', 'put_channel : channel tb0, group 0, time 2015-02-07 10:42:06.040990')
('2015-02-07 10:42:07.017828', 'put_channel : channel tb0, group 0, time 2015-02-07 10:42:07.017747')
('2015-02-07 10:42:07.049311', 'put_channel : channel tb0, group 0, time 2015-02-07 10:42:07.049239')
('2015-02-07 10:42:07.509393', 'put_channel : channel tb0, group 0, time 2015-02-07 10:42:07.509321')
('2015-02-07 10:42:07.529216', 'put_channel : channel tb0, group 0, time 2015-02-07 10:42:07.529162')
('2015-02-07 10:42:07.623878', 'put_channel : channel tb0, group 0, time 2015-02-07 10:42:07.623795')
('2015-02-07 10:42:08.521197', 'put_channel : channel tb0, group 0, time 2015-02-07 10:42:08.521119')
('2015-02-07 10:42:08.584145', 'put_channel : channel tb0, group 0, time 2015-02-07 10:42:08.584064')
('2015-02-07 10:42:10.287611', 'fd_channel : login[0] 0 login[1] 0 , tb0[0] 59 tb0[1] 57 , tb1[0] 0 tb1[1] 0')
('2015-02-07 10:42:10.293868', 'fd_channel : login[0] 0 login[1] 0 , tb0[0] 59 tb0[1] 40 , tb1[0] 0 tb1[1] 0')
('2015-02-07 10:42:12.291250', 'fd_channel : login[0] 0 login[1] 0 , tb0[0] 58 tb0[1] 40 , tb1[0] 0 tb1[1] 0')
('2015-02-07 10:42:12.292699', 'fd_channel : login[0] 0 login[1] 0 , tb0[0] 58 tb0[1] 39 , tb1[0] 0 tb1[1] 0')
('2015-02-07 10:42:13.807267', 'fd_channel : login[0] 0 login[1] 0 , tb0[0] 58 tb0[1] 38 , tb1[0] 0 tb1[1] 0')
('2015-02-07 10:42:28.008258', 'put_channel : channel tb0, group 1, time 2015-02-07 10:42:28.008124')
('2015-02-07 10:42:28.022254', 'put_channel : channel tb0, group 1, time 2015-02-07 10:42:28.022201')
('2015-02-07 10:42:28.507469', 'put_channel : channel tb0, group 1, time 2015-02-07 10:42:28.507389')
('2015-02-07 10:42:28.513855', 'put_channel : channel tb0, group 1, time 2015-02-07 10:42:28.513804')
('2015-02-07 10:42:28.535766', 'put_channel : channel tb0, group 1, time 2015-02-07 10:42:28.535688')
('2015-02-07 10:42:29.517864', 'put_channel : channel tb0, group 1, time 2015-02-07 10:42:29.517791')
('2015-02-07 10:42:29.573908', 'put_channel : channel tb0, group 1, time 2015-02-07 10:42:29.573829')
('2015-02-07 10:42:30.007108', 'put_channel : channel tb0, group 1, time 2015-02-07 10:42:30.007023')
('2015-02-07 10:42:30.037966', 'put_channel : channel tb0, group 1, time 2015-02-07 10:42:30.037891')
('2015-02-07 10:42:30.150648', 'put_channel : channel tb0, group 1, time 2015-02-07 10:42:30.150542')
('2015-02-07 10:42:31.013916', 'put_channel : channel tb0, group 1, time 2015-02-07 10:42:31.013837')
('2015-02-07 10:42:31.046383', 'put_channel : channel tb0, group 1, time 2015-02-07 10:42:31.046292')
('2015-02-07 10:42:31.506315', 'put_channel : channel tb0, group 1, time 2015-02-07 10:42:31.506242')
('2015-02-07 10:42:31.527670', 'put_channel : channel tb0, group 1, time 2015-02-07 10:42:31.527595')
('2015-02-07 10:42:31.624177', 'put_channel : channel tb0, group 1, time 2015-02-07 10:42:31.624096')
('2015-02-07 10:42:32.583270', 'put_channel : channel tb0, group 1, time 2015-02-07 10:42:32.583190')
('2015-02-07 10:42:39.033147', 'put_channel : channel tb0, group 0, time 2015-02-07 10:42:39.033068')
('2015-02-07 10:42:40.007880', 'put_channel : channel tb0, group 0, time 2015-02-07 10:42:40.007783')
('2015-02-07 10:42:40.023785', 'put_channel : channel tb0, group 0, time 2015-02-07 10:42:40.023700')
('2015-02-07 10:42:40.072182', 'put_channel : channel tb0, group 0, time 2015-02-07 10:42:40.072073')
('2015-02-07 10:42:40.509499', 'put_channel : channel tb0, group 0, time 2015-02-07 10:42:40.509428')
('2015-02-07 10:42:40.511837', 'put_channel : channel tb0, group 0, time 2015-02-07 10:42:40.511796')
('2015-02-07 10:42:40.536234', 'put_channel : channel tb0, group 0, time 2015-02-07 10:42:40.536140')
('2015-02-07 10:42:41.521576', 'put_channel : channel tb0, group 0, time 2015-02-07 10:42:41.521496')
('2015-02-07 10:42:41.576116', 'put_channel : channel tb0, group 0, time 2015-02-07 10:42:41.576035')
('2015-02-07 10:42:42.008978', 'put_channel : channel tb0, group 0, time 2015-02-07 10:42:42.008910')
('2015-02-07 10:42:42.041854', 'put_channel : channel tb0, group 0, time 2015-02-07 10:42:42.041754')
('2015-02-07 10:42:42.119994', 'put_channel : channel tb0, group 0, time 2015-02-07 10:42:42.119918')
('2015-02-07 10:42:43.018336', 'put_channel : channel tb0, group 0, time 2015-02-07 10:42:43.018249')
('2015-02-07 10:42:43.081610', 'put_channel : channel tb0, group 0, time 2015-02-07 10:42:43.081530')
('2015-02-07 10:42:43.508772', 'put_channel : channel tb0, group 0, time 2015-02-07 10:42:43.508707')
('2015-02-07 10:42:43.527727', 'put_channel : channel tb0, group 0, time 2015-02-07 10:42:43.527666')
('2015-02-07 10:42:44.297132', 'fd_channel : login[0] 0 login[1] 0 , tb0[0] 74 tb0[1] 45 , tb1[0] 0 tb1[1] 0')
('2015-02-07 10:43:03.030223', 'put_channel : channel tb0, group 1, time 2015-02-07 10:43:03.030057')
('2015-02-07 10:43:04.007804', 'put_channel : channel tb0, group 1, time 2015-02-07 10:43:04.007719')
('2015-02-07 10:43:04.024058', 'put_channel : channel tb0, group 1, time 2015-02-07 10:43:04.024000')
('2015-02-07 10:43:04.069900', 'put_channel : channel tb0, group 1, time 2015-02-07 10:43:04.069817')
('2015-02-07 10:43:04.506887', 'put_channel : channel tb0, group 1, time 2015-02-07 10:43:04.506806')
('2015-02-07 10:43:04.513801', 'put_channel : channel tb0, group 1, time 2015-02-07 10:43:04.513706')
('2015-02-07 10:43:04.534189', 'put_channel : channel tb0, group 1, time 2015-02-07 10:43:04.534111')
('2015-02-07 10:43:05.517892', 'put_channel : channel tb0, group 1, time 2015-02-07 10:43:05.517808')
('2015-02-07 10:43:05.573616', 'put_channel : channel tb0, group 1, time 2015-02-07 10:43:05.573535')
('2015-02-07 10:43:06.006623', 'put_channel : channel tb0, group 1, time 2015-02-07 10:43:06.006505')
('2015-02-07 10:43:06.038118', 'put_channel : channel tb0, group 1, time 2015-02-07 10:43:06.038002')
('2015-02-07 10:43:06.118261', 'put_channel : channel tb0, group 1, time 2015-02-07 10:43:06.118111')
('2015-02-07 10:43:07.013580', 'put_channel : channel tb0, group 1, time 2015-02-07 10:43:07.013502')
('2015-02-07 10:43:07.077788', 'put_channel : channel tb0, group 1, time 2015-02-07 10:43:07.077683')
('2015-02-07 10:43:14.298056', 'fd_channel : login[0] 0 login[1] 0 , tb0[0] 74 tb0[1] 56 , tb1[0] 0 tb1[1] 0')
('2015-02-07 10:43:14.526574', 'put_channel : channel tb0, group 0, time 2015-02-07 10:43:14.526492')
('2015-02-07 10:43:14.527360', 'put_channel : channel tb0, group 0, time 2015-02-07 10:43:14.527305')
('2015-02-07 10:43:15.010270', 'put_channel : channel tb0, group 0, time 2015-02-07 10:43:15.010195')
('2015-02-07 10:43:15.011986', 'put_channel : channel tb0, group 0, time 2015-02-07 10:43:15.011933')
('2015-02-07 10:43:15.032032', 'put_channel : channel tb0, group 0, time 2015-02-07 10:43:15.031921')
('2015-02-07 10:43:16.023963', 'put_channel : channel tb0, group 0, time 2015-02-07 10:43:16.023879')
('2015-02-07 10:43:16.073839', 'put_channel : channel tb0, group 0, time 2015-02-07 10:43:16.073755')
('2015-02-07 10:43:16.510424', 'put_channel : channel tb0, group 0, time 2015-02-07 10:43:16.510350')
('2015-02-07 10:43:16.536057', 'put_channel : channel tb0, group 0, time 2015-02-07 10:43:16.535960')
('2015-02-07 10:43:16.615968', 'put_channel : channel tb0, group 0, time 2015-02-07 10:43:16.615884')
('2015-02-07 10:43:17.521255', 'put_channel : channel tb0, group 0, time 2015-02-07 10:43:17.521174')
('2015-02-07 10:43:37.542359', 'put_channel : channel tb0, group 1, time 2015-02-07 10:43:37.542277')
('2015-02-07 10:43:38.506107', 'put_channel : channel tb0, group 1, time 2015-02-07 10:43:38.505997')
('2015-02-07 10:43:38.517935', 'put_channel : channel tb0, group 1, time 2015-02-07 10:43:38.517869')
('2015-02-07 10:43:38.567456', 'put_channel : channel tb0, group 1, time 2015-02-07 10:43:38.567383')
('2015-02-07 10:43:39.008484', 'put_channel : channel tb0, group 1, time 2015-02-07 10:43:39.008410')
('2015-02-07 10:43:39.014928', 'put_channel : channel tb0, group 1, time 2015-02-07 10:43:39.014881')
('2015-02-07 10:43:39.029810', 'put_channel : channel tb0, group 1, time 2015-02-07 10:43:39.029666')
('2015-02-07 10:43:40.023372', 'put_channel : channel tb0, group 1, time 2015-02-07 10:43:40.023288')
('2015-02-07 10:43:40.069830', 'put_channel : channel tb0, group 1, time 2015-02-07 10:43:40.069690')
('2015-02-07 10:43:40.507435', 'put_channel : channel tb0, group 1, time 2015-02-07 10:43:40.507328')
('2015-02-07 10:43:40.534250', 'put_channel : channel tb0, group 1, time 2015-02-07 10:43:40.534186')
('2015-02-07 10:43:40.614036', 'put_channel : channel tb0, group 1, time 2015-02-07 10:43:40.613954')
('2015-02-07 10:43:41.519629', 'put_channel : channel tb0, group 1, time 2015-02-07 10:43:41.519550')
('2015-02-07 10:43:41.574436', 'put_channel : channel tb0, group 1, time 2015-02-07 10:43:41.574362')
('2015-02-07 10:43:42.008342', 'put_channel : channel tb0, group 1, time 2015-02-07 10:43:42.008269')
('2015-02-07 10:43:42.038067', 'put_channel : channel tb0, group 1, time 2015-02-07 10:43:42.037987')
('2015-02-07 10:43:47.461099', 'fd_channel : login[0] 0 login[1] 0 , tb0[0] 61 tb0[1] 57 , tb1[0] 0 tb1[1] 0')
('2015-02-07 10:43:47.468985', 'fd_channel : login[0] 0 login[1] 0 , tb0[0] 40 tb0[1] 57 , tb1[0] 0 tb1[1] 0')
('2015-02-07 10:43:48.014233', 'put_channel : channel tb0, group 0, time 2015-02-07 10:43:48.014120')
('2015-02-07 10:43:48.040330', 'put_channel : channel tb0, group 0, time 2015-02-07 10:43:48.040233')
('2015-02-07 10:43:49.018489', 'put_channel : channel tb0, group 0, time 2015-02-07 10:43:49.018384')
('2015-02-07 10:43:49.065150', 'put_channel : channel tb0, group 0, time 2015-02-07 10:43:49.065008')
('2015-02-07 10:43:49.513671', 'put_channel : channel tb0, group 0, time 2015-02-07 10:43:49.513576')
('2015-02-07 10:43:49.545186', 'put_channel : channel tb0, group 0, time 2015-02-07 10:43:49.545101')
('2015-02-07 10:43:50.519626', 'put_channel : channel tb0, group 0, time 2015-02-07 10:43:50.519541')
('2015-02-07 10:43:50.567808', 'put_channel : channel tb0, group 0, time 2015-02-07 10:43:50.567724')
('2015-02-07 10:43:51.031717', 'put_channel : channel tb0, group 0, time 2015-02-07 10:43:51.031631')
('2015-02-07 10:43:51.111667', 'put_channel : channel tb0, group 0, time 2015-02-07 10:43:51.111586')
('2015-02-07 10:43:52.072766', 'put_channel : channel tb0, group 0, time 2015-02-07 10:43:52.072674')
('2015-02-07 10:43:52.537995', 'put_channel : channel tb0, group 0, time 2015-02-07 10:43:52.537846')
('2015-02-07 10:43:52.648075', 'put_channel : channel tb0, group 0, time 2015-02-07 10:43:52.647962')
('2015-02-07 10:43:53.575936', 'put_channel : channel tb0, group 0, time 2015-02-07 10:43:53.575850')
('2015-02-07 10:43:54.041884', 'put_channel : channel tb0, group 0, time 2015-02-07 10:43:54.041797')
('2015-02-07 10:43:54.119561', 'put_channel : channel tb0, group 0, time 2015-02-07 10:43:54.119482')
('2015-02-07 10:43:54.887223', 'fd_channel : login[0] 0 login[1] 0 , tb0[0] 56 tb0[1] 45 , tb1[0] 0 tb1[1] 0')
('2015-02-07 10:43:55.081758', 'put_channel : channel tb0, group 0, time 2015-02-07 10:43:55.081647')
('2015-02-07 10:43:55.527796', 'put_channel : channel tb0, group 0, time 2015-02-07 10:43:55.527716')
('2015-02-07 10:44:14.565844', 'put_channel : channel tb0, group 1, time 2015-02-07 10:44:14.565760')
('2015-02-07 10:44:15.174446', 'put_channel : channel tb0, group 1, time 2015-02-07 10:44:15.174343')
('2015-02-07 10:44:16.069811', 'put_channel : channel tb0, group 1, time 2015-02-07 10:44:16.069706')
('2015-02-07 10:44:16.645771', 'put_channel : channel tb0, group 1, time 2015-02-07 10:44:16.645663')
('2015-02-07 10:44:17.573654', 'put_channel : channel tb0, group 1, time 2015-02-07 10:44:17.573508')
('2015-02-07 10:44:18.120054', 'put_channel : channel tb0, group 1, time 2015-02-07 10:44:18.119938')
('2015-02-07 10:44:19.654436', 'put_channel : channel tb0, group 1, time 2015-02-07 10:44:19.654352')
('2015-02-07 10:44:21.127562', 'put_channel : channel tb0, group 1, time 2015-02-07 10:44:21.127479')
('2015-02-07 10:44:22.599550', 'put_channel : channel tb0, group 1, time 2015-02-07 10:44:22.599464')
('2015-02-07 10:44:24.135747', 'put_channel : channel tb0, group 1, time 2015-02-07 10:44:24.135652')
('2015-02-07 10:44:28.617934', 'put_channel : channel tb0, group 0, time 2015-02-07 10:44:28.617842')
('2015-02-07 10:44:30.153804', 'put_channel : channel tb0, group 0, time 2015-02-07 10:44:30.153652')
('2015-02-07 10:44:31.621988', 'put_channel : channel tb0, group 1, time 2015-02-07 10:44:31.621909')
('2015-02-07 10:44:31.623574', 'put_channel : channel tb0, group 0, time 2015-02-07 10:44:31.623532')
('2015-02-07 10:44:33.093568', 'put_channel : channel tb0, group 1, time 2015-02-07 10:44:33.093483')
('2015-02-07 10:44:33.095912', 'put_channel : channel tb0, group 0, time 2015-02-07 10:44:33.095869')
('2015-02-07 10:44:34.631731', 'put_channel : channel tb0, group 0, time 2015-02-07 10:44:34.631644')
('2015-02-07 10:44:43.282996', 'fd_channel : login[0] 0 login[1] 0 , tb0[0] 33 tb0[1] 57 , tb1[0] 0 tb1[1] 0')
('2015-02-07 10:44:43.309082', 'fd_channel : login[0] 0 login[1] 0 , tb0[0] 33 tb0[1] 41 , tb1[0] 0 tb1[1] 0')
('2015-02-07 10:44:54.568827', 'fd_channel : login[0] 0 login[1] 0 , tb0[0] 33 tb0[1] 40 , tb1[0] 0 tb1[1] 0')
('2015-02-07 10:45:42.707104', 'fd_channel : login[0] 0 login[1] 0 , tb0[0] 33 tb0[1] 11 , tb1[0] 0 tb1[1] 0')
('2015-02-07 10:45:42.708123', 'fd_channel : login[0] 0 login[1] 0 , tb0[0] 33 tb0[1] 10 , tb1[0] 0 tb1[1] 0')
('2015-02-07 10:45:43.720651', 'fd_channel : login[0] 0 login[1] 0 , tb0[0] 33 tb0[1] 9 , tb1[0] 0 tb1[1] 0')
('2015-02-07 10:45:49.352239', 'fd_channel : login[0] 0 login[1] 0 , tb0[0] 33 tb0[1] 8 , tb1[0] 0 tb1[1] 0')
('2015-02-07 10:45:51.400752', 'fd_channel : login[0] 0 login[1] 0 , tb0[0] 33 tb0[1] 7 , tb1[0] 0 tb1[1] 0')
('2015-02-07 11:27:42.008532', 'put_channel : channel tb1, group 1, time 2015-02-07 11:27:42.008419')
('2015-02-07 11:27:43.507353', 'put_channel : channel tb1, group 1, time 2015-02-07 11:27:43.507282')
('2015-02-07 11:27:43.509139', 'put_channel : channel tb1, group 0, time 2015-02-07 11:27:43.509091')
('2015-02-07 11:27:45.006835', 'put_channel : channel tb1, group 1, time 2015-02-07 11:27:45.006765')
('2015-02-07 11:27:45.008481', 'put_channel : channel tb1, group 0, time 2015-02-07 11:27:45.008435')
('2015-02-07 11:27:45.012981', 'put_channel : channel tb1, group 0, time 2015-02-07 11:27:45.012938')
('2015-02-07 11:27:46.510826', 'put_channel : channel tb1, group 0, time 2015-02-07 11:27:46.510756')
('2015-02-07 11:27:48.009392', 'put_channel : channel tb1, group 0, time 2015-02-07 11:27:48.009321')
('2015-02-07 11:27:49.508568', 'put_channel : channel tb1, group 0, time 2015-02-07 11:27:49.508496')
('2015-02-07 11:27:55.006683', 'put_channel : channel tb1, group 1, time 2015-02-07 11:27:55.006590')
('2015-02-07 11:27:55.014705', 'put_channel : channel tb1, group 1, time 2015-02-07 11:27:55.014647')
('2015-02-07 11:27:55.506449', 'put_channel : channel tb1, group 1, time 2015-02-07 11:27:55.506380')
('2015-02-07 11:27:55.509470', 'put_channel : channel tb1, group 1, time 2015-02-07 11:27:55.509419')
('2015-02-07 11:27:56.507712', 'put_channel : channel tb1, group 0, time 2015-02-07 11:27:56.507582')
('2015-02-07 11:27:56.517749', 'put_channel : channel tb1, group 1, time 2015-02-07 11:27:56.517659')
('2015-02-07 11:27:57.007590', 'put_channel : channel tb1, group 1, time 2015-02-07 11:27:57.007499')
('2015-02-07 11:27:57.009551', 'put_channel : channel tb1, group 0, time 2015-02-07 11:27:57.009504')
('2015-02-07 11:27:57.011943', 'put_channel : channel tb1, group 0, time 2015-02-07 11:27:57.011901')
('2015-02-07 11:27:58.021891', 'put_channel : channel tb1, group 1, time 2015-02-07 11:27:58.021810')
('2015-02-07 11:27:58.025114', 'put_channel : channel tb1, group 0, time 2015-02-07 11:27:58.025066')
('2015-02-07 11:27:58.509520', 'put_channel : channel tb1, group 1, time 2015-02-07 11:27:58.509448')
('2015-02-07 11:27:58.511232', 'put_channel : channel tb1, group 0, time 2015-02-07 11:27:58.511168')
('2015-02-07 11:27:59.519865', 'put_channel : channel tb1, group 0, time 2015-02-07 11:27:59.519778')
('2015-02-07 11:28:00.007231', 'put_channel : channel tb1, group 1, time 2015-02-07 11:28:00.007160')
('2015-02-07 11:28:00.010742', 'put_channel : channel tb1, group 0, time 2015-02-07 11:28:00.010697')
('2015-02-07 11:28:14.507967', 'put_channel : channel tb1, group 1, time 2015-02-07 11:28:14.507856')
('2015-02-07 11:28:14.509369', 'put_channel : channel tb1, group 0, time 2015-02-07 11:28:14.509296')
('2015-02-07 11:28:14.517570', 'put_channel : channel tb1, group 1, time 2015-02-07 11:28:14.517492')
('2015-02-07 11:28:14.519766', 'put_channel : channel tb1, group 0, time 2015-02-07 11:28:14.519726')
('2015-02-07 11:28:15.006799', 'put_channel : channel tb1, group 1, time 2015-02-07 11:28:15.006714')
('2015-02-07 11:28:15.008790', 'put_channel : channel tb1, group 0, time 2015-02-07 11:28:15.008742')
('2015-02-07 11:28:15.011351', 'put_channel : channel tb1, group 1, time 2015-02-07 11:28:15.011306')
('2015-02-07 11:28:15.011830', 'put_channel : channel tb1, group 0, time 2015-02-07 11:28:15.011789')
('2015-02-07 11:28:16.026771', 'put_channel : channel tb1, group 0, time 2015-02-07 11:28:16.026530')
('2015-02-07 11:28:16.508649', 'put_channel : channel tb1, group 0, time 2015-02-07 11:28:16.508577')
('2015-02-07 11:28:16.535745', 'put_channel : channel tb1, group 0, time 2015-02-07 11:28:16.535666')
('2015-02-07 11:28:17.519887', 'put_channel : channel tb1, group 0, time 2015-02-07 11:28:17.519806')
('2015-02-07 11:28:18.008508', 'put_channel : channel tb1, group 0, time 2015-02-07 11:28:18.008435')
('2015-02-07 11:28:18.039605', 'put_channel : channel tb1, group 0, time 2015-02-07 11:28:18.039527')
('2015-02-07 11:28:31.006948', 'put_channel : channel tb1, group 1, time 2015-02-07 11:28:31.006852')
('2015-02-07 11:28:31.013761', 'put_channel : channel tb1, group 1, time 2015-02-07 11:28:31.013644')
('2015-02-07 11:28:31.507170', 'put_channel : channel tb1, group 1, time 2015-02-07 11:28:31.507096')
('2015-02-07 11:28:31.513741', 'put_channel : channel tb1, group 1, time 2015-02-07 11:28:31.513665')
('2015-02-07 11:28:31.527865', 'put_channel : channel tb1, group 1, time 2015-02-07 11:28:31.527759')
('2015-02-07 11:28:32.518590', 'put_channel : channel tb1, group 1, time 2015-02-07 11:28:32.518468')
('2015-02-07 11:28:32.581920', 'put_channel : channel tb1, group 1, time 2015-02-07 11:28:32.581831')
('2015-02-07 11:28:33.006628', 'put_channel : channel tb1, group 1, time 2015-02-07 11:28:33.006549')
('2015-02-07 11:28:33.031624', 'put_channel : channel tb1, group 1, time 2015-02-07 11:28:33.031557')
('2015-02-07 11:28:34.508588', 'put_channel : channel tb1, group 0, time 2015-02-07 11:28:34.508484')
('2015-02-07 11:28:34.511272', 'put_channel : channel tb1, group 0, time 2015-02-07 11:28:34.511230')
('2015-02-07 11:28:34.535967', 'put_channel : channel tb1, group 0, time 2015-02-07 11:28:34.535867')
('2015-02-07 11:28:35.520383', 'put_channel : channel tb1, group 0, time 2015-02-07 11:28:35.520303')
('2015-02-07 11:28:35.561544', 'put_channel : channel tb1, group 0, time 2015-02-07 11:28:35.561464')
('2015-02-07 11:28:36.008914', 'put_channel : channel tb1, group 0, time 2015-02-07 11:28:36.008840')
('2015-02-07 11:28:36.011933', 'put_channel : channel tb1, group 0, time 2015-02-07 11:28:36.011891')
('2015-02-07 11:28:36.040103', 'put_channel : channel tb1, group 0, time 2015-02-07 11:28:36.039998')
('2015-02-07 11:28:37.017645', 'put_channel : channel tb1, group 0, time 2015-02-07 11:28:37.017560')
('2015-02-07 11:28:37.174084', 'put_channel : channel tb1, group 0, time 2015-02-07 11:28:37.174007')
('2015-02-07 11:28:37.508425', 'put_channel : channel tb1, group 0, time 2015-02-07 11:28:37.508352')
('2015-02-07 11:28:52.007599', 'put_channel : channel tb1, group 1, time 2015-02-07 11:28:52.007520')
('2015-02-07 11:28:52.023193', 'put_channel : channel tb1, group 1, time 2015-02-07 11:28:52.023143')
('2015-02-07 11:28:52.069737', 'put_channel : channel tb1, group 1, time 2015-02-07 11:28:52.069614')
('2015-02-07 11:28:52.507013', 'put_channel : channel tb1, group 1, time 2015-02-07 11:28:52.506921')
('2015-02-07 11:28:52.509461', 'put_channel : channel tb1, group 1, time 2015-02-07 11:28:52.509417')
('2015-02-07 11:28:52.535537', 'put_channel : channel tb1, group 1, time 2015-02-07 11:28:52.535459')
('2015-02-07 11:28:53.517678', 'put_channel : channel tb1, group 1, time 2015-02-07 11:28:53.517594')
('2015-02-07 11:28:53.575583', 'put_channel : channel tb1, group 1, time 2015-02-07 11:28:53.575503')
('2015-02-07 11:28:54.007119', 'put_channel : channel tb1, group 1, time 2015-02-07 11:28:54.007035')
('2015-02-07 11:28:55.509765', 'put_channel : channel tb1, group 0, time 2015-02-07 11:28:55.509670')
('2015-02-07 11:28:55.511553', 'put_channel : channel tb1, group 0, time 2015-02-07 11:28:55.511511')
('2015-02-07 11:28:55.528147', 'put_channel : channel tb1, group 0, time 2015-02-07 11:28:55.528033')
('2015-02-07 11:28:56.521915', 'put_channel : channel tb1, group 0, time 2015-02-07 11:28:56.521824')
('2015-02-07 11:28:56.584129', 'put_channel : channel tb1, group 0, time 2015-02-07 11:28:56.584027')
('2015-02-07 11:28:57.011196', 'put_channel : channel tb1, group 0, time 2015-02-07 11:28:57.011128')
('2015-02-07 11:28:57.013825', 'put_channel : channel tb1, group 0, time 2015-02-07 11:28:57.013687')
('2015-02-07 11:28:57.032265', 'put_channel : channel tb1, group 0, time 2015-02-07 11:28:57.032177')
('2015-02-07 11:28:58.025560', 'put_channel : channel tb1, group 0, time 2015-02-07 11:28:58.025477')
('2015-02-07 11:29:12.039760', 'put_channel : channel tb1, group 1, time 2015-02-07 11:29:12.039659')
('2015-02-07 11:29:13.507350', 'put_channel : channel tb1, group 1, time 2015-02-07 11:29:13.507273')
('2015-02-07 11:29:14.519529', 'put_channel : channel tb1, group 1, time 2015-02-07 11:29:14.519433')
('2015-02-07 11:29:15.009038', 'put_channel : channel tb1, group 1, time 2015-02-07 11:29:15.008952')
('2015-02-07 11:29:16.507232', 'put_channel : channel tb1, group 1, time 2015-02-07 11:29:16.507130')
('2015-02-07 11:29:17.519959', 'put_channel : channel tb1, group 1, time 2015-02-07 11:29:17.519874')
('2015-02-07 11:29:18.007371', 'put_channel : channel tb1, group 1, time 2015-02-07 11:29:18.007218')
('2015-02-07 11:29:18.037576', 'put_channel : channel tb1, group 1, time 2015-02-07 11:29:18.037481')
('2015-02-07 11:29:18.039389', 'put_channel : channel tb1, group 0, time 2015-02-07 11:29:18.039318')
('2015-02-07 11:29:19.015898', 'put_channel : channel tb1, group 0, time 2015-02-07 11:29:19.015810')
('2015-02-07 11:29:19.509756', 'put_channel : channel tb1, group 0, time 2015-02-07 11:29:19.509664')
('2015-02-07 11:29:19.511437', 'put_channel : channel tb1, group 0, time 2015-02-07 11:29:19.511397')
('2015-02-07 11:29:32.562135', 'put_channel : channel tb1, group 0, time 2015-02-07 11:29:32.562056')
('2015-02-07 11:29:33.009775', 'put_channel : channel tb1, group 1, time 2015-02-07 11:29:33.009665')
('2015-02-07 11:29:34.511668', 'put_channel : channel tb1, group 0, time 2015-02-07 11:29:34.511593')
('2015-02-07 11:29:34.534311', 'put_channel : channel tb1, group 1, time 2015-02-07 11:29:34.534226')
('2015-02-07 11:29:35.975934', 'fd_channel : login[0] 0 login[1] 0 , tb0[0] 33 tb0[1] 7 , tb1[0] 49 tb1[1] 43')
('2015-02-07 11:29:35.977520', 'fd_channel : login[0] 0 login[1] 0 , tb0[0] 33 tb0[1] 7 , tb1[0] 49 tb1[1] 42')
('2015-02-07 11:29:35.978545', 'fd_channel : login[0] 0 login[1] 0 , tb0[0] 33 tb0[1] 7 , tb1[0] 49 tb1[1] 41')
('2015-02-07 11:29:35.979598', 'fd_channel : login[0] 0 login[1] 0 , tb0[0] 33 tb0[1] 7 , tb1[0] 49 tb1[1] 40')
('2015-02-07 11:29:35.981141', 'fd_channel : login[0] 0 login[1] 0 , tb0[0] 33 tb0[1] 7 , tb1[0] 49 tb1[1] 39')
('2015-02-07 11:29:35.982515', 'fd_channel : login[0] 0 login[1] 0 , tb0[0] 33 tb0[1] 7 , tb1[0] 49 tb1[1] 38')
('2015-02-07 11:29:35.983565', 'fd_channel : login[0] 0 login[1] 0 , tb0[0] 33 tb0[1] 7 , tb1[0] 49 tb1[1] 37')
('2015-02-07 11:29:35.984518', 'fd_channel : login[0] 0 login[1] 0 , tb0[0] 33 tb0[1] 7 , tb1[0] 49 tb1[1] 36')
('2015-02-07 11:29:37.510160', 'put_channel : channel tb1, group 1, time 2015-02-07 11:29:37.510085')
('2015-02-07 11:29:37.542037', 'put_channel : channel tb1, group 1, time 2015-02-07 11:29:37.541957')
('2015-02-07 11:29:39.008965', 'put_channel : channel tb1, group 1, time 2015-02-07 11:29:39.008885')
('2015-02-07 11:29:39.009938', 'put_channel : channel tb1, group 1, time 2015-02-07 11:29:39.009896')
('2015-02-07 11:29:39.142102', 'put_channel : channel tb1, group 1, time 2015-02-07 11:29:39.142017')
('2015-02-07 11:29:40.069865', 'put_channel : channel tb1, group 1, time 2015-02-07 11:29:40.069765')
('2015-02-07 11:29:42.982815', 'fd_channel : login[0] 0 login[1] 0 , tb0[0] 33 tb0[1] 7 , tb1[0] 49 tb1[1] 41')
('2015-02-07 11:29:42.984369', 'fd_channel : login[0] 0 login[1] 0 , tb0[0] 33 tb0[1] 7 , tb1[0] 49 tb1[1] 40')
('2015-02-07 11:29:42.985671', 'fd_channel : login[0] 0 login[1] 0 , tb0[0] 33 tb0[1] 7 , tb1[0] 49 tb1[1] 39')
('2015-02-07 11:29:42.987142', 'fd_channel : login[0] 0 login[1] 0 , tb0[0] 33 tb0[1] 7 , tb1[0] 49 tb1[1] 38')
('2015-02-07 11:29:51.011691', 'put_channel : channel tb1, group 1, time 2015-02-07 11:29:51.011645')
('2015-02-07 11:29:51.111443', 'put_channel : channel tb1, group 1, time 2015-02-07 11:29:51.111359')
('2015-02-07 11:29:52.509107', 'put_channel : channel tb1, group 0, time 2015-02-07 11:29:52.509029')
('2015-02-07 11:29:56.289036', 'fd_channel : login[0] 0 login[1] 0 , tb0[0] 33 tb0[1] 7 , tb1[0] 50 tb1[1] 39')
('2015-02-07 11:29:56.291248', 'fd_channel : login[0] 0 login[1] 0 , tb0[0] 33 tb0[1] 7 , tb1[0] 50 tb1[1] 38')
('2015-02-07 11:29:56.292825', 'fd_channel : login[0] 0 login[1] 0 , tb0[0] 33 tb0[1] 7 , tb1[0] 50 tb1[1] 37')
('2015-02-07 11:29:56.294028', 'fd_channel : login[0] 0 login[1] 0 , tb0[0] 33 tb0[1] 7 , tb1[0] 50 tb1[1] 36')
('2015-02-07 11:29:56.294697', 'fd_channel : login[0] 0 login[1] 0 , tb0[0] 33 tb0[1] 7 , tb1[0] 50 tb1[1] 35')
('2015-02-07 11:29:56.296891', 'fd_channel : login[0] 0 login[1] 0 , tb0[0] 33 tb0[1] 7 , tb1[0] 50 tb1[1] 34')
('2015-02-07 11:29:56.298195', 'fd_channel : login[0] 0 login[1] 0 , tb0[0] 33 tb0[1] 7 , tb1[0] 50 tb1[1] 33')
('2015-02-07 11:29:56.298927', 'fd_channel : login[0] 0 login[1] 0 , tb0[0] 33 tb0[1] 7 , tb1[0] 50 tb1[1] 32')
('2015-02-07 11:29:56.407437', 'fd_channel : login[0] 0 login[1] 0 , tb0[0] 33 tb0[1] 7 , tb1[0] 49 tb1[1] 31')
('2015-02-07 11:29:56.412340', 'fd_channel : login[0] 0 login[1] 0 , tb0[0] 33 tb0[1] 7 , tb1[0] 36 tb1[1] 31')
('2015-02-07 11:29:56.464656', 'fd_channel : login[0] 0 login[1] 0 , tb0[0] 33 tb0[1] 7 , tb1[0] 35 tb1[1] 31')
('2015-02-07 11:29:56.465780', 'fd_channel : login[0] 0 login[1] 0 , tb0[0] 33 tb0[1] 7 , tb1[0] 35 tb1[1] 30')
('2015-02-07 11:29:57.860844', 'fd_channel : login[0] 0 login[1] 0 , tb0[0] 33 tb0[1] 7 , tb1[0] 34 tb1[1] 30')
('2015-02-07 11:29:57.862410', 'fd_channel : login[0] 0 login[1] 0 , tb0[0] 33 tb0[1] 7 , tb1[0] 34 tb1[1] 29')
('2015-02-07 11:29:59.446532', 'fd_channel : login[0] 0 login[1] 0 , tb0[0] 33 tb0[1] 7 , tb1[0] 33 tb1[1] 29')
('2015-02-07 11:29:59.447720', 'fd_channel : login[0] 0 login[1] 0 , tb0[0] 33 tb0[1] 7 , tb1[0] 33 tb1[1] 28')
('2015-02-07 11:30:00.495417', 'worker [6] stopping')
('2015-02-07 11:30:03.295008', 'fd_channel : login[0] 0 login[1] 0 , tb0[0] 33 tb0[1] 7 , tb1[0] 33 tb1[1] 27')
('2015-02-07 11:30:03.296213', 'fd_channel : login[0] 0 login[1] 0 , tb0[0] 33 tb0[1] 7 , tb1[0] 33 tb1[1] 26')
('2015-02-07 11:30:03.298106', 'fd_channel : login[0] 0 login[1] 0 , tb0[0] 33 tb0[1] 7 , tb1[0] 33 tb1[1] 25')
('2015-02-07 11:30:03.300339', 'fd_channel : login[0] 0 login[1] 0 , tb0[0] 33 tb0[1] 7 , tb1[0] 33 tb1[1] 24')
('2015-02-07 11:30:06.300582', 'fd_channel : login[0] 0 login[1] 0 , tb0[0] 33 tb0[1] 7 , tb1[0] 33 tb1[1] 23')
('2015-02-07 11:30:06.366115', 'fd_channel : login[0] 0 login[1] 0 , tb0[0] 33 tb0[1] 7 , tb1[0] 33 tb1[1] 22')
('2015-02-07 11:30:10.299944', 'fd_channel : login[0] 0 login[1] 0 , tb0[0] 33 tb0[1] 7 , tb1[0] 33 tb1[1] 21')
('2015-02-07 11:30:10.301658', 'fd_channel : login[0] 0 login[1] 0 , tb0[0] 33 tb0[1] 7 , tb1[0] 33 tb1[1] 20')
('2015-02-07 11:30:13.640343', 'put_channel : channel tb1, group 0, time 2015-02-07 11:30:13.640245')
('2015-02-07 11:30:14.568112', 'put_channel : channel tb1, group 0, time 2015-02-07 11:30:14.568023')
('2015-02-07 11:30:17.573923', 'put_channel : channel tb1, group 1, time 2015-02-07 11:30:17.573800')
('2015-02-07 11:30:24.133984', 'put_channel : channel tb1, group 1, time 2015-02-07 11:30:24.133901')
('2015-02-07 11:30:26.566087', 'put_channel : channel tb1, group 1, time 2015-02-07 11:30:26.566002')
('2015-02-07 11:30:29.575499', 'put_channel : channel tb1, group 1, time 2015-02-07 11:30:29.575410')
