('2015-02-07 10:01:42.026183', 'client 52560819 login 柴琼 310227198806050024')
('2015-02-07 10:01:42.195060', 'client 52570944 login 王瑶玲 310106198303064048')
('2015-02-07 10:01:43.515143', 'client 52544589 login 谢绍燕 310228198511096427')
('2015-02-07 10:01:43.696135', 'client 52521998 login 吴业舟 310105198403011238')
('2015-02-07 10:01:45.015995', 'client 52733543 login 高健 140104197606175010')
('2015-02-07 10:01:45.201294', 'client 52550655 login 吴琦敏 31010419851215010x')
('2015-02-07 10:01:46.516276', 'client 52558021 login 杜运祥 310106198409252813')
('2015-02-07 10:01:46.700408', 'client 52497207 login 孟颖 310225197812150227')
('2015-02-07 10:34:10.304207', 'client 52544589 bid 0 image C856E8C74BF401AD7232DBEFE03DBB27 454608 ')
('2015-02-07 10:34:10.871793', 'client 52570944 bid 0 image 374630408BD1CF65380904DC30784CEF 392825 ')
('2015-02-07 10:34:11.086955', 'client 52570944 bid 0 price 73700 王瑶玲 310106198303064048')
('2015-02-07 10:34:11.746357', 'client 52544589 bid 0 price 73700 谢绍燕 310228198511096427')
('2015-02-07 10:34:14.701767', 'client 52550655 bid 0 image F8E5CE0A41BA031B2DDFAFFEF38EB665 946260 ')
('2015-02-07 10:34:29.599136', 'client 52550655 bid 0 price 73700 吴琦敏 31010419851215010x')
('2015-02-07 10:34:31.521327', 'client 52497207 bid 0 image 7C57B9DBA6315A294518119C0F944C94 618461 ')
('2015-02-07 10:34:31.536413', 'client 52497207 bid 0 price 73700 孟颖 310225197812150227')
('2015-02-07 10:35:06.475889', 'client 52733543 bid 0 image 6D67227DD4A1565DF5DAFB4719B7FD24 354625 ')
('2015-02-07 10:35:14.550486', 'client 52560819 bid 0 image 3D14EA8AB4E5A01F1555605C242DAF04 536062 ')
('2015-02-07 10:35:17.180956', 'client 52560819 bid 0 price 73700 柴琼 310227198806050024')
('2015-02-07 10:35:19.374580', 'client 52733543 bid 0 price 73700 高健 140104197606175010')
('2015-02-07 10:35:31.810522', 'client 52521998 bid 0 image Failed')
('2015-02-07 10:35:31.810568', 'client 52521998 bid 0 failed. Abort.....')
('2015-02-07 10:35:31.811983', 'client 52558021 bid 0 image Failed')
('2015-02-07 10:35:31.812020', 'client 52558021 bid 0 failed. Abort.....')
('2015-02-07 10:36:04.053351', 'client 52521998 bid 0 image 81D569FB326EA6664CB5C6F84C39E0B8 519384 ')
('2015-02-07 10:36:18.957828', 'client 52521998 bid 0 price 73700 吴业舟 310105198403011238')
('2015-02-07 10:37:04.665250', 'client 52558021 bid 0 image 2CD4E65213BB3A754CF5C133816429F6 452519 ')
('2015-02-07 10:37:38.673071', 'client 52558021 bid 0 price Failed')
('2015-02-07 10:37:38.673338', 'client 52558021 bid 0 failed. Abort.....')
('2015-02-07 10:38:07.157970', 'client 52558021 bid 0 image 7C8D3A4D2B10F0CA001EEBE3ECCAA715 081646 ')
('2015-02-07 10:38:41.166988', 'client 52558021 bid 0 price Failed')
('2015-02-07 10:38:41.167117', 'client 52558021 bid 0 failed. Abort.....')
('2015-02-07 10:40:02.599751', 'client 52558021 bid 0 image 9952759887E1017CDA613298F681E652 461516 ')
('2015-02-07 10:40:10.957031', 'client 52558021 bid 0 price 73700 杜运祥 310106198409252813')
('2015-02-07 11:29:36.080137', 'client 52550655 bid 1 image 74A6464D916C31B666508CC402091008 191519 ')
('2015-02-07 11:29:36.314274', 'client 52521998 bid 1 image F18033275B2478057675F5DCE4173F18 938264 ')
('2015-02-07 11:29:36.342134', 'client 52497207 bid 1 image 101DF438BF7D84BD1D2D97A787D1787B 536482 ')
('2015-02-07 11:29:36.417009', 'client 52733543 bid 1 image 75AB8006482F9E07CF9D4E7FB29F5ABE 639292 ')
('2015-02-07 11:29:37.539465', 'client 52570944 bid 1 image 729BA5462454123A9709B246EE7A7724 846153 ')
('2015-02-07 11:29:37.603439', 'client 52560819 bid 1 image 6F4814D21FBF3E32E8E7CAFAEC8DB2C9 626253 ')
('2015-02-07 11:29:37.632098', 'client 52544589 bid 1 image 6105DA51A91AFA39E198AE08477D8FC6 492645 ')
('2015-02-07 11:29:37.704842', 'client 52558021 bid 1 image 3749F386B4608DA6EEBE475468B74C41 262808 ')
('2015-02-07 11:29:56.340161', 'client 52550655 bid 1 cancel')
('2015-02-07 11:29:56.340266', 'client 52550655 bid 1 price Failed')
('2015-02-07 11:29:56.340345', 'client 52550655 bid 1 failed. Abort.....')
('2015-02-07 11:29:56.340942', 'client 52570944 bid 1 cancel')
('2015-02-07 11:29:56.341034', 'client 52570944 bid 1 price Failed')
('2015-02-07 11:29:56.341078', 'client 52570944 bid 1 failed. Abort.....')
('2015-02-07 11:29:56.341577', 'client 52544589 bid 1 cancel')
('2015-02-07 11:29:56.341632', 'client 52544589 bid 1 price Failed')
('2015-02-07 11:29:56.341668', 'client 52544589 bid 1 failed. Abort.....')
('2015-02-07 11:29:56.342431', 'client 52733543 bid 1 cancel')
('2015-02-07 11:29:56.342501', 'client 52733543 bid 1 price Failed')
('2015-02-07 11:29:56.342564', 'client 52733543 bid 1 failed. Abort.....')
('2015-02-07 11:29:56.343446', 'client 52521998 bid 1 cancel')
('2015-02-07 11:29:56.343546', 'client 52521998 bid 1 price Failed')
('2015-02-07 11:29:56.343587', 'client 52521998 bid 1 failed. Abort.....')
('2015-02-07 11:29:56.343982', 'client 52558021 bid 1 cancel')
('2015-02-07 11:29:56.344036', 'client 52558021 bid 1 price Failed')
('2015-02-07 11:29:56.344072', 'client 52558021 bid 1 failed. Abort.....')
('2015-02-07 11:29:56.346742', 'client 52560819 bid 1 cancel')
('2015-02-07 11:29:56.346795', 'client 52560819 bid 1 price Failed')
('2015-02-07 11:29:56.346830', 'client 52560819 bid 1 failed. Abort.....')
('2015-02-07 11:29:56.350223', 'client 52497207 bid 1 cancel')
('2015-02-07 11:29:56.350331', 'client 52497207 bid 1 price Failed')
('2015-02-07 11:29:56.350375', 'client 52497207 bid 1 failed. Abort.....')
('2015-02-07 11:29:56.441709', 'client 52497207 bid 2 image AF4721D19E3D1D9E2A1F6BDBD03CE15C 946263 ')
('2015-02-07 11:29:56.484442', 'client 52497207 bid 2 price 76700 孟颖 310225197812150227')
('2015-02-07 11:29:56.612804', 'client 52560819 bid 2 image 2CB812834D99069D9E104373E3BDA2BB 616350 ')
('2015-02-07 11:29:56.673186', 'client 52558021 bid 2 image 870447C2189EC156467E371FE04D652C 845253 ')
('2015-02-07 11:29:56.685238', 'client 52544589 bid 2 image D14B786EB16791DF979D9C395E79B263 625182 ')
('2015-02-07 11:29:56.730787', 'client 52521998 bid 2 image EE67C5AF9111DBBAA3C22AE8954B3F0E 084836 ')
('2015-02-07 11:29:56.753454', 'client 52521998 bid 2 price 76700 吴业舟 310105198403011238')
('2015-02-07 11:29:56.838374', 'client 52560819 bid 2 price 76700 柴琼 310227198806050024')
('2015-02-07 11:29:57.922736', 'client 52550655 bid 2 image 6E220EFF1BD335EAFF8C38F423950CE9 463819 ')
('2015-02-07 11:29:57.938445', 'client 52570944 bid 2 image A4B60CCBA64DE7A6B69E053814BAB834 052618 ')
('2015-02-07 11:29:57.953800', 'client 52733543 bid 2 image 64DCD5A3BB8E64F8DBD825C63B969B19 461526 ')
('2015-02-07 11:29:58.131358', 'client 52544589 bid 2 price 76700 谢绍燕 310228198511096427')
('2015-02-07 11:29:58.144249', 'client 52550655 bid 2 price 76700 吴琦敏 31010419851215010x')
('2015-02-07 11:30:06.494736', "client 52497207 bids finished. price : ['73700', None, '76700'] . Quit.....")
('2015-02-07 11:30:06.763782', "client 52521998 bids finished. price : ['73700', None, '76700'] . Quit.....")
('2015-02-07 11:30:06.848643', "client 52560819 bids finished. price : ['73700', None, '76700'] . Quit.....")
('2015-02-07 11:30:08.141587', "client 52544589 bids finished. price : ['73700', None, '76700'] . Quit.....")
('2015-02-07 11:30:08.154371', "client 52550655 bids finished. price : ['73700', None, '76700'] . Quit.....")
('2015-02-07 11:30:10.679178', 'client 52558021 bid 2 price Failed')
('2015-02-07 11:30:10.679336', 'client 52558021 bid 2 failed. Abort.....')
('2015-02-07 11:30:11.946126', 'client 52570944 bid 2 price Failed')
('2015-02-07 11:30:11.946349', 'client 52570944 bid 2 failed. Abort.....')
('2015-02-07 11:30:11.961875', 'client 52733543 bid 2 price Failed')
('2015-02-07 11:30:11.961950', 'client 52733543 bid 2 failed. Abort.....')
('2015-02-07 11:30:20.689505', "client 52558021 bids finished. price : ['73700', None, None] . Quit.....")
('2015-02-07 11:30:21.956566', "client 52570944 bids finished. price : ['73700', None, None] . Quit.....")
('2015-02-07 11:30:21.972136', "client 52733543 bids finished. price : ['73700', None, None] . Quit.....")
