('2015-03-21 09:55:39.046759', 'client 52718085 login 刘斯宇 410105198802200136')
('2015-03-21 09:55:39.066246', 'client 52461453 login 苗浩之 310106198802012816')
('2015-03-21 09:55:40.539507', 'client 52759346 login 黄蕾 320602198803140020')
('2015-03-21 09:55:40.568427', 'client 52520663 login 张洋 210104198108302817')
('2015-03-21 09:55:42.040367', 'client 52760315 login 沈基明 342626197412080034')
('2015-03-21 09:55:42.071462', 'client 52473363 login 任恽 310107198609062551')
('2015-03-21 09:55:43.540864', 'client 52343478 login 王毅 310104198409207219')
('2015-03-21 09:55:43.573807', 'client 52510040 login 刘彦 430103197807301012')
('2015-03-21 10:34:09.605670', 'client 52473363 bid 0 image B21A8899F1656C94260AEE19D6976E4E 150528 ')
('2015-03-21 10:34:38.124594', 'client 52473363 bid 0 price 73700 任恽 310107198609062551')
('2015-03-21 10:34:52.209239', 'client 52520663 bid 0 image 9BAB7809F5CA7F5B9E913001B0A9E41D 816262 ')
('2015-03-21 10:34:53.227174', 'client 52343478 bid 0 image 54CD138F864C3E58F2B9BC4B7B583FF5 519050 ')
('2015-03-21 10:34:53.453819', 'client 52343478 bid 0 price 73700 王毅 310104198409207219')
('2015-03-21 10:34:53.694409', 'client 52520663 bid 0 price 73700 张洋 210104198108302817')
('2015-03-21 10:34:54.965121', 'client 52759346 bid 0 image 4A4FB3A5231A3C4AD3373A68691E90D5 450908 ')
('2015-03-21 10:34:54.998006', 'client 52759346 bid 0 price 73700 黄蕾 320602198803140020')
('2015-03-21 10:34:58.474308', 'client 52718085 bid 0 image 9BDF7F9826A790A1289704206A08EEF3 360628 ')
('2015-03-21 10:34:58.495047', 'client 52718085 bid 0 price 73700 刘斯宇 410105198802200136')
('2015-03-21 10:35:14.015543', 'client 52760315 bid 0 image 4AE2A541484DBD851FE4B44774C5CA5B 491349 ')
('2015-03-21 10:35:31.829397', 'client 52461453 bid 0 image Failed')
('2015-03-21 10:35:31.829442', 'client 52461453 bid 0 failed. Abort.....')
('2015-03-21 10:35:31.831674', 'client 52510040 bid 0 image Failed')
('2015-03-21 10:35:31.831719', 'client 52510040 bid 0 failed. Abort.....')
('2015-03-21 10:35:48.020498', 'client 52760315 bid 0 price Failed')
('2015-03-21 10:35:48.020608', 'client 52760315 bid 0 failed. Abort.....')
('2015-03-21 10:36:03.627968', 'client 52760315 bid 0 image B912D3EE209DE02E785224419F860754 835362 ')
('2015-03-21 10:36:09.261591', 'client 52510040 bid 0 image 31A4EC3EFB23A14F397294DAF30C5D30 616450 ')
('2015-03-21 10:36:37.633543', 'client 52760315 bid 0 price Failed')
('2015-03-21 10:36:37.633706', 'client 52760315 bid 0 failed. Abort.....')
('2015-03-21 10:36:43.267815', 'client 52510040 bid 0 price Failed')
('2015-03-21 10:36:43.268000', 'client 52510040 bid 0 failed. Abort.....')
('2015-03-21 10:36:50.651445', 'client 52760315 bid 0 image 7A8B9D5014F3B162ED818B24657E5ADD 916380 ')
('2015-03-21 10:36:50.678262', 'client 52760315 bid 0 price 73700 沈基明 342626197412080034')
('2015-03-21 10:36:51.402703', 'client 52510040 bid 0 image F70F6615BE4CB94C4209C5FB74DA9FF1 490846 ')
('2015-03-21 10:36:53.406284', 'client 52510040 bid 0 price 73700 meet err_112 刘彦 430103197807301012')
('2015-03-21 10:37:01.834419', 'client 52461453 bid 0 image Failed')
('2015-03-21 10:37:01.834465', 'client 52461453 bid 0 failed. Abort.....')
('2015-03-21 10:37:23.406617', 'client 52510040 bid 0 price Failed')
('2015-03-21 10:37:23.406781', 'client 52510040 bid 0 failed. Abort.....')
('2015-03-21 10:37:53.500601', 'client 52461453 bid 0 image 8E4A236C6711BFB5828C851F6FF5D66F 393549 ')
('2015-03-21 10:37:53.528744', 'client 52461453 bid 0 price 73700 苗浩之 310106198802012816')
('2015-03-21 11:29:36.770422', 'client 52343478 bid 1 image E0A832930923D317098AC4ADEED44985 519352 ')
('2015-03-21 11:29:36.770683', 'client 52473363 bid 1 image 1F52D8974259B8C93D380E0B4042C299 284639 ')
('2015-03-21 11:29:36.797387', 'client 52718085 bid 1 image C9666116AFD0488C5AAA4AE8544A382F 490939 ')
('2015-03-21 11:29:36.840554', 'client 52461453 bid 1 image 404C895372BD6C31538FCBCFE261C300 938062 ')
('2015-03-21 11:29:36.922641', 'client 52759346 bid 1 image 4D0CF1DE45C4B0083B8BCCA9CF0B7AE5 535062 ')
('2015-03-21 11:29:38.219171', 'client 52760315 bid 1 image 2E25D8A8A9DFF63394424354FD823D2E 539490 ')
('2015-03-21 11:29:39.883527', 'client 52520663 bid 1 image D16392C08511AEEA37B2814F35C1CD0F 838161 ')
('2015-03-21 11:29:39.913528', 'client 52510040 bid 1 image 93AE3044E44B78917718C3FEB9213274 628093 ')
('2015-03-21 11:29:56.628910', 'client 52343478 bid 1 cancel')
('2015-03-21 11:29:56.629031', 'client 52343478 bid 1 price Failed')
('2015-03-21 11:29:56.629071', 'client 52343478 bid 1 failed. Abort.....')
('2015-03-21 11:29:56.629672', 'client 52473363 bid 1 cancel')
('2015-03-21 11:29:56.629744', 'client 52473363 bid 1 price Failed')
('2015-03-21 11:29:56.629783', 'client 52473363 bid 1 failed. Abort.....')
('2015-03-21 11:29:56.630126', 'client 52718085 bid 1 cancel')
('2015-03-21 11:29:56.630181', 'client 52718085 bid 1 price Failed')
('2015-03-21 11:29:56.630215', 'client 52718085 bid 1 failed. Abort.....')
('2015-03-21 11:29:56.630553', 'client 52461453 bid 1 cancel')
('2015-03-21 11:29:56.630608', 'client 52461453 bid 1 price Failed')
('2015-03-21 11:29:56.630642', 'client 52461453 bid 1 failed. Abort.....')
('2015-03-21 11:29:56.630965', 'client 52760315 bid 1 cancel')
('2015-03-21 11:29:56.631017', 'client 52760315 bid 1 price Failed')
('2015-03-21 11:29:56.631051', 'client 52760315 bid 1 failed. Abort.....')
('2015-03-21 11:29:56.631362', 'client 52520663 bid 1 cancel')
('2015-03-21 11:29:56.631415', 'client 52520663 bid 1 price Failed')
('2015-03-21 11:29:56.631449', 'client 52520663 bid 1 failed. Abort.....')
('2015-03-21 11:29:56.631761', 'client 52510040 bid 1 cancel')
('2015-03-21 11:29:56.631818', 'client 52510040 bid 1 price Failed')
('2015-03-21 11:29:56.631853', 'client 52510040 bid 1 failed. Abort.....')
('2015-03-21 11:29:56.638653', 'client 52759346 bid 1 cancel')
('2015-03-21 11:29:56.638704', 'client 52759346 bid 1 price Failed')
('2015-03-21 11:29:56.638738', 'client 52759346 bid 1 failed. Abort.....')
('2015-03-21 11:29:57.348687', 'client 52510040 bid 2 image 99ACA469D5DBB93E127D8094FCE5E547 506184 ')
('2015-03-21 11:29:57.389159', 'client 52760315 bid 2 image 14936C7C3BF87C6132713D3A6109F63E 606351 ')
('2015-03-21 11:29:57.452155', 'client 52759346 bid 2 image FEF53D03B8F92A509ED589F4ACC2865C 492616 ')
('2015-03-21 11:29:57.681734', 'client 52759346 bid 2 price 74900 黄蕾 320602198803140020')
('2015-03-21 11:29:58.254460', 'client 52520663 bid 2 image B6070043E82208ADEF1C8C690362B348 626253 ')
('2015-03-21 11:30:07.691952', "client 52759346 bids finished. price : ['73700', None, '74900'] . Quit.....")
('2015-03-21 11:30:08.114522', 'client 52461453 bid 2 image Failed')
('2015-03-21 11:30:08.114575', 'client 52461453 bid 2 failed. Abort.....')
('2015-03-21 11:30:11.356779', 'client 52510040 bid 2 price Failed')
('2015-03-21 11:30:11.356936', 'client 52510040 bid 2 failed. Abort.....')
('2015-03-21 11:30:11.395867', 'client 52760315 bid 2 price Failed')
('2015-03-21 11:30:11.396066', 'client 52760315 bid 2 failed. Abort.....')
('2015-03-21 11:30:12.112455', 'client 52718085 bid 2 image Failed')
('2015-03-21 11:30:12.112514', 'client 52718085 bid 2 failed. Abort.....')
('2015-03-21 11:30:12.114262', 'client 52473363 bid 2 image Failed')
('2015-03-21 11:30:12.114354', 'client 52473363 bid 2 failed. Abort.....')
('2015-03-21 11:30:12.260665', 'client 52520663 bid 2 price Failed')
('2015-03-21 11:30:12.260851', 'client 52520663 bid 2 failed. Abort.....')
('2015-03-21 11:30:13.778524', 'client 52343478 bid 2 image Failed')
('2015-03-21 11:30:13.778570', 'client 52343478 bid 2 failed. Abort.....')
('2015-03-21 11:30:18.124733', "client 52461453 bids finished. price : ['73700', None, None] . Quit.....")
('2015-03-21 11:30:21.367116', 'client 52510040 bids finished. price : [None, None, None] . Quit.....')
('2015-03-21 11:30:21.406237', "client 52760315 bids finished. price : ['73700', None, None] . Quit.....")
('2015-03-21 11:30:22.116060', "client 52473363 bids finished. price : ['73700', None, None] . Quit.....")
('2015-03-21 11:30:22.120002', "client 52718085 bids finished. price : ['73700', None, None] . Quit.....")
('2015-03-21 11:30:22.271051', "client 52520663 bids finished. price : ['73700', None, None] . Quit.....")
('2015-03-21 11:30:23.788735', "client 52343478 bids finished. price : ['73700', None, None] . Quit.....")
