('2015-03-21 09:55:38.672312', 'worker [3] started')
('2015-03-21 09:55:38.672386', 'client 8 initted')
('2015-03-21 09:55:39.025611', 'put_channel : channel login, group 0, time 2015-03-21 09:55:39.025543')
('2015-03-21 09:55:39.026037', 'put_channel : channel login, group 1, time 2015-03-21 09:55:39.026001')
('2015-03-21 09:55:39.029298', 'fd_channel : login[0] 1 login[1] 0 , tb0[0] 0 tb0[1] 0 , tb1[0] 0 tb1[1] 0')
('2015-03-21 09:55:39.269980', 'fd_channel : login[0] 0 login[1] 0 , tb0[0] 0 tb0[1] 0 , tb1[0] 0 tb1[1] 0')
('2015-03-21 09:55:40.525703', 'put_channel : channel login, group 0, time 2015-03-21 09:55:40.525625')
('2015-03-21 09:55:40.526358', 'put_channel : channel login, group 1, time 2015-03-21 09:55:40.526323')
('2015-03-21 09:55:40.526722', 'fd_channel : login[0] 1 login[1] 0 , tb0[0] 0 tb0[1] 0 , tb1[0] 0 tb1[1] 0')
('2015-03-21 09:55:40.771919', 'fd_channel : login[0] 0 login[1] 0 , tb0[0] 0 tb0[1] 0 , tb1[0] 0 tb1[1] 0')
('2015-03-21 09:55:42.024891', 'put_channel : channel login, group 0, time 2015-03-21 09:55:42.024779')
('2015-03-21 09:55:42.025737', 'put_channel : channel login, group 1, time 2015-03-21 09:55:42.025699')
('2015-03-21 09:55:42.026166', 'fd_channel : login[0] 1 login[1] 0 , tb0[0] 0 tb0[1] 0 , tb1[0] 0 tb1[1] 0')
('2015-03-21 09:55:42.273589', 'fd_channel : login[0] 0 login[1] 0 , tb0[0] 0 tb0[1] 0 , tb1[0] 0 tb1[1] 0')
('2015-03-21 09:55:43.526069', 'put_channel : channel login, group 0, time 2015-03-21 09:55:43.525991')
('2015-03-21 09:55:43.527427', 'put_channel : channel login, group 1, time 2015-03-21 09:55:43.527386')
('2015-03-21 09:55:43.527831', 'fd_channel : login[0] 1 login[1] 0 , tb0[0] 0 tb0[1] 0 , tb1[0] 0 tb1[1] 0')
('2015-03-21 09:55:43.775329', 'fd_channel : login[0] 0 login[1] 0 , tb0[0] 0 tb0[1] 0 , tb1[0] 0 tb1[1] 0')
('2015-03-21 10:32:34.527026', 'put_channel : channel tb0, group 1, time 2015-03-21 10:32:34.526907')
('2015-03-21 10:32:34.527474', 'put_channel : channel tb0, group 0, time 2015-03-21 10:32:34.527407')
('2015-03-21 10:32:35.519967', 'put_channel : channel tb0, group 0, time 2015-03-21 10:32:35.519883')
('2015-03-21 10:32:35.521756', 'put_channel : channel tb0, group 1, time 2015-03-21 10:32:35.521719')
('2015-03-21 10:32:36.024831', 'put_channel : channel tb0, group 0, time 2015-03-21 10:32:36.024763')
('2015-03-21 10:32:36.025493', 'put_channel : channel tb0, group 1, time 2015-03-21 10:32:36.025451')
('2015-03-21 10:32:36.029210', 'put_channel : channel tb0, group 0, time 2015-03-21 10:32:36.029173')
('2015-03-21 10:32:36.029659', 'put_channel : channel tb0, group 1, time 2015-03-21 10:32:36.029622')
('2015-03-21 10:32:37.525857', 'put_channel : channel tb0, group 1, time 2015-03-21 10:32:37.525773')
('2015-03-21 10:32:37.526415', 'put_channel : channel tb0, group 0, time 2015-03-21 10:32:37.526350')
('2015-03-21 10:32:39.026317', 'put_channel : channel tb0, group 1, time 2015-03-21 10:32:39.026223')
('2015-03-21 10:32:39.026643', 'put_channel : channel tb0, group 0, time 2015-03-21 10:32:39.026602')
('2015-03-21 10:32:40.523987', 'put_channel : channel tb0, group 0, time 2015-03-21 10:32:40.523907')
('2015-03-21 10:32:40.526918', 'put_channel : channel tb0, group 1, time 2015-03-21 10:32:40.526881')
('2015-03-21 10:32:42.025592', 'put_channel : channel tb0, group 0, time 2015-03-21 10:32:42.025513')
('2015-03-21 10:32:42.027160', 'put_channel : channel tb0, group 1, time 2015-03-21 10:32:42.027122')
('2015-03-21 10:32:43.524897', 'put_channel : channel tb0, group 0, time 2015-03-21 10:32:43.524819')
('2015-03-21 10:32:43.525905', 'put_channel : channel tb0, group 1, time 2015-03-21 10:32:43.525869')
('2015-03-21 10:32:45.025954', 'put_channel : channel tb0, group 0, time 2015-03-21 10:32:45.025880')
('2015-03-21 10:32:45.026281', 'put_channel : channel tb0, group 1, time 2015-03-21 10:32:45.026239')
('2015-03-21 10:32:46.524865', 'put_channel : channel tb0, group 1, time 2015-03-21 10:32:46.524787')
('2015-03-21 10:32:46.525295', 'put_channel : channel tb0, group 0, time 2015-03-21 10:32:46.525231')
('2015-03-21 10:32:48.023921', 'put_channel : channel tb0, group 0, time 2015-03-21 10:32:48.023858')
('2015-03-21 10:32:48.026277', 'put_channel : channel tb0, group 1, time 2015-03-21 10:32:48.026225')
('2015-03-21 10:32:49.525264', 'put_channel : channel tb0, group 0, time 2015-03-21 10:32:49.525178')
('2015-03-21 10:32:49.526938', 'put_channel : channel tb0, group 1, time 2015-03-21 10:32:49.526868')
('2015-03-21 10:32:51.024721', 'put_channel : channel tb0, group 1, time 2015-03-21 10:32:51.024643')
('2015-03-21 10:32:51.025455', 'put_channel : channel tb0, group 0, time 2015-03-21 10:32:51.025403')
('2015-03-21 10:32:52.526013', 'put_channel : channel tb0, group 0, time 2015-03-21 10:32:52.525932')
('2015-03-21 10:32:52.526575', 'put_channel : channel tb0, group 1, time 2015-03-21 10:32:52.526537')
('2015-03-21 10:32:54.024016', 'put_channel : channel tb0, group 0, time 2015-03-21 10:32:54.023947')
('2015-03-21 10:32:54.026923', 'put_channel : channel tb0, group 1, time 2015-03-21 10:32:54.026887')
('2015-03-21 10:32:55.524125', 'put_channel : channel tb0, group 1, time 2015-03-21 10:32:55.524042')
('2015-03-21 10:32:55.525177', 'put_channel : channel tb0, group 0, time 2015-03-21 10:32:55.525135')
('2015-03-21 10:32:57.026628', 'put_channel : channel tb0, group 1, time 2015-03-21 10:32:57.026559')
('2015-03-21 10:32:57.027010', 'put_channel : channel tb0, group 0, time 2015-03-21 10:32:57.026939')
('2015-03-21 10:32:58.525229', 'put_channel : channel tb0, group 0, time 2015-03-21 10:32:58.525151')
('2015-03-21 10:32:58.526378', 'put_channel : channel tb0, group 1, time 2015-03-21 10:32:58.526334')
('2015-03-21 10:33:00.024988', 'put_channel : channel tb0, group 0, time 2015-03-21 10:33:00.024911')
('2015-03-21 10:33:00.025257', 'put_channel : channel tb0, group 1, time 2015-03-21 10:33:00.025208')
('2015-03-21 10:33:01.524070', 'put_channel : channel tb0, group 0, time 2015-03-21 10:33:01.523989')
('2015-03-21 10:33:01.526704', 'put_channel : channel tb0, group 1, time 2015-03-21 10:33:01.526635')
('2015-03-21 10:33:03.026296', 'put_channel : channel tb0, group 0, time 2015-03-21 10:33:03.026219')
('2015-03-21 10:33:03.026823', 'put_channel : channel tb0, group 1, time 2015-03-21 10:33:03.026787')
('2015-03-21 10:33:04.525839', 'put_channel : channel tb0, group 1, time 2015-03-21 10:33:04.525759')
('2015-03-21 10:33:04.526173', 'put_channel : channel tb0, group 0, time 2015-03-21 10:33:04.526137')
('2015-03-21 10:33:06.024933', 'put_channel : channel tb0, group 0, time 2015-03-21 10:33:06.024862')
('2015-03-21 10:33:06.025276', 'put_channel : channel tb0, group 1, time 2015-03-21 10:33:06.025240')
('2015-03-21 10:33:07.522967', 'put_channel : channel tb0, group 0, time 2015-03-21 10:33:07.522865')
('2015-03-21 10:33:07.525275', 'put_channel : channel tb0, group 1, time 2015-03-21 10:33:07.525240')
('2015-03-21 10:33:09.025784', 'put_channel : channel tb0, group 0, time 2015-03-21 10:33:09.025713')
('2015-03-21 10:33:09.026151', 'put_channel : channel tb0, group 1, time 2015-03-21 10:33:09.026109')
('2015-03-21 10:33:10.525085', 'put_channel : channel tb0, group 0, time 2015-03-21 10:33:10.525002')
('2015-03-21 10:33:10.525798', 'put_channel : channel tb0, group 1, time 2015-03-21 10:33:10.525761')
('2015-03-21 10:33:12.024657', 'put_channel : channel tb0, group 0, time 2015-03-21 10:33:12.024558')
('2015-03-21 10:33:12.025270', 'put_channel : channel tb0, group 1, time 2015-03-21 10:33:12.025233')
('2015-03-21 10:33:13.524749', 'put_channel : channel tb0, group 0, time 2015-03-21 10:33:13.524669')
('2015-03-21 10:33:13.529069', 'put_channel : channel tb0, group 1, time 2015-03-21 10:33:13.528992')
('2015-03-21 10:33:15.024685', 'put_channel : channel tb0, group 0, time 2015-03-21 10:33:15.024594')
('2015-03-21 10:33:15.025999', 'put_channel : channel tb0, group 1, time 2015-03-21 10:33:15.025926')
('2015-03-21 10:33:26.523150', 'put_channel : channel tb0, group 1, time 2015-03-21 10:33:26.523061')
('2015-03-21 10:33:27.026320', 'put_channel : channel tb0, group 1, time 2015-03-21 10:33:27.026241')
('2015-03-21 10:33:28.525918', 'put_channel : channel tb0, group 0, time 2015-03-21 10:33:28.525847')
('2015-03-21 10:33:28.526456', 'put_channel : channel tb0, group 1, time 2015-03-21 10:33:28.526420')
('2015-03-21 10:33:28.646534', 'put_channel : channel tb0, group 0, time 2015-03-21 10:33:28.646442')
('2015-03-21 10:33:29.537871', 'put_channel : channel tb0, group 0, time 2015-03-21 10:33:29.537784')
('2015-03-21 10:33:30.025748', 'put_channel : channel tb0, group 0, time 2015-03-21 10:33:30.025672')
('2015-03-21 10:33:30.026374', 'put_channel : channel tb0, group 0, time 2015-03-21 10:33:30.026337')
('2015-03-21 10:33:30.026714', 'put_channel : channel tb0, group 1, time 2015-03-21 10:33:30.026654')
('2015-03-21 10:33:31.036296', 'put_channel : channel tb0, group 0, time 2015-03-21 10:33:31.036191')
('2015-03-21 10:33:31.523046', 'put_channel : channel tb0, group 0, time 2015-03-21 10:33:31.522939')
('2015-03-21 10:33:31.526316', 'put_channel : channel tb0, group 1, time 2015-03-21 10:33:31.526281')
('2015-03-21 10:33:31.545528', 'put_channel : channel tb0, group 1, time 2015-03-21 10:33:31.545488')
('2015-03-21 10:33:33.025418', 'put_channel : channel tb0, group 1, time 2015-03-21 10:33:33.025347')
('2015-03-21 10:33:34.525197', 'put_channel : channel tb0, group 1, time 2015-03-21 10:33:34.525120')
('2015-03-21 10:33:34.525474', 'put_channel : channel tb0, group 0, time 2015-03-21 10:33:34.525427')
('2015-03-21 10:33:34.554284', 'put_channel : channel tb0, group 0, time 2015-03-21 10:33:34.554244')
('2015-03-21 10:33:36.024674', 'put_channel : channel tb0, group 1, time 2015-03-21 10:33:36.024596')
('2015-03-21 10:33:37.525423', 'put_channel : channel tb0, group 1, time 2015-03-21 10:33:37.525343')
('2015-03-21 10:33:39.023773', 'put_channel : channel tb0, group 0, time 2015-03-21 10:33:39.023695')
('2015-03-21 10:33:39.026128', 'put_channel : channel tb0, group 1, time 2015-03-21 10:33:39.026091')
('2015-03-21 10:33:39.146284', 'put_channel : channel tb0, group 0, time 2015-03-21 10:33:39.146187')
('2015-03-21 10:33:40.035757', 'put_channel : channel tb0, group 0, time 2015-03-21 10:33:40.035667')
('2015-03-21 10:33:40.527435', 'put_channel : channel tb0, group 1, time 2015-03-21 10:33:40.527349')
('2015-03-21 10:33:42.026705', 'put_channel : channel tb0, group 1, time 2015-03-21 10:33:42.026608')
('2015-03-21 10:33:43.525587', 'put_channel : channel tb0, group 0, time 2015-03-21 10:33:43.525509')
('2015-03-21 10:33:43.527341', 'put_channel : channel tb0, group 1, time 2015-03-21 10:33:43.527288')
('2015-03-21 10:33:43.646492', 'put_channel : channel tb0, group 0, time 2015-03-21 10:33:43.646397')
('2015-03-21 10:33:44.537065', 'put_channel : channel tb0, group 0, time 2015-03-21 10:33:44.536982')
('2015-03-21 10:33:45.025852', 'put_channel : channel tb0, group 1, time 2015-03-21 10:33:45.025781')
('2015-03-21 10:33:46.526246', 'put_channel : channel tb0, group 1, time 2015-03-21 10:33:46.526168')
('2015-03-21 10:33:48.025460', 'put_channel : channel tb0, group 1, time 2015-03-21 10:33:48.025374')
('2015-03-21 10:33:49.023157', 'put_channel : channel tb0, group 0, time 2015-03-21 10:33:49.023076')
('2015-03-21 10:33:49.033441', 'put_channel : channel tb0, group 0, time 2015-03-21 10:33:49.033400')
('2015-03-21 10:33:49.066941', 'put_channel : channel tb0, group 0, time 2015-03-21 10:33:49.066898')
('2015-03-21 10:33:49.526660', 'put_channel : channel tb0, group 1, time 2015-03-21 10:33:49.526581')
('2015-03-21 10:33:51.026062', 'put_channel : channel tb0, group 1, time 2015-03-21 10:33:51.025984')
('2015-03-21 10:33:52.526108', 'put_channel : channel tb0, group 1, time 2015-03-21 10:33:52.526030')
('2015-03-21 10:33:53.521867', 'put_channel : channel tb0, group 0, time 2015-03-21 10:33:53.521783')
('2015-03-21 10:33:53.528198', 'put_channel : channel tb0, group 0, time 2015-03-21 10:33:53.528161')
('2015-03-21 10:33:54.025126', 'put_channel : channel tb0, group 1, time 2015-03-21 10:33:54.025056')
('2015-03-21 10:33:55.527980', 'put_channel : channel tb0, group 1, time 2015-03-21 10:33:55.527885')
('2015-03-21 10:33:57.025464', 'put_channel : channel tb0, group 1, time 2015-03-21 10:33:57.025390')
('2015-03-21 10:33:58.525548', 'put_channel : channel tb0, group 1, time 2015-03-21 10:33:58.525461')
('2015-03-21 10:34:00.026196', 'put_channel : channel tb0, group 1, time 2015-03-21 10:34:00.026120')
('2015-03-21 10:34:01.525539', 'put_channel : channel tb0, group 0, time 2015-03-21 10:34:01.525471')
('2015-03-21 10:34:01.525852', 'put_channel : channel tb0, group 0, time 2015-03-21 10:34:01.525808')
('2015-03-21 10:34:01.526271', 'put_channel : channel tb0, group 1, time 2015-03-21 10:34:01.526211')
('2015-03-21 10:34:01.815418', 'fd_channel : login[0] 0 login[1] 0 , tb0[0] 52 tb0[1] 55 , tb1[0] 0 tb1[1] 0')
('2015-03-21 10:34:01.816360', 'fd_channel : login[0] 0 login[1] 0 , tb0[0] 52 tb0[1] 54 , tb1[0] 0 tb1[1] 0')
('2015-03-21 10:34:01.817142', 'fd_channel : login[0] 0 login[1] 0 , tb0[0] 52 tb0[1] 53 , tb1[0] 0 tb1[1] 0')
('2015-03-21 10:34:01.817792', 'fd_channel : login[0] 0 login[1] 0 , tb0[0] 52 tb0[1] 52 , tb1[0] 0 tb1[1] 0')
('2015-03-21 10:34:01.818539', 'fd_channel : login[0] 0 login[1] 0 , tb0[0] 52 tb0[1] 51 , tb1[0] 0 tb1[1] 0')
('2015-03-21 10:34:01.819186', 'fd_channel : login[0] 0 login[1] 0 , tb0[0] 52 tb0[1] 50 , tb1[0] 0 tb1[1] 0')
('2015-03-21 10:34:01.819980', 'fd_channel : login[0] 0 login[1] 0 , tb0[0] 52 tb0[1] 49 , tb1[0] 0 tb1[1] 0')
('2015-03-21 10:34:01.820795', 'fd_channel : login[0] 0 login[1] 0 , tb0[0] 52 tb0[1] 48 , tb1[0] 0 tb1[1] 0')
('2015-03-21 10:34:02.536837', 'put_channel : channel tb0, group 0, time 2015-03-21 10:34:02.536758')
('2015-03-21 10:34:03.024906', 'put_channel : channel tb0, group 0, time 2015-03-21 10:34:03.024843')
('2015-03-21 10:34:03.025629', 'put_channel : channel tb0, group 0, time 2015-03-21 10:34:03.025589')
('2015-03-21 10:34:03.026422', 'put_channel : channel tb0, group 1, time 2015-03-21 10:34:03.026386')
('2015-03-21 10:34:04.034770', 'put_channel : channel tb0, group 0, time 2015-03-21 10:34:04.034689')
('2015-03-21 10:34:04.525114', 'put_channel : channel tb0, group 1, time 2015-03-21 10:34:04.525029')
('2015-03-21 10:34:06.024671', 'put_channel : channel tb0, group 1, time 2015-03-21 10:34:06.024594')
('2015-03-21 10:34:07.525251', 'put_channel : channel tb0, group 1, time 2015-03-21 10:34:07.525173')
('2015-03-21 10:34:10.525512', 'put_channel : channel tb0, group 0, time 2015-03-21 10:34:10.525435')
('2015-03-21 10:34:10.527733', 'put_channel : channel tb0, group 0, time 2015-03-21 10:34:10.527697')
('2015-03-21 10:34:11.490842', 'put_channel : channel tb0, group 0, time 2015-03-21 10:34:11.490756')
('2015-03-21 10:34:11.495880', 'fd_channel : login[0] 0 login[1] 0 , tb0[0] 58 tb0[1] 52 , tb1[0] 0 tb1[1] 0')
('2015-03-21 10:34:11.496827', 'fd_channel : login[0] 0 login[1] 0 , tb0[0] 58 tb0[1] 51 , tb1[0] 0 tb1[1] 0')
('2015-03-21 10:34:13.498405', 'fd_channel : login[0] 0 login[1] 0 , tb0[0] 57 tb0[1] 51 , tb1[0] 0 tb1[1] 0')
('2015-03-21 10:34:13.499685', 'fd_channel : login[0] 0 login[1] 0 , tb0[0] 57 tb0[1] 50 , tb1[0] 0 tb1[1] 0')
('2015-03-21 10:34:14.218123', 'fd_channel : login[0] 0 login[1] 0 , tb0[0] 56 tb0[1] 50 , tb1[0] 0 tb1[1] 0')
('2015-03-21 10:34:14.219060', 'fd_channel : login[0] 0 login[1] 0 , tb0[0] 56 tb0[1] 49 , tb1[0] 0 tb1[1] 0')
('2015-03-21 10:34:16.220263', 'fd_channel : login[0] 0 login[1] 0 , tb0[0] 55 tb0[1] 49 , tb1[0] 0 tb1[1] 0')
('2015-03-21 10:34:16.221103', 'fd_channel : login[0] 0 login[1] 0 , tb0[0] 55 tb0[1] 48 , tb1[0] 0 tb1[1] 0')
('2015-03-21 10:34:26.525836', 'put_channel : channel tb0, group 0, time 2015-03-21 10:34:26.525754')
('2015-03-21 10:34:26.538262', 'put_channel : channel tb0, group 0, time 2015-03-21 10:34:26.538222')
('2015-03-21 10:34:27.027955', 'put_channel : channel tb0, group 0, time 2015-03-21 10:34:27.027848')
('2015-03-21 10:34:27.030492', 'put_channel : channel tb0, group 0, time 2015-03-21 10:34:27.030456')
('2015-03-21 10:34:27.051458', 'put_channel : channel tb0, group 0, time 2015-03-21 10:34:27.051362')
('2015-03-21 10:34:28.041008', 'put_channel : channel tb0, group 0, time 2015-03-21 10:34:28.040915')
('2015-03-21 10:34:28.525122', 'put_channel : channel tb0, group 0, time 2015-03-21 10:34:28.525040')
('2015-03-21 10:34:28.554728', 'put_channel : channel tb0, group 0, time 2015-03-21 10:34:28.554656')
('2015-03-21 10:34:29.536320', 'put_channel : channel tb0, group 0, time 2015-03-21 10:34:29.536232')
('2015-03-21 10:34:30.027444', 'put_channel : channel tb0, group 0, time 2015-03-21 10:34:30.027355')
('2015-03-21 10:34:30.058167', 'put_channel : channel tb0, group 0, time 2015-03-21 10:34:30.058126')
('2015-03-21 10:34:31.077625', 'fd_channel : login[0] 0 login[1] 0 , tb0[0] 65 tb0[1] 48 , tb1[0] 0 tb1[1] 0')
('2015-03-21 10:34:31.078455', 'fd_channel : login[0] 0 login[1] 0 , tb0[0] 65 tb0[1] 47 , tb1[0] 0 tb1[1] 0')
('2015-03-21 10:34:31.153795', 'put_channel : channel tb0, group 0, time 2015-03-21 10:34:31.153741')
('2015-03-21 10:34:31.525884', 'put_channel : channel tb0, group 0, time 2015-03-21 10:34:31.525807')
('2015-03-21 10:34:31.820507', 'fd_channel : login[0] 0 login[1] 0 , tb0[0] 67 tb0[1] 46 , tb1[0] 0 tb1[1] 0')
('2015-03-21 10:34:31.821852', 'fd_channel : login[0] 0 login[1] 0 , tb0[0] 67 tb0[1] 45 , tb1[0] 0 tb1[1] 0')
('2015-03-21 10:34:31.822873', 'fd_channel : login[0] 0 login[1] 0 , tb0[0] 67 tb0[1] 44 , tb1[0] 0 tb1[1] 0')
('2015-03-21 10:34:31.823441', 'fd_channel : login[0] 0 login[1] 0 , tb0[0] 67 tb0[1] 43 , tb1[0] 0 tb1[1] 0')
('2015-03-21 10:34:31.824307', 'fd_channel : login[0] 0 login[1] 0 , tb0[0] 67 tb0[1] 42 , tb1[0] 0 tb1[1] 0')
('2015-03-21 10:34:40.022758', 'put_channel : channel tb0, group 1, time 2015-03-21 10:34:40.022671')
('2015-03-21 10:34:40.034359', 'put_channel : channel tb0, group 1, time 2015-03-21 10:34:40.034318')
('2015-03-21 10:34:40.525303', 'put_channel : channel tb0, group 1, time 2015-03-21 10:34:40.525231')
('2015-03-21 10:34:40.530478', 'put_channel : channel tb0, group 1, time 2015-03-21 10:34:40.530407')
('2015-03-21 10:34:41.530783', 'put_channel : channel tb0, group 1, time 2015-03-21 10:34:41.530685')
('2015-03-21 10:34:42.025368', 'put_channel : channel tb0, group 1, time 2015-03-21 10:34:42.025283')
('2015-03-21 10:34:43.034068', 'put_channel : channel tb0, group 1, time 2015-03-21 10:34:43.033981')
('2015-03-21 10:34:43.525319', 'put_channel : channel tb0, group 1, time 2015-03-21 10:34:43.525250')
('2015-03-21 10:34:45.026759', 'put_channel : channel tb0, group 1, time 2015-03-21 10:34:45.026711')
('2015-03-21 10:34:45.501467', 'fd_channel : login[0] 0 login[1] 0 , tb0[0] 67 tb0[1] 50 , tb1[0] 0 tb1[1] 0')
('2015-03-21 10:34:46.525936', 'put_channel : channel tb0, group 1, time 2015-03-21 10:34:46.525858')
('2015-03-21 10:34:46.553159', 'put_channel : channel tb0, group 1, time 2015-03-21 10:34:46.553080')
('2015-03-21 10:34:48.025652', 'put_channel : channel tb0, group 1, time 2015-03-21 10:34:48.025576')
('2015-03-21 10:34:48.222934', 'fd_channel : login[0] 0 login[1] 0 , tb0[0] 67 tb0[1] 52 , tb1[0] 0 tb1[1] 0')
('2015-03-21 10:34:49.021830', 'put_channel : channel tb0, group 0, time 2015-03-21 10:34:49.021751')
('2015-03-21 10:34:49.032852', 'put_channel : channel tb0, group 0, time 2015-03-21 10:34:49.032815')
('2015-03-21 10:34:49.097579', 'put_channel : channel tb0, group 1, time 2015-03-21 10:34:49.097535')
('2015-03-21 10:34:49.525084', 'put_channel : channel tb0, group 1, time 2015-03-21 10:34:49.525005')
('2015-03-21 10:34:49.525375', 'put_channel : channel tb0, group 0, time 2015-03-21 10:34:49.525338')
('2015-03-21 10:34:49.526490', 'put_channel : channel tb0, group 0, time 2015-03-21 10:34:49.526456')
('2015-03-21 10:34:49.545683', 'put_channel : channel tb0, group 0, time 2015-03-21 10:34:49.545643')
('2015-03-21 10:34:50.537046', 'put_channel : channel tb0, group 0, time 2015-03-21 10:34:50.536962')
('2015-03-21 10:34:50.743562', 'fd_channel : login[0] 0 login[1] 0 , tb0[0] 64 tb0[1] 53 , tb1[0] 0 tb1[1] 0')
('2015-03-21 10:34:50.745058', 'fd_channel : login[0] 0 login[1] 0 , tb0[0] 61 tb0[1] 53 , tb1[0] 0 tb1[1] 0')
('2015-03-21 10:34:51.025444', 'put_channel : channel tb0, group 0, time 2015-03-21 10:34:51.025368')
('2015-03-21 10:34:51.027039', 'put_channel : channel tb0, group 1, time 2015-03-21 10:34:51.026941')
('2015-03-21 10:34:51.051322', 'put_channel : channel tb0, group 0, time 2015-03-21 10:34:51.051283')
('2015-03-21 10:34:52.033609', 'put_channel : channel tb0, group 0, time 2015-03-21 10:34:52.033522')
('2015-03-21 10:34:52.525085', 'put_channel : channel tb0, group 0, time 2015-03-21 10:34:52.525012')
('2015-03-21 10:34:52.526311', 'put_channel : channel tb0, group 1, time 2015-03-21 10:34:52.526270')
('2015-03-21 10:34:52.553479', 'put_channel : channel tb0, group 0, time 2015-03-21 10:34:52.553439')
('2015-03-21 10:34:52.618987', 'put_channel : channel tb0, group 0, time 2015-03-21 10:34:52.618930')
('2015-03-21 10:34:53.935793', 'fd_channel : login[0] 0 login[1] 0 , tb0[0] 66 tb0[1] 54 , tb1[0] 0 tb1[1] 0')
('2015-03-21 10:34:53.936638', 'fd_channel : login[0] 0 login[1] 0 , tb0[0] 65 tb0[1] 54 , tb1[0] 0 tb1[1] 0')
('2015-03-21 10:34:54.025023', 'put_channel : channel tb0, group 1, time 2015-03-21 10:34:54.024947')
('2015-03-21 10:34:54.025358', 'put_channel : channel tb0, group 0, time 2015-03-21 10:34:54.025322')
('2015-03-21 10:34:54.056851', 'put_channel : channel tb0, group 0, time 2015-03-21 10:34:54.056784')
('2015-03-21 10:34:54.154819', 'put_channel : channel tb0, group 0, time 2015-03-21 10:34:54.154736')
('2015-03-21 10:34:55.525091', 'put_channel : channel tb0, group 1, time 2015-03-21 10:34:55.525000')
('2015-03-21 10:34:57.025710', 'put_channel : channel tb0, group 1, time 2015-03-21 10:34:57.025633')
('2015-03-21 10:34:58.526454', 'put_channel : channel tb0, group 1, time 2015-03-21 10:34:58.526382')
('2015-03-21 10:34:59.492064', 'fd_channel : login[0] 0 login[1] 0 , tb0[0] 67 tb0[1] 57 , tb1[0] 0 tb1[1] 0')
('2015-03-21 10:34:59.493609', 'fd_channel : login[0] 0 login[1] 0 , tb0[0] 64 tb0[1] 57 , tb1[0] 0 tb1[1] 0')
('2015-03-21 10:35:00.024727', 'put_channel : channel tb0, group 1, time 2015-03-21 10:35:00.024633')
('2015-03-21 10:35:01.525372', 'put_channel : channel tb0, group 1, time 2015-03-21 10:35:01.525330')
('2015-03-21 10:35:01.825704', 'fd_channel : login[0] 0 login[1] 0 , tb0[0] 64 tb0[1] 58 , tb1[0] 0 tb1[1] 0')
('2015-03-21 10:35:01.826796', 'fd_channel : login[0] 0 login[1] 0 , tb0[0] 64 tb0[1] 57 , tb1[0] 0 tb1[1] 0')
('2015-03-21 10:35:01.827910', 'fd_channel : login[0] 0 login[1] 0 , tb0[0] 64 tb0[1] 56 , tb1[0] 0 tb1[1] 0')
('2015-03-21 10:35:03.026069', 'put_channel : channel tb0, group 1, time 2015-03-21 10:35:03.025986')
('2015-03-21 10:35:04.526418', 'put_channel : channel tb0, group 1, time 2015-03-21 10:35:04.526335')
('2015-03-21 10:35:06.025708', 'put_channel : channel tb0, group 1, time 2015-03-21 10:35:06.025644')
('2015-03-21 10:35:07.526191', 'put_channel : channel tb0, group 1, time 2015-03-21 10:35:07.526113')
('2015-03-21 10:35:09.026686', 'put_channel : channel tb0, group 1, time 2015-03-21 10:35:09.026610')
('2015-03-21 10:35:10.526689', 'put_channel : channel tb0, group 1, time 2015-03-21 10:35:10.526608')
('2015-03-21 10:35:12.025869', 'put_channel : channel tb0, group 1, time 2015-03-21 10:35:12.025792')
('2015-03-21 10:35:12.349817', 'fd_channel : login[0] 0 login[1] 0 , tb0[0] 56 tb0[1] 62 , tb1[0] 0 tb1[1] 0')
('2015-03-21 10:35:12.351625', 'fd_channel : login[0] 0 login[1] 0 , tb0[0] 56 tb0[1] 58 , tb1[0] 0 tb1[1] 0')
('2015-03-21 10:35:13.526632', 'put_channel : channel tb0, group 1, time 2015-03-21 10:35:13.526556')
('2015-03-21 10:35:16.022145', 'put_channel : channel tb0, group 0, time 2015-03-21 10:35:16.022053')
('2015-03-21 10:35:16.033462', 'put_channel : channel tb0, group 0, time 2015-03-21 10:35:16.033407')
('2015-03-21 10:35:18.060838', 'fd_channel : login[0] 0 login[1] 0 , tb0[0] 57 tb0[1] 59 , tb1[0] 0 tb1[1] 0')
('2015-03-21 10:35:18.061978', 'fd_channel : login[0] 0 login[1] 0 , tb0[0] 57 tb0[1] 58 , tb1[0] 0 tb1[1] 0')
('2015-03-21 10:35:19.709622', 'fd_channel : login[0] 0 login[1] 0 , tb0[0] 56 tb0[1] 58 , tb1[0] 0 tb1[1] 0')
('2015-03-21 10:35:19.710589', 'fd_channel : login[0] 0 login[1] 0 , tb0[0] 56 tb0[1] 57 , tb1[0] 0 tb1[1] 0')
('2015-03-21 10:35:20.064492', 'fd_channel : login[0] 0 login[1] 0 , tb0[0] 55 tb0[1] 57 , tb1[0] 0 tb1[1] 0')
('2015-03-21 10:35:20.065507', 'fd_channel : login[0] 0 login[1] 0 , tb0[0] 55 tb0[1] 56 , tb1[0] 0 tb1[1] 0')
('2015-03-21 10:35:21.712263', 'fd_channel : login[0] 0 login[1] 0 , tb0[0] 54 tb0[1] 56 , tb1[0] 0 tb1[1] 0')
('2015-03-21 10:35:21.713201', 'fd_channel : login[0] 0 login[1] 0 , tb0[0] 54 tb0[1] 55 , tb1[0] 0 tb1[1] 0')
('2015-03-21 10:35:31.041503', 'fd_channel : login[0] 0 login[1] 0 , tb0[0] 50 tb0[1] 51 , tb1[0] 0 tb1[1] 0')
('2015-03-21 10:35:31.042271', 'fd_channel : login[0] 0 login[1] 0 , tb0[0] 49 tb0[1] 51 , tb1[0] 0 tb1[1] 0')
('2015-03-21 10:35:33.025258', 'put_channel : channel tb0, group 1, time 2015-03-21 10:35:33.025180')
('2015-03-21 10:35:33.026017', 'put_channel : channel tb0, group 1, time 2015-03-21 10:35:33.025974')
('2015-03-21 10:35:33.040385', 'fd_channel : login[0] 0 login[1] 0 , tb0[0] 48 tb0[1] 53 , tb1[0] 0 tb1[1] 0')
('2015-03-21 10:35:33.041265', 'fd_channel : login[0] 0 login[1] 0 , tb0[0] 48 tb0[1] 52 , tb1[0] 0 tb1[1] 0')
('2015-03-21 10:35:33.050508', 'put_channel : channel tb0, group 1, time 2015-03-21 10:35:33.050471')
('2015-03-21 10:35:34.034116', 'put_channel : channel tb0, group 1, time 2015-03-21 10:35:34.034029')
('2015-03-21 10:35:34.525288', 'put_channel : channel tb0, group 1, time 2015-03-21 10:35:34.525209')
('2015-03-21 10:35:34.528293', 'put_channel : channel tb0, group 1, time 2015-03-21 10:35:34.528220')
('2015-03-21 10:35:34.553733', 'put_channel : channel tb0, group 1, time 2015-03-21 10:35:34.553686')
('2015-03-21 10:35:35.529464', 'put_channel : channel tb0, group 1, time 2015-03-21 10:35:35.529375')
('2015-03-21 10:35:36.025623', 'put_channel : channel tb0, group 1, time 2015-03-21 10:35:36.025554')
('2015-03-21 10:35:46.554484', 'put_channel : channel tb0, group 0, time 2015-03-21 10:35:46.554406')
('2015-03-21 10:35:47.521409', 'put_channel : channel tb0, group 0, time 2015-03-21 10:35:47.521323')
('2015-03-21 10:35:47.530327', 'put_channel : channel tb0, group 0, time 2015-03-21 10:35:47.530289')
('2015-03-21 10:35:47.594991', 'put_channel : channel tb0, group 0, time 2015-03-21 10:35:47.594919')
('2015-03-21 10:35:48.025585', 'put_channel : channel tb0, group 0, time 2015-03-21 10:35:48.025506')
('2015-03-21 10:35:48.029451', 'put_channel : channel tb0, group 0, time 2015-03-21 10:35:48.029409')
('2015-03-21 10:35:48.041736', 'put_channel : channel tb0, group 0, time 2015-03-21 10:35:48.041689')
('2015-03-21 10:35:49.034836', 'put_channel : channel tb0, group 0, time 2015-03-21 10:35:49.034746')
('2015-03-21 10:35:49.066656', 'put_channel : channel tb0, group 0, time 2015-03-21 10:35:49.066616')
('2015-03-21 10:35:49.524779', 'put_channel : channel tb0, group 0, time 2015-03-21 10:35:49.524700')
('2015-03-21 10:35:49.545696', 'put_channel : channel tb0, group 0, time 2015-03-21 10:35:49.545615')
('2015-03-21 10:35:50.537651', 'put_channel : channel tb0, group 0, time 2015-03-21 10:35:50.537579')
('2015-03-21 10:35:50.610220', 'put_channel : channel tb0, group 0, time 2015-03-21 10:35:50.610169')
('2015-03-21 10:35:51.026288', 'put_channel : channel tb0, group 0, time 2015-03-21 10:35:51.026212')
('2015-03-21 10:35:51.049144', 'put_channel : channel tb0, group 0, time 2015-03-21 10:35:51.049103')
('2015-03-21 10:35:52.073647', 'put_channel : channel tb0, group 0, time 2015-03-21 10:35:52.073609')
('2015-03-21 10:35:52.526203', 'put_channel : channel tb0, group 0, time 2015-03-21 10:35:52.526125')
('2015-03-21 10:35:52.552324', 'put_channel : channel tb0, group 0, time 2015-03-21 10:35:52.552241')
('2015-03-21 10:36:03.027082', 'put_channel : channel tb0, group 1, time 2015-03-21 10:36:03.026957')
('2015-03-21 10:36:03.027420', 'put_channel : channel tb0, group 1, time 2015-03-21 10:36:03.027376')
('2015-03-21 10:36:03.050425', 'put_channel : channel tb0, group 1, time 2015-03-21 10:36:03.050376')
('2015-03-21 10:36:04.034237', 'put_channel : channel tb0, group 1, time 2015-03-21 10:36:04.034151')
('2015-03-21 10:36:04.525892', 'put_channel : channel tb0, group 1, time 2015-03-21 10:36:04.525815')
('2015-03-21 10:36:04.527271', 'put_channel : channel tb0, group 1, time 2015-03-21 10:36:04.527231')
('2015-03-21 10:36:04.553634', 'put_channel : channel tb0, group 1, time 2015-03-21 10:36:04.553596')
('2015-03-21 10:36:05.048163', 'fd_channel : login[0] 0 login[1] 0 , tb0[0] 66 tb0[1] 45 , tb1[0] 0 tb1[1] 0')
('2015-03-21 10:36:05.538627', 'put_channel : channel tb0, group 1, time 2015-03-21 10:36:05.538545')
('2015-03-21 10:36:06.025910', 'put_channel : channel tb0, group 1, time 2015-03-21 10:36:06.025841')
('2015-03-21 10:36:06.059131', 'put_channel : channel tb0, group 1, time 2015-03-21 10:36:06.059087')
('2015-03-21 10:36:07.526231', 'put_channel : channel tb0, group 1, time 2015-03-21 10:36:07.526157')
('2015-03-21 10:36:07.546431', 'put_channel : channel tb0, group 1, time 2015-03-21 10:36:07.546393')
('2015-03-21 10:36:08.586733', 'put_channel : channel tb0, group 1, time 2015-03-21 10:36:08.586621')
('2015-03-21 10:36:09.025750', 'put_channel : channel tb0, group 1, time 2015-03-21 10:36:09.025667')
('2015-03-21 10:36:09.050689', 'put_channel : channel tb0, group 1, time 2015-03-21 10:36:09.050650')
('2015-03-21 10:36:10.089382', 'put_channel : channel tb0, group 1, time 2015-03-21 10:36:10.089298')
('2015-03-21 10:36:10.527086', 'put_channel : channel tb0, group 1, time 2015-03-21 10:36:10.526969')
('2015-03-21 10:36:11.429788', 'fd_channel : login[0] 0 login[1] 0 , tb0[0] 47 tb0[1] 55 , tb1[0] 0 tb1[1] 0')
('2015-03-21 10:36:11.430833', 'fd_channel : login[0] 0 login[1] 0 , tb0[0] 47 tb0[1] 54 , tb1[0] 0 tb1[1] 0')
('2015-03-21 10:36:13.432186', 'fd_channel : login[0] 0 login[1] 0 , tb0[0] 46 tb0[1] 54 , tb1[0] 0 tb1[1] 0')
('2015-03-21 10:36:13.433035', 'fd_channel : login[0] 0 login[1] 0 , tb0[0] 46 tb0[1] 53 , tb1[0] 0 tb1[1] 0')
('2015-03-21 10:36:24.026313', 'put_channel : channel tb0, group 0, time 2015-03-21 10:36:24.026229')
('2015-03-21 10:36:24.027174', 'put_channel : channel tb0, group 0, time 2015-03-21 10:36:24.027137')
('2015-03-21 10:36:24.059045', 'put_channel : channel tb0, group 0, time 2015-03-21 10:36:24.058986')
('2015-03-21 10:36:25.035179', 'put_channel : channel tb0, group 0, time 2015-03-21 10:36:25.035073')
('2015-03-21 10:36:25.098227', 'put_channel : channel tb0, group 0, time 2015-03-21 10:36:25.098140')
('2015-03-21 10:36:25.525536', 'put_channel : channel tb0, group 0, time 2015-03-21 10:36:25.525452')
('2015-03-21 10:36:25.526028', 'put_channel : channel tb0, group 0, time 2015-03-21 10:36:25.525952')
('2015-03-21 10:36:25.546492', 'put_channel : channel tb0, group 0, time 2015-03-21 10:36:25.546448')
('2015-03-21 10:36:25.674756', 'put_channel : channel tb0, group 0, time 2015-03-21 10:36:25.674664')
('2015-03-21 10:36:26.539227', 'put_channel : channel tb0, group 0, time 2015-03-21 10:36:26.539147')
('2015-03-21 10:36:26.568379', 'put_channel : channel tb0, group 0, time 2015-03-21 10:36:26.568312')
('2015-03-21 10:36:27.026028', 'put_channel : channel tb0, group 0, time 2015-03-21 10:36:27.025962')
('2015-03-21 10:36:35.522003', 'put_channel : channel tb0, group 1, time 2015-03-21 10:36:35.521928')
('2015-03-21 10:36:35.529616', 'put_channel : channel tb0, group 1, time 2015-03-21 10:36:35.529579')
('2015-03-21 10:36:36.025009', 'put_channel : channel tb0, group 1, time 2015-03-21 10:36:36.024939')
('2015-03-21 10:36:36.028757', 'put_channel : channel tb0, group 1, time 2015-03-21 10:36:36.028716')
('2015-03-21 10:36:36.043564', 'put_channel : channel tb0, group 1, time 2015-03-21 10:36:36.043521')
('2015-03-21 10:36:37.034590', 'put_channel : channel tb0, group 1, time 2015-03-21 10:36:37.034502')
('2015-03-21 10:36:37.525353', 'put_channel : channel tb0, group 1, time 2015-03-21 10:36:37.525266')
('2015-03-21 10:36:37.546169', 'put_channel : channel tb0, group 1, time 2015-03-21 10:36:37.546128')
('2015-03-21 10:36:38.538111', 'put_channel : channel tb0, group 1, time 2015-03-21 10:36:38.538035')
('2015-03-21 10:36:39.026308', 'put_channel : channel tb0, group 1, time 2015-03-21 10:36:39.026228')
('2015-03-21 10:36:39.050364', 'put_channel : channel tb0, group 1, time 2015-03-21 10:36:39.050322')
('2015-03-21 10:36:40.525865', 'put_channel : channel tb0, group 1, time 2015-03-21 10:36:40.525760')
('2015-03-21 10:36:40.553790', 'put_channel : channel tb0, group 1, time 2015-03-21 10:36:40.553745')
('2015-03-21 10:36:45.438373', 'fd_channel : login[0] 0 login[1] 0 , tb0[0] 58 tb0[1] 55 , tb1[0] 0 tb1[1] 0')
('2015-03-21 10:36:58.027276', 'put_channel : channel tb0, group 0, time 2015-03-21 10:36:58.027185')
('2015-03-21 10:36:58.034223', 'put_channel : channel tb0, group 0, time 2015-03-21 10:36:58.034186')
('2015-03-21 10:36:58.525522', 'put_channel : channel tb0, group 0, time 2015-03-21 10:36:58.525436')
('2015-03-21 10:36:58.525962', 'put_channel : channel tb0, group 0, time 2015-03-21 10:36:58.525921')
('2015-03-21 10:36:58.553700', 'put_channel : channel tb0, group 0, time 2015-03-21 10:36:58.553629')
('2015-03-21 10:36:59.522908', 'put_channel : channel tb0, group 1, time 2015-03-21 10:36:59.522825')
('2015-03-21 10:36:59.529403', 'put_channel : channel tb0, group 0, time 2015-03-21 10:36:59.529366')
('2015-03-21 10:36:59.530150', 'put_channel : channel tb0, group 1, time 2015-03-21 10:36:59.530114')
('2015-03-21 10:36:59.594888', 'put_channel : channel tb0, group 0, time 2015-03-21 10:36:59.594812')
('2015-03-21 10:37:00.023904', 'put_channel : channel tb0, group 0, time 2015-03-21 10:37:00.023824')
('2015-03-21 10:37:00.026541', 'put_channel : channel tb0, group 1, time 2015-03-21 10:37:00.026489')
('2015-03-21 10:37:00.032064', 'put_channel : channel tb0, group 1, time 2015-03-21 10:37:00.032027')
('2015-03-21 10:37:00.042515', 'put_channel : channel tb0, group 1, time 2015-03-21 10:37:00.042467')
('2015-03-21 10:37:00.056910', 'put_channel : channel tb0, group 0, time 2015-03-21 10:37:00.056868')
('2015-03-21 10:37:00.106181', 'put_channel : channel tb0, group 0, time 2015-03-21 10:37:00.106109')
('2015-03-21 10:37:01.033994', 'put_channel : channel tb0, group 0, time 2015-03-21 10:37:01.033907')
('2015-03-21 10:37:01.034352', 'put_channel : channel tb0, group 1, time 2015-03-21 10:37:01.034314')
('2015-03-21 10:37:01.066135', 'put_channel : channel tb0, group 0, time 2015-03-21 10:37:01.066056')
('2015-03-21 10:37:01.526288', 'put_channel : channel tb0, group 1, time 2015-03-21 10:37:01.526207')
('2015-03-21 10:37:01.526981', 'put_channel : channel tb0, group 0, time 2015-03-21 10:37:01.526890')
('2015-03-21 10:37:01.545510', 'put_channel : channel tb0, group 0, time 2015-03-21 10:37:01.545466')
('2015-03-21 10:37:01.547119', 'put_channel : channel tb0, group 1, time 2015-03-21 10:37:01.547078')
('2015-03-21 10:37:01.642327', 'put_channel : channel tb0, group 0, time 2015-03-21 10:37:01.642256')
('2015-03-21 10:37:02.537903', 'put_channel : channel tb0, group 1, time 2015-03-21 10:37:02.537818')
('2015-03-21 10:37:02.602789', 'put_channel : channel tb0, group 0, time 2015-03-21 10:37:02.602724')
('2015-03-21 10:37:03.025922', 'put_channel : channel tb0, group 1, time 2015-03-21 10:37:03.025825')
('2015-03-21 10:37:03.026574', 'put_channel : channel tb0, group 0, time 2015-03-21 10:37:03.026537')
('2015-03-21 10:37:03.042208', 'put_channel : channel tb0, group 0, time 2015-03-21 10:37:03.042160')
('2015-03-21 10:37:03.049026', 'put_channel : channel tb0, group 0, time 2015-03-21 10:37:03.048989')
('2015-03-21 10:37:03.049654', 'put_channel : channel tb0, group 1, time 2015-03-21 10:37:03.049617')
('2015-03-21 10:37:04.525991', 'put_channel : channel tb0, group 1, time 2015-03-21 10:37:04.525911')
('2015-03-21 10:37:04.555213', 'put_channel : channel tb0, group 1, time 2015-03-21 10:37:04.555114')
('2015-03-21 10:37:06.026105', 'put_channel : channel tb0, group 1, time 2015-03-21 10:37:06.026030')
('2015-03-21 10:37:06.058474', 'put_channel : channel tb0, group 1, time 2015-03-21 10:37:06.058404')
('2015-03-21 10:37:07.526002', 'put_channel : channel tb0, group 1, time 2015-03-21 10:37:07.525921')
('2015-03-21 10:37:09.026039', 'put_channel : channel tb0, group 1, time 2015-03-21 10:37:09.025957')
('2015-03-21 10:37:15.441379', 'fd_channel : login[0] 0 login[1] 0 , tb0[0] 77 tb0[1] 55 , tb1[0] 0 tb1[1] 0')
('2015-03-21 10:37:33.026479', 'put_channel : channel tb0, group 1, time 2015-03-21 10:37:33.026390')
('2015-03-21 10:37:33.030634', 'put_channel : channel tb0, group 1, time 2015-03-21 10:37:33.030558')
('2015-03-21 10:37:33.050859', 'put_channel : channel tb0, group 1, time 2015-03-21 10:37:33.050793')
('2015-03-21 10:37:34.021891', 'put_channel : channel tb0, group 0, time 2015-03-21 10:37:34.021805')
('2015-03-21 10:37:34.032633', 'put_channel : channel tb0, group 0, time 2015-03-21 10:37:34.032593')
('2015-03-21 10:37:34.035500', 'put_channel : channel tb0, group 1, time 2015-03-21 10:37:34.035462')
('2015-03-21 10:37:34.524667', 'put_channel : channel tb0, group 0, time 2015-03-21 10:37:34.524588')
('2015-03-21 10:37:34.524825', 'put_channel : channel tb0, group 1, time 2015-03-21 10:37:34.524784')
('2015-03-21 10:37:34.526754', 'put_channel : channel tb0, group 1, time 2015-03-21 10:37:34.526717')
('2015-03-21 10:37:34.527372', 'put_channel : channel tb0, group 0, time 2015-03-21 10:37:34.527336')
('2015-03-21 10:37:34.553675', 'put_channel : channel tb0, group 0, time 2015-03-21 10:37:34.553635')
('2015-03-21 10:37:34.554674', 'put_channel : channel tb0, group 1, time 2015-03-21 10:37:34.554634')
('2015-03-21 10:37:35.537907', 'put_channel : channel tb0, group 1, time 2015-03-21 10:37:35.537817')
('2015-03-21 10:37:35.538104', 'put_channel : channel tb0, group 0, time 2015-03-21 10:37:35.538062')
('2015-03-21 10:37:35.560418', 'put_channel : channel tb0, group 0, time 2015-03-21 10:37:35.560380')
('2015-03-21 10:37:36.026833', 'put_channel : channel tb0, group 0, time 2015-03-21 10:37:36.026759')
('2015-03-21 10:37:36.027174', 'put_channel : channel tb0, group 1, time 2015-03-21 10:37:36.027132')
('2015-03-21 10:37:36.040546', 'put_channel : channel tb0, group 0, time 2015-03-21 10:37:36.040505')
('2015-03-21 10:37:36.060323', 'put_channel : channel tb0, group 1, time 2015-03-21 10:37:36.060283')
('2015-03-21 10:37:36.139044', 'put_channel : channel tb0, group 0, time 2015-03-21 10:37:36.138983')
('2015-03-21 10:37:37.041521', 'put_channel : channel tb0, group 0, time 2015-03-21 10:37:37.041430')
('2015-03-21 10:37:37.096735', 'put_channel : channel tb0, group 0, time 2015-03-21 10:37:37.096668')
('2015-03-21 10:37:37.524714', 'put_channel : channel tb0, group 1, time 2015-03-21 10:37:37.524636')
('2015-03-21 10:37:37.546875', 'put_channel : channel tb0, group 1, time 2015-03-21 10:37:37.546803')
('2015-03-21 10:37:39.027795', 'put_channel : channel tb0, group 1, time 2015-03-21 10:37:39.027718')
('2015-03-21 10:37:45.440506', 'fd_channel : login[0] 0 login[1] 0 , tb0[0] 89 tb0[1] 59 , tb1[0] 0 tb1[1] 0')
('2015-03-21 10:38:05.522287', 'put_channel : channel tb0, group 1, time 2015-03-21 10:38:05.522235')
('2015-03-21 10:38:05.530042', 'put_channel : channel tb0, group 1, time 2015-03-21 10:38:05.530000')
('2015-03-21 10:38:06.024994', 'put_channel : channel tb0, group 1, time 2015-03-21 10:38:06.024925')
('2015-03-21 10:38:06.026811', 'put_channel : channel tb0, group 1, time 2015-03-21 10:38:06.026769')
('2015-03-21 10:38:06.058467', 'put_channel : channel tb0, group 1, time 2015-03-21 10:38:06.058426')
('2015-03-21 10:38:07.035828', 'put_channel : channel tb0, group 1, time 2015-03-21 10:38:07.035741')
('2015-03-21 10:38:07.526597', 'put_channel : channel tb0, group 1, time 2015-03-21 10:38:07.526520')
('2015-03-21 10:38:07.546224', 'put_channel : channel tb0, group 1, time 2015-03-21 10:38:07.546178')
('2015-03-21 10:38:07.546680', 'put_channel : channel tb0, group 0, time 2015-03-21 10:38:07.546584')
('2015-03-21 10:38:08.522233', 'put_channel : channel tb0, group 0, time 2015-03-21 10:38:08.522141')
('2015-03-21 10:38:08.536166', 'put_channel : channel tb0, group 0, time 2015-03-21 10:38:08.536096')
('2015-03-21 10:38:08.539640', 'put_channel : channel tb0, group 1, time 2015-03-21 10:38:08.539596')
('2015-03-21 10:38:08.586545', 'put_channel : channel tb0, group 0, time 2015-03-21 10:38:08.586502')
('2015-03-21 10:38:09.024503', 'put_channel : channel tb0, group 0, time 2015-03-21 10:38:09.024430')
('2015-03-21 10:38:09.026302', 'put_channel : channel tb0, group 0, time 2015-03-21 10:38:09.026262')
('2015-03-21 10:38:09.027068', 'put_channel : channel tb0, group 1, time 2015-03-21 10:38:09.027021')
('2015-03-21 10:38:09.049061', 'put_channel : channel tb0, group 0, time 2015-03-21 10:38:09.048989')
('2015-03-21 10:38:09.049454', 'put_channel : channel tb0, group 1, time 2015-03-21 10:38:09.049418')
('2015-03-21 10:38:10.033780', 'put_channel : channel tb0, group 0, time 2015-03-21 10:38:10.033695')
('2015-03-21 10:38:10.089593', 'put_channel : channel tb0, group 0, time 2015-03-21 10:38:10.089552')
('2015-03-21 10:38:10.524475', 'put_channel : channel tb0, group 0, time 2015-03-21 10:38:10.524412')
('2015-03-21 10:38:10.525638', 'put_channel : channel tb0, group 1, time 2015-03-21 10:38:10.525596')
('2015-03-21 10:38:10.554598', 'put_channel : channel tb0, group 0, time 2015-03-21 10:38:10.554555')
('2015-03-21 10:38:10.555359', 'put_channel : channel tb0, group 1, time 2015-03-21 10:38:10.555322')
('2015-03-21 10:38:10.635135', 'put_channel : channel tb0, group 0, time 2015-03-21 10:38:10.635088')
('2015-03-21 10:38:11.529606', 'put_channel : channel tb0, group 0, time 2015-03-21 10:38:11.529490')
('2015-03-21 10:38:11.593846', 'put_channel : channel tb0, group 1, time 2015-03-21 10:38:11.593799')
('2015-03-21 10:38:11.594856', 'put_channel : channel tb0, group 0, time 2015-03-21 10:38:11.594819')
('2015-03-21 10:38:12.025736', 'put_channel : channel tb0, group 0, time 2015-03-21 10:38:12.025691')
('2015-03-21 10:38:12.026093', 'put_channel : channel tb0, group 1, time 2015-03-21 10:38:12.026057')
('2015-03-21 10:38:12.042305', 'put_channel : channel tb0, group 1, time 2015-03-21 10:38:12.042266')
('2015-03-21 10:38:12.042595', 'put_channel : channel tb0, group 0, time 2015-03-21 10:38:12.042560')
('2015-03-21 10:38:13.066104', 'put_channel : channel tb0, group 1, time 2015-03-21 10:38:13.066019')
('2015-03-21 10:38:18.518635', 'fd_channel : login[0] 0 login[1] 0 , tb0[0] 58 tb0[1] 69 , tb1[0] 0 tb1[1] 0')
('2015-03-21 10:38:18.522081', 'fd_channel : login[0] 0 login[1] 0 , tb0[0] 58 tb0[1] 59 , tb1[0] 0 tb1[1] 0')
('2015-03-21 10:38:20.517538', 'fd_channel : login[0] 0 login[1] 0 , tb0[0] 55 tb0[1] 59 , tb1[0] 0 tb1[1] 0')
('2015-03-21 10:38:20.518751', 'fd_channel : login[0] 0 login[1] 0 , tb0[0] 55 tb0[1] 58 , tb1[0] 0 tb1[1] 0')
('2015-03-21 10:38:28.525540', 'put_channel : channel tb0, group 1, time 2015-03-21 10:38:28.525457')
('2015-03-21 10:38:28.526183', 'put_channel : channel tb0, group 1, time 2015-03-21 10:38:28.526107')
('2015-03-21 10:38:28.555269', 'put_channel : channel tb0, group 1, time 2015-03-21 10:38:28.555225')
('2015-03-21 10:38:28.681339', 'put_channel : channel tb0, group 1, time 2015-03-21 10:38:28.681283')
('2015-03-21 10:38:29.529265', 'put_channel : channel tb0, group 1, time 2015-03-21 10:38:29.529185')
('2015-03-21 10:38:30.025277', 'put_channel : channel tb0, group 1, time 2015-03-21 10:38:30.025194')
('2015-03-21 10:38:30.027292', 'put_channel : channel tb0, group 1, time 2015-03-21 10:38:30.027254')
('2015-03-21 10:38:30.059806', 'put_channel : channel tb0, group 1, time 2015-03-21 10:38:30.059737')
('2015-03-21 10:38:31.034808', 'put_channel : channel tb0, group 1, time 2015-03-21 10:38:31.034717')
('2015-03-21 10:38:31.525865', 'put_channel : channel tb0, group 1, time 2015-03-21 10:38:31.525780')
('2015-03-21 10:38:31.546567', 'put_channel : channel tb0, group 1, time 2015-03-21 10:38:31.546526')
('2015-03-21 10:38:33.025623', 'put_channel : channel tb0, group 1, time 2015-03-21 10:38:33.025517')
('2015-03-21 10:38:33.050402', 'put_channel : channel tb0, group 1, time 2015-03-21 10:38:33.050329')
('2015-03-21 10:38:43.027525', 'put_channel : channel tb0, group 0, time 2015-03-21 10:38:43.027432')
('2015-03-21 10:38:43.034608', 'put_channel : channel tb0, group 0, time 2015-03-21 10:38:43.034566')
('2015-03-21 10:38:43.524795', 'put_channel : channel tb0, group 0, time 2015-03-21 10:38:43.524712')
('2015-03-21 10:38:43.526833', 'put_channel : channel tb0, group 0, time 2015-03-21 10:38:43.526792')
('2015-03-21 10:38:43.544505', 'put_channel : channel tb0, group 0, time 2015-03-21 10:38:43.544429')
('2015-03-21 10:38:44.120201', 'fd_channel : login[0] 0 login[1] 0 , tb0[0] 51 tb0[1] 71 , tb1[0] 0 tb1[1] 0')
('2015-03-21 10:38:44.212797', 'fd_channel : login[0] 0 login[1] 0 , tb0[0] 50 tb0[1] 71 , tb1[0] 0 tb1[1] 0')
('2015-03-21 10:38:44.537262', 'put_channel : channel tb0, group 0, time 2015-03-21 10:38:44.537175')
('2015-03-21 10:38:44.585813', 'put_channel : channel tb0, group 0, time 2015-03-21 10:38:44.585719')
('2015-03-21 10:38:45.027531', 'put_channel : channel tb0, group 0, time 2015-03-21 10:38:45.027463')
('2015-03-21 10:38:45.048872', 'put_channel : channel tb0, group 0, time 2015-03-21 10:38:45.048830')
('2015-03-21 10:38:45.128492', 'put_channel : channel tb0, group 0, time 2015-03-21 10:38:45.128398')
('2015-03-21 10:39:04.554152', 'put_channel : channel tb0, group 1, time 2015-03-21 10:39:04.554063')
('2015-03-21 10:39:05.580092', 'put_channel : channel tb0, group 1, time 2015-03-21 10:39:05.580008')
('2015-03-21 10:39:06.058219', 'put_channel : channel tb0, group 1, time 2015-03-21 10:39:06.058140')
('2015-03-21 10:39:06.663449', 'fd_channel : login[0] 0 login[1] 0 , tb0[0] 55 tb0[1] 45 , tb1[0] 0 tb1[1] 0')
('2015-03-21 10:39:07.083323', 'put_channel : channel tb0, group 1, time 2015-03-21 10:39:07.083208')
('2015-03-21 10:39:07.547902', 'put_channel : channel tb0, group 1, time 2015-03-21 10:39:07.547815')
('2015-03-21 10:39:08.587360', 'put_channel : channel tb0, group 1, time 2015-03-21 10:39:08.587272')
('2015-03-21 10:39:10.091741', 'put_channel : channel tb0, group 1, time 2015-03-21 10:39:10.091659')
('2015-03-21 10:39:11.562783', 'put_channel : channel tb0, group 1, time 2015-03-21 10:39:11.562700')
('2015-03-21 10:39:13.098767', 'put_channel : channel tb0, group 1, time 2015-03-21 10:39:13.098675')
('2015-03-21 10:39:14.569781', 'put_channel : channel tb0, group 1, time 2015-03-21 10:39:14.569697')
('2015-03-21 10:39:16.074708', 'put_channel : channel tb0, group 1, time 2015-03-21 10:39:16.074627')
('2015-03-21 10:39:17.578818', 'put_channel : channel tb0, group 1, time 2015-03-21 10:39:17.578734')
('2015-03-21 10:39:19.083071', 'put_channel : channel tb0, group 0, time 2015-03-21 10:39:19.082962')
('2015-03-21 10:39:19.083464', 'put_channel : channel tb0, group 1, time 2015-03-21 10:39:19.083425')
('2015-03-21 10:39:19.626452', 'put_channel : channel tb0, group 0, time 2015-03-21 10:39:19.626369')
('2015-03-21 10:39:22.632521', 'put_channel : channel tb0, group 0, time 2015-03-21 10:39:22.632415')
('2015-03-21 10:39:22.634405', 'put_channel : channel tb0, group 1, time 2015-03-21 10:39:22.634314')
('2015-03-21 10:39:22.653446', 'put_channel : channel tb0, group 0, time 2015-03-21 10:39:22.653400')
('2015-03-21 10:39:23.596070', 'put_channel : channel tb0, group 0, time 2015-03-21 10:39:23.595985')
('2015-03-21 10:39:24.106683', 'put_channel : channel tb0, group 1, time 2015-03-21 10:39:24.106591')
('2015-03-21 10:39:24.114711', 'put_channel : channel tb0, group 0, time 2015-03-21 10:39:24.114672')
('2015-03-21 10:39:37.673264', 'put_channel : channel tb0, group 0, time 2015-03-21 10:39:37.673176')
('2015-03-21 10:39:39.150225', 'put_channel : channel tb0, group 0, time 2015-03-21 10:39:39.150122')
('2015-03-21 10:39:42.152748', 'put_channel : channel tb0, group 0, time 2015-03-21 10:39:42.152670')
('2015-03-21 10:39:45.578303', 'fd_channel : login[0] 0 login[1] 0 , tb0[0] 44 tb0[1] 44 , tb1[0] 0 tb1[1] 0')
('2015-03-21 10:39:45.582219', 'fd_channel : login[0] 0 login[1] 0 , tb0[0] 34 tb0[1] 44 , tb1[0] 0 tb1[1] 0')
('2015-03-21 10:39:47.103086', 'fd_channel : login[0] 0 login[1] 0 , tb0[0] 33 tb0[1] 44 , tb1[0] 0 tb1[1] 0')
('2015-03-21 10:39:47.103799', 'fd_channel : login[0] 0 login[1] 0 , tb0[0] 33 tb0[1] 43 , tb1[0] 0 tb1[1] 0')
('2015-03-21 10:39:48.127952', 'fd_channel : login[0] 0 login[1] 0 , tb0[0] 32 tb0[1] 43 , tb1[0] 0 tb1[1] 0')
('2015-03-21 10:39:48.128699', 'fd_channel : login[0] 0 login[1] 0 , tb0[0] 32 tb0[1] 42 , tb1[0] 0 tb1[1] 0')
('2015-03-21 10:39:49.642453', 'put_channel : channel tb0, group 0, time 2015-03-21 10:39:49.642361')
('2015-03-21 10:39:50.175895', 'fd_channel : login[0] 0 login[1] 0 , tb0[0] 32 tb0[1] 42 , tb1[0] 0 tb1[1] 0')
('2015-03-21 10:39:52.649316', 'put_channel : channel tb0, group 0, time 2015-03-21 10:39:52.649227')
('2015-03-21 10:39:54.187613', 'put_channel : channel tb0, group 0, time 2015-03-21 10:39:54.187538')
('2015-03-21 10:40:05.025799', 'fd_channel : login[0] 0 login[1] 0 , tb0[0] 34 tb0[1] 35 , tb1[0] 0 tb1[1] 0')
('2015-03-21 10:40:52.133761', 'fd_channel : login[0] 0 login[1] 0 , tb0[0] 34 tb0[1] 14 , tb1[0] 0 tb1[1] 0')
('2015-03-21 10:41:04.929416', 'fd_channel : login[0] 0 login[1] 0 , tb0[0] 34 tb0[1] 8 , tb1[0] 0 tb1[1] 0')
('2015-03-21 11:27:42.024715', 'put_channel : channel tb1, group 0, time 2015-03-21 11:27:42.024632')
('2015-03-21 11:27:44.522811', 'put_channel : channel tb1, group 1, time 2015-03-21 11:27:44.522717')
('2015-03-21 11:27:44.523318', 'put_channel : channel tb1, group 0, time 2015-03-21 11:27:44.523280')
('2015-03-21 11:27:46.022629', 'put_channel : channel tb1, group 0, time 2015-03-21 11:27:46.022545')
('2015-03-21 11:27:47.521026', 'put_channel : channel tb1, group 0, time 2015-03-21 11:27:47.520931')
('2015-03-21 11:27:47.522254', 'put_channel : channel tb1, group 1, time 2015-03-21 11:27:47.522213')
('2015-03-21 11:27:49.021519', 'put_channel : channel tb1, group 1, time 2015-03-21 11:27:49.021430')
('2015-03-21 11:27:49.023095', 'put_channel : channel tb1, group 0, time 2015-03-21 11:27:49.023013')
('2015-03-21 11:27:50.520829', 'put_channel : channel tb1, group 0, time 2015-03-21 11:27:50.520733')
('2015-03-21 11:27:50.521863', 'put_channel : channel tb1, group 1, time 2015-03-21 11:27:50.521789')
('2015-03-21 11:27:52.022202', 'put_channel : channel tb1, group 1, time 2015-03-21 11:27:52.022103')
('2015-03-21 11:27:52.022879', 'put_channel : channel tb1, group 0, time 2015-03-21 11:27:52.022840')
('2015-03-21 11:27:53.523024', 'put_channel : channel tb1, group 1, time 2015-03-21 11:27:53.522881')
('2015-03-21 11:27:53.523252', 'put_channel : channel tb1, group 0, time 2015-03-21 11:27:53.523209')
('2015-03-21 11:27:55.021873', 'put_channel : channel tb1, group 0, time 2015-03-21 11:27:55.021785')
('2015-03-21 11:27:55.022606', 'put_channel : channel tb1, group 1, time 2015-03-21 11:27:55.022563')
('2015-03-21 11:27:56.523620', 'put_channel : channel tb1, group 0, time 2015-03-21 11:27:56.523520')
('2015-03-21 11:27:57.051384', 'put_channel : channel tb1, group 1, time 2015-03-21 11:27:57.051293')
('2015-03-21 11:27:58.525028', 'put_channel : channel tb1, group 0, time 2015-03-21 11:27:58.524917')
('2015-03-21 11:28:00.030985', 'put_channel : channel tb1, group 0, time 2015-03-21 11:28:00.030869')
('2015-03-21 11:28:02.522012', 'put_channel : channel tb1, group 0, time 2015-03-21 11:28:02.521931')
('2015-03-21 11:28:04.525231', 'put_channel : channel tb1, group 0, time 2015-03-21 11:28:04.525134')
('2015-03-21 11:28:05.521080', 'put_channel : channel tb1, group 1, time 2015-03-21 11:28:05.520992')
('2015-03-21 11:28:05.531938', 'put_channel : channel tb1, group 1, time 2015-03-21 11:28:05.531895')
('2015-03-21 11:28:07.022099', 'put_channel : channel tb1, group 1, time 2015-03-21 11:28:07.022011')
('2015-03-21 11:28:07.022709', 'put_channel : channel tb1, group 0, time 2015-03-21 11:28:07.022670')
('2015-03-21 11:28:07.524062', 'put_channel : channel tb1, group 1, time 2015-03-21 11:28:07.523982')
('2015-03-21 11:28:08.523327', 'put_channel : channel tb1, group 0, time 2015-03-21 11:28:08.523243')
('2015-03-21 11:28:10.022509', 'put_channel : channel tb1, group 1, time 2015-03-21 11:28:10.022419')
('2015-03-21 11:28:10.556409', 'put_channel : channel tb1, group 1, time 2015-03-21 11:28:10.556321')
('2015-03-21 11:28:11.521867', 'put_channel : channel tb1, group 1, time 2015-03-21 11:28:11.521787')
('2015-03-21 11:28:11.523311', 'put_channel : channel tb1, group 0, time 2015-03-21 11:28:11.523275')
('2015-03-21 11:28:12.025486', 'put_channel : channel tb1, group 0, time 2015-03-21 11:28:12.025382')
('2015-03-21 11:28:12.064011', 'put_channel : channel tb1, group 1, time 2015-03-21 11:28:12.063904')
('2015-03-21 11:28:14.521382', 'put_channel : channel tb1, group 0, time 2015-03-21 11:28:14.521287')
('2015-03-21 11:28:14.522636', 'put_channel : channel tb1, group 1, time 2015-03-21 11:28:14.522595')
('2015-03-21 11:28:15.025351', 'put_channel : channel tb1, group 0, time 2015-03-21 11:28:15.025260')
('2015-03-21 11:28:15.050476', 'put_channel : channel tb1, group 1, time 2015-03-21 11:28:15.050436')
('2015-03-21 11:28:16.022693', 'put_channel : channel tb1, group 1, time 2015-03-21 11:28:16.022620')
('2015-03-21 11:28:16.073302', 'put_channel : channel tb1, group 1, time 2015-03-21 11:28:16.073237')
('2015-03-21 11:28:16.526527', 'put_channel : channel tb1, group 0, time 2015-03-21 11:28:16.526442')
('2015-03-21 11:28:16.555862', 'put_channel : channel tb1, group 1, time 2015-03-21 11:28:16.555820')
('2015-03-21 11:28:19.021570', 'put_channel : channel tb1, group 1, time 2015-03-21 11:28:19.021442')
('2015-03-21 11:28:19.022145', 'put_channel : channel tb1, group 0, time 2015-03-21 11:28:19.022076')
('2015-03-21 11:28:22.022109', 'put_channel : channel tb1, group 0, time 2015-03-21 11:28:22.022023')
('2015-03-21 11:28:22.022562', 'put_channel : channel tb1, group 1, time 2015-03-21 11:28:22.022524')
('2015-03-21 11:28:22.526932', 'put_channel : channel tb1, group 1, time 2015-03-21 11:28:22.526845')
('2015-03-21 11:28:23.523308', 'put_channel : channel tb1, group 0, time 2015-03-21 11:28:23.523218')
('2015-03-21 11:28:24.025695', 'put_channel : channel tb1, group 0, time 2015-03-21 11:28:24.025599')
('2015-03-21 11:28:24.042470', 'put_channel : channel tb1, group 0, time 2015-03-21 11:28:24.042412')
('2015-03-21 11:28:25.021806', 'put_channel : channel tb1, group 1, time 2015-03-21 11:28:25.021686')
('2015-03-21 11:28:25.528057', 'put_channel : channel tb1, group 1, time 2015-03-21 11:28:25.527959')
('2015-03-21 11:28:28.023688', 'put_channel : channel tb1, group 1, time 2015-03-21 11:28:28.023598')
('2015-03-21 11:28:28.106474', 'put_channel : channel tb1, group 1, time 2015-03-21 11:28:28.106383')
('2015-03-21 11:28:28.524536', 'put_channel : channel tb1, group 0, time 2015-03-21 11:28:28.524450')
('2015-03-21 11:28:28.526722', 'put_channel : channel tb1, group 1, time 2015-03-21 11:28:28.526684')
('2015-03-21 11:28:30.026128', 'put_channel : channel tb1, group 0, time 2015-03-21 11:28:30.026035')
('2015-03-21 11:28:31.023151', 'put_channel : channel tb1, group 1, time 2015-03-21 11:28:31.023061')
('2015-03-21 11:28:31.083856', 'put_channel : channel tb1, group 0, time 2015-03-21 11:28:31.083762')
('2015-03-21 11:28:31.525589', 'put_channel : channel tb1, group 0, time 2015-03-21 11:28:31.525503')
('2015-03-21 11:28:34.032904', 'put_channel : channel tb1, group 0, time 2015-03-21 11:28:34.032817')
('2015-03-21 11:28:34.554127', 'put_channel : channel tb1, group 1, time 2015-03-21 11:28:34.554043')
('2015-03-21 11:28:37.535832', 'put_channel : channel tb1, group 0, time 2015-03-21 11:28:37.535757')
('2015-03-21 11:28:37.536731', 'put_channel : channel tb1, group 0, time 2015-03-21 11:28:37.536689')
('2015-03-21 11:28:40.034224', 'put_channel : channel tb1, group 1, time 2015-03-21 11:28:40.034133')
('2015-03-21 11:28:40.034681', 'put_channel : channel tb1, group 0, time 2015-03-21 11:28:40.034642')
('2015-03-21 11:28:40.552869', 'put_channel : channel tb1, group 0, time 2015-03-21 11:28:40.552786')
('2015-03-21 11:28:41.147021', 'put_channel : channel tb1, group 1, time 2015-03-21 11:28:41.146929')
('2015-03-21 11:28:42.646690', 'put_channel : channel tb1, group 0, time 2015-03-21 11:28:42.646607')
('2015-03-21 11:28:43.034510', 'put_channel : channel tb1, group 0, time 2015-03-21 11:28:43.034424')
('2015-03-21 11:28:43.524672', 'put_channel : channel tb1, group 1, time 2015-03-21 11:28:43.524581')
('2015-03-21 11:28:44.538065', 'put_channel : channel tb1, group 1, time 2015-03-21 11:28:44.537971')
('2015-03-21 11:28:45.025439', 'put_channel : channel tb1, group 0, time 2015-03-21 11:28:45.025358')
('2015-03-21 11:28:45.026698', 'put_channel : channel tb1, group 1, time 2015-03-21 11:28:45.026661')
('2015-03-21 11:28:46.034426', 'put_channel : channel tb1, group 0, time 2015-03-21 11:28:46.034338')
('2015-03-21 11:28:46.035426', 'put_channel : channel tb1, group 1, time 2015-03-21 11:28:46.035390')
('2015-03-21 11:28:47.521728', 'put_channel : channel tb1, group 0, time 2015-03-21 11:28:47.521630')
('2015-03-21 11:28:47.595480', 'put_channel : channel tb1, group 1, time 2015-03-21 11:28:47.595390')
('2015-03-21 11:28:49.526152', 'put_channel : channel tb1, group 0, time 2015-03-21 11:28:49.526069')
('2015-03-21 11:28:50.538945', 'put_channel : channel tb1, group 0, time 2015-03-21 11:28:50.538827')
('2015-03-21 11:28:53.525748', 'put_channel : channel tb1, group 0, time 2015-03-21 11:28:53.525658')
('2015-03-21 11:28:55.526353', 'put_channel : channel tb1, group 0, time 2015-03-21 11:28:55.526271')
('2015-03-21 11:28:56.526946', 'put_channel : channel tb1, group 1, time 2015-03-21 11:28:56.526853')
('2015-03-21 11:28:57.025559', 'put_channel : channel tb1, group 1, time 2015-03-21 11:28:57.025463')
('2015-03-21 11:28:58.525183', 'put_channel : channel tb1, group 0, time 2015-03-21 11:28:58.525105')
('2015-03-21 11:28:58.526684', 'put_channel : channel tb1, group 1, time 2015-03-21 11:28:58.526601')
('2015-03-21 11:28:59.538627', 'put_channel : channel tb1, group 1, time 2015-03-21 11:28:59.538540')
('2015-03-21 11:29:00.025302', 'put_channel : channel tb1, group 0, time 2015-03-21 11:29:00.025221')
('2015-03-21 11:29:01.527998', 'put_channel : channel tb1, group 1, time 2015-03-21 11:29:01.527921')
('2015-03-21 11:29:01.545859', 'put_channel : channel tb1, group 1, time 2015-03-21 11:29:01.545821')
('2015-03-21 11:29:03.026481', 'put_channel : channel tb1, group 1, time 2015-03-21 11:29:03.026398')
('2015-03-21 11:29:03.049819', 'put_channel : channel tb1, group 0, time 2015-03-21 11:29:03.049775')
('2015-03-21 11:29:04.525906', 'put_channel : channel tb1, group 0, time 2015-03-21 11:29:04.525824')
('2015-03-21 11:29:04.526336', 'put_channel : channel tb1, group 1, time 2015-03-21 11:29:04.526300')
('2015-03-21 11:29:05.579108', 'put_channel : channel tb1, group 1, time 2015-03-21 11:29:05.578997')
('2015-03-21 11:29:06.056853', 'put_channel : channel tb1, group 0, time 2015-03-21 11:29:06.056756')
('2015-03-21 11:29:07.527140', 'put_channel : channel tb1, group 0, time 2015-03-21 11:29:07.527028')
('2015-03-21 11:29:09.027440', 'put_channel : channel tb1, group 1, time 2015-03-21 11:29:09.027357')
('2015-03-21 11:29:09.027881', 'put_channel : channel tb1, group 1, time 2015-03-21 11:29:09.027787')
('2015-03-21 11:29:11.531645', 'put_channel : channel tb1, group 0, time 2015-03-21 11:29:11.531541')
('2015-03-21 11:29:12.028981', 'put_channel : channel tb1, group 1, time 2015-03-21 11:29:12.028876')
('2015-03-21 11:29:14.537684', 'put_channel : channel tb1, group 1, time 2015-03-21 11:29:14.537605')
('2015-03-21 11:29:16.530204', 'put_channel : channel tb1, group 1, time 2015-03-21 11:29:16.530096')
('2015-03-21 11:29:17.529505', 'put_channel : channel tb1, group 1, time 2015-03-21 11:29:17.529405')
('2015-03-21 11:29:20.537698', 'put_channel : channel tb1, group 0, time 2015-03-21 11:29:20.537610')
('2015-03-21 11:29:22.531392', 'put_channel : channel tb1, group 0, time 2015-03-21 11:29:22.531297')
('2015-03-21 11:29:23.530628', 'put_channel : channel tb1, group 1, time 2015-03-21 11:29:23.530530')
('2015-03-21 11:29:29.531182', 'put_channel : channel tb1, group 1, time 2015-03-21 11:29:29.531089')
('2015-03-21 11:29:31.525282', 'put_channel : channel tb1, group 0, time 2015-03-21 11:29:31.525194')
('2015-03-21 11:29:31.530502', 'put_channel : channel tb1, group 1, time 2015-03-21 11:29:31.530450')
('2015-03-21 11:29:32.983458', 'put_channel : channel tb1, group 0, time 2015-03-21 11:29:32.983367')
('2015-03-21 11:29:33.049290', 'put_channel : channel tb1, group 1, time 2015-03-21 11:29:33.049198')
('2015-03-21 11:29:34.034576', 'put_channel : channel tb1, group 0, time 2015-03-21 11:29:34.034488')
('2015-03-21 11:29:34.090393', 'put_channel : channel tb1, group 0, time 2015-03-21 11:29:34.090301')
('2015-03-21 11:29:36.963650', 'fd_channel : login[0] 0 login[1] 0 , tb0[0] 34 tb0[1] 8 , tb1[0] 57 tb1[1] 56')
('2015-03-21 11:29:36.965520', 'fd_channel : login[0] 0 login[1] 0 , tb0[0] 34 tb0[1] 8 , tb1[0] 57 tb1[1] 55')
('2015-03-21 11:29:36.966374', 'fd_channel : login[0] 0 login[1] 0 , tb0[0] 34 tb0[1] 8 , tb1[0] 57 tb1[1] 54')
('2015-03-21 11:29:36.967237', 'fd_channel : login[0] 0 login[1] 0 , tb0[0] 34 tb0[1] 8 , tb1[0] 57 tb1[1] 53')
('2015-03-21 11:29:36.968057', 'fd_channel : login[0] 0 login[1] 0 , tb0[0] 34 tb0[1] 8 , tb1[0] 57 tb1[1] 52')
('2015-03-21 11:29:36.968790', 'fd_channel : login[0] 0 login[1] 0 , tb0[0] 34 tb0[1] 8 , tb1[0] 57 tb1[1] 51')
('2015-03-21 11:29:36.969498', 'fd_channel : login[0] 0 login[1] 0 , tb0[0] 34 tb0[1] 8 , tb1[0] 57 tb1[1] 50')
('2015-03-21 11:29:36.970477', 'fd_channel : login[0] 0 login[1] 0 , tb0[0] 34 tb0[1] 8 , tb1[0] 57 tb1[1] 49')
('2015-03-21 11:29:37.021007', 'put_channel : channel tb1, group 0, time 2015-03-21 11:29:37.020964')
('2015-03-21 11:29:38.522991', 'put_channel : channel tb1, group 0, time 2015-03-21 11:29:38.522885')
('2015-03-21 11:29:38.523198', 'put_channel : channel tb1, group 1, time 2015-03-21 11:29:38.523140')
('2015-03-21 11:29:39.050488', 'put_channel : channel tb1, group 0, time 2015-03-21 11:29:39.050397')
('2015-03-21 11:29:40.021934', 'put_channel : channel tb1, group 0, time 2015-03-21 11:29:40.021827')
('2015-03-21 11:29:40.075004', 'put_channel : channel tb1, group 0, time 2015-03-21 11:29:40.074878')
('2015-03-21 11:29:40.524661', 'put_channel : channel tb1, group 0, time 2015-03-21 11:29:40.524583')
('2015-03-21 11:29:41.521597', 'put_channel : channel tb1, group 1, time 2015-03-21 11:29:41.521520')
('2015-03-21 11:29:43.023103', 'put_channel : channel tb1, group 0, time 2015-03-21 11:29:43.023010')
('2015-03-21 11:29:44.522352', 'put_channel : channel tb1, group 0, time 2015-03-21 11:29:44.522265')
('2015-03-21 11:29:46.034657', 'put_channel : channel tb1, group 1, time 2015-03-21 11:29:46.034571')
('2015-03-21 11:29:46.524466', 'put_channel : channel tb1, group 0, time 2015-03-21 11:29:46.524379')
('2015-03-21 11:29:47.595904', 'put_channel : channel tb1, group 0, time 2015-03-21 11:29:47.595819')
('2015-03-21 11:29:49.022538', 'put_channel : channel tb1, group 0, time 2015-03-21 11:29:49.022449')
('2015-03-21 11:29:49.525118', 'put_channel : channel tb1, group 0, time 2015-03-21 11:29:49.525038')
('2015-03-21 11:29:50.601783', 'put_channel : channel tb1, group 1, time 2015-03-21 11:29:50.601691')
('2015-03-21 11:29:52.021501', 'put_channel : channel tb1, group 0, time 2015-03-21 11:29:52.021397')
('2015-03-21 11:29:52.074572', 'put_channel : channel tb1, group 0, time 2015-03-21 11:29:52.074475')
('2015-03-21 11:29:53.522297', 'put_channel : channel tb1, group 0, time 2015-03-21 11:29:53.522206')
('2015-03-21 11:29:55.020598', 'put_channel : channel tb1, group 0, time 2015-03-21 11:29:55.020506')
('2015-03-21 11:29:56.992151', 'fd_channel : login[0] 0 login[1] 0 , tb0[0] 34 tb0[1] 8 , tb1[0] 73 tb1[1] 52')
('2015-03-21 11:29:56.994756', 'fd_channel : login[0] 0 login[1] 0 , tb0[0] 34 tb0[1] 8 , tb1[0] 73 tb1[1] 51')
('2015-03-21 11:29:56.996109', 'fd_channel : login[0] 0 login[1] 0 , tb0[0] 34 tb0[1] 8 , tb1[0] 73 tb1[1] 50')
('2015-03-21 11:29:56.996836', 'fd_channel : login[0] 0 login[1] 0 , tb0[0] 34 tb0[1] 8 , tb1[0] 73 tb1[1] 49')
('2015-03-21 11:29:56.997866', 'fd_channel : login[0] 0 login[1] 0 , tb0[0] 34 tb0[1] 8 , tb1[0] 73 tb1[1] 48')
('2015-03-21 11:29:56.998714', 'fd_channel : login[0] 0 login[1] 0 , tb0[0] 34 tb0[1] 8 , tb1[0] 73 tb1[1] 47')
('2015-03-21 11:29:56.999415', 'fd_channel : login[0] 0 login[1] 0 , tb0[0] 34 tb0[1] 8 , tb1[0] 73 tb1[1] 46')
('2015-03-21 11:29:57.000491', 'fd_channel : login[0] 0 login[1] 0 , tb0[0] 34 tb0[1] 8 , tb1[0] 73 tb1[1] 45')
('2015-03-21 11:29:57.184485', 'fd_channel : login[0] 0 login[1] 0 , tb0[0] 34 tb0[1] 8 , tb1[0] 72 tb1[1] 44')
('2015-03-21 11:29:57.188566', 'fd_channel : login[0] 0 login[1] 0 , tb0[0] 34 tb0[1] 8 , tb1[0] 60 tb1[1] 44')
('2015-03-21 11:29:57.190037', 'fd_channel : login[0] 0 login[1] 0 , tb0[0] 34 tb0[1] 8 , tb1[0] 59 tb1[1] 44')
('2015-03-21 11:29:57.190863', 'fd_channel : login[0] 0 login[1] 0 , tb0[0] 34 tb0[1] 8 , tb1[0] 59 tb1[1] 43')
('2015-03-21 11:29:57.232570', 'fd_channel : login[0] 0 login[1] 0 , tb0[0] 34 tb0[1] 8 , tb1[0] 58 tb1[1] 43')
('2015-03-21 11:29:57.233400', 'fd_channel : login[0] 0 login[1] 0 , tb0[0] 34 tb0[1] 8 , tb1[0] 58 tb1[1] 42')
('2015-03-21 11:29:57.265895', 'fd_channel : login[0] 0 login[1] 0 , tb0[0] 34 tb0[1] 8 , tb1[0] 57 tb1[1] 42')
('2015-03-21 11:29:57.266607', 'fd_channel : login[0] 0 login[1] 0 , tb0[0] 34 tb0[1] 8 , tb1[0] 57 tb1[1] 41')
('2015-03-21 11:29:57.744510', 'fd_channel : login[0] 0 login[1] 0 , tb0[0] 34 tb0[1] 8 , tb1[0] 56 tb1[1] 41')
('2015-03-21 11:29:57.745319', 'fd_channel : login[0] 0 login[1] 0 , tb0[0] 34 tb0[1] 8 , tb1[0] 56 tb1[1] 40')
('2015-03-21 11:29:57.786371', 'fd_channel : login[0] 0 login[1] 0 , tb0[0] 34 tb0[1] 8 , tb1[0] 55 tb1[1] 40')
('2015-03-21 11:29:57.787251', 'fd_channel : login[0] 0 login[1] 0 , tb0[0] 34 tb0[1] 8 , tb1[0] 55 tb1[1] 39')
('2015-03-21 11:29:59.185993', 'fd_channel : login[0] 0 login[1] 0 , tb0[0] 34 tb0[1] 8 , tb1[0] 54 tb1[1] 39')
('2015-03-21 11:29:59.187061', 'fd_channel : login[0] 0 login[1] 0 , tb0[0] 34 tb0[1] 8 , tb1[0] 54 tb1[1] 38')
('2015-03-21 11:29:59.191896', 'fd_channel : login[0] 0 login[1] 0 , tb0[0] 34 tb0[1] 8 , tb1[0] 53 tb1[1] 38')
('2015-03-21 11:29:59.193112', 'fd_channel : login[0] 0 login[1] 0 , tb0[0] 34 tb0[1] 8 , tb1[0] 53 tb1[1] 37')
('2015-03-21 11:29:59.234751', 'fd_channel : login[0] 0 login[1] 0 , tb0[0] 34 tb0[1] 8 , tb1[0] 52 tb1[1] 37')
('2015-03-21 11:29:59.235445', 'fd_channel : login[0] 0 login[1] 0 , tb0[0] 34 tb0[1] 8 , tb1[0] 52 tb1[1] 36')
('2015-03-21 11:29:59.268370', 'fd_channel : login[0] 0 login[1] 0 , tb0[0] 34 tb0[1] 8 , tb1[0] 51 tb1[1] 36')
('2015-03-21 11:29:59.269713', 'fd_channel : login[0] 0 login[1] 0 , tb0[0] 34 tb0[1] 8 , tb1[0] 51 tb1[1] 35')
('2015-03-21 11:29:59.521812', 'put_channel : channel tb1, group 1, time 2015-03-21 11:29:59.521722')
('2015-03-21 11:29:59.747061', 'fd_channel : login[0] 0 login[1] 0 , tb0[0] 34 tb0[1] 8 , tb1[0] 50 tb1[1] 36')
('2015-03-21 11:29:59.747915', 'fd_channel : login[0] 0 login[1] 0 , tb0[0] 34 tb0[1] 8 , tb1[0] 50 tb1[1] 35')
('2015-03-21 11:29:59.788553', 'fd_channel : login[0] 0 login[1] 0 , tb0[0] 34 tb0[1] 8 , tb1[0] 49 tb1[1] 35')
('2015-03-21 11:29:59.789524', 'fd_channel : login[0] 0 login[1] 0 , tb0[0] 34 tb0[1] 8 , tb1[0] 49 tb1[1] 34')
('2015-03-21 11:30:01.022889', 'put_channel : channel tb1, group 1, time 2015-03-21 11:30:01.022797')
('2015-03-21 11:30:01.526011', 'put_channel : channel tb1, group 0, time 2015-03-21 11:30:01.525918')
('2015-03-21 11:30:02.053707', 'worker [3] stopping')
('2015-03-21 11:30:02.522181', 'put_channel : channel tb1, group 1, time 2015-03-21 11:30:02.522085')
('2015-03-21 11:30:03.999920', 'fd_channel : login[0] 0 login[1] 0 , tb0[0] 34 tb0[1] 8 , tb1[0] 50 tb1[1] 35')
('2015-03-21 11:30:04.002883', 'fd_channel : login[0] 0 login[1] 0 , tb0[0] 34 tb0[1] 8 , tb1[0] 50 tb1[1] 34')
('2015-03-21 11:30:07.005601', 'fd_channel : login[0] 0 login[1] 0 , tb0[0] 34 tb0[1] 8 , tb1[0] 50 tb1[1] 33')
('2015-03-21 11:30:11.001625', 'fd_channel : login[0] 0 login[1] 0 , tb0[0] 34 tb0[1] 8 , tb1[0] 50 tb1[1] 32')
('2015-03-21 11:30:57.163611', 'put_channel : channel tb1, group 1, time 2015-03-21 11:30:57.163517')
