('2015-03-21 10:34:31.819711', 'client 52730469 bid 0 fd_image Timeout')
('2015-03-21 10:34:31.820990', 'client 52469069 bid 0 fd_image Timeout')
('2015-03-21 10:34:31.821303', 'client 52570118 bid 0 fd_image Timeout')
('2015-03-21 10:34:31.822255', 'client 52748588 bid 0 fd_image Timeout')
('2015-03-21 10:34:31.823695', 'client 52767414 bid 0 fd_image Timeout')
('2015-03-21 10:34:42.686945', '\r\n\r\n\r\n\r\n\r\n\r\n\r\n\r\n\r\n\r\n<XML><ERRORCODE>311</ERRORCODE><ERRORSTRING>图像校验码错误！</ERRORSTRING><ERRORSTRING_EN>Image checksum error！</ERRORSTRING_EN></XML>')
('2015-03-21 10:34:42.687021', "client 52567964 bid 0 fd_price ack error {'errstring': '图像校验码错误！', 'errcode': '311'}")
('2015-03-21 10:34:50.757002', '\r\n\r\n\r\n\r\n\r\n\r\n\r\n\r\n\r\n\r\n<XML><ERRORCODE>311</ERRORCODE><ERRORSTRING>图像校验码错误！</ERRORSTRING><ERRORSTRING_EN>Image checksum error！</ERRORSTRING_EN></XML>')
('2015-03-21 10:34:50.757049', "client 52469069 bid 0 fd_price ack error {'errstring': '图像校验码错误！', 'errcode': '311'}")
('2015-03-21 10:34:53.948909', '\r\n\r\n\r\n\r\n\r\n\r\n\r\n\r\n\r\n\r\n<XML><ERRORCODE>311</ERRORCODE><ERRORSTRING>图像校验码错误！</ERRORSTRING><ERRORSTRING_EN>Image checksum error！</ERRORSTRING_EN></XML>')
('2015-03-21 10:34:53.948956', "client 52767414 bid 0 fd_price ack error {'errstring': '图像校验码错误！', 'errcode': '311'}")
('2015-03-21 10:34:55.168411', 'client 52748588 bid 0 fd_image info channel error')
('2015-03-21 10:34:55.168750', 'client 52469069 bid 0 fd_image info channel error')
('2015-03-21 10:34:55.168844', 'client 52570118 bid 0 fd_image info channel error')
('2015-03-21 10:34:55.169312', 'client 52767414 bid 0 fd_image info channel error')
('2015-03-21 10:34:55.169397', 'client 52730469 bid 0 fd_image info channel error')
('2015-03-21 10:34:59.508629', '\r\n\r\n\r\n\r\n\r\n\r\n\r\n\r\n\r\n\r\n<XML><ERRORCODE>112</ERRORCODE><ERRORSTRING>首次出价时段不能进行修改出价！</ERRORSTRING><ERRORSTRING_EN>Can not modify the bid amount in bid time!</ERRORSTRING_EN></XML>\r\n')
('2015-03-21 10:34:59.508676', "client 52710757 bid 0 fd_price ack error {'errstring': '首次出价时段不能进行修改出价！', 'errcode': '112'}")
('2015-03-21 10:35:01.824909', 'client 52730469 bid 0 fd_image Timeout')
('2015-03-21 10:35:01.826185', 'client 52748588 bid 0 fd_image Timeout')
('2015-03-21 10:35:01.827088', 'client 52570118 bid 0 fd_image Timeout')
('2015-03-21 10:35:23.206011', '\r\n\r\n\r\n\r\n\r\n\r\n\r\n\r\n\r\n\r\n<XML><ERRORCODE>112</ERRORCODE><ERRORSTRING>首次出价时段不能进行修改出价！</ERRORSTRING><ERRORSTRING_EN>Can not modify the bid amount in bid time!</ERRORSTRING_EN></XML>\r\n')
('2015-03-21 10:35:23.206064', "client 52567964 bid 0 fd_price ack error {'errstring': '首次出价时段不能进行修改出价！', 'errcode': '112'}")
('2015-03-21 10:35:46.558355', '\r\n\r\n\r\n\r\n\r\n\r\n\r\n\r\n\r\n\r\n<XML><ERRORCODE>311</ERRORCODE><ERRORSTRING>图像校验码错误！</ERRORSTRING><ERRORSTRING_EN>Image checksum error！</ERRORSTRING_EN></XML>')
('2015-03-21 10:35:46.558404', "client 52567964 bid 0 fd_price ack error {'errstring': '图像校验码错误！', 'errcode': '311'}")
('2015-03-21 10:35:48.191383', '\r\n\r\n\r\n\r\n\r\n\r\n\r\n\r\n\r\n\r\n<XML><ERRORCODE>311</ERRORCODE><ERRORSTRING>图像校验码错误！</ERRORSTRING><ERRORSTRING_EN>Image checksum error！</ERRORSTRING_EN></XML>')
('2015-03-21 10:35:48.191435', "client 52570118 bid 0 fd_price ack error {'errstring': '图像校验码错误！', 'errcode': '311'}")
('2015-03-21 10:35:52.638685', '\r\n\r\n\r\n\r\n\r\n\r\n\r\n\r\n\r\n\r\n<XML><ERRORCODE>311</ERRORCODE><ERRORSTRING>图像校验码错误！</ERRORSTRING><ERRORSTRING_EN>Image checksum error！</ERRORSTRING_EN></XML>')
('2015-03-21 10:35:52.638735', "client 52710757 bid 0 fd_price ack error {'errstring': '图像校验码错误！', 'errcode': '311'}")
('2015-03-21 10:36:24.255466', '\r\n\r\n\r\n\r\n\r\n\r\n\r\n\r\n\r\n\r\n<XML><ERRORCODE>311</ERRORCODE><ERRORSTRING>图像校验码错误！</ERRORSTRING><ERRORSTRING_EN>Image checksum error！</ERRORSTRING_EN></XML>')
('2015-03-21 10:36:24.255517', "client 52748588 bid 0 fd_price ack error {'errstring': '图像校验码错误！', 'errcode': '311'}")
('2015-03-21 10:36:37.919129', '\r\n\r\n\r\n\r\n\r\n\r\n\r\n\r\n\r\n\r\n<XML><ERRORCODE>311</ERRORCODE><ERRORSTRING>图像校验码错误！</ERRORSTRING><ERRORSTRING_EN>Image checksum error！</ERRORSTRING_EN></XML>')
('2015-03-21 10:36:37.919181', "client 52748588 bid 0 fd_price ack error {'errstring': '图像校验码错误！', 'errcode': '311'}")
('2015-03-21 10:36:58.942540', '\r\n\r\n\r\n\r\n\r\n\r\n\r\n\r\n\r\n\r\n<XML><ERRORCODE>311</ERRORCODE><ERRORSTRING>图像校验码错误！</ERRORSTRING><ERRORSTRING_EN>Image checksum error！</ERRORSTRING_EN></XML>')
('2015-03-21 10:36:58.942598', "client 52730469 bid 0 fd_price ack error {'errstring': '图像校验码错误！', 'errcode': '311'}")
('2015-03-21 10:37:15.435606', 'client 52748588 bid 0 fd_image Timeout')
('2015-03-21 10:37:45.437075', 'client 52748588 bid 0 fd_image Timeout')
('2015-03-21 10:38:05.370551', 'client 52570118 bid 0 fd_image info channel error')
('2015-03-21 10:38:05.371466', 'client 52748588 bid 0 fd_image info channel error')
('2015-03-21 10:38:05.371637', 'client 52730469 bid 0 fd_image info channel error')
('2015-03-21 10:38:31.666662', '\r\n\r\n\r\n\r\n\r\n\r\n\r\n\r\n\r\n\r\n<XML><ERRORCODE>112</ERRORCODE><ERRORSTRING>首次出价时段不能进行修改出价！</ERRORSTRING><ERRORSTRING_EN>Can not modify the bid amount in bid time!</ERRORSTRING_EN></XML>\r\n')
('2015-03-21 10:38:31.666715', "client 52748588 bid 0 fd_price ack error {'errstring': '首次出价时段不能进行修改出价！', 'errcode': '112'}")
('2015-03-21 10:38:44.017401', 'client 52570118 bid 0 fd_price info channel error')
('2015-03-21 10:38:44.112247', 'client 52567964 bid 0 fd_price info channel error')
('2015-03-21 10:38:44.133337', '\r\n\r\n\r\n\r\n\r\n\r\n\r\n\r\n\r\n\r\n<XML><ERRORCODE>311</ERRORCODE><ERRORSTRING>图像校验码错误！</ERRORSTRING><ERRORSTRING_EN>Image checksum error！</ERRORSTRING_EN></XML>')
('2015-03-21 10:38:44.133394', "client 52570118 bid 0 fd_price ack error {'errstring': '图像校验码错误！', 'errcode': '311'}")
('2015-03-21 10:38:44.225815', '\r\n\r\n\r\n\r\n\r\n\r\n\r\n\r\n\r\n\r\n<XML><ERRORCODE>311</ERRORCODE><ERRORSTRING>图像校验码错误！</ERRORSTRING><ERRORSTRING_EN>Image checksum error！</ERRORSTRING_EN></XML>')
('2015-03-21 10:38:44.225863', "client 52567964 bid 0 fd_price ack error {'errstring': '图像校验码错误！', 'errcode': '311'}")
('2015-03-21 10:38:44.991213', '\r\n\r\n\r\n\r\n\r\n\r\n\r\n\r\n\r\n\r\n<XML><ERRORCODE>311</ERRORCODE><ERRORSTRING>图像校验码错误！</ERRORSTRING><ERRORSTRING_EN>Image checksum error！</ERRORSTRING_EN></XML>')
('2015-03-21 10:38:44.991266', "client 52748588 bid 0 fd_price ack error {'errstring': '图像校验码错误！', 'errcode': '311'}")
('2015-03-21 10:39:06.554942', 'client 52748588 bid 0 fd_price info channel error')
('2015-03-21 10:39:06.676956', '\r\n\r\n\r\n\r\n\r\n\r\n\r\n\r\n\r\n\r\n<XML><ERRORCODE>311</ERRORCODE><ERRORSTRING>图像校验码错误！</ERRORSTRING><ERRORSTRING_EN>Image checksum error！</ERRORSTRING_EN></XML>')
('2015-03-21 10:39:06.677005', "client 52748588 bid 0 fd_price ack error {'errstring': '图像校验码错误！', 'errcode': '311'}")
('2015-03-21 10:39:45.467537', 'client 52710757 bid 0 fd_price info channel error')
('2015-03-21 10:39:45.467744', 'client 52710757 bid 0 fd_price info channel error')
('2015-03-21 10:39:45.590924', '\r\n\r\n\r\n\r\n\r\n\r\n\r\n\r\n\r\n\r\n<XML><ERRORCODE>311</ERRORCODE><ERRORSTRING>图像校验码错误！</ERRORSTRING><ERRORSTRING_EN>Image checksum error！</ERRORSTRING_EN></XML>')
('2015-03-21 10:39:45.590991', "client 52710757 bid 0 fd_price ack error {'errstring': '图像校验码错误！', 'errcode': '311'}")
('2015-03-21 10:39:45.594024', '\r\n\r\n\r\n\r\n\r\n\r\n\r\n\r\n\r\n\r\n<XML><ERRORCODE>311</ERRORCODE><ERRORSTRING>图像校验码错误！</ERRORSTRING><ERRORSTRING_EN>Image checksum error！</ERRORSTRING_EN></XML>')
('2015-03-21 10:39:45.594071', "client 52710757 bid 0 fd_price ack error {'errstring': '图像校验码错误！', 'errcode': '311'}")
('2015-03-21 10:39:47.002481', 'client 52710757 bid 0 fd_price info channel error')
('2015-03-21 10:39:47.002878', 'client 52710757 bid 0 fd_price info channel error')
('2015-03-21 10:39:48.027365', 'client 52567964 bid 0 fd_price info channel error')
('2015-03-21 10:39:48.027482', 'client 52567964 bid 0 fd_price info channel error')
('2015-03-21 10:39:48.139384', '\r\n\r\n\r\n\r\n\r\n\r\n\r\n\r\n\r\n\r\n<XML><ERRORCODE>311</ERRORCODE><ERRORSTRING>图像校验码错误！</ERRORSTRING><ERRORSTRING_EN>Image checksum error！</ERRORSTRING_EN></XML>')
('2015-03-21 10:39:48.139435', "client 52567964 bid 0 fd_price ack error {'errstring': '图像校验码错误！', 'errcode': '311'}")
('2015-03-21 10:39:48.140686', '\r\n\r\n\r\n\r\n\r\n\r\n\r\n\r\n\r\n\r\n<XML><ERRORCODE>311</ERRORCODE><ERRORSTRING>图像校验码错误！</ERRORSTRING><ERRORSTRING_EN>Image checksum error！</ERRORSTRING_EN></XML>')
('2015-03-21 10:39:48.140730', "client 52567964 bid 0 fd_price ack error {'errstring': '图像校验码错误！', 'errcode': '311'}")
('2015-03-21 10:39:50.075251', 'client 52567964 bid 0 fd_price info channel error')
('2015-03-21 10:40:04.923578', 'client 52790088 bid 0 fd_price info channel error')
('2015-03-21 10:40:05.038704', '\r\n\r\n\r\n\r\n\r\n\r\n\r\n\r\n\r\n\r\n<XML><ERRORCODE>311</ERRORCODE><ERRORSTRING>图像校验码错误！</ERRORSTRING><ERRORSTRING_EN>Image checksum error！</ERRORSTRING_EN></XML>')
('2015-03-21 10:40:05.038754', "client 52790088 bid 0 fd_price ack error {'errstring': '图像校验码错误！', 'errcode': '311'}")
('2015-03-21 10:40:07.103399', '\r\n\r\n\r\n\r\n\r\n\r\n\r\n\r\n\r\n\r\n<XML><ERRORCODE>311</ERRORCODE><ERRORSTRING>图像校验码错误！</ERRORSTRING><ERRORSTRING_EN>Image checksum error！</ERRORSTRING_EN></XML>')
('2015-03-21 10:40:07.103465', "client 52748588 bid 0 fd_price ack error {'errstring': '图像校验码错误！', 'errcode': '311'}")
('2015-03-21 10:40:19.003026', 'client 52748588 bid 0 fd_image info channel error')
('2015-03-21 10:40:52.027367', 'client 52567964 bid 0 fd_price info channel error')
('2015-03-21 10:40:52.145462', '\r\n\r\n\r\n\r\n\r\n\r\n\r\n\r\n\r\n\r\n<XML><ERRORCODE>311</ERRORCODE><ERRORSTRING>图像校验码错误！</ERRORSTRING><ERRORSTRING_EN>Image checksum error！</ERRORSTRING_EN></XML>')
('2015-03-21 10:40:52.145513', "client 52567964 bid 0 fd_price ack error {'errstring': '图像校验码错误！', 'errcode': '311'}")
('2015-03-21 10:41:04.827166', 'client 52748588 bid 0 fd_price info channel error')
('2015-03-21 10:41:04.942191', '\r\n\r\n\r\n\r\n\r\n\r\n\r\n\r\n\r\n\r\n<XML><ERRORCODE>311</ERRORCODE><ERRORSTRING>图像校验码错误！</ERRORSTRING><ERRORSTRING_EN>Image checksum error！</ERRORSTRING_EN></XML>')
('2015-03-21 10:41:04.942240', "client 52748588 bid 0 fd_price ack error {'errstring': '图像校验码错误！', 'errcode': '311'}")
('2015-03-21 11:30:03.998579', 'client 52748588 bid 2 fd_image Timeout')
('2015-03-21 11:30:04.001976', 'client 52790088 bid 2 fd_image Timeout')
('2015-03-21 11:30:05.470928', '\r\n\r\n\r\n\r\n\r\n\r\n\r\n\r\n\r\n\r\n\r\n<XML><ERRORCODE>110</ERRORCODE><ERRORSTRING>没有正在举行的拍卖会，请注意拍卖公告！</ERRORSTRING><ERRORSTRING_EN>Auction is not begin!</ERRORSTRING_EN></XML>')
('2015-03-21 11:30:05.471012', "client 52790088 bid 2 fd_image ack error {'body': '\\r\\n\\r\\n\\r\\n\\r\\n\\r\\n\\r\\n\\r\\n\\r\\n\\r\\n\\r\\n\\r\\n<XML><ERRORCODE>110</ERRORCODE><ERRORSTRING>没有正在举行的拍卖会，请注意拍卖公告！</ERRORSTRING><ERRORSTRING_EN>Auction is not begin!</ERRORSTRING_EN></XML>', 'status': 200, 'head': 'Connection: close\\nDate: Sat, 21 Mar 2015 03:30:05 GMT\\nServer: Microsoft-IIS/6.0\\nSet-Cookie: JSESSIONID=E6CC87F55A664DA7072D76A85F694F3D; Path=/car\\nContent-Type: text/html;charset=GBK\\nContent-Length: 178\\n\\n'}")
('2015-03-21 11:30:07.221529', '\r\n\r\n\r\n\r\n\r\n\r\n\r\n\r\n\r\n\r\n\r\n<XML><ERRORCODE>101</ERRORCODE><ERRORSTRING>您的操作太过频繁，请稍后再试！</ERRORSTRING><ERRORSTRING_EN>Please try again slightly!</ERRORSTRING_EN></XML>')
('2015-03-21 11:30:07.221589', "client 52790088 bid 2 fd_image ack error {'body': '\\r\\n\\r\\n\\r\\n\\r\\n\\r\\n\\r\\n\\r\\n\\r\\n\\r\\n\\r\\n\\r\\n<XML><ERRORCODE>101</ERRORCODE><ERRORSTRING>您的操作太过频繁，请稍后再试！</ERRORSTRING><ERRORSTRING_EN>Please try again slightly!</ERRORSTRING_EN></XML>', 'status': 200, 'head': 'Connection: close\\nDate: Sat, 21 Mar 2015 03:30:07 GMT\\nServer: Microsoft-IIS/6.0\\nSet-Cookie: JSESSIONID=2E48CF0B79A21F04D69DFD0B03BB1C64; Path=/car\\nContent-Type: text/html;charset=GBK\\nContent-Length: 175\\n\\n'}")
('2015-03-21 11:30:11.000459', 'client 52748588 bid 2 fd_image Timeout')
('2015-03-21 11:30:11.014674', '\r\n\r\n\r\n\r\n\r\n\r\n\r\n\r\n\r\n\r\n\r\n<XML><ERRORCODE>110</ERRORCODE><ERRORSTRING>没有正在举行的拍卖会，请注意拍卖公告！</ERRORSTRING><ERRORSTRING_EN>Auction is not begin!</ERRORSTRING_EN></XML>')
('2015-03-21 11:30:11.014729', "client 52748588 bid 2 fd_image ack error {'body': '\\r\\n\\r\\n\\r\\n\\r\\n\\r\\n\\r\\n\\r\\n\\r\\n\\r\\n\\r\\n\\r\\n<XML><ERRORCODE>110</ERRORCODE><ERRORSTRING>没有正在举行的拍卖会，请注意拍卖公告！</ERRORSTRING><ERRORSTRING_EN>Auction is not begin!</ERRORSTRING_EN></XML>', 'status': 200, 'head': 'Connection: close\\nDate: Sat, 21 Mar 2015 03:30:11 GMT\\nServer: Microsoft-IIS/6.0\\nSet-Cookie: JSESSIONID=FE415F4A7C4AB864FFCD4383945F6D8D; Path=/car\\nContent-Type: text/html;charset=GBK\\nContent-Length: 178\\n\\n'}")
('2015-03-21 11:30:52.481775', '\r\n\r\n\r\n\r\n\r\n\r\n\r\n\r\n\r\n\r\n<XML><ERRORCODE>110</ERRORCODE><ERRORSTRING>没有正在举行的拍卖会，请注意拍卖公告！</ERRORSTRING><ERRORSTRING_EN>Auction is not begin!</ERRORSTRING_EN></XML>\r\n')
('2015-03-21 11:30:52.481828', "client 52767414 bid 2 fd_price ack error {'errstring': '没有正在举行的拍卖会，请注意拍卖公告！', 'errcode': '110'}")
