('2015-03-21 09:55:39.043733', 'client 52790088 login 宋钧 220202196809262454')
('2015-03-21 09:55:39.281418', 'client 52710757 login 周红斌 110102196604052436')
('2015-03-21 09:55:40.539642', 'client 52730469 login 朱彤 310106196210020442')
('2015-03-21 09:55:40.783769', 'client 52748588 login 陶波 310115197812257210')
('2015-03-21 09:55:42.038515', 'client 52567964 login 宗雪 362502198302160828')
('2015-03-21 09:55:42.285128', 'client 52469069 login 周云涛 310108197204046213')
('2015-03-21 09:55:43.540287', 'client 52570118 login 张建忠 310230196511054772')
('2015-03-21 09:55:43.787478', 'client 52767414 login 汪萍 310107195806192845')
('2015-03-21 10:34:11.495131', 'client 52710757 bid 0 image 025E1BC4D4C52BBA838EE92B5F5D8C7C 453628 ')
('2015-03-21 10:34:14.217368', 'client 52567964 bid 0 image A0CCFB487D6BDB478BB72FA4D6D638CB 646491 ')
('2015-03-21 10:34:31.076974', 'client 52790088 bid 0 image CE2EB823814A24E4A1D822D23373EDFB 394638 ')
('2015-03-21 10:34:31.096943', 'client 52790088 bid 0 price 73700 宋钧 220202196809262454')
('2015-03-21 10:34:45.500500', 'client 52710757 bid 0 price Failed')
('2015-03-21 10:34:45.500622', 'client 52710757 bid 0 failed. Abort.....')
('2015-03-21 10:34:48.221908', 'client 52567964 bid 0 price Failed')
('2015-03-21 10:34:48.222029', 'client 52567964 bid 0 failed. Abort.....')
('2015-03-21 10:34:50.739991', 'client 52469069 bid 0 image BB3AA028C12CAAE113AD5AA8DB4ABBE3 636393 ')
('2015-03-21 10:34:50.762585', 'client 52469069 bid 0 price 73700 周云涛 310108197204046213')
('2015-03-21 10:34:53.934127', 'client 52767414 bid 0 image 23EF9210BF7D5A3BD32AC37405C6EEF6 649251 ')
('2015-03-21 10:34:53.955104', 'client 52767414 bid 0 price 73700 汪萍 310107195806192845')
('2015-03-21 10:34:59.490572', 'client 52710757 bid 0 image 1467CD45670BE1820EAC996AA8C05A1A 626391 ')
('2015-03-21 10:35:01.492664', 'client 52710757 bid 0 price 73700 meet err_112 周红斌 110102196604052436')
('2015-03-21 10:35:12.346581', 'client 52730469 bid 0 image 363CC4951E6E0C61396D78C0A1B6D299 826182 ')
('2015-03-21 10:35:12.371290', 'client 52730469 bid 0 price 73700 朱彤 310106196210020442')
('2015-03-21 10:35:18.060027', 'client 52567964 bid 0 image D156A686CCCE01872CACD1F1EF2BB159 050836 ')
('2015-03-21 10:35:19.708897', 'client 52570118 bid 0 image 594398122C9A72F6FE2E8991DD7AAE8E 361845 ')
('2015-03-21 10:35:22.848932', 'client 52570118 bid 0 price 73700 张建忠 310230196511054772')
('2015-03-21 10:35:31.038012', 'client 52748588 bid 0 image 8B79DB5BE172637E69221CA4C9DA130F 938060 ')
('2015-03-21 10:35:31.492944', 'client 52710757 bid 0 price Failed')
('2015-03-21 10:35:31.493072', 'client 52710757 bid 0 failed. Abort.....')
('2015-03-21 10:35:52.066489', 'client 52567964 bid 0 price Failed')
('2015-03-21 10:35:52.066627', 'client 52567964 bid 0 failed. Abort.....')
('2015-03-21 10:36:05.041787', 'client 52748588 bid 0 price Failed')
('2015-03-21 10:36:05.041876', 'client 52748588 bid 0 failed. Abort.....')
('2015-03-21 10:36:11.423760', 'client 52748588 bid 0 image FDB78391DB65A47F434431BC247309BA 538080 ')
('2015-03-21 10:36:45.433792', 'client 52748588 bid 0 price Failed')
('2015-03-21 10:36:45.433930', 'client 52748588 bid 0 failed. Abort.....')
('2015-03-21 10:38:18.502449', 'client 52748588 bid 0 image 985648AEF8124F41434E16A43F088744 516453 ')
('2015-03-21 10:38:52.519258', 'client 52748588 bid 0 price Failed')
('2015-03-21 10:38:52.519357', 'client 52748588 bid 0 failed. Abort.....')
('2015-03-21 11:29:37.111059', 'client 52730469 bid 1 image 67CACEA30AAF81156719203442897C28 608392 ')
('2015-03-21 11:29:37.150416', 'client 52567964 bid 1 image FB00661A69F54F3ED3AEE962BABFEFB1 548152 ')
('2015-03-21 11:29:37.159997', 'client 52469069 bid 1 image 8FAAE3DFEA9AFFD2DFA3FC23108C8950 808382 ')
('2015-03-21 11:29:37.176550', 'client 52710757 bid 1 image 7CBB14DCF4CD7443B4737ABD31055BD3 262628 ')
('2015-03-21 11:29:37.677195', 'client 52790088 bid 1 image 1B15425CEF5B1C26281FA81D8471672D 548252 ')
('2015-03-21 11:29:37.784451', 'client 52570118 bid 1 image 3EE3E32893F2DB8B5FA96A51BAC13557 084805 ')
('2015-03-21 11:29:43.538953', 'client 52767414 bid 1 image 855B1690527C3406E296B4F9FEB7A907 546051 ')
('2015-03-21 11:29:43.550212', 'client 52748588 bid 1 image 2889DE4F026563805CD72EDD94B83845 626483 ')
('2015-03-21 11:29:56.991121', 'client 52570118 bid 1 cancel')
('2015-03-21 11:29:56.991263', 'client 52570118 bid 1 price Failed')
('2015-03-21 11:29:56.991301', 'client 52570118 bid 1 failed. Abort.....')
('2015-03-21 11:29:56.992508', 'client 52567964 bid 1 cancel')
('2015-03-21 11:29:56.992550', 'client 52567964 bid 1 price Failed')
('2015-03-21 11:29:56.992580', 'client 52567964 bid 1 failed. Abort.....')
('2015-03-21 11:29:56.992903', 'client 52469069 bid 1 cancel')
('2015-03-21 11:29:56.992948', 'client 52469069 bid 1 price Failed')
('2015-03-21 11:29:56.992978', 'client 52469069 bid 1 failed. Abort.....')
('2015-03-21 11:29:56.993287', 'client 52710757 bid 1 cancel')
('2015-03-21 11:29:56.993344', 'client 52710757 bid 1 price Failed')
('2015-03-21 11:29:56.993379', 'client 52710757 bid 1 failed. Abort.....')
('2015-03-21 11:29:56.993700', 'client 52767414 bid 1 cancel')
('2015-03-21 11:29:56.993756', 'client 52767414 bid 1 price Failed')
('2015-03-21 11:29:56.993787', 'client 52767414 bid 1 failed. Abort.....')
('2015-03-21 11:29:56.994093', 'client 52748588 bid 1 cancel')
('2015-03-21 11:29:56.994149', 'client 52748588 bid 1 price Failed')
('2015-03-21 11:29:56.994182', 'client 52748588 bid 1 failed. Abort.....')
('2015-03-21 11:29:56.995050', 'client 52730469 bid 1 cancel')
('2015-03-21 11:29:56.995177', 'client 52730469 bid 1 price Failed')
('2015-03-21 11:29:56.995214', 'client 52730469 bid 1 failed. Abort.....')
('2015-03-21 11:29:56.997209', 'client 52790088 bid 1 cancel')
('2015-03-21 11:29:56.997254', 'client 52790088 bid 1 price Failed')
('2015-03-21 11:29:56.997285', 'client 52790088 bid 1 failed. Abort.....')
('2015-03-21 11:29:57.183137', 'client 52469069 bid 2 image 5764B9F421CE1317EDC7DF93C1DA1FA7 925491 ')
('2015-03-21 11:29:57.189338', 'client 52730469 bid 2 image C9FEB1E5557E071D2D34E50965871CE4 646290 ')
('2015-03-21 11:29:57.231824', 'client 52710757 bid 2 image D5E8CE8BA388B6492D2912C067033DE3 619391 ')
('2015-03-21 11:29:57.264992', 'client 52767414 bid 2 image 59AACD8B3A9E2B96DA5C9E824EC585E6 183816 ')
('2015-03-21 11:29:57.743629', 'client 52570118 bid 2 image 03D5376308AD19FCF3CB5BA526519056 506060 ')
('2015-03-21 11:29:57.785709', 'client 52567964 bid 2 image 3486B12208CA4D642721DE13F0B7935B 539490 ')
('2015-03-21 11:30:07.221994', 'client 52790088 bid 2 image Failed')
('2015-03-21 11:30:07.222104', 'client 52790088 bid 2 failed. Abort.....')
('2015-03-21 11:30:11.014980', 'client 52748588 bid 2 image Failed')
('2015-03-21 11:30:11.015024', 'client 52748588 bid 2 failed. Abort.....')
('2015-03-21 11:30:11.187963', 'client 52469069 bid 2 price Failed')
('2015-03-21 11:30:11.188093', 'client 52469069 bid 2 failed. Abort.....')
('2015-03-21 11:30:11.193674', 'client 52730469 bid 2 price Failed')
('2015-03-21 11:30:11.193725', 'client 52730469 bid 2 failed. Abort.....')
('2015-03-21 11:30:11.236090', 'client 52710757 bid 2 price Failed')
('2015-03-21 11:30:11.236187', 'client 52710757 bid 2 failed. Abort.....')
('2015-03-21 11:30:11.270320', 'client 52767414 bid 2 price Failed')
('2015-03-21 11:30:11.270451', 'client 52767414 bid 2 failed. Abort.....')
('2015-03-21 11:30:11.748823', 'client 52570118 bid 2 price Failed')
('2015-03-21 11:30:11.748965', 'client 52570118 bid 2 failed. Abort.....')
('2015-03-21 11:30:11.790132', 'client 52567964 bid 2 price Failed')
('2015-03-21 11:30:11.790248', 'client 52567964 bid 2 failed. Abort.....')
('2015-03-21 11:30:17.229839', "client 52790088 bids finished. price : ['73700', None, None] . Quit.....")
('2015-03-21 11:30:21.020277', 'client 52748588 bids finished. price : [None, None, None] . Quit.....')
('2015-03-21 11:30:21.198263', "client 52469069 bids finished. price : ['73700', None, None] . Quit.....")
('2015-03-21 11:30:21.200358', "client 52730469 bids finished. price : ['73700', None, None] . Quit.....")
('2015-03-21 11:30:21.246322', 'client 52710757 bids finished. price : [None, None, None] . Quit.....')
('2015-03-21 11:30:21.277872', "client 52767414 bids finished. price : ['73700', None, None] . Quit.....")
('2015-03-21 11:30:21.759105', "client 52570118 bids finished. price : ['73700', None, None] . Quit.....")
('2015-03-21 11:30:21.800420', 'client 52567964 bids finished. price : [None, None, None] . Quit.....')
