('2015-03-21 09:55:39.043001', 'client 52490529 login 张义力 522601198101280013')
('2015-03-21 09:55:39.227434', 'client 52476156 login 徐仪容 310108198112042826')
('2015-03-21 09:55:40.536112', 'client 52709643 login 孔宙林 310109198502231557')
('2015-03-21 09:55:40.729558', 'client 52457537 login 董文彬 310106195703281638')
('2015-03-21 09:55:42.038867', 'client 52564695 login 颜钰霞 370982198008134403')
('2015-03-21 09:55:42.231546', 'client 52761254 login 吕尧 610404198501162559')
('2015-03-21 09:55:43.537966', 'client 52717181 login 王从信 340202197507081019')
('2015-03-21 09:55:43.734576', 'client 52740388 login 刘春飞 320823197712235831')
('2015-03-21 10:34:29.273308', 'client 52740388 bid 0 image 46A0EBCC05D21BA3180F5FD388682902 646293 ')
('2015-03-21 10:34:31.046295', 'client 52457537 bid 0 image 6DE1D7ED057A5AA634808E677C0F22B8 454618 ')
('2015-03-21 10:35:03.278739', 'client 52740388 bid 0 price Failed')
('2015-03-21 10:35:03.278907', 'client 52740388 bid 0 failed. Abort.....')
('2015-03-21 10:35:05.050726', 'client 52457537 bid 0 price Failed')
('2015-03-21 10:35:05.050871', 'client 52457537 bid 0 failed. Abort.....')
('2015-03-21 10:35:09.921880', 'client 52740388 bid 0 image AA38C43C4DF59E308DA53CCC4299A27F 184646 ')
('2015-03-21 10:35:10.720158', 'client 52564695 bid 0 image 1087663E435278C54843498DC584B2D9 490926 ')
('2015-03-21 10:35:11.127686', 'client 52761254 bid 0 image A5F002446CB46C0D9538868C5CDA2F2D 283806 ')
('2015-03-21 10:35:14.077987', 'client 52709643 bid 0 image A496E65A8633A0D4A88DDF724A2820A1 083829 ')
('2015-03-21 10:35:20.589692', 'client 52476156 bid 0 image CF471A478304ABE8800B5C3D83002C97 826164 ')
('2015-03-21 10:35:20.628610', 'client 52490529 bid 0 image 3163E8D3795BBA73BB6202D252A02F1E 919161 ')
('2015-03-21 10:35:25.877016', 'client 52564695 bid 0 price 73700 颜钰霞 370982198008134403')
('2015-03-21 10:35:26.278190', 'client 52761254 bid 0 price 73700 吕尧 610404198501162559')
('2015-03-21 10:35:26.979952', 'client 52490529 bid 0 price 73700 张义力 522601198101280013')
('2015-03-21 10:35:27.068270', 'client 52476156 bid 0 price 73700 徐仪容 310108198112042826')
('2015-03-21 10:35:30.998532', 'client 52717181 bid 0 image 5D60B390FAD07F2A302FFB2D6CC4DA8F 464606 ')
('2015-03-21 10:35:31.019151', 'client 52717181 bid 0 price 73700 王从信 340202197507081019')
('2015-03-21 10:35:36.404491', 'client 52740388 bid 0 price 73700 刘春飞 320823197712235831')
('2015-03-21 10:35:47.775181', 'client 52457537 bid 0 image 1D72054583A78A0FA5DD9808E03CA37D 253609 ')
('2015-03-21 10:35:47.777350', 'client 52457537 bid 0 price 73700 董文彬 310106195703281638')
('2015-03-21 10:35:48.082739', 'client 52709643 bid 0 price Failed')
('2015-03-21 10:35:48.082876', 'client 52709643 bid 0 failed. Abort.....')
('2015-03-21 10:37:30.998171', 'client 52709643 bid 0 image 18C03F227391D7888A306EFAC27EA5B0 938192 ')
('2015-03-21 10:38:05.003008', 'client 52709643 bid 0 price Failed')
('2015-03-21 10:38:05.003127', 'client 52709643 bid 0 failed. Abort.....')
('2015-03-21 10:38:11.225903', 'client 52709643 bid 0 image 25E189E341CA4AD070B156C525D7FF5F 253836 ')
('2015-03-21 10:38:45.230736', 'client 52709643 bid 0 price Failed')
('2015-03-21 10:38:45.230901', 'client 52709643 bid 0 failed. Abort.....')
('2015-03-21 11:29:37.175096', 'client 52564695 bid 1 image 5BD553F674A871BFCA55A271DC099B52 835061 ')
('2015-03-21 11:29:38.583554', 'client 52490529 bid 1 image CB08354CA92CD91272DD43A2462598C3 649183 ')
('2015-03-21 11:29:38.597469', 'client 52457537 bid 1 image ABB42E0E28F504BEB9402A90475A466C 153808 ')
('2015-03-21 11:29:38.603303', 'client 52761254 bid 1 image 8BC725380CB969729C397FFB9261A3F6 381826 ')
('2015-03-21 11:29:38.632301', 'client 52717181 bid 1 image 0ADFB7B480E711FF33DD72D5FF676D91 360529 ')
('2015-03-21 11:29:38.695668', 'client 52709643 bid 1 image 76FFF80FD1B5CE006DDBB77F07871A27 362948 ')
('2015-03-21 11:29:43.548290', 'client 52476156 bid 1 image 194C70AF506C8F59370130E38DAB3A91 526294 ')
('2015-03-21 11:29:43.679129', 'client 52740388 bid 1 image 48F4AB41518128D88FB79DAACB729B1B 508353 ')
('2015-03-21 11:29:57.032895', 'client 52490529 bid 1 cancel')
('2015-03-21 11:29:57.033023', 'client 52490529 bid 1 price Failed')
('2015-03-21 11:29:57.033061', 'client 52490529 bid 1 failed. Abort.....')
('2015-03-21 11:29:57.033528', 'client 52457537 bid 1 cancel')
('2015-03-21 11:29:57.033637', 'client 52457537 bid 1 price Failed')
('2015-03-21 11:29:57.033675', 'client 52457537 bid 1 failed. Abort.....')
('2015-03-21 11:29:57.034762', 'client 52717181 bid 1 cancel')
('2015-03-21 11:29:57.034822', 'client 52717181 bid 1 price Failed')
('2015-03-21 11:29:57.034855', 'client 52717181 bid 1 failed. Abort.....')
('2015-03-21 11:29:57.035713', 'client 52740388 bid 1 cancel')
('2015-03-21 11:29:57.035775', 'client 52740388 bid 1 price Failed')
('2015-03-21 11:29:57.035807', 'client 52740388 bid 1 failed. Abort.....')
('2015-03-21 11:29:57.036659', 'client 52564695 bid 1 cancel')
('2015-03-21 11:29:57.036723', 'client 52564695 bid 1 price Failed')
('2015-03-21 11:29:57.036757', 'client 52564695 bid 1 failed. Abort.....')
('2015-03-21 11:29:57.037651', 'client 52761254 bid 1 cancel')
('2015-03-21 11:29:57.037723', 'client 52761254 bid 1 price Failed')
('2015-03-21 11:29:57.037754', 'client 52761254 bid 1 failed. Abort.....')
('2015-03-21 11:29:57.039226', 'client 52709643 bid 1 cancel')
('2015-03-21 11:29:57.039284', 'client 52709643 bid 1 price Failed')
('2015-03-21 11:29:57.039316', 'client 52709643 bid 1 failed. Abort.....')
('2015-03-21 11:29:57.041459', 'client 52476156 bid 1 cancel')
('2015-03-21 11:29:57.041511', 'client 52476156 bid 1 price Failed')
('2015-03-21 11:29:57.041542', 'client 52476156 bid 1 failed. Abort.....')
('2015-03-21 11:29:57.203901', 'client 52761254 bid 2 image CFE5C129D751EC1B531EEC0D0606BDD9 826394 ')
('2015-03-21 11:29:57.232821', 'client 52564695 bid 2 image D40FE2A69CFBD6A42D204E0CC790AE06 290626 ')
('2015-03-21 11:29:57.363298', 'client 52457537 bid 2 image 66F5D78C1B0B0CAD585815219A764801 451918 ')
('2015-03-21 11:29:57.799431', 'client 52717181 bid 2 image 568174CD5AE4F1D5288D4C822BEB00BC 462606 ')
('2015-03-21 11:29:57.808559', 'client 52740388 bid 2 image E956F7C7BC91E6ED4E64FC23A2F728A6 260625 ')
('2015-03-21 11:30:11.209915', 'client 52761254 bid 2 price Failed')
('2015-03-21 11:30:11.210068', 'client 52761254 bid 2 failed. Abort.....')
('2015-03-21 11:30:11.238919', 'client 52564695 bid 2 price Failed')
('2015-03-21 11:30:11.239060', 'client 52564695 bid 2 failed. Abort.....')
('2015-03-21 11:30:11.368366', 'client 52457537 bid 2 price Failed')
('2015-03-21 11:30:11.368509', 'client 52457537 bid 2 failed. Abort.....')
('2015-03-21 11:30:11.684336', 'client 52476156 bid 2 image Failed')
('2015-03-21 11:30:11.684428', 'client 52476156 bid 2 failed. Abort.....')
('2015-03-21 11:30:11.805403', 'client 52717181 bid 2 price Failed')
('2015-03-21 11:30:11.805547', 'client 52717181 bid 2 failed. Abort.....')
('2015-03-21 11:30:11.813637', 'client 52740388 bid 2 price Failed')
('2015-03-21 11:30:11.813695', 'client 52740388 bid 2 failed. Abort.....')
('2015-03-21 11:30:14.047775', 'client 52709643 bid 2 image Failed')
('2015-03-21 11:30:14.047814', 'client 52709643 bid 2 failed. Abort.....')
('2015-03-21 11:30:18.047894', 'client 52490529 bid 2 image Failed')
('2015-03-21 11:30:18.047934', 'client 52490529 bid 2 failed. Abort.....')
('2015-03-21 11:30:21.220193', "client 52761254 bids finished. price : ['73700', None, None] . Quit.....")
('2015-03-21 11:30:21.240502', "client 52564695 bids finished. price : ['73700', None, None] . Quit.....")
('2015-03-21 11:30:21.378613', "client 52457537 bids finished. price : ['73700', None, None] . Quit.....")
('2015-03-21 11:30:21.691216', "client 52476156 bids finished. price : ['73700', None, None] . Quit.....")
('2015-03-21 11:30:21.815681', "client 52717181 bids finished. price : ['73700', None, None] . Quit.....")
('2015-03-21 11:30:21.816168', "client 52740388 bids finished. price : ['73700', None, None] . Quit.....")
('2015-03-21 11:30:24.057941', 'client 52709643 bids finished. price : [None, None, None] . Quit.....')
('2015-03-21 11:30:28.048754', "client 52490529 bids finished. price : ['73700', None, None] . Quit.....")
