('2015-03-21 10:34:31.817551', 'client 52476156 bid 0 fd_image Timeout')
('2015-03-21 10:34:31.819273', 'client 52564695 bid 0 fd_image Timeout')
('2015-03-21 10:34:31.819681', 'client 52717181 bid 0 fd_image Timeout')
('2015-03-21 10:34:31.820030', 'client 52490529 bid 0 fd_image Timeout')
('2015-03-21 10:34:31.820541', 'client 52709643 bid 0 fd_image Timeout')
('2015-03-21 10:34:31.822358', 'client 52761254 bid 0 fd_image Timeout')
('2015-03-21 10:35:01.819766', 'client 52476156 bid 0 fd_image Timeout')
('2015-03-21 10:35:01.824217', 'client 52717181 bid 0 fd_image Timeout')
('2015-03-21 10:35:01.824595', 'client 52761254 bid 0 fd_image Timeout')
('2015-03-21 10:35:01.825453', 'client 52564695 bid 0 fd_image Timeout')
('2015-03-21 10:35:01.825772', 'client 52709643 bid 0 fd_image Timeout')
('2015-03-21 10:35:01.826667', 'client 52490529 bid 0 fd_image Timeout')
('2015-03-21 10:35:31.012762', '\r\n\r\n\r\n\r\n\r\n\r\n\r\n\r\n\r\n\r\n<XML><ERRORCODE>311</ERRORCODE><ERRORSTRING>图像校验码错误！</ERRORSTRING><ERRORSTRING_EN>Image checksum error！</ERRORSTRING_EN></XML>')
('2015-03-21 10:35:31.012811', "client 52717181 bid 0 fd_price ack error {'errcode': '311', 'errstring': '图像校验码错误！'}")
('2015-03-21 10:35:33.485460', '\r\n\r\n\r\n\r\n\r\n\r\n\r\n\r\n\r\n\r\n<XML><ERRORCODE>311</ERRORCODE><ERRORSTRING>图像校验码错误！</ERRORSTRING><ERRORSTRING_EN>Image checksum error！</ERRORSTRING_EN></XML>')
('2015-03-21 10:35:33.485549', "client 52476156 bid 0 fd_price ack error {'errcode': '311', 'errstring': '图像校验码错误！'}")
('2015-03-21 10:35:33.774056', '\r\n\r\n\r\n\r\n\r\n\r\n\r\n\r\n\r\n\r\n<XML><ERRORCODE>311</ERRORCODE><ERRORSTRING>图像校验码错误！</ERRORSTRING><ERRORSTRING_EN>Image checksum error！</ERRORSTRING_EN></XML>')
('2015-03-21 10:35:33.774109', "client 52490529 bid 0 fd_price ack error {'errcode': '311', 'errstring': '图像校验码错误！'}")
('2015-03-21 10:35:36.398131', '\r\n\r\n\r\n\r\n\r\n\r\n\r\n\r\n\r\n\r\n<XML><ERRORCODE>311</ERRORCODE><ERRORSTRING>图像校验码错误！</ERRORSTRING><ERRORSTRING_EN>Image checksum error！</ERRORSTRING_EN></XML>')
('2015-03-21 10:35:36.398183', "client 52740388 bid 0 fd_price ack error {'errcode': '311', 'errstring': '图像校验码错误！'}")
('2015-03-21 10:35:37.101526', '\r\n\r\n\r\n\r\n\r\n\r\n\r\n\r\n\r\n\r\n<XML><ERRORCODE>311</ERRORCODE><ERRORSTRING>图像校验码错误！</ERRORSTRING><ERRORSTRING_EN>Image checksum error！</ERRORSTRING_EN></XML>')
('2015-03-21 10:35:37.101574', "client 52761254 bid 0 fd_price ack error {'errcode': '311', 'errstring': '图像校验码错误！'}")
('2015-03-21 10:35:37.230032', '\r\n\r\n\r\n\r\n\r\n\r\n\r\n\r\n\r\n\r\n<XML><ERRORCODE>311</ERRORCODE><ERRORSTRING>图像校验码错误！</ERRORSTRING><ERRORSTRING_EN>Image checksum error！</ERRORSTRING_EN></XML>')
('2015-03-21 10:35:37.230112', "client 52564695 bid 0 fd_price ack error {'errcode': '311', 'errstring': '图像校验码错误！'}")
('2015-03-21 10:35:37.612614', '\r\n\r\n\r\n\r\n\r\n\r\n\r\n\r\n\r\n\r\n<XML><ERRORCODE>311</ERRORCODE><ERRORSTRING>图像校验码错误！</ERRORSTRING><ERRORSTRING_EN>Image checksum error！</ERRORSTRING_EN></XML>')
('2015-03-21 10:35:37.612672', "client 52761254 bid 0 fd_price ack error {'errcode': '311', 'errstring': '图像校验码错误！'}")
('2015-03-21 10:36:06.473985', 'client 52709643 bid 0 fd_price info channel error')
('2015-03-21 10:36:18.084662', 'client 52709643 bid 0 fd_image Timeout')
('2015-03-21 10:36:27.235551', 'client 52709643 bid 0 fd_image info channel error')
('2015-03-21 10:36:27.305480', 'client 52564695 bid 0 fd_image info channel error')
('2015-03-21 10:36:27.775501', 'client 52761254 bid 0 fd_image info channel error')
('2015-03-21 10:36:27.775574', 'client 52717181 bid 0 fd_image info channel error')
('2015-03-21 10:36:39.954673', '\r\n\r\n\r\n\r\n\r\n\r\n\r\n\r\n\r\n\r\n<XML><ERRORCODE>112</ERRORCODE><ERRORSTRING>首次出价时段不能进行修改出价！</ERRORSTRING><ERRORSTRING_EN>Can not modify the bid amount in bid time!</ERRORSTRING_EN></XML>\r\n')
('2015-03-21 10:36:39.954727', "client 52457537 bid 0 fd_price ack error {'errcode': '112', 'errstring': '首次出价时段不能进行修改出价！'}")
('2015-03-21 10:36:43.522979', 'client 52457537 bid 0 fd_price info channel error')
('2015-03-21 10:36:43.640479', '\r\n\r\n\r\n\r\n\r\n\r\n\r\n\r\n\r\n\r\n<XML><ERRORCODE>311</ERRORCODE><ERRORSTRING>图像校验码错误！</ERRORSTRING><ERRORSTRING_EN>Image checksum error！</ERRORSTRING_EN></XML>')
('2015-03-21 10:36:43.640529', "client 52457537 bid 0 fd_price ack error {'errcode': '311', 'errstring': '图像校验码错误！'}")
('2015-03-21 10:36:48.085785', 'client 52709643 bid 0 fd_image Timeout')
('2015-03-21 10:36:58.553394', 'client 52457537 bid 0 fd_price info channel error')
('2015-03-21 10:37:02.921325', 'client 52709643 bid 0 fd_price info channel error')
('2015-03-21 10:37:03.036315', '\r\n\r\n\r\n\r\n\r\n\r\n\r\n\r\n\r\n\r\n<XML><ERRORCODE>311</ERRORCODE><ERRORSTRING>图像校验码错误！</ERRORSTRING><ERRORSTRING_EN>Image checksum error！</ERRORSTRING_EN></XML>')
('2015-03-21 10:37:03.036365', "client 52709643 bid 0 fd_price ack error {'errcode': '311', 'errstring': '图像校验码错误！'}")
('2015-03-21 10:37:31.021321', '\r\n\r\n\r\n\r\n\r\n\r\n\r\n\r\n\r\n\r\n<XML><ERRORCODE>311</ERRORCODE><ERRORSTRING>图像校验码错误！</ERRORSTRING><ERRORSTRING_EN>Image checksum error！</ERRORSTRING_EN></XML>')
('2015-03-21 10:37:31.021369', "client 52709643 bid 0 fd_price ack error {'errcode': '311', 'errstring': '图像校验码错误！'}")
('2015-03-21 10:37:31.337317', 'client 52709643 bid 0 fd_image info channel error')
('2015-03-21 10:37:31.337383', 'client 52564695 bid 0 fd_image info channel error')
('2015-03-21 10:37:51.821172', '\r\n\r\n\r\n\r\n\r\n\r\n\r\n\r\n\r\n\r\n<XML><ERRORCODE>311</ERRORCODE><ERRORSTRING>图像校验码错误！</ERRORSTRING><ERRORSTRING_EN>Image checksum error！</ERRORSTRING_EN></XML>')
('2015-03-21 10:37:51.821224', "client 52457537 bid 0 fd_price ack error {'errcode': '311', 'errstring': '图像校验码错误！'}")
('2015-03-21 10:38:05.385271', 'client 52476156 bid 0 fd_image info channel error')
('2015-03-21 10:38:05.385873', 'client 52490529 bid 0 fd_image info channel error')
('2015-03-21 10:38:13.926137', 'client 52564695 bid 0 fd_price info channel error')
('2015-03-21 10:38:26.386536', '\r\n\r\n\r\n\r\n\r\n\r\n\r\n\r\n\r\n\r\n<XML><ERRORCODE>112</ERRORCODE><ERRORSTRING>首次出价时段不能进行修改出价！</ERRORSTRING><ERRORSTRING_EN>Can not modify the bid amount in bid time!</ERRORSTRING_EN></XML>\r\n')
('2015-03-21 10:38:26.386589', "client 52709643 bid 0 fd_price ack error {'errcode': '112', 'errstring': '首次出价时段不能进行修改出价！'}")
('2015-03-21 10:38:44.052829', 'client 52709643 bid 0 fd_price info channel error')
('2015-03-21 10:38:44.106329', 'client 52761254 bid 0 fd_price info channel error')
('2015-03-21 10:38:44.110388', 'client 52709643 bid 0 fd_price info channel error')
('2015-03-21 10:38:44.330752', 'client 52457537 bid 0 fd_price info channel error')
('2015-03-21 10:38:45.577782', 'client 52740388 bid 0 fd_price info channel error')
('2015-03-21 10:38:45.697699', '\r\n\r\n\r\n\r\n\r\n\r\n\r\n\r\n\r\n\r\n<XML><ERRORCODE>311</ERRORCODE><ERRORSTRING>图像校验码错误！</ERRORSTRING><ERRORSTRING_EN>Image checksum error！</ERRORSTRING_EN></XML>')
('2015-03-21 10:38:45.697751', "client 52740388 bid 0 fd_price ack error {'errcode': '311', 'errstring': '图像校验码错误！'}")
('2015-03-21 10:38:57.102193', '\r\n\r\n\r\n\r\n\r\n\r\n\r\n\r\n\r\n\r\n<XML><ERRORCODE>311</ERRORCODE><ERRORSTRING>图像校验码错误！</ERRORSTRING><ERRORSTRING_EN>Image checksum error！</ERRORSTRING_EN></XML>')
('2015-03-21 10:38:57.102244', "client 52709643 bid 0 fd_price ack error {'errcode': '311', 'errstring': '图像校验码错误！'}")
('2015-03-21 10:38:57.357955', '\r\n\r\n\r\n\r\n\r\n\r\n\r\n\r\n\r\n\r\n<XML><ERRORCODE>311</ERRORCODE><ERRORSTRING>图像校验码错误！</ERRORSTRING><ERRORSTRING_EN>Image checksum error！</ERRORSTRING_EN></XML>')
('2015-03-21 10:38:57.358007', "client 52761254 bid 0 fd_price ack error {'errcode': '311', 'errstring': '图像校验码错误！'}")
('2015-03-21 10:38:57.581545', '\r\n\r\n\r\n\r\n\r\n\r\n\r\n\r\n\r\n\r\n<XML><ERRORCODE>311</ERRORCODE><ERRORSTRING>图像校验码错误！</ERRORSTRING><ERRORSTRING_EN>Image checksum error！</ERRORSTRING_EN></XML>')
('2015-03-21 10:38:57.581629', "client 52457537 bid 0 fd_price ack error {'errcode': '311', 'errstring': '图像校验码错误！'}")
('2015-03-21 10:39:04.397574', '\r\n\r\n\r\n\r\n\r\n\r\n\r\n\r\n\r\n\r\n<XML><ERRORCODE>311</ERRORCODE><ERRORSTRING>图像校验码错误！</ERRORSTRING><ERRORSTRING_EN>Image checksum error！</ERRORSTRING_EN></XML>')
('2015-03-21 10:39:04.397674', "client 52709643 bid 0 fd_price ack error {'errcode': '311', 'errstring': '图像校验码错误！'}")
('2015-03-21 10:39:35.753446', 'client 52761254 bid 0 fd_image info channel error')
('2015-03-21 10:39:35.753989', 'client 52476156 bid 0 fd_image info channel error')
('2015-03-21 10:39:35.754268', 'client 52490529 bid 0 fd_image info channel error')
('2015-03-21 10:39:35.754335', 'client 52717181 bid 0 fd_image info channel error')
('2015-03-21 10:39:36.009489', 'client 52709643 bid 0 fd_price info channel error')
('2015-03-21 10:39:36.128401', '\r\n\r\n\r\n\r\n\r\n\r\n\r\n\r\n\r\n\r\n<XML><ERRORCODE>311</ERRORCODE><ERRORSTRING>图像校验码错误！</ERRORSTRING><ERRORSTRING_EN>Image checksum error！</ERRORSTRING_EN></XML>')
('2015-03-21 10:39:36.128450', "client 52709643 bid 0 fd_price ack error {'errcode': '311', 'errstring': '图像校验码错误！'}")
('2015-03-21 10:39:50.187245', 'client 52709643 bid 0 fd_price info channel error')
('2015-03-21 10:39:59.821348', '\r\n\r\n\r\n\r\n\r\n\r\n\r\n\r\n\r\n\r\n<XML><ERRORCODE>311</ERRORCODE><ERRORSTRING>图像校验码错误！</ERRORSTRING><ERRORSTRING_EN>Image checksum error！</ERRORSTRING_EN></XML>')
('2015-03-21 10:39:59.821401', "client 52709643 bid 0 fd_price ack error {'errcode': '311', 'errstring': '图像校验码错误！'}")
('2015-03-21 10:40:00.589393', '\r\n\r\n\r\n\r\n\r\n\r\n\r\n\r\n\r\n\r\n<XML><ERRORCODE>311</ERRORCODE><ERRORSTRING>图像校验码错误！</ERRORSTRING><ERRORSTRING_EN>Image checksum error！</ERRORSTRING_EN></XML>')
('2015-03-21 10:40:00.589446', "client 52564695 bid 0 fd_price ack error {'errcode': '311', 'errstring': '图像校验码错误！'}")
('2015-03-21 10:40:00.841795', 'client 52740388 bid 0 fd_price info channel error')
('2015-03-21 10:40:00.972079', '\r\n\r\n\r\n\r\n\r\n\r\n\r\n\r\n\r\n\r\n<XML><ERRORCODE>311</ERRORCODE><ERRORSTRING>图像校验码错误！</ERRORSTRING><ERRORSTRING_EN>Image checksum error！</ERRORSTRING_EN></XML>')
('2015-03-21 10:40:00.972128', "client 52740388 bid 0 fd_price ack error {'errcode': '311', 'errstring': '图像校验码错误！'}")
('2015-03-21 10:40:02.889520', 'client 52740388 bid 0 fd_price info channel error')
('2015-03-21 10:40:13.479179', 'client 52709643 bid 0 fd_price info channel error')
('2015-03-21 10:40:13.591270', '\r\n\r\n\r\n\r\n\r\n\r\n\r\n\r\n\r\n\r\n<XML><ERRORCODE>311</ERRORCODE><ERRORSTRING>图像校验码错误！</ERRORSTRING><ERRORSTRING_EN>Image checksum error！</ERRORSTRING_EN></XML>')
('2015-03-21 10:40:13.591320', "client 52709643 bid 0 fd_price ack error {'errcode': '311', 'errstring': '图像校验码错误！'}")
('2015-03-21 10:40:13.846585', 'client 52709643 bid 0 fd_price info channel error')
('2015-03-21 10:40:16.782463', '\r\n\r\n\r\n\r\n\r\n\r\n\r\n\r\n\r\n\r\n<XML><ERRORCODE>311</ERRORCODE><ERRORSTRING>图像校验码错误！</ERRORSTRING><ERRORSTRING_EN>Image checksum error！</ERRORSTRING_EN></XML>')
('2015-03-21 10:40:16.782516', "client 52709643 bid 0 fd_price ack error {'errcode': '311', 'errstring': '图像校验码错误！'}")
('2015-03-21 10:40:40.265436', 'client 52564695 bid 0 fd_price info channel error')
('2015-03-21 10:40:40.381415', '\r\n\r\n\r\n\r\n\r\n\r\n\r\n\r\n\r\n\r\n<XML><ERRORCODE>311</ERRORCODE><ERRORSTRING>图像校验码错误！</ERRORSTRING><ERRORSTRING_EN>Image checksum error！</ERRORSTRING_EN></XML>')
('2015-03-21 10:40:40.381464', "client 52564695 bid 0 fd_price ack error {'errcode': '311', 'errstring': '图像校验码错误！'}")
('2015-03-21 10:40:52.041484', 'client 52476156 bid 0 fd_price info channel error')
('2015-03-21 10:40:52.154763', '\r\n\r\n\r\n\r\n\r\n\r\n\r\n\r\n\r\n\r\n<XML><ERRORCODE>311</ERRORCODE><ERRORSTRING>图像校验码错误！</ERRORSTRING><ERRORSTRING_EN>Image checksum error！</ERRORSTRING_EN></XML>')
('2015-03-21 10:40:52.154813', "client 52476156 bid 0 fd_price ack error {'errcode': '311', 'errstring': '图像校验码错误！'}")
('2015-03-21 10:40:56.137686', 'client 52490529 bid 0 fd_price info channel error')
('2015-03-21 10:40:56.257535', '\r\n\r\n\r\n\r\n\r\n\r\n\r\n\r\n\r\n\r\n<XML><ERRORCODE>311</ERRORCODE><ERRORSTRING>图像校验码错误！</ERRORSTRING><ERRORSTRING_EN>Image checksum error！</ERRORSTRING_EN></XML>')
('2015-03-21 10:40:56.257587', "client 52490529 bid 0 fd_price ack error {'errcode': '311', 'errstring': '图像校验码错误！'}")
('2015-03-21 10:41:47.849740', 'client 52709643 bid 0 fd_image info channel error')
('2015-03-21 10:42:01.162187', 'client 52740388 bid 0 fd_price info channel error')
('2015-03-21 10:42:01.162388', 'client 52457537 bid 0 fd_price info channel error')
('2015-03-21 10:42:02.467715', 'client 52457537 bid 0 fd_price get channel Failed')
('2015-03-21 10:42:02.468360', 'client 52740388 bid 0 fd_price get channel Failed')
('2015-03-21 10:42:03.209819', 'client 52740388 bid 0 fd_price info channel error')
('2015-03-21 10:42:04.512155', 'client 52740388 bid 0 fd_price get channel Failed')
('2015-03-21 11:30:04.041990', 'client 52709643 bid 2 fd_image Timeout')
('2015-03-21 11:30:04.043444', 'client 52490529 bid 2 fd_image Timeout')
('2015-03-21 11:30:04.043743', 'client 52476156 bid 2 fd_image Timeout')
('2015-03-21 11:30:04.262841', '\r\n\r\n\r\n\r\n\r\n\r\n\r\n\r\n\r\n\r\n\r\n<XML><ERRORCODE>110</ERRORCODE><ERRORSTRING>没有正在举行的拍卖会，请注意拍卖公告！</ERRORSTRING><ERRORSTRING_EN>Auction is not begin!</ERRORSTRING_EN></XML>')
('2015-03-21 11:30:04.262900', "client 52709643 bid 2 fd_image ack error {'status': 200, 'head': 'Connection: close\\nDate: Sat, 21 Mar 2015 03:30:04 GMT\\nServer: Microsoft-IIS/6.0\\nSet-Cookie: JSESSIONID=6268F80FD85FF69BD13E9151725C4304; Path=/car\\nContent-Type: text/html;charset=GBK\\nContent-Length: 178\\n\\n', 'body': '\\r\\n\\r\\n\\r\\n\\r\\n\\r\\n\\r\\n\\r\\n\\r\\n\\r\\n\\r\\n\\r\\n<XML><ERRORCODE>110</ERRORCODE><ERRORSTRING>没有正在举行的拍卖会，请注意拍卖公告！</ERRORSTRING><ERRORSTRING_EN>Auction is not begin!</ERRORSTRING_EN></XML>'}")
('2015-03-21 11:30:11.044868', 'client 52476156 bid 2 fd_image Timeout')
('2015-03-21 11:30:11.046313', 'client 52490529 bid 2 fd_image Timeout')
('2015-03-21 11:30:11.683970', '\r\n\r\n\r\n\r\n\r\n\r\n\r\n\r\n\r\n\r\n\r\n<XML><ERRORCODE>110</ERRORCODE><ERRORSTRING>没有正在举行的拍卖会，请注意拍卖公告！</ERRORSTRING><ERRORSTRING_EN>Auction is not begin!</ERRORSTRING_EN></XML>')
('2015-03-21 11:30:11.684030', "client 52476156 bid 2 fd_image ack error {'status': 200, 'head': 'Connection: close\\nDate: Sat, 21 Mar 2015 03:30:11 GMT\\nServer: Microsoft-IIS/6.0\\nSet-Cookie: JSESSIONID=54ECC7BD4502F0A76D4CAEC064CB4A5E; Path=/car\\nContent-Type: text/html;charset=GBK\\nContent-Length: 178\\n\\n', 'body': '\\r\\n\\r\\n\\r\\n\\r\\n\\r\\n\\r\\n\\r\\n\\r\\n\\r\\n\\r\\n\\r\\n<XML><ERRORCODE>110</ERRORCODE><ERRORSTRING>没有正在举行的拍卖会，请注意拍卖公告！</ERRORSTRING><ERRORSTRING_EN>Auction is not begin!</ERRORSTRING_EN></XML>'}")
('2015-03-21 11:30:14.047620', 'client 52709643 bid 2 fd_image Timeout')
('2015-03-21 11:30:18.047743', 'client 52490529 bid 2 fd_image Timeout')
