('2015-03-21 09:55:39.178348', 'worker [5] started')
('2015-03-21 09:55:39.178412', 'client 8 initted')
('2015-03-21 09:55:40.525807', 'put_channel : channel login, group 1, time 2015-03-21 09:55:40.525737')
('2015-03-21 09:55:40.529246', 'fd_channel : login[0] 0 login[1] 0 , tb0[0] 0 tb0[1] 0 , tb1[0] 0 tb1[1] 0')
('2015-03-21 09:55:40.529661', 'put_channel : channel login, group 0, time 2015-03-21 09:55:40.529621')
('2015-03-21 09:55:40.677403', 'fd_channel : login[0] 0 login[1] 0 , tb0[0] 0 tb0[1] 0 , tb1[0] 0 tb1[1] 0')
('2015-03-21 09:55:42.025791', 'put_channel : channel login, group 1, time 2015-03-21 09:55:42.025689')
('2015-03-21 09:55:42.026302', 'fd_channel : login[0] 0 login[1] 0 , tb0[0] 0 tb0[1] 0 , tb1[0] 0 tb1[1] 0')
('2015-03-21 09:55:42.026969', 'put_channel : channel login, group 0, time 2015-03-21 09:55:42.026924')
('2015-03-21 09:55:42.179127', 'fd_channel : login[0] 0 login[1] 0 , tb0[0] 0 tb0[1] 0 , tb1[0] 0 tb1[1] 0')
('2015-03-21 09:55:43.525619', 'put_channel : channel login, group 1, time 2015-03-21 09:55:43.525542')
('2015-03-21 09:55:43.526048', 'fd_channel : login[0] 0 login[1] 0 , tb0[0] 0 tb0[1] 0 , tb1[0] 0 tb1[1] 0')
('2015-03-21 09:55:43.526628', 'put_channel : channel login, group 0, time 2015-03-21 09:55:43.526588')
('2015-03-21 09:55:43.680767', 'fd_channel : login[0] 0 login[1] 0 , tb0[0] 0 tb0[1] 0 , tb1[0] 0 tb1[1] 0')
('2015-03-21 09:55:45.025580', 'put_channel : channel login, group 0, time 2015-03-21 09:55:45.025474')
('2015-03-21 09:55:45.026393', 'put_channel : channel login, group 1, time 2015-03-21 09:55:45.026357')
('2015-03-21 09:55:45.026918', 'fd_channel : login[0] 1 login[1] 0 , tb0[0] 0 tb0[1] 0 , tb1[0] 0 tb1[1] 0')
('2015-03-21 09:55:45.182298', 'fd_channel : login[0] 0 login[1] 0 , tb0[0] 0 tb0[1] 0 , tb1[0] 0 tb1[1] 0')
('2015-03-21 10:32:34.525967', 'put_channel : channel tb0, group 1, time 2015-03-21 10:32:34.525889')
('2015-03-21 10:32:34.528388', 'put_channel : channel tb0, group 0, time 2015-03-21 10:32:34.528351')
('2015-03-21 10:32:35.522046', 'put_channel : channel tb0, group 1, time 2015-03-21 10:32:35.521967')
('2015-03-21 10:32:35.523032', 'put_channel : channel tb0, group 0, time 2015-03-21 10:32:35.522990')
('2015-03-21 10:32:36.026149', 'put_channel : channel tb0, group 1, time 2015-03-21 10:32:36.026066')
('2015-03-21 10:32:36.026457', 'put_channel : channel tb0, group 1, time 2015-03-21 10:32:36.026418')
('2015-03-21 10:32:36.026637', 'put_channel : channel tb0, group 0, time 2015-03-21 10:32:36.026557')
('2015-03-21 10:32:37.525725', 'put_channel : channel tb0, group 1, time 2015-03-21 10:32:37.525647')
('2015-03-21 10:32:37.526987', 'put_channel : channel tb0, group 0, time 2015-03-21 10:32:37.526950')
('2015-03-21 10:32:39.025799', 'put_channel : channel tb0, group 1, time 2015-03-21 10:32:39.025723')
('2015-03-21 10:32:39.026169', 'put_channel : channel tb0, group 0, time 2015-03-21 10:32:39.026127')
('2015-03-21 10:32:39.147808', 'put_channel : channel tb0, group 0, time 2015-03-21 10:32:39.147745')
('2015-03-21 10:32:40.525349', 'put_channel : channel tb0, group 1, time 2015-03-21 10:32:40.525271')
('2015-03-21 10:32:40.526012', 'put_channel : channel tb0, group 0, time 2015-03-21 10:32:40.525976')
('2015-03-21 10:32:42.025429', 'put_channel : channel tb0, group 0, time 2015-03-21 10:32:42.025353')
('2015-03-21 10:32:42.027135', 'put_channel : channel tb0, group 1, time 2015-03-21 10:32:42.027098')
('2015-03-21 10:32:43.525856', 'put_channel : channel tb0, group 1, time 2015-03-21 10:32:43.525772')
('2015-03-21 10:32:43.526579', 'put_channel : channel tb0, group 0, time 2015-03-21 10:32:43.526540')
('2015-03-21 10:32:45.023803', 'put_channel : channel tb0, group 1, time 2015-03-21 10:32:45.023729')
('2015-03-21 10:32:45.026181', 'put_channel : channel tb0, group 0, time 2015-03-21 10:32:45.026142')
('2015-03-21 10:32:46.525555', 'put_channel : channel tb0, group 0, time 2015-03-21 10:32:46.525484')
('2015-03-21 10:32:46.525859', 'put_channel : channel tb0, group 1, time 2015-03-21 10:32:46.525821')
('2015-03-21 10:32:48.025292', 'put_channel : channel tb0, group 1, time 2015-03-21 10:32:48.025218')
('2015-03-21 10:32:48.025915', 'put_channel : channel tb0, group 0, time 2015-03-21 10:32:48.025878')
('2015-03-21 10:32:49.525223', 'put_channel : channel tb0, group 1, time 2015-03-21 10:32:49.525133')
('2015-03-21 10:32:49.525929', 'put_channel : channel tb0, group 0, time 2015-03-21 10:32:49.525888')
('2015-03-21 10:32:51.026405', 'put_channel : channel tb0, group 0, time 2015-03-21 10:32:51.026343')
('2015-03-21 10:32:51.026962', 'put_channel : channel tb0, group 1, time 2015-03-21 10:32:51.026855')
('2015-03-21 10:32:52.525360', 'put_channel : channel tb0, group 1, time 2015-03-21 10:32:52.525275')
('2015-03-21 10:32:52.527322', 'put_channel : channel tb0, group 0, time 2015-03-21 10:32:52.527250')
('2015-03-21 10:32:54.025697', 'put_channel : channel tb0, group 0, time 2015-03-21 10:32:54.025620')
('2015-03-21 10:32:54.026305', 'put_channel : channel tb0, group 1, time 2015-03-21 10:32:54.026263')
('2015-03-21 10:32:55.525690', 'put_channel : channel tb0, group 0, time 2015-03-21 10:32:55.525608')
('2015-03-21 10:32:55.525852', 'put_channel : channel tb0, group 1, time 2015-03-21 10:32:55.525810')
('2015-03-21 10:32:57.025485', 'put_channel : channel tb0, group 1, time 2015-03-21 10:32:57.025419')
('2015-03-21 10:32:57.025917', 'put_channel : channel tb0, group 0, time 2015-03-21 10:32:57.025847')
('2015-03-21 10:32:58.526919', 'put_channel : channel tb0, group 0, time 2015-03-21 10:32:58.526830')
('2015-03-21 10:32:58.527303', 'put_channel : channel tb0, group 1, time 2015-03-21 10:32:58.527232')
('2015-03-21 10:33:00.026657', 'put_channel : channel tb0, group 0, time 2015-03-21 10:33:00.026585')
('2015-03-21 10:33:00.026932', 'put_channel : channel tb0, group 1, time 2015-03-21 10:33:00.026896')
('2015-03-21 10:33:01.525219', 'put_channel : channel tb0, group 0, time 2015-03-21 10:33:01.525130')
('2015-03-21 10:33:01.525647', 'put_channel : channel tb0, group 1, time 2015-03-21 10:33:01.525610')
('2015-03-21 10:33:03.023792', 'put_channel : channel tb0, group 1, time 2015-03-21 10:33:03.023714')
('2015-03-21 10:33:03.024131', 'put_channel : channel tb0, group 0, time 2015-03-21 10:33:03.024092')
('2015-03-21 10:33:04.524962', 'put_channel : channel tb0, group 1, time 2015-03-21 10:33:04.524884')
('2015-03-21 10:33:04.527083', 'put_channel : channel tb0, group 0, time 2015-03-21 10:33:04.527044')
('2015-03-21 10:33:06.025175', 'put_channel : channel tb0, group 0, time 2015-03-21 10:33:06.025093')
('2015-03-21 10:33:06.025498', 'put_channel : channel tb0, group 1, time 2015-03-21 10:33:06.025458')
('2015-03-21 10:33:07.525977', 'put_channel : channel tb0, group 1, time 2015-03-21 10:33:07.525884')
('2015-03-21 10:33:07.526655', 'put_channel : channel tb0, group 0, time 2015-03-21 10:33:07.526618')
('2015-03-21 10:33:09.025797', 'put_channel : channel tb0, group 0, time 2015-03-21 10:33:09.025706')
('2015-03-21 10:33:09.026170', 'put_channel : channel tb0, group 1, time 2015-03-21 10:33:09.026100')
('2015-03-21 10:33:10.524170', 'put_channel : channel tb0, group 1, time 2015-03-21 10:33:10.524089')
('2015-03-21 10:33:10.526299', 'put_channel : channel tb0, group 0, time 2015-03-21 10:33:10.526258')
('2015-03-21 10:33:12.026013', 'put_channel : channel tb0, group 1, time 2015-03-21 10:33:12.025934')
('2015-03-21 10:33:12.026823', 'put_channel : channel tb0, group 0, time 2015-03-21 10:33:12.026784')
('2015-03-21 10:33:13.527256', 'put_channel : channel tb0, group 0, time 2015-03-21 10:33:13.527152')
('2015-03-21 10:33:13.529416', 'put_channel : channel tb0, group 1, time 2015-03-21 10:33:13.529347')
('2015-03-21 10:33:15.025758', 'put_channel : channel tb0, group 0, time 2015-03-21 10:33:15.025681')
('2015-03-21 10:33:15.026364', 'put_channel : channel tb0, group 1, time 2015-03-21 10:33:15.026327')
('2015-03-21 10:33:28.031158', 'put_channel : channel tb0, group 0, time 2015-03-21 10:33:28.031076')
('2015-03-21 10:33:28.038849', 'put_channel : channel tb0, group 0, time 2015-03-21 10:33:28.038812')
('2015-03-21 10:33:28.525050', 'put_channel : channel tb0, group 1, time 2015-03-21 10:33:28.525012')
('2015-03-21 10:33:28.525560', 'put_channel : channel tb0, group 0, time 2015-03-21 10:33:28.525524')
('2015-03-21 10:33:28.647330', 'put_channel : channel tb0, group 0, time 2015-03-21 10:33:28.647283')
('2015-03-21 10:33:29.534721', 'put_channel : channel tb0, group 0, time 2015-03-21 10:33:29.534681')
('2015-03-21 10:33:30.026616', 'put_channel : channel tb0, group 0, time 2015-03-21 10:33:30.026559')
('2015-03-21 10:33:30.027119', 'put_channel : channel tb0, group 1, time 2015-03-21 10:33:30.027081')
('2015-03-21 10:33:31.038672', 'put_channel : channel tb0, group 0, time 2015-03-21 10:33:31.038592')
('2015-03-21 10:33:31.525273', 'put_channel : channel tb0, group 1, time 2015-03-21 10:33:31.525190')
('2015-03-21 10:33:33.024929', 'put_channel : channel tb0, group 1, time 2015-03-21 10:33:33.024863')
('2015-03-21 10:33:34.523759', 'put_channel : channel tb0, group 1, time 2015-03-21 10:33:34.523677')
('2015-03-21 10:33:34.526898', 'put_channel : channel tb0, group 0, time 2015-03-21 10:33:34.526858')
('2015-03-21 10:33:34.527367', 'put_channel : channel tb0, group 0, time 2015-03-21 10:33:34.527331')
('2015-03-21 10:33:36.026315', 'put_channel : channel tb0, group 1, time 2015-03-21 10:33:36.026234')
('2015-03-21 10:33:37.525528', 'put_channel : channel tb0, group 1, time 2015-03-21 10:33:37.525452')
('2015-03-21 10:33:37.525809', 'put_channel : channel tb0, group 0, time 2015-03-21 10:33:37.525774')
('2015-03-21 10:33:39.025493', 'put_channel : channel tb0, group 0, time 2015-03-21 10:33:39.025425')
('2015-03-21 10:33:39.026203', 'put_channel : channel tb0, group 1, time 2015-03-21 10:33:39.026163')
('2015-03-21 10:33:39.027151', 'put_channel : channel tb0, group 0, time 2015-03-21 10:33:39.027114')
('2015-03-21 10:33:40.032205', 'put_channel : channel tb0, group 0, time 2015-03-21 10:33:40.032123')
('2015-03-21 10:33:40.525647', 'put_channel : channel tb0, group 1, time 2015-03-21 10:33:40.525535')
('2015-03-21 10:33:42.025505', 'put_channel : channel tb0, group 1, time 2015-03-21 10:33:42.025404')
('2015-03-21 10:33:43.525271', 'put_channel : channel tb0, group 1, time 2015-03-21 10:33:43.525194')
('2015-03-21 10:33:43.526074', 'put_channel : channel tb0, group 0, time 2015-03-21 10:33:43.526038')
('2015-03-21 10:33:43.528411', 'put_channel : channel tb0, group 0, time 2015-03-21 10:33:43.528372')
('2015-03-21 10:33:45.025029', 'put_channel : channel tb0, group 1, time 2015-03-21 10:33:45.024951')
('2015-03-21 10:33:46.526622', 'put_channel : channel tb0, group 1, time 2015-03-21 10:33:46.526543')
('2015-03-21 10:33:48.025968', 'put_channel : channel tb0, group 1, time 2015-03-21 10:33:48.025893')
('2015-03-21 10:33:49.023957', 'put_channel : channel tb0, group 0, time 2015-03-21 10:33:49.023875')
('2015-03-21 10:33:49.039712', 'put_channel : channel tb0, group 0, time 2015-03-21 10:33:49.039673')
('2015-03-21 10:33:49.070065', 'put_channel : channel tb0, group 0, time 2015-03-21 10:33:49.070027')
('2015-03-21 10:33:49.523531', 'put_channel : channel tb0, group 1, time 2015-03-21 10:33:49.523441')
('2015-03-21 10:33:51.024626', 'put_channel : channel tb0, group 1, time 2015-03-21 10:33:51.024548')
('2015-03-21 10:33:52.523410', 'put_channel : channel tb0, group 1, time 2015-03-21 10:33:52.523316')
('2015-03-21 10:33:53.522555', 'put_channel : channel tb0, group 0, time 2015-03-21 10:33:53.522473')
('2015-03-21 10:33:53.534724', 'put_channel : channel tb0, group 0, time 2015-03-21 10:33:53.534686')
('2015-03-21 10:33:54.024682', 'put_channel : channel tb0, group 1, time 2015-03-21 10:33:54.024612')
('2015-03-21 10:33:55.527967', 'put_channel : channel tb0, group 1, time 2015-03-21 10:33:55.527887')
('2015-03-21 10:33:57.023345', 'put_channel : channel tb0, group 1, time 2015-03-21 10:33:57.023270')
('2015-03-21 10:33:58.525254', 'put_channel : channel tb0, group 1, time 2015-03-21 10:33:58.525175')
('2015-03-21 10:34:00.026223', 'put_channel : channel tb0, group 1, time 2015-03-21 10:34:00.026117')
('2015-03-21 10:34:01.526561', 'put_channel : channel tb0, group 0, time 2015-03-21 10:34:01.526474')
('2015-03-21 10:34:01.527171', 'put_channel : channel tb0, group 1, time 2015-03-21 10:34:01.527134')
('2015-03-21 10:34:01.527626', 'put_channel : channel tb0, group 0, time 2015-03-21 10:34:01.527585')
('2015-03-21 10:34:01.816480', 'fd_channel : login[0] 0 login[1] 0 , tb0[0] 52 tb0[1] 52 , tb1[0] 0 tb1[1] 0')
('2015-03-21 10:34:01.817448', 'fd_channel : login[0] 0 login[1] 0 , tb0[0] 52 tb0[1] 51 , tb1[0] 0 tb1[1] 0')
('2015-03-21 10:34:01.818269', 'fd_channel : login[0] 0 login[1] 0 , tb0[0] 52 tb0[1] 50 , tb1[0] 0 tb1[1] 0')
('2015-03-21 10:34:01.818833', 'fd_channel : login[0] 0 login[1] 0 , tb0[0] 52 tb0[1] 49 , tb1[0] 0 tb1[1] 0')
('2015-03-21 10:34:01.819830', 'fd_channel : login[0] 0 login[1] 0 , tb0[0] 52 tb0[1] 48 , tb1[0] 0 tb1[1] 0')
('2015-03-21 10:34:01.820470', 'fd_channel : login[0] 0 login[1] 0 , tb0[0] 52 tb0[1] 47 , tb1[0] 0 tb1[1] 0')
('2015-03-21 10:34:01.821046', 'fd_channel : login[0] 0 login[1] 0 , tb0[0] 52 tb0[1] 46 , tb1[0] 0 tb1[1] 0')
('2015-03-21 10:34:01.821667', 'fd_channel : login[0] 0 login[1] 0 , tb0[0] 52 tb0[1] 45 , tb1[0] 0 tb1[1] 0')
('2015-03-21 10:34:02.535008', 'put_channel : channel tb0, group 0, time 2015-03-21 10:34:02.534917')
('2015-03-21 10:34:03.026307', 'put_channel : channel tb0, group 1, time 2015-03-21 10:34:03.026227')
('2015-03-21 10:34:03.026927', 'put_channel : channel tb0, group 0, time 2015-03-21 10:34:03.026890')
('2015-03-21 10:34:03.027417', 'put_channel : channel tb0, group 0, time 2015-03-21 10:34:03.027352')
('2015-03-21 10:34:04.032172', 'put_channel : channel tb0, group 0, time 2015-03-21 10:34:04.032069')
('2015-03-21 10:34:04.526192', 'put_channel : channel tb0, group 1, time 2015-03-21 10:34:04.526039')
('2015-03-21 10:34:04.526341', 'put_channel : channel tb0, group 0, time 2015-03-21 10:34:04.526308')
('2015-03-21 10:34:06.024708', 'put_channel : channel tb0, group 1, time 2015-03-21 10:34:06.024623')
('2015-03-21 10:34:07.525198', 'put_channel : channel tb0, group 1, time 2015-03-21 10:34:07.525115')
('2015-03-21 10:34:09.027013', 'put_channel : channel tb0, group 1, time 2015-03-21 10:34:09.026930')
('2015-03-21 10:34:10.499229', 'fd_channel : login[0] 0 login[1] 0 , tb0[0] 56 tb0[1] 50 , tb1[0] 0 tb1[1] 0')
('2015-03-21 10:34:10.500067', 'fd_channel : login[0] 0 login[1] 0 , tb0[0] 56 tb0[1] 49 , tb1[0] 0 tb1[1] 0')
('2015-03-21 10:34:10.525348', 'put_channel : channel tb0, group 1, time 2015-03-21 10:34:10.525257')
('2015-03-21 10:34:12.026121', 'put_channel : channel tb0, group 1, time 2015-03-21 10:34:12.026021')
('2015-03-21 10:34:12.501677', 'fd_channel : login[0] 0 login[1] 0 , tb0[0] 55 tb0[1] 51 , tb1[0] 0 tb1[1] 0')
('2015-03-21 10:34:12.502763', 'fd_channel : login[0] 0 login[1] 0 , tb0[0] 55 tb0[1] 50 , tb1[0] 0 tb1[1] 0')
('2015-03-21 10:34:13.403657', 'fd_channel : login[0] 0 login[1] 0 , tb0[0] 54 tb0[1] 50 , tb1[0] 0 tb1[1] 0')
('2015-03-21 10:34:13.404572', 'fd_channel : login[0] 0 login[1] 0 , tb0[0] 54 tb0[1] 49 , tb1[0] 0 tb1[1] 0')
('2015-03-21 10:34:13.649807', 'fd_channel : login[0] 0 login[1] 0 , tb0[0] 53 tb0[1] 49 , tb1[0] 0 tb1[1] 0')
('2015-03-21 10:34:13.650906', 'fd_channel : login[0] 0 login[1] 0 , tb0[0] 53 tb0[1] 48 , tb1[0] 0 tb1[1] 0')
('2015-03-21 10:34:15.654004', 'fd_channel : login[0] 0 login[1] 0 , tb0[0] 52 tb0[1] 48 , tb1[0] 0 tb1[1] 0')
('2015-03-21 10:34:15.655053', 'fd_channel : login[0] 0 login[1] 0 , tb0[0] 52 tb0[1] 47 , tb1[0] 0 tb1[1] 0')
('2015-03-21 10:34:16.983088', 'put_channel : channel tb0, group 0, time 2015-03-21 10:34:16.982981')
('2015-03-21 10:34:17.524187', 'put_channel : channel tb0, group 0, time 2015-03-21 10:34:17.524100')
('2015-03-21 10:34:17.544235', 'fd_channel : login[0] 0 login[1] 0 , tb0[0] 53 tb0[1] 47 , tb1[0] 0 tb1[1] 0')
('2015-03-21 10:34:17.545140', 'fd_channel : login[0] 0 login[1] 0 , tb0[0] 53 tb0[1] 46 , tb1[0] 0 tb1[1] 0')
('2015-03-21 10:34:25.525198', 'put_channel : channel tb0, group 0, time 2015-03-21 10:34:25.525116')
('2015-03-21 10:34:25.526966', 'put_channel : channel tb0, group 0, time 2015-03-21 10:34:25.526888')
('2015-03-21 10:34:26.534585', 'put_channel : channel tb0, group 0, time 2015-03-21 10:34:26.534490')
('2015-03-21 10:34:27.026909', 'put_channel : channel tb0, group 0, time 2015-03-21 10:34:27.026845')
('2015-03-21 10:34:27.027731', 'put_channel : channel tb0, group 0, time 2015-03-21 10:34:27.027690')
('2015-03-21 10:34:27.053856', 'put_channel : channel tb0, group 0, time 2015-03-21 10:34:27.053816')
('2015-03-21 10:34:28.030717', 'put_channel : channel tb0, group 0, time 2015-03-21 10:34:28.030629')
('2015-03-21 10:34:28.527076', 'put_channel : channel tb0, group 0, time 2015-03-21 10:34:28.526996')
('2015-03-21 10:34:28.558989', 'put_channel : channel tb0, group 0, time 2015-03-21 10:34:28.558936')
('2015-03-21 10:34:30.025621', 'put_channel : channel tb0, group 0, time 2015-03-21 10:34:30.025551')
('2015-03-21 10:34:30.048036', 'put_channel : channel tb0, group 0, time 2015-03-21 10:34:30.047992')
('2015-03-21 10:34:30.974580', 'fd_channel : login[0] 0 login[1] 0 , tb0[0] 63 tb0[1] 46 , tb1[0] 0 tb1[1] 0')
('2015-03-21 10:34:30.975613', 'fd_channel : login[0] 0 login[1] 0 , tb0[0] 63 tb0[1] 45 , tb1[0] 0 tb1[1] 0')
('2015-03-21 10:34:31.525937', 'put_channel : channel tb0, group 0, time 2015-03-21 10:34:31.525860')
('2015-03-21 10:34:31.820308', 'fd_channel : login[0] 0 login[1] 0 , tb0[0] 64 tb0[1] 44 , tb1[0] 0 tb1[1] 0')
('2015-03-21 10:34:31.821587', 'fd_channel : login[0] 0 login[1] 0 , tb0[0] 64 tb0[1] 43 , tb1[0] 0 tb1[1] 0')
('2015-03-21 10:34:31.823229', 'fd_channel : login[0] 0 login[1] 0 , tb0[0] 64 tb0[1] 42 , tb1[0] 0 tb1[1] 0')
('2015-03-21 10:34:32.977179', 'fd_channel : login[0] 0 login[1] 0 , tb0[0] 63 tb0[1] 42 , tb1[0] 0 tb1[1] 0')
('2015-03-21 10:34:32.977908', 'fd_channel : login[0] 0 login[1] 0 , tb0[0] 63 tb0[1] 41 , tb1[0] 0 tb1[1] 0')
('2015-03-21 10:34:43.550539', 'put_channel : channel tb0, group 1, time 2015-03-21 10:34:43.550462')
('2015-03-21 10:34:44.504562', 'fd_channel : login[0] 0 login[1] 0 , tb0[0] 63 tb0[1] 41 , tb1[0] 0 tb1[1] 0')
('2015-03-21 10:34:44.523020', 'put_channel : channel tb0, group 1, time 2015-03-21 10:34:44.522982')
('2015-03-21 10:34:44.534703', 'put_channel : channel tb0, group 1, time 2015-03-21 10:34:44.534665')
('2015-03-21 10:34:45.025118', 'put_channel : channel tb0, group 1, time 2015-03-21 10:34:45.025075')
('2015-03-21 10:34:45.026582', 'put_channel : channel tb0, group 1, time 2015-03-21 10:34:45.026546')
('2015-03-21 10:34:46.095694', 'put_channel : channel tb0, group 1, time 2015-03-21 10:34:46.095596')
('2015-03-21 10:34:46.525970', 'put_channel : channel tb0, group 1, time 2015-03-21 10:34:46.525889')
('2015-03-21 10:34:46.542538', 'put_channel : channel tb0, group 1, time 2015-03-21 10:34:46.542457')
('2015-03-21 10:34:47.533613', 'put_channel : channel tb0, group 1, time 2015-03-21 10:34:47.533532')
('2015-03-21 10:34:47.564471', 'put_channel : channel tb0, group 1, time 2015-03-21 10:34:47.564433')
('2015-03-21 10:34:47.656724', 'fd_channel : login[0] 0 login[1] 0 , tb0[0] 63 tb0[1] 49 , tb1[0] 0 tb1[1] 0')
('2015-03-21 10:34:48.025631', 'put_channel : channel tb0, group 1, time 2015-03-21 10:34:48.025573')
('2015-03-21 10:34:49.021985', 'put_channel : channel tb0, group 0, time 2015-03-21 10:34:49.021894')
('2015-03-21 10:34:49.039363', 'put_channel : channel tb0, group 0, time 2015-03-21 10:34:49.039326')
('2015-03-21 10:34:49.102562', 'put_channel : channel tb0, group 0, time 2015-03-21 10:34:49.102523')
('2015-03-21 10:34:49.526125', 'put_channel : channel tb0, group 1, time 2015-03-21 10:34:49.526078')
('2015-03-21 10:34:49.526620', 'put_channel : channel tb0, group 0, time 2015-03-21 10:34:49.526578')
('2015-03-21 10:34:49.527740', 'put_channel : channel tb0, group 0, time 2015-03-21 10:34:49.527702')
('2015-03-21 10:34:49.549256', 'put_channel : channel tb0, group 1, time 2015-03-21 10:34:49.549215')
('2015-03-21 10:34:49.550473', 'put_channel : channel tb0, group 0, time 2015-03-21 10:34:49.550437')
('2015-03-21 10:34:49.618459', 'fd_channel : login[0] 0 login[1] 0 , tb0[0] 67 tb0[1] 51 , tb1[0] 0 tb1[1] 0')
('2015-03-21 10:34:49.620829', 'fd_channel : login[0] 0 login[1] 0 , tb0[0] 61 tb0[1] 51 , tb1[0] 0 tb1[1] 0')
('2015-03-21 10:34:50.535082', 'put_channel : channel tb0, group 0, time 2015-03-21 10:34:50.535000')
('2015-03-21 10:34:51.024341', 'put_channel : channel tb0, group 0, time 2015-03-21 10:34:51.024260')
('2015-03-21 10:34:51.025855', 'put_channel : channel tb0, group 1, time 2015-03-21 10:34:51.025818')
('2015-03-21 10:34:51.055390', 'put_channel : channel tb0, group 0, time 2015-03-21 10:34:51.055297')
('2015-03-21 10:34:52.031202', 'put_channel : channel tb0, group 0, time 2015-03-21 10:34:52.031113')
('2015-03-21 10:34:52.524735', 'put_channel : channel tb0, group 1, time 2015-03-21 10:34:52.524647')
('2015-03-21 10:34:52.526622', 'put_channel : channel tb0, group 0, time 2015-03-21 10:34:52.526582')
('2015-03-21 10:34:52.557663', 'put_channel : channel tb0, group 0, time 2015-03-21 10:34:52.557621')
('2015-03-21 10:34:54.024758', 'put_channel : channel tb0, group 1, time 2015-03-21 10:34:54.024692')
('2015-03-21 10:34:55.020832', 'fd_channel : login[0] 0 login[1] 0 , tb0[0] 66 tb0[1] 53 , tb1[0] 0 tb1[1] 0')
('2015-03-21 10:34:55.022567', 'fd_channel : login[0] 0 login[1] 0 , tb0[0] 63 tb0[1] 53 , tb1[0] 0 tb1[1] 0')
('2015-03-21 10:34:55.524973', 'put_channel : channel tb0, group 1, time 2015-03-21 10:34:55.524892')
('2015-03-21 10:34:57.027195', 'put_channel : channel tb0, group 1, time 2015-03-21 10:34:57.027116')
('2015-03-21 10:34:58.209147', 'fd_channel : login[0] 0 login[1] 0 , tb0[0] 62 tb0[1] 54 , tb1[0] 0 tb1[1] 0')
('2015-03-21 10:34:58.210538', 'fd_channel : login[0] 0 login[1] 0 , tb0[0] 61 tb0[1] 54 , tb1[0] 0 tb1[1] 0')
('2015-03-21 10:34:58.524274', 'put_channel : channel tb0, group 1, time 2015-03-21 10:34:58.524194')
('2015-03-21 10:35:00.025401', 'put_channel : channel tb0, group 1, time 2015-03-21 10:35:00.025316')
('2015-03-21 10:35:00.065772', 'fd_channel : login[0] 0 login[1] 0 , tb0[0] 60 tb0[1] 56 , tb1[0] 0 tb1[1] 0')
('2015-03-21 10:35:00.066944', 'fd_channel : login[0] 0 login[1] 0 , tb0[0] 60 tb0[1] 55 , tb1[0] 0 tb1[1] 0')
('2015-03-21 10:35:01.527449', 'put_channel : channel tb0, group 1, time 2015-03-21 10:35:01.527354')
('2015-03-21 10:35:02.069086', 'fd_channel : login[0] 0 login[1] 0 , tb0[0] 59 tb0[1] 55 , tb1[0] 0 tb1[1] 0')
('2015-03-21 10:35:02.069825', 'fd_channel : login[0] 0 login[1] 0 , tb0[0] 58 tb0[1] 55 , tb1[0] 0 tb1[1] 0')
('2015-03-21 10:35:03.025186', 'put_channel : channel tb0, group 1, time 2015-03-21 10:35:03.025118')
('2015-03-21 10:35:04.525731', 'put_channel : channel tb0, group 1, time 2015-03-21 10:35:04.525653')
('2015-03-21 10:35:04.979433', 'fd_channel : login[0] 0 login[1] 0 , tb0[0] 58 tb0[1] 56 , tb1[0] 0 tb1[1] 0')
('2015-03-21 10:35:06.025244', 'put_channel : channel tb0, group 1, time 2015-03-21 10:35:06.025170')
('2015-03-21 10:35:07.526377', 'put_channel : channel tb0, group 1, time 2015-03-21 10:35:07.526301')
('2015-03-21 10:35:09.025448', 'put_channel : channel tb0, group 1, time 2015-03-21 10:35:09.025379')
('2015-03-21 10:35:10.525903', 'put_channel : channel tb0, group 1, time 2015-03-21 10:35:10.525799')
('2015-03-21 10:35:12.025490', 'put_channel : channel tb0, group 1, time 2015-03-21 10:35:12.025398')
('2015-03-21 10:35:12.144362', 'put_channel : channel tb0, group 0, time 2015-03-21 10:35:12.144257')
('2015-03-21 10:35:13.022662', 'put_channel : channel tb0, group 0, time 2015-03-21 10:35:13.022553')
('2015-03-21 10:35:13.039913', 'put_channel : channel tb0, group 0, time 2015-03-21 10:35:13.039827')
('2015-03-21 10:35:13.525491', 'put_channel : channel tb0, group 0, time 2015-03-21 10:35:13.525390')
('2015-03-21 10:35:13.527169', 'put_channel : channel tb0, group 1, time 2015-03-21 10:35:13.527096')
('2015-03-21 10:35:13.527318', 'put_channel : channel tb0, group 0, time 2015-03-21 10:35:13.527276')
('2015-03-21 10:35:13.551476', 'put_channel : channel tb0, group 0, time 2015-03-21 10:35:13.551418')
('2015-03-21 10:35:15.024515', 'put_channel : channel tb0, group 1, time 2015-03-21 10:35:15.024440')
('2015-03-21 10:35:15.036371', 'fd_channel : login[0] 0 login[1] 0 , tb0[0] 58 tb0[1] 62 , tb1[0] 0 tb1[1] 0')
('2015-03-21 10:35:15.037838', 'fd_channel : login[0] 0 login[1] 0 , tb0[0] 58 tb0[1] 59 , tb1[0] 0 tb1[1] 0')
('2015-03-21 10:35:18.258275', 'fd_channel : login[0] 0 login[1] 0 , tb0[0] 57 tb0[1] 59 , tb1[0] 0 tb1[1] 0')
('2015-03-21 10:35:18.259233', 'fd_channel : login[0] 0 login[1] 0 , tb0[0] 57 tb0[1] 58 , tb1[0] 0 tb1[1] 0')
('2015-03-21 10:35:20.260708', 'fd_channel : login[0] 0 login[1] 0 , tb0[0] 56 tb0[1] 58 , tb1[0] 0 tb1[1] 0')
('2015-03-21 10:35:20.261552', 'fd_channel : login[0] 0 login[1] 0 , tb0[0] 56 tb0[1] 57 , tb1[0] 0 tb1[1] 0')
('2015-03-21 10:35:37.022239', 'put_channel : channel tb0, group 1, time 2015-03-21 10:35:37.022155')
('2015-03-21 10:35:37.038182', 'put_channel : channel tb0, group 1, time 2015-03-21 10:35:37.038141')
('2015-03-21 10:35:37.524758', 'put_channel : channel tb0, group 1, time 2015-03-21 10:35:37.524666')
('2015-03-21 10:35:37.527769', 'put_channel : channel tb0, group 1, time 2015-03-21 10:35:37.527696')
('2015-03-21 10:35:37.551071', 'put_channel : channel tb0, group 1, time 2015-03-21 10:35:37.550981')
('2015-03-21 10:35:38.535021', 'put_channel : channel tb0, group 1, time 2015-03-21 10:35:38.534932')
('2015-03-21 10:35:39.024214', 'put_channel : channel tb0, group 1, time 2015-03-21 10:35:39.024117')
('2015-03-21 10:35:39.056163', 'put_channel : channel tb0, group 1, time 2015-03-21 10:35:39.056086')
('2015-03-21 10:35:40.032758', 'put_channel : channel tb0, group 1, time 2015-03-21 10:35:40.032678')
('2015-03-21 10:35:40.526218', 'put_channel : channel tb0, group 1, time 2015-03-21 10:35:40.526135')
('2015-03-21 10:35:40.560078', 'put_channel : channel tb0, group 1, time 2015-03-21 10:35:40.559997')
('2015-03-21 10:35:42.025478', 'put_channel : channel tb0, group 1, time 2015-03-21 10:35:42.025397')
('2015-03-21 10:35:42.047074', 'put_channel : channel tb0, group 1, time 2015-03-21 10:35:42.047030')
('2015-03-21 10:35:43.524548', 'put_channel : channel tb0, group 1, time 2015-03-21 10:35:43.524470')
('2015-03-21 10:35:43.526340', 'put_channel : channel tb0, group 0, time 2015-03-21 10:35:43.526299')
('2015-03-21 10:35:43.527248', 'put_channel : channel tb0, group 0, time 2015-03-21 10:35:43.527212')
('2015-03-21 10:35:43.550450', 'put_channel : channel tb0, group 1, time 2015-03-21 10:35:43.550409')
('2015-03-21 10:35:43.551550', 'put_channel : channel tb0, group 0, time 2015-03-21 10:35:43.551514')
('2015-03-21 10:35:43.630505', 'put_channel : channel tb0, group 0, time 2015-03-21 10:35:43.630452')
('2015-03-21 10:35:44.535311', 'put_channel : channel tb0, group 0, time 2015-03-21 10:35:44.535236')
('2015-03-21 10:35:45.025054', 'put_channel : channel tb0, group 1, time 2015-03-21 10:35:45.024977')
('2015-03-21 10:35:45.026918', 'put_channel : channel tb0, group 0, time 2015-03-21 10:35:45.026876')
('2015-03-21 10:35:45.027583', 'put_channel : channel tb0, group 0, time 2015-03-21 10:35:45.027545')
('2015-03-21 10:35:45.056507', 'put_channel : channel tb0, group 0, time 2015-03-21 10:35:45.056468')
('2015-03-21 10:35:46.030469', 'put_channel : channel tb0, group 0, time 2015-03-21 10:35:46.030394')
('2015-03-21 10:35:46.063963', 'put_channel : channel tb0, group 0, time 2015-03-21 10:35:46.063887')
('2015-03-21 10:35:46.524756', 'put_channel : channel tb0, group 1, time 2015-03-21 10:35:46.524679')
('2015-03-21 10:35:46.526491', 'put_channel : channel tb0, group 0, time 2015-03-21 10:35:46.526420')
('2015-03-21 10:35:46.542362', 'put_channel : channel tb0, group 0, time 2015-03-21 10:35:46.542304')
('2015-03-21 10:35:47.596906', 'put_channel : channel tb0, group 1, time 2015-03-21 10:35:47.596825')
('2015-03-21 10:35:47.599076', 'put_channel : channel tb0, group 0, time 2015-03-21 10:35:47.599039')
('2015-03-21 10:35:48.027228', 'put_channel : channel tb0, group 0, time 2015-03-21 10:35:48.027156')
('2015-03-21 10:35:48.046940', 'put_channel : channel tb0, group 0, time 2015-03-21 10:35:48.046900')
('2015-03-21 10:35:49.069963', 'put_channel : channel tb0, group 0, time 2015-03-21 10:35:49.069882')
('2015-03-21 10:35:49.524769', 'put_channel : channel tb0, group 0, time 2015-03-21 10:35:49.524684')
('2015-03-21 10:35:49.551601', 'put_channel : channel tb0, group 0, time 2015-03-21 10:35:49.551559')
('2015-03-21 10:35:50.574932', 'put_channel : channel tb0, group 0, time 2015-03-21 10:35:50.574867')
('2015-03-21 10:35:51.026901', 'put_channel : channel tb0, group 0, time 2015-03-21 10:35:51.026832')
('2015-03-21 10:35:51.053401', 'put_channel : channel tb0, group 0, time 2015-03-21 10:35:51.053362')
('2015-03-21 10:35:52.079087', 'put_channel : channel tb0, group 0, time 2015-03-21 10:35:52.079006')
('2015-03-21 10:35:52.268336', 'fd_channel : login[0] 0 login[1] 0 , tb0[0] 78 tb0[1] 58 , tb1[0] 0 tb1[1] 0')
('2015-03-21 10:35:52.526441', 'put_channel : channel tb0, group 0, time 2015-03-21 10:35:52.526355')
('2015-03-21 10:35:53.582338', 'put_channel : channel tb0, group 0, time 2015-03-21 10:35:53.582253')
('2015-03-21 10:36:12.025049', 'put_channel : channel tb0, group 1, time 2015-03-21 10:36:12.024951')
('2015-03-21 10:36:12.025977', 'put_channel : channel tb0, group 1, time 2015-03-21 10:36:12.025938')
('2015-03-21 10:36:12.047322', 'put_channel : channel tb0, group 1, time 2015-03-21 10:36:12.047229')
('2015-03-21 10:36:13.038451', 'put_channel : channel tb0, group 1, time 2015-03-21 10:36:13.038370')
('2015-03-21 10:36:13.525121', 'put_channel : channel tb0, group 1, time 2015-03-21 10:36:13.525043')
('2015-03-21 10:36:13.530426', 'put_channel : channel tb0, group 1, time 2015-03-21 10:36:13.530389')
('2015-03-21 10:36:13.549382', 'put_channel : channel tb0, group 1, time 2015-03-21 10:36:13.549340')
('2015-03-21 10:36:14.533493', 'put_channel : channel tb0, group 1, time 2015-03-21 10:36:14.533409')
('2015-03-21 10:36:15.025456', 'put_channel : channel tb0, group 1, time 2015-03-21 10:36:15.025395')
('2015-03-21 10:36:15.055370', 'put_channel : channel tb0, group 1, time 2015-03-21 10:36:15.055332')
('2015-03-21 10:36:16.525794', 'put_channel : channel tb0, group 1, time 2015-03-21 10:36:16.525716')
('2015-03-21 10:36:16.557630', 'put_channel : channel tb0, group 1, time 2015-03-21 10:36:16.557590')
('2015-03-21 10:36:22.267612', 'fd_channel : login[0] 0 login[1] 0 , tb0[0] 80 tb0[1] 59 , tb1[0] 0 tb1[1] 0')
('2015-03-21 10:36:24.047845', 'put_channel : channel tb0, group 0, time 2015-03-21 10:36:24.047769')
('2015-03-21 10:36:25.022839', 'put_channel : channel tb0, group 0, time 2015-03-21 10:36:25.022756')
('2015-03-21 10:36:25.040286', 'put_channel : channel tb0, group 0, time 2015-03-21 10:36:25.040244')
('2015-03-21 10:36:25.103618', 'put_channel : channel tb0, group 0, time 2015-03-21 10:36:25.103575')
('2015-03-21 10:36:25.525083', 'put_channel : channel tb0, group 0, time 2015-03-21 10:36:25.524991')
('2015-03-21 10:36:25.527355', 'put_channel : channel tb0, group 0, time 2015-03-21 10:36:25.527296')
('2015-03-21 10:36:38.523025', 'put_channel : channel tb0, group 1, time 2015-03-21 10:36:38.522941')
('2015-03-21 10:36:38.533213', 'put_channel : channel tb0, group 1, time 2015-03-21 10:36:38.533171')
('2015-03-21 10:36:39.026091', 'put_channel : channel tb0, group 1, time 2015-03-21 10:36:39.026014')
('2015-03-21 10:36:39.026511', 'put_channel : channel tb0, group 1, time 2015-03-21 10:36:39.026474')
('2015-03-21 10:36:39.055455', 'put_channel : channel tb0, group 1, time 2015-03-21 10:36:39.055402')
('2015-03-21 10:36:40.029423', 'put_channel : channel tb0, group 1, time 2015-03-21 10:36:40.029343')
('2015-03-21 10:36:40.526356', 'put_channel : channel tb0, group 1, time 2015-03-21 10:36:40.526276')
('2015-03-21 10:36:40.556976', 'put_channel : channel tb0, group 1, time 2015-03-21 10:36:40.556938')
('2015-03-21 10:36:41.536437', 'put_channel : channel tb0, group 1, time 2015-03-21 10:36:41.536352')
('2015-03-21 10:36:42.025112', 'put_channel : channel tb0, group 1, time 2015-03-21 10:36:42.025034')
('2015-03-21 10:36:42.045329', 'put_channel : channel tb0, group 1, time 2015-03-21 10:36:42.045289')
('2015-03-21 10:36:43.530390', 'put_channel : channel tb0, group 1, time 2015-03-21 10:36:43.530310')
('2015-03-21 10:36:43.549775', 'put_channel : channel tb0, group 1, time 2015-03-21 10:36:43.549734')
('2015-03-21 10:36:43.585445', 'fd_channel : login[0] 0 login[1] 0 , tb0[0] 47 tb0[1] 72 , tb1[0] 0 tb1[1] 0')
('2015-03-21 10:36:45.025162', 'put_channel : channel tb0, group 1, time 2015-03-21 10:36:45.025083')
('2015-03-21 10:36:45.057719', 'put_channel : channel tb0, group 1, time 2015-03-21 10:36:45.057678')
('2015-03-21 10:36:46.524908', 'put_channel : channel tb0, group 1, time 2015-03-21 10:36:46.524817')
('2015-03-21 10:36:48.026167', 'put_channel : channel tb0, group 1, time 2015-03-21 10:36:48.026087')
('2015-03-21 10:36:49.101747', 'put_channel : channel tb0, group 1, time 2015-03-21 10:36:49.101667')
('2015-03-21 10:36:56.523236', 'put_channel : channel tb0, group 0, time 2015-03-21 10:36:56.523158')
('2015-03-21 10:36:56.535039', 'put_channel : channel tb0, group 0, time 2015-03-21 10:36:56.535001')
('2015-03-21 10:36:57.026636', 'put_channel : channel tb0, group 0, time 2015-03-21 10:36:57.026558')
('2015-03-21 10:36:57.027716', 'put_channel : channel tb0, group 0, time 2015-03-21 10:36:57.027623')
('2015-03-21 10:36:57.054181', 'put_channel : channel tb0, group 0, time 2015-03-21 10:36:57.054140')
('2015-03-21 10:36:58.031664', 'put_channel : channel tb0, group 0, time 2015-03-21 10:36:58.031579')
('2015-03-21 10:36:58.064029', 'put_channel : channel tb0, group 0, time 2015-03-21 10:36:58.063987')
('2015-03-21 10:36:58.525568', 'put_channel : channel tb0, group 0, time 2015-03-21 10:36:58.525481')
('2015-03-21 10:36:58.543126', 'put_channel : channel tb0, group 0, time 2015-03-21 10:36:58.543072')
('2015-03-21 10:36:58.639446', 'put_channel : channel tb0, group 0, time 2015-03-21 10:36:58.639347')
('2015-03-21 10:36:59.159348', 'fd_channel : login[0] 0 login[1] 0 , tb0[0] 45 tb0[1] 67 , tb1[0] 0 tb1[1] 0')
('2015-03-21 10:36:59.163650', 'fd_channel : login[0] 0 login[1] 0 , tb0[0] 45 tb0[1] 55 , tb1[0] 0 tb1[1] 0')
('2015-03-21 10:36:59.535292', 'put_channel : channel tb0, group 0, time 2015-03-21 10:36:59.535195')
('2015-03-21 10:36:59.598670', 'put_channel : channel tb0, group 0, time 2015-03-21 10:36:59.598588')
('2015-03-21 10:37:00.025898', 'put_channel : channel tb0, group 0, time 2015-03-21 10:37:00.025825')
('2015-03-21 10:37:00.046574', 'put_channel : channel tb0, group 0, time 2015-03-21 10:37:00.046493')
('2015-03-21 10:37:00.176342', 'put_channel : channel tb0, group 0, time 2015-03-21 10:37:00.176256')
('2015-03-21 10:37:01.069952', 'put_channel : channel tb0, group 0, time 2015-03-21 10:37:01.069870')
('2015-03-21 10:37:01.527507', 'put_channel : channel tb0, group 0, time 2015-03-21 10:37:01.527397')
('2015-03-21 10:37:01.550005', 'put_channel : channel tb0, group 0, time 2015-03-21 10:37:01.549965')
('2015-03-21 10:37:01.646910', 'put_channel : channel tb0, group 0, time 2015-03-21 10:37:01.646836')
('2015-03-21 10:37:02.575531', 'put_channel : channel tb0, group 0, time 2015-03-21 10:37:02.575424')
('2015-03-21 10:37:03.025514', 'put_channel : channel tb0, group 0, time 2015-03-21 10:37:03.025446')
('2015-03-21 10:37:03.054242', 'put_channel : channel tb0, group 0, time 2015-03-21 10:37:03.054179')
('2015-03-21 10:37:03.118188', 'put_channel : channel tb0, group 0, time 2015-03-21 10:37:03.118117')
('2015-03-21 10:37:04.079168', 'put_channel : channel tb0, group 0, time 2015-03-21 10:37:04.079089')
('2015-03-21 10:37:09.026129', 'put_channel : channel tb0, group 1, time 2015-03-21 10:37:09.026052')
('2015-03-21 10:37:09.026493', 'put_channel : channel tb0, group 1, time 2015-03-21 10:37:09.026452')
('2015-03-21 10:37:09.054178', 'put_channel : channel tb0, group 1, time 2015-03-21 10:37:09.054139')
('2015-03-21 10:37:10.030275', 'put_channel : channel tb0, group 1, time 2015-03-21 10:37:10.030192')
('2015-03-21 10:37:10.524579', 'put_channel : channel tb0, group 1, time 2015-03-21 10:37:10.524500')
('2015-03-21 10:37:10.526576', 'put_channel : channel tb0, group 1, time 2015-03-21 10:37:10.526538')
('2015-03-21 10:37:10.541292', 'put_channel : channel tb0, group 1, time 2015-03-21 10:37:10.541254')
('2015-03-21 10:37:11.535216', 'put_channel : channel tb0, group 1, time 2015-03-21 10:37:11.535132')
('2015-03-21 10:37:12.023462', 'put_channel : channel tb0, group 1, time 2015-03-21 10:37:12.023370')
('2015-03-21 10:37:12.046807', 'put_channel : channel tb0, group 1, time 2015-03-21 10:37:12.046768')
('2015-03-21 10:37:13.526567', 'put_channel : channel tb0, group 1, time 2015-03-21 10:37:13.526458')
('2015-03-21 10:37:13.552238', 'put_channel : channel tb0, group 1, time 2015-03-21 10:37:13.552129')
('2015-03-21 10:37:34.542001', 'put_channel : channel tb0, group 0, time 2015-03-21 10:37:34.541912')
('2015-03-21 10:37:35.535117', 'put_channel : channel tb0, group 0, time 2015-03-21 10:37:35.535035')
('2015-03-21 10:37:35.568098', 'put_channel : channel tb0, group 0, time 2015-03-21 10:37:35.568056')
('2015-03-21 10:37:36.046246', 'put_channel : channel tb0, group 0, time 2015-03-21 10:37:36.046173')
('2015-03-21 10:37:37.043505', 'put_channel : channel tb0, group 0, time 2015-03-21 10:37:37.043424')
('2015-03-21 10:37:37.102213', 'put_channel : channel tb0, group 0, time 2015-03-21 10:37:37.102172')
('2015-03-21 10:37:40.559336', 'put_channel : channel tb0, group 1, time 2015-03-21 10:37:40.559253')
('2015-03-21 10:37:42.045849', 'put_channel : channel tb0, group 1, time 2015-03-21 10:37:42.045762')
('2015-03-21 10:37:43.551072', 'put_channel : channel tb0, group 1, time 2015-03-21 10:37:43.550984')
('2015-03-21 10:37:45.054725', 'put_channel : channel tb0, group 1, time 2015-03-21 10:37:45.054644')
('2015-03-21 10:37:46.062357', 'put_channel : channel tb0, group 1, time 2015-03-21 10:37:46.062274')
('2015-03-21 10:37:47.598552', 'put_channel : channel tb0, group 1, time 2015-03-21 10:37:47.598463')
('2015-03-21 10:37:49.070315', 'put_channel : channel tb0, group 1, time 2015-03-21 10:37:49.070223')
('2015-03-21 10:37:50.574732', 'put_channel : channel tb0, group 1, time 2015-03-21 10:37:50.574651')
('2015-03-21 10:37:52.079222', 'put_channel : channel tb0, group 1, time 2015-03-21 10:37:52.079150')
('2015-03-21 10:37:52.653074', 'put_channel : channel tb0, group 1, time 2015-03-21 10:37:52.652973')
('2015-03-21 10:37:53.583300', 'put_channel : channel tb0, group 1, time 2015-03-21 10:37:53.583187')
('2015-03-21 10:37:54.126366', 'put_channel : channel tb0, group 1, time 2015-03-21 10:37:54.126288')
('2015-03-21 10:37:55.086732', 'put_channel : channel tb0, group 1, time 2015-03-21 10:37:55.086658')
('2015-03-21 10:37:55.664052', 'put_channel : channel tb0, group 1, time 2015-03-21 10:37:55.663968')
('2015-03-21 10:38:03.151746', 'put_channel : channel tb0, group 1, time 2015-03-21 10:38:03.151659')
('2015-03-21 10:38:04.685712', 'put_channel : channel tb0, group 1, time 2015-03-21 10:38:04.685616')
('2015-03-21 10:38:10.638672', 'put_channel : channel tb0, group 0, time 2015-03-21 10:38:10.638584')
('2015-03-21 10:38:12.112024', 'put_channel : channel tb0, group 0, time 2015-03-21 10:38:12.111942')
('2015-03-21 10:38:13.646837', 'put_channel : channel tb0, group 0, time 2015-03-21 10:38:13.646725')
('2015-03-21 10:38:15.191152', 'put_channel : channel tb0, group 0, time 2015-03-21 10:38:15.191048')
('2015-03-21 10:38:16.653952', 'put_channel : channel tb0, group 0, time 2015-03-21 10:38:16.653868')
('2015-03-21 10:38:18.126702', 'put_channel : channel tb0, group 0, time 2015-03-21 10:38:18.126606')
('2015-03-21 10:38:19.664457', 'put_channel : channel tb0, group 0, time 2015-03-21 10:38:19.664350')
('2015-03-21 10:38:21.136202', 'put_channel : channel tb0, group 0, time 2015-03-21 10:38:21.136131')
('2015-03-21 10:38:25.677736', 'put_channel : channel tb0, group 0, time 2015-03-21 10:38:25.677638')
('2015-03-21 10:38:27.152309', 'put_channel : channel tb0, group 0, time 2015-03-21 10:38:27.152220')
('2015-03-21 10:38:28.623035', 'put_channel : channel tb0, group 0, time 2015-03-21 10:38:28.622944')
('2015-03-21 10:38:30.159350', 'put_channel : channel tb0, group 0, time 2015-03-21 10:38:30.159272')
('2015-03-21 10:38:33.582476', 'fd_channel : login[0] 0 login[1] 0 , tb0[0] 77 tb0[1] 45 , tb1[0] 0 tb1[1] 0')
('2015-03-21 10:38:35.620873', 'fd_channel : login[0] 0 login[1] 0 , tb0[0] 77 tb0[1] 40 , tb1[0] 0 tb1[1] 0')
('2015-03-21 10:38:52.008061', 'fd_channel : login[0] 0 login[1] 0 , tb0[0] 77 tb0[1] 27 , tb1[0] 0 tb1[1] 0')
('2015-03-21 10:38:53.796365', 'fd_channel : login[0] 0 login[1] 0 , tb0[0] 77 tb0[1] 26 , tb1[0] 0 tb1[1] 0')
('2015-03-21 10:39:44.248096', 'fd_channel : login[0] 0 login[1] 0 , tb0[0] 11 tb0[1] 26 , tb1[0] 0 tb1[1] 0')
('2015-03-21 10:39:46.276223', 'fd_channel : login[0] 0 login[1] 0 , tb0[0] 10 tb0[1] 26 , tb1[0] 0 tb1[1] 0')
('2015-03-21 10:39:47.300265', 'fd_channel : login[0] 0 login[1] 0 , tb0[0] 9 tb0[1] 26 , tb1[0] 0 tb1[1] 0')
('2015-03-21 10:39:49.348373', 'fd_channel : login[0] 0 login[1] 0 , tb0[0] 8 tb0[1] 26 , tb1[0] 0 tb1[1] 0')
('2015-03-21 10:40:04.708047', 'fd_channel : login[0] 0 login[1] 0 , tb0[0] 7 tb0[1] 26 , tb1[0] 0 tb1[1] 0')
('2015-03-21 10:40:06.755651', 'fd_channel : login[0] 0 login[1] 0 , tb0[0] 6 tb0[1] 26 , tb1[0] 0 tb1[1] 0')
('2015-03-21 11:27:42.027410', 'put_channel : channel tb1, group 0, time 2015-03-21 11:27:42.027317')
('2015-03-21 11:27:44.520868', 'put_channel : channel tb1, group 1, time 2015-03-21 11:27:44.520794')
('2015-03-21 11:27:44.523835', 'put_channel : channel tb1, group 0, time 2015-03-21 11:27:44.523763')
('2015-03-21 11:27:46.022948', 'put_channel : channel tb1, group 0, time 2015-03-21 11:27:46.022856')
('2015-03-21 11:27:47.522992', 'put_channel : channel tb1, group 1, time 2015-03-21 11:27:47.522859')
('2015-03-21 11:27:47.523587', 'put_channel : channel tb1, group 0, time 2015-03-21 11:27:47.523526')
('2015-03-21 11:27:49.021509', 'put_channel : channel tb1, group 1, time 2015-03-21 11:27:49.021421')
('2015-03-21 11:27:49.022807', 'put_channel : channel tb1, group 0, time 2015-03-21 11:27:49.022769')
('2015-03-21 11:27:49.036454', 'put_channel : channel tb1, group 1, time 2015-03-21 11:27:49.036386')
('2015-03-21 11:27:50.521520', 'put_channel : channel tb1, group 1, time 2015-03-21 11:27:50.521435')
('2015-03-21 11:27:50.524149', 'put_channel : channel tb1, group 0, time 2015-03-21 11:27:50.524111')
('2015-03-21 11:27:52.022078', 'put_channel : channel tb1, group 1, time 2015-03-21 11:27:52.021987')
('2015-03-21 11:27:52.023094', 'put_channel : channel tb1, group 0, time 2015-03-21 11:27:52.023056')
('2015-03-21 11:27:52.029549', 'put_channel : channel tb1, group 1, time 2015-03-21 11:27:52.029512')
('2015-03-21 11:27:53.521984', 'put_channel : channel tb1, group 1, time 2015-03-21 11:27:53.521900')
('2015-03-21 11:27:53.523653', 'put_channel : channel tb1, group 0, time 2015-03-21 11:27:53.523616')
('2015-03-21 11:27:55.021318', 'put_channel : channel tb1, group 1, time 2015-03-21 11:27:55.021237')
('2015-03-21 11:27:55.023397', 'put_channel : channel tb1, group 0, time 2015-03-21 11:27:55.023336')
('2015-03-21 11:27:56.522697', 'put_channel : channel tb1, group 0, time 2015-03-21 11:27:56.522613')
('2015-03-21 11:27:58.023163', 'put_channel : channel tb1, group 1, time 2015-03-21 11:27:58.023074')
('2015-03-21 11:27:58.023540', 'put_channel : channel tb1, group 0, time 2015-03-21 11:27:58.023483')
('2015-03-21 11:27:58.526720', 'put_channel : channel tb1, group 0, time 2015-03-21 11:27:58.526635')
('2015-03-21 11:27:59.522192', 'put_channel : channel tb1, group 1, time 2015-03-21 11:27:59.522107')
('2015-03-21 11:28:01.022031', 'put_channel : channel tb1, group 1, time 2015-03-21 11:28:01.021949')
('2015-03-21 11:28:01.023356', 'put_channel : channel tb1, group 0, time 2015-03-21 11:28:01.023278')
('2015-03-21 11:28:02.523553', 'put_channel : channel tb1, group 0, time 2015-03-21 11:28:02.523462')
('2015-03-21 11:28:04.526676', 'put_channel : channel tb1, group 0, time 2015-03-21 11:28:04.526603')
('2015-03-21 11:28:07.021972', 'put_channel : channel tb1, group 0, time 2015-03-21 11:28:07.021879')
('2015-03-21 11:28:07.022606', 'put_channel : channel tb1, group 1, time 2015-03-21 11:28:07.022526')
('2015-03-21 11:28:07.527930', 'put_channel : channel tb1, group 0, time 2015-03-21 11:28:07.527830')
('2015-03-21 11:28:08.522042', 'put_channel : channel tb1, group 1, time 2015-03-21 11:28:08.521970')
('2015-03-21 11:28:10.023764', 'put_channel : channel tb1, group 1, time 2015-03-21 11:28:10.023669')
('2015-03-21 11:28:10.030548', 'put_channel : channel tb1, group 1, time 2015-03-21 11:28:10.030506')
('2015-03-21 11:28:10.541968', 'put_channel : channel tb1, group 1, time 2015-03-21 11:28:10.541878')
('2015-03-21 11:28:11.522089', 'put_channel : channel tb1, group 0, time 2015-03-21 11:28:11.521990')
('2015-03-21 11:28:11.523474', 'put_channel : channel tb1, group 1, time 2015-03-21 11:28:11.523411')
('2015-03-21 11:28:12.065635', 'put_channel : channel tb1, group 1, time 2015-03-21 11:28:12.065541')
('2015-03-21 11:28:13.024701', 'put_channel : channel tb1, group 0, time 2015-03-21 11:28:13.024618')
('2015-03-21 11:28:14.522025', 'put_channel : channel tb1, group 1, time 2015-03-21 11:28:14.521916')
('2015-03-21 11:28:14.523777', 'put_channel : channel tb1, group 0, time 2015-03-21 11:28:14.523734')
('2015-03-21 11:28:15.024397', 'put_channel : channel tb1, group 0, time 2015-03-21 11:28:15.024312')
('2015-03-21 11:28:15.026250', 'put_channel : channel tb1, group 1, time 2015-03-21 11:28:15.026213')
('2015-03-21 11:28:16.527291', 'put_channel : channel tb1, group 0, time 2015-03-21 11:28:16.527222')
('2015-03-21 11:28:17.523325', 'put_channel : channel tb1, group 1, time 2015-03-21 11:28:17.523241')
('2015-03-21 11:28:18.026319', 'put_channel : channel tb1, group 0, time 2015-03-21 11:28:18.026229')
('2015-03-21 11:28:19.021532', 'put_channel : channel tb1, group 1, time 2015-03-21 11:28:19.021437')
('2015-03-21 11:28:20.522323', 'put_channel : channel tb1, group 0, time 2015-03-21 11:28:20.522242')
('2015-03-21 11:28:21.026917', 'put_channel : channel tb1, group 0, time 2015-03-21 11:28:21.026835')
('2015-03-21 11:28:22.022984', 'put_channel : channel tb1, group 1, time 2015-03-21 11:28:22.022895')
('2015-03-21 11:28:22.525286', 'put_channel : channel tb1, group 1, time 2015-03-21 11:28:22.525186')
('2015-03-21 11:28:22.525772', 'put_channel : channel tb1, group 1, time 2015-03-21 11:28:22.525732')
('2015-03-21 11:28:22.527028', 'put_channel : channel tb1, group 0, time 2015-03-21 11:28:22.526993')
('2015-03-21 11:28:24.024826', 'put_channel : channel tb1, group 0, time 2015-03-21 11:28:24.024733')
('2015-03-21 11:28:24.047286', 'put_channel : channel tb1, group 0, time 2015-03-21 11:28:24.047186')
('2015-03-21 11:28:25.021621', 'put_channel : channel tb1, group 1, time 2015-03-21 11:28:25.021528')
('2015-03-21 11:28:25.524244', 'put_channel : channel tb1, group 1, time 2015-03-21 11:28:25.524136')
('2015-03-21 11:28:27.025534', 'put_channel : channel tb1, group 1, time 2015-03-21 11:28:27.025472')
('2015-03-21 11:28:27.027300', 'put_channel : channel tb1, group 0, time 2015-03-21 11:28:27.027264')
('2015-03-21 11:28:28.526715', 'put_channel : channel tb1, group 1, time 2015-03-21 11:28:28.526638')
('2015-03-21 11:28:29.148327', 'put_channel : channel tb1, group 0, time 2015-03-21 11:28:29.148240')
('2015-03-21 11:28:32.535188', 'put_channel : channel tb1, group 0, time 2015-03-21 11:28:32.535102')
('2015-03-21 11:28:36.026859', 'put_channel : channel tb1, group 0, time 2015-03-21 11:28:36.026777')
('2015-03-21 11:28:36.647541', 'put_channel : channel tb1, group 1, time 2015-03-21 11:28:36.647435')
('2015-03-21 11:28:37.538331', 'put_channel : channel tb1, group 0, time 2015-03-21 11:28:37.538252')
('2015-03-21 11:28:37.538966', 'put_channel : channel tb1, group 0, time 2015-03-21 11:28:37.538894')
('2015-03-21 11:28:38.535450', 'put_channel : channel tb1, group 1, time 2015-03-21 11:28:38.535344')
('2015-03-21 11:28:40.525410', 'put_channel : channel tb1, group 1, time 2015-03-21 11:28:40.525335')
('2015-03-21 11:28:40.525957', 'put_channel : channel tb1, group 1, time 2015-03-21 11:28:40.525915')
('2015-03-21 11:28:41.535564', 'put_channel : channel tb1, group 1, time 2015-03-21 11:28:41.535483')
('2015-03-21 11:28:42.025621', 'put_channel : channel tb1, group 0, time 2015-03-21 11:28:42.025546')
('2015-03-21 11:28:43.525721', 'put_channel : channel tb1, group 1, time 2015-03-21 11:28:43.525645')
('2015-03-21 11:28:43.526134', 'put_channel : channel tb1, group 0, time 2015-03-21 11:28:43.526097')
('2015-03-21 11:28:43.526447', 'put_channel : channel tb1, group 0, time 2015-03-21 11:28:43.526412')
('2015-03-21 11:28:45.026171', 'put_channel : channel tb1, group 1, time 2015-03-21 11:28:45.026090')
('2015-03-21 11:28:45.026821', 'put_channel : channel tb1, group 0, time 2015-03-21 11:28:45.026753')
('2015-03-21 11:28:45.053759', 'put_channel : channel tb1, group 1, time 2015-03-21 11:28:45.053716')
('2015-03-21 11:28:46.525530', 'put_channel : channel tb1, group 1, time 2015-03-21 11:28:46.525450')
('2015-03-21 11:28:46.525945', 'put_channel : channel tb1, group 0, time 2015-03-21 11:28:46.525908')
('2015-03-21 11:28:48.027250', 'put_channel : channel tb1, group 0, time 2015-03-21 11:28:48.027165')
('2015-03-21 11:28:48.046620', 'put_channel : channel tb1, group 0, time 2015-03-21 11:28:48.046548')
('2015-03-21 11:28:49.524806', 'put_channel : channel tb1, group 1, time 2015-03-21 11:28:49.524722')
('2015-03-21 11:28:49.525967', 'put_channel : channel tb1, group 0, time 2015-03-21 11:28:49.525929')
('2015-03-21 11:28:52.526572', 'put_channel : channel tb1, group 0, time 2015-03-21 11:28:52.526490')
('2015-03-21 11:28:52.527040', 'put_channel : channel tb1, group 1, time 2015-03-21 11:28:52.527001')
('2015-03-21 11:28:54.647036', 'put_channel : channel tb1, group 0, time 2015-03-21 11:28:54.646945')
('2015-03-21 11:28:54.647573', 'put_channel : channel tb1, group 1, time 2015-03-21 11:28:54.647507')
('2015-03-21 11:28:57.028761', 'put_channel : channel tb1, group 0, time 2015-03-21 11:28:57.028684')
('2015-03-21 11:28:58.526046', 'put_channel : channel tb1, group 0, time 2015-03-21 11:28:58.525968')
('2015-03-21 11:28:59.147199', 'put_channel : channel tb1, group 1, time 2015-03-21 11:28:59.147118')
('2015-03-21 11:29:00.027020', 'put_channel : channel tb1, group 0, time 2015-03-21 11:29:00.026943')
('2015-03-21 11:29:00.027343', 'put_channel : channel tb1, group 1, time 2015-03-21 11:29:00.027305')
('2015-03-21 11:29:01.527113', 'put_channel : channel tb1, group 1, time 2015-03-21 11:29:01.527027')
('2015-03-21 11:29:04.526505', 'put_channel : channel tb1, group 1, time 2015-03-21 11:29:04.526415')
('2015-03-21 11:29:06.026208', 'put_channel : channel tb1, group 1, time 2015-03-21 11:29:06.026134')
('2015-03-21 11:29:06.026899', 'put_channel : channel tb1, group 1, time 2015-03-21 11:29:06.026863')
('2015-03-21 11:29:06.046426', 'put_channel : channel tb1, group 1, time 2015-03-21 11:29:06.046388')
('2015-03-21 11:29:06.128359', 'put_channel : channel tb1, group 0, time 2015-03-21 11:29:06.128282')
('2015-03-21 11:29:07.038830', 'put_channel : channel tb1, group 0, time 2015-03-21 11:29:07.038751')
('2015-03-21 11:29:10.527048', 'put_channel : channel tb1, group 1, time 2015-03-21 11:29:10.526958')
('2015-03-21 11:29:13.038512', 'put_channel : channel tb1, group 0, time 2015-03-21 11:29:13.038440')
('2015-03-21 11:29:14.523657', 'put_channel : channel tb1, group 1, time 2015-03-21 11:29:14.523546')
('2015-03-21 11:29:16.560097', 'put_channel : channel tb1, group 0, time 2015-03-21 11:29:16.560014')
('2015-03-21 11:29:19.038889', 'put_channel : channel tb1, group 1, time 2015-03-21 11:29:19.038816')
('2015-03-21 11:29:19.039058', 'put_channel : channel tb1, group 0, time 2015-03-21 11:29:19.039016')
('2015-03-21 11:29:19.550030', 'put_channel : channel tb1, group 0, time 2015-03-21 11:29:19.549939')
('2015-03-21 11:29:23.523652', 'put_channel : channel tb1, group 0, time 2015-03-21 11:29:23.523547')
('2015-03-21 11:29:25.039853', 'put_channel : channel tb1, group 1, time 2015-03-21 11:29:25.039756')
('2015-03-21 11:29:25.550507', 'put_channel : channel tb1, group 0, time 2015-03-21 11:29:25.550422')
('2015-03-21 11:29:28.030462', 'put_channel : channel tb1, group 1, time 2015-03-21 11:29:28.030419')
('2015-03-21 11:29:29.521993', 'put_channel : channel tb1, group 1, time 2015-03-21 11:29:29.521949')
('2015-03-21 11:29:29.584069', 'put_channel : channel tb1, group 0, time 2015-03-21 11:29:29.584028')
('2015-03-21 11:29:31.022454', 'put_channel : channel tb1, group 0, time 2015-03-21 11:29:31.022374')
('2015-03-21 11:29:32.523317', 'put_channel : channel tb1, group 0, time 2015-03-21 11:29:32.523237')
('2015-03-21 11:29:32.534334', 'put_channel : channel tb1, group 0, time 2015-03-21 11:29:32.534292')
('2015-03-21 11:29:34.030811', 'put_channel : channel tb1, group 1, time 2015-03-21 11:29:34.030722')
('2015-03-21 11:29:34.541378', 'put_channel : channel tb1, group 1, time 2015-03-21 11:29:34.541301')
('2015-03-21 11:29:34.542301', 'put_channel : channel tb1, group 0, time 2015-03-21 11:29:34.542265')
('2015-03-21 11:29:35.522561', 'put_channel : channel tb1, group 0, time 2015-03-21 11:29:35.522482')
('2015-03-21 11:29:36.620566', 'fd_channel : login[0] 0 login[1] 0 , tb0[0] 6 tb0[1] 26 , tb1[0] 61 tb1[1] 56')
('2015-03-21 11:29:36.621449', 'fd_channel : login[0] 0 login[1] 0 , tb0[0] 6 tb0[1] 26 , tb1[0] 61 tb1[1] 55')
('2015-03-21 11:29:36.622447', 'fd_channel : login[0] 0 login[1] 0 , tb0[0] 6 tb0[1] 26 , tb1[0] 61 tb1[1] 54')
('2015-03-21 11:29:36.623502', 'fd_channel : login[0] 0 login[1] 0 , tb0[0] 6 tb0[1] 26 , tb1[0] 61 tb1[1] 53')
('2015-03-21 11:29:36.624824', 'fd_channel : login[0] 0 login[1] 0 , tb0[0] 6 tb0[1] 26 , tb1[0] 61 tb1[1] 52')
('2015-03-21 11:29:36.625435', 'fd_channel : login[0] 0 login[1] 0 , tb0[0] 6 tb0[1] 26 , tb1[0] 61 tb1[1] 51')
('2015-03-21 11:29:36.626465', 'fd_channel : login[0] 0 login[1] 0 , tb0[0] 6 tb0[1] 26 , tb1[0] 61 tb1[1] 50')
('2015-03-21 11:29:36.627365', 'fd_channel : login[0] 0 login[1] 0 , tb0[0] 6 tb0[1] 26 , tb1[0] 61 tb1[1] 49')
('2015-03-21 11:29:37.022706', 'put_channel : channel tb1, group 0, time 2015-03-21 11:29:37.022652')
('2015-03-21 11:29:37.526851', 'put_channel : channel tb1, group 0, time 2015-03-21 11:29:37.526811')
('2015-03-21 11:29:37.550152', 'put_channel : channel tb1, group 1, time 2015-03-21 11:29:37.550113')
('2015-03-21 11:29:38.574622', 'put_channel : channel tb1, group 0, time 2015-03-21 11:29:38.574540')
('2015-03-21 11:29:40.525530', 'put_channel : channel tb1, group 0, time 2015-03-21 11:29:40.525450')
('2015-03-21 11:29:43.526084', 'put_channel : channel tb1, group 0, time 2015-03-21 11:29:43.526004')
('2015-03-21 11:29:43.628811', 'fd_channel : login[0] 0 login[1] 0 , tb0[0] 6 tb0[1] 26 , tb1[0] 66 tb1[1] 49')
('2015-03-21 11:29:46.526427', 'put_channel : channel tb1, group 0, time 2015-03-21 11:29:46.526359')
('2015-03-21 11:29:47.534179', 'put_channel : channel tb1, group 1, time 2015-03-21 11:29:47.534096')
('2015-03-21 11:29:49.023058', 'put_channel : channel tb1, group 0, time 2015-03-21 11:29:49.022984')
('2015-03-21 11:29:49.525438', 'put_channel : channel tb1, group 0, time 2015-03-21 11:29:49.525370')
('2015-03-21 11:29:50.522957', 'put_channel : channel tb1, group 1, time 2015-03-21 11:29:50.522873')
('2015-03-21 11:29:51.025791', 'put_channel : channel tb1, group 0, time 2015-03-21 11:29:51.025714')
('2015-03-21 11:29:52.023236', 'put_channel : channel tb1, group 1, time 2015-03-21 11:29:52.023128')
('2015-03-21 11:29:53.523418', 'put_channel : channel tb1, group 0, time 2015-03-21 11:29:53.523325')
('2015-03-21 11:29:55.024033', 'put_channel : channel tb1, group 0, time 2015-03-21 11:29:55.023939')
('2015-03-21 11:29:55.525856', 'put_channel : channel tb1, group 0, time 2015-03-21 11:29:55.525779')
('2015-03-21 11:29:56.636383', 'fd_channel : login[0] 0 login[1] 0 , tb0[0] 6 tb0[1] 26 , tb1[0] 73 tb1[1] 49')
('2015-03-21 11:29:56.636957', 'fd_channel : login[0] 0 login[1] 0 , tb0[0] 6 tb0[1] 26 , tb1[0] 73 tb1[1] 48')
('2015-03-21 11:29:56.637531', 'fd_channel : login[0] 0 login[1] 0 , tb0[0] 6 tb0[1] 26 , tb1[0] 73 tb1[1] 47')
('2015-03-21 11:29:56.638272', 'fd_channel : login[0] 0 login[1] 0 , tb0[0] 6 tb0[1] 26 , tb1[0] 73 tb1[1] 46')
('2015-03-21 11:29:56.638856', 'fd_channel : login[0] 0 login[1] 0 , tb0[0] 6 tb0[1] 26 , tb1[0] 73 tb1[1] 45')
('2015-03-21 11:29:56.639585', 'fd_channel : login[0] 0 login[1] 0 , tb0[0] 6 tb0[1] 26 , tb1[0] 73 tb1[1] 44')
('2015-03-21 11:29:56.640407', 'fd_channel : login[0] 0 login[1] 0 , tb0[0] 6 tb0[1] 26 , tb1[0] 73 tb1[1] 43')
('2015-03-21 11:29:56.641457', 'fd_channel : login[0] 0 login[1] 0 , tb0[0] 6 tb0[1] 26 , tb1[0] 73 tb1[1] 42')
('2015-03-21 11:29:56.836005', 'fd_channel : login[0] 0 login[1] 0 , tb0[0] 6 tb0[1] 26 , tb1[0] 62 tb1[1] 41')
('2015-03-21 11:29:56.837100', 'fd_channel : login[0] 0 login[1] 0 , tb0[0] 6 tb0[1] 26 , tb1[0] 60 tb1[1] 41')
('2015-03-21 11:29:56.837891', 'fd_channel : login[0] 0 login[1] 0 , tb0[0] 6 tb0[1] 26 , tb1[0] 59 tb1[1] 41')
('2015-03-21 11:29:56.838774', 'fd_channel : login[0] 0 login[1] 0 , tb0[0] 6 tb0[1] 26 , tb1[0] 59 tb1[1] 40')
('2015-03-21 11:29:57.026171', 'put_channel : channel tb1, group 0, time 2015-03-21 11:29:57.026088')
('2015-03-21 11:29:57.372411', 'fd_channel : login[0] 0 login[1] 0 , tb0[0] 6 tb0[1] 26 , tb1[0] 59 tb1[1] 40')
('2015-03-21 11:29:57.373324', 'fd_channel : login[0] 0 login[1] 0 , tb0[0] 6 tb0[1] 26 , tb1[0] 59 tb1[1] 39')
('2015-03-21 11:29:57.417893', 'fd_channel : login[0] 0 login[1] 0 , tb0[0] 6 tb0[1] 26 , tb1[0] 58 tb1[1] 39')
('2015-03-21 11:29:57.418733', 'fd_channel : login[0] 0 login[1] 0 , tb0[0] 6 tb0[1] 26 , tb1[0] 58 tb1[1] 38')
('2015-03-21 11:29:57.494956', 'fd_channel : login[0] 0 login[1] 0 , tb0[0] 6 tb0[1] 26 , tb1[0] 57 tb1[1] 38')
('2015-03-21 11:29:57.496151', 'fd_channel : login[0] 0 login[1] 0 , tb0[0] 6 tb0[1] 26 , tb1[0] 57 tb1[1] 37')
('2015-03-21 11:29:58.525511', 'put_channel : channel tb1, group 0, time 2015-03-21 11:29:58.525431')
('2015-03-21 11:29:58.838550', 'fd_channel : login[0] 0 login[1] 0 , tb0[0] 6 tb0[1] 26 , tb1[0] 57 tb1[1] 37')
('2015-03-21 11:29:58.839781', 'fd_channel : login[0] 0 login[1] 0 , tb0[0] 6 tb0[1] 26 , tb1[0] 57 tb1[1] 36')
('2015-03-21 11:29:58.840350', 'fd_channel : login[0] 0 login[1] 0 , tb0[0] 6 tb0[1] 26 , tb1[0] 56 tb1[1] 36')
('2015-03-21 11:29:58.841410', 'fd_channel : login[0] 0 login[1] 0 , tb0[0] 6 tb0[1] 26 , tb1[0] 56 tb1[1] 35')
('2015-03-21 11:29:59.374607', 'fd_channel : login[0] 0 login[1] 0 , tb0[0] 6 tb0[1] 26 , tb1[0] 55 tb1[1] 35')
('2015-03-21 11:29:59.375702', 'fd_channel : login[0] 0 login[1] 0 , tb0[0] 6 tb0[1] 26 , tb1[0] 55 tb1[1] 34')
('2015-03-21 11:29:59.419916', 'fd_channel : login[0] 0 login[1] 0 , tb0[0] 6 tb0[1] 26 , tb1[0] 54 tb1[1] 34')
('2015-03-21 11:29:59.420693', 'fd_channel : login[0] 0 login[1] 0 , tb0[0] 6 tb0[1] 26 , tb1[0] 54 tb1[1] 33')
('2015-03-21 11:29:59.520710', 'put_channel : channel tb1, group 1, time 2015-03-21 11:29:59.520658')
('2015-03-21 11:30:01.023862', 'put_channel : channel tb1, group 1, time 2015-03-21 11:30:01.023777')
('2015-03-21 11:30:01.624959', 'worker [5] stopping')
('2015-03-21 11:30:02.533980', 'put_channel : channel tb1, group 1, time 2015-03-21 11:30:02.533897')
('2015-03-21 11:30:03.636700', 'fd_channel : login[0] 0 login[1] 0 , tb0[0] 6 tb0[1] 26 , tb1[0] 54 tb1[1] 35')
('2015-03-21 11:30:03.641863', 'fd_channel : login[0] 0 login[1] 0 , tb0[0] 6 tb0[1] 26 , tb1[0] 54 tb1[1] 34')
('2015-03-21 11:30:03.643292', 'fd_channel : login[0] 0 login[1] 0 , tb0[0] 6 tb0[1] 26 , tb1[0] 54 tb1[1] 33')
('2015-03-21 11:30:06.640008', 'fd_channel : login[0] 0 login[1] 0 , tb0[0] 6 tb0[1] 26 , tb1[0] 54 tb1[1] 32')
('2015-03-21 11:30:06.645484', 'fd_channel : login[0] 0 login[1] 0 , tb0[0] 6 tb0[1] 26 , tb1[0] 54 tb1[1] 31')
('2015-03-21 11:30:06.776605', 'fd_channel : login[0] 0 login[1] 0 , tb0[0] 6 tb0[1] 26 , tb1[0] 54 tb1[1] 30')
('2015-03-21 11:30:19.666436', 'put_channel : channel tb1, group 0, time 2015-03-21 11:30:19.666346')
('2015-03-21 11:30:21.139883', 'put_channel : channel tb1, group 0, time 2015-03-21 11:30:21.139797')
('2015-03-21 11:30:23.567231', 'put_channel : channel tb1, group 1, time 2015-03-21 11:30:23.567134')
('2015-03-21 11:30:39.119284', 'put_channel : channel tb1, group 1, time 2015-03-21 11:30:39.119193')
