('2015-03-21 09:55:39.423556', 'worker [6] started')
('2015-03-21 09:55:39.423629', 'client 8 initted')
('2015-03-21 09:55:40.525149', 'put_channel : channel login, group 1, time 2015-03-21 09:55:40.525063')
('2015-03-21 09:55:40.528452', 'fd_channel : login[0] 0 login[1] 0 , tb0[0] 0 tb0[1] 0 , tb1[0] 0 tb1[1] 0')
('2015-03-21 09:55:40.529011', 'put_channel : channel login, group 0, time 2015-03-21 09:55:40.528971')
('2015-03-21 09:55:40.621374', 'fd_channel : login[0] 0 login[1] 0 , tb0[0] 0 tb0[1] 0 , tb1[0] 0 tb1[1] 0')
('2015-03-21 09:55:42.025507', 'put_channel : channel login, group 1, time 2015-03-21 09:55:42.025409')
('2015-03-21 09:55:42.026028', 'fd_channel : login[0] 0 login[1] 0 , tb0[0] 0 tb0[1] 0 , tb1[0] 0 tb1[1] 0')
('2015-03-21 09:55:42.026701', 'put_channel : channel login, group 0, time 2015-03-21 09:55:42.026665')
('2015-03-21 09:55:42.122991', 'fd_channel : login[0] 0 login[1] 0 , tb0[0] 0 tb0[1] 0 , tb1[0] 0 tb1[1] 0')
('2015-03-21 09:55:43.524275', 'put_channel : channel login, group 1, time 2015-03-21 09:55:43.524199')
('2015-03-21 09:55:43.524691', 'fd_channel : login[0] 0 login[1] 0 , tb0[0] 0 tb0[1] 0 , tb1[0] 0 tb1[1] 0')
('2015-03-21 09:55:43.526044', 'put_channel : channel login, group 0, time 2015-03-21 09:55:43.526002')
('2015-03-21 09:55:43.624614', 'fd_channel : login[0] 0 login[1] 0 , tb0[0] 0 tb0[1] 0 , tb1[0] 0 tb1[1] 0')
('2015-03-21 09:55:45.027057', 'put_channel : channel login, group 0, time 2015-03-21 09:55:45.026975')
('2015-03-21 09:55:45.027413', 'put_channel : channel login, group 1, time 2015-03-21 09:55:45.027377')
('2015-03-21 09:55:45.027676', 'fd_channel : login[0] 1 login[1] 0 , tb0[0] 0 tb0[1] 0 , tb1[0] 0 tb1[1] 0')
('2015-03-21 09:55:45.125955', 'fd_channel : login[0] 0 login[1] 0 , tb0[0] 0 tb0[1] 0 , tb1[0] 0 tb1[1] 0')
('2015-03-21 10:32:34.526682', 'put_channel : channel tb0, group 1, time 2015-03-21 10:32:34.526595')
('2015-03-21 10:32:35.525289', 'put_channel : channel tb0, group 1, time 2015-03-21 10:32:35.525196')
('2015-03-21 10:32:36.024429', 'put_channel : channel tb0, group 1, time 2015-03-21 10:32:36.024353')
('2015-03-21 10:32:36.028157', 'put_channel : channel tb0, group 1, time 2015-03-21 10:32:36.028121')
('2015-03-21 10:32:37.525356', 'put_channel : channel tb0, group 1, time 2015-03-21 10:32:37.525099')
('2015-03-21 10:32:39.024501', 'put_channel : channel tb0, group 1, time 2015-03-21 10:32:39.024426')
('2015-03-21 10:32:40.525631', 'put_channel : channel tb0, group 1, time 2015-03-21 10:32:40.525559')
('2015-03-21 10:32:42.025218', 'put_channel : channel tb0, group 0, time 2015-03-21 10:32:42.025135')
('2015-03-21 10:32:42.025439', 'put_channel : channel tb0, group 1, time 2015-03-21 10:32:42.025360')
('2015-03-21 10:32:42.028700', 'put_channel : channel tb0, group 0, time 2015-03-21 10:32:42.028660')
('2015-03-21 10:32:43.526030', 'put_channel : channel tb0, group 0, time 2015-03-21 10:32:43.525943')
('2015-03-21 10:32:43.526551', 'put_channel : channel tb0, group 1, time 2015-03-21 10:32:43.526515')
('2015-03-21 10:32:45.025010', 'put_channel : channel tb0, group 0, time 2015-03-21 10:32:45.024928')
('2015-03-21 10:32:45.026737', 'put_channel : channel tb0, group 1, time 2015-03-21 10:32:45.026666')
('2015-03-21 10:32:46.526534', 'put_channel : channel tb0, group 1, time 2015-03-21 10:32:46.526436')
('2015-03-21 10:32:46.526974', 'put_channel : channel tb0, group 0, time 2015-03-21 10:32:46.526903')
('2015-03-21 10:32:46.533283', 'put_channel : channel tb0, group 0, time 2015-03-21 10:32:46.533240')
('2015-03-21 10:32:48.023637', 'put_channel : channel tb0, group 1, time 2015-03-21 10:32:48.023564')
('2015-03-21 10:32:48.027151', 'put_channel : channel tb0, group 0, time 2015-03-21 10:32:48.027110')
('2015-03-21 10:32:49.524408', 'put_channel : channel tb0, group 1, time 2015-03-21 10:32:49.524328')
('2015-03-21 10:32:49.526294', 'put_channel : channel tb0, group 0, time 2015-03-21 10:32:49.526257')
('2015-03-21 10:32:51.025776', 'put_channel : channel tb0, group 0, time 2015-03-21 10:32:51.025693')
('2015-03-21 10:32:51.026238', 'put_channel : channel tb0, group 1, time 2015-03-21 10:32:51.026169')
('2015-03-21 10:32:52.524930', 'put_channel : channel tb0, group 1, time 2015-03-21 10:32:52.524842')
('2015-03-21 10:32:52.526827', 'put_channel : channel tb0, group 0, time 2015-03-21 10:32:52.526787')
('2015-03-21 10:32:54.024666', 'put_channel : channel tb0, group 1, time 2015-03-21 10:32:54.024589')
('2015-03-21 10:32:54.025815', 'put_channel : channel tb0, group 0, time 2015-03-21 10:32:54.025777')
('2015-03-21 10:32:55.524752', 'put_channel : channel tb0, group 0, time 2015-03-21 10:32:55.524673')
('2015-03-21 10:32:55.525300', 'put_channel : channel tb0, group 1, time 2015-03-21 10:32:55.525264')
('2015-03-21 10:32:57.026524', 'put_channel : channel tb0, group 1, time 2015-03-21 10:32:57.026444')
('2015-03-21 10:32:57.027078', 'put_channel : channel tb0, group 0, time 2015-03-21 10:32:57.027041')
('2015-03-21 10:32:58.524901', 'put_channel : channel tb0, group 0, time 2015-03-21 10:32:58.524825')
('2015-03-21 10:32:58.525496', 'put_channel : channel tb0, group 1, time 2015-03-21 10:32:58.525455')
('2015-03-21 10:33:00.025646', 'put_channel : channel tb0, group 0, time 2015-03-21 10:33:00.025560')
('2015-03-21 10:33:00.026361', 'put_channel : channel tb0, group 1, time 2015-03-21 10:33:00.026305')
('2015-03-21 10:33:01.525154', 'put_channel : channel tb0, group 1, time 2015-03-21 10:33:01.525052')
('2015-03-21 10:33:01.525678', 'put_channel : channel tb0, group 0, time 2015-03-21 10:33:01.525636')
('2015-03-21 10:33:03.025112', 'put_channel : channel tb0, group 1, time 2015-03-21 10:33:03.025031')
('2015-03-21 10:33:03.025626', 'put_channel : channel tb0, group 0, time 2015-03-21 10:33:03.025584')
('2015-03-21 10:33:04.525868', 'put_channel : channel tb0, group 0, time 2015-03-21 10:33:04.525791')
('2015-03-21 10:33:04.526337', 'put_channel : channel tb0, group 1, time 2015-03-21 10:33:04.526289')
('2015-03-21 10:33:06.026456', 'put_channel : channel tb0, group 0, time 2015-03-21 10:33:06.026377')
('2015-03-21 10:33:06.026815', 'put_channel : channel tb0, group 1, time 2015-03-21 10:33:06.026704')
('2015-03-21 10:33:07.524232', 'put_channel : channel tb0, group 1, time 2015-03-21 10:33:07.524145')
('2015-03-21 10:33:07.525081', 'put_channel : channel tb0, group 0, time 2015-03-21 10:33:07.525012')
('2015-03-21 10:33:09.024514', 'put_channel : channel tb0, group 1, time 2015-03-21 10:33:09.024430')
('2015-03-21 10:33:09.026054', 'put_channel : channel tb0, group 0, time 2015-03-21 10:33:09.025987')
('2015-03-21 10:33:10.526411', 'put_channel : channel tb0, group 1, time 2015-03-21 10:33:10.526340')
('2015-03-21 10:33:10.526966', 'put_channel : channel tb0, group 0, time 2015-03-21 10:33:10.526930')
('2015-03-21 10:33:12.024533', 'put_channel : channel tb0, group 1, time 2015-03-21 10:33:12.024459')
('2015-03-21 10:33:12.026901', 'put_channel : channel tb0, group 0, time 2015-03-21 10:33:12.026861')
('2015-03-21 10:33:13.524762', 'put_channel : channel tb0, group 0, time 2015-03-21 10:33:13.524685')
('2015-03-21 10:33:13.528425', 'put_channel : channel tb0, group 1, time 2015-03-21 10:33:13.528387')
('2015-03-21 10:33:15.026863', 'put_channel : channel tb0, group 0, time 2015-03-21 10:33:15.026780')
('2015-03-21 10:33:15.027184', 'put_channel : channel tb0, group 1, time 2015-03-21 10:33:15.027110')
('2015-03-21 10:33:16.525841', 'put_channel : channel tb0, group 0, time 2015-03-21 10:33:16.525755')
('2015-03-21 10:33:18.026598', 'put_channel : channel tb0, group 0, time 2015-03-21 10:33:18.026519')
('2015-03-21 10:33:19.526915', 'put_channel : channel tb0, group 0, time 2015-03-21 10:33:19.526835')
('2015-03-21 10:33:21.026934', 'put_channel : channel tb0, group 0, time 2015-03-21 10:33:21.026841')
('2015-03-21 10:33:22.525576', 'put_channel : channel tb0, group 0, time 2015-03-21 10:33:22.525487')
('2015-03-21 10:33:28.037259', 'put_channel : channel tb0, group 1, time 2015-03-21 10:33:28.037218')
('2015-03-21 10:33:28.526290', 'put_channel : channel tb0, group 1, time 2015-03-21 10:33:28.526214')
('2015-03-21 10:33:29.532094', 'put_channel : channel tb0, group 1, time 2015-03-21 10:33:29.532000')
('2015-03-21 10:33:30.026576', 'put_channel : channel tb0, group 1, time 2015-03-21 10:33:30.026500')
('2015-03-21 10:33:31.524827', 'put_channel : channel tb0, group 1, time 2015-03-21 10:33:31.524750')
('2015-03-21 10:33:32.524935', 'put_channel : channel tb0, group 0, time 2015-03-21 10:33:32.524848')
('2015-03-21 10:33:32.540778', 'put_channel : channel tb0, group 0, time 2015-03-21 10:33:32.540740')
('2015-03-21 10:33:33.025507', 'put_channel : channel tb0, group 1, time 2015-03-21 10:33:33.025434')
('2015-03-21 10:33:34.526788', 'put_channel : channel tb0, group 1, time 2015-03-21 10:33:34.526709')
('2015-03-21 10:33:35.525004', 'put_channel : channel tb0, group 0, time 2015-03-21 10:33:35.524908')
('2015-03-21 10:33:35.533261', 'put_channel : channel tb0, group 0, time 2015-03-21 10:33:35.533221')
('2015-03-21 10:33:36.025231', 'put_channel : channel tb0, group 1, time 2015-03-21 10:33:36.025135')
('2015-03-21 10:33:37.524882', 'put_channel : channel tb0, group 1, time 2015-03-21 10:33:37.524806')
('2015-03-21 10:33:39.025747', 'put_channel : channel tb0, group 0, time 2015-03-21 10:33:39.025664')
('2015-03-21 10:33:39.026248', 'put_channel : channel tb0, group 1, time 2015-03-21 10:33:39.026211')
('2015-03-21 10:33:39.054254', 'put_channel : channel tb0, group 0, time 2015-03-21 10:33:39.054179')
('2015-03-21 10:33:39.149522', 'put_channel : channel tb0, group 0, time 2015-03-21 10:33:39.149408')
('2015-03-21 10:33:40.035938', 'put_channel : channel tb0, group 0, time 2015-03-21 10:33:40.035856')
('2015-03-21 10:33:40.526535', 'put_channel : channel tb0, group 1, time 2015-03-21 10:33:40.526461')
('2015-03-21 10:33:42.024732', 'put_channel : channel tb0, group 1, time 2015-03-21 10:33:42.024656')
('2015-03-21 10:33:43.523804', 'put_channel : channel tb0, group 1, time 2015-03-21 10:33:43.523710')
('2015-03-21 10:33:43.528002', 'put_channel : channel tb0, group 0, time 2015-03-21 10:33:43.527925')
('2015-03-21 10:33:43.528448', 'put_channel : channel tb0, group 0, time 2015-03-21 10:33:43.528402')
('2015-03-21 10:33:44.540169', 'put_channel : channel tb0, group 0, time 2015-03-21 10:33:44.540083')
('2015-03-21 10:33:45.025756', 'put_channel : channel tb0, group 1, time 2015-03-21 10:33:45.025660')
('2015-03-21 10:33:46.527266', 'put_channel : channel tb0, group 1, time 2015-03-21 10:33:46.527168')
('2015-03-21 10:33:48.025111', 'put_channel : channel tb0, group 1, time 2015-03-21 10:33:48.025016')
('2015-03-21 10:33:49.026129', 'put_channel : channel tb0, group 0, time 2015-03-21 10:33:49.026045')
('2015-03-21 10:33:49.037021', 'put_channel : channel tb0, group 0, time 2015-03-21 10:33:49.036937')
('2015-03-21 10:33:49.525361', 'put_channel : channel tb0, group 1, time 2015-03-21 10:33:49.525283')
('2015-03-21 10:33:51.024513', 'put_channel : channel tb0, group 1, time 2015-03-21 10:33:51.024410')
('2015-03-21 10:33:52.526201', 'put_channel : channel tb0, group 1, time 2015-03-21 10:33:52.526104')
('2015-03-21 10:33:52.716665', 'put_channel : channel tb0, group 0, time 2015-03-21 10:33:52.716575')
('2015-03-21 10:33:53.524008', 'put_channel : channel tb0, group 0, time 2015-03-21 10:33:53.523923')
('2015-03-21 10:33:53.532863', 'put_channel : channel tb0, group 0, time 2015-03-21 10:33:53.532782')
('2015-03-21 10:33:54.025469', 'put_channel : channel tb0, group 1, time 2015-03-21 10:33:54.025389')
('2015-03-21 10:33:55.525293', 'put_channel : channel tb0, group 1, time 2015-03-21 10:33:55.525218')
('2015-03-21 10:33:57.025300', 'put_channel : channel tb0, group 1, time 2015-03-21 10:33:57.025214')
('2015-03-21 10:33:58.525322', 'put_channel : channel tb0, group 1, time 2015-03-21 10:33:58.525245')
('2015-03-21 10:34:00.024339', 'put_channel : channel tb0, group 1, time 2015-03-21 10:34:00.024264')
('2015-03-21 10:34:01.525446', 'put_channel : channel tb0, group 0, time 2015-03-21 10:34:01.525370')
('2015-03-21 10:34:01.525689', 'put_channel : channel tb0, group 1, time 2015-03-21 10:34:01.525646')
('2015-03-21 10:34:01.527803', 'put_channel : channel tb0, group 0, time 2015-03-21 10:34:01.527766')
('2015-03-21 10:34:01.673545', 'fd_channel : login[0] 0 login[1] 0 , tb0[0] 48 tb0[1] 54 , tb1[0] 0 tb1[1] 0')
('2015-03-21 10:34:01.674302', 'fd_channel : login[0] 0 login[1] 0 , tb0[0] 48 tb0[1] 53 , tb1[0] 0 tb1[1] 0')
('2015-03-21 10:34:01.674955', 'fd_channel : login[0] 0 login[1] 0 , tb0[0] 48 tb0[1] 52 , tb1[0] 0 tb1[1] 0')
('2015-03-21 10:34:01.675631', 'fd_channel : login[0] 0 login[1] 0 , tb0[0] 48 tb0[1] 51 , tb1[0] 0 tb1[1] 0')
('2015-03-21 10:34:01.676290', 'fd_channel : login[0] 0 login[1] 0 , tb0[0] 48 tb0[1] 50 , tb1[0] 0 tb1[1] 0')
('2015-03-21 10:34:01.677985', 'fd_channel : login[0] 0 login[1] 0 , tb0[0] 48 tb0[1] 49 , tb1[0] 0 tb1[1] 0')
('2015-03-21 10:34:01.678775', 'fd_channel : login[0] 0 login[1] 0 , tb0[0] 48 tb0[1] 48 , tb1[0] 0 tb1[1] 0')
('2015-03-21 10:34:01.679473', 'fd_channel : login[0] 0 login[1] 0 , tb0[0] 48 tb0[1] 47 , tb1[0] 0 tb1[1] 0')
('2015-03-21 10:34:02.542869', 'put_channel : channel tb0, group 0, time 2015-03-21 10:34:02.542784')
('2015-03-21 10:34:03.024337', 'put_channel : channel tb0, group 1, time 2015-03-21 10:34:03.024258')
('2015-03-21 10:34:03.025721', 'put_channel : channel tb0, group 0, time 2015-03-21 10:34:03.025679')
('2015-03-21 10:34:03.027464', 'put_channel : channel tb0, group 0, time 2015-03-21 10:34:03.027428')
('2015-03-21 10:34:04.038303', 'put_channel : channel tb0, group 0, time 2015-03-21 10:34:04.038228')
('2015-03-21 10:34:04.523913', 'put_channel : channel tb0, group 1, time 2015-03-21 10:34:04.523836')
('2015-03-21 10:34:04.525141', 'put_channel : channel tb0, group 0, time 2015-03-21 10:34:04.525085')
('2015-03-21 10:34:06.025767', 'put_channel : channel tb0, group 1, time 2015-03-21 10:34:06.025689')
('2015-03-21 10:34:06.026323', 'put_channel : channel tb0, group 0, time 2015-03-21 10:34:06.026287')
('2015-03-21 10:34:07.525530', 'put_channel : channel tb0, group 1, time 2015-03-21 10:34:07.525446')
('2015-03-21 10:34:09.023630', 'put_channel : channel tb0, group 1, time 2015-03-21 10:34:09.023554')
('2015-03-21 10:34:11.425012', 'fd_channel : login[0] 0 login[1] 0 , tb0[0] 53 tb0[1] 52 , tb1[0] 0 tb1[1] 0')
('2015-03-21 10:34:11.426079', 'fd_channel : login[0] 0 login[1] 0 , tb0[0] 53 tb0[1] 51 , tb1[0] 0 tb1[1] 0')
('2015-03-21 10:34:11.525928', 'put_channel : channel tb0, group 0, time 2015-03-21 10:34:11.525851')
('2015-03-21 10:34:12.027536', 'put_channel : channel tb0, group 0, time 2015-03-21 10:34:12.027457')
('2015-03-21 10:34:12.029903', 'put_channel : channel tb0, group 0, time 2015-03-21 10:34:12.029867')
('2015-03-21 10:34:12.469705', 'fd_channel : login[0] 0 login[1] 0 , tb0[0] 55 tb0[1] 51 , tb1[0] 0 tb1[1] 0')
('2015-03-21 10:34:12.470407', 'fd_channel : login[0] 0 login[1] 0 , tb0[0] 55 tb0[1] 50 , tb1[0] 0 tb1[1] 0')
('2015-03-21 10:34:13.427402', 'fd_channel : login[0] 0 login[1] 0 , tb0[0] 54 tb0[1] 50 , tb1[0] 0 tb1[1] 0')
('2015-03-21 10:34:13.428320', 'fd_channel : login[0] 0 login[1] 0 , tb0[0] 54 tb0[1] 49 , tb1[0] 0 tb1[1] 0')
('2015-03-21 10:34:13.502927', 'fd_channel : login[0] 0 login[1] 0 , tb0[0] 53 tb0[1] 49 , tb1[0] 0 tb1[1] 0')
('2015-03-21 10:34:13.505022', 'fd_channel : login[0] 0 login[1] 0 , tb0[0] 53 tb0[1] 48 , tb1[0] 0 tb1[1] 0')
('2015-03-21 10:34:13.527850', 'put_channel : channel tb0, group 0, time 2015-03-21 10:34:13.527812')
('2015-03-21 10:34:14.471687', 'fd_channel : login[0] 0 login[1] 0 , tb0[0] 53 tb0[1] 48 , tb1[0] 0 tb1[1] 0')
('2015-03-21 10:34:14.472676', 'fd_channel : login[0] 0 login[1] 0 , tb0[0] 53 tb0[1] 47 , tb1[0] 0 tb1[1] 0')
('2015-03-21 10:34:14.539586', 'put_channel : channel tb0, group 0, time 2015-03-21 10:34:14.539545')
('2015-03-21 10:34:31.009741', 'fd_channel : login[0] 0 login[1] 0 , tb0[0] 53 tb0[1] 47 , tb1[0] 0 tb1[1] 0')
('2015-03-21 10:34:31.010602', 'fd_channel : login[0] 0 login[1] 0 , tb0[0] 53 tb0[1] 46 , tb1[0] 0 tb1[1] 0')
('2015-03-21 10:34:31.011454', 'fd_channel : login[0] 0 login[1] 0 , tb0[0] 52 tb0[1] 46 , tb1[0] 0 tb1[1] 0')
('2015-03-21 10:34:31.012209', 'fd_channel : login[0] 0 login[1] 0 , tb0[0] 52 tb0[1] 45 , tb1[0] 0 tb1[1] 0')
('2015-03-21 10:34:31.677722', 'fd_channel : login[0] 0 login[1] 0 , tb0[0] 52 tb0[1] 44 , tb1[0] 0 tb1[1] 0')
('2015-03-21 10:34:31.679356', 'fd_channel : login[0] 0 login[1] 0 , tb0[0] 52 tb0[1] 43 , tb1[0] 0 tb1[1] 0')
('2015-03-21 10:34:31.680020', 'fd_channel : login[0] 0 login[1] 0 , tb0[0] 52 tb0[1] 42 , tb1[0] 0 tb1[1] 0')
('2015-03-21 10:34:33.012028', 'fd_channel : login[0] 0 login[1] 0 , tb0[0] 51 tb0[1] 42 , tb1[0] 0 tb1[1] 0')
('2015-03-21 10:34:33.012859', 'fd_channel : login[0] 0 login[1] 0 , tb0[0] 51 tb0[1] 41 , tb1[0] 0 tb1[1] 0')
('2015-03-21 10:34:33.014577', 'fd_channel : login[0] 0 login[1] 0 , tb0[0] 50 tb0[1] 41 , tb1[0] 0 tb1[1] 0')
('2015-03-21 10:34:33.015867', 'fd_channel : login[0] 0 login[1] 0 , tb0[0] 50 tb0[1] 40 , tb1[0] 0 tb1[1] 0')
('2015-03-21 10:34:33.030357', 'put_channel : channel tb0, group 0, time 2015-03-21 10:34:33.030317')
('2015-03-21 10:34:33.052648', 'put_channel : channel tb0, group 0, time 2015-03-21 10:34:33.052606')
('2015-03-21 10:34:33.116654', 'put_channel : channel tb0, group 0, time 2015-03-21 10:34:33.116582')
('2015-03-21 10:34:34.025502', 'put_channel : channel tb0, group 0, time 2015-03-21 10:34:34.025410')
('2015-03-21 10:34:34.035366', 'put_channel : channel tb0, group 0, time 2015-03-21 10:34:34.035325')
('2015-03-21 10:34:34.525714', 'put_channel : channel tb0, group 0, time 2015-03-21 10:34:34.525632')
('2015-03-21 10:34:34.529540', 'put_channel : channel tb0, group 0, time 2015-03-21 10:34:34.529503')
('2015-03-21 10:34:34.556341', 'put_channel : channel tb0, group 0, time 2015-03-21 10:34:34.556169')
('2015-03-21 10:34:35.533113', 'put_channel : channel tb0, group 0, time 2015-03-21 10:34:35.533029')
('2015-03-21 10:34:36.026762', 'put_channel : channel tb0, group 0, time 2015-03-21 10:34:36.026667')
('2015-03-21 10:34:36.061083', 'put_channel : channel tb0, group 0, time 2015-03-21 10:34:36.061038')
('2015-03-21 10:34:41.523083', 'put_channel : channel tb0, group 1, time 2015-03-21 10:34:41.523002')
('2015-03-21 10:34:41.531998', 'put_channel : channel tb0, group 1, time 2015-03-21 10:34:41.531960')
('2015-03-21 10:34:41.565031', 'put_channel : channel tb0, group 1, time 2015-03-21 10:34:41.564993')
('2015-03-21 10:34:42.025228', 'put_channel : channel tb0, group 1, time 2015-03-21 10:34:42.025186')
('2015-03-21 10:34:43.525599', 'put_channel : channel tb0, group 1, time 2015-03-21 10:34:43.525520')
('2015-03-21 10:34:43.549711', 'put_channel : channel tb0, group 1, time 2015-03-21 10:34:43.549623')
('2015-03-21 10:34:45.027168', 'put_channel : channel tb0, group 1, time 2015-03-21 10:34:45.027099')
('2015-03-21 10:34:45.050839', 'put_channel : channel tb0, group 1, time 2015-03-21 10:34:45.050801')
('2015-03-21 10:34:45.430400', 'fd_channel : login[0] 0 login[1] 0 , tb0[0] 61 tb0[1] 47 , tb1[0] 0 tb1[1] 0')
('2015-03-21 10:34:46.075769', 'put_channel : channel tb0, group 1, time 2015-03-21 10:34:46.075677')
('2015-03-21 10:34:46.524950', 'put_channel : channel tb0, group 1, time 2015-03-21 10:34:46.524880')
('2015-03-21 10:34:48.024745', 'put_channel : channel tb0, group 1, time 2015-03-21 10:34:48.024663')
('2015-03-21 10:34:48.058906', 'put_channel : channel tb0, group 1, time 2015-03-21 10:34:48.058865')
('2015-03-21 10:34:49.083157', 'put_channel : channel tb0, group 1, time 2015-03-21 10:34:49.083070')
('2015-03-21 10:34:49.525629', 'put_channel : channel tb0, group 1, time 2015-03-21 10:34:49.525559')
('2015-03-21 10:34:51.025211', 'put_channel : channel tb0, group 1, time 2015-03-21 10:34:51.025106')
('2015-03-21 10:34:52.026446', 'put_channel : channel tb0, group 0, time 2015-03-21 10:34:52.026364')
('2015-03-21 10:34:52.035299', 'put_channel : channel tb0, group 0, time 2015-03-21 10:34:52.035254')
('2015-03-21 10:34:52.093023', 'put_channel : channel tb0, group 1, time 2015-03-21 10:34:52.092923')
('2015-03-21 10:34:52.527173', 'put_channel : channel tb0, group 0, time 2015-03-21 10:34:52.527078')
('2015-03-21 10:34:52.527380', 'put_channel : channel tb0, group 1, time 2015-03-21 10:34:52.527332')
('2015-03-21 10:34:52.527765', 'put_channel : channel tb0, group 0, time 2015-03-21 10:34:52.527728')
('2015-03-21 10:34:52.556977', 'put_channel : channel tb0, group 0, time 2015-03-21 10:34:52.556889')
('2015-03-21 10:34:53.531952', 'put_channel : channel tb0, group 0, time 2015-03-21 10:34:53.531871')
('2015-03-21 10:34:53.597346', 'put_channel : channel tb0, group 0, time 2015-03-21 10:34:53.597283')
('2015-03-21 10:34:54.025401', 'put_channel : channel tb0, group 1, time 2015-03-21 10:34:54.025320')
('2015-03-21 10:34:54.026175', 'put_channel : channel tb0, group 0, time 2015-03-21 10:34:54.026096')
('2015-03-21 10:34:54.043645', 'put_channel : channel tb0, group 0, time 2015-03-21 10:34:54.043604')
('2015-03-21 10:34:54.108880', 'put_channel : channel tb0, group 0, time 2015-03-21 10:34:54.108826')
('2015-03-21 10:34:55.036073', 'put_channel : channel tb0, group 0, time 2015-03-21 10:34:55.035985')
('2015-03-21 10:34:55.068285', 'put_channel : channel tb0, group 0, time 2015-03-21 10:34:55.068244')
('2015-03-21 10:34:55.069091', 'put_channel : channel tb0, group 1, time 2015-03-21 10:34:55.069033')
('2015-03-21 10:34:55.526057', 'put_channel : channel tb0, group 0, time 2015-03-21 10:34:55.525972')
('2015-03-21 10:34:55.526407', 'put_channel : channel tb0, group 1, time 2015-03-21 10:34:55.526371')
('2015-03-21 10:34:57.026246', 'put_channel : channel tb0, group 1, time 2015-03-21 10:34:57.026165')
('2015-03-21 10:34:58.525859', 'put_channel : channel tb0, group 1, time 2015-03-21 10:34:58.525778')
('2015-03-21 10:34:59.314104', 'fd_channel : login[0] 0 login[1] 0 , tb0[0] 74 tb0[1] 59 , tb1[0] 0 tb1[1] 0')
('2015-03-21 10:35:00.024251', 'put_channel : channel tb0, group 1, time 2015-03-21 10:35:00.024180')
('2015-03-21 10:35:01.525536', 'put_channel : channel tb0, group 1, time 2015-03-21 10:35:01.525454')
('2015-03-21 10:35:01.679767', 'fd_channel : login[0] 0 login[1] 0 , tb0[0] 74 tb0[1] 60 , tb1[0] 0 tb1[1] 0')
('2015-03-21 10:35:01.681812', 'fd_channel : login[0] 0 login[1] 0 , tb0[0] 74 tb0[1] 59 , tb1[0] 0 tb1[1] 0')
('2015-03-21 10:35:01.682696', 'fd_channel : login[0] 0 login[1] 0 , tb0[0] 74 tb0[1] 58 , tb1[0] 0 tb1[1] 0')
('2015-03-21 10:35:03.025851', 'put_channel : channel tb0, group 1, time 2015-03-21 10:35:03.025765')
('2015-03-21 10:35:04.524906', 'put_channel : channel tb0, group 1, time 2015-03-21 10:35:04.524831')
('2015-03-21 10:35:06.024744', 'put_channel : channel tb0, group 1, time 2015-03-21 10:35:06.024664')
('2015-03-21 10:35:07.524268', 'put_channel : channel tb0, group 1, time 2015-03-21 10:35:07.524183')
('2015-03-21 10:35:09.026098', 'put_channel : channel tb0, group 1, time 2015-03-21 10:35:09.026027')
('2015-03-21 10:35:10.525323', 'put_channel : channel tb0, group 1, time 2015-03-21 10:35:10.525253')
('2015-03-21 10:35:14.386962', 'fd_channel : login[0] 0 login[1] 0 , tb0[0] 69 tb0[1] 59 , tb1[0] 0 tb1[1] 0')
('2015-03-21 10:35:14.391738', 'fd_channel : login[0] 0 login[1] 0 , tb0[0] 55 tb0[1] 59 , tb1[0] 0 tb1[1] 0')
('2015-03-21 10:35:15.431803', 'fd_channel : login[0] 0 login[1] 0 , tb0[0] 55 tb0[1] 58 , tb1[0] 0 tb1[1] 0')
('2015-03-21 10:35:16.385479', 'fd_channel : login[0] 0 login[1] 0 , tb0[0] 54 tb0[1] 58 , tb1[0] 0 tb1[1] 0')
('2015-03-21 10:35:16.386373', 'fd_channel : login[0] 0 login[1] 0 , tb0[0] 54 tb0[1] 57 , tb1[0] 0 tb1[1] 0')
('2015-03-21 10:35:16.526872', 'put_channel : channel tb0, group 0, time 2015-03-21 10:35:16.526808')
('2015-03-21 10:35:16.529706', 'put_channel : channel tb0, group 0, time 2015-03-21 10:35:16.529670')
('2015-03-21 10:35:16.557997', 'put_channel : channel tb0, group 0, time 2015-03-21 10:35:16.557959')
('2015-03-21 10:35:17.531664', 'put_channel : channel tb0, group 0, time 2015-03-21 10:35:17.531580')
('2015-03-21 10:35:18.026984', 'put_channel : channel tb0, group 0, time 2015-03-21 10:35:18.026900')
('2015-03-21 10:35:18.027819', 'put_channel : channel tb0, group 0, time 2015-03-21 10:35:18.027777')
('2015-03-21 10:35:30.967249', 'fd_channel : login[0] 0 login[1] 0 , tb0[0] 56 tb0[1] 54 , tb1[0] 0 tb1[1] 0')
('2015-03-21 10:35:30.968507', 'fd_channel : login[0] 0 login[1] 0 , tb0[0] 56 tb0[1] 52 , tb1[0] 0 tb1[1] 0')
('2015-03-21 10:35:31.683871', 'fd_channel : login[0] 0 login[1] 0 , tb0[0] 56 tb0[1] 51 , tb1[0] 0 tb1[1] 0')
('2015-03-21 10:35:32.967863', 'fd_channel : login[0] 0 login[1] 0 , tb0[0] 55 tb0[1] 50 , tb1[0] 0 tb1[1] 0')
('2015-03-21 10:35:32.968575', 'fd_channel : login[0] 0 login[1] 0 , tb0[0] 54 tb0[1] 50 , tb1[0] 0 tb1[1] 0')
('2015-03-21 10:35:45.435627', 'fd_channel : login[0] 0 login[1] 0 , tb0[0] 54 tb0[1] 43 , tb1[0] 0 tb1[1] 0')
('2015-03-21 10:35:48.061240', 'put_channel : channel tb0, group 0, time 2015-03-21 10:35:48.061152')
('2015-03-21 10:35:49.027323', 'put_channel : channel tb0, group 0, time 2015-03-21 10:35:49.027234')
('2015-03-21 10:35:49.038251', 'put_channel : channel tb0, group 0, time 2015-03-21 10:35:49.038192')
('2015-03-21 10:35:49.525764', 'put_channel : channel tb0, group 1, time 2015-03-21 10:35:49.525677')
('2015-03-21 10:35:49.527762', 'put_channel : channel tb0, group 1, time 2015-03-21 10:35:49.527719')
('2015-03-21 10:35:49.528049', 'put_channel : channel tb0, group 0, time 2015-03-21 10:35:49.527962')
('2015-03-21 10:35:49.528320', 'put_channel : channel tb0, group 0, time 2015-03-21 10:35:49.528280')
('2015-03-21 10:35:49.547838', 'put_channel : channel tb0, group 1, time 2015-03-21 10:35:49.547760')
('2015-03-21 10:35:49.549241', 'put_channel : channel tb0, group 0, time 2015-03-21 10:35:49.549170')
('2015-03-21 10:35:50.540041', 'put_channel : channel tb0, group 1, time 2015-03-21 10:35:50.539900')
('2015-03-21 10:35:50.540802', 'put_channel : channel tb0, group 0, time 2015-03-21 10:35:50.540755')
('2015-03-21 10:35:50.588911', 'put_channel : channel tb0, group 1, time 2015-03-21 10:35:50.588797')
('2015-03-21 10:35:50.596112', 'put_channel : channel tb0, group 0, time 2015-03-21 10:35:50.596067')
('2015-03-21 10:35:51.025788', 'put_channel : channel tb0, group 1, time 2015-03-21 10:35:51.025699')
('2015-03-21 10:35:51.027003', 'put_channel : channel tb0, group 0, time 2015-03-21 10:35:51.026964')
('2015-03-21 10:35:51.027614', 'put_channel : channel tb0, group 1, time 2015-03-21 10:35:51.027545')
('2015-03-21 10:35:51.051593', 'put_channel : channel tb0, group 0, time 2015-03-21 10:35:51.051552')
('2015-03-21 10:35:51.052967', 'put_channel : channel tb0, group 1, time 2015-03-21 10:35:51.052893')
('2015-03-21 10:35:52.036645', 'put_channel : channel tb0, group 1, time 2015-03-21 10:35:52.036563')
('2015-03-21 10:35:52.037833', 'put_channel : channel tb0, group 0, time 2015-03-21 10:35:52.037758')
('2015-03-21 10:35:52.091777', 'put_channel : channel tb0, group 1, time 2015-03-21 10:35:52.091729')
('2015-03-21 10:35:52.092144', 'put_channel : channel tb0, group 0, time 2015-03-21 10:35:52.092104')
('2015-03-21 10:35:52.523696', 'put_channel : channel tb0, group 1, time 2015-03-21 10:35:52.523616')
('2015-03-21 10:35:52.526920', 'put_channel : channel tb0, group 0, time 2015-03-21 10:35:52.526880')
('2015-03-21 10:35:52.557254', 'put_channel : channel tb0, group 0, time 2015-03-21 10:35:52.557211')
('2015-03-21 10:35:52.557660', 'put_channel : channel tb0, group 1, time 2015-03-21 10:35:52.557624')
('2015-03-21 10:35:53.563796', 'put_channel : channel tb0, group 1, time 2015-03-21 10:35:53.563707')
('2015-03-21 10:35:53.564719', 'put_channel : channel tb0, group 0, time 2015-03-21 10:35:53.564679')
('2015-03-21 10:35:54.025530', 'put_channel : channel tb0, group 1, time 2015-03-21 10:35:54.025448')
('2015-03-21 10:35:54.027551', 'put_channel : channel tb0, group 0, time 2015-03-21 10:35:54.027500')
('2015-03-21 10:35:54.043226', 'put_channel : channel tb0, group 1, time 2015-03-21 10:35:54.043145')
('2015-03-21 10:35:54.045314', 'put_channel : channel tb0, group 0, time 2015-03-21 10:35:54.045271')
('2015-03-21 10:35:55.100197', 'put_channel : channel tb0, group 1, time 2015-03-21 10:35:55.100092')
('2015-03-21 10:35:55.100931', 'put_channel : channel tb0, group 0, time 2015-03-21 10:35:55.100895')
('2015-03-21 10:35:55.526348', 'put_channel : channel tb0, group 1, time 2015-03-21 10:35:55.526187')
('2015-03-21 10:35:55.526493', 'put_channel : channel tb0, group 0, time 2015-03-21 10:35:55.526463')
('2015-03-21 10:35:55.547337', 'put_channel : channel tb0, group 0, time 2015-03-21 10:35:55.547294')
('2015-03-21 10:35:55.548857', 'put_channel : channel tb0, group 1, time 2015-03-21 10:35:55.548777')
('2015-03-21 10:35:56.572138', 'put_channel : channel tb0, group 1, time 2015-03-21 10:35:56.572044')
('2015-03-21 10:35:57.025541', 'put_channel : channel tb0, group 1, time 2015-03-21 10:35:57.025481')
('2015-03-21 10:35:57.052337', 'put_channel : channel tb0, group 1, time 2015-03-21 10:35:57.052296')
('2015-03-21 10:35:58.077797', 'put_channel : channel tb0, group 1, time 2015-03-21 10:35:58.077701')
('2015-03-21 10:35:58.524558', 'put_channel : channel tb0, group 1, time 2015-03-21 10:35:58.524451')
('2015-03-21 10:35:59.581648', 'put_channel : channel tb0, group 1, time 2015-03-21 10:35:59.581552')
('2015-03-21 10:36:00.026229', 'put_channel : channel tb0, group 1, time 2015-03-21 10:36:00.026140')
('2015-03-21 10:36:01.083083', 'put_channel : channel tb0, group 1, time 2015-03-21 10:36:01.082997')
('2015-03-21 10:36:01.525229', 'put_channel : channel tb0, group 1, time 2015-03-21 10:36:01.525144')
('2015-03-21 10:36:02.587971', 'put_channel : channel tb0, group 1, time 2015-03-21 10:36:02.587890')
('2015-03-21 10:36:03.026394', 'put_channel : channel tb0, group 1, time 2015-03-21 10:36:03.026302')
('2015-03-21 10:36:04.093158', 'put_channel : channel tb0, group 1, time 2015-03-21 10:36:04.093037')
('2015-03-21 10:36:08.937365', 'fd_channel : login[0] 0 login[1] 0 , tb0[0] 58 tb0[1] 59 , tb1[0] 0 tb1[1] 0')
('2015-03-21 10:36:08.939905', 'fd_channel : login[0] 0 login[1] 0 , tb0[0] 51 tb0[1] 59 , tb1[0] 0 tb1[1] 0')
('2015-03-21 10:36:10.932022', 'fd_channel : login[0] 0 login[1] 0 , tb0[0] 50 tb0[1] 58 , tb1[0] 0 tb1[1] 0')
('2015-03-21 10:36:10.933066', 'fd_channel : login[0] 0 login[1] 0 , tb0[0] 49 tb0[1] 58 , tb1[0] 0 tb1[1] 0')
('2015-03-21 10:36:15.435154', 'fd_channel : login[0] 0 login[1] 0 , tb0[0] 49 tb0[1] 57 , tb1[0] 0 tb1[1] 0')
('2015-03-21 10:36:27.027072', 'put_channel : channel tb0, group 0, time 2015-03-21 10:36:27.026994')
('2015-03-21 10:36:27.029593', 'put_channel : channel tb0, group 0, time 2015-03-21 10:36:27.029556')
('2015-03-21 10:36:27.053783', 'put_channel : channel tb0, group 0, time 2015-03-21 10:36:27.053741')
('2015-03-21 10:36:28.037819', 'put_channel : channel tb0, group 0, time 2015-03-21 10:36:28.037741')
('2015-03-21 10:36:28.092019', 'put_channel : channel tb0, group 0, time 2015-03-21 10:36:28.091979')
('2015-03-21 10:36:28.525670', 'put_channel : channel tb0, group 0, time 2015-03-21 10:36:28.525591')
('2015-03-21 10:36:28.528875', 'put_channel : channel tb0, group 0, time 2015-03-21 10:36:28.528835')
('2015-03-21 10:36:28.557574', 'put_channel : channel tb0, group 0, time 2015-03-21 10:36:28.557534')
('2015-03-21 10:36:28.637665', 'put_channel : channel tb0, group 0, time 2015-03-21 10:36:28.637603')
('2015-03-21 10:36:29.533098', 'put_channel : channel tb0, group 0, time 2015-03-21 10:36:29.533016')
('2015-03-21 10:36:42.936288', 'fd_channel : login[0] 0 login[1] 0 , tb0[0] 59 tb0[1] 49 , tb1[0] 0 tb1[1] 0')
('2015-03-21 10:36:45.025791', 'put_channel : channel tb0, group 1, time 2015-03-21 10:36:45.025710')
('2015-03-21 10:36:45.029285', 'put_channel : channel tb0, group 1, time 2015-03-21 10:36:45.029244')
('2015-03-21 10:36:45.052263', 'put_channel : channel tb0, group 1, time 2015-03-21 10:36:45.052182')
('2015-03-21 10:36:45.437598', 'fd_channel : login[0] 0 login[1] 0 , tb0[0] 59 tb0[1] 49 , tb1[0] 0 tb1[1] 0')
('2015-03-21 10:36:46.036984', 'put_channel : channel tb0, group 1, time 2015-03-21 10:36:46.036883')
('2015-03-21 10:36:46.074268', 'put_channel : channel tb0, group 1, time 2015-03-21 10:36:46.074181')
('2015-03-21 10:36:46.525092', 'put_channel : channel tb0, group 1, time 2015-03-21 10:36:46.525010')
('2015-03-21 10:36:46.526235', 'put_channel : channel tb0, group 1, time 2015-03-21 10:36:46.526157')
('2015-03-21 10:36:46.555807', 'put_channel : channel tb0, group 1, time 2015-03-21 10:36:46.555766')
('2015-03-21 10:36:47.533372', 'put_channel : channel tb0, group 1, time 2015-03-21 10:36:47.533287')
('2015-03-21 10:36:47.580655', 'put_channel : channel tb0, group 1, time 2015-03-21 10:36:47.580610')
('2015-03-21 10:36:48.025192', 'put_channel : channel tb0, group 1, time 2015-03-21 10:36:48.025105')
('2015-03-21 10:36:48.060590', 'put_channel : channel tb0, group 1, time 2015-03-21 10:36:48.060550')
('2015-03-21 10:36:49.084125', 'put_channel : channel tb0, group 1, time 2015-03-21 10:36:49.084043')
('2015-03-21 10:36:49.526393', 'put_channel : channel tb0, group 1, time 2015-03-21 10:36:49.526300')
('2015-03-21 10:36:49.549738', 'put_channel : channel tb0, group 1, time 2015-03-21 10:36:49.549649')
('2015-03-21 10:36:50.586810', 'put_channel : channel tb0, group 1, time 2015-03-21 10:36:50.586730')
('2015-03-21 10:36:51.025643', 'put_channel : channel tb0, group 1, time 2015-03-21 10:36:51.025569')
('2015-03-21 10:36:51.052588', 'put_channel : channel tb0, group 1, time 2015-03-21 10:36:51.052544')
('2015-03-21 10:36:52.092432', 'put_channel : channel tb0, group 1, time 2015-03-21 10:36:52.092324')
('2015-03-21 10:36:52.525581', 'put_channel : channel tb0, group 1, time 2015-03-21 10:36:52.525484')
('2015-03-21 10:36:52.555887', 'put_channel : channel tb0, group 1, time 2015-03-21 10:36:52.555790')
('2015-03-21 10:36:52.822791', 'fd_channel : login[0] 0 login[1] 0 , tb0[0] 37 tb0[1] 60 , tb1[0] 0 tb1[1] 0')
('2015-03-21 10:36:52.823982', 'fd_channel : login[0] 0 login[1] 0 , tb0[0] 35 tb0[1] 60 , tb1[0] 0 tb1[1] 0')
('2015-03-21 10:36:53.596889', 'put_channel : channel tb0, group 1, time 2015-03-21 10:36:53.596805')
('2015-03-21 10:36:54.026699', 'put_channel : channel tb0, group 1, time 2015-03-21 10:36:54.026631')
('2015-03-21 10:36:55.069793', 'put_channel : channel tb0, group 1, time 2015-03-21 10:36:55.069701')
('2015-03-21 10:36:55.526958', 'put_channel : channel tb0, group 1, time 2015-03-21 10:36:55.526883')
('2015-03-21 10:36:56.605727', 'put_channel : channel tb0, group 1, time 2015-03-21 10:36:56.605636')
('2015-03-21 10:36:57.025368', 'put_channel : channel tb0, group 1, time 2015-03-21 10:36:57.025294')
('2015-03-21 10:36:58.076124', 'put_channel : channel tb0, group 1, time 2015-03-21 10:36:58.076006')
('2015-03-21 10:36:58.526313', 'put_channel : channel tb0, group 1, time 2015-03-21 10:36:58.526230')
('2015-03-21 10:36:59.581068', 'put_channel : channel tb0, group 1, time 2015-03-21 10:36:59.580956')
('2015-03-21 10:37:00.026276', 'put_channel : channel tb0, group 0, time 2015-03-21 10:37:00.026202')
('2015-03-21 10:37:00.028036', 'put_channel : channel tb0, group 0, time 2015-03-21 10:37:00.027988')
('2015-03-21 10:37:00.060224', 'put_channel : channel tb0, group 0, time 2015-03-21 10:37:00.060145')
('2015-03-21 10:37:01.036948', 'put_channel : channel tb0, group 0, time 2015-03-21 10:37:01.036873')
('2015-03-21 10:37:01.084710', 'put_channel : channel tb0, group 0, time 2015-03-21 10:37:01.084661')
('2015-03-21 10:37:01.526104', 'put_channel : channel tb0, group 0, time 2015-03-21 10:37:01.526028')
('2015-03-21 10:37:01.528769', 'put_channel : channel tb0, group 0, time 2015-03-21 10:37:01.528733')
('2015-03-21 10:37:01.549526', 'put_channel : channel tb0, group 0, time 2015-03-21 10:37:01.549486')
('2015-03-21 10:37:01.660972', 'put_channel : channel tb0, group 0, time 2015-03-21 10:37:01.660919')
('2015-03-21 10:37:02.541457', 'put_channel : channel tb0, group 0, time 2015-03-21 10:37:02.541385')
('2015-03-21 10:37:02.589816', 'put_channel : channel tb0, group 0, time 2015-03-21 10:37:02.589774')
('2015-03-21 10:37:03.025099', 'put_channel : channel tb0, group 0, time 2015-03-21 10:37:03.025022')
('2015-03-21 10:37:03.053813', 'put_channel : channel tb0, group 0, time 2015-03-21 10:37:03.053755')
('2015-03-21 10:37:03.132478', 'put_channel : channel tb0, group 0, time 2015-03-21 10:37:03.132430')
('2015-03-21 10:37:04.092260', 'put_channel : channel tb0, group 0, time 2015-03-21 10:37:04.092171')
('2015-03-21 10:37:04.526937', 'put_channel : channel tb0, group 0, time 2015-03-21 10:37:04.526859')
('2015-03-21 10:37:04.556497', 'put_channel : channel tb0, group 0, time 2015-03-21 10:37:04.556449')
('2015-03-21 10:37:04.668916', 'put_channel : channel tb0, group 0, time 2015-03-21 10:37:04.668827')
('2015-03-21 10:37:05.565791', 'put_channel : channel tb0, group 0, time 2015-03-21 10:37:05.565724')
('2015-03-21 10:37:06.025620', 'put_channel : channel tb0, group 0, time 2015-03-21 10:37:06.025526')
('2015-03-21 10:37:12.937836', 'fd_channel : login[0] 0 login[1] 0 , tb0[0] 55 tb0[1] 59 , tb1[0] 0 tb1[1] 0')
('2015-03-21 10:37:36.060850', 'put_channel : channel tb0, group 0, time 2015-03-21 10:37:36.060781')
('2015-03-21 10:37:37.034550', 'put_channel : channel tb0, group 0, time 2015-03-21 10:37:37.034474')
('2015-03-21 10:37:37.043844', 'put_channel : channel tb0, group 0, time 2015-03-21 10:37:37.043788')
('2015-03-21 10:37:37.527778', 'put_channel : channel tb0, group 0, time 2015-03-21 10:37:37.527702')
('2015-03-21 10:37:37.528090', 'put_channel : channel tb0, group 0, time 2015-03-21 10:37:37.528042')
('2015-03-21 10:37:37.547337', 'put_channel : channel tb0, group 0, time 2015-03-21 10:37:37.547299')
('2015-03-21 10:37:38.541374', 'put_channel : channel tb0, group 0, time 2015-03-21 10:37:38.541282')
('2015-03-21 10:37:38.587653', 'put_channel : channel tb0, group 0, time 2015-03-21 10:37:38.587587')
('2015-03-21 10:37:39.037026', 'put_channel : channel tb0, group 0, time 2015-03-21 10:37:39.036944')
('2015-03-21 10:37:39.052403', 'put_channel : channel tb0, group 0, time 2015-03-21 10:37:39.052328')
('2015-03-21 10:37:42.936233', 'fd_channel : login[0] 0 login[1] 0 , tb0[0] 65 tb0[1] 58 , tb1[0] 0 tb1[1] 0')
('2015-03-21 10:37:46.025505', 'put_channel : channel tb0, group 1, time 2015-03-21 10:37:46.025461')
('2015-03-21 10:37:46.036492', 'put_channel : channel tb0, group 1, time 2015-03-21 10:37:46.036406')
('2015-03-21 10:37:46.076893', 'put_channel : channel tb0, group 1, time 2015-03-21 10:37:46.076849')
('2015-03-21 10:37:46.098431', 'fd_channel : login[0] 0 login[1] 0 , tb0[0] 65 tb0[1] 59 , tb1[0] 0 tb1[1] 0')
('2015-03-21 10:37:46.524211', 'put_channel : channel tb0, group 1, time 2015-03-21 10:37:46.524118')
('2015-03-21 10:37:46.526664', 'put_channel : channel tb0, group 1, time 2015-03-21 10:37:46.526626')
('2015-03-21 10:37:46.556151', 'put_channel : channel tb0, group 1, time 2015-03-21 10:37:46.556071')
('2015-03-21 10:37:47.533020', 'put_channel : channel tb0, group 1, time 2015-03-21 10:37:47.532920')
('2015-03-21 10:37:47.579457', 'put_channel : channel tb0, group 1, time 2015-03-21 10:37:47.579375')
('2015-03-21 10:37:48.024883', 'put_channel : channel tb0, group 1, time 2015-03-21 10:37:48.024804')
('2015-03-21 10:37:48.060081', 'put_channel : channel tb0, group 1, time 2015-03-21 10:37:48.060039')
('2015-03-21 10:37:49.035443', 'put_channel : channel tb0, group 1, time 2015-03-21 10:37:49.035368')
('2015-03-21 10:37:49.085796', 'put_channel : channel tb0, group 1, time 2015-03-21 10:37:49.085754')
('2015-03-21 10:37:49.525114', 'put_channel : channel tb0, group 1, time 2015-03-21 10:37:49.525034')
('2015-03-21 10:37:49.547685', 'put_channel : channel tb0, group 1, time 2015-03-21 10:37:49.547646')
('2015-03-21 10:37:50.589724', 'put_channel : channel tb0, group 1, time 2015-03-21 10:37:50.589621')
('2015-03-21 10:37:51.026544', 'put_channel : channel tb0, group 1, time 2015-03-21 10:37:51.026445')
('2015-03-21 10:37:51.052822', 'put_channel : channel tb0, group 1, time 2015-03-21 10:37:51.052710')
('2015-03-21 10:37:52.093847', 'put_channel : channel tb0, group 1, time 2015-03-21 10:37:52.093774')
('2015-03-21 10:37:52.524345', 'put_channel : channel tb0, group 1, time 2015-03-21 10:37:52.524269')
('2015-03-21 10:37:57.908786', 'fd_channel : login[0] 0 login[1] 0 , tb0[0] 41 tb0[1] 51 , tb1[0] 0 tb1[1] 0')
('2015-03-21 10:37:57.910016', 'fd_channel : login[0] 0 login[1] 0 , tb0[0] 39 tb0[1] 51 , tb1[0] 0 tb1[1] 0')
('2015-03-21 10:37:59.896526', 'fd_channel : login[0] 0 login[1] 0 , tb0[0] 38 tb0[1] 51 , tb1[0] 0 tb1[1] 0')
('2015-03-21 10:37:59.898386', 'fd_channel : login[0] 0 login[1] 0 , tb0[0] 38 tb0[1] 49 , tb1[0] 0 tb1[1] 0')
('2015-03-21 10:38:09.921955', 'fd_channel : login[0] 0 login[1] 0 , tb0[0] 38 tb0[1] 48 , tb1[0] 0 tb1[1] 0')
('2015-03-21 10:38:10.023932', 'put_channel : channel tb0, group 0, time 2015-03-21 10:38:10.023872')
('2015-03-21 10:38:10.038147', 'put_channel : channel tb0, group 0, time 2015-03-21 10:38:10.038005')
('2015-03-21 10:38:10.524586', 'put_channel : channel tb0, group 0, time 2015-03-21 10:38:10.524506')
('2015-03-21 10:38:10.528882', 'put_channel : channel tb0, group 0, time 2015-03-21 10:38:10.528831')
('2015-03-21 10:38:10.556214', 'put_channel : channel tb0, group 0, time 2015-03-21 10:38:10.556175')
('2015-03-21 10:38:11.175955', 'fd_channel : login[0] 0 login[1] 0 , tb0[0] 43 tb0[1] 47 , tb1[0] 0 tb1[1] 0')
('2015-03-21 10:38:11.533058', 'put_channel : channel tb0, group 0, time 2015-03-21 10:38:11.532969')
('2015-03-21 10:38:11.579887', 'put_channel : channel tb0, group 0, time 2015-03-21 10:38:11.579845')
('2015-03-21 10:38:12.061591', 'put_channel : channel tb0, group 0, time 2015-03-21 10:38:12.061507')
('2015-03-21 10:38:12.124971', 'put_channel : channel tb0, group 0, time 2015-03-21 10:38:12.124924')
('2015-03-21 10:38:13.036982', 'put_channel : channel tb0, group 0, time 2015-03-21 10:38:13.036907')
('2015-03-21 10:38:13.084441', 'put_channel : channel tb0, group 0, time 2015-03-21 10:38:13.084401')
('2015-03-21 10:38:13.549275', 'put_channel : channel tb0, group 0, time 2015-03-21 10:38:13.549173')
('2015-03-21 10:38:13.660182', 'put_channel : channel tb0, group 0, time 2015-03-21 10:38:13.660128')
('2015-03-21 10:38:13.853546', 'fd_channel : login[0] 0 login[1] 0 , tb0[0] 51 tb0[1] 46 , tb1[0] 0 tb1[1] 0')
('2015-03-21 10:38:14.587611', 'put_channel : channel tb0, group 0, time 2015-03-21 10:38:14.587522')
('2015-03-21 10:38:15.051432', 'put_channel : channel tb0, group 0, time 2015-03-21 10:38:15.051346')
('2015-03-21 10:38:15.133285', 'put_channel : channel tb0, group 0, time 2015-03-21 10:38:15.133182')
('2015-03-21 10:38:16.092191', 'put_channel : channel tb0, group 0, time 2015-03-21 10:38:16.092107')
('2015-03-21 10:38:16.556201', 'put_channel : channel tb0, group 1, time 2015-03-21 10:38:16.556105')
('2015-03-21 10:38:16.557638', 'put_channel : channel tb0, group 0, time 2015-03-21 10:38:16.557596')
('2015-03-21 10:38:16.668653', 'put_channel : channel tb0, group 1, time 2015-03-21 10:38:16.668562')
('2015-03-21 10:38:16.668889', 'put_channel : channel tb0, group 0, time 2015-03-21 10:38:16.668848')
('2015-03-21 10:38:17.531211', 'put_channel : channel tb0, group 1, time 2015-03-21 10:38:17.531124')
('2015-03-21 10:38:17.565205', 'put_channel : channel tb0, group 0, time 2015-03-21 10:38:17.565107')
('2015-03-21 10:38:18.044832', 'put_channel : channel tb0, group 1, time 2015-03-21 10:38:18.044742')
('2015-03-21 10:38:19.548061', 'put_channel : channel tb0, group 1, time 2015-03-21 10:38:19.547967')
('2015-03-21 10:38:21.052512', 'put_channel : channel tb0, group 1, time 2015-03-21 10:38:21.052418')
('2015-03-21 10:38:22.558008', 'put_channel : channel tb0, group 1, time 2015-03-21 10:38:22.557910')
('2015-03-21 10:38:24.061628', 'put_channel : channel tb0, group 1, time 2015-03-21 10:38:24.061528')
('2015-03-21 10:38:25.084147', 'put_channel : channel tb0, group 1, time 2015-03-21 10:38:25.084071')
('2015-03-21 10:38:25.626506', 'put_channel : channel tb0, group 1, time 2015-03-21 10:38:25.626437')
('2015-03-21 10:38:26.588786', 'put_channel : channel tb0, group 1, time 2015-03-21 10:38:26.588701')
('2015-03-21 10:38:44.407674', 'fd_channel : login[0] 0 login[1] 0 , tb0[0] 49 tb0[1] 57 , tb1[0] 0 tb1[1] 0')
('2015-03-21 10:38:44.408424', 'fd_channel : login[0] 0 login[1] 0 , tb0[0] 48 tb0[1] 57 , tb1[0] 0 tb1[1] 0')
('2015-03-21 10:38:48.054561', 'fd_channel : login[0] 0 login[1] 0 , tb0[0] 48 tb0[1] 41 , tb1[0] 0 tb1[1] 0')
('2015-03-21 10:38:51.190875', 'put_channel : channel tb0, group 0, time 2015-03-21 10:38:51.190790')
('2015-03-21 10:38:52.636250', 'put_channel : channel tb0, group 0, time 2015-03-21 10:38:52.636159')
('2015-03-21 10:38:54.109441', 'put_channel : channel tb0, group 0, time 2015-03-21 10:38:54.109361')
('2015-03-21 10:38:55.644022', 'put_channel : channel tb0, group 0, time 2015-03-21 10:38:55.643947')
('2015-03-21 10:38:57.180799', 'put_channel : channel tb0, group 0, time 2015-03-21 10:38:57.180712')
('2015-03-21 10:39:00.123367', 'put_channel : channel tb0, group 1, time 2015-03-21 10:39:00.123272')
('2015-03-21 10:39:01.659699', 'put_channel : channel tb0, group 1, time 2015-03-21 10:39:01.659608')
('2015-03-21 10:39:03.131994', 'put_channel : channel tb0, group 1, time 2015-03-21 10:39:03.131909')
('2015-03-21 10:39:06.741769', 'fd_channel : login[0] 0 login[1] 0 , tb0[0] 53 tb0[1] 32 , tb1[0] 0 tb1[1] 0')
('2015-03-21 10:39:41.049953', 'fd_channel : login[0] 0 login[1] 0 , tb0[0] 24 tb0[1] 32 , tb1[0] 0 tb1[1] 0')
('2015-03-21 10:39:45.141203', 'fd_channel : login[0] 0 login[1] 0 , tb0[0] 24 tb0[1] 20 , tb1[0] 0 tb1[1] 0')
('2015-03-21 10:39:46.161973', 'fd_channel : login[0] 0 login[1] 0 , tb0[0] 23 tb0[1] 20 , tb1[0] 0 tb1[1] 0')
('2015-03-21 10:39:47.185848', 'fd_channel : login[0] 0 login[1] 0 , tb0[0] 22 tb0[1] 20 , tb1[0] 0 tb1[1] 0')
('2015-03-21 10:39:48.210031', 'fd_channel : login[0] 0 login[1] 0 , tb0[0] 21 tb0[1] 20 , tb1[0] 0 tb1[1] 0')
('2015-03-21 10:40:05.107658', 'fd_channel : login[0] 0 login[1] 0 , tb0[0] 21 tb0[1] 13 , tb1[0] 0 tb1[1] 0')
('2015-03-21 10:40:06.650282', 'fd_channel : login[0] 0 login[1] 0 , tb0[0] 19 tb0[1] 13 , tb1[0] 0 tb1[1] 0')
('2015-03-21 10:40:33.269000', 'fd_channel : login[0] 0 login[1] 0 , tb0[0] 19 tb0[1] 2 , tb1[0] 0 tb1[1] 0')
('2015-03-21 11:27:44.523830', 'put_channel : channel tb1, group 1, time 2015-03-21 11:27:44.523743')
('2015-03-21 11:27:45.028831', 'put_channel : channel tb1, group 0, time 2015-03-21 11:27:45.028753')
('2015-03-21 11:27:46.528407', 'put_channel : channel tb1, group 0, time 2015-03-21 11:27:46.528335')
('2015-03-21 11:27:48.029491', 'put_channel : channel tb1, group 1, time 2015-03-21 11:27:48.029409')
('2015-03-21 11:27:48.029925', 'put_channel : channel tb1, group 0, time 2015-03-21 11:27:48.029888')
('2015-03-21 11:27:49.025591', 'put_channel : channel tb1, group 0, time 2015-03-21 11:27:49.025496')
('2015-03-21 11:27:49.528533', 'put_channel : channel tb1, group 0, time 2015-03-21 11:27:49.528456')
('2015-03-21 11:27:49.528847', 'put_channel : channel tb1, group 1, time 2015-03-21 11:27:49.528809')
('2015-03-21 11:27:51.028864', 'put_channel : channel tb1, group 1, time 2015-03-21 11:27:51.028752')
('2015-03-21 11:27:52.529204', 'put_channel : channel tb1, group 1, time 2015-03-21 11:27:52.529063')
('2015-03-21 11:27:53.524528', 'put_channel : channel tb1, group 1, time 2015-03-21 11:27:53.524449')
('2015-03-21 11:27:54.027364', 'put_channel : channel tb1, group 1, time 2015-03-21 11:27:54.027271')
('2015-03-21 11:27:55.023751', 'put_channel : channel tb1, group 1, time 2015-03-21 11:27:55.023650')
('2015-03-21 11:27:55.024189', 'put_channel : channel tb1, group 0, time 2015-03-21 11:27:55.024146')
('2015-03-21 11:27:56.525156', 'put_channel : channel tb1, group 0, time 2015-03-21 11:27:56.525065')
('2015-03-21 11:27:56.540297', 'put_channel : channel tb1, group 0, time 2015-03-21 11:27:56.540259')
('2015-03-21 11:27:58.023527', 'put_channel : channel tb1, group 0, time 2015-03-21 11:27:58.023436')
('2015-03-21 11:27:58.036686', 'put_channel : channel tb1, group 0, time 2015-03-21 11:27:58.036648')
('2015-03-21 11:27:58.525553', 'put_channel : channel tb1, group 0, time 2015-03-21 11:27:58.525478')
('2015-03-21 11:27:58.528004', 'put_channel : channel tb1, group 1, time 2015-03-21 11:27:58.527964')
('2015-03-21 11:27:59.533653', 'put_channel : channel tb1, group 0, time 2015-03-21 11:27:59.533559')
('2015-03-21 11:28:00.029018', 'put_channel : channel tb1, group 1, time 2015-03-21 11:28:00.028936')
('2015-03-21 11:28:04.526600', 'put_channel : channel tb1, group 0, time 2015-03-21 11:28:04.526528')
('2015-03-21 11:28:05.531930', 'put_channel : channel tb1, group 1, time 2015-03-21 11:28:05.531841')
('2015-03-21 11:28:08.525319', 'put_channel : channel tb1, group 0, time 2015-03-21 11:28:08.525211')
('2015-03-21 11:28:08.540396', 'put_channel : channel tb1, group 0, time 2015-03-21 11:28:08.540333')
('2015-03-21 11:28:08.541571', 'put_channel : channel tb1, group 1, time 2015-03-21 11:28:08.541534')
('2015-03-21 11:28:09.028045', 'put_channel : channel tb1, group 1, time 2015-03-21 11:28:09.027959')
('2015-03-21 11:28:12.063334', 'put_channel : channel tb1, group 1, time 2015-03-21 11:28:12.063247')
('2015-03-21 11:28:13.085894', 'put_channel : channel tb1, group 1, time 2015-03-21 11:28:13.085815')
('2015-03-21 11:28:14.524973', 'put_channel : channel tb1, group 0, time 2015-03-21 11:28:14.524871')
('2015-03-21 11:28:14.525316', 'put_channel : channel tb1, group 1, time 2015-03-21 11:28:14.525275')
('2015-03-21 11:28:14.539684', 'put_channel : channel tb1, group 1, time 2015-03-21 11:28:14.539630')
('2015-03-21 11:28:15.052917', 'put_channel : channel tb1, group 1, time 2015-03-21 11:28:15.052833')
('2015-03-21 11:28:15.053327', 'put_channel : channel tb1, group 0, time 2015-03-21 11:28:15.053287')
('2015-03-21 11:28:16.525670', 'put_channel : channel tb1, group 0, time 2015-03-21 11:28:16.525563')
('2015-03-21 11:28:17.532965', 'put_channel : channel tb1, group 1, time 2015-03-21 11:28:17.532874')
('2015-03-21 11:28:17.533601', 'put_channel : channel tb1, group 0, time 2015-03-21 11:28:17.533565')
('2015-03-21 11:28:18.024632', 'put_channel : channel tb1, group 0, time 2015-03-21 11:28:18.024522')
('2015-03-21 11:28:18.044912', 'put_channel : channel tb1, group 0, time 2015-03-21 11:28:18.044870')
('2015-03-21 11:28:20.525120', 'put_channel : channel tb1, group 0, time 2015-03-21 11:28:20.525022')
('2015-03-21 11:28:21.028094', 'put_channel : channel tb1, group 0, time 2015-03-21 11:28:21.028018')
('2015-03-21 11:28:21.052893', 'put_channel : channel tb1, group 0, time 2015-03-21 11:28:21.052851')
('2015-03-21 11:28:23.524089', 'put_channel : channel tb1, group 1, time 2015-03-21 11:28:23.524001')
('2015-03-21 11:28:23.525834', 'put_channel : channel tb1, group 0, time 2015-03-21 11:28:23.525798')
('2015-03-21 11:28:23.533177', 'put_channel : channel tb1, group 1, time 2015-03-21 11:28:23.533123')
('2015-03-21 11:28:25.023037', 'put_channel : channel tb1, group 1, time 2015-03-21 11:28:25.022949')
('2015-03-21 11:28:25.524775', 'put_channel : channel tb1, group 1, time 2015-03-21 11:28:25.524697')
('2015-03-21 11:28:27.053075', 'put_channel : channel tb1, group 0, time 2015-03-21 11:28:27.052982')
('2015-03-21 11:28:28.024640', 'put_channel : channel tb1, group 1, time 2015-03-21 11:28:28.024542')
('2015-03-21 11:28:28.025025', 'put_channel : channel tb1, group 0, time 2015-03-21 11:28:28.024984')
('2015-03-21 11:28:28.525710', 'put_channel : channel tb1, group 0, time 2015-03-21 11:28:28.525638')
('2015-03-21 11:28:29.525294', 'put_channel : channel tb1, group 1, time 2015-03-21 11:28:29.525191')
('2015-03-21 11:28:30.045425', 'put_channel : channel tb1, group 0, time 2015-03-21 11:28:30.045329')
('2015-03-21 11:28:31.024068', 'put_channel : channel tb1, group 1, time 2015-03-21 11:28:31.023978')
('2015-03-21 11:28:31.025682', 'put_channel : channel tb1, group 0, time 2015-03-21 11:28:31.025644')
('2015-03-21 11:28:31.526526', 'put_channel : channel tb1, group 1, time 2015-03-21 11:28:31.526445')
('2015-03-21 11:28:33.051548', 'put_channel : channel tb1, group 1, time 2015-03-21 11:28:33.051474')
('2015-03-21 11:28:34.076669', 'put_channel : channel tb1, group 1, time 2015-03-21 11:28:34.076579')
('2015-03-21 11:28:34.525614', 'put_channel : channel tb1, group 1, time 2015-03-21 11:28:34.525534')
('2015-03-21 11:28:34.555778', 'put_channel : channel tb1, group 1, time 2015-03-21 11:28:34.555678')
('2015-03-21 11:28:36.026799', 'put_channel : channel tb1, group 0, time 2015-03-21 11:28:36.026718')
('2015-03-21 11:28:37.537820', 'put_channel : channel tb1, group 0, time 2015-03-21 11:28:37.537738')
('2015-03-21 11:28:38.526435', 'put_channel : channel tb1, group 1, time 2015-03-21 11:28:38.526357')
('2015-03-21 11:28:40.024142', 'put_channel : channel tb1, group 1, time 2015-03-21 11:28:40.024058')
('2015-03-21 11:28:40.024506', 'put_channel : channel tb1, group 0, time 2015-03-21 11:28:40.024461')
('2015-03-21 11:28:40.043715', 'put_channel : channel tb1, group 0, time 2015-03-21 11:28:40.043675')
('2015-03-21 11:28:41.523906', 'put_channel : channel tb1, group 1, time 2015-03-21 11:28:41.523819')
('2015-03-21 11:28:41.524514', 'put_channel : channel tb1, group 0, time 2015-03-21 11:28:41.524477')
('2015-03-21 11:28:43.526905', 'put_channel : channel tb1, group 1, time 2015-03-21 11:28:43.526810')
('2015-03-21 11:28:46.024190', 'put_channel : channel tb1, group 1, time 2015-03-21 11:28:46.024101')
('2015-03-21 11:28:46.525914', 'put_channel : channel tb1, group 1, time 2015-03-21 11:28:46.525836')
('2015-03-21 11:28:46.526502', 'put_channel : channel tb1, group 0, time 2015-03-21 11:28:46.526454')
('2015-03-21 11:28:46.555941', 'put_channel : channel tb1, group 0, time 2015-03-21 11:28:46.555900')
('2015-03-21 11:28:48.025494', 'put_channel : channel tb1, group 0, time 2015-03-21 11:28:48.025419')
('2015-03-21 11:28:49.023967', 'put_channel : channel tb1, group 1, time 2015-03-21 11:28:49.023885')
('2015-03-21 11:28:49.034661', 'put_channel : channel tb1, group 1, time 2015-03-21 11:28:49.034619')
('2015-03-21 11:28:49.036597', 'put_channel : channel tb1, group 0, time 2015-03-21 11:28:49.036560')
('2015-03-21 11:28:49.524940', 'put_channel : channel tb1, group 0, time 2015-03-21 11:28:49.524871')
('2015-03-21 11:28:49.548100', 'put_channel : channel tb1, group 0, time 2015-03-21 11:28:49.548052')
('2015-03-21 11:28:50.523604', 'put_channel : channel tb1, group 1, time 2015-03-21 11:28:50.523487')
('2015-03-21 11:28:52.036428', 'put_channel : channel tb1, group 0, time 2015-03-21 11:28:52.036333')
('2015-03-21 11:28:55.526694', 'put_channel : channel tb1, group 0, time 2015-03-21 11:28:55.526614')
('2015-03-21 11:28:57.025460', 'put_channel : channel tb1, group 1, time 2015-03-21 11:28:57.025375')
('2015-03-21 11:29:00.025074', 'put_channel : channel tb1, group 1, time 2015-03-21 11:29:00.024988')
('2015-03-21 11:29:01.035746', 'put_channel : channel tb1, group 1, time 2015-03-21 11:29:01.035661')
('2015-03-21 11:29:01.036892', 'put_channel : channel tb1, group 0, time 2015-03-21 11:29:01.036857')
('2015-03-21 11:29:01.526532', 'put_channel : channel tb1, group 0, time 2015-03-21 11:29:01.526455')
('2015-03-21 11:29:04.525554', 'put_channel : channel tb1, group 1, time 2015-03-21 11:29:04.525465')
('2015-03-21 11:29:04.527730', 'put_channel : channel tb1, group 1, time 2015-03-21 11:29:04.527670')
('2015-03-21 11:29:06.025649', 'put_channel : channel tb1, group 1, time 2015-03-21 11:29:06.025564')
('2015-03-21 11:29:06.026550', 'put_channel : channel tb1, group 0, time 2015-03-21 11:29:06.026478')
('2015-03-21 11:29:07.101165', 'put_channel : channel tb1, group 1, time 2015-03-21 11:29:07.101043')
('2015-03-21 11:29:07.527437', 'put_channel : channel tb1, group 1, time 2015-03-21 11:29:07.527360')
('2015-03-21 11:29:07.528362', 'put_channel : channel tb1, group 0, time 2015-03-21 11:29:07.528323')
('2015-03-21 11:29:07.548988', 'put_channel : channel tb1, group 0, time 2015-03-21 11:29:07.548918')
('2015-03-21 11:29:07.612077', 'put_channel : channel tb1, group 1, time 2015-03-21 11:29:07.612026')
('2015-03-21 11:29:10.529694', 'put_channel : channel tb1, group 0, time 2015-03-21 11:29:10.529618')
('2015-03-21 11:29:13.549593', 'put_channel : channel tb1, group 0, time 2015-03-21 11:29:13.549523')
('2015-03-21 11:29:14.588260', 'put_channel : channel tb1, group 0, time 2015-03-21 11:29:14.588173')
('2015-03-21 11:29:15.026960', 'put_channel : channel tb1, group 1, time 2015-03-21 11:29:15.026887')
('2015-03-21 11:29:16.528462', 'put_channel : channel tb1, group 0, time 2015-03-21 11:29:16.528380')
('2015-03-21 11:29:18.027314', 'put_channel : channel tb1, group 0, time 2015-03-21 11:29:18.027233')
('2015-03-21 11:29:19.527972', 'put_channel : channel tb1, group 0, time 2015-03-21 11:29:19.527894')
('2015-03-21 11:29:21.028353', 'put_channel : channel tb1, group 0, time 2015-03-21 11:29:21.028271')
('2015-03-21 11:29:22.528215', 'put_channel : channel tb1, group 1, time 2015-03-21 11:29:22.528124')
('2015-03-21 11:29:22.529509', 'put_channel : channel tb1, group 0, time 2015-03-21 11:29:22.529470')
('2015-03-21 11:29:24.028355', 'put_channel : channel tb1, group 1, time 2015-03-21 11:29:24.028278')
('2015-03-21 11:29:24.029614', 'put_channel : channel tb1, group 0, time 2015-03-21 11:29:24.029578')
('2015-03-21 11:29:25.526975', 'put_channel : channel tb1, group 1, time 2015-03-21 11:29:25.526896')
('2015-03-21 11:29:25.528081', 'put_channel : channel tb1, group 0, time 2015-03-21 11:29:25.528007')
('2015-03-21 11:29:25.547467', 'put_channel : channel tb1, group 1, time 2015-03-21 11:29:25.547425')
('2015-03-21 11:29:26.587465', 'put_channel : channel tb1, group 1, time 2015-03-21 11:29:26.587382')
('2015-03-21 11:29:31.099356', 'put_channel : channel tb1, group 0, time 2015-03-21 11:29:31.099271')
('2015-03-21 11:29:32.538904', 'put_channel : channel tb1, group 1, time 2015-03-21 11:29:32.538823')
('2015-03-21 11:29:32.540059', 'put_channel : channel tb1, group 0, time 2015-03-21 11:29:32.540023')
('2015-03-21 11:29:36.630756', 'fd_channel : login[0] 0 login[1] 0 , tb0[0] 19 tb0[1] 2 , tb1[0] 60 tb1[1] 55')
('2015-03-21 11:29:36.631759', 'fd_channel : login[0] 0 login[1] 0 , tb0[0] 19 tb0[1] 2 , tb1[0] 60 tb1[1] 54')
('2015-03-21 11:29:36.632716', 'fd_channel : login[0] 0 login[1] 0 , tb0[0] 19 tb0[1] 2 , tb1[0] 60 tb1[1] 53')
('2015-03-21 11:29:36.633568', 'fd_channel : login[0] 0 login[1] 0 , tb0[0] 19 tb0[1] 2 , tb1[0] 60 tb1[1] 52')
('2015-03-21 11:29:36.634390', 'fd_channel : login[0] 0 login[1] 0 , tb0[0] 19 tb0[1] 2 , tb1[0] 60 tb1[1] 51')
('2015-03-21 11:29:36.635977', 'fd_channel : login[0] 0 login[1] 0 , tb0[0] 19 tb0[1] 2 , tb1[0] 60 tb1[1] 50')
('2015-03-21 11:29:36.637420', 'fd_channel : login[0] 0 login[1] 0 , tb0[0] 19 tb0[1] 2 , tb1[0] 60 tb1[1] 49')
('2015-03-21 11:29:36.638170', 'fd_channel : login[0] 0 login[1] 0 , tb0[0] 19 tb0[1] 2 , tb1[0] 60 tb1[1] 48')
('2015-03-21 11:29:38.539959', 'put_channel : channel tb1, group 1, time 2015-03-21 11:29:38.539874')
('2015-03-21 11:29:38.540787', 'put_channel : channel tb1, group 0, time 2015-03-21 11:29:38.540751')
('2015-03-21 11:29:39.025961', 'put_channel : channel tb1, group 1, time 2015-03-21 11:29:39.025881')
('2015-03-21 11:29:41.525311', 'put_channel : channel tb1, group 0, time 2015-03-21 11:29:41.525234')
('2015-03-21 11:29:41.530543', 'put_channel : channel tb1, group 1, time 2015-03-21 11:29:41.530467')
('2015-03-21 11:29:43.636080', 'fd_channel : login[0] 0 login[1] 0 , tb0[0] 19 tb0[1] 2 , tb1[0] 62 tb1[1] 50')
('2015-03-21 11:29:43.639554', 'fd_channel : login[0] 0 login[1] 0 , tb0[0] 19 tb0[1] 2 , tb1[0] 62 tb1[1] 49')
('2015-03-21 11:29:43.640327', 'fd_channel : login[0] 0 login[1] 0 , tb0[0] 19 tb0[1] 2 , tb1[0] 62 tb1[1] 48')
('2015-03-21 11:29:44.525340', 'put_channel : channel tb1, group 0, time 2015-03-21 11:29:44.525257')
('2015-03-21 11:29:44.540330', 'put_channel : channel tb1, group 1, time 2015-03-21 11:29:44.540287')
('2015-03-21 11:29:45.052101', 'put_channel : channel tb1, group 0, time 2015-03-21 11:29:45.052012')
('2015-03-21 11:29:48.026441', 'put_channel : channel tb1, group 0, time 2015-03-21 11:29:48.026355')
('2015-03-21 11:29:49.084273', 'put_channel : channel tb1, group 1, time 2015-03-21 11:29:49.084175')
('2015-03-21 11:29:50.541721', 'put_channel : channel tb1, group 1, time 2015-03-21 11:29:50.541637')
('2015-03-21 11:29:50.641057', 'fd_channel : login[0] 0 login[1] 0 , tb0[0] 19 tb0[1] 2 , tb1[0] 65 tb1[1] 50')
('2015-03-21 11:29:50.642231', 'fd_channel : login[0] 0 login[1] 0 , tb0[0] 19 tb0[1] 2 , tb1[0] 65 tb1[1] 49')
('2015-03-21 11:29:51.050531', 'put_channel : channel tb1, group 1, time 2015-03-21 11:29:51.050455')
('2015-03-21 11:29:53.533053', 'put_channel : channel tb1, group 1, time 2015-03-21 11:29:53.532967')
('2015-03-21 11:29:56.644833', 'fd_channel : login[0] 0 login[1] 0 , tb0[0] 19 tb0[1] 2 , tb1[0] 65 tb1[1] 50')
('2015-03-21 11:29:56.645836', 'fd_channel : login[0] 0 login[1] 0 , tb0[0] 19 tb0[1] 2 , tb1[0] 65 tb1[1] 49')
('2015-03-21 11:29:56.646724', 'fd_channel : login[0] 0 login[1] 0 , tb0[0] 19 tb0[1] 2 , tb1[0] 65 tb1[1] 48')
('2015-03-21 11:29:56.648102', 'fd_channel : login[0] 0 login[1] 0 , tb0[0] 19 tb0[1] 2 , tb1[0] 65 tb1[1] 47')
('2015-03-21 11:29:56.649419', 'fd_channel : login[0] 0 login[1] 0 , tb0[0] 19 tb0[1] 2 , tb1[0] 65 tb1[1] 46')
('2015-03-21 11:29:56.650664', 'fd_channel : login[0] 0 login[1] 0 , tb0[0] 19 tb0[1] 2 , tb1[0] 65 tb1[1] 45')
('2015-03-21 11:29:56.651382', 'fd_channel : login[0] 0 login[1] 0 , tb0[0] 19 tb0[1] 2 , tb1[0] 65 tb1[1] 44')
('2015-03-21 11:29:56.651936', 'fd_channel : login[0] 0 login[1] 0 , tb0[0] 19 tb0[1] 2 , tb1[0] 65 tb1[1] 43')
('2015-03-21 11:29:56.871896', 'fd_channel : login[0] 0 login[1] 0 , tb0[0] 19 tb0[1] 2 , tb1[0] 64 tb1[1] 42')
('2015-03-21 11:29:56.876601', 'fd_channel : login[0] 0 login[1] 0 , tb0[0] 19 tb0[1] 2 , tb1[0] 52 tb1[1] 42')
('2015-03-21 11:29:56.877427', 'fd_channel : login[0] 0 login[1] 0 , tb0[0] 19 tb0[1] 2 , tb1[0] 52 tb1[1] 41')
('2015-03-21 11:29:56.877932', 'fd_channel : login[0] 0 login[1] 0 , tb0[0] 19 tb0[1] 2 , tb1[0] 51 tb1[1] 41')
('2015-03-21 11:29:57.027454', 'put_channel : channel tb1, group 0, time 2015-03-21 11:29:57.027385')
('2015-03-21 11:29:57.048413', 'fd_channel : login[0] 0 login[1] 0 , tb0[0] 19 tb0[1] 2 , tb1[0] 51 tb1[1] 41')
('2015-03-21 11:29:57.049455', 'fd_channel : login[0] 0 login[1] 0 , tb0[0] 19 tb0[1] 2 , tb1[0] 51 tb1[1] 40')
('2015-03-21 11:29:58.874297', 'fd_channel : login[0] 0 login[1] 0 , tb0[0] 19 tb0[1] 2 , tb1[0] 50 tb1[1] 40')
('2015-03-21 11:29:58.875034', 'fd_channel : login[0] 0 login[1] 0 , tb0[0] 19 tb0[1] 2 , tb1[0] 50 tb1[1] 39')
('2015-03-21 11:29:58.879034', 'fd_channel : login[0] 0 login[1] 0 , tb0[0] 19 tb0[1] 2 , tb1[0] 49 tb1[1] 39')
('2015-03-21 11:29:58.879852', 'fd_channel : login[0] 0 login[1] 0 , tb0[0] 19 tb0[1] 2 , tb1[0] 49 tb1[1] 38')
('2015-03-21 11:29:59.050812', 'fd_channel : login[0] 0 login[1] 0 , tb0[0] 19 tb0[1] 2 , tb1[0] 48 tb1[1] 38')
('2015-03-21 11:29:59.051771', 'fd_channel : login[0] 0 login[1] 0 , tb0[0] 19 tb0[1] 2 , tb1[0] 48 tb1[1] 37')
('2015-03-21 11:29:59.953275', 'fd_channel : login[0] 0 login[1] 0 , tb0[0] 19 tb0[1] 2 , tb1[0] 47 tb1[1] 37')
('2015-03-21 11:29:59.954168', 'fd_channel : login[0] 0 login[1] 0 , tb0[0] 19 tb0[1] 2 , tb1[0] 47 tb1[1] 36')
('2015-03-21 11:30:01.634803', 'worker [6] stopping')
('2015-03-21 11:30:03.123868', 'fd_channel : login[0] 0 login[1] 0 , tb0[0] 19 tb0[1] 2 , tb1[0] 47 tb1[1] 35')
('2015-03-21 11:30:03.649943', 'fd_channel : login[0] 0 login[1] 0 , tb0[0] 19 tb0[1] 2 , tb1[0] 47 tb1[1] 34')
('2015-03-21 11:30:03.653259', 'fd_channel : login[0] 0 login[1] 0 , tb0[0] 19 tb0[1] 2 , tb1[0] 47 tb1[1] 33')
('2015-03-21 11:30:03.653951', 'fd_channel : login[0] 0 login[1] 0 , tb0[0] 19 tb0[1] 2 , tb1[0] 47 tb1[1] 32')
('2015-03-21 11:30:04.529103', 'put_channel : channel tb1, group 1, time 2015-03-21 11:30:04.529029')
('2015-03-21 11:30:06.653834', 'fd_channel : login[0] 0 login[1] 0 , tb0[0] 19 tb0[1] 2 , tb1[0] 47 tb1[1] 32')
('2015-03-21 11:30:09.051925', 'put_channel : channel tb1, group 1, time 2015-03-21 11:30:09.051836')
('2015-03-21 11:30:10.125227', 'fd_channel : login[0] 0 login[1] 0 , tb0[0] 19 tb0[1] 2 , tb1[0] 47 tb1[1] 32')
('2015-03-21 11:30:10.655589', 'fd_channel : login[0] 0 login[1] 0 , tb0[0] 19 tb0[1] 2 , tb1[0] 47 tb1[1] 31')
('2015-03-21 11:30:10.656354', 'fd_channel : login[0] 0 login[1] 0 , tb0[0] 19 tb0[1] 2 , tb1[0] 47 tb1[1] 30')
('2015-03-21 11:30:13.084017', 'put_channel : channel tb1, group 1, time 2015-03-21 11:30:13.083925')
('2015-03-21 11:30:15.137443', 'put_channel : channel tb1, group 0, time 2015-03-21 11:30:15.137338')
('2015-03-21 11:30:31.648735', 'put_channel : channel tb1, group 0, time 2015-03-21 11:30:31.648656')
('2015-03-21 11:30:54.107568', 'put_channel : channel tb1, group 1, time 2015-03-21 11:30:54.107483')
('2015-03-21 11:30:58.652248', 'put_channel : channel tb1, group 0, time 2015-03-21 11:30:58.652160')
