('2015-03-21 10:34:31.676730', 'client 52724187 bid 0 fd_image Timeout')
('2015-03-21 10:34:31.678336', 'client 52520542 bid 0 fd_image Timeout')
('2015-03-21 10:34:31.678667', 'client 52715083 bid 0 fd_image Timeout')
('2015-03-21 10:34:44.144843', '\r\n\r\n\r\n\r\n\r\n\r\n\r\n\r\n\r\n\r\n<XML><ERRORCODE>311</ERRORCODE><ERRORSTRING>图像校验码错误！</ERRORSTRING><ERRORSTRING_EN>Image checksum error！</ERRORSTRING_EN></XML>')
('2015-03-21 10:34:44.144896', "client 52744103 bid 0 fd_price ack error {'errcode': '311', 'errstring': '图像校验码错误！'}")
('2015-03-21 10:34:55.056122', 'client 52724187 bid 0 fd_image info channel error')
('2015-03-21 10:34:55.056738', 'client 52715083 bid 0 fd_image info channel error')
('2015-03-21 10:34:59.213027', 'client 52744103 bid 0 fd_price info channel error')
('2015-03-21 10:35:01.678756', 'client 52724187 bid 0 fd_image Timeout')
('2015-03-21 10:35:01.680403', 'client 52715083 bid 0 fd_image Timeout')
('2015-03-21 10:35:01.681037', 'client 52520542 bid 0 fd_image Timeout')
('2015-03-21 10:35:05.680890', '\r\n\r\n\r\n\r\n\r\n\r\n\r\n\r\n\r\n\r\n<XML><ERRORCODE>311</ERRORCODE><ERRORSTRING>图像校验码错误！</ERRORSTRING><ERRORSTRING_EN>Image checksum error！</ERRORSTRING_EN></XML>')
('2015-03-21 10:35:05.680944', "client 52764591 bid 0 fd_price ack error {'errcode': '311', 'errstring': '图像校验码错误！'}")
('2015-03-21 10:35:06.641044', '\r\n\r\n\r\n\r\n\r\n\r\n\r\n\r\n\r\n\r\n<XML><ERRORCODE>311</ERRORCODE><ERRORSTRING>图像校验码错误！</ERRORSTRING><ERRORSTRING_EN>Image checksum error！</ERRORSTRING_EN></XML>')
('2015-03-21 10:35:06.641098', "client 52767474 bid 0 fd_price ack error {'errcode': '311', 'errstring': '图像校验码错误！'}")
('2015-03-21 10:35:15.430913', 'client 52767474 bid 0 fd_image Timeout')
('2015-03-21 10:35:31.682416', 'client 52715083 bid 0 fd_image Timeout')
('2015-03-21 10:35:45.432493', 'client 52767474 bid 0 fd_image Timeout')
('2015-03-21 10:36:15.433956', 'client 52767474 bid 0 fd_image Timeout')
('2015-03-21 10:36:45.435647', 'client 52767474 bid 0 fd_image Timeout')
('2015-03-21 10:36:52.840170', '\r\n\r\n\r\n\r\n\r\n\r\n\r\n\r\n\r\n\r\n<XML><ERRORCODE>112</ERRORCODE><ERRORSTRING>首次出价时段不能进行修改出价！</ERRORSTRING><ERRORSTRING_EN>Can not modify the bid amount in bid time!</ERRORSTRING_EN></XML>\r\n')
('2015-03-21 10:36:52.840219', "client 52767474 bid 0 fd_price ack error {'errcode': '112', 'errstring': '首次出价时段不能进行修改出价！'}")
('2015-03-21 10:37:02.097908', '\r\n\r\n\r\n\r\n\r\n\r\n\r\n\r\n\r\n\r\n<XML><ERRORCODE>311</ERRORCODE><ERRORSTRING>图像校验码错误！</ERRORSTRING><ERRORSTRING_EN>Image checksum error！</ERRORSTRING_EN></XML>')
('2015-03-21 10:37:02.097962', "client 52715083 bid 0 fd_price ack error {'errcode': '311', 'errstring': '图像校验码错误！'}")
('2015-03-21 10:37:05.968875', '\r\n\r\n\r\n\r\n\r\n\r\n\r\n\r\n\r\n\r\n<XML><ERRORCODE>311</ERRORCODE><ERRORSTRING>图像校验码错误！</ERRORSTRING><ERRORSTRING_EN>Image checksum error！</ERRORSTRING_EN></XML>')
('2015-03-21 10:37:05.968930', "client 52767474 bid 0 fd_price ack error {'errcode': '311', 'errstring': '图像校验码错误！'}")
('2015-03-21 10:37:12.934150', 'client 52715083 bid 0 fd_image Timeout')
('2015-03-21 10:37:42.935356', 'client 52715083 bid 0 fd_image Timeout')
('2015-03-21 10:37:45.997591', 'client 52730391 bid 0 fd_price info channel error')
('2015-03-21 10:37:46.109775', '\r\n\r\n\r\n\r\n\r\n\r\n\r\n\r\n\r\n\r\n<XML><ERRORCODE>311</ERRORCODE><ERRORSTRING>图像校验码错误！</ERRORSTRING><ERRORSTRING_EN>Image checksum error！</ERRORSTRING_EN></XML>')
('2015-03-21 10:37:46.109822', "client 52730391 bid 0 fd_price ack error {'errcode': '311', 'errstring': '图像校验码错误！'}")
('2015-03-21 10:38:09.325819', 'client 52767474 bid 0 fd_image info channel error')
('2015-03-21 10:38:09.821357', 'client 52715083 bid 0 fd_price info channel error')
('2015-03-21 10:38:11.075316', 'client 52715083 bid 0 fd_price info channel error')
('2015-03-21 10:38:11.075630', 'client 52767474 bid 0 fd_image info channel error')
('2015-03-21 10:38:13.752850', 'client 52724187 bid 0 fd_price info channel error')
('2015-03-21 10:38:16.276350', '\r\n\r\n\r\n\r\n\r\n\r\n\r\n\r\n\r\n\r\n<XML><ERRORCODE>311</ERRORCODE><ERRORSTRING>图像校验码错误！</ERRORSTRING><ERRORSTRING_EN>Image checksum error！</ERRORSTRING_EN></XML>')
('2015-03-21 10:38:16.276401', "client 52715083 bid 0 fd_price ack error {'errcode': '311', 'errstring': '图像校验码错误！'}")
('2015-03-21 10:38:16.988457', '\r\n\r\n\r\n\r\n\r\n\r\n\r\n\r\n\r\n\r\n<XML><ERRORCODE>311</ERRORCODE><ERRORSTRING>图像校验码错误！</ERRORSTRING><ERRORSTRING_EN>Image checksum error！</ERRORSTRING_EN></XML>')
('2015-03-21 10:38:16.988511', "client 52724187 bid 0 fd_price ack error {'errcode': '311', 'errstring': '图像校验码错误！'}")
('2015-03-21 10:38:24.401087', '\r\n\r\n\r\n\r\n\r\n\r\n\r\n\r\n\r\n\r\n<XML><ERRORCODE>311</ERRORCODE><ERRORSTRING>图像校验码错误！</ERRORSTRING><ERRORSTRING_EN>Image checksum error！</ERRORSTRING_EN></XML>')
('2015-03-21 10:38:24.401193', "client 52715083 bid 0 fd_price ack error {'errcode': '311', 'errstring': '图像校验码错误！'}")
('2015-03-21 10:38:44.304580', 'client 52520542 bid 0 fd_price info channel error')
('2015-03-21 10:38:44.304674', 'client 52520542 bid 0 fd_price info channel error')
('2015-03-21 10:38:47.949363', 'client 52724187 bid 0 fd_price info channel error')
('2015-03-21 10:38:48.066411', '\r\n\r\n\r\n\r\n\r\n\r\n\r\n\r\n\r\n\r\n<XML><ERRORCODE>311</ERRORCODE><ERRORSTRING>图像校验码错误！</ERRORSTRING><ERRORSTRING_EN>Image checksum error！</ERRORSTRING_EN></XML>')
('2015-03-21 10:38:48.066462', "client 52724187 bid 0 fd_price ack error {'errcode': '311', 'errstring': '图像校验码错误！'}")
('2015-03-21 10:38:50.880910', '\r\n\r\n\r\n\r\n\r\n\r\n\r\n\r\n\r\n\r\n<XML><ERRORCODE>311</ERRORCODE><ERRORSTRING>图像校验码错误！</ERRORSTRING><ERRORSTRING_EN>Image checksum error！</ERRORSTRING_EN></XML>')
('2015-03-21 10:38:50.880966', "client 52520542 bid 0 fd_price ack error {'errcode': '311', 'errstring': '图像校验码错误！'}")
('2015-03-21 10:39:06.637827', 'client 52520542 bid 0 fd_price info channel error')
('2015-03-21 10:39:06.754786', '\r\n\r\n\r\n\r\n\r\n\r\n\r\n\r\n\r\n\r\n<XML><ERRORCODE>311</ERRORCODE><ERRORSTRING>图像校验码错误！</ERRORSTRING><ERRORSTRING_EN>Image checksum error！</ERRORSTRING_EN></XML>')
('2015-03-21 10:39:06.754842', "client 52520542 bid 0 fd_price ack error {'errcode': '311', 'errstring': '图像校验码错误！'}")
('2015-03-21 10:39:14.829338', 'client 52767474 bid 0 fd_image info channel error')
('2015-03-21 10:39:35.308568', 'client 52520542 bid 0 fd_image info channel error')
('2015-03-21 10:39:40.941174', 'client 52767474 bid 0 fd_price info channel error')
('2015-03-21 10:39:41.065067', '\r\n\r\n\r\n\r\n\r\n\r\n\r\n\r\n\r\n\r\n<XML><ERRORCODE>311</ERRORCODE><ERRORSTRING>图像校验码错误！</ERRORSTRING><ERRORSTRING_EN>Image checksum error！</ERRORSTRING_EN></XML>')
('2015-03-21 10:39:41.065115', "client 52767474 bid 0 fd_price ack error {'errcode': '311', 'errstring': '图像校验码错误！'}")
('2015-03-21 10:39:45.037483', 'client 52767474 bid 0 fd_price info channel error')
('2015-03-21 10:39:45.152879', '\r\n\r\n\r\n\r\n\r\n\r\n\r\n\r\n\r\n\r\n<XML><ERRORCODE>311</ERRORCODE><ERRORSTRING>图像校验码错误！</ERRORSTRING><ERRORSTRING_EN>Image checksum error！</ERRORSTRING_EN></XML>')
('2015-03-21 10:39:45.152927', "client 52767474 bid 0 fd_price ack error {'errcode': '311', 'errstring': '图像校验码错误！'}")
('2015-03-21 10:39:46.061383', 'client 52730391 bid 0 fd_price info channel error')
('2015-03-21 10:39:46.174161', '\r\n\r\n\r\n\r\n\r\n\r\n\r\n\r\n\r\n\r\n<XML><ERRORCODE>311</ERRORCODE><ERRORSTRING>图像校验码错误！</ERRORSTRING><ERRORSTRING_EN>Image checksum error！</ERRORSTRING_EN></XML>')
('2015-03-21 10:39:46.174210', "client 52730391 bid 0 fd_price ack error {'errcode': '311', 'errstring': '图像校验码错误！'}")
('2015-03-21 10:39:47.085320', 'client 52767474 bid 0 fd_price info channel error')
('2015-03-21 10:39:47.197752', '\r\n\r\n\r\n\r\n\r\n\r\n\r\n\r\n\r\n\r\n<XML><ERRORCODE>311</ERRORCODE><ERRORSTRING>图像校验码错误！</ERRORSTRING><ERRORSTRING_EN>Image checksum error！</ERRORSTRING_EN></XML>')
('2015-03-21 10:39:47.197801', "client 52767474 bid 0 fd_price ack error {'errcode': '311', 'errstring': '图像校验码错误！'}")
('2015-03-21 10:39:48.109511', 'client 52730391 bid 0 fd_price info channel error')
('2015-03-21 10:40:01.421699', 'client 52715083 bid 0 fd_image info channel error')
('2015-03-21 10:40:01.421913', 'client 52724187 bid 0 fd_image info channel error')
('2015-03-21 10:40:05.004946', 'client 52497796 bid 0 fd_price info channel error')
('2015-03-21 10:40:05.119478', '\r\n\r\n\r\n\r\n\r\n\r\n\r\n\r\n\r\n\r\n<XML><ERRORCODE>311</ERRORCODE><ERRORSTRING>图像校验码错误！</ERRORSTRING><ERRORSTRING_EN>Image checksum error！</ERRORSTRING_EN></XML>')
('2015-03-21 10:40:05.119527', "client 52497796 bid 0 fd_price ack error {'errcode': '311', 'errstring': '图像校验码错误！'}")
('2015-03-21 10:40:05.517262', 'client 52520542 bid 0 fd_image info channel error')
('2015-03-21 10:40:06.549389', 'client 52744103 bid 0 fd_price info channel error')
('2015-03-21 10:40:06.662940', '\r\n\r\n\r\n\r\n\r\n\r\n\r\n\r\n\r\n\r\n<XML><ERRORCODE>311</ERRORCODE><ERRORSTRING>图像校验码错误！</ERRORSTRING><ERRORSTRING_EN>Image checksum error！</ERRORSTRING_EN></XML>')
('2015-03-21 10:40:06.662988', "client 52744103 bid 0 fd_price ack error {'errcode': '311', 'errstring': '图像校验码错误！'}")
('2015-03-21 10:40:15.245050', 'client 52767474 bid 0 fd_image info channel error')
('2015-03-21 10:40:16.524869', 'client 52715083 bid 0 fd_image info channel error')
('2015-03-21 10:40:31.116779', 'client 52715083 bid 0 fd_image info channel error')
('2015-03-21 10:40:33.165519', 'client 52744103 bid 0 fd_price info channel error')
('2015-03-21 10:40:33.285061', '\r\n\r\n\r\n\r\n\r\n\r\n\r\n\r\n\r\n\r\n<XML><ERRORCODE>311</ERRORCODE><ERRORSTRING>图像校验码错误！</ERRORSTRING><ERRORSTRING_EN>Image checksum error！</ERRORSTRING_EN></XML>')
('2015-03-21 10:40:33.285110', "client 52744103 bid 0 fd_price ack error {'errcode': '311', 'errstring': '图像校验码错误！'}")
('2015-03-21 11:29:43.634972', 'client 52764591 bid 1 fd_image Timeout')
('2015-03-21 11:29:43.638531', 'client 52767474 bid 1 fd_image Timeout')
('2015-03-21 11:29:43.638891', 'client 52497796 bid 1 fd_image Timeout')
('2015-03-21 11:29:50.640133', 'client 52497796 bid 1 fd_image Timeout')
('2015-03-21 11:29:50.641620', 'client 52767474 bid 1 fd_image Timeout')
('2015-03-21 11:30:03.123035', '\r\n\r\n\r\n\r\n\r\n\r\n\r\n\r\n\r\n\r\n\r\n<XML><ERRORCODE>110</ERRORCODE><ERRORSTRING>没有正在举行的拍卖会，请注意拍卖公告！</ERRORSTRING><ERRORSTRING_EN>Auction is not begin!</ERRORSTRING_EN></XML>')
('2015-03-21 11:30:03.123098', "client 52744103 bid 2 fd_image ack error {'body': '\\r\\n\\r\\n\\r\\n\\r\\n\\r\\n\\r\\n\\r\\n\\r\\n\\r\\n\\r\\n\\r\\n<XML><ERRORCODE>110</ERRORCODE><ERRORSTRING>没有正在举行的拍卖会，请注意拍卖公告！</ERRORSTRING><ERRORSTRING_EN>Auction is not begin!</ERRORSTRING_EN></XML>', 'head': 'Connection: close\\nDate: Sat, 21 Mar 2015 03:30:03 GMT\\nServer: Microsoft-IIS/6.0\\nSet-Cookie: JSESSIONID=3545B3AED8BAFA0F92D322AE95DD7172; Path=/car\\nContent-Type: text/html;charset=GBK\\nContent-Length: 178\\n\\n', 'status': 200}")
('2015-03-21 11:30:03.648988', 'client 52730391 bid 2 fd_image Timeout')
('2015-03-21 11:30:03.652348', 'client 52764591 bid 2 fd_image Timeout')
('2015-03-21 11:30:03.652654', 'client 52767474 bid 2 fd_image Timeout')
('2015-03-21 11:30:03.667356', '\r\n\r\n\r\n\r\n\r\n\r\n\r\n\r\n\r\n\r\n\r\n<XML><ERRORCODE>110</ERRORCODE><ERRORSTRING>没有正在举行的拍卖会，请注意拍卖公告！</ERRORSTRING><ERRORSTRING_EN>Auction is not begin!</ERRORSTRING_EN></XML>')
('2015-03-21 11:30:03.667410', "client 52730391 bid 2 fd_image ack error {'body': '\\r\\n\\r\\n\\r\\n\\r\\n\\r\\n\\r\\n\\r\\n\\r\\n\\r\\n\\r\\n\\r\\n<XML><ERRORCODE>110</ERRORCODE><ERRORSTRING>没有正在举行的拍卖会，请注意拍卖公告！</ERRORSTRING><ERRORSTRING_EN>Auction is not begin!</ERRORSTRING_EN></XML>', 'head': 'Connection: close\\nDate: Sat, 21 Mar 2015 03:30:03 GMT\\nServer: Microsoft-IIS/6.0\\nSet-Cookie: JSESSIONID=A41FB1B20DF1993F87625F226304CF01; Path=/car\\nContent-Type: text/html;charset=GBK\\nContent-Length: 178\\n\\n', 'status': 200}")
('2015-03-21 11:30:06.872662', '\r\n\r\n\r\n\r\n\r\n\r\n\r\n\r\n\r\n\r\n\r\n<XML><ERRORCODE>110</ERRORCODE><ERRORSTRING>没有正在举行的拍卖会，请注意拍卖公告！</ERRORSTRING><ERRORSTRING_EN>Auction is not begin!</ERRORSTRING_EN></XML>')
('2015-03-21 11:30:06.872720', "client 52730391 bid 2 fd_image ack error {'body': '\\r\\n\\r\\n\\r\\n\\r\\n\\r\\n\\r\\n\\r\\n\\r\\n\\r\\n\\r\\n\\r\\n<XML><ERRORCODE>110</ERRORCODE><ERRORSTRING>没有正在举行的拍卖会，请注意拍卖公告！</ERRORSTRING><ERRORSTRING_EN>Auction is not begin!</ERRORSTRING_EN></XML>', 'head': 'Connection: close\\nDate: Sat, 21 Mar 2015 03:30:06 GMT\\nServer: Microsoft-IIS/6.0\\nSet-Cookie: JSESSIONID=503CD076CA7E5CBC2C305E18D0A36517; Path=/car\\nContent-Type: text/html;charset=GBK\\nContent-Length: 178\\n\\n', 'status': 200}")
('2015-03-21 11:30:10.124414', 'client 52744103 bid 2 fd_image Timeout')
('2015-03-21 11:30:10.654417', 'client 52764591 bid 2 fd_image Timeout')
('2015-03-21 11:30:10.654881', 'client 52767474 bid 2 fd_image Timeout')
('2015-03-21 11:30:10.873728', '\r\n\r\n\r\n\r\n\r\n\r\n\r\n\r\n\r\n\r\n\r\n<XML><ERRORCODE>110</ERRORCODE><ERRORSTRING>没有正在举行的拍卖会，请注意拍卖公告！</ERRORSTRING><ERRORSTRING_EN>Auction is not begin!</ERRORSTRING_EN></XML>')
('2015-03-21 11:30:10.873819', "client 52767474 bid 2 fd_image ack error {'body': '\\r\\n\\r\\n\\r\\n\\r\\n\\r\\n\\r\\n\\r\\n\\r\\n\\r\\n\\r\\n\\r\\n<XML><ERRORCODE>110</ERRORCODE><ERRORSTRING>没有正在举行的拍卖会，请注意拍卖公告！</ERRORSTRING><ERRORSTRING_EN>Auction is not begin!</ERRORSTRING_EN></XML>', 'head': 'Connection: close\\nDate: Sat, 21 Mar 2015 03:30:10 GMT\\nServer: Microsoft-IIS/6.0\\nSet-Cookie: JSESSIONID=2E22914E9A102E5AD3A1F2F777748C4A; Path=/car\\nContent-Type: text/html;charset=GBK\\nContent-Length: 178\\n\\n', 'status': 200}")
('2015-03-21 11:30:11.592989', '\r\n\r\n\r\n\r\n\r\n\r\n\r\n\r\n\r\n\r\n\r\n<XML><ERRORCODE>110</ERRORCODE><ERRORSTRING>没有正在举行的拍卖会，请注意拍卖公告！</ERRORSTRING><ERRORSTRING_EN>Auction is not begin!</ERRORSTRING_EN></XML>')
('2015-03-21 11:30:11.593047', "client 52744103 bid 2 fd_image ack error {'body': '\\r\\n\\r\\n\\r\\n\\r\\n\\r\\n\\r\\n\\r\\n\\r\\n\\r\\n\\r\\n\\r\\n<XML><ERRORCODE>110</ERRORCODE><ERRORSTRING>没有正在举行的拍卖会，请注意拍卖公告！</ERRORSTRING><ERRORSTRING_EN>Auction is not begin!</ERRORSTRING_EN></XML>', 'head': 'Connection: close\\nDate: Sat, 21 Mar 2015 03:30:11 GMT\\nServer: Microsoft-IIS/6.0\\nSet-Cookie: JSESSIONID=27D2188BA532C8A4B821D64B700B82B2; Path=/car\\nContent-Type: text/html;charset=GBK\\nContent-Length: 178\\n\\n', 'status': 200}")
('2015-03-21 11:30:17.656870', 'client 52764591 bid 2 fd_image Timeout')
