('2015-03-21 10:34:25.944395', '\r\n\r\n\r\n\r\n\r\n\r\n\r\n\r\n\r\n\r\n<XML><ERRORCODE>311</ERRORCODE><ERRORSTRING>图像校验码错误！</ERRORSTRING><ERRORSTRING_EN>Image checksum error！</ERRORSTRING_EN></XML>')
('2015-03-21 10:34:25.944447', "client 52274941 bid 0 fd_price ack error {'errcode': '311', 'errstring': '图像校验码错误！'}")
('2015-03-21 10:34:31.818327', 'client 52484890 bid 0 fd_image Timeout')
('2015-03-21 10:34:31.819605', 'client 52459327 bid 0 fd_image Timeout')
('2015-03-21 10:34:31.820652', 'client 52537272 bid 0 fd_image Timeout')
('2015-03-21 10:34:31.821717', 'client 52568443 bid 0 fd_image Timeout')
('2015-03-21 10:34:31.822785', 'client 52588425 bid 0 fd_image Timeout')
('2015-03-21 10:34:39.319798', '\r\n\r\n\r\n\r\n\r\n\r\n\r\n\r\n\r\n\r\n<XML><ERRORCODE>311</ERRORCODE><ERRORSTRING>图像校验码错误！</ERRORSTRING><ERRORSTRING_EN>Image checksum error！</ERRORSTRING_EN></XML>')
('2015-03-21 10:34:39.319850', "client 52274941 bid 0 fd_price ack error {'errcode': '311', 'errstring': '图像校验码错误！'}")
('2015-03-21 10:34:41.303552', '\r\n\r\n\r\n\r\n\r\n\r\n\r\n\r\n\r\n\r\n<XML><ERRORCODE>311</ERRORCODE><ERRORSTRING>图像校验码错误！</ERRORSTRING><ERRORSTRING_EN>Image checksum error！</ERRORSTRING_EN></XML>')
('2015-03-21 10:34:41.303603', "client 52731907 bid 0 fd_price ack error {'errcode': '311', 'errstring': '图像校验码错误！'}")
('2015-03-21 10:34:49.112365', '\r\n\r\n\r\n\r\n\r\n\r\n\r\n\r\n\r\n\r\n<XML><ERRORCODE>311</ERRORCODE><ERRORSTRING>图像校验码错误！</ERRORSTRING><ERRORSTRING_EN>Image checksum error！</ERRORSTRING_EN></XML>')
('2015-03-21 10:34:49.112416', "client 52568443 bid 0 fd_price ack error {'errcode': '311', 'errstring': '图像校验码错误！'}")
('2015-03-21 10:34:49.343500', '\r\n\r\n\r\n\r\n\r\n\r\n\r\n\r\n\r\n\r\n<XML><ERRORCODE>311</ERRORCODE><ERRORSTRING>图像校验码错误！</ERRORSTRING><ERRORSTRING_EN>Image checksum error！</ERRORSTRING_EN></XML>')
('2015-03-21 10:34:49.343552', "client 52537272 bid 0 fd_price ack error {'errcode': '311', 'errstring': '图像校验码错误！'}")
('2015-03-21 10:34:54.167644', 'client 52484890 bid 0 fd_image info channel error')
('2015-03-21 10:34:55.188086', 'client 52588425 bid 0 fd_image info channel error')
('2015-03-21 10:34:55.188398', 'client 52568443 bid 0 fd_image info channel error')
('2015-03-21 10:34:55.188460', 'client 52459327 bid 0 fd_image info channel error')
('2015-03-21 10:35:01.819686', 'client 52484890 bid 0 fd_image Timeout')
('2015-03-21 10:35:01.821462', 'client 52459327 bid 0 fd_image Timeout')
('2015-03-21 10:35:11.688588', '\r\n\r\n\r\n\r\n\r\n\r\n\r\n\r\n\r\n\r\n<XML><ERRORCODE>311</ERRORCODE><ERRORSTRING>图像校验码错误！</ERRORSTRING><ERRORSTRING_EN>Image checksum error！</ERRORSTRING_EN></XML>')
('2015-03-21 10:35:11.688637', "client 52484890 bid 0 fd_price ack error {'errcode': '311', 'errstring': '图像校验码错误！'}")
('2015-03-21 10:35:18.813095', 'client 52731907 bid 0 fd_image Timeout')
('2015-03-21 10:35:44.160505', '\r\n\r\n\r\n\r\n\r\n\r\n\r\n\r\n\r\n\r\n<XML><ERRORCODE>112</ERRORCODE><ERRORSTRING>首次出价时段不能进行修改出价！</ERRORSTRING><ERRORSTRING_EN>Can not modify the bid amount in bid time!</ERRORSTRING_EN></XML>\r\n')
('2015-03-21 10:35:44.160571', "client 52459327 bid 0 fd_price ack error {'errcode': '112', 'errstring': '首次出价时段不能进行修改出价！'}")
('2015-03-21 10:35:48.814666', 'client 52731907 bid 0 fd_image Timeout')
('2015-03-21 10:36:01.619918', 'client 52484890 bid 0 fd_price info channel error')
('2015-03-21 10:36:12.223739', 'client 52484890 bid 0 fd_image Timeout')
('2015-03-21 10:36:16.237530', '\r\n\r\n\r\n\r\n\r\n\r\n\r\n\r\n\r\n\r\n<XML><ERRORCODE>112</ERRORCODE><ERRORSTRING>首次出价时段不能进行修改出价！</ERRORSTRING><ERRORSTRING_EN>Can not modify the bid amount in bid time!</ERRORSTRING_EN></XML>\r\n')
('2015-03-21 10:36:16.237581', "client 52731907 bid 0 fd_price ack error {'errcode': '112', 'errstring': '首次出价时段不能进行修改出价！'}")
('2015-03-21 10:36:35.603566', 'client 52731907 bid 0 fd_image info channel error')
('2015-03-21 10:36:40.913163', 'client 52588425 bid 0 fd_price info channel error')
('2015-03-21 10:36:42.225303', 'client 52484890 bid 0 fd_image Timeout')
('2015-03-21 10:36:53.912718', '\r\n\r\n\r\n\r\n\r\n\r\n\r\n\r\n\r\n\r\n<XML><ERRORCODE>311</ERRORCODE><ERRORSTRING>图像校验码错误！</ERRORSTRING><ERRORSTRING_EN>Image checksum error！</ERRORSTRING_EN></XML>')
('2015-03-21 10:36:53.912769', "client 52588425 bid 0 fd_price ack error {'errcode': '311', 'errstring': '图像校验码错误！'}")
('2015-03-21 10:36:54.808336', '\r\n\r\n\r\n\r\n\r\n\r\n\r\n\r\n\r\n\r\n<XML><ERRORCODE>311</ERRORCODE><ERRORSTRING>图像校验码错误！</ERRORSTRING><ERRORSTRING_EN>Image checksum error！</ERRORSTRING_EN></XML>')
('2015-03-21 10:36:54.808389', "client 52484890 bid 0 fd_price ack error {'errcode': '311', 'errstring': '图像校验码错误！'}")
('2015-03-21 10:36:58.973887', '\r\n\r\n\r\n\r\n\r\n\r\n\r\n\r\n\r\n\r\n<XML><ERRORCODE>112</ERRORCODE><ERRORSTRING>首次出价时段不能进行修改出价！</ERRORSTRING><ERRORSTRING_EN>Can not modify the bid amount in bid time!</ERRORSTRING_EN></XML>\r\n')
('2015-03-21 10:36:58.973935', "client 52484890 bid 0 fd_price ack error {'errcode': '112', 'errstring': '首次出价时段不能进行修改出价！'}")
('2015-03-21 10:37:25.554604', '\r\n\r\n\r\n\r\n\r\n\r\n\r\n\r\n\r\n\r\n<XML><ERRORCODE>311</ERRORCODE><ERRORSTRING>图像校验码错误！</ERRORSTRING><ERRORSTRING_EN>Image checksum error！</ERRORSTRING_EN></XML>')
('2015-03-21 10:37:25.554655', "client 52484890 bid 0 fd_price ack error {'errcode': '311', 'errstring': '图像校验码错误！'}")
('2015-03-21 10:37:26.931496', 'client 52484890 bid 0 fd_image info channel error')
('2015-03-21 10:37:31.155678', 'client 52537272 bid 0 fd_image info channel error')
('2015-03-21 10:38:01.107327', 'client 52459327 bid 0 fd_image info channel error')
('2015-03-21 10:38:05.203745', 'client 52484890 bid 0 fd_image info channel error')
('2015-03-21 10:38:39.507307', 'client 52484890 bid 0 fd_price info channel error')
('2015-03-21 10:38:39.632493', '\r\n\r\n\r\n\r\n\r\n\r\n\r\n\r\n\r\n\r\n<XML><ERRORCODE>311</ERRORCODE><ERRORSTRING>图像校验码错误！</ERRORSTRING><ERRORSTRING_EN>Image checksum error！</ERRORSTRING_EN></XML>')
('2015-03-21 10:38:39.632548', "client 52484890 bid 0 fd_price ack error {'errcode': '311', 'errstring': '图像校验码错误！'}")
('2015-03-21 10:38:44.397940', 'client 52731907 bid 0 fd_price info channel error')
('2015-03-21 10:38:44.522076', '\r\n\r\n\r\n\r\n\r\n\r\n\r\n\r\n\r\n\r\n<XML><ERRORCODE>311</ERRORCODE><ERRORSTRING>图像校验码错误！</ERRORSTRING><ERRORSTRING_EN>Image checksum error！</ERRORSTRING_EN></XML>')
('2015-03-21 10:38:44.522123', "client 52731907 bid 0 fd_price ack error {'errcode': '311', 'errstring': '图像校验码错误！'}")
('2015-03-21 10:39:04.595855', 'client 52459327 bid 0 fd_price info channel error')
('2015-03-21 10:39:04.713944', '\r\n\r\n\r\n\r\n\r\n\r\n\r\n\r\n\r\n\r\n<XML><ERRORCODE>311</ERRORCODE><ERRORSTRING>图像校验码错误！</ERRORSTRING><ERRORSTRING_EN>Image checksum error！</ERRORSTRING_EN></XML>')
('2015-03-21 10:39:04.713995', "client 52459327 bid 0 fd_price ack error {'errcode': '311', 'errstring': '图像校验码错误！'}")
('2015-03-21 10:39:06.644028', 'client 52459327 bid 0 fd_price info channel error')
('2015-03-21 10:39:35.316629', 'client 52484890 bid 0 fd_price info channel error')
('2015-03-21 10:39:35.433408', '\r\n\r\n\r\n\r\n\r\n\r\n\r\n\r\n\r\n\r\n<XML><ERRORCODE>311</ERRORCODE><ERRORSTRING>图像校验码错误！</ERRORSTRING><ERRORSTRING_EN>Image checksum error！</ERRORSTRING_EN></XML>')
('2015-03-21 10:39:35.433458', "client 52484890 bid 0 fd_price ack error {'errcode': '311', 'errstring': '图像校验码错误！'}")
('2015-03-21 10:39:40.948327', 'client 52729888 bid 0 fd_price info channel error')
('2015-03-21 10:39:41.067472', '\r\n\r\n\r\n\r\n\r\n\r\n\r\n\r\n\r\n\r\n<XML><ERRORCODE>311</ERRORCODE><ERRORSTRING>图像校验码错误！</ERRORSTRING><ERRORSTRING_EN>Image checksum error！</ERRORSTRING_EN></XML>')
('2015-03-21 10:39:41.067522', "client 52729888 bid 0 fd_price ack error {'errcode': '311', 'errstring': '图像校验码错误！'}")
('2015-03-21 10:39:41.203822', 'client 52731907 bid 0 fd_price info channel error')
('2015-03-21 10:39:41.316766', '\r\n\r\n\r\n\r\n\r\n\r\n\r\n\r\n\r\n\r\n<XML><ERRORCODE>311</ERRORCODE><ERRORSTRING>图像校验码错误！</ERRORSTRING><ERRORSTRING_EN>Image checksum error！</ERRORSTRING_EN></XML>')
('2015-03-21 10:39:41.316815', "client 52731907 bid 0 fd_price ack error {'errcode': '311', 'errstring': '图像校验码错误！'}")
('2015-03-21 10:39:43.251682', 'client 52731907 bid 0 fd_price info channel error')
('2015-03-21 10:39:50.677118', 'client 52731907 bid 0 fd_price info channel error')
('2015-03-21 10:39:50.788948', '\r\n\r\n\r\n\r\n\r\n\r\n\r\n\r\n\r\n\r\n<XML><ERRORCODE>311</ERRORCODE><ERRORSTRING>图像校验码错误！</ERRORSTRING><ERRORSTRING_EN>Image checksum error！</ERRORSTRING_EN></XML>')
('2015-03-21 10:39:50.788998', "client 52731907 bid 0 fd_price ack error {'errcode': '311', 'errstring': '图像校验码错误！'}")
('2015-03-21 11:30:03.727126', 'client 52459327 bid 2 fd_image Timeout')
('2015-03-21 11:30:03.731977', 'client 52568443 bid 2 fd_image Timeout')
('2015-03-21 11:30:03.733176', 'client 52729888 bid 2 fd_image Timeout')
('2015-03-21 11:30:10.728667', 'client 52459327 bid 2 fd_image Timeout')
('2015-03-21 11:30:10.733244', 'client 52568443 bid 2 fd_image Timeout')
('2015-03-21 11:30:10.734401', 'client 52729888 bid 2 fd_image Timeout')
('2015-03-21 11:30:10.742147', '\r\n\r\n\r\n\r\n\r\n\r\n\r\n\r\n\r\n\r\n\r\n<XML><ERRORCODE>110</ERRORCODE><ERRORSTRING>没有正在举行的拍卖会，请注意拍卖公告！</ERRORSTRING><ERRORSTRING_EN>Auction is not begin!</ERRORSTRING_EN></XML>')
('2015-03-21 11:30:10.742204', "client 52459327 bid 2 fd_image ack error {'body': '\\r\\n\\r\\n\\r\\n\\r\\n\\r\\n\\r\\n\\r\\n\\r\\n\\r\\n\\r\\n\\r\\n<XML><ERRORCODE>110</ERRORCODE><ERRORSTRING>没有正在举行的拍卖会，请注意拍卖公告！</ERRORSTRING><ERRORSTRING_EN>Auction is not begin!</ERRORSTRING_EN></XML>', 'status': 200, 'head': 'Connection: close\\nDate: Sat, 21 Mar 2015 03:30:10 GMT\\nServer: Microsoft-IIS/6.0\\nSet-Cookie: JSESSIONID=1170D0C3B6641733B53207AA3602293B; Path=/car\\nContent-Type: text/html;charset=GBK\\nContent-Length: 178\\n\\n'}")
('2015-03-21 11:30:17.734408', 'client 52568443 bid 2 fd_image Timeout')
('2015-03-21 11:30:17.735734', 'client 52729888 bid 2 fd_image Timeout')
