('2015-03-21 09:55:40.549087', 'client 52723770 login 殷巧玲 310102195502032429')
('2015-03-21 09:55:40.640886', 'client 52715080 login 冯申 310107198005101214')
('2015-03-21 09:55:42.040545', 'client 52592221 login 郭峰 330602197909031532')
('2015-03-21 09:55:42.142267', 'client 52496915 login 潘盈 310227198904101825')
('2015-03-21 09:55:43.539127', 'client 52709835 login 吴泓健 360102198807273816')
('2015-03-21 09:55:43.644235', 'client 52763214 login 王晓英 43050319790619156x')
('2015-03-21 09:55:45.037558', 'client 52498967 login 饶骏 320124197901171417')
('2015-03-21 09:55:45.146995', 'client 52496826 login 韩谦 310110198605013718')
('2015-03-21 10:34:08.417512', 'client 52763214 bid 0 image AD84AB52402804BAE5D64806375567A8 162648 ')
('2015-03-21 10:34:08.439147', 'client 52763214 bid 0 price 73700 王晓英 43050319790619156x')
('2015-03-21 10:34:08.583186', 'client 52496915 bid 0 image 404768B58661098D06D1049A659404A7 062408 ')
('2015-03-21 10:34:10.688632', 'client 52498967 bid 0 image 5405B3EFA7FCDA74E2D3EACF785DB67F 482515 ')
('2015-03-21 10:34:15.556758', 'client 52592221 bid 0 image 0AE1D98CA4439087E91DC89EBDAA024C 638060 ')
('2015-03-21 10:34:42.588521', 'client 52496915 bid 0 price Failed')
('2015-03-21 10:34:42.588682', 'client 52496915 bid 0 failed. Abort.....')
('2015-03-21 10:34:44.696569', 'client 52498967 bid 0 price Failed')
('2015-03-21 10:34:44.696830', 'client 52498967 bid 0 failed. Abort.....')
('2015-03-21 10:34:49.562680', 'client 52592221 bid 0 price Failed')
('2015-03-21 10:34:49.562816', 'client 52592221 bid 0 failed. Abort.....')
('2015-03-21 10:34:54.258354', 'client 52498967 bid 0 image 4F7F623A27C309A4A666BBDE508605C6 284548 ')
('2015-03-21 10:34:54.285053', 'client 52498967 bid 0 price 73700 饶骏 320124197901171417')
('2015-03-21 10:35:14.999274', 'client 52496915 bid 0 image AC142F3B482272FF42795C1B9180D293 191946 ')
('2015-03-21 10:35:16.170200', 'client 52709835 bid 0 image C5F96FCAE4D369EFAF1ACDAF5C41A345 618353 ')
('2015-03-21 10:35:19.647290', 'client 52709835 bid 0 price 73700 吴泓健 360102198807273816')
('2015-03-21 10:35:26.297172', 'client 52715080 bid 0 image E6CB9201E15A8CD61BDC8509855A13BD 619460 ')
('2015-03-21 10:35:29.206539', 'client 52496826 bid 0 image A70926928D82D4408E0C2A07D99855C2 635362 ')
('2015-03-21 10:35:33.418595', 'client 52592221 bid 0 image 3D73172C5E92AA9138D227CD45AD158C 618460 ')
('2015-03-21 10:35:38.036408', 'client 52723770 bid 0 image 99371832C1BAF0E9D73BA6A30E4E4D20 080548 ')
('2015-03-21 10:35:44.518140', 'client 52723770 bid 0 price 73700 殷巧玲 310102195502032429')
('2015-03-21 10:35:49.010866', 'client 52496915 bid 0 price Failed')
('2015-03-21 10:35:49.011020', 'client 52496915 bid 0 failed. Abort.....')
('2015-03-21 10:35:52.789794', 'client 52715080 bid 0 price 73700 冯申 310107198005101214')
('2015-03-21 10:36:03.212357', 'client 52496826 bid 0 price Failed')
('2015-03-21 10:36:03.212509', 'client 52496826 bid 0 failed. Abort.....')
('2015-03-21 10:36:07.424683', 'client 52592221 bid 0 price Failed')
('2015-03-21 10:36:07.424873', 'client 52592221 bid 0 failed. Abort.....')
('2015-03-21 10:36:19.359443', 'client 52496826 bid 0 image 04FA8B77DC0ED35690AEEC9CF4B24098 949281 ')
('2015-03-21 10:36:44.790358', 'client 52592221 bid 0 image 4D69B88A90138CEC36475B020A90025E 494816 ')
('2015-03-21 10:36:45.845926', 'client 52496826 bid 0 price 73700 韩谦 310110198605013718')
('2015-03-21 10:36:46.792441', 'client 52592221 bid 0 price 73700 meet err_112 郭峰 330602197909031532')
('2015-03-21 10:36:54.159408', 'client 52496915 bid 0 image 953C67ACF5694E442D5109DBC79DFE4E 646194 ')
('2015-03-21 10:36:59.303700', 'client 52496915 bid 0 price 73700 潘盈 310227198904101825')
('2015-03-21 10:37:16.792810', 'client 52592221 bid 0 price Failed')
('2015-03-21 10:37:16.792965', 'client 52592221 bid 0 failed. Abort.....')
('2015-03-21 11:29:37.134404', 'client 52709835 bid 1 image 6F42E81FBF90B61D04B5075FF102D358 260916 ')
('2015-03-21 11:29:37.220422', 'client 52592221 bid 1 image 41A6ADE5F82DB6A1479085803622A35D 606064 ')
('2015-03-21 11:29:37.344012', 'client 52496915 bid 1 image 2E8FC985C2C748FD3EC5AD158A8464FC 508484 ')
('2015-03-21 11:29:37.359416', 'client 52763214 bid 1 image 8A13C150C317DD931350A8634F6266D6 192616 ')
('2015-03-21 11:29:37.363461', 'client 52715080 bid 1 image 178995C2A33E06B91E116627656C91E6 260636 ')
('2015-03-21 11:29:37.387828', 'client 52723770 bid 1 image 5817E9B7F4E5F5227BB9B71D1CE85975 846384 ')
('2015-03-21 11:29:37.711985', 'client 52496826 bid 1 image F7F6FCCAE760835374D5BA61033CFEB1 262909 ')
('2015-03-21 11:29:38.536251', 'client 52498967 bid 1 image F21886CB4C26A8E4D3F144C12D41FBAC 194536 ')
('2015-03-21 11:29:56.572670', 'client 52715080 bid 1 cancel')
('2015-03-21 11:29:56.572847', 'client 52715080 bid 1 price Failed')
('2015-03-21 11:29:56.572890', 'client 52715080 bid 1 failed. Abort.....')
('2015-03-21 11:29:56.574010', 'client 52592221 bid 1 cancel')
('2015-03-21 11:29:56.574065', 'client 52592221 bid 1 price Failed')
('2015-03-21 11:29:56.574105', 'client 52592221 bid 1 failed. Abort.....')
('2015-03-21 11:29:56.575010', 'client 52763214 bid 1 cancel')
('2015-03-21 11:29:56.575089', 'client 52763214 bid 1 price Failed')
('2015-03-21 11:29:56.575141', 'client 52763214 bid 1 failed. Abort.....')
('2015-03-21 11:29:56.576318', 'client 52496826 bid 1 cancel')
('2015-03-21 11:29:56.576422', 'client 52496826 bid 1 price Failed')
('2015-03-21 11:29:56.576459', 'client 52496826 bid 1 failed. Abort.....')
('2015-03-21 11:29:56.576783', 'client 52498967 bid 1 cancel')
('2015-03-21 11:29:56.576832', 'client 52498967 bid 1 price Failed')
('2015-03-21 11:29:56.576866', 'client 52498967 bid 1 failed. Abort.....')
('2015-03-21 11:29:56.577323', 'client 52709835 bid 1 cancel')
('2015-03-21 11:29:56.577401', 'client 52709835 bid 1 price Failed')
('2015-03-21 11:29:56.577440', 'client 52709835 bid 1 failed. Abort.....')
('2015-03-21 11:29:56.578661', 'client 52496915 bid 1 cancel')
('2015-03-21 11:29:56.578707', 'client 52496915 bid 1 price Failed')
('2015-03-21 11:29:56.578741', 'client 52496915 bid 1 failed. Abort.....')
('2015-03-21 11:29:56.583494', 'client 52723770 bid 1 cancel')
('2015-03-21 11:29:56.583552', 'client 52723770 bid 1 price Failed')
('2015-03-21 11:29:56.583588', 'client 52723770 bid 1 failed. Abort.....')
('2015-03-21 11:29:56.768456', 'client 52709835 bid 2 image 2B7C89909E1E265F9E1548C226A8F174 809353 ')
('2015-03-21 11:29:57.005475', 'client 52763214 bid 2 image 0D6678D9411B125BBA1C94BA2F93FBA5 626051 ')
('2015-03-21 11:30:08.160659', 'client 52496826 bid 2 image Failed')
('2015-03-21 11:30:08.160736', 'client 52496826 bid 2 failed. Abort.....')
('2015-03-21 11:30:10.602959', 'client 52498967 bid 2 image Failed')
('2015-03-21 11:30:10.603015', 'client 52498967 bid 2 failed. Abort.....')
('2015-03-21 11:30:11.011455', 'client 52763214 bid 2 price Failed')
('2015-03-21 11:30:11.011604', 'client 52763214 bid 2 failed. Abort.....')
('2015-03-21 11:30:11.014929', 'client 52709835 bid 2 price Failed')
('2015-03-21 11:30:11.015009', 'client 52709835 bid 2 failed. Abort.....')
('2015-03-21 11:30:11.614288', 'client 52715080 bid 2 image Failed')
('2015-03-21 11:30:11.614379', 'client 52715080 bid 2 failed. Abort.....')
('2015-03-21 11:30:13.062551', 'client 52723770 bid 2 image Failed')
('2015-03-21 11:30:13.062648', 'client 52723770 bid 2 failed. Abort.....')
('2015-03-21 11:30:13.585377', 'client 52592221 bid 2 image Failed')
('2015-03-21 11:30:13.585425', 'client 52592221 bid 2 failed. Abort.....')
('2015-03-21 11:30:13.588535', 'client 52496915 bid 2 image Failed')
('2015-03-21 11:30:13.588576', 'client 52496915 bid 2 failed. Abort.....')
('2015-03-21 11:30:18.170910', "client 52496826 bids finished. price : ['73700', None, None] . Quit.....")
('2015-03-21 11:30:20.613151', "client 52498967 bids finished. price : ['73700', None, None] . Quit.....")
('2015-03-21 11:30:21.021725', "client 52763214 bids finished. price : ['73700', None, None] . Quit.....")
('2015-03-21 11:30:21.022019', "client 52709835 bids finished. price : ['73700', None, None] . Quit.....")
('2015-03-21 11:30:21.624541', "client 52715080 bids finished. price : ['73700', None, None] . Quit.....")
('2015-03-21 11:30:23.070037', "client 52723770 bids finished. price : ['73700', None, None] . Quit.....")
('2015-03-21 11:30:23.594036', 'client 52592221 bids finished. price : [None, None, None] . Quit.....')
('2015-03-21 11:30:23.597783', "client 52496915 bids finished. price : ['73700', None, None] . Quit.....")
