('2014-12-20 10:34:11.667029', 'client 52493248 bid 0 fd_image Timeout')
('2014-12-20 10:34:11.667547', 'client 52359792 bid 0 fd_image Timeout')
('2014-12-20 10:34:11.670784', 'client 52414509 bid 0 fd_image Timeout')
('2014-12-20 10:34:11.671475', 'client 52468060 bid 0 fd_image Timeout')
('2014-12-20 10:34:11.672364', 'client 52558776 bid 0 fd_image Timeout')
('2014-12-20 10:34:11.673635', 'client 52513327 bid 0 fd_image Timeout')
('2014-12-20 10:34:11.673953', 'client 52484185 bid 0 fd_image Timeout')
('2014-12-20 10:34:11.679311', 'client 52366660 bid 0 fd_image Timeout')
('2014-12-20 10:34:19.921637', '\r\n\r\n\r\n\r\n\r\n\r\n\r\n\r\n\r\n\r\n<XML><ERRORCODE>311</ERRORCODE><ERRORSTRING>图像校验码错误！</ERRORSTRING><ERRORSTRING_EN>Image checksum error！</ERRORSTRING_EN></XML>')
('2014-12-20 10:34:19.921689', "client 52359792 bid 0 fd_price ack error {'errstring': '图像校验码错误！', 'errcode': '311'}")
('2014-12-20 10:34:19.922538', '\r\n\r\n\r\n\r\n\r\n\r\n\r\n\r\n\r\n\r\n<XML><ERRORCODE>311</ERRORCODE><ERRORSTRING>图像校验码错误！</ERRORSTRING><ERRORSTRING_EN>Image checksum error！</ERRORSTRING_EN></XML>')
('2014-12-20 10:34:19.922583', "client 52359792 bid 0 fd_price ack error {'errstring': '图像校验码错误！', 'errcode': '311'}")
('2014-12-20 10:34:19.959562', '\r\n\r\n\r\n\r\n\r\n\r\n\r\n\r\n\r\n\r\n<XML><ERRORCODE>311</ERRORCODE><ERRORSTRING>图像校验码错误！</ERRORSTRING><ERRORSTRING_EN>Image checksum error！</ERRORSTRING_EN></XML>')
('2014-12-20 10:34:19.959671', "client 52493248 bid 0 fd_price ack error {'errstring': '图像校验码错误！', 'errcode': '311'}")
('2014-12-20 10:34:19.961024', '\r\n\r\n\r\n\r\n\r\n\r\n\r\n\r\n\r\n\r\n<XML><ERRORCODE>311</ERRORCODE><ERRORSTRING>图像校验码错误！</ERRORSTRING><ERRORSTRING_EN>Image checksum error！</ERRORSTRING_EN></XML>')
('2014-12-20 10:34:19.961103', "client 52493248 bid 0 fd_price ack error {'errstring': '图像校验码错误！', 'errcode': '311'}")
('2014-12-20 10:34:20.504809', '\r\n\r\n\r\n\r\n\r\n\r\n\r\n\r\n\r\n\r\n<XML><ERRORCODE>311</ERRORCODE><ERRORSTRING>图像校验码错误！</ERRORSTRING><ERRORSTRING_EN>Image checksum error！</ERRORSTRING_EN></XML>')
('2014-12-20 10:34:20.504914', "client 52414509 bid 0 fd_price ack error {'errstring': '图像校验码错误！', 'errcode': '311'}")
('2014-12-20 10:34:20.505765', '\r\n\r\n\r\n\r\n\r\n\r\n\r\n\r\n\r\n\r\n<XML><ERRORCODE>311</ERRORCODE><ERRORSTRING>图像校验码错误！</ERRORSTRING><ERRORSTRING_EN>Image checksum error！</ERRORSTRING_EN></XML>')
('2014-12-20 10:34:20.505811', "client 52414509 bid 0 fd_price ack error {'errstring': '图像校验码错误！', 'errcode': '311'}")
('2014-12-20 10:34:22.150861', '\r\n\r\n\r\n\r\n\r\n\r\n\r\n\r\n\r\n\r\n<XML><ERRORCODE>311</ERRORCODE><ERRORSTRING>图像校验码错误！</ERRORSTRING><ERRORSTRING_EN>Image checksum error！</ERRORSTRING_EN></XML>')
('2014-12-20 10:34:22.150911', "client 52484185 bid 0 fd_price ack error {'errstring': '图像校验码错误！', 'errcode': '311'}")
('2014-12-20 10:34:23.756435', '\r\n\r\n\r\n\r\n\r\n\r\n\r\n\r\n\r\n\r\n<XML><ERRORCODE>311</ERRORCODE><ERRORSTRING>图像校验码错误！</ERRORSTRING><ERRORSTRING_EN>Image checksum error！</ERRORSTRING_EN></XML>')
('2014-12-20 10:34:23.756485', "client 52366660 bid 0 fd_price ack error {'errstring': '图像校验码错误！', 'errcode': '311'}")
('2014-12-20 10:34:31.049887', '\r\n\r\n\r\n\r\n\r\n\r\n\r\n\r\n\r\n\r\n<XML><ERRORCODE>311</ERRORCODE><ERRORSTRING>图像校验码错误！</ERRORSTRING><ERRORSTRING_EN>Image checksum error！</ERRORSTRING_EN></XML>')
('2014-12-20 10:34:31.049936', "client 52558776 bid 0 fd_price ack error {'errstring': '图像校验码错误！', 'errcode': '311'}")
('2014-12-20 10:34:51.445336', '\r\n\r\n\r\n\r\n\r\n\r\n\r\n\r\n\r\n\r\n<XML><ERRORCODE>311</ERRORCODE><ERRORSTRING>图像校验码错误！</ERRORSTRING><ERRORSTRING_EN>Image checksum error！</ERRORSTRING_EN></XML>')
('2014-12-20 10:34:51.445456', "client 52468060 bid 0 fd_price ack error {'errstring': '图像校验码错误！', 'errcode': '311'}")
('2014-12-20 10:34:51.733909', '\r\n\r\n\r\n\r\n\r\n\r\n\r\n\r\n\r\n\r\n<XML><ERRORCODE>311</ERRORCODE><ERRORSTRING>图像校验码错误！</ERRORSTRING><ERRORSTRING_EN>Image checksum error！</ERRORSTRING_EN></XML>')
('2014-12-20 10:34:51.734021', "client 52366660 bid 0 fd_price ack error {'errstring': '图像校验码错误！', 'errcode': '311'}")
('2014-12-20 10:34:57.013979', '\r\n\r\n\r\n\r\n\r\n\r\n\r\n\r\n\r\n\r\n<XML><ERRORCODE>311</ERRORCODE><ERRORSTRING>图像校验码错误！</ERRORSTRING><ERRORSTRING_EN>Image checksum error！</ERRORSTRING_EN></XML>')
('2014-12-20 10:34:57.014064', "client 52558776 bid 0 fd_price ack error {'errstring': '图像校验码错误！', 'errcode': '311'}")
('2014-12-20 10:35:07.756614', 'client 52366660 bid 0 fd_image Timeout')
('2014-12-20 10:35:15.049681', 'client 52558776 bid 0 fd_image Timeout')
('2014-12-20 10:35:17.758175', 'client 52366660 bid 0 fd_image Timeout')
('2014-12-20 10:35:25.051080', 'client 52558776 bid 0 fd_image Timeout')
('2014-12-20 10:35:27.761132', 'client 52366660 bid 0 fd_image Timeout')
('2014-12-20 10:35:28.120477', '\r\n\r\n\r\n\r\n\r\n\r\n\r\n\r\n\r\n\r\n\r\n<XML><ERRORCODE>101</ERRORCODE><ERRORSTRING>您的操作太过频繁，请稍后再试！</ERRORSTRING><ERRORSTRING_EN>Please try again slightly!</ERRORSTRING_EN></XML>')
('2014-12-20 10:35:28.120547', "client 52558776 bid 0 fd_image ack error {'body': '\\r\\n\\r\\n\\r\\n\\r\\n\\r\\n\\r\\n\\r\\n\\r\\n\\r\\n\\r\\n\\r\\n<XML><ERRORCODE>101</ERRORCODE><ERRORSTRING>您的操作太过频繁，请稍后再试！</ERRORSTRING><ERRORSTRING_EN>Please try again slightly!</ERRORSTRING_EN></XML>', 'status': 200, 'head': 'Connection: close\\nDate: Sat, 20 Dec 2014 02:35:28 GMT\\nServer: Microsoft-IIS/6.0\\nSet-Cookie: JSESSIONID=E715CFB21C3E74133E7192E8BDB1675B; Path=/car\\nContent-Type: text/html;charset=GBK\\nContent-Length: 175\\n\\n'}")
('2014-12-20 10:35:30.286889', '\r\n\r\n\r\n\r\n\r\n\r\n\r\n\r\n\r\n\r\n<XML><ERRORCODE>311</ERRORCODE><ERRORSTRING>图像校验码错误！</ERRORSTRING><ERRORSTRING_EN>Image checksum error！</ERRORSTRING_EN></XML>')
('2014-12-20 10:35:30.286972', "client 52359792 bid 0 fd_price ack error {'errstring': '图像校验码错误！', 'errcode': '311'}")
('2014-12-20 10:35:34.101945', '\r\n\r\n\r\n\r\n\r\n\r\n\r\n\r\n\r\n\r\n<XML><ERRORCODE>311</ERRORCODE><ERRORSTRING>图像校验码错误！</ERRORSTRING><ERRORSTRING_EN>Image checksum error！</ERRORSTRING_EN></XML>')
('2014-12-20 10:35:34.102077', "client 52484185 bid 0 fd_price ack error {'errstring': '图像校验码错误！', 'errcode': '311'}")
('2014-12-20 10:35:36.277120', '\r\n\r\n\r\n\r\n\r\n\r\n\r\n\r\n\r\n\r\n<XML><ERRORCODE>311</ERRORCODE><ERRORSTRING>图像校验码错误！</ERRORSTRING><ERRORSTRING_EN>Image checksum error！</ERRORSTRING_EN></XML>')
('2014-12-20 10:35:36.277193', "client 52366660 bid 0 fd_price ack error {'errstring': '图像校验码错误！', 'errcode': '311'}")
('2014-12-20 10:35:38.124245', 'client 52558776 bid 0 fd_image Timeout')
('2014-12-20 10:35:48.125856', 'client 52558776 bid 0 fd_image Timeout')
('2014-12-20 10:35:58.128164', 'client 52558776 bid 0 fd_image Timeout')
('2014-12-20 10:36:05.237371', '\r\n\r\n\r\n\r\n\r\n\r\n\r\n\r\n\r\n\r\n<XML><ERRORCODE>311</ERRORCODE><ERRORSTRING>图像校验码错误！</ERRORSTRING><ERRORSTRING_EN>Image checksum error！</ERRORSTRING_EN></XML>')
('2014-12-20 10:36:05.237431', "client 52493248 bid 0 fd_price ack error {'errstring': '图像校验码错误！', 'errcode': '311'}")
('2014-12-20 10:36:06.390013', '\r\n\r\n\r\n\r\n\r\n\r\n\r\n\r\n\r\n\r\n<XML><ERRORCODE>311</ERRORCODE><ERRORSTRING>图像校验码错误！</ERRORSTRING><ERRORSTRING_EN>Image checksum error！</ERRORSTRING_EN></XML>')
('2014-12-20 10:36:06.390064', "client 52359792 bid 0 fd_price ack error {'errstring': '图像校验码错误！', 'errcode': '311'}")
('2014-12-20 10:36:06.646438', '\r\n\r\n\r\n\r\n\r\n\r\n\r\n\r\n\r\n\r\n<XML><ERRORCODE>311</ERRORCODE><ERRORSTRING>图像校验码错误！</ERRORSTRING><ERRORSTRING_EN>Image checksum error！</ERRORSTRING_EN></XML>')
('2014-12-20 10:36:06.646496', "client 52484185 bid 0 fd_price ack error {'errstring': '图像校验码错误！', 'errcode': '311'}")
('2014-12-20 10:36:06.647574', '\r\n\r\n\r\n\r\n\r\n\r\n\r\n\r\n\r\n\r\n<XML><ERRORCODE>311</ERRORCODE><ERRORSTRING>图像校验码错误！</ERRORSTRING><ERRORSTRING_EN>Image checksum error！</ERRORSTRING_EN></XML>')
('2014-12-20 10:36:06.647621', "client 52513327 bid 0 fd_price ack error {'errstring': '图像校验码错误！', 'errcode': '311'}")
('2014-12-20 10:36:07.028499', '\r\n\r\n\r\n\r\n\r\n\r\n\r\n\r\n\r\n\r\n<XML><ERRORCODE>311</ERRORCODE><ERRORSTRING>图像校验码错误！</ERRORSTRING><ERRORSTRING_EN>Image checksum error！</ERRORSTRING_EN></XML>')
('2014-12-20 10:36:07.028555', "client 52414509 bid 0 fd_price ack error {'errstring': '图像校验码错误！', 'errcode': '311'}")
('2014-12-20 10:36:08.129982', 'client 52558776 bid 0 fd_image Timeout')
('2014-12-20 10:36:08.181934', '\r\n\r\n\r\n\r\n\r\n\r\n\r\n\r\n\r\n\r\n<XML><ERRORCODE>311</ERRORCODE><ERRORSTRING>图像校验码错误！</ERRORSTRING><ERRORSTRING_EN>Image checksum error！</ERRORSTRING_EN></XML>')
('2014-12-20 10:36:08.182019', "client 52366660 bid 0 fd_price ack error {'errstring': '图像校验码错误！', 'errcode': '311'}")
('2014-12-20 10:36:15.188803', '\r\n\r\n\r\n\r\n\r\n\r\n\r\n\r\n\r\n\r\n<XML><ERRORCODE>311</ERRORCODE><ERRORSTRING>图像校验码错误！</ERRORSTRING><ERRORSTRING_EN>Image checksum error！</ERRORSTRING_EN></XML>')
('2014-12-20 10:36:15.188851', "client 52558776 bid 0 fd_price ack error {'errstring': '图像校验码错误！', 'errcode': '311'}")
('2014-12-20 10:36:41.140856', '\r\n\r\n\r\n\r\n\r\n\r\n\r\n\r\n\r\n\r\n<XML><ERRORCODE>311</ERRORCODE><ERRORSTRING>图像校验码错误！</ERRORSTRING><ERRORSTRING_EN>Image checksum error！</ERRORSTRING_EN></XML>')
('2014-12-20 10:36:41.140908', "client 52558776 bid 0 fd_price ack error {'errstring': '图像校验码错误！', 'errcode': '311'}")
('2014-12-20 10:36:59.180613', 'client 52558776 bid 0 fd_image Timeout')
('2014-12-20 10:37:09.183107', 'client 52558776 bid 0 fd_image Timeout')
('2014-12-20 10:37:19.184690', 'client 52558776 bid 0 fd_image Timeout')
('2014-12-20 10:37:19.541227', '\r\n\r\n\r\n\r\n\r\n\r\n\r\n\r\n\r\n\r\n<XML><ERRORCODE>311</ERRORCODE><ERRORSTRING>图像校验码错误！</ERRORSTRING><ERRORSTRING_EN>Image checksum error！</ERRORSTRING_EN></XML>')
('2014-12-20 10:37:19.541316', "client 52366660 bid 0 fd_price ack error {'errstring': '图像校验码错误！', 'errcode': '311'}")
('2014-12-20 10:37:45.685887', 'client 52558776 bid 0 fd_price info channel error')
('2014-12-20 10:37:55.161606', 'client 52414509 bid 0 fd_price info channel error')
('2014-12-20 10:37:55.268816', '\r\n\r\n\r\n\r\n\r\n\r\n\r\n\r\n\r\n\r\n<XML><ERRORCODE>311</ERRORCODE><ERRORSTRING>图像校验码错误！</ERRORSTRING><ERRORSTRING_EN>Image checksum error！</ERRORSTRING_EN></XML>')
('2014-12-20 10:37:55.268866', "client 52414509 bid 0 fd_price ack error {'errstring': '图像校验码错误！', 'errcode': '311'}")
('2014-12-20 10:37:58.677674', '\r\n\r\n\r\n\r\n\r\n\r\n\r\n\r\n\r\n\r\n<XML><ERRORCODE>311</ERRORCODE><ERRORSTRING>图像校验码错误！</ERRORSTRING><ERRORSTRING_EN>Image checksum error！</ERRORSTRING_EN></XML>')
('2014-12-20 10:37:58.677727', "client 52558776 bid 0 fd_price ack error {'errstring': '图像校验码错误！', 'errcode': '311'}")
('2014-12-20 10:38:17.910517', '\r\n\r\n\r\n\r\n\r\n\r\n\r\n\r\n\r\n\r\n<XML><ERRORCODE>311</ERRORCODE><ERRORSTRING>图像校验码错误！</ERRORSTRING><ERRORSTRING_EN>Image checksum error！</ERRORSTRING_EN></XML>')
('2014-12-20 10:38:17.910562', "client 52558776 bid 0 fd_price ack error {'errstring': '图像校验码错误！', 'errcode': '311'}")
('2014-12-20 10:38:33.942639', '\r\n\r\n\r\n\r\n\r\n\r\n\r\n\r\n\r\n\r\n<XML><ERRORCODE>311</ERRORCODE><ERRORSTRING>图像校验码错误！</ERRORSTRING><ERRORSTRING_EN>Image checksum error！</ERRORSTRING_EN></XML>')
('2014-12-20 10:38:33.942754', "client 52558776 bid 0 fd_price ack error {'errstring': '图像校验码错误！', 'errcode': '311'}")
('2014-12-20 10:38:49.966147', 'client 52558776 bid 0 fd_image Timeout')
('2014-12-20 10:38:59.968072', 'client 52558776 bid 0 fd_image Timeout')
('2014-12-20 10:39:09.970594', 'client 52558776 bid 0 fd_image Timeout')
('2014-12-20 10:39:10.199003', '\r\n\r\n\r\n\r\n\r\n\r\n\r\n\r\n\r\n\r\n<XML><ERRORCODE>311</ERRORCODE><ERRORSTRING>图像校验码错误！</ERRORSTRING><ERRORSTRING_EN>Image checksum error！</ERRORSTRING_EN></XML>')
('2014-12-20 10:39:10.199111', "client 52558776 bid 0 fd_price ack error {'errstring': '图像校验码错误！', 'errcode': '311'}")
('2014-12-20 10:39:26.362287', 'client 52558776 bid 0 fd_image info channel error')
('2014-12-20 10:39:27.335809', 'client 52558776 bid 0 fd_image info channel error')
('2014-12-20 10:39:29.305502', '\r\n\r\n\r\n\r\n\r\n\r\n\r\n\r\n\r\n\r\n<XML><ERRORCODE>311</ERRORCODE><ERRORSTRING>图像校验码错误！</ERRORSTRING><ERRORSTRING_EN>Image checksum error！</ERRORSTRING_EN></XML>')
('2014-12-20 10:39:29.305555', "client 52558776 bid 0 fd_price ack error {'errstring': '图像校验码错误！', 'errcode': '311'}")
('2014-12-20 10:39:50.389234', '\r\n\r\n\r\n\r\n\r\n\r\n\r\n\r\n\r\n\r\n<XML><ERRORCODE>311</ERRORCODE><ERRORSTRING>图像校验码错误！</ERRORSTRING><ERRORSTRING_EN>Image checksum error！</ERRORSTRING_EN></XML>')
('2014-12-20 10:39:50.389286', "client 52558776 bid 0 fd_price ack error {'errstring': '图像校验码错误！', 'errcode': '311'}")
('2014-12-20 10:40:10.690366', 'client 52558776 bid 0 fd_image Timeout')
('2014-12-20 10:40:20.692278', 'client 52558776 bid 0 fd_image Timeout')
('2014-12-20 10:40:30.695876', 'client 52558776 bid 0 fd_image Timeout')
('2014-12-20 10:41:04.018276', 'client 52558776 bid 0 fd_price info channel error')
('2014-12-20 10:41:04.127103', '\r\n\r\n\r\n\r\n\r\n\r\n\r\n\r\n\r\n\r\n<XML><ERRORCODE>311</ERRORCODE><ERRORSTRING>图像校验码错误！</ERRORSTRING><ERRORSTRING_EN>Image checksum error！</ERRORSTRING_EN></XML>')
('2014-12-20 10:41:04.127162', "client 52558776 bid 0 fd_price ack error {'errstring': '图像校验码错误！', 'errcode': '311'}")
('2014-12-20 11:29:52.525779', 'client 52414509 bid 1 fd_price status 503')
('2014-12-20 11:29:53.701463', 'client 52366660 bid 1 fd_price status 503')
('2014-12-20 11:29:54.061994', '\r\n\r\n\r\n\r\n\r\n\r\n\r\n\r\n\r\n\r\n<XML><ERRORCODE>311</ERRORCODE><ERRORSTRING>图像校验码错误！</ERRORSTRING><ERRORSTRING_EN>Image checksum error！</ERRORSTRING_EN></XML>')
('2014-12-20 11:29:54.062052', "client 52493248 bid 1 fd_price ack error {'errstring': '图像校验码错误！', 'errcode': '311'}")
('2014-12-20 11:29:54.099662', '\r\n\r\n\r\n\r\n\r\n\r\n\r\n\r\n\r\n\r\n<XML><ERRORCODE>311</ERRORCODE><ERRORSTRING>图像校验码错误！</ERRORSTRING><ERRORSTRING_EN>Image checksum error！</ERRORSTRING_EN></XML>')
('2014-12-20 11:29:54.099760', "client 52513327 bid 1 fd_price ack error {'errstring': '图像校验码错误！', 'errcode': '311'}")
('2014-12-20 11:29:54.522586', 'client 52484185 bid 1 fd_image Timeout')
('2014-12-20 11:29:54.525911', 'client 52359792 bid 1 fd_image Timeout')
('2014-12-20 11:29:54.531392', 'client 52558776 bid 1 fd_image Timeout')
('2014-12-20 11:29:54.533211', 'client 52468060 bid 1 fd_image Timeout')
('2014-12-20 11:29:56.087073', 'client 52359792 bid 1 fd_price status 503')
('2014-12-20 11:29:56.212324', 'client 52484185 bid 1 fd_price status 503')
('2014-12-20 11:29:58.532876', 'client 52558776 bid 1 fd_image Timeout')
('2014-12-20 11:29:58.534990', 'client 52468060 bid 1 fd_image Timeout')
('2014-12-20 11:29:59.014236', 'client 52493248 bid 2 fd_image Timeout')
('2014-12-20 11:29:59.014795', 'client 52513327 bid 2 fd_image Timeout')
('2014-12-20 11:30:00.777641', '\r\n\r\n\r\n\r\n\r\n\r\n\r\n\r\n\r\n\r\n<XML><ERRORCODE>110</ERRORCODE><ERRORSTRING>没有正在举行的拍卖会，请注意拍卖公告！</ERRORSTRING><ERRORSTRING_EN>Auction is not begin!</ERRORSTRING_EN></XML>\r\n')
('2014-12-20 11:30:00.777695', "client 52414509 bid 2 fd_price ack error {'errstring': '没有正在举行的拍卖会，请注意拍卖公告！', 'errcode': '110'}")
('2014-12-20 11:30:00.824125', '\r\n\r\n\r\n\r\n\r\n\r\n\r\n\r\n\r\n\r\n<XML><ERRORCODE>110</ERRORCODE><ERRORSTRING>没有正在举行的拍卖会，请注意拍卖公告！</ERRORSTRING><ERRORSTRING_EN>Auction is not begin!</ERRORSTRING_EN></XML>\r\n')
('2014-12-20 11:30:00.824177', "client 52366660 bid 2 fd_price ack error {'errstring': '没有正在举行的拍卖会，请注意拍卖公告！', 'errcode': '110'}")
('2014-12-20 11:30:01.459839', '\r\n\r\n\r\n\r\n\r\n\r\n\r\n\r\n\r\n\r\n<XML><ERRORCODE>311</ERRORCODE><ERRORSTRING>图像校验码错误！</ERRORSTRING><ERRORSTRING_EN>Image checksum error！</ERRORSTRING_EN></XML>')
('2014-12-20 11:30:01.459978', "client 52414509 bid 2 fd_price ack error {'errstring': '图像校验码错误！', 'errcode': '311'}")
('2014-12-20 11:30:02.017232', 'client 52493248 bid 2 fd_image Timeout')
('2014-12-20 11:30:02.017728', 'client 52513327 bid 2 fd_image Timeout')
('2014-12-20 11:30:02.028581', '\r\n\r\n\r\n\r\n\r\n\r\n\r\n\r\n\r\n\r\n\r\n<XML><ERRORCODE>110</ERRORCODE><ERRORSTRING>没有正在举行的拍卖会，请注意拍卖公告！</ERRORSTRING><ERRORSTRING_EN>Auction is not begin!</ERRORSTRING_EN></XML>')
('2014-12-20 11:30:02.028641', "client 52493248 bid 2 fd_image ack error {'body': '\\r\\n\\r\\n\\r\\n\\r\\n\\r\\n\\r\\n\\r\\n\\r\\n\\r\\n\\r\\n\\r\\n<XML><ERRORCODE>110</ERRORCODE><ERRORSTRING>没有正在举行的拍卖会，请注意拍卖公告！</ERRORSTRING><ERRORSTRING_EN>Auction is not begin!</ERRORSTRING_EN></XML>', 'status': 200, 'head': 'Connection: close\\nDate: Sat, 20 Dec 2014 03:30:02 GMT\\nServer: Microsoft-IIS/6.0\\nSet-Cookie: JSESSIONID=77A081355572B021A55A4290E1B175CF; Path=/car\\nContent-Type: text/html;charset=GBK\\nContent-Length: 178\\n\\n'}")
('2014-12-20 11:30:02.534768', 'client 52558776 bid 1 fd_image Timeout')
('2014-12-20 11:30:02.536842', 'client 52468060 bid 1 fd_image Timeout')
('2014-12-20 11:30:05.020544', 'client 52513327 bid 2 fd_image Timeout')
