('2014-12-20 09:48:16.024627', 'client 52506384 login 刘廷尧 220625198710113059')
('2014-12-20 09:48:16.104937', 'client 52518553 login 夏立江 320830197607012613')
('2014-12-20 09:48:18.017964', 'client 52364154 login 庞礼俊 310107197704244017')
('2014-12-20 09:48:18.207368', 'client 52493078 login 林晶晶 330327198508120222')
('2014-12-20 09:48:20.021529', 'client 52423423 login 张晓龙 370204196710220831')
('2014-12-20 09:48:20.311222', 'client 52450088 login 王伟 310101197311173213')
('2014-12-20 09:48:22.020364', 'client 52324496 login 张致远 330204197711252015')
('2014-12-20 09:48:22.114944', 'client 52380807 login 章诚 31011419830618001x')
('2014-12-20 10:34:11.079425', 'client 52364154 bid 0 image 2F7C21468E9FE5DB3A57D16B4478DD8C 528364 ')
('2014-12-20 10:34:11.093977', 'client 52364154 bid 0 price 72600 庞礼俊 310107197704244017')
('2014-12-20 10:34:17.484074', 'client 52423423 bid 0 image A0574CEEB09F87C5E082A29F0E79E447 946061 ')
('2014-12-20 10:34:17.494952', 'client 52423423 bid 0 price 72600 张晓龙 370204196710220831')
('2014-12-20 10:34:18.933003', 'client 52493078 bid 0 image D1AC7B25F6F998D129010B62310D72D9 635252 ')
('2014-12-20 10:34:18.947258', 'client 52493078 bid 0 price 72600 林晶晶 330327198508120222')
('2014-12-20 10:34:20.547998', 'client 52506384 bid 0 image 690343B2A54A6C69BCBB548DDB7F11F3 291526 ')
('2014-12-20 10:34:20.560887', 'client 52506384 bid 0 price 72600 刘廷尧 220625198710113059')
('2014-12-20 10:34:25.258004', 'client 52380807 bid 0 image F7665D6585FD7C88A25D64F3511F6AA3 181639 ')
('2014-12-20 10:34:25.271542', 'client 52380807 bid 0 price 72600 章诚 31011419830618001x')
('2014-12-20 10:34:31.613414', 'client 52324496 bid 0 image 5E0AD91412B9BE3B67F394A144468632 084946 ')
('2014-12-20 10:34:31.615256', 'client 52450088 bid 0 image 798E6BFFB6FB5BB56C3D6402A33D1F11 064915 ')
('2014-12-20 10:34:31.616850', 'client 52518553 bid 0 image 9460B3F19527D467EB83C785F52BFBEB 083546 ')
('2014-12-20 10:34:31.626727', 'client 52324496 bid 0 price 72600 张致远 330204197711252015')
('2014-12-20 10:34:31.629209', 'client 52450088 bid 0 price 72600 王伟 310101197311173213')
('2014-12-20 10:34:31.630806', 'client 52518553 bid 0 price 72600 夏立江 320830197607012613')
('2014-12-20 11:29:41.117649', 'client 52506384 bid 1 image B29B3E3A58B9760B9D791E7C6226FE0A 163628 ')
('2014-12-20 11:29:41.181123', 'client 52493078 bid 1 image 1CDAB14F9BF633353324DB508933C34B 163626 ')
('2014-12-20 11:29:41.207734', 'client 52380807 bid 1 image B5D3362C907A29F202DCB23319DAEBE6 183638 ')
('2014-12-20 11:29:41.241236', 'client 52518553 bid 1 image 0A4AC0090F31A4C113054518BB5BEA4B 360649 ')
('2014-12-20 11:29:41.318190', 'client 52364154 bid 1 image 07E5A1507B30887A7E2B520B75E668B0 545290 ')
('2014-12-20 11:29:41.471700', 'client 52324496 bid 1 image BDBC661D1FA349C3733501E9585D7D29 183846 ')
('2014-12-20 11:29:45.379635', 'client 52423423 bid 1 image 2947297B50A5F81D2F7DDE670EF8AE10 364645 ')
('2014-12-20 11:29:47.228020', 'client 52380807 bid 1 price 73500 章诚 31011419830618001x')
('2014-12-20 11:29:47.618255', 'client 52518553 bid 1 price 73500 夏立江 320830197607012613')
('2014-12-20 11:29:49.379089', 'client 52364154 bid 1 price 73500 庞礼俊 310107197704244017')
('2014-12-20 11:29:49.816104', 'client 52423423 bid 1 price 73500 张晓龙 370204196710220831')
('2014-12-20 11:29:50.250267', 'client 52506384 bid 1 price 73500 刘廷尧 220625198710113059')
('2014-12-20 11:29:50.260786', 'client 52493078 bid 1 price 73500 林晶晶 330327198508120222')
('2014-12-20 11:29:50.638563', 'client 52324496 bid 1 price 73500 张致远 330204197711252015')
('2014-12-20 11:29:53.035655', 'client 52450088 bid 1 image Failed')
('2014-12-20 11:29:53.035748', 'client 52450088 bid 1 failed. Abort.....')
('2014-12-20 11:29:56.281201', 'client 52324496 bid 2 image 9864377E3394DE3419586BE68836B281 508262 ')
('2014-12-20 11:29:56.912606', 'client 52506384 bid 2 image 7CBC459347071310840B65265419B128 615262 ')
('2014-12-20 11:29:56.967196', 'client 52364154 bid 2 image 3C10E3316A93AA5B62F707EF0040DD96 153645 ')
('2014-12-20 11:29:57.717423', 'client 52518553 bid 2 image AA9B5DEC7DFEDC2F64299AB4A287932B 053626 ')
('2014-12-20 11:29:57.739421', 'client 52493078 bid 2 image F78706B60EAF6269E2E8C7734CD79F66 936293 ')
('2014-12-20 11:29:58.539435', 'client 52506384 bid 2 price 73800 刘廷尧 220625198710113059')
('2014-12-20 11:29:59.156633', 'client 52493078 bid 2 price 73800 林晶晶 330327198508120222')
('2014-12-20 11:29:59.294455', 'client 52518553 bid 2 price 73800 夏立江 320830197607012613')
('2014-12-20 11:29:59.314379', 'client 52450088 bid 2 image CECC941A366FECA1214782E72E9785C0 261606 ')
('2014-12-20 11:29:59.449456', 'client 52423423 bid 2 image 4D6221EA492B8A665370EF0F6E5FAABF 949260 ')
('2014-12-20 11:30:02.191887', 'client 52380807 bid 2 image Failed')
('2014-12-20 11:30:02.191939', 'client 52380807 bid 2 failed. Abort.....')
('2014-12-20 11:30:08.549695', "client 52506384 bids finished. price : ['72600', '73500', '73800'] . Quit.....")
('2014-12-20 11:30:09.163473', "client 52493078 bids finished. price : ['72600', '73500', '73800'] . Quit.....")
('2014-12-20 11:30:09.304742', "client 52518553 bids finished. price : ['72600', '73500', '73800'] . Quit.....")
('2014-12-20 11:30:10.288893', 'client 52324496 bid 2 price Failed')
('2014-12-20 11:30:10.289123', 'client 52324496 bid 2 failed. Abort.....')
('2014-12-20 11:30:10.975520', 'client 52364154 bid 2 price Failed')
('2014-12-20 11:30:10.975735', 'client 52364154 bid 2 failed. Abort.....')
('2014-12-20 11:30:11.320036', 'client 52450088 bid 2 price Failed')
('2014-12-20 11:30:11.320317', 'client 52450088 bid 2 failed. Abort.....')
('2014-12-20 11:30:11.455006', 'client 52423423 bid 2 price Failed')
('2014-12-20 11:30:11.455216', 'client 52423423 bid 2 failed. Abort.....')
('2014-12-20 11:30:12.198289', "client 52380807 bids finished. price : ['72600', '73500', None] . Quit.....")
('2014-12-20 11:30:20.299434', "client 52324496 bids finished. price : ['72600', '73500', None] . Quit.....")
('2014-12-20 11:30:20.986027', "client 52364154 bids finished. price : ['72600', '73500', None] . Quit.....")
('2014-12-20 11:30:21.330620', "client 52450088 bids finished. price : ['72600', None, None] . Quit.....")
('2014-12-20 11:30:21.465503', "client 52423423 bids finished. price : ['72600', '73500', None] . Quit.....")
