('2014-12-20 09:48:06.032252', 'client 52411707 login 王? 310106198901270853')
('2014-12-20 09:48:06.165037', 'client 52401967 login 李锋 310229198611260016')
('2014-12-20 09:48:08.017760', 'client 52498776 login 周汉 420500195901100059')
('2014-12-20 09:48:08.267887', 'client 52411643 login 钟健 310107198404031751')
('2014-12-20 09:48:10.017795', 'client 52454172 login 张志华 320219198111141052')
('2014-12-20 09:48:10.072236', 'client 52502960 login 李文浩 370403198711166113')
('2014-12-20 09:48:12.016756', 'client 52529553 login 李久权 220182197803157814')
('2014-12-20 09:48:12.173962', 'client 52450712 login 张红卫 310224196709153824')
('2014-12-20 10:34:07.401134', 'client 52401967 bid 0 image 3219D1C4793D49327FA66788A14A0435 618364 ')
('2014-12-20 10:34:07.417933', 'client 52401967 bid 0 price 72600 李锋 310229198611260016')
('2014-12-20 10:34:08.502781', 'client 52529553 bid 0 image 21A4760FF8867617D251DD9E3FB29583 261546 ')
('2014-12-20 10:34:08.519636', 'client 52529553 bid 0 price 72600 李久权 220182197803157814')
('2014-12-20 10:34:09.814665', 'client 52498776 bid 0 image 8B32135D33D5695CA805B9031F1515C1 616362 ')
('2014-12-20 10:34:09.831332', 'client 52498776 bid 0 price 72600 周汉 420500195901100059')
('2014-12-20 10:34:10.577057', 'client 52450712 bid 0 image BACCCA827DB80144D37CF0743AA41A3D 849160 ')
('2014-12-20 10:34:10.789313', 'client 52450712 bid 0 price 72600 张红卫 310224196709153824')
('2014-12-20 10:34:11.799522', 'client 52411643 bid 0 image CB21205A9F5F96D9246FA77F9635D973 616062 ')
('2014-12-20 10:34:11.818800', 'client 52411643 bid 0 price 72600 钟健 310107198404031751')
('2014-12-20 10:34:17.329801', 'client 52454172 bid 0 image 71A6EE889B6BF4AF931D1D11A5C76120 625274 ')
('2014-12-20 10:34:17.567722', 'client 52502960 bid 0 image FDD6172DFD4586E12E2CDBB9775823B9 391629 ')
('2014-12-20 10:34:17.586820', 'client 52502960 bid 0 price 72600 李文浩 370403198711166113')
('2014-12-20 10:34:29.830787', 'client 52411707 bid 0 image 56BAB5E37FF73C51E3CAB6BA7ACE610D 925094 ')
('2014-12-20 10:34:29.846474', 'client 52411707 bid 0 price 72600 王? 310106198901270853')
('2014-12-20 10:34:51.339642', 'client 52454172 bid 0 price Failed')
('2014-12-20 10:34:51.339833', 'client 52454172 bid 0 failed. Abort.....')
('2014-12-20 10:34:58.106432', 'client 52454172 bid 0 image 3DDC10BC692B9958D0E2657F1160B28D 819062 ')
('2014-12-20 10:34:58.122515', 'client 52454172 bid 0 price 72600 张志华 320219198111141052')
('2014-12-20 11:29:41.464199', 'client 52401967 bid 1 image 1ED0E9FCBE4C829AA5E895592745C77D 826394 ')
('2014-12-20 11:29:41.922013', 'client 52411707 bid 1 image 24CC8964EAE04E07D80AF95C2ED51E5E 250929 ')
('2014-12-20 11:29:41.964321', 'client 52529553 bid 1 image C96487A8EF08407879C2DB59001239BF 462906 ')
('2014-12-20 11:29:41.975921', 'client 52502960 bid 1 image 8178AE5364601D6E5340A0F745071B90 836380 ')
('2014-12-20 11:29:45.265869', 'client 52450712 bid 1 image 5BD01DDD18E06E1768645F007C4C396A 849151 ')
('2014-12-20 11:29:45.379561', 'client 52454172 bid 1 image 8228C999ED4A74DD8C6F443FBEF5A982 946364 ')
('2014-12-20 11:29:45.894844', 'client 52411643 bid 1 image 79E2BBEF4E312360FD1546FE43B34D80 062626 ')
('2014-12-20 11:29:46.574345', 'client 52502960 bid 1 price 73500 李文浩 370403198711166113')
('2014-12-20 11:29:46.637361', 'client 52498776 bid 1 image CAFC62F2BC1F32EF10FEF320E70BC620 150646 ')
('2014-12-20 11:29:46.660769', 'client 52498776 bid 1 price 73500 周汉 420500195901100059')
('2014-12-20 11:29:46.774268', 'client 52450712 bid 1 price 73500 张红卫 310224196709153824')
('2014-12-20 11:29:46.776681', 'client 52411643 bid 1 price 73500 钟健 310107198404031751')
('2014-12-20 11:29:46.791915', 'client 52411707 bid 1 price 73500 王? 310106198901270853')
('2014-12-20 11:29:46.819215', 'client 52401967 bid 1 price 73500 李锋 310229198611260016')
('2014-12-20 11:29:46.830035', 'client 52454172 bid 1 price 73500 张志华 320219198111141052')
('2014-12-20 11:29:46.863162', 'client 52529553 bid 1 price 73500 李久权 220182197803157814')
('2014-12-20 11:29:50.866744', 'client 52502960 bid 2 image 8B12308F8B67D308AEB3F0D37F61BB19 382625 ')
('2014-12-20 11:29:51.122408', 'client 52450712 bid 2 image 247BD9D99AFDB37C436003140342EE50 625480 ')
('2014-12-20 11:29:51.301409', 'client 52529553 bid 2 image 822AEF9A3B3DC7858C8F944E333971A6 194536 ')
('2014-12-20 11:29:52.208408', 'client 52411707 bid 2 image 5EA99962C82F7FDB99E4CB33200EDC6E 838161 ')
('2014-12-20 11:29:52.305630', 'client 52498776 bid 2 image 1CDB94C89CF48E7E551624847E721223 493928 ')
('2014-12-20 11:29:54.040382', 'client 52401967 bid 2 image 7BC27B6230AAA19CE6B5E5525A3EDD20 284529 ')
('2014-12-20 11:29:54.540300', 'client 52529553 bid 2 price 73700 李久权 220182197803157814')
('2014-12-20 11:29:55.198289', 'client 52411643 bid 2 image C4A00A5DDCA54C2338B0558FE6D2C34C 808382 ')
('2014-12-20 11:29:55.204296', 'client 52454172 bid 2 image 5450C1FA65A02BEAC5A0EA252BCBC8DA 838052 ')
('2014-12-20 11:29:55.607441', 'client 52498776 bid 2 price 73700 周汉 420500195901100059')
('2014-12-20 11:29:55.651639', 'client 52450712 bid 2 price 73700 张红卫 310224196709153824')
('2014-12-20 11:29:55.744747', 'client 52502960 bid 2 price 73700 李文浩 370403198711166113')
('2014-12-20 11:29:56.849183', 'client 52411643 bid 2 price 73700 钟健 310107198404031751')
('2014-12-20 11:29:56.866739', 'client 52454172 bid 2 price 73700 张志华 320219198111141052')
('2014-12-20 11:30:04.546675', "client 52529553 bids finished. price : ['72600', '73500', '73700'] . Quit.....")
('2014-12-20 11:30:05.617662', "client 52498776 bids finished. price : ['72600', '73500', '73700'] . Quit.....")
('2014-12-20 11:30:05.661886', "client 52450712 bids finished. price : ['72600', '73500', '73700'] . Quit.....")
('2014-12-20 11:30:05.748946', "client 52502960 bids finished. price : ['72600', '73500', '73700'] . Quit.....")
('2014-12-20 11:30:06.859471', "client 52411643 bids finished. price : ['72600', '73500', '73700'] . Quit.....")
('2014-12-20 11:30:06.876972', "client 52454172 bids finished. price : ['72600', '73500', '73700'] . Quit.....")
('2014-12-20 11:30:08.053255', 'client 52411707 bid 2 price Failed')
('2014-12-20 11:30:08.053442', 'client 52411707 bid 2 failed. Abort.....')
('2014-12-20 11:30:08.062356', 'client 52401967 bid 2 price Failed')
('2014-12-20 11:30:08.062491', 'client 52401967 bid 2 failed. Abort.....')
('2014-12-20 11:30:18.063647', "client 52411707 bids finished. price : ['72600', '73500', None] . Quit.....")
('2014-12-20 11:30:18.071215', "client 52401967 bids finished. price : ['72600', '73500', None] . Quit.....")
