('2014-12-20 09:48:08.030845', 'client 52451831 login 赖庆生 452426197609140074')
('2014-12-20 09:48:08.270789', 'client 52514164 login 周捷 310110196906214610')
('2014-12-20 09:48:10.015535', 'client 52373545 login 沈?婕 310105199010123225')
('2014-12-20 09:48:10.071861', 'client 52441055 login 王小华 310221197603026048')
('2014-12-20 09:48:12.016317', 'client 52385566 login 王汉亮 310108198903042013')
('2014-12-20 09:48:12.176040', 'client 52405841 login 徐旖炜 310115198608040959')
('2014-12-20 09:48:14.014709', 'client 52545368 login 张雪梅 342225198404227426')
('2014-12-20 09:48:14.279075', 'client 52593739 login 姜小嵩 310110197606176215')
('2014-12-20 10:34:10.128400', 'client 52451831 bid 0 image 5E9814A69573184E9189E7CC58DEBFDC 505062 ')
('2014-12-20 10:34:10.145555', 'client 52451831 bid 0 price 72600 赖庆生 452426197609140074')
('2014-12-20 10:34:11.340801', 'client 52405841 bid 0 image 450809A8674E6F0E2A0BF792CFF48473 452645 ')
('2014-12-20 10:34:11.357650', 'client 52405841 bid 0 price 72600 徐旖炜 310115198608040959')
('2014-12-20 10:34:14.092727', 'client 52514164 bid 0 image 05832AC879750BE718665F689A694E26 835252 ')
('2014-12-20 10:34:14.107053', 'client 52514164 bid 0 price 72600 周捷 310110196906214610')
('2014-12-20 10:34:14.468307', 'client 52373545 bid 0 image 176E6940D8F5320BA0C4D4824F29BDE3 051916 ')
('2014-12-20 10:34:15.311632', 'client 52385566 bid 0 image BC44CC7FB99714E5354B24A98544AF66 463506 ')
('2014-12-20 10:34:15.324410', 'client 52385566 bid 0 price 72600 王汉亮 310108198903042013')
('2014-12-20 10:34:16.472989', 'client 52373545 bid 0 price 72600 meet err_112 沈?婕 310105199010123225')
('2014-12-20 10:34:18.370251', 'client 52545368 bid 0 image 168B8B4DFA35034A59C05E9C8B77667C 481515 ')
('2014-12-20 10:34:18.386625', 'client 52545368 bid 0 price 72600 张雪梅 342225198404227426')
('2014-12-20 10:34:24.396302', 'client 52441055 bid 0 image 7FFBD69B580157A519FB3703B213BF15 494928 ')
('2014-12-20 10:34:24.411873', 'client 52441055 bid 0 price 72600 王小华 310221197603026048')
('2014-12-20 10:34:31.235806', 'client 52593739 bid 0 image 80FE9BE4C7B736FA6309C31A16DC4CC8 515260 ')
('2014-12-20 10:34:31.252521', 'client 52593739 bid 0 price 72600 姜小嵩 310110197606176215')
('2014-12-20 10:34:46.473431', 'client 52373545 bid 0 price Failed')
('2014-12-20 10:34:46.473611', 'client 52373545 bid 0 failed. Abort.....')
('2014-12-20 11:29:41.331782', 'client 52545368 bid 1 image 548128EB92A272F6807FAC22826FA182 051946 ')
('2014-12-20 11:29:41.394720', 'client 52451831 bid 1 image D19430262DAF107A769F56BAC9094390 618164 ')
('2014-12-20 11:29:41.600074', 'client 52405841 bid 1 image 8A02CFA03A20CC969E20A0292FFAC857 452946 ')
('2014-12-20 11:29:41.977790', 'client 52441055 bid 1 image 00D2C676ED76C31E173151F7E66953EE 818263 ')
('2014-12-20 11:29:42.085844', 'client 52593739 bid 1 image 86C00E0E5AC1CE2BDFB2C483B9A741F0 262529 ')
('2014-12-20 11:29:42.818731', 'client 52385566 bid 1 image BC7074741DF5F102D9D14E31B07BBEA9 082509 ')
('2014-12-20 11:29:42.908463', 'client 52514164 bid 1 image 2571442A4EBB22146F405488B7C8F0CA 818360 ')
('2014-12-20 11:29:45.394775', 'client 52373545 bid 1 image AA15088B625E57FD71849D9EC0D27EBB 506452 ')
('2014-12-20 11:29:46.764247', 'client 52405841 bid 1 price 73500 徐旖炜 310115198608040959')
('2014-12-20 11:29:46.766355', 'client 52545368 bid 1 price 73500 张雪梅 342225198404227426')
('2014-12-20 11:29:46.773375', 'client 52593739 bid 1 price 73500 姜小嵩 310110197606176215')
('2014-12-20 11:29:46.782194', 'client 52373545 bid 1 price 73500 沈?婕 310105199010123225')
('2014-12-20 11:29:46.832500', 'client 52514164 bid 1 price 73500 周捷 310110196906214610')
('2014-12-20 11:29:46.842165', 'client 52441055 bid 1 price 73500 王小华 310221197603026048')
('2014-12-20 11:29:46.844251', 'client 52385566 bid 1 price 73500 王汉亮 310108198903042013')
('2014-12-20 11:29:46.856020', 'client 52451831 bid 1 price 73500 赖庆生 452426197609140074')
('2014-12-20 11:29:56.372431', 'client 52385566 bid 2 image 534C641760404102647DC39506409AC9 361608 ')
('2014-12-20 11:29:56.382194', 'client 52373545 bid 2 image 06DFAE4217842D1953EF427F899DC82F 262909 ')
('2014-12-20 11:29:56.847240', 'client 52451831 bid 2 image 39B993E433976D24AB1512798BF80249 818263 ')
('2014-12-20 11:29:57.713885', 'client 52405841 bid 2 image 255FA49097997EE4633EC5F93517B678 161946 ')
('2014-12-20 11:29:57.826669', 'client 52514164 bid 2 image 820FE28EC25260FE516E71E7B262F7DE 364846 ')
('2014-12-20 11:29:57.871557', 'client 52441055 bid 2 image BA9E8F97AACBDD812A024479ADD9391F 252619 ')
('2014-12-20 11:29:58.050579', 'client 52373545 bid 2 price 73800 沈?婕 310105199010123225')
('2014-12-20 11:29:58.111927', 'client 52385566 bid 2 price 73800 王汉亮 310108198903042013')
('2014-12-20 11:29:58.482965', 'client 52451831 bid 2 price 73800 赖庆生 452426197609140074')
('2014-12-20 11:29:59.213578', 'client 52514164 bid 2 price 73800 周捷 310110196906214610')
('2014-12-20 11:29:59.320015', 'client 52441055 bid 2 price 73800 王小华 310221197603026048')
('2014-12-20 11:30:05.036884', 'client 52593739 bid 2 image Failed')
('2014-12-20 11:30:05.036973', 'client 52593739 bid 2 failed. Abort.....')
('2014-12-20 11:30:05.039475', 'client 52545368 bid 2 image Failed')
('2014-12-20 11:30:05.039561', 'client 52545368 bid 2 failed. Abort.....')
('2014-12-20 11:30:08.060845', "client 52373545 bids finished. price : [None, '73500', '73800'] . Quit.....")
('2014-12-20 11:30:08.122135', "client 52385566 bids finished. price : ['72600', '73500', '73800'] . Quit.....")
('2014-12-20 11:30:08.493220', "client 52451831 bids finished. price : ['72600', '73500', '73800'] . Quit.....")
('2014-12-20 11:30:09.223798', "client 52514164 bids finished. price : ['72600', '73500', '73800'] . Quit.....")
('2014-12-20 11:30:09.330265', "client 52441055 bids finished. price : ['72600', '73500', '73800'] . Quit.....")
('2014-12-20 11:30:11.723225', 'client 52405841 bid 2 price Failed')
('2014-12-20 11:30:11.723398', 'client 52405841 bid 2 failed. Abort.....')
('2014-12-20 11:30:15.047203', "client 52593739 bids finished. price : ['72600', '73500', None] . Quit.....")
('2014-12-20 11:30:15.047859', "client 52545368 bids finished. price : ['72600', '73500', None] . Quit.....")
('2014-12-20 11:30:21.733649', "client 52405841 bids finished. price : ['72600', '73500', None] . Quit.....")
