('2014-12-20 09:48:10.031487', 'client 52529440 login 郭枫婷 310110198510183722')
('2014-12-20 09:48:10.295940', 'client 52501228 login 周羚 31010619870522282x')
('2014-12-20 09:48:12.016633', 'client 52314198 login 许纪芳 31022919770413142x')
('2014-12-20 09:48:12.098802', 'client 52500420 login 方妮 310108198803252021')
('2014-12-20 09:48:14.015685', 'client 52509262 login 吴斌 310115198009041116')
('2014-12-20 09:48:14.204219', 'client 52570065 login 姜涛 500101197511090012')
('2014-12-20 09:48:16.016828', 'client 52468115 login 赵刚 310107196102192438')
('2014-12-20 09:48:16.307104', 'client 52583677 login 何洁冰 610402196910251200')
('2014-12-20 10:34:08.358097', 'client 52500420 bid 0 image 2F1D42895E678C055119B27970505FA1 250646 ')
('2014-12-20 10:34:08.374663', 'client 52500420 bid 0 price 72600 方妮 310108198803252021')
('2014-12-20 10:34:10.372057', 'client 52468115 bid 0 image 5336D66D61088749B7EC125C8204FE9B 261628 ')
('2014-12-20 10:34:10.400721', 'client 52468115 bid 0 price 72600 赵刚 310107196102192438')
('2014-12-20 10:34:10.941278', 'client 52583677 bid 0 image 4F5F7B21AB565647528BD3748FFAEA5B 081846 ')
('2014-12-20 10:34:10.988391', 'client 52583677 bid 0 price 72600 何洁冰 610402196910251200')
('2014-12-20 10:34:11.581400', 'client 52314198 bid 0 image 04D89C03CE070300B17E64EDE4BDA95E 093936 ')
('2014-12-20 10:34:11.597542', 'client 52314198 bid 0 price 72600 许纪芳 31022919770413142x')
('2014-12-20 10:34:12.491855', 'client 52570065 bid 0 image 1E469D95D51F6AEC4F99A457FC084E68 606183 ')
('2014-12-20 10:34:12.508463', 'client 52570065 bid 0 price 72600 姜涛 500101197511090012')
('2014-12-20 10:34:12.538163', 'client 52501228 bid 0 image 7BDE22364BFC5553ECB6C29374C2C159 364628 ')
('2014-12-20 10:34:12.553382', 'client 52501228 bid 0 price 72600 周羚 31010619870522282x')
('2014-12-20 10:34:17.922477', 'client 52529440 bid 0 image B08D45EB6ED5DCE3AEA2D08B6B7E2A40 608160 ')
('2014-12-20 10:34:17.936867', 'client 52529440 bid 0 price 72600 郭枫婷 310110198510183722')
('2014-12-20 10:34:27.602392', 'client 52509262 bid 0 image 31EBCCA319BBE958BAE0876B7ED06D97 450548 ')
('2014-12-20 10:34:27.617895', 'client 52509262 bid 0 price 72600 吴斌 310115198009041116')
('2014-12-20 11:29:50.886796', 'client 52501228 bid 1 image 70822C07C398F7800E3086D99C145342 262905 ')
('2014-12-20 11:29:51.438620', 'client 52509262 bid 1 image 8EA6F9F516B41188EF490A485BD5C083 925491 ')
('2014-12-20 11:29:51.474140', 'client 52583677 bid 1 image D31536954B58535B0422053A394715DC 360649 ')
('2014-12-20 11:29:52.161361', 'client 52529440 bid 1 image E53EBE299628D251C83A0830861822E5 383605 ')
('2014-12-20 11:29:52.272109', 'client 52500420 bid 1 image 07140D04F3EF8EE537A5C41B84D5F55C 150618 ')
('2014-12-20 11:29:52.289980', 'client 52314198 bid 1 image D01D5E01F5E4B43F8674480E7F0D615C 619391 ')
('2014-12-20 11:29:52.976973', 'client 52509262 bid 1 price 73600 吴斌 310115198009041116')
('2014-12-20 11:29:53.000382', 'client 52583677 bid 1 price 73600 何洁冰 610402196910251200')
('2014-12-20 11:29:53.213232', 'client 52529440 bid 1 price 73600 郭枫婷 310110198510183722')
('2014-12-20 11:29:53.684042', 'client 52501228 bid 1 price 73600 周羚 31010619870522282x')
('2014-12-20 11:29:55.107673', 'client 52570065 bid 1 image 416EF7AA1275E0A245092C76A315FEE8 260636 ')
('2014-12-20 11:29:56.167769', 'client 52468115 bid 1 image C77EE2527FFF730DE0B806860A069269 546150 ')
('2014-12-20 11:29:56.246433', 'client 52509262 bid 2 image 51B7D23B477585422E2BBBDBD7271D08 929061 ')
('2014-12-20 11:29:57.827893', 'client 52529440 bid 2 image 2A46819B9524CB4297229B5B5E42A893 535062 ')
('2014-12-20 11:29:57.942040', 'client 52500420 bid 1 price 73600 方妮 310108198803252021')
('2014-12-20 11:29:58.027591', 'client 52468115 bid 1 price 73600 赵刚 310107196102192438')
('2014-12-20 11:29:58.035457', 'client 52314198 bid 1 price 73600 许纪芳 31022919770413142x')
('2014-12-20 11:30:01.117173', 'client 52570065 bid 1 price Failed')
('2014-12-20 11:30:01.117385', 'client 52570065 bid 1 failed. Abort.....')
('2014-12-20 11:30:02.704318', 'client 52501228 bid 2 image Failed')
('2014-12-20 11:30:02.704438', 'client 52501228 bid 2 failed. Abort.....')
('2014-12-20 11:30:03.442871', 'client 52583677 bid 2 image Failed')
('2014-12-20 11:30:03.442986', 'client 52583677 bid 2 failed. Abort.....')
('2014-12-20 11:30:10.955377', "client 52500420 bids finished. price : ['72600', '73600', None] . Quit.....")
('2014-12-20 11:30:11.038854', "client 52468115 bids finished. price : ['72600', '73600', None] . Quit.....")
('2014-12-20 11:30:11.048722', "client 52314198 bids finished. price : ['72600', '73600', None] . Quit.....")
('2014-12-20 11:30:11.127645', "client 52570065 bids finished. price : ['72600', None, None] . Quit.....")
('2014-12-20 11:30:11.520050', 'client 52509262 bid 2 price Failed')
('2014-12-20 11:30:11.520211', 'client 52509262 bid 2 failed. Abort.....')
('2014-12-20 11:30:11.527244', 'client 52529440 bid 2 price Failed')
('2014-12-20 11:30:11.527390', 'client 52529440 bid 2 failed. Abort.....')
('2014-12-20 11:30:12.714718', "client 52501228 bids finished. price : ['72600', '73600', None] . Quit.....")
('2014-12-20 11:30:13.453291', "client 52583677 bids finished. price : ['72600', '73600', None] . Quit.....")
('2014-12-20 11:30:21.530470', "client 52509262 bids finished. price : ['72600', '73600', None] . Quit.....")
('2014-12-20 11:30:21.531256', "client 52529440 bids finished. price : ['72600', '73600', None] . Quit.....")
