('2014-12-20 10:34:10.630755', '\r\n\r\n\r\n\r\n\r\n\r\n\r\n\r\n\r\n\r\n<XML><ERRORCODE>311</ERRORCODE><ERRORSTRING>图像校验码错误！</ERRORSTRING><ERRORSTRING_EN>Image checksum error！</ERRORSTRING_EN></XML>')
('2014-12-20 10:34:10.630866', "client 52481265 bid 0 fd_price ack error {'errcode': '311', 'errstring': '图像校验码错误！'}")
('2014-12-20 10:34:11.799566', '\r\n\r\n\r\n\r\n\r\n\r\n\r\n\r\n\r\n\r\n<XML><ERRORCODE>311</ERRORCODE><ERRORSTRING>图像校验码错误！</ERRORSTRING><ERRORSTRING_EN>Image checksum error！</ERRORSTRING_EN></XML>')
('2014-12-20 10:34:11.799675', "client 52496901 bid 0 fd_price ack error {'errcode': '311', 'errstring': '图像校验码错误！'}")
('2014-12-20 10:34:11.802427', '\r\n\r\n\r\n\r\n\r\n\r\n\r\n\r\n\r\n\r\n<XML><ERRORCODE>311</ERRORCODE><ERRORSTRING>图像校验码错误！</ERRORSTRING><ERRORSTRING_EN>Image checksum error！</ERRORSTRING_EN></XML>')
('2014-12-20 10:34:11.802536', "client 52457102 bid 0 fd_price ack error {'errcode': '311', 'errstring': '图像校验码错误！'}")
('2014-12-20 10:34:11.808322', '\r\n\r\n\r\n\r\n\r\n\r\n\r\n\r\n\r\n\r\n<XML><ERRORCODE>311</ERRORCODE><ERRORSTRING>图像校验码错误！</ERRORSTRING><ERRORSTRING_EN>Image checksum error！</ERRORSTRING_EN></XML>')
('2014-12-20 10:34:11.808429', "client 52457102 bid 0 fd_price ack error {'errcode': '311', 'errstring': '图像校验码错误！'}")
('2014-12-20 10:34:12.838166', '\r\n\r\n\r\n\r\n\r\n\r\n\r\n\r\n\r\n\r\n<XML><ERRORCODE>311</ERRORCODE><ERRORSTRING>图像校验码错误！</ERRORSTRING><ERRORSTRING_EN>Image checksum error！</ERRORSTRING_EN></XML>')
('2014-12-20 10:34:12.838278', "client 52531999 bid 0 fd_price ack error {'errcode': '311', 'errstring': '图像校验码错误！'}")
('2014-12-20 10:34:19.529945', '\r\n\r\n\r\n\r\n\r\n\r\n\r\n\r\n\r\n\r\n<XML><ERRORCODE>311</ERRORCODE><ERRORSTRING>图像校验码错误！</ERRORSTRING><ERRORSTRING_EN>Image checksum error！</ERRORSTRING_EN></XML>')
('2014-12-20 10:34:19.530062', "client 52495562 bid 0 fd_price ack error {'errcode': '311', 'errstring': '图像校验码错误！'}")
('2014-12-20 10:34:21.733309', '\r\n\r\n\r\n\r\n\r\n\r\n\r\n\r\n\r\n\r\n<XML><ERRORCODE>311</ERRORCODE><ERRORSTRING>图像校验码错误！</ERRORSTRING><ERRORSTRING_EN>Image checksum error！</ERRORSTRING_EN></XML>')
('2014-12-20 10:34:21.733419', "client 52544379 bid 0 fd_price ack error {'errcode': '311', 'errstring': '图像校验码错误！'}")
('2014-12-20 10:34:21.745354', '\r\n\r\n\r\n\r\n\r\n\r\n\r\n\r\n\r\n\r\n<XML><ERRORCODE>311</ERRORCODE><ERRORSTRING>图像校验码错误！</ERRORSTRING><ERRORSTRING_EN>Image checksum error！</ERRORSTRING_EN></XML>')
('2014-12-20 10:34:21.745462', "client 52521961 bid 0 fd_price ack error {'errcode': '311', 'errstring': '图像校验码错误！'}")
('2014-12-20 10:34:21.752907', '\r\n\r\n\r\n\r\n\r\n\r\n\r\n\r\n\r\n\r\n<XML><ERRORCODE>311</ERRORCODE><ERRORSTRING>图像校验码错误！</ERRORSTRING><ERRORSTRING_EN>Image checksum error！</ERRORSTRING_EN></XML>')
('2014-12-20 10:34:21.753014', "client 52461057 bid 0 fd_price ack error {'errcode': '311', 'errstring': '图像校验码错误！'}")
('2014-12-20 10:35:09.607141', '\r\n\r\n\r\n\r\n\r\n\r\n\r\n\r\n\r\n\r\n<XML><ERRORCODE>311</ERRORCODE><ERRORSTRING>图像校验码错误！</ERRORSTRING><ERRORSTRING_EN>Image checksum error！</ERRORSTRING_EN></XML>')
('2014-12-20 10:35:09.607250', "client 52457102 bid 0 fd_price ack error {'errcode': '311', 'errstring': '图像校验码错误！'}")
('2014-12-20 11:29:46.785631', '\r\n\r\n\r\n\r\n\r\n\r\n\r\n\r\n\r\n\r\n<XML><ERRORCODE>311</ERRORCODE><ERRORSTRING>图像校验码错误！</ERRORSTRING><ERRORSTRING_EN>Image checksum error！</ERRORSTRING_EN></XML>')
('2014-12-20 11:29:46.785736', "client 52457102 bid 1 fd_price ack error {'errcode': '311', 'errstring': '图像校验码错误！'}")
('2014-12-20 11:29:46.826850', '\r\n\r\n\r\n\r\n\r\n\r\n\r\n\r\n\r\n\r\n<XML><ERRORCODE>311</ERRORCODE><ERRORSTRING>图像校验码错误！</ERRORSTRING><ERRORSTRING_EN>Image checksum error！</ERRORSTRING_EN></XML>')
('2014-12-20 11:29:46.826956', "client 52461057 bid 1 fd_price ack error {'errcode': '311', 'errstring': '图像校验码错误！'}")
('2014-12-20 11:29:46.880188', '\r\n\r\n\r\n\r\n\r\n\r\n\r\n\r\n\r\n\r\n<XML><ERRORCODE>311</ERRORCODE><ERRORSTRING>图像校验码错误！</ERRORSTRING><ERRORSTRING_EN>Image checksum error！</ERRORSTRING_EN></XML>')
('2014-12-20 11:29:46.880294', "client 52495562 bid 1 fd_price ack error {'errcode': '311', 'errstring': '图像校验码错误！'}")
('2014-12-20 11:29:48.262960', '\r\n\r\n\r\n\r\n\r\n\r\n\r\n\r\n\r\n\r\n<XML><ERRORCODE>311</ERRORCODE><ERRORSTRING>图像校验码错误！</ERRORSTRING><ERRORSTRING_EN>Image checksum error！</ERRORSTRING_EN></XML>')
('2014-12-20 11:29:48.263071', "client 52521961 bid 1 fd_price ack error {'errcode': '311', 'errstring': '图像校验码错误！'}")
('2014-12-20 11:29:48.292409', '\r\n\r\n\r\n\r\n\r\n\r\n\r\n\r\n\r\n\r\n<XML><ERRORCODE>311</ERRORCODE><ERRORSTRING>图像校验码错误！</ERRORSTRING><ERRORSTRING_EN>Image checksum error！</ERRORSTRING_EN></XML>')
('2014-12-20 11:29:48.292515', "client 52544379 bid 1 fd_price ack error {'errcode': '311', 'errstring': '图像校验码错误！'}")
('2014-12-20 11:29:51.316948', '\r\n\r\n\r\n\r\n\r\n\r\n\r\n\r\n\r\n\r\n<XML><ERRORCODE>311</ERRORCODE><ERRORSTRING>图像校验码错误！</ERRORSTRING><ERRORSTRING_EN>Image checksum error！</ERRORSTRING_EN></XML>')
('2014-12-20 11:29:51.317059', "client 52481265 bid 1 fd_price ack error {'errcode': '311', 'errstring': '图像校验码错误！'}")
('2014-12-20 11:29:54.007754', 'client 52461057 bid 2 fd_price status 503')
('2014-12-20 11:29:54.009275', 'client 52496901 bid 2 fd_price status 503')
('2014-12-20 11:29:54.010295', 'client 52495562 bid 2 fd_price status 503')
('2014-12-20 11:29:54.016106', 'client 52531999 bid 2 fd_price status 503')
('2014-12-20 11:29:54.017661', 'client 52521961 bid 2 fd_price status 503')
('2014-12-20 11:29:54.019382', 'client 52544379 bid 2 fd_price status 503')
('2014-12-20 11:29:54.024477', 'client 52481265 bid 2 fd_price status 503')
('2014-12-20 11:29:56.044798', 'client 52461057 bid 2 fd_price status 503')
('2014-12-20 11:29:57.453608', 'client 52496901 bid 2 fd_price status 503')
('2014-12-20 11:30:06.881100', '\r\n\r\n\r\n\r\n\r\n\r\n\r\n\r\n\r\n\r\n<XML><ERRORCODE>311</ERRORCODE><ERRORSTRING>图像校验码错误！</ERRORSTRING><ERRORSTRING_EN>Image checksum error！</ERRORSTRING_EN></XML>')
('2014-12-20 11:30:06.881270', "client 52495562 bid 2 fd_price ack error {'errcode': '311', 'errstring': '图像校验码错误！'}")
('2014-12-20 11:30:06.897520', '\r\n\r\n\r\n\r\n\r\n\r\n\r\n\r\n\r\n\r\n<XML><ERRORCODE>311</ERRORCODE><ERRORSTRING>图像校验码错误！</ERRORSTRING><ERRORSTRING_EN>Image checksum error！</ERRORSTRING_EN></XML>')
('2014-12-20 11:30:06.897726', "client 52531999 bid 2 fd_price ack error {'errcode': '311', 'errstring': '图像校验码错误！'}")
('2014-12-20 11:30:06.908831', '\r\n\r\n\r\n\r\n\r\n\r\n\r\n\r\n\r\n\r\n<XML><ERRORCODE>110</ERRORCODE><ERRORSTRING>没有正在举行的拍卖会，请注意拍卖公告！</ERRORSTRING><ERRORSTRING_EN>Auction is not begin!</ERRORSTRING_EN></XML>\r\n')
('2014-12-20 11:30:06.908938', "client 52496901 bid 2 fd_price ack error {'errcode': '110', 'errstring': '没有正在举行的拍卖会，请注意拍卖公告！'}")
('2014-12-20 11:30:12.512502', '\r\n\r\n\r\n\r\n\r\n\r\n\r\n\r\n\r\n\r\n<XML><ERRORCODE>311</ERRORCODE><ERRORSTRING>图像校验码错误！</ERRORSTRING><ERRORSTRING_EN>Image checksum error！</ERRORSTRING_EN></XML>')
('2014-12-20 11:30:12.512612', "client 52531999 bid 1 fd_price ack error {'errcode': '311', 'errstring': '图像校验码错误！'}")
('2014-12-20 11:30:12.515536', '\r\n\r\n\r\n\r\n\r\n\r\n\r\n\r\n\r\n\r\n<XML><ERRORCODE>311</ERRORCODE><ERRORSTRING>图像校验码错误！</ERRORSTRING><ERRORSTRING_EN>Image checksum error！</ERRORSTRING_EN></XML>')
('2014-12-20 11:30:12.515642', "client 52496901 bid 1 fd_price ack error {'errcode': '311', 'errstring': '图像校验码错误！'}")
('2014-12-20 11:30:20.144043', '\r\n\r\n\r\n\r\n\r\n\r\n\r\n\r\n\r\n\r\n<XML><ERRORCODE>311</ERRORCODE><ERRORSTRING>图像校验码错误！</ERRORSTRING><ERRORSTRING_EN>Image checksum error！</ERRORSTRING_EN></XML>')
('2014-12-20 11:30:20.144178', "client 52481265 bid 2 fd_price ack error {'errcode': '311', 'errstring': '图像校验码错误！'}")
('2014-12-20 11:30:20.146033', '\r\n\r\n\r\n\r\n\r\n\r\n\r\n\r\n\r\n\r\n<XML><ERRORCODE>311</ERRORCODE><ERRORSTRING>图像校验码错误！</ERRORSTRING><ERRORSTRING_EN>Image checksum error！</ERRORSTRING_EN></XML>')
('2014-12-20 11:30:20.146146', "client 52521961 bid 2 fd_price ack error {'errcode': '311', 'errstring': '图像校验码错误！'}")
('2014-12-20 11:30:20.148853', '\r\n\r\n\r\n\r\n\r\n\r\n\r\n\r\n\r\n\r\n<XML><ERRORCODE>311</ERRORCODE><ERRORSTRING>图像校验码错误！</ERRORSTRING><ERRORSTRING_EN>Image checksum error！</ERRORSTRING_EN></XML>')
('2014-12-20 11:30:20.148958', "client 52457102 bid 2 fd_price ack error {'errcode': '311', 'errstring': '图像校验码错误！'}")
('2014-12-20 11:30:46.149235', '\r\n\r\n\r\n\r\n\r\n\r\n\r\n\r\n\r\n\r\n<XML><ERRORCODE>110</ERRORCODE><ERRORSTRING>没有正在举行的拍卖会，请注意拍卖公告！</ERRORSTRING><ERRORSTRING_EN>Auction is not begin!</ERRORSTRING_EN></XML>\r\n')
('2014-12-20 11:30:46.149347', "client 52461057 bid 2 fd_price ack error {'errcode': '110', 'errstring': '没有正在举行的拍卖会，请注意拍卖公告！'}")
