('2014-09-20 09:26:40.920696', 'redis reader connect succeed')
('2014-09-20 09:26:40.920882', 'redis writer connect succeed')
('2014-09-20 09:26:40.956866', 'redis timer connect succeed')
('2014-09-20 09:26:40.980820', 'worker [2] started')
('2014-09-20 09:26:40.980903', 'client 12 initted')
('2014-09-20 09:26:41.012428', 'fd_channel : login[0] 0 login[1] 1 , tb0[0] 0 tb0[1] 0 , tb1[0] 0 tb1[1] 0')
('2014-09-20 09:26:41.474067', 'fd_channel : login[0] 0 login[1] 0 , tb0[0] 0 tb0[1] 0 , tb1[0] 0 tb1[1] 0')
('2014-09-20 09:26:42.012624', 'fd_channel : login[0] 0 login[1] 1 , tb0[0] 0 tb0[1] 0 , tb1[0] 0 tb1[1] 0')
('2014-09-20 09:26:42.476177', 'fd_channel : login[0] 0 login[1] 0 , tb0[0] 0 tb0[1] 0 , tb1[0] 0 tb1[1] 0')
('2014-09-20 09:26:43.012421', 'fd_channel : login[0] 0 login[1] 1 , tb0[0] 0 tb0[1] 0 , tb1[0] 0 tb1[1] 0')
('2014-09-20 09:26:43.478209', 'fd_channel : login[0] 0 login[1] 0 , tb0[0] 0 tb0[1] 0 , tb1[0] 0 tb1[1] 0')
('2014-09-20 09:26:44.009720', 'fd_channel : login[0] 0 login[1] 1 , tb0[0] 0 tb0[1] 0 , tb1[0] 0 tb1[1] 0')
('2014-09-20 09:26:44.480102', 'fd_channel : login[0] 0 login[1] 0 , tb0[0] 0 tb0[1] 0 , tb1[0] 0 tb1[1] 0')
('2014-09-20 09:26:45.011437', 'fd_channel : login[0] 0 login[1] 1 , tb0[0] 0 tb0[1] 0 , tb1[0] 0 tb1[1] 0')
('2014-09-20 09:26:45.482406', 'fd_channel : login[0] 0 login[1] 0 , tb0[0] 0 tb0[1] 0 , tb1[0] 0 tb1[1] 0')
('2014-09-20 09:26:46.012024', 'fd_channel : login[0] 0 login[1] 1 , tb0[0] 0 tb0[1] 0 , tb1[0] 0 tb1[1] 0')
('2014-09-20 09:26:46.484132', 'fd_channel : login[0] 0 login[1] 0 , tb0[0] 0 tb0[1] 0 , tb1[0] 0 tb1[1] 0')
('2014-09-20 10:32:32.225522', 'fd_channel : login[0] 0 login[1] 0 , tb0[0] 44 tb0[1] 45 , tb1[0] 0 tb1[1] 0')
('2014-09-20 10:32:32.226360', 'fd_channel : login[0] 0 login[1] 0 , tb0[0] 44 tb0[1] 44 , tb1[0] 0 tb1[1] 0')
('2014-09-20 10:32:32.227138', 'fd_channel : login[0] 0 login[1] 0 , tb0[0] 43 tb0[1] 44 , tb1[0] 0 tb1[1] 0')
('2014-09-20 10:32:32.227758', 'fd_channel : login[0] 0 login[1] 0 , tb0[0] 43 tb0[1] 43 , tb1[0] 0 tb1[1] 0')
('2014-09-20 10:32:32.228499', 'fd_channel : login[0] 0 login[1] 0 , tb0[0] 42 tb0[1] 43 , tb1[0] 0 tb1[1] 0')
('2014-09-20 10:32:32.229192', 'fd_channel : login[0] 0 login[1] 0 , tb0[0] 42 tb0[1] 42 , tb1[0] 0 tb1[1] 0')
('2014-09-20 10:32:32.229868', 'fd_channel : login[0] 0 login[1] 0 , tb0[0] 41 tb0[1] 42 , tb1[0] 0 tb1[1] 0')
('2014-09-20 10:32:32.230665', 'fd_channel : login[0] 0 login[1] 0 , tb0[0] 41 tb0[1] 41 , tb1[0] 0 tb1[1] 0')
('2014-09-20 10:32:32.231144', 'fd_channel : login[0] 0 login[1] 0 , tb0[0] 40 tb0[1] 41 , tb1[0] 0 tb1[1] 0')
('2014-09-20 10:32:32.232217', 'fd_channel : login[0] 0 login[1] 0 , tb0[0] 40 tb0[1] 40 , tb1[0] 0 tb1[1] 0')
('2014-09-20 10:32:32.232872', 'fd_channel : login[0] 0 login[1] 0 , tb0[0] 39 tb0[1] 40 , tb1[0] 0 tb1[1] 0')
('2014-09-20 10:32:32.233711', 'fd_channel : login[0] 0 login[1] 0 , tb0[0] 39 tb0[1] 39 , tb1[0] 0 tb1[1] 0')
('2014-09-20 10:32:37.136918', 'fd_channel : login[0] 0 login[1] 0 , tb0[0] 40 tb0[1] 41 , tb1[0] 0 tb1[1] 0')
('2014-09-20 10:32:37.138226', 'fd_channel : login[0] 0 login[1] 0 , tb0[0] 40 tb0[1] 40 , tb1[0] 0 tb1[1] 0')
('2014-09-20 10:32:37.546650', 'fd_channel : login[0] 0 login[1] 0 , tb0[0] 39 tb0[1] 40 , tb1[0] 0 tb1[1] 0')
('2014-09-20 10:32:37.548053', 'fd_channel : login[0] 0 login[1] 0 , tb0[0] 39 tb0[1] 39 , tb1[0] 0 tb1[1] 0')
('2014-09-20 10:32:38.239677', 'fd_channel : login[0] 0 login[1] 0 , tb0[0] 39 tb0[1] 40 , tb1[0] 0 tb1[1] 0')
('2014-09-20 10:32:38.241289', 'fd_channel : login[0] 0 login[1] 0 , tb0[0] 39 tb0[1] 39 , tb1[0] 0 tb1[1] 0')
('2014-09-20 10:32:38.612029', 'fd_channel : login[0] 0 login[1] 0 , tb0[0] 38 tb0[1] 39 , tb1[0] 0 tb1[1] 0')
('2014-09-20 10:32:38.614015', 'fd_channel : login[0] 0 login[1] 0 , tb0[0] 38 tb0[1] 38 , tb1[0] 0 tb1[1] 0')
('2014-09-20 10:32:38.753296', 'fd_channel : login[0] 0 login[1] 0 , tb0[0] 37 tb0[1] 38 , tb1[0] 0 tb1[1] 0')
('2014-09-20 10:32:38.754084', 'fd_channel : login[0] 0 login[1] 0 , tb0[0] 37 tb0[1] 37 , tb1[0] 0 tb1[1] 0')
('2014-09-20 10:32:38.755263', 'fd_channel : login[0] 0 login[1] 0 , tb0[0] 36 tb0[1] 37 , tb1[0] 0 tb1[1] 0')
('2014-09-20 10:32:38.756014', 'fd_channel : login[0] 0 login[1] 0 , tb0[0] 36 tb0[1] 36 , tb1[0] 0 tb1[1] 0')
('2014-09-20 10:32:39.181154', 'fd_channel : login[0] 0 login[1] 0 , tb0[0] 35 tb0[1] 36 , tb1[0] 0 tb1[1] 0')
('2014-09-20 10:32:39.181674', 'fd_channel : login[0] 0 login[1] 0 , tb0[0] 35 tb0[1] 35 , tb1[0] 0 tb1[1] 0')
('2014-09-20 10:32:39.275563', 'fd_channel : login[0] 0 login[1] 0 , tb0[0] 34 tb0[1] 35 , tb1[0] 0 tb1[1] 0')
('2014-09-20 10:32:39.276095', 'fd_channel : login[0] 0 login[1] 0 , tb0[0] 34 tb0[1] 34 , tb1[0] 0 tb1[1] 0')
('2014-09-20 10:32:40.848753', 'fd_channel : login[0] 0 login[1] 0 , tb0[0] 34 tb0[1] 35 , tb1[0] 0 tb1[1] 0')
('2014-09-20 10:32:40.849827', 'fd_channel : login[0] 0 login[1] 0 , tb0[0] 34 tb0[1] 34 , tb1[0] 0 tb1[1] 0')
('2014-09-20 10:32:41.044592', 'fd_channel : login[0] 0 login[1] 0 , tb0[0] 33 tb0[1] 34 , tb1[0] 0 tb1[1] 0')
('2014-09-20 10:32:41.046296', 'fd_channel : login[0] 0 login[1] 0 , tb0[0] 33 tb0[1] 33 , tb1[0] 0 tb1[1] 0')
('2014-09-20 10:32:41.049235', 'fd_channel : login[0] 0 login[1] 0 , tb0[0] 32 tb0[1] 33 , tb1[0] 0 tb1[1] 0')
('2014-09-20 10:32:41.050543', 'fd_channel : login[0] 0 login[1] 0 , tb0[0] 31 tb0[1] 33 , tb1[0] 0 tb1[1] 0')
('2014-09-20 10:32:41.052525', 'fd_channel : login[0] 0 login[1] 0 , tb0[0] 31 tb0[1] 32 , tb1[0] 0 tb1[1] 0')
('2014-09-20 10:32:41.054363', 'fd_channel : login[0] 0 login[1] 0 , tb0[0] 31 tb0[1] 31 , tb1[0] 0 tb1[1] 0')
('2014-09-20 10:32:42.185526', 'fd_channel : login[0] 0 login[1] 0 , tb0[0] 31 tb0[1] 32 , tb1[0] 0 tb1[1] 0')
('2014-09-20 10:32:42.186112', 'fd_channel : login[0] 0 login[1] 0 , tb0[0] 31 tb0[1] 31 , tb1[0] 0 tb1[1] 0')
('2014-09-20 11:29:36.833731', 'fd_channel : login[0] 0 login[1] 0 , tb0[0] 40 tb0[1] 40 , tb1[0] 44 tb1[1] 46')
('2014-09-20 11:29:36.835469', 'fd_channel : login[0] 0 login[1] 0 , tb0[0] 40 tb0[1] 40 , tb1[0] 44 tb1[1] 45')
('2014-09-20 11:29:36.836617', 'fd_channel : login[0] 0 login[1] 0 , tb0[0] 40 tb0[1] 40 , tb1[0] 44 tb1[1] 44')
('2014-09-20 11:29:36.837677', 'fd_channel : login[0] 0 login[1] 0 , tb0[0] 40 tb0[1] 40 , tb1[0] 43 tb1[1] 44')
('2014-09-20 11:29:36.838878', 'fd_channel : login[0] 0 login[1] 0 , tb0[0] 40 tb0[1] 40 , tb1[0] 43 tb1[1] 43')
('2014-09-20 11:29:36.840066', 'fd_channel : login[0] 0 login[1] 0 , tb0[0] 40 tb0[1] 40 , tb1[0] 42 tb1[1] 43')
('2014-09-20 11:29:36.842143', 'fd_channel : login[0] 0 login[1] 0 , tb0[0] 40 tb0[1] 40 , tb1[0] 42 tb1[1] 42')
('2014-09-20 11:29:36.842679', 'fd_channel : login[0] 0 login[1] 0 , tb0[0] 40 tb0[1] 40 , tb1[0] 41 tb1[1] 42')
('2014-09-20 11:29:36.843421', 'fd_channel : login[0] 0 login[1] 0 , tb0[0] 40 tb0[1] 40 , tb1[0] 41 tb1[1] 41')
('2014-09-20 11:29:36.843927', 'fd_channel : login[0] 0 login[1] 0 , tb0[0] 40 tb0[1] 40 , tb1[0] 40 tb1[1] 41')
('2014-09-20 11:29:36.844634', 'fd_channel : login[0] 0 login[1] 0 , tb0[0] 40 tb0[1] 40 , tb1[0] 40 tb1[1] 40')
('2014-09-20 11:29:36.846013', 'fd_channel : login[0] 0 login[1] 0 , tb0[0] 40 tb0[1] 40 , tb1[0] 39 tb1[1] 40')
('2014-09-20 11:29:44.835453', 'fd_channel : login[0] 0 login[1] 0 , tb0[0] 40 tb0[1] 40 , tb1[0] 40 tb1[1] 43')
('2014-09-20 11:29:44.836558', 'fd_channel : login[0] 0 login[1] 0 , tb0[0] 40 tb0[1] 40 , tb1[0] 39 tb1[1] 43')
('2014-09-20 11:29:44.837966', 'fd_channel : login[0] 0 login[1] 0 , tb0[0] 40 tb0[1] 40 , tb1[0] 38 tb1[1] 43')
('2014-09-20 11:29:44.838414', 'fd_channel : login[0] 0 login[1] 0 , tb0[0] 40 tb0[1] 40 , tb1[0] 37 tb1[1] 43')
('2014-09-20 11:29:44.838917', 'fd_channel : login[0] 0 login[1] 0 , tb0[0] 40 tb0[1] 40 , tb1[0] 37 tb1[1] 42')
('2014-09-20 11:29:44.839355', 'fd_channel : login[0] 0 login[1] 0 , tb0[0] 40 tb0[1] 40 , tb1[0] 36 tb1[1] 42')
('2014-09-20 11:29:44.839963', 'fd_channel : login[0] 0 login[1] 0 , tb0[0] 40 tb0[1] 40 , tb1[0] 35 tb1[1] 42')
('2014-09-20 11:29:44.840566', 'fd_channel : login[0] 0 login[1] 0 , tb0[0] 40 tb0[1] 40 , tb1[0] 35 tb1[1] 41')
('2014-09-20 11:29:44.841417', 'fd_channel : login[0] 0 login[1] 0 , tb0[0] 40 tb0[1] 40 , tb1[0] 35 tb1[1] 40')
('2014-09-20 11:29:44.842019', 'fd_channel : login[0] 0 login[1] 0 , tb0[0] 40 tb0[1] 40 , tb1[0] 35 tb1[1] 39')
('2014-09-20 11:29:44.842592', 'fd_channel : login[0] 0 login[1] 0 , tb0[0] 40 tb0[1] 40 , tb1[0] 34 tb1[1] 39')
('2014-09-20 11:29:44.843441', 'fd_channel : login[0] 0 login[1] 0 , tb0[0] 40 tb0[1] 40 , tb1[0] 34 tb1[1] 38')
('2014-09-20 11:29:44.844049', 'fd_channel : login[0] 0 login[1] 0 , tb0[0] 40 tb0[1] 40 , tb1[0] 34 tb1[1] 37')
('2014-09-20 11:29:44.844510', 'fd_channel : login[0] 0 login[1] 0 , tb0[0] 40 tb0[1] 40 , tb1[0] 34 tb1[1] 36')
('2014-09-20 11:29:46.533759', 'fd_channel : login[0] 0 login[1] 0 , tb0[0] 40 tb0[1] 40 , tb1[0] 34 tb1[1] 36')
('2014-09-20 11:29:46.536430', 'fd_channel : login[0] 0 login[1] 0 , tb0[0] 40 tb0[1] 40 , tb1[0] 34 tb1[1] 35')
('2014-09-20 11:29:46.538947', 'fd_channel : login[0] 0 login[1] 0 , tb0[0] 40 tb0[1] 40 , tb1[0] 33 tb1[1] 35')
('2014-09-20 11:29:46.541443', 'fd_channel : login[0] 0 login[1] 0 , tb0[0] 40 tb0[1] 40 , tb1[0] 32 tb1[1] 35')
('2014-09-20 11:29:46.542277', 'fd_channel : login[0] 0 login[1] 0 , tb0[0] 40 tb0[1] 40 , tb1[0] 31 tb1[1] 35')
('2014-09-20 11:29:46.543020', 'fd_channel : login[0] 0 login[1] 0 , tb0[0] 40 tb0[1] 40 , tb1[0] 31 tb1[1] 34')
('2014-09-20 11:29:46.543545', 'fd_channel : login[0] 0 login[1] 0 , tb0[0] 40 tb0[1] 40 , tb1[0] 31 tb1[1] 33')
('2014-09-20 11:29:46.543923', 'fd_channel : login[0] 0 login[1] 0 , tb0[0] 40 tb0[1] 40 , tb1[0] 31 tb1[1] 32')
('2014-09-20 11:29:49.548296', 'fd_channel : login[0] 0 login[1] 0 , tb0[0] 40 tb0[1] 40 , tb1[0] 30 tb1[1] 32')
('2014-09-20 11:29:49.549540', 'fd_channel : login[0] 0 login[1] 0 , tb0[0] 40 tb0[1] 40 , tb1[0] 29 tb1[1] 32')
('2014-09-20 11:29:49.551378', 'fd_channel : login[0] 0 login[1] 0 , tb0[0] 40 tb0[1] 40 , tb1[0] 29 tb1[1] 31')
('2014-09-20 11:29:49.552904', 'fd_channel : login[0] 0 login[1] 0 , tb0[0] 40 tb0[1] 40 , tb1[0] 29 tb1[1] 30')
('2014-09-20 11:29:51.602866', 'fd_channel : login[0] 0 login[1] 0 , tb0[0] 40 tb0[1] 40 , tb1[0] 28 tb1[1] 30')
('2014-09-20 11:29:51.603700', 'fd_channel : login[0] 0 login[1] 0 , tb0[0] 40 tb0[1] 40 , tb1[0] 28 tb1[1] 29')
('2014-09-20 11:30:00.808788', 'worker [2] stopping')
